[2024-11-19T22:25:04.167+0000] {local_task_job_runner.py:123} INFO - ::group::Pre task execution logs
[2024-11-19T22:25:04.176+0000] {taskinstance.py:2613} INFO - Dependencies all met for dep_context=non-requeueable deps ti=<TaskInstance: weather_dag.is_weather_api_ready manual__2024-11-19T22:24:58.994080+00:00 [queued]>
[2024-11-19T22:25:04.181+0000] {taskinstance.py:2613} INFO - Dependencies all met for dep_context=requeueable deps ti=<TaskInstance: weather_dag.is_weather_api_ready manual__2024-11-19T22:24:58.994080+00:00 [queued]>
[2024-11-19T22:25:04.181+0000] {taskinstance.py:2866} INFO - Starting attempt 1 of 3
[2024-11-19T22:25:04.196+0000] {taskinstance.py:2889} INFO - Executing <Task(HttpSensor): is_weather_api_ready> on 2024-11-19 22:24:58.994080+00:00
[2024-11-19T22:25:04.200+0000] {standard_task_runner.py:72} INFO - Started process 23609 to run task
[2024-11-19T22:25:04.206+0000] {standard_task_runner.py:104} INFO - Running: ['airflow', 'tasks', 'run', 'weather_dag', 'is_weather_api_ready', 'manual__2024-11-19T22:24:58.994080+00:00', '--job-id', '5', '--raw', '--subdir', 'DAGS_FOLDER/weather_dag.py', '--cfg-path', '/tmp/tmp6r01avfk']
[2024-11-19T22:25:04.207+0000] {standard_task_runner.py:105} INFO - Job 5: Subtask is_weather_api_ready
[2024-11-19T22:25:04.260+0000] {task_command.py:467} INFO - Running <TaskInstance: weather_dag.is_weather_api_ready manual__2024-11-19T22:24:58.994080+00:00 [running]> on host ip-172-31-82-42.ec2.internal
[2024-11-19T22:25:04.318+0000] {taskinstance.py:3132} INFO - Exporting env vars: AIRFLOW_CTX_DAG_OWNER='airflow' AIRFLOW_CTX_DAG_ID='weather_dag' AIRFLOW_CTX_TASK_ID='is_weather_api_ready' AIRFLOW_CTX_EXECUTION_DATE='2024-11-19T22:24:58.994080+00:00' AIRFLOW_CTX_TRY_NUMBER='1' AIRFLOW_CTX_DAG_RUN_ID='manual__2024-11-19T22:24:58.994080+00:00'
[2024-11-19T22:25:04.319+0000] {logging_mixin.py:190} INFO - Task instance is in running state
[2024-11-19T22:25:04.319+0000] {logging_mixin.py:190} INFO -  Previous state of the Task instance: queued
[2024-11-19T22:25:04.319+0000] {logging_mixin.py:190} INFO - Current task name:is_weather_api_ready state:running start_date:2024-11-19 22:25:04.176439+00:00
[2024-11-19T22:25:04.319+0000] {logging_mixin.py:190} INFO - Dag name:weather_dag and current dag run status:running
[2024-11-19T22:25:04.320+0000] {taskinstance.py:731} INFO - ::endgroup::
[2024-11-19T22:25:04.320+0000] {baseoperator.py:416} WARNING - HttpSensor.execute cannot be called outside TaskInstance!
[2024-11-19T22:25:04.320+0000] {http.py:139} INFO - Poking: /data/2.5/weather?q=New York&APPID=abcae50dec91aea207ba19f9ebccd7c7
[2024-11-19T22:25:04.325+0000] {base.py:84} INFO - Retrieving connection 'weathermap_api'
[2024-11-19T22:25:04.363+0000] {base.py:336} INFO - Success criteria met. Exiting.
[2024-11-19T22:25:04.367+0000] {taskinstance.py:340} INFO - ::group::Post task execution logs
[2024-11-19T22:25:04.368+0000] {taskinstance.py:352} INFO - Marking task as SUCCESS. dag_id=weather_dag, task_id=is_weather_api_ready, run_id=manual__2024-11-19T22:24:58.994080+00:00, execution_date=20241119T222458, start_date=20241119T222504, end_date=20241119T222504
[2024-11-19T22:25:04.379+0000] {logging_mixin.py:190} INFO - Task instance in success state
[2024-11-19T22:25:04.379+0000] {logging_mixin.py:190} INFO -  Previous state of the Task instance: running
[2024-11-19T22:25:04.379+0000] {logging_mixin.py:190} INFO - Dag name:weather_dag queued_at:2024-11-19 22:24:59.013098+00:00
[2024-11-19T22:25:04.379+0000] {logging_mixin.py:190} INFO - Task hostname:ip-172-31-82-42.ec2.internal operator:HttpSensor
[2024-11-19T22:25:04.422+0000] {local_task_job_runner.py:266} INFO - Task exited with return code 0
[2024-11-19T22:25:04.433+0000] {taskinstance.py:3895} INFO - 0 downstream tasks scheduled from follow-on schedule check
[2024-11-19T22:25:04.434+0000] {local_task_job_runner.py:245} INFO - ::endgroup::
