2024-11-20 00:16:09.358 [info] Extension host with pid 1965 started
2024-11-20 00:16:09.513 [info] ExtensionService#_doActivateExtension vscode.emmet, startup: false, activationEvent: 'onLanguage'
2024-11-20 00:16:09.518 [info] ExtensionService#_doActivateExtension vscode.git-base, startup: false, activationEvent: '*', root cause: vscode.git
2024-11-20 00:16:09.703 [info] Lock '/home/ubuntu/.vscode-server/data/User/workspaceStorage/571cb25a6ffe920450f8d84b1a3743ae/vscode.lock': Lock acquired.
2024-11-20 00:16:09.942 [info] ExtensionService#_doActivateExtension vscode.git, startup: false, activationEvent: '*'
2024-11-20 00:16:09.945 [info] ExtensionService#_doActivateExtension vscode.github, startup: false, activationEvent: '*'
2024-11-20 00:16:10.482 [info] Eager extensions activated
2024-11-20 00:16:10.483 [info] ExtensionService#_doActivateExtension vscode.debug-auto-launch, startup: false, activationEvent: 'onStartupFinished'
2024-11-20 00:16:10.483 [info] ExtensionService#_doActivateExtension vscode.merge-conflict, startup: false, activationEvent: 'onStartupFinished'
2024-11-20 00:28:30.260 [info] ExtensionService#_doActivateExtension vscode.npm, startup: false, activationEvent: 'onTerminalQuickFixRequest:ms-vscode.npm-command'
2024-11-20 00:28:35.555 [info] ExtensionService#_doActivateExtension vscode.configuration-editing, startup: false, activationEvent: 'onLanguage:json'
2024-11-20 00:28:35.555 [info] ExtensionService#_doActivateExtension vscode.extension-editing, startup: false, activationEvent: 'onLanguage:json'
2024-11-20 00:28:35.555 [info] ExtensionService#_doActivateExtension vscode.json-language-features, startup: false, activationEvent: 'onLanguage:json'
2024-11-20 01:27:04.965 [warning] [Decorations] CAPPING events from decorations provider vscode.git 10000
2024-11-20 01:27:06.404 [warning] [Decorations] CAPPING events from decorations provider vscode.git 10000
2024-11-20 01:27:09.441 [warning] [Decorations] CAPPING events from decorations provider vscode.git 10000
2024-11-20 01:27:13.200 [warning] [Decorations] CAPPING events from decorations provider vscode.git 10001
2024-11-20 01:27:23.433 [warning] [Decorations] CAPPING events from decorations provider vscode.git 10000
2024-11-20 01:27:39.001 [warning] [Decorations] CAPPING events from decorations provider vscode.git 10000
2024-11-20 01:28:19.605 [warning] [Decorations] CAPPING events from decorations provider vscode.git 10000
