[2024-11-20T00:16:04.574+0000] {processor.py:186} INFO - Started process (PID=1862) to work on /home/ubuntu/airflow_venv/lib/python3.12/site-packages/airflow/example_dags/plugins/decreasing_priority_weight_strategy.py
[2024-11-20T00:16:04.580+0000] {processor.py:914} INFO - Processing file /home/ubuntu/airflow_venv/lib/python3.12/site-packages/airflow/example_dags/plugins/decreasing_priority_weight_strategy.py for tasks to queue
[2024-11-20T00:16:04.589+0000] {logging_mixin.py:190} INFO - [2024-11-20T00:16:04.588+0000] {dagbag.py:588} INFO - Filling up the DagBag from /home/ubuntu/airflow_venv/lib/python3.12/site-packages/airflow/example_dags/plugins/decreasing_priority_weight_strategy.py
[2024-11-20T00:16:04.607+0000] {processor.py:927} WARNING - No viable dags retrieved from /home/ubuntu/airflow_venv/lib/python3.12/site-packages/airflow/example_dags/plugins/decreasing_priority_weight_strategy.py
[2024-11-20T00:16:04.657+0000] {processor.py:208} INFO - Processing /home/ubuntu/airflow_venv/lib/python3.12/site-packages/airflow/example_dags/plugins/decreasing_priority_weight_strategy.py took 0.106 seconds
[2024-11-20T00:17:03.484+0000] {processor.py:186} INFO - Started process (PID=2086) to work on /home/ubuntu/airflow_venv/lib/python3.12/site-packages/airflow/example_dags/plugins/decreasing_priority_weight_strategy.py
[2024-11-20T00:17:03.486+0000] {processor.py:914} INFO - Processing file /home/ubuntu/airflow_venv/lib/python3.12/site-packages/airflow/example_dags/plugins/decreasing_priority_weight_strategy.py for tasks to queue
[2024-11-20T00:17:03.488+0000] {logging_mixin.py:190} INFO - [2024-11-20T00:17:03.488+0000] {dagbag.py:588} INFO - Filling up the DagBag from /home/ubuntu/airflow_venv/lib/python3.12/site-packages/airflow/example_dags/plugins/decreasing_priority_weight_strategy.py
[2024-11-20T00:17:03.491+0000] {processor.py:927} WARNING - No viable dags retrieved from /home/ubuntu/airflow_venv/lib/python3.12/site-packages/airflow/example_dags/plugins/decreasing_priority_weight_strategy.py
[2024-11-20T00:17:03.502+0000] {processor.py:208} INFO - Processing /home/ubuntu/airflow_venv/lib/python3.12/site-packages/airflow/example_dags/plugins/decreasing_priority_weight_strategy.py took 0.023 seconds
[2024-11-20T00:18:00.463+0000] {processor.py:186} INFO - Started process (PID=2147) to work on /home/ubuntu/airflow_venv/lib/python3.12/site-packages/airflow/example_dags/plugins/decreasing_priority_weight_strategy.py
[2024-11-20T00:18:00.465+0000] {processor.py:914} INFO - Processing file /home/ubuntu/airflow_venv/lib/python3.12/site-packages/airflow/example_dags/plugins/decreasing_priority_weight_strategy.py for tasks to queue
[2024-11-20T00:18:00.467+0000] {logging_mixin.py:190} INFO - [2024-11-20T00:18:00.467+0000] {dagbag.py:588} INFO - Filling up the DagBag from /home/ubuntu/airflow_venv/lib/python3.12/site-packages/airflow/example_dags/plugins/decreasing_priority_weight_strategy.py
[2024-11-20T00:18:00.469+0000] {processor.py:927} WARNING - No viable dags retrieved from /home/ubuntu/airflow_venv/lib/python3.12/site-packages/airflow/example_dags/plugins/decreasing_priority_weight_strategy.py
[2024-11-20T00:18:00.479+0000] {processor.py:208} INFO - Processing /home/ubuntu/airflow_venv/lib/python3.12/site-packages/airflow/example_dags/plugins/decreasing_priority_weight_strategy.py took 0.022 seconds
[2024-11-20T00:18:52.192+0000] {processor.py:186} INFO - Started process (PID=2200) to work on /home/ubuntu/airflow_venv/lib/python3.12/site-packages/airflow/example_dags/plugins/decreasing_priority_weight_strategy.py
[2024-11-20T00:18:52.193+0000] {processor.py:914} INFO - Processing file /home/ubuntu/airflow_venv/lib/python3.12/site-packages/airflow/example_dags/plugins/decreasing_priority_weight_strategy.py for tasks to queue
[2024-11-20T00:18:52.195+0000] {logging_mixin.py:190} INFO - [2024-11-20T00:18:52.195+0000] {dagbag.py:588} INFO - Filling up the DagBag from /home/ubuntu/airflow_venv/lib/python3.12/site-packages/airflow/example_dags/plugins/decreasing_priority_weight_strategy.py
[2024-11-20T00:18:52.197+0000] {processor.py:927} WARNING - No viable dags retrieved from /home/ubuntu/airflow_venv/lib/python3.12/site-packages/airflow/example_dags/plugins/decreasing_priority_weight_strategy.py
[2024-11-20T00:18:52.208+0000] {processor.py:208} INFO - Processing /home/ubuntu/airflow_venv/lib/python3.12/site-packages/airflow/example_dags/plugins/decreasing_priority_weight_strategy.py took 0.022 seconds
[2024-11-20T00:19:45.152+0000] {processor.py:186} INFO - Started process (PID=2257) to work on /home/ubuntu/airflow_venv/lib/python3.12/site-packages/airflow/example_dags/plugins/decreasing_priority_weight_strategy.py
[2024-11-20T00:19:45.153+0000] {processor.py:914} INFO - Processing file /home/ubuntu/airflow_venv/lib/python3.12/site-packages/airflow/example_dags/plugins/decreasing_priority_weight_strategy.py for tasks to queue
[2024-11-20T00:19:45.155+0000] {logging_mixin.py:190} INFO - [2024-11-20T00:19:45.155+0000] {dagbag.py:588} INFO - Filling up the DagBag from /home/ubuntu/airflow_venv/lib/python3.12/site-packages/airflow/example_dags/plugins/decreasing_priority_weight_strategy.py
[2024-11-20T00:19:45.158+0000] {processor.py:927} WARNING - No viable dags retrieved from /home/ubuntu/airflow_venv/lib/python3.12/site-packages/airflow/example_dags/plugins/decreasing_priority_weight_strategy.py
[2024-11-20T00:19:45.168+0000] {processor.py:208} INFO - Processing /home/ubuntu/airflow_venv/lib/python3.12/site-packages/airflow/example_dags/plugins/decreasing_priority_weight_strategy.py took 0.022 seconds
[2024-11-20T00:20:38.268+0000] {processor.py:186} INFO - Started process (PID=2314) to work on /home/ubuntu/airflow_venv/lib/python3.12/site-packages/airflow/example_dags/plugins/decreasing_priority_weight_strategy.py
[2024-11-20T00:20:38.269+0000] {processor.py:914} INFO - Processing file /home/ubuntu/airflow_venv/lib/python3.12/site-packages/airflow/example_dags/plugins/decreasing_priority_weight_strategy.py for tasks to queue
[2024-11-20T00:20:38.272+0000] {logging_mixin.py:190} INFO - [2024-11-20T00:20:38.270+0000] {dagbag.py:588} INFO - Filling up the DagBag from /home/ubuntu/airflow_venv/lib/python3.12/site-packages/airflow/example_dags/plugins/decreasing_priority_weight_strategy.py
[2024-11-20T00:20:38.274+0000] {processor.py:927} WARNING - No viable dags retrieved from /home/ubuntu/airflow_venv/lib/python3.12/site-packages/airflow/example_dags/plugins/decreasing_priority_weight_strategy.py
[2024-11-20T00:20:38.285+0000] {processor.py:208} INFO - Processing /home/ubuntu/airflow_venv/lib/python3.12/site-packages/airflow/example_dags/plugins/decreasing_priority_weight_strategy.py took 0.023 seconds
[2024-11-20T00:21:38.113+0000] {processor.py:186} INFO - Started process (PID=2371) to work on /home/ubuntu/airflow_venv/lib/python3.12/site-packages/airflow/example_dags/plugins/decreasing_priority_weight_strategy.py
[2024-11-20T00:21:38.115+0000] {processor.py:914} INFO - Processing file /home/ubuntu/airflow_venv/lib/python3.12/site-packages/airflow/example_dags/plugins/decreasing_priority_weight_strategy.py for tasks to queue
[2024-11-20T00:21:38.117+0000] {logging_mixin.py:190} INFO - [2024-11-20T00:21:38.117+0000] {dagbag.py:588} INFO - Filling up the DagBag from /home/ubuntu/airflow_venv/lib/python3.12/site-packages/airflow/example_dags/plugins/decreasing_priority_weight_strategy.py
[2024-11-20T00:21:38.120+0000] {processor.py:927} WARNING - No viable dags retrieved from /home/ubuntu/airflow_venv/lib/python3.12/site-packages/airflow/example_dags/plugins/decreasing_priority_weight_strategy.py
[2024-11-20T00:21:38.131+0000] {processor.py:208} INFO - Processing /home/ubuntu/airflow_venv/lib/python3.12/site-packages/airflow/example_dags/plugins/decreasing_priority_weight_strategy.py took 0.022 seconds
[2024-11-20T00:22:34.467+0000] {processor.py:186} INFO - Started process (PID=2433) to work on /home/ubuntu/airflow_venv/lib/python3.12/site-packages/airflow/example_dags/plugins/decreasing_priority_weight_strategy.py
[2024-11-20T00:22:34.469+0000] {processor.py:914} INFO - Processing file /home/ubuntu/airflow_venv/lib/python3.12/site-packages/airflow/example_dags/plugins/decreasing_priority_weight_strategy.py for tasks to queue
[2024-11-20T00:22:34.470+0000] {logging_mixin.py:190} INFO - [2024-11-20T00:22:34.470+0000] {dagbag.py:588} INFO - Filling up the DagBag from /home/ubuntu/airflow_venv/lib/python3.12/site-packages/airflow/example_dags/plugins/decreasing_priority_weight_strategy.py
[2024-11-20T00:22:34.474+0000] {processor.py:927} WARNING - No viable dags retrieved from /home/ubuntu/airflow_venv/lib/python3.12/site-packages/airflow/example_dags/plugins/decreasing_priority_weight_strategy.py
[2024-11-20T00:22:34.484+0000] {processor.py:208} INFO - Processing /home/ubuntu/airflow_venv/lib/python3.12/site-packages/airflow/example_dags/plugins/decreasing_priority_weight_strategy.py took 0.022 seconds
[2024-11-20T00:23:30.966+0000] {processor.py:186} INFO - Started process (PID=2489) to work on /home/ubuntu/airflow_venv/lib/python3.12/site-packages/airflow/example_dags/plugins/decreasing_priority_weight_strategy.py
[2024-11-20T00:23:30.967+0000] {processor.py:914} INFO - Processing file /home/ubuntu/airflow_venv/lib/python3.12/site-packages/airflow/example_dags/plugins/decreasing_priority_weight_strategy.py for tasks to queue
[2024-11-20T00:23:30.970+0000] {logging_mixin.py:190} INFO - [2024-11-20T00:23:30.969+0000] {dagbag.py:588} INFO - Filling up the DagBag from /home/ubuntu/airflow_venv/lib/python3.12/site-packages/airflow/example_dags/plugins/decreasing_priority_weight_strategy.py
[2024-11-20T00:23:30.972+0000] {processor.py:927} WARNING - No viable dags retrieved from /home/ubuntu/airflow_venv/lib/python3.12/site-packages/airflow/example_dags/plugins/decreasing_priority_weight_strategy.py
[2024-11-20T00:23:30.983+0000] {processor.py:208} INFO - Processing /home/ubuntu/airflow_venv/lib/python3.12/site-packages/airflow/example_dags/plugins/decreasing_priority_weight_strategy.py took 0.023 seconds
[2024-11-20T00:24:24.855+0000] {processor.py:186} INFO - Started process (PID=2545) to work on /home/ubuntu/airflow_venv/lib/python3.12/site-packages/airflow/example_dags/plugins/decreasing_priority_weight_strategy.py
[2024-11-20T00:24:24.857+0000] {processor.py:914} INFO - Processing file /home/ubuntu/airflow_venv/lib/python3.12/site-packages/airflow/example_dags/plugins/decreasing_priority_weight_strategy.py for tasks to queue
[2024-11-20T00:24:24.860+0000] {logging_mixin.py:190} INFO - [2024-11-20T00:24:24.859+0000] {dagbag.py:588} INFO - Filling up the DagBag from /home/ubuntu/airflow_venv/lib/python3.12/site-packages/airflow/example_dags/plugins/decreasing_priority_weight_strategy.py
[2024-11-20T00:24:24.862+0000] {processor.py:927} WARNING - No viable dags retrieved from /home/ubuntu/airflow_venv/lib/python3.12/site-packages/airflow/example_dags/plugins/decreasing_priority_weight_strategy.py
[2024-11-20T00:24:24.874+0000] {processor.py:208} INFO - Processing /home/ubuntu/airflow_venv/lib/python3.12/site-packages/airflow/example_dags/plugins/decreasing_priority_weight_strategy.py took 0.024 seconds
[2024-11-20T00:25:17.829+0000] {processor.py:186} INFO - Started process (PID=2603) to work on /home/ubuntu/airflow_venv/lib/python3.12/site-packages/airflow/example_dags/plugins/decreasing_priority_weight_strategy.py
[2024-11-20T00:25:17.831+0000] {processor.py:914} INFO - Processing file /home/ubuntu/airflow_venv/lib/python3.12/site-packages/airflow/example_dags/plugins/decreasing_priority_weight_strategy.py for tasks to queue
[2024-11-20T00:25:17.834+0000] {logging_mixin.py:190} INFO - [2024-11-20T00:25:17.833+0000] {dagbag.py:588} INFO - Filling up the DagBag from /home/ubuntu/airflow_venv/lib/python3.12/site-packages/airflow/example_dags/plugins/decreasing_priority_weight_strategy.py
[2024-11-20T00:25:17.836+0000] {processor.py:927} WARNING - No viable dags retrieved from /home/ubuntu/airflow_venv/lib/python3.12/site-packages/airflow/example_dags/plugins/decreasing_priority_weight_strategy.py
[2024-11-20T00:25:17.847+0000] {processor.py:208} INFO - Processing /home/ubuntu/airflow_venv/lib/python3.12/site-packages/airflow/example_dags/plugins/decreasing_priority_weight_strategy.py took 0.023 seconds
[2024-11-20T00:26:14.742+0000] {processor.py:186} INFO - Started process (PID=2662) to work on /home/ubuntu/airflow_venv/lib/python3.12/site-packages/airflow/example_dags/plugins/decreasing_priority_weight_strategy.py
[2024-11-20T00:26:14.745+0000] {processor.py:914} INFO - Processing file /home/ubuntu/airflow_venv/lib/python3.12/site-packages/airflow/example_dags/plugins/decreasing_priority_weight_strategy.py for tasks to queue
[2024-11-20T00:26:14.747+0000] {logging_mixin.py:190} INFO - [2024-11-20T00:26:14.747+0000] {dagbag.py:588} INFO - Filling up the DagBag from /home/ubuntu/airflow_venv/lib/python3.12/site-packages/airflow/example_dags/plugins/decreasing_priority_weight_strategy.py
[2024-11-20T00:26:14.749+0000] {processor.py:927} WARNING - No viable dags retrieved from /home/ubuntu/airflow_venv/lib/python3.12/site-packages/airflow/example_dags/plugins/decreasing_priority_weight_strategy.py
[2024-11-20T00:26:14.759+0000] {processor.py:208} INFO - Processing /home/ubuntu/airflow_venv/lib/python3.12/site-packages/airflow/example_dags/plugins/decreasing_priority_weight_strategy.py took 0.023 seconds
[2024-11-20T00:27:28.143+0000] {processor.py:186} INFO - Started process (PID=2758) to work on /home/ubuntu/airflow_venv/lib/python3.12/site-packages/airflow/example_dags/plugins/decreasing_priority_weight_strategy.py
[2024-11-20T00:27:28.144+0000] {processor.py:914} INFO - Processing file /home/ubuntu/airflow_venv/lib/python3.12/site-packages/airflow/example_dags/plugins/decreasing_priority_weight_strategy.py for tasks to queue
[2024-11-20T00:27:28.146+0000] {logging_mixin.py:190} INFO - [2024-11-20T00:27:28.146+0000] {dagbag.py:588} INFO - Filling up the DagBag from /home/ubuntu/airflow_venv/lib/python3.12/site-packages/airflow/example_dags/plugins/decreasing_priority_weight_strategy.py
[2024-11-20T00:27:28.148+0000] {processor.py:927} WARNING - No viable dags retrieved from /home/ubuntu/airflow_venv/lib/python3.12/site-packages/airflow/example_dags/plugins/decreasing_priority_weight_strategy.py
[2024-11-20T00:27:28.159+0000] {processor.py:208} INFO - Processing /home/ubuntu/airflow_venv/lib/python3.12/site-packages/airflow/example_dags/plugins/decreasing_priority_weight_strategy.py took 0.022 seconds
[2024-11-20T00:28:04.436+0000] {processor.py:186} INFO - Started process (PID=2795) to work on /home/ubuntu/airflow_venv/lib/python3.12/site-packages/airflow/example_dags/plugins/decreasing_priority_weight_strategy.py
[2024-11-20T00:28:04.438+0000] {processor.py:914} INFO - Processing file /home/ubuntu/airflow_venv/lib/python3.12/site-packages/airflow/example_dags/plugins/decreasing_priority_weight_strategy.py for tasks to queue
[2024-11-20T00:28:04.440+0000] {logging_mixin.py:190} INFO - [2024-11-20T00:28:04.440+0000] {dagbag.py:588} INFO - Filling up the DagBag from /home/ubuntu/airflow_venv/lib/python3.12/site-packages/airflow/example_dags/plugins/decreasing_priority_weight_strategy.py
[2024-11-20T00:28:04.443+0000] {processor.py:927} WARNING - No viable dags retrieved from /home/ubuntu/airflow_venv/lib/python3.12/site-packages/airflow/example_dags/plugins/decreasing_priority_weight_strategy.py
[2024-11-20T00:28:04.454+0000] {processor.py:208} INFO - Processing /home/ubuntu/airflow_venv/lib/python3.12/site-packages/airflow/example_dags/plugins/decreasing_priority_weight_strategy.py took 0.024 seconds
[2024-11-20T00:28:59.313+0000] {processor.py:186} INFO - Started process (PID=2978) to work on /home/ubuntu/airflow_venv/lib/python3.12/site-packages/airflow/example_dags/plugins/decreasing_priority_weight_strategy.py
[2024-11-20T00:28:59.315+0000] {processor.py:914} INFO - Processing file /home/ubuntu/airflow_venv/lib/python3.12/site-packages/airflow/example_dags/plugins/decreasing_priority_weight_strategy.py for tasks to queue
[2024-11-20T00:28:59.318+0000] {logging_mixin.py:190} INFO - [2024-11-20T00:28:59.316+0000] {dagbag.py:588} INFO - Filling up the DagBag from /home/ubuntu/airflow_venv/lib/python3.12/site-packages/airflow/example_dags/plugins/decreasing_priority_weight_strategy.py
[2024-11-20T00:28:59.320+0000] {processor.py:927} WARNING - No viable dags retrieved from /home/ubuntu/airflow_venv/lib/python3.12/site-packages/airflow/example_dags/plugins/decreasing_priority_weight_strategy.py
[2024-11-20T00:28:59.332+0000] {processor.py:208} INFO - Processing /home/ubuntu/airflow_venv/lib/python3.12/site-packages/airflow/example_dags/plugins/decreasing_priority_weight_strategy.py took 0.024 seconds
[2024-11-20T00:30:05.674+0000] {processor.py:186} INFO - Started process (PID=3047) to work on /home/ubuntu/airflow_venv/lib/python3.12/site-packages/airflow/example_dags/plugins/decreasing_priority_weight_strategy.py
[2024-11-20T00:30:05.675+0000] {processor.py:914} INFO - Processing file /home/ubuntu/airflow_venv/lib/python3.12/site-packages/airflow/example_dags/plugins/decreasing_priority_weight_strategy.py for tasks to queue
[2024-11-20T00:30:05.677+0000] {logging_mixin.py:190} INFO - [2024-11-20T00:30:05.677+0000] {dagbag.py:588} INFO - Filling up the DagBag from /home/ubuntu/airflow_venv/lib/python3.12/site-packages/airflow/example_dags/plugins/decreasing_priority_weight_strategy.py
[2024-11-20T00:30:05.680+0000] {processor.py:927} WARNING - No viable dags retrieved from /home/ubuntu/airflow_venv/lib/python3.12/site-packages/airflow/example_dags/plugins/decreasing_priority_weight_strategy.py
[2024-11-20T00:30:05.691+0000] {processor.py:208} INFO - Processing /home/ubuntu/airflow_venv/lib/python3.12/site-packages/airflow/example_dags/plugins/decreasing_priority_weight_strategy.py took 0.024 seconds
[2024-11-20T00:30:59.044+0000] {processor.py:186} INFO - Started process (PID=3143) to work on /home/ubuntu/airflow_venv/lib/python3.12/site-packages/airflow/example_dags/plugins/decreasing_priority_weight_strategy.py
[2024-11-20T00:30:59.046+0000] {processor.py:914} INFO - Processing file /home/ubuntu/airflow_venv/lib/python3.12/site-packages/airflow/example_dags/plugins/decreasing_priority_weight_strategy.py for tasks to queue
[2024-11-20T00:30:59.047+0000] {logging_mixin.py:190} INFO - [2024-11-20T00:30:59.047+0000] {dagbag.py:588} INFO - Filling up the DagBag from /home/ubuntu/airflow_venv/lib/python3.12/site-packages/airflow/example_dags/plugins/decreasing_priority_weight_strategy.py
[2024-11-20T00:30:59.050+0000] {processor.py:927} WARNING - No viable dags retrieved from /home/ubuntu/airflow_venv/lib/python3.12/site-packages/airflow/example_dags/plugins/decreasing_priority_weight_strategy.py
[2024-11-20T00:30:59.071+0000] {processor.py:208} INFO - Processing /home/ubuntu/airflow_venv/lib/python3.12/site-packages/airflow/example_dags/plugins/decreasing_priority_weight_strategy.py took 0.032 seconds
[2024-11-20T00:31:56.472+0000] {processor.py:186} INFO - Started process (PID=3301) to work on /home/ubuntu/airflow_venv/lib/python3.12/site-packages/airflow/example_dags/plugins/decreasing_priority_weight_strategy.py
[2024-11-20T00:31:56.474+0000] {processor.py:914} INFO - Processing file /home/ubuntu/airflow_venv/lib/python3.12/site-packages/airflow/example_dags/plugins/decreasing_priority_weight_strategy.py for tasks to queue
[2024-11-20T00:31:56.475+0000] {logging_mixin.py:190} INFO - [2024-11-20T00:31:56.474+0000] {dagbag.py:588} INFO - Filling up the DagBag from /home/ubuntu/airflow_venv/lib/python3.12/site-packages/airflow/example_dags/plugins/decreasing_priority_weight_strategy.py
[2024-11-20T00:31:56.477+0000] {processor.py:927} WARNING - No viable dags retrieved from /home/ubuntu/airflow_venv/lib/python3.12/site-packages/airflow/example_dags/plugins/decreasing_priority_weight_strategy.py
[2024-11-20T00:31:56.488+0000] {processor.py:208} INFO - Processing /home/ubuntu/airflow_venv/lib/python3.12/site-packages/airflow/example_dags/plugins/decreasing_priority_weight_strategy.py took 0.021 seconds
[2024-11-20T00:32:47.232+0000] {processor.py:186} INFO - Started process (PID=3720) to work on /home/ubuntu/airflow_venv/lib/python3.12/site-packages/airflow/example_dags/plugins/decreasing_priority_weight_strategy.py
[2024-11-20T00:32:47.234+0000] {processor.py:914} INFO - Processing file /home/ubuntu/airflow_venv/lib/python3.12/site-packages/airflow/example_dags/plugins/decreasing_priority_weight_strategy.py for tasks to queue
[2024-11-20T00:32:47.236+0000] {logging_mixin.py:190} INFO - [2024-11-20T00:32:47.235+0000] {dagbag.py:588} INFO - Filling up the DagBag from /home/ubuntu/airflow_venv/lib/python3.12/site-packages/airflow/example_dags/plugins/decreasing_priority_weight_strategy.py
[2024-11-20T00:32:47.240+0000] {processor.py:927} WARNING - No viable dags retrieved from /home/ubuntu/airflow_venv/lib/python3.12/site-packages/airflow/example_dags/plugins/decreasing_priority_weight_strategy.py
[2024-11-20T00:32:47.250+0000] {processor.py:208} INFO - Processing /home/ubuntu/airflow_venv/lib/python3.12/site-packages/airflow/example_dags/plugins/decreasing_priority_weight_strategy.py took 0.026 seconds
[2024-11-20T00:33:51.956+0000] {processor.py:186} INFO - Started process (PID=3960) to work on /home/ubuntu/airflow_venv/lib/python3.12/site-packages/airflow/example_dags/plugins/decreasing_priority_weight_strategy.py
[2024-11-20T00:33:51.958+0000] {processor.py:914} INFO - Processing file /home/ubuntu/airflow_venv/lib/python3.12/site-packages/airflow/example_dags/plugins/decreasing_priority_weight_strategy.py for tasks to queue
[2024-11-20T00:33:51.959+0000] {logging_mixin.py:190} INFO - [2024-11-20T00:33:51.959+0000] {dagbag.py:588} INFO - Filling up the DagBag from /home/ubuntu/airflow_venv/lib/python3.12/site-packages/airflow/example_dags/plugins/decreasing_priority_weight_strategy.py
[2024-11-20T00:33:51.962+0000] {processor.py:927} WARNING - No viable dags retrieved from /home/ubuntu/airflow_venv/lib/python3.12/site-packages/airflow/example_dags/plugins/decreasing_priority_weight_strategy.py
[2024-11-20T00:33:51.971+0000] {processor.py:208} INFO - Processing /home/ubuntu/airflow_venv/lib/python3.12/site-packages/airflow/example_dags/plugins/decreasing_priority_weight_strategy.py took 0.023 seconds
[2024-11-20T00:34:50.371+0000] {processor.py:186} INFO - Started process (PID=4059) to work on /home/ubuntu/airflow_venv/lib/python3.12/site-packages/airflow/example_dags/plugins/decreasing_priority_weight_strategy.py
[2024-11-20T00:34:50.372+0000] {processor.py:914} INFO - Processing file /home/ubuntu/airflow_venv/lib/python3.12/site-packages/airflow/example_dags/plugins/decreasing_priority_weight_strategy.py for tasks to queue
[2024-11-20T00:34:50.373+0000] {logging_mixin.py:190} INFO - [2024-11-20T00:34:50.373+0000] {dagbag.py:588} INFO - Filling up the DagBag from /home/ubuntu/airflow_venv/lib/python3.12/site-packages/airflow/example_dags/plugins/decreasing_priority_weight_strategy.py
[2024-11-20T00:34:50.376+0000] {processor.py:927} WARNING - No viable dags retrieved from /home/ubuntu/airflow_venv/lib/python3.12/site-packages/airflow/example_dags/plugins/decreasing_priority_weight_strategy.py
[2024-11-20T00:34:50.386+0000] {processor.py:208} INFO - Processing /home/ubuntu/airflow_venv/lib/python3.12/site-packages/airflow/example_dags/plugins/decreasing_priority_weight_strategy.py took 0.024 seconds
[2024-11-20T00:35:45.254+0000] {processor.py:186} INFO - Started process (PID=4144) to work on /home/ubuntu/airflow_venv/lib/python3.12/site-packages/airflow/example_dags/plugins/decreasing_priority_weight_strategy.py
[2024-11-20T00:35:45.256+0000] {processor.py:914} INFO - Processing file /home/ubuntu/airflow_venv/lib/python3.12/site-packages/airflow/example_dags/plugins/decreasing_priority_weight_strategy.py for tasks to queue
[2024-11-20T00:35:45.257+0000] {logging_mixin.py:190} INFO - [2024-11-20T00:35:45.257+0000] {dagbag.py:588} INFO - Filling up the DagBag from /home/ubuntu/airflow_venv/lib/python3.12/site-packages/airflow/example_dags/plugins/decreasing_priority_weight_strategy.py
[2024-11-20T00:35:45.259+0000] {processor.py:927} WARNING - No viable dags retrieved from /home/ubuntu/airflow_venv/lib/python3.12/site-packages/airflow/example_dags/plugins/decreasing_priority_weight_strategy.py
[2024-11-20T00:35:45.270+0000] {processor.py:208} INFO - Processing /home/ubuntu/airflow_venv/lib/python3.12/site-packages/airflow/example_dags/plugins/decreasing_priority_weight_strategy.py took 0.023 seconds
[2024-11-20T00:36:39.522+0000] {processor.py:186} INFO - Started process (PID=4200) to work on /home/ubuntu/airflow_venv/lib/python3.12/site-packages/airflow/example_dags/plugins/decreasing_priority_weight_strategy.py
[2024-11-20T00:36:39.523+0000] {processor.py:914} INFO - Processing file /home/ubuntu/airflow_venv/lib/python3.12/site-packages/airflow/example_dags/plugins/decreasing_priority_weight_strategy.py for tasks to queue
[2024-11-20T00:36:39.524+0000] {logging_mixin.py:190} INFO - [2024-11-20T00:36:39.524+0000] {dagbag.py:588} INFO - Filling up the DagBag from /home/ubuntu/airflow_venv/lib/python3.12/site-packages/airflow/example_dags/plugins/decreasing_priority_weight_strategy.py
[2024-11-20T00:36:39.528+0000] {processor.py:927} WARNING - No viable dags retrieved from /home/ubuntu/airflow_venv/lib/python3.12/site-packages/airflow/example_dags/plugins/decreasing_priority_weight_strategy.py
[2024-11-20T00:36:39.538+0000] {processor.py:208} INFO - Processing /home/ubuntu/airflow_venv/lib/python3.12/site-packages/airflow/example_dags/plugins/decreasing_priority_weight_strategy.py took 0.022 seconds
[2024-11-20T00:37:34.826+0000] {processor.py:186} INFO - Started process (PID=4256) to work on /home/ubuntu/airflow_venv/lib/python3.12/site-packages/airflow/example_dags/plugins/decreasing_priority_weight_strategy.py
[2024-11-20T00:37:34.828+0000] {processor.py:914} INFO - Processing file /home/ubuntu/airflow_venv/lib/python3.12/site-packages/airflow/example_dags/plugins/decreasing_priority_weight_strategy.py for tasks to queue
[2024-11-20T00:37:34.830+0000] {logging_mixin.py:190} INFO - [2024-11-20T00:37:34.829+0000] {dagbag.py:588} INFO - Filling up the DagBag from /home/ubuntu/airflow_venv/lib/python3.12/site-packages/airflow/example_dags/plugins/decreasing_priority_weight_strategy.py
[2024-11-20T00:37:34.832+0000] {processor.py:927} WARNING - No viable dags retrieved from /home/ubuntu/airflow_venv/lib/python3.12/site-packages/airflow/example_dags/plugins/decreasing_priority_weight_strategy.py
[2024-11-20T00:37:34.841+0000] {processor.py:208} INFO - Processing /home/ubuntu/airflow_venv/lib/python3.12/site-packages/airflow/example_dags/plugins/decreasing_priority_weight_strategy.py took 0.022 seconds
[2024-11-20T00:38:32.775+0000] {processor.py:186} INFO - Started process (PID=4341) to work on /home/ubuntu/airflow_venv/lib/python3.12/site-packages/airflow/example_dags/plugins/decreasing_priority_weight_strategy.py
[2024-11-20T00:38:32.777+0000] {processor.py:914} INFO - Processing file /home/ubuntu/airflow_venv/lib/python3.12/site-packages/airflow/example_dags/plugins/decreasing_priority_weight_strategy.py for tasks to queue
[2024-11-20T00:38:32.778+0000] {logging_mixin.py:190} INFO - [2024-11-20T00:38:32.777+0000] {dagbag.py:588} INFO - Filling up the DagBag from /home/ubuntu/airflow_venv/lib/python3.12/site-packages/airflow/example_dags/plugins/decreasing_priority_weight_strategy.py
[2024-11-20T00:38:32.780+0000] {processor.py:927} WARNING - No viable dags retrieved from /home/ubuntu/airflow_venv/lib/python3.12/site-packages/airflow/example_dags/plugins/decreasing_priority_weight_strategy.py
[2024-11-20T00:38:32.790+0000] {processor.py:208} INFO - Processing /home/ubuntu/airflow_venv/lib/python3.12/site-packages/airflow/example_dags/plugins/decreasing_priority_weight_strategy.py took 0.024 seconds
[2024-11-20T00:39:23.970+0000] {processor.py:186} INFO - Started process (PID=4396) to work on /home/ubuntu/airflow_venv/lib/python3.12/site-packages/airflow/example_dags/plugins/decreasing_priority_weight_strategy.py
[2024-11-20T00:39:23.972+0000] {processor.py:914} INFO - Processing file /home/ubuntu/airflow_venv/lib/python3.12/site-packages/airflow/example_dags/plugins/decreasing_priority_weight_strategy.py for tasks to queue
[2024-11-20T00:39:23.973+0000] {logging_mixin.py:190} INFO - [2024-11-20T00:39:23.973+0000] {dagbag.py:588} INFO - Filling up the DagBag from /home/ubuntu/airflow_venv/lib/python3.12/site-packages/airflow/example_dags/plugins/decreasing_priority_weight_strategy.py
[2024-11-20T00:39:23.975+0000] {processor.py:927} WARNING - No viable dags retrieved from /home/ubuntu/airflow_venv/lib/python3.12/site-packages/airflow/example_dags/plugins/decreasing_priority_weight_strategy.py
[2024-11-20T00:39:23.986+0000] {processor.py:208} INFO - Processing /home/ubuntu/airflow_venv/lib/python3.12/site-packages/airflow/example_dags/plugins/decreasing_priority_weight_strategy.py took 0.023 seconds
[2024-11-20T00:39:59.393+0000] {processor.py:186} INFO - Started process (PID=4461) to work on /home/ubuntu/airflow_venv/lib/python3.12/site-packages/airflow/example_dags/plugins/decreasing_priority_weight_strategy.py
[2024-11-20T00:39:59.394+0000] {processor.py:914} INFO - Processing file /home/ubuntu/airflow_venv/lib/python3.12/site-packages/airflow/example_dags/plugins/decreasing_priority_weight_strategy.py for tasks to queue
[2024-11-20T00:39:59.396+0000] {logging_mixin.py:190} INFO - [2024-11-20T00:39:59.396+0000] {dagbag.py:588} INFO - Filling up the DagBag from /home/ubuntu/airflow_venv/lib/python3.12/site-packages/airflow/example_dags/plugins/decreasing_priority_weight_strategy.py
[2024-11-20T00:39:59.399+0000] {processor.py:927} WARNING - No viable dags retrieved from /home/ubuntu/airflow_venv/lib/python3.12/site-packages/airflow/example_dags/plugins/decreasing_priority_weight_strategy.py
[2024-11-20T00:39:59.410+0000] {processor.py:208} INFO - Processing /home/ubuntu/airflow_venv/lib/python3.12/site-packages/airflow/example_dags/plugins/decreasing_priority_weight_strategy.py took 0.024 seconds
[2024-11-20T00:40:55.516+0000] {processor.py:186} INFO - Started process (PID=4523) to work on /home/ubuntu/airflow_venv/lib/python3.12/site-packages/airflow/example_dags/plugins/decreasing_priority_weight_strategy.py
[2024-11-20T00:40:55.517+0000] {processor.py:914} INFO - Processing file /home/ubuntu/airflow_venv/lib/python3.12/site-packages/airflow/example_dags/plugins/decreasing_priority_weight_strategy.py for tasks to queue
[2024-11-20T00:40:55.518+0000] {logging_mixin.py:190} INFO - [2024-11-20T00:40:55.518+0000] {dagbag.py:588} INFO - Filling up the DagBag from /home/ubuntu/airflow_venv/lib/python3.12/site-packages/airflow/example_dags/plugins/decreasing_priority_weight_strategy.py
[2024-11-20T00:40:55.521+0000] {processor.py:927} WARNING - No viable dags retrieved from /home/ubuntu/airflow_venv/lib/python3.12/site-packages/airflow/example_dags/plugins/decreasing_priority_weight_strategy.py
[2024-11-20T00:40:55.531+0000] {processor.py:208} INFO - Processing /home/ubuntu/airflow_venv/lib/python3.12/site-packages/airflow/example_dags/plugins/decreasing_priority_weight_strategy.py took 0.022 seconds
[2024-11-20T00:41:46.377+0000] {processor.py:186} INFO - Started process (PID=4578) to work on /home/ubuntu/airflow_venv/lib/python3.12/site-packages/airflow/example_dags/plugins/decreasing_priority_weight_strategy.py
[2024-11-20T00:41:46.378+0000] {processor.py:914} INFO - Processing file /home/ubuntu/airflow_venv/lib/python3.12/site-packages/airflow/example_dags/plugins/decreasing_priority_weight_strategy.py for tasks to queue
[2024-11-20T00:41:46.380+0000] {logging_mixin.py:190} INFO - [2024-11-20T00:41:46.379+0000] {dagbag.py:588} INFO - Filling up the DagBag from /home/ubuntu/airflow_venv/lib/python3.12/site-packages/airflow/example_dags/plugins/decreasing_priority_weight_strategy.py
[2024-11-20T00:41:46.382+0000] {processor.py:927} WARNING - No viable dags retrieved from /home/ubuntu/airflow_venv/lib/python3.12/site-packages/airflow/example_dags/plugins/decreasing_priority_weight_strategy.py
[2024-11-20T00:41:46.392+0000] {processor.py:208} INFO - Processing /home/ubuntu/airflow_venv/lib/python3.12/site-packages/airflow/example_dags/plugins/decreasing_priority_weight_strategy.py took 0.023 seconds
[2024-11-20T00:42:40.194+0000] {processor.py:186} INFO - Started process (PID=4632) to work on /home/ubuntu/airflow_venv/lib/python3.12/site-packages/airflow/example_dags/plugins/decreasing_priority_weight_strategy.py
[2024-11-20T00:42:40.196+0000] {processor.py:914} INFO - Processing file /home/ubuntu/airflow_venv/lib/python3.12/site-packages/airflow/example_dags/plugins/decreasing_priority_weight_strategy.py for tasks to queue
[2024-11-20T00:42:40.197+0000] {logging_mixin.py:190} INFO - [2024-11-20T00:42:40.196+0000] {dagbag.py:588} INFO - Filling up the DagBag from /home/ubuntu/airflow_venv/lib/python3.12/site-packages/airflow/example_dags/plugins/decreasing_priority_weight_strategy.py
[2024-11-20T00:42:40.200+0000] {processor.py:927} WARNING - No viable dags retrieved from /home/ubuntu/airflow_venv/lib/python3.12/site-packages/airflow/example_dags/plugins/decreasing_priority_weight_strategy.py
[2024-11-20T00:42:40.218+0000] {processor.py:208} INFO - Processing /home/ubuntu/airflow_venv/lib/python3.12/site-packages/airflow/example_dags/plugins/decreasing_priority_weight_strategy.py took 0.030 seconds
[2024-11-20T00:43:15.278+0000] {processor.py:186} INFO - Started process (PID=4668) to work on /home/ubuntu/airflow_venv/lib/python3.12/site-packages/airflow/example_dags/plugins/decreasing_priority_weight_strategy.py
[2024-11-20T00:43:15.279+0000] {processor.py:914} INFO - Processing file /home/ubuntu/airflow_venv/lib/python3.12/site-packages/airflow/example_dags/plugins/decreasing_priority_weight_strategy.py for tasks to queue
[2024-11-20T00:43:15.281+0000] {logging_mixin.py:190} INFO - [2024-11-20T00:43:15.281+0000] {dagbag.py:588} INFO - Filling up the DagBag from /home/ubuntu/airflow_venv/lib/python3.12/site-packages/airflow/example_dags/plugins/decreasing_priority_weight_strategy.py
[2024-11-20T00:43:15.283+0000] {processor.py:927} WARNING - No viable dags retrieved from /home/ubuntu/airflow_venv/lib/python3.12/site-packages/airflow/example_dags/plugins/decreasing_priority_weight_strategy.py
[2024-11-20T00:43:15.294+0000] {processor.py:208} INFO - Processing /home/ubuntu/airflow_venv/lib/python3.12/site-packages/airflow/example_dags/plugins/decreasing_priority_weight_strategy.py took 0.023 seconds
[2024-11-20T00:44:09.121+0000] {processor.py:186} INFO - Started process (PID=4725) to work on /home/ubuntu/airflow_venv/lib/python3.12/site-packages/airflow/example_dags/plugins/decreasing_priority_weight_strategy.py
[2024-11-20T00:44:09.123+0000] {processor.py:914} INFO - Processing file /home/ubuntu/airflow_venv/lib/python3.12/site-packages/airflow/example_dags/plugins/decreasing_priority_weight_strategy.py for tasks to queue
[2024-11-20T00:44:09.124+0000] {logging_mixin.py:190} INFO - [2024-11-20T00:44:09.124+0000] {dagbag.py:588} INFO - Filling up the DagBag from /home/ubuntu/airflow_venv/lib/python3.12/site-packages/airflow/example_dags/plugins/decreasing_priority_weight_strategy.py
[2024-11-20T00:44:09.127+0000] {processor.py:927} WARNING - No viable dags retrieved from /home/ubuntu/airflow_venv/lib/python3.12/site-packages/airflow/example_dags/plugins/decreasing_priority_weight_strategy.py
[2024-11-20T00:44:09.137+0000] {processor.py:208} INFO - Processing /home/ubuntu/airflow_venv/lib/python3.12/site-packages/airflow/example_dags/plugins/decreasing_priority_weight_strategy.py took 0.023 seconds
[2024-11-20T00:45:03.433+0000] {processor.py:186} INFO - Started process (PID=4783) to work on /home/ubuntu/airflow_venv/lib/python3.12/site-packages/airflow/example_dags/plugins/decreasing_priority_weight_strategy.py
[2024-11-20T00:45:03.435+0000] {processor.py:914} INFO - Processing file /home/ubuntu/airflow_venv/lib/python3.12/site-packages/airflow/example_dags/plugins/decreasing_priority_weight_strategy.py for tasks to queue
[2024-11-20T00:45:03.436+0000] {logging_mixin.py:190} INFO - [2024-11-20T00:45:03.435+0000] {dagbag.py:588} INFO - Filling up the DagBag from /home/ubuntu/airflow_venv/lib/python3.12/site-packages/airflow/example_dags/plugins/decreasing_priority_weight_strategy.py
[2024-11-20T00:45:03.439+0000] {processor.py:927} WARNING - No viable dags retrieved from /home/ubuntu/airflow_venv/lib/python3.12/site-packages/airflow/example_dags/plugins/decreasing_priority_weight_strategy.py
[2024-11-20T00:45:03.449+0000] {processor.py:208} INFO - Processing /home/ubuntu/airflow_venv/lib/python3.12/site-packages/airflow/example_dags/plugins/decreasing_priority_weight_strategy.py took 0.024 seconds
[2024-11-20T00:45:58.711+0000] {processor.py:186} INFO - Started process (PID=4839) to work on /home/ubuntu/airflow_venv/lib/python3.12/site-packages/airflow/example_dags/plugins/decreasing_priority_weight_strategy.py
[2024-11-20T00:45:58.713+0000] {processor.py:914} INFO - Processing file /home/ubuntu/airflow_venv/lib/python3.12/site-packages/airflow/example_dags/plugins/decreasing_priority_weight_strategy.py for tasks to queue
[2024-11-20T00:45:58.715+0000] {logging_mixin.py:190} INFO - [2024-11-20T00:45:58.714+0000] {dagbag.py:588} INFO - Filling up the DagBag from /home/ubuntu/airflow_venv/lib/python3.12/site-packages/airflow/example_dags/plugins/decreasing_priority_weight_strategy.py
[2024-11-20T00:45:58.717+0000] {processor.py:927} WARNING - No viable dags retrieved from /home/ubuntu/airflow_venv/lib/python3.12/site-packages/airflow/example_dags/plugins/decreasing_priority_weight_strategy.py
[2024-11-20T00:45:58.728+0000] {processor.py:208} INFO - Processing /home/ubuntu/airflow_venv/lib/python3.12/site-packages/airflow/example_dags/plugins/decreasing_priority_weight_strategy.py took 0.022 seconds
[2024-11-20T00:46:51.356+0000] {processor.py:186} INFO - Started process (PID=4895) to work on /home/ubuntu/airflow_venv/lib/python3.12/site-packages/airflow/example_dags/plugins/decreasing_priority_weight_strategy.py
[2024-11-20T00:46:51.358+0000] {processor.py:914} INFO - Processing file /home/ubuntu/airflow_venv/lib/python3.12/site-packages/airflow/example_dags/plugins/decreasing_priority_weight_strategy.py for tasks to queue
[2024-11-20T00:46:51.359+0000] {logging_mixin.py:190} INFO - [2024-11-20T00:46:51.359+0000] {dagbag.py:588} INFO - Filling up the DagBag from /home/ubuntu/airflow_venv/lib/python3.12/site-packages/airflow/example_dags/plugins/decreasing_priority_weight_strategy.py
[2024-11-20T00:46:51.362+0000] {processor.py:927} WARNING - No viable dags retrieved from /home/ubuntu/airflow_venv/lib/python3.12/site-packages/airflow/example_dags/plugins/decreasing_priority_weight_strategy.py
[2024-11-20T00:46:51.372+0000] {processor.py:208} INFO - Processing /home/ubuntu/airflow_venv/lib/python3.12/site-packages/airflow/example_dags/plugins/decreasing_priority_weight_strategy.py took 0.023 seconds
[2024-11-20T00:47:44.183+0000] {processor.py:186} INFO - Started process (PID=4950) to work on /home/ubuntu/airflow_venv/lib/python3.12/site-packages/airflow/example_dags/plugins/decreasing_priority_weight_strategy.py
[2024-11-20T00:47:44.184+0000] {processor.py:914} INFO - Processing file /home/ubuntu/airflow_venv/lib/python3.12/site-packages/airflow/example_dags/plugins/decreasing_priority_weight_strategy.py for tasks to queue
[2024-11-20T00:47:44.186+0000] {logging_mixin.py:190} INFO - [2024-11-20T00:47:44.185+0000] {dagbag.py:588} INFO - Filling up the DagBag from /home/ubuntu/airflow_venv/lib/python3.12/site-packages/airflow/example_dags/plugins/decreasing_priority_weight_strategy.py
[2024-11-20T00:47:44.189+0000] {processor.py:927} WARNING - No viable dags retrieved from /home/ubuntu/airflow_venv/lib/python3.12/site-packages/airflow/example_dags/plugins/decreasing_priority_weight_strategy.py
[2024-11-20T00:47:44.199+0000] {processor.py:208} INFO - Processing /home/ubuntu/airflow_venv/lib/python3.12/site-packages/airflow/example_dags/plugins/decreasing_priority_weight_strategy.py took 0.023 seconds
[2024-11-20T00:48:37.274+0000] {processor.py:186} INFO - Started process (PID=5004) to work on /home/ubuntu/airflow_venv/lib/python3.12/site-packages/airflow/example_dags/plugins/decreasing_priority_weight_strategy.py
[2024-11-20T00:48:37.275+0000] {processor.py:914} INFO - Processing file /home/ubuntu/airflow_venv/lib/python3.12/site-packages/airflow/example_dags/plugins/decreasing_priority_weight_strategy.py for tasks to queue
[2024-11-20T00:48:37.277+0000] {logging_mixin.py:190} INFO - [2024-11-20T00:48:37.276+0000] {dagbag.py:588} INFO - Filling up the DagBag from /home/ubuntu/airflow_venv/lib/python3.12/site-packages/airflow/example_dags/plugins/decreasing_priority_weight_strategy.py
[2024-11-20T00:48:37.279+0000] {processor.py:927} WARNING - No viable dags retrieved from /home/ubuntu/airflow_venv/lib/python3.12/site-packages/airflow/example_dags/plugins/decreasing_priority_weight_strategy.py
[2024-11-20T00:48:37.290+0000] {processor.py:208} INFO - Processing /home/ubuntu/airflow_venv/lib/python3.12/site-packages/airflow/example_dags/plugins/decreasing_priority_weight_strategy.py took 0.023 seconds
[2024-11-20T00:49:31.547+0000] {processor.py:186} INFO - Started process (PID=5062) to work on /home/ubuntu/airflow_venv/lib/python3.12/site-packages/airflow/example_dags/plugins/decreasing_priority_weight_strategy.py
[2024-11-20T00:49:31.549+0000] {processor.py:914} INFO - Processing file /home/ubuntu/airflow_venv/lib/python3.12/site-packages/airflow/example_dags/plugins/decreasing_priority_weight_strategy.py for tasks to queue
[2024-11-20T00:49:31.550+0000] {logging_mixin.py:190} INFO - [2024-11-20T00:49:31.550+0000] {dagbag.py:588} INFO - Filling up the DagBag from /home/ubuntu/airflow_venv/lib/python3.12/site-packages/airflow/example_dags/plugins/decreasing_priority_weight_strategy.py
[2024-11-20T00:49:31.553+0000] {processor.py:927} WARNING - No viable dags retrieved from /home/ubuntu/airflow_venv/lib/python3.12/site-packages/airflow/example_dags/plugins/decreasing_priority_weight_strategy.py
[2024-11-20T00:49:31.563+0000] {processor.py:208} INFO - Processing /home/ubuntu/airflow_venv/lib/python3.12/site-packages/airflow/example_dags/plugins/decreasing_priority_weight_strategy.py took 0.022 seconds
[2024-11-20T00:50:25.012+0000] {processor.py:186} INFO - Started process (PID=5118) to work on /home/ubuntu/airflow_venv/lib/python3.12/site-packages/airflow/example_dags/plugins/decreasing_priority_weight_strategy.py
[2024-11-20T00:50:25.014+0000] {processor.py:914} INFO - Processing file /home/ubuntu/airflow_venv/lib/python3.12/site-packages/airflow/example_dags/plugins/decreasing_priority_weight_strategy.py for tasks to queue
[2024-11-20T00:50:25.016+0000] {logging_mixin.py:190} INFO - [2024-11-20T00:50:25.015+0000] {dagbag.py:588} INFO - Filling up the DagBag from /home/ubuntu/airflow_venv/lib/python3.12/site-packages/airflow/example_dags/plugins/decreasing_priority_weight_strategy.py
[2024-11-20T00:50:25.018+0000] {processor.py:927} WARNING - No viable dags retrieved from /home/ubuntu/airflow_venv/lib/python3.12/site-packages/airflow/example_dags/plugins/decreasing_priority_weight_strategy.py
[2024-11-20T00:50:25.028+0000] {processor.py:208} INFO - Processing /home/ubuntu/airflow_venv/lib/python3.12/site-packages/airflow/example_dags/plugins/decreasing_priority_weight_strategy.py took 0.023 seconds
[2024-11-20T00:51:20.829+0000] {processor.py:186} INFO - Started process (PID=5176) to work on /home/ubuntu/airflow_venv/lib/python3.12/site-packages/airflow/example_dags/plugins/decreasing_priority_weight_strategy.py
[2024-11-20T00:51:20.832+0000] {processor.py:914} INFO - Processing file /home/ubuntu/airflow_venv/lib/python3.12/site-packages/airflow/example_dags/plugins/decreasing_priority_weight_strategy.py for tasks to queue
[2024-11-20T00:51:20.834+0000] {logging_mixin.py:190} INFO - [2024-11-20T00:51:20.833+0000] {dagbag.py:588} INFO - Filling up the DagBag from /home/ubuntu/airflow_venv/lib/python3.12/site-packages/airflow/example_dags/plugins/decreasing_priority_weight_strategy.py
[2024-11-20T00:51:20.836+0000] {processor.py:927} WARNING - No viable dags retrieved from /home/ubuntu/airflow_venv/lib/python3.12/site-packages/airflow/example_dags/plugins/decreasing_priority_weight_strategy.py
[2024-11-20T00:51:20.847+0000] {processor.py:208} INFO - Processing /home/ubuntu/airflow_venv/lib/python3.12/site-packages/airflow/example_dags/plugins/decreasing_priority_weight_strategy.py took 0.024 seconds
[2024-11-20T00:52:18.482+0000] {processor.py:186} INFO - Started process (PID=5237) to work on /home/ubuntu/airflow_venv/lib/python3.12/site-packages/airflow/example_dags/plugins/decreasing_priority_weight_strategy.py
[2024-11-20T00:52:18.484+0000] {processor.py:914} INFO - Processing file /home/ubuntu/airflow_venv/lib/python3.12/site-packages/airflow/example_dags/plugins/decreasing_priority_weight_strategy.py for tasks to queue
[2024-11-20T00:52:18.485+0000] {logging_mixin.py:190} INFO - [2024-11-20T00:52:18.485+0000] {dagbag.py:588} INFO - Filling up the DagBag from /home/ubuntu/airflow_venv/lib/python3.12/site-packages/airflow/example_dags/plugins/decreasing_priority_weight_strategy.py
[2024-11-20T00:52:18.488+0000] {processor.py:927} WARNING - No viable dags retrieved from /home/ubuntu/airflow_venv/lib/python3.12/site-packages/airflow/example_dags/plugins/decreasing_priority_weight_strategy.py
[2024-11-20T00:52:18.499+0000] {processor.py:208} INFO - Processing /home/ubuntu/airflow_venv/lib/python3.12/site-packages/airflow/example_dags/plugins/decreasing_priority_weight_strategy.py took 0.024 seconds
[2024-11-20T00:53:15.762+0000] {processor.py:186} INFO - Started process (PID=5293) to work on /home/ubuntu/airflow_venv/lib/python3.12/site-packages/airflow/example_dags/plugins/decreasing_priority_weight_strategy.py
[2024-11-20T00:53:15.763+0000] {processor.py:914} INFO - Processing file /home/ubuntu/airflow_venv/lib/python3.12/site-packages/airflow/example_dags/plugins/decreasing_priority_weight_strategy.py for tasks to queue
[2024-11-20T00:53:15.765+0000] {logging_mixin.py:190} INFO - [2024-11-20T00:53:15.764+0000] {dagbag.py:588} INFO - Filling up the DagBag from /home/ubuntu/airflow_venv/lib/python3.12/site-packages/airflow/example_dags/plugins/decreasing_priority_weight_strategy.py
[2024-11-20T00:53:15.767+0000] {processor.py:927} WARNING - No viable dags retrieved from /home/ubuntu/airflow_venv/lib/python3.12/site-packages/airflow/example_dags/plugins/decreasing_priority_weight_strategy.py
[2024-11-20T00:53:15.778+0000] {processor.py:208} INFO - Processing /home/ubuntu/airflow_venv/lib/python3.12/site-packages/airflow/example_dags/plugins/decreasing_priority_weight_strategy.py took 0.023 seconds
[2024-11-20T00:54:10.133+0000] {processor.py:186} INFO - Started process (PID=5363) to work on /home/ubuntu/airflow_venv/lib/python3.12/site-packages/airflow/example_dags/plugins/decreasing_priority_weight_strategy.py
[2024-11-20T00:54:10.134+0000] {processor.py:914} INFO - Processing file /home/ubuntu/airflow_venv/lib/python3.12/site-packages/airflow/example_dags/plugins/decreasing_priority_weight_strategy.py for tasks to queue
[2024-11-20T00:54:10.135+0000] {logging_mixin.py:190} INFO - [2024-11-20T00:54:10.135+0000] {dagbag.py:588} INFO - Filling up the DagBag from /home/ubuntu/airflow_venv/lib/python3.12/site-packages/airflow/example_dags/plugins/decreasing_priority_weight_strategy.py
[2024-11-20T00:54:10.138+0000] {processor.py:927} WARNING - No viable dags retrieved from /home/ubuntu/airflow_venv/lib/python3.12/site-packages/airflow/example_dags/plugins/decreasing_priority_weight_strategy.py
[2024-11-20T00:54:10.148+0000] {processor.py:208} INFO - Processing /home/ubuntu/airflow_venv/lib/python3.12/site-packages/airflow/example_dags/plugins/decreasing_priority_weight_strategy.py took 0.022 seconds
[2024-11-20T00:55:01.622+0000] {processor.py:186} INFO - Started process (PID=5419) to work on /home/ubuntu/airflow_venv/lib/python3.12/site-packages/airflow/example_dags/plugins/decreasing_priority_weight_strategy.py
[2024-11-20T00:55:01.624+0000] {processor.py:914} INFO - Processing file /home/ubuntu/airflow_venv/lib/python3.12/site-packages/airflow/example_dags/plugins/decreasing_priority_weight_strategy.py for tasks to queue
[2024-11-20T00:55:01.626+0000] {logging_mixin.py:190} INFO - [2024-11-20T00:55:01.625+0000] {dagbag.py:588} INFO - Filling up the DagBag from /home/ubuntu/airflow_venv/lib/python3.12/site-packages/airflow/example_dags/plugins/decreasing_priority_weight_strategy.py
[2024-11-20T00:55:01.628+0000] {processor.py:927} WARNING - No viable dags retrieved from /home/ubuntu/airflow_venv/lib/python3.12/site-packages/airflow/example_dags/plugins/decreasing_priority_weight_strategy.py
[2024-11-20T00:55:01.640+0000] {processor.py:208} INFO - Processing /home/ubuntu/airflow_venv/lib/python3.12/site-packages/airflow/example_dags/plugins/decreasing_priority_weight_strategy.py took 0.025 seconds
[2024-11-20T00:55:54.184+0000] {processor.py:186} INFO - Started process (PID=5476) to work on /home/ubuntu/airflow_venv/lib/python3.12/site-packages/airflow/example_dags/plugins/decreasing_priority_weight_strategy.py
[2024-11-20T00:55:54.186+0000] {processor.py:914} INFO - Processing file /home/ubuntu/airflow_venv/lib/python3.12/site-packages/airflow/example_dags/plugins/decreasing_priority_weight_strategy.py for tasks to queue
[2024-11-20T00:55:54.188+0000] {logging_mixin.py:190} INFO - [2024-11-20T00:55:54.187+0000] {dagbag.py:588} INFO - Filling up the DagBag from /home/ubuntu/airflow_venv/lib/python3.12/site-packages/airflow/example_dags/plugins/decreasing_priority_weight_strategy.py
[2024-11-20T00:55:54.189+0000] {processor.py:927} WARNING - No viable dags retrieved from /home/ubuntu/airflow_venv/lib/python3.12/site-packages/airflow/example_dags/plugins/decreasing_priority_weight_strategy.py
[2024-11-20T00:55:54.200+0000] {processor.py:208} INFO - Processing /home/ubuntu/airflow_venv/lib/python3.12/site-packages/airflow/example_dags/plugins/decreasing_priority_weight_strategy.py took 0.022 seconds
[2024-11-20T00:56:48.450+0000] {processor.py:186} INFO - Started process (PID=5533) to work on /home/ubuntu/airflow_venv/lib/python3.12/site-packages/airflow/example_dags/plugins/decreasing_priority_weight_strategy.py
[2024-11-20T00:56:48.452+0000] {processor.py:914} INFO - Processing file /home/ubuntu/airflow_venv/lib/python3.12/site-packages/airflow/example_dags/plugins/decreasing_priority_weight_strategy.py for tasks to queue
[2024-11-20T00:56:48.453+0000] {logging_mixin.py:190} INFO - [2024-11-20T00:56:48.453+0000] {dagbag.py:588} INFO - Filling up the DagBag from /home/ubuntu/airflow_venv/lib/python3.12/site-packages/airflow/example_dags/plugins/decreasing_priority_weight_strategy.py
[2024-11-20T00:56:48.456+0000] {processor.py:927} WARNING - No viable dags retrieved from /home/ubuntu/airflow_venv/lib/python3.12/site-packages/airflow/example_dags/plugins/decreasing_priority_weight_strategy.py
[2024-11-20T00:56:48.466+0000] {processor.py:208} INFO - Processing /home/ubuntu/airflow_venv/lib/python3.12/site-packages/airflow/example_dags/plugins/decreasing_priority_weight_strategy.py took 0.023 seconds
[2024-11-20T00:57:40.986+0000] {processor.py:186} INFO - Started process (PID=5588) to work on /home/ubuntu/airflow_venv/lib/python3.12/site-packages/airflow/example_dags/plugins/decreasing_priority_weight_strategy.py
[2024-11-20T00:57:40.987+0000] {processor.py:914} INFO - Processing file /home/ubuntu/airflow_venv/lib/python3.12/site-packages/airflow/example_dags/plugins/decreasing_priority_weight_strategy.py for tasks to queue
[2024-11-20T00:57:40.988+0000] {logging_mixin.py:190} INFO - [2024-11-20T00:57:40.988+0000] {dagbag.py:588} INFO - Filling up the DagBag from /home/ubuntu/airflow_venv/lib/python3.12/site-packages/airflow/example_dags/plugins/decreasing_priority_weight_strategy.py
[2024-11-20T00:57:40.991+0000] {processor.py:927} WARNING - No viable dags retrieved from /home/ubuntu/airflow_venv/lib/python3.12/site-packages/airflow/example_dags/plugins/decreasing_priority_weight_strategy.py
[2024-11-20T00:57:41.002+0000] {processor.py:208} INFO - Processing /home/ubuntu/airflow_venv/lib/python3.12/site-packages/airflow/example_dags/plugins/decreasing_priority_weight_strategy.py took 0.024 seconds
[2024-11-20T00:58:32.961+0000] {processor.py:186} INFO - Started process (PID=5643) to work on /home/ubuntu/airflow_venv/lib/python3.12/site-packages/airflow/example_dags/plugins/decreasing_priority_weight_strategy.py
[2024-11-20T00:58:32.964+0000] {processor.py:914} INFO - Processing file /home/ubuntu/airflow_venv/lib/python3.12/site-packages/airflow/example_dags/plugins/decreasing_priority_weight_strategy.py for tasks to queue
[2024-11-20T00:58:32.965+0000] {logging_mixin.py:190} INFO - [2024-11-20T00:58:32.965+0000] {dagbag.py:588} INFO - Filling up the DagBag from /home/ubuntu/airflow_venv/lib/python3.12/site-packages/airflow/example_dags/plugins/decreasing_priority_weight_strategy.py
[2024-11-20T00:58:32.968+0000] {processor.py:927} WARNING - No viable dags retrieved from /home/ubuntu/airflow_venv/lib/python3.12/site-packages/airflow/example_dags/plugins/decreasing_priority_weight_strategy.py
[2024-11-20T00:58:32.978+0000] {processor.py:208} INFO - Processing /home/ubuntu/airflow_venv/lib/python3.12/site-packages/airflow/example_dags/plugins/decreasing_priority_weight_strategy.py took 0.023 seconds
[2024-11-20T00:59:24.911+0000] {processor.py:186} INFO - Started process (PID=5701) to work on /home/ubuntu/airflow_venv/lib/python3.12/site-packages/airflow/example_dags/plugins/decreasing_priority_weight_strategy.py
[2024-11-20T00:59:24.912+0000] {processor.py:914} INFO - Processing file /home/ubuntu/airflow_venv/lib/python3.12/site-packages/airflow/example_dags/plugins/decreasing_priority_weight_strategy.py for tasks to queue
[2024-11-20T00:59:24.913+0000] {logging_mixin.py:190} INFO - [2024-11-20T00:59:24.913+0000] {dagbag.py:588} INFO - Filling up the DagBag from /home/ubuntu/airflow_venv/lib/python3.12/site-packages/airflow/example_dags/plugins/decreasing_priority_weight_strategy.py
[2024-11-20T00:59:24.916+0000] {processor.py:927} WARNING - No viable dags retrieved from /home/ubuntu/airflow_venv/lib/python3.12/site-packages/airflow/example_dags/plugins/decreasing_priority_weight_strategy.py
[2024-11-20T00:59:24.927+0000] {processor.py:208} INFO - Processing /home/ubuntu/airflow_venv/lib/python3.12/site-packages/airflow/example_dags/plugins/decreasing_priority_weight_strategy.py took 0.023 seconds
[2024-11-20T01:00:19.357+0000] {processor.py:186} INFO - Started process (PID=5760) to work on /home/ubuntu/airflow_venv/lib/python3.12/site-packages/airflow/example_dags/plugins/decreasing_priority_weight_strategy.py
[2024-11-20T01:00:19.358+0000] {processor.py:914} INFO - Processing file /home/ubuntu/airflow_venv/lib/python3.12/site-packages/airflow/example_dags/plugins/decreasing_priority_weight_strategy.py for tasks to queue
[2024-11-20T01:00:19.359+0000] {logging_mixin.py:190} INFO - [2024-11-20T01:00:19.359+0000] {dagbag.py:588} INFO - Filling up the DagBag from /home/ubuntu/airflow_venv/lib/python3.12/site-packages/airflow/example_dags/plugins/decreasing_priority_weight_strategy.py
[2024-11-20T01:00:19.362+0000] {processor.py:927} WARNING - No viable dags retrieved from /home/ubuntu/airflow_venv/lib/python3.12/site-packages/airflow/example_dags/plugins/decreasing_priority_weight_strategy.py
[2024-11-20T01:00:19.372+0000] {processor.py:208} INFO - Processing /home/ubuntu/airflow_venv/lib/python3.12/site-packages/airflow/example_dags/plugins/decreasing_priority_weight_strategy.py took 0.022 seconds
[2024-11-20T01:01:14.248+0000] {processor.py:186} INFO - Started process (PID=5817) to work on /home/ubuntu/airflow_venv/lib/python3.12/site-packages/airflow/example_dags/plugins/decreasing_priority_weight_strategy.py
[2024-11-20T01:01:14.250+0000] {processor.py:914} INFO - Processing file /home/ubuntu/airflow_venv/lib/python3.12/site-packages/airflow/example_dags/plugins/decreasing_priority_weight_strategy.py for tasks to queue
[2024-11-20T01:01:14.252+0000] {logging_mixin.py:190} INFO - [2024-11-20T01:01:14.251+0000] {dagbag.py:588} INFO - Filling up the DagBag from /home/ubuntu/airflow_venv/lib/python3.12/site-packages/airflow/example_dags/plugins/decreasing_priority_weight_strategy.py
[2024-11-20T01:01:14.254+0000] {processor.py:927} WARNING - No viable dags retrieved from /home/ubuntu/airflow_venv/lib/python3.12/site-packages/airflow/example_dags/plugins/decreasing_priority_weight_strategy.py
[2024-11-20T01:01:14.265+0000] {processor.py:208} INFO - Processing /home/ubuntu/airflow_venv/lib/python3.12/site-packages/airflow/example_dags/plugins/decreasing_priority_weight_strategy.py took 0.023 seconds
[2024-11-20T01:01:52.974+0000] {processor.py:186} INFO - Started process (PID=5860) to work on /home/ubuntu/airflow_venv/lib/python3.12/site-packages/airflow/example_dags/plugins/decreasing_priority_weight_strategy.py
[2024-11-20T01:01:52.975+0000] {processor.py:914} INFO - Processing file /home/ubuntu/airflow_venv/lib/python3.12/site-packages/airflow/example_dags/plugins/decreasing_priority_weight_strategy.py for tasks to queue
[2024-11-20T01:01:52.977+0000] {logging_mixin.py:190} INFO - [2024-11-20T01:01:52.977+0000] {dagbag.py:588} INFO - Filling up the DagBag from /home/ubuntu/airflow_venv/lib/python3.12/site-packages/airflow/example_dags/plugins/decreasing_priority_weight_strategy.py
[2024-11-20T01:01:52.979+0000] {processor.py:927} WARNING - No viable dags retrieved from /home/ubuntu/airflow_venv/lib/python3.12/site-packages/airflow/example_dags/plugins/decreasing_priority_weight_strategy.py
[2024-11-20T01:01:52.990+0000] {processor.py:208} INFO - Processing /home/ubuntu/airflow_venv/lib/python3.12/site-packages/airflow/example_dags/plugins/decreasing_priority_weight_strategy.py took 0.022 seconds
[2024-11-20T01:02:29.831+0000] {processor.py:186} INFO - Started process (PID=5899) to work on /home/ubuntu/airflow_venv/lib/python3.12/site-packages/airflow/example_dags/plugins/decreasing_priority_weight_strategy.py
[2024-11-20T01:02:29.832+0000] {processor.py:914} INFO - Processing file /home/ubuntu/airflow_venv/lib/python3.12/site-packages/airflow/example_dags/plugins/decreasing_priority_weight_strategy.py for tasks to queue
[2024-11-20T01:02:29.834+0000] {logging_mixin.py:190} INFO - [2024-11-20T01:02:29.833+0000] {dagbag.py:588} INFO - Filling up the DagBag from /home/ubuntu/airflow_venv/lib/python3.12/site-packages/airflow/example_dags/plugins/decreasing_priority_weight_strategy.py
[2024-11-20T01:02:29.837+0000] {processor.py:927} WARNING - No viable dags retrieved from /home/ubuntu/airflow_venv/lib/python3.12/site-packages/airflow/example_dags/plugins/decreasing_priority_weight_strategy.py
[2024-11-20T01:02:29.848+0000] {processor.py:208} INFO - Processing /home/ubuntu/airflow_venv/lib/python3.12/site-packages/airflow/example_dags/plugins/decreasing_priority_weight_strategy.py took 0.023 seconds
[2024-11-20T01:03:25.795+0000] {processor.py:186} INFO - Started process (PID=5955) to work on /home/ubuntu/airflow_venv/lib/python3.12/site-packages/airflow/example_dags/plugins/decreasing_priority_weight_strategy.py
[2024-11-20T01:03:25.797+0000] {processor.py:914} INFO - Processing file /home/ubuntu/airflow_venv/lib/python3.12/site-packages/airflow/example_dags/plugins/decreasing_priority_weight_strategy.py for tasks to queue
[2024-11-20T01:03:25.798+0000] {logging_mixin.py:190} INFO - [2024-11-20T01:03:25.798+0000] {dagbag.py:588} INFO - Filling up the DagBag from /home/ubuntu/airflow_venv/lib/python3.12/site-packages/airflow/example_dags/plugins/decreasing_priority_weight_strategy.py
[2024-11-20T01:03:25.800+0000] {processor.py:927} WARNING - No viable dags retrieved from /home/ubuntu/airflow_venv/lib/python3.12/site-packages/airflow/example_dags/plugins/decreasing_priority_weight_strategy.py
[2024-11-20T01:03:25.811+0000] {processor.py:208} INFO - Processing /home/ubuntu/airflow_venv/lib/python3.12/site-packages/airflow/example_dags/plugins/decreasing_priority_weight_strategy.py took 0.022 seconds
[2024-11-20T01:04:21.664+0000] {processor.py:186} INFO - Started process (PID=6014) to work on /home/ubuntu/airflow_venv/lib/python3.12/site-packages/airflow/example_dags/plugins/decreasing_priority_weight_strategy.py
[2024-11-20T01:04:21.666+0000] {processor.py:914} INFO - Processing file /home/ubuntu/airflow_venv/lib/python3.12/site-packages/airflow/example_dags/plugins/decreasing_priority_weight_strategy.py for tasks to queue
[2024-11-20T01:04:21.667+0000] {logging_mixin.py:190} INFO - [2024-11-20T01:04:21.667+0000] {dagbag.py:588} INFO - Filling up the DagBag from /home/ubuntu/airflow_venv/lib/python3.12/site-packages/airflow/example_dags/plugins/decreasing_priority_weight_strategy.py
[2024-11-20T01:04:21.670+0000] {processor.py:927} WARNING - No viable dags retrieved from /home/ubuntu/airflow_venv/lib/python3.12/site-packages/airflow/example_dags/plugins/decreasing_priority_weight_strategy.py
[2024-11-20T01:04:21.680+0000] {processor.py:208} INFO - Processing /home/ubuntu/airflow_venv/lib/python3.12/site-packages/airflow/example_dags/plugins/decreasing_priority_weight_strategy.py took 0.023 seconds
[2024-11-20T01:05:18.206+0000] {processor.py:186} INFO - Started process (PID=6074) to work on /home/ubuntu/airflow_venv/lib/python3.12/site-packages/airflow/example_dags/plugins/decreasing_priority_weight_strategy.py
[2024-11-20T01:05:18.207+0000] {processor.py:914} INFO - Processing file /home/ubuntu/airflow_venv/lib/python3.12/site-packages/airflow/example_dags/plugins/decreasing_priority_weight_strategy.py for tasks to queue
[2024-11-20T01:05:18.209+0000] {logging_mixin.py:190} INFO - [2024-11-20T01:05:18.208+0000] {dagbag.py:588} INFO - Filling up the DagBag from /home/ubuntu/airflow_venv/lib/python3.12/site-packages/airflow/example_dags/plugins/decreasing_priority_weight_strategy.py
[2024-11-20T01:05:18.212+0000] {processor.py:927} WARNING - No viable dags retrieved from /home/ubuntu/airflow_venv/lib/python3.12/site-packages/airflow/example_dags/plugins/decreasing_priority_weight_strategy.py
[2024-11-20T01:05:18.222+0000] {processor.py:208} INFO - Processing /home/ubuntu/airflow_venv/lib/python3.12/site-packages/airflow/example_dags/plugins/decreasing_priority_weight_strategy.py took 0.023 seconds
[2024-11-20T01:06:11.537+0000] {processor.py:186} INFO - Started process (PID=6129) to work on /home/ubuntu/airflow_venv/lib/python3.12/site-packages/airflow/example_dags/plugins/decreasing_priority_weight_strategy.py
[2024-11-20T01:06:11.540+0000] {processor.py:914} INFO - Processing file /home/ubuntu/airflow_venv/lib/python3.12/site-packages/airflow/example_dags/plugins/decreasing_priority_weight_strategy.py for tasks to queue
[2024-11-20T01:06:11.541+0000] {logging_mixin.py:190} INFO - [2024-11-20T01:06:11.540+0000] {dagbag.py:588} INFO - Filling up the DagBag from /home/ubuntu/airflow_venv/lib/python3.12/site-packages/airflow/example_dags/plugins/decreasing_priority_weight_strategy.py
[2024-11-20T01:06:11.543+0000] {processor.py:927} WARNING - No viable dags retrieved from /home/ubuntu/airflow_venv/lib/python3.12/site-packages/airflow/example_dags/plugins/decreasing_priority_weight_strategy.py
[2024-11-20T01:06:11.554+0000] {processor.py:208} INFO - Processing /home/ubuntu/airflow_venv/lib/python3.12/site-packages/airflow/example_dags/plugins/decreasing_priority_weight_strategy.py took 0.024 seconds
[2024-11-20T01:07:03.002+0000] {processor.py:186} INFO - Started process (PID=6183) to work on /home/ubuntu/airflow_venv/lib/python3.12/site-packages/airflow/example_dags/plugins/decreasing_priority_weight_strategy.py
[2024-11-20T01:07:03.003+0000] {processor.py:914} INFO - Processing file /home/ubuntu/airflow_venv/lib/python3.12/site-packages/airflow/example_dags/plugins/decreasing_priority_weight_strategy.py for tasks to queue
[2024-11-20T01:07:03.005+0000] {logging_mixin.py:190} INFO - [2024-11-20T01:07:03.004+0000] {dagbag.py:588} INFO - Filling up the DagBag from /home/ubuntu/airflow_venv/lib/python3.12/site-packages/airflow/example_dags/plugins/decreasing_priority_weight_strategy.py
[2024-11-20T01:07:03.007+0000] {processor.py:927} WARNING - No viable dags retrieved from /home/ubuntu/airflow_venv/lib/python3.12/site-packages/airflow/example_dags/plugins/decreasing_priority_weight_strategy.py
[2024-11-20T01:07:03.019+0000] {processor.py:208} INFO - Processing /home/ubuntu/airflow_venv/lib/python3.12/site-packages/airflow/example_dags/plugins/decreasing_priority_weight_strategy.py took 0.024 seconds
[2024-11-20T01:07:56.646+0000] {processor.py:186} INFO - Started process (PID=6239) to work on /home/ubuntu/airflow_venv/lib/python3.12/site-packages/airflow/example_dags/plugins/decreasing_priority_weight_strategy.py
[2024-11-20T01:07:56.647+0000] {processor.py:914} INFO - Processing file /home/ubuntu/airflow_venv/lib/python3.12/site-packages/airflow/example_dags/plugins/decreasing_priority_weight_strategy.py for tasks to queue
[2024-11-20T01:07:56.649+0000] {logging_mixin.py:190} INFO - [2024-11-20T01:07:56.648+0000] {dagbag.py:588} INFO - Filling up the DagBag from /home/ubuntu/airflow_venv/lib/python3.12/site-packages/airflow/example_dags/plugins/decreasing_priority_weight_strategy.py
[2024-11-20T01:07:56.651+0000] {processor.py:927} WARNING - No viable dags retrieved from /home/ubuntu/airflow_venv/lib/python3.12/site-packages/airflow/example_dags/plugins/decreasing_priority_weight_strategy.py
[2024-11-20T01:07:56.662+0000] {processor.py:208} INFO - Processing /home/ubuntu/airflow_venv/lib/python3.12/site-packages/airflow/example_dags/plugins/decreasing_priority_weight_strategy.py took 0.022 seconds
[2024-11-20T01:08:50.825+0000] {processor.py:186} INFO - Started process (PID=6293) to work on /home/ubuntu/airflow_venv/lib/python3.12/site-packages/airflow/example_dags/plugins/decreasing_priority_weight_strategy.py
[2024-11-20T01:08:50.827+0000] {processor.py:914} INFO - Processing file /home/ubuntu/airflow_venv/lib/python3.12/site-packages/airflow/example_dags/plugins/decreasing_priority_weight_strategy.py for tasks to queue
[2024-11-20T01:08:50.829+0000] {logging_mixin.py:190} INFO - [2024-11-20T01:08:50.828+0000] {dagbag.py:588} INFO - Filling up the DagBag from /home/ubuntu/airflow_venv/lib/python3.12/site-packages/airflow/example_dags/plugins/decreasing_priority_weight_strategy.py
[2024-11-20T01:08:50.831+0000] {processor.py:927} WARNING - No viable dags retrieved from /home/ubuntu/airflow_venv/lib/python3.12/site-packages/airflow/example_dags/plugins/decreasing_priority_weight_strategy.py
[2024-11-20T01:08:50.842+0000] {processor.py:208} INFO - Processing /home/ubuntu/airflow_venv/lib/python3.12/site-packages/airflow/example_dags/plugins/decreasing_priority_weight_strategy.py took 0.023 seconds
[2024-11-20T01:09:49.763+0000] {processor.py:186} INFO - Started process (PID=6351) to work on /home/ubuntu/airflow_venv/lib/python3.12/site-packages/airflow/example_dags/plugins/decreasing_priority_weight_strategy.py
[2024-11-20T01:09:49.765+0000] {processor.py:914} INFO - Processing file /home/ubuntu/airflow_venv/lib/python3.12/site-packages/airflow/example_dags/plugins/decreasing_priority_weight_strategy.py for tasks to queue
[2024-11-20T01:09:49.766+0000] {logging_mixin.py:190} INFO - [2024-11-20T01:09:49.766+0000] {dagbag.py:588} INFO - Filling up the DagBag from /home/ubuntu/airflow_venv/lib/python3.12/site-packages/airflow/example_dags/plugins/decreasing_priority_weight_strategy.py
[2024-11-20T01:09:49.768+0000] {processor.py:927} WARNING - No viable dags retrieved from /home/ubuntu/airflow_venv/lib/python3.12/site-packages/airflow/example_dags/plugins/decreasing_priority_weight_strategy.py
[2024-11-20T01:09:49.778+0000] {processor.py:208} INFO - Processing /home/ubuntu/airflow_venv/lib/python3.12/site-packages/airflow/example_dags/plugins/decreasing_priority_weight_strategy.py took 0.022 seconds
[2024-11-20T01:10:46.338+0000] {processor.py:186} INFO - Started process (PID=6415) to work on /home/ubuntu/airflow_venv/lib/python3.12/site-packages/airflow/example_dags/plugins/decreasing_priority_weight_strategy.py
[2024-11-20T01:10:46.340+0000] {processor.py:914} INFO - Processing file /home/ubuntu/airflow_venv/lib/python3.12/site-packages/airflow/example_dags/plugins/decreasing_priority_weight_strategy.py for tasks to queue
[2024-11-20T01:10:46.341+0000] {logging_mixin.py:190} INFO - [2024-11-20T01:10:46.340+0000] {dagbag.py:588} INFO - Filling up the DagBag from /home/ubuntu/airflow_venv/lib/python3.12/site-packages/airflow/example_dags/plugins/decreasing_priority_weight_strategy.py
[2024-11-20T01:10:46.343+0000] {processor.py:927} WARNING - No viable dags retrieved from /home/ubuntu/airflow_venv/lib/python3.12/site-packages/airflow/example_dags/plugins/decreasing_priority_weight_strategy.py
[2024-11-20T01:10:46.354+0000] {processor.py:208} INFO - Processing /home/ubuntu/airflow_venv/lib/python3.12/site-packages/airflow/example_dags/plugins/decreasing_priority_weight_strategy.py took 0.023 seconds
[2024-11-20T01:11:40.459+0000] {processor.py:186} INFO - Started process (PID=6470) to work on /home/ubuntu/airflow_venv/lib/python3.12/site-packages/airflow/example_dags/plugins/decreasing_priority_weight_strategy.py
[2024-11-20T01:11:40.460+0000] {processor.py:914} INFO - Processing file /home/ubuntu/airflow_venv/lib/python3.12/site-packages/airflow/example_dags/plugins/decreasing_priority_weight_strategy.py for tasks to queue
[2024-11-20T01:11:40.461+0000] {logging_mixin.py:190} INFO - [2024-11-20T01:11:40.461+0000] {dagbag.py:588} INFO - Filling up the DagBag from /home/ubuntu/airflow_venv/lib/python3.12/site-packages/airflow/example_dags/plugins/decreasing_priority_weight_strategy.py
[2024-11-20T01:11:40.464+0000] {processor.py:927} WARNING - No viable dags retrieved from /home/ubuntu/airflow_venv/lib/python3.12/site-packages/airflow/example_dags/plugins/decreasing_priority_weight_strategy.py
[2024-11-20T01:11:40.474+0000] {processor.py:208} INFO - Processing /home/ubuntu/airflow_venv/lib/python3.12/site-packages/airflow/example_dags/plugins/decreasing_priority_weight_strategy.py took 0.022 seconds
[2024-11-20T01:12:33.006+0000] {processor.py:186} INFO - Started process (PID=6525) to work on /home/ubuntu/airflow_venv/lib/python3.12/site-packages/airflow/example_dags/plugins/decreasing_priority_weight_strategy.py
[2024-11-20T01:12:33.008+0000] {processor.py:914} INFO - Processing file /home/ubuntu/airflow_venv/lib/python3.12/site-packages/airflow/example_dags/plugins/decreasing_priority_weight_strategy.py for tasks to queue
[2024-11-20T01:12:33.010+0000] {logging_mixin.py:190} INFO - [2024-11-20T01:12:33.010+0000] {dagbag.py:588} INFO - Filling up the DagBag from /home/ubuntu/airflow_venv/lib/python3.12/site-packages/airflow/example_dags/plugins/decreasing_priority_weight_strategy.py
[2024-11-20T01:12:33.012+0000] {processor.py:927} WARNING - No viable dags retrieved from /home/ubuntu/airflow_venv/lib/python3.12/site-packages/airflow/example_dags/plugins/decreasing_priority_weight_strategy.py
[2024-11-20T01:12:33.023+0000] {processor.py:208} INFO - Processing /home/ubuntu/airflow_venv/lib/python3.12/site-packages/airflow/example_dags/plugins/decreasing_priority_weight_strategy.py took 0.024 seconds
