[2024-11-20T00:16:03.129+0000] {processor.py:186} INFO - Started process (PID=1853) to work on /home/ubuntu/airflow_venv/lib/python3.12/site-packages/airflow/example_dags/plugins/event_listener.py
[2024-11-20T00:16:03.136+0000] {processor.py:914} INFO - Processing file /home/ubuntu/airflow_venv/lib/python3.12/site-packages/airflow/example_dags/plugins/event_listener.py for tasks to queue
[2024-11-20T00:16:03.148+0000] {logging_mixin.py:190} INFO - [2024-11-20T00:16:03.147+0000] {dagbag.py:588} INFO - Filling up the DagBag from /home/ubuntu/airflow_venv/lib/python3.12/site-packages/airflow/example_dags/plugins/event_listener.py
[2024-11-20T00:16:03.158+0000] {processor.py:927} WARNING - No viable dags retrieved from /home/ubuntu/airflow_venv/lib/python3.12/site-packages/airflow/example_dags/plugins/event_listener.py
[2024-11-20T00:16:03.221+0000] {processor.py:208} INFO - Processing /home/ubuntu/airflow_venv/lib/python3.12/site-packages/airflow/example_dags/plugins/event_listener.py took 0.116 seconds
[2024-11-20T00:17:02.346+0000] {processor.py:186} INFO - Started process (PID=2085) to work on /home/ubuntu/airflow_venv/lib/python3.12/site-packages/airflow/example_dags/plugins/event_listener.py
[2024-11-20T00:17:02.348+0000] {processor.py:914} INFO - Processing file /home/ubuntu/airflow_venv/lib/python3.12/site-packages/airflow/example_dags/plugins/event_listener.py for tasks to queue
[2024-11-20T00:17:02.350+0000] {logging_mixin.py:190} INFO - [2024-11-20T00:17:02.349+0000] {dagbag.py:588} INFO - Filling up the DagBag from /home/ubuntu/airflow_venv/lib/python3.12/site-packages/airflow/example_dags/plugins/event_listener.py
[2024-11-20T00:17:02.353+0000] {processor.py:927} WARNING - No viable dags retrieved from /home/ubuntu/airflow_venv/lib/python3.12/site-packages/airflow/example_dags/plugins/event_listener.py
[2024-11-20T00:17:02.363+0000] {processor.py:208} INFO - Processing /home/ubuntu/airflow_venv/lib/python3.12/site-packages/airflow/example_dags/plugins/event_listener.py took 0.023 seconds
[2024-11-20T00:17:59.324+0000] {processor.py:186} INFO - Started process (PID=2146) to work on /home/ubuntu/airflow_venv/lib/python3.12/site-packages/airflow/example_dags/plugins/event_listener.py
[2024-11-20T00:17:59.326+0000] {processor.py:914} INFO - Processing file /home/ubuntu/airflow_venv/lib/python3.12/site-packages/airflow/example_dags/plugins/event_listener.py for tasks to queue
[2024-11-20T00:17:59.328+0000] {logging_mixin.py:190} INFO - [2024-11-20T00:17:59.328+0000] {dagbag.py:588} INFO - Filling up the DagBag from /home/ubuntu/airflow_venv/lib/python3.12/site-packages/airflow/example_dags/plugins/event_listener.py
[2024-11-20T00:17:59.331+0000] {processor.py:927} WARNING - No viable dags retrieved from /home/ubuntu/airflow_venv/lib/python3.12/site-packages/airflow/example_dags/plugins/event_listener.py
[2024-11-20T00:17:59.341+0000] {processor.py:208} INFO - Processing /home/ubuntu/airflow_venv/lib/python3.12/site-packages/airflow/example_dags/plugins/event_listener.py took 0.022 seconds
[2024-11-20T00:18:51.055+0000] {processor.py:186} INFO - Started process (PID=2199) to work on /home/ubuntu/airflow_venv/lib/python3.12/site-packages/airflow/example_dags/plugins/event_listener.py
[2024-11-20T00:18:51.057+0000] {processor.py:914} INFO - Processing file /home/ubuntu/airflow_venv/lib/python3.12/site-packages/airflow/example_dags/plugins/event_listener.py for tasks to queue
[2024-11-20T00:18:51.059+0000] {logging_mixin.py:190} INFO - [2024-11-20T00:18:51.059+0000] {dagbag.py:588} INFO - Filling up the DagBag from /home/ubuntu/airflow_venv/lib/python3.12/site-packages/airflow/example_dags/plugins/event_listener.py
[2024-11-20T00:18:51.061+0000] {processor.py:927} WARNING - No viable dags retrieved from /home/ubuntu/airflow_venv/lib/python3.12/site-packages/airflow/example_dags/plugins/event_listener.py
[2024-11-20T00:18:51.071+0000] {processor.py:208} INFO - Processing /home/ubuntu/airflow_venv/lib/python3.12/site-packages/airflow/example_dags/plugins/event_listener.py took 0.021 seconds
[2024-11-20T00:19:44.655+0000] {processor.py:186} INFO - Started process (PID=2256) to work on /home/ubuntu/airflow_venv/lib/python3.12/site-packages/airflow/example_dags/plugins/event_listener.py
[2024-11-20T00:19:44.657+0000] {processor.py:914} INFO - Processing file /home/ubuntu/airflow_venv/lib/python3.12/site-packages/airflow/example_dags/plugins/event_listener.py for tasks to queue
[2024-11-20T00:19:44.659+0000] {logging_mixin.py:190} INFO - [2024-11-20T00:19:44.659+0000] {dagbag.py:588} INFO - Filling up the DagBag from /home/ubuntu/airflow_venv/lib/python3.12/site-packages/airflow/example_dags/plugins/event_listener.py
[2024-11-20T00:19:44.661+0000] {processor.py:927} WARNING - No viable dags retrieved from /home/ubuntu/airflow_venv/lib/python3.12/site-packages/airflow/example_dags/plugins/event_listener.py
[2024-11-20T00:19:44.672+0000] {processor.py:208} INFO - Processing /home/ubuntu/airflow_venv/lib/python3.12/site-packages/airflow/example_dags/plugins/event_listener.py took 0.022 seconds
[2024-11-20T00:20:37.125+0000] {processor.py:186} INFO - Started process (PID=2313) to work on /home/ubuntu/airflow_venv/lib/python3.12/site-packages/airflow/example_dags/plugins/event_listener.py
[2024-11-20T00:20:37.127+0000] {processor.py:914} INFO - Processing file /home/ubuntu/airflow_venv/lib/python3.12/site-packages/airflow/example_dags/plugins/event_listener.py for tasks to queue
[2024-11-20T00:20:37.129+0000] {logging_mixin.py:190} INFO - [2024-11-20T00:20:37.129+0000] {dagbag.py:588} INFO - Filling up the DagBag from /home/ubuntu/airflow_venv/lib/python3.12/site-packages/airflow/example_dags/plugins/event_listener.py
[2024-11-20T00:20:37.132+0000] {processor.py:927} WARNING - No viable dags retrieved from /home/ubuntu/airflow_venv/lib/python3.12/site-packages/airflow/example_dags/plugins/event_listener.py
[2024-11-20T00:20:37.142+0000] {processor.py:208} INFO - Processing /home/ubuntu/airflow_venv/lib/python3.12/site-packages/airflow/example_dags/plugins/event_listener.py took 0.022 seconds
[2024-11-20T00:21:36.977+0000] {processor.py:186} INFO - Started process (PID=2370) to work on /home/ubuntu/airflow_venv/lib/python3.12/site-packages/airflow/example_dags/plugins/event_listener.py
[2024-11-20T00:21:36.979+0000] {processor.py:914} INFO - Processing file /home/ubuntu/airflow_venv/lib/python3.12/site-packages/airflow/example_dags/plugins/event_listener.py for tasks to queue
[2024-11-20T00:21:36.980+0000] {logging_mixin.py:190} INFO - [2024-11-20T00:21:36.980+0000] {dagbag.py:588} INFO - Filling up the DagBag from /home/ubuntu/airflow_venv/lib/python3.12/site-packages/airflow/example_dags/plugins/event_listener.py
[2024-11-20T00:21:36.983+0000] {processor.py:927} WARNING - No viable dags retrieved from /home/ubuntu/airflow_venv/lib/python3.12/site-packages/airflow/example_dags/plugins/event_listener.py
[2024-11-20T00:21:36.994+0000] {processor.py:208} INFO - Processing /home/ubuntu/airflow_venv/lib/python3.12/site-packages/airflow/example_dags/plugins/event_listener.py took 0.023 seconds
[2024-11-20T00:22:33.328+0000] {processor.py:186} INFO - Started process (PID=2432) to work on /home/ubuntu/airflow_venv/lib/python3.12/site-packages/airflow/example_dags/plugins/event_listener.py
[2024-11-20T00:22:33.330+0000] {processor.py:914} INFO - Processing file /home/ubuntu/airflow_venv/lib/python3.12/site-packages/airflow/example_dags/plugins/event_listener.py for tasks to queue
[2024-11-20T00:22:33.332+0000] {logging_mixin.py:190} INFO - [2024-11-20T00:22:33.332+0000] {dagbag.py:588} INFO - Filling up the DagBag from /home/ubuntu/airflow_venv/lib/python3.12/site-packages/airflow/example_dags/plugins/event_listener.py
[2024-11-20T00:22:33.334+0000] {processor.py:927} WARNING - No viable dags retrieved from /home/ubuntu/airflow_venv/lib/python3.12/site-packages/airflow/example_dags/plugins/event_listener.py
[2024-11-20T00:22:33.345+0000] {processor.py:208} INFO - Processing /home/ubuntu/airflow_venv/lib/python3.12/site-packages/airflow/example_dags/plugins/event_listener.py took 0.023 seconds
[2024-11-20T00:23:29.827+0000] {processor.py:186} INFO - Started process (PID=2488) to work on /home/ubuntu/airflow_venv/lib/python3.12/site-packages/airflow/example_dags/plugins/event_listener.py
[2024-11-20T00:23:29.829+0000] {processor.py:914} INFO - Processing file /home/ubuntu/airflow_venv/lib/python3.12/site-packages/airflow/example_dags/plugins/event_listener.py for tasks to queue
[2024-11-20T00:23:29.831+0000] {logging_mixin.py:190} INFO - [2024-11-20T00:23:29.831+0000] {dagbag.py:588} INFO - Filling up the DagBag from /home/ubuntu/airflow_venv/lib/python3.12/site-packages/airflow/example_dags/plugins/event_listener.py
[2024-11-20T00:23:29.833+0000] {processor.py:927} WARNING - No viable dags retrieved from /home/ubuntu/airflow_venv/lib/python3.12/site-packages/airflow/example_dags/plugins/event_listener.py
[2024-11-20T00:23:29.844+0000] {processor.py:208} INFO - Processing /home/ubuntu/airflow_venv/lib/python3.12/site-packages/airflow/example_dags/plugins/event_listener.py took 0.022 seconds
[2024-11-20T00:24:24.303+0000] {processor.py:186} INFO - Started process (PID=2544) to work on /home/ubuntu/airflow_venv/lib/python3.12/site-packages/airflow/example_dags/plugins/event_listener.py
[2024-11-20T00:24:24.304+0000] {processor.py:914} INFO - Processing file /home/ubuntu/airflow_venv/lib/python3.12/site-packages/airflow/example_dags/plugins/event_listener.py for tasks to queue
[2024-11-20T00:24:24.306+0000] {logging_mixin.py:190} INFO - [2024-11-20T00:24:24.306+0000] {dagbag.py:588} INFO - Filling up the DagBag from /home/ubuntu/airflow_venv/lib/python3.12/site-packages/airflow/example_dags/plugins/event_listener.py
[2024-11-20T00:24:24.308+0000] {processor.py:927} WARNING - No viable dags retrieved from /home/ubuntu/airflow_venv/lib/python3.12/site-packages/airflow/example_dags/plugins/event_listener.py
[2024-11-20T00:24:24.319+0000] {processor.py:208} INFO - Processing /home/ubuntu/airflow_venv/lib/python3.12/site-packages/airflow/example_dags/plugins/event_listener.py took 0.022 seconds
[2024-11-20T00:25:16.692+0000] {processor.py:186} INFO - Started process (PID=2602) to work on /home/ubuntu/airflow_venv/lib/python3.12/site-packages/airflow/example_dags/plugins/event_listener.py
[2024-11-20T00:25:16.694+0000] {processor.py:914} INFO - Processing file /home/ubuntu/airflow_venv/lib/python3.12/site-packages/airflow/example_dags/plugins/event_listener.py for tasks to queue
[2024-11-20T00:25:16.696+0000] {logging_mixin.py:190} INFO - [2024-11-20T00:25:16.696+0000] {dagbag.py:588} INFO - Filling up the DagBag from /home/ubuntu/airflow_venv/lib/python3.12/site-packages/airflow/example_dags/plugins/event_listener.py
[2024-11-20T00:25:16.699+0000] {processor.py:927} WARNING - No viable dags retrieved from /home/ubuntu/airflow_venv/lib/python3.12/site-packages/airflow/example_dags/plugins/event_listener.py
[2024-11-20T00:25:16.710+0000] {processor.py:208} INFO - Processing /home/ubuntu/airflow_venv/lib/python3.12/site-packages/airflow/example_dags/plugins/event_listener.py took 0.023 seconds
[2024-11-20T00:26:13.604+0000] {processor.py:186} INFO - Started process (PID=2661) to work on /home/ubuntu/airflow_venv/lib/python3.12/site-packages/airflow/example_dags/plugins/event_listener.py
[2024-11-20T00:26:13.605+0000] {processor.py:914} INFO - Processing file /home/ubuntu/airflow_venv/lib/python3.12/site-packages/airflow/example_dags/plugins/event_listener.py for tasks to queue
[2024-11-20T00:26:13.607+0000] {logging_mixin.py:190} INFO - [2024-11-20T00:26:13.607+0000] {dagbag.py:588} INFO - Filling up the DagBag from /home/ubuntu/airflow_venv/lib/python3.12/site-packages/airflow/example_dags/plugins/event_listener.py
[2024-11-20T00:26:13.610+0000] {processor.py:927} WARNING - No viable dags retrieved from /home/ubuntu/airflow_venv/lib/python3.12/site-packages/airflow/example_dags/plugins/event_listener.py
[2024-11-20T00:26:13.620+0000] {processor.py:208} INFO - Processing /home/ubuntu/airflow_venv/lib/python3.12/site-packages/airflow/example_dags/plugins/event_listener.py took 0.022 seconds
[2024-11-20T00:27:26.983+0000] {processor.py:186} INFO - Started process (PID=2757) to work on /home/ubuntu/airflow_venv/lib/python3.12/site-packages/airflow/example_dags/plugins/event_listener.py
[2024-11-20T00:27:26.985+0000] {processor.py:914} INFO - Processing file /home/ubuntu/airflow_venv/lib/python3.12/site-packages/airflow/example_dags/plugins/event_listener.py for tasks to queue
[2024-11-20T00:27:26.988+0000] {logging_mixin.py:190} INFO - [2024-11-20T00:27:26.987+0000] {dagbag.py:588} INFO - Filling up the DagBag from /home/ubuntu/airflow_venv/lib/python3.12/site-packages/airflow/example_dags/plugins/event_listener.py
[2024-11-20T00:27:26.990+0000] {processor.py:927} WARNING - No viable dags retrieved from /home/ubuntu/airflow_venv/lib/python3.12/site-packages/airflow/example_dags/plugins/event_listener.py
[2024-11-20T00:27:27.000+0000] {processor.py:208} INFO - Processing /home/ubuntu/airflow_venv/lib/python3.12/site-packages/airflow/example_dags/plugins/event_listener.py took 0.022 seconds
[2024-11-20T00:28:03.555+0000] {processor.py:186} INFO - Started process (PID=2794) to work on /home/ubuntu/airflow_venv/lib/python3.12/site-packages/airflow/example_dags/plugins/event_listener.py
[2024-11-20T00:28:03.557+0000] {processor.py:914} INFO - Processing file /home/ubuntu/airflow_venv/lib/python3.12/site-packages/airflow/example_dags/plugins/event_listener.py for tasks to queue
[2024-11-20T00:28:03.559+0000] {logging_mixin.py:190} INFO - [2024-11-20T00:28:03.559+0000] {dagbag.py:588} INFO - Filling up the DagBag from /home/ubuntu/airflow_venv/lib/python3.12/site-packages/airflow/example_dags/plugins/event_listener.py
[2024-11-20T00:28:03.561+0000] {processor.py:927} WARNING - No viable dags retrieved from /home/ubuntu/airflow_venv/lib/python3.12/site-packages/airflow/example_dags/plugins/event_listener.py
[2024-11-20T00:28:03.572+0000] {processor.py:208} INFO - Processing /home/ubuntu/airflow_venv/lib/python3.12/site-packages/airflow/example_dags/plugins/event_listener.py took 0.022 seconds
[2024-11-20T00:28:58.146+0000] {processor.py:186} INFO - Started process (PID=2977) to work on /home/ubuntu/airflow_venv/lib/python3.12/site-packages/airflow/example_dags/plugins/event_listener.py
[2024-11-20T00:28:58.148+0000] {processor.py:914} INFO - Processing file /home/ubuntu/airflow_venv/lib/python3.12/site-packages/airflow/example_dags/plugins/event_listener.py for tasks to queue
[2024-11-20T00:28:58.150+0000] {logging_mixin.py:190} INFO - [2024-11-20T00:28:58.149+0000] {dagbag.py:588} INFO - Filling up the DagBag from /home/ubuntu/airflow_venv/lib/python3.12/site-packages/airflow/example_dags/plugins/event_listener.py
[2024-11-20T00:28:58.153+0000] {processor.py:927} WARNING - No viable dags retrieved from /home/ubuntu/airflow_venv/lib/python3.12/site-packages/airflow/example_dags/plugins/event_listener.py
[2024-11-20T00:28:58.162+0000] {processor.py:208} INFO - Processing /home/ubuntu/airflow_venv/lib/python3.12/site-packages/airflow/example_dags/plugins/event_listener.py took 0.022 seconds
[2024-11-20T00:29:32.431+0000] {processor.py:186} INFO - Started process (PID=3012) to work on /home/ubuntu/airflow_venv/lib/python3.12/site-packages/airflow/example_dags/plugins/event_listener.py
[2024-11-20T00:29:32.434+0000] {processor.py:914} INFO - Processing file /home/ubuntu/airflow_venv/lib/python3.12/site-packages/airflow/example_dags/plugins/event_listener.py for tasks to queue
[2024-11-20T00:29:32.435+0000] {logging_mixin.py:190} INFO - [2024-11-20T00:29:32.435+0000] {dagbag.py:588} INFO - Filling up the DagBag from /home/ubuntu/airflow_venv/lib/python3.12/site-packages/airflow/example_dags/plugins/event_listener.py
[2024-11-20T00:29:32.437+0000] {processor.py:927} WARNING - No viable dags retrieved from /home/ubuntu/airflow_venv/lib/python3.12/site-packages/airflow/example_dags/plugins/event_listener.py
[2024-11-20T00:29:32.448+0000] {processor.py:208} INFO - Processing /home/ubuntu/airflow_venv/lib/python3.12/site-packages/airflow/example_dags/plugins/event_listener.py took 0.022 seconds
[2024-11-20T00:30:28.770+0000] {processor.py:186} INFO - Started process (PID=3074) to work on /home/ubuntu/airflow_venv/lib/python3.12/site-packages/airflow/example_dags/plugins/event_listener.py
[2024-11-20T00:30:28.771+0000] {processor.py:914} INFO - Processing file /home/ubuntu/airflow_venv/lib/python3.12/site-packages/airflow/example_dags/plugins/event_listener.py for tasks to queue
[2024-11-20T00:30:28.773+0000] {logging_mixin.py:190} INFO - [2024-11-20T00:30:28.772+0000] {dagbag.py:588} INFO - Filling up the DagBag from /home/ubuntu/airflow_venv/lib/python3.12/site-packages/airflow/example_dags/plugins/event_listener.py
[2024-11-20T00:30:28.775+0000] {processor.py:927} WARNING - No viable dags retrieved from /home/ubuntu/airflow_venv/lib/python3.12/site-packages/airflow/example_dags/plugins/event_listener.py
[2024-11-20T00:30:28.785+0000] {processor.py:208} INFO - Processing /home/ubuntu/airflow_venv/lib/python3.12/site-packages/airflow/example_dags/plugins/event_listener.py took 0.022 seconds
[2024-11-20T00:31:26.759+0000] {processor.py:186} INFO - Started process (PID=3252) to work on /home/ubuntu/airflow_venv/lib/python3.12/site-packages/airflow/example_dags/plugins/event_listener.py
[2024-11-20T00:31:26.760+0000] {processor.py:914} INFO - Processing file /home/ubuntu/airflow_venv/lib/python3.12/site-packages/airflow/example_dags/plugins/event_listener.py for tasks to queue
[2024-11-20T00:31:26.761+0000] {logging_mixin.py:190} INFO - [2024-11-20T00:31:26.761+0000] {dagbag.py:588} INFO - Filling up the DagBag from /home/ubuntu/airflow_venv/lib/python3.12/site-packages/airflow/example_dags/plugins/event_listener.py
[2024-11-20T00:31:26.764+0000] {processor.py:927} WARNING - No viable dags retrieved from /home/ubuntu/airflow_venv/lib/python3.12/site-packages/airflow/example_dags/plugins/event_listener.py
[2024-11-20T00:31:26.775+0000] {processor.py:208} INFO - Processing /home/ubuntu/airflow_venv/lib/python3.12/site-packages/airflow/example_dags/plugins/event_listener.py took 0.022 seconds
[2024-11-20T00:32:18.292+0000] {processor.py:186} INFO - Started process (PID=3326) to work on /home/ubuntu/airflow_venv/lib/python3.12/site-packages/airflow/example_dags/plugins/event_listener.py
[2024-11-20T00:32:18.294+0000] {processor.py:914} INFO - Processing file /home/ubuntu/airflow_venv/lib/python3.12/site-packages/airflow/example_dags/plugins/event_listener.py for tasks to queue
[2024-11-20T00:32:18.296+0000] {logging_mixin.py:190} INFO - [2024-11-20T00:32:18.294+0000] {dagbag.py:588} INFO - Filling up the DagBag from /home/ubuntu/airflow_venv/lib/python3.12/site-packages/airflow/example_dags/plugins/event_listener.py
[2024-11-20T00:32:18.299+0000] {processor.py:927} WARNING - No viable dags retrieved from /home/ubuntu/airflow_venv/lib/python3.12/site-packages/airflow/example_dags/plugins/event_listener.py
[2024-11-20T00:32:18.309+0000] {processor.py:208} INFO - Processing /home/ubuntu/airflow_venv/lib/python3.12/site-packages/airflow/example_dags/plugins/event_listener.py took 0.022 seconds
[2024-11-20T00:33:11.984+0000] {processor.py:186} INFO - Started process (PID=3863) to work on /home/ubuntu/airflow_venv/lib/python3.12/site-packages/airflow/example_dags/plugins/event_listener.py
[2024-11-20T00:33:11.987+0000] {processor.py:914} INFO - Processing file /home/ubuntu/airflow_venv/lib/python3.12/site-packages/airflow/example_dags/plugins/event_listener.py for tasks to queue
[2024-11-20T00:33:11.989+0000] {logging_mixin.py:190} INFO - [2024-11-20T00:33:11.987+0000] {dagbag.py:588} INFO - Filling up the DagBag from /home/ubuntu/airflow_venv/lib/python3.12/site-packages/airflow/example_dags/plugins/event_listener.py
[2024-11-20T00:33:11.995+0000] {processor.py:927} WARNING - No viable dags retrieved from /home/ubuntu/airflow_venv/lib/python3.12/site-packages/airflow/example_dags/plugins/event_listener.py
[2024-11-20T00:33:12.016+0000] {processor.py:208} INFO - Processing /home/ubuntu/airflow_venv/lib/python3.12/site-packages/airflow/example_dags/plugins/event_listener.py took 0.041 seconds
[2024-11-20T00:34:17.819+0000] {processor.py:186} INFO - Started process (PID=4026) to work on /home/ubuntu/airflow_venv/lib/python3.12/site-packages/airflow/example_dags/plugins/event_listener.py
[2024-11-20T00:34:17.822+0000] {processor.py:914} INFO - Processing file /home/ubuntu/airflow_venv/lib/python3.12/site-packages/airflow/example_dags/plugins/event_listener.py for tasks to queue
[2024-11-20T00:34:17.823+0000] {logging_mixin.py:190} INFO - [2024-11-20T00:34:17.822+0000] {dagbag.py:588} INFO - Filling up the DagBag from /home/ubuntu/airflow_venv/lib/python3.12/site-packages/airflow/example_dags/plugins/event_listener.py
[2024-11-20T00:34:17.826+0000] {processor.py:927} WARNING - No viable dags retrieved from /home/ubuntu/airflow_venv/lib/python3.12/site-packages/airflow/example_dags/plugins/event_listener.py
[2024-11-20T00:34:17.835+0000] {processor.py:208} INFO - Processing /home/ubuntu/airflow_venv/lib/python3.12/site-packages/airflow/example_dags/plugins/event_listener.py took 0.023 seconds
[2024-11-20T00:35:15.478+0000] {processor.py:186} INFO - Started process (PID=4111) to work on /home/ubuntu/airflow_venv/lib/python3.12/site-packages/airflow/example_dags/plugins/event_listener.py
[2024-11-20T00:35:15.480+0000] {processor.py:914} INFO - Processing file /home/ubuntu/airflow_venv/lib/python3.12/site-packages/airflow/example_dags/plugins/event_listener.py for tasks to queue
[2024-11-20T00:35:15.481+0000] {logging_mixin.py:190} INFO - [2024-11-20T00:35:15.481+0000] {dagbag.py:588} INFO - Filling up the DagBag from /home/ubuntu/airflow_venv/lib/python3.12/site-packages/airflow/example_dags/plugins/event_listener.py
[2024-11-20T00:35:15.484+0000] {processor.py:927} WARNING - No viable dags retrieved from /home/ubuntu/airflow_venv/lib/python3.12/site-packages/airflow/example_dags/plugins/event_listener.py
[2024-11-20T00:35:15.496+0000] {processor.py:208} INFO - Processing /home/ubuntu/airflow_venv/lib/python3.12/site-packages/airflow/example_dags/plugins/event_listener.py took 0.024 seconds
[2024-11-20T00:36:09.868+0000] {processor.py:186} INFO - Started process (PID=4169) to work on /home/ubuntu/airflow_venv/lib/python3.12/site-packages/airflow/example_dags/plugins/event_listener.py
[2024-11-20T00:36:09.869+0000] {processor.py:914} INFO - Processing file /home/ubuntu/airflow_venv/lib/python3.12/site-packages/airflow/example_dags/plugins/event_listener.py for tasks to queue
[2024-11-20T00:36:09.870+0000] {logging_mixin.py:190} INFO - [2024-11-20T00:36:09.870+0000] {dagbag.py:588} INFO - Filling up the DagBag from /home/ubuntu/airflow_venv/lib/python3.12/site-packages/airflow/example_dags/plugins/event_listener.py
[2024-11-20T00:36:09.873+0000] {processor.py:927} WARNING - No viable dags retrieved from /home/ubuntu/airflow_venv/lib/python3.12/site-packages/airflow/example_dags/plugins/event_listener.py
[2024-11-20T00:36:09.883+0000] {processor.py:208} INFO - Processing /home/ubuntu/airflow_venv/lib/python3.12/site-packages/airflow/example_dags/plugins/event_listener.py took 0.022 seconds
[2024-11-20T00:37:02.200+0000] {processor.py:186} INFO - Started process (PID=4223) to work on /home/ubuntu/airflow_venv/lib/python3.12/site-packages/airflow/example_dags/plugins/event_listener.py
[2024-11-20T00:37:02.202+0000] {processor.py:914} INFO - Processing file /home/ubuntu/airflow_venv/lib/python3.12/site-packages/airflow/example_dags/plugins/event_listener.py for tasks to queue
[2024-11-20T00:37:02.204+0000] {logging_mixin.py:190} INFO - [2024-11-20T00:37:02.203+0000] {dagbag.py:588} INFO - Filling up the DagBag from /home/ubuntu/airflow_venv/lib/python3.12/site-packages/airflow/example_dags/plugins/event_listener.py
[2024-11-20T00:37:02.206+0000] {processor.py:927} WARNING - No viable dags retrieved from /home/ubuntu/airflow_venv/lib/python3.12/site-packages/airflow/example_dags/plugins/event_listener.py
[2024-11-20T00:37:02.219+0000] {processor.py:208} INFO - Processing /home/ubuntu/airflow_venv/lib/python3.12/site-packages/airflow/example_dags/plugins/event_listener.py took 0.027 seconds
[2024-11-20T00:38:00.582+0000] {processor.py:186} INFO - Started process (PID=4309) to work on /home/ubuntu/airflow_venv/lib/python3.12/site-packages/airflow/example_dags/plugins/event_listener.py
[2024-11-20T00:38:00.583+0000] {processor.py:914} INFO - Processing file /home/ubuntu/airflow_venv/lib/python3.12/site-packages/airflow/example_dags/plugins/event_listener.py for tasks to queue
[2024-11-20T00:38:00.584+0000] {logging_mixin.py:190} INFO - [2024-11-20T00:38:00.584+0000] {dagbag.py:588} INFO - Filling up the DagBag from /home/ubuntu/airflow_venv/lib/python3.12/site-packages/airflow/example_dags/plugins/event_listener.py
[2024-11-20T00:38:00.587+0000] {processor.py:927} WARNING - No viable dags retrieved from /home/ubuntu/airflow_venv/lib/python3.12/site-packages/airflow/example_dags/plugins/event_listener.py
[2024-11-20T00:38:00.597+0000] {processor.py:208} INFO - Processing /home/ubuntu/airflow_venv/lib/python3.12/site-packages/airflow/example_dags/plugins/event_listener.py took 0.022 seconds
[2024-11-20T00:38:56.405+0000] {processor.py:186} INFO - Started process (PID=4367) to work on /home/ubuntu/airflow_venv/lib/python3.12/site-packages/airflow/example_dags/plugins/event_listener.py
[2024-11-20T00:38:56.406+0000] {processor.py:914} INFO - Processing file /home/ubuntu/airflow_venv/lib/python3.12/site-packages/airflow/example_dags/plugins/event_listener.py for tasks to queue
[2024-11-20T00:38:56.407+0000] {logging_mixin.py:190} INFO - [2024-11-20T00:38:56.407+0000] {dagbag.py:588} INFO - Filling up the DagBag from /home/ubuntu/airflow_venv/lib/python3.12/site-packages/airflow/example_dags/plugins/event_listener.py
[2024-11-20T00:38:56.410+0000] {processor.py:927} WARNING - No viable dags retrieved from /home/ubuntu/airflow_venv/lib/python3.12/site-packages/airflow/example_dags/plugins/event_listener.py
[2024-11-20T00:38:56.421+0000] {processor.py:208} INFO - Processing /home/ubuntu/airflow_venv/lib/python3.12/site-packages/airflow/example_dags/plugins/event_listener.py took 0.023 seconds
[2024-11-20T00:39:58.252+0000] {processor.py:186} INFO - Started process (PID=4460) to work on /home/ubuntu/airflow_venv/lib/python3.12/site-packages/airflow/example_dags/plugins/event_listener.py
[2024-11-20T00:39:58.253+0000] {processor.py:914} INFO - Processing file /home/ubuntu/airflow_venv/lib/python3.12/site-packages/airflow/example_dags/plugins/event_listener.py for tasks to queue
[2024-11-20T00:39:58.255+0000] {logging_mixin.py:190} INFO - [2024-11-20T00:39:58.254+0000] {dagbag.py:588} INFO - Filling up the DagBag from /home/ubuntu/airflow_venv/lib/python3.12/site-packages/airflow/example_dags/plugins/event_listener.py
[2024-11-20T00:39:58.257+0000] {processor.py:927} WARNING - No viable dags retrieved from /home/ubuntu/airflow_venv/lib/python3.12/site-packages/airflow/example_dags/plugins/event_listener.py
[2024-11-20T00:39:58.268+0000] {processor.py:208} INFO - Processing /home/ubuntu/airflow_venv/lib/python3.12/site-packages/airflow/example_dags/plugins/event_listener.py took 0.026 seconds
[2024-11-20T00:40:31.419+0000] {processor.py:186} INFO - Started process (PID=4499) to work on /home/ubuntu/airflow_venv/lib/python3.12/site-packages/airflow/example_dags/plugins/event_listener.py
[2024-11-20T00:40:31.421+0000] {processor.py:914} INFO - Processing file /home/ubuntu/airflow_venv/lib/python3.12/site-packages/airflow/example_dags/plugins/event_listener.py for tasks to queue
[2024-11-20T00:40:31.423+0000] {logging_mixin.py:190} INFO - [2024-11-20T00:40:31.422+0000] {dagbag.py:588} INFO - Filling up the DagBag from /home/ubuntu/airflow_venv/lib/python3.12/site-packages/airflow/example_dags/plugins/event_listener.py
[2024-11-20T00:40:31.425+0000] {processor.py:927} WARNING - No viable dags retrieved from /home/ubuntu/airflow_venv/lib/python3.12/site-packages/airflow/example_dags/plugins/event_listener.py
[2024-11-20T00:40:31.436+0000] {processor.py:208} INFO - Processing /home/ubuntu/airflow_venv/lib/python3.12/site-packages/airflow/example_dags/plugins/event_listener.py took 0.023 seconds
[2024-11-20T00:41:25.601+0000] {processor.py:186} INFO - Started process (PID=4555) to work on /home/ubuntu/airflow_venv/lib/python3.12/site-packages/airflow/example_dags/plugins/event_listener.py
[2024-11-20T00:41:25.603+0000] {processor.py:914} INFO - Processing file /home/ubuntu/airflow_venv/lib/python3.12/site-packages/airflow/example_dags/plugins/event_listener.py for tasks to queue
[2024-11-20T00:41:25.604+0000] {logging_mixin.py:190} INFO - [2024-11-20T00:41:25.604+0000] {dagbag.py:588} INFO - Filling up the DagBag from /home/ubuntu/airflow_venv/lib/python3.12/site-packages/airflow/example_dags/plugins/event_listener.py
[2024-11-20T00:41:25.607+0000] {processor.py:927} WARNING - No viable dags retrieved from /home/ubuntu/airflow_venv/lib/python3.12/site-packages/airflow/example_dags/plugins/event_listener.py
[2024-11-20T00:41:25.617+0000] {processor.py:208} INFO - Processing /home/ubuntu/airflow_venv/lib/python3.12/site-packages/airflow/example_dags/plugins/event_listener.py took 0.023 seconds
[2024-11-20T00:42:15.952+0000] {processor.py:186} INFO - Started process (PID=4608) to work on /home/ubuntu/airflow_venv/lib/python3.12/site-packages/airflow/example_dags/plugins/event_listener.py
[2024-11-20T00:42:15.953+0000] {processor.py:914} INFO - Processing file /home/ubuntu/airflow_venv/lib/python3.12/site-packages/airflow/example_dags/plugins/event_listener.py for tasks to queue
[2024-11-20T00:42:15.954+0000] {logging_mixin.py:190} INFO - [2024-11-20T00:42:15.954+0000] {dagbag.py:588} INFO - Filling up the DagBag from /home/ubuntu/airflow_venv/lib/python3.12/site-packages/airflow/example_dags/plugins/event_listener.py
[2024-11-20T00:42:15.957+0000] {processor.py:927} WARNING - No viable dags retrieved from /home/ubuntu/airflow_venv/lib/python3.12/site-packages/airflow/example_dags/plugins/event_listener.py
[2024-11-20T00:42:15.968+0000] {processor.py:208} INFO - Processing /home/ubuntu/airflow_venv/lib/python3.12/site-packages/airflow/example_dags/plugins/event_listener.py took 0.022 seconds
[2024-11-20T00:43:14.128+0000] {processor.py:186} INFO - Started process (PID=4667) to work on /home/ubuntu/airflow_venv/lib/python3.12/site-packages/airflow/example_dags/plugins/event_listener.py
[2024-11-20T00:43:14.131+0000] {processor.py:914} INFO - Processing file /home/ubuntu/airflow_venv/lib/python3.12/site-packages/airflow/example_dags/plugins/event_listener.py for tasks to queue
[2024-11-20T00:43:14.133+0000] {logging_mixin.py:190} INFO - [2024-11-20T00:43:14.132+0000] {dagbag.py:588} INFO - Filling up the DagBag from /home/ubuntu/airflow_venv/lib/python3.12/site-packages/airflow/example_dags/plugins/event_listener.py
[2024-11-20T00:43:14.135+0000] {processor.py:927} WARNING - No viable dags retrieved from /home/ubuntu/airflow_venv/lib/python3.12/site-packages/airflow/example_dags/plugins/event_listener.py
[2024-11-20T00:43:14.145+0000] {processor.py:208} INFO - Processing /home/ubuntu/airflow_venv/lib/python3.12/site-packages/airflow/example_dags/plugins/event_listener.py took 0.024 seconds
[2024-11-20T00:44:08.940+0000] {processor.py:186} INFO - Started process (PID=4724) to work on /home/ubuntu/airflow_venv/lib/python3.12/site-packages/airflow/example_dags/plugins/event_listener.py
[2024-11-20T00:44:08.941+0000] {processor.py:914} INFO - Processing file /home/ubuntu/airflow_venv/lib/python3.12/site-packages/airflow/example_dags/plugins/event_listener.py for tasks to queue
[2024-11-20T00:44:08.942+0000] {logging_mixin.py:190} INFO - [2024-11-20T00:44:08.942+0000] {dagbag.py:588} INFO - Filling up the DagBag from /home/ubuntu/airflow_venv/lib/python3.12/site-packages/airflow/example_dags/plugins/event_listener.py
[2024-11-20T00:44:08.945+0000] {processor.py:927} WARNING - No viable dags retrieved from /home/ubuntu/airflow_venv/lib/python3.12/site-packages/airflow/example_dags/plugins/event_listener.py
[2024-11-20T00:44:08.955+0000] {processor.py:208} INFO - Processing /home/ubuntu/airflow_venv/lib/python3.12/site-packages/airflow/example_dags/plugins/event_listener.py took 0.022 seconds
[2024-11-20T00:45:02.282+0000] {processor.py:186} INFO - Started process (PID=4782) to work on /home/ubuntu/airflow_venv/lib/python3.12/site-packages/airflow/example_dags/plugins/event_listener.py
[2024-11-20T00:45:02.284+0000] {processor.py:914} INFO - Processing file /home/ubuntu/airflow_venv/lib/python3.12/site-packages/airflow/example_dags/plugins/event_listener.py for tasks to queue
[2024-11-20T00:45:02.285+0000] {logging_mixin.py:190} INFO - [2024-11-20T00:45:02.285+0000] {dagbag.py:588} INFO - Filling up the DagBag from /home/ubuntu/airflow_venv/lib/python3.12/site-packages/airflow/example_dags/plugins/event_listener.py
[2024-11-20T00:45:02.289+0000] {processor.py:927} WARNING - No viable dags retrieved from /home/ubuntu/airflow_venv/lib/python3.12/site-packages/airflow/example_dags/plugins/event_listener.py
[2024-11-20T00:45:02.300+0000] {processor.py:208} INFO - Processing /home/ubuntu/airflow_venv/lib/python3.12/site-packages/airflow/example_dags/plugins/event_listener.py took 0.025 seconds
[2024-11-20T00:45:58.563+0000] {processor.py:186} INFO - Started process (PID=4838) to work on /home/ubuntu/airflow_venv/lib/python3.12/site-packages/airflow/example_dags/plugins/event_listener.py
[2024-11-20T00:45:58.565+0000] {processor.py:914} INFO - Processing file /home/ubuntu/airflow_venv/lib/python3.12/site-packages/airflow/example_dags/plugins/event_listener.py for tasks to queue
[2024-11-20T00:45:58.566+0000] {logging_mixin.py:190} INFO - [2024-11-20T00:45:58.566+0000] {dagbag.py:588} INFO - Filling up the DagBag from /home/ubuntu/airflow_venv/lib/python3.12/site-packages/airflow/example_dags/plugins/event_listener.py
[2024-11-20T00:45:58.568+0000] {processor.py:927} WARNING - No viable dags retrieved from /home/ubuntu/airflow_venv/lib/python3.12/site-packages/airflow/example_dags/plugins/event_listener.py
[2024-11-20T00:45:58.579+0000] {processor.py:208} INFO - Processing /home/ubuntu/airflow_venv/lib/python3.12/site-packages/airflow/example_dags/plugins/event_listener.py took 0.022 seconds
[2024-11-20T00:46:50.211+0000] {processor.py:186} INFO - Started process (PID=4894) to work on /home/ubuntu/airflow_venv/lib/python3.12/site-packages/airflow/example_dags/plugins/event_listener.py
[2024-11-20T00:46:50.212+0000] {processor.py:914} INFO - Processing file /home/ubuntu/airflow_venv/lib/python3.12/site-packages/airflow/example_dags/plugins/event_listener.py for tasks to queue
[2024-11-20T00:46:50.213+0000] {logging_mixin.py:190} INFO - [2024-11-20T00:46:50.213+0000] {dagbag.py:588} INFO - Filling up the DagBag from /home/ubuntu/airflow_venv/lib/python3.12/site-packages/airflow/example_dags/plugins/event_listener.py
[2024-11-20T00:46:50.215+0000] {processor.py:927} WARNING - No viable dags retrieved from /home/ubuntu/airflow_venv/lib/python3.12/site-packages/airflow/example_dags/plugins/event_listener.py
[2024-11-20T00:46:50.225+0000] {processor.py:208} INFO - Processing /home/ubuntu/airflow_venv/lib/python3.12/site-packages/airflow/example_dags/plugins/event_listener.py took 0.023 seconds
[2024-11-20T00:47:43.044+0000] {processor.py:186} INFO - Started process (PID=4949) to work on /home/ubuntu/airflow_venv/lib/python3.12/site-packages/airflow/example_dags/plugins/event_listener.py
[2024-11-20T00:47:43.046+0000] {processor.py:914} INFO - Processing file /home/ubuntu/airflow_venv/lib/python3.12/site-packages/airflow/example_dags/plugins/event_listener.py for tasks to queue
[2024-11-20T00:47:43.047+0000] {logging_mixin.py:190} INFO - [2024-11-20T00:47:43.046+0000] {dagbag.py:588} INFO - Filling up the DagBag from /home/ubuntu/airflow_venv/lib/python3.12/site-packages/airflow/example_dags/plugins/event_listener.py
[2024-11-20T00:47:43.049+0000] {processor.py:927} WARNING - No viable dags retrieved from /home/ubuntu/airflow_venv/lib/python3.12/site-packages/airflow/example_dags/plugins/event_listener.py
[2024-11-20T00:47:43.060+0000] {processor.py:208} INFO - Processing /home/ubuntu/airflow_venv/lib/python3.12/site-packages/airflow/example_dags/plugins/event_listener.py took 0.022 seconds
[2024-11-20T00:48:36.138+0000] {processor.py:186} INFO - Started process (PID=5003) to work on /home/ubuntu/airflow_venv/lib/python3.12/site-packages/airflow/example_dags/plugins/event_listener.py
[2024-11-20T00:48:36.139+0000] {processor.py:914} INFO - Processing file /home/ubuntu/airflow_venv/lib/python3.12/site-packages/airflow/example_dags/plugins/event_listener.py for tasks to queue
[2024-11-20T00:48:36.141+0000] {logging_mixin.py:190} INFO - [2024-11-20T00:48:36.140+0000] {dagbag.py:588} INFO - Filling up the DagBag from /home/ubuntu/airflow_venv/lib/python3.12/site-packages/airflow/example_dags/plugins/event_listener.py
[2024-11-20T00:48:36.143+0000] {processor.py:927} WARNING - No viable dags retrieved from /home/ubuntu/airflow_venv/lib/python3.12/site-packages/airflow/example_dags/plugins/event_listener.py
[2024-11-20T00:48:36.154+0000] {processor.py:208} INFO - Processing /home/ubuntu/airflow_venv/lib/python3.12/site-packages/airflow/example_dags/plugins/event_listener.py took 0.023 seconds
[2024-11-20T00:49:30.411+0000] {processor.py:186} INFO - Started process (PID=5061) to work on /home/ubuntu/airflow_venv/lib/python3.12/site-packages/airflow/example_dags/plugins/event_listener.py
[2024-11-20T00:49:30.412+0000] {processor.py:914} INFO - Processing file /home/ubuntu/airflow_venv/lib/python3.12/site-packages/airflow/example_dags/plugins/event_listener.py for tasks to queue
[2024-11-20T00:49:30.413+0000] {logging_mixin.py:190} INFO - [2024-11-20T00:49:30.413+0000] {dagbag.py:588} INFO - Filling up the DagBag from /home/ubuntu/airflow_venv/lib/python3.12/site-packages/airflow/example_dags/plugins/event_listener.py
[2024-11-20T00:49:30.416+0000] {processor.py:927} WARNING - No viable dags retrieved from /home/ubuntu/airflow_venv/lib/python3.12/site-packages/airflow/example_dags/plugins/event_listener.py
[2024-11-20T00:49:30.425+0000] {processor.py:208} INFO - Processing /home/ubuntu/airflow_venv/lib/python3.12/site-packages/airflow/example_dags/plugins/event_listener.py took 0.021 seconds
[2024-11-20T00:50:23.875+0000] {processor.py:186} INFO - Started process (PID=5117) to work on /home/ubuntu/airflow_venv/lib/python3.12/site-packages/airflow/example_dags/plugins/event_listener.py
[2024-11-20T00:50:23.877+0000] {processor.py:914} INFO - Processing file /home/ubuntu/airflow_venv/lib/python3.12/site-packages/airflow/example_dags/plugins/event_listener.py for tasks to queue
[2024-11-20T00:50:23.878+0000] {logging_mixin.py:190} INFO - [2024-11-20T00:50:23.878+0000] {dagbag.py:588} INFO - Filling up the DagBag from /home/ubuntu/airflow_venv/lib/python3.12/site-packages/airflow/example_dags/plugins/event_listener.py
[2024-11-20T00:50:23.881+0000] {processor.py:927} WARNING - No viable dags retrieved from /home/ubuntu/airflow_venv/lib/python3.12/site-packages/airflow/example_dags/plugins/event_listener.py
[2024-11-20T00:50:23.892+0000] {processor.py:208} INFO - Processing /home/ubuntu/airflow_venv/lib/python3.12/site-packages/airflow/example_dags/plugins/event_listener.py took 0.023 seconds
[2024-11-20T00:51:19.692+0000] {processor.py:186} INFO - Started process (PID=5175) to work on /home/ubuntu/airflow_venv/lib/python3.12/site-packages/airflow/example_dags/plugins/event_listener.py
[2024-11-20T00:51:19.695+0000] {processor.py:914} INFO - Processing file /home/ubuntu/airflow_venv/lib/python3.12/site-packages/airflow/example_dags/plugins/event_listener.py for tasks to queue
[2024-11-20T00:51:19.696+0000] {logging_mixin.py:190} INFO - [2024-11-20T00:51:19.695+0000] {dagbag.py:588} INFO - Filling up the DagBag from /home/ubuntu/airflow_venv/lib/python3.12/site-packages/airflow/example_dags/plugins/event_listener.py
[2024-11-20T00:51:19.698+0000] {processor.py:927} WARNING - No viable dags retrieved from /home/ubuntu/airflow_venv/lib/python3.12/site-packages/airflow/example_dags/plugins/event_listener.py
[2024-11-20T00:51:19.708+0000] {processor.py:208} INFO - Processing /home/ubuntu/airflow_venv/lib/python3.12/site-packages/airflow/example_dags/plugins/event_listener.py took 0.022 seconds
[2024-11-20T00:52:17.330+0000] {processor.py:186} INFO - Started process (PID=5236) to work on /home/ubuntu/airflow_venv/lib/python3.12/site-packages/airflow/example_dags/plugins/event_listener.py
[2024-11-20T00:52:17.332+0000] {processor.py:914} INFO - Processing file /home/ubuntu/airflow_venv/lib/python3.12/site-packages/airflow/example_dags/plugins/event_listener.py for tasks to queue
[2024-11-20T00:52:17.333+0000] {logging_mixin.py:190} INFO - [2024-11-20T00:52:17.332+0000] {dagbag.py:588} INFO - Filling up the DagBag from /home/ubuntu/airflow_venv/lib/python3.12/site-packages/airflow/example_dags/plugins/event_listener.py
[2024-11-20T00:52:17.336+0000] {processor.py:927} WARNING - No viable dags retrieved from /home/ubuntu/airflow_venv/lib/python3.12/site-packages/airflow/example_dags/plugins/event_listener.py
[2024-11-20T00:52:17.347+0000] {processor.py:208} INFO - Processing /home/ubuntu/airflow_venv/lib/python3.12/site-packages/airflow/example_dags/plugins/event_listener.py took 0.023 seconds
[2024-11-20T00:53:14.623+0000] {processor.py:186} INFO - Started process (PID=5292) to work on /home/ubuntu/airflow_venv/lib/python3.12/site-packages/airflow/example_dags/plugins/event_listener.py
[2024-11-20T00:53:14.625+0000] {processor.py:914} INFO - Processing file /home/ubuntu/airflow_venv/lib/python3.12/site-packages/airflow/example_dags/plugins/event_listener.py for tasks to queue
[2024-11-20T00:53:14.626+0000] {logging_mixin.py:190} INFO - [2024-11-20T00:53:14.626+0000] {dagbag.py:588} INFO - Filling up the DagBag from /home/ubuntu/airflow_venv/lib/python3.12/site-packages/airflow/example_dags/plugins/event_listener.py
[2024-11-20T00:53:14.629+0000] {processor.py:927} WARNING - No viable dags retrieved from /home/ubuntu/airflow_venv/lib/python3.12/site-packages/airflow/example_dags/plugins/event_listener.py
[2024-11-20T00:53:14.640+0000] {processor.py:208} INFO - Processing /home/ubuntu/airflow_venv/lib/python3.12/site-packages/airflow/example_dags/plugins/event_listener.py took 0.023 seconds
[2024-11-20T00:54:08.982+0000] {processor.py:186} INFO - Started process (PID=5362) to work on /home/ubuntu/airflow_venv/lib/python3.12/site-packages/airflow/example_dags/plugins/event_listener.py
[2024-11-20T00:54:08.983+0000] {processor.py:914} INFO - Processing file /home/ubuntu/airflow_venv/lib/python3.12/site-packages/airflow/example_dags/plugins/event_listener.py for tasks to queue
[2024-11-20T00:54:08.986+0000] {logging_mixin.py:190} INFO - [2024-11-20T00:54:08.984+0000] {dagbag.py:588} INFO - Filling up the DagBag from /home/ubuntu/airflow_venv/lib/python3.12/site-packages/airflow/example_dags/plugins/event_listener.py
[2024-11-20T00:54:08.988+0000] {processor.py:927} WARNING - No viable dags retrieved from /home/ubuntu/airflow_venv/lib/python3.12/site-packages/airflow/example_dags/plugins/event_listener.py
[2024-11-20T00:54:08.997+0000] {processor.py:208} INFO - Processing /home/ubuntu/airflow_venv/lib/python3.12/site-packages/airflow/example_dags/plugins/event_listener.py took 0.022 seconds
[2024-11-20T00:55:00.471+0000] {processor.py:186} INFO - Started process (PID=5415) to work on /home/ubuntu/airflow_venv/lib/python3.12/site-packages/airflow/example_dags/plugins/event_listener.py
[2024-11-20T00:55:00.473+0000] {processor.py:914} INFO - Processing file /home/ubuntu/airflow_venv/lib/python3.12/site-packages/airflow/example_dags/plugins/event_listener.py for tasks to queue
[2024-11-20T00:55:00.475+0000] {logging_mixin.py:190} INFO - [2024-11-20T00:55:00.474+0000] {dagbag.py:588} INFO - Filling up the DagBag from /home/ubuntu/airflow_venv/lib/python3.12/site-packages/airflow/example_dags/plugins/event_listener.py
[2024-11-20T00:55:00.477+0000] {processor.py:927} WARNING - No viable dags retrieved from /home/ubuntu/airflow_venv/lib/python3.12/site-packages/airflow/example_dags/plugins/event_listener.py
[2024-11-20T00:55:00.488+0000] {processor.py:208} INFO - Processing /home/ubuntu/airflow_venv/lib/python3.12/site-packages/airflow/example_dags/plugins/event_listener.py took 0.023 seconds
[2024-11-20T00:55:53.025+0000] {processor.py:186} INFO - Started process (PID=5475) to work on /home/ubuntu/airflow_venv/lib/python3.12/site-packages/airflow/example_dags/plugins/event_listener.py
[2024-11-20T00:55:53.028+0000] {processor.py:914} INFO - Processing file /home/ubuntu/airflow_venv/lib/python3.12/site-packages/airflow/example_dags/plugins/event_listener.py for tasks to queue
[2024-11-20T00:55:53.029+0000] {logging_mixin.py:190} INFO - [2024-11-20T00:55:53.029+0000] {dagbag.py:588} INFO - Filling up the DagBag from /home/ubuntu/airflow_venv/lib/python3.12/site-packages/airflow/example_dags/plugins/event_listener.py
[2024-11-20T00:55:53.031+0000] {processor.py:927} WARNING - No viable dags retrieved from /home/ubuntu/airflow_venv/lib/python3.12/site-packages/airflow/example_dags/plugins/event_listener.py
[2024-11-20T00:55:53.042+0000] {processor.py:208} INFO - Processing /home/ubuntu/airflow_venv/lib/python3.12/site-packages/airflow/example_dags/plugins/event_listener.py took 0.023 seconds
[2024-11-20T00:56:48.263+0000] {processor.py:186} INFO - Started process (PID=5532) to work on /home/ubuntu/airflow_venv/lib/python3.12/site-packages/airflow/example_dags/plugins/event_listener.py
[2024-11-20T00:56:48.265+0000] {processor.py:914} INFO - Processing file /home/ubuntu/airflow_venv/lib/python3.12/site-packages/airflow/example_dags/plugins/event_listener.py for tasks to queue
[2024-11-20T00:56:48.266+0000] {logging_mixin.py:190} INFO - [2024-11-20T00:56:48.266+0000] {dagbag.py:588} INFO - Filling up the DagBag from /home/ubuntu/airflow_venv/lib/python3.12/site-packages/airflow/example_dags/plugins/event_listener.py
[2024-11-20T00:56:48.269+0000] {processor.py:927} WARNING - No viable dags retrieved from /home/ubuntu/airflow_venv/lib/python3.12/site-packages/airflow/example_dags/plugins/event_listener.py
[2024-11-20T00:56:48.279+0000] {processor.py:208} INFO - Processing /home/ubuntu/airflow_venv/lib/python3.12/site-packages/airflow/example_dags/plugins/event_listener.py took 0.022 seconds
[2024-11-20T00:57:39.839+0000] {processor.py:186} INFO - Started process (PID=5587) to work on /home/ubuntu/airflow_venv/lib/python3.12/site-packages/airflow/example_dags/plugins/event_listener.py
[2024-11-20T00:57:39.840+0000] {processor.py:914} INFO - Processing file /home/ubuntu/airflow_venv/lib/python3.12/site-packages/airflow/example_dags/plugins/event_listener.py for tasks to queue
[2024-11-20T00:57:39.842+0000] {logging_mixin.py:190} INFO - [2024-11-20T00:57:39.841+0000] {dagbag.py:588} INFO - Filling up the DagBag from /home/ubuntu/airflow_venv/lib/python3.12/site-packages/airflow/example_dags/plugins/event_listener.py
[2024-11-20T00:57:39.845+0000] {processor.py:927} WARNING - No viable dags retrieved from /home/ubuntu/airflow_venv/lib/python3.12/site-packages/airflow/example_dags/plugins/event_listener.py
[2024-11-20T00:57:39.856+0000] {processor.py:208} INFO - Processing /home/ubuntu/airflow_venv/lib/python3.12/site-packages/airflow/example_dags/plugins/event_listener.py took 0.024 seconds
[2024-11-20T00:58:32.598+0000] {processor.py:186} INFO - Started process (PID=5642) to work on /home/ubuntu/airflow_venv/lib/python3.12/site-packages/airflow/example_dags/plugins/event_listener.py
[2024-11-20T00:58:32.599+0000] {processor.py:914} INFO - Processing file /home/ubuntu/airflow_venv/lib/python3.12/site-packages/airflow/example_dags/plugins/event_listener.py for tasks to queue
[2024-11-20T00:58:32.601+0000] {logging_mixin.py:190} INFO - [2024-11-20T00:58:32.600+0000] {dagbag.py:588} INFO - Filling up the DagBag from /home/ubuntu/airflow_venv/lib/python3.12/site-packages/airflow/example_dags/plugins/event_listener.py
[2024-11-20T00:58:32.603+0000] {processor.py:927} WARNING - No viable dags retrieved from /home/ubuntu/airflow_venv/lib/python3.12/site-packages/airflow/example_dags/plugins/event_listener.py
[2024-11-20T00:58:32.615+0000] {processor.py:208} INFO - Processing /home/ubuntu/airflow_venv/lib/python3.12/site-packages/airflow/example_dags/plugins/event_listener.py took 0.022 seconds
[2024-11-20T00:59:23.773+0000] {processor.py:186} INFO - Started process (PID=5700) to work on /home/ubuntu/airflow_venv/lib/python3.12/site-packages/airflow/example_dags/plugins/event_listener.py
[2024-11-20T00:59:23.775+0000] {processor.py:914} INFO - Processing file /home/ubuntu/airflow_venv/lib/python3.12/site-packages/airflow/example_dags/plugins/event_listener.py for tasks to queue
[2024-11-20T00:59:23.777+0000] {logging_mixin.py:190} INFO - [2024-11-20T00:59:23.776+0000] {dagbag.py:588} INFO - Filling up the DagBag from /home/ubuntu/airflow_venv/lib/python3.12/site-packages/airflow/example_dags/plugins/event_listener.py
[2024-11-20T00:59:23.780+0000] {processor.py:927} WARNING - No viable dags retrieved from /home/ubuntu/airflow_venv/lib/python3.12/site-packages/airflow/example_dags/plugins/event_listener.py
[2024-11-20T00:59:23.791+0000] {processor.py:208} INFO - Processing /home/ubuntu/airflow_venv/lib/python3.12/site-packages/airflow/example_dags/plugins/event_listener.py took 0.028 seconds
[2024-11-20T01:00:18.209+0000] {processor.py:186} INFO - Started process (PID=5759) to work on /home/ubuntu/airflow_venv/lib/python3.12/site-packages/airflow/example_dags/plugins/event_listener.py
[2024-11-20T01:00:18.211+0000] {processor.py:914} INFO - Processing file /home/ubuntu/airflow_venv/lib/python3.12/site-packages/airflow/example_dags/plugins/event_listener.py for tasks to queue
[2024-11-20T01:00:18.212+0000] {logging_mixin.py:190} INFO - [2024-11-20T01:00:18.212+0000] {dagbag.py:588} INFO - Filling up the DagBag from /home/ubuntu/airflow_venv/lib/python3.12/site-packages/airflow/example_dags/plugins/event_listener.py
[2024-11-20T01:00:18.215+0000] {processor.py:927} WARNING - No viable dags retrieved from /home/ubuntu/airflow_venv/lib/python3.12/site-packages/airflow/example_dags/plugins/event_listener.py
[2024-11-20T01:00:18.226+0000] {processor.py:208} INFO - Processing /home/ubuntu/airflow_venv/lib/python3.12/site-packages/airflow/example_dags/plugins/event_listener.py took 0.024 seconds
[2024-11-20T01:01:13.108+0000] {processor.py:186} INFO - Started process (PID=5816) to work on /home/ubuntu/airflow_venv/lib/python3.12/site-packages/airflow/example_dags/plugins/event_listener.py
[2024-11-20T01:01:13.110+0000] {processor.py:914} INFO - Processing file /home/ubuntu/airflow_venv/lib/python3.12/site-packages/airflow/example_dags/plugins/event_listener.py for tasks to queue
[2024-11-20T01:01:13.111+0000] {logging_mixin.py:190} INFO - [2024-11-20T01:01:13.111+0000] {dagbag.py:588} INFO - Filling up the DagBag from /home/ubuntu/airflow_venv/lib/python3.12/site-packages/airflow/example_dags/plugins/event_listener.py
[2024-11-20T01:01:13.114+0000] {processor.py:927} WARNING - No viable dags retrieved from /home/ubuntu/airflow_venv/lib/python3.12/site-packages/airflow/example_dags/plugins/event_listener.py
[2024-11-20T01:01:13.125+0000] {processor.py:208} INFO - Processing /home/ubuntu/airflow_venv/lib/python3.12/site-packages/airflow/example_dags/plugins/event_listener.py took 0.024 seconds
[2024-11-20T01:01:51.837+0000] {processor.py:186} INFO - Started process (PID=5859) to work on /home/ubuntu/airflow_venv/lib/python3.12/site-packages/airflow/example_dags/plugins/event_listener.py
[2024-11-20T01:01:51.838+0000] {processor.py:914} INFO - Processing file /home/ubuntu/airflow_venv/lib/python3.12/site-packages/airflow/example_dags/plugins/event_listener.py for tasks to queue
[2024-11-20T01:01:51.841+0000] {logging_mixin.py:190} INFO - [2024-11-20T01:01:51.839+0000] {dagbag.py:588} INFO - Filling up the DagBag from /home/ubuntu/airflow_venv/lib/python3.12/site-packages/airflow/example_dags/plugins/event_listener.py
[2024-11-20T01:01:51.843+0000] {processor.py:927} WARNING - No viable dags retrieved from /home/ubuntu/airflow_venv/lib/python3.12/site-packages/airflow/example_dags/plugins/event_listener.py
[2024-11-20T01:01:51.853+0000] {processor.py:208} INFO - Processing /home/ubuntu/airflow_venv/lib/python3.12/site-packages/airflow/example_dags/plugins/event_listener.py took 0.023 seconds
[2024-11-20T01:02:28.899+0000] {processor.py:186} INFO - Started process (PID=5898) to work on /home/ubuntu/airflow_venv/lib/python3.12/site-packages/airflow/example_dags/plugins/event_listener.py
[2024-11-20T01:02:28.901+0000] {processor.py:914} INFO - Processing file /home/ubuntu/airflow_venv/lib/python3.12/site-packages/airflow/example_dags/plugins/event_listener.py for tasks to queue
[2024-11-20T01:02:28.902+0000] {logging_mixin.py:190} INFO - [2024-11-20T01:02:28.902+0000] {dagbag.py:588} INFO - Filling up the DagBag from /home/ubuntu/airflow_venv/lib/python3.12/site-packages/airflow/example_dags/plugins/event_listener.py
[2024-11-20T01:02:28.904+0000] {processor.py:927} WARNING - No viable dags retrieved from /home/ubuntu/airflow_venv/lib/python3.12/site-packages/airflow/example_dags/plugins/event_listener.py
[2024-11-20T01:02:28.915+0000] {processor.py:208} INFO - Processing /home/ubuntu/airflow_venv/lib/python3.12/site-packages/airflow/example_dags/plugins/event_listener.py took 0.022 seconds
[2024-11-20T01:03:24.646+0000] {processor.py:186} INFO - Started process (PID=5954) to work on /home/ubuntu/airflow_venv/lib/python3.12/site-packages/airflow/example_dags/plugins/event_listener.py
[2024-11-20T01:03:24.649+0000] {processor.py:914} INFO - Processing file /home/ubuntu/airflow_venv/lib/python3.12/site-packages/airflow/example_dags/plugins/event_listener.py for tasks to queue
[2024-11-20T01:03:24.650+0000] {logging_mixin.py:190} INFO - [2024-11-20T01:03:24.649+0000] {dagbag.py:588} INFO - Filling up the DagBag from /home/ubuntu/airflow_venv/lib/python3.12/site-packages/airflow/example_dags/plugins/event_listener.py
[2024-11-20T01:03:24.652+0000] {processor.py:927} WARNING - No viable dags retrieved from /home/ubuntu/airflow_venv/lib/python3.12/site-packages/airflow/example_dags/plugins/event_listener.py
[2024-11-20T01:03:24.663+0000] {processor.py:208} INFO - Processing /home/ubuntu/airflow_venv/lib/python3.12/site-packages/airflow/example_dags/plugins/event_listener.py took 0.023 seconds
[2024-11-20T01:04:20.526+0000] {processor.py:186} INFO - Started process (PID=6013) to work on /home/ubuntu/airflow_venv/lib/python3.12/site-packages/airflow/example_dags/plugins/event_listener.py
[2024-11-20T01:04:20.527+0000] {processor.py:914} INFO - Processing file /home/ubuntu/airflow_venv/lib/python3.12/site-packages/airflow/example_dags/plugins/event_listener.py for tasks to queue
[2024-11-20T01:04:20.529+0000] {logging_mixin.py:190} INFO - [2024-11-20T01:04:20.528+0000] {dagbag.py:588} INFO - Filling up the DagBag from /home/ubuntu/airflow_venv/lib/python3.12/site-packages/airflow/example_dags/plugins/event_listener.py
[2024-11-20T01:04:20.531+0000] {processor.py:927} WARNING - No viable dags retrieved from /home/ubuntu/airflow_venv/lib/python3.12/site-packages/airflow/example_dags/plugins/event_listener.py
[2024-11-20T01:04:20.542+0000] {processor.py:208} INFO - Processing /home/ubuntu/airflow_venv/lib/python3.12/site-packages/airflow/example_dags/plugins/event_listener.py took 0.022 seconds
[2024-11-20T01:05:17.069+0000] {processor.py:186} INFO - Started process (PID=6073) to work on /home/ubuntu/airflow_venv/lib/python3.12/site-packages/airflow/example_dags/plugins/event_listener.py
[2024-11-20T01:05:17.071+0000] {processor.py:914} INFO - Processing file /home/ubuntu/airflow_venv/lib/python3.12/site-packages/airflow/example_dags/plugins/event_listener.py for tasks to queue
[2024-11-20T01:05:17.073+0000] {logging_mixin.py:190} INFO - [2024-11-20T01:05:17.072+0000] {dagbag.py:588} INFO - Filling up the DagBag from /home/ubuntu/airflow_venv/lib/python3.12/site-packages/airflow/example_dags/plugins/event_listener.py
[2024-11-20T01:05:17.075+0000] {processor.py:927} WARNING - No viable dags retrieved from /home/ubuntu/airflow_venv/lib/python3.12/site-packages/airflow/example_dags/plugins/event_listener.py
[2024-11-20T01:05:17.085+0000] {processor.py:208} INFO - Processing /home/ubuntu/airflow_venv/lib/python3.12/site-packages/airflow/example_dags/plugins/event_listener.py took 0.023 seconds
[2024-11-20T01:06:11.140+0000] {processor.py:186} INFO - Started process (PID=6128) to work on /home/ubuntu/airflow_venv/lib/python3.12/site-packages/airflow/example_dags/plugins/event_listener.py
[2024-11-20T01:06:11.141+0000] {processor.py:914} INFO - Processing file /home/ubuntu/airflow_venv/lib/python3.12/site-packages/airflow/example_dags/plugins/event_listener.py for tasks to queue
[2024-11-20T01:06:11.142+0000] {logging_mixin.py:190} INFO - [2024-11-20T01:06:11.142+0000] {dagbag.py:588} INFO - Filling up the DagBag from /home/ubuntu/airflow_venv/lib/python3.12/site-packages/airflow/example_dags/plugins/event_listener.py
[2024-11-20T01:06:11.146+0000] {processor.py:927} WARNING - No viable dags retrieved from /home/ubuntu/airflow_venv/lib/python3.12/site-packages/airflow/example_dags/plugins/event_listener.py
[2024-11-20T01:06:11.156+0000] {processor.py:208} INFO - Processing /home/ubuntu/airflow_venv/lib/python3.12/site-packages/airflow/example_dags/plugins/event_listener.py took 0.022 seconds
[2024-11-20T01:07:02.821+0000] {processor.py:186} INFO - Started process (PID=6182) to work on /home/ubuntu/airflow_venv/lib/python3.12/site-packages/airflow/example_dags/plugins/event_listener.py
[2024-11-20T01:07:02.822+0000] {processor.py:914} INFO - Processing file /home/ubuntu/airflow_venv/lib/python3.12/site-packages/airflow/example_dags/plugins/event_listener.py for tasks to queue
[2024-11-20T01:07:02.823+0000] {logging_mixin.py:190} INFO - [2024-11-20T01:07:02.823+0000] {dagbag.py:588} INFO - Filling up the DagBag from /home/ubuntu/airflow_venv/lib/python3.12/site-packages/airflow/example_dags/plugins/event_listener.py
[2024-11-20T01:07:02.825+0000] {processor.py:927} WARNING - No viable dags retrieved from /home/ubuntu/airflow_venv/lib/python3.12/site-packages/airflow/example_dags/plugins/event_listener.py
[2024-11-20T01:07:02.836+0000] {processor.py:208} INFO - Processing /home/ubuntu/airflow_venv/lib/python3.12/site-packages/airflow/example_dags/plugins/event_listener.py took 0.022 seconds
[2024-11-20T01:07:55.509+0000] {processor.py:186} INFO - Started process (PID=6238) to work on /home/ubuntu/airflow_venv/lib/python3.12/site-packages/airflow/example_dags/plugins/event_listener.py
[2024-11-20T01:07:55.511+0000] {processor.py:914} INFO - Processing file /home/ubuntu/airflow_venv/lib/python3.12/site-packages/airflow/example_dags/plugins/event_listener.py for tasks to queue
[2024-11-20T01:07:55.512+0000] {logging_mixin.py:190} INFO - [2024-11-20T01:07:55.512+0000] {dagbag.py:588} INFO - Filling up the DagBag from /home/ubuntu/airflow_venv/lib/python3.12/site-packages/airflow/example_dags/plugins/event_listener.py
[2024-11-20T01:07:55.515+0000] {processor.py:927} WARNING - No viable dags retrieved from /home/ubuntu/airflow_venv/lib/python3.12/site-packages/airflow/example_dags/plugins/event_listener.py
[2024-11-20T01:07:55.526+0000] {processor.py:208} INFO - Processing /home/ubuntu/airflow_venv/lib/python3.12/site-packages/airflow/example_dags/plugins/event_listener.py took 0.023 seconds
[2024-11-20T01:08:50.646+0000] {processor.py:186} INFO - Started process (PID=6292) to work on /home/ubuntu/airflow_venv/lib/python3.12/site-packages/airflow/example_dags/plugins/event_listener.py
[2024-11-20T01:08:50.648+0000] {processor.py:914} INFO - Processing file /home/ubuntu/airflow_venv/lib/python3.12/site-packages/airflow/example_dags/plugins/event_listener.py for tasks to queue
[2024-11-20T01:08:50.649+0000] {logging_mixin.py:190} INFO - [2024-11-20T01:08:50.649+0000] {dagbag.py:588} INFO - Filling up the DagBag from /home/ubuntu/airflow_venv/lib/python3.12/site-packages/airflow/example_dags/plugins/event_listener.py
[2024-11-20T01:08:50.651+0000] {processor.py:927} WARNING - No viable dags retrieved from /home/ubuntu/airflow_venv/lib/python3.12/site-packages/airflow/example_dags/plugins/event_listener.py
[2024-11-20T01:08:50.662+0000] {processor.py:208} INFO - Processing /home/ubuntu/airflow_venv/lib/python3.12/site-packages/airflow/example_dags/plugins/event_listener.py took 0.022 seconds
[2024-11-20T01:09:48.627+0000] {processor.py:186} INFO - Started process (PID=6350) to work on /home/ubuntu/airflow_venv/lib/python3.12/site-packages/airflow/example_dags/plugins/event_listener.py
[2024-11-20T01:09:48.628+0000] {processor.py:914} INFO - Processing file /home/ubuntu/airflow_venv/lib/python3.12/site-packages/airflow/example_dags/plugins/event_listener.py for tasks to queue
[2024-11-20T01:09:48.629+0000] {logging_mixin.py:190} INFO - [2024-11-20T01:09:48.629+0000] {dagbag.py:588} INFO - Filling up the DagBag from /home/ubuntu/airflow_venv/lib/python3.12/site-packages/airflow/example_dags/plugins/event_listener.py
[2024-11-20T01:09:48.632+0000] {processor.py:927} WARNING - No viable dags retrieved from /home/ubuntu/airflow_venv/lib/python3.12/site-packages/airflow/example_dags/plugins/event_listener.py
[2024-11-20T01:09:48.642+0000] {processor.py:208} INFO - Processing /home/ubuntu/airflow_venv/lib/python3.12/site-packages/airflow/example_dags/plugins/event_listener.py took 0.022 seconds
[2024-11-20T01:10:45.201+0000] {processor.py:186} INFO - Started process (PID=6414) to work on /home/ubuntu/airflow_venv/lib/python3.12/site-packages/airflow/example_dags/plugins/event_listener.py
[2024-11-20T01:10:45.202+0000] {processor.py:914} INFO - Processing file /home/ubuntu/airflow_venv/lib/python3.12/site-packages/airflow/example_dags/plugins/event_listener.py for tasks to queue
[2024-11-20T01:10:45.204+0000] {logging_mixin.py:190} INFO - [2024-11-20T01:10:45.204+0000] {dagbag.py:588} INFO - Filling up the DagBag from /home/ubuntu/airflow_venv/lib/python3.12/site-packages/airflow/example_dags/plugins/event_listener.py
[2024-11-20T01:10:45.206+0000] {processor.py:927} WARNING - No viable dags retrieved from /home/ubuntu/airflow_venv/lib/python3.12/site-packages/airflow/example_dags/plugins/event_listener.py
[2024-11-20T01:10:45.217+0000] {processor.py:208} INFO - Processing /home/ubuntu/airflow_venv/lib/python3.12/site-packages/airflow/example_dags/plugins/event_listener.py took 0.023 seconds
[2024-11-20T01:11:39.322+0000] {processor.py:186} INFO - Started process (PID=6469) to work on /home/ubuntu/airflow_venv/lib/python3.12/site-packages/airflow/example_dags/plugins/event_listener.py
[2024-11-20T01:11:39.323+0000] {processor.py:914} INFO - Processing file /home/ubuntu/airflow_venv/lib/python3.12/site-packages/airflow/example_dags/plugins/event_listener.py for tasks to queue
[2024-11-20T01:11:39.325+0000] {logging_mixin.py:190} INFO - [2024-11-20T01:11:39.324+0000] {dagbag.py:588} INFO - Filling up the DagBag from /home/ubuntu/airflow_venv/lib/python3.12/site-packages/airflow/example_dags/plugins/event_listener.py
[2024-11-20T01:11:39.327+0000] {processor.py:927} WARNING - No viable dags retrieved from /home/ubuntu/airflow_venv/lib/python3.12/site-packages/airflow/example_dags/plugins/event_listener.py
[2024-11-20T01:11:39.338+0000] {processor.py:208} INFO - Processing /home/ubuntu/airflow_venv/lib/python3.12/site-packages/airflow/example_dags/plugins/event_listener.py took 0.023 seconds
[2024-11-20T01:12:31.988+0000] {processor.py:186} INFO - Started process (PID=6524) to work on /home/ubuntu/airflow_venv/lib/python3.12/site-packages/airflow/example_dags/plugins/event_listener.py
[2024-11-20T01:12:31.991+0000] {processor.py:914} INFO - Processing file /home/ubuntu/airflow_venv/lib/python3.12/site-packages/airflow/example_dags/plugins/event_listener.py for tasks to queue
[2024-11-20T01:12:31.992+0000] {logging_mixin.py:190} INFO - [2024-11-20T01:12:31.991+0000] {dagbag.py:588} INFO - Filling up the DagBag from /home/ubuntu/airflow_venv/lib/python3.12/site-packages/airflow/example_dags/plugins/event_listener.py
[2024-11-20T01:12:31.994+0000] {processor.py:927} WARNING - No viable dags retrieved from /home/ubuntu/airflow_venv/lib/python3.12/site-packages/airflow/example_dags/plugins/event_listener.py
[2024-11-20T01:12:32.005+0000] {processor.py:208} INFO - Processing /home/ubuntu/airflow_venv/lib/python3.12/site-packages/airflow/example_dags/plugins/event_listener.py took 0.023 seconds
