[2024-11-20T00:16:05.835+0000] {processor.py:186} INFO - Started process (PID=1867) to work on /home/ubuntu/airflow_venv/lib/python3.12/site-packages/airflow/example_dags/plugins/workday.py
[2024-11-20T00:16:05.835+0000] {processor.py:914} INFO - Processing file /home/ubuntu/airflow_venv/lib/python3.12/site-packages/airflow/example_dags/plugins/workday.py for tasks to queue
[2024-11-20T00:16:05.837+0000] {logging_mixin.py:190} INFO - [2024-11-20T00:16:05.837+0000] {dagbag.py:588} INFO - Filling up the DagBag from /home/ubuntu/airflow_venv/lib/python3.12/site-packages/airflow/example_dags/plugins/workday.py
[2024-11-20T00:16:05.840+0000] {logging_mixin.py:190} INFO - [2024-11-20T00:16:05.840+0000] {workday.py:41} WARNING - Could not import pandas. Holidays will not be considered.
[2024-11-20T00:16:05.841+0000] {processor.py:927} WARNING - No viable dags retrieved from /home/ubuntu/airflow_venv/lib/python3.12/site-packages/airflow/example_dags/plugins/workday.py
[2024-11-20T00:16:05.850+0000] {processor.py:208} INFO - Processing /home/ubuntu/airflow_venv/lib/python3.12/site-packages/airflow/example_dags/plugins/workday.py took 0.021 seconds
[2024-11-20T00:17:04.623+0000] {processor.py:186} INFO - Started process (PID=2087) to work on /home/ubuntu/airflow_venv/lib/python3.12/site-packages/airflow/example_dags/plugins/workday.py
[2024-11-20T00:17:04.625+0000] {processor.py:914} INFO - Processing file /home/ubuntu/airflow_venv/lib/python3.12/site-packages/airflow/example_dags/plugins/workday.py for tasks to queue
[2024-11-20T00:17:04.627+0000] {logging_mixin.py:190} INFO - [2024-11-20T00:17:04.627+0000] {dagbag.py:588} INFO - Filling up the DagBag from /home/ubuntu/airflow_venv/lib/python3.12/site-packages/airflow/example_dags/plugins/workday.py
[2024-11-20T00:17:04.630+0000] {logging_mixin.py:190} INFO - [2024-11-20T00:17:04.630+0000] {workday.py:41} WARNING - Could not import pandas. Holidays will not be considered.
[2024-11-20T00:17:04.631+0000] {processor.py:927} WARNING - No viable dags retrieved from /home/ubuntu/airflow_venv/lib/python3.12/site-packages/airflow/example_dags/plugins/workday.py
[2024-11-20T00:17:04.641+0000] {processor.py:208} INFO - Processing /home/ubuntu/airflow_venv/lib/python3.12/site-packages/airflow/example_dags/plugins/workday.py took 0.023 seconds
[2024-11-20T00:18:01.606+0000] {processor.py:186} INFO - Started process (PID=2148) to work on /home/ubuntu/airflow_venv/lib/python3.12/site-packages/airflow/example_dags/plugins/workday.py
[2024-11-20T00:18:01.607+0000] {processor.py:914} INFO - Processing file /home/ubuntu/airflow_venv/lib/python3.12/site-packages/airflow/example_dags/plugins/workday.py for tasks to queue
[2024-11-20T00:18:01.611+0000] {logging_mixin.py:190} INFO - [2024-11-20T00:18:01.610+0000] {dagbag.py:588} INFO - Filling up the DagBag from /home/ubuntu/airflow_venv/lib/python3.12/site-packages/airflow/example_dags/plugins/workday.py
[2024-11-20T00:18:01.613+0000] {logging_mixin.py:190} INFO - [2024-11-20T00:18:01.613+0000] {workday.py:41} WARNING - Could not import pandas. Holidays will not be considered.
[2024-11-20T00:18:01.614+0000] {processor.py:927} WARNING - No viable dags retrieved from /home/ubuntu/airflow_venv/lib/python3.12/site-packages/airflow/example_dags/plugins/workday.py
[2024-11-20T00:18:01.625+0000] {processor.py:208} INFO - Processing /home/ubuntu/airflow_venv/lib/python3.12/site-packages/airflow/example_dags/plugins/workday.py took 0.025 seconds
[2024-11-20T00:18:53.244+0000] {processor.py:186} INFO - Started process (PID=2201) to work on /home/ubuntu/airflow_venv/lib/python3.12/site-packages/airflow/example_dags/plugins/workday.py
[2024-11-20T00:18:53.246+0000] {processor.py:914} INFO - Processing file /home/ubuntu/airflow_venv/lib/python3.12/site-packages/airflow/example_dags/plugins/workday.py for tasks to queue
[2024-11-20T00:18:53.248+0000] {logging_mixin.py:190} INFO - [2024-11-20T00:18:53.247+0000] {dagbag.py:588} INFO - Filling up the DagBag from /home/ubuntu/airflow_venv/lib/python3.12/site-packages/airflow/example_dags/plugins/workday.py
[2024-11-20T00:18:53.252+0000] {logging_mixin.py:190} INFO - [2024-11-20T00:18:53.252+0000] {workday.py:41} WARNING - Could not import pandas. Holidays will not be considered.
[2024-11-20T00:18:53.253+0000] {processor.py:927} WARNING - No viable dags retrieved from /home/ubuntu/airflow_venv/lib/python3.12/site-packages/airflow/example_dags/plugins/workday.py
[2024-11-20T00:18:53.263+0000] {processor.py:208} INFO - Processing /home/ubuntu/airflow_venv/lib/python3.12/site-packages/airflow/example_dags/plugins/workday.py took 0.024 seconds
[2024-11-20T00:19:46.298+0000] {processor.py:186} INFO - Started process (PID=2258) to work on /home/ubuntu/airflow_venv/lib/python3.12/site-packages/airflow/example_dags/plugins/workday.py
[2024-11-20T00:19:46.300+0000] {processor.py:914} INFO - Processing file /home/ubuntu/airflow_venv/lib/python3.12/site-packages/airflow/example_dags/plugins/workday.py for tasks to queue
[2024-11-20T00:19:46.302+0000] {logging_mixin.py:190} INFO - [2024-11-20T00:19:46.302+0000] {dagbag.py:588} INFO - Filling up the DagBag from /home/ubuntu/airflow_venv/lib/python3.12/site-packages/airflow/example_dags/plugins/workday.py
[2024-11-20T00:19:46.305+0000] {logging_mixin.py:190} INFO - [2024-11-20T00:19:46.305+0000] {workday.py:41} WARNING - Could not import pandas. Holidays will not be considered.
[2024-11-20T00:19:46.305+0000] {processor.py:927} WARNING - No viable dags retrieved from /home/ubuntu/airflow_venv/lib/python3.12/site-packages/airflow/example_dags/plugins/workday.py
[2024-11-20T00:19:46.316+0000] {processor.py:208} INFO - Processing /home/ubuntu/airflow_venv/lib/python3.12/site-packages/airflow/example_dags/plugins/workday.py took 0.023 seconds
[2024-11-20T00:20:39.407+0000] {processor.py:186} INFO - Started process (PID=2315) to work on /home/ubuntu/airflow_venv/lib/python3.12/site-packages/airflow/example_dags/plugins/workday.py
[2024-11-20T00:20:39.411+0000] {processor.py:914} INFO - Processing file /home/ubuntu/airflow_venv/lib/python3.12/site-packages/airflow/example_dags/plugins/workday.py for tasks to queue
[2024-11-20T00:20:39.413+0000] {logging_mixin.py:190} INFO - [2024-11-20T00:20:39.413+0000] {dagbag.py:588} INFO - Filling up the DagBag from /home/ubuntu/airflow_venv/lib/python3.12/site-packages/airflow/example_dags/plugins/workday.py
[2024-11-20T00:20:39.416+0000] {logging_mixin.py:190} INFO - [2024-11-20T00:20:39.416+0000] {workday.py:41} WARNING - Could not import pandas. Holidays will not be considered.
[2024-11-20T00:20:39.416+0000] {processor.py:927} WARNING - No viable dags retrieved from /home/ubuntu/airflow_venv/lib/python3.12/site-packages/airflow/example_dags/plugins/workday.py
[2024-11-20T00:20:39.427+0000] {processor.py:208} INFO - Processing /home/ubuntu/airflow_venv/lib/python3.12/site-packages/airflow/example_dags/plugins/workday.py took 0.025 seconds
[2024-11-20T00:21:38.286+0000] {processor.py:186} INFO - Started process (PID=2372) to work on /home/ubuntu/airflow_venv/lib/python3.12/site-packages/airflow/example_dags/plugins/workday.py
[2024-11-20T00:21:38.287+0000] {processor.py:914} INFO - Processing file /home/ubuntu/airflow_venv/lib/python3.12/site-packages/airflow/example_dags/plugins/workday.py for tasks to queue
[2024-11-20T00:21:38.291+0000] {logging_mixin.py:190} INFO - [2024-11-20T00:21:38.290+0000] {dagbag.py:588} INFO - Filling up the DagBag from /home/ubuntu/airflow_venv/lib/python3.12/site-packages/airflow/example_dags/plugins/workday.py
[2024-11-20T00:21:38.293+0000] {logging_mixin.py:190} INFO - [2024-11-20T00:21:38.293+0000] {workday.py:41} WARNING - Could not import pandas. Holidays will not be considered.
[2024-11-20T00:21:38.293+0000] {processor.py:927} WARNING - No viable dags retrieved from /home/ubuntu/airflow_venv/lib/python3.12/site-packages/airflow/example_dags/plugins/workday.py
[2024-11-20T00:21:38.304+0000] {processor.py:208} INFO - Processing /home/ubuntu/airflow_venv/lib/python3.12/site-packages/airflow/example_dags/plugins/workday.py took 0.024 seconds
[2024-11-20T00:22:34.924+0000] {processor.py:186} INFO - Started process (PID=2434) to work on /home/ubuntu/airflow_venv/lib/python3.12/site-packages/airflow/example_dags/plugins/workday.py
[2024-11-20T00:22:34.926+0000] {processor.py:914} INFO - Processing file /home/ubuntu/airflow_venv/lib/python3.12/site-packages/airflow/example_dags/plugins/workday.py for tasks to queue
[2024-11-20T00:22:34.929+0000] {logging_mixin.py:190} INFO - [2024-11-20T00:22:34.928+0000] {dagbag.py:588} INFO - Filling up the DagBag from /home/ubuntu/airflow_venv/lib/python3.12/site-packages/airflow/example_dags/plugins/workday.py
[2024-11-20T00:22:34.932+0000] {logging_mixin.py:190} INFO - [2024-11-20T00:22:34.932+0000] {workday.py:41} WARNING - Could not import pandas. Holidays will not be considered.
[2024-11-20T00:22:34.933+0000] {processor.py:927} WARNING - No viable dags retrieved from /home/ubuntu/airflow_venv/lib/python3.12/site-packages/airflow/example_dags/plugins/workday.py
[2024-11-20T00:22:34.943+0000] {processor.py:208} INFO - Processing /home/ubuntu/airflow_venv/lib/python3.12/site-packages/airflow/example_dags/plugins/workday.py took 0.024 seconds
[2024-11-20T00:23:31.552+0000] {processor.py:186} INFO - Started process (PID=2490) to work on /home/ubuntu/airflow_venv/lib/python3.12/site-packages/airflow/example_dags/plugins/workday.py
[2024-11-20T00:23:31.554+0000] {processor.py:914} INFO - Processing file /home/ubuntu/airflow_venv/lib/python3.12/site-packages/airflow/example_dags/plugins/workday.py for tasks to queue
[2024-11-20T00:23:31.557+0000] {logging_mixin.py:190} INFO - [2024-11-20T00:23:31.556+0000] {dagbag.py:588} INFO - Filling up the DagBag from /home/ubuntu/airflow_venv/lib/python3.12/site-packages/airflow/example_dags/plugins/workday.py
[2024-11-20T00:23:31.559+0000] {logging_mixin.py:190} INFO - [2024-11-20T00:23:31.559+0000] {workday.py:41} WARNING - Could not import pandas. Holidays will not be considered.
[2024-11-20T00:23:31.560+0000] {processor.py:927} WARNING - No viable dags retrieved from /home/ubuntu/airflow_venv/lib/python3.12/site-packages/airflow/example_dags/plugins/workday.py
[2024-11-20T00:23:31.572+0000] {processor.py:208} INFO - Processing /home/ubuntu/airflow_venv/lib/python3.12/site-packages/airflow/example_dags/plugins/workday.py took 0.025 seconds
[2024-11-20T00:24:25.997+0000] {processor.py:186} INFO - Started process (PID=2546) to work on /home/ubuntu/airflow_venv/lib/python3.12/site-packages/airflow/example_dags/plugins/workday.py
[2024-11-20T00:24:25.998+0000] {processor.py:914} INFO - Processing file /home/ubuntu/airflow_venv/lib/python3.12/site-packages/airflow/example_dags/plugins/workday.py for tasks to queue
[2024-11-20T00:24:26.001+0000] {logging_mixin.py:190} INFO - [2024-11-20T00:24:26.000+0000] {dagbag.py:588} INFO - Filling up the DagBag from /home/ubuntu/airflow_venv/lib/python3.12/site-packages/airflow/example_dags/plugins/workday.py
[2024-11-20T00:24:26.004+0000] {logging_mixin.py:190} INFO - [2024-11-20T00:24:26.004+0000] {workday.py:41} WARNING - Could not import pandas. Holidays will not be considered.
[2024-11-20T00:24:26.004+0000] {processor.py:927} WARNING - No viable dags retrieved from /home/ubuntu/airflow_venv/lib/python3.12/site-packages/airflow/example_dags/plugins/workday.py
[2024-11-20T00:24:26.015+0000] {processor.py:208} INFO - Processing /home/ubuntu/airflow_venv/lib/python3.12/site-packages/airflow/example_dags/plugins/workday.py took 0.024 seconds
[2024-11-20T00:25:18.673+0000] {processor.py:186} INFO - Started process (PID=2604) to work on /home/ubuntu/airflow_venv/lib/python3.12/site-packages/airflow/example_dags/plugins/workday.py
[2024-11-20T00:25:18.674+0000] {processor.py:914} INFO - Processing file /home/ubuntu/airflow_venv/lib/python3.12/site-packages/airflow/example_dags/plugins/workday.py for tasks to queue
[2024-11-20T00:25:18.677+0000] {logging_mixin.py:190} INFO - [2024-11-20T00:25:18.676+0000] {dagbag.py:588} INFO - Filling up the DagBag from /home/ubuntu/airflow_venv/lib/python3.12/site-packages/airflow/example_dags/plugins/workday.py
[2024-11-20T00:25:18.679+0000] {logging_mixin.py:190} INFO - [2024-11-20T00:25:18.679+0000] {workday.py:41} WARNING - Could not import pandas. Holidays will not be considered.
[2024-11-20T00:25:18.680+0000] {processor.py:927} WARNING - No viable dags retrieved from /home/ubuntu/airflow_venv/lib/python3.12/site-packages/airflow/example_dags/plugins/workday.py
[2024-11-20T00:25:18.692+0000] {processor.py:208} INFO - Processing /home/ubuntu/airflow_venv/lib/python3.12/site-packages/airflow/example_dags/plugins/workday.py took 0.024 seconds
[2024-11-20T00:26:15.881+0000] {processor.py:186} INFO - Started process (PID=2663) to work on /home/ubuntu/airflow_venv/lib/python3.12/site-packages/airflow/example_dags/plugins/workday.py
[2024-11-20T00:26:15.883+0000] {processor.py:914} INFO - Processing file /home/ubuntu/airflow_venv/lib/python3.12/site-packages/airflow/example_dags/plugins/workday.py for tasks to queue
[2024-11-20T00:26:15.885+0000] {logging_mixin.py:190} INFO - [2024-11-20T00:26:15.885+0000] {dagbag.py:588} INFO - Filling up the DagBag from /home/ubuntu/airflow_venv/lib/python3.12/site-packages/airflow/example_dags/plugins/workday.py
[2024-11-20T00:26:15.888+0000] {logging_mixin.py:190} INFO - [2024-11-20T00:26:15.887+0000] {workday.py:41} WARNING - Could not import pandas. Holidays will not be considered.
[2024-11-20T00:26:15.888+0000] {processor.py:927} WARNING - No viable dags retrieved from /home/ubuntu/airflow_venv/lib/python3.12/site-packages/airflow/example_dags/plugins/workday.py
[2024-11-20T00:26:15.899+0000] {processor.py:208} INFO - Processing /home/ubuntu/airflow_venv/lib/python3.12/site-packages/airflow/example_dags/plugins/workday.py took 0.024 seconds
[2024-11-20T00:27:29.299+0000] {processor.py:186} INFO - Started process (PID=2759) to work on /home/ubuntu/airflow_venv/lib/python3.12/site-packages/airflow/example_dags/plugins/workday.py
[2024-11-20T00:27:29.301+0000] {processor.py:914} INFO - Processing file /home/ubuntu/airflow_venv/lib/python3.12/site-packages/airflow/example_dags/plugins/workday.py for tasks to queue
[2024-11-20T00:27:29.303+0000] {logging_mixin.py:190} INFO - [2024-11-20T00:27:29.302+0000] {dagbag.py:588} INFO - Filling up the DagBag from /home/ubuntu/airflow_venv/lib/python3.12/site-packages/airflow/example_dags/plugins/workday.py
[2024-11-20T00:27:29.306+0000] {logging_mixin.py:190} INFO - [2024-11-20T00:27:29.306+0000] {workday.py:41} WARNING - Could not import pandas. Holidays will not be considered.
[2024-11-20T00:27:29.306+0000] {processor.py:927} WARNING - No viable dags retrieved from /home/ubuntu/airflow_venv/lib/python3.12/site-packages/airflow/example_dags/plugins/workday.py
[2024-11-20T00:27:29.317+0000] {processor.py:208} INFO - Processing /home/ubuntu/airflow_venv/lib/python3.12/site-packages/airflow/example_dags/plugins/workday.py took 0.023 seconds
[2024-11-20T00:28:05.229+0000] {processor.py:186} INFO - Started process (PID=2796) to work on /home/ubuntu/airflow_venv/lib/python3.12/site-packages/airflow/example_dags/plugins/workday.py
[2024-11-20T00:28:05.230+0000] {processor.py:914} INFO - Processing file /home/ubuntu/airflow_venv/lib/python3.12/site-packages/airflow/example_dags/plugins/workday.py for tasks to queue
[2024-11-20T00:28:05.232+0000] {logging_mixin.py:190} INFO - [2024-11-20T00:28:05.232+0000] {dagbag.py:588} INFO - Filling up the DagBag from /home/ubuntu/airflow_venv/lib/python3.12/site-packages/airflow/example_dags/plugins/workday.py
[2024-11-20T00:28:05.236+0000] {logging_mixin.py:190} INFO - [2024-11-20T00:28:05.235+0000] {workday.py:41} WARNING - Could not import pandas. Holidays will not be considered.
[2024-11-20T00:28:05.236+0000] {processor.py:927} WARNING - No viable dags retrieved from /home/ubuntu/airflow_venv/lib/python3.12/site-packages/airflow/example_dags/plugins/workday.py
[2024-11-20T00:28:05.247+0000] {processor.py:208} INFO - Processing /home/ubuntu/airflow_venv/lib/python3.12/site-packages/airflow/example_dags/plugins/workday.py took 0.024 seconds
[2024-11-20T00:29:01.935+0000] {processor.py:186} INFO - Started process (PID=2981) to work on /home/ubuntu/airflow_venv/lib/python3.12/site-packages/airflow/example_dags/plugins/workday.py
[2024-11-20T00:29:01.936+0000] {processor.py:914} INFO - Processing file /home/ubuntu/airflow_venv/lib/python3.12/site-packages/airflow/example_dags/plugins/workday.py for tasks to queue
[2024-11-20T00:29:01.939+0000] {logging_mixin.py:190} INFO - [2024-11-20T00:29:01.938+0000] {dagbag.py:588} INFO - Filling up the DagBag from /home/ubuntu/airflow_venv/lib/python3.12/site-packages/airflow/example_dags/plugins/workday.py
[2024-11-20T00:29:01.942+0000] {logging_mixin.py:190} INFO - [2024-11-20T00:29:01.942+0000] {workday.py:41} WARNING - Could not import pandas. Holidays will not be considered.
[2024-11-20T00:29:01.943+0000] {processor.py:927} WARNING - No viable dags retrieved from /home/ubuntu/airflow_venv/lib/python3.12/site-packages/airflow/example_dags/plugins/workday.py
[2024-11-20T00:29:01.953+0000] {processor.py:208} INFO - Processing /home/ubuntu/airflow_venv/lib/python3.12/site-packages/airflow/example_dags/plugins/workday.py took 0.024 seconds
[2024-11-20T00:30:06.121+0000] {processor.py:186} INFO - Started process (PID=3048) to work on /home/ubuntu/airflow_venv/lib/python3.12/site-packages/airflow/example_dags/plugins/workday.py
[2024-11-20T00:30:06.122+0000] {processor.py:914} INFO - Processing file /home/ubuntu/airflow_venv/lib/python3.12/site-packages/airflow/example_dags/plugins/workday.py for tasks to queue
[2024-11-20T00:30:06.123+0000] {logging_mixin.py:190} INFO - [2024-11-20T00:30:06.123+0000] {dagbag.py:588} INFO - Filling up the DagBag from /home/ubuntu/airflow_venv/lib/python3.12/site-packages/airflow/example_dags/plugins/workday.py
[2024-11-20T00:30:06.127+0000] {logging_mixin.py:190} INFO - [2024-11-20T00:30:06.127+0000] {workday.py:41} WARNING - Could not import pandas. Holidays will not be considered.
[2024-11-20T00:30:06.127+0000] {processor.py:927} WARNING - No viable dags retrieved from /home/ubuntu/airflow_venv/lib/python3.12/site-packages/airflow/example_dags/plugins/workday.py
[2024-11-20T00:30:06.138+0000] {processor.py:208} INFO - Processing /home/ubuntu/airflow_venv/lib/python3.12/site-packages/airflow/example_dags/plugins/workday.py took 0.022 seconds
[2024-11-20T00:31:00.211+0000] {processor.py:186} INFO - Started process (PID=3144) to work on /home/ubuntu/airflow_venv/lib/python3.12/site-packages/airflow/example_dags/plugins/workday.py
[2024-11-20T00:31:00.213+0000] {processor.py:914} INFO - Processing file /home/ubuntu/airflow_venv/lib/python3.12/site-packages/airflow/example_dags/plugins/workday.py for tasks to queue
[2024-11-20T00:31:00.214+0000] {logging_mixin.py:190} INFO - [2024-11-20T00:31:00.213+0000] {dagbag.py:588} INFO - Filling up the DagBag from /home/ubuntu/airflow_venv/lib/python3.12/site-packages/airflow/example_dags/plugins/workday.py
[2024-11-20T00:31:00.217+0000] {logging_mixin.py:190} INFO - [2024-11-20T00:31:00.217+0000] {workday.py:41} WARNING - Could not import pandas. Holidays will not be considered.
[2024-11-20T00:31:00.217+0000] {processor.py:927} WARNING - No viable dags retrieved from /home/ubuntu/airflow_venv/lib/python3.12/site-packages/airflow/example_dags/plugins/workday.py
[2024-11-20T00:31:00.227+0000] {processor.py:208} INFO - Processing /home/ubuntu/airflow_venv/lib/python3.12/site-packages/airflow/example_dags/plugins/workday.py took 0.023 seconds
[2024-11-20T00:31:57.613+0000] {processor.py:186} INFO - Started process (PID=3302) to work on /home/ubuntu/airflow_venv/lib/python3.12/site-packages/airflow/example_dags/plugins/workday.py
[2024-11-20T00:31:57.615+0000] {processor.py:914} INFO - Processing file /home/ubuntu/airflow_venv/lib/python3.12/site-packages/airflow/example_dags/plugins/workday.py for tasks to queue
[2024-11-20T00:31:57.617+0000] {logging_mixin.py:190} INFO - [2024-11-20T00:31:57.616+0000] {dagbag.py:588} INFO - Filling up the DagBag from /home/ubuntu/airflow_venv/lib/python3.12/site-packages/airflow/example_dags/plugins/workday.py
[2024-11-20T00:31:57.619+0000] {logging_mixin.py:190} INFO - [2024-11-20T00:31:57.619+0000] {workday.py:41} WARNING - Could not import pandas. Holidays will not be considered.
[2024-11-20T00:31:57.619+0000] {processor.py:927} WARNING - No viable dags retrieved from /home/ubuntu/airflow_venv/lib/python3.12/site-packages/airflow/example_dags/plugins/workday.py
[2024-11-20T00:31:57.630+0000] {processor.py:208} INFO - Processing /home/ubuntu/airflow_venv/lib/python3.12/site-packages/airflow/example_dags/plugins/workday.py took 0.021 seconds
[2024-11-20T00:32:48.386+0000] {processor.py:186} INFO - Started process (PID=3730) to work on /home/ubuntu/airflow_venv/lib/python3.12/site-packages/airflow/example_dags/plugins/workday.py
[2024-11-20T00:32:48.388+0000] {processor.py:914} INFO - Processing file /home/ubuntu/airflow_venv/lib/python3.12/site-packages/airflow/example_dags/plugins/workday.py for tasks to queue
[2024-11-20T00:32:48.389+0000] {logging_mixin.py:190} INFO - [2024-11-20T00:32:48.389+0000] {dagbag.py:588} INFO - Filling up the DagBag from /home/ubuntu/airflow_venv/lib/python3.12/site-packages/airflow/example_dags/plugins/workday.py
[2024-11-20T00:32:48.393+0000] {logging_mixin.py:190} INFO - [2024-11-20T00:32:48.393+0000] {workday.py:41} WARNING - Could not import pandas. Holidays will not be considered.
[2024-11-20T00:32:48.393+0000] {processor.py:927} WARNING - No viable dags retrieved from /home/ubuntu/airflow_venv/lib/python3.12/site-packages/airflow/example_dags/plugins/workday.py
[2024-11-20T00:32:48.404+0000] {processor.py:208} INFO - Processing /home/ubuntu/airflow_venv/lib/python3.12/site-packages/airflow/example_dags/plugins/workday.py took 0.024 seconds
[2024-11-20T00:33:53.094+0000] {processor.py:186} INFO - Started process (PID=3962) to work on /home/ubuntu/airflow_venv/lib/python3.12/site-packages/airflow/example_dags/plugins/workday.py
[2024-11-20T00:33:53.096+0000] {processor.py:914} INFO - Processing file /home/ubuntu/airflow_venv/lib/python3.12/site-packages/airflow/example_dags/plugins/workday.py for tasks to queue
[2024-11-20T00:33:53.097+0000] {logging_mixin.py:190} INFO - [2024-11-20T00:33:53.097+0000] {dagbag.py:588} INFO - Filling up the DagBag from /home/ubuntu/airflow_venv/lib/python3.12/site-packages/airflow/example_dags/plugins/workday.py
[2024-11-20T00:33:53.362+0000] {processor.py:927} WARNING - No viable dags retrieved from /home/ubuntu/airflow_venv/lib/python3.12/site-packages/airflow/example_dags/plugins/workday.py
[2024-11-20T00:33:53.372+0000] {processor.py:208} INFO - Processing /home/ubuntu/airflow_venv/lib/python3.12/site-packages/airflow/example_dags/plugins/workday.py took 0.287 seconds
[2024-11-20T00:34:51.274+0000] {processor.py:186} INFO - Started process (PID=4060) to work on /home/ubuntu/airflow_venv/lib/python3.12/site-packages/airflow/example_dags/plugins/workday.py
[2024-11-20T00:34:51.276+0000] {processor.py:914} INFO - Processing file /home/ubuntu/airflow_venv/lib/python3.12/site-packages/airflow/example_dags/plugins/workday.py for tasks to queue
[2024-11-20T00:34:51.278+0000] {logging_mixin.py:190} INFO - [2024-11-20T00:34:51.278+0000] {dagbag.py:588} INFO - Filling up the DagBag from /home/ubuntu/airflow_venv/lib/python3.12/site-packages/airflow/example_dags/plugins/workday.py
[2024-11-20T00:34:51.560+0000] {processor.py:927} WARNING - No viable dags retrieved from /home/ubuntu/airflow_venv/lib/python3.12/site-packages/airflow/example_dags/plugins/workday.py
[2024-11-20T00:34:51.571+0000] {processor.py:208} INFO - Processing /home/ubuntu/airflow_venv/lib/python3.12/site-packages/airflow/example_dags/plugins/workday.py took 0.304 seconds
[2024-11-20T00:35:46.393+0000] {processor.py:186} INFO - Started process (PID=4145) to work on /home/ubuntu/airflow_venv/lib/python3.12/site-packages/airflow/example_dags/plugins/workday.py
[2024-11-20T00:35:46.394+0000] {processor.py:914} INFO - Processing file /home/ubuntu/airflow_venv/lib/python3.12/site-packages/airflow/example_dags/plugins/workday.py for tasks to queue
[2024-11-20T00:35:46.395+0000] {logging_mixin.py:190} INFO - [2024-11-20T00:35:46.395+0000] {dagbag.py:588} INFO - Filling up the DagBag from /home/ubuntu/airflow_venv/lib/python3.12/site-packages/airflow/example_dags/plugins/workday.py
[2024-11-20T00:35:46.669+0000] {processor.py:927} WARNING - No viable dags retrieved from /home/ubuntu/airflow_venv/lib/python3.12/site-packages/airflow/example_dags/plugins/workday.py
[2024-11-20T00:35:46.678+0000] {processor.py:208} INFO - Processing /home/ubuntu/airflow_venv/lib/python3.12/site-packages/airflow/example_dags/plugins/workday.py took 0.293 seconds
[2024-11-20T00:36:40.684+0000] {processor.py:186} INFO - Started process (PID=4201) to work on /home/ubuntu/airflow_venv/lib/python3.12/site-packages/airflow/example_dags/plugins/workday.py
[2024-11-20T00:36:40.685+0000] {processor.py:914} INFO - Processing file /home/ubuntu/airflow_venv/lib/python3.12/site-packages/airflow/example_dags/plugins/workday.py for tasks to queue
[2024-11-20T00:36:40.686+0000] {logging_mixin.py:190} INFO - [2024-11-20T00:36:40.686+0000] {dagbag.py:588} INFO - Filling up the DagBag from /home/ubuntu/airflow_venv/lib/python3.12/site-packages/airflow/example_dags/plugins/workday.py
[2024-11-20T00:36:40.958+0000] {processor.py:927} WARNING - No viable dags retrieved from /home/ubuntu/airflow_venv/lib/python3.12/site-packages/airflow/example_dags/plugins/workday.py
[2024-11-20T00:36:40.967+0000] {processor.py:208} INFO - Processing /home/ubuntu/airflow_venv/lib/python3.12/site-packages/airflow/example_dags/plugins/workday.py took 0.291 seconds
[2024-11-20T00:37:35.966+0000] {processor.py:186} INFO - Started process (PID=4257) to work on /home/ubuntu/airflow_venv/lib/python3.12/site-packages/airflow/example_dags/plugins/workday.py
[2024-11-20T00:37:35.968+0000] {processor.py:914} INFO - Processing file /home/ubuntu/airflow_venv/lib/python3.12/site-packages/airflow/example_dags/plugins/workday.py for tasks to queue
[2024-11-20T00:37:35.969+0000] {logging_mixin.py:190} INFO - [2024-11-20T00:37:35.969+0000] {dagbag.py:588} INFO - Filling up the DagBag from /home/ubuntu/airflow_venv/lib/python3.12/site-packages/airflow/example_dags/plugins/workday.py
[2024-11-20T00:37:36.232+0000] {processor.py:927} WARNING - No viable dags retrieved from /home/ubuntu/airflow_venv/lib/python3.12/site-packages/airflow/example_dags/plugins/workday.py
[2024-11-20T00:37:36.243+0000] {processor.py:208} INFO - Processing /home/ubuntu/airflow_venv/lib/python3.12/site-packages/airflow/example_dags/plugins/workday.py took 0.283 seconds
[2024-11-20T00:38:33.062+0000] {processor.py:186} INFO - Started process (PID=4342) to work on /home/ubuntu/airflow_venv/lib/python3.12/site-packages/airflow/example_dags/plugins/workday.py
[2024-11-20T00:38:33.064+0000] {processor.py:914} INFO - Processing file /home/ubuntu/airflow_venv/lib/python3.12/site-packages/airflow/example_dags/plugins/workday.py for tasks to queue
[2024-11-20T00:38:33.065+0000] {logging_mixin.py:190} INFO - [2024-11-20T00:38:33.064+0000] {dagbag.py:588} INFO - Filling up the DagBag from /home/ubuntu/airflow_venv/lib/python3.12/site-packages/airflow/example_dags/plugins/workday.py
[2024-11-20T00:38:33.328+0000] {processor.py:927} WARNING - No viable dags retrieved from /home/ubuntu/airflow_venv/lib/python3.12/site-packages/airflow/example_dags/plugins/workday.py
[2024-11-20T00:38:33.338+0000] {processor.py:208} INFO - Processing /home/ubuntu/airflow_venv/lib/python3.12/site-packages/airflow/example_dags/plugins/workday.py took 0.282 seconds
[2024-11-20T00:39:24.613+0000] {processor.py:186} INFO - Started process (PID=4397) to work on /home/ubuntu/airflow_venv/lib/python3.12/site-packages/airflow/example_dags/plugins/workday.py
[2024-11-20T00:39:24.614+0000] {processor.py:914} INFO - Processing file /home/ubuntu/airflow_venv/lib/python3.12/site-packages/airflow/example_dags/plugins/workday.py for tasks to queue
[2024-11-20T00:39:24.616+0000] {logging_mixin.py:190} INFO - [2024-11-20T00:39:24.615+0000] {dagbag.py:588} INFO - Filling up the DagBag from /home/ubuntu/airflow_venv/lib/python3.12/site-packages/airflow/example_dags/plugins/workday.py
[2024-11-20T00:39:24.878+0000] {processor.py:927} WARNING - No viable dags retrieved from /home/ubuntu/airflow_venv/lib/python3.12/site-packages/airflow/example_dags/plugins/workday.py
[2024-11-20T00:39:24.889+0000] {processor.py:208} INFO - Processing /home/ubuntu/airflow_venv/lib/python3.12/site-packages/airflow/example_dags/plugins/workday.py took 0.283 seconds
[2024-11-20T00:39:59.578+0000] {processor.py:186} INFO - Started process (PID=4462) to work on /home/ubuntu/airflow_venv/lib/python3.12/site-packages/airflow/example_dags/plugins/workday.py
[2024-11-20T00:39:59.580+0000] {processor.py:914} INFO - Processing file /home/ubuntu/airflow_venv/lib/python3.12/site-packages/airflow/example_dags/plugins/workday.py for tasks to queue
[2024-11-20T00:39:59.581+0000] {logging_mixin.py:190} INFO - [2024-11-20T00:39:59.581+0000] {dagbag.py:588} INFO - Filling up the DagBag from /home/ubuntu/airflow_venv/lib/python3.12/site-packages/airflow/example_dags/plugins/workday.py
[2024-11-20T00:39:59.845+0000] {processor.py:927} WARNING - No viable dags retrieved from /home/ubuntu/airflow_venv/lib/python3.12/site-packages/airflow/example_dags/plugins/workday.py
[2024-11-20T00:39:59.855+0000] {processor.py:208} INFO - Processing /home/ubuntu/airflow_venv/lib/python3.12/site-packages/airflow/example_dags/plugins/workday.py took 0.283 seconds
[2024-11-20T00:40:56.662+0000] {processor.py:186} INFO - Started process (PID=4524) to work on /home/ubuntu/airflow_venv/lib/python3.12/site-packages/airflow/example_dags/plugins/workday.py
[2024-11-20T00:40:56.664+0000] {processor.py:914} INFO - Processing file /home/ubuntu/airflow_venv/lib/python3.12/site-packages/airflow/example_dags/plugins/workday.py for tasks to queue
[2024-11-20T00:40:56.666+0000] {logging_mixin.py:190} INFO - [2024-11-20T00:40:56.666+0000] {dagbag.py:588} INFO - Filling up the DagBag from /home/ubuntu/airflow_venv/lib/python3.12/site-packages/airflow/example_dags/plugins/workday.py
[2024-11-20T00:40:56.945+0000] {processor.py:927} WARNING - No viable dags retrieved from /home/ubuntu/airflow_venv/lib/python3.12/site-packages/airflow/example_dags/plugins/workday.py
[2024-11-20T00:40:56.955+0000] {processor.py:208} INFO - Processing /home/ubuntu/airflow_venv/lib/python3.12/site-packages/airflow/example_dags/plugins/workday.py took 0.301 seconds
[2024-11-20T00:41:47.524+0000] {processor.py:186} INFO - Started process (PID=4579) to work on /home/ubuntu/airflow_venv/lib/python3.12/site-packages/airflow/example_dags/plugins/workday.py
[2024-11-20T00:41:47.528+0000] {processor.py:914} INFO - Processing file /home/ubuntu/airflow_venv/lib/python3.12/site-packages/airflow/example_dags/plugins/workday.py for tasks to queue
[2024-11-20T00:41:47.533+0000] {logging_mixin.py:190} INFO - [2024-11-20T00:41:47.532+0000] {dagbag.py:588} INFO - Filling up the DagBag from /home/ubuntu/airflow_venv/lib/python3.12/site-packages/airflow/example_dags/plugins/workday.py
[2024-11-20T00:41:47.806+0000] {processor.py:927} WARNING - No viable dags retrieved from /home/ubuntu/airflow_venv/lib/python3.12/site-packages/airflow/example_dags/plugins/workday.py
[2024-11-20T00:41:47.817+0000] {processor.py:208} INFO - Processing /home/ubuntu/airflow_venv/lib/python3.12/site-packages/airflow/example_dags/plugins/workday.py took 0.300 seconds
[2024-11-20T00:42:41.332+0000] {processor.py:186} INFO - Started process (PID=4633) to work on /home/ubuntu/airflow_venv/lib/python3.12/site-packages/airflow/example_dags/plugins/workday.py
[2024-11-20T00:42:41.334+0000] {processor.py:914} INFO - Processing file /home/ubuntu/airflow_venv/lib/python3.12/site-packages/airflow/example_dags/plugins/workday.py for tasks to queue
[2024-11-20T00:42:41.335+0000] {logging_mixin.py:190} INFO - [2024-11-20T00:42:41.335+0000] {dagbag.py:588} INFO - Filling up the DagBag from /home/ubuntu/airflow_venv/lib/python3.12/site-packages/airflow/example_dags/plugins/workday.py
[2024-11-20T00:42:41.745+0000] {processor.py:927} WARNING - No viable dags retrieved from /home/ubuntu/airflow_venv/lib/python3.12/site-packages/airflow/example_dags/plugins/workday.py
[2024-11-20T00:42:41.751+0000] {processor.py:208} INFO - Processing /home/ubuntu/airflow_venv/lib/python3.12/site-packages/airflow/example_dags/plugins/workday.py took 0.426 seconds
[2024-11-20T00:43:39.405+0000] {processor.py:186} INFO - Started process (PID=4693) to work on /home/ubuntu/airflow_venv/lib/python3.12/site-packages/airflow/example_dags/plugins/workday.py
[2024-11-20T00:43:39.406+0000] {processor.py:914} INFO - Processing file /home/ubuntu/airflow_venv/lib/python3.12/site-packages/airflow/example_dags/plugins/workday.py for tasks to queue
[2024-11-20T00:43:39.408+0000] {logging_mixin.py:190} INFO - [2024-11-20T00:43:39.407+0000] {dagbag.py:588} INFO - Filling up the DagBag from /home/ubuntu/airflow_venv/lib/python3.12/site-packages/airflow/example_dags/plugins/workday.py
[2024-11-20T00:43:39.669+0000] {processor.py:927} WARNING - No viable dags retrieved from /home/ubuntu/airflow_venv/lib/python3.12/site-packages/airflow/example_dags/plugins/workday.py
[2024-11-20T00:43:39.679+0000] {processor.py:208} INFO - Processing /home/ubuntu/airflow_venv/lib/python3.12/site-packages/airflow/example_dags/plugins/workday.py took 0.281 seconds
[2024-11-20T00:44:31.256+0000] {processor.py:186} INFO - Started process (PID=4748) to work on /home/ubuntu/airflow_venv/lib/python3.12/site-packages/airflow/example_dags/plugins/workday.py
[2024-11-20T00:44:31.258+0000] {processor.py:914} INFO - Processing file /home/ubuntu/airflow_venv/lib/python3.12/site-packages/airflow/example_dags/plugins/workday.py for tasks to queue
[2024-11-20T00:44:31.260+0000] {logging_mixin.py:190} INFO - [2024-11-20T00:44:31.259+0000] {dagbag.py:588} INFO - Filling up the DagBag from /home/ubuntu/airflow_venv/lib/python3.12/site-packages/airflow/example_dags/plugins/workday.py
[2024-11-20T00:44:31.520+0000] {processor.py:927} WARNING - No viable dags retrieved from /home/ubuntu/airflow_venv/lib/python3.12/site-packages/airflow/example_dags/plugins/workday.py
[2024-11-20T00:44:31.529+0000] {processor.py:208} INFO - Processing /home/ubuntu/airflow_venv/lib/python3.12/site-packages/airflow/example_dags/plugins/workday.py took 0.279 seconds
[2024-11-20T00:45:27.640+0000] {processor.py:186} INFO - Started process (PID=4808) to work on /home/ubuntu/airflow_venv/lib/python3.12/site-packages/airflow/example_dags/plugins/workday.py
[2024-11-20T00:45:27.642+0000] {processor.py:914} INFO - Processing file /home/ubuntu/airflow_venv/lib/python3.12/site-packages/airflow/example_dags/plugins/workday.py for tasks to queue
[2024-11-20T00:45:27.643+0000] {logging_mixin.py:190} INFO - [2024-11-20T00:45:27.643+0000] {dagbag.py:588} INFO - Filling up the DagBag from /home/ubuntu/airflow_venv/lib/python3.12/site-packages/airflow/example_dags/plugins/workday.py
[2024-11-20T00:45:28.052+0000] {processor.py:927} WARNING - No viable dags retrieved from /home/ubuntu/airflow_venv/lib/python3.12/site-packages/airflow/example_dags/plugins/workday.py
[2024-11-20T00:45:28.059+0000] {processor.py:208} INFO - Processing /home/ubuntu/airflow_venv/lib/python3.12/site-packages/airflow/example_dags/plugins/workday.py took 0.425 seconds
[2024-11-20T00:46:21.601+0000] {processor.py:186} INFO - Started process (PID=4865) to work on /home/ubuntu/airflow_venv/lib/python3.12/site-packages/airflow/example_dags/plugins/workday.py
[2024-11-20T00:46:21.603+0000] {processor.py:914} INFO - Processing file /home/ubuntu/airflow_venv/lib/python3.12/site-packages/airflow/example_dags/plugins/workday.py for tasks to queue
[2024-11-20T00:46:21.605+0000] {logging_mixin.py:190} INFO - [2024-11-20T00:46:21.604+0000] {dagbag.py:588} INFO - Filling up the DagBag from /home/ubuntu/airflow_venv/lib/python3.12/site-packages/airflow/example_dags/plugins/workday.py
[2024-11-20T00:46:22.013+0000] {processor.py:927} WARNING - No viable dags retrieved from /home/ubuntu/airflow_venv/lib/python3.12/site-packages/airflow/example_dags/plugins/workday.py
[2024-11-20T00:46:22.021+0000] {processor.py:208} INFO - Processing /home/ubuntu/airflow_venv/lib/python3.12/site-packages/airflow/example_dags/plugins/workday.py took 0.427 seconds
[2024-11-20T00:47:13.767+0000] {processor.py:186} INFO - Started process (PID=4919) to work on /home/ubuntu/airflow_venv/lib/python3.12/site-packages/airflow/example_dags/plugins/workday.py
[2024-11-20T00:47:13.769+0000] {processor.py:914} INFO - Processing file /home/ubuntu/airflow_venv/lib/python3.12/site-packages/airflow/example_dags/plugins/workday.py for tasks to queue
[2024-11-20T00:47:13.770+0000] {logging_mixin.py:190} INFO - [2024-11-20T00:47:13.770+0000] {dagbag.py:588} INFO - Filling up the DagBag from /home/ubuntu/airflow_venv/lib/python3.12/site-packages/airflow/example_dags/plugins/workday.py
[2024-11-20T00:47:14.162+0000] {processor.py:927} WARNING - No viable dags retrieved from /home/ubuntu/airflow_venv/lib/python3.12/site-packages/airflow/example_dags/plugins/workday.py
[2024-11-20T00:47:14.169+0000] {processor.py:208} INFO - Processing /home/ubuntu/airflow_venv/lib/python3.12/site-packages/airflow/example_dags/plugins/workday.py took 0.409 seconds
[2024-11-20T00:48:05.713+0000] {processor.py:186} INFO - Started process (PID=4973) to work on /home/ubuntu/airflow_venv/lib/python3.12/site-packages/airflow/example_dags/plugins/workday.py
[2024-11-20T00:48:05.715+0000] {processor.py:914} INFO - Processing file /home/ubuntu/airflow_venv/lib/python3.12/site-packages/airflow/example_dags/plugins/workday.py for tasks to queue
[2024-11-20T00:48:05.716+0000] {logging_mixin.py:190} INFO - [2024-11-20T00:48:05.716+0000] {dagbag.py:588} INFO - Filling up the DagBag from /home/ubuntu/airflow_venv/lib/python3.12/site-packages/airflow/example_dags/plugins/workday.py
[2024-11-20T00:48:06.111+0000] {processor.py:927} WARNING - No viable dags retrieved from /home/ubuntu/airflow_venv/lib/python3.12/site-packages/airflow/example_dags/plugins/workday.py
[2024-11-20T00:48:06.118+0000] {processor.py:208} INFO - Processing /home/ubuntu/airflow_venv/lib/python3.12/site-packages/airflow/example_dags/plugins/workday.py took 0.412 seconds
[2024-11-20T00:49:01.274+0000] {processor.py:186} INFO - Started process (PID=5029) to work on /home/ubuntu/airflow_venv/lib/python3.12/site-packages/airflow/example_dags/plugins/workday.py
[2024-11-20T00:49:01.276+0000] {processor.py:914} INFO - Processing file /home/ubuntu/airflow_venv/lib/python3.12/site-packages/airflow/example_dags/plugins/workday.py for tasks to queue
[2024-11-20T00:49:01.277+0000] {logging_mixin.py:190} INFO - [2024-11-20T00:49:01.277+0000] {dagbag.py:588} INFO - Filling up the DagBag from /home/ubuntu/airflow_venv/lib/python3.12/site-packages/airflow/example_dags/plugins/workday.py
[2024-11-20T00:49:01.708+0000] {processor.py:927} WARNING - No viable dags retrieved from /home/ubuntu/airflow_venv/lib/python3.12/site-packages/airflow/example_dags/plugins/workday.py
[2024-11-20T00:49:01.716+0000] {processor.py:208} INFO - Processing /home/ubuntu/airflow_venv/lib/python3.12/site-packages/airflow/example_dags/plugins/workday.py took 0.448 seconds
[2024-11-20T00:49:54.812+0000] {processor.py:186} INFO - Started process (PID=5085) to work on /home/ubuntu/airflow_venv/lib/python3.12/site-packages/airflow/example_dags/plugins/workday.py
[2024-11-20T00:49:54.814+0000] {processor.py:914} INFO - Processing file /home/ubuntu/airflow_venv/lib/python3.12/site-packages/airflow/example_dags/plugins/workday.py for tasks to queue
[2024-11-20T00:49:54.816+0000] {logging_mixin.py:190} INFO - [2024-11-20T00:49:54.815+0000] {dagbag.py:588} INFO - Filling up the DagBag from /home/ubuntu/airflow_venv/lib/python3.12/site-packages/airflow/example_dags/plugins/workday.py
[2024-11-20T00:49:55.219+0000] {processor.py:927} WARNING - No viable dags retrieved from /home/ubuntu/airflow_venv/lib/python3.12/site-packages/airflow/example_dags/plugins/workday.py
[2024-11-20T00:49:55.226+0000] {processor.py:208} INFO - Processing /home/ubuntu/airflow_venv/lib/python3.12/site-packages/airflow/example_dags/plugins/workday.py took 0.419 seconds
[2024-11-20T00:50:47.206+0000] {processor.py:186} INFO - Started process (PID=5144) to work on /home/ubuntu/airflow_venv/lib/python3.12/site-packages/airflow/example_dags/plugins/workday.py
[2024-11-20T00:50:47.208+0000] {processor.py:914} INFO - Processing file /home/ubuntu/airflow_venv/lib/python3.12/site-packages/airflow/example_dags/plugins/workday.py for tasks to queue
[2024-11-20T00:50:47.209+0000] {logging_mixin.py:190} INFO - [2024-11-20T00:50:47.209+0000] {dagbag.py:588} INFO - Filling up the DagBag from /home/ubuntu/airflow_venv/lib/python3.12/site-packages/airflow/example_dags/plugins/workday.py
[2024-11-20T00:50:47.608+0000] {processor.py:927} WARNING - No viable dags retrieved from /home/ubuntu/airflow_venv/lib/python3.12/site-packages/airflow/example_dags/plugins/workday.py
[2024-11-20T00:50:47.615+0000] {processor.py:208} INFO - Processing /home/ubuntu/airflow_venv/lib/python3.12/site-packages/airflow/example_dags/plugins/workday.py took 0.416 seconds
[2024-11-20T00:51:46.599+0000] {processor.py:186} INFO - Started process (PID=5203) to work on /home/ubuntu/airflow_venv/lib/python3.12/site-packages/airflow/example_dags/plugins/workday.py
[2024-11-20T00:51:46.600+0000] {processor.py:914} INFO - Processing file /home/ubuntu/airflow_venv/lib/python3.12/site-packages/airflow/example_dags/plugins/workday.py for tasks to queue
[2024-11-20T00:51:46.603+0000] {logging_mixin.py:190} INFO - [2024-11-20T00:51:46.602+0000] {dagbag.py:588} INFO - Filling up the DagBag from /home/ubuntu/airflow_venv/lib/python3.12/site-packages/airflow/example_dags/plugins/workday.py
[2024-11-20T00:51:47.024+0000] {processor.py:927} WARNING - No viable dags retrieved from /home/ubuntu/airflow_venv/lib/python3.12/site-packages/airflow/example_dags/plugins/workday.py
[2024-11-20T00:51:47.032+0000] {processor.py:208} INFO - Processing /home/ubuntu/airflow_venv/lib/python3.12/site-packages/airflow/example_dags/plugins/workday.py took 0.440 seconds
[2024-11-20T00:52:41.043+0000] {processor.py:186} INFO - Started process (PID=5259) to work on /home/ubuntu/airflow_venv/lib/python3.12/site-packages/airflow/example_dags/plugins/workday.py
[2024-11-20T00:52:41.046+0000] {processor.py:914} INFO - Processing file /home/ubuntu/airflow_venv/lib/python3.12/site-packages/airflow/example_dags/plugins/workday.py for tasks to queue
[2024-11-20T00:52:41.047+0000] {logging_mixin.py:190} INFO - [2024-11-20T00:52:41.047+0000] {dagbag.py:588} INFO - Filling up the DagBag from /home/ubuntu/airflow_venv/lib/python3.12/site-packages/airflow/example_dags/plugins/workday.py
[2024-11-20T00:52:41.464+0000] {processor.py:927} WARNING - No viable dags retrieved from /home/ubuntu/airflow_venv/lib/python3.12/site-packages/airflow/example_dags/plugins/workday.py
[2024-11-20T00:52:41.471+0000] {processor.py:208} INFO - Processing /home/ubuntu/airflow_venv/lib/python3.12/site-packages/airflow/example_dags/plugins/workday.py took 0.434 seconds
[2024-11-20T00:53:16.903+0000] {processor.py:186} INFO - Started process (PID=5294) to work on /home/ubuntu/airflow_venv/lib/python3.12/site-packages/airflow/example_dags/plugins/workday.py
[2024-11-20T00:53:16.904+0000] {processor.py:914} INFO - Processing file /home/ubuntu/airflow_venv/lib/python3.12/site-packages/airflow/example_dags/plugins/workday.py for tasks to queue
[2024-11-20T00:53:16.907+0000] {logging_mixin.py:190} INFO - [2024-11-20T00:53:16.905+0000] {dagbag.py:588} INFO - Filling up the DagBag from /home/ubuntu/airflow_venv/lib/python3.12/site-packages/airflow/example_dags/plugins/workday.py
[2024-11-20T00:53:17.311+0000] {processor.py:927} WARNING - No viable dags retrieved from /home/ubuntu/airflow_venv/lib/python3.12/site-packages/airflow/example_dags/plugins/workday.py
[2024-11-20T00:53:17.318+0000] {processor.py:208} INFO - Processing /home/ubuntu/airflow_venv/lib/python3.12/site-packages/airflow/example_dags/plugins/workday.py took 0.421 seconds
[2024-11-20T00:54:10.570+0000] {processor.py:186} INFO - Started process (PID=5364) to work on /home/ubuntu/airflow_venv/lib/python3.12/site-packages/airflow/example_dags/plugins/workday.py
[2024-11-20T00:54:10.572+0000] {processor.py:914} INFO - Processing file /home/ubuntu/airflow_venv/lib/python3.12/site-packages/airflow/example_dags/plugins/workday.py for tasks to queue
[2024-11-20T00:54:10.573+0000] {logging_mixin.py:190} INFO - [2024-11-20T00:54:10.573+0000] {dagbag.py:588} INFO - Filling up the DagBag from /home/ubuntu/airflow_venv/lib/python3.12/site-packages/airflow/example_dags/plugins/workday.py
[2024-11-20T00:54:10.990+0000] {processor.py:927} WARNING - No viable dags retrieved from /home/ubuntu/airflow_venv/lib/python3.12/site-packages/airflow/example_dags/plugins/workday.py
[2024-11-20T00:54:10.998+0000] {processor.py:208} INFO - Processing /home/ubuntu/airflow_venv/lib/python3.12/site-packages/airflow/example_dags/plugins/workday.py took 0.434 seconds
[2024-11-20T00:55:02.762+0000] {processor.py:186} INFO - Started process (PID=5420) to work on /home/ubuntu/airflow_venv/lib/python3.12/site-packages/airflow/example_dags/plugins/workday.py
[2024-11-20T00:55:02.764+0000] {processor.py:914} INFO - Processing file /home/ubuntu/airflow_venv/lib/python3.12/site-packages/airflow/example_dags/plugins/workday.py for tasks to queue
[2024-11-20T00:55:02.766+0000] {logging_mixin.py:190} INFO - [2024-11-20T00:55:02.764+0000] {dagbag.py:588} INFO - Filling up the DagBag from /home/ubuntu/airflow_venv/lib/python3.12/site-packages/airflow/example_dags/plugins/workday.py
[2024-11-20T00:55:03.190+0000] {processor.py:927} WARNING - No viable dags retrieved from /home/ubuntu/airflow_venv/lib/python3.12/site-packages/airflow/example_dags/plugins/workday.py
[2024-11-20T00:55:03.197+0000] {processor.py:208} INFO - Processing /home/ubuntu/airflow_venv/lib/python3.12/site-packages/airflow/example_dags/plugins/workday.py took 0.442 seconds
[2024-11-20T00:55:55.323+0000] {processor.py:186} INFO - Started process (PID=5477) to work on /home/ubuntu/airflow_venv/lib/python3.12/site-packages/airflow/example_dags/plugins/workday.py
[2024-11-20T00:55:55.324+0000] {processor.py:914} INFO - Processing file /home/ubuntu/airflow_venv/lib/python3.12/site-packages/airflow/example_dags/plugins/workday.py for tasks to queue
[2024-11-20T00:55:55.326+0000] {logging_mixin.py:190} INFO - [2024-11-20T00:55:55.325+0000] {dagbag.py:588} INFO - Filling up the DagBag from /home/ubuntu/airflow_venv/lib/python3.12/site-packages/airflow/example_dags/plugins/workday.py
[2024-11-20T00:55:55.718+0000] {processor.py:927} WARNING - No viable dags retrieved from /home/ubuntu/airflow_venv/lib/python3.12/site-packages/airflow/example_dags/plugins/workday.py
[2024-11-20T00:55:55.726+0000] {processor.py:208} INFO - Processing /home/ubuntu/airflow_venv/lib/python3.12/site-packages/airflow/example_dags/plugins/workday.py took 0.410 seconds
[2024-11-20T00:56:49.597+0000] {processor.py:186} INFO - Started process (PID=5534) to work on /home/ubuntu/airflow_venv/lib/python3.12/site-packages/airflow/example_dags/plugins/workday.py
[2024-11-20T00:56:49.598+0000] {processor.py:914} INFO - Processing file /home/ubuntu/airflow_venv/lib/python3.12/site-packages/airflow/example_dags/plugins/workday.py for tasks to queue
[2024-11-20T00:56:49.600+0000] {logging_mixin.py:190} INFO - [2024-11-20T00:56:49.599+0000] {dagbag.py:588} INFO - Filling up the DagBag from /home/ubuntu/airflow_venv/lib/python3.12/site-packages/airflow/example_dags/plugins/workday.py
[2024-11-20T00:56:50.005+0000] {processor.py:927} WARNING - No viable dags retrieved from /home/ubuntu/airflow_venv/lib/python3.12/site-packages/airflow/example_dags/plugins/workday.py
[2024-11-20T00:56:50.012+0000] {processor.py:208} INFO - Processing /home/ubuntu/airflow_venv/lib/python3.12/site-packages/airflow/example_dags/plugins/workday.py took 0.422 seconds
[2024-11-20T00:57:41.965+0000] {processor.py:186} INFO - Started process (PID=5589) to work on /home/ubuntu/airflow_venv/lib/python3.12/site-packages/airflow/example_dags/plugins/workday.py
[2024-11-20T00:57:41.966+0000] {processor.py:914} INFO - Processing file /home/ubuntu/airflow_venv/lib/python3.12/site-packages/airflow/example_dags/plugins/workday.py for tasks to queue
[2024-11-20T00:57:41.968+0000] {logging_mixin.py:190} INFO - [2024-11-20T00:57:41.967+0000] {dagbag.py:588} INFO - Filling up the DagBag from /home/ubuntu/airflow_venv/lib/python3.12/site-packages/airflow/example_dags/plugins/workday.py
[2024-11-20T00:57:42.361+0000] {processor.py:927} WARNING - No viable dags retrieved from /home/ubuntu/airflow_venv/lib/python3.12/site-packages/airflow/example_dags/plugins/workday.py
[2024-11-20T00:57:42.368+0000] {processor.py:208} INFO - Processing /home/ubuntu/airflow_venv/lib/python3.12/site-packages/airflow/example_dags/plugins/workday.py took 0.410 seconds
[2024-11-20T00:58:34.111+0000] {processor.py:186} INFO - Started process (PID=5644) to work on /home/ubuntu/airflow_venv/lib/python3.12/site-packages/airflow/example_dags/plugins/workday.py
[2024-11-20T00:58:34.112+0000] {processor.py:914} INFO - Processing file /home/ubuntu/airflow_venv/lib/python3.12/site-packages/airflow/example_dags/plugins/workday.py for tasks to queue
[2024-11-20T00:58:34.114+0000] {logging_mixin.py:190} INFO - [2024-11-20T00:58:34.113+0000] {dagbag.py:588} INFO - Filling up the DagBag from /home/ubuntu/airflow_venv/lib/python3.12/site-packages/airflow/example_dags/plugins/workday.py
[2024-11-20T00:58:34.514+0000] {processor.py:927} WARNING - No viable dags retrieved from /home/ubuntu/airflow_venv/lib/python3.12/site-packages/airflow/example_dags/plugins/workday.py
[2024-11-20T00:58:34.521+0000] {processor.py:208} INFO - Processing /home/ubuntu/airflow_venv/lib/python3.12/site-packages/airflow/example_dags/plugins/workday.py took 0.416 seconds
[2024-11-20T00:59:26.053+0000] {processor.py:186} INFO - Started process (PID=5702) to work on /home/ubuntu/airflow_venv/lib/python3.12/site-packages/airflow/example_dags/plugins/workday.py
[2024-11-20T00:59:26.054+0000] {processor.py:914} INFO - Processing file /home/ubuntu/airflow_venv/lib/python3.12/site-packages/airflow/example_dags/plugins/workday.py for tasks to queue
[2024-11-20T00:59:26.056+0000] {logging_mixin.py:190} INFO - [2024-11-20T00:59:26.055+0000] {dagbag.py:588} INFO - Filling up the DagBag from /home/ubuntu/airflow_venv/lib/python3.12/site-packages/airflow/example_dags/plugins/workday.py
[2024-11-20T00:59:26.458+0000] {processor.py:927} WARNING - No viable dags retrieved from /home/ubuntu/airflow_venv/lib/python3.12/site-packages/airflow/example_dags/plugins/workday.py
[2024-11-20T00:59:26.465+0000] {processor.py:208} INFO - Processing /home/ubuntu/airflow_venv/lib/python3.12/site-packages/airflow/example_dags/plugins/workday.py took 0.419 seconds
[2024-11-20T01:00:19.932+0000] {processor.py:186} INFO - Started process (PID=5761) to work on /home/ubuntu/airflow_venv/lib/python3.12/site-packages/airflow/example_dags/plugins/workday.py
[2024-11-20T01:00:19.935+0000] {processor.py:914} INFO - Processing file /home/ubuntu/airflow_venv/lib/python3.12/site-packages/airflow/example_dags/plugins/workday.py for tasks to queue
[2024-11-20T01:00:19.936+0000] {logging_mixin.py:190} INFO - [2024-11-20T01:00:19.935+0000] {dagbag.py:588} INFO - Filling up the DagBag from /home/ubuntu/airflow_venv/lib/python3.12/site-packages/airflow/example_dags/plugins/workday.py
[2024-11-20T01:00:20.345+0000] {processor.py:927} WARNING - No viable dags retrieved from /home/ubuntu/airflow_venv/lib/python3.12/site-packages/airflow/example_dags/plugins/workday.py
[2024-11-20T01:00:20.357+0000] {processor.py:208} INFO - Processing /home/ubuntu/airflow_venv/lib/python3.12/site-packages/airflow/example_dags/plugins/workday.py took 0.432 seconds
[2024-11-20T01:01:15.303+0000] {processor.py:186} INFO - Started process (PID=5818) to work on /home/ubuntu/airflow_venv/lib/python3.12/site-packages/airflow/example_dags/plugins/workday.py
[2024-11-20T01:01:15.304+0000] {processor.py:914} INFO - Processing file /home/ubuntu/airflow_venv/lib/python3.12/site-packages/airflow/example_dags/plugins/workday.py for tasks to queue
[2024-11-20T01:01:15.306+0000] {logging_mixin.py:190} INFO - [2024-11-20T01:01:15.305+0000] {dagbag.py:588} INFO - Filling up the DagBag from /home/ubuntu/airflow_venv/lib/python3.12/site-packages/airflow/example_dags/plugins/workday.py
[2024-11-20T01:01:15.704+0000] {processor.py:927} WARNING - No viable dags retrieved from /home/ubuntu/airflow_venv/lib/python3.12/site-packages/airflow/example_dags/plugins/workday.py
[2024-11-20T01:01:15.711+0000] {processor.py:208} INFO - Processing /home/ubuntu/airflow_venv/lib/python3.12/site-packages/airflow/example_dags/plugins/workday.py took 0.415 seconds
[2024-11-20T01:01:53.515+0000] {processor.py:186} INFO - Started process (PID=5861) to work on /home/ubuntu/airflow_venv/lib/python3.12/site-packages/airflow/example_dags/plugins/workday.py
[2024-11-20T01:01:53.518+0000] {processor.py:914} INFO - Processing file /home/ubuntu/airflow_venv/lib/python3.12/site-packages/airflow/example_dags/plugins/workday.py for tasks to queue
[2024-11-20T01:01:53.519+0000] {logging_mixin.py:190} INFO - [2024-11-20T01:01:53.519+0000] {dagbag.py:588} INFO - Filling up the DagBag from /home/ubuntu/airflow_venv/lib/python3.12/site-packages/airflow/example_dags/plugins/workday.py
[2024-11-20T01:01:53.921+0000] {processor.py:927} WARNING - No viable dags retrieved from /home/ubuntu/airflow_venv/lib/python3.12/site-packages/airflow/example_dags/plugins/workday.py
[2024-11-20T01:01:53.928+0000] {processor.py:208} INFO - Processing /home/ubuntu/airflow_venv/lib/python3.12/site-packages/airflow/example_dags/plugins/workday.py took 0.419 seconds
[2024-11-20T01:02:30.982+0000] {processor.py:186} INFO - Started process (PID=5900) to work on /home/ubuntu/airflow_venv/lib/python3.12/site-packages/airflow/example_dags/plugins/workday.py
[2024-11-20T01:02:30.983+0000] {processor.py:914} INFO - Processing file /home/ubuntu/airflow_venv/lib/python3.12/site-packages/airflow/example_dags/plugins/workday.py for tasks to queue
[2024-11-20T01:02:30.985+0000] {logging_mixin.py:190} INFO - [2024-11-20T01:02:30.984+0000] {dagbag.py:588} INFO - Filling up the DagBag from /home/ubuntu/airflow_venv/lib/python3.12/site-packages/airflow/example_dags/plugins/workday.py
[2024-11-20T01:02:31.389+0000] {processor.py:927} WARNING - No viable dags retrieved from /home/ubuntu/airflow_venv/lib/python3.12/site-packages/airflow/example_dags/plugins/workday.py
[2024-11-20T01:02:31.395+0000] {processor.py:208} INFO - Processing /home/ubuntu/airflow_venv/lib/python3.12/site-packages/airflow/example_dags/plugins/workday.py took 0.420 seconds
[2024-11-20T01:03:26.371+0000] {processor.py:186} INFO - Started process (PID=5956) to work on /home/ubuntu/airflow_venv/lib/python3.12/site-packages/airflow/example_dags/plugins/workday.py
[2024-11-20T01:03:26.373+0000] {processor.py:914} INFO - Processing file /home/ubuntu/airflow_venv/lib/python3.12/site-packages/airflow/example_dags/plugins/workday.py for tasks to queue
[2024-11-20T01:03:26.375+0000] {logging_mixin.py:190} INFO - [2024-11-20T01:03:26.373+0000] {dagbag.py:588} INFO - Filling up the DagBag from /home/ubuntu/airflow_venv/lib/python3.12/site-packages/airflow/example_dags/plugins/workday.py
[2024-11-20T01:03:26.768+0000] {processor.py:927} WARNING - No viable dags retrieved from /home/ubuntu/airflow_venv/lib/python3.12/site-packages/airflow/example_dags/plugins/workday.py
[2024-11-20T01:03:26.780+0000] {processor.py:208} INFO - Processing /home/ubuntu/airflow_venv/lib/python3.12/site-packages/airflow/example_dags/plugins/workday.py took 0.416 seconds
[2024-11-20T01:04:22.809+0000] {processor.py:186} INFO - Started process (PID=6015) to work on /home/ubuntu/airflow_venv/lib/python3.12/site-packages/airflow/example_dags/plugins/workday.py
[2024-11-20T01:04:22.811+0000] {processor.py:914} INFO - Processing file /home/ubuntu/airflow_venv/lib/python3.12/site-packages/airflow/example_dags/plugins/workday.py for tasks to queue
[2024-11-20T01:04:22.812+0000] {logging_mixin.py:190} INFO - [2024-11-20T01:04:22.812+0000] {dagbag.py:588} INFO - Filling up the DagBag from /home/ubuntu/airflow_venv/lib/python3.12/site-packages/airflow/example_dags/plugins/workday.py
[2024-11-20T01:04:23.203+0000] {processor.py:927} WARNING - No viable dags retrieved from /home/ubuntu/airflow_venv/lib/python3.12/site-packages/airflow/example_dags/plugins/workday.py
[2024-11-20T01:04:23.210+0000] {processor.py:208} INFO - Processing /home/ubuntu/airflow_venv/lib/python3.12/site-packages/airflow/example_dags/plugins/workday.py took 0.408 seconds
[2024-11-20T01:05:19.345+0000] {processor.py:186} INFO - Started process (PID=6075) to work on /home/ubuntu/airflow_venv/lib/python3.12/site-packages/airflow/example_dags/plugins/workday.py
[2024-11-20T01:05:19.347+0000] {processor.py:914} INFO - Processing file /home/ubuntu/airflow_venv/lib/python3.12/site-packages/airflow/example_dags/plugins/workday.py for tasks to queue
[2024-11-20T01:05:19.349+0000] {logging_mixin.py:190} INFO - [2024-11-20T01:05:19.348+0000] {dagbag.py:588} INFO - Filling up the DagBag from /home/ubuntu/airflow_venv/lib/python3.12/site-packages/airflow/example_dags/plugins/workday.py
[2024-11-20T01:05:19.740+0000] {processor.py:927} WARNING - No viable dags retrieved from /home/ubuntu/airflow_venv/lib/python3.12/site-packages/airflow/example_dags/plugins/workday.py
[2024-11-20T01:05:19.747+0000] {processor.py:208} INFO - Processing /home/ubuntu/airflow_venv/lib/python3.12/site-packages/airflow/example_dags/plugins/workday.py took 0.408 seconds
[2024-11-20T01:06:11.942+0000] {processor.py:186} INFO - Started process (PID=6130) to work on /home/ubuntu/airflow_venv/lib/python3.12/site-packages/airflow/example_dags/plugins/workday.py
[2024-11-20T01:06:11.944+0000] {processor.py:914} INFO - Processing file /home/ubuntu/airflow_venv/lib/python3.12/site-packages/airflow/example_dags/plugins/workday.py for tasks to queue
[2024-11-20T01:06:11.946+0000] {logging_mixin.py:190} INFO - [2024-11-20T01:06:11.946+0000] {dagbag.py:588} INFO - Filling up the DagBag from /home/ubuntu/airflow_venv/lib/python3.12/site-packages/airflow/example_dags/plugins/workday.py
[2024-11-20T01:06:12.351+0000] {processor.py:927} WARNING - No viable dags retrieved from /home/ubuntu/airflow_venv/lib/python3.12/site-packages/airflow/example_dags/plugins/workday.py
[2024-11-20T01:06:12.357+0000] {processor.py:208} INFO - Processing /home/ubuntu/airflow_venv/lib/python3.12/site-packages/airflow/example_dags/plugins/workday.py took 0.422 seconds
[2024-11-20T01:07:04.152+0000] {processor.py:186} INFO - Started process (PID=6184) to work on /home/ubuntu/airflow_venv/lib/python3.12/site-packages/airflow/example_dags/plugins/workday.py
[2024-11-20T01:07:04.154+0000] {processor.py:914} INFO - Processing file /home/ubuntu/airflow_venv/lib/python3.12/site-packages/airflow/example_dags/plugins/workday.py for tasks to queue
[2024-11-20T01:07:04.156+0000] {logging_mixin.py:190} INFO - [2024-11-20T01:07:04.155+0000] {dagbag.py:588} INFO - Filling up the DagBag from /home/ubuntu/airflow_venv/lib/python3.12/site-packages/airflow/example_dags/plugins/workday.py
[2024-11-20T01:07:04.561+0000] {processor.py:927} WARNING - No viable dags retrieved from /home/ubuntu/airflow_venv/lib/python3.12/site-packages/airflow/example_dags/plugins/workday.py
[2024-11-20T01:07:04.568+0000] {processor.py:208} INFO - Processing /home/ubuntu/airflow_venv/lib/python3.12/site-packages/airflow/example_dags/plugins/workday.py took 0.422 seconds
[2024-11-20T01:07:57.017+0000] {processor.py:186} INFO - Started process (PID=6240) to work on /home/ubuntu/airflow_venv/lib/python3.12/site-packages/airflow/example_dags/plugins/workday.py
[2024-11-20T01:07:57.019+0000] {processor.py:914} INFO - Processing file /home/ubuntu/airflow_venv/lib/python3.12/site-packages/airflow/example_dags/plugins/workday.py for tasks to queue
[2024-11-20T01:07:57.020+0000] {logging_mixin.py:190} INFO - [2024-11-20T01:07:57.019+0000] {dagbag.py:588} INFO - Filling up the DagBag from /home/ubuntu/airflow_venv/lib/python3.12/site-packages/airflow/example_dags/plugins/workday.py
[2024-11-20T01:07:57.436+0000] {processor.py:927} WARNING - No viable dags retrieved from /home/ubuntu/airflow_venv/lib/python3.12/site-packages/airflow/example_dags/plugins/workday.py
[2024-11-20T01:07:57.443+0000] {processor.py:208} INFO - Processing /home/ubuntu/airflow_venv/lib/python3.12/site-packages/airflow/example_dags/plugins/workday.py took 0.433 seconds
[2024-11-20T01:08:51.973+0000] {processor.py:186} INFO - Started process (PID=6294) to work on /home/ubuntu/airflow_venv/lib/python3.12/site-packages/airflow/example_dags/plugins/workday.py
[2024-11-20T01:08:51.975+0000] {processor.py:914} INFO - Processing file /home/ubuntu/airflow_venv/lib/python3.12/site-packages/airflow/example_dags/plugins/workday.py for tasks to queue
[2024-11-20T01:08:51.977+0000] {logging_mixin.py:190} INFO - [2024-11-20T01:08:51.975+0000] {dagbag.py:588} INFO - Filling up the DagBag from /home/ubuntu/airflow_venv/lib/python3.12/site-packages/airflow/example_dags/plugins/workday.py
[2024-11-20T01:08:52.355+0000] {processor.py:927} WARNING - No viable dags retrieved from /home/ubuntu/airflow_venv/lib/python3.12/site-packages/airflow/example_dags/plugins/workday.py
[2024-11-20T01:08:52.362+0000] {processor.py:208} INFO - Processing /home/ubuntu/airflow_venv/lib/python3.12/site-packages/airflow/example_dags/plugins/workday.py took 0.395 seconds
[2024-11-20T01:09:50.901+0000] {processor.py:186} INFO - Started process (PID=6352) to work on /home/ubuntu/airflow_venv/lib/python3.12/site-packages/airflow/example_dags/plugins/workday.py
[2024-11-20T01:09:50.902+0000] {processor.py:914} INFO - Processing file /home/ubuntu/airflow_venv/lib/python3.12/site-packages/airflow/example_dags/plugins/workday.py for tasks to queue
[2024-11-20T01:09:50.904+0000] {logging_mixin.py:190} INFO - [2024-11-20T01:09:50.903+0000] {dagbag.py:588} INFO - Filling up the DagBag from /home/ubuntu/airflow_venv/lib/python3.12/site-packages/airflow/example_dags/plugins/workday.py
[2024-11-20T01:09:51.284+0000] {processor.py:927} WARNING - No viable dags retrieved from /home/ubuntu/airflow_venv/lib/python3.12/site-packages/airflow/example_dags/plugins/workday.py
[2024-11-20T01:09:51.290+0000] {processor.py:208} INFO - Processing /home/ubuntu/airflow_venv/lib/python3.12/site-packages/airflow/example_dags/plugins/workday.py took 0.396 seconds
[2024-11-20T01:10:47.478+0000] {processor.py:186} INFO - Started process (PID=6416) to work on /home/ubuntu/airflow_venv/lib/python3.12/site-packages/airflow/example_dags/plugins/workday.py
[2024-11-20T01:10:47.480+0000] {processor.py:914} INFO - Processing file /home/ubuntu/airflow_venv/lib/python3.12/site-packages/airflow/example_dags/plugins/workday.py for tasks to queue
[2024-11-20T01:10:47.482+0000] {logging_mixin.py:190} INFO - [2024-11-20T01:10:47.481+0000] {dagbag.py:588} INFO - Filling up the DagBag from /home/ubuntu/airflow_venv/lib/python3.12/site-packages/airflow/example_dags/plugins/workday.py
[2024-11-20T01:10:47.867+0000] {processor.py:927} WARNING - No viable dags retrieved from /home/ubuntu/airflow_venv/lib/python3.12/site-packages/airflow/example_dags/plugins/workday.py
[2024-11-20T01:10:47.874+0000] {processor.py:208} INFO - Processing /home/ubuntu/airflow_venv/lib/python3.12/site-packages/airflow/example_dags/plugins/workday.py took 0.403 seconds
[2024-11-20T01:11:41.176+0000] {processor.py:186} INFO - Started process (PID=6471) to work on /home/ubuntu/airflow_venv/lib/python3.12/site-packages/airflow/example_dags/plugins/workday.py
[2024-11-20T01:11:41.178+0000] {processor.py:914} INFO - Processing file /home/ubuntu/airflow_venv/lib/python3.12/site-packages/airflow/example_dags/plugins/workday.py for tasks to queue
[2024-11-20T01:11:41.180+0000] {logging_mixin.py:190} INFO - [2024-11-20T01:11:41.178+0000] {dagbag.py:588} INFO - Filling up the DagBag from /home/ubuntu/airflow_venv/lib/python3.12/site-packages/airflow/example_dags/plugins/workday.py
[2024-11-20T01:11:41.575+0000] {processor.py:927} WARNING - No viable dags retrieved from /home/ubuntu/airflow_venv/lib/python3.12/site-packages/airflow/example_dags/plugins/workday.py
[2024-11-20T01:11:41.582+0000] {processor.py:208} INFO - Processing /home/ubuntu/airflow_venv/lib/python3.12/site-packages/airflow/example_dags/plugins/workday.py took 0.413 seconds
[2024-11-20T01:12:34.155+0000] {processor.py:186} INFO - Started process (PID=6526) to work on /home/ubuntu/airflow_venv/lib/python3.12/site-packages/airflow/example_dags/plugins/workday.py
[2024-11-20T01:12:34.157+0000] {processor.py:914} INFO - Processing file /home/ubuntu/airflow_venv/lib/python3.12/site-packages/airflow/example_dags/plugins/workday.py for tasks to queue
[2024-11-20T01:12:34.158+0000] {logging_mixin.py:190} INFO - [2024-11-20T01:12:34.158+0000] {dagbag.py:588} INFO - Filling up the DagBag from /home/ubuntu/airflow_venv/lib/python3.12/site-packages/airflow/example_dags/plugins/workday.py
[2024-11-20T01:12:34.540+0000] {processor.py:927} WARNING - No viable dags retrieved from /home/ubuntu/airflow_venv/lib/python3.12/site-packages/airflow/example_dags/plugins/workday.py
[2024-11-20T01:12:34.552+0000] {processor.py:208} INFO - Processing /home/ubuntu/airflow_venv/lib/python3.12/site-packages/airflow/example_dags/plugins/workday.py took 0.403 seconds
