[2024-11-20T00:39:35.675+0000] {local_task_job_runner.py:123} INFO - ::group::Pre task execution logs
[2024-11-20T00:39:35.682+0000] {taskinstance.py:2613} INFO - Dependencies all met for dep_context=non-requeueable deps ti=<TaskInstance: weather_dag.is_weather_api_ready manual__2024-11-20T00:39:32.969706+00:00 [queued]>
[2024-11-20T00:39:35.687+0000] {taskinstance.py:2613} INFO - Dependencies all met for dep_context=requeueable deps ti=<TaskInstance: weather_dag.is_weather_api_ready manual__2024-11-20T00:39:32.969706+00:00 [queued]>
[2024-11-20T00:39:35.687+0000] {taskinstance.py:2866} INFO - Starting attempt 1 of 3
[2024-11-20T00:39:35.702+0000] {taskinstance.py:2889} INFO - Executing <Task(HttpSensor): is_weather_api_ready> on 2024-11-20 00:39:32.969706+00:00
[2024-11-20T00:39:35.706+0000] {standard_task_runner.py:72} INFO - Started process 4408 to run task
[2024-11-20T00:39:35.711+0000] {standard_task_runner.py:104} INFO - Running: ['airflow', 'tasks', 'run', 'weather_dag', 'is_weather_api_ready', 'manual__2024-11-20T00:39:32.969706+00:00', '--job-id', '30', '--raw', '--subdir', 'DAGS_FOLDER/weather_dag.py', '--cfg-path', '/tmp/tmpb015z911']
[2024-11-20T00:39:35.714+0000] {standard_task_runner.py:105} INFO - Job 30: Subtask is_weather_api_ready
[2024-11-20T00:39:35.772+0000] {task_command.py:467} INFO - Running <TaskInstance: weather_dag.is_weather_api_ready manual__2024-11-20T00:39:32.969706+00:00 [running]> on host ip-172-31-82-42.ec2.internal
[2024-11-20T00:39:35.966+0000] {taskinstance.py:3132} INFO - Exporting env vars: AIRFLOW_CTX_DAG_OWNER='airflow' AIRFLOW_CTX_DAG_ID='weather_dag' AIRFLOW_CTX_TASK_ID='is_weather_api_ready' AIRFLOW_CTX_EXECUTION_DATE='2024-11-20T00:39:32.969706+00:00' AIRFLOW_CTX_TRY_NUMBER='1' AIRFLOW_CTX_DAG_RUN_ID='manual__2024-11-20T00:39:32.969706+00:00'
[2024-11-20T00:39:35.967+0000] {logging_mixin.py:190} INFO - Task instance is in running state
[2024-11-20T00:39:35.967+0000] {logging_mixin.py:190} INFO -  Previous state of the Task instance: queued
[2024-11-20T00:39:35.967+0000] {logging_mixin.py:190} INFO - Current task name:is_weather_api_ready state:running start_date:2024-11-20 00:39:35.683091+00:00
[2024-11-20T00:39:35.967+0000] {logging_mixin.py:190} INFO - Dag name:weather_dag and current dag run status:running
[2024-11-20T00:39:35.968+0000] {taskinstance.py:731} INFO - ::endgroup::
[2024-11-20T00:39:35.969+0000] {baseoperator.py:416} WARNING - HttpSensor.execute cannot be called outside TaskInstance!
[2024-11-20T00:39:35.970+0000] {http.py:139} INFO - Poking: /data/2.5/weather?q=New York&APPID=abcae50dec91aea207ba19f9ebccd7c7
[2024-11-20T00:39:35.976+0000] {base.py:84} INFO - Retrieving connection 'weathermap_api'
[2024-11-20T00:39:36.010+0000] {base.py:336} INFO - Success criteria met. Exiting.
[2024-11-20T00:39:36.014+0000] {taskinstance.py:340} INFO - ::group::Post task execution logs
[2024-11-20T00:39:36.014+0000] {taskinstance.py:352} INFO - Marking task as SUCCESS. dag_id=weather_dag, task_id=is_weather_api_ready, run_id=manual__2024-11-20T00:39:32.969706+00:00, execution_date=20241120T003932, start_date=20241120T003935, end_date=20241120T003936
[2024-11-20T00:39:36.025+0000] {logging_mixin.py:190} INFO - Task instance in success state
[2024-11-20T00:39:36.026+0000] {logging_mixin.py:190} INFO -  Previous state of the Task instance: running
[2024-11-20T00:39:36.026+0000] {logging_mixin.py:190} INFO - Dag name:weather_dag queued_at:2024-11-20 00:39:32.980798+00:00
[2024-11-20T00:39:36.026+0000] {logging_mixin.py:190} INFO - Task hostname:ip-172-31-82-42.ec2.internal operator:HttpSensor
[2024-11-20T00:39:36.051+0000] {local_task_job_runner.py:266} INFO - Task exited with return code 0
[2024-11-20T00:39:36.206+0000] {taskinstance.py:3895} INFO - 1 downstream tasks scheduled from follow-on schedule check
[2024-11-20T00:39:36.212+0000] {local_task_job_runner.py:245} INFO - ::endgroup::
