[2024-11-20T00:16:18.242+0000] {processor.py:186} INFO - Started process (PID=2031) to work on /home/ubuntu/airflow_venv/lib/python3.12/site-packages/airflow/example_dags/example_short_circuit_operator.py
[2024-11-20T00:16:18.243+0000] {processor.py:914} INFO - Processing file /home/ubuntu/airflow_venv/lib/python3.12/site-packages/airflow/example_dags/example_short_circuit_operator.py for tasks to queue
[2024-11-20T00:16:18.245+0000] {logging_mixin.py:190} INFO - [2024-11-20T00:16:18.244+0000] {dagbag.py:588} INFO - Filling up the DagBag from /home/ubuntu/airflow_venv/lib/python3.12/site-packages/airflow/example_dags/example_short_circuit_operator.py
[2024-11-20T00:16:18.254+0000] {processor.py:925} INFO - DAG(s) 'example_short_circuit_operator' retrieved from /home/ubuntu/airflow_venv/lib/python3.12/site-packages/airflow/example_dags/example_short_circuit_operator.py
[2024-11-20T00:16:18.273+0000] {logging_mixin.py:190} INFO - [2024-11-20T00:16:18.273+0000] {dag.py:3239} INFO - Sync 1 DAGs
[2024-11-20T00:16:18.286+0000] {logging_mixin.py:190} INFO - [2024-11-20T00:16:18.286+0000] {dag.py:4180} INFO - Setting next_dagrun for example_short_circuit_operator to None, run_after=None
[2024-11-20T00:16:18.306+0000] {processor.py:208} INFO - Processing /home/ubuntu/airflow_venv/lib/python3.12/site-packages/airflow/example_dags/example_short_circuit_operator.py took 0.069 seconds
[2024-11-20T00:17:16.653+0000] {processor.py:186} INFO - Started process (PID=2102) to work on /home/ubuntu/airflow_venv/lib/python3.12/site-packages/airflow/example_dags/example_short_circuit_operator.py
[2024-11-20T00:17:16.655+0000] {processor.py:914} INFO - Processing file /home/ubuntu/airflow_venv/lib/python3.12/site-packages/airflow/example_dags/example_short_circuit_operator.py for tasks to queue
[2024-11-20T00:17:16.658+0000] {logging_mixin.py:190} INFO - [2024-11-20T00:17:16.657+0000] {dagbag.py:588} INFO - Filling up the DagBag from /home/ubuntu/airflow_venv/lib/python3.12/site-packages/airflow/example_dags/example_short_circuit_operator.py
[2024-11-20T00:17:16.666+0000] {processor.py:925} INFO - DAG(s) 'example_short_circuit_operator' retrieved from /home/ubuntu/airflow_venv/lib/python3.12/site-packages/airflow/example_dags/example_short_circuit_operator.py
[2024-11-20T00:17:16.683+0000] {logging_mixin.py:190} INFO - [2024-11-20T00:17:16.683+0000] {dag.py:3239} INFO - Sync 1 DAGs
[2024-11-20T00:17:16.694+0000] {logging_mixin.py:190} INFO - [2024-11-20T00:17:16.694+0000] {dag.py:4180} INFO - Setting next_dagrun for example_short_circuit_operator to None, run_after=None
[2024-11-20T00:17:16.717+0000] {processor.py:208} INFO - Processing /home/ubuntu/airflow_venv/lib/python3.12/site-packages/airflow/example_dags/example_short_circuit_operator.py took 0.069 seconds
[2024-11-20T00:18:12.054+0000] {processor.py:186} INFO - Started process (PID=2160) to work on /home/ubuntu/airflow_venv/lib/python3.12/site-packages/airflow/example_dags/example_short_circuit_operator.py
[2024-11-20T00:18:12.057+0000] {processor.py:914} INFO - Processing file /home/ubuntu/airflow_venv/lib/python3.12/site-packages/airflow/example_dags/example_short_circuit_operator.py for tasks to queue
[2024-11-20T00:18:12.059+0000] {logging_mixin.py:190} INFO - [2024-11-20T00:18:12.058+0000] {dagbag.py:588} INFO - Filling up the DagBag from /home/ubuntu/airflow_venv/lib/python3.12/site-packages/airflow/example_dags/example_short_circuit_operator.py
[2024-11-20T00:18:12.067+0000] {processor.py:925} INFO - DAG(s) 'example_short_circuit_operator' retrieved from /home/ubuntu/airflow_venv/lib/python3.12/site-packages/airflow/example_dags/example_short_circuit_operator.py
[2024-11-20T00:18:12.085+0000] {logging_mixin.py:190} INFO - [2024-11-20T00:18:12.084+0000] {dag.py:3239} INFO - Sync 1 DAGs
[2024-11-20T00:18:12.096+0000] {logging_mixin.py:190} INFO - [2024-11-20T00:18:12.096+0000] {dag.py:4180} INFO - Setting next_dagrun for example_short_circuit_operator to None, run_after=None
[2024-11-20T00:18:12.118+0000] {processor.py:208} INFO - Processing /home/ubuntu/airflow_venv/lib/python3.12/site-packages/airflow/example_dags/example_short_circuit_operator.py took 0.070 seconds
[2024-11-20T00:19:04.623+0000] {processor.py:186} INFO - Started process (PID=2213) to work on /home/ubuntu/airflow_venv/lib/python3.12/site-packages/airflow/example_dags/example_short_circuit_operator.py
[2024-11-20T00:19:04.625+0000] {processor.py:914} INFO - Processing file /home/ubuntu/airflow_venv/lib/python3.12/site-packages/airflow/example_dags/example_short_circuit_operator.py for tasks to queue
[2024-11-20T00:19:04.628+0000] {logging_mixin.py:190} INFO - [2024-11-20T00:19:04.627+0000] {dagbag.py:588} INFO - Filling up the DagBag from /home/ubuntu/airflow_venv/lib/python3.12/site-packages/airflow/example_dags/example_short_circuit_operator.py
[2024-11-20T00:19:04.636+0000] {processor.py:925} INFO - DAG(s) 'example_short_circuit_operator' retrieved from /home/ubuntu/airflow_venv/lib/python3.12/site-packages/airflow/example_dags/example_short_circuit_operator.py
[2024-11-20T00:19:04.653+0000] {logging_mixin.py:190} INFO - [2024-11-20T00:19:04.653+0000] {dag.py:3239} INFO - Sync 1 DAGs
[2024-11-20T00:19:04.664+0000] {logging_mixin.py:190} INFO - [2024-11-20T00:19:04.664+0000] {dag.py:4180} INFO - Setting next_dagrun for example_short_circuit_operator to None, run_after=None
[2024-11-20T00:19:04.690+0000] {processor.py:208} INFO - Processing /home/ubuntu/airflow_venv/lib/python3.12/site-packages/airflow/example_dags/example_short_circuit_operator.py took 0.071 seconds
[2024-11-20T00:19:58.540+0000] {processor.py:186} INFO - Started process (PID=2270) to work on /home/ubuntu/airflow_venv/lib/python3.12/site-packages/airflow/example_dags/example_short_circuit_operator.py
[2024-11-20T00:19:58.542+0000] {processor.py:914} INFO - Processing file /home/ubuntu/airflow_venv/lib/python3.12/site-packages/airflow/example_dags/example_short_circuit_operator.py for tasks to queue
[2024-11-20T00:19:58.544+0000] {logging_mixin.py:190} INFO - [2024-11-20T00:19:58.544+0000] {dagbag.py:588} INFO - Filling up the DagBag from /home/ubuntu/airflow_venv/lib/python3.12/site-packages/airflow/example_dags/example_short_circuit_operator.py
[2024-11-20T00:19:58.552+0000] {processor.py:925} INFO - DAG(s) 'example_short_circuit_operator' retrieved from /home/ubuntu/airflow_venv/lib/python3.12/site-packages/airflow/example_dags/example_short_circuit_operator.py
[2024-11-20T00:19:58.569+0000] {logging_mixin.py:190} INFO - [2024-11-20T00:19:58.569+0000] {dag.py:3239} INFO - Sync 1 DAGs
[2024-11-20T00:19:58.581+0000] {logging_mixin.py:190} INFO - [2024-11-20T00:19:58.581+0000] {dag.py:4180} INFO - Setting next_dagrun for example_short_circuit_operator to None, run_after=None
[2024-11-20T00:19:58.604+0000] {processor.py:208} INFO - Processing /home/ubuntu/airflow_venv/lib/python3.12/site-packages/airflow/example_dags/example_short_circuit_operator.py took 0.070 seconds
[2024-11-20T00:20:50.833+0000] {processor.py:186} INFO - Started process (PID=2327) to work on /home/ubuntu/airflow_venv/lib/python3.12/site-packages/airflow/example_dags/example_short_circuit_operator.py
[2024-11-20T00:20:50.834+0000] {processor.py:914} INFO - Processing file /home/ubuntu/airflow_venv/lib/python3.12/site-packages/airflow/example_dags/example_short_circuit_operator.py for tasks to queue
[2024-11-20T00:20:50.838+0000] {logging_mixin.py:190} INFO - [2024-11-20T00:20:50.837+0000] {dagbag.py:588} INFO - Filling up the DagBag from /home/ubuntu/airflow_venv/lib/python3.12/site-packages/airflow/example_dags/example_short_circuit_operator.py
[2024-11-20T00:20:50.846+0000] {processor.py:925} INFO - DAG(s) 'example_short_circuit_operator' retrieved from /home/ubuntu/airflow_venv/lib/python3.12/site-packages/airflow/example_dags/example_short_circuit_operator.py
[2024-11-20T00:20:50.864+0000] {logging_mixin.py:190} INFO - [2024-11-20T00:20:50.864+0000] {dag.py:3239} INFO - Sync 1 DAGs
[2024-11-20T00:20:50.876+0000] {logging_mixin.py:190} INFO - [2024-11-20T00:20:50.875+0000] {dag.py:4180} INFO - Setting next_dagrun for example_short_circuit_operator to None, run_after=None
[2024-11-20T00:20:50.896+0000] {processor.py:208} INFO - Processing /home/ubuntu/airflow_venv/lib/python3.12/site-packages/airflow/example_dags/example_short_circuit_operator.py took 0.068 seconds
[2024-11-20T00:21:50.872+0000] {processor.py:186} INFO - Started process (PID=2387) to work on /home/ubuntu/airflow_venv/lib/python3.12/site-packages/airflow/example_dags/example_short_circuit_operator.py
[2024-11-20T00:21:50.873+0000] {processor.py:914} INFO - Processing file /home/ubuntu/airflow_venv/lib/python3.12/site-packages/airflow/example_dags/example_short_circuit_operator.py for tasks to queue
[2024-11-20T00:21:50.875+0000] {logging_mixin.py:190} INFO - [2024-11-20T00:21:50.875+0000] {dagbag.py:588} INFO - Filling up the DagBag from /home/ubuntu/airflow_venv/lib/python3.12/site-packages/airflow/example_dags/example_short_circuit_operator.py
[2024-11-20T00:21:50.884+0000] {processor.py:925} INFO - DAG(s) 'example_short_circuit_operator' retrieved from /home/ubuntu/airflow_venv/lib/python3.12/site-packages/airflow/example_dags/example_short_circuit_operator.py
[2024-11-20T00:21:50.901+0000] {logging_mixin.py:190} INFO - [2024-11-20T00:21:50.901+0000] {dag.py:3239} INFO - Sync 1 DAGs
[2024-11-20T00:21:50.914+0000] {logging_mixin.py:190} INFO - [2024-11-20T00:21:50.914+0000] {dag.py:4180} INFO - Setting next_dagrun for example_short_circuit_operator to None, run_after=None
[2024-11-20T00:21:50.945+0000] {processor.py:208} INFO - Processing /home/ubuntu/airflow_venv/lib/python3.12/site-packages/airflow/example_dags/example_short_circuit_operator.py took 0.079 seconds
[2024-11-20T00:22:47.367+0000] {processor.py:186} INFO - Started process (PID=2446) to work on /home/ubuntu/airflow_venv/lib/python3.12/site-packages/airflow/example_dags/example_short_circuit_operator.py
[2024-11-20T00:22:47.368+0000] {processor.py:914} INFO - Processing file /home/ubuntu/airflow_venv/lib/python3.12/site-packages/airflow/example_dags/example_short_circuit_operator.py for tasks to queue
[2024-11-20T00:22:47.370+0000] {logging_mixin.py:190} INFO - [2024-11-20T00:22:47.370+0000] {dagbag.py:588} INFO - Filling up the DagBag from /home/ubuntu/airflow_venv/lib/python3.12/site-packages/airflow/example_dags/example_short_circuit_operator.py
[2024-11-20T00:22:47.379+0000] {processor.py:925} INFO - DAG(s) 'example_short_circuit_operator' retrieved from /home/ubuntu/airflow_venv/lib/python3.12/site-packages/airflow/example_dags/example_short_circuit_operator.py
[2024-11-20T00:22:47.396+0000] {logging_mixin.py:190} INFO - [2024-11-20T00:22:47.396+0000] {dag.py:3239} INFO - Sync 1 DAGs
[2024-11-20T00:22:47.409+0000] {logging_mixin.py:190} INFO - [2024-11-20T00:22:47.408+0000] {dag.py:4180} INFO - Setting next_dagrun for example_short_circuit_operator to None, run_after=None
[2024-11-20T00:22:47.430+0000] {processor.py:208} INFO - Processing /home/ubuntu/airflow_venv/lib/python3.12/site-packages/airflow/example_dags/example_short_circuit_operator.py took 0.070 seconds
[2024-11-20T00:23:42.998+0000] {processor.py:186} INFO - Started process (PID=2502) to work on /home/ubuntu/airflow_venv/lib/python3.12/site-packages/airflow/example_dags/example_short_circuit_operator.py
[2024-11-20T00:23:42.999+0000] {processor.py:914} INFO - Processing file /home/ubuntu/airflow_venv/lib/python3.12/site-packages/airflow/example_dags/example_short_circuit_operator.py for tasks to queue
[2024-11-20T00:23:43.002+0000] {logging_mixin.py:190} INFO - [2024-11-20T00:23:43.002+0000] {dagbag.py:588} INFO - Filling up the DagBag from /home/ubuntu/airflow_venv/lib/python3.12/site-packages/airflow/example_dags/example_short_circuit_operator.py
[2024-11-20T00:23:43.012+0000] {processor.py:925} INFO - DAG(s) 'example_short_circuit_operator' retrieved from /home/ubuntu/airflow_venv/lib/python3.12/site-packages/airflow/example_dags/example_short_circuit_operator.py
[2024-11-20T00:23:43.029+0000] {logging_mixin.py:190} INFO - [2024-11-20T00:23:43.029+0000] {dag.py:3239} INFO - Sync 1 DAGs
[2024-11-20T00:23:43.041+0000] {logging_mixin.py:190} INFO - [2024-11-20T00:23:43.041+0000] {dag.py:4180} INFO - Setting next_dagrun for example_short_circuit_operator to None, run_after=None
[2024-11-20T00:23:43.062+0000] {processor.py:208} INFO - Processing /home/ubuntu/airflow_venv/lib/python3.12/site-packages/airflow/example_dags/example_short_circuit_operator.py took 0.070 seconds
[2024-11-20T00:24:37.270+0000] {processor.py:186} INFO - Started process (PID=2558) to work on /home/ubuntu/airflow_venv/lib/python3.12/site-packages/airflow/example_dags/example_short_circuit_operator.py
[2024-11-20T00:24:37.271+0000] {processor.py:914} INFO - Processing file /home/ubuntu/airflow_venv/lib/python3.12/site-packages/airflow/example_dags/example_short_circuit_operator.py for tasks to queue
[2024-11-20T00:24:37.274+0000] {logging_mixin.py:190} INFO - [2024-11-20T00:24:37.273+0000] {dagbag.py:588} INFO - Filling up the DagBag from /home/ubuntu/airflow_venv/lib/python3.12/site-packages/airflow/example_dags/example_short_circuit_operator.py
[2024-11-20T00:24:37.283+0000] {processor.py:925} INFO - DAG(s) 'example_short_circuit_operator' retrieved from /home/ubuntu/airflow_venv/lib/python3.12/site-packages/airflow/example_dags/example_short_circuit_operator.py
[2024-11-20T00:24:37.300+0000] {logging_mixin.py:190} INFO - [2024-11-20T00:24:37.300+0000] {dag.py:3239} INFO - Sync 1 DAGs
[2024-11-20T00:24:37.312+0000] {logging_mixin.py:190} INFO - [2024-11-20T00:24:37.312+0000] {dag.py:4180} INFO - Setting next_dagrun for example_short_circuit_operator to None, run_after=None
[2024-11-20T00:24:37.335+0000] {processor.py:208} INFO - Processing /home/ubuntu/airflow_venv/lib/python3.12/site-packages/airflow/example_dags/example_short_circuit_operator.py took 0.071 seconds
[2024-11-20T00:25:31.261+0000] {processor.py:186} INFO - Started process (PID=2616) to work on /home/ubuntu/airflow_venv/lib/python3.12/site-packages/airflow/example_dags/example_short_circuit_operator.py
[2024-11-20T00:25:31.262+0000] {processor.py:914} INFO - Processing file /home/ubuntu/airflow_venv/lib/python3.12/site-packages/airflow/example_dags/example_short_circuit_operator.py for tasks to queue
[2024-11-20T00:25:31.265+0000] {logging_mixin.py:190} INFO - [2024-11-20T00:25:31.265+0000] {dagbag.py:588} INFO - Filling up the DagBag from /home/ubuntu/airflow_venv/lib/python3.12/site-packages/airflow/example_dags/example_short_circuit_operator.py
[2024-11-20T00:25:31.273+0000] {processor.py:925} INFO - DAG(s) 'example_short_circuit_operator' retrieved from /home/ubuntu/airflow_venv/lib/python3.12/site-packages/airflow/example_dags/example_short_circuit_operator.py
[2024-11-20T00:25:31.292+0000] {logging_mixin.py:190} INFO - [2024-11-20T00:25:31.292+0000] {dag.py:3239} INFO - Sync 1 DAGs
[2024-11-20T00:25:31.303+0000] {logging_mixin.py:190} INFO - [2024-11-20T00:25:31.302+0000] {dag.py:4180} INFO - Setting next_dagrun for example_short_circuit_operator to None, run_after=None
[2024-11-20T00:25:31.323+0000] {processor.py:208} INFO - Processing /home/ubuntu/airflow_venv/lib/python3.12/site-packages/airflow/example_dags/example_short_circuit_operator.py took 0.068 seconds
[2024-11-20T00:26:26.455+0000] {processor.py:186} INFO - Started process (PID=2675) to work on /home/ubuntu/airflow_venv/lib/python3.12/site-packages/airflow/example_dags/example_short_circuit_operator.py
[2024-11-20T00:26:26.457+0000] {processor.py:914} INFO - Processing file /home/ubuntu/airflow_venv/lib/python3.12/site-packages/airflow/example_dags/example_short_circuit_operator.py for tasks to queue
[2024-11-20T00:26:26.461+0000] {logging_mixin.py:190} INFO - [2024-11-20T00:26:26.460+0000] {dagbag.py:588} INFO - Filling up the DagBag from /home/ubuntu/airflow_venv/lib/python3.12/site-packages/airflow/example_dags/example_short_circuit_operator.py
[2024-11-20T00:26:26.469+0000] {processor.py:925} INFO - DAG(s) 'example_short_circuit_operator' retrieved from /home/ubuntu/airflow_venv/lib/python3.12/site-packages/airflow/example_dags/example_short_circuit_operator.py
[2024-11-20T00:26:26.487+0000] {logging_mixin.py:190} INFO - [2024-11-20T00:26:26.486+0000] {dag.py:3239} INFO - Sync 1 DAGs
[2024-11-20T00:26:26.498+0000] {logging_mixin.py:190} INFO - [2024-11-20T00:26:26.498+0000] {dag.py:4180} INFO - Setting next_dagrun for example_short_circuit_operator to None, run_after=None
[2024-11-20T00:26:26.519+0000] {processor.py:208} INFO - Processing /home/ubuntu/airflow_venv/lib/python3.12/site-packages/airflow/example_dags/example_short_circuit_operator.py took 0.074 seconds
[2024-11-20T00:27:41.720+0000] {processor.py:186} INFO - Started process (PID=2771) to work on /home/ubuntu/airflow_venv/lib/python3.12/site-packages/airflow/example_dags/example_short_circuit_operator.py
[2024-11-20T00:27:41.721+0000] {processor.py:914} INFO - Processing file /home/ubuntu/airflow_venv/lib/python3.12/site-packages/airflow/example_dags/example_short_circuit_operator.py for tasks to queue
[2024-11-20T00:27:41.724+0000] {logging_mixin.py:190} INFO - [2024-11-20T00:27:41.723+0000] {dagbag.py:588} INFO - Filling up the DagBag from /home/ubuntu/airflow_venv/lib/python3.12/site-packages/airflow/example_dags/example_short_circuit_operator.py
[2024-11-20T00:27:41.732+0000] {processor.py:925} INFO - DAG(s) 'example_short_circuit_operator' retrieved from /home/ubuntu/airflow_venv/lib/python3.12/site-packages/airflow/example_dags/example_short_circuit_operator.py
[2024-11-20T00:27:41.749+0000] {logging_mixin.py:190} INFO - [2024-11-20T00:27:41.749+0000] {dag.py:3239} INFO - Sync 1 DAGs
[2024-11-20T00:27:41.761+0000] {logging_mixin.py:190} INFO - [2024-11-20T00:27:41.761+0000] {dag.py:4180} INFO - Setting next_dagrun for example_short_circuit_operator to None, run_after=None
[2024-11-20T00:27:41.784+0000] {processor.py:208} INFO - Processing /home/ubuntu/airflow_venv/lib/python3.12/site-packages/airflow/example_dags/example_short_circuit_operator.py took 0.070 seconds
[2024-11-20T00:28:38.633+0000] {processor.py:186} INFO - Started process (PID=2893) to work on /home/ubuntu/airflow_venv/lib/python3.12/site-packages/airflow/example_dags/example_short_circuit_operator.py
[2024-11-20T00:28:38.636+0000] {processor.py:914} INFO - Processing file /home/ubuntu/airflow_venv/lib/python3.12/site-packages/airflow/example_dags/example_short_circuit_operator.py for tasks to queue
[2024-11-20T00:28:38.639+0000] {logging_mixin.py:190} INFO - [2024-11-20T00:28:38.639+0000] {dagbag.py:588} INFO - Filling up the DagBag from /home/ubuntu/airflow_venv/lib/python3.12/site-packages/airflow/example_dags/example_short_circuit_operator.py
[2024-11-20T00:28:38.648+0000] {processor.py:925} INFO - DAG(s) 'example_short_circuit_operator' retrieved from /home/ubuntu/airflow_venv/lib/python3.12/site-packages/airflow/example_dags/example_short_circuit_operator.py
[2024-11-20T00:28:38.664+0000] {logging_mixin.py:190} INFO - [2024-11-20T00:28:38.664+0000] {dag.py:3239} INFO - Sync 1 DAGs
[2024-11-20T00:28:38.676+0000] {logging_mixin.py:190} INFO - [2024-11-20T00:28:38.676+0000] {dag.py:4180} INFO - Setting next_dagrun for example_short_circuit_operator to None, run_after=None
[2024-11-20T00:28:38.700+0000] {processor.py:208} INFO - Processing /home/ubuntu/airflow_venv/lib/python3.12/site-packages/airflow/example_dags/example_short_circuit_operator.py took 0.074 seconds
[2024-11-20T00:29:43.246+0000] {processor.py:186} INFO - Started process (PID=3023) to work on /home/ubuntu/airflow_venv/lib/python3.12/site-packages/airflow/example_dags/example_short_circuit_operator.py
[2024-11-20T00:29:43.248+0000] {processor.py:914} INFO - Processing file /home/ubuntu/airflow_venv/lib/python3.12/site-packages/airflow/example_dags/example_short_circuit_operator.py for tasks to queue
[2024-11-20T00:29:43.250+0000] {logging_mixin.py:190} INFO - [2024-11-20T00:29:43.250+0000] {dagbag.py:588} INFO - Filling up the DagBag from /home/ubuntu/airflow_venv/lib/python3.12/site-packages/airflow/example_dags/example_short_circuit_operator.py
[2024-11-20T00:29:43.260+0000] {processor.py:925} INFO - DAG(s) 'example_short_circuit_operator' retrieved from /home/ubuntu/airflow_venv/lib/python3.12/site-packages/airflow/example_dags/example_short_circuit_operator.py
[2024-11-20T00:29:43.276+0000] {logging_mixin.py:190} INFO - [2024-11-20T00:29:43.276+0000] {dag.py:3239} INFO - Sync 1 DAGs
[2024-11-20T00:29:43.289+0000] {logging_mixin.py:190} INFO - [2024-11-20T00:29:43.288+0000] {dag.py:4180} INFO - Setting next_dagrun for example_short_circuit_operator to None, run_after=None
[2024-11-20T00:29:43.310+0000] {processor.py:208} INFO - Processing /home/ubuntu/airflow_venv/lib/python3.12/site-packages/airflow/example_dags/example_short_circuit_operator.py took 0.068 seconds
[2024-11-20T00:30:40.294+0000] {processor.py:186} INFO - Started process (PID=3085) to work on /home/ubuntu/airflow_venv/lib/python3.12/site-packages/airflow/example_dags/example_short_circuit_operator.py
[2024-11-20T00:30:40.295+0000] {processor.py:914} INFO - Processing file /home/ubuntu/airflow_venv/lib/python3.12/site-packages/airflow/example_dags/example_short_circuit_operator.py for tasks to queue
[2024-11-20T00:30:40.296+0000] {logging_mixin.py:190} INFO - [2024-11-20T00:30:40.296+0000] {dagbag.py:588} INFO - Filling up the DagBag from /home/ubuntu/airflow_venv/lib/python3.12/site-packages/airflow/example_dags/example_short_circuit_operator.py
[2024-11-20T00:30:40.306+0000] {processor.py:925} INFO - DAG(s) 'example_short_circuit_operator' retrieved from /home/ubuntu/airflow_venv/lib/python3.12/site-packages/airflow/example_dags/example_short_circuit_operator.py
[2024-11-20T00:30:40.324+0000] {logging_mixin.py:190} INFO - [2024-11-20T00:30:40.324+0000] {dag.py:3239} INFO - Sync 1 DAGs
[2024-11-20T00:30:40.336+0000] {logging_mixin.py:190} INFO - [2024-11-20T00:30:40.335+0000] {dag.py:4180} INFO - Setting next_dagrun for example_short_circuit_operator to None, run_after=None
[2024-11-20T00:30:40.357+0000] {processor.py:208} INFO - Processing /home/ubuntu/airflow_venv/lib/python3.12/site-packages/airflow/example_dags/example_short_circuit_operator.py took 0.070 seconds
[2024-11-20T00:31:37.058+0000] {processor.py:186} INFO - Started process (PID=3280) to work on /home/ubuntu/airflow_venv/lib/python3.12/site-packages/airflow/example_dags/example_short_circuit_operator.py
[2024-11-20T00:31:37.061+0000] {processor.py:914} INFO - Processing file /home/ubuntu/airflow_venv/lib/python3.12/site-packages/airflow/example_dags/example_short_circuit_operator.py for tasks to queue
[2024-11-20T00:31:37.062+0000] {logging_mixin.py:190} INFO - [2024-11-20T00:31:37.061+0000] {dagbag.py:588} INFO - Filling up the DagBag from /home/ubuntu/airflow_venv/lib/python3.12/site-packages/airflow/example_dags/example_short_circuit_operator.py
[2024-11-20T00:31:37.071+0000] {processor.py:925} INFO - DAG(s) 'example_short_circuit_operator' retrieved from /home/ubuntu/airflow_venv/lib/python3.12/site-packages/airflow/example_dags/example_short_circuit_operator.py
[2024-11-20T00:31:37.089+0000] {logging_mixin.py:190} INFO - [2024-11-20T00:31:37.089+0000] {dag.py:3239} INFO - Sync 1 DAGs
[2024-11-20T00:31:37.101+0000] {logging_mixin.py:190} INFO - [2024-11-20T00:31:37.101+0000] {dag.py:4180} INFO - Setting next_dagrun for example_short_circuit_operator to None, run_after=None
[2024-11-20T00:31:37.123+0000] {processor.py:208} INFO - Processing /home/ubuntu/airflow_venv/lib/python3.12/site-packages/airflow/example_dags/example_short_circuit_operator.py took 0.072 seconds
[2024-11-20T00:32:29.567+0000] {processor.py:186} INFO - Started process (PID=3337) to work on /home/ubuntu/airflow_venv/lib/python3.12/site-packages/airflow/example_dags/example_short_circuit_operator.py
[2024-11-20T00:32:29.568+0000] {processor.py:914} INFO - Processing file /home/ubuntu/airflow_venv/lib/python3.12/site-packages/airflow/example_dags/example_short_circuit_operator.py for tasks to queue
[2024-11-20T00:32:29.570+0000] {logging_mixin.py:190} INFO - [2024-11-20T00:32:29.569+0000] {dagbag.py:588} INFO - Filling up the DagBag from /home/ubuntu/airflow_venv/lib/python3.12/site-packages/airflow/example_dags/example_short_circuit_operator.py
[2024-11-20T00:32:29.580+0000] {processor.py:925} INFO - DAG(s) 'example_short_circuit_operator' retrieved from /home/ubuntu/airflow_venv/lib/python3.12/site-packages/airflow/example_dags/example_short_circuit_operator.py
[2024-11-20T00:32:29.597+0000] {logging_mixin.py:190} INFO - [2024-11-20T00:32:29.597+0000] {dag.py:3239} INFO - Sync 1 DAGs
[2024-11-20T00:32:29.609+0000] {logging_mixin.py:190} INFO - [2024-11-20T00:32:29.609+0000] {dag.py:4180} INFO - Setting next_dagrun for example_short_circuit_operator to None, run_after=None
[2024-11-20T00:32:29.632+0000] {processor.py:208} INFO - Processing /home/ubuntu/airflow_venv/lib/python3.12/site-packages/airflow/example_dags/example_short_circuit_operator.py took 0.071 seconds
[2024-11-20T00:33:23.709+0000] {processor.py:186} INFO - Started process (PID=3914) to work on /home/ubuntu/airflow_venv/lib/python3.12/site-packages/airflow/example_dags/example_short_circuit_operator.py
[2024-11-20T00:33:23.711+0000] {processor.py:914} INFO - Processing file /home/ubuntu/airflow_venv/lib/python3.12/site-packages/airflow/example_dags/example_short_circuit_operator.py for tasks to queue
[2024-11-20T00:33:23.712+0000] {logging_mixin.py:190} INFO - [2024-11-20T00:33:23.712+0000] {dagbag.py:588} INFO - Filling up the DagBag from /home/ubuntu/airflow_venv/lib/python3.12/site-packages/airflow/example_dags/example_short_circuit_operator.py
[2024-11-20T00:33:23.722+0000] {processor.py:925} INFO - DAG(s) 'example_short_circuit_operator' retrieved from /home/ubuntu/airflow_venv/lib/python3.12/site-packages/airflow/example_dags/example_short_circuit_operator.py
[2024-11-20T00:33:23.740+0000] {logging_mixin.py:190} INFO - [2024-11-20T00:33:23.740+0000] {dag.py:3239} INFO - Sync 1 DAGs
[2024-11-20T00:33:23.753+0000] {logging_mixin.py:190} INFO - [2024-11-20T00:33:23.752+0000] {dag.py:4180} INFO - Setting next_dagrun for example_short_circuit_operator to None, run_after=None
[2024-11-20T00:33:23.773+0000] {processor.py:208} INFO - Processing /home/ubuntu/airflow_venv/lib/python3.12/site-packages/airflow/example_dags/example_short_circuit_operator.py took 0.070 seconds
[2024-11-20T00:34:27.814+0000] {processor.py:186} INFO - Started process (PID=4037) to work on /home/ubuntu/airflow_venv/lib/python3.12/site-packages/airflow/example_dags/example_short_circuit_operator.py
[2024-11-20T00:34:27.816+0000] {processor.py:914} INFO - Processing file /home/ubuntu/airflow_venv/lib/python3.12/site-packages/airflow/example_dags/example_short_circuit_operator.py for tasks to queue
[2024-11-20T00:34:27.817+0000] {logging_mixin.py:190} INFO - [2024-11-20T00:34:27.817+0000] {dagbag.py:588} INFO - Filling up the DagBag from /home/ubuntu/airflow_venv/lib/python3.12/site-packages/airflow/example_dags/example_short_circuit_operator.py
[2024-11-20T00:34:27.826+0000] {processor.py:925} INFO - DAG(s) 'example_short_circuit_operator' retrieved from /home/ubuntu/airflow_venv/lib/python3.12/site-packages/airflow/example_dags/example_short_circuit_operator.py
[2024-11-20T00:34:27.843+0000] {logging_mixin.py:190} INFO - [2024-11-20T00:34:27.843+0000] {dag.py:3239} INFO - Sync 1 DAGs
[2024-11-20T00:34:27.854+0000] {logging_mixin.py:190} INFO - [2024-11-20T00:34:27.854+0000] {dag.py:4180} INFO - Setting next_dagrun for example_short_circuit_operator to None, run_after=None
[2024-11-20T00:34:27.876+0000] {processor.py:208} INFO - Processing /home/ubuntu/airflow_venv/lib/python3.12/site-packages/airflow/example_dags/example_short_circuit_operator.py took 0.070 seconds
[2024-11-20T00:35:25.774+0000] {processor.py:186} INFO - Started process (PID=4122) to work on /home/ubuntu/airflow_venv/lib/python3.12/site-packages/airflow/example_dags/example_short_circuit_operator.py
[2024-11-20T00:35:25.775+0000] {processor.py:914} INFO - Processing file /home/ubuntu/airflow_venv/lib/python3.12/site-packages/airflow/example_dags/example_short_circuit_operator.py for tasks to queue
[2024-11-20T00:35:25.776+0000] {logging_mixin.py:190} INFO - [2024-11-20T00:35:25.776+0000] {dagbag.py:588} INFO - Filling up the DagBag from /home/ubuntu/airflow_venv/lib/python3.12/site-packages/airflow/example_dags/example_short_circuit_operator.py
[2024-11-20T00:35:25.785+0000] {processor.py:925} INFO - DAG(s) 'example_short_circuit_operator' retrieved from /home/ubuntu/airflow_venv/lib/python3.12/site-packages/airflow/example_dags/example_short_circuit_operator.py
[2024-11-20T00:35:25.803+0000] {logging_mixin.py:190} INFO - [2024-11-20T00:35:25.802+0000] {dag.py:3239} INFO - Sync 1 DAGs
[2024-11-20T00:35:25.817+0000] {logging_mixin.py:190} INFO - [2024-11-20T00:35:25.817+0000] {dag.py:4180} INFO - Setting next_dagrun for example_short_circuit_operator to None, run_after=None
[2024-11-20T00:35:25.839+0000] {processor.py:208} INFO - Processing /home/ubuntu/airflow_venv/lib/python3.12/site-packages/airflow/example_dags/example_short_circuit_operator.py took 0.071 seconds
[2024-11-20T00:36:20.686+0000] {processor.py:186} INFO - Started process (PID=4180) to work on /home/ubuntu/airflow_venv/lib/python3.12/site-packages/airflow/example_dags/example_short_circuit_operator.py
[2024-11-20T00:36:20.688+0000] {processor.py:914} INFO - Processing file /home/ubuntu/airflow_venv/lib/python3.12/site-packages/airflow/example_dags/example_short_circuit_operator.py for tasks to queue
[2024-11-20T00:36:20.689+0000] {logging_mixin.py:190} INFO - [2024-11-20T00:36:20.688+0000] {dagbag.py:588} INFO - Filling up the DagBag from /home/ubuntu/airflow_venv/lib/python3.12/site-packages/airflow/example_dags/example_short_circuit_operator.py
[2024-11-20T00:36:20.698+0000] {processor.py:925} INFO - DAG(s) 'example_short_circuit_operator' retrieved from /home/ubuntu/airflow_venv/lib/python3.12/site-packages/airflow/example_dags/example_short_circuit_operator.py
[2024-11-20T00:36:20.716+0000] {logging_mixin.py:190} INFO - [2024-11-20T00:36:20.716+0000] {dag.py:3239} INFO - Sync 1 DAGs
[2024-11-20T00:36:20.729+0000] {logging_mixin.py:190} INFO - [2024-11-20T00:36:20.729+0000] {dag.py:4180} INFO - Setting next_dagrun for example_short_circuit_operator to None, run_after=None
[2024-11-20T00:36:20.750+0000] {processor.py:208} INFO - Processing /home/ubuntu/airflow_venv/lib/python3.12/site-packages/airflow/example_dags/example_short_circuit_operator.py took 0.070 seconds
[2024-11-20T00:37:13.485+0000] {processor.py:186} INFO - Started process (PID=4235) to work on /home/ubuntu/airflow_venv/lib/python3.12/site-packages/airflow/example_dags/example_short_circuit_operator.py
[2024-11-20T00:37:13.487+0000] {processor.py:914} INFO - Processing file /home/ubuntu/airflow_venv/lib/python3.12/site-packages/airflow/example_dags/example_short_circuit_operator.py for tasks to queue
[2024-11-20T00:37:13.488+0000] {logging_mixin.py:190} INFO - [2024-11-20T00:37:13.488+0000] {dagbag.py:588} INFO - Filling up the DagBag from /home/ubuntu/airflow_venv/lib/python3.12/site-packages/airflow/example_dags/example_short_circuit_operator.py
[2024-11-20T00:37:13.499+0000] {processor.py:925} INFO - DAG(s) 'example_short_circuit_operator' retrieved from /home/ubuntu/airflow_venv/lib/python3.12/site-packages/airflow/example_dags/example_short_circuit_operator.py
[2024-11-20T00:37:13.516+0000] {logging_mixin.py:190} INFO - [2024-11-20T00:37:13.516+0000] {dag.py:3239} INFO - Sync 1 DAGs
[2024-11-20T00:37:13.529+0000] {logging_mixin.py:190} INFO - [2024-11-20T00:37:13.529+0000] {dag.py:4180} INFO - Setting next_dagrun for example_short_circuit_operator to None, run_after=None
[2024-11-20T00:37:13.550+0000] {processor.py:208} INFO - Processing /home/ubuntu/airflow_venv/lib/python3.12/site-packages/airflow/example_dags/example_short_circuit_operator.py took 0.071 seconds
[2024-11-20T00:38:10.546+0000] {processor.py:186} INFO - Started process (PID=4320) to work on /home/ubuntu/airflow_venv/lib/python3.12/site-packages/airflow/example_dags/example_short_circuit_operator.py
[2024-11-20T00:38:10.547+0000] {processor.py:914} INFO - Processing file /home/ubuntu/airflow_venv/lib/python3.12/site-packages/airflow/example_dags/example_short_circuit_operator.py for tasks to queue
[2024-11-20T00:38:10.548+0000] {logging_mixin.py:190} INFO - [2024-11-20T00:38:10.548+0000] {dagbag.py:588} INFO - Filling up the DagBag from /home/ubuntu/airflow_venv/lib/python3.12/site-packages/airflow/example_dags/example_short_circuit_operator.py
[2024-11-20T00:38:10.556+0000] {processor.py:925} INFO - DAG(s) 'example_short_circuit_operator' retrieved from /home/ubuntu/airflow_venv/lib/python3.12/site-packages/airflow/example_dags/example_short_circuit_operator.py
[2024-11-20T00:38:10.574+0000] {logging_mixin.py:190} INFO - [2024-11-20T00:38:10.574+0000] {dag.py:3239} INFO - Sync 1 DAGs
[2024-11-20T00:38:10.586+0000] {logging_mixin.py:190} INFO - [2024-11-20T00:38:10.586+0000] {dag.py:4180} INFO - Setting next_dagrun for example_short_circuit_operator to None, run_after=None
[2024-11-20T00:38:10.610+0000] {processor.py:208} INFO - Processing /home/ubuntu/airflow_venv/lib/python3.12/site-packages/airflow/example_dags/example_short_circuit_operator.py took 0.071 seconds
[2024-11-20T00:39:06.300+0000] {processor.py:186} INFO - Started process (PID=4378) to work on /home/ubuntu/airflow_venv/lib/python3.12/site-packages/airflow/example_dags/example_short_circuit_operator.py
[2024-11-20T00:39:06.302+0000] {processor.py:914} INFO - Processing file /home/ubuntu/airflow_venv/lib/python3.12/site-packages/airflow/example_dags/example_short_circuit_operator.py for tasks to queue
[2024-11-20T00:39:06.304+0000] {logging_mixin.py:190} INFO - [2024-11-20T00:39:06.303+0000] {dagbag.py:588} INFO - Filling up the DagBag from /home/ubuntu/airflow_venv/lib/python3.12/site-packages/airflow/example_dags/example_short_circuit_operator.py
[2024-11-20T00:39:06.313+0000] {processor.py:925} INFO - DAG(s) 'example_short_circuit_operator' retrieved from /home/ubuntu/airflow_venv/lib/python3.12/site-packages/airflow/example_dags/example_short_circuit_operator.py
[2024-11-20T00:39:06.341+0000] {logging_mixin.py:190} INFO - [2024-11-20T00:39:06.340+0000] {dag.py:3239} INFO - Sync 1 DAGs
[2024-11-20T00:39:06.351+0000] {logging_mixin.py:190} INFO - [2024-11-20T00:39:06.351+0000] {dag.py:4180} INFO - Setting next_dagrun for example_short_circuit_operator to None, run_after=None
[2024-11-20T00:39:06.374+0000] {processor.py:208} INFO - Processing /home/ubuntu/airflow_venv/lib/python3.12/site-packages/airflow/example_dags/example_short_circuit_operator.py took 0.080 seconds
[2024-11-20T00:40:09.691+0000] {processor.py:186} INFO - Started process (PID=4474) to work on /home/ubuntu/airflow_venv/lib/python3.12/site-packages/airflow/example_dags/example_short_circuit_operator.py
[2024-11-20T00:40:09.692+0000] {processor.py:914} INFO - Processing file /home/ubuntu/airflow_venv/lib/python3.12/site-packages/airflow/example_dags/example_short_circuit_operator.py for tasks to queue
[2024-11-20T00:40:09.694+0000] {logging_mixin.py:190} INFO - [2024-11-20T00:40:09.693+0000] {dagbag.py:588} INFO - Filling up the DagBag from /home/ubuntu/airflow_venv/lib/python3.12/site-packages/airflow/example_dags/example_short_circuit_operator.py
[2024-11-20T00:40:09.702+0000] {processor.py:925} INFO - DAG(s) 'example_short_circuit_operator' retrieved from /home/ubuntu/airflow_venv/lib/python3.12/site-packages/airflow/example_dags/example_short_circuit_operator.py
[2024-11-20T00:40:09.719+0000] {logging_mixin.py:190} INFO - [2024-11-20T00:40:09.719+0000] {dag.py:3239} INFO - Sync 1 DAGs
[2024-11-20T00:40:09.733+0000] {logging_mixin.py:190} INFO - [2024-11-20T00:40:09.732+0000] {dag.py:4180} INFO - Setting next_dagrun for example_short_circuit_operator to None, run_after=None
[2024-11-20T00:40:09.754+0000] {processor.py:208} INFO - Processing /home/ubuntu/airflow_venv/lib/python3.12/site-packages/airflow/example_dags/example_short_circuit_operator.py took 0.071 seconds
[2024-11-20T00:41:07.480+0000] {processor.py:186} INFO - Started process (PID=4535) to work on /home/ubuntu/airflow_venv/lib/python3.12/site-packages/airflow/example_dags/example_short_circuit_operator.py
[2024-11-20T00:41:07.482+0000] {processor.py:914} INFO - Processing file /home/ubuntu/airflow_venv/lib/python3.12/site-packages/airflow/example_dags/example_short_circuit_operator.py for tasks to queue
[2024-11-20T00:41:07.483+0000] {logging_mixin.py:190} INFO - [2024-11-20T00:41:07.482+0000] {dagbag.py:588} INFO - Filling up the DagBag from /home/ubuntu/airflow_venv/lib/python3.12/site-packages/airflow/example_dags/example_short_circuit_operator.py
[2024-11-20T00:41:07.494+0000] {processor.py:925} INFO - DAG(s) 'example_short_circuit_operator' retrieved from /home/ubuntu/airflow_venv/lib/python3.12/site-packages/airflow/example_dags/example_short_circuit_operator.py
[2024-11-20T00:41:07.511+0000] {logging_mixin.py:190} INFO - [2024-11-20T00:41:07.511+0000] {dag.py:3239} INFO - Sync 1 DAGs
[2024-11-20T00:41:07.523+0000] {logging_mixin.py:190} INFO - [2024-11-20T00:41:07.523+0000] {dag.py:4180} INFO - Setting next_dagrun for example_short_circuit_operator to None, run_after=None
[2024-11-20T00:41:07.546+0000] {processor.py:208} INFO - Processing /home/ubuntu/airflow_venv/lib/python3.12/site-packages/airflow/example_dags/example_short_circuit_operator.py took 0.074 seconds
[2024-11-20T00:41:58.495+0000] {processor.py:186} INFO - Started process (PID=4590) to work on /home/ubuntu/airflow_venv/lib/python3.12/site-packages/airflow/example_dags/example_short_circuit_operator.py
[2024-11-20T00:41:58.496+0000] {processor.py:914} INFO - Processing file /home/ubuntu/airflow_venv/lib/python3.12/site-packages/airflow/example_dags/example_short_circuit_operator.py for tasks to queue
[2024-11-20T00:41:58.498+0000] {logging_mixin.py:190} INFO - [2024-11-20T00:41:58.498+0000] {dagbag.py:588} INFO - Filling up the DagBag from /home/ubuntu/airflow_venv/lib/python3.12/site-packages/airflow/example_dags/example_short_circuit_operator.py
[2024-11-20T00:41:58.507+0000] {processor.py:925} INFO - DAG(s) 'example_short_circuit_operator' retrieved from /home/ubuntu/airflow_venv/lib/python3.12/site-packages/airflow/example_dags/example_short_circuit_operator.py
[2024-11-20T00:41:58.525+0000] {logging_mixin.py:190} INFO - [2024-11-20T00:41:58.524+0000] {dag.py:3239} INFO - Sync 1 DAGs
[2024-11-20T00:41:58.537+0000] {logging_mixin.py:190} INFO - [2024-11-20T00:41:58.537+0000] {dag.py:4180} INFO - Setting next_dagrun for example_short_circuit_operator to None, run_after=None
[2024-11-20T00:41:58.559+0000] {processor.py:208} INFO - Processing /home/ubuntu/airflow_venv/lib/python3.12/site-packages/airflow/example_dags/example_short_circuit_operator.py took 0.071 seconds
[2024-11-20T00:42:52.612+0000] {processor.py:186} INFO - Started process (PID=4645) to work on /home/ubuntu/airflow_venv/lib/python3.12/site-packages/airflow/example_dags/example_short_circuit_operator.py
[2024-11-20T00:42:52.614+0000] {processor.py:914} INFO - Processing file /home/ubuntu/airflow_venv/lib/python3.12/site-packages/airflow/example_dags/example_short_circuit_operator.py for tasks to queue
[2024-11-20T00:42:52.616+0000] {logging_mixin.py:190} INFO - [2024-11-20T00:42:52.615+0000] {dagbag.py:588} INFO - Filling up the DagBag from /home/ubuntu/airflow_venv/lib/python3.12/site-packages/airflow/example_dags/example_short_circuit_operator.py
[2024-11-20T00:42:52.624+0000] {processor.py:925} INFO - DAG(s) 'example_short_circuit_operator' retrieved from /home/ubuntu/airflow_venv/lib/python3.12/site-packages/airflow/example_dags/example_short_circuit_operator.py
[2024-11-20T00:42:52.641+0000] {logging_mixin.py:190} INFO - [2024-11-20T00:42:52.641+0000] {dag.py:3239} INFO - Sync 1 DAGs
[2024-11-20T00:42:52.653+0000] {logging_mixin.py:190} INFO - [2024-11-20T00:42:52.653+0000] {dag.py:4180} INFO - Setting next_dagrun for example_short_circuit_operator to None, run_after=None
[2024-11-20T00:42:52.675+0000] {processor.py:208} INFO - Processing /home/ubuntu/airflow_venv/lib/python3.12/site-packages/airflow/example_dags/example_short_circuit_operator.py took 0.070 seconds
[2024-11-20T00:43:49.556+0000] {processor.py:186} INFO - Started process (PID=4704) to work on /home/ubuntu/airflow_venv/lib/python3.12/site-packages/airflow/example_dags/example_short_circuit_operator.py
[2024-11-20T00:43:49.557+0000] {processor.py:914} INFO - Processing file /home/ubuntu/airflow_venv/lib/python3.12/site-packages/airflow/example_dags/example_short_circuit_operator.py for tasks to queue
[2024-11-20T00:43:49.558+0000] {logging_mixin.py:190} INFO - [2024-11-20T00:43:49.558+0000] {dagbag.py:588} INFO - Filling up the DagBag from /home/ubuntu/airflow_venv/lib/python3.12/site-packages/airflow/example_dags/example_short_circuit_operator.py
[2024-11-20T00:43:49.567+0000] {processor.py:925} INFO - DAG(s) 'example_short_circuit_operator' retrieved from /home/ubuntu/airflow_venv/lib/python3.12/site-packages/airflow/example_dags/example_short_circuit_operator.py
[2024-11-20T00:43:49.585+0000] {logging_mixin.py:190} INFO - [2024-11-20T00:43:49.585+0000] {dag.py:3239} INFO - Sync 1 DAGs
[2024-11-20T00:43:49.597+0000] {logging_mixin.py:190} INFO - [2024-11-20T00:43:49.597+0000] {dag.py:4180} INFO - Setting next_dagrun for example_short_circuit_operator to None, run_after=None
[2024-11-20T00:43:49.618+0000] {processor.py:208} INFO - Processing /home/ubuntu/airflow_venv/lib/python3.12/site-packages/airflow/example_dags/example_short_circuit_operator.py took 0.071 seconds
[2024-11-20T00:44:42.847+0000] {processor.py:186} INFO - Started process (PID=4759) to work on /home/ubuntu/airflow_venv/lib/python3.12/site-packages/airflow/example_dags/example_short_circuit_operator.py
[2024-11-20T00:44:42.849+0000] {processor.py:914} INFO - Processing file /home/ubuntu/airflow_venv/lib/python3.12/site-packages/airflow/example_dags/example_short_circuit_operator.py for tasks to queue
[2024-11-20T00:44:42.850+0000] {logging_mixin.py:190} INFO - [2024-11-20T00:44:42.850+0000] {dagbag.py:588} INFO - Filling up the DagBag from /home/ubuntu/airflow_venv/lib/python3.12/site-packages/airflow/example_dags/example_short_circuit_operator.py
[2024-11-20T00:44:42.860+0000] {processor.py:925} INFO - DAG(s) 'example_short_circuit_operator' retrieved from /home/ubuntu/airflow_venv/lib/python3.12/site-packages/airflow/example_dags/example_short_circuit_operator.py
[2024-11-20T00:44:42.877+0000] {logging_mixin.py:190} INFO - [2024-11-20T00:44:42.877+0000] {dag.py:3239} INFO - Sync 1 DAGs
[2024-11-20T00:44:42.889+0000] {logging_mixin.py:190} INFO - [2024-11-20T00:44:42.888+0000] {dag.py:4180} INFO - Setting next_dagrun for example_short_circuit_operator to None, run_after=None
[2024-11-20T00:44:42.909+0000] {processor.py:208} INFO - Processing /home/ubuntu/airflow_venv/lib/python3.12/site-packages/airflow/example_dags/example_short_circuit_operator.py took 0.070 seconds
[2024-11-20T00:45:38.338+0000] {processor.py:186} INFO - Started process (PID=4819) to work on /home/ubuntu/airflow_venv/lib/python3.12/site-packages/airflow/example_dags/example_short_circuit_operator.py
[2024-11-20T00:45:38.339+0000] {processor.py:914} INFO - Processing file /home/ubuntu/airflow_venv/lib/python3.12/site-packages/airflow/example_dags/example_short_circuit_operator.py for tasks to queue
[2024-11-20T00:45:38.341+0000] {logging_mixin.py:190} INFO - [2024-11-20T00:45:38.340+0000] {dagbag.py:588} INFO - Filling up the DagBag from /home/ubuntu/airflow_venv/lib/python3.12/site-packages/airflow/example_dags/example_short_circuit_operator.py
[2024-11-20T00:45:38.350+0000] {processor.py:925} INFO - DAG(s) 'example_short_circuit_operator' retrieved from /home/ubuntu/airflow_venv/lib/python3.12/site-packages/airflow/example_dags/example_short_circuit_operator.py
[2024-11-20T00:45:38.367+0000] {logging_mixin.py:190} INFO - [2024-11-20T00:45:38.367+0000] {dag.py:3239} INFO - Sync 1 DAGs
[2024-11-20T00:45:38.380+0000] {logging_mixin.py:190} INFO - [2024-11-20T00:45:38.380+0000] {dag.py:4180} INFO - Setting next_dagrun for example_short_circuit_operator to None, run_after=None
[2024-11-20T00:45:38.404+0000] {processor.py:208} INFO - Processing /home/ubuntu/airflow_venv/lib/python3.12/site-packages/airflow/example_dags/example_short_circuit_operator.py took 0.073 seconds
[2024-11-20T00:46:32.140+0000] {processor.py:186} INFO - Started process (PID=4876) to work on /home/ubuntu/airflow_venv/lib/python3.12/site-packages/airflow/example_dags/example_short_circuit_operator.py
[2024-11-20T00:46:32.143+0000] {processor.py:914} INFO - Processing file /home/ubuntu/airflow_venv/lib/python3.12/site-packages/airflow/example_dags/example_short_circuit_operator.py for tasks to queue
[2024-11-20T00:46:32.144+0000] {logging_mixin.py:190} INFO - [2024-11-20T00:46:32.143+0000] {dagbag.py:588} INFO - Filling up the DagBag from /home/ubuntu/airflow_venv/lib/python3.12/site-packages/airflow/example_dags/example_short_circuit_operator.py
[2024-11-20T00:46:32.153+0000] {processor.py:925} INFO - DAG(s) 'example_short_circuit_operator' retrieved from /home/ubuntu/airflow_venv/lib/python3.12/site-packages/airflow/example_dags/example_short_circuit_operator.py
[2024-11-20T00:46:32.169+0000] {logging_mixin.py:190} INFO - [2024-11-20T00:46:32.169+0000] {dag.py:3239} INFO - Sync 1 DAGs
[2024-11-20T00:46:32.181+0000] {logging_mixin.py:190} INFO - [2024-11-20T00:46:32.181+0000] {dag.py:4180} INFO - Setting next_dagrun for example_short_circuit_operator to None, run_after=None
[2024-11-20T00:46:32.204+0000] {processor.py:208} INFO - Processing /home/ubuntu/airflow_venv/lib/python3.12/site-packages/airflow/example_dags/example_short_circuit_operator.py took 0.071 seconds
[2024-11-20T00:47:25.045+0000] {processor.py:186} INFO - Started process (PID=4930) to work on /home/ubuntu/airflow_venv/lib/python3.12/site-packages/airflow/example_dags/example_short_circuit_operator.py
[2024-11-20T00:47:25.047+0000] {processor.py:914} INFO - Processing file /home/ubuntu/airflow_venv/lib/python3.12/site-packages/airflow/example_dags/example_short_circuit_operator.py for tasks to queue
[2024-11-20T00:47:25.048+0000] {logging_mixin.py:190} INFO - [2024-11-20T00:47:25.047+0000] {dagbag.py:588} INFO - Filling up the DagBag from /home/ubuntu/airflow_venv/lib/python3.12/site-packages/airflow/example_dags/example_short_circuit_operator.py
[2024-11-20T00:47:25.057+0000] {processor.py:925} INFO - DAG(s) 'example_short_circuit_operator' retrieved from /home/ubuntu/airflow_venv/lib/python3.12/site-packages/airflow/example_dags/example_short_circuit_operator.py
[2024-11-20T00:47:25.075+0000] {logging_mixin.py:190} INFO - [2024-11-20T00:47:25.074+0000] {dag.py:3239} INFO - Sync 1 DAGs
[2024-11-20T00:47:25.087+0000] {logging_mixin.py:190} INFO - [2024-11-20T00:47:25.086+0000] {dag.py:4180} INFO - Setting next_dagrun for example_short_circuit_operator to None, run_after=None
[2024-11-20T00:47:25.109+0000] {processor.py:208} INFO - Processing /home/ubuntu/airflow_venv/lib/python3.12/site-packages/airflow/example_dags/example_short_circuit_operator.py took 0.070 seconds
[2024-11-20T00:48:16.993+0000] {processor.py:186} INFO - Started process (PID=4984) to work on /home/ubuntu/airflow_venv/lib/python3.12/site-packages/airflow/example_dags/example_short_circuit_operator.py
[2024-11-20T00:48:16.994+0000] {processor.py:914} INFO - Processing file /home/ubuntu/airflow_venv/lib/python3.12/site-packages/airflow/example_dags/example_short_circuit_operator.py for tasks to queue
[2024-11-20T00:48:16.996+0000] {logging_mixin.py:190} INFO - [2024-11-20T00:48:16.995+0000] {dagbag.py:588} INFO - Filling up the DagBag from /home/ubuntu/airflow_venv/lib/python3.12/site-packages/airflow/example_dags/example_short_circuit_operator.py
[2024-11-20T00:48:17.005+0000] {processor.py:925} INFO - DAG(s) 'example_short_circuit_operator' retrieved from /home/ubuntu/airflow_venv/lib/python3.12/site-packages/airflow/example_dags/example_short_circuit_operator.py
[2024-11-20T00:48:17.022+0000] {logging_mixin.py:190} INFO - [2024-11-20T00:48:17.021+0000] {dag.py:3239} INFO - Sync 1 DAGs
[2024-11-20T00:48:17.034+0000] {logging_mixin.py:190} INFO - [2024-11-20T00:48:17.034+0000] {dag.py:4180} INFO - Setting next_dagrun for example_short_circuit_operator to None, run_after=None
[2024-11-20T00:48:17.056+0000] {processor.py:208} INFO - Processing /home/ubuntu/airflow_venv/lib/python3.12/site-packages/airflow/example_dags/example_short_circuit_operator.py took 0.071 seconds
[2024-11-20T00:49:10.957+0000] {processor.py:186} INFO - Started process (PID=5041) to work on /home/ubuntu/airflow_venv/lib/python3.12/site-packages/airflow/example_dags/example_short_circuit_operator.py
[2024-11-20T00:49:10.959+0000] {processor.py:914} INFO - Processing file /home/ubuntu/airflow_venv/lib/python3.12/site-packages/airflow/example_dags/example_short_circuit_operator.py for tasks to queue
[2024-11-20T00:49:10.959+0000] {logging_mixin.py:190} INFO - [2024-11-20T00:49:10.959+0000] {dagbag.py:588} INFO - Filling up the DagBag from /home/ubuntu/airflow_venv/lib/python3.12/site-packages/airflow/example_dags/example_short_circuit_operator.py
[2024-11-20T00:49:10.969+0000] {processor.py:925} INFO - DAG(s) 'example_short_circuit_operator' retrieved from /home/ubuntu/airflow_venv/lib/python3.12/site-packages/airflow/example_dags/example_short_circuit_operator.py
[2024-11-20T00:49:10.986+0000] {logging_mixin.py:190} INFO - [2024-11-20T00:49:10.986+0000] {dag.py:3239} INFO - Sync 1 DAGs
[2024-11-20T00:49:10.998+0000] {logging_mixin.py:190} INFO - [2024-11-20T00:49:10.998+0000] {dag.py:4180} INFO - Setting next_dagrun for example_short_circuit_operator to None, run_after=None
[2024-11-20T00:49:11.019+0000] {processor.py:208} INFO - Processing /home/ubuntu/airflow_venv/lib/python3.12/site-packages/airflow/example_dags/example_short_circuit_operator.py took 0.069 seconds
[2024-11-20T00:50:05.353+0000] {processor.py:186} INFO - Started process (PID=5097) to work on /home/ubuntu/airflow_venv/lib/python3.12/site-packages/airflow/example_dags/example_short_circuit_operator.py
[2024-11-20T00:50:05.354+0000] {processor.py:914} INFO - Processing file /home/ubuntu/airflow_venv/lib/python3.12/site-packages/airflow/example_dags/example_short_circuit_operator.py for tasks to queue
[2024-11-20T00:50:05.355+0000] {logging_mixin.py:190} INFO - [2024-11-20T00:50:05.355+0000] {dagbag.py:588} INFO - Filling up the DagBag from /home/ubuntu/airflow_venv/lib/python3.12/site-packages/airflow/example_dags/example_short_circuit_operator.py
[2024-11-20T00:50:05.364+0000] {processor.py:925} INFO - DAG(s) 'example_short_circuit_operator' retrieved from /home/ubuntu/airflow_venv/lib/python3.12/site-packages/airflow/example_dags/example_short_circuit_operator.py
[2024-11-20T00:50:05.382+0000] {logging_mixin.py:190} INFO - [2024-11-20T00:50:05.382+0000] {dag.py:3239} INFO - Sync 1 DAGs
[2024-11-20T00:50:05.394+0000] {logging_mixin.py:190} INFO - [2024-11-20T00:50:05.394+0000] {dag.py:4180} INFO - Setting next_dagrun for example_short_circuit_operator to None, run_after=None
[2024-11-20T00:50:05.417+0000] {processor.py:208} INFO - Processing /home/ubuntu/airflow_venv/lib/python3.12/site-packages/airflow/example_dags/example_short_circuit_operator.py took 0.072 seconds
[2024-11-20T00:50:58.862+0000] {processor.py:186} INFO - Started process (PID=5155) to work on /home/ubuntu/airflow_venv/lib/python3.12/site-packages/airflow/example_dags/example_short_circuit_operator.py
[2024-11-20T00:50:58.864+0000] {processor.py:914} INFO - Processing file /home/ubuntu/airflow_venv/lib/python3.12/site-packages/airflow/example_dags/example_short_circuit_operator.py for tasks to queue
[2024-11-20T00:50:58.865+0000] {logging_mixin.py:190} INFO - [2024-11-20T00:50:58.864+0000] {dagbag.py:588} INFO - Filling up the DagBag from /home/ubuntu/airflow_venv/lib/python3.12/site-packages/airflow/example_dags/example_short_circuit_operator.py
[2024-11-20T00:50:58.873+0000] {processor.py:925} INFO - DAG(s) 'example_short_circuit_operator' retrieved from /home/ubuntu/airflow_venv/lib/python3.12/site-packages/airflow/example_dags/example_short_circuit_operator.py
[2024-11-20T00:50:58.891+0000] {logging_mixin.py:190} INFO - [2024-11-20T00:50:58.890+0000] {dag.py:3239} INFO - Sync 1 DAGs
[2024-11-20T00:50:58.902+0000] {logging_mixin.py:190} INFO - [2024-11-20T00:50:58.902+0000] {dag.py:4180} INFO - Setting next_dagrun for example_short_circuit_operator to None, run_after=None
[2024-11-20T00:50:58.924+0000] {processor.py:208} INFO - Processing /home/ubuntu/airflow_venv/lib/python3.12/site-packages/airflow/example_dags/example_short_circuit_operator.py took 0.069 seconds
[2024-11-20T00:51:57.153+0000] {processor.py:186} INFO - Started process (PID=5214) to work on /home/ubuntu/airflow_venv/lib/python3.12/site-packages/airflow/example_dags/example_short_circuit_operator.py
[2024-11-20T00:51:57.155+0000] {processor.py:914} INFO - Processing file /home/ubuntu/airflow_venv/lib/python3.12/site-packages/airflow/example_dags/example_short_circuit_operator.py for tasks to queue
[2024-11-20T00:51:57.156+0000] {logging_mixin.py:190} INFO - [2024-11-20T00:51:57.155+0000] {dagbag.py:588} INFO - Filling up the DagBag from /home/ubuntu/airflow_venv/lib/python3.12/site-packages/airflow/example_dags/example_short_circuit_operator.py
[2024-11-20T00:51:57.165+0000] {processor.py:925} INFO - DAG(s) 'example_short_circuit_operator' retrieved from /home/ubuntu/airflow_venv/lib/python3.12/site-packages/airflow/example_dags/example_short_circuit_operator.py
[2024-11-20T00:51:57.183+0000] {logging_mixin.py:190} INFO - [2024-11-20T00:51:57.182+0000] {dag.py:3239} INFO - Sync 1 DAGs
[2024-11-20T00:51:57.196+0000] {logging_mixin.py:190} INFO - [2024-11-20T00:51:57.195+0000] {dag.py:4180} INFO - Setting next_dagrun for example_short_circuit_operator to None, run_after=None
[2024-11-20T00:51:57.217+0000] {processor.py:208} INFO - Processing /home/ubuntu/airflow_venv/lib/python3.12/site-packages/airflow/example_dags/example_short_circuit_operator.py took 0.070 seconds
[2024-11-20T00:52:51.741+0000] {processor.py:186} INFO - Started process (PID=5270) to work on /home/ubuntu/airflow_venv/lib/python3.12/site-packages/airflow/example_dags/example_short_circuit_operator.py
[2024-11-20T00:52:51.743+0000] {processor.py:914} INFO - Processing file /home/ubuntu/airflow_venv/lib/python3.12/site-packages/airflow/example_dags/example_short_circuit_operator.py for tasks to queue
[2024-11-20T00:52:51.744+0000] {logging_mixin.py:190} INFO - [2024-11-20T00:52:51.744+0000] {dagbag.py:588} INFO - Filling up the DagBag from /home/ubuntu/airflow_venv/lib/python3.12/site-packages/airflow/example_dags/example_short_circuit_operator.py
[2024-11-20T00:52:51.753+0000] {processor.py:925} INFO - DAG(s) 'example_short_circuit_operator' retrieved from /home/ubuntu/airflow_venv/lib/python3.12/site-packages/airflow/example_dags/example_short_circuit_operator.py
[2024-11-20T00:52:51.770+0000] {logging_mixin.py:190} INFO - [2024-11-20T00:52:51.770+0000] {dag.py:3239} INFO - Sync 1 DAGs
[2024-11-20T00:52:51.782+0000] {logging_mixin.py:190} INFO - [2024-11-20T00:52:51.782+0000] {dag.py:4180} INFO - Setting next_dagrun for example_short_circuit_operator to None, run_after=None
[2024-11-20T00:52:51.805+0000] {processor.py:208} INFO - Processing /home/ubuntu/airflow_venv/lib/python3.12/site-packages/airflow/example_dags/example_short_circuit_operator.py took 0.072 seconds
[2024-11-20T00:53:48.715+0000] {processor.py:186} INFO - Started process (PID=5328) to work on /home/ubuntu/airflow_venv/lib/python3.12/site-packages/airflow/example_dags/example_short_circuit_operator.py
[2024-11-20T00:53:48.717+0000] {processor.py:914} INFO - Processing file /home/ubuntu/airflow_venv/lib/python3.12/site-packages/airflow/example_dags/example_short_circuit_operator.py for tasks to queue
[2024-11-20T00:53:48.718+0000] {logging_mixin.py:190} INFO - [2024-11-20T00:53:48.717+0000] {dagbag.py:588} INFO - Filling up the DagBag from /home/ubuntu/airflow_venv/lib/python3.12/site-packages/airflow/example_dags/example_short_circuit_operator.py
[2024-11-20T00:53:48.727+0000] {processor.py:925} INFO - DAG(s) 'example_short_circuit_operator' retrieved from /home/ubuntu/airflow_venv/lib/python3.12/site-packages/airflow/example_dags/example_short_circuit_operator.py
[2024-11-20T00:53:48.744+0000] {logging_mixin.py:190} INFO - [2024-11-20T00:53:48.744+0000] {dag.py:3239} INFO - Sync 1 DAGs
[2024-11-20T00:53:48.756+0000] {logging_mixin.py:190} INFO - [2024-11-20T00:53:48.756+0000] {dag.py:4180} INFO - Setting next_dagrun for example_short_circuit_operator to None, run_after=None
[2024-11-20T00:53:48.778+0000] {processor.py:208} INFO - Processing /home/ubuntu/airflow_venv/lib/python3.12/site-packages/airflow/example_dags/example_short_circuit_operator.py took 0.070 seconds
[2024-11-20T00:54:39.876+0000] {processor.py:186} INFO - Started process (PID=5395) to work on /home/ubuntu/airflow_venv/lib/python3.12/site-packages/airflow/example_dags/example_short_circuit_operator.py
[2024-11-20T00:54:39.877+0000] {processor.py:914} INFO - Processing file /home/ubuntu/airflow_venv/lib/python3.12/site-packages/airflow/example_dags/example_short_circuit_operator.py for tasks to queue
[2024-11-20T00:54:39.878+0000] {logging_mixin.py:190} INFO - [2024-11-20T00:54:39.878+0000] {dagbag.py:588} INFO - Filling up the DagBag from /home/ubuntu/airflow_venv/lib/python3.12/site-packages/airflow/example_dags/example_short_circuit_operator.py
[2024-11-20T00:54:39.887+0000] {processor.py:925} INFO - DAG(s) 'example_short_circuit_operator' retrieved from /home/ubuntu/airflow_venv/lib/python3.12/site-packages/airflow/example_dags/example_short_circuit_operator.py
[2024-11-20T00:54:39.905+0000] {logging_mixin.py:190} INFO - [2024-11-20T00:54:39.905+0000] {dag.py:3239} INFO - Sync 1 DAGs
[2024-11-20T00:54:39.917+0000] {logging_mixin.py:190} INFO - [2024-11-20T00:54:39.917+0000] {dag.py:4180} INFO - Setting next_dagrun for example_short_circuit_operator to None, run_after=None
[2024-11-20T00:54:39.940+0000] {processor.py:208} INFO - Processing /home/ubuntu/airflow_venv/lib/python3.12/site-packages/airflow/example_dags/example_short_circuit_operator.py took 0.072 seconds
[2024-11-20T00:55:33.562+0000] {processor.py:186} INFO - Started process (PID=5454) to work on /home/ubuntu/airflow_venv/lib/python3.12/site-packages/airflow/example_dags/example_short_circuit_operator.py
[2024-11-20T00:55:33.564+0000] {processor.py:914} INFO - Processing file /home/ubuntu/airflow_venv/lib/python3.12/site-packages/airflow/example_dags/example_short_circuit_operator.py for tasks to queue
[2024-11-20T00:55:33.565+0000] {logging_mixin.py:190} INFO - [2024-11-20T00:55:33.565+0000] {dagbag.py:588} INFO - Filling up the DagBag from /home/ubuntu/airflow_venv/lib/python3.12/site-packages/airflow/example_dags/example_short_circuit_operator.py
[2024-11-20T00:55:33.574+0000] {processor.py:925} INFO - DAG(s) 'example_short_circuit_operator' retrieved from /home/ubuntu/airflow_venv/lib/python3.12/site-packages/airflow/example_dags/example_short_circuit_operator.py
[2024-11-20T00:55:33.592+0000] {logging_mixin.py:190} INFO - [2024-11-20T00:55:33.592+0000] {dag.py:3239} INFO - Sync 1 DAGs
[2024-11-20T00:55:33.603+0000] {logging_mixin.py:190} INFO - [2024-11-20T00:55:33.603+0000] {dag.py:4180} INFO - Setting next_dagrun for example_short_circuit_operator to None, run_after=None
[2024-11-20T00:55:33.625+0000] {processor.py:208} INFO - Processing /home/ubuntu/airflow_venv/lib/python3.12/site-packages/airflow/example_dags/example_short_circuit_operator.py took 0.070 seconds
[2024-11-20T00:56:26.133+0000] {processor.py:186} INFO - Started process (PID=5509) to work on /home/ubuntu/airflow_venv/lib/python3.12/site-packages/airflow/example_dags/example_short_circuit_operator.py
[2024-11-20T00:56:26.135+0000] {processor.py:914} INFO - Processing file /home/ubuntu/airflow_venv/lib/python3.12/site-packages/airflow/example_dags/example_short_circuit_operator.py for tasks to queue
[2024-11-20T00:56:26.136+0000] {logging_mixin.py:190} INFO - [2024-11-20T00:56:26.136+0000] {dagbag.py:588} INFO - Filling up the DagBag from /home/ubuntu/airflow_venv/lib/python3.12/site-packages/airflow/example_dags/example_short_circuit_operator.py
[2024-11-20T00:56:26.145+0000] {processor.py:925} INFO - DAG(s) 'example_short_circuit_operator' retrieved from /home/ubuntu/airflow_venv/lib/python3.12/site-packages/airflow/example_dags/example_short_circuit_operator.py
[2024-11-20T00:56:26.162+0000] {logging_mixin.py:190} INFO - [2024-11-20T00:56:26.162+0000] {dag.py:3239} INFO - Sync 1 DAGs
[2024-11-20T00:56:26.174+0000] {logging_mixin.py:190} INFO - [2024-11-20T00:56:26.174+0000] {dag.py:4180} INFO - Setting next_dagrun for example_short_circuit_operator to None, run_after=None
[2024-11-20T00:56:26.196+0000] {processor.py:208} INFO - Processing /home/ubuntu/airflow_venv/lib/python3.12/site-packages/airflow/example_dags/example_short_circuit_operator.py took 0.070 seconds
[2024-11-20T00:57:19.246+0000] {processor.py:186} INFO - Started process (PID=5566) to work on /home/ubuntu/airflow_venv/lib/python3.12/site-packages/airflow/example_dags/example_short_circuit_operator.py
[2024-11-20T00:57:19.248+0000] {processor.py:914} INFO - Processing file /home/ubuntu/airflow_venv/lib/python3.12/site-packages/airflow/example_dags/example_short_circuit_operator.py for tasks to queue
[2024-11-20T00:57:19.250+0000] {logging_mixin.py:190} INFO - [2024-11-20T00:57:19.249+0000] {dagbag.py:588} INFO - Filling up the DagBag from /home/ubuntu/airflow_venv/lib/python3.12/site-packages/airflow/example_dags/example_short_circuit_operator.py
[2024-11-20T00:57:19.259+0000] {processor.py:925} INFO - DAG(s) 'example_short_circuit_operator' retrieved from /home/ubuntu/airflow_venv/lib/python3.12/site-packages/airflow/example_dags/example_short_circuit_operator.py
[2024-11-20T00:57:19.276+0000] {logging_mixin.py:190} INFO - [2024-11-20T00:57:19.276+0000] {dag.py:3239} INFO - Sync 1 DAGs
[2024-11-20T00:57:19.288+0000] {logging_mixin.py:190} INFO - [2024-11-20T00:57:19.287+0000] {dag.py:4180} INFO - Setting next_dagrun for example_short_circuit_operator to None, run_after=None
[2024-11-20T00:57:19.309+0000] {processor.py:208} INFO - Processing /home/ubuntu/airflow_venv/lib/python3.12/site-packages/airflow/example_dags/example_short_circuit_operator.py took 0.071 seconds
[2024-11-20T00:58:11.543+0000] {processor.py:186} INFO - Started process (PID=5621) to work on /home/ubuntu/airflow_venv/lib/python3.12/site-packages/airflow/example_dags/example_short_circuit_operator.py
[2024-11-20T00:58:11.544+0000] {processor.py:914} INFO - Processing file /home/ubuntu/airflow_venv/lib/python3.12/site-packages/airflow/example_dags/example_short_circuit_operator.py for tasks to queue
[2024-11-20T00:58:11.546+0000] {logging_mixin.py:190} INFO - [2024-11-20T00:58:11.545+0000] {dagbag.py:588} INFO - Filling up the DagBag from /home/ubuntu/airflow_venv/lib/python3.12/site-packages/airflow/example_dags/example_short_circuit_operator.py
[2024-11-20T00:58:11.554+0000] {processor.py:925} INFO - DAG(s) 'example_short_circuit_operator' retrieved from /home/ubuntu/airflow_venv/lib/python3.12/site-packages/airflow/example_dags/example_short_circuit_operator.py
[2024-11-20T00:58:11.571+0000] {logging_mixin.py:190} INFO - [2024-11-20T00:58:11.571+0000] {dag.py:3239} INFO - Sync 1 DAGs
[2024-11-20T00:58:11.584+0000] {logging_mixin.py:190} INFO - [2024-11-20T00:58:11.583+0000] {dag.py:4180} INFO - Setting next_dagrun for example_short_circuit_operator to None, run_after=None
[2024-11-20T00:58:11.606+0000] {processor.py:208} INFO - Processing /home/ubuntu/airflow_venv/lib/python3.12/site-packages/airflow/example_dags/example_short_circuit_operator.py took 0.070 seconds
[2024-11-20T00:59:04.630+0000] {processor.py:186} INFO - Started process (PID=5680) to work on /home/ubuntu/airflow_venv/lib/python3.12/site-packages/airflow/example_dags/example_short_circuit_operator.py
[2024-11-20T00:59:04.632+0000] {processor.py:914} INFO - Processing file /home/ubuntu/airflow_venv/lib/python3.12/site-packages/airflow/example_dags/example_short_circuit_operator.py for tasks to queue
[2024-11-20T00:59:04.635+0000] {logging_mixin.py:190} INFO - [2024-11-20T00:59:04.632+0000] {dagbag.py:588} INFO - Filling up the DagBag from /home/ubuntu/airflow_venv/lib/python3.12/site-packages/airflow/example_dags/example_short_circuit_operator.py
[2024-11-20T00:59:04.648+0000] {processor.py:925} INFO - DAG(s) 'example_short_circuit_operator' retrieved from /home/ubuntu/airflow_venv/lib/python3.12/site-packages/airflow/example_dags/example_short_circuit_operator.py
[2024-11-20T00:59:04.667+0000] {logging_mixin.py:190} INFO - [2024-11-20T00:59:04.666+0000] {dag.py:3239} INFO - Sync 1 DAGs
[2024-11-20T00:59:04.678+0000] {logging_mixin.py:190} INFO - [2024-11-20T00:59:04.678+0000] {dag.py:4180} INFO - Setting next_dagrun for example_short_circuit_operator to None, run_after=None
[2024-11-20T00:59:04.701+0000] {processor.py:208} INFO - Processing /home/ubuntu/airflow_venv/lib/python3.12/site-packages/airflow/example_dags/example_short_circuit_operator.py took 0.079 seconds
[2024-11-20T01:00:00.483+0000] {processor.py:186} INFO - Started process (PID=5736) to work on /home/ubuntu/airflow_venv/lib/python3.12/site-packages/airflow/example_dags/example_short_circuit_operator.py
[2024-11-20T01:00:00.486+0000] {processor.py:914} INFO - Processing file /home/ubuntu/airflow_venv/lib/python3.12/site-packages/airflow/example_dags/example_short_circuit_operator.py for tasks to queue
[2024-11-20T01:00:00.487+0000] {logging_mixin.py:190} INFO - [2024-11-20T01:00:00.486+0000] {dagbag.py:588} INFO - Filling up the DagBag from /home/ubuntu/airflow_venv/lib/python3.12/site-packages/airflow/example_dags/example_short_circuit_operator.py
[2024-11-20T01:00:00.495+0000] {processor.py:925} INFO - DAG(s) 'example_short_circuit_operator' retrieved from /home/ubuntu/airflow_venv/lib/python3.12/site-packages/airflow/example_dags/example_short_circuit_operator.py
[2024-11-20T01:00:00.512+0000] {logging_mixin.py:190} INFO - [2024-11-20T01:00:00.512+0000] {dag.py:3239} INFO - Sync 1 DAGs
[2024-11-20T01:00:00.525+0000] {logging_mixin.py:190} INFO - [2024-11-20T01:00:00.524+0000] {dag.py:4180} INFO - Setting next_dagrun for example_short_circuit_operator to None, run_after=None
[2024-11-20T01:00:00.548+0000] {processor.py:208} INFO - Processing /home/ubuntu/airflow_venv/lib/python3.12/site-packages/airflow/example_dags/example_short_circuit_operator.py took 0.072 seconds
[2024-11-20T01:00:55.027+0000] {processor.py:186} INFO - Started process (PID=5795) to work on /home/ubuntu/airflow_venv/lib/python3.12/site-packages/airflow/example_dags/example_short_circuit_operator.py
[2024-11-20T01:00:55.029+0000] {processor.py:914} INFO - Processing file /home/ubuntu/airflow_venv/lib/python3.12/site-packages/airflow/example_dags/example_short_circuit_operator.py for tasks to queue
[2024-11-20T01:00:55.029+0000] {logging_mixin.py:190} INFO - [2024-11-20T01:00:55.029+0000] {dagbag.py:588} INFO - Filling up the DagBag from /home/ubuntu/airflow_venv/lib/python3.12/site-packages/airflow/example_dags/example_short_circuit_operator.py
[2024-11-20T01:00:55.038+0000] {processor.py:925} INFO - DAG(s) 'example_short_circuit_operator' retrieved from /home/ubuntu/airflow_venv/lib/python3.12/site-packages/airflow/example_dags/example_short_circuit_operator.py
[2024-11-20T01:00:55.056+0000] {logging_mixin.py:190} INFO - [2024-11-20T01:00:55.056+0000] {dag.py:3239} INFO - Sync 1 DAGs
[2024-11-20T01:00:55.068+0000] {logging_mixin.py:190} INFO - [2024-11-20T01:00:55.067+0000] {dag.py:4180} INFO - Setting next_dagrun for example_short_circuit_operator to None, run_after=None
[2024-11-20T01:00:55.090+0000] {processor.py:208} INFO - Processing /home/ubuntu/airflow_venv/lib/python3.12/site-packages/airflow/example_dags/example_short_circuit_operator.py took 0.070 seconds
[2024-11-20T01:02:06.501+0000] {processor.py:186} INFO - Started process (PID=5875) to work on /home/ubuntu/airflow_venv/lib/python3.12/site-packages/airflow/example_dags/example_short_circuit_operator.py
[2024-11-20T01:02:06.503+0000] {processor.py:914} INFO - Processing file /home/ubuntu/airflow_venv/lib/python3.12/site-packages/airflow/example_dags/example_short_circuit_operator.py for tasks to queue
[2024-11-20T01:02:06.504+0000] {logging_mixin.py:190} INFO - [2024-11-20T01:02:06.504+0000] {dagbag.py:588} INFO - Filling up the DagBag from /home/ubuntu/airflow_venv/lib/python3.12/site-packages/airflow/example_dags/example_short_circuit_operator.py
[2024-11-20T01:02:06.512+0000] {processor.py:925} INFO - DAG(s) 'example_short_circuit_operator' retrieved from /home/ubuntu/airflow_venv/lib/python3.12/site-packages/airflow/example_dags/example_short_circuit_operator.py
[2024-11-20T01:02:06.532+0000] {logging_mixin.py:190} INFO - [2024-11-20T01:02:06.531+0000] {dag.py:3239} INFO - Sync 1 DAGs
[2024-11-20T01:02:06.543+0000] {logging_mixin.py:190} INFO - [2024-11-20T01:02:06.543+0000] {dag.py:4180} INFO - Setting next_dagrun for example_short_circuit_operator to None, run_after=None
[2024-11-20T01:02:06.564+0000] {processor.py:208} INFO - Processing /home/ubuntu/airflow_venv/lib/python3.12/site-packages/airflow/example_dags/example_short_circuit_operator.py took 0.071 seconds
[2024-11-20T01:03:02.998+0000] {processor.py:186} INFO - Started process (PID=5933) to work on /home/ubuntu/airflow_venv/lib/python3.12/site-packages/airflow/example_dags/example_short_circuit_operator.py
[2024-11-20T01:03:03.000+0000] {processor.py:914} INFO - Processing file /home/ubuntu/airflow_venv/lib/python3.12/site-packages/airflow/example_dags/example_short_circuit_operator.py for tasks to queue
[2024-11-20T01:03:03.001+0000] {logging_mixin.py:190} INFO - [2024-11-20T01:03:03.001+0000] {dagbag.py:588} INFO - Filling up the DagBag from /home/ubuntu/airflow_venv/lib/python3.12/site-packages/airflow/example_dags/example_short_circuit_operator.py
[2024-11-20T01:03:03.010+0000] {processor.py:925} INFO - DAG(s) 'example_short_circuit_operator' retrieved from /home/ubuntu/airflow_venv/lib/python3.12/site-packages/airflow/example_dags/example_short_circuit_operator.py
[2024-11-20T01:03:03.028+0000] {logging_mixin.py:190} INFO - [2024-11-20T01:03:03.028+0000] {dag.py:3239} INFO - Sync 1 DAGs
[2024-11-20T01:03:03.040+0000] {logging_mixin.py:190} INFO - [2024-11-20T01:03:03.040+0000] {dag.py:4180} INFO - Setting next_dagrun for example_short_circuit_operator to None, run_after=None
[2024-11-20T01:03:03.062+0000] {processor.py:208} INFO - Processing /home/ubuntu/airflow_venv/lib/python3.12/site-packages/airflow/example_dags/example_short_circuit_operator.py took 0.071 seconds
[2024-11-20T01:03:58.838+0000] {processor.py:186} INFO - Started process (PID=5990) to work on /home/ubuntu/airflow_venv/lib/python3.12/site-packages/airflow/example_dags/example_short_circuit_operator.py
[2024-11-20T01:03:58.839+0000] {processor.py:914} INFO - Processing file /home/ubuntu/airflow_venv/lib/python3.12/site-packages/airflow/example_dags/example_short_circuit_operator.py for tasks to queue
[2024-11-20T01:03:58.841+0000] {logging_mixin.py:190} INFO - [2024-11-20T01:03:58.841+0000] {dagbag.py:588} INFO - Filling up the DagBag from /home/ubuntu/airflow_venv/lib/python3.12/site-packages/airflow/example_dags/example_short_circuit_operator.py
[2024-11-20T01:03:58.850+0000] {processor.py:925} INFO - DAG(s) 'example_short_circuit_operator' retrieved from /home/ubuntu/airflow_venv/lib/python3.12/site-packages/airflow/example_dags/example_short_circuit_operator.py
[2024-11-20T01:03:58.868+0000] {logging_mixin.py:190} INFO - [2024-11-20T01:03:58.867+0000] {dag.py:3239} INFO - Sync 1 DAGs
[2024-11-20T01:03:58.880+0000] {logging_mixin.py:190} INFO - [2024-11-20T01:03:58.880+0000] {dag.py:4180} INFO - Setting next_dagrun for example_short_circuit_operator to None, run_after=None
[2024-11-20T01:03:58.901+0000] {processor.py:208} INFO - Processing /home/ubuntu/airflow_venv/lib/python3.12/site-packages/airflow/example_dags/example_short_circuit_operator.py took 0.070 seconds
[2024-11-20T01:04:54.211+0000] {processor.py:186} INFO - Started process (PID=6046) to work on /home/ubuntu/airflow_venv/lib/python3.12/site-packages/airflow/example_dags/example_short_circuit_operator.py
[2024-11-20T01:04:54.213+0000] {processor.py:914} INFO - Processing file /home/ubuntu/airflow_venv/lib/python3.12/site-packages/airflow/example_dags/example_short_circuit_operator.py for tasks to queue
[2024-11-20T01:04:54.214+0000] {logging_mixin.py:190} INFO - [2024-11-20T01:04:54.214+0000] {dagbag.py:588} INFO - Filling up the DagBag from /home/ubuntu/airflow_venv/lib/python3.12/site-packages/airflow/example_dags/example_short_circuit_operator.py
[2024-11-20T01:04:54.223+0000] {processor.py:925} INFO - DAG(s) 'example_short_circuit_operator' retrieved from /home/ubuntu/airflow_venv/lib/python3.12/site-packages/airflow/example_dags/example_short_circuit_operator.py
[2024-11-20T01:04:54.241+0000] {logging_mixin.py:190} INFO - [2024-11-20T01:04:54.241+0000] {dag.py:3239} INFO - Sync 1 DAGs
[2024-11-20T01:04:54.253+0000] {logging_mixin.py:190} INFO - [2024-11-20T01:04:54.253+0000] {dag.py:4180} INFO - Setting next_dagrun for example_short_circuit_operator to None, run_after=None
[2024-11-20T01:04:54.274+0000] {processor.py:208} INFO - Processing /home/ubuntu/airflow_venv/lib/python3.12/site-packages/airflow/example_dags/example_short_circuit_operator.py took 0.070 seconds
[2024-11-20T01:05:50.835+0000] {processor.py:186} INFO - Started process (PID=6108) to work on /home/ubuntu/airflow_venv/lib/python3.12/site-packages/airflow/example_dags/example_short_circuit_operator.py
[2024-11-20T01:05:50.836+0000] {processor.py:914} INFO - Processing file /home/ubuntu/airflow_venv/lib/python3.12/site-packages/airflow/example_dags/example_short_circuit_operator.py for tasks to queue
[2024-11-20T01:05:50.838+0000] {logging_mixin.py:190} INFO - [2024-11-20T01:05:50.837+0000] {dagbag.py:588} INFO - Filling up the DagBag from /home/ubuntu/airflow_venv/lib/python3.12/site-packages/airflow/example_dags/example_short_circuit_operator.py
[2024-11-20T01:05:50.846+0000] {processor.py:925} INFO - DAG(s) 'example_short_circuit_operator' retrieved from /home/ubuntu/airflow_venv/lib/python3.12/site-packages/airflow/example_dags/example_short_circuit_operator.py
[2024-11-20T01:05:50.864+0000] {logging_mixin.py:190} INFO - [2024-11-20T01:05:50.863+0000] {dag.py:3239} INFO - Sync 1 DAGs
[2024-11-20T01:05:50.876+0000] {logging_mixin.py:190} INFO - [2024-11-20T01:05:50.876+0000] {dag.py:4180} INFO - Setting next_dagrun for example_short_circuit_operator to None, run_after=None
[2024-11-20T01:05:50.897+0000] {processor.py:208} INFO - Processing /home/ubuntu/airflow_venv/lib/python3.12/site-packages/airflow/example_dags/example_short_circuit_operator.py took 0.070 seconds
[2024-11-20T01:06:42.844+0000] {processor.py:186} INFO - Started process (PID=6162) to work on /home/ubuntu/airflow_venv/lib/python3.12/site-packages/airflow/example_dags/example_short_circuit_operator.py
[2024-11-20T01:06:42.846+0000] {processor.py:914} INFO - Processing file /home/ubuntu/airflow_venv/lib/python3.12/site-packages/airflow/example_dags/example_short_circuit_operator.py for tasks to queue
[2024-11-20T01:06:42.847+0000] {logging_mixin.py:190} INFO - [2024-11-20T01:06:42.846+0000] {dagbag.py:588} INFO - Filling up the DagBag from /home/ubuntu/airflow_venv/lib/python3.12/site-packages/airflow/example_dags/example_short_circuit_operator.py
[2024-11-20T01:06:42.856+0000] {processor.py:925} INFO - DAG(s) 'example_short_circuit_operator' retrieved from /home/ubuntu/airflow_venv/lib/python3.12/site-packages/airflow/example_dags/example_short_circuit_operator.py
[2024-11-20T01:06:42.873+0000] {logging_mixin.py:190} INFO - [2024-11-20T01:06:42.873+0000] {dag.py:3239} INFO - Sync 1 DAGs
[2024-11-20T01:06:42.885+0000] {logging_mixin.py:190} INFO - [2024-11-20T01:06:42.885+0000] {dag.py:4180} INFO - Setting next_dagrun for example_short_circuit_operator to None, run_after=None
[2024-11-20T01:06:42.908+0000] {processor.py:208} INFO - Processing /home/ubuntu/airflow_venv/lib/python3.12/site-packages/airflow/example_dags/example_short_circuit_operator.py took 0.071 seconds
[2024-11-20T01:07:34.913+0000] {processor.py:186} INFO - Started process (PID=6217) to work on /home/ubuntu/airflow_venv/lib/python3.12/site-packages/airflow/example_dags/example_short_circuit_operator.py
[2024-11-20T01:07:34.915+0000] {processor.py:914} INFO - Processing file /home/ubuntu/airflow_venv/lib/python3.12/site-packages/airflow/example_dags/example_short_circuit_operator.py for tasks to queue
[2024-11-20T01:07:34.916+0000] {logging_mixin.py:190} INFO - [2024-11-20T01:07:34.915+0000] {dagbag.py:588} INFO - Filling up the DagBag from /home/ubuntu/airflow_venv/lib/python3.12/site-packages/airflow/example_dags/example_short_circuit_operator.py
[2024-11-20T01:07:34.924+0000] {processor.py:925} INFO - DAG(s) 'example_short_circuit_operator' retrieved from /home/ubuntu/airflow_venv/lib/python3.12/site-packages/airflow/example_dags/example_short_circuit_operator.py
[2024-11-20T01:07:34.944+0000] {logging_mixin.py:190} INFO - [2024-11-20T01:07:34.944+0000] {dag.py:3239} INFO - Sync 1 DAGs
[2024-11-20T01:07:34.956+0000] {logging_mixin.py:190} INFO - [2024-11-20T01:07:34.956+0000] {dag.py:4180} INFO - Setting next_dagrun for example_short_circuit_operator to None, run_after=None
[2024-11-20T01:07:34.977+0000] {processor.py:208} INFO - Processing /home/ubuntu/airflow_venv/lib/python3.12/site-packages/airflow/example_dags/example_short_circuit_operator.py took 0.071 seconds
[2024-11-20T01:08:28.711+0000] {processor.py:186} INFO - Started process (PID=6271) to work on /home/ubuntu/airflow_venv/lib/python3.12/site-packages/airflow/example_dags/example_short_circuit_operator.py
[2024-11-20T01:08:28.712+0000] {processor.py:914} INFO - Processing file /home/ubuntu/airflow_venv/lib/python3.12/site-packages/airflow/example_dags/example_short_circuit_operator.py for tasks to queue
[2024-11-20T01:08:28.714+0000] {logging_mixin.py:190} INFO - [2024-11-20T01:08:28.714+0000] {dagbag.py:588} INFO - Filling up the DagBag from /home/ubuntu/airflow_venv/lib/python3.12/site-packages/airflow/example_dags/example_short_circuit_operator.py
[2024-11-20T01:08:28.723+0000] {processor.py:925} INFO - DAG(s) 'example_short_circuit_operator' retrieved from /home/ubuntu/airflow_venv/lib/python3.12/site-packages/airflow/example_dags/example_short_circuit_operator.py
[2024-11-20T01:08:28.739+0000] {logging_mixin.py:190} INFO - [2024-11-20T01:08:28.739+0000] {dag.py:3239} INFO - Sync 1 DAGs
[2024-11-20T01:08:28.752+0000] {logging_mixin.py:190} INFO - [2024-11-20T01:08:28.752+0000] {dag.py:4180} INFO - Setting next_dagrun for example_short_circuit_operator to None, run_after=None
[2024-11-20T01:08:28.775+0000] {processor.py:208} INFO - Processing /home/ubuntu/airflow_venv/lib/python3.12/site-packages/airflow/example_dags/example_short_circuit_operator.py took 0.071 seconds
[2024-11-20T01:09:26.065+0000] {processor.py:186} INFO - Started process (PID=6328) to work on /home/ubuntu/airflow_venv/lib/python3.12/site-packages/airflow/example_dags/example_short_circuit_operator.py
[2024-11-20T01:09:26.067+0000] {processor.py:914} INFO - Processing file /home/ubuntu/airflow_venv/lib/python3.12/site-packages/airflow/example_dags/example_short_circuit_operator.py for tasks to queue
[2024-11-20T01:09:26.069+0000] {logging_mixin.py:190} INFO - [2024-11-20T01:09:26.067+0000] {dagbag.py:588} INFO - Filling up the DagBag from /home/ubuntu/airflow_venv/lib/python3.12/site-packages/airflow/example_dags/example_short_circuit_operator.py
[2024-11-20T01:09:26.077+0000] {processor.py:925} INFO - DAG(s) 'example_short_circuit_operator' retrieved from /home/ubuntu/airflow_venv/lib/python3.12/site-packages/airflow/example_dags/example_short_circuit_operator.py
[2024-11-20T01:09:26.094+0000] {logging_mixin.py:190} INFO - [2024-11-20T01:09:26.094+0000] {dag.py:3239} INFO - Sync 1 DAGs
[2024-11-20T01:09:26.106+0000] {logging_mixin.py:190} INFO - [2024-11-20T01:09:26.105+0000] {dag.py:4180} INFO - Setting next_dagrun for example_short_circuit_operator to None, run_after=None
[2024-11-20T01:09:26.128+0000] {processor.py:208} INFO - Processing /home/ubuntu/airflow_venv/lib/python3.12/site-packages/airflow/example_dags/example_short_circuit_operator.py took 0.070 seconds
[2024-11-20T01:10:24.597+0000] {processor.py:186} INFO - Started process (PID=6392) to work on /home/ubuntu/airflow_venv/lib/python3.12/site-packages/airflow/example_dags/example_short_circuit_operator.py
[2024-11-20T01:10:24.598+0000] {processor.py:914} INFO - Processing file /home/ubuntu/airflow_venv/lib/python3.12/site-packages/airflow/example_dags/example_short_circuit_operator.py for tasks to queue
[2024-11-20T01:10:24.599+0000] {logging_mixin.py:190} INFO - [2024-11-20T01:10:24.599+0000] {dagbag.py:588} INFO - Filling up the DagBag from /home/ubuntu/airflow_venv/lib/python3.12/site-packages/airflow/example_dags/example_short_circuit_operator.py
[2024-11-20T01:10:24.609+0000] {processor.py:925} INFO - DAG(s) 'example_short_circuit_operator' retrieved from /home/ubuntu/airflow_venv/lib/python3.12/site-packages/airflow/example_dags/example_short_circuit_operator.py
[2024-11-20T01:10:24.627+0000] {logging_mixin.py:190} INFO - [2024-11-20T01:10:24.627+0000] {dag.py:3239} INFO - Sync 1 DAGs
[2024-11-20T01:10:24.639+0000] {logging_mixin.py:190} INFO - [2024-11-20T01:10:24.639+0000] {dag.py:4180} INFO - Setting next_dagrun for example_short_circuit_operator to None, run_after=None
[2024-11-20T01:10:24.661+0000] {processor.py:208} INFO - Processing /home/ubuntu/airflow_venv/lib/python3.12/site-packages/airflow/example_dags/example_short_circuit_operator.py took 0.071 seconds
[2024-11-20T01:11:17.904+0000] {processor.py:186} INFO - Started process (PID=6447) to work on /home/ubuntu/airflow_venv/lib/python3.12/site-packages/airflow/example_dags/example_short_circuit_operator.py
[2024-11-20T01:11:17.905+0000] {processor.py:914} INFO - Processing file /home/ubuntu/airflow_venv/lib/python3.12/site-packages/airflow/example_dags/example_short_circuit_operator.py for tasks to queue
[2024-11-20T01:11:17.906+0000] {logging_mixin.py:190} INFO - [2024-11-20T01:11:17.906+0000] {dagbag.py:588} INFO - Filling up the DagBag from /home/ubuntu/airflow_venv/lib/python3.12/site-packages/airflow/example_dags/example_short_circuit_operator.py
[2024-11-20T01:11:17.916+0000] {processor.py:925} INFO - DAG(s) 'example_short_circuit_operator' retrieved from /home/ubuntu/airflow_venv/lib/python3.12/site-packages/airflow/example_dags/example_short_circuit_operator.py
[2024-11-20T01:11:17.933+0000] {logging_mixin.py:190} INFO - [2024-11-20T01:11:17.933+0000] {dag.py:3239} INFO - Sync 1 DAGs
[2024-11-20T01:11:17.945+0000] {logging_mixin.py:190} INFO - [2024-11-20T01:11:17.945+0000] {dag.py:4180} INFO - Setting next_dagrun for example_short_circuit_operator to None, run_after=None
[2024-11-20T01:11:17.967+0000] {processor.py:208} INFO - Processing /home/ubuntu/airflow_venv/lib/python3.12/site-packages/airflow/example_dags/example_short_circuit_operator.py took 0.070 seconds
[2024-11-20T01:12:12.011+0000] {processor.py:186} INFO - Started process (PID=6504) to work on /home/ubuntu/airflow_venv/lib/python3.12/site-packages/airflow/example_dags/example_short_circuit_operator.py
[2024-11-20T01:12:12.013+0000] {processor.py:914} INFO - Processing file /home/ubuntu/airflow_venv/lib/python3.12/site-packages/airflow/example_dags/example_short_circuit_operator.py for tasks to queue
[2024-11-20T01:12:12.014+0000] {logging_mixin.py:190} INFO - [2024-11-20T01:12:12.013+0000] {dagbag.py:588} INFO - Filling up the DagBag from /home/ubuntu/airflow_venv/lib/python3.12/site-packages/airflow/example_dags/example_short_circuit_operator.py
[2024-11-20T01:12:12.022+0000] {processor.py:925} INFO - DAG(s) 'example_short_circuit_operator' retrieved from /home/ubuntu/airflow_venv/lib/python3.12/site-packages/airflow/example_dags/example_short_circuit_operator.py
[2024-11-20T01:12:12.040+0000] {logging_mixin.py:190} INFO - [2024-11-20T01:12:12.040+0000] {dag.py:3239} INFO - Sync 1 DAGs
[2024-11-20T01:12:12.053+0000] {logging_mixin.py:190} INFO - [2024-11-20T01:12:12.053+0000] {dag.py:4180} INFO - Setting next_dagrun for example_short_circuit_operator to None, run_after=None
[2024-11-20T01:12:12.076+0000] {processor.py:208} INFO - Processing /home/ubuntu/airflow_venv/lib/python3.12/site-packages/airflow/example_dags/example_short_circuit_operator.py took 0.073 seconds
[2024-11-20T01:13:06.185+0000] {processor.py:186} INFO - Started process (PID=6558) to work on /home/ubuntu/airflow_venv/lib/python3.12/site-packages/airflow/example_dags/example_short_circuit_operator.py
[2024-11-20T01:13:06.187+0000] {processor.py:914} INFO - Processing file /home/ubuntu/airflow_venv/lib/python3.12/site-packages/airflow/example_dags/example_short_circuit_operator.py for tasks to queue
[2024-11-20T01:13:06.188+0000] {logging_mixin.py:190} INFO - [2024-11-20T01:13:06.188+0000] {dagbag.py:588} INFO - Filling up the DagBag from /home/ubuntu/airflow_venv/lib/python3.12/site-packages/airflow/example_dags/example_short_circuit_operator.py
[2024-11-20T01:13:06.197+0000] {processor.py:925} INFO - DAG(s) 'example_short_circuit_operator' retrieved from /home/ubuntu/airflow_venv/lib/python3.12/site-packages/airflow/example_dags/example_short_circuit_operator.py
[2024-11-20T01:13:06.215+0000] {logging_mixin.py:190} INFO - [2024-11-20T01:13:06.215+0000] {dag.py:3239} INFO - Sync 1 DAGs
[2024-11-20T01:13:06.227+0000] {logging_mixin.py:190} INFO - [2024-11-20T01:13:06.226+0000] {dag.py:4180} INFO - Setting next_dagrun for example_short_circuit_operator to None, run_after=None
[2024-11-20T01:13:06.248+0000] {processor.py:208} INFO - Processing /home/ubuntu/airflow_venv/lib/python3.12/site-packages/airflow/example_dags/example_short_circuit_operator.py took 0.071 seconds
