[2024-11-20T00:16:39.422+0000] {processor.py:186} INFO - Started process (PID=2054) to work on /home/ubuntu/airflow_venv/lib/python3.12/site-packages/airflow/example_dags/example_dynamic_task_mapping.py
[2024-11-20T00:16:39.423+0000] {processor.py:914} INFO - Processing file /home/ubuntu/airflow_venv/lib/python3.12/site-packages/airflow/example_dags/example_dynamic_task_mapping.py for tasks to queue
[2024-11-20T00:16:39.425+0000] {logging_mixin.py:190} INFO - [2024-11-20T00:16:39.424+0000] {dagbag.py:588} INFO - Filling up the DagBag from /home/ubuntu/airflow_venv/lib/python3.12/site-packages/airflow/example_dags/example_dynamic_task_mapping.py
[2024-11-20T00:16:39.434+0000] {processor.py:925} INFO - DAG(s) 'example_dynamic_task_mapping' retrieved from /home/ubuntu/airflow_venv/lib/python3.12/site-packages/airflow/example_dags/example_dynamic_task_mapping.py
[2024-11-20T00:16:39.458+0000] {logging_mixin.py:190} INFO - [2024-11-20T00:16:39.458+0000] {dag.py:3239} INFO - Sync 1 DAGs
[2024-11-20T00:16:39.478+0000] {logging_mixin.py:190} INFO - [2024-11-20T00:16:39.478+0000] {dag.py:4180} INFO - Setting next_dagrun for example_dynamic_task_mapping to None, run_after=None
[2024-11-20T00:16:39.518+0000] {processor.py:208} INFO - Processing /home/ubuntu/airflow_venv/lib/python3.12/site-packages/airflow/example_dags/example_dynamic_task_mapping.py took 0.101 seconds
[2024-11-20T00:17:39.040+0000] {processor.py:186} INFO - Started process (PID=2124) to work on /home/ubuntu/airflow_venv/lib/python3.12/site-packages/airflow/example_dags/example_dynamic_task_mapping.py
[2024-11-20T00:17:39.042+0000] {processor.py:914} INFO - Processing file /home/ubuntu/airflow_venv/lib/python3.12/site-packages/airflow/example_dags/example_dynamic_task_mapping.py for tasks to queue
[2024-11-20T00:17:39.044+0000] {logging_mixin.py:190} INFO - [2024-11-20T00:17:39.044+0000] {dagbag.py:588} INFO - Filling up the DagBag from /home/ubuntu/airflow_venv/lib/python3.12/site-packages/airflow/example_dags/example_dynamic_task_mapping.py
[2024-11-20T00:17:39.052+0000] {processor.py:925} INFO - DAG(s) 'example_dynamic_task_mapping' retrieved from /home/ubuntu/airflow_venv/lib/python3.12/site-packages/airflow/example_dags/example_dynamic_task_mapping.py
[2024-11-20T00:17:39.067+0000] {logging_mixin.py:190} INFO - [2024-11-20T00:17:39.067+0000] {dag.py:3239} INFO - Sync 1 DAGs
[2024-11-20T00:17:39.078+0000] {logging_mixin.py:190} INFO - [2024-11-20T00:17:39.078+0000] {dag.py:4180} INFO - Setting next_dagrun for example_dynamic_task_mapping to None, run_after=None
[2024-11-20T00:17:39.099+0000] {processor.py:208} INFO - Processing /home/ubuntu/airflow_venv/lib/python3.12/site-packages/airflow/example_dags/example_dynamic_task_mapping.py took 0.064 seconds
[2024-11-20T00:18:33.795+0000] {processor.py:186} INFO - Started process (PID=2182) to work on /home/ubuntu/airflow_venv/lib/python3.12/site-packages/airflow/example_dags/example_dynamic_task_mapping.py
[2024-11-20T00:18:33.796+0000] {processor.py:914} INFO - Processing file /home/ubuntu/airflow_venv/lib/python3.12/site-packages/airflow/example_dags/example_dynamic_task_mapping.py for tasks to queue
[2024-11-20T00:18:33.798+0000] {logging_mixin.py:190} INFO - [2024-11-20T00:18:33.798+0000] {dagbag.py:588} INFO - Filling up the DagBag from /home/ubuntu/airflow_venv/lib/python3.12/site-packages/airflow/example_dags/example_dynamic_task_mapping.py
[2024-11-20T00:18:33.807+0000] {processor.py:925} INFO - DAG(s) 'example_dynamic_task_mapping' retrieved from /home/ubuntu/airflow_venv/lib/python3.12/site-packages/airflow/example_dags/example_dynamic_task_mapping.py
[2024-11-20T00:18:33.821+0000] {logging_mixin.py:190} INFO - [2024-11-20T00:18:33.821+0000] {dag.py:3239} INFO - Sync 1 DAGs
[2024-11-20T00:18:33.833+0000] {logging_mixin.py:190} INFO - [2024-11-20T00:18:33.833+0000] {dag.py:4180} INFO - Setting next_dagrun for example_dynamic_task_mapping to None, run_after=None
[2024-11-20T00:18:33.855+0000] {processor.py:208} INFO - Processing /home/ubuntu/airflow_venv/lib/python3.12/site-packages/airflow/example_dags/example_dynamic_task_mapping.py took 0.066 seconds
[2024-11-20T00:19:30.014+0000] {processor.py:186} INFO - Started process (PID=2241) to work on /home/ubuntu/airflow_venv/lib/python3.12/site-packages/airflow/example_dags/example_dynamic_task_mapping.py
[2024-11-20T00:19:30.016+0000] {processor.py:914} INFO - Processing file /home/ubuntu/airflow_venv/lib/python3.12/site-packages/airflow/example_dags/example_dynamic_task_mapping.py for tasks to queue
[2024-11-20T00:19:30.018+0000] {logging_mixin.py:190} INFO - [2024-11-20T00:19:30.017+0000] {dagbag.py:588} INFO - Filling up the DagBag from /home/ubuntu/airflow_venv/lib/python3.12/site-packages/airflow/example_dags/example_dynamic_task_mapping.py
[2024-11-20T00:19:30.026+0000] {processor.py:925} INFO - DAG(s) 'example_dynamic_task_mapping' retrieved from /home/ubuntu/airflow_venv/lib/python3.12/site-packages/airflow/example_dags/example_dynamic_task_mapping.py
[2024-11-20T00:19:30.040+0000] {logging_mixin.py:190} INFO - [2024-11-20T00:19:30.040+0000] {dag.py:3239} INFO - Sync 1 DAGs
[2024-11-20T00:19:30.053+0000] {logging_mixin.py:190} INFO - [2024-11-20T00:19:30.053+0000] {dag.py:4180} INFO - Setting next_dagrun for example_dynamic_task_mapping to None, run_after=None
[2024-11-20T00:19:30.095+0000] {processor.py:208} INFO - Processing /home/ubuntu/airflow_venv/lib/python3.12/site-packages/airflow/example_dags/example_dynamic_task_mapping.py took 0.086 seconds
[2024-11-20T00:20:23.545+0000] {processor.py:186} INFO - Started process (PID=2296) to work on /home/ubuntu/airflow_venv/lib/python3.12/site-packages/airflow/example_dags/example_dynamic_task_mapping.py
[2024-11-20T00:20:23.546+0000] {processor.py:914} INFO - Processing file /home/ubuntu/airflow_venv/lib/python3.12/site-packages/airflow/example_dags/example_dynamic_task_mapping.py for tasks to queue
[2024-11-20T00:20:23.548+0000] {logging_mixin.py:190} INFO - [2024-11-20T00:20:23.548+0000] {dagbag.py:588} INFO - Filling up the DagBag from /home/ubuntu/airflow_venv/lib/python3.12/site-packages/airflow/example_dags/example_dynamic_task_mapping.py
[2024-11-20T00:20:23.557+0000] {processor.py:925} INFO - DAG(s) 'example_dynamic_task_mapping' retrieved from /home/ubuntu/airflow_venv/lib/python3.12/site-packages/airflow/example_dags/example_dynamic_task_mapping.py
[2024-11-20T00:20:23.572+0000] {logging_mixin.py:190} INFO - [2024-11-20T00:20:23.572+0000] {dag.py:3239} INFO - Sync 1 DAGs
[2024-11-20T00:20:23.584+0000] {logging_mixin.py:190} INFO - [2024-11-20T00:20:23.584+0000] {dag.py:4180} INFO - Setting next_dagrun for example_dynamic_task_mapping to None, run_after=None
[2024-11-20T00:20:23.604+0000] {processor.py:208} INFO - Processing /home/ubuntu/airflow_venv/lib/python3.12/site-packages/airflow/example_dags/example_dynamic_task_mapping.py took 0.065 seconds
[2024-11-20T00:21:19.769+0000] {processor.py:186} INFO - Started process (PID=2354) to work on /home/ubuntu/airflow_venv/lib/python3.12/site-packages/airflow/example_dags/example_dynamic_task_mapping.py
[2024-11-20T00:21:19.771+0000] {processor.py:914} INFO - Processing file /home/ubuntu/airflow_venv/lib/python3.12/site-packages/airflow/example_dags/example_dynamic_task_mapping.py for tasks to queue
[2024-11-20T00:21:19.773+0000] {logging_mixin.py:190} INFO - [2024-11-20T00:21:19.772+0000] {dagbag.py:588} INFO - Filling up the DagBag from /home/ubuntu/airflow_venv/lib/python3.12/site-packages/airflow/example_dags/example_dynamic_task_mapping.py
[2024-11-20T00:21:19.781+0000] {processor.py:925} INFO - DAG(s) 'example_dynamic_task_mapping' retrieved from /home/ubuntu/airflow_venv/lib/python3.12/site-packages/airflow/example_dags/example_dynamic_task_mapping.py
[2024-11-20T00:21:19.919+0000] {logging_mixin.py:190} INFO - [2024-11-20T00:21:19.919+0000] {dag.py:3239} INFO - Sync 1 DAGs
[2024-11-20T00:21:19.927+0000] {logging_mixin.py:190} INFO - [2024-11-20T00:21:19.927+0000] {dag.py:4180} INFO - Setting next_dagrun for example_dynamic_task_mapping to None, run_after=None
[2024-11-20T00:21:19.946+0000] {processor.py:208} INFO - Processing /home/ubuntu/airflow_venv/lib/python3.12/site-packages/airflow/example_dags/example_dynamic_task_mapping.py took 0.182 seconds
[2024-11-20T00:22:20.623+0000] {processor.py:186} INFO - Started process (PID=2418) to work on /home/ubuntu/airflow_venv/lib/python3.12/site-packages/airflow/example_dags/example_dynamic_task_mapping.py
[2024-11-20T00:22:20.625+0000] {processor.py:914} INFO - Processing file /home/ubuntu/airflow_venv/lib/python3.12/site-packages/airflow/example_dags/example_dynamic_task_mapping.py for tasks to queue
[2024-11-20T00:22:20.627+0000] {logging_mixin.py:190} INFO - [2024-11-20T00:22:20.627+0000] {dagbag.py:588} INFO - Filling up the DagBag from /home/ubuntu/airflow_venv/lib/python3.12/site-packages/airflow/example_dags/example_dynamic_task_mapping.py
[2024-11-20T00:22:20.635+0000] {processor.py:925} INFO - DAG(s) 'example_dynamic_task_mapping' retrieved from /home/ubuntu/airflow_venv/lib/python3.12/site-packages/airflow/example_dags/example_dynamic_task_mapping.py
[2024-11-20T00:22:20.650+0000] {logging_mixin.py:190} INFO - [2024-11-20T00:22:20.650+0000] {dag.py:3239} INFO - Sync 1 DAGs
[2024-11-20T00:22:20.662+0000] {logging_mixin.py:190} INFO - [2024-11-20T00:22:20.662+0000] {dag.py:4180} INFO - Setting next_dagrun for example_dynamic_task_mapping to None, run_after=None
[2024-11-20T00:22:20.683+0000] {processor.py:208} INFO - Processing /home/ubuntu/airflow_venv/lib/python3.12/site-packages/airflow/example_dags/example_dynamic_task_mapping.py took 0.066 seconds
[2024-11-20T00:23:16.131+0000] {processor.py:186} INFO - Started process (PID=2474) to work on /home/ubuntu/airflow_venv/lib/python3.12/site-packages/airflow/example_dags/example_dynamic_task_mapping.py
[2024-11-20T00:23:16.133+0000] {processor.py:914} INFO - Processing file /home/ubuntu/airflow_venv/lib/python3.12/site-packages/airflow/example_dags/example_dynamic_task_mapping.py for tasks to queue
[2024-11-20T00:23:16.134+0000] {logging_mixin.py:190} INFO - [2024-11-20T00:23:16.134+0000] {dagbag.py:588} INFO - Filling up the DagBag from /home/ubuntu/airflow_venv/lib/python3.12/site-packages/airflow/example_dags/example_dynamic_task_mapping.py
[2024-11-20T00:23:16.144+0000] {processor.py:925} INFO - DAG(s) 'example_dynamic_task_mapping' retrieved from /home/ubuntu/airflow_venv/lib/python3.12/site-packages/airflow/example_dags/example_dynamic_task_mapping.py
[2024-11-20T00:23:16.158+0000] {logging_mixin.py:190} INFO - [2024-11-20T00:23:16.158+0000] {dag.py:3239} INFO - Sync 1 DAGs
[2024-11-20T00:23:16.169+0000] {logging_mixin.py:190} INFO - [2024-11-20T00:23:16.169+0000] {dag.py:4180} INFO - Setting next_dagrun for example_dynamic_task_mapping to None, run_after=None
[2024-11-20T00:23:16.192+0000] {processor.py:208} INFO - Processing /home/ubuntu/airflow_venv/lib/python3.12/site-packages/airflow/example_dags/example_dynamic_task_mapping.py took 0.067 seconds
[2024-11-20T00:24:11.230+0000] {processor.py:186} INFO - Started process (PID=2531) to work on /home/ubuntu/airflow_venv/lib/python3.12/site-packages/airflow/example_dags/example_dynamic_task_mapping.py
[2024-11-20T00:24:11.232+0000] {processor.py:914} INFO - Processing file /home/ubuntu/airflow_venv/lib/python3.12/site-packages/airflow/example_dags/example_dynamic_task_mapping.py for tasks to queue
[2024-11-20T00:24:11.234+0000] {logging_mixin.py:190} INFO - [2024-11-20T00:24:11.234+0000] {dagbag.py:588} INFO - Filling up the DagBag from /home/ubuntu/airflow_venv/lib/python3.12/site-packages/airflow/example_dags/example_dynamic_task_mapping.py
[2024-11-20T00:24:11.243+0000] {processor.py:925} INFO - DAG(s) 'example_dynamic_task_mapping' retrieved from /home/ubuntu/airflow_venv/lib/python3.12/site-packages/airflow/example_dags/example_dynamic_task_mapping.py
[2024-11-20T00:24:11.259+0000] {logging_mixin.py:190} INFO - [2024-11-20T00:24:11.258+0000] {dag.py:3239} INFO - Sync 1 DAGs
[2024-11-20T00:24:11.270+0000] {logging_mixin.py:190} INFO - [2024-11-20T00:24:11.270+0000] {dag.py:4180} INFO - Setting next_dagrun for example_dynamic_task_mapping to None, run_after=None
[2024-11-20T00:24:11.292+0000] {processor.py:208} INFO - Processing /home/ubuntu/airflow_venv/lib/python3.12/site-packages/airflow/example_dags/example_dynamic_task_mapping.py took 0.066 seconds
[2024-11-20T00:25:05.413+0000] {processor.py:186} INFO - Started process (PID=2590) to work on /home/ubuntu/airflow_venv/lib/python3.12/site-packages/airflow/example_dags/example_dynamic_task_mapping.py
[2024-11-20T00:25:05.414+0000] {processor.py:914} INFO - Processing file /home/ubuntu/airflow_venv/lib/python3.12/site-packages/airflow/example_dags/example_dynamic_task_mapping.py for tasks to queue
[2024-11-20T00:25:05.416+0000] {logging_mixin.py:190} INFO - [2024-11-20T00:25:05.415+0000] {dagbag.py:588} INFO - Filling up the DagBag from /home/ubuntu/airflow_venv/lib/python3.12/site-packages/airflow/example_dags/example_dynamic_task_mapping.py
[2024-11-20T00:25:05.426+0000] {processor.py:925} INFO - DAG(s) 'example_dynamic_task_mapping' retrieved from /home/ubuntu/airflow_venv/lib/python3.12/site-packages/airflow/example_dags/example_dynamic_task_mapping.py
[2024-11-20T00:25:05.440+0000] {logging_mixin.py:190} INFO - [2024-11-20T00:25:05.440+0000] {dag.py:3239} INFO - Sync 1 DAGs
[2024-11-20T00:25:05.453+0000] {logging_mixin.py:190} INFO - [2024-11-20T00:25:05.453+0000] {dag.py:4180} INFO - Setting next_dagrun for example_dynamic_task_mapping to None, run_after=None
[2024-11-20T00:25:05.475+0000] {processor.py:208} INFO - Processing /home/ubuntu/airflow_venv/lib/python3.12/site-packages/airflow/example_dags/example_dynamic_task_mapping.py took 0.068 seconds
[2024-11-20T00:25:58.576+0000] {processor.py:186} INFO - Started process (PID=2646) to work on /home/ubuntu/airflow_venv/lib/python3.12/site-packages/airflow/example_dags/example_dynamic_task_mapping.py
[2024-11-20T00:25:58.577+0000] {processor.py:914} INFO - Processing file /home/ubuntu/airflow_venv/lib/python3.12/site-packages/airflow/example_dags/example_dynamic_task_mapping.py for tasks to queue
[2024-11-20T00:25:58.580+0000] {logging_mixin.py:190} INFO - [2024-11-20T00:25:58.579+0000] {dagbag.py:588} INFO - Filling up the DagBag from /home/ubuntu/airflow_venv/lib/python3.12/site-packages/airflow/example_dags/example_dynamic_task_mapping.py
[2024-11-20T00:25:58.588+0000] {processor.py:925} INFO - DAG(s) 'example_dynamic_task_mapping' retrieved from /home/ubuntu/airflow_venv/lib/python3.12/site-packages/airflow/example_dags/example_dynamic_task_mapping.py
[2024-11-20T00:25:58.603+0000] {logging_mixin.py:190} INFO - [2024-11-20T00:25:58.603+0000] {dag.py:3239} INFO - Sync 1 DAGs
[2024-11-20T00:25:58.615+0000] {logging_mixin.py:190} INFO - [2024-11-20T00:25:58.615+0000] {dag.py:4180} INFO - Setting next_dagrun for example_dynamic_task_mapping to None, run_after=None
[2024-11-20T00:25:58.636+0000] {processor.py:208} INFO - Processing /home/ubuntu/airflow_venv/lib/python3.12/site-packages/airflow/example_dags/example_dynamic_task_mapping.py took 0.066 seconds
[2024-11-20T00:27:12.982+0000] {processor.py:186} INFO - Started process (PID=2742) to work on /home/ubuntu/airflow_venv/lib/python3.12/site-packages/airflow/example_dags/example_dynamic_task_mapping.py
[2024-11-20T00:27:12.983+0000] {processor.py:914} INFO - Processing file /home/ubuntu/airflow_venv/lib/python3.12/site-packages/airflow/example_dags/example_dynamic_task_mapping.py for tasks to queue
[2024-11-20T00:27:12.985+0000] {logging_mixin.py:190} INFO - [2024-11-20T00:27:12.985+0000] {dagbag.py:588} INFO - Filling up the DagBag from /home/ubuntu/airflow_venv/lib/python3.12/site-packages/airflow/example_dags/example_dynamic_task_mapping.py
[2024-11-20T00:27:12.994+0000] {processor.py:925} INFO - DAG(s) 'example_dynamic_task_mapping' retrieved from /home/ubuntu/airflow_venv/lib/python3.12/site-packages/airflow/example_dags/example_dynamic_task_mapping.py
[2024-11-20T00:27:13.010+0000] {logging_mixin.py:190} INFO - [2024-11-20T00:27:13.008+0000] {dag.py:3239} INFO - Sync 1 DAGs
[2024-11-20T00:27:13.020+0000] {logging_mixin.py:190} INFO - [2024-11-20T00:27:13.020+0000] {dag.py:4180} INFO - Setting next_dagrun for example_dynamic_task_mapping to None, run_after=None
[2024-11-20T00:27:13.042+0000] {processor.py:208} INFO - Processing /home/ubuntu/airflow_venv/lib/python3.12/site-packages/airflow/example_dags/example_dynamic_task_mapping.py took 0.065 seconds
[2024-11-20T00:28:16.546+0000] {processor.py:186} INFO - Started process (PID=2808) to work on /home/ubuntu/airflow_venv/lib/python3.12/site-packages/airflow/example_dags/example_dynamic_task_mapping.py
[2024-11-20T00:28:16.547+0000] {processor.py:914} INFO - Processing file /home/ubuntu/airflow_venv/lib/python3.12/site-packages/airflow/example_dags/example_dynamic_task_mapping.py for tasks to queue
[2024-11-20T00:28:16.549+0000] {logging_mixin.py:190} INFO - [2024-11-20T00:28:16.549+0000] {dagbag.py:588} INFO - Filling up the DagBag from /home/ubuntu/airflow_venv/lib/python3.12/site-packages/airflow/example_dags/example_dynamic_task_mapping.py
[2024-11-20T00:28:16.557+0000] {processor.py:925} INFO - DAG(s) 'example_dynamic_task_mapping' retrieved from /home/ubuntu/airflow_venv/lib/python3.12/site-packages/airflow/example_dags/example_dynamic_task_mapping.py
[2024-11-20T00:28:16.573+0000] {logging_mixin.py:190} INFO - [2024-11-20T00:28:16.573+0000] {dag.py:3239} INFO - Sync 1 DAGs
[2024-11-20T00:28:16.584+0000] {logging_mixin.py:190} INFO - [2024-11-20T00:28:16.584+0000] {dag.py:4180} INFO - Setting next_dagrun for example_dynamic_task_mapping to None, run_after=None
[2024-11-20T00:28:16.606+0000] {processor.py:208} INFO - Processing /home/ubuntu/airflow_venv/lib/python3.12/site-packages/airflow/example_dags/example_dynamic_task_mapping.py took 0.067 seconds
[2024-11-20T00:29:15.745+0000] {processor.py:186} INFO - Started process (PID=2996) to work on /home/ubuntu/airflow_venv/lib/python3.12/site-packages/airflow/example_dags/example_dynamic_task_mapping.py
[2024-11-20T00:29:15.746+0000] {processor.py:914} INFO - Processing file /home/ubuntu/airflow_venv/lib/python3.12/site-packages/airflow/example_dags/example_dynamic_task_mapping.py for tasks to queue
[2024-11-20T00:29:15.747+0000] {logging_mixin.py:190} INFO - [2024-11-20T00:29:15.746+0000] {dagbag.py:588} INFO - Filling up the DagBag from /home/ubuntu/airflow_venv/lib/python3.12/site-packages/airflow/example_dags/example_dynamic_task_mapping.py
[2024-11-20T00:29:15.756+0000] {processor.py:925} INFO - DAG(s) 'example_dynamic_task_mapping' retrieved from /home/ubuntu/airflow_venv/lib/python3.12/site-packages/airflow/example_dags/example_dynamic_task_mapping.py
[2024-11-20T00:29:15.770+0000] {logging_mixin.py:190} INFO - [2024-11-20T00:29:15.770+0000] {dag.py:3239} INFO - Sync 1 DAGs
[2024-11-20T00:29:15.783+0000] {logging_mixin.py:190} INFO - [2024-11-20T00:29:15.782+0000] {dag.py:4180} INFO - Setting next_dagrun for example_dynamic_task_mapping to None, run_after=None
[2024-11-20T00:29:15.803+0000] {processor.py:208} INFO - Processing /home/ubuntu/airflow_venv/lib/python3.12/site-packages/airflow/example_dags/example_dynamic_task_mapping.py took 0.064 seconds
[2024-11-20T00:30:16.415+0000] {processor.py:186} INFO - Started process (PID=3059) to work on /home/ubuntu/airflow_venv/lib/python3.12/site-packages/airflow/example_dags/example_dynamic_task_mapping.py
[2024-11-20T00:30:16.417+0000] {processor.py:914} INFO - Processing file /home/ubuntu/airflow_venv/lib/python3.12/site-packages/airflow/example_dags/example_dynamic_task_mapping.py for tasks to queue
[2024-11-20T00:30:16.418+0000] {logging_mixin.py:190} INFO - [2024-11-20T00:30:16.418+0000] {dagbag.py:588} INFO - Filling up the DagBag from /home/ubuntu/airflow_venv/lib/python3.12/site-packages/airflow/example_dags/example_dynamic_task_mapping.py
[2024-11-20T00:30:16.427+0000] {processor.py:925} INFO - DAG(s) 'example_dynamic_task_mapping' retrieved from /home/ubuntu/airflow_venv/lib/python3.12/site-packages/airflow/example_dags/example_dynamic_task_mapping.py
[2024-11-20T00:30:16.441+0000] {logging_mixin.py:190} INFO - [2024-11-20T00:30:16.441+0000] {dag.py:3239} INFO - Sync 1 DAGs
[2024-11-20T00:30:16.453+0000] {logging_mixin.py:190} INFO - [2024-11-20T00:30:16.453+0000] {dag.py:4180} INFO - Setting next_dagrun for example_dynamic_task_mapping to None, run_after=None
[2024-11-20T00:30:16.476+0000] {processor.py:208} INFO - Processing /home/ubuntu/airflow_venv/lib/python3.12/site-packages/airflow/example_dags/example_dynamic_task_mapping.py took 0.066 seconds
[2024-11-20T00:31:10.809+0000] {processor.py:186} INFO - Started process (PID=3173) to work on /home/ubuntu/airflow_venv/lib/python3.12/site-packages/airflow/example_dags/example_dynamic_task_mapping.py
[2024-11-20T00:31:10.811+0000] {processor.py:914} INFO - Processing file /home/ubuntu/airflow_venv/lib/python3.12/site-packages/airflow/example_dags/example_dynamic_task_mapping.py for tasks to queue
[2024-11-20T00:31:10.812+0000] {logging_mixin.py:190} INFO - [2024-11-20T00:31:10.811+0000] {dagbag.py:588} INFO - Filling up the DagBag from /home/ubuntu/airflow_venv/lib/python3.12/site-packages/airflow/example_dags/example_dynamic_task_mapping.py
[2024-11-20T00:31:10.820+0000] {processor.py:925} INFO - DAG(s) 'example_dynamic_task_mapping' retrieved from /home/ubuntu/airflow_venv/lib/python3.12/site-packages/airflow/example_dags/example_dynamic_task_mapping.py
[2024-11-20T00:31:10.835+0000] {logging_mixin.py:190} INFO - [2024-11-20T00:31:10.835+0000] {dag.py:3239} INFO - Sync 1 DAGs
[2024-11-20T00:31:10.848+0000] {logging_mixin.py:190} INFO - [2024-11-20T00:31:10.848+0000] {dag.py:4180} INFO - Setting next_dagrun for example_dynamic_task_mapping to None, run_after=None
[2024-11-20T00:31:10.871+0000] {processor.py:208} INFO - Processing /home/ubuntu/airflow_venv/lib/python3.12/site-packages/airflow/example_dags/example_dynamic_task_mapping.py took 0.068 seconds
[2024-11-20T00:32:05.629+0000] {processor.py:186} INFO - Started process (PID=3313) to work on /home/ubuntu/airflow_venv/lib/python3.12/site-packages/airflow/example_dags/example_dynamic_task_mapping.py
[2024-11-20T00:32:05.630+0000] {processor.py:914} INFO - Processing file /home/ubuntu/airflow_venv/lib/python3.12/site-packages/airflow/example_dags/example_dynamic_task_mapping.py for tasks to queue
[2024-11-20T00:32:05.632+0000] {logging_mixin.py:190} INFO - [2024-11-20T00:32:05.631+0000] {dagbag.py:588} INFO - Filling up the DagBag from /home/ubuntu/airflow_venv/lib/python3.12/site-packages/airflow/example_dags/example_dynamic_task_mapping.py
[2024-11-20T00:32:05.640+0000] {processor.py:925} INFO - DAG(s) 'example_dynamic_task_mapping' retrieved from /home/ubuntu/airflow_venv/lib/python3.12/site-packages/airflow/example_dags/example_dynamic_task_mapping.py
[2024-11-20T00:32:05.655+0000] {logging_mixin.py:190} INFO - [2024-11-20T00:32:05.655+0000] {dag.py:3239} INFO - Sync 1 DAGs
[2024-11-20T00:32:05.667+0000] {logging_mixin.py:190} INFO - [2024-11-20T00:32:05.667+0000] {dag.py:4180} INFO - Setting next_dagrun for example_dynamic_task_mapping to None, run_after=None
[2024-11-20T00:32:05.689+0000] {processor.py:208} INFO - Processing /home/ubuntu/airflow_venv/lib/python3.12/site-packages/airflow/example_dags/example_dynamic_task_mapping.py took 0.066 seconds
[2024-11-20T00:32:59.945+0000] {processor.py:186} INFO - Started process (PID=3784) to work on /home/ubuntu/airflow_venv/lib/python3.12/site-packages/airflow/example_dags/example_dynamic_task_mapping.py
[2024-11-20T00:32:59.948+0000] {processor.py:914} INFO - Processing file /home/ubuntu/airflow_venv/lib/python3.12/site-packages/airflow/example_dags/example_dynamic_task_mapping.py for tasks to queue
[2024-11-20T00:32:59.949+0000] {logging_mixin.py:190} INFO - [2024-11-20T00:32:59.949+0000] {dagbag.py:588} INFO - Filling up the DagBag from /home/ubuntu/airflow_venv/lib/python3.12/site-packages/airflow/example_dags/example_dynamic_task_mapping.py
[2024-11-20T00:32:59.958+0000] {processor.py:925} INFO - DAG(s) 'example_dynamic_task_mapping' retrieved from /home/ubuntu/airflow_venv/lib/python3.12/site-packages/airflow/example_dags/example_dynamic_task_mapping.py
[2024-11-20T00:32:59.974+0000] {logging_mixin.py:190} INFO - [2024-11-20T00:32:59.974+0000] {dag.py:3239} INFO - Sync 1 DAGs
[2024-11-20T00:32:59.986+0000] {logging_mixin.py:190} INFO - [2024-11-20T00:32:59.986+0000] {dag.py:4180} INFO - Setting next_dagrun for example_dynamic_task_mapping to None, run_after=None
[2024-11-20T00:33:00.008+0000] {processor.py:208} INFO - Processing /home/ubuntu/airflow_venv/lib/python3.12/site-packages/airflow/example_dags/example_dynamic_task_mapping.py took 0.068 seconds
[2024-11-20T00:34:04.534+0000] {processor.py:186} INFO - Started process (PID=4011) to work on /home/ubuntu/airflow_venv/lib/python3.12/site-packages/airflow/example_dags/example_dynamic_task_mapping.py
[2024-11-20T00:34:04.536+0000] {processor.py:914} INFO - Processing file /home/ubuntu/airflow_venv/lib/python3.12/site-packages/airflow/example_dags/example_dynamic_task_mapping.py for tasks to queue
[2024-11-20T00:34:04.538+0000] {logging_mixin.py:190} INFO - [2024-11-20T00:34:04.538+0000] {dagbag.py:588} INFO - Filling up the DagBag from /home/ubuntu/airflow_venv/lib/python3.12/site-packages/airflow/example_dags/example_dynamic_task_mapping.py
[2024-11-20T00:34:04.545+0000] {processor.py:925} INFO - DAG(s) 'example_dynamic_task_mapping' retrieved from /home/ubuntu/airflow_venv/lib/python3.12/site-packages/airflow/example_dags/example_dynamic_task_mapping.py
[2024-11-20T00:34:04.561+0000] {logging_mixin.py:190} INFO - [2024-11-20T00:34:04.561+0000] {dag.py:3239} INFO - Sync 1 DAGs
[2024-11-20T00:34:04.573+0000] {logging_mixin.py:190} INFO - [2024-11-20T00:34:04.573+0000] {dag.py:4180} INFO - Setting next_dagrun for example_dynamic_task_mapping to None, run_after=None
[2024-11-20T00:34:04.596+0000] {processor.py:208} INFO - Processing /home/ubuntu/airflow_venv/lib/python3.12/site-packages/airflow/example_dags/example_dynamic_task_mapping.py took 0.070 seconds
[2024-11-20T00:35:02.904+0000] {processor.py:186} INFO - Started process (PID=4098) to work on /home/ubuntu/airflow_venv/lib/python3.12/site-packages/airflow/example_dags/example_dynamic_task_mapping.py
[2024-11-20T00:35:02.906+0000] {processor.py:914} INFO - Processing file /home/ubuntu/airflow_venv/lib/python3.12/site-packages/airflow/example_dags/example_dynamic_task_mapping.py for tasks to queue
[2024-11-20T00:35:02.908+0000] {logging_mixin.py:190} INFO - [2024-11-20T00:35:02.907+0000] {dagbag.py:588} INFO - Filling up the DagBag from /home/ubuntu/airflow_venv/lib/python3.12/site-packages/airflow/example_dags/example_dynamic_task_mapping.py
[2024-11-20T00:35:02.916+0000] {processor.py:925} INFO - DAG(s) 'example_dynamic_task_mapping' retrieved from /home/ubuntu/airflow_venv/lib/python3.12/site-packages/airflow/example_dags/example_dynamic_task_mapping.py
[2024-11-20T00:35:02.934+0000] {logging_mixin.py:190} INFO - [2024-11-20T00:35:02.933+0000] {dag.py:3239} INFO - Sync 1 DAGs
[2024-11-20T00:35:02.946+0000] {logging_mixin.py:190} INFO - [2024-11-20T00:35:02.946+0000] {dag.py:4180} INFO - Setting next_dagrun for example_dynamic_task_mapping to None, run_after=None
[2024-11-20T00:35:02.970+0000] {processor.py:208} INFO - Processing /home/ubuntu/airflow_venv/lib/python3.12/site-packages/airflow/example_dags/example_dynamic_task_mapping.py took 0.072 seconds
[2024-11-20T00:35:57.927+0000] {processor.py:186} INFO - Started process (PID=4156) to work on /home/ubuntu/airflow_venv/lib/python3.12/site-packages/airflow/example_dags/example_dynamic_task_mapping.py
[2024-11-20T00:35:57.929+0000] {processor.py:914} INFO - Processing file /home/ubuntu/airflow_venv/lib/python3.12/site-packages/airflow/example_dags/example_dynamic_task_mapping.py for tasks to queue
[2024-11-20T00:35:57.931+0000] {logging_mixin.py:190} INFO - [2024-11-20T00:35:57.930+0000] {dagbag.py:588} INFO - Filling up the DagBag from /home/ubuntu/airflow_venv/lib/python3.12/site-packages/airflow/example_dags/example_dynamic_task_mapping.py
[2024-11-20T00:35:57.938+0000] {processor.py:925} INFO - DAG(s) 'example_dynamic_task_mapping' retrieved from /home/ubuntu/airflow_venv/lib/python3.12/site-packages/airflow/example_dags/example_dynamic_task_mapping.py
[2024-11-20T00:35:57.954+0000] {logging_mixin.py:190} INFO - [2024-11-20T00:35:57.954+0000] {dag.py:3239} INFO - Sync 1 DAGs
[2024-11-20T00:35:57.966+0000] {logging_mixin.py:190} INFO - [2024-11-20T00:35:57.966+0000] {dag.py:4180} INFO - Setting next_dagrun for example_dynamic_task_mapping to None, run_after=None
[2024-11-20T00:35:57.987+0000] {processor.py:208} INFO - Processing /home/ubuntu/airflow_venv/lib/python3.12/site-packages/airflow/example_dags/example_dynamic_task_mapping.py took 0.067 seconds
[2024-11-20T00:36:51.266+0000] {processor.py:186} INFO - Started process (PID=4212) to work on /home/ubuntu/airflow_venv/lib/python3.12/site-packages/airflow/example_dags/example_dynamic_task_mapping.py
[2024-11-20T00:36:51.268+0000] {processor.py:914} INFO - Processing file /home/ubuntu/airflow_venv/lib/python3.12/site-packages/airflow/example_dags/example_dynamic_task_mapping.py for tasks to queue
[2024-11-20T00:36:51.270+0000] {logging_mixin.py:190} INFO - [2024-11-20T00:36:51.270+0000] {dagbag.py:588} INFO - Filling up the DagBag from /home/ubuntu/airflow_venv/lib/python3.12/site-packages/airflow/example_dags/example_dynamic_task_mapping.py
[2024-11-20T00:36:51.279+0000] {processor.py:925} INFO - DAG(s) 'example_dynamic_task_mapping' retrieved from /home/ubuntu/airflow_venv/lib/python3.12/site-packages/airflow/example_dags/example_dynamic_task_mapping.py
[2024-11-20T00:36:51.294+0000] {logging_mixin.py:190} INFO - [2024-11-20T00:36:51.294+0000] {dag.py:3239} INFO - Sync 1 DAGs
[2024-11-20T00:36:51.306+0000] {logging_mixin.py:190} INFO - [2024-11-20T00:36:51.306+0000] {dag.py:4180} INFO - Setting next_dagrun for example_dynamic_task_mapping to None, run_after=None
[2024-11-20T00:36:51.327+0000] {processor.py:208} INFO - Processing /home/ubuntu/airflow_venv/lib/python3.12/site-packages/airflow/example_dags/example_dynamic_task_mapping.py took 0.068 seconds
[2024-11-20T00:37:46.844+0000] {processor.py:186} INFO - Started process (PID=4269) to work on /home/ubuntu/airflow_venv/lib/python3.12/site-packages/airflow/example_dags/example_dynamic_task_mapping.py
[2024-11-20T00:37:46.846+0000] {processor.py:914} INFO - Processing file /home/ubuntu/airflow_venv/lib/python3.12/site-packages/airflow/example_dags/example_dynamic_task_mapping.py for tasks to queue
[2024-11-20T00:37:46.848+0000] {logging_mixin.py:190} INFO - [2024-11-20T00:37:46.848+0000] {dagbag.py:588} INFO - Filling up the DagBag from /home/ubuntu/airflow_venv/lib/python3.12/site-packages/airflow/example_dags/example_dynamic_task_mapping.py
[2024-11-20T00:37:46.856+0000] {processor.py:925} INFO - DAG(s) 'example_dynamic_task_mapping' retrieved from /home/ubuntu/airflow_venv/lib/python3.12/site-packages/airflow/example_dags/example_dynamic_task_mapping.py
[2024-11-20T00:37:46.870+0000] {logging_mixin.py:190} INFO - [2024-11-20T00:37:46.870+0000] {dag.py:3239} INFO - Sync 1 DAGs
[2024-11-20T00:37:46.882+0000] {logging_mixin.py:190} INFO - [2024-11-20T00:37:46.882+0000] {dag.py:4180} INFO - Setting next_dagrun for example_dynamic_task_mapping to None, run_after=None
[2024-11-20T00:37:46.902+0000] {processor.py:208} INFO - Processing /home/ubuntu/airflow_venv/lib/python3.12/site-packages/airflow/example_dags/example_dynamic_task_mapping.py took 0.064 seconds
[2024-11-20T00:38:43.417+0000] {processor.py:186} INFO - Started process (PID=4353) to work on /home/ubuntu/airflow_venv/lib/python3.12/site-packages/airflow/example_dags/example_dynamic_task_mapping.py
[2024-11-20T00:38:43.419+0000] {processor.py:914} INFO - Processing file /home/ubuntu/airflow_venv/lib/python3.12/site-packages/airflow/example_dags/example_dynamic_task_mapping.py for tasks to queue
[2024-11-20T00:38:43.421+0000] {logging_mixin.py:190} INFO - [2024-11-20T00:38:43.420+0000] {dagbag.py:588} INFO - Filling up the DagBag from /home/ubuntu/airflow_venv/lib/python3.12/site-packages/airflow/example_dags/example_dynamic_task_mapping.py
[2024-11-20T00:38:43.429+0000] {processor.py:925} INFO - DAG(s) 'example_dynamic_task_mapping' retrieved from /home/ubuntu/airflow_venv/lib/python3.12/site-packages/airflow/example_dags/example_dynamic_task_mapping.py
[2024-11-20T00:38:43.444+0000] {logging_mixin.py:190} INFO - [2024-11-20T00:38:43.444+0000] {dag.py:3239} INFO - Sync 1 DAGs
[2024-11-20T00:38:43.457+0000] {logging_mixin.py:190} INFO - [2024-11-20T00:38:43.457+0000] {dag.py:4180} INFO - Setting next_dagrun for example_dynamic_task_mapping to None, run_after=None
[2024-11-20T00:38:43.478+0000] {processor.py:208} INFO - Processing /home/ubuntu/airflow_venv/lib/python3.12/site-packages/airflow/example_dags/example_dynamic_task_mapping.py took 0.067 seconds
[2024-11-20T00:39:42.976+0000] {processor.py:186} INFO - Started process (PID=4420) to work on /home/ubuntu/airflow_venv/lib/python3.12/site-packages/airflow/example_dags/example_dynamic_task_mapping.py
[2024-11-20T00:39:42.978+0000] {processor.py:914} INFO - Processing file /home/ubuntu/airflow_venv/lib/python3.12/site-packages/airflow/example_dags/example_dynamic_task_mapping.py for tasks to queue
[2024-11-20T00:39:42.980+0000] {logging_mixin.py:190} INFO - [2024-11-20T00:39:42.980+0000] {dagbag.py:588} INFO - Filling up the DagBag from /home/ubuntu/airflow_venv/lib/python3.12/site-packages/airflow/example_dags/example_dynamic_task_mapping.py
[2024-11-20T00:39:42.988+0000] {processor.py:925} INFO - DAG(s) 'example_dynamic_task_mapping' retrieved from /home/ubuntu/airflow_venv/lib/python3.12/site-packages/airflow/example_dags/example_dynamic_task_mapping.py
[2024-11-20T00:39:43.003+0000] {logging_mixin.py:190} INFO - [2024-11-20T00:39:43.002+0000] {dag.py:3239} INFO - Sync 1 DAGs
[2024-11-20T00:39:43.015+0000] {logging_mixin.py:190} INFO - [2024-11-20T00:39:43.015+0000] {dag.py:4180} INFO - Setting next_dagrun for example_dynamic_task_mapping to None, run_after=None
[2024-11-20T00:39:43.037+0000] {processor.py:208} INFO - Processing /home/ubuntu/airflow_venv/lib/python3.12/site-packages/airflow/example_dags/example_dynamic_task_mapping.py took 0.067 seconds
[2024-11-20T00:40:42.652+0000] {processor.py:186} INFO - Started process (PID=4510) to work on /home/ubuntu/airflow_venv/lib/python3.12/site-packages/airflow/example_dags/example_dynamic_task_mapping.py
[2024-11-20T00:40:42.653+0000] {processor.py:914} INFO - Processing file /home/ubuntu/airflow_venv/lib/python3.12/site-packages/airflow/example_dags/example_dynamic_task_mapping.py for tasks to queue
[2024-11-20T00:40:42.655+0000] {logging_mixin.py:190} INFO - [2024-11-20T00:40:42.654+0000] {dagbag.py:588} INFO - Filling up the DagBag from /home/ubuntu/airflow_venv/lib/python3.12/site-packages/airflow/example_dags/example_dynamic_task_mapping.py
[2024-11-20T00:40:42.663+0000] {processor.py:925} INFO - DAG(s) 'example_dynamic_task_mapping' retrieved from /home/ubuntu/airflow_venv/lib/python3.12/site-packages/airflow/example_dags/example_dynamic_task_mapping.py
[2024-11-20T00:40:42.679+0000] {logging_mixin.py:190} INFO - [2024-11-20T00:40:42.679+0000] {dag.py:3239} INFO - Sync 1 DAGs
[2024-11-20T00:40:42.693+0000] {logging_mixin.py:190} INFO - [2024-11-20T00:40:42.692+0000] {dag.py:4180} INFO - Setting next_dagrun for example_dynamic_task_mapping to None, run_after=None
[2024-11-20T00:40:42.723+0000] {processor.py:208} INFO - Processing /home/ubuntu/airflow_venv/lib/python3.12/site-packages/airflow/example_dags/example_dynamic_task_mapping.py took 0.078 seconds
[2024-11-20T00:41:36.080+0000] {processor.py:186} INFO - Started process (PID=4566) to work on /home/ubuntu/airflow_venv/lib/python3.12/site-packages/airflow/example_dags/example_dynamic_task_mapping.py
[2024-11-20T00:41:36.082+0000] {processor.py:914} INFO - Processing file /home/ubuntu/airflow_venv/lib/python3.12/site-packages/airflow/example_dags/example_dynamic_task_mapping.py for tasks to queue
[2024-11-20T00:41:36.083+0000] {logging_mixin.py:190} INFO - [2024-11-20T00:41:36.083+0000] {dagbag.py:588} INFO - Filling up the DagBag from /home/ubuntu/airflow_venv/lib/python3.12/site-packages/airflow/example_dags/example_dynamic_task_mapping.py
[2024-11-20T00:41:36.092+0000] {processor.py:925} INFO - DAG(s) 'example_dynamic_task_mapping' retrieved from /home/ubuntu/airflow_venv/lib/python3.12/site-packages/airflow/example_dags/example_dynamic_task_mapping.py
[2024-11-20T00:41:36.105+0000] {logging_mixin.py:190} INFO - [2024-11-20T00:41:36.105+0000] {dag.py:3239} INFO - Sync 1 DAGs
[2024-11-20T00:41:36.117+0000] {logging_mixin.py:190} INFO - [2024-11-20T00:41:36.117+0000] {dag.py:4180} INFO - Setting next_dagrun for example_dynamic_task_mapping to None, run_after=None
[2024-11-20T00:41:36.138+0000] {processor.py:208} INFO - Processing /home/ubuntu/airflow_venv/lib/python3.12/site-packages/airflow/example_dags/example_dynamic_task_mapping.py took 0.065 seconds
[2024-11-20T00:42:27.973+0000] {processor.py:186} INFO - Started process (PID=4620) to work on /home/ubuntu/airflow_venv/lib/python3.12/site-packages/airflow/example_dags/example_dynamic_task_mapping.py
[2024-11-20T00:42:27.975+0000] {processor.py:914} INFO - Processing file /home/ubuntu/airflow_venv/lib/python3.12/site-packages/airflow/example_dags/example_dynamic_task_mapping.py for tasks to queue
[2024-11-20T00:42:27.977+0000] {logging_mixin.py:190} INFO - [2024-11-20T00:42:27.976+0000] {dagbag.py:588} INFO - Filling up the DagBag from /home/ubuntu/airflow_venv/lib/python3.12/site-packages/airflow/example_dags/example_dynamic_task_mapping.py
[2024-11-20T00:42:27.984+0000] {processor.py:925} INFO - DAG(s) 'example_dynamic_task_mapping' retrieved from /home/ubuntu/airflow_venv/lib/python3.12/site-packages/airflow/example_dags/example_dynamic_task_mapping.py
[2024-11-20T00:42:28.000+0000] {logging_mixin.py:190} INFO - [2024-11-20T00:42:28.000+0000] {dag.py:3239} INFO - Sync 1 DAGs
[2024-11-20T00:42:28.012+0000] {logging_mixin.py:190} INFO - [2024-11-20T00:42:28.011+0000] {dag.py:4180} INFO - Setting next_dagrun for example_dynamic_task_mapping to None, run_after=None
[2024-11-20T00:42:28.035+0000] {processor.py:208} INFO - Processing /home/ubuntu/airflow_venv/lib/python3.12/site-packages/airflow/example_dags/example_dynamic_task_mapping.py took 0.068 seconds
[2024-11-20T00:43:26.823+0000] {processor.py:186} INFO - Started process (PID=4680) to work on /home/ubuntu/airflow_venv/lib/python3.12/site-packages/airflow/example_dags/example_dynamic_task_mapping.py
[2024-11-20T00:43:26.824+0000] {processor.py:914} INFO - Processing file /home/ubuntu/airflow_venv/lib/python3.12/site-packages/airflow/example_dags/example_dynamic_task_mapping.py for tasks to queue
[2024-11-20T00:43:26.825+0000] {logging_mixin.py:190} INFO - [2024-11-20T00:43:26.825+0000] {dagbag.py:588} INFO - Filling up the DagBag from /home/ubuntu/airflow_venv/lib/python3.12/site-packages/airflow/example_dags/example_dynamic_task_mapping.py
[2024-11-20T00:43:26.834+0000] {processor.py:925} INFO - DAG(s) 'example_dynamic_task_mapping' retrieved from /home/ubuntu/airflow_venv/lib/python3.12/site-packages/airflow/example_dags/example_dynamic_task_mapping.py
[2024-11-20T00:43:26.850+0000] {logging_mixin.py:190} INFO - [2024-11-20T00:43:26.849+0000] {dag.py:3239} INFO - Sync 1 DAGs
[2024-11-20T00:43:26.862+0000] {logging_mixin.py:190} INFO - [2024-11-20T00:43:26.861+0000] {dag.py:4180} INFO - Setting next_dagrun for example_dynamic_task_mapping to None, run_after=None
[2024-11-20T00:43:26.884+0000] {processor.py:208} INFO - Processing /home/ubuntu/airflow_venv/lib/python3.12/site-packages/airflow/example_dags/example_dynamic_task_mapping.py took 0.068 seconds
[2024-11-20T00:44:20.956+0000] {processor.py:186} INFO - Started process (PID=4737) to work on /home/ubuntu/airflow_venv/lib/python3.12/site-packages/airflow/example_dags/example_dynamic_task_mapping.py
[2024-11-20T00:44:20.957+0000] {processor.py:914} INFO - Processing file /home/ubuntu/airflow_venv/lib/python3.12/site-packages/airflow/example_dags/example_dynamic_task_mapping.py for tasks to queue
[2024-11-20T00:44:20.959+0000] {logging_mixin.py:190} INFO - [2024-11-20T00:44:20.959+0000] {dagbag.py:588} INFO - Filling up the DagBag from /home/ubuntu/airflow_venv/lib/python3.12/site-packages/airflow/example_dags/example_dynamic_task_mapping.py
[2024-11-20T00:44:20.967+0000] {processor.py:925} INFO - DAG(s) 'example_dynamic_task_mapping' retrieved from /home/ubuntu/airflow_venv/lib/python3.12/site-packages/airflow/example_dags/example_dynamic_task_mapping.py
[2024-11-20T00:44:20.989+0000] {logging_mixin.py:190} INFO - [2024-11-20T00:44:20.989+0000] {dag.py:3239} INFO - Sync 1 DAGs
[2024-11-20T00:44:21.001+0000] {logging_mixin.py:190} INFO - [2024-11-20T00:44:21.001+0000] {dag.py:4180} INFO - Setting next_dagrun for example_dynamic_task_mapping to None, run_after=None
[2024-11-20T00:44:21.023+0000] {processor.py:208} INFO - Processing /home/ubuntu/airflow_venv/lib/python3.12/site-packages/airflow/example_dags/example_dynamic_task_mapping.py took 0.073 seconds
[2024-11-20T00:45:14.264+0000] {processor.py:186} INFO - Started process (PID=4795) to work on /home/ubuntu/airflow_venv/lib/python3.12/site-packages/airflow/example_dags/example_dynamic_task_mapping.py
[2024-11-20T00:45:14.266+0000] {processor.py:914} INFO - Processing file /home/ubuntu/airflow_venv/lib/python3.12/site-packages/airflow/example_dags/example_dynamic_task_mapping.py for tasks to queue
[2024-11-20T00:45:14.267+0000] {logging_mixin.py:190} INFO - [2024-11-20T00:45:14.267+0000] {dagbag.py:588} INFO - Filling up the DagBag from /home/ubuntu/airflow_venv/lib/python3.12/site-packages/airflow/example_dags/example_dynamic_task_mapping.py
[2024-11-20T00:45:14.276+0000] {processor.py:925} INFO - DAG(s) 'example_dynamic_task_mapping' retrieved from /home/ubuntu/airflow_venv/lib/python3.12/site-packages/airflow/example_dags/example_dynamic_task_mapping.py
[2024-11-20T00:45:14.292+0000] {logging_mixin.py:190} INFO - [2024-11-20T00:45:14.292+0000] {dag.py:3239} INFO - Sync 1 DAGs
[2024-11-20T00:45:14.304+0000] {logging_mixin.py:190} INFO - [2024-11-20T00:45:14.304+0000] {dag.py:4180} INFO - Setting next_dagrun for example_dynamic_task_mapping to None, run_after=None
[2024-11-20T00:45:14.326+0000] {processor.py:208} INFO - Processing /home/ubuntu/airflow_venv/lib/python3.12/site-packages/airflow/example_dags/example_dynamic_task_mapping.py took 0.069 seconds
[2024-11-20T00:46:09.397+0000] {processor.py:186} INFO - Started process (PID=4852) to work on /home/ubuntu/airflow_venv/lib/python3.12/site-packages/airflow/example_dags/example_dynamic_task_mapping.py
[2024-11-20T00:46:09.399+0000] {processor.py:914} INFO - Processing file /home/ubuntu/airflow_venv/lib/python3.12/site-packages/airflow/example_dags/example_dynamic_task_mapping.py for tasks to queue
[2024-11-20T00:46:09.401+0000] {logging_mixin.py:190} INFO - [2024-11-20T00:46:09.400+0000] {dagbag.py:588} INFO - Filling up the DagBag from /home/ubuntu/airflow_venv/lib/python3.12/site-packages/airflow/example_dags/example_dynamic_task_mapping.py
[2024-11-20T00:46:09.409+0000] {processor.py:925} INFO - DAG(s) 'example_dynamic_task_mapping' retrieved from /home/ubuntu/airflow_venv/lib/python3.12/site-packages/airflow/example_dags/example_dynamic_task_mapping.py
[2024-11-20T00:46:09.424+0000] {logging_mixin.py:190} INFO - [2024-11-20T00:46:09.424+0000] {dag.py:3239} INFO - Sync 1 DAGs
[2024-11-20T00:46:09.436+0000] {logging_mixin.py:190} INFO - [2024-11-20T00:46:09.435+0000] {dag.py:4180} INFO - Setting next_dagrun for example_dynamic_task_mapping to None, run_after=None
[2024-11-20T00:46:09.458+0000] {processor.py:208} INFO - Processing /home/ubuntu/airflow_venv/lib/python3.12/site-packages/airflow/example_dags/example_dynamic_task_mapping.py took 0.067 seconds
[2024-11-20T00:47:02.482+0000] {processor.py:186} INFO - Started process (PID=4907) to work on /home/ubuntu/airflow_venv/lib/python3.12/site-packages/airflow/example_dags/example_dynamic_task_mapping.py
[2024-11-20T00:47:02.485+0000] {processor.py:914} INFO - Processing file /home/ubuntu/airflow_venv/lib/python3.12/site-packages/airflow/example_dags/example_dynamic_task_mapping.py for tasks to queue
[2024-11-20T00:47:02.486+0000] {logging_mixin.py:190} INFO - [2024-11-20T00:47:02.486+0000] {dagbag.py:588} INFO - Filling up the DagBag from /home/ubuntu/airflow_venv/lib/python3.12/site-packages/airflow/example_dags/example_dynamic_task_mapping.py
[2024-11-20T00:47:02.494+0000] {processor.py:925} INFO - DAG(s) 'example_dynamic_task_mapping' retrieved from /home/ubuntu/airflow_venv/lib/python3.12/site-packages/airflow/example_dags/example_dynamic_task_mapping.py
[2024-11-20T00:47:02.509+0000] {logging_mixin.py:190} INFO - [2024-11-20T00:47:02.509+0000] {dag.py:3239} INFO - Sync 1 DAGs
[2024-11-20T00:47:02.521+0000] {logging_mixin.py:190} INFO - [2024-11-20T00:47:02.521+0000] {dag.py:4180} INFO - Setting next_dagrun for example_dynamic_task_mapping to None, run_after=None
[2024-11-20T00:47:02.544+0000] {processor.py:208} INFO - Processing /home/ubuntu/airflow_venv/lib/python3.12/site-packages/airflow/example_dags/example_dynamic_task_mapping.py took 0.068 seconds
[2024-11-20T00:47:55.569+0000] {processor.py:186} INFO - Started process (PID=4962) to work on /home/ubuntu/airflow_venv/lib/python3.12/site-packages/airflow/example_dags/example_dynamic_task_mapping.py
[2024-11-20T00:47:55.571+0000] {processor.py:914} INFO - Processing file /home/ubuntu/airflow_venv/lib/python3.12/site-packages/airflow/example_dags/example_dynamic_task_mapping.py for tasks to queue
[2024-11-20T00:47:55.572+0000] {logging_mixin.py:190} INFO - [2024-11-20T00:47:55.572+0000] {dagbag.py:588} INFO - Filling up the DagBag from /home/ubuntu/airflow_venv/lib/python3.12/site-packages/airflow/example_dags/example_dynamic_task_mapping.py
[2024-11-20T00:47:55.580+0000] {processor.py:925} INFO - DAG(s) 'example_dynamic_task_mapping' retrieved from /home/ubuntu/airflow_venv/lib/python3.12/site-packages/airflow/example_dags/example_dynamic_task_mapping.py
[2024-11-20T00:47:55.595+0000] {logging_mixin.py:190} INFO - [2024-11-20T00:47:55.595+0000] {dag.py:3239} INFO - Sync 1 DAGs
[2024-11-20T00:47:55.607+0000] {logging_mixin.py:190} INFO - [2024-11-20T00:47:55.607+0000] {dag.py:4180} INFO - Setting next_dagrun for example_dynamic_task_mapping to None, run_after=None
[2024-11-20T00:47:55.630+0000] {processor.py:208} INFO - Processing /home/ubuntu/airflow_venv/lib/python3.12/site-packages/airflow/example_dags/example_dynamic_task_mapping.py took 0.068 seconds
[2024-11-20T00:48:49.027+0000] {processor.py:186} INFO - Started process (PID=5016) to work on /home/ubuntu/airflow_venv/lib/python3.12/site-packages/airflow/example_dags/example_dynamic_task_mapping.py
[2024-11-20T00:48:49.028+0000] {processor.py:914} INFO - Processing file /home/ubuntu/airflow_venv/lib/python3.12/site-packages/airflow/example_dags/example_dynamic_task_mapping.py for tasks to queue
[2024-11-20T00:48:49.030+0000] {logging_mixin.py:190} INFO - [2024-11-20T00:48:49.029+0000] {dagbag.py:588} INFO - Filling up the DagBag from /home/ubuntu/airflow_venv/lib/python3.12/site-packages/airflow/example_dags/example_dynamic_task_mapping.py
[2024-11-20T00:48:49.038+0000] {processor.py:925} INFO - DAG(s) 'example_dynamic_task_mapping' retrieved from /home/ubuntu/airflow_venv/lib/python3.12/site-packages/airflow/example_dags/example_dynamic_task_mapping.py
[2024-11-20T00:48:49.053+0000] {logging_mixin.py:190} INFO - [2024-11-20T00:48:49.052+0000] {dag.py:3239} INFO - Sync 1 DAGs
[2024-11-20T00:48:49.064+0000] {logging_mixin.py:190} INFO - [2024-11-20T00:48:49.064+0000] {dag.py:4180} INFO - Setting next_dagrun for example_dynamic_task_mapping to None, run_after=None
[2024-11-20T00:48:49.087+0000] {processor.py:208} INFO - Processing /home/ubuntu/airflow_venv/lib/python3.12/site-packages/airflow/example_dags/example_dynamic_task_mapping.py took 0.067 seconds
[2024-11-20T00:49:44.047+0000] {processor.py:186} INFO - Started process (PID=5074) to work on /home/ubuntu/airflow_venv/lib/python3.12/site-packages/airflow/example_dags/example_dynamic_task_mapping.py
[2024-11-20T00:49:44.048+0000] {processor.py:914} INFO - Processing file /home/ubuntu/airflow_venv/lib/python3.12/site-packages/airflow/example_dags/example_dynamic_task_mapping.py for tasks to queue
[2024-11-20T00:49:44.050+0000] {logging_mixin.py:190} INFO - [2024-11-20T00:49:44.050+0000] {dagbag.py:588} INFO - Filling up the DagBag from /home/ubuntu/airflow_venv/lib/python3.12/site-packages/airflow/example_dags/example_dynamic_task_mapping.py
[2024-11-20T00:49:44.065+0000] {processor.py:925} INFO - DAG(s) 'example_dynamic_task_mapping' retrieved from /home/ubuntu/airflow_venv/lib/python3.12/site-packages/airflow/example_dags/example_dynamic_task_mapping.py
[2024-11-20T00:49:44.079+0000] {logging_mixin.py:190} INFO - [2024-11-20T00:49:44.079+0000] {dag.py:3239} INFO - Sync 1 DAGs
[2024-11-20T00:49:44.091+0000] {logging_mixin.py:190} INFO - [2024-11-20T00:49:44.091+0000] {dag.py:4180} INFO - Setting next_dagrun for example_dynamic_task_mapping to None, run_after=None
[2024-11-20T00:49:44.112+0000] {processor.py:208} INFO - Processing /home/ubuntu/airflow_venv/lib/python3.12/site-packages/airflow/example_dags/example_dynamic_task_mapping.py took 0.073 seconds
[2024-11-20T00:50:36.911+0000] {processor.py:186} INFO - Started process (PID=5133) to work on /home/ubuntu/airflow_venv/lib/python3.12/site-packages/airflow/example_dags/example_dynamic_task_mapping.py
[2024-11-20T00:50:36.913+0000] {processor.py:914} INFO - Processing file /home/ubuntu/airflow_venv/lib/python3.12/site-packages/airflow/example_dags/example_dynamic_task_mapping.py for tasks to queue
[2024-11-20T00:50:36.914+0000] {logging_mixin.py:190} INFO - [2024-11-20T00:50:36.914+0000] {dagbag.py:588} INFO - Filling up the DagBag from /home/ubuntu/airflow_venv/lib/python3.12/site-packages/airflow/example_dags/example_dynamic_task_mapping.py
[2024-11-20T00:50:36.923+0000] {processor.py:925} INFO - DAG(s) 'example_dynamic_task_mapping' retrieved from /home/ubuntu/airflow_venv/lib/python3.12/site-packages/airflow/example_dags/example_dynamic_task_mapping.py
[2024-11-20T00:50:36.938+0000] {logging_mixin.py:190} INFO - [2024-11-20T00:50:36.938+0000] {dag.py:3239} INFO - Sync 1 DAGs
[2024-11-20T00:50:36.949+0000] {logging_mixin.py:190} INFO - [2024-11-20T00:50:36.949+0000] {dag.py:4180} INFO - Setting next_dagrun for example_dynamic_task_mapping to None, run_after=None
[2024-11-20T00:50:36.982+0000] {processor.py:208} INFO - Processing /home/ubuntu/airflow_venv/lib/python3.12/site-packages/airflow/example_dags/example_dynamic_task_mapping.py took 0.077 seconds
[2024-11-20T00:51:32.877+0000] {processor.py:186} INFO - Started process (PID=5189) to work on /home/ubuntu/airflow_venv/lib/python3.12/site-packages/airflow/example_dags/example_dynamic_task_mapping.py
[2024-11-20T00:51:32.879+0000] {processor.py:914} INFO - Processing file /home/ubuntu/airflow_venv/lib/python3.12/site-packages/airflow/example_dags/example_dynamic_task_mapping.py for tasks to queue
[2024-11-20T00:51:32.881+0000] {logging_mixin.py:190} INFO - [2024-11-20T00:51:32.880+0000] {dagbag.py:588} INFO - Filling up the DagBag from /home/ubuntu/airflow_venv/lib/python3.12/site-packages/airflow/example_dags/example_dynamic_task_mapping.py
[2024-11-20T00:51:32.890+0000] {processor.py:925} INFO - DAG(s) 'example_dynamic_task_mapping' retrieved from /home/ubuntu/airflow_venv/lib/python3.12/site-packages/airflow/example_dags/example_dynamic_task_mapping.py
[2024-11-20T00:51:32.905+0000] {logging_mixin.py:190} INFO - [2024-11-20T00:51:32.905+0000] {dag.py:3239} INFO - Sync 1 DAGs
[2024-11-20T00:51:32.916+0000] {logging_mixin.py:190} INFO - [2024-11-20T00:51:32.916+0000] {dag.py:4180} INFO - Setting next_dagrun for example_dynamic_task_mapping to None, run_after=None
[2024-11-20T00:51:32.939+0000] {processor.py:208} INFO - Processing /home/ubuntu/airflow_venv/lib/python3.12/site-packages/airflow/example_dags/example_dynamic_task_mapping.py took 0.068 seconds
[2024-11-20T00:52:30.763+0000] {processor.py:186} INFO - Started process (PID=5249) to work on /home/ubuntu/airflow_venv/lib/python3.12/site-packages/airflow/example_dags/example_dynamic_task_mapping.py
[2024-11-20T00:52:30.765+0000] {processor.py:914} INFO - Processing file /home/ubuntu/airflow_venv/lib/python3.12/site-packages/airflow/example_dags/example_dynamic_task_mapping.py for tasks to queue
[2024-11-20T00:52:30.766+0000] {logging_mixin.py:190} INFO - [2024-11-20T00:52:30.765+0000] {dagbag.py:588} INFO - Filling up the DagBag from /home/ubuntu/airflow_venv/lib/python3.12/site-packages/airflow/example_dags/example_dynamic_task_mapping.py
[2024-11-20T00:52:30.775+0000] {processor.py:925} INFO - DAG(s) 'example_dynamic_task_mapping' retrieved from /home/ubuntu/airflow_venv/lib/python3.12/site-packages/airflow/example_dags/example_dynamic_task_mapping.py
[2024-11-20T00:52:30.790+0000] {logging_mixin.py:190} INFO - [2024-11-20T00:52:30.790+0000] {dag.py:3239} INFO - Sync 1 DAGs
[2024-11-20T00:52:30.803+0000] {logging_mixin.py:190} INFO - [2024-11-20T00:52:30.803+0000] {dag.py:4180} INFO - Setting next_dagrun for example_dynamic_task_mapping to None, run_after=None
[2024-11-20T00:52:30.824+0000] {processor.py:208} INFO - Processing /home/ubuntu/airflow_venv/lib/python3.12/site-packages/airflow/example_dags/example_dynamic_task_mapping.py took 0.067 seconds
[2024-11-20T00:53:27.786+0000] {processor.py:186} INFO - Started process (PID=5306) to work on /home/ubuntu/airflow_venv/lib/python3.12/site-packages/airflow/example_dags/example_dynamic_task_mapping.py
[2024-11-20T00:53:27.787+0000] {processor.py:914} INFO - Processing file /home/ubuntu/airflow_venv/lib/python3.12/site-packages/airflow/example_dags/example_dynamic_task_mapping.py for tasks to queue
[2024-11-20T00:53:27.789+0000] {logging_mixin.py:190} INFO - [2024-11-20T00:53:27.788+0000] {dagbag.py:588} INFO - Filling up the DagBag from /home/ubuntu/airflow_venv/lib/python3.12/site-packages/airflow/example_dags/example_dynamic_task_mapping.py
[2024-11-20T00:53:27.797+0000] {processor.py:925} INFO - DAG(s) 'example_dynamic_task_mapping' retrieved from /home/ubuntu/airflow_venv/lib/python3.12/site-packages/airflow/example_dags/example_dynamic_task_mapping.py
[2024-11-20T00:53:27.813+0000] {logging_mixin.py:190} INFO - [2024-11-20T00:53:27.812+0000] {dag.py:3239} INFO - Sync 1 DAGs
[2024-11-20T00:53:27.825+0000] {logging_mixin.py:190} INFO - [2024-11-20T00:53:27.825+0000] {dag.py:4180} INFO - Setting next_dagrun for example_dynamic_task_mapping to None, run_after=None
[2024-11-20T00:53:27.845+0000] {processor.py:208} INFO - Processing /home/ubuntu/airflow_venv/lib/python3.12/site-packages/airflow/example_dags/example_dynamic_task_mapping.py took 0.065 seconds
[2024-11-20T00:54:22.809+0000] {processor.py:186} INFO - Started process (PID=5376) to work on /home/ubuntu/airflow_venv/lib/python3.12/site-packages/airflow/example_dags/example_dynamic_task_mapping.py
[2024-11-20T00:54:22.810+0000] {processor.py:914} INFO - Processing file /home/ubuntu/airflow_venv/lib/python3.12/site-packages/airflow/example_dags/example_dynamic_task_mapping.py for tasks to queue
[2024-11-20T00:54:22.812+0000] {logging_mixin.py:190} INFO - [2024-11-20T00:54:22.811+0000] {dagbag.py:588} INFO - Filling up the DagBag from /home/ubuntu/airflow_venv/lib/python3.12/site-packages/airflow/example_dags/example_dynamic_task_mapping.py
[2024-11-20T00:54:22.821+0000] {processor.py:925} INFO - DAG(s) 'example_dynamic_task_mapping' retrieved from /home/ubuntu/airflow_venv/lib/python3.12/site-packages/airflow/example_dags/example_dynamic_task_mapping.py
[2024-11-20T00:54:22.840+0000] {logging_mixin.py:190} INFO - [2024-11-20T00:54:22.839+0000] {dag.py:3239} INFO - Sync 1 DAGs
[2024-11-20T00:54:22.854+0000] {logging_mixin.py:190} INFO - [2024-11-20T00:54:22.853+0000] {dag.py:4180} INFO - Setting next_dagrun for example_dynamic_task_mapping to None, run_after=None
[2024-11-20T00:54:22.873+0000] {processor.py:208} INFO - Processing /home/ubuntu/airflow_venv/lib/python3.12/site-packages/airflow/example_dags/example_dynamic_task_mapping.py took 0.070 seconds
[2024-11-20T00:55:14.632+0000] {processor.py:186} INFO - Started process (PID=5433) to work on /home/ubuntu/airflow_venv/lib/python3.12/site-packages/airflow/example_dags/example_dynamic_task_mapping.py
[2024-11-20T00:55:14.634+0000] {processor.py:914} INFO - Processing file /home/ubuntu/airflow_venv/lib/python3.12/site-packages/airflow/example_dags/example_dynamic_task_mapping.py for tasks to queue
[2024-11-20T00:55:14.636+0000] {logging_mixin.py:190} INFO - [2024-11-20T00:55:14.635+0000] {dagbag.py:588} INFO - Filling up the DagBag from /home/ubuntu/airflow_venv/lib/python3.12/site-packages/airflow/example_dags/example_dynamic_task_mapping.py
[2024-11-20T00:55:14.644+0000] {processor.py:925} INFO - DAG(s) 'example_dynamic_task_mapping' retrieved from /home/ubuntu/airflow_venv/lib/python3.12/site-packages/airflow/example_dags/example_dynamic_task_mapping.py
[2024-11-20T00:55:14.659+0000] {logging_mixin.py:190} INFO - [2024-11-20T00:55:14.658+0000] {dag.py:3239} INFO - Sync 1 DAGs
[2024-11-20T00:55:14.682+0000] {logging_mixin.py:190} INFO - [2024-11-20T00:55:14.681+0000] {dag.py:4180} INFO - Setting next_dagrun for example_dynamic_task_mapping to None, run_after=None
[2024-11-20T00:55:14.704+0000] {processor.py:208} INFO - Processing /home/ubuntu/airflow_venv/lib/python3.12/site-packages/airflow/example_dags/example_dynamic_task_mapping.py took 0.079 seconds
[2024-11-20T00:56:06.555+0000] {processor.py:186} INFO - Started process (PID=5489) to work on /home/ubuntu/airflow_venv/lib/python3.12/site-packages/airflow/example_dags/example_dynamic_task_mapping.py
[2024-11-20T00:56:06.556+0000] {processor.py:914} INFO - Processing file /home/ubuntu/airflow_venv/lib/python3.12/site-packages/airflow/example_dags/example_dynamic_task_mapping.py for tasks to queue
[2024-11-20T00:56:06.558+0000] {logging_mixin.py:190} INFO - [2024-11-20T00:56:06.558+0000] {dagbag.py:588} INFO - Filling up the DagBag from /home/ubuntu/airflow_venv/lib/python3.12/site-packages/airflow/example_dags/example_dynamic_task_mapping.py
[2024-11-20T00:56:06.567+0000] {processor.py:925} INFO - DAG(s) 'example_dynamic_task_mapping' retrieved from /home/ubuntu/airflow_venv/lib/python3.12/site-packages/airflow/example_dags/example_dynamic_task_mapping.py
[2024-11-20T00:56:06.581+0000] {logging_mixin.py:190} INFO - [2024-11-20T00:56:06.581+0000] {dag.py:3239} INFO - Sync 1 DAGs
[2024-11-20T00:56:06.593+0000] {logging_mixin.py:190} INFO - [2024-11-20T00:56:06.593+0000] {dag.py:4180} INFO - Setting next_dagrun for example_dynamic_task_mapping to None, run_after=None
[2024-11-20T00:56:06.616+0000] {processor.py:208} INFO - Processing /home/ubuntu/airflow_venv/lib/python3.12/site-packages/airflow/example_dags/example_dynamic_task_mapping.py took 0.068 seconds
[2024-11-20T00:57:01.504+0000] {processor.py:186} INFO - Started process (PID=5546) to work on /home/ubuntu/airflow_venv/lib/python3.12/site-packages/airflow/example_dags/example_dynamic_task_mapping.py
[2024-11-20T00:57:01.506+0000] {processor.py:914} INFO - Processing file /home/ubuntu/airflow_venv/lib/python3.12/site-packages/airflow/example_dags/example_dynamic_task_mapping.py for tasks to queue
[2024-11-20T00:57:01.508+0000] {logging_mixin.py:190} INFO - [2024-11-20T00:57:01.506+0000] {dagbag.py:588} INFO - Filling up the DagBag from /home/ubuntu/airflow_venv/lib/python3.12/site-packages/airflow/example_dags/example_dynamic_task_mapping.py
[2024-11-20T00:57:01.516+0000] {processor.py:925} INFO - DAG(s) 'example_dynamic_task_mapping' retrieved from /home/ubuntu/airflow_venv/lib/python3.12/site-packages/airflow/example_dags/example_dynamic_task_mapping.py
[2024-11-20T00:57:01.533+0000] {logging_mixin.py:190} INFO - [2024-11-20T00:57:01.532+0000] {dag.py:3239} INFO - Sync 1 DAGs
[2024-11-20T00:57:01.545+0000] {logging_mixin.py:190} INFO - [2024-11-20T00:57:01.545+0000] {dag.py:4180} INFO - Setting next_dagrun for example_dynamic_task_mapping to None, run_after=None
[2024-11-20T00:57:01.567+0000] {processor.py:208} INFO - Processing /home/ubuntu/airflow_venv/lib/python3.12/site-packages/airflow/example_dags/example_dynamic_task_mapping.py took 0.070 seconds
[2024-11-20T00:57:53.646+0000] {processor.py:186} INFO - Started process (PID=5601) to work on /home/ubuntu/airflow_venv/lib/python3.12/site-packages/airflow/example_dags/example_dynamic_task_mapping.py
[2024-11-20T00:57:53.647+0000] {processor.py:914} INFO - Processing file /home/ubuntu/airflow_venv/lib/python3.12/site-packages/airflow/example_dags/example_dynamic_task_mapping.py for tasks to queue
[2024-11-20T00:57:53.650+0000] {logging_mixin.py:190} INFO - [2024-11-20T00:57:53.648+0000] {dagbag.py:588} INFO - Filling up the DagBag from /home/ubuntu/airflow_venv/lib/python3.12/site-packages/airflow/example_dags/example_dynamic_task_mapping.py
[2024-11-20T00:57:53.658+0000] {processor.py:925} INFO - DAG(s) 'example_dynamic_task_mapping' retrieved from /home/ubuntu/airflow_venv/lib/python3.12/site-packages/airflow/example_dags/example_dynamic_task_mapping.py
[2024-11-20T00:57:53.673+0000] {logging_mixin.py:190} INFO - [2024-11-20T00:57:53.673+0000] {dag.py:3239} INFO - Sync 1 DAGs
[2024-11-20T00:57:53.685+0000] {logging_mixin.py:190} INFO - [2024-11-20T00:57:53.685+0000] {dag.py:4180} INFO - Setting next_dagrun for example_dynamic_task_mapping to None, run_after=None
[2024-11-20T00:57:53.706+0000] {processor.py:208} INFO - Processing /home/ubuntu/airflow_venv/lib/python3.12/site-packages/airflow/example_dags/example_dynamic_task_mapping.py took 0.067 seconds
[2024-11-20T00:58:45.489+0000] {processor.py:186} INFO - Started process (PID=5656) to work on /home/ubuntu/airflow_venv/lib/python3.12/site-packages/airflow/example_dags/example_dynamic_task_mapping.py
[2024-11-20T00:58:45.491+0000] {processor.py:914} INFO - Processing file /home/ubuntu/airflow_venv/lib/python3.12/site-packages/airflow/example_dags/example_dynamic_task_mapping.py for tasks to queue
[2024-11-20T00:58:45.493+0000] {logging_mixin.py:190} INFO - [2024-11-20T00:58:45.492+0000] {dagbag.py:588} INFO - Filling up the DagBag from /home/ubuntu/airflow_venv/lib/python3.12/site-packages/airflow/example_dags/example_dynamic_task_mapping.py
[2024-11-20T00:58:45.501+0000] {processor.py:925} INFO - DAG(s) 'example_dynamic_task_mapping' retrieved from /home/ubuntu/airflow_venv/lib/python3.12/site-packages/airflow/example_dags/example_dynamic_task_mapping.py
[2024-11-20T00:58:45.521+0000] {logging_mixin.py:190} INFO - [2024-11-20T00:58:45.520+0000] {dag.py:3239} INFO - Sync 1 DAGs
[2024-11-20T00:58:45.535+0000] {logging_mixin.py:190} INFO - [2024-11-20T00:58:45.534+0000] {dag.py:4180} INFO - Setting next_dagrun for example_dynamic_task_mapping to None, run_after=None
[2024-11-20T00:58:45.555+0000] {processor.py:208} INFO - Processing /home/ubuntu/airflow_venv/lib/python3.12/site-packages/airflow/example_dags/example_dynamic_task_mapping.py took 0.073 seconds
[2024-11-20T00:59:37.907+0000] {processor.py:186} INFO - Started process (PID=5714) to work on /home/ubuntu/airflow_venv/lib/python3.12/site-packages/airflow/example_dags/example_dynamic_task_mapping.py
[2024-11-20T00:59:37.909+0000] {processor.py:914} INFO - Processing file /home/ubuntu/airflow_venv/lib/python3.12/site-packages/airflow/example_dags/example_dynamic_task_mapping.py for tasks to queue
[2024-11-20T00:59:37.911+0000] {logging_mixin.py:190} INFO - [2024-11-20T00:59:37.910+0000] {dagbag.py:588} INFO - Filling up the DagBag from /home/ubuntu/airflow_venv/lib/python3.12/site-packages/airflow/example_dags/example_dynamic_task_mapping.py
[2024-11-20T00:59:37.919+0000] {processor.py:925} INFO - DAG(s) 'example_dynamic_task_mapping' retrieved from /home/ubuntu/airflow_venv/lib/python3.12/site-packages/airflow/example_dags/example_dynamic_task_mapping.py
[2024-11-20T00:59:37.934+0000] {logging_mixin.py:190} INFO - [2024-11-20T00:59:37.933+0000] {dag.py:3239} INFO - Sync 1 DAGs
[2024-11-20T00:59:37.945+0000] {logging_mixin.py:190} INFO - [2024-11-20T00:59:37.945+0000] {dag.py:4180} INFO - Setting next_dagrun for example_dynamic_task_mapping to None, run_after=None
[2024-11-20T00:59:37.967+0000] {processor.py:208} INFO - Processing /home/ubuntu/airflow_venv/lib/python3.12/site-packages/airflow/example_dags/example_dynamic_task_mapping.py took 0.067 seconds
[2024-11-20T01:00:33.022+0000] {processor.py:186} INFO - Started process (PID=5773) to work on /home/ubuntu/airflow_venv/lib/python3.12/site-packages/airflow/example_dags/example_dynamic_task_mapping.py
[2024-11-20T01:00:33.024+0000] {processor.py:914} INFO - Processing file /home/ubuntu/airflow_venv/lib/python3.12/site-packages/airflow/example_dags/example_dynamic_task_mapping.py for tasks to queue
[2024-11-20T01:00:33.025+0000] {logging_mixin.py:190} INFO - [2024-11-20T01:00:33.025+0000] {dagbag.py:588} INFO - Filling up the DagBag from /home/ubuntu/airflow_venv/lib/python3.12/site-packages/airflow/example_dags/example_dynamic_task_mapping.py
[2024-11-20T01:00:33.035+0000] {processor.py:925} INFO - DAG(s) 'example_dynamic_task_mapping' retrieved from /home/ubuntu/airflow_venv/lib/python3.12/site-packages/airflow/example_dags/example_dynamic_task_mapping.py
[2024-11-20T01:00:33.049+0000] {logging_mixin.py:190} INFO - [2024-11-20T01:00:33.049+0000] {dag.py:3239} INFO - Sync 1 DAGs
[2024-11-20T01:00:33.060+0000] {logging_mixin.py:190} INFO - [2024-11-20T01:00:33.060+0000] {dag.py:4180} INFO - Setting next_dagrun for example_dynamic_task_mapping to None, run_after=None
[2024-11-20T01:00:33.081+0000] {processor.py:208} INFO - Processing /home/ubuntu/airflow_venv/lib/python3.12/site-packages/airflow/example_dags/example_dynamic_task_mapping.py took 0.065 seconds
[2024-11-20T01:01:28.267+0000] {processor.py:186} INFO - Started process (PID=5830) to work on /home/ubuntu/airflow_venv/lib/python3.12/site-packages/airflow/example_dags/example_dynamic_task_mapping.py
[2024-11-20T01:01:28.269+0000] {processor.py:914} INFO - Processing file /home/ubuntu/airflow_venv/lib/python3.12/site-packages/airflow/example_dags/example_dynamic_task_mapping.py for tasks to queue
[2024-11-20T01:01:28.271+0000] {logging_mixin.py:190} INFO - [2024-11-20T01:01:28.270+0000] {dagbag.py:588} INFO - Filling up the DagBag from /home/ubuntu/airflow_venv/lib/python3.12/site-packages/airflow/example_dags/example_dynamic_task_mapping.py
[2024-11-20T01:01:28.279+0000] {processor.py:925} INFO - DAG(s) 'example_dynamic_task_mapping' retrieved from /home/ubuntu/airflow_venv/lib/python3.12/site-packages/airflow/example_dags/example_dynamic_task_mapping.py
[2024-11-20T01:01:28.294+0000] {logging_mixin.py:190} INFO - [2024-11-20T01:01:28.294+0000] {dag.py:3239} INFO - Sync 1 DAGs
[2024-11-20T01:01:28.306+0000] {logging_mixin.py:190} INFO - [2024-11-20T01:01:28.306+0000] {dag.py:4180} INFO - Setting next_dagrun for example_dynamic_task_mapping to None, run_after=None
[2024-11-20T01:01:28.328+0000] {processor.py:208} INFO - Processing /home/ubuntu/airflow_venv/lib/python3.12/site-packages/airflow/example_dags/example_dynamic_task_mapping.py took 0.067 seconds
[2024-11-20T01:02:42.515+0000] {processor.py:186} INFO - Started process (PID=5912) to work on /home/ubuntu/airflow_venv/lib/python3.12/site-packages/airflow/example_dags/example_dynamic_task_mapping.py
[2024-11-20T01:02:42.516+0000] {processor.py:914} INFO - Processing file /home/ubuntu/airflow_venv/lib/python3.12/site-packages/airflow/example_dags/example_dynamic_task_mapping.py for tasks to queue
[2024-11-20T01:02:42.518+0000] {logging_mixin.py:190} INFO - [2024-11-20T01:02:42.517+0000] {dagbag.py:588} INFO - Filling up the DagBag from /home/ubuntu/airflow_venv/lib/python3.12/site-packages/airflow/example_dags/example_dynamic_task_mapping.py
[2024-11-20T01:02:42.526+0000] {processor.py:925} INFO - DAG(s) 'example_dynamic_task_mapping' retrieved from /home/ubuntu/airflow_venv/lib/python3.12/site-packages/airflow/example_dags/example_dynamic_task_mapping.py
[2024-11-20T01:02:42.542+0000] {logging_mixin.py:190} INFO - [2024-11-20T01:02:42.542+0000] {dag.py:3239} INFO - Sync 1 DAGs
[2024-11-20T01:02:42.554+0000] {logging_mixin.py:190} INFO - [2024-11-20T01:02:42.554+0000] {dag.py:4180} INFO - Setting next_dagrun for example_dynamic_task_mapping to None, run_after=None
[2024-11-20T01:02:42.576+0000] {processor.py:208} INFO - Processing /home/ubuntu/airflow_venv/lib/python3.12/site-packages/airflow/example_dags/example_dynamic_task_mapping.py took 0.067 seconds
[2024-11-20T01:03:39.464+0000] {processor.py:186} INFO - Started process (PID=5968) to work on /home/ubuntu/airflow_venv/lib/python3.12/site-packages/airflow/example_dags/example_dynamic_task_mapping.py
[2024-11-20T01:03:39.465+0000] {processor.py:914} INFO - Processing file /home/ubuntu/airflow_venv/lib/python3.12/site-packages/airflow/example_dags/example_dynamic_task_mapping.py for tasks to queue
[2024-11-20T01:03:39.467+0000] {logging_mixin.py:190} INFO - [2024-11-20T01:03:39.465+0000] {dagbag.py:588} INFO - Filling up the DagBag from /home/ubuntu/airflow_venv/lib/python3.12/site-packages/airflow/example_dags/example_dynamic_task_mapping.py
[2024-11-20T01:03:39.477+0000] {processor.py:925} INFO - DAG(s) 'example_dynamic_task_mapping' retrieved from /home/ubuntu/airflow_venv/lib/python3.12/site-packages/airflow/example_dags/example_dynamic_task_mapping.py
[2024-11-20T01:03:39.492+0000] {logging_mixin.py:190} INFO - [2024-11-20T01:03:39.492+0000] {dag.py:3239} INFO - Sync 1 DAGs
[2024-11-20T01:03:39.504+0000] {logging_mixin.py:190} INFO - [2024-11-20T01:03:39.504+0000] {dag.py:4180} INFO - Setting next_dagrun for example_dynamic_task_mapping to None, run_after=None
[2024-11-20T01:03:39.530+0000] {processor.py:208} INFO - Processing /home/ubuntu/airflow_venv/lib/python3.12/site-packages/airflow/example_dags/example_dynamic_task_mapping.py took 0.073 seconds
[2024-11-20T01:04:35.901+0000] {processor.py:186} INFO - Started process (PID=6027) to work on /home/ubuntu/airflow_venv/lib/python3.12/site-packages/airflow/example_dags/example_dynamic_task_mapping.py
[2024-11-20T01:04:35.903+0000] {processor.py:914} INFO - Processing file /home/ubuntu/airflow_venv/lib/python3.12/site-packages/airflow/example_dags/example_dynamic_task_mapping.py for tasks to queue
[2024-11-20T01:04:35.905+0000] {logging_mixin.py:190} INFO - [2024-11-20T01:04:35.903+0000] {dagbag.py:588} INFO - Filling up the DagBag from /home/ubuntu/airflow_venv/lib/python3.12/site-packages/airflow/example_dags/example_dynamic_task_mapping.py
[2024-11-20T01:04:35.913+0000] {processor.py:925} INFO - DAG(s) 'example_dynamic_task_mapping' retrieved from /home/ubuntu/airflow_venv/lib/python3.12/site-packages/airflow/example_dags/example_dynamic_task_mapping.py
[2024-11-20T01:04:35.927+0000] {logging_mixin.py:190} INFO - [2024-11-20T01:04:35.927+0000] {dag.py:3239} INFO - Sync 1 DAGs
[2024-11-20T01:04:35.939+0000] {logging_mixin.py:190} INFO - [2024-11-20T01:04:35.939+0000] {dag.py:4180} INFO - Setting next_dagrun for example_dynamic_task_mapping to None, run_after=None
[2024-11-20T01:04:35.962+0000] {processor.py:208} INFO - Processing /home/ubuntu/airflow_venv/lib/python3.12/site-packages/airflow/example_dags/example_dynamic_task_mapping.py took 0.068 seconds
[2024-11-20T01:05:30.229+0000] {processor.py:186} INFO - Started process (PID=6087) to work on /home/ubuntu/airflow_venv/lib/python3.12/site-packages/airflow/example_dags/example_dynamic_task_mapping.py
[2024-11-20T01:05:30.230+0000] {processor.py:914} INFO - Processing file /home/ubuntu/airflow_venv/lib/python3.12/site-packages/airflow/example_dags/example_dynamic_task_mapping.py for tasks to queue
[2024-11-20T01:05:30.231+0000] {logging_mixin.py:190} INFO - [2024-11-20T01:05:30.231+0000] {dagbag.py:588} INFO - Filling up the DagBag from /home/ubuntu/airflow_venv/lib/python3.12/site-packages/airflow/example_dags/example_dynamic_task_mapping.py
[2024-11-20T01:05:30.240+0000] {processor.py:925} INFO - DAG(s) 'example_dynamic_task_mapping' retrieved from /home/ubuntu/airflow_venv/lib/python3.12/site-packages/airflow/example_dags/example_dynamic_task_mapping.py
[2024-11-20T01:05:30.261+0000] {logging_mixin.py:190} INFO - [2024-11-20T01:05:30.261+0000] {dag.py:3239} INFO - Sync 1 DAGs
[2024-11-20T01:05:30.273+0000] {logging_mixin.py:190} INFO - [2024-11-20T01:05:30.273+0000] {dag.py:4180} INFO - Setting next_dagrun for example_dynamic_task_mapping to None, run_after=None
[2024-11-20T01:05:30.304+0000] {processor.py:208} INFO - Processing /home/ubuntu/airflow_venv/lib/python3.12/site-packages/airflow/example_dags/example_dynamic_task_mapping.py took 0.081 seconds
[2024-11-20T01:06:23.703+0000] {processor.py:186} INFO - Started process (PID=6142) to work on /home/ubuntu/airflow_venv/lib/python3.12/site-packages/airflow/example_dags/example_dynamic_task_mapping.py
[2024-11-20T01:06:23.705+0000] {processor.py:914} INFO - Processing file /home/ubuntu/airflow_venv/lib/python3.12/site-packages/airflow/example_dags/example_dynamic_task_mapping.py for tasks to queue
[2024-11-20T01:06:23.707+0000] {logging_mixin.py:190} INFO - [2024-11-20T01:06:23.705+0000] {dagbag.py:588} INFO - Filling up the DagBag from /home/ubuntu/airflow_venv/lib/python3.12/site-packages/airflow/example_dags/example_dynamic_task_mapping.py
[2024-11-20T01:06:23.716+0000] {processor.py:925} INFO - DAG(s) 'example_dynamic_task_mapping' retrieved from /home/ubuntu/airflow_venv/lib/python3.12/site-packages/airflow/example_dags/example_dynamic_task_mapping.py
[2024-11-20T01:06:23.731+0000] {logging_mixin.py:190} INFO - [2024-11-20T01:06:23.731+0000] {dag.py:3239} INFO - Sync 1 DAGs
[2024-11-20T01:06:23.743+0000] {logging_mixin.py:190} INFO - [2024-11-20T01:06:23.743+0000] {dag.py:4180} INFO - Setting next_dagrun for example_dynamic_task_mapping to None, run_after=None
[2024-11-20T01:06:23.765+0000] {processor.py:208} INFO - Processing /home/ubuntu/airflow_venv/lib/python3.12/site-packages/airflow/example_dags/example_dynamic_task_mapping.py took 0.069 seconds
[2024-11-20T01:07:16.682+0000] {processor.py:186} INFO - Started process (PID=6197) to work on /home/ubuntu/airflow_venv/lib/python3.12/site-packages/airflow/example_dags/example_dynamic_task_mapping.py
[2024-11-20T01:07:16.683+0000] {processor.py:914} INFO - Processing file /home/ubuntu/airflow_venv/lib/python3.12/site-packages/airflow/example_dags/example_dynamic_task_mapping.py for tasks to queue
[2024-11-20T01:07:16.684+0000] {logging_mixin.py:190} INFO - [2024-11-20T01:07:16.684+0000] {dagbag.py:588} INFO - Filling up the DagBag from /home/ubuntu/airflow_venv/lib/python3.12/site-packages/airflow/example_dags/example_dynamic_task_mapping.py
[2024-11-20T01:07:16.694+0000] {processor.py:925} INFO - DAG(s) 'example_dynamic_task_mapping' retrieved from /home/ubuntu/airflow_venv/lib/python3.12/site-packages/airflow/example_dags/example_dynamic_task_mapping.py
[2024-11-20T01:07:16.709+0000] {logging_mixin.py:190} INFO - [2024-11-20T01:07:16.709+0000] {dag.py:3239} INFO - Sync 1 DAGs
[2024-11-20T01:07:16.721+0000] {logging_mixin.py:190} INFO - [2024-11-20T01:07:16.721+0000] {dag.py:4180} INFO - Setting next_dagrun for example_dynamic_task_mapping to None, run_after=None
[2024-11-20T01:07:16.743+0000] {processor.py:208} INFO - Processing /home/ubuntu/airflow_venv/lib/python3.12/site-packages/airflow/example_dags/example_dynamic_task_mapping.py took 0.067 seconds
[2024-11-20T01:08:09.808+0000] {processor.py:186} INFO - Started process (PID=6252) to work on /home/ubuntu/airflow_venv/lib/python3.12/site-packages/airflow/example_dags/example_dynamic_task_mapping.py
[2024-11-20T01:08:09.810+0000] {processor.py:914} INFO - Processing file /home/ubuntu/airflow_venv/lib/python3.12/site-packages/airflow/example_dags/example_dynamic_task_mapping.py for tasks to queue
[2024-11-20T01:08:09.811+0000] {logging_mixin.py:190} INFO - [2024-11-20T01:08:09.811+0000] {dagbag.py:588} INFO - Filling up the DagBag from /home/ubuntu/airflow_venv/lib/python3.12/site-packages/airflow/example_dags/example_dynamic_task_mapping.py
[2024-11-20T01:08:09.819+0000] {processor.py:925} INFO - DAG(s) 'example_dynamic_task_mapping' retrieved from /home/ubuntu/airflow_venv/lib/python3.12/site-packages/airflow/example_dags/example_dynamic_task_mapping.py
[2024-11-20T01:08:09.833+0000] {logging_mixin.py:190} INFO - [2024-11-20T01:08:09.833+0000] {dag.py:3239} INFO - Sync 1 DAGs
[2024-11-20T01:08:09.845+0000] {logging_mixin.py:190} INFO - [2024-11-20T01:08:09.845+0000] {dag.py:4180} INFO - Setting next_dagrun for example_dynamic_task_mapping to None, run_after=None
[2024-11-20T01:08:09.865+0000] {processor.py:208} INFO - Processing /home/ubuntu/airflow_venv/lib/python3.12/site-packages/airflow/example_dags/example_dynamic_task_mapping.py took 0.064 seconds
[2024-11-20T01:09:04.647+0000] {processor.py:186} INFO - Started process (PID=6306) to work on /home/ubuntu/airflow_venv/lib/python3.12/site-packages/airflow/example_dags/example_dynamic_task_mapping.py
[2024-11-20T01:09:04.650+0000] {processor.py:914} INFO - Processing file /home/ubuntu/airflow_venv/lib/python3.12/site-packages/airflow/example_dags/example_dynamic_task_mapping.py for tasks to queue
[2024-11-20T01:09:04.651+0000] {logging_mixin.py:190} INFO - [2024-11-20T01:09:04.651+0000] {dagbag.py:588} INFO - Filling up the DagBag from /home/ubuntu/airflow_venv/lib/python3.12/site-packages/airflow/example_dags/example_dynamic_task_mapping.py
[2024-11-20T01:09:04.659+0000] {processor.py:925} INFO - DAG(s) 'example_dynamic_task_mapping' retrieved from /home/ubuntu/airflow_venv/lib/python3.12/site-packages/airflow/example_dags/example_dynamic_task_mapping.py
[2024-11-20T01:09:04.675+0000] {logging_mixin.py:190} INFO - [2024-11-20T01:09:04.674+0000] {dag.py:3239} INFO - Sync 1 DAGs
[2024-11-20T01:09:04.686+0000] {logging_mixin.py:190} INFO - [2024-11-20T01:09:04.686+0000] {dag.py:4180} INFO - Setting next_dagrun for example_dynamic_task_mapping to None, run_after=None
[2024-11-20T01:09:04.706+0000] {processor.py:208} INFO - Processing /home/ubuntu/airflow_venv/lib/python3.12/site-packages/airflow/example_dags/example_dynamic_task_mapping.py took 0.066 seconds
[2024-11-20T01:10:02.936+0000] {processor.py:186} INFO - Started process (PID=6369) to work on /home/ubuntu/airflow_venv/lib/python3.12/site-packages/airflow/example_dags/example_dynamic_task_mapping.py
[2024-11-20T01:10:02.938+0000] {processor.py:914} INFO - Processing file /home/ubuntu/airflow_venv/lib/python3.12/site-packages/airflow/example_dags/example_dynamic_task_mapping.py for tasks to queue
[2024-11-20T01:10:02.939+0000] {logging_mixin.py:190} INFO - [2024-11-20T01:10:02.939+0000] {dagbag.py:588} INFO - Filling up the DagBag from /home/ubuntu/airflow_venv/lib/python3.12/site-packages/airflow/example_dags/example_dynamic_task_mapping.py
[2024-11-20T01:10:02.949+0000] {processor.py:925} INFO - DAG(s) 'example_dynamic_task_mapping' retrieved from /home/ubuntu/airflow_venv/lib/python3.12/site-packages/airflow/example_dags/example_dynamic_task_mapping.py
[2024-11-20T01:10:02.964+0000] {logging_mixin.py:190} INFO - [2024-11-20T01:10:02.964+0000] {dag.py:3239} INFO - Sync 1 DAGs
[2024-11-20T01:10:02.977+0000] {logging_mixin.py:190} INFO - [2024-11-20T01:10:02.977+0000] {dag.py:4180} INFO - Setting next_dagrun for example_dynamic_task_mapping to None, run_after=None
[2024-11-20T01:10:02.998+0000] {processor.py:208} INFO - Processing /home/ubuntu/airflow_venv/lib/python3.12/site-packages/airflow/example_dags/example_dynamic_task_mapping.py took 0.068 seconds
[2024-11-20T01:10:59.425+0000] {processor.py:186} INFO - Started process (PID=6428) to work on /home/ubuntu/airflow_venv/lib/python3.12/site-packages/airflow/example_dags/example_dynamic_task_mapping.py
[2024-11-20T01:10:59.427+0000] {processor.py:914} INFO - Processing file /home/ubuntu/airflow_venv/lib/python3.12/site-packages/airflow/example_dags/example_dynamic_task_mapping.py for tasks to queue
[2024-11-20T01:10:59.428+0000] {logging_mixin.py:190} INFO - [2024-11-20T01:10:59.428+0000] {dagbag.py:588} INFO - Filling up the DagBag from /home/ubuntu/airflow_venv/lib/python3.12/site-packages/airflow/example_dags/example_dynamic_task_mapping.py
[2024-11-20T01:10:59.439+0000] {processor.py:925} INFO - DAG(s) 'example_dynamic_task_mapping' retrieved from /home/ubuntu/airflow_venv/lib/python3.12/site-packages/airflow/example_dags/example_dynamic_task_mapping.py
[2024-11-20T01:10:59.469+0000] {logging_mixin.py:190} INFO - [2024-11-20T01:10:59.469+0000] {dag.py:3239} INFO - Sync 1 DAGs
[2024-11-20T01:10:59.482+0000] {logging_mixin.py:190} INFO - [2024-11-20T01:10:59.481+0000] {dag.py:4180} INFO - Setting next_dagrun for example_dynamic_task_mapping to None, run_after=None
[2024-11-20T01:10:59.504+0000] {processor.py:208} INFO - Processing /home/ubuntu/airflow_venv/lib/python3.12/site-packages/airflow/example_dags/example_dynamic_task_mapping.py took 0.086 seconds
[2024-11-20T01:11:52.994+0000] {processor.py:186} INFO - Started process (PID=6483) to work on /home/ubuntu/airflow_venv/lib/python3.12/site-packages/airflow/example_dags/example_dynamic_task_mapping.py
[2024-11-20T01:11:52.996+0000] {processor.py:914} INFO - Processing file /home/ubuntu/airflow_venv/lib/python3.12/site-packages/airflow/example_dags/example_dynamic_task_mapping.py for tasks to queue
[2024-11-20T01:11:52.998+0000] {logging_mixin.py:190} INFO - [2024-11-20T01:11:52.997+0000] {dagbag.py:588} INFO - Filling up the DagBag from /home/ubuntu/airflow_venv/lib/python3.12/site-packages/airflow/example_dags/example_dynamic_task_mapping.py
[2024-11-20T01:11:53.006+0000] {processor.py:925} INFO - DAG(s) 'example_dynamic_task_mapping' retrieved from /home/ubuntu/airflow_venv/lib/python3.12/site-packages/airflow/example_dags/example_dynamic_task_mapping.py
[2024-11-20T01:11:53.022+0000] {logging_mixin.py:190} INFO - [2024-11-20T01:11:53.022+0000] {dag.py:3239} INFO - Sync 1 DAGs
[2024-11-20T01:11:53.034+0000] {logging_mixin.py:190} INFO - [2024-11-20T01:11:53.034+0000] {dag.py:4180} INFO - Setting next_dagrun for example_dynamic_task_mapping to None, run_after=None
[2024-11-20T01:11:53.055+0000] {processor.py:208} INFO - Processing /home/ubuntu/airflow_venv/lib/python3.12/site-packages/airflow/example_dags/example_dynamic_task_mapping.py took 0.068 seconds
[2024-11-20T01:12:45.991+0000] {processor.py:186} INFO - Started process (PID=6538) to work on /home/ubuntu/airflow_venv/lib/python3.12/site-packages/airflow/example_dags/example_dynamic_task_mapping.py
[2024-11-20T01:12:45.992+0000] {processor.py:914} INFO - Processing file /home/ubuntu/airflow_venv/lib/python3.12/site-packages/airflow/example_dags/example_dynamic_task_mapping.py for tasks to queue
[2024-11-20T01:12:45.994+0000] {logging_mixin.py:190} INFO - [2024-11-20T01:12:45.993+0000] {dagbag.py:588} INFO - Filling up the DagBag from /home/ubuntu/airflow_venv/lib/python3.12/site-packages/airflow/example_dags/example_dynamic_task_mapping.py
[2024-11-20T01:12:46.002+0000] {processor.py:925} INFO - DAG(s) 'example_dynamic_task_mapping' retrieved from /home/ubuntu/airflow_venv/lib/python3.12/site-packages/airflow/example_dags/example_dynamic_task_mapping.py
[2024-11-20T01:12:46.017+0000] {logging_mixin.py:190} INFO - [2024-11-20T01:12:46.017+0000] {dag.py:3239} INFO - Sync 1 DAGs
[2024-11-20T01:12:46.029+0000] {logging_mixin.py:190} INFO - [2024-11-20T01:12:46.029+0000] {dag.py:4180} INFO - Setting next_dagrun for example_dynamic_task_mapping to None, run_after=None
[2024-11-20T01:12:46.048+0000] {processor.py:208} INFO - Processing /home/ubuntu/airflow_venv/lib/python3.12/site-packages/airflow/example_dags/example_dynamic_task_mapping.py took 0.064 seconds
