[2024-11-20T00:16:15.969+0000] {processor.py:186} INFO - Started process (PID=2029) to work on /home/ubuntu/airflow_venv/lib/python3.12/site-packages/airflow/example_dags/example_workday_timetable.py
[2024-11-20T00:16:15.970+0000] {processor.py:914} INFO - Processing file /home/ubuntu/airflow_venv/lib/python3.12/site-packages/airflow/example_dags/example_workday_timetable.py for tasks to queue
[2024-11-20T00:16:15.972+0000] {logging_mixin.py:190} INFO - [2024-11-20T00:16:15.971+0000] {dagbag.py:588} INFO - Filling up the DagBag from /home/ubuntu/airflow_venv/lib/python3.12/site-packages/airflow/example_dags/example_workday_timetable.py
[2024-11-20T00:16:15.978+0000] {processor.py:925} INFO - DAG(s) 'example_workday_timetable' retrieved from /home/ubuntu/airflow_venv/lib/python3.12/site-packages/airflow/example_dags/example_workday_timetable.py
[2024-11-20T00:16:15.994+0000] {logging_mixin.py:190} INFO - [2024-11-20T00:16:15.993+0000] {dag.py:3239} INFO - Sync 1 DAGs
[2024-11-20T00:16:16.012+0000] {logging_mixin.py:190} INFO - [2024-11-20T00:16:16.012+0000] {dag.py:4180} INFO - Setting next_dagrun for example_workday_timetable to 2021-01-01 00:00:00+00:00, run_after=2021-01-02 00:00:00+00:00
[2024-11-20T00:16:16.034+0000] {processor.py:208} INFO - Processing /home/ubuntu/airflow_venv/lib/python3.12/site-packages/airflow/example_dags/example_workday_timetable.py took 0.071 seconds
[2024-11-20T00:17:14.898+0000] {processor.py:186} INFO - Started process (PID=2100) to work on /home/ubuntu/airflow_venv/lib/python3.12/site-packages/airflow/example_dags/example_workday_timetable.py
[2024-11-20T00:17:14.899+0000] {processor.py:914} INFO - Processing file /home/ubuntu/airflow_venv/lib/python3.12/site-packages/airflow/example_dags/example_workday_timetable.py for tasks to queue
[2024-11-20T00:17:14.902+0000] {logging_mixin.py:190} INFO - [2024-11-20T00:17:14.902+0000] {dagbag.py:588} INFO - Filling up the DagBag from /home/ubuntu/airflow_venv/lib/python3.12/site-packages/airflow/example_dags/example_workday_timetable.py
[2024-11-20T00:17:14.908+0000] {processor.py:925} INFO - DAG(s) 'example_workday_timetable' retrieved from /home/ubuntu/airflow_venv/lib/python3.12/site-packages/airflow/example_dags/example_workday_timetable.py
[2024-11-20T00:17:14.922+0000] {logging_mixin.py:190} INFO - [2024-11-20T00:17:14.922+0000] {dag.py:3239} INFO - Sync 1 DAGs
[2024-11-20T00:17:14.939+0000] {logging_mixin.py:190} INFO - [2024-11-20T00:17:14.939+0000] {dag.py:4180} INFO - Setting next_dagrun for example_workday_timetable to 2021-01-01 00:00:00+00:00, run_after=2021-01-02 00:00:00+00:00
[2024-11-20T00:17:14.962+0000] {processor.py:208} INFO - Processing /home/ubuntu/airflow_venv/lib/python3.12/site-packages/airflow/example_dags/example_workday_timetable.py took 0.069 seconds
[2024-11-20T00:18:10.601+0000] {processor.py:186} INFO - Started process (PID=2158) to work on /home/ubuntu/airflow_venv/lib/python3.12/site-packages/airflow/example_dags/example_workday_timetable.py
[2024-11-20T00:18:10.603+0000] {processor.py:914} INFO - Processing file /home/ubuntu/airflow_venv/lib/python3.12/site-packages/airflow/example_dags/example_workday_timetable.py for tasks to queue
[2024-11-20T00:18:10.606+0000] {logging_mixin.py:190} INFO - [2024-11-20T00:18:10.605+0000] {dagbag.py:588} INFO - Filling up the DagBag from /home/ubuntu/airflow_venv/lib/python3.12/site-packages/airflow/example_dags/example_workday_timetable.py
[2024-11-20T00:18:10.613+0000] {processor.py:925} INFO - DAG(s) 'example_workday_timetable' retrieved from /home/ubuntu/airflow_venv/lib/python3.12/site-packages/airflow/example_dags/example_workday_timetable.py
[2024-11-20T00:18:10.626+0000] {logging_mixin.py:190} INFO - [2024-11-20T00:18:10.626+0000] {dag.py:3239} INFO - Sync 1 DAGs
[2024-11-20T00:18:10.643+0000] {logging_mixin.py:190} INFO - [2024-11-20T00:18:10.643+0000] {dag.py:4180} INFO - Setting next_dagrun for example_workday_timetable to 2021-01-01 00:00:00+00:00, run_after=2021-01-02 00:00:00+00:00
[2024-11-20T00:18:10.665+0000] {processor.py:208} INFO - Processing /home/ubuntu/airflow_venv/lib/python3.12/site-packages/airflow/example_dags/example_workday_timetable.py took 0.069 seconds
[2024-11-20T00:19:02.335+0000] {processor.py:186} INFO - Started process (PID=2211) to work on /home/ubuntu/airflow_venv/lib/python3.12/site-packages/airflow/example_dags/example_workday_timetable.py
[2024-11-20T00:19:02.337+0000] {processor.py:914} INFO - Processing file /home/ubuntu/airflow_venv/lib/python3.12/site-packages/airflow/example_dags/example_workday_timetable.py for tasks to queue
[2024-11-20T00:19:02.340+0000] {logging_mixin.py:190} INFO - [2024-11-20T00:19:02.339+0000] {dagbag.py:588} INFO - Filling up the DagBag from /home/ubuntu/airflow_venv/lib/python3.12/site-packages/airflow/example_dags/example_workday_timetable.py
[2024-11-20T00:19:02.346+0000] {processor.py:925} INFO - DAG(s) 'example_workday_timetable' retrieved from /home/ubuntu/airflow_venv/lib/python3.12/site-packages/airflow/example_dags/example_workday_timetable.py
[2024-11-20T00:19:02.360+0000] {logging_mixin.py:190} INFO - [2024-11-20T00:19:02.359+0000] {dag.py:3239} INFO - Sync 1 DAGs
[2024-11-20T00:19:02.382+0000] {logging_mixin.py:190} INFO - [2024-11-20T00:19:02.382+0000] {dag.py:4180} INFO - Setting next_dagrun for example_workday_timetable to 2021-01-01 00:00:00+00:00, run_after=2021-01-02 00:00:00+00:00
[2024-11-20T00:19:02.403+0000] {processor.py:208} INFO - Processing /home/ubuntu/airflow_venv/lib/python3.12/site-packages/airflow/example_dags/example_workday_timetable.py took 0.073 seconds
[2024-11-20T00:19:57.148+0000] {processor.py:186} INFO - Started process (PID=2268) to work on /home/ubuntu/airflow_venv/lib/python3.12/site-packages/airflow/example_dags/example_workday_timetable.py
[2024-11-20T00:19:57.150+0000] {processor.py:914} INFO - Processing file /home/ubuntu/airflow_venv/lib/python3.12/site-packages/airflow/example_dags/example_workday_timetable.py for tasks to queue
[2024-11-20T00:19:57.154+0000] {logging_mixin.py:190} INFO - [2024-11-20T00:19:57.153+0000] {dagbag.py:588} INFO - Filling up the DagBag from /home/ubuntu/airflow_venv/lib/python3.12/site-packages/airflow/example_dags/example_workday_timetable.py
[2024-11-20T00:19:57.160+0000] {processor.py:925} INFO - DAG(s) 'example_workday_timetable' retrieved from /home/ubuntu/airflow_venv/lib/python3.12/site-packages/airflow/example_dags/example_workday_timetable.py
[2024-11-20T00:19:57.174+0000] {logging_mixin.py:190} INFO - [2024-11-20T00:19:57.173+0000] {dag.py:3239} INFO - Sync 1 DAGs
[2024-11-20T00:19:57.191+0000] {logging_mixin.py:190} INFO - [2024-11-20T00:19:57.191+0000] {dag.py:4180} INFO - Setting next_dagrun for example_workday_timetable to 2021-01-01 00:00:00+00:00, run_after=2021-01-02 00:00:00+00:00
[2024-11-20T00:19:57.213+0000] {processor.py:208} INFO - Processing /home/ubuntu/airflow_venv/lib/python3.12/site-packages/airflow/example_dags/example_workday_timetable.py took 0.070 seconds
[2024-11-20T00:20:48.558+0000] {processor.py:186} INFO - Started process (PID=2325) to work on /home/ubuntu/airflow_venv/lib/python3.12/site-packages/airflow/example_dags/example_workday_timetable.py
[2024-11-20T00:20:48.560+0000] {processor.py:914} INFO - Processing file /home/ubuntu/airflow_venv/lib/python3.12/site-packages/airflow/example_dags/example_workday_timetable.py for tasks to queue
[2024-11-20T00:20:48.562+0000] {logging_mixin.py:190} INFO - [2024-11-20T00:20:48.562+0000] {dagbag.py:588} INFO - Filling up the DagBag from /home/ubuntu/airflow_venv/lib/python3.12/site-packages/airflow/example_dags/example_workday_timetable.py
[2024-11-20T00:20:48.568+0000] {processor.py:925} INFO - DAG(s) 'example_workday_timetable' retrieved from /home/ubuntu/airflow_venv/lib/python3.12/site-packages/airflow/example_dags/example_workday_timetable.py
[2024-11-20T00:20:48.582+0000] {logging_mixin.py:190} INFO - [2024-11-20T00:20:48.582+0000] {dag.py:3239} INFO - Sync 1 DAGs
[2024-11-20T00:20:48.600+0000] {logging_mixin.py:190} INFO - [2024-11-20T00:20:48.600+0000] {dag.py:4180} INFO - Setting next_dagrun for example_workday_timetable to 2021-01-01 00:00:00+00:00, run_after=2021-01-02 00:00:00+00:00
[2024-11-20T00:20:48.621+0000] {processor.py:208} INFO - Processing /home/ubuntu/airflow_venv/lib/python3.12/site-packages/airflow/example_dags/example_workday_timetable.py took 0.067 seconds
[2024-11-20T00:21:48.582+0000] {processor.py:186} INFO - Started process (PID=2385) to work on /home/ubuntu/airflow_venv/lib/python3.12/site-packages/airflow/example_dags/example_workday_timetable.py
[2024-11-20T00:21:48.585+0000] {processor.py:914} INFO - Processing file /home/ubuntu/airflow_venv/lib/python3.12/site-packages/airflow/example_dags/example_workday_timetable.py for tasks to queue
[2024-11-20T00:21:48.587+0000] {logging_mixin.py:190} INFO - [2024-11-20T00:21:48.587+0000] {dagbag.py:588} INFO - Filling up the DagBag from /home/ubuntu/airflow_venv/lib/python3.12/site-packages/airflow/example_dags/example_workday_timetable.py
[2024-11-20T00:21:48.593+0000] {processor.py:925} INFO - DAG(s) 'example_workday_timetable' retrieved from /home/ubuntu/airflow_venv/lib/python3.12/site-packages/airflow/example_dags/example_workday_timetable.py
[2024-11-20T00:21:48.608+0000] {logging_mixin.py:190} INFO - [2024-11-20T00:21:48.608+0000] {dag.py:3239} INFO - Sync 1 DAGs
[2024-11-20T00:21:48.628+0000] {logging_mixin.py:190} INFO - [2024-11-20T00:21:48.627+0000] {dag.py:4180} INFO - Setting next_dagrun for example_workday_timetable to 2021-01-01 00:00:00+00:00, run_after=2021-01-02 00:00:00+00:00
[2024-11-20T00:21:48.650+0000] {processor.py:208} INFO - Processing /home/ubuntu/airflow_venv/lib/python3.12/site-packages/airflow/example_dags/example_workday_timetable.py took 0.072 seconds
[2024-11-20T00:22:45.218+0000] {processor.py:186} INFO - Started process (PID=2444) to work on /home/ubuntu/airflow_venv/lib/python3.12/site-packages/airflow/example_dags/example_workday_timetable.py
[2024-11-20T00:22:45.220+0000] {processor.py:914} INFO - Processing file /home/ubuntu/airflow_venv/lib/python3.12/site-packages/airflow/example_dags/example_workday_timetable.py for tasks to queue
[2024-11-20T00:22:45.223+0000] {logging_mixin.py:190} INFO - [2024-11-20T00:22:45.223+0000] {dagbag.py:588} INFO - Filling up the DagBag from /home/ubuntu/airflow_venv/lib/python3.12/site-packages/airflow/example_dags/example_workday_timetable.py
[2024-11-20T00:22:45.229+0000] {processor.py:925} INFO - DAG(s) 'example_workday_timetable' retrieved from /home/ubuntu/airflow_venv/lib/python3.12/site-packages/airflow/example_dags/example_workday_timetable.py
[2024-11-20T00:22:45.244+0000] {logging_mixin.py:190} INFO - [2024-11-20T00:22:45.243+0000] {dag.py:3239} INFO - Sync 1 DAGs
[2024-11-20T00:22:45.262+0000] {logging_mixin.py:190} INFO - [2024-11-20T00:22:45.262+0000] {dag.py:4180} INFO - Setting next_dagrun for example_workday_timetable to 2021-01-01 00:00:00+00:00, run_after=2021-01-02 00:00:00+00:00
[2024-11-20T00:22:45.284+0000] {processor.py:208} INFO - Processing /home/ubuntu/airflow_venv/lib/python3.12/site-packages/airflow/example_dags/example_workday_timetable.py took 0.071 seconds
[2024-11-20T00:23:41.265+0000] {processor.py:186} INFO - Started process (PID=2500) to work on /home/ubuntu/airflow_venv/lib/python3.12/site-packages/airflow/example_dags/example_workday_timetable.py
[2024-11-20T00:23:41.266+0000] {processor.py:914} INFO - Processing file /home/ubuntu/airflow_venv/lib/python3.12/site-packages/airflow/example_dags/example_workday_timetable.py for tasks to queue
[2024-11-20T00:23:41.269+0000] {logging_mixin.py:190} INFO - [2024-11-20T00:23:41.268+0000] {dagbag.py:588} INFO - Filling up the DagBag from /home/ubuntu/airflow_venv/lib/python3.12/site-packages/airflow/example_dags/example_workday_timetable.py
[2024-11-20T00:23:41.275+0000] {processor.py:925} INFO - DAG(s) 'example_workday_timetable' retrieved from /home/ubuntu/airflow_venv/lib/python3.12/site-packages/airflow/example_dags/example_workday_timetable.py
[2024-11-20T00:23:41.289+0000] {logging_mixin.py:190} INFO - [2024-11-20T00:23:41.289+0000] {dag.py:3239} INFO - Sync 1 DAGs
[2024-11-20T00:23:41.308+0000] {logging_mixin.py:190} INFO - [2024-11-20T00:23:41.307+0000] {dag.py:4180} INFO - Setting next_dagrun for example_workday_timetable to 2021-01-01 00:00:00+00:00, run_after=2021-01-02 00:00:00+00:00
[2024-11-20T00:23:41.330+0000] {processor.py:208} INFO - Processing /home/ubuntu/airflow_venv/lib/python3.12/site-packages/airflow/example_dags/example_workday_timetable.py took 0.071 seconds
[2024-11-20T00:24:34.995+0000] {processor.py:186} INFO - Started process (PID=2556) to work on /home/ubuntu/airflow_venv/lib/python3.12/site-packages/airflow/example_dags/example_workday_timetable.py
[2024-11-20T00:24:34.997+0000] {processor.py:914} INFO - Processing file /home/ubuntu/airflow_venv/lib/python3.12/site-packages/airflow/example_dags/example_workday_timetable.py for tasks to queue
[2024-11-20T00:24:34.999+0000] {logging_mixin.py:190} INFO - [2024-11-20T00:24:34.999+0000] {dagbag.py:588} INFO - Filling up the DagBag from /home/ubuntu/airflow_venv/lib/python3.12/site-packages/airflow/example_dags/example_workday_timetable.py
[2024-11-20T00:24:35.010+0000] {processor.py:925} INFO - DAG(s) 'example_workday_timetable' retrieved from /home/ubuntu/airflow_venv/lib/python3.12/site-packages/airflow/example_dags/example_workday_timetable.py
[2024-11-20T00:24:35.032+0000] {logging_mixin.py:190} INFO - [2024-11-20T00:24:35.031+0000] {dag.py:3239} INFO - Sync 1 DAGs
[2024-11-20T00:24:35.049+0000] {logging_mixin.py:190} INFO - [2024-11-20T00:24:35.049+0000] {dag.py:4180} INFO - Setting next_dagrun for example_workday_timetable to 2021-01-01 00:00:00+00:00, run_after=2021-01-02 00:00:00+00:00
[2024-11-20T00:24:35.071+0000] {processor.py:208} INFO - Processing /home/ubuntu/airflow_venv/lib/python3.12/site-packages/airflow/example_dags/example_workday_timetable.py took 0.081 seconds
[2024-11-20T00:25:29.110+0000] {processor.py:186} INFO - Started process (PID=2614) to work on /home/ubuntu/airflow_venv/lib/python3.12/site-packages/airflow/example_dags/example_workday_timetable.py
[2024-11-20T00:25:29.111+0000] {processor.py:914} INFO - Processing file /home/ubuntu/airflow_venv/lib/python3.12/site-packages/airflow/example_dags/example_workday_timetable.py for tasks to queue
[2024-11-20T00:25:29.114+0000] {logging_mixin.py:190} INFO - [2024-11-20T00:25:29.114+0000] {dagbag.py:588} INFO - Filling up the DagBag from /home/ubuntu/airflow_venv/lib/python3.12/site-packages/airflow/example_dags/example_workday_timetable.py
[2024-11-20T00:25:29.121+0000] {processor.py:925} INFO - DAG(s) 'example_workday_timetable' retrieved from /home/ubuntu/airflow_venv/lib/python3.12/site-packages/airflow/example_dags/example_workday_timetable.py
[2024-11-20T00:25:29.135+0000] {logging_mixin.py:190} INFO - [2024-11-20T00:25:29.135+0000] {dag.py:3239} INFO - Sync 1 DAGs
[2024-11-20T00:25:29.154+0000] {logging_mixin.py:190} INFO - [2024-11-20T00:25:29.153+0000] {dag.py:4180} INFO - Setting next_dagrun for example_workday_timetable to 2021-01-01 00:00:00+00:00, run_after=2021-01-02 00:00:00+00:00
[2024-11-20T00:25:29.176+0000] {processor.py:208} INFO - Processing /home/ubuntu/airflow_venv/lib/python3.12/site-packages/airflow/example_dags/example_workday_timetable.py took 0.073 seconds
[2024-11-20T00:26:24.934+0000] {processor.py:186} INFO - Started process (PID=2673) to work on /home/ubuntu/airflow_venv/lib/python3.12/site-packages/airflow/example_dags/example_workday_timetable.py
[2024-11-20T00:26:24.935+0000] {processor.py:914} INFO - Processing file /home/ubuntu/airflow_venv/lib/python3.12/site-packages/airflow/example_dags/example_workday_timetable.py for tasks to queue
[2024-11-20T00:26:24.938+0000] {logging_mixin.py:190} INFO - [2024-11-20T00:26:24.938+0000] {dagbag.py:588} INFO - Filling up the DagBag from /home/ubuntu/airflow_venv/lib/python3.12/site-packages/airflow/example_dags/example_workday_timetable.py
[2024-11-20T00:26:24.944+0000] {processor.py:925} INFO - DAG(s) 'example_workday_timetable' retrieved from /home/ubuntu/airflow_venv/lib/python3.12/site-packages/airflow/example_dags/example_workday_timetable.py
[2024-11-20T00:26:24.958+0000] {logging_mixin.py:190} INFO - [2024-11-20T00:26:24.958+0000] {dag.py:3239} INFO - Sync 1 DAGs
[2024-11-20T00:26:24.976+0000] {logging_mixin.py:190} INFO - [2024-11-20T00:26:24.976+0000] {dag.py:4180} INFO - Setting next_dagrun for example_workday_timetable to 2021-01-01 00:00:00+00:00, run_after=2021-01-02 00:00:00+00:00
[2024-11-20T00:26:25.001+0000] {processor.py:208} INFO - Processing /home/ubuntu/airflow_venv/lib/python3.12/site-packages/airflow/example_dags/example_workday_timetable.py took 0.073 seconds
[2024-11-20T00:27:40.024+0000] {processor.py:186} INFO - Started process (PID=2769) to work on /home/ubuntu/airflow_venv/lib/python3.12/site-packages/airflow/example_dags/example_workday_timetable.py
[2024-11-20T00:27:40.025+0000] {processor.py:914} INFO - Processing file /home/ubuntu/airflow_venv/lib/python3.12/site-packages/airflow/example_dags/example_workday_timetable.py for tasks to queue
[2024-11-20T00:27:40.029+0000] {logging_mixin.py:190} INFO - [2024-11-20T00:27:40.028+0000] {dagbag.py:588} INFO - Filling up the DagBag from /home/ubuntu/airflow_venv/lib/python3.12/site-packages/airflow/example_dags/example_workday_timetable.py
[2024-11-20T00:27:40.038+0000] {processor.py:925} INFO - DAG(s) 'example_workday_timetable' retrieved from /home/ubuntu/airflow_venv/lib/python3.12/site-packages/airflow/example_dags/example_workday_timetable.py
[2024-11-20T00:27:40.055+0000] {logging_mixin.py:190} INFO - [2024-11-20T00:27:40.055+0000] {dag.py:3239} INFO - Sync 1 DAGs
[2024-11-20T00:27:40.075+0000] {logging_mixin.py:190} INFO - [2024-11-20T00:27:40.075+0000] {dag.py:4180} INFO - Setting next_dagrun for example_workday_timetable to 2021-01-01 00:00:00+00:00, run_after=2021-01-02 00:00:00+00:00
[2024-11-20T00:27:40.103+0000] {processor.py:208} INFO - Processing /home/ubuntu/airflow_venv/lib/python3.12/site-packages/airflow/example_dags/example_workday_timetable.py took 0.085 seconds
[2024-11-20T00:28:37.082+0000] {processor.py:186} INFO - Started process (PID=2891) to work on /home/ubuntu/airflow_venv/lib/python3.12/site-packages/airflow/example_dags/example_workday_timetable.py
[2024-11-20T00:28:37.084+0000] {processor.py:914} INFO - Processing file /home/ubuntu/airflow_venv/lib/python3.12/site-packages/airflow/example_dags/example_workday_timetable.py for tasks to queue
[2024-11-20T00:28:37.086+0000] {logging_mixin.py:190} INFO - [2024-11-20T00:28:37.086+0000] {dagbag.py:588} INFO - Filling up the DagBag from /home/ubuntu/airflow_venv/lib/python3.12/site-packages/airflow/example_dags/example_workday_timetable.py
[2024-11-20T00:28:37.092+0000] {processor.py:925} INFO - DAG(s) 'example_workday_timetable' retrieved from /home/ubuntu/airflow_venv/lib/python3.12/site-packages/airflow/example_dags/example_workday_timetable.py
[2024-11-20T00:28:37.109+0000] {logging_mixin.py:190} INFO - [2024-11-20T00:28:37.109+0000] {dag.py:3239} INFO - Sync 1 DAGs
[2024-11-20T00:28:37.130+0000] {logging_mixin.py:190} INFO - [2024-11-20T00:28:37.130+0000] {dag.py:4180} INFO - Setting next_dagrun for example_workday_timetable to 2021-01-01 00:00:00+00:00, run_after=2021-01-02 00:00:00+00:00
[2024-11-20T00:28:37.154+0000] {processor.py:208} INFO - Processing /home/ubuntu/airflow_venv/lib/python3.12/site-packages/airflow/example_dags/example_workday_timetable.py took 0.078 seconds
[2024-11-20T00:29:41.590+0000] {processor.py:186} INFO - Started process (PID=3021) to work on /home/ubuntu/airflow_venv/lib/python3.12/site-packages/airflow/example_dags/example_workday_timetable.py
[2024-11-20T00:29:41.591+0000] {processor.py:914} INFO - Processing file /home/ubuntu/airflow_venv/lib/python3.12/site-packages/airflow/example_dags/example_workday_timetable.py for tasks to queue
[2024-11-20T00:29:41.593+0000] {logging_mixin.py:190} INFO - [2024-11-20T00:29:41.592+0000] {dagbag.py:588} INFO - Filling up the DagBag from /home/ubuntu/airflow_venv/lib/python3.12/site-packages/airflow/example_dags/example_workday_timetable.py
[2024-11-20T00:29:41.599+0000] {processor.py:925} INFO - DAG(s) 'example_workday_timetable' retrieved from /home/ubuntu/airflow_venv/lib/python3.12/site-packages/airflow/example_dags/example_workday_timetable.py
[2024-11-20T00:29:41.614+0000] {logging_mixin.py:190} INFO - [2024-11-20T00:29:41.613+0000] {dag.py:3239} INFO - Sync 1 DAGs
[2024-11-20T00:29:41.632+0000] {logging_mixin.py:190} INFO - [2024-11-20T00:29:41.632+0000] {dag.py:4180} INFO - Setting next_dagrun for example_workday_timetable to 2021-01-01 00:00:00+00:00, run_after=2021-01-02 00:00:00+00:00
[2024-11-20T00:29:41.655+0000] {processor.py:208} INFO - Processing /home/ubuntu/airflow_venv/lib/python3.12/site-packages/airflow/example_dags/example_workday_timetable.py took 0.070 seconds
[2024-11-20T00:30:38.008+0000] {processor.py:186} INFO - Started process (PID=3083) to work on /home/ubuntu/airflow_venv/lib/python3.12/site-packages/airflow/example_dags/example_workday_timetable.py
[2024-11-20T00:30:38.010+0000] {processor.py:914} INFO - Processing file /home/ubuntu/airflow_venv/lib/python3.12/site-packages/airflow/example_dags/example_workday_timetable.py for tasks to queue
[2024-11-20T00:30:38.011+0000] {logging_mixin.py:190} INFO - [2024-11-20T00:30:38.011+0000] {dagbag.py:588} INFO - Filling up the DagBag from /home/ubuntu/airflow_venv/lib/python3.12/site-packages/airflow/example_dags/example_workday_timetable.py
[2024-11-20T00:30:38.018+0000] {processor.py:925} INFO - DAG(s) 'example_workday_timetable' retrieved from /home/ubuntu/airflow_venv/lib/python3.12/site-packages/airflow/example_dags/example_workday_timetable.py
[2024-11-20T00:30:38.033+0000] {logging_mixin.py:190} INFO - [2024-11-20T00:30:38.033+0000] {dag.py:3239} INFO - Sync 1 DAGs
[2024-11-20T00:30:38.053+0000] {logging_mixin.py:190} INFO - [2024-11-20T00:30:38.053+0000] {dag.py:4180} INFO - Setting next_dagrun for example_workday_timetable to 2021-01-01 00:00:00+00:00, run_after=2021-01-02 00:00:00+00:00
[2024-11-20T00:30:38.073+0000] {processor.py:208} INFO - Processing /home/ubuntu/airflow_venv/lib/python3.12/site-packages/airflow/example_dags/example_workday_timetable.py took 0.071 seconds
[2024-11-20T00:31:34.782+0000] {processor.py:186} INFO - Started process (PID=3275) to work on /home/ubuntu/airflow_venv/lib/python3.12/site-packages/airflow/example_dags/example_workday_timetable.py
[2024-11-20T00:31:34.784+0000] {processor.py:914} INFO - Processing file /home/ubuntu/airflow_venv/lib/python3.12/site-packages/airflow/example_dags/example_workday_timetable.py for tasks to queue
[2024-11-20T00:31:34.785+0000] {logging_mixin.py:190} INFO - [2024-11-20T00:31:34.785+0000] {dagbag.py:588} INFO - Filling up the DagBag from /home/ubuntu/airflow_venv/lib/python3.12/site-packages/airflow/example_dags/example_workday_timetable.py
[2024-11-20T00:31:34.791+0000] {processor.py:925} INFO - DAG(s) 'example_workday_timetable' retrieved from /home/ubuntu/airflow_venv/lib/python3.12/site-packages/airflow/example_dags/example_workday_timetable.py
[2024-11-20T00:31:34.806+0000] {logging_mixin.py:190} INFO - [2024-11-20T00:31:34.806+0000] {dag.py:3239} INFO - Sync 1 DAGs
[2024-11-20T00:31:34.825+0000] {logging_mixin.py:190} INFO - [2024-11-20T00:31:34.825+0000] {dag.py:4180} INFO - Setting next_dagrun for example_workday_timetable to 2021-01-01 00:00:00+00:00, run_after=2021-01-02 00:00:00+00:00
[2024-11-20T00:31:34.845+0000] {processor.py:208} INFO - Processing /home/ubuntu/airflow_venv/lib/python3.12/site-packages/airflow/example_dags/example_workday_timetable.py took 0.068 seconds
[2024-11-20T00:32:27.345+0000] {processor.py:186} INFO - Started process (PID=3335) to work on /home/ubuntu/airflow_venv/lib/python3.12/site-packages/airflow/example_dags/example_workday_timetable.py
[2024-11-20T00:32:27.347+0000] {processor.py:914} INFO - Processing file /home/ubuntu/airflow_venv/lib/python3.12/site-packages/airflow/example_dags/example_workday_timetable.py for tasks to queue
[2024-11-20T00:32:27.348+0000] {logging_mixin.py:190} INFO - [2024-11-20T00:32:27.347+0000] {dagbag.py:588} INFO - Filling up the DagBag from /home/ubuntu/airflow_venv/lib/python3.12/site-packages/airflow/example_dags/example_workday_timetable.py
[2024-11-20T00:32:27.355+0000] {processor.py:925} INFO - DAG(s) 'example_workday_timetable' retrieved from /home/ubuntu/airflow_venv/lib/python3.12/site-packages/airflow/example_dags/example_workday_timetable.py
[2024-11-20T00:32:27.371+0000] {logging_mixin.py:190} INFO - [2024-11-20T00:32:27.370+0000] {dag.py:3239} INFO - Sync 1 DAGs
[2024-11-20T00:32:27.390+0000] {logging_mixin.py:190} INFO - [2024-11-20T00:32:27.390+0000] {dag.py:4180} INFO - Setting next_dagrun for example_workday_timetable to 2021-01-01 00:00:00+00:00, run_after=2021-01-02 00:00:00+00:00
[2024-11-20T00:32:27.412+0000] {processor.py:208} INFO - Processing /home/ubuntu/airflow_venv/lib/python3.12/site-packages/airflow/example_dags/example_workday_timetable.py took 0.073 seconds
[2024-11-20T00:33:21.858+0000] {processor.py:186} INFO - Started process (PID=3902) to work on /home/ubuntu/airflow_venv/lib/python3.12/site-packages/airflow/example_dags/example_workday_timetable.py
[2024-11-20T00:33:21.860+0000] {processor.py:914} INFO - Processing file /home/ubuntu/airflow_venv/lib/python3.12/site-packages/airflow/example_dags/example_workday_timetable.py for tasks to queue
[2024-11-20T00:33:21.862+0000] {logging_mixin.py:190} INFO - [2024-11-20T00:33:21.860+0000] {dagbag.py:588} INFO - Filling up the DagBag from /home/ubuntu/airflow_venv/lib/python3.12/site-packages/airflow/example_dags/example_workday_timetable.py
[2024-11-20T00:33:21.874+0000] {processor.py:925} INFO - DAG(s) 'example_workday_timetable' retrieved from /home/ubuntu/airflow_venv/lib/python3.12/site-packages/airflow/example_dags/example_workday_timetable.py
[2024-11-20T00:33:21.901+0000] {logging_mixin.py:190} INFO - [2024-11-20T00:33:21.901+0000] {dag.py:3239} INFO - Sync 1 DAGs
[2024-11-20T00:33:21.940+0000] {logging_mixin.py:190} INFO - [2024-11-20T00:33:21.940+0000] {dag.py:4180} INFO - Setting next_dagrun for example_workday_timetable to 2021-01-01 00:00:00+00:00, run_after=2021-01-02 00:00:00+00:00
[2024-11-20T00:33:21.978+0000] {processor.py:208} INFO - Processing /home/ubuntu/airflow_venv/lib/python3.12/site-packages/airflow/example_dags/example_workday_timetable.py took 0.136 seconds
[2024-11-20T00:34:25.526+0000] {processor.py:186} INFO - Started process (PID=4035) to work on /home/ubuntu/airflow_venv/lib/python3.12/site-packages/airflow/example_dags/example_workday_timetable.py
[2024-11-20T00:34:25.529+0000] {processor.py:914} INFO - Processing file /home/ubuntu/airflow_venv/lib/python3.12/site-packages/airflow/example_dags/example_workday_timetable.py for tasks to queue
[2024-11-20T00:34:25.530+0000] {logging_mixin.py:190} INFO - [2024-11-20T00:34:25.529+0000] {dagbag.py:588} INFO - Filling up the DagBag from /home/ubuntu/airflow_venv/lib/python3.12/site-packages/airflow/example_dags/example_workday_timetable.py
[2024-11-20T00:34:25.536+0000] {processor.py:925} INFO - DAG(s) 'example_workday_timetable' retrieved from /home/ubuntu/airflow_venv/lib/python3.12/site-packages/airflow/example_dags/example_workday_timetable.py
[2024-11-20T00:34:25.550+0000] {logging_mixin.py:190} INFO - [2024-11-20T00:34:25.550+0000] {dag.py:3239} INFO - Sync 1 DAGs
[2024-11-20T00:34:25.569+0000] {logging_mixin.py:190} INFO - [2024-11-20T00:34:25.569+0000] {dag.py:4180} INFO - Setting next_dagrun for example_workday_timetable to 2021-01-01 00:00:00+00:00, run_after=2021-01-02 00:00:00+00:00
[2024-11-20T00:34:25.591+0000] {processor.py:208} INFO - Processing /home/ubuntu/airflow_venv/lib/python3.12/site-packages/airflow/example_dags/example_workday_timetable.py took 0.072 seconds
[2024-11-20T00:35:23.502+0000] {processor.py:186} INFO - Started process (PID=4120) to work on /home/ubuntu/airflow_venv/lib/python3.12/site-packages/airflow/example_dags/example_workday_timetable.py
[2024-11-20T00:35:23.504+0000] {processor.py:914} INFO - Processing file /home/ubuntu/airflow_venv/lib/python3.12/site-packages/airflow/example_dags/example_workday_timetable.py for tasks to queue
[2024-11-20T00:35:23.505+0000] {logging_mixin.py:190} INFO - [2024-11-20T00:35:23.505+0000] {dagbag.py:588} INFO - Filling up the DagBag from /home/ubuntu/airflow_venv/lib/python3.12/site-packages/airflow/example_dags/example_workday_timetable.py
[2024-11-20T00:35:23.511+0000] {processor.py:925} INFO - DAG(s) 'example_workday_timetable' retrieved from /home/ubuntu/airflow_venv/lib/python3.12/site-packages/airflow/example_dags/example_workday_timetable.py
[2024-11-20T00:35:23.526+0000] {logging_mixin.py:190} INFO - [2024-11-20T00:35:23.526+0000] {dag.py:3239} INFO - Sync 1 DAGs
[2024-11-20T00:35:23.545+0000] {logging_mixin.py:190} INFO - [2024-11-20T00:35:23.545+0000] {dag.py:4180} INFO - Setting next_dagrun for example_workday_timetable to 2021-01-01 00:00:00+00:00, run_after=2021-01-02 00:00:00+00:00
[2024-11-20T00:35:23.567+0000] {processor.py:208} INFO - Processing /home/ubuntu/airflow_venv/lib/python3.12/site-packages/airflow/example_dags/example_workday_timetable.py took 0.074 seconds
[2024-11-20T00:36:18.928+0000] {processor.py:186} INFO - Started process (PID=4178) to work on /home/ubuntu/airflow_venv/lib/python3.12/site-packages/airflow/example_dags/example_workday_timetable.py
[2024-11-20T00:36:18.930+0000] {processor.py:914} INFO - Processing file /home/ubuntu/airflow_venv/lib/python3.12/site-packages/airflow/example_dags/example_workday_timetable.py for tasks to queue
[2024-11-20T00:36:18.931+0000] {logging_mixin.py:190} INFO - [2024-11-20T00:36:18.931+0000] {dagbag.py:588} INFO - Filling up the DagBag from /home/ubuntu/airflow_venv/lib/python3.12/site-packages/airflow/example_dags/example_workday_timetable.py
[2024-11-20T00:36:18.937+0000] {processor.py:925} INFO - DAG(s) 'example_workday_timetable' retrieved from /home/ubuntu/airflow_venv/lib/python3.12/site-packages/airflow/example_dags/example_workday_timetable.py
[2024-11-20T00:36:18.953+0000] {logging_mixin.py:190} INFO - [2024-11-20T00:36:18.952+0000] {dag.py:3239} INFO - Sync 1 DAGs
[2024-11-20T00:36:18.972+0000] {logging_mixin.py:190} INFO - [2024-11-20T00:36:18.971+0000] {dag.py:4180} INFO - Setting next_dagrun for example_workday_timetable to 2021-01-01 00:00:00+00:00, run_after=2021-01-02 00:00:00+00:00
[2024-11-20T00:36:18.994+0000] {processor.py:208} INFO - Processing /home/ubuntu/airflow_venv/lib/python3.12/site-packages/airflow/example_dags/example_workday_timetable.py took 0.074 seconds
[2024-11-20T00:37:11.551+0000] {processor.py:186} INFO - Started process (PID=4233) to work on /home/ubuntu/airflow_venv/lib/python3.12/site-packages/airflow/example_dags/example_workday_timetable.py
[2024-11-20T00:37:11.552+0000] {processor.py:914} INFO - Processing file /home/ubuntu/airflow_venv/lib/python3.12/site-packages/airflow/example_dags/example_workday_timetable.py for tasks to queue
[2024-11-20T00:37:11.553+0000] {logging_mixin.py:190} INFO - [2024-11-20T00:37:11.553+0000] {dagbag.py:588} INFO - Filling up the DagBag from /home/ubuntu/airflow_venv/lib/python3.12/site-packages/airflow/example_dags/example_workday_timetable.py
[2024-11-20T00:37:11.560+0000] {processor.py:925} INFO - DAG(s) 'example_workday_timetable' retrieved from /home/ubuntu/airflow_venv/lib/python3.12/site-packages/airflow/example_dags/example_workday_timetable.py
[2024-11-20T00:37:11.575+0000] {logging_mixin.py:190} INFO - [2024-11-20T00:37:11.575+0000] {dag.py:3239} INFO - Sync 1 DAGs
[2024-11-20T00:37:11.594+0000] {logging_mixin.py:190} INFO - [2024-11-20T00:37:11.594+0000] {dag.py:4180} INFO - Setting next_dagrun for example_workday_timetable to 2021-01-01 00:00:00+00:00, run_after=2021-01-02 00:00:00+00:00
[2024-11-20T00:37:11.616+0000] {processor.py:208} INFO - Processing /home/ubuntu/airflow_venv/lib/python3.12/site-packages/airflow/example_dags/example_workday_timetable.py took 0.073 seconds
[2024-11-20T00:38:08.259+0000] {processor.py:186} INFO - Started process (PID=4318) to work on /home/ubuntu/airflow_venv/lib/python3.12/site-packages/airflow/example_dags/example_workday_timetable.py
[2024-11-20T00:38:08.260+0000] {processor.py:914} INFO - Processing file /home/ubuntu/airflow_venv/lib/python3.12/site-packages/airflow/example_dags/example_workday_timetable.py for tasks to queue
[2024-11-20T00:38:08.262+0000] {logging_mixin.py:190} INFO - [2024-11-20T00:38:08.262+0000] {dagbag.py:588} INFO - Filling up the DagBag from /home/ubuntu/airflow_venv/lib/python3.12/site-packages/airflow/example_dags/example_workday_timetable.py
[2024-11-20T00:38:08.268+0000] {processor.py:925} INFO - DAG(s) 'example_workday_timetable' retrieved from /home/ubuntu/airflow_venv/lib/python3.12/site-packages/airflow/example_dags/example_workday_timetable.py
[2024-11-20T00:38:08.283+0000] {logging_mixin.py:190} INFO - [2024-11-20T00:38:08.283+0000] {dag.py:3239} INFO - Sync 1 DAGs
[2024-11-20T00:38:08.303+0000] {logging_mixin.py:190} INFO - [2024-11-20T00:38:08.302+0000] {dag.py:4180} INFO - Setting next_dagrun for example_workday_timetable to 2021-01-01 00:00:00+00:00, run_after=2021-01-02 00:00:00+00:00
[2024-11-20T00:38:08.323+0000] {processor.py:208} INFO - Processing /home/ubuntu/airflow_venv/lib/python3.12/site-packages/airflow/example_dags/example_workday_timetable.py took 0.072 seconds
[2024-11-20T00:39:04.013+0000] {processor.py:186} INFO - Started process (PID=4376) to work on /home/ubuntu/airflow_venv/lib/python3.12/site-packages/airflow/example_dags/example_workday_timetable.py
[2024-11-20T00:39:04.015+0000] {processor.py:914} INFO - Processing file /home/ubuntu/airflow_venv/lib/python3.12/site-packages/airflow/example_dags/example_workday_timetable.py for tasks to queue
[2024-11-20T00:39:04.016+0000] {logging_mixin.py:190} INFO - [2024-11-20T00:39:04.015+0000] {dagbag.py:588} INFO - Filling up the DagBag from /home/ubuntu/airflow_venv/lib/python3.12/site-packages/airflow/example_dags/example_workday_timetable.py
[2024-11-20T00:39:04.022+0000] {processor.py:925} INFO - DAG(s) 'example_workday_timetable' retrieved from /home/ubuntu/airflow_venv/lib/python3.12/site-packages/airflow/example_dags/example_workday_timetable.py
[2024-11-20T00:39:04.036+0000] {logging_mixin.py:190} INFO - [2024-11-20T00:39:04.036+0000] {dag.py:3239} INFO - Sync 1 DAGs
[2024-11-20T00:39:04.055+0000] {logging_mixin.py:190} INFO - [2024-11-20T00:39:04.055+0000] {dag.py:4180} INFO - Setting next_dagrun for example_workday_timetable to 2021-01-01 00:00:00+00:00, run_after=2021-01-02 00:00:00+00:00
[2024-11-20T00:39:04.078+0000] {processor.py:208} INFO - Processing /home/ubuntu/airflow_venv/lib/python3.12/site-packages/airflow/example_dags/example_workday_timetable.py took 0.073 seconds
[2024-11-20T00:40:08.126+0000] {processor.py:186} INFO - Started process (PID=4471) to work on /home/ubuntu/airflow_venv/lib/python3.12/site-packages/airflow/example_dags/example_workday_timetable.py
[2024-11-20T00:40:08.128+0000] {processor.py:914} INFO - Processing file /home/ubuntu/airflow_venv/lib/python3.12/site-packages/airflow/example_dags/example_workday_timetable.py for tasks to queue
[2024-11-20T00:40:08.131+0000] {logging_mixin.py:190} INFO - [2024-11-20T00:40:08.130+0000] {dagbag.py:588} INFO - Filling up the DagBag from /home/ubuntu/airflow_venv/lib/python3.12/site-packages/airflow/example_dags/example_workday_timetable.py
[2024-11-20T00:40:08.137+0000] {processor.py:925} INFO - DAG(s) 'example_workday_timetable' retrieved from /home/ubuntu/airflow_venv/lib/python3.12/site-packages/airflow/example_dags/example_workday_timetable.py
[2024-11-20T00:40:08.151+0000] {logging_mixin.py:190} INFO - [2024-11-20T00:40:08.151+0000] {dag.py:3239} INFO - Sync 1 DAGs
[2024-11-20T00:40:08.170+0000] {logging_mixin.py:190} INFO - [2024-11-20T00:40:08.170+0000] {dag.py:4180} INFO - Setting next_dagrun for example_workday_timetable to 2021-01-01 00:00:00+00:00, run_after=2021-01-02 00:00:00+00:00
[2024-11-20T00:40:08.193+0000] {processor.py:208} INFO - Processing /home/ubuntu/airflow_venv/lib/python3.12/site-packages/airflow/example_dags/example_workday_timetable.py took 0.074 seconds
[2024-11-20T00:41:05.190+0000] {processor.py:186} INFO - Started process (PID=4533) to work on /home/ubuntu/airflow_venv/lib/python3.12/site-packages/airflow/example_dags/example_workday_timetable.py
[2024-11-20T00:41:05.193+0000] {processor.py:914} INFO - Processing file /home/ubuntu/airflow_venv/lib/python3.12/site-packages/airflow/example_dags/example_workday_timetable.py for tasks to queue
[2024-11-20T00:41:05.194+0000] {logging_mixin.py:190} INFO - [2024-11-20T00:41:05.193+0000] {dagbag.py:588} INFO - Filling up the DagBag from /home/ubuntu/airflow_venv/lib/python3.12/site-packages/airflow/example_dags/example_workday_timetable.py
[2024-11-20T00:41:05.199+0000] {processor.py:925} INFO - DAG(s) 'example_workday_timetable' retrieved from /home/ubuntu/airflow_venv/lib/python3.12/site-packages/airflow/example_dags/example_workday_timetable.py
[2024-11-20T00:41:05.214+0000] {logging_mixin.py:190} INFO - [2024-11-20T00:41:05.214+0000] {dag.py:3239} INFO - Sync 1 DAGs
[2024-11-20T00:41:05.233+0000] {logging_mixin.py:190} INFO - [2024-11-20T00:41:05.233+0000] {dag.py:4180} INFO - Setting next_dagrun for example_workday_timetable to 2021-01-01 00:00:00+00:00, run_after=2021-01-02 00:00:00+00:00
[2024-11-20T00:41:05.259+0000] {processor.py:208} INFO - Processing /home/ubuntu/airflow_venv/lib/python3.12/site-packages/airflow/example_dags/example_workday_timetable.py took 0.075 seconds
[2024-11-20T00:41:56.674+0000] {processor.py:186} INFO - Started process (PID=4588) to work on /home/ubuntu/airflow_venv/lib/python3.12/site-packages/airflow/example_dags/example_workday_timetable.py
[2024-11-20T00:41:56.676+0000] {processor.py:914} INFO - Processing file /home/ubuntu/airflow_venv/lib/python3.12/site-packages/airflow/example_dags/example_workday_timetable.py for tasks to queue
[2024-11-20T00:41:56.677+0000] {logging_mixin.py:190} INFO - [2024-11-20T00:41:56.677+0000] {dagbag.py:588} INFO - Filling up the DagBag from /home/ubuntu/airflow_venv/lib/python3.12/site-packages/airflow/example_dags/example_workday_timetable.py
[2024-11-20T00:41:56.683+0000] {processor.py:925} INFO - DAG(s) 'example_workday_timetable' retrieved from /home/ubuntu/airflow_venv/lib/python3.12/site-packages/airflow/example_dags/example_workday_timetable.py
[2024-11-20T00:41:56.698+0000] {logging_mixin.py:190} INFO - [2024-11-20T00:41:56.698+0000] {dag.py:3239} INFO - Sync 1 DAGs
[2024-11-20T00:41:56.717+0000] {logging_mixin.py:190} INFO - [2024-11-20T00:41:56.717+0000] {dag.py:4180} INFO - Setting next_dagrun for example_workday_timetable to 2021-01-01 00:00:00+00:00, run_after=2021-01-02 00:00:00+00:00
[2024-11-20T00:41:56.740+0000] {processor.py:208} INFO - Processing /home/ubuntu/airflow_venv/lib/python3.12/site-packages/airflow/example_dags/example_workday_timetable.py took 0.073 seconds
[2024-11-20T00:42:50.344+0000] {processor.py:186} INFO - Started process (PID=4643) to work on /home/ubuntu/airflow_venv/lib/python3.12/site-packages/airflow/example_dags/example_workday_timetable.py
[2024-11-20T00:42:50.346+0000] {processor.py:914} INFO - Processing file /home/ubuntu/airflow_venv/lib/python3.12/site-packages/airflow/example_dags/example_workday_timetable.py for tasks to queue
[2024-11-20T00:42:50.348+0000] {logging_mixin.py:190} INFO - [2024-11-20T00:42:50.347+0000] {dagbag.py:588} INFO - Filling up the DagBag from /home/ubuntu/airflow_venv/lib/python3.12/site-packages/airflow/example_dags/example_workday_timetable.py
[2024-11-20T00:42:50.354+0000] {processor.py:925} INFO - DAG(s) 'example_workday_timetable' retrieved from /home/ubuntu/airflow_venv/lib/python3.12/site-packages/airflow/example_dags/example_workday_timetable.py
[2024-11-20T00:42:50.368+0000] {logging_mixin.py:190} INFO - [2024-11-20T00:42:50.368+0000] {dag.py:3239} INFO - Sync 1 DAGs
[2024-11-20T00:42:50.389+0000] {logging_mixin.py:190} INFO - [2024-11-20T00:42:50.389+0000] {dag.py:4180} INFO - Setting next_dagrun for example_workday_timetable to 2021-01-01 00:00:00+00:00, run_after=2021-01-02 00:00:00+00:00
[2024-11-20T00:42:50.415+0000] {processor.py:208} INFO - Processing /home/ubuntu/airflow_venv/lib/python3.12/site-packages/airflow/example_dags/example_workday_timetable.py took 0.086 seconds
[2024-11-20T00:43:47.281+0000] {processor.py:186} INFO - Started process (PID=4702) to work on /home/ubuntu/airflow_venv/lib/python3.12/site-packages/airflow/example_dags/example_workday_timetable.py
[2024-11-20T00:43:47.283+0000] {processor.py:914} INFO - Processing file /home/ubuntu/airflow_venv/lib/python3.12/site-packages/airflow/example_dags/example_workday_timetable.py for tasks to queue
[2024-11-20T00:43:47.284+0000] {logging_mixin.py:190} INFO - [2024-11-20T00:43:47.283+0000] {dagbag.py:588} INFO - Filling up the DagBag from /home/ubuntu/airflow_venv/lib/python3.12/site-packages/airflow/example_dags/example_workday_timetable.py
[2024-11-20T00:43:47.290+0000] {processor.py:925} INFO - DAG(s) 'example_workday_timetable' retrieved from /home/ubuntu/airflow_venv/lib/python3.12/site-packages/airflow/example_dags/example_workday_timetable.py
[2024-11-20T00:43:47.305+0000] {logging_mixin.py:190} INFO - [2024-11-20T00:43:47.304+0000] {dag.py:3239} INFO - Sync 1 DAGs
[2024-11-20T00:43:47.323+0000] {logging_mixin.py:190} INFO - [2024-11-20T00:43:47.323+0000] {dag.py:4180} INFO - Setting next_dagrun for example_workday_timetable to 2021-01-01 00:00:00+00:00, run_after=2021-01-02 00:00:00+00:00
[2024-11-20T00:43:47.345+0000] {processor.py:208} INFO - Processing /home/ubuntu/airflow_venv/lib/python3.12/site-packages/airflow/example_dags/example_workday_timetable.py took 0.071 seconds
[2024-11-20T00:44:40.692+0000] {processor.py:186} INFO - Started process (PID=4757) to work on /home/ubuntu/airflow_venv/lib/python3.12/site-packages/airflow/example_dags/example_workday_timetable.py
[2024-11-20T00:44:40.693+0000] {processor.py:914} INFO - Processing file /home/ubuntu/airflow_venv/lib/python3.12/site-packages/airflow/example_dags/example_workday_timetable.py for tasks to queue
[2024-11-20T00:44:40.694+0000] {logging_mixin.py:190} INFO - [2024-11-20T00:44:40.693+0000] {dagbag.py:588} INFO - Filling up the DagBag from /home/ubuntu/airflow_venv/lib/python3.12/site-packages/airflow/example_dags/example_workday_timetable.py
[2024-11-20T00:44:40.701+0000] {processor.py:925} INFO - DAG(s) 'example_workday_timetable' retrieved from /home/ubuntu/airflow_venv/lib/python3.12/site-packages/airflow/example_dags/example_workday_timetable.py
[2024-11-20T00:44:40.716+0000] {logging_mixin.py:190} INFO - [2024-11-20T00:44:40.716+0000] {dag.py:3239} INFO - Sync 1 DAGs
[2024-11-20T00:44:40.737+0000] {logging_mixin.py:190} INFO - [2024-11-20T00:44:40.736+0000] {dag.py:4180} INFO - Setting next_dagrun for example_workday_timetable to 2021-01-01 00:00:00+00:00, run_after=2021-01-02 00:00:00+00:00
[2024-11-20T00:44:40.758+0000] {processor.py:208} INFO - Processing /home/ubuntu/airflow_venv/lib/python3.12/site-packages/airflow/example_dags/example_workday_timetable.py took 0.074 seconds
[2024-11-20T00:45:36.613+0000] {processor.py:186} INFO - Started process (PID=4817) to work on /home/ubuntu/airflow_venv/lib/python3.12/site-packages/airflow/example_dags/example_workday_timetable.py
[2024-11-20T00:45:36.614+0000] {processor.py:914} INFO - Processing file /home/ubuntu/airflow_venv/lib/python3.12/site-packages/airflow/example_dags/example_workday_timetable.py for tasks to queue
[2024-11-20T00:45:36.616+0000] {logging_mixin.py:190} INFO - [2024-11-20T00:45:36.615+0000] {dagbag.py:588} INFO - Filling up the DagBag from /home/ubuntu/airflow_venv/lib/python3.12/site-packages/airflow/example_dags/example_workday_timetable.py
[2024-11-20T00:45:36.622+0000] {processor.py:925} INFO - DAG(s) 'example_workday_timetable' retrieved from /home/ubuntu/airflow_venv/lib/python3.12/site-packages/airflow/example_dags/example_workday_timetable.py
[2024-11-20T00:45:36.636+0000] {logging_mixin.py:190} INFO - [2024-11-20T00:45:36.636+0000] {dag.py:3239} INFO - Sync 1 DAGs
[2024-11-20T00:45:36.655+0000] {logging_mixin.py:190} INFO - [2024-11-20T00:45:36.654+0000] {dag.py:4180} INFO - Setting next_dagrun for example_workday_timetable to 2021-01-01 00:00:00+00:00, run_after=2021-01-02 00:00:00+00:00
[2024-11-20T00:45:36.677+0000] {processor.py:208} INFO - Processing /home/ubuntu/airflow_venv/lib/python3.12/site-packages/airflow/example_dags/example_workday_timetable.py took 0.070 seconds
[2024-11-20T00:46:30.759+0000] {processor.py:186} INFO - Started process (PID=4874) to work on /home/ubuntu/airflow_venv/lib/python3.12/site-packages/airflow/example_dags/example_workday_timetable.py
[2024-11-20T00:46:30.762+0000] {processor.py:914} INFO - Processing file /home/ubuntu/airflow_venv/lib/python3.12/site-packages/airflow/example_dags/example_workday_timetable.py for tasks to queue
[2024-11-20T00:46:30.763+0000] {logging_mixin.py:190} INFO - [2024-11-20T00:46:30.763+0000] {dagbag.py:588} INFO - Filling up the DagBag from /home/ubuntu/airflow_venv/lib/python3.12/site-packages/airflow/example_dags/example_workday_timetable.py
[2024-11-20T00:46:30.769+0000] {processor.py:925} INFO - DAG(s) 'example_workday_timetable' retrieved from /home/ubuntu/airflow_venv/lib/python3.12/site-packages/airflow/example_dags/example_workday_timetable.py
[2024-11-20T00:46:30.784+0000] {logging_mixin.py:190} INFO - [2024-11-20T00:46:30.783+0000] {dag.py:3239} INFO - Sync 1 DAGs
[2024-11-20T00:46:30.802+0000] {logging_mixin.py:190} INFO - [2024-11-20T00:46:30.802+0000] {dag.py:4180} INFO - Setting next_dagrun for example_workday_timetable to 2021-01-01 00:00:00+00:00, run_after=2021-01-02 00:00:00+00:00
[2024-11-20T00:46:30.824+0000] {processor.py:208} INFO - Processing /home/ubuntu/airflow_venv/lib/python3.12/site-packages/airflow/example_dags/example_workday_timetable.py took 0.071 seconds
[2024-11-20T00:47:22.768+0000] {processor.py:186} INFO - Started process (PID=4928) to work on /home/ubuntu/airflow_venv/lib/python3.12/site-packages/airflow/example_dags/example_workday_timetable.py
[2024-11-20T00:47:22.770+0000] {processor.py:914} INFO - Processing file /home/ubuntu/airflow_venv/lib/python3.12/site-packages/airflow/example_dags/example_workday_timetable.py for tasks to queue
[2024-11-20T00:47:22.771+0000] {logging_mixin.py:190} INFO - [2024-11-20T00:47:22.771+0000] {dagbag.py:588} INFO - Filling up the DagBag from /home/ubuntu/airflow_venv/lib/python3.12/site-packages/airflow/example_dags/example_workday_timetable.py
[2024-11-20T00:47:22.777+0000] {processor.py:925} INFO - DAG(s) 'example_workday_timetable' retrieved from /home/ubuntu/airflow_venv/lib/python3.12/site-packages/airflow/example_dags/example_workday_timetable.py
[2024-11-20T00:47:22.791+0000] {logging_mixin.py:190} INFO - [2024-11-20T00:47:22.791+0000] {dag.py:3239} INFO - Sync 1 DAGs
[2024-11-20T00:47:22.809+0000] {logging_mixin.py:190} INFO - [2024-11-20T00:47:22.809+0000] {dag.py:4180} INFO - Setting next_dagrun for example_workday_timetable to 2021-01-01 00:00:00+00:00, run_after=2021-01-02 00:00:00+00:00
[2024-11-20T00:47:22.832+0000] {processor.py:208} INFO - Processing /home/ubuntu/airflow_venv/lib/python3.12/site-packages/airflow/example_dags/example_workday_timetable.py took 0.071 seconds
[2024-11-20T00:48:14.721+0000] {processor.py:186} INFO - Started process (PID=4982) to work on /home/ubuntu/airflow_venv/lib/python3.12/site-packages/airflow/example_dags/example_workday_timetable.py
[2024-11-20T00:48:14.722+0000] {processor.py:914} INFO - Processing file /home/ubuntu/airflow_venv/lib/python3.12/site-packages/airflow/example_dags/example_workday_timetable.py for tasks to queue
[2024-11-20T00:48:14.723+0000] {logging_mixin.py:190} INFO - [2024-11-20T00:48:14.723+0000] {dagbag.py:588} INFO - Filling up the DagBag from /home/ubuntu/airflow_venv/lib/python3.12/site-packages/airflow/example_dags/example_workday_timetable.py
[2024-11-20T00:48:14.730+0000] {processor.py:925} INFO - DAG(s) 'example_workday_timetable' retrieved from /home/ubuntu/airflow_venv/lib/python3.12/site-packages/airflow/example_dags/example_workday_timetable.py
[2024-11-20T00:48:14.745+0000] {logging_mixin.py:190} INFO - [2024-11-20T00:48:14.744+0000] {dag.py:3239} INFO - Sync 1 DAGs
[2024-11-20T00:48:14.763+0000] {logging_mixin.py:190} INFO - [2024-11-20T00:48:14.763+0000] {dag.py:4180} INFO - Setting next_dagrun for example_workday_timetable to 2021-01-01 00:00:00+00:00, run_after=2021-01-02 00:00:00+00:00
[2024-11-20T00:48:14.784+0000] {processor.py:208} INFO - Processing /home/ubuntu/airflow_venv/lib/python3.12/site-packages/airflow/example_dags/example_workday_timetable.py took 0.070 seconds
[2024-11-20T00:49:09.625+0000] {processor.py:186} INFO - Started process (PID=5039) to work on /home/ubuntu/airflow_venv/lib/python3.12/site-packages/airflow/example_dags/example_workday_timetable.py
[2024-11-20T00:49:09.626+0000] {processor.py:914} INFO - Processing file /home/ubuntu/airflow_venv/lib/python3.12/site-packages/airflow/example_dags/example_workday_timetable.py for tasks to queue
[2024-11-20T00:49:09.628+0000] {logging_mixin.py:190} INFO - [2024-11-20T00:49:09.627+0000] {dagbag.py:588} INFO - Filling up the DagBag from /home/ubuntu/airflow_venv/lib/python3.12/site-packages/airflow/example_dags/example_workday_timetable.py
[2024-11-20T00:49:09.634+0000] {processor.py:925} INFO - DAG(s) 'example_workday_timetable' retrieved from /home/ubuntu/airflow_venv/lib/python3.12/site-packages/airflow/example_dags/example_workday_timetable.py
[2024-11-20T00:49:09.650+0000] {logging_mixin.py:190} INFO - [2024-11-20T00:49:09.648+0000] {dag.py:3239} INFO - Sync 1 DAGs
[2024-11-20T00:49:09.669+0000] {logging_mixin.py:190} INFO - [2024-11-20T00:49:09.669+0000] {dag.py:4180} INFO - Setting next_dagrun for example_workday_timetable to 2021-01-01 00:00:00+00:00, run_after=2021-01-02 00:00:00+00:00
[2024-11-20T00:49:09.690+0000] {processor.py:208} INFO - Processing /home/ubuntu/airflow_venv/lib/python3.12/site-packages/airflow/example_dags/example_workday_timetable.py took 0.072 seconds
[2024-11-20T00:50:03.284+0000] {processor.py:186} INFO - Started process (PID=5095) to work on /home/ubuntu/airflow_venv/lib/python3.12/site-packages/airflow/example_dags/example_workday_timetable.py
[2024-11-20T00:50:03.286+0000] {processor.py:914} INFO - Processing file /home/ubuntu/airflow_venv/lib/python3.12/site-packages/airflow/example_dags/example_workday_timetable.py for tasks to queue
[2024-11-20T00:50:03.287+0000] {logging_mixin.py:190} INFO - [2024-11-20T00:50:03.286+0000] {dagbag.py:588} INFO - Filling up the DagBag from /home/ubuntu/airflow_venv/lib/python3.12/site-packages/airflow/example_dags/example_workday_timetable.py
[2024-11-20T00:50:03.294+0000] {processor.py:925} INFO - DAG(s) 'example_workday_timetable' retrieved from /home/ubuntu/airflow_venv/lib/python3.12/site-packages/airflow/example_dags/example_workday_timetable.py
[2024-11-20T00:50:03.308+0000] {logging_mixin.py:190} INFO - [2024-11-20T00:50:03.308+0000] {dag.py:3239} INFO - Sync 1 DAGs
[2024-11-20T00:50:03.330+0000] {logging_mixin.py:190} INFO - [2024-11-20T00:50:03.330+0000] {dag.py:4180} INFO - Setting next_dagrun for example_workday_timetable to 2021-01-01 00:00:00+00:00, run_after=2021-01-02 00:00:00+00:00
[2024-11-20T00:50:03.352+0000] {processor.py:208} INFO - Processing /home/ubuntu/airflow_venv/lib/python3.12/site-packages/airflow/example_dags/example_workday_timetable.py took 0.075 seconds
[2024-11-20T00:50:57.194+0000] {processor.py:186} INFO - Started process (PID=5153) to work on /home/ubuntu/airflow_venv/lib/python3.12/site-packages/airflow/example_dags/example_workday_timetable.py
[2024-11-20T00:50:57.195+0000] {processor.py:914} INFO - Processing file /home/ubuntu/airflow_venv/lib/python3.12/site-packages/airflow/example_dags/example_workday_timetable.py for tasks to queue
[2024-11-20T00:50:57.197+0000] {logging_mixin.py:190} INFO - [2024-11-20T00:50:57.196+0000] {dagbag.py:588} INFO - Filling up the DagBag from /home/ubuntu/airflow_venv/lib/python3.12/site-packages/airflow/example_dags/example_workday_timetable.py
[2024-11-20T00:50:57.204+0000] {processor.py:925} INFO - DAG(s) 'example_workday_timetable' retrieved from /home/ubuntu/airflow_venv/lib/python3.12/site-packages/airflow/example_dags/example_workday_timetable.py
[2024-11-20T00:50:57.228+0000] {logging_mixin.py:190} INFO - [2024-11-20T00:50:57.227+0000] {dag.py:3239} INFO - Sync 1 DAGs
[2024-11-20T00:50:57.246+0000] {logging_mixin.py:190} INFO - [2024-11-20T00:50:57.246+0000] {dag.py:4180} INFO - Setting next_dagrun for example_workday_timetable to 2021-01-01 00:00:00+00:00, run_after=2021-01-02 00:00:00+00:00
[2024-11-20T00:50:57.268+0000] {processor.py:208} INFO - Processing /home/ubuntu/airflow_venv/lib/python3.12/site-packages/airflow/example_dags/example_workday_timetable.py took 0.082 seconds
[2024-11-20T00:51:55.757+0000] {processor.py:186} INFO - Started process (PID=5212) to work on /home/ubuntu/airflow_venv/lib/python3.12/site-packages/airflow/example_dags/example_workday_timetable.py
[2024-11-20T00:51:55.760+0000] {processor.py:914} INFO - Processing file /home/ubuntu/airflow_venv/lib/python3.12/site-packages/airflow/example_dags/example_workday_timetable.py for tasks to queue
[2024-11-20T00:51:55.761+0000] {logging_mixin.py:190} INFO - [2024-11-20T00:51:55.760+0000] {dagbag.py:588} INFO - Filling up the DagBag from /home/ubuntu/airflow_venv/lib/python3.12/site-packages/airflow/example_dags/example_workday_timetable.py
[2024-11-20T00:51:55.767+0000] {processor.py:925} INFO - DAG(s) 'example_workday_timetable' retrieved from /home/ubuntu/airflow_venv/lib/python3.12/site-packages/airflow/example_dags/example_workday_timetable.py
[2024-11-20T00:51:55.782+0000] {logging_mixin.py:190} INFO - [2024-11-20T00:51:55.782+0000] {dag.py:3239} INFO - Sync 1 DAGs
[2024-11-20T00:51:55.801+0000] {logging_mixin.py:190} INFO - [2024-11-20T00:51:55.801+0000] {dag.py:4180} INFO - Setting next_dagrun for example_workday_timetable to 2021-01-01 00:00:00+00:00, run_after=2021-01-02 00:00:00+00:00
[2024-11-20T00:51:55.822+0000] {processor.py:208} INFO - Processing /home/ubuntu/airflow_venv/lib/python3.12/site-packages/airflow/example_dags/example_workday_timetable.py took 0.072 seconds
[2024-11-20T00:52:50.050+0000] {processor.py:186} INFO - Started process (PID=5268) to work on /home/ubuntu/airflow_venv/lib/python3.12/site-packages/airflow/example_dags/example_workday_timetable.py
[2024-11-20T00:52:50.052+0000] {processor.py:914} INFO - Processing file /home/ubuntu/airflow_venv/lib/python3.12/site-packages/airflow/example_dags/example_workday_timetable.py for tasks to queue
[2024-11-20T00:52:50.053+0000] {logging_mixin.py:190} INFO - [2024-11-20T00:52:50.052+0000] {dagbag.py:588} INFO - Filling up the DagBag from /home/ubuntu/airflow_venv/lib/python3.12/site-packages/airflow/example_dags/example_workday_timetable.py
[2024-11-20T00:52:50.058+0000] {processor.py:925} INFO - DAG(s) 'example_workday_timetable' retrieved from /home/ubuntu/airflow_venv/lib/python3.12/site-packages/airflow/example_dags/example_workday_timetable.py
[2024-11-20T00:52:50.073+0000] {logging_mixin.py:190} INFO - [2024-11-20T00:52:50.073+0000] {dag.py:3239} INFO - Sync 1 DAGs
[2024-11-20T00:52:50.092+0000] {logging_mixin.py:190} INFO - [2024-11-20T00:52:50.092+0000] {dag.py:4180} INFO - Setting next_dagrun for example_workday_timetable to 2021-01-01 00:00:00+00:00, run_after=2021-01-02 00:00:00+00:00
[2024-11-20T00:52:50.113+0000] {processor.py:208} INFO - Processing /home/ubuntu/airflow_venv/lib/python3.12/site-packages/airflow/example_dags/example_workday_timetable.py took 0.071 seconds
[2024-11-20T00:53:48.086+0000] {processor.py:186} INFO - Started process (PID=5326) to work on /home/ubuntu/airflow_venv/lib/python3.12/site-packages/airflow/example_dags/example_workday_timetable.py
[2024-11-20T00:53:48.087+0000] {processor.py:914} INFO - Processing file /home/ubuntu/airflow_venv/lib/python3.12/site-packages/airflow/example_dags/example_workday_timetable.py for tasks to queue
[2024-11-20T00:53:48.090+0000] {logging_mixin.py:190} INFO - [2024-11-20T00:53:48.088+0000] {dagbag.py:588} INFO - Filling up the DagBag from /home/ubuntu/airflow_venv/lib/python3.12/site-packages/airflow/example_dags/example_workday_timetable.py
[2024-11-20T00:53:48.095+0000] {processor.py:925} INFO - DAG(s) 'example_workday_timetable' retrieved from /home/ubuntu/airflow_venv/lib/python3.12/site-packages/airflow/example_dags/example_workday_timetable.py
[2024-11-20T00:53:48.109+0000] {logging_mixin.py:190} INFO - [2024-11-20T00:53:48.109+0000] {dag.py:3239} INFO - Sync 1 DAGs
[2024-11-20T00:53:48.129+0000] {logging_mixin.py:190} INFO - [2024-11-20T00:53:48.128+0000] {dag.py:4180} INFO - Setting next_dagrun for example_workday_timetable to 2021-01-01 00:00:00+00:00, run_after=2021-01-02 00:00:00+00:00
[2024-11-20T00:53:48.151+0000] {processor.py:208} INFO - Processing /home/ubuntu/airflow_venv/lib/python3.12/site-packages/airflow/example_dags/example_workday_timetable.py took 0.071 seconds
[2024-11-20T00:54:38.148+0000] {processor.py:186} INFO - Started process (PID=5393) to work on /home/ubuntu/airflow_venv/lib/python3.12/site-packages/airflow/example_dags/example_workday_timetable.py
[2024-11-20T00:54:38.150+0000] {processor.py:914} INFO - Processing file /home/ubuntu/airflow_venv/lib/python3.12/site-packages/airflow/example_dags/example_workday_timetable.py for tasks to queue
[2024-11-20T00:54:38.152+0000] {logging_mixin.py:190} INFO - [2024-11-20T00:54:38.151+0000] {dagbag.py:588} INFO - Filling up the DagBag from /home/ubuntu/airflow_venv/lib/python3.12/site-packages/airflow/example_dags/example_workday_timetable.py
[2024-11-20T00:54:38.158+0000] {processor.py:925} INFO - DAG(s) 'example_workday_timetable' retrieved from /home/ubuntu/airflow_venv/lib/python3.12/site-packages/airflow/example_dags/example_workday_timetable.py
[2024-11-20T00:54:38.172+0000] {logging_mixin.py:190} INFO - [2024-11-20T00:54:38.172+0000] {dag.py:3239} INFO - Sync 1 DAGs
[2024-11-20T00:54:38.191+0000] {logging_mixin.py:190} INFO - [2024-11-20T00:54:38.190+0000] {dag.py:4180} INFO - Setting next_dagrun for example_workday_timetable to 2021-01-01 00:00:00+00:00, run_after=2021-01-02 00:00:00+00:00
[2024-11-20T00:54:38.220+0000] {processor.py:208} INFO - Processing /home/ubuntu/airflow_venv/lib/python3.12/site-packages/airflow/example_dags/example_workday_timetable.py took 0.078 seconds
[2024-11-20T00:55:31.280+0000] {processor.py:186} INFO - Started process (PID=5452) to work on /home/ubuntu/airflow_venv/lib/python3.12/site-packages/airflow/example_dags/example_workday_timetable.py
[2024-11-20T00:55:31.282+0000] {processor.py:914} INFO - Processing file /home/ubuntu/airflow_venv/lib/python3.12/site-packages/airflow/example_dags/example_workday_timetable.py for tasks to queue
[2024-11-20T00:55:31.283+0000] {logging_mixin.py:190} INFO - [2024-11-20T00:55:31.283+0000] {dagbag.py:588} INFO - Filling up the DagBag from /home/ubuntu/airflow_venv/lib/python3.12/site-packages/airflow/example_dags/example_workday_timetable.py
[2024-11-20T00:55:31.289+0000] {processor.py:925} INFO - DAG(s) 'example_workday_timetable' retrieved from /home/ubuntu/airflow_venv/lib/python3.12/site-packages/airflow/example_dags/example_workday_timetable.py
[2024-11-20T00:55:31.304+0000] {logging_mixin.py:190} INFO - [2024-11-20T00:55:31.304+0000] {dag.py:3239} INFO - Sync 1 DAGs
[2024-11-20T00:55:31.323+0000] {logging_mixin.py:190} INFO - [2024-11-20T00:55:31.323+0000] {dag.py:4180} INFO - Setting next_dagrun for example_workday_timetable to 2021-01-01 00:00:00+00:00, run_after=2021-01-02 00:00:00+00:00
[2024-11-20T00:55:31.345+0000] {processor.py:208} INFO - Processing /home/ubuntu/airflow_venv/lib/python3.12/site-packages/airflow/example_dags/example_workday_timetable.py took 0.075 seconds
[2024-11-20T00:56:23.857+0000] {processor.py:186} INFO - Started process (PID=5507) to work on /home/ubuntu/airflow_venv/lib/python3.12/site-packages/airflow/example_dags/example_workday_timetable.py
[2024-11-20T00:56:23.858+0000] {processor.py:914} INFO - Processing file /home/ubuntu/airflow_venv/lib/python3.12/site-packages/airflow/example_dags/example_workday_timetable.py for tasks to queue
[2024-11-20T00:56:23.860+0000] {logging_mixin.py:190} INFO - [2024-11-20T00:56:23.859+0000] {dagbag.py:588} INFO - Filling up the DagBag from /home/ubuntu/airflow_venv/lib/python3.12/site-packages/airflow/example_dags/example_workday_timetable.py
[2024-11-20T00:56:23.866+0000] {processor.py:925} INFO - DAG(s) 'example_workday_timetable' retrieved from /home/ubuntu/airflow_venv/lib/python3.12/site-packages/airflow/example_dags/example_workday_timetable.py
[2024-11-20T00:56:23.881+0000] {logging_mixin.py:190} INFO - [2024-11-20T00:56:23.879+0000] {dag.py:3239} INFO - Sync 1 DAGs
[2024-11-20T00:56:23.900+0000] {logging_mixin.py:190} INFO - [2024-11-20T00:56:23.899+0000] {dag.py:4180} INFO - Setting next_dagrun for example_workday_timetable to 2021-01-01 00:00:00+00:00, run_after=2021-01-02 00:00:00+00:00
[2024-11-20T00:56:23.921+0000] {processor.py:208} INFO - Processing /home/ubuntu/airflow_venv/lib/python3.12/site-packages/airflow/example_dags/example_workday_timetable.py took 0.071 seconds
[2024-11-20T00:57:17.519+0000] {processor.py:186} INFO - Started process (PID=5564) to work on /home/ubuntu/airflow_venv/lib/python3.12/site-packages/airflow/example_dags/example_workday_timetable.py
[2024-11-20T00:57:17.522+0000] {processor.py:914} INFO - Processing file /home/ubuntu/airflow_venv/lib/python3.12/site-packages/airflow/example_dags/example_workday_timetable.py for tasks to queue
[2024-11-20T00:57:17.523+0000] {logging_mixin.py:190} INFO - [2024-11-20T00:57:17.522+0000] {dagbag.py:588} INFO - Filling up the DagBag from /home/ubuntu/airflow_venv/lib/python3.12/site-packages/airflow/example_dags/example_workday_timetable.py
[2024-11-20T00:57:17.530+0000] {processor.py:925} INFO - DAG(s) 'example_workday_timetable' retrieved from /home/ubuntu/airflow_venv/lib/python3.12/site-packages/airflow/example_dags/example_workday_timetable.py
[2024-11-20T00:57:17.543+0000] {logging_mixin.py:190} INFO - [2024-11-20T00:57:17.543+0000] {dag.py:3239} INFO - Sync 1 DAGs
[2024-11-20T00:57:17.563+0000] {logging_mixin.py:190} INFO - [2024-11-20T00:57:17.562+0000] {dag.py:4180} INFO - Setting next_dagrun for example_workday_timetable to 2021-01-01 00:00:00+00:00, run_after=2021-01-02 00:00:00+00:00
[2024-11-20T00:57:17.585+0000] {processor.py:208} INFO - Processing /home/ubuntu/airflow_venv/lib/python3.12/site-packages/airflow/example_dags/example_workday_timetable.py took 0.073 seconds
[2024-11-20T00:58:10.177+0000] {processor.py:186} INFO - Started process (PID=5619) to work on /home/ubuntu/airflow_venv/lib/python3.12/site-packages/airflow/example_dags/example_workday_timetable.py
[2024-11-20T00:58:10.178+0000] {processor.py:914} INFO - Processing file /home/ubuntu/airflow_venv/lib/python3.12/site-packages/airflow/example_dags/example_workday_timetable.py for tasks to queue
[2024-11-20T00:58:10.179+0000] {logging_mixin.py:190} INFO - [2024-11-20T00:58:10.179+0000] {dagbag.py:588} INFO - Filling up the DagBag from /home/ubuntu/airflow_venv/lib/python3.12/site-packages/airflow/example_dags/example_workday_timetable.py
[2024-11-20T00:58:10.185+0000] {processor.py:925} INFO - DAG(s) 'example_workday_timetable' retrieved from /home/ubuntu/airflow_venv/lib/python3.12/site-packages/airflow/example_dags/example_workday_timetable.py
[2024-11-20T00:58:10.199+0000] {logging_mixin.py:190} INFO - [2024-11-20T00:58:10.199+0000] {dag.py:3239} INFO - Sync 1 DAGs
[2024-11-20T00:58:10.218+0000] {logging_mixin.py:190} INFO - [2024-11-20T00:58:10.218+0000] {dag.py:4180} INFO - Setting next_dagrun for example_workday_timetable to 2021-01-01 00:00:00+00:00, run_after=2021-01-02 00:00:00+00:00
[2024-11-20T00:58:10.241+0000] {processor.py:208} INFO - Processing /home/ubuntu/airflow_venv/lib/python3.12/site-packages/airflow/example_dags/example_workday_timetable.py took 0.071 seconds
[2024-11-20T00:59:02.344+0000] {processor.py:186} INFO - Started process (PID=5678) to work on /home/ubuntu/airflow_venv/lib/python3.12/site-packages/airflow/example_dags/example_workday_timetable.py
[2024-11-20T00:59:02.349+0000] {processor.py:914} INFO - Processing file /home/ubuntu/airflow_venv/lib/python3.12/site-packages/airflow/example_dags/example_workday_timetable.py for tasks to queue
[2024-11-20T00:59:02.350+0000] {logging_mixin.py:190} INFO - [2024-11-20T00:59:02.350+0000] {dagbag.py:588} INFO - Filling up the DagBag from /home/ubuntu/airflow_venv/lib/python3.12/site-packages/airflow/example_dags/example_workday_timetable.py
[2024-11-20T00:59:02.357+0000] {processor.py:925} INFO - DAG(s) 'example_workday_timetable' retrieved from /home/ubuntu/airflow_venv/lib/python3.12/site-packages/airflow/example_dags/example_workday_timetable.py
[2024-11-20T00:59:02.372+0000] {logging_mixin.py:190} INFO - [2024-11-20T00:59:02.372+0000] {dag.py:3239} INFO - Sync 1 DAGs
[2024-11-20T00:59:02.392+0000] {logging_mixin.py:190} INFO - [2024-11-20T00:59:02.392+0000] {dag.py:4180} INFO - Setting next_dagrun for example_workday_timetable to 2021-01-01 00:00:00+00:00, run_after=2021-01-02 00:00:00+00:00
[2024-11-20T00:59:02.417+0000] {processor.py:208} INFO - Processing /home/ubuntu/airflow_venv/lib/python3.12/site-packages/airflow/example_dags/example_workday_timetable.py took 0.081 seconds
[2024-11-20T00:59:58.744+0000] {processor.py:186} INFO - Started process (PID=5734) to work on /home/ubuntu/airflow_venv/lib/python3.12/site-packages/airflow/example_dags/example_workday_timetable.py
[2024-11-20T00:59:58.746+0000] {processor.py:914} INFO - Processing file /home/ubuntu/airflow_venv/lib/python3.12/site-packages/airflow/example_dags/example_workday_timetable.py for tasks to queue
[2024-11-20T00:59:58.747+0000] {logging_mixin.py:190} INFO - [2024-11-20T00:59:58.747+0000] {dagbag.py:588} INFO - Filling up the DagBag from /home/ubuntu/airflow_venv/lib/python3.12/site-packages/airflow/example_dags/example_workday_timetable.py
[2024-11-20T00:59:58.754+0000] {processor.py:925} INFO - DAG(s) 'example_workday_timetable' retrieved from /home/ubuntu/airflow_venv/lib/python3.12/site-packages/airflow/example_dags/example_workday_timetable.py
[2024-11-20T00:59:58.768+0000] {logging_mixin.py:190} INFO - [2024-11-20T00:59:58.767+0000] {dag.py:3239} INFO - Sync 1 DAGs
[2024-11-20T00:59:58.787+0000] {logging_mixin.py:190} INFO - [2024-11-20T00:59:58.787+0000] {dag.py:4180} INFO - Setting next_dagrun for example_workday_timetable to 2021-01-01 00:00:00+00:00, run_after=2021-01-02 00:00:00+00:00
[2024-11-20T00:59:58.808+0000] {processor.py:208} INFO - Processing /home/ubuntu/airflow_venv/lib/python3.12/site-packages/airflow/example_dags/example_workday_timetable.py took 0.071 seconds
[2024-11-20T01:00:53.618+0000] {processor.py:186} INFO - Started process (PID=5793) to work on /home/ubuntu/airflow_venv/lib/python3.12/site-packages/airflow/example_dags/example_workday_timetable.py
[2024-11-20T01:00:53.619+0000] {processor.py:914} INFO - Processing file /home/ubuntu/airflow_venv/lib/python3.12/site-packages/airflow/example_dags/example_workday_timetable.py for tasks to queue
[2024-11-20T01:00:53.620+0000] {logging_mixin.py:190} INFO - [2024-11-20T01:00:53.620+0000] {dagbag.py:588} INFO - Filling up the DagBag from /home/ubuntu/airflow_venv/lib/python3.12/site-packages/airflow/example_dags/example_workday_timetable.py
[2024-11-20T01:00:53.627+0000] {processor.py:925} INFO - DAG(s) 'example_workday_timetable' retrieved from /home/ubuntu/airflow_venv/lib/python3.12/site-packages/airflow/example_dags/example_workday_timetable.py
[2024-11-20T01:00:53.641+0000] {logging_mixin.py:190} INFO - [2024-11-20T01:00:53.641+0000] {dag.py:3239} INFO - Sync 1 DAGs
[2024-11-20T01:00:53.659+0000] {logging_mixin.py:190} INFO - [2024-11-20T01:00:53.659+0000] {dag.py:4180} INFO - Setting next_dagrun for example_workday_timetable to 2021-01-01 00:00:00+00:00, run_after=2021-01-02 00:00:00+00:00
[2024-11-20T01:00:53.681+0000] {processor.py:208} INFO - Processing /home/ubuntu/airflow_venv/lib/python3.12/site-packages/airflow/example_dags/example_workday_timetable.py took 0.070 seconds
[2024-11-20T01:02:04.215+0000] {processor.py:186} INFO - Started process (PID=5873) to work on /home/ubuntu/airflow_venv/lib/python3.12/site-packages/airflow/example_dags/example_workday_timetable.py
[2024-11-20T01:02:04.217+0000] {processor.py:914} INFO - Processing file /home/ubuntu/airflow_venv/lib/python3.12/site-packages/airflow/example_dags/example_workday_timetable.py for tasks to queue
[2024-11-20T01:02:04.218+0000] {logging_mixin.py:190} INFO - [2024-11-20T01:02:04.218+0000] {dagbag.py:588} INFO - Filling up the DagBag from /home/ubuntu/airflow_venv/lib/python3.12/site-packages/airflow/example_dags/example_workday_timetable.py
[2024-11-20T01:02:04.224+0000] {processor.py:925} INFO - DAG(s) 'example_workday_timetable' retrieved from /home/ubuntu/airflow_venv/lib/python3.12/site-packages/airflow/example_dags/example_workday_timetable.py
[2024-11-20T01:02:04.239+0000] {logging_mixin.py:190} INFO - [2024-11-20T01:02:04.239+0000] {dag.py:3239} INFO - Sync 1 DAGs
[2024-11-20T01:02:04.258+0000] {logging_mixin.py:190} INFO - [2024-11-20T01:02:04.258+0000] {dag.py:4180} INFO - Setting next_dagrun for example_workday_timetable to 2021-01-01 00:00:00+00:00, run_after=2021-01-02 00:00:00+00:00
[2024-11-20T01:02:04.280+0000] {processor.py:208} INFO - Processing /home/ubuntu/airflow_venv/lib/python3.12/site-packages/airflow/example_dags/example_workday_timetable.py took 0.072 seconds
[2024-11-20T01:03:00.711+0000] {processor.py:186} INFO - Started process (PID=5931) to work on /home/ubuntu/airflow_venv/lib/python3.12/site-packages/airflow/example_dags/example_workday_timetable.py
[2024-11-20T01:03:00.712+0000] {processor.py:914} INFO - Processing file /home/ubuntu/airflow_venv/lib/python3.12/site-packages/airflow/example_dags/example_workday_timetable.py for tasks to queue
[2024-11-20T01:03:00.713+0000] {logging_mixin.py:190} INFO - [2024-11-20T01:03:00.713+0000] {dagbag.py:588} INFO - Filling up the DagBag from /home/ubuntu/airflow_venv/lib/python3.12/site-packages/airflow/example_dags/example_workday_timetable.py
[2024-11-20T01:03:00.719+0000] {processor.py:925} INFO - DAG(s) 'example_workday_timetable' retrieved from /home/ubuntu/airflow_venv/lib/python3.12/site-packages/airflow/example_dags/example_workday_timetable.py
[2024-11-20T01:03:00.733+0000] {logging_mixin.py:190} INFO - [2024-11-20T01:03:00.733+0000] {dag.py:3239} INFO - Sync 1 DAGs
[2024-11-20T01:03:00.753+0000] {logging_mixin.py:190} INFO - [2024-11-20T01:03:00.752+0000] {dag.py:4180} INFO - Setting next_dagrun for example_workday_timetable to 2021-01-01 00:00:00+00:00, run_after=2021-01-02 00:00:00+00:00
[2024-11-20T01:03:00.775+0000] {processor.py:208} INFO - Processing /home/ubuntu/airflow_venv/lib/python3.12/site-packages/airflow/example_dags/example_workday_timetable.py took 0.071 seconds
[2024-11-20T01:03:57.106+0000] {processor.py:186} INFO - Started process (PID=5987) to work on /home/ubuntu/airflow_venv/lib/python3.12/site-packages/airflow/example_dags/example_workday_timetable.py
[2024-11-20T01:03:57.107+0000] {processor.py:914} INFO - Processing file /home/ubuntu/airflow_venv/lib/python3.12/site-packages/airflow/example_dags/example_workday_timetable.py for tasks to queue
[2024-11-20T01:03:57.109+0000] {logging_mixin.py:190} INFO - [2024-11-20T01:03:57.108+0000] {dagbag.py:588} INFO - Filling up the DagBag from /home/ubuntu/airflow_venv/lib/python3.12/site-packages/airflow/example_dags/example_workday_timetable.py
[2024-11-20T01:03:57.118+0000] {processor.py:925} INFO - DAG(s) 'example_workday_timetable' retrieved from /home/ubuntu/airflow_venv/lib/python3.12/site-packages/airflow/example_dags/example_workday_timetable.py
[2024-11-20T01:03:57.140+0000] {logging_mixin.py:190} INFO - [2024-11-20T01:03:57.140+0000] {dag.py:3239} INFO - Sync 1 DAGs
[2024-11-20T01:03:57.158+0000] {logging_mixin.py:190} INFO - [2024-11-20T01:03:57.158+0000] {dag.py:4180} INFO - Setting next_dagrun for example_workday_timetable to 2021-01-01 00:00:00+00:00, run_after=2021-01-02 00:00:00+00:00
[2024-11-20T01:03:57.180+0000] {processor.py:208} INFO - Processing /home/ubuntu/airflow_venv/lib/python3.12/site-packages/airflow/example_dags/example_workday_timetable.py took 0.081 seconds
[2024-11-20T01:04:52.067+0000] {processor.py:186} INFO - Started process (PID=6044) to work on /home/ubuntu/airflow_venv/lib/python3.12/site-packages/airflow/example_dags/example_workday_timetable.py
[2024-11-20T01:04:52.069+0000] {processor.py:914} INFO - Processing file /home/ubuntu/airflow_venv/lib/python3.12/site-packages/airflow/example_dags/example_workday_timetable.py for tasks to queue
[2024-11-20T01:04:52.070+0000] {logging_mixin.py:190} INFO - [2024-11-20T01:04:52.070+0000] {dagbag.py:588} INFO - Filling up the DagBag from /home/ubuntu/airflow_venv/lib/python3.12/site-packages/airflow/example_dags/example_workday_timetable.py
[2024-11-20T01:04:52.076+0000] {processor.py:925} INFO - DAG(s) 'example_workday_timetable' retrieved from /home/ubuntu/airflow_venv/lib/python3.12/site-packages/airflow/example_dags/example_workday_timetable.py
[2024-11-20T01:04:52.090+0000] {logging_mixin.py:190} INFO - [2024-11-20T01:04:52.090+0000] {dag.py:3239} INFO - Sync 1 DAGs
[2024-11-20T01:04:52.110+0000] {logging_mixin.py:190} INFO - [2024-11-20T01:04:52.110+0000] {dag.py:4180} INFO - Setting next_dagrun for example_workday_timetable to 2021-01-01 00:00:00+00:00, run_after=2021-01-02 00:00:00+00:00
[2024-11-20T01:04:52.131+0000] {processor.py:208} INFO - Processing /home/ubuntu/airflow_venv/lib/python3.12/site-packages/airflow/example_dags/example_workday_timetable.py took 0.070 seconds
[2024-11-20T01:05:49.111+0000] {processor.py:186} INFO - Started process (PID=6106) to work on /home/ubuntu/airflow_venv/lib/python3.12/site-packages/airflow/example_dags/example_workday_timetable.py
[2024-11-20T01:05:49.113+0000] {processor.py:914} INFO - Processing file /home/ubuntu/airflow_venv/lib/python3.12/site-packages/airflow/example_dags/example_workday_timetable.py for tasks to queue
[2024-11-20T01:05:49.114+0000] {logging_mixin.py:190} INFO - [2024-11-20T01:05:49.113+0000] {dagbag.py:588} INFO - Filling up the DagBag from /home/ubuntu/airflow_venv/lib/python3.12/site-packages/airflow/example_dags/example_workday_timetable.py
[2024-11-20T01:05:49.120+0000] {processor.py:925} INFO - DAG(s) 'example_workday_timetable' retrieved from /home/ubuntu/airflow_venv/lib/python3.12/site-packages/airflow/example_dags/example_workday_timetable.py
[2024-11-20T01:05:49.135+0000] {logging_mixin.py:190} INFO - [2024-11-20T01:05:49.135+0000] {dag.py:3239} INFO - Sync 1 DAGs
[2024-11-20T01:05:49.153+0000] {logging_mixin.py:190} INFO - [2024-11-20T01:05:49.153+0000] {dag.py:4180} INFO - Setting next_dagrun for example_workday_timetable to 2021-01-01 00:00:00+00:00, run_after=2021-01-02 00:00:00+00:00
[2024-11-20T01:05:49.174+0000] {processor.py:208} INFO - Processing /home/ubuntu/airflow_venv/lib/python3.12/site-packages/airflow/example_dags/example_workday_timetable.py took 0.070 seconds
[2024-11-20T01:06:41.425+0000] {processor.py:186} INFO - Started process (PID=6160) to work on /home/ubuntu/airflow_venv/lib/python3.12/site-packages/airflow/example_dags/example_workday_timetable.py
[2024-11-20T01:06:41.426+0000] {processor.py:914} INFO - Processing file /home/ubuntu/airflow_venv/lib/python3.12/site-packages/airflow/example_dags/example_workday_timetable.py for tasks to queue
[2024-11-20T01:06:41.427+0000] {logging_mixin.py:190} INFO - [2024-11-20T01:06:41.427+0000] {dagbag.py:588} INFO - Filling up the DagBag from /home/ubuntu/airflow_venv/lib/python3.12/site-packages/airflow/example_dags/example_workday_timetable.py
[2024-11-20T01:06:41.434+0000] {processor.py:925} INFO - DAG(s) 'example_workday_timetable' retrieved from /home/ubuntu/airflow_venv/lib/python3.12/site-packages/airflow/example_dags/example_workday_timetable.py
[2024-11-20T01:06:41.447+0000] {logging_mixin.py:190} INFO - [2024-11-20T01:06:41.447+0000] {dag.py:3239} INFO - Sync 1 DAGs
[2024-11-20T01:06:41.466+0000] {logging_mixin.py:190} INFO - [2024-11-20T01:06:41.466+0000] {dag.py:4180} INFO - Setting next_dagrun for example_workday_timetable to 2021-01-01 00:00:00+00:00, run_after=2021-01-02 00:00:00+00:00
[2024-11-20T01:06:41.488+0000] {processor.py:208} INFO - Processing /home/ubuntu/airflow_venv/lib/python3.12/site-packages/airflow/example_dags/example_workday_timetable.py took 0.071 seconds
[2024-11-20T01:07:33.442+0000] {processor.py:186} INFO - Started process (PID=6215) to work on /home/ubuntu/airflow_venv/lib/python3.12/site-packages/airflow/example_dags/example_workday_timetable.py
[2024-11-20T01:07:33.443+0000] {processor.py:914} INFO - Processing file /home/ubuntu/airflow_venv/lib/python3.12/site-packages/airflow/example_dags/example_workday_timetable.py for tasks to queue
[2024-11-20T01:07:33.445+0000] {logging_mixin.py:190} INFO - [2024-11-20T01:07:33.445+0000] {dagbag.py:588} INFO - Filling up the DagBag from /home/ubuntu/airflow_venv/lib/python3.12/site-packages/airflow/example_dags/example_workday_timetable.py
[2024-11-20T01:07:33.451+0000] {processor.py:925} INFO - DAG(s) 'example_workday_timetable' retrieved from /home/ubuntu/airflow_venv/lib/python3.12/site-packages/airflow/example_dags/example_workday_timetable.py
[2024-11-20T01:07:33.466+0000] {logging_mixin.py:190} INFO - [2024-11-20T01:07:33.465+0000] {dag.py:3239} INFO - Sync 1 DAGs
[2024-11-20T01:07:33.484+0000] {logging_mixin.py:190} INFO - [2024-11-20T01:07:33.484+0000] {dag.py:4180} INFO - Setting next_dagrun for example_workday_timetable to 2021-01-01 00:00:00+00:00, run_after=2021-01-02 00:00:00+00:00
[2024-11-20T01:07:33.506+0000] {processor.py:208} INFO - Processing /home/ubuntu/airflow_venv/lib/python3.12/site-packages/airflow/example_dags/example_workday_timetable.py took 0.071 seconds
[2024-11-20T01:08:26.411+0000] {processor.py:186} INFO - Started process (PID=6269) to work on /home/ubuntu/airflow_venv/lib/python3.12/site-packages/airflow/example_dags/example_workday_timetable.py
[2024-11-20T01:08:26.413+0000] {processor.py:914} INFO - Processing file /home/ubuntu/airflow_venv/lib/python3.12/site-packages/airflow/example_dags/example_workday_timetable.py for tasks to queue
[2024-11-20T01:08:26.414+0000] {logging_mixin.py:190} INFO - [2024-11-20T01:08:26.414+0000] {dagbag.py:588} INFO - Filling up the DagBag from /home/ubuntu/airflow_venv/lib/python3.12/site-packages/airflow/example_dags/example_workday_timetable.py
[2024-11-20T01:08:26.420+0000] {processor.py:925} INFO - DAG(s) 'example_workday_timetable' retrieved from /home/ubuntu/airflow_venv/lib/python3.12/site-packages/airflow/example_dags/example_workday_timetable.py
[2024-11-20T01:08:26.435+0000] {logging_mixin.py:190} INFO - [2024-11-20T01:08:26.435+0000] {dag.py:3239} INFO - Sync 1 DAGs
[2024-11-20T01:08:26.455+0000] {logging_mixin.py:190} INFO - [2024-11-20T01:08:26.455+0000] {dag.py:4180} INFO - Setting next_dagrun for example_workday_timetable to 2021-01-01 00:00:00+00:00, run_after=2021-01-02 00:00:00+00:00
[2024-11-20T01:08:26.476+0000] {processor.py:208} INFO - Processing /home/ubuntu/airflow_venv/lib/python3.12/site-packages/airflow/example_dags/example_workday_timetable.py took 0.072 seconds
[2024-11-20T01:09:24.010+0000] {processor.py:186} INFO - Started process (PID=6326) to work on /home/ubuntu/airflow_venv/lib/python3.12/site-packages/airflow/example_dags/example_workday_timetable.py
[2024-11-20T01:09:24.011+0000] {processor.py:914} INFO - Processing file /home/ubuntu/airflow_venv/lib/python3.12/site-packages/airflow/example_dags/example_workday_timetable.py for tasks to queue
[2024-11-20T01:09:24.013+0000] {logging_mixin.py:190} INFO - [2024-11-20T01:09:24.012+0000] {dagbag.py:588} INFO - Filling up the DagBag from /home/ubuntu/airflow_venv/lib/python3.12/site-packages/airflow/example_dags/example_workday_timetable.py
[2024-11-20T01:09:24.019+0000] {processor.py:925} INFO - DAG(s) 'example_workday_timetable' retrieved from /home/ubuntu/airflow_venv/lib/python3.12/site-packages/airflow/example_dags/example_workday_timetable.py
[2024-11-20T01:09:24.033+0000] {logging_mixin.py:190} INFO - [2024-11-20T01:09:24.033+0000] {dag.py:3239} INFO - Sync 1 DAGs
[2024-11-20T01:09:24.052+0000] {logging_mixin.py:190} INFO - [2024-11-20T01:09:24.052+0000] {dag.py:4180} INFO - Setting next_dagrun for example_workday_timetable to 2021-01-01 00:00:00+00:00, run_after=2021-01-02 00:00:00+00:00
[2024-11-20T01:09:24.072+0000] {processor.py:208} INFO - Processing /home/ubuntu/airflow_venv/lib/python3.12/site-packages/airflow/example_dags/example_workday_timetable.py took 0.070 seconds
[2024-11-20T01:10:22.862+0000] {processor.py:186} INFO - Started process (PID=6390) to work on /home/ubuntu/airflow_venv/lib/python3.12/site-packages/airflow/example_dags/example_workday_timetable.py
[2024-11-20T01:10:22.864+0000] {processor.py:914} INFO - Processing file /home/ubuntu/airflow_venv/lib/python3.12/site-packages/airflow/example_dags/example_workday_timetable.py for tasks to queue
[2024-11-20T01:10:22.866+0000] {logging_mixin.py:190} INFO - [2024-11-20T01:10:22.865+0000] {dagbag.py:588} INFO - Filling up the DagBag from /home/ubuntu/airflow_venv/lib/python3.12/site-packages/airflow/example_dags/example_workday_timetable.py
[2024-11-20T01:10:22.871+0000] {processor.py:925} INFO - DAG(s) 'example_workday_timetable' retrieved from /home/ubuntu/airflow_venv/lib/python3.12/site-packages/airflow/example_dags/example_workday_timetable.py
[2024-11-20T01:10:22.886+0000] {logging_mixin.py:190} INFO - [2024-11-20T01:10:22.886+0000] {dag.py:3239} INFO - Sync 1 DAGs
[2024-11-20T01:10:22.905+0000] {logging_mixin.py:190} INFO - [2024-11-20T01:10:22.904+0000] {dag.py:4180} INFO - Setting next_dagrun for example_workday_timetable to 2021-01-01 00:00:00+00:00, run_after=2021-01-02 00:00:00+00:00
[2024-11-20T01:10:22.927+0000] {processor.py:208} INFO - Processing /home/ubuntu/airflow_venv/lib/python3.12/site-packages/airflow/example_dags/example_workday_timetable.py took 0.072 seconds
[2024-11-20T01:11:16.204+0000] {processor.py:186} INFO - Started process (PID=6445) to work on /home/ubuntu/airflow_venv/lib/python3.12/site-packages/airflow/example_dags/example_workday_timetable.py
[2024-11-20T01:11:16.206+0000] {processor.py:914} INFO - Processing file /home/ubuntu/airflow_venv/lib/python3.12/site-packages/airflow/example_dags/example_workday_timetable.py for tasks to queue
[2024-11-20T01:11:16.207+0000] {logging_mixin.py:190} INFO - [2024-11-20T01:11:16.207+0000] {dagbag.py:588} INFO - Filling up the DagBag from /home/ubuntu/airflow_venv/lib/python3.12/site-packages/airflow/example_dags/example_workday_timetable.py
[2024-11-20T01:11:16.214+0000] {processor.py:925} INFO - DAG(s) 'example_workday_timetable' retrieved from /home/ubuntu/airflow_venv/lib/python3.12/site-packages/airflow/example_dags/example_workday_timetable.py
[2024-11-20T01:11:16.228+0000] {logging_mixin.py:190} INFO - [2024-11-20T01:11:16.228+0000] {dag.py:3239} INFO - Sync 1 DAGs
[2024-11-20T01:11:16.247+0000] {logging_mixin.py:190} INFO - [2024-11-20T01:11:16.246+0000] {dag.py:4180} INFO - Setting next_dagrun for example_workday_timetable to 2021-01-01 00:00:00+00:00, run_after=2021-01-02 00:00:00+00:00
[2024-11-20T01:11:16.270+0000] {processor.py:208} INFO - Processing /home/ubuntu/airflow_venv/lib/python3.12/site-packages/airflow/example_dags/example_workday_timetable.py took 0.073 seconds
[2024-11-20T01:12:09.737+0000] {processor.py:186} INFO - Started process (PID=6502) to work on /home/ubuntu/airflow_venv/lib/python3.12/site-packages/airflow/example_dags/example_workday_timetable.py
[2024-11-20T01:12:09.739+0000] {processor.py:914} INFO - Processing file /home/ubuntu/airflow_venv/lib/python3.12/site-packages/airflow/example_dags/example_workday_timetable.py for tasks to queue
[2024-11-20T01:12:09.740+0000] {logging_mixin.py:190} INFO - [2024-11-20T01:12:09.739+0000] {dagbag.py:588} INFO - Filling up the DagBag from /home/ubuntu/airflow_venv/lib/python3.12/site-packages/airflow/example_dags/example_workday_timetable.py
[2024-11-20T01:12:09.747+0000] {processor.py:925} INFO - DAG(s) 'example_workday_timetable' retrieved from /home/ubuntu/airflow_venv/lib/python3.12/site-packages/airflow/example_dags/example_workday_timetable.py
[2024-11-20T01:12:09.762+0000] {logging_mixin.py:190} INFO - [2024-11-20T01:12:09.761+0000] {dag.py:3239} INFO - Sync 1 DAGs
[2024-11-20T01:12:09.781+0000] {logging_mixin.py:190} INFO - [2024-11-20T01:12:09.781+0000] {dag.py:4180} INFO - Setting next_dagrun for example_workday_timetable to 2021-01-01 00:00:00+00:00, run_after=2021-01-02 00:00:00+00:00
[2024-11-20T01:12:09.803+0000] {processor.py:208} INFO - Processing /home/ubuntu/airflow_venv/lib/python3.12/site-packages/airflow/example_dags/example_workday_timetable.py took 0.074 seconds
[2024-11-20T01:13:03.898+0000] {processor.py:186} INFO - Started process (PID=6556) to work on /home/ubuntu/airflow_venv/lib/python3.12/site-packages/airflow/example_dags/example_workday_timetable.py
[2024-11-20T01:13:03.899+0000] {processor.py:914} INFO - Processing file /home/ubuntu/airflow_venv/lib/python3.12/site-packages/airflow/example_dags/example_workday_timetable.py for tasks to queue
[2024-11-20T01:13:03.901+0000] {logging_mixin.py:190} INFO - [2024-11-20T01:13:03.900+0000] {dagbag.py:588} INFO - Filling up the DagBag from /home/ubuntu/airflow_venv/lib/python3.12/site-packages/airflow/example_dags/example_workday_timetable.py
[2024-11-20T01:13:03.907+0000] {processor.py:925} INFO - DAG(s) 'example_workday_timetable' retrieved from /home/ubuntu/airflow_venv/lib/python3.12/site-packages/airflow/example_dags/example_workday_timetable.py
[2024-11-20T01:13:03.921+0000] {logging_mixin.py:190} INFO - [2024-11-20T01:13:03.920+0000] {dag.py:3239} INFO - Sync 1 DAGs
[2024-11-20T01:13:03.947+0000] {logging_mixin.py:190} INFO - [2024-11-20T01:13:03.947+0000] {dag.py:4180} INFO - Setting next_dagrun for example_workday_timetable to 2021-01-01 00:00:00+00:00, run_after=2021-01-02 00:00:00+00:00
[2024-11-20T01:13:03.972+0000] {processor.py:208} INFO - Processing /home/ubuntu/airflow_venv/lib/python3.12/site-packages/airflow/example_dags/example_workday_timetable.py took 0.081 seconds
