[2024-11-20T00:16:14.834+0000] {processor.py:186} INFO - Started process (PID=2028) to work on /home/ubuntu/airflow_venv/lib/python3.12/site-packages/airflow/example_dags/example_xcom.py
[2024-11-20T00:16:14.835+0000] {processor.py:914} INFO - Processing file /home/ubuntu/airflow_venv/lib/python3.12/site-packages/airflow/example_dags/example_xcom.py for tasks to queue
[2024-11-20T00:16:14.837+0000] {logging_mixin.py:190} INFO - [2024-11-20T00:16:14.837+0000] {dagbag.py:588} INFO - Filling up the DagBag from /home/ubuntu/airflow_venv/lib/python3.12/site-packages/airflow/example_dags/example_xcom.py
[2024-11-20T00:16:14.846+0000] {processor.py:925} INFO - DAG(s) 'example_xcom' retrieved from /home/ubuntu/airflow_venv/lib/python3.12/site-packages/airflow/example_dags/example_xcom.py
[2024-11-20T00:16:14.864+0000] {logging_mixin.py:190} INFO - [2024-11-20T00:16:14.864+0000] {dag.py:3239} INFO - Sync 1 DAGs
[2024-11-20T00:16:14.883+0000] {logging_mixin.py:190} INFO - [2024-11-20T00:16:14.882+0000] {dag.py:4180} INFO - Setting next_dagrun for example_xcom to 2021-01-01 00:00:00+00:00, run_after=2021-01-01 00:00:00+00:00
[2024-11-20T00:16:14.903+0000] {processor.py:208} INFO - Processing /home/ubuntu/airflow_venv/lib/python3.12/site-packages/airflow/example_dags/example_xcom.py took 0.074 seconds
[2024-11-20T00:17:13.760+0000] {processor.py:186} INFO - Started process (PID=2099) to work on /home/ubuntu/airflow_venv/lib/python3.12/site-packages/airflow/example_dags/example_xcom.py
[2024-11-20T00:17:13.762+0000] {processor.py:914} INFO - Processing file /home/ubuntu/airflow_venv/lib/python3.12/site-packages/airflow/example_dags/example_xcom.py for tasks to queue
[2024-11-20T00:17:13.765+0000] {logging_mixin.py:190} INFO - [2024-11-20T00:17:13.765+0000] {dagbag.py:588} INFO - Filling up the DagBag from /home/ubuntu/airflow_venv/lib/python3.12/site-packages/airflow/example_dags/example_xcom.py
[2024-11-20T00:17:13.774+0000] {processor.py:925} INFO - DAG(s) 'example_xcom' retrieved from /home/ubuntu/airflow_venv/lib/python3.12/site-packages/airflow/example_dags/example_xcom.py
[2024-11-20T00:17:13.790+0000] {logging_mixin.py:190} INFO - [2024-11-20T00:17:13.790+0000] {dag.py:3239} INFO - Sync 1 DAGs
[2024-11-20T00:17:13.807+0000] {logging_mixin.py:190} INFO - [2024-11-20T00:17:13.807+0000] {dag.py:4180} INFO - Setting next_dagrun for example_xcom to 2021-01-01 00:00:00+00:00, run_after=2021-01-01 00:00:00+00:00
[2024-11-20T00:17:13.829+0000] {processor.py:208} INFO - Processing /home/ubuntu/airflow_venv/lib/python3.12/site-packages/airflow/example_dags/example_xcom.py took 0.074 seconds
[2024-11-20T00:18:09.463+0000] {processor.py:186} INFO - Started process (PID=2157) to work on /home/ubuntu/airflow_venv/lib/python3.12/site-packages/airflow/example_dags/example_xcom.py
[2024-11-20T00:18:09.464+0000] {processor.py:914} INFO - Processing file /home/ubuntu/airflow_venv/lib/python3.12/site-packages/airflow/example_dags/example_xcom.py for tasks to queue
[2024-11-20T00:18:09.467+0000] {logging_mixin.py:190} INFO - [2024-11-20T00:18:09.467+0000] {dagbag.py:588} INFO - Filling up the DagBag from /home/ubuntu/airflow_venv/lib/python3.12/site-packages/airflow/example_dags/example_xcom.py
[2024-11-20T00:18:09.475+0000] {processor.py:925} INFO - DAG(s) 'example_xcom' retrieved from /home/ubuntu/airflow_venv/lib/python3.12/site-packages/airflow/example_dags/example_xcom.py
[2024-11-20T00:18:09.492+0000] {logging_mixin.py:190} INFO - [2024-11-20T00:18:09.492+0000] {dag.py:3239} INFO - Sync 1 DAGs
[2024-11-20T00:18:09.510+0000] {logging_mixin.py:190} INFO - [2024-11-20T00:18:09.509+0000] {dag.py:4180} INFO - Setting next_dagrun for example_xcom to 2021-01-01 00:00:00+00:00, run_after=2021-01-01 00:00:00+00:00
[2024-11-20T00:18:09.530+0000] {processor.py:208} INFO - Processing /home/ubuntu/airflow_venv/lib/python3.12/site-packages/airflow/example_dags/example_xcom.py took 0.073 seconds
[2024-11-20T00:19:01.194+0000] {processor.py:186} INFO - Started process (PID=2210) to work on /home/ubuntu/airflow_venv/lib/python3.12/site-packages/airflow/example_dags/example_xcom.py
[2024-11-20T00:19:01.196+0000] {processor.py:914} INFO - Processing file /home/ubuntu/airflow_venv/lib/python3.12/site-packages/airflow/example_dags/example_xcom.py for tasks to queue
[2024-11-20T00:19:01.198+0000] {logging_mixin.py:190} INFO - [2024-11-20T00:19:01.198+0000] {dagbag.py:588} INFO - Filling up the DagBag from /home/ubuntu/airflow_venv/lib/python3.12/site-packages/airflow/example_dags/example_xcom.py
[2024-11-20T00:19:01.208+0000] {processor.py:925} INFO - DAG(s) 'example_xcom' retrieved from /home/ubuntu/airflow_venv/lib/python3.12/site-packages/airflow/example_dags/example_xcom.py
[2024-11-20T00:19:01.225+0000] {logging_mixin.py:190} INFO - [2024-11-20T00:19:01.224+0000] {dag.py:3239} INFO - Sync 1 DAGs
[2024-11-20T00:19:01.242+0000] {logging_mixin.py:190} INFO - [2024-11-20T00:19:01.242+0000] {dag.py:4180} INFO - Setting next_dagrun for example_xcom to 2021-01-01 00:00:00+00:00, run_after=2021-01-01 00:00:00+00:00
[2024-11-20T00:19:01.265+0000] {processor.py:208} INFO - Processing /home/ubuntu/airflow_venv/lib/python3.12/site-packages/airflow/example_dags/example_xcom.py took 0.076 seconds
[2024-11-20T00:19:56.013+0000] {processor.py:186} INFO - Started process (PID=2267) to work on /home/ubuntu/airflow_venv/lib/python3.12/site-packages/airflow/example_dags/example_xcom.py
[2024-11-20T00:19:56.015+0000] {processor.py:914} INFO - Processing file /home/ubuntu/airflow_venv/lib/python3.12/site-packages/airflow/example_dags/example_xcom.py for tasks to queue
[2024-11-20T00:19:56.017+0000] {logging_mixin.py:190} INFO - [2024-11-20T00:19:56.016+0000] {dagbag.py:588} INFO - Filling up the DagBag from /home/ubuntu/airflow_venv/lib/python3.12/site-packages/airflow/example_dags/example_xcom.py
[2024-11-20T00:19:56.025+0000] {processor.py:925} INFO - DAG(s) 'example_xcom' retrieved from /home/ubuntu/airflow_venv/lib/python3.12/site-packages/airflow/example_dags/example_xcom.py
[2024-11-20T00:19:56.041+0000] {logging_mixin.py:190} INFO - [2024-11-20T00:19:56.040+0000] {dag.py:3239} INFO - Sync 1 DAGs
[2024-11-20T00:19:56.058+0000] {logging_mixin.py:190} INFO - [2024-11-20T00:19:56.058+0000] {dag.py:4180} INFO - Setting next_dagrun for example_xcom to 2021-01-01 00:00:00+00:00, run_after=2021-01-01 00:00:00+00:00
[2024-11-20T00:19:56.080+0000] {processor.py:208} INFO - Processing /home/ubuntu/airflow_venv/lib/python3.12/site-packages/airflow/example_dags/example_xcom.py took 0.072 seconds
[2024-11-20T00:20:47.422+0000] {processor.py:186} INFO - Started process (PID=2324) to work on /home/ubuntu/airflow_venv/lib/python3.12/site-packages/airflow/example_dags/example_xcom.py
[2024-11-20T00:20:47.424+0000] {processor.py:914} INFO - Processing file /home/ubuntu/airflow_venv/lib/python3.12/site-packages/airflow/example_dags/example_xcom.py for tasks to queue
[2024-11-20T00:20:47.426+0000] {logging_mixin.py:190} INFO - [2024-11-20T00:20:47.425+0000] {dagbag.py:588} INFO - Filling up the DagBag from /home/ubuntu/airflow_venv/lib/python3.12/site-packages/airflow/example_dags/example_xcom.py
[2024-11-20T00:20:47.435+0000] {processor.py:925} INFO - DAG(s) 'example_xcom' retrieved from /home/ubuntu/airflow_venv/lib/python3.12/site-packages/airflow/example_dags/example_xcom.py
[2024-11-20T00:20:47.451+0000] {logging_mixin.py:190} INFO - [2024-11-20T00:20:47.451+0000] {dag.py:3239} INFO - Sync 1 DAGs
[2024-11-20T00:20:47.468+0000] {logging_mixin.py:190} INFO - [2024-11-20T00:20:47.467+0000] {dag.py:4180} INFO - Setting next_dagrun for example_xcom to 2021-01-01 00:00:00+00:00, run_after=2021-01-01 00:00:00+00:00
[2024-11-20T00:20:47.491+0000] {processor.py:208} INFO - Processing /home/ubuntu/airflow_venv/lib/python3.12/site-packages/airflow/example_dags/example_xcom.py took 0.075 seconds
[2024-11-20T00:21:47.950+0000] {processor.py:186} INFO - Started process (PID=2384) to work on /home/ubuntu/airflow_venv/lib/python3.12/site-packages/airflow/example_dags/example_xcom.py
[2024-11-20T00:21:47.951+0000] {processor.py:914} INFO - Processing file /home/ubuntu/airflow_venv/lib/python3.12/site-packages/airflow/example_dags/example_xcom.py for tasks to queue
[2024-11-20T00:21:47.954+0000] {logging_mixin.py:190} INFO - [2024-11-20T00:21:47.953+0000] {dagbag.py:588} INFO - Filling up the DagBag from /home/ubuntu/airflow_venv/lib/python3.12/site-packages/airflow/example_dags/example_xcom.py
[2024-11-20T00:21:47.962+0000] {processor.py:925} INFO - DAG(s) 'example_xcom' retrieved from /home/ubuntu/airflow_venv/lib/python3.12/site-packages/airflow/example_dags/example_xcom.py
[2024-11-20T00:21:47.979+0000] {logging_mixin.py:190} INFO - [2024-11-20T00:21:47.979+0000] {dag.py:3239} INFO - Sync 1 DAGs
[2024-11-20T00:21:47.999+0000] {logging_mixin.py:190} INFO - [2024-11-20T00:21:47.998+0000] {dag.py:4180} INFO - Setting next_dagrun for example_xcom to 2021-01-01 00:00:00+00:00, run_after=2021-01-01 00:00:00+00:00
[2024-11-20T00:21:48.021+0000] {processor.py:208} INFO - Processing /home/ubuntu/airflow_venv/lib/python3.12/site-packages/airflow/example_dags/example_xcom.py took 0.077 seconds
[2024-11-20T00:22:44.605+0000] {processor.py:186} INFO - Started process (PID=2443) to work on /home/ubuntu/airflow_venv/lib/python3.12/site-packages/airflow/example_dags/example_xcom.py
[2024-11-20T00:22:44.609+0000] {processor.py:914} INFO - Processing file /home/ubuntu/airflow_venv/lib/python3.12/site-packages/airflow/example_dags/example_xcom.py for tasks to queue
[2024-11-20T00:22:44.615+0000] {logging_mixin.py:190} INFO - [2024-11-20T00:22:44.615+0000] {dagbag.py:588} INFO - Filling up the DagBag from /home/ubuntu/airflow_venv/lib/python3.12/site-packages/airflow/example_dags/example_xcom.py
[2024-11-20T00:22:44.630+0000] {processor.py:925} INFO - DAG(s) 'example_xcom' retrieved from /home/ubuntu/airflow_venv/lib/python3.12/site-packages/airflow/example_dags/example_xcom.py
[2024-11-20T00:22:44.646+0000] {logging_mixin.py:190} INFO - [2024-11-20T00:22:44.645+0000] {dag.py:3239} INFO - Sync 1 DAGs
[2024-11-20T00:22:44.663+0000] {logging_mixin.py:190} INFO - [2024-11-20T00:22:44.663+0000] {dag.py:4180} INFO - Setting next_dagrun for example_xcom to 2021-01-01 00:00:00+00:00, run_after=2021-01-01 00:00:00+00:00
[2024-11-20T00:22:44.686+0000] {processor.py:208} INFO - Processing /home/ubuntu/airflow_venv/lib/python3.12/site-packages/airflow/example_dags/example_xcom.py took 0.086 seconds
[2024-11-20T00:23:40.128+0000] {processor.py:186} INFO - Started process (PID=2499) to work on /home/ubuntu/airflow_venv/lib/python3.12/site-packages/airflow/example_dags/example_xcom.py
[2024-11-20T00:23:40.129+0000] {processor.py:914} INFO - Processing file /home/ubuntu/airflow_venv/lib/python3.12/site-packages/airflow/example_dags/example_xcom.py for tasks to queue
[2024-11-20T00:23:40.133+0000] {logging_mixin.py:190} INFO - [2024-11-20T00:23:40.132+0000] {dagbag.py:588} INFO - Filling up the DagBag from /home/ubuntu/airflow_venv/lib/python3.12/site-packages/airflow/example_dags/example_xcom.py
[2024-11-20T00:23:40.142+0000] {processor.py:925} INFO - DAG(s) 'example_xcom' retrieved from /home/ubuntu/airflow_venv/lib/python3.12/site-packages/airflow/example_dags/example_xcom.py
[2024-11-20T00:23:40.157+0000] {logging_mixin.py:190} INFO - [2024-11-20T00:23:40.157+0000] {dag.py:3239} INFO - Sync 1 DAGs
[2024-11-20T00:23:40.175+0000] {logging_mixin.py:190} INFO - [2024-11-20T00:23:40.174+0000] {dag.py:4180} INFO - Setting next_dagrun for example_xcom to 2021-01-01 00:00:00+00:00, run_after=2021-01-01 00:00:00+00:00
[2024-11-20T00:23:40.197+0000] {processor.py:208} INFO - Processing /home/ubuntu/airflow_venv/lib/python3.12/site-packages/airflow/example_dags/example_xcom.py took 0.074 seconds
[2024-11-20T00:24:34.569+0000] {processor.py:186} INFO - Started process (PID=2555) to work on /home/ubuntu/airflow_venv/lib/python3.12/site-packages/airflow/example_dags/example_xcom.py
[2024-11-20T00:24:34.571+0000] {processor.py:914} INFO - Processing file /home/ubuntu/airflow_venv/lib/python3.12/site-packages/airflow/example_dags/example_xcom.py for tasks to queue
[2024-11-20T00:24:34.574+0000] {logging_mixin.py:190} INFO - [2024-11-20T00:24:34.573+0000] {dagbag.py:588} INFO - Filling up the DagBag from /home/ubuntu/airflow_venv/lib/python3.12/site-packages/airflow/example_dags/example_xcom.py
[2024-11-20T00:24:34.583+0000] {processor.py:925} INFO - DAG(s) 'example_xcom' retrieved from /home/ubuntu/airflow_venv/lib/python3.12/site-packages/airflow/example_dags/example_xcom.py
[2024-11-20T00:24:34.599+0000] {logging_mixin.py:190} INFO - [2024-11-20T00:24:34.598+0000] {dag.py:3239} INFO - Sync 1 DAGs
[2024-11-20T00:24:34.617+0000] {logging_mixin.py:190} INFO - [2024-11-20T00:24:34.617+0000] {dag.py:4180} INFO - Setting next_dagrun for example_xcom to 2021-01-01 00:00:00+00:00, run_after=2021-01-01 00:00:00+00:00
[2024-11-20T00:24:34.639+0000] {processor.py:208} INFO - Processing /home/ubuntu/airflow_venv/lib/python3.12/site-packages/airflow/example_dags/example_xcom.py took 0.075 seconds
[2024-11-20T00:25:27.967+0000] {processor.py:186} INFO - Started process (PID=2613) to work on /home/ubuntu/airflow_venv/lib/python3.12/site-packages/airflow/example_dags/example_xcom.py
[2024-11-20T00:25:27.968+0000] {processor.py:914} INFO - Processing file /home/ubuntu/airflow_venv/lib/python3.12/site-packages/airflow/example_dags/example_xcom.py for tasks to queue
[2024-11-20T00:25:27.971+0000] {logging_mixin.py:190} INFO - [2024-11-20T00:25:27.970+0000] {dagbag.py:588} INFO - Filling up the DagBag from /home/ubuntu/airflow_venv/lib/python3.12/site-packages/airflow/example_dags/example_xcom.py
[2024-11-20T00:25:27.980+0000] {processor.py:925} INFO - DAG(s) 'example_xcom' retrieved from /home/ubuntu/airflow_venv/lib/python3.12/site-packages/airflow/example_dags/example_xcom.py
[2024-11-20T00:25:27.996+0000] {logging_mixin.py:190} INFO - [2024-11-20T00:25:27.995+0000] {dag.py:3239} INFO - Sync 1 DAGs
[2024-11-20T00:25:28.016+0000] {logging_mixin.py:190} INFO - [2024-11-20T00:25:28.015+0000] {dag.py:4180} INFO - Setting next_dagrun for example_xcom to 2021-01-01 00:00:00+00:00, run_after=2021-01-01 00:00:00+00:00
[2024-11-20T00:25:28.038+0000] {processor.py:208} INFO - Processing /home/ubuntu/airflow_venv/lib/python3.12/site-packages/airflow/example_dags/example_xcom.py took 0.077 seconds
[2024-11-20T00:26:23.795+0000] {processor.py:186} INFO - Started process (PID=2672) to work on /home/ubuntu/airflow_venv/lib/python3.12/site-packages/airflow/example_dags/example_xcom.py
[2024-11-20T00:26:23.797+0000] {processor.py:914} INFO - Processing file /home/ubuntu/airflow_venv/lib/python3.12/site-packages/airflow/example_dags/example_xcom.py for tasks to queue
[2024-11-20T00:26:23.801+0000] {logging_mixin.py:190} INFO - [2024-11-20T00:26:23.800+0000] {dagbag.py:588} INFO - Filling up the DagBag from /home/ubuntu/airflow_venv/lib/python3.12/site-packages/airflow/example_dags/example_xcom.py
[2024-11-20T00:26:23.811+0000] {processor.py:925} INFO - DAG(s) 'example_xcom' retrieved from /home/ubuntu/airflow_venv/lib/python3.12/site-packages/airflow/example_dags/example_xcom.py
[2024-11-20T00:26:23.826+0000] {logging_mixin.py:190} INFO - [2024-11-20T00:26:23.826+0000] {dag.py:3239} INFO - Sync 1 DAGs
[2024-11-20T00:26:23.844+0000] {logging_mixin.py:190} INFO - [2024-11-20T00:26:23.843+0000] {dag.py:4180} INFO - Setting next_dagrun for example_xcom to 2021-01-01 00:00:00+00:00, run_after=2021-01-01 00:00:00+00:00
[2024-11-20T00:26:23.866+0000] {processor.py:208} INFO - Processing /home/ubuntu/airflow_venv/lib/python3.12/site-packages/airflow/example_dags/example_xcom.py took 0.076 seconds
[2024-11-20T00:27:38.867+0000] {processor.py:186} INFO - Started process (PID=2768) to work on /home/ubuntu/airflow_venv/lib/python3.12/site-packages/airflow/example_dags/example_xcom.py
[2024-11-20T00:27:38.869+0000] {processor.py:914} INFO - Processing file /home/ubuntu/airflow_venv/lib/python3.12/site-packages/airflow/example_dags/example_xcom.py for tasks to queue
[2024-11-20T00:27:38.872+0000] {logging_mixin.py:190} INFO - [2024-11-20T00:27:38.871+0000] {dagbag.py:588} INFO - Filling up the DagBag from /home/ubuntu/airflow_venv/lib/python3.12/site-packages/airflow/example_dags/example_xcom.py
[2024-11-20T00:27:38.882+0000] {processor.py:925} INFO - DAG(s) 'example_xcom' retrieved from /home/ubuntu/airflow_venv/lib/python3.12/site-packages/airflow/example_dags/example_xcom.py
[2024-11-20T00:27:38.896+0000] {logging_mixin.py:190} INFO - [2024-11-20T00:27:38.896+0000] {dag.py:3239} INFO - Sync 1 DAGs
[2024-11-20T00:27:38.914+0000] {logging_mixin.py:190} INFO - [2024-11-20T00:27:38.914+0000] {dag.py:4180} INFO - Setting next_dagrun for example_xcom to 2021-01-01 00:00:00+00:00, run_after=2021-01-01 00:00:00+00:00
[2024-11-20T00:27:38.938+0000] {processor.py:208} INFO - Processing /home/ubuntu/airflow_venv/lib/python3.12/site-packages/airflow/example_dags/example_xcom.py took 0.075 seconds
[2024-11-20T00:28:35.790+0000] {processor.py:186} INFO - Started process (PID=2883) to work on /home/ubuntu/airflow_venv/lib/python3.12/site-packages/airflow/example_dags/example_xcom.py
[2024-11-20T00:28:35.791+0000] {processor.py:914} INFO - Processing file /home/ubuntu/airflow_venv/lib/python3.12/site-packages/airflow/example_dags/example_xcom.py for tasks to queue
[2024-11-20T00:28:35.795+0000] {logging_mixin.py:190} INFO - [2024-11-20T00:28:35.794+0000] {dagbag.py:588} INFO - Filling up the DagBag from /home/ubuntu/airflow_venv/lib/python3.12/site-packages/airflow/example_dags/example_xcom.py
[2024-11-20T00:28:35.816+0000] {processor.py:925} INFO - DAG(s) 'example_xcom' retrieved from /home/ubuntu/airflow_venv/lib/python3.12/site-packages/airflow/example_dags/example_xcom.py
[2024-11-20T00:28:35.849+0000] {logging_mixin.py:190} INFO - [2024-11-20T00:28:35.849+0000] {dag.py:3239} INFO - Sync 1 DAGs
[2024-11-20T00:28:35.896+0000] {logging_mixin.py:190} INFO - [2024-11-20T00:28:35.896+0000] {dag.py:4180} INFO - Setting next_dagrun for example_xcom to 2021-01-01 00:00:00+00:00, run_after=2021-01-01 00:00:00+00:00
[2024-11-20T00:28:35.942+0000] {processor.py:208} INFO - Processing /home/ubuntu/airflow_venv/lib/python3.12/site-packages/airflow/example_dags/example_xcom.py took 0.167 seconds
[2024-11-20T00:29:40.444+0000] {processor.py:186} INFO - Started process (PID=3020) to work on /home/ubuntu/airflow_venv/lib/python3.12/site-packages/airflow/example_dags/example_xcom.py
[2024-11-20T00:29:40.446+0000] {processor.py:914} INFO - Processing file /home/ubuntu/airflow_venv/lib/python3.12/site-packages/airflow/example_dags/example_xcom.py for tasks to queue
[2024-11-20T00:29:40.448+0000] {logging_mixin.py:190} INFO - [2024-11-20T00:29:40.448+0000] {dagbag.py:588} INFO - Filling up the DagBag from /home/ubuntu/airflow_venv/lib/python3.12/site-packages/airflow/example_dags/example_xcom.py
[2024-11-20T00:29:40.458+0000] {processor.py:925} INFO - DAG(s) 'example_xcom' retrieved from /home/ubuntu/airflow_venv/lib/python3.12/site-packages/airflow/example_dags/example_xcom.py
[2024-11-20T00:29:40.473+0000] {logging_mixin.py:190} INFO - [2024-11-20T00:29:40.473+0000] {dag.py:3239} INFO - Sync 1 DAGs
[2024-11-20T00:29:40.492+0000] {logging_mixin.py:190} INFO - [2024-11-20T00:29:40.492+0000] {dag.py:4180} INFO - Setting next_dagrun for example_xcom to 2021-01-01 00:00:00+00:00, run_after=2021-01-01 00:00:00+00:00
[2024-11-20T00:29:40.514+0000] {processor.py:208} INFO - Processing /home/ubuntu/airflow_venv/lib/python3.12/site-packages/airflow/example_dags/example_xcom.py took 0.075 seconds
[2024-11-20T00:30:37.015+0000] {processor.py:186} INFO - Started process (PID=3082) to work on /home/ubuntu/airflow_venv/lib/python3.12/site-packages/airflow/example_dags/example_xcom.py
[2024-11-20T00:30:37.017+0000] {processor.py:914} INFO - Processing file /home/ubuntu/airflow_venv/lib/python3.12/site-packages/airflow/example_dags/example_xcom.py for tasks to queue
[2024-11-20T00:30:37.017+0000] {logging_mixin.py:190} INFO - [2024-11-20T00:30:37.017+0000] {dagbag.py:588} INFO - Filling up the DagBag from /home/ubuntu/airflow_venv/lib/python3.12/site-packages/airflow/example_dags/example_xcom.py
[2024-11-20T00:30:37.028+0000] {processor.py:925} INFO - DAG(s) 'example_xcom' retrieved from /home/ubuntu/airflow_venv/lib/python3.12/site-packages/airflow/example_dags/example_xcom.py
[2024-11-20T00:30:37.043+0000] {logging_mixin.py:190} INFO - [2024-11-20T00:30:37.043+0000] {dag.py:3239} INFO - Sync 1 DAGs
[2024-11-20T00:30:37.062+0000] {logging_mixin.py:190} INFO - [2024-11-20T00:30:37.061+0000] {dag.py:4180} INFO - Setting next_dagrun for example_xcom to 2021-01-01 00:00:00+00:00, run_after=2021-01-01 00:00:00+00:00
[2024-11-20T00:30:37.082+0000] {processor.py:208} INFO - Processing /home/ubuntu/airflow_venv/lib/python3.12/site-packages/airflow/example_dags/example_xcom.py took 0.072 seconds
[2024-11-20T00:31:33.635+0000] {processor.py:186} INFO - Started process (PID=3265) to work on /home/ubuntu/airflow_venv/lib/python3.12/site-packages/airflow/example_dags/example_xcom.py
[2024-11-20T00:31:33.637+0000] {processor.py:914} INFO - Processing file /home/ubuntu/airflow_venv/lib/python3.12/site-packages/airflow/example_dags/example_xcom.py for tasks to queue
[2024-11-20T00:31:33.641+0000] {logging_mixin.py:190} INFO - [2024-11-20T00:31:33.640+0000] {dagbag.py:588} INFO - Filling up the DagBag from /home/ubuntu/airflow_venv/lib/python3.12/site-packages/airflow/example_dags/example_xcom.py
[2024-11-20T00:31:33.652+0000] {processor.py:925} INFO - DAG(s) 'example_xcom' retrieved from /home/ubuntu/airflow_venv/lib/python3.12/site-packages/airflow/example_dags/example_xcom.py
[2024-11-20T00:31:33.669+0000] {logging_mixin.py:190} INFO - [2024-11-20T00:31:33.669+0000] {dag.py:3239} INFO - Sync 1 DAGs
[2024-11-20T00:31:33.687+0000] {logging_mixin.py:190} INFO - [2024-11-20T00:31:33.687+0000] {dag.py:4180} INFO - Setting next_dagrun for example_xcom to 2021-01-01 00:00:00+00:00, run_after=2021-01-01 00:00:00+00:00
[2024-11-20T00:31:33.708+0000] {processor.py:208} INFO - Processing /home/ubuntu/airflow_venv/lib/python3.12/site-packages/airflow/example_dags/example_xcom.py took 0.080 seconds
[2024-11-20T00:32:26.208+0000] {processor.py:186} INFO - Started process (PID=3334) to work on /home/ubuntu/airflow_venv/lib/python3.12/site-packages/airflow/example_dags/example_xcom.py
[2024-11-20T00:32:26.210+0000] {processor.py:914} INFO - Processing file /home/ubuntu/airflow_venv/lib/python3.12/site-packages/airflow/example_dags/example_xcom.py for tasks to queue
[2024-11-20T00:32:26.211+0000] {logging_mixin.py:190} INFO - [2024-11-20T00:32:26.211+0000] {dagbag.py:588} INFO - Filling up the DagBag from /home/ubuntu/airflow_venv/lib/python3.12/site-packages/airflow/example_dags/example_xcom.py
[2024-11-20T00:32:26.221+0000] {processor.py:925} INFO - DAG(s) 'example_xcom' retrieved from /home/ubuntu/airflow_venv/lib/python3.12/site-packages/airflow/example_dags/example_xcom.py
[2024-11-20T00:32:26.237+0000] {logging_mixin.py:190} INFO - [2024-11-20T00:32:26.237+0000] {dag.py:3239} INFO - Sync 1 DAGs
[2024-11-20T00:32:26.256+0000] {logging_mixin.py:190} INFO - [2024-11-20T00:32:26.256+0000] {dag.py:4180} INFO - Setting next_dagrun for example_xcom to 2021-01-01 00:00:00+00:00, run_after=2021-01-01 00:00:00+00:00
[2024-11-20T00:32:26.278+0000] {processor.py:208} INFO - Processing /home/ubuntu/airflow_venv/lib/python3.12/site-packages/airflow/example_dags/example_xcom.py took 0.076 seconds
[2024-11-20T00:33:20.579+0000] {processor.py:186} INFO - Started process (PID=3901) to work on /home/ubuntu/airflow_venv/lib/python3.12/site-packages/airflow/example_dags/example_xcom.py
[2024-11-20T00:33:20.581+0000] {processor.py:914} INFO - Processing file /home/ubuntu/airflow_venv/lib/python3.12/site-packages/airflow/example_dags/example_xcom.py for tasks to queue
[2024-11-20T00:33:20.582+0000] {logging_mixin.py:190} INFO - [2024-11-20T00:33:20.582+0000] {dagbag.py:588} INFO - Filling up the DagBag from /home/ubuntu/airflow_venv/lib/python3.12/site-packages/airflow/example_dags/example_xcom.py
[2024-11-20T00:33:20.604+0000] {processor.py:925} INFO - DAG(s) 'example_xcom' retrieved from /home/ubuntu/airflow_venv/lib/python3.12/site-packages/airflow/example_dags/example_xcom.py
[2024-11-20T00:33:20.643+0000] {logging_mixin.py:190} INFO - [2024-11-20T00:33:20.640+0000] {dag.py:3239} INFO - Sync 1 DAGs
[2024-11-20T00:33:20.683+0000] {logging_mixin.py:190} INFO - [2024-11-20T00:33:20.681+0000] {dag.py:4180} INFO - Setting next_dagrun for example_xcom to 2021-01-01 00:00:00+00:00, run_after=2021-01-01 00:00:00+00:00
[2024-11-20T00:33:20.719+0000] {processor.py:208} INFO - Processing /home/ubuntu/airflow_venv/lib/python3.12/site-packages/airflow/example_dags/example_xcom.py took 0.153 seconds
[2024-11-20T00:34:24.939+0000] {processor.py:186} INFO - Started process (PID=4034) to work on /home/ubuntu/airflow_venv/lib/python3.12/site-packages/airflow/example_dags/example_xcom.py
[2024-11-20T00:34:24.940+0000] {processor.py:914} INFO - Processing file /home/ubuntu/airflow_venv/lib/python3.12/site-packages/airflow/example_dags/example_xcom.py for tasks to queue
[2024-11-20T00:34:24.941+0000] {logging_mixin.py:190} INFO - [2024-11-20T00:34:24.941+0000] {dagbag.py:588} INFO - Filling up the DagBag from /home/ubuntu/airflow_venv/lib/python3.12/site-packages/airflow/example_dags/example_xcom.py
[2024-11-20T00:34:24.951+0000] {processor.py:925} INFO - DAG(s) 'example_xcom' retrieved from /home/ubuntu/airflow_venv/lib/python3.12/site-packages/airflow/example_dags/example_xcom.py
[2024-11-20T00:34:24.976+0000] {logging_mixin.py:190} INFO - [2024-11-20T00:34:24.976+0000] {dag.py:3239} INFO - Sync 1 DAGs
[2024-11-20T00:34:24.995+0000] {logging_mixin.py:190} INFO - [2024-11-20T00:34:24.995+0000] {dag.py:4180} INFO - Setting next_dagrun for example_xcom to 2021-01-01 00:00:00+00:00, run_after=2021-01-01 00:00:00+00:00
[2024-11-20T00:34:25.016+0000] {processor.py:208} INFO - Processing /home/ubuntu/airflow_venv/lib/python3.12/site-packages/airflow/example_dags/example_xcom.py took 0.084 seconds
[2024-11-20T00:35:22.351+0000] {processor.py:186} INFO - Started process (PID=4119) to work on /home/ubuntu/airflow_venv/lib/python3.12/site-packages/airflow/example_dags/example_xcom.py
[2024-11-20T00:35:22.352+0000] {processor.py:914} INFO - Processing file /home/ubuntu/airflow_venv/lib/python3.12/site-packages/airflow/example_dags/example_xcom.py for tasks to queue
[2024-11-20T00:35:22.353+0000] {logging_mixin.py:190} INFO - [2024-11-20T00:35:22.353+0000] {dagbag.py:588} INFO - Filling up the DagBag from /home/ubuntu/airflow_venv/lib/python3.12/site-packages/airflow/example_dags/example_xcom.py
[2024-11-20T00:35:22.364+0000] {processor.py:925} INFO - DAG(s) 'example_xcom' retrieved from /home/ubuntu/airflow_venv/lib/python3.12/site-packages/airflow/example_dags/example_xcom.py
[2024-11-20T00:35:22.380+0000] {logging_mixin.py:190} INFO - [2024-11-20T00:35:22.380+0000] {dag.py:3239} INFO - Sync 1 DAGs
[2024-11-20T00:35:22.398+0000] {logging_mixin.py:190} INFO - [2024-11-20T00:35:22.398+0000] {dag.py:4180} INFO - Setting next_dagrun for example_xcom to 2021-01-01 00:00:00+00:00, run_after=2021-01-01 00:00:00+00:00
[2024-11-20T00:35:22.424+0000] {processor.py:208} INFO - Processing /home/ubuntu/airflow_venv/lib/python3.12/site-packages/airflow/example_dags/example_xcom.py took 0.081 seconds
[2024-11-20T00:36:18.353+0000] {processor.py:186} INFO - Started process (PID=4177) to work on /home/ubuntu/airflow_venv/lib/python3.12/site-packages/airflow/example_dags/example_xcom.py
[2024-11-20T00:36:18.355+0000] {processor.py:914} INFO - Processing file /home/ubuntu/airflow_venv/lib/python3.12/site-packages/airflow/example_dags/example_xcom.py for tasks to queue
[2024-11-20T00:36:18.357+0000] {logging_mixin.py:190} INFO - [2024-11-20T00:36:18.356+0000] {dagbag.py:588} INFO - Filling up the DagBag from /home/ubuntu/airflow_venv/lib/python3.12/site-packages/airflow/example_dags/example_xcom.py
[2024-11-20T00:36:18.367+0000] {processor.py:925} INFO - DAG(s) 'example_xcom' retrieved from /home/ubuntu/airflow_venv/lib/python3.12/site-packages/airflow/example_dags/example_xcom.py
[2024-11-20T00:36:18.384+0000] {logging_mixin.py:190} INFO - [2024-11-20T00:36:18.384+0000] {dag.py:3239} INFO - Sync 1 DAGs
[2024-11-20T00:36:18.403+0000] {logging_mixin.py:190} INFO - [2024-11-20T00:36:18.403+0000] {dag.py:4180} INFO - Setting next_dagrun for example_xcom to 2021-01-01 00:00:00+00:00, run_after=2021-01-01 00:00:00+00:00
[2024-11-20T00:36:18.425+0000] {processor.py:208} INFO - Processing /home/ubuntu/airflow_venv/lib/python3.12/site-packages/airflow/example_dags/example_xcom.py took 0.088 seconds
[2024-11-20T00:37:10.400+0000] {processor.py:186} INFO - Started process (PID=4232) to work on /home/ubuntu/airflow_venv/lib/python3.12/site-packages/airflow/example_dags/example_xcom.py
[2024-11-20T00:37:10.401+0000] {processor.py:914} INFO - Processing file /home/ubuntu/airflow_venv/lib/python3.12/site-packages/airflow/example_dags/example_xcom.py for tasks to queue
[2024-11-20T00:37:10.402+0000] {logging_mixin.py:190} INFO - [2024-11-20T00:37:10.402+0000] {dagbag.py:588} INFO - Filling up the DagBag from /home/ubuntu/airflow_venv/lib/python3.12/site-packages/airflow/example_dags/example_xcom.py
[2024-11-20T00:37:10.412+0000] {processor.py:925} INFO - DAG(s) 'example_xcom' retrieved from /home/ubuntu/airflow_venv/lib/python3.12/site-packages/airflow/example_dags/example_xcom.py
[2024-11-20T00:37:10.427+0000] {logging_mixin.py:190} INFO - [2024-11-20T00:37:10.427+0000] {dag.py:3239} INFO - Sync 1 DAGs
[2024-11-20T00:37:10.446+0000] {logging_mixin.py:190} INFO - [2024-11-20T00:37:10.445+0000] {dag.py:4180} INFO - Setting next_dagrun for example_xcom to 2021-01-01 00:00:00+00:00, run_after=2021-01-01 00:00:00+00:00
[2024-11-20T00:37:10.468+0000] {processor.py:208} INFO - Processing /home/ubuntu/airflow_venv/lib/python3.12/site-packages/airflow/example_dags/example_xcom.py took 0.075 seconds
[2024-11-20T00:38:07.440+0000] {processor.py:186} INFO - Started process (PID=4317) to work on /home/ubuntu/airflow_venv/lib/python3.12/site-packages/airflow/example_dags/example_xcom.py
[2024-11-20T00:38:07.441+0000] {processor.py:914} INFO - Processing file /home/ubuntu/airflow_venv/lib/python3.12/site-packages/airflow/example_dags/example_xcom.py for tasks to queue
[2024-11-20T00:38:07.443+0000] {logging_mixin.py:190} INFO - [2024-11-20T00:38:07.443+0000] {dagbag.py:588} INFO - Filling up the DagBag from /home/ubuntu/airflow_venv/lib/python3.12/site-packages/airflow/example_dags/example_xcom.py
[2024-11-20T00:38:07.452+0000] {processor.py:925} INFO - DAG(s) 'example_xcom' retrieved from /home/ubuntu/airflow_venv/lib/python3.12/site-packages/airflow/example_dags/example_xcom.py
[2024-11-20T00:38:07.468+0000] {logging_mixin.py:190} INFO - [2024-11-20T00:38:07.468+0000] {dag.py:3239} INFO - Sync 1 DAGs
[2024-11-20T00:38:07.493+0000] {logging_mixin.py:190} INFO - [2024-11-20T00:38:07.493+0000] {dag.py:4180} INFO - Setting next_dagrun for example_xcom to 2021-01-01 00:00:00+00:00, run_after=2021-01-01 00:00:00+00:00
[2024-11-20T00:38:07.515+0000] {processor.py:208} INFO - Processing /home/ubuntu/airflow_venv/lib/python3.12/site-packages/airflow/example_dags/example_xcom.py took 0.082 seconds
[2024-11-20T00:39:03.704+0000] {processor.py:186} INFO - Started process (PID=4375) to work on /home/ubuntu/airflow_venv/lib/python3.12/site-packages/airflow/example_dags/example_xcom.py
[2024-11-20T00:39:03.706+0000] {processor.py:914} INFO - Processing file /home/ubuntu/airflow_venv/lib/python3.12/site-packages/airflow/example_dags/example_xcom.py for tasks to queue
[2024-11-20T00:39:03.707+0000] {logging_mixin.py:190} INFO - [2024-11-20T00:39:03.707+0000] {dagbag.py:588} INFO - Filling up the DagBag from /home/ubuntu/airflow_venv/lib/python3.12/site-packages/airflow/example_dags/example_xcom.py
[2024-11-20T00:39:03.716+0000] {processor.py:925} INFO - DAG(s) 'example_xcom' retrieved from /home/ubuntu/airflow_venv/lib/python3.12/site-packages/airflow/example_dags/example_xcom.py
[2024-11-20T00:39:03.733+0000] {logging_mixin.py:190} INFO - [2024-11-20T00:39:03.733+0000] {dag.py:3239} INFO - Sync 1 DAGs
[2024-11-20T00:39:03.751+0000] {logging_mixin.py:190} INFO - [2024-11-20T00:39:03.750+0000] {dag.py:4180} INFO - Setting next_dagrun for example_xcom to 2021-01-01 00:00:00+00:00, run_after=2021-01-01 00:00:00+00:00
[2024-11-20T00:39:03.771+0000] {processor.py:208} INFO - Processing /home/ubuntu/airflow_venv/lib/python3.12/site-packages/airflow/example_dags/example_xcom.py took 0.074 seconds
[2024-11-20T00:40:06.987+0000] {processor.py:186} INFO - Started process (PID=4470) to work on /home/ubuntu/airflow_venv/lib/python3.12/site-packages/airflow/example_dags/example_xcom.py
[2024-11-20T00:40:06.989+0000] {processor.py:914} INFO - Processing file /home/ubuntu/airflow_venv/lib/python3.12/site-packages/airflow/example_dags/example_xcom.py for tasks to queue
[2024-11-20T00:40:06.990+0000] {logging_mixin.py:190} INFO - [2024-11-20T00:40:06.990+0000] {dagbag.py:588} INFO - Filling up the DagBag from /home/ubuntu/airflow_venv/lib/python3.12/site-packages/airflow/example_dags/example_xcom.py
[2024-11-20T00:40:07.000+0000] {processor.py:925} INFO - DAG(s) 'example_xcom' retrieved from /home/ubuntu/airflow_venv/lib/python3.12/site-packages/airflow/example_dags/example_xcom.py
[2024-11-20T00:40:07.017+0000] {logging_mixin.py:190} INFO - [2024-11-20T00:40:07.017+0000] {dag.py:3239} INFO - Sync 1 DAGs
[2024-11-20T00:40:07.037+0000] {logging_mixin.py:190} INFO - [2024-11-20T00:40:07.037+0000] {dag.py:4180} INFO - Setting next_dagrun for example_xcom to 2021-01-01 00:00:00+00:00, run_after=2021-01-01 00:00:00+00:00
[2024-11-20T00:40:07.059+0000] {processor.py:208} INFO - Processing /home/ubuntu/airflow_venv/lib/python3.12/site-packages/airflow/example_dags/example_xcom.py took 0.078 seconds
[2024-11-20T00:41:04.637+0000] {processor.py:186} INFO - Started process (PID=4532) to work on /home/ubuntu/airflow_venv/lib/python3.12/site-packages/airflow/example_dags/example_xcom.py
[2024-11-20T00:41:04.638+0000] {processor.py:914} INFO - Processing file /home/ubuntu/airflow_venv/lib/python3.12/site-packages/airflow/example_dags/example_xcom.py for tasks to queue
[2024-11-20T00:41:04.640+0000] {logging_mixin.py:190} INFO - [2024-11-20T00:41:04.640+0000] {dagbag.py:588} INFO - Filling up the DagBag from /home/ubuntu/airflow_venv/lib/python3.12/site-packages/airflow/example_dags/example_xcom.py
[2024-11-20T00:41:04.650+0000] {processor.py:925} INFO - DAG(s) 'example_xcom' retrieved from /home/ubuntu/airflow_venv/lib/python3.12/site-packages/airflow/example_dags/example_xcom.py
[2024-11-20T00:41:04.666+0000] {logging_mixin.py:190} INFO - [2024-11-20T00:41:04.665+0000] {dag.py:3239} INFO - Sync 1 DAGs
[2024-11-20T00:41:04.684+0000] {logging_mixin.py:190} INFO - [2024-11-20T00:41:04.684+0000] {dag.py:4180} INFO - Setting next_dagrun for example_xcom to 2021-01-01 00:00:00+00:00, run_after=2021-01-01 00:00:00+00:00
[2024-11-20T00:41:04.708+0000] {processor.py:208} INFO - Processing /home/ubuntu/airflow_venv/lib/python3.12/site-packages/airflow/example_dags/example_xcom.py took 0.078 seconds
[2024-11-20T00:41:56.073+0000] {processor.py:186} INFO - Started process (PID=4587) to work on /home/ubuntu/airflow_venv/lib/python3.12/site-packages/airflow/example_dags/example_xcom.py
[2024-11-20T00:41:56.075+0000] {processor.py:914} INFO - Processing file /home/ubuntu/airflow_venv/lib/python3.12/site-packages/airflow/example_dags/example_xcom.py for tasks to queue
[2024-11-20T00:41:56.077+0000] {logging_mixin.py:190} INFO - [2024-11-20T00:41:56.076+0000] {dagbag.py:588} INFO - Filling up the DagBag from /home/ubuntu/airflow_venv/lib/python3.12/site-packages/airflow/example_dags/example_xcom.py
[2024-11-20T00:41:56.085+0000] {processor.py:925} INFO - DAG(s) 'example_xcom' retrieved from /home/ubuntu/airflow_venv/lib/python3.12/site-packages/airflow/example_dags/example_xcom.py
[2024-11-20T00:41:56.101+0000] {logging_mixin.py:190} INFO - [2024-11-20T00:41:56.101+0000] {dag.py:3239} INFO - Sync 1 DAGs
[2024-11-20T00:41:56.119+0000] {logging_mixin.py:190} INFO - [2024-11-20T00:41:56.119+0000] {dag.py:4180} INFO - Setting next_dagrun for example_xcom to 2021-01-01 00:00:00+00:00, run_after=2021-01-01 00:00:00+00:00
[2024-11-20T00:41:56.139+0000] {processor.py:208} INFO - Processing /home/ubuntu/airflow_venv/lib/python3.12/site-packages/airflow/example_dags/example_xcom.py took 0.073 seconds
[2024-11-20T00:42:49.195+0000] {processor.py:186} INFO - Started process (PID=4642) to work on /home/ubuntu/airflow_venv/lib/python3.12/site-packages/airflow/example_dags/example_xcom.py
[2024-11-20T00:42:49.197+0000] {processor.py:914} INFO - Processing file /home/ubuntu/airflow_venv/lib/python3.12/site-packages/airflow/example_dags/example_xcom.py for tasks to queue
[2024-11-20T00:42:49.198+0000] {logging_mixin.py:190} INFO - [2024-11-20T00:42:49.197+0000] {dagbag.py:588} INFO - Filling up the DagBag from /home/ubuntu/airflow_venv/lib/python3.12/site-packages/airflow/example_dags/example_xcom.py
[2024-11-20T00:42:49.207+0000] {processor.py:925} INFO - DAG(s) 'example_xcom' retrieved from /home/ubuntu/airflow_venv/lib/python3.12/site-packages/airflow/example_dags/example_xcom.py
[2024-11-20T00:42:49.223+0000] {logging_mixin.py:190} INFO - [2024-11-20T00:42:49.223+0000] {dag.py:3239} INFO - Sync 1 DAGs
[2024-11-20T00:42:49.240+0000] {logging_mixin.py:190} INFO - [2024-11-20T00:42:49.240+0000] {dag.py:4180} INFO - Setting next_dagrun for example_xcom to 2021-01-01 00:00:00+00:00, run_after=2021-01-01 00:00:00+00:00
[2024-11-20T00:42:49.263+0000] {processor.py:208} INFO - Processing /home/ubuntu/airflow_venv/lib/python3.12/site-packages/airflow/example_dags/example_xcom.py took 0.075 seconds
[2024-11-20T00:43:46.144+0000] {processor.py:186} INFO - Started process (PID=4701) to work on /home/ubuntu/airflow_venv/lib/python3.12/site-packages/airflow/example_dags/example_xcom.py
[2024-11-20T00:43:46.146+0000] {processor.py:914} INFO - Processing file /home/ubuntu/airflow_venv/lib/python3.12/site-packages/airflow/example_dags/example_xcom.py for tasks to queue
[2024-11-20T00:43:46.147+0000] {logging_mixin.py:190} INFO - [2024-11-20T00:43:46.147+0000] {dagbag.py:588} INFO - Filling up the DagBag from /home/ubuntu/airflow_venv/lib/python3.12/site-packages/airflow/example_dags/example_xcom.py
[2024-11-20T00:43:46.156+0000] {processor.py:925} INFO - DAG(s) 'example_xcom' retrieved from /home/ubuntu/airflow_venv/lib/python3.12/site-packages/airflow/example_dags/example_xcom.py
[2024-11-20T00:43:46.172+0000] {logging_mixin.py:190} INFO - [2024-11-20T00:43:46.172+0000] {dag.py:3239} INFO - Sync 1 DAGs
[2024-11-20T00:43:46.191+0000] {logging_mixin.py:190} INFO - [2024-11-20T00:43:46.191+0000] {dag.py:4180} INFO - Setting next_dagrun for example_xcom to 2021-01-01 00:00:00+00:00, run_after=2021-01-01 00:00:00+00:00
[2024-11-20T00:43:46.213+0000] {processor.py:208} INFO - Processing /home/ubuntu/airflow_venv/lib/python3.12/site-packages/airflow/example_dags/example_xcom.py took 0.077 seconds
[2024-11-20T00:44:40.025+0000] {processor.py:186} INFO - Started process (PID=4756) to work on /home/ubuntu/airflow_venv/lib/python3.12/site-packages/airflow/example_dags/example_xcom.py
[2024-11-20T00:44:40.027+0000] {processor.py:914} INFO - Processing file /home/ubuntu/airflow_venv/lib/python3.12/site-packages/airflow/example_dags/example_xcom.py for tasks to queue
[2024-11-20T00:44:40.028+0000] {logging_mixin.py:190} INFO - [2024-11-20T00:44:40.028+0000] {dagbag.py:588} INFO - Filling up the DagBag from /home/ubuntu/airflow_venv/lib/python3.12/site-packages/airflow/example_dags/example_xcom.py
[2024-11-20T00:44:40.038+0000] {processor.py:925} INFO - DAG(s) 'example_xcom' retrieved from /home/ubuntu/airflow_venv/lib/python3.12/site-packages/airflow/example_dags/example_xcom.py
[2024-11-20T00:44:40.054+0000] {logging_mixin.py:190} INFO - [2024-11-20T00:44:40.054+0000] {dag.py:3239} INFO - Sync 1 DAGs
[2024-11-20T00:44:40.072+0000] {logging_mixin.py:190} INFO - [2024-11-20T00:44:40.072+0000] {dag.py:4180} INFO - Setting next_dagrun for example_xcom to 2021-01-01 00:00:00+00:00, run_after=2021-01-01 00:00:00+00:00
[2024-11-20T00:44:40.095+0000] {processor.py:208} INFO - Processing /home/ubuntu/airflow_venv/lib/python3.12/site-packages/airflow/example_dags/example_xcom.py took 0.078 seconds
[2024-11-20T00:45:35.481+0000] {processor.py:186} INFO - Started process (PID=4816) to work on /home/ubuntu/airflow_venv/lib/python3.12/site-packages/airflow/example_dags/example_xcom.py
[2024-11-20T00:45:35.483+0000] {processor.py:914} INFO - Processing file /home/ubuntu/airflow_venv/lib/python3.12/site-packages/airflow/example_dags/example_xcom.py for tasks to queue
[2024-11-20T00:45:35.484+0000] {logging_mixin.py:190} INFO - [2024-11-20T00:45:35.484+0000] {dagbag.py:588} INFO - Filling up the DagBag from /home/ubuntu/airflow_venv/lib/python3.12/site-packages/airflow/example_dags/example_xcom.py
[2024-11-20T00:45:35.495+0000] {processor.py:925} INFO - DAG(s) 'example_xcom' retrieved from /home/ubuntu/airflow_venv/lib/python3.12/site-packages/airflow/example_dags/example_xcom.py
[2024-11-20T00:45:35.510+0000] {logging_mixin.py:190} INFO - [2024-11-20T00:45:35.510+0000] {dag.py:3239} INFO - Sync 1 DAGs
[2024-11-20T00:45:35.529+0000] {logging_mixin.py:190} INFO - [2024-11-20T00:45:35.529+0000] {dag.py:4180} INFO - Setting next_dagrun for example_xcom to 2021-01-01 00:00:00+00:00, run_after=2021-01-01 00:00:00+00:00
[2024-11-20T00:45:35.549+0000] {processor.py:208} INFO - Processing /home/ubuntu/airflow_venv/lib/python3.12/site-packages/airflow/example_dags/example_xcom.py took 0.077 seconds
[2024-11-20T00:46:29.613+0000] {processor.py:186} INFO - Started process (PID=4873) to work on /home/ubuntu/airflow_venv/lib/python3.12/site-packages/airflow/example_dags/example_xcom.py
[2024-11-20T00:46:29.614+0000] {processor.py:914} INFO - Processing file /home/ubuntu/airflow_venv/lib/python3.12/site-packages/airflow/example_dags/example_xcom.py for tasks to queue
[2024-11-20T00:46:29.615+0000] {logging_mixin.py:190} INFO - [2024-11-20T00:46:29.614+0000] {dagbag.py:588} INFO - Filling up the DagBag from /home/ubuntu/airflow_venv/lib/python3.12/site-packages/airflow/example_dags/example_xcom.py
[2024-11-20T00:46:29.625+0000] {processor.py:925} INFO - DAG(s) 'example_xcom' retrieved from /home/ubuntu/airflow_venv/lib/python3.12/site-packages/airflow/example_dags/example_xcom.py
[2024-11-20T00:46:29.641+0000] {logging_mixin.py:190} INFO - [2024-11-20T00:46:29.641+0000] {dag.py:3239} INFO - Sync 1 DAGs
[2024-11-20T00:46:29.659+0000] {logging_mixin.py:190} INFO - [2024-11-20T00:46:29.659+0000] {dag.py:4180} INFO - Setting next_dagrun for example_xcom to 2021-01-01 00:00:00+00:00, run_after=2021-01-01 00:00:00+00:00
[2024-11-20T00:46:29.683+0000] {processor.py:208} INFO - Processing /home/ubuntu/airflow_venv/lib/python3.12/site-packages/airflow/example_dags/example_xcom.py took 0.077 seconds
[2024-11-20T00:47:22.353+0000] {processor.py:186} INFO - Started process (PID=4927) to work on /home/ubuntu/airflow_venv/lib/python3.12/site-packages/airflow/example_dags/example_xcom.py
[2024-11-20T00:47:22.354+0000] {processor.py:914} INFO - Processing file /home/ubuntu/airflow_venv/lib/python3.12/site-packages/airflow/example_dags/example_xcom.py for tasks to queue
[2024-11-20T00:47:22.356+0000] {logging_mixin.py:190} INFO - [2024-11-20T00:47:22.356+0000] {dagbag.py:588} INFO - Filling up the DagBag from /home/ubuntu/airflow_venv/lib/python3.12/site-packages/airflow/example_dags/example_xcom.py
[2024-11-20T00:47:22.365+0000] {processor.py:925} INFO - DAG(s) 'example_xcom' retrieved from /home/ubuntu/airflow_venv/lib/python3.12/site-packages/airflow/example_dags/example_xcom.py
[2024-11-20T00:47:22.381+0000] {logging_mixin.py:190} INFO - [2024-11-20T00:47:22.381+0000] {dag.py:3239} INFO - Sync 1 DAGs
[2024-11-20T00:47:22.399+0000] {logging_mixin.py:190} INFO - [2024-11-20T00:47:22.399+0000] {dag.py:4180} INFO - Setting next_dagrun for example_xcom to 2021-01-01 00:00:00+00:00, run_after=2021-01-01 00:00:00+00:00
[2024-11-20T00:47:22.419+0000] {processor.py:208} INFO - Processing /home/ubuntu/airflow_venv/lib/python3.12/site-packages/airflow/example_dags/example_xcom.py took 0.073 seconds
[2024-11-20T00:48:13.575+0000] {processor.py:186} INFO - Started process (PID=4981) to work on /home/ubuntu/airflow_venv/lib/python3.12/site-packages/airflow/example_dags/example_xcom.py
[2024-11-20T00:48:13.577+0000] {processor.py:914} INFO - Processing file /home/ubuntu/airflow_venv/lib/python3.12/site-packages/airflow/example_dags/example_xcom.py for tasks to queue
[2024-11-20T00:48:13.578+0000] {logging_mixin.py:190} INFO - [2024-11-20T00:48:13.577+0000] {dagbag.py:588} INFO - Filling up the DagBag from /home/ubuntu/airflow_venv/lib/python3.12/site-packages/airflow/example_dags/example_xcom.py
[2024-11-20T00:48:13.588+0000] {processor.py:925} INFO - DAG(s) 'example_xcom' retrieved from /home/ubuntu/airflow_venv/lib/python3.12/site-packages/airflow/example_dags/example_xcom.py
[2024-11-20T00:48:13.603+0000] {logging_mixin.py:190} INFO - [2024-11-20T00:48:13.603+0000] {dag.py:3239} INFO - Sync 1 DAGs
[2024-11-20T00:48:13.623+0000] {logging_mixin.py:190} INFO - [2024-11-20T00:48:13.623+0000] {dag.py:4180} INFO - Setting next_dagrun for example_xcom to 2021-01-01 00:00:00+00:00, run_after=2021-01-01 00:00:00+00:00
[2024-11-20T00:48:13.644+0000] {processor.py:208} INFO - Processing /home/ubuntu/airflow_venv/lib/python3.12/site-packages/airflow/example_dags/example_xcom.py took 0.077 seconds
[2024-11-20T00:49:09.046+0000] {processor.py:186} INFO - Started process (PID=5038) to work on /home/ubuntu/airflow_venv/lib/python3.12/site-packages/airflow/example_dags/example_xcom.py
[2024-11-20T00:49:09.048+0000] {processor.py:914} INFO - Processing file /home/ubuntu/airflow_venv/lib/python3.12/site-packages/airflow/example_dags/example_xcom.py for tasks to queue
[2024-11-20T00:49:09.048+0000] {logging_mixin.py:190} INFO - [2024-11-20T00:49:09.048+0000] {dagbag.py:588} INFO - Filling up the DagBag from /home/ubuntu/airflow_venv/lib/python3.12/site-packages/airflow/example_dags/example_xcom.py
[2024-11-20T00:49:09.058+0000] {processor.py:925} INFO - DAG(s) 'example_xcom' retrieved from /home/ubuntu/airflow_venv/lib/python3.12/site-packages/airflow/example_dags/example_xcom.py
[2024-11-20T00:49:09.074+0000] {logging_mixin.py:190} INFO - [2024-11-20T00:49:09.074+0000] {dag.py:3239} INFO - Sync 1 DAGs
[2024-11-20T00:49:09.092+0000] {logging_mixin.py:190} INFO - [2024-11-20T00:49:09.092+0000] {dag.py:4180} INFO - Setting next_dagrun for example_xcom to 2021-01-01 00:00:00+00:00, run_after=2021-01-01 00:00:00+00:00
[2024-11-20T00:49:09.114+0000] {processor.py:208} INFO - Processing /home/ubuntu/airflow_venv/lib/python3.12/site-packages/airflow/example_dags/example_xcom.py took 0.076 seconds
[2024-11-20T00:50:02.147+0000] {processor.py:186} INFO - Started process (PID=5094) to work on /home/ubuntu/airflow_venv/lib/python3.12/site-packages/airflow/example_dags/example_xcom.py
[2024-11-20T00:50:02.148+0000] {processor.py:914} INFO - Processing file /home/ubuntu/airflow_venv/lib/python3.12/site-packages/airflow/example_dags/example_xcom.py for tasks to queue
[2024-11-20T00:50:02.149+0000] {logging_mixin.py:190} INFO - [2024-11-20T00:50:02.149+0000] {dagbag.py:588} INFO - Filling up the DagBag from /home/ubuntu/airflow_venv/lib/python3.12/site-packages/airflow/example_dags/example_xcom.py
[2024-11-20T00:50:02.161+0000] {processor.py:925} INFO - DAG(s) 'example_xcom' retrieved from /home/ubuntu/airflow_venv/lib/python3.12/site-packages/airflow/example_dags/example_xcom.py
[2024-11-20T00:50:02.178+0000] {logging_mixin.py:190} INFO - [2024-11-20T00:50:02.178+0000] {dag.py:3239} INFO - Sync 1 DAGs
[2024-11-20T00:50:02.207+0000] {logging_mixin.py:190} INFO - [2024-11-20T00:50:02.207+0000] {dag.py:4180} INFO - Setting next_dagrun for example_xcom to 2021-01-01 00:00:00+00:00, run_after=2021-01-01 00:00:00+00:00
[2024-11-20T00:50:02.233+0000] {processor.py:208} INFO - Processing /home/ubuntu/airflow_venv/lib/python3.12/site-packages/airflow/example_dags/example_xcom.py took 0.094 seconds
[2024-11-20T00:50:56.053+0000] {processor.py:186} INFO - Started process (PID=5152) to work on /home/ubuntu/airflow_venv/lib/python3.12/site-packages/airflow/example_dags/example_xcom.py
[2024-11-20T00:50:56.055+0000] {processor.py:914} INFO - Processing file /home/ubuntu/airflow_venv/lib/python3.12/site-packages/airflow/example_dags/example_xcom.py for tasks to queue
[2024-11-20T00:50:56.057+0000] {logging_mixin.py:190} INFO - [2024-11-20T00:50:56.056+0000] {dagbag.py:588} INFO - Filling up the DagBag from /home/ubuntu/airflow_venv/lib/python3.12/site-packages/airflow/example_dags/example_xcom.py
[2024-11-20T00:50:56.065+0000] {processor.py:925} INFO - DAG(s) 'example_xcom' retrieved from /home/ubuntu/airflow_venv/lib/python3.12/site-packages/airflow/example_dags/example_xcom.py
[2024-11-20T00:50:56.082+0000] {logging_mixin.py:190} INFO - [2024-11-20T00:50:56.082+0000] {dag.py:3239} INFO - Sync 1 DAGs
[2024-11-20T00:50:56.100+0000] {logging_mixin.py:190} INFO - [2024-11-20T00:50:56.099+0000] {dag.py:4180} INFO - Setting next_dagrun for example_xcom to 2021-01-01 00:00:00+00:00, run_after=2021-01-01 00:00:00+00:00
[2024-11-20T00:50:56.121+0000] {processor.py:208} INFO - Processing /home/ubuntu/airflow_venv/lib/python3.12/site-packages/airflow/example_dags/example_xcom.py took 0.075 seconds
[2024-11-20T00:51:54.609+0000] {processor.py:186} INFO - Started process (PID=5211) to work on /home/ubuntu/airflow_venv/lib/python3.12/site-packages/airflow/example_dags/example_xcom.py
[2024-11-20T00:51:54.611+0000] {processor.py:914} INFO - Processing file /home/ubuntu/airflow_venv/lib/python3.12/site-packages/airflow/example_dags/example_xcom.py for tasks to queue
[2024-11-20T00:51:54.612+0000] {logging_mixin.py:190} INFO - [2024-11-20T00:51:54.612+0000] {dagbag.py:588} INFO - Filling up the DagBag from /home/ubuntu/airflow_venv/lib/python3.12/site-packages/airflow/example_dags/example_xcom.py
[2024-11-20T00:51:54.621+0000] {processor.py:925} INFO - DAG(s) 'example_xcom' retrieved from /home/ubuntu/airflow_venv/lib/python3.12/site-packages/airflow/example_dags/example_xcom.py
[2024-11-20T00:51:54.637+0000] {logging_mixin.py:190} INFO - [2024-11-20T00:51:54.636+0000] {dag.py:3239} INFO - Sync 1 DAGs
[2024-11-20T00:51:54.654+0000] {logging_mixin.py:190} INFO - [2024-11-20T00:51:54.654+0000] {dag.py:4180} INFO - Setting next_dagrun for example_xcom to 2021-01-01 00:00:00+00:00, run_after=2021-01-01 00:00:00+00:00
[2024-11-20T00:51:54.677+0000] {processor.py:208} INFO - Processing /home/ubuntu/airflow_venv/lib/python3.12/site-packages/airflow/example_dags/example_xcom.py took 0.076 seconds
[2024-11-20T00:52:48.911+0000] {processor.py:186} INFO - Started process (PID=5267) to work on /home/ubuntu/airflow_venv/lib/python3.12/site-packages/airflow/example_dags/example_xcom.py
[2024-11-20T00:52:48.913+0000] {processor.py:914} INFO - Processing file /home/ubuntu/airflow_venv/lib/python3.12/site-packages/airflow/example_dags/example_xcom.py for tasks to queue
[2024-11-20T00:52:48.914+0000] {logging_mixin.py:190} INFO - [2024-11-20T00:52:48.914+0000] {dagbag.py:588} INFO - Filling up the DagBag from /home/ubuntu/airflow_venv/lib/python3.12/site-packages/airflow/example_dags/example_xcom.py
[2024-11-20T00:52:48.923+0000] {processor.py:925} INFO - DAG(s) 'example_xcom' retrieved from /home/ubuntu/airflow_venv/lib/python3.12/site-packages/airflow/example_dags/example_xcom.py
[2024-11-20T00:52:48.940+0000] {logging_mixin.py:190} INFO - [2024-11-20T00:52:48.940+0000] {dag.py:3239} INFO - Sync 1 DAGs
[2024-11-20T00:52:48.957+0000] {logging_mixin.py:190} INFO - [2024-11-20T00:52:48.957+0000] {dag.py:4180} INFO - Setting next_dagrun for example_xcom to 2021-01-01 00:00:00+00:00, run_after=2021-01-01 00:00:00+00:00
[2024-11-20T00:52:48.978+0000] {processor.py:208} INFO - Processing /home/ubuntu/airflow_venv/lib/python3.12/site-packages/airflow/example_dags/example_xcom.py took 0.074 seconds
[2024-11-20T00:53:47.690+0000] {processor.py:186} INFO - Started process (PID=5325) to work on /home/ubuntu/airflow_venv/lib/python3.12/site-packages/airflow/example_dags/example_xcom.py
[2024-11-20T00:53:47.692+0000] {processor.py:914} INFO - Processing file /home/ubuntu/airflow_venv/lib/python3.12/site-packages/airflow/example_dags/example_xcom.py for tasks to queue
[2024-11-20T00:53:47.693+0000] {logging_mixin.py:190} INFO - [2024-11-20T00:53:47.693+0000] {dagbag.py:588} INFO - Filling up the DagBag from /home/ubuntu/airflow_venv/lib/python3.12/site-packages/airflow/example_dags/example_xcom.py
[2024-11-20T00:53:47.702+0000] {processor.py:925} INFO - DAG(s) 'example_xcom' retrieved from /home/ubuntu/airflow_venv/lib/python3.12/site-packages/airflow/example_dags/example_xcom.py
[2024-11-20T00:53:47.719+0000] {logging_mixin.py:190} INFO - [2024-11-20T00:53:47.719+0000] {dag.py:3239} INFO - Sync 1 DAGs
[2024-11-20T00:53:47.737+0000] {logging_mixin.py:190} INFO - [2024-11-20T00:53:47.737+0000] {dag.py:4180} INFO - Setting next_dagrun for example_xcom to 2021-01-01 00:00:00+00:00, run_after=2021-01-01 00:00:00+00:00
[2024-11-20T00:53:47.759+0000] {processor.py:208} INFO - Processing /home/ubuntu/airflow_venv/lib/python3.12/site-packages/airflow/example_dags/example_xcom.py took 0.075 seconds
[2024-11-20T00:54:37.013+0000] {processor.py:186} INFO - Started process (PID=5392) to work on /home/ubuntu/airflow_venv/lib/python3.12/site-packages/airflow/example_dags/example_xcom.py
[2024-11-20T00:54:37.014+0000] {processor.py:914} INFO - Processing file /home/ubuntu/airflow_venv/lib/python3.12/site-packages/airflow/example_dags/example_xcom.py for tasks to queue
[2024-11-20T00:54:37.015+0000] {logging_mixin.py:190} INFO - [2024-11-20T00:54:37.015+0000] {dagbag.py:588} INFO - Filling up the DagBag from /home/ubuntu/airflow_venv/lib/python3.12/site-packages/airflow/example_dags/example_xcom.py
[2024-11-20T00:54:37.025+0000] {processor.py:925} INFO - DAG(s) 'example_xcom' retrieved from /home/ubuntu/airflow_venv/lib/python3.12/site-packages/airflow/example_dags/example_xcom.py
[2024-11-20T00:54:37.041+0000] {logging_mixin.py:190} INFO - [2024-11-20T00:54:37.040+0000] {dag.py:3239} INFO - Sync 1 DAGs
[2024-11-20T00:54:37.058+0000] {logging_mixin.py:190} INFO - [2024-11-20T00:54:37.058+0000] {dag.py:4180} INFO - Setting next_dagrun for example_xcom to 2021-01-01 00:00:00+00:00, run_after=2021-01-01 00:00:00+00:00
[2024-11-20T00:54:37.079+0000] {processor.py:208} INFO - Processing /home/ubuntu/airflow_venv/lib/python3.12/site-packages/airflow/example_dags/example_xcom.py took 0.073 seconds
[2024-11-20T00:55:31.118+0000] {processor.py:186} INFO - Started process (PID=5451) to work on /home/ubuntu/airflow_venv/lib/python3.12/site-packages/airflow/example_dags/example_xcom.py
[2024-11-20T00:55:31.120+0000] {processor.py:914} INFO - Processing file /home/ubuntu/airflow_venv/lib/python3.12/site-packages/airflow/example_dags/example_xcom.py for tasks to queue
[2024-11-20T00:55:31.121+0000] {logging_mixin.py:190} INFO - [2024-11-20T00:55:31.121+0000] {dagbag.py:588} INFO - Filling up the DagBag from /home/ubuntu/airflow_venv/lib/python3.12/site-packages/airflow/example_dags/example_xcom.py
[2024-11-20T00:55:31.130+0000] {processor.py:925} INFO - DAG(s) 'example_xcom' retrieved from /home/ubuntu/airflow_venv/lib/python3.12/site-packages/airflow/example_dags/example_xcom.py
[2024-11-20T00:55:31.146+0000] {logging_mixin.py:190} INFO - [2024-11-20T00:55:31.146+0000] {dag.py:3239} INFO - Sync 1 DAGs
[2024-11-20T00:55:31.164+0000] {logging_mixin.py:190} INFO - [2024-11-20T00:55:31.163+0000] {dag.py:4180} INFO - Setting next_dagrun for example_xcom to 2021-01-01 00:00:00+00:00, run_after=2021-01-01 00:00:00+00:00
[2024-11-20T00:55:31.186+0000] {processor.py:208} INFO - Processing /home/ubuntu/airflow_venv/lib/python3.12/site-packages/airflow/example_dags/example_xcom.py took 0.074 seconds
[2024-11-20T00:56:22.708+0000] {processor.py:186} INFO - Started process (PID=5506) to work on /home/ubuntu/airflow_venv/lib/python3.12/site-packages/airflow/example_dags/example_xcom.py
[2024-11-20T00:56:22.709+0000] {processor.py:914} INFO - Processing file /home/ubuntu/airflow_venv/lib/python3.12/site-packages/airflow/example_dags/example_xcom.py for tasks to queue
[2024-11-20T00:56:22.711+0000] {logging_mixin.py:190} INFO - [2024-11-20T00:56:22.710+0000] {dagbag.py:588} INFO - Filling up the DagBag from /home/ubuntu/airflow_venv/lib/python3.12/site-packages/airflow/example_dags/example_xcom.py
[2024-11-20T00:56:22.720+0000] {processor.py:925} INFO - DAG(s) 'example_xcom' retrieved from /home/ubuntu/airflow_venv/lib/python3.12/site-packages/airflow/example_dags/example_xcom.py
[2024-11-20T00:56:22.736+0000] {logging_mixin.py:190} INFO - [2024-11-20T00:56:22.736+0000] {dag.py:3239} INFO - Sync 1 DAGs
[2024-11-20T00:56:22.754+0000] {logging_mixin.py:190} INFO - [2024-11-20T00:56:22.754+0000] {dag.py:4180} INFO - Setting next_dagrun for example_xcom to 2021-01-01 00:00:00+00:00, run_after=2021-01-01 00:00:00+00:00
[2024-11-20T00:56:22.776+0000] {processor.py:208} INFO - Processing /home/ubuntu/airflow_venv/lib/python3.12/site-packages/airflow/example_dags/example_xcom.py took 0.075 seconds
[2024-11-20T00:57:16.382+0000] {processor.py:186} INFO - Started process (PID=5563) to work on /home/ubuntu/airflow_venv/lib/python3.12/site-packages/airflow/example_dags/example_xcom.py
[2024-11-20T00:57:16.384+0000] {processor.py:914} INFO - Processing file /home/ubuntu/airflow_venv/lib/python3.12/site-packages/airflow/example_dags/example_xcom.py for tasks to queue
[2024-11-20T00:57:16.386+0000] {logging_mixin.py:190} INFO - [2024-11-20T00:57:16.385+0000] {dagbag.py:588} INFO - Filling up the DagBag from /home/ubuntu/airflow_venv/lib/python3.12/site-packages/airflow/example_dags/example_xcom.py
[2024-11-20T00:57:16.394+0000] {processor.py:925} INFO - DAG(s) 'example_xcom' retrieved from /home/ubuntu/airflow_venv/lib/python3.12/site-packages/airflow/example_dags/example_xcom.py
[2024-11-20T00:57:16.410+0000] {logging_mixin.py:190} INFO - [2024-11-20T00:57:16.410+0000] {dag.py:3239} INFO - Sync 1 DAGs
[2024-11-20T00:57:16.428+0000] {logging_mixin.py:190} INFO - [2024-11-20T00:57:16.428+0000] {dag.py:4180} INFO - Setting next_dagrun for example_xcom to 2021-01-01 00:00:00+00:00, run_after=2021-01-01 00:00:00+00:00
[2024-11-20T00:57:16.452+0000] {processor.py:208} INFO - Processing /home/ubuntu/airflow_venv/lib/python3.12/site-packages/airflow/example_dags/example_xcom.py took 0.076 seconds
[2024-11-20T00:58:09.040+0000] {processor.py:186} INFO - Started process (PID=5618) to work on /home/ubuntu/airflow_venv/lib/python3.12/site-packages/airflow/example_dags/example_xcom.py
[2024-11-20T00:58:09.042+0000] {processor.py:914} INFO - Processing file /home/ubuntu/airflow_venv/lib/python3.12/site-packages/airflow/example_dags/example_xcom.py for tasks to queue
[2024-11-20T00:58:09.044+0000] {logging_mixin.py:190} INFO - [2024-11-20T00:58:09.044+0000] {dagbag.py:588} INFO - Filling up the DagBag from /home/ubuntu/airflow_venv/lib/python3.12/site-packages/airflow/example_dags/example_xcom.py
[2024-11-20T00:58:09.053+0000] {processor.py:925} INFO - DAG(s) 'example_xcom' retrieved from /home/ubuntu/airflow_venv/lib/python3.12/site-packages/airflow/example_dags/example_xcom.py
[2024-11-20T00:58:09.069+0000] {logging_mixin.py:190} INFO - [2024-11-20T00:58:09.069+0000] {dag.py:3239} INFO - Sync 1 DAGs
[2024-11-20T00:58:09.087+0000] {logging_mixin.py:190} INFO - [2024-11-20T00:58:09.087+0000] {dag.py:4180} INFO - Setting next_dagrun for example_xcom to 2021-01-01 00:00:00+00:00, run_after=2021-01-01 00:00:00+00:00
[2024-11-20T00:58:09.111+0000] {processor.py:208} INFO - Processing /home/ubuntu/airflow_venv/lib/python3.12/site-packages/airflow/example_dags/example_xcom.py took 0.079 seconds
[2024-11-20T00:59:01.755+0000] {processor.py:186} INFO - Started process (PID=5677) to work on /home/ubuntu/airflow_venv/lib/python3.12/site-packages/airflow/example_dags/example_xcom.py
[2024-11-20T00:59:01.757+0000] {processor.py:914} INFO - Processing file /home/ubuntu/airflow_venv/lib/python3.12/site-packages/airflow/example_dags/example_xcom.py for tasks to queue
[2024-11-20T00:59:01.759+0000] {logging_mixin.py:190} INFO - [2024-11-20T00:59:01.757+0000] {dagbag.py:588} INFO - Filling up the DagBag from /home/ubuntu/airflow_venv/lib/python3.12/site-packages/airflow/example_dags/example_xcom.py
[2024-11-20T00:59:01.769+0000] {processor.py:925} INFO - DAG(s) 'example_xcom' retrieved from /home/ubuntu/airflow_venv/lib/python3.12/site-packages/airflow/example_dags/example_xcom.py
[2024-11-20T00:59:01.786+0000] {logging_mixin.py:190} INFO - [2024-11-20T00:59:01.786+0000] {dag.py:3239} INFO - Sync 1 DAGs
[2024-11-20T00:59:01.805+0000] {logging_mixin.py:190} INFO - [2024-11-20T00:59:01.804+0000] {dag.py:4180} INFO - Setting next_dagrun for example_xcom to 2021-01-01 00:00:00+00:00, run_after=2021-01-01 00:00:00+00:00
[2024-11-20T00:59:01.830+0000] {processor.py:208} INFO - Processing /home/ubuntu/airflow_venv/lib/python3.12/site-packages/airflow/example_dags/example_xcom.py took 0.082 seconds
[2024-11-20T00:59:57.609+0000] {processor.py:186} INFO - Started process (PID=5733) to work on /home/ubuntu/airflow_venv/lib/python3.12/site-packages/airflow/example_dags/example_xcom.py
[2024-11-20T00:59:57.611+0000] {processor.py:914} INFO - Processing file /home/ubuntu/airflow_venv/lib/python3.12/site-packages/airflow/example_dags/example_xcom.py for tasks to queue
[2024-11-20T00:59:57.612+0000] {logging_mixin.py:190} INFO - [2024-11-20T00:59:57.612+0000] {dagbag.py:588} INFO - Filling up the DagBag from /home/ubuntu/airflow_venv/lib/python3.12/site-packages/airflow/example_dags/example_xcom.py
[2024-11-20T00:59:57.622+0000] {processor.py:925} INFO - DAG(s) 'example_xcom' retrieved from /home/ubuntu/airflow_venv/lib/python3.12/site-packages/airflow/example_dags/example_xcom.py
[2024-11-20T00:59:57.637+0000] {logging_mixin.py:190} INFO - [2024-11-20T00:59:57.637+0000] {dag.py:3239} INFO - Sync 1 DAGs
[2024-11-20T00:59:57.655+0000] {logging_mixin.py:190} INFO - [2024-11-20T00:59:57.655+0000] {dag.py:4180} INFO - Setting next_dagrun for example_xcom to 2021-01-01 00:00:00+00:00, run_after=2021-01-01 00:00:00+00:00
[2024-11-20T00:59:57.677+0000] {processor.py:208} INFO - Processing /home/ubuntu/airflow_venv/lib/python3.12/site-packages/airflow/example_dags/example_xcom.py took 0.074 seconds
[2024-11-20T01:00:52.480+0000] {processor.py:186} INFO - Started process (PID=5792) to work on /home/ubuntu/airflow_venv/lib/python3.12/site-packages/airflow/example_dags/example_xcom.py
[2024-11-20T01:00:52.482+0000] {processor.py:914} INFO - Processing file /home/ubuntu/airflow_venv/lib/python3.12/site-packages/airflow/example_dags/example_xcom.py for tasks to queue
[2024-11-20T01:00:52.483+0000] {logging_mixin.py:190} INFO - [2024-11-20T01:00:52.483+0000] {dagbag.py:588} INFO - Filling up the DagBag from /home/ubuntu/airflow_venv/lib/python3.12/site-packages/airflow/example_dags/example_xcom.py
[2024-11-20T01:00:52.493+0000] {processor.py:925} INFO - DAG(s) 'example_xcom' retrieved from /home/ubuntu/airflow_venv/lib/python3.12/site-packages/airflow/example_dags/example_xcom.py
[2024-11-20T01:00:52.508+0000] {logging_mixin.py:190} INFO - [2024-11-20T01:00:52.508+0000] {dag.py:3239} INFO - Sync 1 DAGs
[2024-11-20T01:00:52.526+0000] {logging_mixin.py:190} INFO - [2024-11-20T01:00:52.526+0000] {dag.py:4180} INFO - Setting next_dagrun for example_xcom to 2021-01-01 00:00:00+00:00, run_after=2021-01-01 00:00:00+00:00
[2024-11-20T01:00:52.549+0000] {processor.py:208} INFO - Processing /home/ubuntu/airflow_venv/lib/python3.12/site-packages/airflow/example_dags/example_xcom.py took 0.076 seconds
[2024-11-20T01:02:03.632+0000] {processor.py:186} INFO - Started process (PID=5872) to work on /home/ubuntu/airflow_venv/lib/python3.12/site-packages/airflow/example_dags/example_xcom.py
[2024-11-20T01:02:03.634+0000] {processor.py:914} INFO - Processing file /home/ubuntu/airflow_venv/lib/python3.12/site-packages/airflow/example_dags/example_xcom.py for tasks to queue
[2024-11-20T01:02:03.635+0000] {logging_mixin.py:190} INFO - [2024-11-20T01:02:03.635+0000] {dagbag.py:588} INFO - Filling up the DagBag from /home/ubuntu/airflow_venv/lib/python3.12/site-packages/airflow/example_dags/example_xcom.py
[2024-11-20T01:02:03.645+0000] {processor.py:925} INFO - DAG(s) 'example_xcom' retrieved from /home/ubuntu/airflow_venv/lib/python3.12/site-packages/airflow/example_dags/example_xcom.py
[2024-11-20T01:02:03.662+0000] {logging_mixin.py:190} INFO - [2024-11-20T01:02:03.662+0000] {dag.py:3239} INFO - Sync 1 DAGs
[2024-11-20T01:02:03.680+0000] {logging_mixin.py:190} INFO - [2024-11-20T01:02:03.680+0000] {dag.py:4180} INFO - Setting next_dagrun for example_xcom to 2021-01-01 00:00:00+00:00, run_after=2021-01-01 00:00:00+00:00
[2024-11-20T01:02:03.702+0000] {processor.py:208} INFO - Processing /home/ubuntu/airflow_venv/lib/python3.12/site-packages/airflow/example_dags/example_xcom.py took 0.077 seconds
[2024-11-20T01:03:00.555+0000] {processor.py:186} INFO - Started process (PID=5930) to work on /home/ubuntu/airflow_venv/lib/python3.12/site-packages/airflow/example_dags/example_xcom.py
[2024-11-20T01:03:00.557+0000] {processor.py:914} INFO - Processing file /home/ubuntu/airflow_venv/lib/python3.12/site-packages/airflow/example_dags/example_xcom.py for tasks to queue
[2024-11-20T01:03:00.558+0000] {logging_mixin.py:190} INFO - [2024-11-20T01:03:00.558+0000] {dagbag.py:588} INFO - Filling up the DagBag from /home/ubuntu/airflow_venv/lib/python3.12/site-packages/airflow/example_dags/example_xcom.py
[2024-11-20T01:03:00.568+0000] {processor.py:925} INFO - DAG(s) 'example_xcom' retrieved from /home/ubuntu/airflow_venv/lib/python3.12/site-packages/airflow/example_dags/example_xcom.py
[2024-11-20T01:03:00.583+0000] {logging_mixin.py:190} INFO - [2024-11-20T01:03:00.583+0000] {dag.py:3239} INFO - Sync 1 DAGs
[2024-11-20T01:03:00.602+0000] {logging_mixin.py:190} INFO - [2024-11-20T01:03:00.601+0000] {dag.py:4180} INFO - Setting next_dagrun for example_xcom to 2021-01-01 00:00:00+00:00, run_after=2021-01-01 00:00:00+00:00
[2024-11-20T01:03:00.624+0000] {processor.py:208} INFO - Processing /home/ubuntu/airflow_venv/lib/python3.12/site-packages/airflow/example_dags/example_xcom.py took 0.076 seconds
[2024-11-20T01:03:55.970+0000] {processor.py:186} INFO - Started process (PID=5986) to work on /home/ubuntu/airflow_venv/lib/python3.12/site-packages/airflow/example_dags/example_xcom.py
[2024-11-20T01:03:55.972+0000] {processor.py:914} INFO - Processing file /home/ubuntu/airflow_venv/lib/python3.12/site-packages/airflow/example_dags/example_xcom.py for tasks to queue
[2024-11-20T01:03:55.974+0000] {logging_mixin.py:190} INFO - [2024-11-20T01:03:55.973+0000] {dagbag.py:588} INFO - Filling up the DagBag from /home/ubuntu/airflow_venv/lib/python3.12/site-packages/airflow/example_dags/example_xcom.py
[2024-11-20T01:03:55.983+0000] {processor.py:925} INFO - DAG(s) 'example_xcom' retrieved from /home/ubuntu/airflow_venv/lib/python3.12/site-packages/airflow/example_dags/example_xcom.py
[2024-11-20T01:03:55.999+0000] {logging_mixin.py:190} INFO - [2024-11-20T01:03:55.999+0000] {dag.py:3239} INFO - Sync 1 DAGs
[2024-11-20T01:03:56.016+0000] {logging_mixin.py:190} INFO - [2024-11-20T01:03:56.016+0000] {dag.py:4180} INFO - Setting next_dagrun for example_xcom to 2021-01-01 00:00:00+00:00, run_after=2021-01-01 00:00:00+00:00
[2024-11-20T01:03:56.038+0000] {processor.py:208} INFO - Processing /home/ubuntu/airflow_venv/lib/python3.12/site-packages/airflow/example_dags/example_xcom.py took 0.075 seconds
[2024-11-20T01:04:50.929+0000] {processor.py:186} INFO - Started process (PID=6043) to work on /home/ubuntu/airflow_venv/lib/python3.12/site-packages/airflow/example_dags/example_xcom.py
[2024-11-20T01:04:50.931+0000] {processor.py:914} INFO - Processing file /home/ubuntu/airflow_venv/lib/python3.12/site-packages/airflow/example_dags/example_xcom.py for tasks to queue
[2024-11-20T01:04:50.932+0000] {logging_mixin.py:190} INFO - [2024-11-20T01:04:50.932+0000] {dagbag.py:588} INFO - Filling up the DagBag from /home/ubuntu/airflow_venv/lib/python3.12/site-packages/airflow/example_dags/example_xcom.py
[2024-11-20T01:04:50.941+0000] {processor.py:925} INFO - DAG(s) 'example_xcom' retrieved from /home/ubuntu/airflow_venv/lib/python3.12/site-packages/airflow/example_dags/example_xcom.py
[2024-11-20T01:04:50.957+0000] {logging_mixin.py:190} INFO - [2024-11-20T01:04:50.957+0000] {dag.py:3239} INFO - Sync 1 DAGs
[2024-11-20T01:04:50.976+0000] {logging_mixin.py:190} INFO - [2024-11-20T01:04:50.976+0000] {dag.py:4180} INFO - Setting next_dagrun for example_xcom to 2021-01-01 00:00:00+00:00, run_after=2021-01-01 00:00:00+00:00
[2024-11-20T01:04:51.003+0000] {processor.py:208} INFO - Processing /home/ubuntu/airflow_venv/lib/python3.12/site-packages/airflow/example_dags/example_xcom.py took 0.080 seconds
[2024-11-20T01:05:47.971+0000] {processor.py:186} INFO - Started process (PID=6105) to work on /home/ubuntu/airflow_venv/lib/python3.12/site-packages/airflow/example_dags/example_xcom.py
[2024-11-20T01:05:47.974+0000] {processor.py:914} INFO - Processing file /home/ubuntu/airflow_venv/lib/python3.12/site-packages/airflow/example_dags/example_xcom.py for tasks to queue
[2024-11-20T01:05:47.975+0000] {logging_mixin.py:190} INFO - [2024-11-20T01:05:47.974+0000] {dagbag.py:588} INFO - Filling up the DagBag from /home/ubuntu/airflow_venv/lib/python3.12/site-packages/airflow/example_dags/example_xcom.py
[2024-11-20T01:05:47.985+0000] {processor.py:925} INFO - DAG(s) 'example_xcom' retrieved from /home/ubuntu/airflow_venv/lib/python3.12/site-packages/airflow/example_dags/example_xcom.py
[2024-11-20T01:05:48.001+0000] {logging_mixin.py:190} INFO - [2024-11-20T01:05:48.001+0000] {dag.py:3239} INFO - Sync 1 DAGs
[2024-11-20T01:05:48.019+0000] {logging_mixin.py:190} INFO - [2024-11-20T01:05:48.019+0000] {dag.py:4180} INFO - Setting next_dagrun for example_xcom to 2021-01-01 00:00:00+00:00, run_after=2021-01-01 00:00:00+00:00
[2024-11-20T01:05:48.043+0000] {processor.py:208} INFO - Processing /home/ubuntu/airflow_venv/lib/python3.12/site-packages/airflow/example_dags/example_xcom.py took 0.078 seconds
[2024-11-20T01:06:40.691+0000] {processor.py:186} INFO - Started process (PID=6159) to work on /home/ubuntu/airflow_venv/lib/python3.12/site-packages/airflow/example_dags/example_xcom.py
[2024-11-20T01:06:40.692+0000] {processor.py:914} INFO - Processing file /home/ubuntu/airflow_venv/lib/python3.12/site-packages/airflow/example_dags/example_xcom.py for tasks to queue
[2024-11-20T01:06:40.693+0000] {logging_mixin.py:190} INFO - [2024-11-20T01:06:40.693+0000] {dagbag.py:588} INFO - Filling up the DagBag from /home/ubuntu/airflow_venv/lib/python3.12/site-packages/airflow/example_dags/example_xcom.py
[2024-11-20T01:06:40.703+0000] {processor.py:925} INFO - DAG(s) 'example_xcom' retrieved from /home/ubuntu/airflow_venv/lib/python3.12/site-packages/airflow/example_dags/example_xcom.py
[2024-11-20T01:06:40.719+0000] {logging_mixin.py:190} INFO - [2024-11-20T01:06:40.719+0000] {dag.py:3239} INFO - Sync 1 DAGs
[2024-11-20T01:06:40.737+0000] {logging_mixin.py:190} INFO - [2024-11-20T01:06:40.737+0000] {dag.py:4180} INFO - Setting next_dagrun for example_xcom to 2021-01-01 00:00:00+00:00, run_after=2021-01-01 00:00:00+00:00
[2024-11-20T01:06:40.758+0000] {processor.py:208} INFO - Processing /home/ubuntu/airflow_venv/lib/python3.12/site-packages/airflow/example_dags/example_xcom.py took 0.076 seconds
[2024-11-20T01:07:33.164+0000] {processor.py:186} INFO - Started process (PID=6214) to work on /home/ubuntu/airflow_venv/lib/python3.12/site-packages/airflow/example_dags/example_xcom.py
[2024-11-20T01:07:33.165+0000] {processor.py:914} INFO - Processing file /home/ubuntu/airflow_venv/lib/python3.12/site-packages/airflow/example_dags/example_xcom.py for tasks to queue
[2024-11-20T01:07:33.166+0000] {logging_mixin.py:190} INFO - [2024-11-20T01:07:33.166+0000] {dagbag.py:588} INFO - Filling up the DagBag from /home/ubuntu/airflow_venv/lib/python3.12/site-packages/airflow/example_dags/example_xcom.py
[2024-11-20T01:07:33.177+0000] {processor.py:925} INFO - DAG(s) 'example_xcom' retrieved from /home/ubuntu/airflow_venv/lib/python3.12/site-packages/airflow/example_dags/example_xcom.py
[2024-11-20T01:07:33.194+0000] {logging_mixin.py:190} INFO - [2024-11-20T01:07:33.193+0000] {dag.py:3239} INFO - Sync 1 DAGs
[2024-11-20T01:07:33.211+0000] {logging_mixin.py:190} INFO - [2024-11-20T01:07:33.211+0000] {dag.py:4180} INFO - Setting next_dagrun for example_xcom to 2021-01-01 00:00:00+00:00, run_after=2021-01-01 00:00:00+00:00
[2024-11-20T01:07:33.233+0000] {processor.py:208} INFO - Processing /home/ubuntu/airflow_venv/lib/python3.12/site-packages/airflow/example_dags/example_xcom.py took 0.075 seconds
[2024-11-20T01:08:25.263+0000] {processor.py:186} INFO - Started process (PID=6268) to work on /home/ubuntu/airflow_venv/lib/python3.12/site-packages/airflow/example_dags/example_xcom.py
[2024-11-20T01:08:25.265+0000] {processor.py:914} INFO - Processing file /home/ubuntu/airflow_venv/lib/python3.12/site-packages/airflow/example_dags/example_xcom.py for tasks to queue
[2024-11-20T01:08:25.265+0000] {logging_mixin.py:190} INFO - [2024-11-20T01:08:25.265+0000] {dagbag.py:588} INFO - Filling up the DagBag from /home/ubuntu/airflow_venv/lib/python3.12/site-packages/airflow/example_dags/example_xcom.py
[2024-11-20T01:08:25.276+0000] {processor.py:925} INFO - DAG(s) 'example_xcom' retrieved from /home/ubuntu/airflow_venv/lib/python3.12/site-packages/airflow/example_dags/example_xcom.py
[2024-11-20T01:08:25.291+0000] {logging_mixin.py:190} INFO - [2024-11-20T01:08:25.291+0000] {dag.py:3239} INFO - Sync 1 DAGs
[2024-11-20T01:08:25.310+0000] {logging_mixin.py:190} INFO - [2024-11-20T01:08:25.309+0000] {dag.py:4180} INFO - Setting next_dagrun for example_xcom to 2021-01-01 00:00:00+00:00, run_after=2021-01-01 00:00:00+00:00
[2024-11-20T01:08:25.333+0000] {processor.py:208} INFO - Processing /home/ubuntu/airflow_venv/lib/python3.12/site-packages/airflow/example_dags/example_xcom.py took 0.076 seconds
[2024-11-20T01:09:22.873+0000] {processor.py:186} INFO - Started process (PID=6325) to work on /home/ubuntu/airflow_venv/lib/python3.12/site-packages/airflow/example_dags/example_xcom.py
[2024-11-20T01:09:22.874+0000] {processor.py:914} INFO - Processing file /home/ubuntu/airflow_venv/lib/python3.12/site-packages/airflow/example_dags/example_xcom.py for tasks to queue
[2024-11-20T01:09:22.875+0000] {logging_mixin.py:190} INFO - [2024-11-20T01:09:22.875+0000] {dagbag.py:588} INFO - Filling up the DagBag from /home/ubuntu/airflow_venv/lib/python3.12/site-packages/airflow/example_dags/example_xcom.py
[2024-11-20T01:09:22.885+0000] {processor.py:925} INFO - DAG(s) 'example_xcom' retrieved from /home/ubuntu/airflow_venv/lib/python3.12/site-packages/airflow/example_dags/example_xcom.py
[2024-11-20T01:09:22.900+0000] {logging_mixin.py:190} INFO - [2024-11-20T01:09:22.900+0000] {dag.py:3239} INFO - Sync 1 DAGs
[2024-11-20T01:09:22.918+0000] {logging_mixin.py:190} INFO - [2024-11-20T01:09:22.918+0000] {dag.py:4180} INFO - Setting next_dagrun for example_xcom to 2021-01-01 00:00:00+00:00, run_after=2021-01-01 00:00:00+00:00
[2024-11-20T01:09:22.939+0000] {processor.py:208} INFO - Processing /home/ubuntu/airflow_venv/lib/python3.12/site-packages/airflow/example_dags/example_xcom.py took 0.073 seconds
[2024-11-20T01:10:21.723+0000] {processor.py:186} INFO - Started process (PID=6389) to work on /home/ubuntu/airflow_venv/lib/python3.12/site-packages/airflow/example_dags/example_xcom.py
[2024-11-20T01:10:21.724+0000] {processor.py:914} INFO - Processing file /home/ubuntu/airflow_venv/lib/python3.12/site-packages/airflow/example_dags/example_xcom.py for tasks to queue
[2024-11-20T01:10:21.726+0000] {logging_mixin.py:190} INFO - [2024-11-20T01:10:21.725+0000] {dagbag.py:588} INFO - Filling up the DagBag from /home/ubuntu/airflow_venv/lib/python3.12/site-packages/airflow/example_dags/example_xcom.py
[2024-11-20T01:10:21.736+0000] {processor.py:925} INFO - DAG(s) 'example_xcom' retrieved from /home/ubuntu/airflow_venv/lib/python3.12/site-packages/airflow/example_dags/example_xcom.py
[2024-11-20T01:10:21.752+0000] {logging_mixin.py:190} INFO - [2024-11-20T01:10:21.751+0000] {dag.py:3239} INFO - Sync 1 DAGs
[2024-11-20T01:10:21.769+0000] {logging_mixin.py:190} INFO - [2024-11-20T01:10:21.769+0000] {dag.py:4180} INFO - Setting next_dagrun for example_xcom to 2021-01-01 00:00:00+00:00, run_after=2021-01-01 00:00:00+00:00
[2024-11-20T01:10:21.789+0000] {processor.py:208} INFO - Processing /home/ubuntu/airflow_venv/lib/python3.12/site-packages/airflow/example_dags/example_xcom.py took 0.073 seconds
[2024-11-20T01:11:15.056+0000] {processor.py:186} INFO - Started process (PID=6444) to work on /home/ubuntu/airflow_venv/lib/python3.12/site-packages/airflow/example_dags/example_xcom.py
[2024-11-20T01:11:15.058+0000] {processor.py:914} INFO - Processing file /home/ubuntu/airflow_venv/lib/python3.12/site-packages/airflow/example_dags/example_xcom.py for tasks to queue
[2024-11-20T01:11:15.058+0000] {logging_mixin.py:190} INFO - [2024-11-20T01:11:15.058+0000] {dagbag.py:588} INFO - Filling up the DagBag from /home/ubuntu/airflow_venv/lib/python3.12/site-packages/airflow/example_dags/example_xcom.py
[2024-11-20T01:11:15.069+0000] {processor.py:925} INFO - DAG(s) 'example_xcom' retrieved from /home/ubuntu/airflow_venv/lib/python3.12/site-packages/airflow/example_dags/example_xcom.py
[2024-11-20T01:11:15.085+0000] {logging_mixin.py:190} INFO - [2024-11-20T01:11:15.085+0000] {dag.py:3239} INFO - Sync 1 DAGs
[2024-11-20T01:11:15.103+0000] {logging_mixin.py:190} INFO - [2024-11-20T01:11:15.103+0000] {dag.py:4180} INFO - Setting next_dagrun for example_xcom to 2021-01-01 00:00:00+00:00, run_after=2021-01-01 00:00:00+00:00
[2024-11-20T01:11:15.124+0000] {processor.py:208} INFO - Processing /home/ubuntu/airflow_venv/lib/python3.12/site-packages/airflow/example_dags/example_xcom.py took 0.075 seconds
[2024-11-20T01:12:08.599+0000] {processor.py:186} INFO - Started process (PID=6501) to work on /home/ubuntu/airflow_venv/lib/python3.12/site-packages/airflow/example_dags/example_xcom.py
[2024-11-20T01:12:08.601+0000] {processor.py:914} INFO - Processing file /home/ubuntu/airflow_venv/lib/python3.12/site-packages/airflow/example_dags/example_xcom.py for tasks to queue
[2024-11-20T01:12:08.602+0000] {logging_mixin.py:190} INFO - [2024-11-20T01:12:08.602+0000] {dagbag.py:588} INFO - Filling up the DagBag from /home/ubuntu/airflow_venv/lib/python3.12/site-packages/airflow/example_dags/example_xcom.py
[2024-11-20T01:12:08.612+0000] {processor.py:925} INFO - DAG(s) 'example_xcom' retrieved from /home/ubuntu/airflow_venv/lib/python3.12/site-packages/airflow/example_dags/example_xcom.py
[2024-11-20T01:12:08.629+0000] {logging_mixin.py:190} INFO - [2024-11-20T01:12:08.628+0000] {dag.py:3239} INFO - Sync 1 DAGs
[2024-11-20T01:12:08.647+0000] {logging_mixin.py:190} INFO - [2024-11-20T01:12:08.647+0000] {dag.py:4180} INFO - Setting next_dagrun for example_xcom to 2021-01-01 00:00:00+00:00, run_after=2021-01-01 00:00:00+00:00
[2024-11-20T01:12:08.669+0000] {processor.py:208} INFO - Processing /home/ubuntu/airflow_venv/lib/python3.12/site-packages/airflow/example_dags/example_xcom.py took 0.077 seconds
[2024-11-20T01:13:03.329+0000] {processor.py:186} INFO - Started process (PID=6555) to work on /home/ubuntu/airflow_venv/lib/python3.12/site-packages/airflow/example_dags/example_xcom.py
[2024-11-20T01:13:03.330+0000] {processor.py:914} INFO - Processing file /home/ubuntu/airflow_venv/lib/python3.12/site-packages/airflow/example_dags/example_xcom.py for tasks to queue
[2024-11-20T01:13:03.332+0000] {logging_mixin.py:190} INFO - [2024-11-20T01:13:03.332+0000] {dagbag.py:588} INFO - Filling up the DagBag from /home/ubuntu/airflow_venv/lib/python3.12/site-packages/airflow/example_dags/example_xcom.py
[2024-11-20T01:13:03.342+0000] {processor.py:925} INFO - DAG(s) 'example_xcom' retrieved from /home/ubuntu/airflow_venv/lib/python3.12/site-packages/airflow/example_dags/example_xcom.py
[2024-11-20T01:13:03.357+0000] {logging_mixin.py:190} INFO - [2024-11-20T01:13:03.357+0000] {dag.py:3239} INFO - Sync 1 DAGs
[2024-11-20T01:13:03.375+0000] {logging_mixin.py:190} INFO - [2024-11-20T01:13:03.375+0000] {dag.py:4180} INFO - Setting next_dagrun for example_xcom to 2021-01-01 00:00:00+00:00, run_after=2021-01-01 00:00:00+00:00
[2024-11-20T01:13:03.396+0000] {processor.py:208} INFO - Processing /home/ubuntu/airflow_venv/lib/python3.12/site-packages/airflow/example_dags/example_xcom.py took 0.075 seconds
