[2024-11-20T00:16:44.620+0000] {processor.py:186} INFO - Started process (PID=2064) to work on /home/ubuntu/airflow_venv/lib/python3.12/site-packages/airflow/example_dags/example_latest_only_with_trigger.py
[2024-11-20T00:16:44.621+0000] {processor.py:914} INFO - Processing file /home/ubuntu/airflow_venv/lib/python3.12/site-packages/airflow/example_dags/example_latest_only_with_trigger.py for tasks to queue
[2024-11-20T00:16:44.624+0000] {logging_mixin.py:190} INFO - [2024-11-20T00:16:44.623+0000] {dagbag.py:588} INFO - Filling up the DagBag from /home/ubuntu/airflow_venv/lib/python3.12/site-packages/airflow/example_dags/example_latest_only_with_trigger.py
[2024-11-20T00:16:44.631+0000] {processor.py:925} INFO - DAG(s) 'latest_only_with_trigger' retrieved from /home/ubuntu/airflow_venv/lib/python3.12/site-packages/airflow/example_dags/example_latest_only_with_trigger.py
[2024-11-20T00:16:44.646+0000] {logging_mixin.py:190} INFO - [2024-11-20T00:16:44.646+0000] {dag.py:3239} INFO - Sync 1 DAGs
[2024-11-20T00:16:44.664+0000] {logging_mixin.py:190} INFO - [2024-11-20T00:16:44.664+0000] {dag.py:4180} INFO - Setting next_dagrun for latest_only_with_trigger to 2024-11-19 20:00:00+00:00, run_after=2024-11-20 00:00:00+00:00
[2024-11-20T00:16:44.685+0000] {processor.py:208} INFO - Processing /home/ubuntu/airflow_venv/lib/python3.12/site-packages/airflow/example_dags/example_latest_only_with_trigger.py took 0.070 seconds
[2024-11-20T00:17:44.037+0000] {processor.py:186} INFO - Started process (PID=2129) to work on /home/ubuntu/airflow_venv/lib/python3.12/site-packages/airflow/example_dags/example_latest_only_with_trigger.py
[2024-11-20T00:17:44.038+0000] {processor.py:914} INFO - Processing file /home/ubuntu/airflow_venv/lib/python3.12/site-packages/airflow/example_dags/example_latest_only_with_trigger.py for tasks to queue
[2024-11-20T00:17:44.040+0000] {logging_mixin.py:190} INFO - [2024-11-20T00:17:44.040+0000] {dagbag.py:588} INFO - Filling up the DagBag from /home/ubuntu/airflow_venv/lib/python3.12/site-packages/airflow/example_dags/example_latest_only_with_trigger.py
[2024-11-20T00:17:44.047+0000] {processor.py:925} INFO - DAG(s) 'latest_only_with_trigger' retrieved from /home/ubuntu/airflow_venv/lib/python3.12/site-packages/airflow/example_dags/example_latest_only_with_trigger.py
[2024-11-20T00:17:44.063+0000] {logging_mixin.py:190} INFO - [2024-11-20T00:17:44.063+0000] {dag.py:3239} INFO - Sync 1 DAGs
[2024-11-20T00:17:44.081+0000] {logging_mixin.py:190} INFO - [2024-11-20T00:17:44.081+0000] {dag.py:4180} INFO - Setting next_dagrun for latest_only_with_trigger to 2024-11-19 20:00:00+00:00, run_after=2024-11-20 00:00:00+00:00
[2024-11-20T00:17:44.104+0000] {processor.py:208} INFO - Processing /home/ubuntu/airflow_venv/lib/python3.12/site-packages/airflow/example_dags/example_latest_only_with_trigger.py took 0.072 seconds
[2024-11-20T00:18:38.943+0000] {processor.py:186} INFO - Started process (PID=2187) to work on /home/ubuntu/airflow_venv/lib/python3.12/site-packages/airflow/example_dags/example_latest_only_with_trigger.py
[2024-11-20T00:18:38.945+0000] {processor.py:914} INFO - Processing file /home/ubuntu/airflow_venv/lib/python3.12/site-packages/airflow/example_dags/example_latest_only_with_trigger.py for tasks to queue
[2024-11-20T00:18:38.947+0000] {logging_mixin.py:190} INFO - [2024-11-20T00:18:38.947+0000] {dagbag.py:588} INFO - Filling up the DagBag from /home/ubuntu/airflow_venv/lib/python3.12/site-packages/airflow/example_dags/example_latest_only_with_trigger.py
[2024-11-20T00:18:38.955+0000] {processor.py:925} INFO - DAG(s) 'latest_only_with_trigger' retrieved from /home/ubuntu/airflow_venv/lib/python3.12/site-packages/airflow/example_dags/example_latest_only_with_trigger.py
[2024-11-20T00:18:38.970+0000] {logging_mixin.py:190} INFO - [2024-11-20T00:18:38.970+0000] {dag.py:3239} INFO - Sync 1 DAGs
[2024-11-20T00:18:38.989+0000] {logging_mixin.py:190} INFO - [2024-11-20T00:18:38.988+0000] {dag.py:4180} INFO - Setting next_dagrun for latest_only_with_trigger to 2024-11-19 20:00:00+00:00, run_after=2024-11-20 00:00:00+00:00
[2024-11-20T00:18:39.012+0000] {processor.py:208} INFO - Processing /home/ubuntu/airflow_venv/lib/python3.12/site-packages/airflow/example_dags/example_latest_only_with_trigger.py took 0.074 seconds
[2024-11-20T00:19:34.360+0000] {processor.py:186} INFO - Started process (PID=2246) to work on /home/ubuntu/airflow_venv/lib/python3.12/site-packages/airflow/example_dags/example_latest_only_with_trigger.py
[2024-11-20T00:19:34.362+0000] {processor.py:914} INFO - Processing file /home/ubuntu/airflow_venv/lib/python3.12/site-packages/airflow/example_dags/example_latest_only_with_trigger.py for tasks to queue
[2024-11-20T00:19:34.364+0000] {logging_mixin.py:190} INFO - [2024-11-20T00:19:34.363+0000] {dagbag.py:588} INFO - Filling up the DagBag from /home/ubuntu/airflow_venv/lib/python3.12/site-packages/airflow/example_dags/example_latest_only_with_trigger.py
[2024-11-20T00:19:34.372+0000] {processor.py:925} INFO - DAG(s) 'latest_only_with_trigger' retrieved from /home/ubuntu/airflow_venv/lib/python3.12/site-packages/airflow/example_dags/example_latest_only_with_trigger.py
[2024-11-20T00:19:34.388+0000] {logging_mixin.py:190} INFO - [2024-11-20T00:19:34.387+0000] {dag.py:3239} INFO - Sync 1 DAGs
[2024-11-20T00:19:34.405+0000] {logging_mixin.py:190} INFO - [2024-11-20T00:19:34.405+0000] {dag.py:4180} INFO - Setting next_dagrun for latest_only_with_trigger to 2024-11-19 20:00:00+00:00, run_after=2024-11-20 00:00:00+00:00
[2024-11-20T00:19:34.427+0000] {processor.py:208} INFO - Processing /home/ubuntu/airflow_venv/lib/python3.12/site-packages/airflow/example_dags/example_latest_only_with_trigger.py took 0.071 seconds
[2024-11-20T00:20:29.178+0000] {processor.py:186} INFO - Started process (PID=2304) to work on /home/ubuntu/airflow_venv/lib/python3.12/site-packages/airflow/example_dags/example_latest_only_with_trigger.py
[2024-11-20T00:20:29.179+0000] {processor.py:914} INFO - Processing file /home/ubuntu/airflow_venv/lib/python3.12/site-packages/airflow/example_dags/example_latest_only_with_trigger.py for tasks to queue
[2024-11-20T00:20:29.181+0000] {logging_mixin.py:190} INFO - [2024-11-20T00:20:29.181+0000] {dagbag.py:588} INFO - Filling up the DagBag from /home/ubuntu/airflow_venv/lib/python3.12/site-packages/airflow/example_dags/example_latest_only_with_trigger.py
[2024-11-20T00:20:29.192+0000] {processor.py:925} INFO - DAG(s) 'latest_only_with_trigger' retrieved from /home/ubuntu/airflow_venv/lib/python3.12/site-packages/airflow/example_dags/example_latest_only_with_trigger.py
[2024-11-20T00:20:29.210+0000] {logging_mixin.py:190} INFO - [2024-11-20T00:20:29.210+0000] {dag.py:3239} INFO - Sync 1 DAGs
[2024-11-20T00:20:29.228+0000] {logging_mixin.py:190} INFO - [2024-11-20T00:20:29.228+0000] {dag.py:4180} INFO - Setting next_dagrun for latest_only_with_trigger to 2024-11-19 20:00:00+00:00, run_after=2024-11-20 00:00:00+00:00
[2024-11-20T00:20:29.250+0000] {processor.py:208} INFO - Processing /home/ubuntu/airflow_venv/lib/python3.12/site-packages/airflow/example_dags/example_latest_only_with_trigger.py took 0.078 seconds
[2024-11-20T00:21:25.024+0000] {processor.py:186} INFO - Started process (PID=2359) to work on /home/ubuntu/airflow_venv/lib/python3.12/site-packages/airflow/example_dags/example_latest_only_with_trigger.py
[2024-11-20T00:21:25.025+0000] {processor.py:914} INFO - Processing file /home/ubuntu/airflow_venv/lib/python3.12/site-packages/airflow/example_dags/example_latest_only_with_trigger.py for tasks to queue
[2024-11-20T00:21:25.028+0000] {logging_mixin.py:190} INFO - [2024-11-20T00:21:25.028+0000] {dagbag.py:588} INFO - Filling up the DagBag from /home/ubuntu/airflow_venv/lib/python3.12/site-packages/airflow/example_dags/example_latest_only_with_trigger.py
[2024-11-20T00:21:25.036+0000] {processor.py:925} INFO - DAG(s) 'latest_only_with_trigger' retrieved from /home/ubuntu/airflow_venv/lib/python3.12/site-packages/airflow/example_dags/example_latest_only_with_trigger.py
[2024-11-20T00:21:25.168+0000] {logging_mixin.py:190} INFO - [2024-11-20T00:21:25.168+0000] {dag.py:3239} INFO - Sync 1 DAGs
[2024-11-20T00:21:25.184+0000] {logging_mixin.py:190} INFO - [2024-11-20T00:21:25.184+0000] {dag.py:4180} INFO - Setting next_dagrun for latest_only_with_trigger to 2024-11-19 20:00:00+00:00, run_after=2024-11-20 00:00:00+00:00
[2024-11-20T00:21:25.203+0000] {processor.py:208} INFO - Processing /home/ubuntu/airflow_venv/lib/python3.12/site-packages/airflow/example_dags/example_latest_only_with_trigger.py took 0.185 seconds
[2024-11-20T00:22:24.621+0000] {processor.py:186} INFO - Started process (PID=2423) to work on /home/ubuntu/airflow_venv/lib/python3.12/site-packages/airflow/example_dags/example_latest_only_with_trigger.py
[2024-11-20T00:22:24.623+0000] {processor.py:914} INFO - Processing file /home/ubuntu/airflow_venv/lib/python3.12/site-packages/airflow/example_dags/example_latest_only_with_trigger.py for tasks to queue
[2024-11-20T00:22:24.626+0000] {logging_mixin.py:190} INFO - [2024-11-20T00:22:24.625+0000] {dagbag.py:588} INFO - Filling up the DagBag from /home/ubuntu/airflow_venv/lib/python3.12/site-packages/airflow/example_dags/example_latest_only_with_trigger.py
[2024-11-20T00:22:24.633+0000] {processor.py:925} INFO - DAG(s) 'latest_only_with_trigger' retrieved from /home/ubuntu/airflow_venv/lib/python3.12/site-packages/airflow/example_dags/example_latest_only_with_trigger.py
[2024-11-20T00:22:24.649+0000] {logging_mixin.py:190} INFO - [2024-11-20T00:22:24.649+0000] {dag.py:3239} INFO - Sync 1 DAGs
[2024-11-20T00:22:24.667+0000] {logging_mixin.py:190} INFO - [2024-11-20T00:22:24.667+0000] {dag.py:4180} INFO - Setting next_dagrun for latest_only_with_trigger to 2024-11-19 20:00:00+00:00, run_after=2024-11-20 00:00:00+00:00
[2024-11-20T00:22:24.689+0000] {processor.py:208} INFO - Processing /home/ubuntu/airflow_venv/lib/python3.12/site-packages/airflow/example_dags/example_latest_only_with_trigger.py took 0.073 seconds
[2024-11-20T00:23:21.063+0000] {processor.py:186} INFO - Started process (PID=2479) to work on /home/ubuntu/airflow_venv/lib/python3.12/site-packages/airflow/example_dags/example_latest_only_with_trigger.py
[2024-11-20T00:23:21.064+0000] {processor.py:914} INFO - Processing file /home/ubuntu/airflow_venv/lib/python3.12/site-packages/airflow/example_dags/example_latest_only_with_trigger.py for tasks to queue
[2024-11-20T00:23:21.066+0000] {logging_mixin.py:190} INFO - [2024-11-20T00:23:21.066+0000] {dagbag.py:588} INFO - Filling up the DagBag from /home/ubuntu/airflow_venv/lib/python3.12/site-packages/airflow/example_dags/example_latest_only_with_trigger.py
[2024-11-20T00:23:21.074+0000] {processor.py:925} INFO - DAG(s) 'latest_only_with_trigger' retrieved from /home/ubuntu/airflow_venv/lib/python3.12/site-packages/airflow/example_dags/example_latest_only_with_trigger.py
[2024-11-20T00:23:21.091+0000] {logging_mixin.py:190} INFO - [2024-11-20T00:23:21.090+0000] {dag.py:3239} INFO - Sync 1 DAGs
[2024-11-20T00:23:21.109+0000] {logging_mixin.py:190} INFO - [2024-11-20T00:23:21.109+0000] {dag.py:4180} INFO - Setting next_dagrun for latest_only_with_trigger to 2024-11-19 20:00:00+00:00, run_after=2024-11-20 00:00:00+00:00
[2024-11-20T00:23:21.138+0000] {processor.py:208} INFO - Processing /home/ubuntu/airflow_venv/lib/python3.12/site-packages/airflow/example_dags/example_latest_only_with_trigger.py took 0.081 seconds
[2024-11-20T00:24:15.853+0000] {processor.py:186} INFO - Started process (PID=2536) to work on /home/ubuntu/airflow_venv/lib/python3.12/site-packages/airflow/example_dags/example_latest_only_with_trigger.py
[2024-11-20T00:24:15.855+0000] {processor.py:914} INFO - Processing file /home/ubuntu/airflow_venv/lib/python3.12/site-packages/airflow/example_dags/example_latest_only_with_trigger.py for tasks to queue
[2024-11-20T00:24:15.857+0000] {logging_mixin.py:190} INFO - [2024-11-20T00:24:15.857+0000] {dagbag.py:588} INFO - Filling up the DagBag from /home/ubuntu/airflow_venv/lib/python3.12/site-packages/airflow/example_dags/example_latest_only_with_trigger.py
[2024-11-20T00:24:15.865+0000] {processor.py:925} INFO - DAG(s) 'latest_only_with_trigger' retrieved from /home/ubuntu/airflow_venv/lib/python3.12/site-packages/airflow/example_dags/example_latest_only_with_trigger.py
[2024-11-20T00:24:15.881+0000] {logging_mixin.py:190} INFO - [2024-11-20T00:24:15.880+0000] {dag.py:3239} INFO - Sync 1 DAGs
[2024-11-20T00:24:15.899+0000] {logging_mixin.py:190} INFO - [2024-11-20T00:24:15.898+0000] {dag.py:4180} INFO - Setting next_dagrun for latest_only_with_trigger to 2024-11-19 20:00:00+00:00, run_after=2024-11-20 00:00:00+00:00
[2024-11-20T00:24:15.921+0000] {processor.py:208} INFO - Processing /home/ubuntu/airflow_venv/lib/python3.12/site-packages/airflow/example_dags/example_latest_only_with_trigger.py took 0.073 seconds
[2024-11-20T00:25:10.722+0000] {processor.py:186} INFO - Started process (PID=2596) to work on /home/ubuntu/airflow_venv/lib/python3.12/site-packages/airflow/example_dags/example_latest_only_with_trigger.py
[2024-11-20T00:25:10.724+0000] {processor.py:914} INFO - Processing file /home/ubuntu/airflow_venv/lib/python3.12/site-packages/airflow/example_dags/example_latest_only_with_trigger.py for tasks to queue
[2024-11-20T00:25:10.727+0000] {logging_mixin.py:190} INFO - [2024-11-20T00:25:10.727+0000] {dagbag.py:588} INFO - Filling up the DagBag from /home/ubuntu/airflow_venv/lib/python3.12/site-packages/airflow/example_dags/example_latest_only_with_trigger.py
[2024-11-20T00:25:10.735+0000] {processor.py:925} INFO - DAG(s) 'latest_only_with_trigger' retrieved from /home/ubuntu/airflow_venv/lib/python3.12/site-packages/airflow/example_dags/example_latest_only_with_trigger.py
[2024-11-20T00:25:10.750+0000] {logging_mixin.py:190} INFO - [2024-11-20T00:25:10.750+0000] {dag.py:3239} INFO - Sync 1 DAGs
[2024-11-20T00:25:10.768+0000] {logging_mixin.py:190} INFO - [2024-11-20T00:25:10.768+0000] {dag.py:4180} INFO - Setting next_dagrun for latest_only_with_trigger to 2024-11-19 20:00:00+00:00, run_after=2024-11-20 00:00:00+00:00
[2024-11-20T00:25:10.791+0000] {processor.py:208} INFO - Processing /home/ubuntu/airflow_venv/lib/python3.12/site-packages/airflow/example_dags/example_latest_only_with_trigger.py took 0.074 seconds
[2024-11-20T00:26:03.311+0000] {processor.py:186} INFO - Started process (PID=2651) to work on /home/ubuntu/airflow_venv/lib/python3.12/site-packages/airflow/example_dags/example_latest_only_with_trigger.py
[2024-11-20T00:26:03.312+0000] {processor.py:914} INFO - Processing file /home/ubuntu/airflow_venv/lib/python3.12/site-packages/airflow/example_dags/example_latest_only_with_trigger.py for tasks to queue
[2024-11-20T00:26:03.315+0000] {logging_mixin.py:190} INFO - [2024-11-20T00:26:03.314+0000] {dagbag.py:588} INFO - Filling up the DagBag from /home/ubuntu/airflow_venv/lib/python3.12/site-packages/airflow/example_dags/example_latest_only_with_trigger.py
[2024-11-20T00:26:03.322+0000] {processor.py:925} INFO - DAG(s) 'latest_only_with_trigger' retrieved from /home/ubuntu/airflow_venv/lib/python3.12/site-packages/airflow/example_dags/example_latest_only_with_trigger.py
[2024-11-20T00:26:03.338+0000] {logging_mixin.py:190} INFO - [2024-11-20T00:26:03.338+0000] {dag.py:3239} INFO - Sync 1 DAGs
[2024-11-20T00:26:03.358+0000] {logging_mixin.py:190} INFO - [2024-11-20T00:26:03.358+0000] {dag.py:4180} INFO - Setting next_dagrun for latest_only_with_trigger to 2024-11-19 20:00:00+00:00, run_after=2024-11-20 00:00:00+00:00
[2024-11-20T00:26:03.381+0000] {processor.py:208} INFO - Processing /home/ubuntu/airflow_venv/lib/python3.12/site-packages/airflow/example_dags/example_latest_only_with_trigger.py took 0.076 seconds
[2024-11-20T00:27:16.939+0000] {processor.py:186} INFO - Started process (PID=2747) to work on /home/ubuntu/airflow_venv/lib/python3.12/site-packages/airflow/example_dags/example_latest_only_with_trigger.py
[2024-11-20T00:27:16.940+0000] {processor.py:914} INFO - Processing file /home/ubuntu/airflow_venv/lib/python3.12/site-packages/airflow/example_dags/example_latest_only_with_trigger.py for tasks to queue
[2024-11-20T00:27:16.943+0000] {logging_mixin.py:190} INFO - [2024-11-20T00:27:16.943+0000] {dagbag.py:588} INFO - Filling up the DagBag from /home/ubuntu/airflow_venv/lib/python3.12/site-packages/airflow/example_dags/example_latest_only_with_trigger.py
[2024-11-20T00:27:16.950+0000] {processor.py:925} INFO - DAG(s) 'latest_only_with_trigger' retrieved from /home/ubuntu/airflow_venv/lib/python3.12/site-packages/airflow/example_dags/example_latest_only_with_trigger.py
[2024-11-20T00:27:16.966+0000] {logging_mixin.py:190} INFO - [2024-11-20T00:27:16.966+0000] {dag.py:3239} INFO - Sync 1 DAGs
[2024-11-20T00:27:16.985+0000] {logging_mixin.py:190} INFO - [2024-11-20T00:27:16.985+0000] {dag.py:4180} INFO - Setting next_dagrun for latest_only_with_trigger to 2024-11-19 20:00:00+00:00, run_after=2024-11-20 00:00:00+00:00
[2024-11-20T00:27:17.007+0000] {processor.py:208} INFO - Processing /home/ubuntu/airflow_venv/lib/python3.12/site-packages/airflow/example_dags/example_latest_only_with_trigger.py took 0.074 seconds
[2024-11-20T00:28:21.369+0000] {processor.py:186} INFO - Started process (PID=2813) to work on /home/ubuntu/airflow_venv/lib/python3.12/site-packages/airflow/example_dags/example_latest_only_with_trigger.py
[2024-11-20T00:28:21.370+0000] {processor.py:914} INFO - Processing file /home/ubuntu/airflow_venv/lib/python3.12/site-packages/airflow/example_dags/example_latest_only_with_trigger.py for tasks to queue
[2024-11-20T00:28:21.374+0000] {logging_mixin.py:190} INFO - [2024-11-20T00:28:21.374+0000] {dagbag.py:588} INFO - Filling up the DagBag from /home/ubuntu/airflow_venv/lib/python3.12/site-packages/airflow/example_dags/example_latest_only_with_trigger.py
[2024-11-20T00:28:21.382+0000] {processor.py:925} INFO - DAG(s) 'latest_only_with_trigger' retrieved from /home/ubuntu/airflow_venv/lib/python3.12/site-packages/airflow/example_dags/example_latest_only_with_trigger.py
[2024-11-20T00:28:21.397+0000] {logging_mixin.py:190} INFO - [2024-11-20T00:28:21.397+0000] {dag.py:3239} INFO - Sync 1 DAGs
[2024-11-20T00:28:21.415+0000] {logging_mixin.py:190} INFO - [2024-11-20T00:28:21.415+0000] {dag.py:4180} INFO - Setting next_dagrun for latest_only_with_trigger to 2024-11-19 20:00:00+00:00, run_after=2024-11-20 00:00:00+00:00
[2024-11-20T00:28:21.436+0000] {processor.py:208} INFO - Processing /home/ubuntu/airflow_venv/lib/python3.12/site-packages/airflow/example_dags/example_latest_only_with_trigger.py took 0.073 seconds
[2024-11-20T00:29:20.888+0000] {processor.py:186} INFO - Started process (PID=3001) to work on /home/ubuntu/airflow_venv/lib/python3.12/site-packages/airflow/example_dags/example_latest_only_with_trigger.py
[2024-11-20T00:29:20.890+0000] {processor.py:914} INFO - Processing file /home/ubuntu/airflow_venv/lib/python3.12/site-packages/airflow/example_dags/example_latest_only_with_trigger.py for tasks to queue
[2024-11-20T00:29:20.892+0000] {logging_mixin.py:190} INFO - [2024-11-20T00:29:20.892+0000] {dagbag.py:588} INFO - Filling up the DagBag from /home/ubuntu/airflow_venv/lib/python3.12/site-packages/airflow/example_dags/example_latest_only_with_trigger.py
[2024-11-20T00:29:20.906+0000] {processor.py:925} INFO - DAG(s) 'latest_only_with_trigger' retrieved from /home/ubuntu/airflow_venv/lib/python3.12/site-packages/airflow/example_dags/example_latest_only_with_trigger.py
[2024-11-20T00:29:20.926+0000] {logging_mixin.py:190} INFO - [2024-11-20T00:29:20.926+0000] {dag.py:3239} INFO - Sync 1 DAGs
[2024-11-20T00:29:20.945+0000] {logging_mixin.py:190} INFO - [2024-11-20T00:29:20.944+0000] {dag.py:4180} INFO - Setting next_dagrun for latest_only_with_trigger to 2024-11-19 20:00:00+00:00, run_after=2024-11-20 00:00:00+00:00
[2024-11-20T00:29:20.965+0000] {processor.py:208} INFO - Processing /home/ubuntu/airflow_venv/lib/python3.12/site-packages/airflow/example_dags/example_latest_only_with_trigger.py took 0.082 seconds
[2024-11-20T00:30:21.151+0000] {processor.py:186} INFO - Started process (PID=3064) to work on /home/ubuntu/airflow_venv/lib/python3.12/site-packages/airflow/example_dags/example_latest_only_with_trigger.py
[2024-11-20T00:30:21.152+0000] {processor.py:914} INFO - Processing file /home/ubuntu/airflow_venv/lib/python3.12/site-packages/airflow/example_dags/example_latest_only_with_trigger.py for tasks to queue
[2024-11-20T00:30:21.154+0000] {logging_mixin.py:190} INFO - [2024-11-20T00:30:21.153+0000] {dagbag.py:588} INFO - Filling up the DagBag from /home/ubuntu/airflow_venv/lib/python3.12/site-packages/airflow/example_dags/example_latest_only_with_trigger.py
[2024-11-20T00:30:21.162+0000] {processor.py:925} INFO - DAG(s) 'latest_only_with_trigger' retrieved from /home/ubuntu/airflow_venv/lib/python3.12/site-packages/airflow/example_dags/example_latest_only_with_trigger.py
[2024-11-20T00:30:21.178+0000] {logging_mixin.py:190} INFO - [2024-11-20T00:30:21.178+0000] {dag.py:3239} INFO - Sync 1 DAGs
[2024-11-20T00:30:21.197+0000] {logging_mixin.py:190} INFO - [2024-11-20T00:30:21.196+0000] {dag.py:4180} INFO - Setting next_dagrun for latest_only_with_trigger to 2024-11-19 20:00:00+00:00, run_after=2024-11-20 00:00:00+00:00
[2024-11-20T00:30:21.219+0000] {processor.py:208} INFO - Processing /home/ubuntu/airflow_venv/lib/python3.12/site-packages/airflow/example_dags/example_latest_only_with_trigger.py took 0.079 seconds
[2024-11-20T00:31:16.472+0000] {processor.py:186} INFO - Started process (PID=3190) to work on /home/ubuntu/airflow_venv/lib/python3.12/site-packages/airflow/example_dags/example_latest_only_with_trigger.py
[2024-11-20T00:31:16.473+0000] {processor.py:914} INFO - Processing file /home/ubuntu/airflow_venv/lib/python3.12/site-packages/airflow/example_dags/example_latest_only_with_trigger.py for tasks to queue
[2024-11-20T00:31:16.474+0000] {logging_mixin.py:190} INFO - [2024-11-20T00:31:16.474+0000] {dagbag.py:588} INFO - Filling up the DagBag from /home/ubuntu/airflow_venv/lib/python3.12/site-packages/airflow/example_dags/example_latest_only_with_trigger.py
[2024-11-20T00:31:16.483+0000] {processor.py:925} INFO - DAG(s) 'latest_only_with_trigger' retrieved from /home/ubuntu/airflow_venv/lib/python3.12/site-packages/airflow/example_dags/example_latest_only_with_trigger.py
[2024-11-20T00:31:16.501+0000] {logging_mixin.py:190} INFO - [2024-11-20T00:31:16.501+0000] {dag.py:3239} INFO - Sync 1 DAGs
[2024-11-20T00:31:16.524+0000] {logging_mixin.py:190} INFO - [2024-11-20T00:31:16.524+0000] {dag.py:4180} INFO - Setting next_dagrun for latest_only_with_trigger to 2024-11-19 20:00:00+00:00, run_after=2024-11-20 00:00:00+00:00
[2024-11-20T00:31:16.545+0000] {processor.py:208} INFO - Processing /home/ubuntu/airflow_venv/lib/python3.12/site-packages/airflow/example_dags/example_latest_only_with_trigger.py took 0.078 seconds
[2024-11-20T00:32:09.628+0000] {processor.py:186} INFO - Started process (PID=3318) to work on /home/ubuntu/airflow_venv/lib/python3.12/site-packages/airflow/example_dags/example_latest_only_with_trigger.py
[2024-11-20T00:32:09.630+0000] {processor.py:914} INFO - Processing file /home/ubuntu/airflow_venv/lib/python3.12/site-packages/airflow/example_dags/example_latest_only_with_trigger.py for tasks to queue
[2024-11-20T00:32:09.631+0000] {logging_mixin.py:190} INFO - [2024-11-20T00:32:09.630+0000] {dagbag.py:588} INFO - Filling up the DagBag from /home/ubuntu/airflow_venv/lib/python3.12/site-packages/airflow/example_dags/example_latest_only_with_trigger.py
[2024-11-20T00:32:09.640+0000] {processor.py:925} INFO - DAG(s) 'latest_only_with_trigger' retrieved from /home/ubuntu/airflow_venv/lib/python3.12/site-packages/airflow/example_dags/example_latest_only_with_trigger.py
[2024-11-20T00:32:09.656+0000] {logging_mixin.py:190} INFO - [2024-11-20T00:32:09.656+0000] {dag.py:3239} INFO - Sync 1 DAGs
[2024-11-20T00:32:09.674+0000] {logging_mixin.py:190} INFO - [2024-11-20T00:32:09.674+0000] {dag.py:4180} INFO - Setting next_dagrun for latest_only_with_trigger to 2024-11-19 20:00:00+00:00, run_after=2024-11-20 00:00:00+00:00
[2024-11-20T00:32:09.698+0000] {processor.py:208} INFO - Processing /home/ubuntu/airflow_venv/lib/python3.12/site-packages/airflow/example_dags/example_latest_only_with_trigger.py took 0.075 seconds
[2024-11-20T00:33:03.853+0000] {processor.py:186} INFO - Started process (PID=3789) to work on /home/ubuntu/airflow_venv/lib/python3.12/site-packages/airflow/example_dags/example_latest_only_with_trigger.py
[2024-11-20T00:33:03.856+0000] {processor.py:914} INFO - Processing file /home/ubuntu/airflow_venv/lib/python3.12/site-packages/airflow/example_dags/example_latest_only_with_trigger.py for tasks to queue
[2024-11-20T00:33:03.857+0000] {logging_mixin.py:190} INFO - [2024-11-20T00:33:03.857+0000] {dagbag.py:588} INFO - Filling up the DagBag from /home/ubuntu/airflow_venv/lib/python3.12/site-packages/airflow/example_dags/example_latest_only_with_trigger.py
[2024-11-20T00:33:03.867+0000] {processor.py:925} INFO - DAG(s) 'latest_only_with_trigger' retrieved from /home/ubuntu/airflow_venv/lib/python3.12/site-packages/airflow/example_dags/example_latest_only_with_trigger.py
[2024-11-20T00:33:03.883+0000] {logging_mixin.py:190} INFO - [2024-11-20T00:33:03.883+0000] {dag.py:3239} INFO - Sync 1 DAGs
[2024-11-20T00:33:03.902+0000] {logging_mixin.py:190} INFO - [2024-11-20T00:33:03.902+0000] {dag.py:4180} INFO - Setting next_dagrun for latest_only_with_trigger to 2024-11-19 20:00:00+00:00, run_after=2024-11-20 00:00:00+00:00
[2024-11-20T00:33:03.924+0000] {processor.py:208} INFO - Processing /home/ubuntu/airflow_venv/lib/python3.12/site-packages/airflow/example_dags/example_latest_only_with_trigger.py took 0.077 seconds
[2024-11-20T00:34:08.843+0000] {processor.py:186} INFO - Started process (PID=4017) to work on /home/ubuntu/airflow_venv/lib/python3.12/site-packages/airflow/example_dags/example_latest_only_with_trigger.py
[2024-11-20T00:34:08.845+0000] {processor.py:914} INFO - Processing file /home/ubuntu/airflow_venv/lib/python3.12/site-packages/airflow/example_dags/example_latest_only_with_trigger.py for tasks to queue
[2024-11-20T00:34:08.847+0000] {logging_mixin.py:190} INFO - [2024-11-20T00:34:08.846+0000] {dagbag.py:588} INFO - Filling up the DagBag from /home/ubuntu/airflow_venv/lib/python3.12/site-packages/airflow/example_dags/example_latest_only_with_trigger.py
[2024-11-20T00:34:08.856+0000] {processor.py:925} INFO - DAG(s) 'latest_only_with_trigger' retrieved from /home/ubuntu/airflow_venv/lib/python3.12/site-packages/airflow/example_dags/example_latest_only_with_trigger.py
[2024-11-20T00:34:08.872+0000] {logging_mixin.py:190} INFO - [2024-11-20T00:34:08.872+0000] {dag.py:3239} INFO - Sync 1 DAGs
[2024-11-20T00:34:08.890+0000] {logging_mixin.py:190} INFO - [2024-11-20T00:34:08.890+0000] {dag.py:4180} INFO - Setting next_dagrun for latest_only_with_trigger to 2024-11-19 20:00:00+00:00, run_after=2024-11-20 00:00:00+00:00
[2024-11-20T00:34:08.914+0000] {processor.py:208} INFO - Processing /home/ubuntu/airflow_venv/lib/python3.12/site-packages/airflow/example_dags/example_latest_only_with_trigger.py took 0.077 seconds
[2024-11-20T00:35:07.839+0000] {processor.py:186} INFO - Started process (PID=4103) to work on /home/ubuntu/airflow_venv/lib/python3.12/site-packages/airflow/example_dags/example_latest_only_with_trigger.py
[2024-11-20T00:35:07.842+0000] {processor.py:914} INFO - Processing file /home/ubuntu/airflow_venv/lib/python3.12/site-packages/airflow/example_dags/example_latest_only_with_trigger.py for tasks to queue
[2024-11-20T00:35:07.844+0000] {logging_mixin.py:190} INFO - [2024-11-20T00:35:07.843+0000] {dagbag.py:588} INFO - Filling up the DagBag from /home/ubuntu/airflow_venv/lib/python3.12/site-packages/airflow/example_dags/example_latest_only_with_trigger.py
[2024-11-20T00:35:07.851+0000] {processor.py:925} INFO - DAG(s) 'latest_only_with_trigger' retrieved from /home/ubuntu/airflow_venv/lib/python3.12/site-packages/airflow/example_dags/example_latest_only_with_trigger.py
[2024-11-20T00:35:07.867+0000] {logging_mixin.py:190} INFO - [2024-11-20T00:35:07.867+0000] {dag.py:3239} INFO - Sync 1 DAGs
[2024-11-20T00:35:07.885+0000] {logging_mixin.py:190} INFO - [2024-11-20T00:35:07.885+0000] {dag.py:4180} INFO - Setting next_dagrun for latest_only_with_trigger to 2024-11-19 20:00:00+00:00, run_after=2024-11-20 00:00:00+00:00
[2024-11-20T00:35:07.911+0000] {processor.py:208} INFO - Processing /home/ubuntu/airflow_venv/lib/python3.12/site-packages/airflow/example_dags/example_latest_only_with_trigger.py took 0.077 seconds
[2024-11-20T00:36:02.501+0000] {processor.py:186} INFO - Started process (PID=4161) to work on /home/ubuntu/airflow_venv/lib/python3.12/site-packages/airflow/example_dags/example_latest_only_with_trigger.py
[2024-11-20T00:36:02.504+0000] {processor.py:914} INFO - Processing file /home/ubuntu/airflow_venv/lib/python3.12/site-packages/airflow/example_dags/example_latest_only_with_trigger.py for tasks to queue
[2024-11-20T00:36:02.506+0000] {logging_mixin.py:190} INFO - [2024-11-20T00:36:02.505+0000] {dagbag.py:588} INFO - Filling up the DagBag from /home/ubuntu/airflow_venv/lib/python3.12/site-packages/airflow/example_dags/example_latest_only_with_trigger.py
[2024-11-20T00:36:02.514+0000] {processor.py:925} INFO - DAG(s) 'latest_only_with_trigger' retrieved from /home/ubuntu/airflow_venv/lib/python3.12/site-packages/airflow/example_dags/example_latest_only_with_trigger.py
[2024-11-20T00:36:02.533+0000] {logging_mixin.py:190} INFO - [2024-11-20T00:36:02.532+0000] {dag.py:3239} INFO - Sync 1 DAGs
[2024-11-20T00:36:02.552+0000] {logging_mixin.py:190} INFO - [2024-11-20T00:36:02.552+0000] {dag.py:4180} INFO - Setting next_dagrun for latest_only_with_trigger to 2024-11-19 20:00:00+00:00, run_after=2024-11-20 00:00:00+00:00
[2024-11-20T00:36:02.574+0000] {processor.py:208} INFO - Processing /home/ubuntu/airflow_venv/lib/python3.12/site-packages/airflow/example_dags/example_latest_only_with_trigger.py took 0.080 seconds
[2024-11-20T00:36:56.231+0000] {processor.py:186} INFO - Started process (PID=4217) to work on /home/ubuntu/airflow_venv/lib/python3.12/site-packages/airflow/example_dags/example_latest_only_with_trigger.py
[2024-11-20T00:36:56.232+0000] {processor.py:914} INFO - Processing file /home/ubuntu/airflow_venv/lib/python3.12/site-packages/airflow/example_dags/example_latest_only_with_trigger.py for tasks to queue
[2024-11-20T00:36:56.234+0000] {logging_mixin.py:190} INFO - [2024-11-20T00:36:56.233+0000] {dagbag.py:588} INFO - Filling up the DagBag from /home/ubuntu/airflow_venv/lib/python3.12/site-packages/airflow/example_dags/example_latest_only_with_trigger.py
[2024-11-20T00:36:56.241+0000] {processor.py:925} INFO - DAG(s) 'latest_only_with_trigger' retrieved from /home/ubuntu/airflow_venv/lib/python3.12/site-packages/airflow/example_dags/example_latest_only_with_trigger.py
[2024-11-20T00:36:56.257+0000] {logging_mixin.py:190} INFO - [2024-11-20T00:36:56.257+0000] {dag.py:3239} INFO - Sync 1 DAGs
[2024-11-20T00:36:56.275+0000] {logging_mixin.py:190} INFO - [2024-11-20T00:36:56.274+0000] {dag.py:4180} INFO - Setting next_dagrun for latest_only_with_trigger to 2024-11-19 20:00:00+00:00, run_after=2024-11-20 00:00:00+00:00
[2024-11-20T00:36:56.297+0000] {processor.py:208} INFO - Processing /home/ubuntu/airflow_venv/lib/python3.12/site-packages/airflow/example_dags/example_latest_only_with_trigger.py took 0.073 seconds
[2024-11-20T00:37:51.697+0000] {processor.py:186} INFO - Started process (PID=4286) to work on /home/ubuntu/airflow_venv/lib/python3.12/site-packages/airflow/example_dags/example_latest_only_with_trigger.py
[2024-11-20T00:37:51.699+0000] {processor.py:914} INFO - Processing file /home/ubuntu/airflow_venv/lib/python3.12/site-packages/airflow/example_dags/example_latest_only_with_trigger.py for tasks to queue
[2024-11-20T00:37:51.700+0000] {logging_mixin.py:190} INFO - [2024-11-20T00:37:51.700+0000] {dagbag.py:588} INFO - Filling up the DagBag from /home/ubuntu/airflow_venv/lib/python3.12/site-packages/airflow/example_dags/example_latest_only_with_trigger.py
[2024-11-20T00:37:51.708+0000] {processor.py:925} INFO - DAG(s) 'latest_only_with_trigger' retrieved from /home/ubuntu/airflow_venv/lib/python3.12/site-packages/airflow/example_dags/example_latest_only_with_trigger.py
[2024-11-20T00:37:51.724+0000] {logging_mixin.py:190} INFO - [2024-11-20T00:37:51.724+0000] {dag.py:3239} INFO - Sync 1 DAGs
[2024-11-20T00:37:51.742+0000] {logging_mixin.py:190} INFO - [2024-11-20T00:37:51.742+0000] {dag.py:4180} INFO - Setting next_dagrun for latest_only_with_trigger to 2024-11-19 20:00:00+00:00, run_after=2024-11-20 00:00:00+00:00
[2024-11-20T00:37:51.764+0000] {processor.py:208} INFO - Processing /home/ubuntu/airflow_venv/lib/python3.12/site-packages/airflow/example_dags/example_latest_only_with_trigger.py took 0.073 seconds
[2024-11-20T00:38:48.568+0000] {processor.py:186} INFO - Started process (PID=4358) to work on /home/ubuntu/airflow_venv/lib/python3.12/site-packages/airflow/example_dags/example_latest_only_with_trigger.py
[2024-11-20T00:38:48.570+0000] {processor.py:914} INFO - Processing file /home/ubuntu/airflow_venv/lib/python3.12/site-packages/airflow/example_dags/example_latest_only_with_trigger.py for tasks to queue
[2024-11-20T00:38:48.571+0000] {logging_mixin.py:190} INFO - [2024-11-20T00:38:48.571+0000] {dagbag.py:588} INFO - Filling up the DagBag from /home/ubuntu/airflow_venv/lib/python3.12/site-packages/airflow/example_dags/example_latest_only_with_trigger.py
[2024-11-20T00:38:48.580+0000] {processor.py:925} INFO - DAG(s) 'latest_only_with_trigger' retrieved from /home/ubuntu/airflow_venv/lib/python3.12/site-packages/airflow/example_dags/example_latest_only_with_trigger.py
[2024-11-20T00:38:48.596+0000] {logging_mixin.py:190} INFO - [2024-11-20T00:38:48.595+0000] {dag.py:3239} INFO - Sync 1 DAGs
[2024-11-20T00:38:48.614+0000] {logging_mixin.py:190} INFO - [2024-11-20T00:38:48.614+0000] {dag.py:4180} INFO - Setting next_dagrun for latest_only_with_trigger to 2024-11-19 20:00:00+00:00, run_after=2024-11-20 00:00:00+00:00
[2024-11-20T00:38:48.635+0000] {processor.py:208} INFO - Processing /home/ubuntu/airflow_venv/lib/python3.12/site-packages/airflow/example_dags/example_latest_only_with_trigger.py took 0.075 seconds
[2024-11-20T00:39:47.849+0000] {processor.py:186} INFO - Started process (PID=4437) to work on /home/ubuntu/airflow_venv/lib/python3.12/site-packages/airflow/example_dags/example_latest_only_with_trigger.py
[2024-11-20T00:39:47.851+0000] {processor.py:914} INFO - Processing file /home/ubuntu/airflow_venv/lib/python3.12/site-packages/airflow/example_dags/example_latest_only_with_trigger.py for tasks to queue
[2024-11-20T00:39:47.852+0000] {logging_mixin.py:190} INFO - [2024-11-20T00:39:47.852+0000] {dagbag.py:588} INFO - Filling up the DagBag from /home/ubuntu/airflow_venv/lib/python3.12/site-packages/airflow/example_dags/example_latest_only_with_trigger.py
[2024-11-20T00:39:47.861+0000] {processor.py:925} INFO - DAG(s) 'latest_only_with_trigger' retrieved from /home/ubuntu/airflow_venv/lib/python3.12/site-packages/airflow/example_dags/example_latest_only_with_trigger.py
[2024-11-20T00:39:47.876+0000] {logging_mixin.py:190} INFO - [2024-11-20T00:39:47.876+0000] {dag.py:3239} INFO - Sync 1 DAGs
[2024-11-20T00:39:47.894+0000] {logging_mixin.py:190} INFO - [2024-11-20T00:39:47.894+0000] {dag.py:4180} INFO - Setting next_dagrun for latest_only_with_trigger to 2024-11-19 20:00:00+00:00, run_after=2024-11-20 00:00:00+00:00
[2024-11-20T00:39:47.917+0000] {processor.py:208} INFO - Processing /home/ubuntu/airflow_venv/lib/python3.12/site-packages/airflow/example_dags/example_latest_only_with_trigger.py took 0.076 seconds
[2024-11-20T00:40:47.537+0000] {processor.py:186} INFO - Started process (PID=4515) to work on /home/ubuntu/airflow_venv/lib/python3.12/site-packages/airflow/example_dags/example_latest_only_with_trigger.py
[2024-11-20T00:40:47.538+0000] {processor.py:914} INFO - Processing file /home/ubuntu/airflow_venv/lib/python3.12/site-packages/airflow/example_dags/example_latest_only_with_trigger.py for tasks to queue
[2024-11-20T00:40:47.540+0000] {logging_mixin.py:190} INFO - [2024-11-20T00:40:47.539+0000] {dagbag.py:588} INFO - Filling up the DagBag from /home/ubuntu/airflow_venv/lib/python3.12/site-packages/airflow/example_dags/example_latest_only_with_trigger.py
[2024-11-20T00:40:47.548+0000] {processor.py:925} INFO - DAG(s) 'latest_only_with_trigger' retrieved from /home/ubuntu/airflow_venv/lib/python3.12/site-packages/airflow/example_dags/example_latest_only_with_trigger.py
[2024-11-20T00:40:47.563+0000] {logging_mixin.py:190} INFO - [2024-11-20T00:40:47.563+0000] {dag.py:3239} INFO - Sync 1 DAGs
[2024-11-20T00:40:47.583+0000] {logging_mixin.py:190} INFO - [2024-11-20T00:40:47.582+0000] {dag.py:4180} INFO - Setting next_dagrun for latest_only_with_trigger to 2024-11-19 20:00:00+00:00, run_after=2024-11-20 00:00:00+00:00
[2024-11-20T00:40:47.610+0000] {processor.py:208} INFO - Processing /home/ubuntu/airflow_venv/lib/python3.12/site-packages/airflow/example_dags/example_latest_only_with_trigger.py took 0.080 seconds
[2024-11-20T00:41:40.933+0000] {processor.py:186} INFO - Started process (PID=4572) to work on /home/ubuntu/airflow_venv/lib/python3.12/site-packages/airflow/example_dags/example_latest_only_with_trigger.py
[2024-11-20T00:41:40.935+0000] {processor.py:914} INFO - Processing file /home/ubuntu/airflow_venv/lib/python3.12/site-packages/airflow/example_dags/example_latest_only_with_trigger.py for tasks to queue
[2024-11-20T00:41:40.939+0000] {logging_mixin.py:190} INFO - [2024-11-20T00:41:40.939+0000] {dagbag.py:588} INFO - Filling up the DagBag from /home/ubuntu/airflow_venv/lib/python3.12/site-packages/airflow/example_dags/example_latest_only_with_trigger.py
[2024-11-20T00:41:40.950+0000] {processor.py:925} INFO - DAG(s) 'latest_only_with_trigger' retrieved from /home/ubuntu/airflow_venv/lib/python3.12/site-packages/airflow/example_dags/example_latest_only_with_trigger.py
[2024-11-20T00:41:40.965+0000] {logging_mixin.py:190} INFO - [2024-11-20T00:41:40.965+0000] {dag.py:3239} INFO - Sync 1 DAGs
[2024-11-20T00:41:40.983+0000] {logging_mixin.py:190} INFO - [2024-11-20T00:41:40.982+0000] {dag.py:4180} INFO - Setting next_dagrun for latest_only_with_trigger to 2024-11-19 20:00:00+00:00, run_after=2024-11-20 00:00:00+00:00
[2024-11-20T00:41:41.003+0000] {processor.py:208} INFO - Processing /home/ubuntu/airflow_venv/lib/python3.12/site-packages/airflow/example_dags/example_latest_only_with_trigger.py took 0.078 seconds
[2024-11-20T00:42:33.133+0000] {processor.py:186} INFO - Started process (PID=4625) to work on /home/ubuntu/airflow_venv/lib/python3.12/site-packages/airflow/example_dags/example_latest_only_with_trigger.py
[2024-11-20T00:42:33.136+0000] {processor.py:914} INFO - Processing file /home/ubuntu/airflow_venv/lib/python3.12/site-packages/airflow/example_dags/example_latest_only_with_trigger.py for tasks to queue
[2024-11-20T00:42:33.137+0000] {logging_mixin.py:190} INFO - [2024-11-20T00:42:33.137+0000] {dagbag.py:588} INFO - Filling up the DagBag from /home/ubuntu/airflow_venv/lib/python3.12/site-packages/airflow/example_dags/example_latest_only_with_trigger.py
[2024-11-20T00:42:33.147+0000] {processor.py:925} INFO - DAG(s) 'latest_only_with_trigger' retrieved from /home/ubuntu/airflow_venv/lib/python3.12/site-packages/airflow/example_dags/example_latest_only_with_trigger.py
[2024-11-20T00:42:33.162+0000] {logging_mixin.py:190} INFO - [2024-11-20T00:42:33.162+0000] {dag.py:3239} INFO - Sync 1 DAGs
[2024-11-20T00:42:33.179+0000] {logging_mixin.py:190} INFO - [2024-11-20T00:42:33.179+0000] {dag.py:4180} INFO - Setting next_dagrun for latest_only_with_trigger to 2024-11-19 20:00:00+00:00, run_after=2024-11-20 00:00:00+00:00
[2024-11-20T00:42:33.201+0000] {processor.py:208} INFO - Processing /home/ubuntu/airflow_venv/lib/python3.12/site-packages/airflow/example_dags/example_latest_only_with_trigger.py took 0.081 seconds
[2024-11-20T00:43:30.855+0000] {processor.py:186} INFO - Started process (PID=4685) to work on /home/ubuntu/airflow_venv/lib/python3.12/site-packages/airflow/example_dags/example_latest_only_with_trigger.py
[2024-11-20T00:43:30.857+0000] {processor.py:914} INFO - Processing file /home/ubuntu/airflow_venv/lib/python3.12/site-packages/airflow/example_dags/example_latest_only_with_trigger.py for tasks to queue
[2024-11-20T00:43:30.858+0000] {logging_mixin.py:190} INFO - [2024-11-20T00:43:30.858+0000] {dagbag.py:588} INFO - Filling up the DagBag from /home/ubuntu/airflow_venv/lib/python3.12/site-packages/airflow/example_dags/example_latest_only_with_trigger.py
[2024-11-20T00:43:30.867+0000] {processor.py:925} INFO - DAG(s) 'latest_only_with_trigger' retrieved from /home/ubuntu/airflow_venv/lib/python3.12/site-packages/airflow/example_dags/example_latest_only_with_trigger.py
[2024-11-20T00:43:30.882+0000] {logging_mixin.py:190} INFO - [2024-11-20T00:43:30.882+0000] {dag.py:3239} INFO - Sync 1 DAGs
[2024-11-20T00:43:30.901+0000] {logging_mixin.py:190} INFO - [2024-11-20T00:43:30.901+0000] {dag.py:4180} INFO - Setting next_dagrun for latest_only_with_trigger to 2024-11-19 20:00:00+00:00, run_after=2024-11-20 00:00:00+00:00
[2024-11-20T00:43:30.922+0000] {processor.py:208} INFO - Processing /home/ubuntu/airflow_venv/lib/python3.12/site-packages/airflow/example_dags/example_latest_only_with_trigger.py took 0.074 seconds
[2024-11-20T00:44:26.102+0000] {processor.py:186} INFO - Started process (PID=4742) to work on /home/ubuntu/airflow_venv/lib/python3.12/site-packages/airflow/example_dags/example_latest_only_with_trigger.py
[2024-11-20T00:44:26.105+0000] {processor.py:914} INFO - Processing file /home/ubuntu/airflow_venv/lib/python3.12/site-packages/airflow/example_dags/example_latest_only_with_trigger.py for tasks to queue
[2024-11-20T00:44:26.107+0000] {logging_mixin.py:190} INFO - [2024-11-20T00:44:26.106+0000] {dagbag.py:588} INFO - Filling up the DagBag from /home/ubuntu/airflow_venv/lib/python3.12/site-packages/airflow/example_dags/example_latest_only_with_trigger.py
[2024-11-20T00:44:26.114+0000] {processor.py:925} INFO - DAG(s) 'latest_only_with_trigger' retrieved from /home/ubuntu/airflow_venv/lib/python3.12/site-packages/airflow/example_dags/example_latest_only_with_trigger.py
[2024-11-20T00:44:26.130+0000] {logging_mixin.py:190} INFO - [2024-11-20T00:44:26.130+0000] {dag.py:3239} INFO - Sync 1 DAGs
[2024-11-20T00:44:26.149+0000] {logging_mixin.py:190} INFO - [2024-11-20T00:44:26.149+0000] {dag.py:4180} INFO - Setting next_dagrun for latest_only_with_trigger to 2024-11-19 20:00:00+00:00, run_after=2024-11-20 00:00:00+00:00
[2024-11-20T00:44:26.170+0000] {processor.py:208} INFO - Processing /home/ubuntu/airflow_venv/lib/python3.12/site-packages/airflow/example_dags/example_latest_only_with_trigger.py took 0.074 seconds
[2024-11-20T00:45:18.978+0000] {processor.py:186} INFO - Started process (PID=4800) to work on /home/ubuntu/airflow_venv/lib/python3.12/site-packages/airflow/example_dags/example_latest_only_with_trigger.py
[2024-11-20T00:45:18.980+0000] {processor.py:914} INFO - Processing file /home/ubuntu/airflow_venv/lib/python3.12/site-packages/airflow/example_dags/example_latest_only_with_trigger.py for tasks to queue
[2024-11-20T00:45:18.981+0000] {logging_mixin.py:190} INFO - [2024-11-20T00:45:18.981+0000] {dagbag.py:588} INFO - Filling up the DagBag from /home/ubuntu/airflow_venv/lib/python3.12/site-packages/airflow/example_dags/example_latest_only_with_trigger.py
[2024-11-20T00:45:18.990+0000] {processor.py:925} INFO - DAG(s) 'latest_only_with_trigger' retrieved from /home/ubuntu/airflow_venv/lib/python3.12/site-packages/airflow/example_dags/example_latest_only_with_trigger.py
[2024-11-20T00:45:19.005+0000] {logging_mixin.py:190} INFO - [2024-11-20T00:45:19.005+0000] {dag.py:3239} INFO - Sync 1 DAGs
[2024-11-20T00:45:19.023+0000] {logging_mixin.py:190} INFO - [2024-11-20T00:45:19.023+0000] {dag.py:4180} INFO - Setting next_dagrun for latest_only_with_trigger to 2024-11-19 20:00:00+00:00, run_after=2024-11-20 00:00:00+00:00
[2024-11-20T00:45:19.047+0000] {processor.py:208} INFO - Processing /home/ubuntu/airflow_venv/lib/python3.12/site-packages/airflow/example_dags/example_latest_only_with_trigger.py took 0.076 seconds
[2024-11-20T00:46:13.701+0000] {processor.py:186} INFO - Started process (PID=4857) to work on /home/ubuntu/airflow_venv/lib/python3.12/site-packages/airflow/example_dags/example_latest_only_with_trigger.py
[2024-11-20T00:46:13.703+0000] {processor.py:914} INFO - Processing file /home/ubuntu/airflow_venv/lib/python3.12/site-packages/airflow/example_dags/example_latest_only_with_trigger.py for tasks to queue
[2024-11-20T00:46:13.704+0000] {logging_mixin.py:190} INFO - [2024-11-20T00:46:13.704+0000] {dagbag.py:588} INFO - Filling up the DagBag from /home/ubuntu/airflow_venv/lib/python3.12/site-packages/airflow/example_dags/example_latest_only_with_trigger.py
[2024-11-20T00:46:13.714+0000] {processor.py:925} INFO - DAG(s) 'latest_only_with_trigger' retrieved from /home/ubuntu/airflow_venv/lib/python3.12/site-packages/airflow/example_dags/example_latest_only_with_trigger.py
[2024-11-20T00:46:13.747+0000] {logging_mixin.py:190} INFO - [2024-11-20T00:46:13.746+0000] {dag.py:3239} INFO - Sync 1 DAGs
[2024-11-20T00:46:13.765+0000] {logging_mixin.py:190} INFO - [2024-11-20T00:46:13.764+0000] {dag.py:4180} INFO - Setting next_dagrun for latest_only_with_trigger to 2024-11-19 20:00:00+00:00, run_after=2024-11-20 00:00:00+00:00
[2024-11-20T00:46:13.786+0000] {processor.py:208} INFO - Processing /home/ubuntu/airflow_venv/lib/python3.12/site-packages/airflow/example_dags/example_latest_only_with_trigger.py took 0.092 seconds
[2024-11-20T00:47:08.036+0000] {processor.py:186} INFO - Started process (PID=4912) to work on /home/ubuntu/airflow_venv/lib/python3.12/site-packages/airflow/example_dags/example_latest_only_with_trigger.py
[2024-11-20T00:47:08.037+0000] {processor.py:914} INFO - Processing file /home/ubuntu/airflow_venv/lib/python3.12/site-packages/airflow/example_dags/example_latest_only_with_trigger.py for tasks to queue
[2024-11-20T00:47:08.039+0000] {logging_mixin.py:190} INFO - [2024-11-20T00:47:08.038+0000] {dagbag.py:588} INFO - Filling up the DagBag from /home/ubuntu/airflow_venv/lib/python3.12/site-packages/airflow/example_dags/example_latest_only_with_trigger.py
[2024-11-20T00:47:08.047+0000] {processor.py:925} INFO - DAG(s) 'latest_only_with_trigger' retrieved from /home/ubuntu/airflow_venv/lib/python3.12/site-packages/airflow/example_dags/example_latest_only_with_trigger.py
[2024-11-20T00:47:08.063+0000] {logging_mixin.py:190} INFO - [2024-11-20T00:47:08.063+0000] {dag.py:3239} INFO - Sync 1 DAGs
[2024-11-20T00:47:08.080+0000] {logging_mixin.py:190} INFO - [2024-11-20T00:47:08.080+0000] {dag.py:4180} INFO - Setting next_dagrun for latest_only_with_trigger to 2024-11-19 20:00:00+00:00, run_after=2024-11-20 00:00:00+00:00
[2024-11-20T00:47:08.109+0000] {processor.py:208} INFO - Processing /home/ubuntu/airflow_venv/lib/python3.12/site-packages/airflow/example_dags/example_latest_only_with_trigger.py took 0.080 seconds
[2024-11-20T00:47:59.586+0000] {processor.py:186} INFO - Started process (PID=4967) to work on /home/ubuntu/airflow_venv/lib/python3.12/site-packages/airflow/example_dags/example_latest_only_with_trigger.py
[2024-11-20T00:47:59.587+0000] {processor.py:914} INFO - Processing file /home/ubuntu/airflow_venv/lib/python3.12/site-packages/airflow/example_dags/example_latest_only_with_trigger.py for tasks to queue
[2024-11-20T00:47:59.589+0000] {logging_mixin.py:190} INFO - [2024-11-20T00:47:59.589+0000] {dagbag.py:588} INFO - Filling up the DagBag from /home/ubuntu/airflow_venv/lib/python3.12/site-packages/airflow/example_dags/example_latest_only_with_trigger.py
[2024-11-20T00:47:59.597+0000] {processor.py:925} INFO - DAG(s) 'latest_only_with_trigger' retrieved from /home/ubuntu/airflow_venv/lib/python3.12/site-packages/airflow/example_dags/example_latest_only_with_trigger.py
[2024-11-20T00:47:59.613+0000] {logging_mixin.py:190} INFO - [2024-11-20T00:47:59.613+0000] {dag.py:3239} INFO - Sync 1 DAGs
[2024-11-20T00:47:59.631+0000] {logging_mixin.py:190} INFO - [2024-11-20T00:47:59.631+0000] {dag.py:4180} INFO - Setting next_dagrun for latest_only_with_trigger to 2024-11-19 20:00:00+00:00, run_after=2024-11-20 00:00:00+00:00
[2024-11-20T00:47:59.654+0000] {processor.py:208} INFO - Processing /home/ubuntu/airflow_venv/lib/python3.12/site-packages/airflow/example_dags/example_latest_only_with_trigger.py took 0.074 seconds
[2024-11-20T00:48:54.028+0000] {processor.py:186} INFO - Started process (PID=5021) to work on /home/ubuntu/airflow_venv/lib/python3.12/site-packages/airflow/example_dags/example_latest_only_with_trigger.py
[2024-11-20T00:48:54.029+0000] {processor.py:914} INFO - Processing file /home/ubuntu/airflow_venv/lib/python3.12/site-packages/airflow/example_dags/example_latest_only_with_trigger.py for tasks to queue
[2024-11-20T00:48:54.032+0000] {logging_mixin.py:190} INFO - [2024-11-20T00:48:54.031+0000] {dagbag.py:588} INFO - Filling up the DagBag from /home/ubuntu/airflow_venv/lib/python3.12/site-packages/airflow/example_dags/example_latest_only_with_trigger.py
[2024-11-20T00:48:54.039+0000] {processor.py:925} INFO - DAG(s) 'latest_only_with_trigger' retrieved from /home/ubuntu/airflow_venv/lib/python3.12/site-packages/airflow/example_dags/example_latest_only_with_trigger.py
[2024-11-20T00:48:54.056+0000] {logging_mixin.py:190} INFO - [2024-11-20T00:48:54.055+0000] {dag.py:3239} INFO - Sync 1 DAGs
[2024-11-20T00:48:54.074+0000] {logging_mixin.py:190} INFO - [2024-11-20T00:48:54.074+0000] {dag.py:4180} INFO - Setting next_dagrun for latest_only_with_trigger to 2024-11-19 20:00:00+00:00, run_after=2024-11-20 00:00:00+00:00
[2024-11-20T00:48:54.096+0000] {processor.py:208} INFO - Processing /home/ubuntu/airflow_venv/lib/python3.12/site-packages/airflow/example_dags/example_latest_only_with_trigger.py took 0.075 seconds
[2024-11-20T00:49:48.972+0000] {processor.py:186} INFO - Started process (PID=5079) to work on /home/ubuntu/airflow_venv/lib/python3.12/site-packages/airflow/example_dags/example_latest_only_with_trigger.py
[2024-11-20T00:49:48.974+0000] {processor.py:914} INFO - Processing file /home/ubuntu/airflow_venv/lib/python3.12/site-packages/airflow/example_dags/example_latest_only_with_trigger.py for tasks to queue
[2024-11-20T00:49:48.975+0000] {logging_mixin.py:190} INFO - [2024-11-20T00:49:48.975+0000] {dagbag.py:588} INFO - Filling up the DagBag from /home/ubuntu/airflow_venv/lib/python3.12/site-packages/airflow/example_dags/example_latest_only_with_trigger.py
[2024-11-20T00:49:48.984+0000] {processor.py:925} INFO - DAG(s) 'latest_only_with_trigger' retrieved from /home/ubuntu/airflow_venv/lib/python3.12/site-packages/airflow/example_dags/example_latest_only_with_trigger.py
[2024-11-20T00:49:49.000+0000] {logging_mixin.py:190} INFO - [2024-11-20T00:49:49.000+0000] {dag.py:3239} INFO - Sync 1 DAGs
[2024-11-20T00:49:49.018+0000] {logging_mixin.py:190} INFO - [2024-11-20T00:49:49.018+0000] {dag.py:4180} INFO - Setting next_dagrun for latest_only_with_trigger to 2024-11-19 20:00:00+00:00, run_after=2024-11-20 00:00:00+00:00
[2024-11-20T00:49:49.041+0000] {processor.py:208} INFO - Processing /home/ubuntu/airflow_venv/lib/python3.12/site-packages/airflow/example_dags/example_latest_only_with_trigger.py took 0.076 seconds
[2024-11-20T00:50:42.060+0000] {processor.py:186} INFO - Started process (PID=5138) to work on /home/ubuntu/airflow_venv/lib/python3.12/site-packages/airflow/example_dags/example_latest_only_with_trigger.py
[2024-11-20T00:50:42.061+0000] {processor.py:914} INFO - Processing file /home/ubuntu/airflow_venv/lib/python3.12/site-packages/airflow/example_dags/example_latest_only_with_trigger.py for tasks to queue
[2024-11-20T00:50:42.063+0000] {logging_mixin.py:190} INFO - [2024-11-20T00:50:42.062+0000] {dagbag.py:588} INFO - Filling up the DagBag from /home/ubuntu/airflow_venv/lib/python3.12/site-packages/airflow/example_dags/example_latest_only_with_trigger.py
[2024-11-20T00:50:42.072+0000] {processor.py:925} INFO - DAG(s) 'latest_only_with_trigger' retrieved from /home/ubuntu/airflow_venv/lib/python3.12/site-packages/airflow/example_dags/example_latest_only_with_trigger.py
[2024-11-20T00:50:42.087+0000] {logging_mixin.py:190} INFO - [2024-11-20T00:50:42.087+0000] {dag.py:3239} INFO - Sync 1 DAGs
[2024-11-20T00:50:42.106+0000] {logging_mixin.py:190} INFO - [2024-11-20T00:50:42.106+0000] {dag.py:4180} INFO - Setting next_dagrun for latest_only_with_trigger to 2024-11-19 20:00:00+00:00, run_after=2024-11-20 00:00:00+00:00
[2024-11-20T00:50:42.128+0000] {processor.py:208} INFO - Processing /home/ubuntu/airflow_venv/lib/python3.12/site-packages/airflow/example_dags/example_latest_only_with_trigger.py took 0.074 seconds
[2024-11-20T00:51:38.024+0000] {processor.py:186} INFO - Started process (PID=5194) to work on /home/ubuntu/airflow_venv/lib/python3.12/site-packages/airflow/example_dags/example_latest_only_with_trigger.py
[2024-11-20T00:51:38.026+0000] {processor.py:914} INFO - Processing file /home/ubuntu/airflow_venv/lib/python3.12/site-packages/airflow/example_dags/example_latest_only_with_trigger.py for tasks to queue
[2024-11-20T00:51:38.028+0000] {logging_mixin.py:190} INFO - [2024-11-20T00:51:38.027+0000] {dagbag.py:588} INFO - Filling up the DagBag from /home/ubuntu/airflow_venv/lib/python3.12/site-packages/airflow/example_dags/example_latest_only_with_trigger.py
[2024-11-20T00:51:38.036+0000] {processor.py:925} INFO - DAG(s) 'latest_only_with_trigger' retrieved from /home/ubuntu/airflow_venv/lib/python3.12/site-packages/airflow/example_dags/example_latest_only_with_trigger.py
[2024-11-20T00:51:38.052+0000] {logging_mixin.py:190} INFO - [2024-11-20T00:51:38.052+0000] {dag.py:3239} INFO - Sync 1 DAGs
[2024-11-20T00:51:38.070+0000] {logging_mixin.py:190} INFO - [2024-11-20T00:51:38.070+0000] {dag.py:4180} INFO - Setting next_dagrun for latest_only_with_trigger to 2024-11-19 20:00:00+00:00, run_after=2024-11-20 00:00:00+00:00
[2024-11-20T00:51:38.090+0000] {processor.py:208} INFO - Processing /home/ubuntu/airflow_venv/lib/python3.12/site-packages/airflow/example_dags/example_latest_only_with_trigger.py took 0.073 seconds
[2024-11-20T00:52:35.895+0000] {processor.py:186} INFO - Started process (PID=5254) to work on /home/ubuntu/airflow_venv/lib/python3.12/site-packages/airflow/example_dags/example_latest_only_with_trigger.py
[2024-11-20T00:52:35.896+0000] {processor.py:914} INFO - Processing file /home/ubuntu/airflow_venv/lib/python3.12/site-packages/airflow/example_dags/example_latest_only_with_trigger.py for tasks to queue
[2024-11-20T00:52:35.898+0000] {logging_mixin.py:190} INFO - [2024-11-20T00:52:35.897+0000] {dagbag.py:588} INFO - Filling up the DagBag from /home/ubuntu/airflow_venv/lib/python3.12/site-packages/airflow/example_dags/example_latest_only_with_trigger.py
[2024-11-20T00:52:35.907+0000] {processor.py:925} INFO - DAG(s) 'latest_only_with_trigger' retrieved from /home/ubuntu/airflow_venv/lib/python3.12/site-packages/airflow/example_dags/example_latest_only_with_trigger.py
[2024-11-20T00:52:35.923+0000] {logging_mixin.py:190} INFO - [2024-11-20T00:52:35.923+0000] {dag.py:3239} INFO - Sync 1 DAGs
[2024-11-20T00:52:35.943+0000] {logging_mixin.py:190} INFO - [2024-11-20T00:52:35.942+0000] {dag.py:4180} INFO - Setting next_dagrun for latest_only_with_trigger to 2024-11-19 20:00:00+00:00, run_after=2024-11-20 00:00:00+00:00
[2024-11-20T00:52:35.965+0000] {processor.py:208} INFO - Processing /home/ubuntu/airflow_venv/lib/python3.12/site-packages/airflow/example_dags/example_latest_only_with_trigger.py took 0.078 seconds
[2024-11-20T00:53:32.936+0000] {processor.py:186} INFO - Started process (PID=5311) to work on /home/ubuntu/airflow_venv/lib/python3.12/site-packages/airflow/example_dags/example_latest_only_with_trigger.py
[2024-11-20T00:53:32.937+0000] {processor.py:914} INFO - Processing file /home/ubuntu/airflow_venv/lib/python3.12/site-packages/airflow/example_dags/example_latest_only_with_trigger.py for tasks to queue
[2024-11-20T00:53:32.938+0000] {logging_mixin.py:190} INFO - [2024-11-20T00:53:32.938+0000] {dagbag.py:588} INFO - Filling up the DagBag from /home/ubuntu/airflow_venv/lib/python3.12/site-packages/airflow/example_dags/example_latest_only_with_trigger.py
[2024-11-20T00:53:32.947+0000] {processor.py:925} INFO - DAG(s) 'latest_only_with_trigger' retrieved from /home/ubuntu/airflow_venv/lib/python3.12/site-packages/airflow/example_dags/example_latest_only_with_trigger.py
[2024-11-20T00:53:32.963+0000] {logging_mixin.py:190} INFO - [2024-11-20T00:53:32.962+0000] {dag.py:3239} INFO - Sync 1 DAGs
[2024-11-20T00:53:32.979+0000] {logging_mixin.py:190} INFO - [2024-11-20T00:53:32.979+0000] {dag.py:4180} INFO - Setting next_dagrun for latest_only_with_trigger to 2024-11-19 20:00:00+00:00, run_after=2024-11-20 00:00:00+00:00
[2024-11-20T00:53:33.003+0000] {processor.py:208} INFO - Processing /home/ubuntu/airflow_venv/lib/python3.12/site-packages/airflow/example_dags/example_latest_only_with_trigger.py took 0.074 seconds
[2024-11-20T00:54:27.855+0000] {processor.py:186} INFO - Started process (PID=5381) to work on /home/ubuntu/airflow_venv/lib/python3.12/site-packages/airflow/example_dags/example_latest_only_with_trigger.py
[2024-11-20T00:54:27.857+0000] {processor.py:914} INFO - Processing file /home/ubuntu/airflow_venv/lib/python3.12/site-packages/airflow/example_dags/example_latest_only_with_trigger.py for tasks to queue
[2024-11-20T00:54:27.859+0000] {logging_mixin.py:190} INFO - [2024-11-20T00:54:27.859+0000] {dagbag.py:588} INFO - Filling up the DagBag from /home/ubuntu/airflow_venv/lib/python3.12/site-packages/airflow/example_dags/example_latest_only_with_trigger.py
[2024-11-20T00:54:27.870+0000] {processor.py:925} INFO - DAG(s) 'latest_only_with_trigger' retrieved from /home/ubuntu/airflow_venv/lib/python3.12/site-packages/airflow/example_dags/example_latest_only_with_trigger.py
[2024-11-20T00:54:27.891+0000] {logging_mixin.py:190} INFO - [2024-11-20T00:54:27.891+0000] {dag.py:3239} INFO - Sync 1 DAGs
[2024-11-20T00:54:27.909+0000] {logging_mixin.py:190} INFO - [2024-11-20T00:54:27.909+0000] {dag.py:4180} INFO - Setting next_dagrun for latest_only_with_trigger to 2024-11-19 20:00:00+00:00, run_after=2024-11-20 00:00:00+00:00
[2024-11-20T00:54:27.931+0000] {processor.py:208} INFO - Processing /home/ubuntu/airflow_venv/lib/python3.12/site-packages/airflow/example_dags/example_latest_only_with_trigger.py took 0.083 seconds
[2024-11-20T00:55:42.723+0000] {processor.py:186} INFO - Started process (PID=5465) to work on /home/ubuntu/airflow_venv/lib/python3.12/site-packages/airflow/example_dags/example_latest_only_with_trigger.py
[2024-11-20T00:55:42.724+0000] {processor.py:914} INFO - Processing file /home/ubuntu/airflow_venv/lib/python3.12/site-packages/airflow/example_dags/example_latest_only_with_trigger.py for tasks to queue
[2024-11-20T00:55:42.726+0000] {logging_mixin.py:190} INFO - [2024-11-20T00:55:42.726+0000] {dagbag.py:588} INFO - Filling up the DagBag from /home/ubuntu/airflow_venv/lib/python3.12/site-packages/airflow/example_dags/example_latest_only_with_trigger.py
[2024-11-20T00:55:42.734+0000] {processor.py:925} INFO - DAG(s) 'latest_only_with_trigger' retrieved from /home/ubuntu/airflow_venv/lib/python3.12/site-packages/airflow/example_dags/example_latest_only_with_trigger.py
[2024-11-20T00:55:42.750+0000] {logging_mixin.py:190} INFO - [2024-11-20T00:55:42.750+0000] {dag.py:3239} INFO - Sync 1 DAGs
[2024-11-20T00:55:42.767+0000] {logging_mixin.py:190} INFO - [2024-11-20T00:55:42.767+0000] {dag.py:4180} INFO - Setting next_dagrun for latest_only_with_trigger to 2024-11-19 20:00:00+00:00, run_after=2024-11-20 00:00:00+00:00
[2024-11-20T00:55:42.789+0000] {processor.py:208} INFO - Processing /home/ubuntu/airflow_venv/lib/python3.12/site-packages/airflow/example_dags/example_latest_only_with_trigger.py took 0.073 seconds
[2024-11-20T00:56:36.839+0000] {processor.py:186} INFO - Started process (PID=5520) to work on /home/ubuntu/airflow_venv/lib/python3.12/site-packages/airflow/example_dags/example_latest_only_with_trigger.py
[2024-11-20T00:56:36.841+0000] {processor.py:914} INFO - Processing file /home/ubuntu/airflow_venv/lib/python3.12/site-packages/airflow/example_dags/example_latest_only_with_trigger.py for tasks to queue
[2024-11-20T00:56:36.843+0000] {logging_mixin.py:190} INFO - [2024-11-20T00:56:36.842+0000] {dagbag.py:588} INFO - Filling up the DagBag from /home/ubuntu/airflow_venv/lib/python3.12/site-packages/airflow/example_dags/example_latest_only_with_trigger.py
[2024-11-20T00:56:36.851+0000] {processor.py:925} INFO - DAG(s) 'latest_only_with_trigger' retrieved from /home/ubuntu/airflow_venv/lib/python3.12/site-packages/airflow/example_dags/example_latest_only_with_trigger.py
[2024-11-20T00:56:36.866+0000] {logging_mixin.py:190} INFO - [2024-11-20T00:56:36.866+0000] {dag.py:3239} INFO - Sync 1 DAGs
[2024-11-20T00:56:36.884+0000] {logging_mixin.py:190} INFO - [2024-11-20T00:56:36.884+0000] {dag.py:4180} INFO - Setting next_dagrun for latest_only_with_trigger to 2024-11-19 20:00:00+00:00, run_after=2024-11-20 00:00:00+00:00
[2024-11-20T00:56:36.905+0000] {processor.py:208} INFO - Processing /home/ubuntu/airflow_venv/lib/python3.12/site-packages/airflow/example_dags/example_latest_only_with_trigger.py took 0.072 seconds
[2024-11-20T00:57:29.542+0000] {processor.py:186} INFO - Started process (PID=5577) to work on /home/ubuntu/airflow_venv/lib/python3.12/site-packages/airflow/example_dags/example_latest_only_with_trigger.py
[2024-11-20T00:57:29.543+0000] {processor.py:914} INFO - Processing file /home/ubuntu/airflow_venv/lib/python3.12/site-packages/airflow/example_dags/example_latest_only_with_trigger.py for tasks to queue
[2024-11-20T00:57:29.545+0000] {logging_mixin.py:190} INFO - [2024-11-20T00:57:29.545+0000] {dagbag.py:588} INFO - Filling up the DagBag from /home/ubuntu/airflow_venv/lib/python3.12/site-packages/airflow/example_dags/example_latest_only_with_trigger.py
[2024-11-20T00:57:29.553+0000] {processor.py:925} INFO - DAG(s) 'latest_only_with_trigger' retrieved from /home/ubuntu/airflow_venv/lib/python3.12/site-packages/airflow/example_dags/example_latest_only_with_trigger.py
[2024-11-20T00:57:29.568+0000] {logging_mixin.py:190} INFO - [2024-11-20T00:57:29.568+0000] {dag.py:3239} INFO - Sync 1 DAGs
[2024-11-20T00:57:29.588+0000] {logging_mixin.py:190} INFO - [2024-11-20T00:57:29.588+0000] {dag.py:4180} INFO - Setting next_dagrun for latest_only_with_trigger to 2024-11-19 20:00:00+00:00, run_after=2024-11-20 00:00:00+00:00
[2024-11-20T00:57:29.608+0000] {processor.py:208} INFO - Processing /home/ubuntu/airflow_venv/lib/python3.12/site-packages/airflow/example_dags/example_latest_only_with_trigger.py took 0.073 seconds
[2024-11-20T00:58:22.196+0000] {processor.py:186} INFO - Started process (PID=5632) to work on /home/ubuntu/airflow_venv/lib/python3.12/site-packages/airflow/example_dags/example_latest_only_with_trigger.py
[2024-11-20T00:58:22.198+0000] {processor.py:914} INFO - Processing file /home/ubuntu/airflow_venv/lib/python3.12/site-packages/airflow/example_dags/example_latest_only_with_trigger.py for tasks to queue
[2024-11-20T00:58:22.200+0000] {logging_mixin.py:190} INFO - [2024-11-20T00:58:22.200+0000] {dagbag.py:588} INFO - Filling up the DagBag from /home/ubuntu/airflow_venv/lib/python3.12/site-packages/airflow/example_dags/example_latest_only_with_trigger.py
[2024-11-20T00:58:22.208+0000] {processor.py:925} INFO - DAG(s) 'latest_only_with_trigger' retrieved from /home/ubuntu/airflow_venv/lib/python3.12/site-packages/airflow/example_dags/example_latest_only_with_trigger.py
[2024-11-20T00:58:22.223+0000] {logging_mixin.py:190} INFO - [2024-11-20T00:58:22.223+0000] {dag.py:3239} INFO - Sync 1 DAGs
[2024-11-20T00:58:22.241+0000] {logging_mixin.py:190} INFO - [2024-11-20T00:58:22.241+0000] {dag.py:4180} INFO - Setting next_dagrun for latest_only_with_trigger to 2024-11-19 20:00:00+00:00, run_after=2024-11-20 00:00:00+00:00
[2024-11-20T00:58:22.263+0000] {processor.py:208} INFO - Processing /home/ubuntu/airflow_venv/lib/python3.12/site-packages/airflow/example_dags/example_latest_only_with_trigger.py took 0.074 seconds
[2024-11-20T00:59:14.770+0000] {processor.py:186} INFO - Started process (PID=5691) to work on /home/ubuntu/airflow_venv/lib/python3.12/site-packages/airflow/example_dags/example_latest_only_with_trigger.py
[2024-11-20T00:59:14.772+0000] {processor.py:914} INFO - Processing file /home/ubuntu/airflow_venv/lib/python3.12/site-packages/airflow/example_dags/example_latest_only_with_trigger.py for tasks to queue
[2024-11-20T00:59:14.773+0000] {logging_mixin.py:190} INFO - [2024-11-20T00:59:14.773+0000] {dagbag.py:588} INFO - Filling up the DagBag from /home/ubuntu/airflow_venv/lib/python3.12/site-packages/airflow/example_dags/example_latest_only_with_trigger.py
[2024-11-20T00:59:14.781+0000] {processor.py:925} INFO - DAG(s) 'latest_only_with_trigger' retrieved from /home/ubuntu/airflow_venv/lib/python3.12/site-packages/airflow/example_dags/example_latest_only_with_trigger.py
[2024-11-20T00:59:14.796+0000] {logging_mixin.py:190} INFO - [2024-11-20T00:59:14.796+0000] {dag.py:3239} INFO - Sync 1 DAGs
[2024-11-20T00:59:14.814+0000] {logging_mixin.py:190} INFO - [2024-11-20T00:59:14.814+0000] {dag.py:4180} INFO - Setting next_dagrun for latest_only_with_trigger to 2024-11-19 20:00:00+00:00, run_after=2024-11-20 00:00:00+00:00
[2024-11-20T00:59:14.835+0000] {processor.py:208} INFO - Processing /home/ubuntu/airflow_venv/lib/python3.12/site-packages/airflow/example_dags/example_latest_only_with_trigger.py took 0.073 seconds
[2024-11-20T01:00:09.632+0000] {processor.py:186} INFO - Started process (PID=5750) to work on /home/ubuntu/airflow_venv/lib/python3.12/site-packages/airflow/example_dags/example_latest_only_with_trigger.py
[2024-11-20T01:00:09.634+0000] {processor.py:914} INFO - Processing file /home/ubuntu/airflow_venv/lib/python3.12/site-packages/airflow/example_dags/example_latest_only_with_trigger.py for tasks to queue
[2024-11-20T01:00:09.636+0000] {logging_mixin.py:190} INFO - [2024-11-20T01:00:09.635+0000] {dagbag.py:588} INFO - Filling up the DagBag from /home/ubuntu/airflow_venv/lib/python3.12/site-packages/airflow/example_dags/example_latest_only_with_trigger.py
[2024-11-20T01:00:09.644+0000] {processor.py:925} INFO - DAG(s) 'latest_only_with_trigger' retrieved from /home/ubuntu/airflow_venv/lib/python3.12/site-packages/airflow/example_dags/example_latest_only_with_trigger.py
[2024-11-20T01:00:09.662+0000] {logging_mixin.py:190} INFO - [2024-11-20T01:00:09.661+0000] {dag.py:3239} INFO - Sync 1 DAGs
[2024-11-20T01:00:09.680+0000] {logging_mixin.py:190} INFO - [2024-11-20T01:00:09.680+0000] {dag.py:4180} INFO - Setting next_dagrun for latest_only_with_trigger to 2024-11-19 20:00:00+00:00, run_after=2024-11-20 00:00:00+00:00
[2024-11-20T01:00:09.702+0000] {processor.py:208} INFO - Processing /home/ubuntu/airflow_venv/lib/python3.12/site-packages/airflow/example_dags/example_latest_only_with_trigger.py took 0.076 seconds
[2024-11-20T01:01:05.165+0000] {processor.py:186} INFO - Started process (PID=5806) to work on /home/ubuntu/airflow_venv/lib/python3.12/site-packages/airflow/example_dags/example_latest_only_with_trigger.py
[2024-11-20T01:01:05.167+0000] {processor.py:914} INFO - Processing file /home/ubuntu/airflow_venv/lib/python3.12/site-packages/airflow/example_dags/example_latest_only_with_trigger.py for tasks to queue
[2024-11-20T01:01:05.169+0000] {logging_mixin.py:190} INFO - [2024-11-20T01:01:05.168+0000] {dagbag.py:588} INFO - Filling up the DagBag from /home/ubuntu/airflow_venv/lib/python3.12/site-packages/airflow/example_dags/example_latest_only_with_trigger.py
[2024-11-20T01:01:05.176+0000] {processor.py:925} INFO - DAG(s) 'latest_only_with_trigger' retrieved from /home/ubuntu/airflow_venv/lib/python3.12/site-packages/airflow/example_dags/example_latest_only_with_trigger.py
[2024-11-20T01:01:05.192+0000] {logging_mixin.py:190} INFO - [2024-11-20T01:01:05.192+0000] {dag.py:3239} INFO - Sync 1 DAGs
[2024-11-20T01:01:05.211+0000] {logging_mixin.py:190} INFO - [2024-11-20T01:01:05.210+0000] {dag.py:4180} INFO - Setting next_dagrun for latest_only_with_trigger to 2024-11-19 20:00:00+00:00, run_after=2024-11-20 00:00:00+00:00
[2024-11-20T01:01:05.232+0000] {processor.py:208} INFO - Processing /home/ubuntu/airflow_venv/lib/python3.12/site-packages/airflow/example_dags/example_latest_only_with_trigger.py took 0.074 seconds
[2024-11-20T01:02:16.670+0000] {processor.py:186} INFO - Started process (PID=5886) to work on /home/ubuntu/airflow_venv/lib/python3.12/site-packages/airflow/example_dags/example_latest_only_with_trigger.py
[2024-11-20T01:02:16.672+0000] {processor.py:914} INFO - Processing file /home/ubuntu/airflow_venv/lib/python3.12/site-packages/airflow/example_dags/example_latest_only_with_trigger.py for tasks to queue
[2024-11-20T01:02:16.674+0000] {logging_mixin.py:190} INFO - [2024-11-20T01:02:16.673+0000] {dagbag.py:588} INFO - Filling up the DagBag from /home/ubuntu/airflow_venv/lib/python3.12/site-packages/airflow/example_dags/example_latest_only_with_trigger.py
[2024-11-20T01:02:16.681+0000] {processor.py:925} INFO - DAG(s) 'latest_only_with_trigger' retrieved from /home/ubuntu/airflow_venv/lib/python3.12/site-packages/airflow/example_dags/example_latest_only_with_trigger.py
[2024-11-20T01:02:16.697+0000] {logging_mixin.py:190} INFO - [2024-11-20T01:02:16.697+0000] {dag.py:3239} INFO - Sync 1 DAGs
[2024-11-20T01:02:16.714+0000] {logging_mixin.py:190} INFO - [2024-11-20T01:02:16.714+0000] {dag.py:4180} INFO - Setting next_dagrun for latest_only_with_trigger to 2024-11-19 20:00:00+00:00, run_after=2024-11-20 00:00:00+00:00
[2024-11-20T01:02:16.737+0000] {processor.py:208} INFO - Processing /home/ubuntu/airflow_venv/lib/python3.12/site-packages/airflow/example_dags/example_latest_only_with_trigger.py took 0.074 seconds
[2024-11-20T01:03:13.297+0000] {processor.py:186} INFO - Started process (PID=5944) to work on /home/ubuntu/airflow_venv/lib/python3.12/site-packages/airflow/example_dags/example_latest_only_with_trigger.py
[2024-11-20T01:03:13.299+0000] {processor.py:914} INFO - Processing file /home/ubuntu/airflow_venv/lib/python3.12/site-packages/airflow/example_dags/example_latest_only_with_trigger.py for tasks to queue
[2024-11-20T01:03:13.300+0000] {logging_mixin.py:190} INFO - [2024-11-20T01:03:13.300+0000] {dagbag.py:588} INFO - Filling up the DagBag from /home/ubuntu/airflow_venv/lib/python3.12/site-packages/airflow/example_dags/example_latest_only_with_trigger.py
[2024-11-20T01:03:13.309+0000] {processor.py:925} INFO - DAG(s) 'latest_only_with_trigger' retrieved from /home/ubuntu/airflow_venv/lib/python3.12/site-packages/airflow/example_dags/example_latest_only_with_trigger.py
[2024-11-20T01:03:13.324+0000] {logging_mixin.py:190} INFO - [2024-11-20T01:03:13.324+0000] {dag.py:3239} INFO - Sync 1 DAGs
[2024-11-20T01:03:13.344+0000] {logging_mixin.py:190} INFO - [2024-11-20T01:03:13.343+0000] {dag.py:4180} INFO - Setting next_dagrun for latest_only_with_trigger to 2024-11-19 20:00:00+00:00, run_after=2024-11-20 00:00:00+00:00
[2024-11-20T01:03:13.371+0000] {processor.py:208} INFO - Processing /home/ubuntu/airflow_venv/lib/python3.12/site-packages/airflow/example_dags/example_latest_only_with_trigger.py took 0.082 seconds
[2024-11-20T01:04:09.135+0000] {processor.py:186} INFO - Started process (PID=6002) to work on /home/ubuntu/airflow_venv/lib/python3.12/site-packages/airflow/example_dags/example_latest_only_with_trigger.py
[2024-11-20T01:04:09.137+0000] {processor.py:914} INFO - Processing file /home/ubuntu/airflow_venv/lib/python3.12/site-packages/airflow/example_dags/example_latest_only_with_trigger.py for tasks to queue
[2024-11-20T01:04:09.139+0000] {logging_mixin.py:190} INFO - [2024-11-20T01:04:09.138+0000] {dagbag.py:588} INFO - Filling up the DagBag from /home/ubuntu/airflow_venv/lib/python3.12/site-packages/airflow/example_dags/example_latest_only_with_trigger.py
[2024-11-20T01:04:09.146+0000] {processor.py:925} INFO - DAG(s) 'latest_only_with_trigger' retrieved from /home/ubuntu/airflow_venv/lib/python3.12/site-packages/airflow/example_dags/example_latest_only_with_trigger.py
[2024-11-20T01:04:09.162+0000] {logging_mixin.py:190} INFO - [2024-11-20T01:04:09.162+0000] {dag.py:3239} INFO - Sync 1 DAGs
[2024-11-20T01:04:09.181+0000] {logging_mixin.py:190} INFO - [2024-11-20T01:04:09.181+0000] {dag.py:4180} INFO - Setting next_dagrun for latest_only_with_trigger to 2024-11-19 20:00:00+00:00, run_after=2024-11-20 00:00:00+00:00
[2024-11-20T01:04:09.203+0000] {processor.py:208} INFO - Processing /home/ubuntu/airflow_venv/lib/python3.12/site-packages/airflow/example_dags/example_latest_only_with_trigger.py took 0.075 seconds
[2024-11-20T01:05:05.637+0000] {processor.py:186} INFO - Started process (PID=6060) to work on /home/ubuntu/airflow_venv/lib/python3.12/site-packages/airflow/example_dags/example_latest_only_with_trigger.py
[2024-11-20T01:05:05.639+0000] {processor.py:914} INFO - Processing file /home/ubuntu/airflow_venv/lib/python3.12/site-packages/airflow/example_dags/example_latest_only_with_trigger.py for tasks to queue
[2024-11-20T01:05:05.641+0000] {logging_mixin.py:190} INFO - [2024-11-20T01:05:05.641+0000] {dagbag.py:588} INFO - Filling up the DagBag from /home/ubuntu/airflow_venv/lib/python3.12/site-packages/airflow/example_dags/example_latest_only_with_trigger.py
[2024-11-20T01:05:05.649+0000] {processor.py:925} INFO - DAG(s) 'latest_only_with_trigger' retrieved from /home/ubuntu/airflow_venv/lib/python3.12/site-packages/airflow/example_dags/example_latest_only_with_trigger.py
[2024-11-20T01:05:05.665+0000] {logging_mixin.py:190} INFO - [2024-11-20T01:05:05.664+0000] {dag.py:3239} INFO - Sync 1 DAGs
[2024-11-20T01:05:05.683+0000] {logging_mixin.py:190} INFO - [2024-11-20T01:05:05.683+0000] {dag.py:4180} INFO - Setting next_dagrun for latest_only_with_trigger to 2024-11-19 20:00:00+00:00, run_after=2024-11-20 00:00:00+00:00
[2024-11-20T01:05:05.706+0000] {processor.py:208} INFO - Processing /home/ubuntu/airflow_venv/lib/python3.12/site-packages/airflow/example_dags/example_latest_only_with_trigger.py took 0.075 seconds
[2024-11-20T01:06:01.527+0000] {processor.py:186} INFO - Started process (PID=6119) to work on /home/ubuntu/airflow_venv/lib/python3.12/site-packages/airflow/example_dags/example_latest_only_with_trigger.py
[2024-11-20T01:06:01.529+0000] {processor.py:914} INFO - Processing file /home/ubuntu/airflow_venv/lib/python3.12/site-packages/airflow/example_dags/example_latest_only_with_trigger.py for tasks to queue
[2024-11-20T01:06:01.531+0000] {logging_mixin.py:190} INFO - [2024-11-20T01:06:01.531+0000] {dagbag.py:588} INFO - Filling up the DagBag from /home/ubuntu/airflow_venv/lib/python3.12/site-packages/airflow/example_dags/example_latest_only_with_trigger.py
[2024-11-20T01:06:01.539+0000] {processor.py:925} INFO - DAG(s) 'latest_only_with_trigger' retrieved from /home/ubuntu/airflow_venv/lib/python3.12/site-packages/airflow/example_dags/example_latest_only_with_trigger.py
[2024-11-20T01:06:01.556+0000] {logging_mixin.py:190} INFO - [2024-11-20T01:06:01.555+0000] {dag.py:3239} INFO - Sync 1 DAGs
[2024-11-20T01:06:01.575+0000] {logging_mixin.py:190} INFO - [2024-11-20T01:06:01.575+0000] {dag.py:4180} INFO - Setting next_dagrun for latest_only_with_trigger to 2024-11-19 20:00:00+00:00, run_after=2024-11-20 00:00:00+00:00
[2024-11-20T01:06:01.599+0000] {processor.py:208} INFO - Processing /home/ubuntu/airflow_venv/lib/python3.12/site-packages/airflow/example_dags/example_latest_only_with_trigger.py took 0.079 seconds
[2024-11-20T01:06:52.981+0000] {processor.py:186} INFO - Started process (PID=6173) to work on /home/ubuntu/airflow_venv/lib/python3.12/site-packages/airflow/example_dags/example_latest_only_with_trigger.py
[2024-11-20T01:06:52.984+0000] {processor.py:914} INFO - Processing file /home/ubuntu/airflow_venv/lib/python3.12/site-packages/airflow/example_dags/example_latest_only_with_trigger.py for tasks to queue
[2024-11-20T01:06:52.986+0000] {logging_mixin.py:190} INFO - [2024-11-20T01:06:52.986+0000] {dagbag.py:588} INFO - Filling up the DagBag from /home/ubuntu/airflow_venv/lib/python3.12/site-packages/airflow/example_dags/example_latest_only_with_trigger.py
[2024-11-20T01:06:52.994+0000] {processor.py:925} INFO - DAG(s) 'latest_only_with_trigger' retrieved from /home/ubuntu/airflow_venv/lib/python3.12/site-packages/airflow/example_dags/example_latest_only_with_trigger.py
[2024-11-20T01:06:53.011+0000] {logging_mixin.py:190} INFO - [2024-11-20T01:06:53.010+0000] {dag.py:3239} INFO - Sync 1 DAGs
[2024-11-20T01:06:53.029+0000] {logging_mixin.py:190} INFO - [2024-11-20T01:06:53.029+0000] {dag.py:4180} INFO - Setting next_dagrun for latest_only_with_trigger to 2024-11-19 20:00:00+00:00, run_after=2024-11-20 00:00:00+00:00
[2024-11-20T01:06:53.049+0000] {processor.py:208} INFO - Processing /home/ubuntu/airflow_venv/lib/python3.12/site-packages/airflow/example_dags/example_latest_only_with_trigger.py took 0.074 seconds
[2024-11-20T01:07:45.211+0000] {processor.py:186} INFO - Started process (PID=6228) to work on /home/ubuntu/airflow_venv/lib/python3.12/site-packages/airflow/example_dags/example_latest_only_with_trigger.py
[2024-11-20T01:07:45.213+0000] {processor.py:914} INFO - Processing file /home/ubuntu/airflow_venv/lib/python3.12/site-packages/airflow/example_dags/example_latest_only_with_trigger.py for tasks to queue
[2024-11-20T01:07:45.215+0000] {logging_mixin.py:190} INFO - [2024-11-20T01:07:45.215+0000] {dagbag.py:588} INFO - Filling up the DagBag from /home/ubuntu/airflow_venv/lib/python3.12/site-packages/airflow/example_dags/example_latest_only_with_trigger.py
[2024-11-20T01:07:45.223+0000] {processor.py:925} INFO - DAG(s) 'latest_only_with_trigger' retrieved from /home/ubuntu/airflow_venv/lib/python3.12/site-packages/airflow/example_dags/example_latest_only_with_trigger.py
[2024-11-20T01:07:45.239+0000] {logging_mixin.py:190} INFO - [2024-11-20T01:07:45.238+0000] {dag.py:3239} INFO - Sync 1 DAGs
[2024-11-20T01:07:45.256+0000] {logging_mixin.py:190} INFO - [2024-11-20T01:07:45.256+0000] {dag.py:4180} INFO - Setting next_dagrun for latest_only_with_trigger to 2024-11-19 20:00:00+00:00, run_after=2024-11-20 00:00:00+00:00
[2024-11-20T01:07:45.279+0000] {processor.py:208} INFO - Processing /home/ubuntu/airflow_venv/lib/python3.12/site-packages/airflow/example_dags/example_latest_only_with_trigger.py took 0.075 seconds
[2024-11-20T01:08:39.989+0000] {processor.py:186} INFO - Started process (PID=6282) to work on /home/ubuntu/airflow_venv/lib/python3.12/site-packages/airflow/example_dags/example_latest_only_with_trigger.py
[2024-11-20T01:08:39.990+0000] {processor.py:914} INFO - Processing file /home/ubuntu/airflow_venv/lib/python3.12/site-packages/airflow/example_dags/example_latest_only_with_trigger.py for tasks to queue
[2024-11-20T01:08:39.992+0000] {logging_mixin.py:190} INFO - [2024-11-20T01:08:39.991+0000] {dagbag.py:588} INFO - Filling up the DagBag from /home/ubuntu/airflow_venv/lib/python3.12/site-packages/airflow/example_dags/example_latest_only_with_trigger.py
[2024-11-20T01:08:40.001+0000] {processor.py:925} INFO - DAG(s) 'latest_only_with_trigger' retrieved from /home/ubuntu/airflow_venv/lib/python3.12/site-packages/airflow/example_dags/example_latest_only_with_trigger.py
[2024-11-20T01:08:40.016+0000] {logging_mixin.py:190} INFO - [2024-11-20T01:08:40.015+0000] {dag.py:3239} INFO - Sync 1 DAGs
[2024-11-20T01:08:40.035+0000] {logging_mixin.py:190} INFO - [2024-11-20T01:08:40.035+0000] {dag.py:4180} INFO - Setting next_dagrun for latest_only_with_trigger to 2024-11-19 20:00:00+00:00, run_after=2024-11-20 00:00:00+00:00
[2024-11-20T01:08:40.055+0000] {processor.py:208} INFO - Processing /home/ubuntu/airflow_venv/lib/python3.12/site-packages/airflow/example_dags/example_latest_only_with_trigger.py took 0.072 seconds
[2024-11-20T01:09:37.172+0000] {processor.py:186} INFO - Started process (PID=6339) to work on /home/ubuntu/airflow_venv/lib/python3.12/site-packages/airflow/example_dags/example_latest_only_with_trigger.py
[2024-11-20T01:09:37.173+0000] {processor.py:914} INFO - Processing file /home/ubuntu/airflow_venv/lib/python3.12/site-packages/airflow/example_dags/example_latest_only_with_trigger.py for tasks to queue
[2024-11-20T01:09:37.175+0000] {logging_mixin.py:190} INFO - [2024-11-20T01:09:37.174+0000] {dagbag.py:588} INFO - Filling up the DagBag from /home/ubuntu/airflow_venv/lib/python3.12/site-packages/airflow/example_dags/example_latest_only_with_trigger.py
[2024-11-20T01:09:37.183+0000] {processor.py:925} INFO - DAG(s) 'latest_only_with_trigger' retrieved from /home/ubuntu/airflow_venv/lib/python3.12/site-packages/airflow/example_dags/example_latest_only_with_trigger.py
[2024-11-20T01:09:37.198+0000] {logging_mixin.py:190} INFO - [2024-11-20T01:09:37.198+0000] {dag.py:3239} INFO - Sync 1 DAGs
[2024-11-20T01:09:37.217+0000] {logging_mixin.py:190} INFO - [2024-11-20T01:09:37.217+0000] {dag.py:4180} INFO - Setting next_dagrun for latest_only_with_trigger to 2024-11-19 20:00:00+00:00, run_after=2024-11-20 00:00:00+00:00
[2024-11-20T01:09:37.239+0000] {processor.py:208} INFO - Processing /home/ubuntu/airflow_venv/lib/python3.12/site-packages/airflow/example_dags/example_latest_only_with_trigger.py took 0.074 seconds
[2024-11-20T01:10:34.896+0000] {processor.py:186} INFO - Started process (PID=6403) to work on /home/ubuntu/airflow_venv/lib/python3.12/site-packages/airflow/example_dags/example_latest_only_with_trigger.py
[2024-11-20T01:10:34.898+0000] {processor.py:914} INFO - Processing file /home/ubuntu/airflow_venv/lib/python3.12/site-packages/airflow/example_dags/example_latest_only_with_trigger.py for tasks to queue
[2024-11-20T01:10:34.900+0000] {logging_mixin.py:190} INFO - [2024-11-20T01:10:34.899+0000] {dagbag.py:588} INFO - Filling up the DagBag from /home/ubuntu/airflow_venv/lib/python3.12/site-packages/airflow/example_dags/example_latest_only_with_trigger.py
[2024-11-20T01:10:34.908+0000] {processor.py:925} INFO - DAG(s) 'latest_only_with_trigger' retrieved from /home/ubuntu/airflow_venv/lib/python3.12/site-packages/airflow/example_dags/example_latest_only_with_trigger.py
[2024-11-20T01:10:34.923+0000] {logging_mixin.py:190} INFO - [2024-11-20T01:10:34.923+0000] {dag.py:3239} INFO - Sync 1 DAGs
[2024-11-20T01:10:34.943+0000] {logging_mixin.py:190} INFO - [2024-11-20T01:10:34.943+0000] {dag.py:4180} INFO - Setting next_dagrun for latest_only_with_trigger to 2024-11-19 20:00:00+00:00, run_after=2024-11-20 00:00:00+00:00
[2024-11-20T01:10:34.962+0000] {processor.py:208} INFO - Processing /home/ubuntu/airflow_venv/lib/python3.12/site-packages/airflow/example_dags/example_latest_only_with_trigger.py took 0.073 seconds
[2024-11-20T01:11:29.138+0000] {processor.py:186} INFO - Started process (PID=6458) to work on /home/ubuntu/airflow_venv/lib/python3.12/site-packages/airflow/example_dags/example_latest_only_with_trigger.py
[2024-11-20T01:11:29.140+0000] {processor.py:914} INFO - Processing file /home/ubuntu/airflow_venv/lib/python3.12/site-packages/airflow/example_dags/example_latest_only_with_trigger.py for tasks to queue
[2024-11-20T01:11:29.142+0000] {logging_mixin.py:190} INFO - [2024-11-20T01:11:29.141+0000] {dagbag.py:588} INFO - Filling up the DagBag from /home/ubuntu/airflow_venv/lib/python3.12/site-packages/airflow/example_dags/example_latest_only_with_trigger.py
[2024-11-20T01:11:29.150+0000] {processor.py:925} INFO - DAG(s) 'latest_only_with_trigger' retrieved from /home/ubuntu/airflow_venv/lib/python3.12/site-packages/airflow/example_dags/example_latest_only_with_trigger.py
[2024-11-20T01:11:29.166+0000] {logging_mixin.py:190} INFO - [2024-11-20T01:11:29.165+0000] {dag.py:3239} INFO - Sync 1 DAGs
[2024-11-20T01:11:29.183+0000] {logging_mixin.py:190} INFO - [2024-11-20T01:11:29.183+0000] {dag.py:4180} INFO - Setting next_dagrun for latest_only_with_trigger to 2024-11-19 20:00:00+00:00, run_after=2024-11-20 00:00:00+00:00
[2024-11-20T01:11:29.206+0000] {processor.py:208} INFO - Processing /home/ubuntu/airflow_venv/lib/python3.12/site-packages/airflow/example_dags/example_latest_only_with_trigger.py took 0.075 seconds
[2024-11-20T01:12:22.754+0000] {processor.py:186} INFO - Started process (PID=6515) to work on /home/ubuntu/airflow_venv/lib/python3.12/site-packages/airflow/example_dags/example_latest_only_with_trigger.py
[2024-11-20T01:12:22.757+0000] {processor.py:914} INFO - Processing file /home/ubuntu/airflow_venv/lib/python3.12/site-packages/airflow/example_dags/example_latest_only_with_trigger.py for tasks to queue
[2024-11-20T01:12:22.758+0000] {logging_mixin.py:190} INFO - [2024-11-20T01:12:22.758+0000] {dagbag.py:588} INFO - Filling up the DagBag from /home/ubuntu/airflow_venv/lib/python3.12/site-packages/airflow/example_dags/example_latest_only_with_trigger.py
[2024-11-20T01:12:22.765+0000] {processor.py:925} INFO - DAG(s) 'latest_only_with_trigger' retrieved from /home/ubuntu/airflow_venv/lib/python3.12/site-packages/airflow/example_dags/example_latest_only_with_trigger.py
[2024-11-20T01:12:22.786+0000] {logging_mixin.py:190} INFO - [2024-11-20T01:12:22.785+0000] {dag.py:3239} INFO - Sync 1 DAGs
[2024-11-20T01:12:22.807+0000] {logging_mixin.py:190} INFO - [2024-11-20T01:12:22.807+0000] {dag.py:4180} INFO - Setting next_dagrun for latest_only_with_trigger to 2024-11-19 20:00:00+00:00, run_after=2024-11-20 00:00:00+00:00
[2024-11-20T01:12:22.828+0000] {processor.py:208} INFO - Processing /home/ubuntu/airflow_venv/lib/python3.12/site-packages/airflow/example_dags/example_latest_only_with_trigger.py took 0.081 seconds
