[2024-11-20T00:16:23.392+0000] {processor.py:186} INFO - Started process (PID=2036) to work on /home/ubuntu/airflow_venv/lib/python3.12/site-packages/airflow/example_dags/example_skip_dag.py
[2024-11-20T00:16:23.394+0000] {processor.py:914} INFO - Processing file /home/ubuntu/airflow_venv/lib/python3.12/site-packages/airflow/example_dags/example_skip_dag.py for tasks to queue
[2024-11-20T00:16:23.396+0000] {logging_mixin.py:190} INFO - [2024-11-20T00:16:23.396+0000] {dagbag.py:588} INFO - Filling up the DagBag from /home/ubuntu/airflow_venv/lib/python3.12/site-packages/airflow/example_dags/example_skip_dag.py
[2024-11-20T00:16:23.403+0000] {processor.py:925} INFO - DAG(s) 'example_skip_dag' retrieved from /home/ubuntu/airflow_venv/lib/python3.12/site-packages/airflow/example_dags/example_skip_dag.py
[2024-11-20T00:16:23.422+0000] {logging_mixin.py:190} INFO - [2024-11-20T00:16:23.422+0000] {dag.py:3239} INFO - Sync 1 DAGs
[2024-11-20T00:16:23.441+0000] {logging_mixin.py:190} INFO - [2024-11-20T00:16:23.441+0000] {dag.py:4180} INFO - Setting next_dagrun for example_skip_dag to 2024-11-19 00:00:00+00:00, run_after=2024-11-20 00:00:00+00:00
[2024-11-20T00:16:23.462+0000] {processor.py:208} INFO - Processing /home/ubuntu/airflow_venv/lib/python3.12/site-packages/airflow/example_dags/example_skip_dag.py took 0.075 seconds
[2024-11-20T00:17:21.799+0000] {processor.py:186} INFO - Started process (PID=2107) to work on /home/ubuntu/airflow_venv/lib/python3.12/site-packages/airflow/example_dags/example_skip_dag.py
[2024-11-20T00:17:21.801+0000] {processor.py:914} INFO - Processing file /home/ubuntu/airflow_venv/lib/python3.12/site-packages/airflow/example_dags/example_skip_dag.py for tasks to queue
[2024-11-20T00:17:21.803+0000] {logging_mixin.py:190} INFO - [2024-11-20T00:17:21.803+0000] {dagbag.py:588} INFO - Filling up the DagBag from /home/ubuntu/airflow_venv/lib/python3.12/site-packages/airflow/example_dags/example_skip_dag.py
[2024-11-20T00:17:21.812+0000] {processor.py:925} INFO - DAG(s) 'example_skip_dag' retrieved from /home/ubuntu/airflow_venv/lib/python3.12/site-packages/airflow/example_dags/example_skip_dag.py
[2024-11-20T00:17:21.827+0000] {logging_mixin.py:190} INFO - [2024-11-20T00:17:21.827+0000] {dag.py:3239} INFO - Sync 1 DAGs
[2024-11-20T00:17:21.848+0000] {logging_mixin.py:190} INFO - [2024-11-20T00:17:21.847+0000] {dag.py:4180} INFO - Setting next_dagrun for example_skip_dag to 2024-11-19 00:00:00+00:00, run_after=2024-11-20 00:00:00+00:00
[2024-11-20T00:17:21.870+0000] {processor.py:208} INFO - Processing /home/ubuntu/airflow_venv/lib/python3.12/site-packages/airflow/example_dags/example_skip_dag.py took 0.076 seconds
[2024-11-20T00:18:17.206+0000] {processor.py:186} INFO - Started process (PID=2165) to work on /home/ubuntu/airflow_venv/lib/python3.12/site-packages/airflow/example_dags/example_skip_dag.py
[2024-11-20T00:18:17.208+0000] {processor.py:914} INFO - Processing file /home/ubuntu/airflow_venv/lib/python3.12/site-packages/airflow/example_dags/example_skip_dag.py for tasks to queue
[2024-11-20T00:18:17.210+0000] {logging_mixin.py:190} INFO - [2024-11-20T00:18:17.210+0000] {dagbag.py:588} INFO - Filling up the DagBag from /home/ubuntu/airflow_venv/lib/python3.12/site-packages/airflow/example_dags/example_skip_dag.py
[2024-11-20T00:18:17.218+0000] {processor.py:925} INFO - DAG(s) 'example_skip_dag' retrieved from /home/ubuntu/airflow_venv/lib/python3.12/site-packages/airflow/example_dags/example_skip_dag.py
[2024-11-20T00:18:17.234+0000] {logging_mixin.py:190} INFO - [2024-11-20T00:18:17.234+0000] {dag.py:3239} INFO - Sync 1 DAGs
[2024-11-20T00:18:17.252+0000] {logging_mixin.py:190} INFO - [2024-11-20T00:18:17.252+0000] {dag.py:4180} INFO - Setting next_dagrun for example_skip_dag to 2024-11-19 00:00:00+00:00, run_after=2024-11-20 00:00:00+00:00
[2024-11-20T00:18:17.273+0000] {processor.py:208} INFO - Processing /home/ubuntu/airflow_venv/lib/python3.12/site-packages/airflow/example_dags/example_skip_dag.py took 0.072 seconds
[2024-11-20T00:19:09.771+0000] {processor.py:186} INFO - Started process (PID=2219) to work on /home/ubuntu/airflow_venv/lib/python3.12/site-packages/airflow/example_dags/example_skip_dag.py
[2024-11-20T00:19:09.773+0000] {processor.py:914} INFO - Processing file /home/ubuntu/airflow_venv/lib/python3.12/site-packages/airflow/example_dags/example_skip_dag.py for tasks to queue
[2024-11-20T00:19:09.774+0000] {logging_mixin.py:190} INFO - [2024-11-20T00:19:09.774+0000] {dagbag.py:588} INFO - Filling up the DagBag from /home/ubuntu/airflow_venv/lib/python3.12/site-packages/airflow/example_dags/example_skip_dag.py
[2024-11-20T00:19:09.783+0000] {processor.py:925} INFO - DAG(s) 'example_skip_dag' retrieved from /home/ubuntu/airflow_venv/lib/python3.12/site-packages/airflow/example_dags/example_skip_dag.py
[2024-11-20T00:19:09.822+0000] {logging_mixin.py:190} INFO - [2024-11-20T00:19:09.822+0000] {dag.py:3239} INFO - Sync 1 DAGs
[2024-11-20T00:19:09.839+0000] {logging_mixin.py:190} INFO - [2024-11-20T00:19:09.839+0000] {dag.py:4180} INFO - Setting next_dagrun for example_skip_dag to 2024-11-19 00:00:00+00:00, run_after=2024-11-20 00:00:00+00:00
[2024-11-20T00:19:09.860+0000] {processor.py:208} INFO - Processing /home/ubuntu/airflow_venv/lib/python3.12/site-packages/airflow/example_dags/example_skip_dag.py took 0.095 seconds
[2024-11-20T00:20:02.038+0000] {processor.py:186} INFO - Started process (PID=2275) to work on /home/ubuntu/airflow_venv/lib/python3.12/site-packages/airflow/example_dags/example_skip_dag.py
[2024-11-20T00:20:02.040+0000] {processor.py:914} INFO - Processing file /home/ubuntu/airflow_venv/lib/python3.12/site-packages/airflow/example_dags/example_skip_dag.py for tasks to queue
[2024-11-20T00:20:02.042+0000] {logging_mixin.py:190} INFO - [2024-11-20T00:20:02.042+0000] {dagbag.py:588} INFO - Filling up the DagBag from /home/ubuntu/airflow_venv/lib/python3.12/site-packages/airflow/example_dags/example_skip_dag.py
[2024-11-20T00:20:02.053+0000] {processor.py:925} INFO - DAG(s) 'example_skip_dag' retrieved from /home/ubuntu/airflow_venv/lib/python3.12/site-packages/airflow/example_dags/example_skip_dag.py
[2024-11-20T00:20:02.070+0000] {logging_mixin.py:190} INFO - [2024-11-20T00:20:02.070+0000] {dag.py:3239} INFO - Sync 1 DAGs
[2024-11-20T00:20:02.091+0000] {logging_mixin.py:190} INFO - [2024-11-20T00:20:02.091+0000] {dag.py:4180} INFO - Setting next_dagrun for example_skip_dag to 2024-11-19 00:00:00+00:00, run_after=2024-11-20 00:00:00+00:00
[2024-11-20T00:20:02.116+0000] {processor.py:208} INFO - Processing /home/ubuntu/airflow_venv/lib/python3.12/site-packages/airflow/example_dags/example_skip_dag.py took 0.088 seconds
[2024-11-20T00:20:55.094+0000] {processor.py:186} INFO - Started process (PID=2332) to work on /home/ubuntu/airflow_venv/lib/python3.12/site-packages/airflow/example_dags/example_skip_dag.py
[2024-11-20T00:20:55.095+0000] {processor.py:914} INFO - Processing file /home/ubuntu/airflow_venv/lib/python3.12/site-packages/airflow/example_dags/example_skip_dag.py for tasks to queue
[2024-11-20T00:20:55.098+0000] {logging_mixin.py:190} INFO - [2024-11-20T00:20:55.097+0000] {dagbag.py:588} INFO - Filling up the DagBag from /home/ubuntu/airflow_venv/lib/python3.12/site-packages/airflow/example_dags/example_skip_dag.py
[2024-11-20T00:20:55.106+0000] {processor.py:925} INFO - DAG(s) 'example_skip_dag' retrieved from /home/ubuntu/airflow_venv/lib/python3.12/site-packages/airflow/example_dags/example_skip_dag.py
[2024-11-20T00:20:55.122+0000] {logging_mixin.py:190} INFO - [2024-11-20T00:20:55.122+0000] {dag.py:3239} INFO - Sync 1 DAGs
[2024-11-20T00:20:55.139+0000] {logging_mixin.py:190} INFO - [2024-11-20T00:20:55.139+0000] {dag.py:4180} INFO - Setting next_dagrun for example_skip_dag to 2024-11-19 00:00:00+00:00, run_after=2024-11-20 00:00:00+00:00
[2024-11-20T00:20:55.161+0000] {processor.py:208} INFO - Processing /home/ubuntu/airflow_venv/lib/python3.12/site-packages/airflow/example_dags/example_skip_dag.py took 0.072 seconds
[2024-11-20T00:21:56.026+0000] {processor.py:186} INFO - Started process (PID=2392) to work on /home/ubuntu/airflow_venv/lib/python3.12/site-packages/airflow/example_dags/example_skip_dag.py
[2024-11-20T00:21:56.027+0000] {processor.py:914} INFO - Processing file /home/ubuntu/airflow_venv/lib/python3.12/site-packages/airflow/example_dags/example_skip_dag.py for tasks to queue
[2024-11-20T00:21:56.030+0000] {logging_mixin.py:190} INFO - [2024-11-20T00:21:56.030+0000] {dagbag.py:588} INFO - Filling up the DagBag from /home/ubuntu/airflow_venv/lib/python3.12/site-packages/airflow/example_dags/example_skip_dag.py
[2024-11-20T00:21:56.038+0000] {processor.py:925} INFO - DAG(s) 'example_skip_dag' retrieved from /home/ubuntu/airflow_venv/lib/python3.12/site-packages/airflow/example_dags/example_skip_dag.py
[2024-11-20T00:21:56.056+0000] {logging_mixin.py:190} INFO - [2024-11-20T00:21:56.056+0000] {dag.py:3239} INFO - Sync 1 DAGs
[2024-11-20T00:21:56.074+0000] {logging_mixin.py:190} INFO - [2024-11-20T00:21:56.074+0000] {dag.py:4180} INFO - Setting next_dagrun for example_skip_dag to 2024-11-19 00:00:00+00:00, run_after=2024-11-20 00:00:00+00:00
[2024-11-20T00:21:56.096+0000] {processor.py:208} INFO - Processing /home/ubuntu/airflow_venv/lib/python3.12/site-packages/airflow/example_dags/example_skip_dag.py took 0.076 seconds
[2024-11-20T00:22:52.655+0000] {processor.py:186} INFO - Started process (PID=2451) to work on /home/ubuntu/airflow_venv/lib/python3.12/site-packages/airflow/example_dags/example_skip_dag.py
[2024-11-20T00:22:52.657+0000] {processor.py:914} INFO - Processing file /home/ubuntu/airflow_venv/lib/python3.12/site-packages/airflow/example_dags/example_skip_dag.py for tasks to queue
[2024-11-20T00:22:52.659+0000] {logging_mixin.py:190} INFO - [2024-11-20T00:22:52.659+0000] {dagbag.py:588} INFO - Filling up the DagBag from /home/ubuntu/airflow_venv/lib/python3.12/site-packages/airflow/example_dags/example_skip_dag.py
[2024-11-20T00:22:52.668+0000] {processor.py:925} INFO - DAG(s) 'example_skip_dag' retrieved from /home/ubuntu/airflow_venv/lib/python3.12/site-packages/airflow/example_dags/example_skip_dag.py
[2024-11-20T00:22:52.684+0000] {logging_mixin.py:190} INFO - [2024-11-20T00:22:52.684+0000] {dag.py:3239} INFO - Sync 1 DAGs
[2024-11-20T00:22:52.702+0000] {logging_mixin.py:190} INFO - [2024-11-20T00:22:52.702+0000] {dag.py:4180} INFO - Setting next_dagrun for example_skip_dag to 2024-11-19 00:00:00+00:00, run_after=2024-11-20 00:00:00+00:00
[2024-11-20T00:22:52.737+0000] {processor.py:208} INFO - Processing /home/ubuntu/airflow_venv/lib/python3.12/site-packages/airflow/example_dags/example_skip_dag.py took 0.087 seconds
[2024-11-20T00:23:46.999+0000] {processor.py:186} INFO - Started process (PID=2507) to work on /home/ubuntu/airflow_venv/lib/python3.12/site-packages/airflow/example_dags/example_skip_dag.py
[2024-11-20T00:23:47.001+0000] {processor.py:914} INFO - Processing file /home/ubuntu/airflow_venv/lib/python3.12/site-packages/airflow/example_dags/example_skip_dag.py for tasks to queue
[2024-11-20T00:23:47.003+0000] {logging_mixin.py:190} INFO - [2024-11-20T00:23:47.002+0000] {dagbag.py:588} INFO - Filling up the DagBag from /home/ubuntu/airflow_venv/lib/python3.12/site-packages/airflow/example_dags/example_skip_dag.py
[2024-11-20T00:23:47.012+0000] {processor.py:925} INFO - DAG(s) 'example_skip_dag' retrieved from /home/ubuntu/airflow_venv/lib/python3.12/site-packages/airflow/example_dags/example_skip_dag.py
[2024-11-20T00:23:47.028+0000] {logging_mixin.py:190} INFO - [2024-11-20T00:23:47.028+0000] {dag.py:3239} INFO - Sync 1 DAGs
[2024-11-20T00:23:47.046+0000] {logging_mixin.py:190} INFO - [2024-11-20T00:23:47.046+0000] {dag.py:4180} INFO - Setting next_dagrun for example_skip_dag to 2024-11-19 00:00:00+00:00, run_after=2024-11-20 00:00:00+00:00
[2024-11-20T00:23:47.070+0000] {processor.py:208} INFO - Processing /home/ubuntu/airflow_venv/lib/python3.12/site-packages/airflow/example_dags/example_skip_dag.py took 0.077 seconds
[2024-11-20T00:24:41.999+0000] {processor.py:186} INFO - Started process (PID=2563) to work on /home/ubuntu/airflow_venv/lib/python3.12/site-packages/airflow/example_dags/example_skip_dag.py
[2024-11-20T00:24:42.000+0000] {processor.py:914} INFO - Processing file /home/ubuntu/airflow_venv/lib/python3.12/site-packages/airflow/example_dags/example_skip_dag.py for tasks to queue
[2024-11-20T00:24:42.003+0000] {logging_mixin.py:190} INFO - [2024-11-20T00:24:42.002+0000] {dagbag.py:588} INFO - Filling up the DagBag from /home/ubuntu/airflow_venv/lib/python3.12/site-packages/airflow/example_dags/example_skip_dag.py
[2024-11-20T00:24:42.012+0000] {processor.py:925} INFO - DAG(s) 'example_skip_dag' retrieved from /home/ubuntu/airflow_venv/lib/python3.12/site-packages/airflow/example_dags/example_skip_dag.py
[2024-11-20T00:24:42.028+0000] {logging_mixin.py:190} INFO - [2024-11-20T00:24:42.028+0000] {dag.py:3239} INFO - Sync 1 DAGs
[2024-11-20T00:24:42.046+0000] {logging_mixin.py:190} INFO - [2024-11-20T00:24:42.046+0000] {dag.py:4180} INFO - Setting next_dagrun for example_skip_dag to 2024-11-19 00:00:00+00:00, run_after=2024-11-20 00:00:00+00:00
[2024-11-20T00:24:42.068+0000] {processor.py:208} INFO - Processing /home/ubuntu/airflow_venv/lib/python3.12/site-packages/airflow/example_dags/example_skip_dag.py took 0.075 seconds
[2024-11-20T00:25:35.262+0000] {processor.py:186} INFO - Started process (PID=2621) to work on /home/ubuntu/airflow_venv/lib/python3.12/site-packages/airflow/example_dags/example_skip_dag.py
[2024-11-20T00:25:35.263+0000] {processor.py:914} INFO - Processing file /home/ubuntu/airflow_venv/lib/python3.12/site-packages/airflow/example_dags/example_skip_dag.py for tasks to queue
[2024-11-20T00:25:35.265+0000] {logging_mixin.py:190} INFO - [2024-11-20T00:25:35.265+0000] {dagbag.py:588} INFO - Filling up the DagBag from /home/ubuntu/airflow_venv/lib/python3.12/site-packages/airflow/example_dags/example_skip_dag.py
[2024-11-20T00:25:35.273+0000] {processor.py:925} INFO - DAG(s) 'example_skip_dag' retrieved from /home/ubuntu/airflow_venv/lib/python3.12/site-packages/airflow/example_dags/example_skip_dag.py
[2024-11-20T00:25:35.289+0000] {logging_mixin.py:190} INFO - [2024-11-20T00:25:35.289+0000] {dag.py:3239} INFO - Sync 1 DAGs
[2024-11-20T00:25:35.308+0000] {logging_mixin.py:190} INFO - [2024-11-20T00:25:35.307+0000] {dag.py:4180} INFO - Setting next_dagrun for example_skip_dag to 2024-11-19 00:00:00+00:00, run_after=2024-11-20 00:00:00+00:00
[2024-11-20T00:25:35.330+0000] {processor.py:208} INFO - Processing /home/ubuntu/airflow_venv/lib/python3.12/site-packages/airflow/example_dags/example_skip_dag.py took 0.074 seconds
[2024-11-20T00:26:31.219+0000] {processor.py:186} INFO - Started process (PID=2680) to work on /home/ubuntu/airflow_venv/lib/python3.12/site-packages/airflow/example_dags/example_skip_dag.py
[2024-11-20T00:26:31.221+0000] {processor.py:914} INFO - Processing file /home/ubuntu/airflow_venv/lib/python3.12/site-packages/airflow/example_dags/example_skip_dag.py for tasks to queue
[2024-11-20T00:26:31.223+0000] {logging_mixin.py:190} INFO - [2024-11-20T00:26:31.223+0000] {dagbag.py:588} INFO - Filling up the DagBag from /home/ubuntu/airflow_venv/lib/python3.12/site-packages/airflow/example_dags/example_skip_dag.py
[2024-11-20T00:26:31.231+0000] {processor.py:925} INFO - DAG(s) 'example_skip_dag' retrieved from /home/ubuntu/airflow_venv/lib/python3.12/site-packages/airflow/example_dags/example_skip_dag.py
[2024-11-20T00:26:31.247+0000] {logging_mixin.py:190} INFO - [2024-11-20T00:26:31.247+0000] {dag.py:3239} INFO - Sync 1 DAGs
[2024-11-20T00:26:31.267+0000] {logging_mixin.py:190} INFO - [2024-11-20T00:26:31.266+0000] {dag.py:4180} INFO - Setting next_dagrun for example_skip_dag to 2024-11-19 00:00:00+00:00, run_after=2024-11-20 00:00:00+00:00
[2024-11-20T00:26:31.289+0000] {processor.py:208} INFO - Processing /home/ubuntu/airflow_venv/lib/python3.12/site-packages/airflow/example_dags/example_skip_dag.py took 0.075 seconds
[2024-11-20T00:27:45.720+0000] {processor.py:186} INFO - Started process (PID=2776) to work on /home/ubuntu/airflow_venv/lib/python3.12/site-packages/airflow/example_dags/example_skip_dag.py
[2024-11-20T00:27:45.722+0000] {processor.py:914} INFO - Processing file /home/ubuntu/airflow_venv/lib/python3.12/site-packages/airflow/example_dags/example_skip_dag.py for tasks to queue
[2024-11-20T00:27:45.724+0000] {logging_mixin.py:190} INFO - [2024-11-20T00:27:45.724+0000] {dagbag.py:588} INFO - Filling up the DagBag from /home/ubuntu/airflow_venv/lib/python3.12/site-packages/airflow/example_dags/example_skip_dag.py
[2024-11-20T00:27:45.732+0000] {processor.py:925} INFO - DAG(s) 'example_skip_dag' retrieved from /home/ubuntu/airflow_venv/lib/python3.12/site-packages/airflow/example_dags/example_skip_dag.py
[2024-11-20T00:27:45.748+0000] {logging_mixin.py:190} INFO - [2024-11-20T00:27:45.748+0000] {dag.py:3239} INFO - Sync 1 DAGs
[2024-11-20T00:27:45.766+0000] {logging_mixin.py:190} INFO - [2024-11-20T00:27:45.766+0000] {dag.py:4180} INFO - Setting next_dagrun for example_skip_dag to 2024-11-19 00:00:00+00:00, run_after=2024-11-20 00:00:00+00:00
[2024-11-20T00:27:45.787+0000] {processor.py:208} INFO - Processing /home/ubuntu/airflow_venv/lib/python3.12/site-packages/airflow/example_dags/example_skip_dag.py took 0.073 seconds
[2024-11-20T00:28:43.810+0000] {processor.py:186} INFO - Started process (PID=2904) to work on /home/ubuntu/airflow_venv/lib/python3.12/site-packages/airflow/example_dags/example_skip_dag.py
[2024-11-20T00:28:43.812+0000] {processor.py:914} INFO - Processing file /home/ubuntu/airflow_venv/lib/python3.12/site-packages/airflow/example_dags/example_skip_dag.py for tasks to queue
[2024-11-20T00:28:43.814+0000] {logging_mixin.py:190} INFO - [2024-11-20T00:28:43.814+0000] {dagbag.py:588} INFO - Filling up the DagBag from /home/ubuntu/airflow_venv/lib/python3.12/site-packages/airflow/example_dags/example_skip_dag.py
[2024-11-20T00:28:43.823+0000] {processor.py:925} INFO - DAG(s) 'example_skip_dag' retrieved from /home/ubuntu/airflow_venv/lib/python3.12/site-packages/airflow/example_dags/example_skip_dag.py
[2024-11-20T00:28:43.842+0000] {logging_mixin.py:190} INFO - [2024-11-20T00:28:43.842+0000] {dag.py:3239} INFO - Sync 1 DAGs
[2024-11-20T00:28:43.863+0000] {logging_mixin.py:190} INFO - [2024-11-20T00:28:43.862+0000] {dag.py:4180} INFO - Setting next_dagrun for example_skip_dag to 2024-11-19 00:00:00+00:00, run_after=2024-11-20 00:00:00+00:00
[2024-11-20T00:28:43.886+0000] {processor.py:208} INFO - Processing /home/ubuntu/airflow_venv/lib/python3.12/site-packages/airflow/example_dags/example_skip_dag.py took 0.083 seconds
[2024-11-20T00:29:48.446+0000] {processor.py:186} INFO - Started process (PID=3028) to work on /home/ubuntu/airflow_venv/lib/python3.12/site-packages/airflow/example_dags/example_skip_dag.py
[2024-11-20T00:29:48.448+0000] {processor.py:914} INFO - Processing file /home/ubuntu/airflow_venv/lib/python3.12/site-packages/airflow/example_dags/example_skip_dag.py for tasks to queue
[2024-11-20T00:29:48.449+0000] {logging_mixin.py:190} INFO - [2024-11-20T00:29:48.448+0000] {dagbag.py:588} INFO - Filling up the DagBag from /home/ubuntu/airflow_venv/lib/python3.12/site-packages/airflow/example_dags/example_skip_dag.py
[2024-11-20T00:29:48.458+0000] {processor.py:925} INFO - DAG(s) 'example_skip_dag' retrieved from /home/ubuntu/airflow_venv/lib/python3.12/site-packages/airflow/example_dags/example_skip_dag.py
[2024-11-20T00:29:48.475+0000] {logging_mixin.py:190} INFO - [2024-11-20T00:29:48.475+0000] {dag.py:3239} INFO - Sync 1 DAGs
[2024-11-20T00:29:48.493+0000] {logging_mixin.py:190} INFO - [2024-11-20T00:29:48.493+0000] {dag.py:4180} INFO - Setting next_dagrun for example_skip_dag to 2024-11-19 00:00:00+00:00, run_after=2024-11-20 00:00:00+00:00
[2024-11-20T00:29:48.515+0000] {processor.py:208} INFO - Processing /home/ubuntu/airflow_venv/lib/python3.12/site-packages/airflow/example_dags/example_skip_dag.py took 0.075 seconds
[2024-11-20T00:30:45.045+0000] {processor.py:186} INFO - Started process (PID=3090) to work on /home/ubuntu/airflow_venv/lib/python3.12/site-packages/airflow/example_dags/example_skip_dag.py
[2024-11-20T00:30:45.046+0000] {processor.py:914} INFO - Processing file /home/ubuntu/airflow_venv/lib/python3.12/site-packages/airflow/example_dags/example_skip_dag.py for tasks to queue
[2024-11-20T00:30:45.048+0000] {logging_mixin.py:190} INFO - [2024-11-20T00:30:45.048+0000] {dagbag.py:588} INFO - Filling up the DagBag from /home/ubuntu/airflow_venv/lib/python3.12/site-packages/airflow/example_dags/example_skip_dag.py
[2024-11-20T00:30:45.057+0000] {processor.py:925} INFO - DAG(s) 'example_skip_dag' retrieved from /home/ubuntu/airflow_venv/lib/python3.12/site-packages/airflow/example_dags/example_skip_dag.py
[2024-11-20T00:30:45.073+0000] {logging_mixin.py:190} INFO - [2024-11-20T00:30:45.073+0000] {dag.py:3239} INFO - Sync 1 DAGs
[2024-11-20T00:30:45.092+0000] {logging_mixin.py:190} INFO - [2024-11-20T00:30:45.092+0000] {dag.py:4180} INFO - Setting next_dagrun for example_skip_dag to 2024-11-19 00:00:00+00:00, run_after=2024-11-20 00:00:00+00:00
[2024-11-20T00:30:45.114+0000] {processor.py:208} INFO - Processing /home/ubuntu/airflow_venv/lib/python3.12/site-packages/airflow/example_dags/example_skip_dag.py took 0.075 seconds
[2024-11-20T00:31:41.227+0000] {processor.py:186} INFO - Started process (PID=3286) to work on /home/ubuntu/airflow_venv/lib/python3.12/site-packages/airflow/example_dags/example_skip_dag.py
[2024-11-20T00:31:41.229+0000] {processor.py:914} INFO - Processing file /home/ubuntu/airflow_venv/lib/python3.12/site-packages/airflow/example_dags/example_skip_dag.py for tasks to queue
[2024-11-20T00:31:41.231+0000] {logging_mixin.py:190} INFO - [2024-11-20T00:31:41.230+0000] {dagbag.py:588} INFO - Filling up the DagBag from /home/ubuntu/airflow_venv/lib/python3.12/site-packages/airflow/example_dags/example_skip_dag.py
[2024-11-20T00:31:41.239+0000] {processor.py:925} INFO - DAG(s) 'example_skip_dag' retrieved from /home/ubuntu/airflow_venv/lib/python3.12/site-packages/airflow/example_dags/example_skip_dag.py
[2024-11-20T00:31:41.256+0000] {logging_mixin.py:190} INFO - [2024-11-20T00:31:41.256+0000] {dag.py:3239} INFO - Sync 1 DAGs
[2024-11-20T00:31:41.274+0000] {logging_mixin.py:190} INFO - [2024-11-20T00:31:41.274+0000] {dag.py:4180} INFO - Setting next_dagrun for example_skip_dag to 2024-11-19 00:00:00+00:00, run_after=2024-11-20 00:00:00+00:00
[2024-11-20T00:31:41.296+0000] {processor.py:208} INFO - Processing /home/ubuntu/airflow_venv/lib/python3.12/site-packages/airflow/example_dags/example_skip_dag.py took 0.075 seconds
[2024-11-20T00:32:33.641+0000] {processor.py:186} INFO - Started process (PID=3342) to work on /home/ubuntu/airflow_venv/lib/python3.12/site-packages/airflow/example_dags/example_skip_dag.py
[2024-11-20T00:32:33.643+0000] {processor.py:914} INFO - Processing file /home/ubuntu/airflow_venv/lib/python3.12/site-packages/airflow/example_dags/example_skip_dag.py for tasks to queue
[2024-11-20T00:32:33.644+0000] {logging_mixin.py:190} INFO - [2024-11-20T00:32:33.644+0000] {dagbag.py:588} INFO - Filling up the DagBag from /home/ubuntu/airflow_venv/lib/python3.12/site-packages/airflow/example_dags/example_skip_dag.py
[2024-11-20T00:32:33.654+0000] {processor.py:925} INFO - DAG(s) 'example_skip_dag' retrieved from /home/ubuntu/airflow_venv/lib/python3.12/site-packages/airflow/example_dags/example_skip_dag.py
[2024-11-20T00:32:33.670+0000] {logging_mixin.py:190} INFO - [2024-11-20T00:32:33.670+0000] {dag.py:3239} INFO - Sync 1 DAGs
[2024-11-20T00:32:33.689+0000] {logging_mixin.py:190} INFO - [2024-11-20T00:32:33.689+0000] {dag.py:4180} INFO - Setting next_dagrun for example_skip_dag to 2024-11-19 00:00:00+00:00, run_after=2024-11-20 00:00:00+00:00
[2024-11-20T00:32:33.710+0000] {processor.py:208} INFO - Processing /home/ubuntu/airflow_venv/lib/python3.12/site-packages/airflow/example_dags/example_skip_dag.py took 0.076 seconds
[2024-11-20T00:33:28.858+0000] {processor.py:186} INFO - Started process (PID=3931) to work on /home/ubuntu/airflow_venv/lib/python3.12/site-packages/airflow/example_dags/example_skip_dag.py
[2024-11-20T00:33:28.860+0000] {processor.py:914} INFO - Processing file /home/ubuntu/airflow_venv/lib/python3.12/site-packages/airflow/example_dags/example_skip_dag.py for tasks to queue
[2024-11-20T00:33:28.862+0000] {logging_mixin.py:190} INFO - [2024-11-20T00:33:28.861+0000] {dagbag.py:588} INFO - Filling up the DagBag from /home/ubuntu/airflow_venv/lib/python3.12/site-packages/airflow/example_dags/example_skip_dag.py
[2024-11-20T00:33:28.871+0000] {processor.py:925} INFO - DAG(s) 'example_skip_dag' retrieved from /home/ubuntu/airflow_venv/lib/python3.12/site-packages/airflow/example_dags/example_skip_dag.py
[2024-11-20T00:33:28.887+0000] {logging_mixin.py:190} INFO - [2024-11-20T00:33:28.887+0000] {dag.py:3239} INFO - Sync 1 DAGs
[2024-11-20T00:33:28.905+0000] {logging_mixin.py:190} INFO - [2024-11-20T00:33:28.904+0000] {dag.py:4180} INFO - Setting next_dagrun for example_skip_dag to 2024-11-19 00:00:00+00:00, run_after=2024-11-20 00:00:00+00:00
[2024-11-20T00:33:28.924+0000] {processor.py:208} INFO - Processing /home/ubuntu/airflow_venv/lib/python3.12/site-packages/airflow/example_dags/example_skip_dag.py took 0.073 seconds
[2024-11-20T00:34:32.959+0000] {processor.py:186} INFO - Started process (PID=4042) to work on /home/ubuntu/airflow_venv/lib/python3.12/site-packages/airflow/example_dags/example_skip_dag.py
[2024-11-20T00:34:32.960+0000] {processor.py:914} INFO - Processing file /home/ubuntu/airflow_venv/lib/python3.12/site-packages/airflow/example_dags/example_skip_dag.py for tasks to queue
[2024-11-20T00:34:32.961+0000] {logging_mixin.py:190} INFO - [2024-11-20T00:34:32.961+0000] {dagbag.py:588} INFO - Filling up the DagBag from /home/ubuntu/airflow_venv/lib/python3.12/site-packages/airflow/example_dags/example_skip_dag.py
[2024-11-20T00:34:32.971+0000] {processor.py:925} INFO - DAG(s) 'example_skip_dag' retrieved from /home/ubuntu/airflow_venv/lib/python3.12/site-packages/airflow/example_dags/example_skip_dag.py
[2024-11-20T00:34:32.986+0000] {logging_mixin.py:190} INFO - [2024-11-20T00:34:32.986+0000] {dag.py:3239} INFO - Sync 1 DAGs
[2024-11-20T00:34:33.004+0000] {logging_mixin.py:190} INFO - [2024-11-20T00:34:33.004+0000] {dag.py:4180} INFO - Setting next_dagrun for example_skip_dag to 2024-11-19 00:00:00+00:00, run_after=2024-11-20 00:00:00+00:00
[2024-11-20T00:34:33.026+0000] {processor.py:208} INFO - Processing /home/ubuntu/airflow_venv/lib/python3.12/site-packages/airflow/example_dags/example_skip_dag.py took 0.074 seconds
[2024-11-20T00:35:30.934+0000] {processor.py:186} INFO - Started process (PID=4129) to work on /home/ubuntu/airflow_venv/lib/python3.12/site-packages/airflow/example_dags/example_skip_dag.py
[2024-11-20T00:35:30.936+0000] {processor.py:914} INFO - Processing file /home/ubuntu/airflow_venv/lib/python3.12/site-packages/airflow/example_dags/example_skip_dag.py for tasks to queue
[2024-11-20T00:35:30.937+0000] {logging_mixin.py:190} INFO - [2024-11-20T00:35:30.936+0000] {dagbag.py:588} INFO - Filling up the DagBag from /home/ubuntu/airflow_venv/lib/python3.12/site-packages/airflow/example_dags/example_skip_dag.py
[2024-11-20T00:35:30.945+0000] {processor.py:925} INFO - DAG(s) 'example_skip_dag' retrieved from /home/ubuntu/airflow_venv/lib/python3.12/site-packages/airflow/example_dags/example_skip_dag.py
[2024-11-20T00:35:30.962+0000] {logging_mixin.py:190} INFO - [2024-11-20T00:35:30.962+0000] {dag.py:3239} INFO - Sync 1 DAGs
[2024-11-20T00:35:30.980+0000] {logging_mixin.py:190} INFO - [2024-11-20T00:35:30.980+0000] {dag.py:4180} INFO - Setting next_dagrun for example_skip_dag to 2024-11-19 00:00:00+00:00, run_after=2024-11-20 00:00:00+00:00
[2024-11-20T00:35:31.002+0000] {processor.py:208} INFO - Processing /home/ubuntu/airflow_venv/lib/python3.12/site-packages/airflow/example_dags/example_skip_dag.py took 0.076 seconds
[2024-11-20T00:36:25.226+0000] {processor.py:186} INFO - Started process (PID=4185) to work on /home/ubuntu/airflow_venv/lib/python3.12/site-packages/airflow/example_dags/example_skip_dag.py
[2024-11-20T00:36:25.228+0000] {processor.py:914} INFO - Processing file /home/ubuntu/airflow_venv/lib/python3.12/site-packages/airflow/example_dags/example_skip_dag.py for tasks to queue
[2024-11-20T00:36:25.230+0000] {logging_mixin.py:190} INFO - [2024-11-20T00:36:25.229+0000] {dagbag.py:588} INFO - Filling up the DagBag from /home/ubuntu/airflow_venv/lib/python3.12/site-packages/airflow/example_dags/example_skip_dag.py
[2024-11-20T00:36:25.239+0000] {processor.py:925} INFO - DAG(s) 'example_skip_dag' retrieved from /home/ubuntu/airflow_venv/lib/python3.12/site-packages/airflow/example_dags/example_skip_dag.py
[2024-11-20T00:36:25.256+0000] {logging_mixin.py:190} INFO - [2024-11-20T00:36:25.256+0000] {dag.py:3239} INFO - Sync 1 DAGs
[2024-11-20T00:36:25.274+0000] {logging_mixin.py:190} INFO - [2024-11-20T00:36:25.274+0000] {dag.py:4180} INFO - Setting next_dagrun for example_skip_dag to 2024-11-19 00:00:00+00:00, run_after=2024-11-20 00:00:00+00:00
[2024-11-20T00:36:25.296+0000] {processor.py:208} INFO - Processing /home/ubuntu/airflow_venv/lib/python3.12/site-packages/airflow/example_dags/example_skip_dag.py took 0.076 seconds
[2024-11-20T00:37:18.972+0000] {processor.py:186} INFO - Started process (PID=4240) to work on /home/ubuntu/airflow_venv/lib/python3.12/site-packages/airflow/example_dags/example_skip_dag.py
[2024-11-20T00:37:18.973+0000] {processor.py:914} INFO - Processing file /home/ubuntu/airflow_venv/lib/python3.12/site-packages/airflow/example_dags/example_skip_dag.py for tasks to queue
[2024-11-20T00:37:18.974+0000] {logging_mixin.py:190} INFO - [2024-11-20T00:37:18.974+0000] {dagbag.py:588} INFO - Filling up the DagBag from /home/ubuntu/airflow_venv/lib/python3.12/site-packages/airflow/example_dags/example_skip_dag.py
[2024-11-20T00:37:18.983+0000] {processor.py:925} INFO - DAG(s) 'example_skip_dag' retrieved from /home/ubuntu/airflow_venv/lib/python3.12/site-packages/airflow/example_dags/example_skip_dag.py
[2024-11-20T00:37:18.999+0000] {logging_mixin.py:190} INFO - [2024-11-20T00:37:18.999+0000] {dag.py:3239} INFO - Sync 1 DAGs
[2024-11-20T00:37:19.017+0000] {logging_mixin.py:190} INFO - [2024-11-20T00:37:19.016+0000] {dag.py:4180} INFO - Setting next_dagrun for example_skip_dag to 2024-11-19 00:00:00+00:00, run_after=2024-11-20 00:00:00+00:00
[2024-11-20T00:37:19.039+0000] {processor.py:208} INFO - Processing /home/ubuntu/airflow_venv/lib/python3.12/site-packages/airflow/example_dags/example_skip_dag.py took 0.075 seconds
[2024-11-20T00:38:15.391+0000] {processor.py:186} INFO - Started process (PID=4325) to work on /home/ubuntu/airflow_venv/lib/python3.12/site-packages/airflow/example_dags/example_skip_dag.py
[2024-11-20T00:38:15.394+0000] {processor.py:914} INFO - Processing file /home/ubuntu/airflow_venv/lib/python3.12/site-packages/airflow/example_dags/example_skip_dag.py for tasks to queue
[2024-11-20T00:38:15.395+0000] {logging_mixin.py:190} INFO - [2024-11-20T00:38:15.395+0000] {dagbag.py:588} INFO - Filling up the DagBag from /home/ubuntu/airflow_venv/lib/python3.12/site-packages/airflow/example_dags/example_skip_dag.py
[2024-11-20T00:38:15.403+0000] {processor.py:925} INFO - DAG(s) 'example_skip_dag' retrieved from /home/ubuntu/airflow_venv/lib/python3.12/site-packages/airflow/example_dags/example_skip_dag.py
[2024-11-20T00:38:15.421+0000] {logging_mixin.py:190} INFO - [2024-11-20T00:38:15.421+0000] {dag.py:3239} INFO - Sync 1 DAGs
[2024-11-20T00:38:15.439+0000] {logging_mixin.py:190} INFO - [2024-11-20T00:38:15.439+0000] {dag.py:4180} INFO - Setting next_dagrun for example_skip_dag to 2024-11-19 00:00:00+00:00, run_after=2024-11-20 00:00:00+00:00
[2024-11-20T00:38:15.461+0000] {processor.py:208} INFO - Processing /home/ubuntu/airflow_venv/lib/python3.12/site-packages/airflow/example_dags/example_skip_dag.py took 0.077 seconds
[2024-11-20T00:39:11.549+0000] {processor.py:186} INFO - Started process (PID=4383) to work on /home/ubuntu/airflow_venv/lib/python3.12/site-packages/airflow/example_dags/example_skip_dag.py
[2024-11-20T00:39:11.552+0000] {processor.py:914} INFO - Processing file /home/ubuntu/airflow_venv/lib/python3.12/site-packages/airflow/example_dags/example_skip_dag.py for tasks to queue
[2024-11-20T00:39:11.553+0000] {logging_mixin.py:190} INFO - [2024-11-20T00:39:11.552+0000] {dagbag.py:588} INFO - Filling up the DagBag from /home/ubuntu/airflow_venv/lib/python3.12/site-packages/airflow/example_dags/example_skip_dag.py
[2024-11-20T00:39:11.562+0000] {processor.py:925} INFO - DAG(s) 'example_skip_dag' retrieved from /home/ubuntu/airflow_venv/lib/python3.12/site-packages/airflow/example_dags/example_skip_dag.py
[2024-11-20T00:39:11.579+0000] {logging_mixin.py:190} INFO - [2024-11-20T00:39:11.578+0000] {dag.py:3239} INFO - Sync 1 DAGs
[2024-11-20T00:39:11.597+0000] {logging_mixin.py:190} INFO - [2024-11-20T00:39:11.596+0000] {dag.py:4180} INFO - Setting next_dagrun for example_skip_dag to 2024-11-19 00:00:00+00:00, run_after=2024-11-20 00:00:00+00:00
[2024-11-20T00:39:11.619+0000] {processor.py:208} INFO - Processing /home/ubuntu/airflow_venv/lib/python3.12/site-packages/airflow/example_dags/example_skip_dag.py took 0.076 seconds
[2024-11-20T00:40:13.689+0000] {processor.py:186} INFO - Started process (PID=4479) to work on /home/ubuntu/airflow_venv/lib/python3.12/site-packages/airflow/example_dags/example_skip_dag.py
[2024-11-20T00:40:13.690+0000] {processor.py:914} INFO - Processing file /home/ubuntu/airflow_venv/lib/python3.12/site-packages/airflow/example_dags/example_skip_dag.py for tasks to queue
[2024-11-20T00:40:13.692+0000] {logging_mixin.py:190} INFO - [2024-11-20T00:40:13.692+0000] {dagbag.py:588} INFO - Filling up the DagBag from /home/ubuntu/airflow_venv/lib/python3.12/site-packages/airflow/example_dags/example_skip_dag.py
[2024-11-20T00:40:13.700+0000] {processor.py:925} INFO - DAG(s) 'example_skip_dag' retrieved from /home/ubuntu/airflow_venv/lib/python3.12/site-packages/airflow/example_dags/example_skip_dag.py
[2024-11-20T00:40:13.716+0000] {logging_mixin.py:190} INFO - [2024-11-20T00:40:13.716+0000] {dag.py:3239} INFO - Sync 1 DAGs
[2024-11-20T00:40:13.734+0000] {logging_mixin.py:190} INFO - [2024-11-20T00:40:13.734+0000] {dag.py:4180} INFO - Setting next_dagrun for example_skip_dag to 2024-11-19 00:00:00+00:00, run_after=2024-11-20 00:00:00+00:00
[2024-11-20T00:40:13.755+0000] {processor.py:208} INFO - Processing /home/ubuntu/airflow_venv/lib/python3.12/site-packages/airflow/example_dags/example_skip_dag.py took 0.072 seconds
[2024-11-20T00:41:10.657+0000] {processor.py:186} INFO - Started process (PID=4540) to work on /home/ubuntu/airflow_venv/lib/python3.12/site-packages/airflow/example_dags/example_skip_dag.py
[2024-11-20T00:41:10.659+0000] {processor.py:914} INFO - Processing file /home/ubuntu/airflow_venv/lib/python3.12/site-packages/airflow/example_dags/example_skip_dag.py for tasks to queue
[2024-11-20T00:41:10.660+0000] {logging_mixin.py:190} INFO - [2024-11-20T00:41:10.659+0000] {dagbag.py:588} INFO - Filling up the DagBag from /home/ubuntu/airflow_venv/lib/python3.12/site-packages/airflow/example_dags/example_skip_dag.py
[2024-11-20T00:41:10.668+0000] {processor.py:925} INFO - DAG(s) 'example_skip_dag' retrieved from /home/ubuntu/airflow_venv/lib/python3.12/site-packages/airflow/example_dags/example_skip_dag.py
[2024-11-20T00:41:10.684+0000] {logging_mixin.py:190} INFO - [2024-11-20T00:41:10.684+0000] {dag.py:3239} INFO - Sync 1 DAGs
[2024-11-20T00:41:10.703+0000] {logging_mixin.py:190} INFO - [2024-11-20T00:41:10.703+0000] {dag.py:4180} INFO - Setting next_dagrun for example_skip_dag to 2024-11-19 00:00:00+00:00, run_after=2024-11-20 00:00:00+00:00
[2024-11-20T00:41:10.724+0000] {processor.py:208} INFO - Processing /home/ubuntu/airflow_venv/lib/python3.12/site-packages/airflow/example_dags/example_skip_dag.py took 0.075 seconds
[2024-11-20T00:42:02.977+0000] {processor.py:186} INFO - Started process (PID=4595) to work on /home/ubuntu/airflow_venv/lib/python3.12/site-packages/airflow/example_dags/example_skip_dag.py
[2024-11-20T00:42:02.978+0000] {processor.py:914} INFO - Processing file /home/ubuntu/airflow_venv/lib/python3.12/site-packages/airflow/example_dags/example_skip_dag.py for tasks to queue
[2024-11-20T00:42:02.981+0000] {logging_mixin.py:190} INFO - [2024-11-20T00:42:02.980+0000] {dagbag.py:588} INFO - Filling up the DagBag from /home/ubuntu/airflow_venv/lib/python3.12/site-packages/airflow/example_dags/example_skip_dag.py
[2024-11-20T00:42:02.989+0000] {processor.py:925} INFO - DAG(s) 'example_skip_dag' retrieved from /home/ubuntu/airflow_venv/lib/python3.12/site-packages/airflow/example_dags/example_skip_dag.py
[2024-11-20T00:42:03.005+0000] {logging_mixin.py:190} INFO - [2024-11-20T00:42:03.005+0000] {dag.py:3239} INFO - Sync 1 DAGs
[2024-11-20T00:42:03.025+0000] {logging_mixin.py:190} INFO - [2024-11-20T00:42:03.024+0000] {dag.py:4180} INFO - Setting next_dagrun for example_skip_dag to 2024-11-19 00:00:00+00:00, run_after=2024-11-20 00:00:00+00:00
[2024-11-20T00:42:03.048+0000] {processor.py:208} INFO - Processing /home/ubuntu/airflow_venv/lib/python3.12/site-packages/airflow/example_dags/example_skip_dag.py took 0.078 seconds
[2024-11-20T00:42:58.011+0000] {processor.py:186} INFO - Started process (PID=4650) to work on /home/ubuntu/airflow_venv/lib/python3.12/site-packages/airflow/example_dags/example_skip_dag.py
[2024-11-20T00:42:58.013+0000] {processor.py:914} INFO - Processing file /home/ubuntu/airflow_venv/lib/python3.12/site-packages/airflow/example_dags/example_skip_dag.py for tasks to queue
[2024-11-20T00:42:58.015+0000] {logging_mixin.py:190} INFO - [2024-11-20T00:42:58.014+0000] {dagbag.py:588} INFO - Filling up the DagBag from /home/ubuntu/airflow_venv/lib/python3.12/site-packages/airflow/example_dags/example_skip_dag.py
[2024-11-20T00:42:58.022+0000] {processor.py:925} INFO - DAG(s) 'example_skip_dag' retrieved from /home/ubuntu/airflow_venv/lib/python3.12/site-packages/airflow/example_dags/example_skip_dag.py
[2024-11-20T00:42:58.039+0000] {logging_mixin.py:190} INFO - [2024-11-20T00:42:58.039+0000] {dag.py:3239} INFO - Sync 1 DAGs
[2024-11-20T00:42:58.057+0000] {logging_mixin.py:190} INFO - [2024-11-20T00:42:58.057+0000] {dag.py:4180} INFO - Setting next_dagrun for example_skip_dag to 2024-11-19 00:00:00+00:00, run_after=2024-11-20 00:00:00+00:00
[2024-11-20T00:42:58.080+0000] {processor.py:208} INFO - Processing /home/ubuntu/airflow_venv/lib/python3.12/site-packages/airflow/example_dags/example_skip_dag.py took 0.076 seconds
[2024-11-20T00:43:53.568+0000] {processor.py:186} INFO - Started process (PID=4709) to work on /home/ubuntu/airflow_venv/lib/python3.12/site-packages/airflow/example_dags/example_skip_dag.py
[2024-11-20T00:43:53.571+0000] {processor.py:914} INFO - Processing file /home/ubuntu/airflow_venv/lib/python3.12/site-packages/airflow/example_dags/example_skip_dag.py for tasks to queue
[2024-11-20T00:43:53.573+0000] {logging_mixin.py:190} INFO - [2024-11-20T00:43:53.572+0000] {dagbag.py:588} INFO - Filling up the DagBag from /home/ubuntu/airflow_venv/lib/python3.12/site-packages/airflow/example_dags/example_skip_dag.py
[2024-11-20T00:43:53.582+0000] {processor.py:925} INFO - DAG(s) 'example_skip_dag' retrieved from /home/ubuntu/airflow_venv/lib/python3.12/site-packages/airflow/example_dags/example_skip_dag.py
[2024-11-20T00:43:53.597+0000] {logging_mixin.py:190} INFO - [2024-11-20T00:43:53.597+0000] {dag.py:3239} INFO - Sync 1 DAGs
[2024-11-20T00:43:53.616+0000] {logging_mixin.py:190} INFO - [2024-11-20T00:43:53.616+0000] {dag.py:4180} INFO - Setting next_dagrun for example_skip_dag to 2024-11-19 00:00:00+00:00, run_after=2024-11-20 00:00:00+00:00
[2024-11-20T00:43:53.638+0000] {processor.py:208} INFO - Processing /home/ubuntu/airflow_venv/lib/python3.12/site-packages/airflow/example_dags/example_skip_dag.py took 0.076 seconds
[2024-11-20T00:44:48.047+0000] {processor.py:186} INFO - Started process (PID=4764) to work on /home/ubuntu/airflow_venv/lib/python3.12/site-packages/airflow/example_dags/example_skip_dag.py
[2024-11-20T00:44:48.048+0000] {processor.py:914} INFO - Processing file /home/ubuntu/airflow_venv/lib/python3.12/site-packages/airflow/example_dags/example_skip_dag.py for tasks to queue
[2024-11-20T00:44:48.051+0000] {logging_mixin.py:190} INFO - [2024-11-20T00:44:48.050+0000] {dagbag.py:588} INFO - Filling up the DagBag from /home/ubuntu/airflow_venv/lib/python3.12/site-packages/airflow/example_dags/example_skip_dag.py
[2024-11-20T00:44:48.059+0000] {processor.py:925} INFO - DAG(s) 'example_skip_dag' retrieved from /home/ubuntu/airflow_venv/lib/python3.12/site-packages/airflow/example_dags/example_skip_dag.py
[2024-11-20T00:44:48.075+0000] {logging_mixin.py:190} INFO - [2024-11-20T00:44:48.075+0000] {dag.py:3239} INFO - Sync 1 DAGs
[2024-11-20T00:44:48.094+0000] {logging_mixin.py:190} INFO - [2024-11-20T00:44:48.093+0000] {dag.py:4180} INFO - Setting next_dagrun for example_skip_dag to 2024-11-19 00:00:00+00:00, run_after=2024-11-20 00:00:00+00:00
[2024-11-20T00:44:48.114+0000] {processor.py:208} INFO - Processing /home/ubuntu/airflow_venv/lib/python3.12/site-packages/airflow/example_dags/example_skip_dag.py took 0.074 seconds
[2024-11-20T00:45:43.403+0000] {processor.py:186} INFO - Started process (PID=4824) to work on /home/ubuntu/airflow_venv/lib/python3.12/site-packages/airflow/example_dags/example_skip_dag.py
[2024-11-20T00:45:43.405+0000] {processor.py:914} INFO - Processing file /home/ubuntu/airflow_venv/lib/python3.12/site-packages/airflow/example_dags/example_skip_dag.py for tasks to queue
[2024-11-20T00:45:43.406+0000] {logging_mixin.py:190} INFO - [2024-11-20T00:45:43.406+0000] {dagbag.py:588} INFO - Filling up the DagBag from /home/ubuntu/airflow_venv/lib/python3.12/site-packages/airflow/example_dags/example_skip_dag.py
[2024-11-20T00:45:43.416+0000] {processor.py:925} INFO - DAG(s) 'example_skip_dag' retrieved from /home/ubuntu/airflow_venv/lib/python3.12/site-packages/airflow/example_dags/example_skip_dag.py
[2024-11-20T00:45:43.432+0000] {logging_mixin.py:190} INFO - [2024-11-20T00:45:43.432+0000] {dag.py:3239} INFO - Sync 1 DAGs
[2024-11-20T00:45:43.451+0000] {logging_mixin.py:190} INFO - [2024-11-20T00:45:43.450+0000] {dag.py:4180} INFO - Setting next_dagrun for example_skip_dag to 2024-11-19 00:00:00+00:00, run_after=2024-11-20 00:00:00+00:00
[2024-11-20T00:45:43.472+0000] {processor.py:208} INFO - Processing /home/ubuntu/airflow_venv/lib/python3.12/site-packages/airflow/example_dags/example_skip_dag.py took 0.075 seconds
[2024-11-20T00:46:37.053+0000] {processor.py:186} INFO - Started process (PID=4881) to work on /home/ubuntu/airflow_venv/lib/python3.12/site-packages/airflow/example_dags/example_skip_dag.py
[2024-11-20T00:46:37.054+0000] {processor.py:914} INFO - Processing file /home/ubuntu/airflow_venv/lib/python3.12/site-packages/airflow/example_dags/example_skip_dag.py for tasks to queue
[2024-11-20T00:46:37.055+0000] {logging_mixin.py:190} INFO - [2024-11-20T00:46:37.055+0000] {dagbag.py:588} INFO - Filling up the DagBag from /home/ubuntu/airflow_venv/lib/python3.12/site-packages/airflow/example_dags/example_skip_dag.py
[2024-11-20T00:46:37.074+0000] {processor.py:925} INFO - DAG(s) 'example_skip_dag' retrieved from /home/ubuntu/airflow_venv/lib/python3.12/site-packages/airflow/example_dags/example_skip_dag.py
[2024-11-20T00:46:37.091+0000] {logging_mixin.py:190} INFO - [2024-11-20T00:46:37.091+0000] {dag.py:3239} INFO - Sync 1 DAGs
[2024-11-20T00:46:37.109+0000] {logging_mixin.py:190} INFO - [2024-11-20T00:46:37.109+0000] {dag.py:4180} INFO - Setting next_dagrun for example_skip_dag to 2024-11-19 00:00:00+00:00, run_after=2024-11-20 00:00:00+00:00
[2024-11-20T00:46:37.131+0000] {processor.py:208} INFO - Processing /home/ubuntu/airflow_venv/lib/python3.12/site-packages/airflow/example_dags/example_skip_dag.py took 0.085 seconds
[2024-11-20T00:47:29.307+0000] {processor.py:186} INFO - Started process (PID=4935) to work on /home/ubuntu/airflow_venv/lib/python3.12/site-packages/airflow/example_dags/example_skip_dag.py
[2024-11-20T00:47:29.309+0000] {processor.py:914} INFO - Processing file /home/ubuntu/airflow_venv/lib/python3.12/site-packages/airflow/example_dags/example_skip_dag.py for tasks to queue
[2024-11-20T00:47:29.311+0000] {logging_mixin.py:190} INFO - [2024-11-20T00:47:29.310+0000] {dagbag.py:588} INFO - Filling up the DagBag from /home/ubuntu/airflow_venv/lib/python3.12/site-packages/airflow/example_dags/example_skip_dag.py
[2024-11-20T00:47:29.319+0000] {processor.py:925} INFO - DAG(s) 'example_skip_dag' retrieved from /home/ubuntu/airflow_venv/lib/python3.12/site-packages/airflow/example_dags/example_skip_dag.py
[2024-11-20T00:47:29.337+0000] {logging_mixin.py:190} INFO - [2024-11-20T00:47:29.336+0000] {dag.py:3239} INFO - Sync 1 DAGs
[2024-11-20T00:47:29.355+0000] {logging_mixin.py:190} INFO - [2024-11-20T00:47:29.355+0000] {dag.py:4180} INFO - Setting next_dagrun for example_skip_dag to 2024-11-19 00:00:00+00:00, run_after=2024-11-20 00:00:00+00:00
[2024-11-20T00:47:29.376+0000] {processor.py:208} INFO - Processing /home/ubuntu/airflow_venv/lib/python3.12/site-packages/airflow/example_dags/example_skip_dag.py took 0.075 seconds
[2024-11-20T00:48:22.290+0000] {processor.py:186} INFO - Started process (PID=4989) to work on /home/ubuntu/airflow_venv/lib/python3.12/site-packages/airflow/example_dags/example_skip_dag.py
[2024-11-20T00:48:22.293+0000] {processor.py:914} INFO - Processing file /home/ubuntu/airflow_venv/lib/python3.12/site-packages/airflow/example_dags/example_skip_dag.py for tasks to queue
[2024-11-20T00:48:22.294+0000] {logging_mixin.py:190} INFO - [2024-11-20T00:48:22.294+0000] {dagbag.py:588} INFO - Filling up the DagBag from /home/ubuntu/airflow_venv/lib/python3.12/site-packages/airflow/example_dags/example_skip_dag.py
[2024-11-20T00:48:22.302+0000] {processor.py:925} INFO - DAG(s) 'example_skip_dag' retrieved from /home/ubuntu/airflow_venv/lib/python3.12/site-packages/airflow/example_dags/example_skip_dag.py
[2024-11-20T00:48:22.324+0000] {logging_mixin.py:190} INFO - [2024-11-20T00:48:22.323+0000] {dag.py:3239} INFO - Sync 1 DAGs
[2024-11-20T00:48:22.358+0000] {logging_mixin.py:190} INFO - [2024-11-20T00:48:22.358+0000] {dag.py:4180} INFO - Setting next_dagrun for example_skip_dag to 2024-11-19 00:00:00+00:00, run_after=2024-11-20 00:00:00+00:00
[2024-11-20T00:48:22.380+0000] {processor.py:208} INFO - Processing /home/ubuntu/airflow_venv/lib/python3.12/site-packages/airflow/example_dags/example_skip_dag.py took 0.097 seconds
[2024-11-20T00:49:15.271+0000] {processor.py:186} INFO - Started process (PID=5046) to work on /home/ubuntu/airflow_venv/lib/python3.12/site-packages/airflow/example_dags/example_skip_dag.py
[2024-11-20T00:49:15.273+0000] {processor.py:914} INFO - Processing file /home/ubuntu/airflow_venv/lib/python3.12/site-packages/airflow/example_dags/example_skip_dag.py for tasks to queue
[2024-11-20T00:49:15.274+0000] {logging_mixin.py:190} INFO - [2024-11-20T00:49:15.274+0000] {dagbag.py:588} INFO - Filling up the DagBag from /home/ubuntu/airflow_venv/lib/python3.12/site-packages/airflow/example_dags/example_skip_dag.py
[2024-11-20T00:49:15.283+0000] {processor.py:925} INFO - DAG(s) 'example_skip_dag' retrieved from /home/ubuntu/airflow_venv/lib/python3.12/site-packages/airflow/example_dags/example_skip_dag.py
[2024-11-20T00:49:15.299+0000] {logging_mixin.py:190} INFO - [2024-11-20T00:49:15.299+0000] {dag.py:3239} INFO - Sync 1 DAGs
[2024-11-20T00:49:15.317+0000] {logging_mixin.py:190} INFO - [2024-11-20T00:49:15.317+0000] {dag.py:4180} INFO - Setting next_dagrun for example_skip_dag to 2024-11-19 00:00:00+00:00, run_after=2024-11-20 00:00:00+00:00
[2024-11-20T00:49:15.337+0000] {processor.py:208} INFO - Processing /home/ubuntu/airflow_venv/lib/python3.12/site-packages/airflow/example_dags/example_skip_dag.py took 0.072 seconds
[2024-11-20T00:50:09.955+0000] {processor.py:186} INFO - Started process (PID=5102) to work on /home/ubuntu/airflow_venv/lib/python3.12/site-packages/airflow/example_dags/example_skip_dag.py
[2024-11-20T00:50:09.957+0000] {processor.py:914} INFO - Processing file /home/ubuntu/airflow_venv/lib/python3.12/site-packages/airflow/example_dags/example_skip_dag.py for tasks to queue
[2024-11-20T00:50:09.958+0000] {logging_mixin.py:190} INFO - [2024-11-20T00:50:09.958+0000] {dagbag.py:588} INFO - Filling up the DagBag from /home/ubuntu/airflow_venv/lib/python3.12/site-packages/airflow/example_dags/example_skip_dag.py
[2024-11-20T00:50:09.967+0000] {processor.py:925} INFO - DAG(s) 'example_skip_dag' retrieved from /home/ubuntu/airflow_venv/lib/python3.12/site-packages/airflow/example_dags/example_skip_dag.py
[2024-11-20T00:50:09.983+0000] {logging_mixin.py:190} INFO - [2024-11-20T00:50:09.983+0000] {dag.py:3239} INFO - Sync 1 DAGs
[2024-11-20T00:50:10.002+0000] {logging_mixin.py:190} INFO - [2024-11-20T00:50:10.002+0000] {dag.py:4180} INFO - Setting next_dagrun for example_skip_dag to 2024-11-19 00:00:00+00:00, run_after=2024-11-20 00:00:00+00:00
[2024-11-20T00:50:10.024+0000] {processor.py:208} INFO - Processing /home/ubuntu/airflow_venv/lib/python3.12/site-packages/airflow/example_dags/example_skip_dag.py took 0.075 seconds
[2024-11-20T00:51:04.201+0000] {processor.py:186} INFO - Started process (PID=5160) to work on /home/ubuntu/airflow_venv/lib/python3.12/site-packages/airflow/example_dags/example_skip_dag.py
[2024-11-20T00:51:04.203+0000] {processor.py:914} INFO - Processing file /home/ubuntu/airflow_venv/lib/python3.12/site-packages/airflow/example_dags/example_skip_dag.py for tasks to queue
[2024-11-20T00:51:04.205+0000] {logging_mixin.py:190} INFO - [2024-11-20T00:51:04.204+0000] {dagbag.py:588} INFO - Filling up the DagBag from /home/ubuntu/airflow_venv/lib/python3.12/site-packages/airflow/example_dags/example_skip_dag.py
[2024-11-20T00:51:04.214+0000] {processor.py:925} INFO - DAG(s) 'example_skip_dag' retrieved from /home/ubuntu/airflow_venv/lib/python3.12/site-packages/airflow/example_dags/example_skip_dag.py
[2024-11-20T00:51:04.230+0000] {logging_mixin.py:190} INFO - [2024-11-20T00:51:04.230+0000] {dag.py:3239} INFO - Sync 1 DAGs
[2024-11-20T00:51:04.248+0000] {logging_mixin.py:190} INFO - [2024-11-20T00:51:04.247+0000] {dag.py:4180} INFO - Setting next_dagrun for example_skip_dag to 2024-11-19 00:00:00+00:00, run_after=2024-11-20 00:00:00+00:00
[2024-11-20T00:51:04.271+0000] {processor.py:208} INFO - Processing /home/ubuntu/airflow_venv/lib/python3.12/site-packages/airflow/example_dags/example_skip_dag.py took 0.076 seconds
[2024-11-20T00:52:01.858+0000] {processor.py:186} INFO - Started process (PID=5219) to work on /home/ubuntu/airflow_venv/lib/python3.12/site-packages/airflow/example_dags/example_skip_dag.py
[2024-11-20T00:52:01.860+0000] {processor.py:914} INFO - Processing file /home/ubuntu/airflow_venv/lib/python3.12/site-packages/airflow/example_dags/example_skip_dag.py for tasks to queue
[2024-11-20T00:52:01.861+0000] {logging_mixin.py:190} INFO - [2024-11-20T00:52:01.861+0000] {dagbag.py:588} INFO - Filling up the DagBag from /home/ubuntu/airflow_venv/lib/python3.12/site-packages/airflow/example_dags/example_skip_dag.py
[2024-11-20T00:52:01.871+0000] {processor.py:925} INFO - DAG(s) 'example_skip_dag' retrieved from /home/ubuntu/airflow_venv/lib/python3.12/site-packages/airflow/example_dags/example_skip_dag.py
[2024-11-20T00:52:01.889+0000] {logging_mixin.py:190} INFO - [2024-11-20T00:52:01.888+0000] {dag.py:3239} INFO - Sync 1 DAGs
[2024-11-20T00:52:01.910+0000] {logging_mixin.py:190} INFO - [2024-11-20T00:52:01.910+0000] {dag.py:4180} INFO - Setting next_dagrun for example_skip_dag to 2024-11-19 00:00:00+00:00, run_after=2024-11-20 00:00:00+00:00
[2024-11-20T00:52:01.933+0000] {processor.py:208} INFO - Processing /home/ubuntu/airflow_venv/lib/python3.12/site-packages/airflow/example_dags/example_skip_dag.py took 0.083 seconds
[2024-11-20T00:52:56.888+0000] {processor.py:186} INFO - Started process (PID=5275) to work on /home/ubuntu/airflow_venv/lib/python3.12/site-packages/airflow/example_dags/example_skip_dag.py
[2024-11-20T00:52:56.890+0000] {processor.py:914} INFO - Processing file /home/ubuntu/airflow_venv/lib/python3.12/site-packages/airflow/example_dags/example_skip_dag.py for tasks to queue
[2024-11-20T00:52:56.891+0000] {logging_mixin.py:190} INFO - [2024-11-20T00:52:56.891+0000] {dagbag.py:588} INFO - Filling up the DagBag from /home/ubuntu/airflow_venv/lib/python3.12/site-packages/airflow/example_dags/example_skip_dag.py
[2024-11-20T00:52:56.900+0000] {processor.py:925} INFO - DAG(s) 'example_skip_dag' retrieved from /home/ubuntu/airflow_venv/lib/python3.12/site-packages/airflow/example_dags/example_skip_dag.py
[2024-11-20T00:52:56.916+0000] {logging_mixin.py:190} INFO - [2024-11-20T00:52:56.916+0000] {dag.py:3239} INFO - Sync 1 DAGs
[2024-11-20T00:52:56.935+0000] {logging_mixin.py:190} INFO - [2024-11-20T00:52:56.935+0000] {dag.py:4180} INFO - Setting next_dagrun for example_skip_dag to 2024-11-19 00:00:00+00:00, run_after=2024-11-20 00:00:00+00:00
[2024-11-20T00:52:56.966+0000] {processor.py:208} INFO - Processing /home/ubuntu/airflow_venv/lib/python3.12/site-packages/airflow/example_dags/example_skip_dag.py took 0.085 seconds
[2024-11-20T00:53:53.425+0000] {processor.py:186} INFO - Started process (PID=5333) to work on /home/ubuntu/airflow_venv/lib/python3.12/site-packages/airflow/example_dags/example_skip_dag.py
[2024-11-20T00:53:53.426+0000] {processor.py:914} INFO - Processing file /home/ubuntu/airflow_venv/lib/python3.12/site-packages/airflow/example_dags/example_skip_dag.py for tasks to queue
[2024-11-20T00:53:53.428+0000] {logging_mixin.py:190} INFO - [2024-11-20T00:53:53.428+0000] {dagbag.py:588} INFO - Filling up the DagBag from /home/ubuntu/airflow_venv/lib/python3.12/site-packages/airflow/example_dags/example_skip_dag.py
[2024-11-20T00:53:53.436+0000] {processor.py:925} INFO - DAG(s) 'example_skip_dag' retrieved from /home/ubuntu/airflow_venv/lib/python3.12/site-packages/airflow/example_dags/example_skip_dag.py
[2024-11-20T00:53:53.452+0000] {logging_mixin.py:190} INFO - [2024-11-20T00:53:53.452+0000] {dag.py:3239} INFO - Sync 1 DAGs
[2024-11-20T00:53:53.472+0000] {logging_mixin.py:190} INFO - [2024-11-20T00:53:53.472+0000] {dag.py:4180} INFO - Setting next_dagrun for example_skip_dag to 2024-11-19 00:00:00+00:00, run_after=2024-11-20 00:00:00+00:00
[2024-11-20T00:53:53.494+0000] {processor.py:208} INFO - Processing /home/ubuntu/airflow_venv/lib/python3.12/site-packages/airflow/example_dags/example_skip_dag.py took 0.076 seconds
[2024-11-20T00:54:45.027+0000] {processor.py:186} INFO - Started process (PID=5400) to work on /home/ubuntu/airflow_venv/lib/python3.12/site-packages/airflow/example_dags/example_skip_dag.py
[2024-11-20T00:54:45.028+0000] {processor.py:914} INFO - Processing file /home/ubuntu/airflow_venv/lib/python3.12/site-packages/airflow/example_dags/example_skip_dag.py for tasks to queue
[2024-11-20T00:54:45.029+0000] {logging_mixin.py:190} INFO - [2024-11-20T00:54:45.029+0000] {dagbag.py:588} INFO - Filling up the DagBag from /home/ubuntu/airflow_venv/lib/python3.12/site-packages/airflow/example_dags/example_skip_dag.py
[2024-11-20T00:54:45.037+0000] {processor.py:925} INFO - DAG(s) 'example_skip_dag' retrieved from /home/ubuntu/airflow_venv/lib/python3.12/site-packages/airflow/example_dags/example_skip_dag.py
[2024-11-20T00:54:45.055+0000] {logging_mixin.py:190} INFO - [2024-11-20T00:54:45.055+0000] {dag.py:3239} INFO - Sync 1 DAGs
[2024-11-20T00:54:45.073+0000] {logging_mixin.py:190} INFO - [2024-11-20T00:54:45.073+0000] {dag.py:4180} INFO - Setting next_dagrun for example_skip_dag to 2024-11-19 00:00:00+00:00, run_after=2024-11-20 00:00:00+00:00
[2024-11-20T00:54:45.095+0000] {processor.py:208} INFO - Processing /home/ubuntu/airflow_venv/lib/python3.12/site-packages/airflow/example_dags/example_skip_dag.py took 0.075 seconds
[2024-11-20T00:55:37.574+0000] {processor.py:186} INFO - Started process (PID=5459) to work on /home/ubuntu/airflow_venv/lib/python3.12/site-packages/airflow/example_dags/example_skip_dag.py
[2024-11-20T00:55:37.575+0000] {processor.py:914} INFO - Processing file /home/ubuntu/airflow_venv/lib/python3.12/site-packages/airflow/example_dags/example_skip_dag.py for tasks to queue
[2024-11-20T00:55:37.576+0000] {logging_mixin.py:190} INFO - [2024-11-20T00:55:37.576+0000] {dagbag.py:588} INFO - Filling up the DagBag from /home/ubuntu/airflow_venv/lib/python3.12/site-packages/airflow/example_dags/example_skip_dag.py
[2024-11-20T00:55:37.585+0000] {processor.py:925} INFO - DAG(s) 'example_skip_dag' retrieved from /home/ubuntu/airflow_venv/lib/python3.12/site-packages/airflow/example_dags/example_skip_dag.py
[2024-11-20T00:55:37.601+0000] {logging_mixin.py:190} INFO - [2024-11-20T00:55:37.601+0000] {dag.py:3239} INFO - Sync 1 DAGs
[2024-11-20T00:55:37.619+0000] {logging_mixin.py:190} INFO - [2024-11-20T00:55:37.618+0000] {dag.py:4180} INFO - Setting next_dagrun for example_skip_dag to 2024-11-19 00:00:00+00:00, run_after=2024-11-20 00:00:00+00:00
[2024-11-20T00:55:37.641+0000] {processor.py:208} INFO - Processing /home/ubuntu/airflow_venv/lib/python3.12/site-packages/airflow/example_dags/example_skip_dag.py took 0.075 seconds
[2024-11-20T00:56:31.092+0000] {processor.py:186} INFO - Started process (PID=5514) to work on /home/ubuntu/airflow_venv/lib/python3.12/site-packages/airflow/example_dags/example_skip_dag.py
[2024-11-20T00:56:31.094+0000] {processor.py:914} INFO - Processing file /home/ubuntu/airflow_venv/lib/python3.12/site-packages/airflow/example_dags/example_skip_dag.py for tasks to queue
[2024-11-20T00:56:31.096+0000] {logging_mixin.py:190} INFO - [2024-11-20T00:56:31.096+0000] {dagbag.py:588} INFO - Filling up the DagBag from /home/ubuntu/airflow_venv/lib/python3.12/site-packages/airflow/example_dags/example_skip_dag.py
[2024-11-20T00:56:31.104+0000] {processor.py:925} INFO - DAG(s) 'example_skip_dag' retrieved from /home/ubuntu/airflow_venv/lib/python3.12/site-packages/airflow/example_dags/example_skip_dag.py
[2024-11-20T00:56:31.121+0000] {logging_mixin.py:190} INFO - [2024-11-20T00:56:31.121+0000] {dag.py:3239} INFO - Sync 1 DAGs
[2024-11-20T00:56:31.140+0000] {logging_mixin.py:190} INFO - [2024-11-20T00:56:31.140+0000] {dag.py:4180} INFO - Setting next_dagrun for example_skip_dag to 2024-11-19 00:00:00+00:00, run_after=2024-11-20 00:00:00+00:00
[2024-11-20T00:56:31.162+0000] {processor.py:208} INFO - Processing /home/ubuntu/airflow_venv/lib/python3.12/site-packages/airflow/example_dags/example_skip_dag.py took 0.078 seconds
[2024-11-20T00:57:24.062+0000] {processor.py:186} INFO - Started process (PID=5571) to work on /home/ubuntu/airflow_venv/lib/python3.12/site-packages/airflow/example_dags/example_skip_dag.py
[2024-11-20T00:57:24.064+0000] {processor.py:914} INFO - Processing file /home/ubuntu/airflow_venv/lib/python3.12/site-packages/airflow/example_dags/example_skip_dag.py for tasks to queue
[2024-11-20T00:57:24.065+0000] {logging_mixin.py:190} INFO - [2024-11-20T00:57:24.065+0000] {dagbag.py:588} INFO - Filling up the DagBag from /home/ubuntu/airflow_venv/lib/python3.12/site-packages/airflow/example_dags/example_skip_dag.py
[2024-11-20T00:57:24.074+0000] {processor.py:925} INFO - DAG(s) 'example_skip_dag' retrieved from /home/ubuntu/airflow_venv/lib/python3.12/site-packages/airflow/example_dags/example_skip_dag.py
[2024-11-20T00:57:24.090+0000] {logging_mixin.py:190} INFO - [2024-11-20T00:57:24.090+0000] {dag.py:3239} INFO - Sync 1 DAGs
[2024-11-20T00:57:24.108+0000] {logging_mixin.py:190} INFO - [2024-11-20T00:57:24.108+0000] {dag.py:4180} INFO - Setting next_dagrun for example_skip_dag to 2024-11-19 00:00:00+00:00, run_after=2024-11-20 00:00:00+00:00
[2024-11-20T00:57:24.133+0000] {processor.py:208} INFO - Processing /home/ubuntu/airflow_venv/lib/python3.12/site-packages/airflow/example_dags/example_skip_dag.py took 0.078 seconds
[2024-11-20T00:58:17.049+0000] {processor.py:186} INFO - Started process (PID=5626) to work on /home/ubuntu/airflow_venv/lib/python3.12/site-packages/airflow/example_dags/example_skip_dag.py
[2024-11-20T00:58:17.050+0000] {processor.py:914} INFO - Processing file /home/ubuntu/airflow_venv/lib/python3.12/site-packages/airflow/example_dags/example_skip_dag.py for tasks to queue
[2024-11-20T00:58:17.052+0000] {logging_mixin.py:190} INFO - [2024-11-20T00:58:17.052+0000] {dagbag.py:588} INFO - Filling up the DagBag from /home/ubuntu/airflow_venv/lib/python3.12/site-packages/airflow/example_dags/example_skip_dag.py
[2024-11-20T00:58:17.061+0000] {processor.py:925} INFO - DAG(s) 'example_skip_dag' retrieved from /home/ubuntu/airflow_venv/lib/python3.12/site-packages/airflow/example_dags/example_skip_dag.py
[2024-11-20T00:58:17.077+0000] {logging_mixin.py:190} INFO - [2024-11-20T00:58:17.076+0000] {dag.py:3239} INFO - Sync 1 DAGs
[2024-11-20T00:58:17.095+0000] {logging_mixin.py:190} INFO - [2024-11-20T00:58:17.095+0000] {dag.py:4180} INFO - Setting next_dagrun for example_skip_dag to 2024-11-19 00:00:00+00:00, run_after=2024-11-20 00:00:00+00:00
[2024-11-20T00:58:17.118+0000] {processor.py:208} INFO - Processing /home/ubuntu/airflow_venv/lib/python3.12/site-packages/airflow/example_dags/example_skip_dag.py took 0.076 seconds
[2024-11-20T00:59:08.648+0000] {processor.py:186} INFO - Started process (PID=5685) to work on /home/ubuntu/airflow_venv/lib/python3.12/site-packages/airflow/example_dags/example_skip_dag.py
[2024-11-20T00:59:08.650+0000] {processor.py:914} INFO - Processing file /home/ubuntu/airflow_venv/lib/python3.12/site-packages/airflow/example_dags/example_skip_dag.py for tasks to queue
[2024-11-20T00:59:08.651+0000] {logging_mixin.py:190} INFO - [2024-11-20T00:59:08.651+0000] {dagbag.py:588} INFO - Filling up the DagBag from /home/ubuntu/airflow_venv/lib/python3.12/site-packages/airflow/example_dags/example_skip_dag.py
[2024-11-20T00:59:08.660+0000] {processor.py:925} INFO - DAG(s) 'example_skip_dag' retrieved from /home/ubuntu/airflow_venv/lib/python3.12/site-packages/airflow/example_dags/example_skip_dag.py
[2024-11-20T00:59:08.683+0000] {logging_mixin.py:190} INFO - [2024-11-20T00:59:08.683+0000] {dag.py:3239} INFO - Sync 1 DAGs
[2024-11-20T00:59:08.703+0000] {logging_mixin.py:190} INFO - [2024-11-20T00:59:08.702+0000] {dag.py:4180} INFO - Setting next_dagrun for example_skip_dag to 2024-11-19 00:00:00+00:00, run_after=2024-11-20 00:00:00+00:00
[2024-11-20T00:59:08.724+0000] {processor.py:208} INFO - Processing /home/ubuntu/airflow_venv/lib/python3.12/site-packages/airflow/example_dags/example_skip_dag.py took 0.083 seconds
[2024-11-20T01:00:04.482+0000] {processor.py:186} INFO - Started process (PID=5741) to work on /home/ubuntu/airflow_venv/lib/python3.12/site-packages/airflow/example_dags/example_skip_dag.py
[2024-11-20T01:00:04.484+0000] {processor.py:914} INFO - Processing file /home/ubuntu/airflow_venv/lib/python3.12/site-packages/airflow/example_dags/example_skip_dag.py for tasks to queue
[2024-11-20T01:00:04.485+0000] {logging_mixin.py:190} INFO - [2024-11-20T01:00:04.485+0000] {dagbag.py:588} INFO - Filling up the DagBag from /home/ubuntu/airflow_venv/lib/python3.12/site-packages/airflow/example_dags/example_skip_dag.py
[2024-11-20T01:00:04.493+0000] {processor.py:925} INFO - DAG(s) 'example_skip_dag' retrieved from /home/ubuntu/airflow_venv/lib/python3.12/site-packages/airflow/example_dags/example_skip_dag.py
[2024-11-20T01:00:04.510+0000] {logging_mixin.py:190} INFO - [2024-11-20T01:00:04.510+0000] {dag.py:3239} INFO - Sync 1 DAGs
[2024-11-20T01:00:04.530+0000] {logging_mixin.py:190} INFO - [2024-11-20T01:00:04.530+0000] {dag.py:4180} INFO - Setting next_dagrun for example_skip_dag to 2024-11-19 00:00:00+00:00, run_after=2024-11-20 00:00:00+00:00
[2024-11-20T01:00:04.552+0000] {processor.py:208} INFO - Processing /home/ubuntu/airflow_venv/lib/python3.12/site-packages/airflow/example_dags/example_skip_dag.py took 0.076 seconds
[2024-11-20T01:00:59.145+0000] {processor.py:186} INFO - Started process (PID=5800) to work on /home/ubuntu/airflow_venv/lib/python3.12/site-packages/airflow/example_dags/example_skip_dag.py
[2024-11-20T01:00:59.147+0000] {processor.py:914} INFO - Processing file /home/ubuntu/airflow_venv/lib/python3.12/site-packages/airflow/example_dags/example_skip_dag.py for tasks to queue
[2024-11-20T01:00:59.148+0000] {logging_mixin.py:190} INFO - [2024-11-20T01:00:59.148+0000] {dagbag.py:588} INFO - Filling up the DagBag from /home/ubuntu/airflow_venv/lib/python3.12/site-packages/airflow/example_dags/example_skip_dag.py
[2024-11-20T01:00:59.157+0000] {processor.py:925} INFO - DAG(s) 'example_skip_dag' retrieved from /home/ubuntu/airflow_venv/lib/python3.12/site-packages/airflow/example_dags/example_skip_dag.py
[2024-11-20T01:00:59.174+0000] {logging_mixin.py:190} INFO - [2024-11-20T01:00:59.173+0000] {dag.py:3239} INFO - Sync 1 DAGs
[2024-11-20T01:00:59.192+0000] {logging_mixin.py:190} INFO - [2024-11-20T01:00:59.191+0000] {dag.py:4180} INFO - Setting next_dagrun for example_skip_dag to 2024-11-19 00:00:00+00:00, run_after=2024-11-20 00:00:00+00:00
[2024-11-20T01:00:59.215+0000] {processor.py:208} INFO - Processing /home/ubuntu/airflow_venv/lib/python3.12/site-packages/airflow/example_dags/example_skip_dag.py took 0.076 seconds
[2024-11-20T01:02:10.512+0000] {processor.py:186} INFO - Started process (PID=5880) to work on /home/ubuntu/airflow_venv/lib/python3.12/site-packages/airflow/example_dags/example_skip_dag.py
[2024-11-20T01:02:10.514+0000] {processor.py:914} INFO - Processing file /home/ubuntu/airflow_venv/lib/python3.12/site-packages/airflow/example_dags/example_skip_dag.py for tasks to queue
[2024-11-20T01:02:10.516+0000] {logging_mixin.py:190} INFO - [2024-11-20T01:02:10.516+0000] {dagbag.py:588} INFO - Filling up the DagBag from /home/ubuntu/airflow_venv/lib/python3.12/site-packages/airflow/example_dags/example_skip_dag.py
[2024-11-20T01:02:10.525+0000] {processor.py:925} INFO - DAG(s) 'example_skip_dag' retrieved from /home/ubuntu/airflow_venv/lib/python3.12/site-packages/airflow/example_dags/example_skip_dag.py
[2024-11-20T01:02:10.541+0000] {logging_mixin.py:190} INFO - [2024-11-20T01:02:10.541+0000] {dag.py:3239} INFO - Sync 1 DAGs
[2024-11-20T01:02:10.559+0000] {logging_mixin.py:190} INFO - [2024-11-20T01:02:10.559+0000] {dag.py:4180} INFO - Setting next_dagrun for example_skip_dag to 2024-11-19 00:00:00+00:00, run_after=2024-11-20 00:00:00+00:00
[2024-11-20T01:02:10.581+0000] {processor.py:208} INFO - Processing /home/ubuntu/airflow_venv/lib/python3.12/site-packages/airflow/example_dags/example_skip_dag.py took 0.075 seconds
[2024-11-20T01:03:08.146+0000] {processor.py:186} INFO - Started process (PID=5938) to work on /home/ubuntu/airflow_venv/lib/python3.12/site-packages/airflow/example_dags/example_skip_dag.py
[2024-11-20T01:03:08.148+0000] {processor.py:914} INFO - Processing file /home/ubuntu/airflow_venv/lib/python3.12/site-packages/airflow/example_dags/example_skip_dag.py for tasks to queue
[2024-11-20T01:03:08.150+0000] {logging_mixin.py:190} INFO - [2024-11-20T01:03:08.149+0000] {dagbag.py:588} INFO - Filling up the DagBag from /home/ubuntu/airflow_venv/lib/python3.12/site-packages/airflow/example_dags/example_skip_dag.py
[2024-11-20T01:03:08.159+0000] {processor.py:925} INFO - DAG(s) 'example_skip_dag' retrieved from /home/ubuntu/airflow_venv/lib/python3.12/site-packages/airflow/example_dags/example_skip_dag.py
[2024-11-20T01:03:08.175+0000] {logging_mixin.py:190} INFO - [2024-11-20T01:03:08.175+0000] {dag.py:3239} INFO - Sync 1 DAGs
[2024-11-20T01:03:08.192+0000] {logging_mixin.py:190} INFO - [2024-11-20T01:03:08.192+0000] {dag.py:4180} INFO - Setting next_dagrun for example_skip_dag to 2024-11-19 00:00:00+00:00, run_after=2024-11-20 00:00:00+00:00
[2024-11-20T01:03:08.215+0000] {processor.py:208} INFO - Processing /home/ubuntu/airflow_venv/lib/python3.12/site-packages/airflow/example_dags/example_skip_dag.py took 0.076 seconds
[2024-11-20T01:04:02.838+0000] {processor.py:186} INFO - Started process (PID=5995) to work on /home/ubuntu/airflow_venv/lib/python3.12/site-packages/airflow/example_dags/example_skip_dag.py
[2024-11-20T01:04:02.841+0000] {processor.py:914} INFO - Processing file /home/ubuntu/airflow_venv/lib/python3.12/site-packages/airflow/example_dags/example_skip_dag.py for tasks to queue
[2024-11-20T01:04:02.842+0000] {logging_mixin.py:190} INFO - [2024-11-20T01:04:02.841+0000] {dagbag.py:588} INFO - Filling up the DagBag from /home/ubuntu/airflow_venv/lib/python3.12/site-packages/airflow/example_dags/example_skip_dag.py
[2024-11-20T01:04:02.850+0000] {processor.py:925} INFO - DAG(s) 'example_skip_dag' retrieved from /home/ubuntu/airflow_venv/lib/python3.12/site-packages/airflow/example_dags/example_skip_dag.py
[2024-11-20T01:04:02.867+0000] {logging_mixin.py:190} INFO - [2024-11-20T01:04:02.867+0000] {dag.py:3239} INFO - Sync 1 DAGs
[2024-11-20T01:04:02.885+0000] {logging_mixin.py:190} INFO - [2024-11-20T01:04:02.884+0000] {dag.py:4180} INFO - Setting next_dagrun for example_skip_dag to 2024-11-19 00:00:00+00:00, run_after=2024-11-20 00:00:00+00:00
[2024-11-20T01:04:02.905+0000] {processor.py:208} INFO - Processing /home/ubuntu/airflow_venv/lib/python3.12/site-packages/airflow/example_dags/example_skip_dag.py took 0.074 seconds
[2024-11-20T01:04:59.359+0000] {processor.py:186} INFO - Started process (PID=6051) to work on /home/ubuntu/airflow_venv/lib/python3.12/site-packages/airflow/example_dags/example_skip_dag.py
[2024-11-20T01:04:59.361+0000] {processor.py:914} INFO - Processing file /home/ubuntu/airflow_venv/lib/python3.12/site-packages/airflow/example_dags/example_skip_dag.py for tasks to queue
[2024-11-20T01:04:59.362+0000] {logging_mixin.py:190} INFO - [2024-11-20T01:04:59.361+0000] {dagbag.py:588} INFO - Filling up the DagBag from /home/ubuntu/airflow_venv/lib/python3.12/site-packages/airflow/example_dags/example_skip_dag.py
[2024-11-20T01:04:59.370+0000] {processor.py:925} INFO - DAG(s) 'example_skip_dag' retrieved from /home/ubuntu/airflow_venv/lib/python3.12/site-packages/airflow/example_dags/example_skip_dag.py
[2024-11-20T01:04:59.386+0000] {logging_mixin.py:190} INFO - [2024-11-20T01:04:59.386+0000] {dag.py:3239} INFO - Sync 1 DAGs
[2024-11-20T01:04:59.406+0000] {logging_mixin.py:190} INFO - [2024-11-20T01:04:59.406+0000] {dag.py:4180} INFO - Setting next_dagrun for example_skip_dag to 2024-11-19 00:00:00+00:00, run_after=2024-11-20 00:00:00+00:00
[2024-11-20T01:04:59.429+0000] {processor.py:208} INFO - Processing /home/ubuntu/airflow_venv/lib/python3.12/site-packages/airflow/example_dags/example_skip_dag.py took 0.077 seconds
[2024-11-20T01:05:55.987+0000] {processor.py:186} INFO - Started process (PID=6113) to work on /home/ubuntu/airflow_venv/lib/python3.12/site-packages/airflow/example_dags/example_skip_dag.py
[2024-11-20T01:05:55.988+0000] {processor.py:914} INFO - Processing file /home/ubuntu/airflow_venv/lib/python3.12/site-packages/airflow/example_dags/example_skip_dag.py for tasks to queue
[2024-11-20T01:05:55.989+0000] {logging_mixin.py:190} INFO - [2024-11-20T01:05:55.989+0000] {dagbag.py:588} INFO - Filling up the DagBag from /home/ubuntu/airflow_venv/lib/python3.12/site-packages/airflow/example_dags/example_skip_dag.py
[2024-11-20T01:05:55.998+0000] {processor.py:925} INFO - DAG(s) 'example_skip_dag' retrieved from /home/ubuntu/airflow_venv/lib/python3.12/site-packages/airflow/example_dags/example_skip_dag.py
[2024-11-20T01:05:56.014+0000] {logging_mixin.py:190} INFO - [2024-11-20T01:05:56.014+0000] {dag.py:3239} INFO - Sync 1 DAGs
[2024-11-20T01:05:56.032+0000] {logging_mixin.py:190} INFO - [2024-11-20T01:05:56.032+0000] {dag.py:4180} INFO - Setting next_dagrun for example_skip_dag to 2024-11-19 00:00:00+00:00, run_after=2024-11-20 00:00:00+00:00
[2024-11-20T01:05:56.057+0000] {processor.py:208} INFO - Processing /home/ubuntu/airflow_venv/lib/python3.12/site-packages/airflow/example_dags/example_skip_dag.py took 0.078 seconds
[2024-11-20T01:06:47.553+0000] {processor.py:186} INFO - Started process (PID=6167) to work on /home/ubuntu/airflow_venv/lib/python3.12/site-packages/airflow/example_dags/example_skip_dag.py
[2024-11-20T01:06:47.555+0000] {processor.py:914} INFO - Processing file /home/ubuntu/airflow_venv/lib/python3.12/site-packages/airflow/example_dags/example_skip_dag.py for tasks to queue
[2024-11-20T01:06:47.556+0000] {logging_mixin.py:190} INFO - [2024-11-20T01:06:47.556+0000] {dagbag.py:588} INFO - Filling up the DagBag from /home/ubuntu/airflow_venv/lib/python3.12/site-packages/airflow/example_dags/example_skip_dag.py
[2024-11-20T01:06:47.565+0000] {processor.py:925} INFO - DAG(s) 'example_skip_dag' retrieved from /home/ubuntu/airflow_venv/lib/python3.12/site-packages/airflow/example_dags/example_skip_dag.py
[2024-11-20T01:06:47.582+0000] {logging_mixin.py:190} INFO - [2024-11-20T01:06:47.582+0000] {dag.py:3239} INFO - Sync 1 DAGs
[2024-11-20T01:06:47.600+0000] {logging_mixin.py:190} INFO - [2024-11-20T01:06:47.600+0000] {dag.py:4180} INFO - Setting next_dagrun for example_skip_dag to 2024-11-19 00:00:00+00:00, run_after=2024-11-20 00:00:00+00:00
[2024-11-20T01:06:47.623+0000] {processor.py:208} INFO - Processing /home/ubuntu/airflow_venv/lib/python3.12/site-packages/airflow/example_dags/example_skip_dag.py took 0.077 seconds
[2024-11-20T01:07:40.063+0000] {processor.py:186} INFO - Started process (PID=6222) to work on /home/ubuntu/airflow_venv/lib/python3.12/site-packages/airflow/example_dags/example_skip_dag.py
[2024-11-20T01:07:40.064+0000] {processor.py:914} INFO - Processing file /home/ubuntu/airflow_venv/lib/python3.12/site-packages/airflow/example_dags/example_skip_dag.py for tasks to queue
[2024-11-20T01:07:40.066+0000] {logging_mixin.py:190} INFO - [2024-11-20T01:07:40.065+0000] {dagbag.py:588} INFO - Filling up the DagBag from /home/ubuntu/airflow_venv/lib/python3.12/site-packages/airflow/example_dags/example_skip_dag.py
[2024-11-20T01:07:40.074+0000] {processor.py:925} INFO - DAG(s) 'example_skip_dag' retrieved from /home/ubuntu/airflow_venv/lib/python3.12/site-packages/airflow/example_dags/example_skip_dag.py
[2024-11-20T01:07:40.091+0000] {logging_mixin.py:190} INFO - [2024-11-20T01:07:40.090+0000] {dag.py:3239} INFO - Sync 1 DAGs
[2024-11-20T01:07:40.108+0000] {logging_mixin.py:190} INFO - [2024-11-20T01:07:40.108+0000] {dag.py:4180} INFO - Setting next_dagrun for example_skip_dag to 2024-11-19 00:00:00+00:00, run_after=2024-11-20 00:00:00+00:00
[2024-11-20T01:07:40.129+0000] {processor.py:208} INFO - Processing /home/ubuntu/airflow_venv/lib/python3.12/site-packages/airflow/example_dags/example_skip_dag.py took 0.073 seconds
[2024-11-20T01:08:33.831+0000] {processor.py:186} INFO - Started process (PID=6276) to work on /home/ubuntu/airflow_venv/lib/python3.12/site-packages/airflow/example_dags/example_skip_dag.py
[2024-11-20T01:08:33.832+0000] {processor.py:914} INFO - Processing file /home/ubuntu/airflow_venv/lib/python3.12/site-packages/airflow/example_dags/example_skip_dag.py for tasks to queue
[2024-11-20T01:08:33.833+0000] {logging_mixin.py:190} INFO - [2024-11-20T01:08:33.833+0000] {dagbag.py:588} INFO - Filling up the DagBag from /home/ubuntu/airflow_venv/lib/python3.12/site-packages/airflow/example_dags/example_skip_dag.py
[2024-11-20T01:08:33.842+0000] {processor.py:925} INFO - DAG(s) 'example_skip_dag' retrieved from /home/ubuntu/airflow_venv/lib/python3.12/site-packages/airflow/example_dags/example_skip_dag.py
[2024-11-20T01:08:33.858+0000] {logging_mixin.py:190} INFO - [2024-11-20T01:08:33.858+0000] {dag.py:3239} INFO - Sync 1 DAGs
[2024-11-20T01:08:33.877+0000] {logging_mixin.py:190} INFO - [2024-11-20T01:08:33.877+0000] {dag.py:4180} INFO - Setting next_dagrun for example_skip_dag to 2024-11-19 00:00:00+00:00, run_after=2024-11-20 00:00:00+00:00
[2024-11-20T01:08:33.900+0000] {processor.py:208} INFO - Processing /home/ubuntu/airflow_venv/lib/python3.12/site-packages/airflow/example_dags/example_skip_dag.py took 0.077 seconds
[2024-11-20T01:09:31.445+0000] {processor.py:186} INFO - Started process (PID=6333) to work on /home/ubuntu/airflow_venv/lib/python3.12/site-packages/airflow/example_dags/example_skip_dag.py
[2024-11-20T01:09:31.447+0000] {processor.py:914} INFO - Processing file /home/ubuntu/airflow_venv/lib/python3.12/site-packages/airflow/example_dags/example_skip_dag.py for tasks to queue
[2024-11-20T01:09:31.448+0000] {logging_mixin.py:190} INFO - [2024-11-20T01:09:31.448+0000] {dagbag.py:588} INFO - Filling up the DagBag from /home/ubuntu/airflow_venv/lib/python3.12/site-packages/airflow/example_dags/example_skip_dag.py
[2024-11-20T01:09:31.457+0000] {processor.py:925} INFO - DAG(s) 'example_skip_dag' retrieved from /home/ubuntu/airflow_venv/lib/python3.12/site-packages/airflow/example_dags/example_skip_dag.py
[2024-11-20T01:09:31.473+0000] {logging_mixin.py:190} INFO - [2024-11-20T01:09:31.473+0000] {dag.py:3239} INFO - Sync 1 DAGs
[2024-11-20T01:09:31.492+0000] {logging_mixin.py:190} INFO - [2024-11-20T01:09:31.492+0000] {dag.py:4180} INFO - Setting next_dagrun for example_skip_dag to 2024-11-19 00:00:00+00:00, run_after=2024-11-20 00:00:00+00:00
[2024-11-20T01:09:31.515+0000] {processor.py:208} INFO - Processing /home/ubuntu/airflow_venv/lib/python3.12/site-packages/airflow/example_dags/example_skip_dag.py took 0.078 seconds
[2024-11-20T01:10:28.595+0000] {processor.py:186} INFO - Started process (PID=6397) to work on /home/ubuntu/airflow_venv/lib/python3.12/site-packages/airflow/example_dags/example_skip_dag.py
[2024-11-20T01:10:28.597+0000] {processor.py:914} INFO - Processing file /home/ubuntu/airflow_venv/lib/python3.12/site-packages/airflow/example_dags/example_skip_dag.py for tasks to queue
[2024-11-20T01:10:28.598+0000] {logging_mixin.py:190} INFO - [2024-11-20T01:10:28.598+0000] {dagbag.py:588} INFO - Filling up the DagBag from /home/ubuntu/airflow_venv/lib/python3.12/site-packages/airflow/example_dags/example_skip_dag.py
[2024-11-20T01:10:28.607+0000] {processor.py:925} INFO - DAG(s) 'example_skip_dag' retrieved from /home/ubuntu/airflow_venv/lib/python3.12/site-packages/airflow/example_dags/example_skip_dag.py
[2024-11-20T01:10:28.624+0000] {logging_mixin.py:190} INFO - [2024-11-20T01:10:28.623+0000] {dag.py:3239} INFO - Sync 1 DAGs
[2024-11-20T01:10:28.641+0000] {logging_mixin.py:190} INFO - [2024-11-20T01:10:28.641+0000] {dag.py:4180} INFO - Setting next_dagrun for example_skip_dag to 2024-11-19 00:00:00+00:00, run_after=2024-11-20 00:00:00+00:00
[2024-11-20T01:10:28.663+0000] {processor.py:208} INFO - Processing /home/ubuntu/airflow_venv/lib/python3.12/site-packages/airflow/example_dags/example_skip_dag.py took 0.075 seconds
[2024-11-20T01:11:23.602+0000] {processor.py:186} INFO - Started process (PID=6452) to work on /home/ubuntu/airflow_venv/lib/python3.12/site-packages/airflow/example_dags/example_skip_dag.py
[2024-11-20T01:11:23.603+0000] {processor.py:914} INFO - Processing file /home/ubuntu/airflow_venv/lib/python3.12/site-packages/airflow/example_dags/example_skip_dag.py for tasks to queue
[2024-11-20T01:11:23.605+0000] {logging_mixin.py:190} INFO - [2024-11-20T01:11:23.604+0000] {dagbag.py:588} INFO - Filling up the DagBag from /home/ubuntu/airflow_venv/lib/python3.12/site-packages/airflow/example_dags/example_skip_dag.py
[2024-11-20T01:11:23.614+0000] {processor.py:925} INFO - DAG(s) 'example_skip_dag' retrieved from /home/ubuntu/airflow_venv/lib/python3.12/site-packages/airflow/example_dags/example_skip_dag.py
[2024-11-20T01:11:23.631+0000] {logging_mixin.py:190} INFO - [2024-11-20T01:11:23.630+0000] {dag.py:3239} INFO - Sync 1 DAGs
[2024-11-20T01:11:23.650+0000] {logging_mixin.py:190} INFO - [2024-11-20T01:11:23.650+0000] {dag.py:4180} INFO - Setting next_dagrun for example_skip_dag to 2024-11-19 00:00:00+00:00, run_after=2024-11-20 00:00:00+00:00
[2024-11-20T01:11:23.672+0000] {processor.py:208} INFO - Processing /home/ubuntu/airflow_venv/lib/python3.12/site-packages/airflow/example_dags/example_skip_dag.py took 0.076 seconds
[2024-11-20T01:12:16.841+0000] {processor.py:186} INFO - Started process (PID=6509) to work on /home/ubuntu/airflow_venv/lib/python3.12/site-packages/airflow/example_dags/example_skip_dag.py
[2024-11-20T01:12:16.845+0000] {processor.py:914} INFO - Processing file /home/ubuntu/airflow_venv/lib/python3.12/site-packages/airflow/example_dags/example_skip_dag.py for tasks to queue
[2024-11-20T01:12:16.846+0000] {logging_mixin.py:190} INFO - [2024-11-20T01:12:16.846+0000] {dagbag.py:588} INFO - Filling up the DagBag from /home/ubuntu/airflow_venv/lib/python3.12/site-packages/airflow/example_dags/example_skip_dag.py
[2024-11-20T01:12:16.856+0000] {processor.py:925} INFO - DAG(s) 'example_skip_dag' retrieved from /home/ubuntu/airflow_venv/lib/python3.12/site-packages/airflow/example_dags/example_skip_dag.py
[2024-11-20T01:12:16.871+0000] {logging_mixin.py:190} INFO - [2024-11-20T01:12:16.871+0000] {dag.py:3239} INFO - Sync 1 DAGs
[2024-11-20T01:12:16.891+0000] {logging_mixin.py:190} INFO - [2024-11-20T01:12:16.891+0000] {dag.py:4180} INFO - Setting next_dagrun for example_skip_dag to 2024-11-19 00:00:00+00:00, run_after=2024-11-20 00:00:00+00:00
[2024-11-20T01:12:16.913+0000] {processor.py:208} INFO - Processing /home/ubuntu/airflow_venv/lib/python3.12/site-packages/airflow/example_dags/example_skip_dag.py took 0.078 seconds
