[2024-11-20T00:16:19.980+0000] {processor.py:186} INFO - Started process (PID=2033) to work on /home/ubuntu/airflow_venv/lib/python3.12/site-packages/airflow/example_dags/example_task_group.py
[2024-11-20T00:16:19.981+0000] {processor.py:914} INFO - Processing file /home/ubuntu/airflow_venv/lib/python3.12/site-packages/airflow/example_dags/example_task_group.py for tasks to queue
[2024-11-20T00:16:19.984+0000] {logging_mixin.py:190} INFO - [2024-11-20T00:16:19.984+0000] {dagbag.py:588} INFO - Filling up the DagBag from /home/ubuntu/airflow_venv/lib/python3.12/site-packages/airflow/example_dags/example_task_group.py
[2024-11-20T00:16:19.993+0000] {processor.py:925} INFO - DAG(s) 'example_task_group' retrieved from /home/ubuntu/airflow_venv/lib/python3.12/site-packages/airflow/example_dags/example_task_group.py
[2024-11-20T00:16:20.010+0000] {logging_mixin.py:190} INFO - [2024-11-20T00:16:20.010+0000] {dag.py:3239} INFO - Sync 1 DAGs
[2024-11-20T00:16:20.023+0000] {logging_mixin.py:190} INFO - [2024-11-20T00:16:20.023+0000] {dag.py:4180} INFO - Setting next_dagrun for example_task_group to None, run_after=None
[2024-11-20T00:16:20.044+0000] {processor.py:208} INFO - Processing /home/ubuntu/airflow_venv/lib/python3.12/site-packages/airflow/example_dags/example_task_group.py took 0.069 seconds
[2024-11-20T00:17:18.765+0000] {processor.py:186} INFO - Started process (PID=2104) to work on /home/ubuntu/airflow_venv/lib/python3.12/site-packages/airflow/example_dags/example_task_group.py
[2024-11-20T00:17:18.768+0000] {processor.py:914} INFO - Processing file /home/ubuntu/airflow_venv/lib/python3.12/site-packages/airflow/example_dags/example_task_group.py for tasks to queue
[2024-11-20T00:17:18.769+0000] {logging_mixin.py:190} INFO - [2024-11-20T00:17:18.769+0000] {dagbag.py:588} INFO - Filling up the DagBag from /home/ubuntu/airflow_venv/lib/python3.12/site-packages/airflow/example_dags/example_task_group.py
[2024-11-20T00:17:18.778+0000] {processor.py:925} INFO - DAG(s) 'example_task_group' retrieved from /home/ubuntu/airflow_venv/lib/python3.12/site-packages/airflow/example_dags/example_task_group.py
[2024-11-20T00:17:18.794+0000] {logging_mixin.py:190} INFO - [2024-11-20T00:17:18.794+0000] {dag.py:3239} INFO - Sync 1 DAGs
[2024-11-20T00:17:18.805+0000] {logging_mixin.py:190} INFO - [2024-11-20T00:17:18.805+0000] {dag.py:4180} INFO - Setting next_dagrun for example_task_group to None, run_after=None
[2024-11-20T00:17:18.826+0000] {processor.py:208} INFO - Processing /home/ubuntu/airflow_venv/lib/python3.12/site-packages/airflow/example_dags/example_task_group.py took 0.065 seconds
[2024-11-20T00:18:14.318+0000] {processor.py:186} INFO - Started process (PID=2162) to work on /home/ubuntu/airflow_venv/lib/python3.12/site-packages/airflow/example_dags/example_task_group.py
[2024-11-20T00:18:14.319+0000] {processor.py:914} INFO - Processing file /home/ubuntu/airflow_venv/lib/python3.12/site-packages/airflow/example_dags/example_task_group.py for tasks to queue
[2024-11-20T00:18:14.322+0000] {logging_mixin.py:190} INFO - [2024-11-20T00:18:14.320+0000] {dagbag.py:588} INFO - Filling up the DagBag from /home/ubuntu/airflow_venv/lib/python3.12/site-packages/airflow/example_dags/example_task_group.py
[2024-11-20T00:18:14.330+0000] {processor.py:925} INFO - DAG(s) 'example_task_group' retrieved from /home/ubuntu/airflow_venv/lib/python3.12/site-packages/airflow/example_dags/example_task_group.py
[2024-11-20T00:18:14.347+0000] {logging_mixin.py:190} INFO - [2024-11-20T00:18:14.346+0000] {dag.py:3239} INFO - Sync 1 DAGs
[2024-11-20T00:18:14.361+0000] {logging_mixin.py:190} INFO - [2024-11-20T00:18:14.360+0000] {dag.py:4180} INFO - Setting next_dagrun for example_task_group to None, run_after=None
[2024-11-20T00:18:14.385+0000] {processor.py:208} INFO - Processing /home/ubuntu/airflow_venv/lib/python3.12/site-packages/airflow/example_dags/example_task_group.py took 0.073 seconds
[2024-11-20T00:19:06.919+0000] {processor.py:186} INFO - Started process (PID=2215) to work on /home/ubuntu/airflow_venv/lib/python3.12/site-packages/airflow/example_dags/example_task_group.py
[2024-11-20T00:19:06.921+0000] {processor.py:914} INFO - Processing file /home/ubuntu/airflow_venv/lib/python3.12/site-packages/airflow/example_dags/example_task_group.py for tasks to queue
[2024-11-20T00:19:06.923+0000] {logging_mixin.py:190} INFO - [2024-11-20T00:19:06.923+0000] {dagbag.py:588} INFO - Filling up the DagBag from /home/ubuntu/airflow_venv/lib/python3.12/site-packages/airflow/example_dags/example_task_group.py
[2024-11-20T00:19:06.932+0000] {processor.py:925} INFO - DAG(s) 'example_task_group' retrieved from /home/ubuntu/airflow_venv/lib/python3.12/site-packages/airflow/example_dags/example_task_group.py
[2024-11-20T00:19:06.948+0000] {logging_mixin.py:190} INFO - [2024-11-20T00:19:06.948+0000] {dag.py:3239} INFO - Sync 1 DAGs
[2024-11-20T00:19:06.958+0000] {logging_mixin.py:190} INFO - [2024-11-20T00:19:06.958+0000] {dag.py:4180} INFO - Setting next_dagrun for example_task_group to None, run_after=None
[2024-11-20T00:19:06.980+0000] {processor.py:208} INFO - Processing /home/ubuntu/airflow_venv/lib/python3.12/site-packages/airflow/example_dags/example_task_group.py took 0.067 seconds
[2024-11-20T00:20:00.020+0000] {processor.py:186} INFO - Started process (PID=2272) to work on /home/ubuntu/airflow_venv/lib/python3.12/site-packages/airflow/example_dags/example_task_group.py
[2024-11-20T00:20:00.023+0000] {processor.py:914} INFO - Processing file /home/ubuntu/airflow_venv/lib/python3.12/site-packages/airflow/example_dags/example_task_group.py for tasks to queue
[2024-11-20T00:20:00.026+0000] {logging_mixin.py:190} INFO - [2024-11-20T00:20:00.025+0000] {dagbag.py:588} INFO - Filling up the DagBag from /home/ubuntu/airflow_venv/lib/python3.12/site-packages/airflow/example_dags/example_task_group.py
[2024-11-20T00:20:00.034+0000] {processor.py:925} INFO - DAG(s) 'example_task_group' retrieved from /home/ubuntu/airflow_venv/lib/python3.12/site-packages/airflow/example_dags/example_task_group.py
[2024-11-20T00:20:00.052+0000] {logging_mixin.py:190} INFO - [2024-11-20T00:20:00.052+0000] {dag.py:3239} INFO - Sync 1 DAGs
[2024-11-20T00:20:00.065+0000] {logging_mixin.py:190} INFO - [2024-11-20T00:20:00.064+0000] {dag.py:4180} INFO - Setting next_dagrun for example_task_group to None, run_after=None
[2024-11-20T00:20:00.087+0000] {processor.py:208} INFO - Processing /home/ubuntu/airflow_venv/lib/python3.12/site-packages/airflow/example_dags/example_task_group.py took 0.077 seconds
[2024-11-20T00:20:51.683+0000] {processor.py:186} INFO - Started process (PID=2329) to work on /home/ubuntu/airflow_venv/lib/python3.12/site-packages/airflow/example_dags/example_task_group.py
[2024-11-20T00:20:51.684+0000] {processor.py:914} INFO - Processing file /home/ubuntu/airflow_venv/lib/python3.12/site-packages/airflow/example_dags/example_task_group.py for tasks to queue
[2024-11-20T00:20:51.686+0000] {logging_mixin.py:190} INFO - [2024-11-20T00:20:51.686+0000] {dagbag.py:588} INFO - Filling up the DagBag from /home/ubuntu/airflow_venv/lib/python3.12/site-packages/airflow/example_dags/example_task_group.py
[2024-11-20T00:20:51.694+0000] {processor.py:925} INFO - DAG(s) 'example_task_group' retrieved from /home/ubuntu/airflow_venv/lib/python3.12/site-packages/airflow/example_dags/example_task_group.py
[2024-11-20T00:20:51.711+0000] {logging_mixin.py:190} INFO - [2024-11-20T00:20:51.711+0000] {dag.py:3239} INFO - Sync 1 DAGs
[2024-11-20T00:20:51.722+0000] {logging_mixin.py:190} INFO - [2024-11-20T00:20:51.722+0000] {dag.py:4180} INFO - Setting next_dagrun for example_task_group to None, run_after=None
[2024-11-20T00:20:51.744+0000] {processor.py:208} INFO - Processing /home/ubuntu/airflow_venv/lib/python3.12/site-packages/airflow/example_dags/example_task_group.py took 0.067 seconds
[2024-11-20T00:21:52.770+0000] {processor.py:186} INFO - Started process (PID=2389) to work on /home/ubuntu/airflow_venv/lib/python3.12/site-packages/airflow/example_dags/example_task_group.py
[2024-11-20T00:21:52.772+0000] {processor.py:914} INFO - Processing file /home/ubuntu/airflow_venv/lib/python3.12/site-packages/airflow/example_dags/example_task_group.py for tasks to queue
[2024-11-20T00:21:52.775+0000] {logging_mixin.py:190} INFO - [2024-11-20T00:21:52.774+0000] {dagbag.py:588} INFO - Filling up the DagBag from /home/ubuntu/airflow_venv/lib/python3.12/site-packages/airflow/example_dags/example_task_group.py
[2024-11-20T00:21:52.785+0000] {processor.py:925} INFO - DAG(s) 'example_task_group' retrieved from /home/ubuntu/airflow_venv/lib/python3.12/site-packages/airflow/example_dags/example_task_group.py
[2024-11-20T00:21:52.801+0000] {logging_mixin.py:190} INFO - [2024-11-20T00:21:52.800+0000] {dag.py:3239} INFO - Sync 1 DAGs
[2024-11-20T00:21:52.812+0000] {logging_mixin.py:190} INFO - [2024-11-20T00:21:52.812+0000] {dag.py:4180} INFO - Setting next_dagrun for example_task_group to None, run_after=None
[2024-11-20T00:21:52.834+0000] {processor.py:208} INFO - Processing /home/ubuntu/airflow_venv/lib/python3.12/site-packages/airflow/example_dags/example_task_group.py took 0.069 seconds
[2024-11-20T00:22:49.642+0000] {processor.py:186} INFO - Started process (PID=2448) to work on /home/ubuntu/airflow_venv/lib/python3.12/site-packages/airflow/example_dags/example_task_group.py
[2024-11-20T00:22:49.644+0000] {processor.py:914} INFO - Processing file /home/ubuntu/airflow_venv/lib/python3.12/site-packages/airflow/example_dags/example_task_group.py for tasks to queue
[2024-11-20T00:22:49.646+0000] {logging_mixin.py:190} INFO - [2024-11-20T00:22:49.646+0000] {dagbag.py:588} INFO - Filling up the DagBag from /home/ubuntu/airflow_venv/lib/python3.12/site-packages/airflow/example_dags/example_task_group.py
[2024-11-20T00:22:49.656+0000] {processor.py:925} INFO - DAG(s) 'example_task_group' retrieved from /home/ubuntu/airflow_venv/lib/python3.12/site-packages/airflow/example_dags/example_task_group.py
[2024-11-20T00:22:49.673+0000] {logging_mixin.py:190} INFO - [2024-11-20T00:22:49.673+0000] {dag.py:3239} INFO - Sync 1 DAGs
[2024-11-20T00:22:49.693+0000] {logging_mixin.py:190} INFO - [2024-11-20T00:22:49.692+0000] {dag.py:4180} INFO - Setting next_dagrun for example_task_group to None, run_after=None
[2024-11-20T00:22:49.716+0000] {processor.py:208} INFO - Processing /home/ubuntu/airflow_venv/lib/python3.12/site-packages/airflow/example_dags/example_task_group.py took 0.079 seconds
[2024-11-20T00:23:44.307+0000] {processor.py:186} INFO - Started process (PID=2504) to work on /home/ubuntu/airflow_venv/lib/python3.12/site-packages/airflow/example_dags/example_task_group.py
[2024-11-20T00:23:44.308+0000] {processor.py:914} INFO - Processing file /home/ubuntu/airflow_venv/lib/python3.12/site-packages/airflow/example_dags/example_task_group.py for tasks to queue
[2024-11-20T00:23:44.311+0000] {logging_mixin.py:190} INFO - [2024-11-20T00:23:44.311+0000] {dagbag.py:588} INFO - Filling up the DagBag from /home/ubuntu/airflow_venv/lib/python3.12/site-packages/airflow/example_dags/example_task_group.py
[2024-11-20T00:23:44.320+0000] {processor.py:925} INFO - DAG(s) 'example_task_group' retrieved from /home/ubuntu/airflow_venv/lib/python3.12/site-packages/airflow/example_dags/example_task_group.py
[2024-11-20T00:23:44.336+0000] {logging_mixin.py:190} INFO - [2024-11-20T00:23:44.336+0000] {dag.py:3239} INFO - Sync 1 DAGs
[2024-11-20T00:23:44.348+0000] {logging_mixin.py:190} INFO - [2024-11-20T00:23:44.348+0000] {dag.py:4180} INFO - Setting next_dagrun for example_task_group to None, run_after=None
[2024-11-20T00:23:44.370+0000] {processor.py:208} INFO - Processing /home/ubuntu/airflow_venv/lib/python3.12/site-packages/airflow/example_dags/example_task_group.py took 0.069 seconds
[2024-11-20T00:24:38.569+0000] {processor.py:186} INFO - Started process (PID=2560) to work on /home/ubuntu/airflow_venv/lib/python3.12/site-packages/airflow/example_dags/example_task_group.py
[2024-11-20T00:24:38.570+0000] {processor.py:914} INFO - Processing file /home/ubuntu/airflow_venv/lib/python3.12/site-packages/airflow/example_dags/example_task_group.py for tasks to queue
[2024-11-20T00:24:38.573+0000] {logging_mixin.py:190} INFO - [2024-11-20T00:24:38.572+0000] {dagbag.py:588} INFO - Filling up the DagBag from /home/ubuntu/airflow_venv/lib/python3.12/site-packages/airflow/example_dags/example_task_group.py
[2024-11-20T00:24:38.582+0000] {processor.py:925} INFO - DAG(s) 'example_task_group' retrieved from /home/ubuntu/airflow_venv/lib/python3.12/site-packages/airflow/example_dags/example_task_group.py
[2024-11-20T00:24:38.599+0000] {logging_mixin.py:190} INFO - [2024-11-20T00:24:38.599+0000] {dag.py:3239} INFO - Sync 1 DAGs
[2024-11-20T00:24:38.612+0000] {logging_mixin.py:190} INFO - [2024-11-20T00:24:38.611+0000] {dag.py:4180} INFO - Setting next_dagrun for example_task_group to None, run_after=None
[2024-11-20T00:24:38.633+0000] {processor.py:208} INFO - Processing /home/ubuntu/airflow_venv/lib/python3.12/site-packages/airflow/example_dags/example_task_group.py took 0.070 seconds
[2024-11-20T00:25:33.534+0000] {processor.py:186} INFO - Started process (PID=2618) to work on /home/ubuntu/airflow_venv/lib/python3.12/site-packages/airflow/example_dags/example_task_group.py
[2024-11-20T00:25:33.536+0000] {processor.py:914} INFO - Processing file /home/ubuntu/airflow_venv/lib/python3.12/site-packages/airflow/example_dags/example_task_group.py for tasks to queue
[2024-11-20T00:25:33.539+0000] {logging_mixin.py:190} INFO - [2024-11-20T00:25:33.538+0000] {dagbag.py:588} INFO - Filling up the DagBag from /home/ubuntu/airflow_venv/lib/python3.12/site-packages/airflow/example_dags/example_task_group.py
[2024-11-20T00:25:33.548+0000] {processor.py:925} INFO - DAG(s) 'example_task_group' retrieved from /home/ubuntu/airflow_venv/lib/python3.12/site-packages/airflow/example_dags/example_task_group.py
[2024-11-20T00:25:33.565+0000] {logging_mixin.py:190} INFO - [2024-11-20T00:25:33.565+0000] {dag.py:3239} INFO - Sync 1 DAGs
[2024-11-20T00:25:33.578+0000] {logging_mixin.py:190} INFO - [2024-11-20T00:25:33.578+0000] {dag.py:4180} INFO - Setting next_dagrun for example_task_group to None, run_after=None
[2024-11-20T00:25:33.599+0000] {processor.py:208} INFO - Processing /home/ubuntu/airflow_venv/lib/python3.12/site-packages/airflow/example_dags/example_task_group.py took 0.070 seconds
[2024-11-20T00:26:27.807+0000] {processor.py:186} INFO - Started process (PID=2677) to work on /home/ubuntu/airflow_venv/lib/python3.12/site-packages/airflow/example_dags/example_task_group.py
[2024-11-20T00:26:27.810+0000] {processor.py:914} INFO - Processing file /home/ubuntu/airflow_venv/lib/python3.12/site-packages/airflow/example_dags/example_task_group.py for tasks to queue
[2024-11-20T00:26:27.812+0000] {logging_mixin.py:190} INFO - [2024-11-20T00:26:27.811+0000] {dagbag.py:588} INFO - Filling up the DagBag from /home/ubuntu/airflow_venv/lib/python3.12/site-packages/airflow/example_dags/example_task_group.py
[2024-11-20T00:26:27.822+0000] {processor.py:925} INFO - DAG(s) 'example_task_group' retrieved from /home/ubuntu/airflow_venv/lib/python3.12/site-packages/airflow/example_dags/example_task_group.py
[2024-11-20T00:26:27.839+0000] {logging_mixin.py:190} INFO - [2024-11-20T00:26:27.838+0000] {dag.py:3239} INFO - Sync 1 DAGs
[2024-11-20T00:26:27.850+0000] {logging_mixin.py:190} INFO - [2024-11-20T00:26:27.850+0000] {dag.py:4180} INFO - Setting next_dagrun for example_task_group to None, run_after=None
[2024-11-20T00:26:27.871+0000] {processor.py:208} INFO - Processing /home/ubuntu/airflow_venv/lib/python3.12/site-packages/airflow/example_dags/example_task_group.py took 0.069 seconds
[2024-11-20T00:27:43.301+0000] {processor.py:186} INFO - Started process (PID=2773) to work on /home/ubuntu/airflow_venv/lib/python3.12/site-packages/airflow/example_dags/example_task_group.py
[2024-11-20T00:27:43.303+0000] {processor.py:914} INFO - Processing file /home/ubuntu/airflow_venv/lib/python3.12/site-packages/airflow/example_dags/example_task_group.py for tasks to queue
[2024-11-20T00:27:43.305+0000] {logging_mixin.py:190} INFO - [2024-11-20T00:27:43.305+0000] {dagbag.py:588} INFO - Filling up the DagBag from /home/ubuntu/airflow_venv/lib/python3.12/site-packages/airflow/example_dags/example_task_group.py
[2024-11-20T00:27:43.314+0000] {processor.py:925} INFO - DAG(s) 'example_task_group' retrieved from /home/ubuntu/airflow_venv/lib/python3.12/site-packages/airflow/example_dags/example_task_group.py
[2024-11-20T00:27:43.331+0000] {logging_mixin.py:190} INFO - [2024-11-20T00:27:43.331+0000] {dag.py:3239} INFO - Sync 1 DAGs
[2024-11-20T00:27:43.342+0000] {logging_mixin.py:190} INFO - [2024-11-20T00:27:43.342+0000] {dag.py:4180} INFO - Setting next_dagrun for example_task_group to None, run_after=None
[2024-11-20T00:27:43.364+0000] {processor.py:208} INFO - Processing /home/ubuntu/airflow_venv/lib/python3.12/site-packages/airflow/example_dags/example_task_group.py took 0.068 seconds
[2024-11-20T00:28:41.087+0000] {processor.py:186} INFO - Started process (PID=2895) to work on /home/ubuntu/airflow_venv/lib/python3.12/site-packages/airflow/example_dags/example_task_group.py
[2024-11-20T00:28:41.089+0000] {processor.py:914} INFO - Processing file /home/ubuntu/airflow_venv/lib/python3.12/site-packages/airflow/example_dags/example_task_group.py for tasks to queue
[2024-11-20T00:28:41.092+0000] {logging_mixin.py:190} INFO - [2024-11-20T00:28:41.092+0000] {dagbag.py:588} INFO - Filling up the DagBag from /home/ubuntu/airflow_venv/lib/python3.12/site-packages/airflow/example_dags/example_task_group.py
[2024-11-20T00:28:41.101+0000] {processor.py:925} INFO - DAG(s) 'example_task_group' retrieved from /home/ubuntu/airflow_venv/lib/python3.12/site-packages/airflow/example_dags/example_task_group.py
[2024-11-20T00:28:41.117+0000] {logging_mixin.py:190} INFO - [2024-11-20T00:28:41.117+0000] {dag.py:3239} INFO - Sync 1 DAGs
[2024-11-20T00:28:41.129+0000] {logging_mixin.py:190} INFO - [2024-11-20T00:28:41.129+0000] {dag.py:4180} INFO - Setting next_dagrun for example_task_group to None, run_after=None
[2024-11-20T00:28:41.154+0000] {processor.py:208} INFO - Processing /home/ubuntu/airflow_venv/lib/python3.12/site-packages/airflow/example_dags/example_task_group.py took 0.073 seconds
[2024-11-20T00:29:45.521+0000] {processor.py:186} INFO - Started process (PID=3025) to work on /home/ubuntu/airflow_venv/lib/python3.12/site-packages/airflow/example_dags/example_task_group.py
[2024-11-20T00:29:45.523+0000] {processor.py:914} INFO - Processing file /home/ubuntu/airflow_venv/lib/python3.12/site-packages/airflow/example_dags/example_task_group.py for tasks to queue
[2024-11-20T00:29:45.525+0000] {logging_mixin.py:190} INFO - [2024-11-20T00:29:45.524+0000] {dagbag.py:588} INFO - Filling up the DagBag from /home/ubuntu/airflow_venv/lib/python3.12/site-packages/airflow/example_dags/example_task_group.py
[2024-11-20T00:29:45.533+0000] {processor.py:925} INFO - DAG(s) 'example_task_group' retrieved from /home/ubuntu/airflow_venv/lib/python3.12/site-packages/airflow/example_dags/example_task_group.py
[2024-11-20T00:29:45.549+0000] {logging_mixin.py:190} INFO - [2024-11-20T00:29:45.549+0000] {dag.py:3239} INFO - Sync 1 DAGs
[2024-11-20T00:29:45.561+0000] {logging_mixin.py:190} INFO - [2024-11-20T00:29:45.561+0000] {dag.py:4180} INFO - Setting next_dagrun for example_task_group to None, run_after=None
[2024-11-20T00:29:45.584+0000] {processor.py:208} INFO - Processing /home/ubuntu/airflow_venv/lib/python3.12/site-packages/airflow/example_dags/example_task_group.py took 0.068 seconds
[2024-11-20T00:30:42.165+0000] {processor.py:186} INFO - Started process (PID=3087) to work on /home/ubuntu/airflow_venv/lib/python3.12/site-packages/airflow/example_dags/example_task_group.py
[2024-11-20T00:30:42.168+0000] {processor.py:914} INFO - Processing file /home/ubuntu/airflow_venv/lib/python3.12/site-packages/airflow/example_dags/example_task_group.py for tasks to queue
[2024-11-20T00:30:42.170+0000] {logging_mixin.py:190} INFO - [2024-11-20T00:30:42.169+0000] {dagbag.py:588} INFO - Filling up the DagBag from /home/ubuntu/airflow_venv/lib/python3.12/site-packages/airflow/example_dags/example_task_group.py
[2024-11-20T00:30:42.178+0000] {processor.py:925} INFO - DAG(s) 'example_task_group' retrieved from /home/ubuntu/airflow_venv/lib/python3.12/site-packages/airflow/example_dags/example_task_group.py
[2024-11-20T00:30:42.194+0000] {logging_mixin.py:190} INFO - [2024-11-20T00:30:42.194+0000] {dag.py:3239} INFO - Sync 1 DAGs
[2024-11-20T00:30:42.207+0000] {logging_mixin.py:190} INFO - [2024-11-20T00:30:42.207+0000] {dag.py:4180} INFO - Setting next_dagrun for example_task_group to None, run_after=None
[2024-11-20T00:30:42.234+0000] {processor.py:208} INFO - Processing /home/ubuntu/airflow_venv/lib/python3.12/site-packages/airflow/example_dags/example_task_group.py took 0.074 seconds
[2024-11-20T00:31:38.783+0000] {processor.py:186} INFO - Started process (PID=3282) to work on /home/ubuntu/airflow_venv/lib/python3.12/site-packages/airflow/example_dags/example_task_group.py
[2024-11-20T00:31:38.785+0000] {processor.py:914} INFO - Processing file /home/ubuntu/airflow_venv/lib/python3.12/site-packages/airflow/example_dags/example_task_group.py for tasks to queue
[2024-11-20T00:31:38.786+0000] {logging_mixin.py:190} INFO - [2024-11-20T00:31:38.785+0000] {dagbag.py:588} INFO - Filling up the DagBag from /home/ubuntu/airflow_venv/lib/python3.12/site-packages/airflow/example_dags/example_task_group.py
[2024-11-20T00:31:38.795+0000] {processor.py:925} INFO - DAG(s) 'example_task_group' retrieved from /home/ubuntu/airflow_venv/lib/python3.12/site-packages/airflow/example_dags/example_task_group.py
[2024-11-20T00:31:38.813+0000] {logging_mixin.py:190} INFO - [2024-11-20T00:31:38.813+0000] {dag.py:3239} INFO - Sync 1 DAGs
[2024-11-20T00:31:38.827+0000] {logging_mixin.py:190} INFO - [2024-11-20T00:31:38.827+0000] {dag.py:4180} INFO - Setting next_dagrun for example_task_group to None, run_after=None
[2024-11-20T00:31:38.851+0000] {processor.py:208} INFO - Processing /home/ubuntu/airflow_venv/lib/python3.12/site-packages/airflow/example_dags/example_task_group.py took 0.073 seconds
[2024-11-20T00:32:30.215+0000] {processor.py:186} INFO - Started process (PID=3339) to work on /home/ubuntu/airflow_venv/lib/python3.12/site-packages/airflow/example_dags/example_task_group.py
[2024-11-20T00:32:30.216+0000] {processor.py:914} INFO - Processing file /home/ubuntu/airflow_venv/lib/python3.12/site-packages/airflow/example_dags/example_task_group.py for tasks to queue
[2024-11-20T00:32:30.217+0000] {logging_mixin.py:190} INFO - [2024-11-20T00:32:30.217+0000] {dagbag.py:588} INFO - Filling up the DagBag from /home/ubuntu/airflow_venv/lib/python3.12/site-packages/airflow/example_dags/example_task_group.py
[2024-11-20T00:32:30.226+0000] {processor.py:925} INFO - DAG(s) 'example_task_group' retrieved from /home/ubuntu/airflow_venv/lib/python3.12/site-packages/airflow/example_dags/example_task_group.py
[2024-11-20T00:32:30.243+0000] {logging_mixin.py:190} INFO - [2024-11-20T00:32:30.242+0000] {dag.py:3239} INFO - Sync 1 DAGs
[2024-11-20T00:32:30.255+0000] {logging_mixin.py:190} INFO - [2024-11-20T00:32:30.255+0000] {dag.py:4180} INFO - Setting next_dagrun for example_task_group to None, run_after=None
[2024-11-20T00:32:30.278+0000] {processor.py:208} INFO - Processing /home/ubuntu/airflow_venv/lib/python3.12/site-packages/airflow/example_dags/example_task_group.py took 0.069 seconds
[2024-11-20T00:33:25.987+0000] {processor.py:186} INFO - Started process (PID=3919) to work on /home/ubuntu/airflow_venv/lib/python3.12/site-packages/airflow/example_dags/example_task_group.py
[2024-11-20T00:33:25.990+0000] {processor.py:914} INFO - Processing file /home/ubuntu/airflow_venv/lib/python3.12/site-packages/airflow/example_dags/example_task_group.py for tasks to queue
[2024-11-20T00:33:25.991+0000] {logging_mixin.py:190} INFO - [2024-11-20T00:33:25.991+0000] {dagbag.py:588} INFO - Filling up the DagBag from /home/ubuntu/airflow_venv/lib/python3.12/site-packages/airflow/example_dags/example_task_group.py
[2024-11-20T00:33:26.002+0000] {processor.py:925} INFO - DAG(s) 'example_task_group' retrieved from /home/ubuntu/airflow_venv/lib/python3.12/site-packages/airflow/example_dags/example_task_group.py
[2024-11-20T00:33:26.018+0000] {logging_mixin.py:190} INFO - [2024-11-20T00:33:26.018+0000] {dag.py:3239} INFO - Sync 1 DAGs
[2024-11-20T00:33:26.031+0000] {logging_mixin.py:190} INFO - [2024-11-20T00:33:26.030+0000] {dag.py:4180} INFO - Setting next_dagrun for example_task_group to None, run_after=None
[2024-11-20T00:33:26.050+0000] {processor.py:208} INFO - Processing /home/ubuntu/airflow_venv/lib/python3.12/site-packages/airflow/example_dags/example_task_group.py took 0.070 seconds
[2024-11-20T00:34:30.091+0000] {processor.py:186} INFO - Started process (PID=4039) to work on /home/ubuntu/airflow_venv/lib/python3.12/site-packages/airflow/example_dags/example_task_group.py
[2024-11-20T00:34:30.093+0000] {processor.py:914} INFO - Processing file /home/ubuntu/airflow_venv/lib/python3.12/site-packages/airflow/example_dags/example_task_group.py for tasks to queue
[2024-11-20T00:34:30.094+0000] {logging_mixin.py:190} INFO - [2024-11-20T00:34:30.093+0000] {dagbag.py:588} INFO - Filling up the DagBag from /home/ubuntu/airflow_venv/lib/python3.12/site-packages/airflow/example_dags/example_task_group.py
[2024-11-20T00:34:30.109+0000] {processor.py:925} INFO - DAG(s) 'example_task_group' retrieved from /home/ubuntu/airflow_venv/lib/python3.12/site-packages/airflow/example_dags/example_task_group.py
[2024-11-20T00:34:30.126+0000] {logging_mixin.py:190} INFO - [2024-11-20T00:34:30.126+0000] {dag.py:3239} INFO - Sync 1 DAGs
[2024-11-20T00:34:30.140+0000] {logging_mixin.py:190} INFO - [2024-11-20T00:34:30.139+0000] {dag.py:4180} INFO - Setting next_dagrun for example_task_group to None, run_after=None
[2024-11-20T00:34:30.162+0000] {processor.py:208} INFO - Processing /home/ubuntu/airflow_venv/lib/python3.12/site-packages/airflow/example_dags/example_task_group.py took 0.078 seconds
[2024-11-20T00:35:27.502+0000] {processor.py:186} INFO - Started process (PID=4126) to work on /home/ubuntu/airflow_venv/lib/python3.12/site-packages/airflow/example_dags/example_task_group.py
[2024-11-20T00:35:27.505+0000] {processor.py:914} INFO - Processing file /home/ubuntu/airflow_venv/lib/python3.12/site-packages/airflow/example_dags/example_task_group.py for tasks to queue
[2024-11-20T00:35:27.506+0000] {logging_mixin.py:190} INFO - [2024-11-20T00:35:27.505+0000] {dagbag.py:588} INFO - Filling up the DagBag from /home/ubuntu/airflow_venv/lib/python3.12/site-packages/airflow/example_dags/example_task_group.py
[2024-11-20T00:35:27.515+0000] {processor.py:925} INFO - DAG(s) 'example_task_group' retrieved from /home/ubuntu/airflow_venv/lib/python3.12/site-packages/airflow/example_dags/example_task_group.py
[2024-11-20T00:35:27.531+0000] {logging_mixin.py:190} INFO - [2024-11-20T00:35:27.531+0000] {dag.py:3239} INFO - Sync 1 DAGs
[2024-11-20T00:35:27.543+0000] {logging_mixin.py:190} INFO - [2024-11-20T00:35:27.543+0000] {dag.py:4180} INFO - Setting next_dagrun for example_task_group to None, run_after=None
[2024-11-20T00:35:27.565+0000] {processor.py:208} INFO - Processing /home/ubuntu/airflow_venv/lib/python3.12/site-packages/airflow/example_dags/example_task_group.py took 0.071 seconds
[2024-11-20T00:36:22.779+0000] {processor.py:186} INFO - Started process (PID=4182) to work on /home/ubuntu/airflow_venv/lib/python3.12/site-packages/airflow/example_dags/example_task_group.py
[2024-11-20T00:36:22.781+0000] {processor.py:914} INFO - Processing file /home/ubuntu/airflow_venv/lib/python3.12/site-packages/airflow/example_dags/example_task_group.py for tasks to queue
[2024-11-20T00:36:22.782+0000] {logging_mixin.py:190} INFO - [2024-11-20T00:36:22.782+0000] {dagbag.py:588} INFO - Filling up the DagBag from /home/ubuntu/airflow_venv/lib/python3.12/site-packages/airflow/example_dags/example_task_group.py
[2024-11-20T00:36:22.791+0000] {processor.py:925} INFO - DAG(s) 'example_task_group' retrieved from /home/ubuntu/airflow_venv/lib/python3.12/site-packages/airflow/example_dags/example_task_group.py
[2024-11-20T00:36:22.810+0000] {logging_mixin.py:190} INFO - [2024-11-20T00:36:22.809+0000] {dag.py:3239} INFO - Sync 1 DAGs
[2024-11-20T00:36:22.826+0000] {logging_mixin.py:190} INFO - [2024-11-20T00:36:22.826+0000] {dag.py:4180} INFO - Setting next_dagrun for example_task_group to None, run_after=None
[2024-11-20T00:36:22.848+0000] {processor.py:208} INFO - Processing /home/ubuntu/airflow_venv/lib/python3.12/site-packages/airflow/example_dags/example_task_group.py took 0.076 seconds
[2024-11-20T00:37:15.551+0000] {processor.py:186} INFO - Started process (PID=4237) to work on /home/ubuntu/airflow_venv/lib/python3.12/site-packages/airflow/example_dags/example_task_group.py
[2024-11-20T00:37:15.553+0000] {processor.py:914} INFO - Processing file /home/ubuntu/airflow_venv/lib/python3.12/site-packages/airflow/example_dags/example_task_group.py for tasks to queue
[2024-11-20T00:37:15.554+0000] {logging_mixin.py:190} INFO - [2024-11-20T00:37:15.554+0000] {dagbag.py:588} INFO - Filling up the DagBag from /home/ubuntu/airflow_venv/lib/python3.12/site-packages/airflow/example_dags/example_task_group.py
[2024-11-20T00:37:15.563+0000] {processor.py:925} INFO - DAG(s) 'example_task_group' retrieved from /home/ubuntu/airflow_venv/lib/python3.12/site-packages/airflow/example_dags/example_task_group.py
[2024-11-20T00:37:15.579+0000] {logging_mixin.py:190} INFO - [2024-11-20T00:37:15.579+0000] {dag.py:3239} INFO - Sync 1 DAGs
[2024-11-20T00:37:15.591+0000] {logging_mixin.py:190} INFO - [2024-11-20T00:37:15.591+0000] {dag.py:4180} INFO - Setting next_dagrun for example_task_group to None, run_after=None
[2024-11-20T00:37:15.612+0000] {processor.py:208} INFO - Processing /home/ubuntu/airflow_venv/lib/python3.12/site-packages/airflow/example_dags/example_task_group.py took 0.069 seconds
[2024-11-20T00:38:12.587+0000] {processor.py:186} INFO - Started process (PID=4322) to work on /home/ubuntu/airflow_venv/lib/python3.12/site-packages/airflow/example_dags/example_task_group.py
[2024-11-20T00:38:12.590+0000] {processor.py:914} INFO - Processing file /home/ubuntu/airflow_venv/lib/python3.12/site-packages/airflow/example_dags/example_task_group.py for tasks to queue
[2024-11-20T00:38:12.591+0000] {logging_mixin.py:190} INFO - [2024-11-20T00:38:12.591+0000] {dagbag.py:588} INFO - Filling up the DagBag from /home/ubuntu/airflow_venv/lib/python3.12/site-packages/airflow/example_dags/example_task_group.py
[2024-11-20T00:38:12.600+0000] {processor.py:925} INFO - DAG(s) 'example_task_group' retrieved from /home/ubuntu/airflow_venv/lib/python3.12/site-packages/airflow/example_dags/example_task_group.py
[2024-11-20T00:38:12.617+0000] {logging_mixin.py:190} INFO - [2024-11-20T00:38:12.617+0000] {dag.py:3239} INFO - Sync 1 DAGs
[2024-11-20T00:38:12.629+0000] {logging_mixin.py:190} INFO - [2024-11-20T00:38:12.629+0000] {dag.py:4180} INFO - Setting next_dagrun for example_task_group to None, run_after=None
[2024-11-20T00:38:12.651+0000] {processor.py:208} INFO - Processing /home/ubuntu/airflow_venv/lib/python3.12/site-packages/airflow/example_dags/example_task_group.py took 0.071 seconds
[2024-11-20T00:39:08.398+0000] {processor.py:186} INFO - Started process (PID=4380) to work on /home/ubuntu/airflow_venv/lib/python3.12/site-packages/airflow/example_dags/example_task_group.py
[2024-11-20T00:39:08.400+0000] {processor.py:914} INFO - Processing file /home/ubuntu/airflow_venv/lib/python3.12/site-packages/airflow/example_dags/example_task_group.py for tasks to queue
[2024-11-20T00:39:08.402+0000] {logging_mixin.py:190} INFO - [2024-11-20T00:39:08.401+0000] {dagbag.py:588} INFO - Filling up the DagBag from /home/ubuntu/airflow_venv/lib/python3.12/site-packages/airflow/example_dags/example_task_group.py
[2024-11-20T00:39:08.410+0000] {processor.py:925} INFO - DAG(s) 'example_task_group' retrieved from /home/ubuntu/airflow_venv/lib/python3.12/site-packages/airflow/example_dags/example_task_group.py
[2024-11-20T00:39:08.426+0000] {logging_mixin.py:190} INFO - [2024-11-20T00:39:08.426+0000] {dag.py:3239} INFO - Sync 1 DAGs
[2024-11-20T00:39:08.438+0000] {logging_mixin.py:190} INFO - [2024-11-20T00:39:08.438+0000] {dag.py:4180} INFO - Setting next_dagrun for example_task_group to None, run_after=None
[2024-11-20T00:39:08.459+0000] {processor.py:208} INFO - Processing /home/ubuntu/airflow_venv/lib/python3.12/site-packages/airflow/example_dags/example_task_group.py took 0.069 seconds
[2024-11-20T00:40:11.189+0000] {processor.py:186} INFO - Started process (PID=4476) to work on /home/ubuntu/airflow_venv/lib/python3.12/site-packages/airflow/example_dags/example_task_group.py
[2024-11-20T00:40:11.190+0000] {processor.py:914} INFO - Processing file /home/ubuntu/airflow_venv/lib/python3.12/site-packages/airflow/example_dags/example_task_group.py for tasks to queue
[2024-11-20T00:40:11.192+0000] {logging_mixin.py:190} INFO - [2024-11-20T00:40:11.191+0000] {dagbag.py:588} INFO - Filling up the DagBag from /home/ubuntu/airflow_venv/lib/python3.12/site-packages/airflow/example_dags/example_task_group.py
[2024-11-20T00:40:11.200+0000] {processor.py:925} INFO - DAG(s) 'example_task_group' retrieved from /home/ubuntu/airflow_venv/lib/python3.12/site-packages/airflow/example_dags/example_task_group.py
[2024-11-20T00:40:11.216+0000] {logging_mixin.py:190} INFO - [2024-11-20T00:40:11.215+0000] {dag.py:3239} INFO - Sync 1 DAGs
[2024-11-20T00:40:11.228+0000] {logging_mixin.py:190} INFO - [2024-11-20T00:40:11.228+0000] {dag.py:4180} INFO - Setting next_dagrun for example_task_group to None, run_after=None
[2024-11-20T00:40:11.252+0000] {processor.py:208} INFO - Processing /home/ubuntu/airflow_venv/lib/python3.12/site-packages/airflow/example_dags/example_task_group.py took 0.069 seconds
[2024-11-20T00:41:08.686+0000] {processor.py:186} INFO - Started process (PID=4537) to work on /home/ubuntu/airflow_venv/lib/python3.12/site-packages/airflow/example_dags/example_task_group.py
[2024-11-20T00:41:08.689+0000] {processor.py:914} INFO - Processing file /home/ubuntu/airflow_venv/lib/python3.12/site-packages/airflow/example_dags/example_task_group.py for tasks to queue
[2024-11-20T00:41:08.690+0000] {logging_mixin.py:190} INFO - [2024-11-20T00:41:08.690+0000] {dagbag.py:588} INFO - Filling up the DagBag from /home/ubuntu/airflow_venv/lib/python3.12/site-packages/airflow/example_dags/example_task_group.py
[2024-11-20T00:41:08.699+0000] {processor.py:925} INFO - DAG(s) 'example_task_group' retrieved from /home/ubuntu/airflow_venv/lib/python3.12/site-packages/airflow/example_dags/example_task_group.py
[2024-11-20T00:41:08.715+0000] {logging_mixin.py:190} INFO - [2024-11-20T00:41:08.715+0000] {dag.py:3239} INFO - Sync 1 DAGs
[2024-11-20T00:41:08.727+0000] {logging_mixin.py:190} INFO - [2024-11-20T00:41:08.727+0000] {dag.py:4180} INFO - Setting next_dagrun for example_task_group to None, run_after=None
[2024-11-20T00:41:08.753+0000] {processor.py:208} INFO - Processing /home/ubuntu/airflow_venv/lib/python3.12/site-packages/airflow/example_dags/example_task_group.py took 0.074 seconds
[2024-11-20T00:41:59.917+0000] {processor.py:186} INFO - Started process (PID=4592) to work on /home/ubuntu/airflow_venv/lib/python3.12/site-packages/airflow/example_dags/example_task_group.py
[2024-11-20T00:41:59.920+0000] {processor.py:914} INFO - Processing file /home/ubuntu/airflow_venv/lib/python3.12/site-packages/airflow/example_dags/example_task_group.py for tasks to queue
[2024-11-20T00:41:59.921+0000] {logging_mixin.py:190} INFO - [2024-11-20T00:41:59.920+0000] {dagbag.py:588} INFO - Filling up the DagBag from /home/ubuntu/airflow_venv/lib/python3.12/site-packages/airflow/example_dags/example_task_group.py
[2024-11-20T00:41:59.930+0000] {processor.py:925} INFO - DAG(s) 'example_task_group' retrieved from /home/ubuntu/airflow_venv/lib/python3.12/site-packages/airflow/example_dags/example_task_group.py
[2024-11-20T00:41:59.946+0000] {logging_mixin.py:190} INFO - [2024-11-20T00:41:59.946+0000] {dag.py:3239} INFO - Sync 1 DAGs
[2024-11-20T00:41:59.957+0000] {logging_mixin.py:190} INFO - [2024-11-20T00:41:59.957+0000] {dag.py:4180} INFO - Setting next_dagrun for example_task_group to None, run_after=None
[2024-11-20T00:41:59.980+0000] {processor.py:208} INFO - Processing /home/ubuntu/airflow_venv/lib/python3.12/site-packages/airflow/example_dags/example_task_group.py took 0.069 seconds
[2024-11-20T00:42:54.873+0000] {processor.py:186} INFO - Started process (PID=4647) to work on /home/ubuntu/airflow_venv/lib/python3.12/site-packages/airflow/example_dags/example_task_group.py
[2024-11-20T00:42:54.875+0000] {processor.py:914} INFO - Processing file /home/ubuntu/airflow_venv/lib/python3.12/site-packages/airflow/example_dags/example_task_group.py for tasks to queue
[2024-11-20T00:42:54.876+0000] {logging_mixin.py:190} INFO - [2024-11-20T00:42:54.875+0000] {dagbag.py:588} INFO - Filling up the DagBag from /home/ubuntu/airflow_venv/lib/python3.12/site-packages/airflow/example_dags/example_task_group.py
[2024-11-20T00:42:54.886+0000] {processor.py:925} INFO - DAG(s) 'example_task_group' retrieved from /home/ubuntu/airflow_venv/lib/python3.12/site-packages/airflow/example_dags/example_task_group.py
[2024-11-20T00:42:54.902+0000] {logging_mixin.py:190} INFO - [2024-11-20T00:42:54.902+0000] {dag.py:3239} INFO - Sync 1 DAGs
[2024-11-20T00:42:54.914+0000] {logging_mixin.py:190} INFO - [2024-11-20T00:42:54.914+0000] {dag.py:4180} INFO - Setting next_dagrun for example_task_group to None, run_after=None
[2024-11-20T00:42:54.937+0000] {processor.py:208} INFO - Processing /home/ubuntu/airflow_venv/lib/python3.12/site-packages/airflow/example_dags/example_task_group.py took 0.070 seconds
[2024-11-20T00:43:50.143+0000] {processor.py:186} INFO - Started process (PID=4706) to work on /home/ubuntu/airflow_venv/lib/python3.12/site-packages/airflow/example_dags/example_task_group.py
[2024-11-20T00:43:50.144+0000] {processor.py:914} INFO - Processing file /home/ubuntu/airflow_venv/lib/python3.12/site-packages/airflow/example_dags/example_task_group.py for tasks to queue
[2024-11-20T00:43:50.147+0000] {logging_mixin.py:190} INFO - [2024-11-20T00:43:50.146+0000] {dagbag.py:588} INFO - Filling up the DagBag from /home/ubuntu/airflow_venv/lib/python3.12/site-packages/airflow/example_dags/example_task_group.py
[2024-11-20T00:43:50.156+0000] {processor.py:925} INFO - DAG(s) 'example_task_group' retrieved from /home/ubuntu/airflow_venv/lib/python3.12/site-packages/airflow/example_dags/example_task_group.py
[2024-11-20T00:43:50.172+0000] {logging_mixin.py:190} INFO - [2024-11-20T00:43:50.172+0000] {dag.py:3239} INFO - Sync 1 DAGs
[2024-11-20T00:43:50.184+0000] {logging_mixin.py:190} INFO - [2024-11-20T00:43:50.184+0000] {dag.py:4180} INFO - Setting next_dagrun for example_task_group to None, run_after=None
[2024-11-20T00:43:50.207+0000] {processor.py:208} INFO - Processing /home/ubuntu/airflow_venv/lib/python3.12/site-packages/airflow/example_dags/example_task_group.py took 0.070 seconds
[2024-11-20T00:44:45.121+0000] {processor.py:186} INFO - Started process (PID=4761) to work on /home/ubuntu/airflow_venv/lib/python3.12/site-packages/airflow/example_dags/example_task_group.py
[2024-11-20T00:44:45.123+0000] {processor.py:914} INFO - Processing file /home/ubuntu/airflow_venv/lib/python3.12/site-packages/airflow/example_dags/example_task_group.py for tasks to queue
[2024-11-20T00:44:45.124+0000] {logging_mixin.py:190} INFO - [2024-11-20T00:44:45.124+0000] {dagbag.py:588} INFO - Filling up the DagBag from /home/ubuntu/airflow_venv/lib/python3.12/site-packages/airflow/example_dags/example_task_group.py
[2024-11-20T00:44:45.136+0000] {processor.py:925} INFO - DAG(s) 'example_task_group' retrieved from /home/ubuntu/airflow_venv/lib/python3.12/site-packages/airflow/example_dags/example_task_group.py
[2024-11-20T00:44:45.155+0000] {logging_mixin.py:190} INFO - [2024-11-20T00:44:45.155+0000] {dag.py:3239} INFO - Sync 1 DAGs
[2024-11-20T00:44:45.168+0000] {logging_mixin.py:190} INFO - [2024-11-20T00:44:45.167+0000] {dag.py:4180} INFO - Setting next_dagrun for example_task_group to None, run_after=None
[2024-11-20T00:44:45.189+0000] {processor.py:208} INFO - Processing /home/ubuntu/airflow_venv/lib/python3.12/site-packages/airflow/example_dags/example_task_group.py took 0.075 seconds
[2024-11-20T00:45:40.625+0000] {processor.py:186} INFO - Started process (PID=4821) to work on /home/ubuntu/airflow_venv/lib/python3.12/site-packages/airflow/example_dags/example_task_group.py
[2024-11-20T00:45:40.626+0000] {processor.py:914} INFO - Processing file /home/ubuntu/airflow_venv/lib/python3.12/site-packages/airflow/example_dags/example_task_group.py for tasks to queue
[2024-11-20T00:45:40.628+0000] {logging_mixin.py:190} INFO - [2024-11-20T00:45:40.628+0000] {dagbag.py:588} INFO - Filling up the DagBag from /home/ubuntu/airflow_venv/lib/python3.12/site-packages/airflow/example_dags/example_task_group.py
[2024-11-20T00:45:40.637+0000] {processor.py:925} INFO - DAG(s) 'example_task_group' retrieved from /home/ubuntu/airflow_venv/lib/python3.12/site-packages/airflow/example_dags/example_task_group.py
[2024-11-20T00:45:40.653+0000] {logging_mixin.py:190} INFO - [2024-11-20T00:45:40.652+0000] {dag.py:3239} INFO - Sync 1 DAGs
[2024-11-20T00:45:40.666+0000] {logging_mixin.py:190} INFO - [2024-11-20T00:45:40.666+0000] {dag.py:4180} INFO - Setting next_dagrun for example_task_group to None, run_after=None
[2024-11-20T00:45:40.687+0000] {processor.py:208} INFO - Processing /home/ubuntu/airflow_venv/lib/python3.12/site-packages/airflow/example_dags/example_task_group.py took 0.069 seconds
[2024-11-20T00:46:34.418+0000] {processor.py:186} INFO - Started process (PID=4878) to work on /home/ubuntu/airflow_venv/lib/python3.12/site-packages/airflow/example_dags/example_task_group.py
[2024-11-20T00:46:34.420+0000] {processor.py:914} INFO - Processing file /home/ubuntu/airflow_venv/lib/python3.12/site-packages/airflow/example_dags/example_task_group.py for tasks to queue
[2024-11-20T00:46:34.421+0000] {logging_mixin.py:190} INFO - [2024-11-20T00:46:34.420+0000] {dagbag.py:588} INFO - Filling up the DagBag from /home/ubuntu/airflow_venv/lib/python3.12/site-packages/airflow/example_dags/example_task_group.py
[2024-11-20T00:46:34.431+0000] {processor.py:925} INFO - DAG(s) 'example_task_group' retrieved from /home/ubuntu/airflow_venv/lib/python3.12/site-packages/airflow/example_dags/example_task_group.py
[2024-11-20T00:46:34.446+0000] {logging_mixin.py:190} INFO - [2024-11-20T00:46:34.446+0000] {dag.py:3239} INFO - Sync 1 DAGs
[2024-11-20T00:46:34.459+0000] {logging_mixin.py:190} INFO - [2024-11-20T00:46:34.459+0000] {dag.py:4180} INFO - Setting next_dagrun for example_task_group to None, run_after=None
[2024-11-20T00:46:34.483+0000] {processor.py:208} INFO - Processing /home/ubuntu/airflow_venv/lib/python3.12/site-packages/airflow/example_dags/example_task_group.py took 0.072 seconds
[2024-11-20T00:47:26.353+0000] {processor.py:186} INFO - Started process (PID=4932) to work on /home/ubuntu/airflow_venv/lib/python3.12/site-packages/airflow/example_dags/example_task_group.py
[2024-11-20T00:47:26.355+0000] {processor.py:914} INFO - Processing file /home/ubuntu/airflow_venv/lib/python3.12/site-packages/airflow/example_dags/example_task_group.py for tasks to queue
[2024-11-20T00:47:26.356+0000] {logging_mixin.py:190} INFO - [2024-11-20T00:47:26.355+0000] {dagbag.py:588} INFO - Filling up the DagBag from /home/ubuntu/airflow_venv/lib/python3.12/site-packages/airflow/example_dags/example_task_group.py
[2024-11-20T00:47:26.366+0000] {processor.py:925} INFO - DAG(s) 'example_task_group' retrieved from /home/ubuntu/airflow_venv/lib/python3.12/site-packages/airflow/example_dags/example_task_group.py
[2024-11-20T00:47:26.383+0000] {logging_mixin.py:190} INFO - [2024-11-20T00:47:26.383+0000] {dag.py:3239} INFO - Sync 1 DAGs
[2024-11-20T00:47:26.396+0000] {logging_mixin.py:190} INFO - [2024-11-20T00:47:26.396+0000] {dag.py:4180} INFO - Setting next_dagrun for example_task_group to None, run_after=None
[2024-11-20T00:47:26.417+0000] {processor.py:208} INFO - Processing /home/ubuntu/airflow_venv/lib/python3.12/site-packages/airflow/example_dags/example_task_group.py took 0.071 seconds
[2024-11-20T00:48:18.880+0000] {processor.py:186} INFO - Started process (PID=4986) to work on /home/ubuntu/airflow_venv/lib/python3.12/site-packages/airflow/example_dags/example_task_group.py
[2024-11-20T00:48:18.881+0000] {processor.py:914} INFO - Processing file /home/ubuntu/airflow_venv/lib/python3.12/site-packages/airflow/example_dags/example_task_group.py for tasks to queue
[2024-11-20T00:48:18.882+0000] {logging_mixin.py:190} INFO - [2024-11-20T00:48:18.881+0000] {dagbag.py:588} INFO - Filling up the DagBag from /home/ubuntu/airflow_venv/lib/python3.12/site-packages/airflow/example_dags/example_task_group.py
[2024-11-20T00:48:18.892+0000] {processor.py:925} INFO - DAG(s) 'example_task_group' retrieved from /home/ubuntu/airflow_venv/lib/python3.12/site-packages/airflow/example_dags/example_task_group.py
[2024-11-20T00:48:18.907+0000] {logging_mixin.py:190} INFO - [2024-11-20T00:48:18.907+0000] {dag.py:3239} INFO - Sync 1 DAGs
[2024-11-20T00:48:18.919+0000] {logging_mixin.py:190} INFO - [2024-11-20T00:48:18.918+0000] {dag.py:4180} INFO - Setting next_dagrun for example_task_group to None, run_after=None
[2024-11-20T00:48:18.940+0000] {processor.py:208} INFO - Processing /home/ubuntu/airflow_venv/lib/python3.12/site-packages/airflow/example_dags/example_task_group.py took 0.066 seconds
[2024-11-20T00:49:13.232+0000] {processor.py:186} INFO - Started process (PID=5043) to work on /home/ubuntu/airflow_venv/lib/python3.12/site-packages/airflow/example_dags/example_task_group.py
[2024-11-20T00:49:13.234+0000] {processor.py:914} INFO - Processing file /home/ubuntu/airflow_venv/lib/python3.12/site-packages/airflow/example_dags/example_task_group.py for tasks to queue
[2024-11-20T00:49:13.235+0000] {logging_mixin.py:190} INFO - [2024-11-20T00:49:13.234+0000] {dagbag.py:588} INFO - Filling up the DagBag from /home/ubuntu/airflow_venv/lib/python3.12/site-packages/airflow/example_dags/example_task_group.py
[2024-11-20T00:49:13.244+0000] {processor.py:925} INFO - DAG(s) 'example_task_group' retrieved from /home/ubuntu/airflow_venv/lib/python3.12/site-packages/airflow/example_dags/example_task_group.py
[2024-11-20T00:49:13.261+0000] {logging_mixin.py:190} INFO - [2024-11-20T00:49:13.260+0000] {dag.py:3239} INFO - Sync 1 DAGs
[2024-11-20T00:49:13.273+0000] {logging_mixin.py:190} INFO - [2024-11-20T00:49:13.273+0000] {dag.py:4180} INFO - Setting next_dagrun for example_task_group to None, run_after=None
[2024-11-20T00:49:13.294+0000] {processor.py:208} INFO - Processing /home/ubuntu/airflow_venv/lib/python3.12/site-packages/airflow/example_dags/example_task_group.py took 0.069 seconds
[2024-11-20T00:50:07.294+0000] {processor.py:186} INFO - Started process (PID=5099) to work on /home/ubuntu/airflow_venv/lib/python3.12/site-packages/airflow/example_dags/example_task_group.py
[2024-11-20T00:50:07.296+0000] {processor.py:914} INFO - Processing file /home/ubuntu/airflow_venv/lib/python3.12/site-packages/airflow/example_dags/example_task_group.py for tasks to queue
[2024-11-20T00:50:07.297+0000] {logging_mixin.py:190} INFO - [2024-11-20T00:50:07.297+0000] {dagbag.py:588} INFO - Filling up the DagBag from /home/ubuntu/airflow_venv/lib/python3.12/site-packages/airflow/example_dags/example_task_group.py
[2024-11-20T00:50:07.305+0000] {processor.py:925} INFO - DAG(s) 'example_task_group' retrieved from /home/ubuntu/airflow_venv/lib/python3.12/site-packages/airflow/example_dags/example_task_group.py
[2024-11-20T00:50:07.322+0000] {logging_mixin.py:190} INFO - [2024-11-20T00:50:07.322+0000] {dag.py:3239} INFO - Sync 1 DAGs
[2024-11-20T00:50:07.335+0000] {logging_mixin.py:190} INFO - [2024-11-20T00:50:07.334+0000] {dag.py:4180} INFO - Setting next_dagrun for example_task_group to None, run_after=None
[2024-11-20T00:50:07.358+0000] {processor.py:208} INFO - Processing /home/ubuntu/airflow_venv/lib/python3.12/site-packages/airflow/example_dags/example_task_group.py took 0.071 seconds
[2024-11-20T00:51:01.054+0000] {processor.py:186} INFO - Started process (PID=5157) to work on /home/ubuntu/airflow_venv/lib/python3.12/site-packages/airflow/example_dags/example_task_group.py
[2024-11-20T00:51:01.055+0000] {processor.py:914} INFO - Processing file /home/ubuntu/airflow_venv/lib/python3.12/site-packages/airflow/example_dags/example_task_group.py for tasks to queue
[2024-11-20T00:51:01.057+0000] {logging_mixin.py:190} INFO - [2024-11-20T00:51:01.057+0000] {dagbag.py:588} INFO - Filling up the DagBag from /home/ubuntu/airflow_venv/lib/python3.12/site-packages/airflow/example_dags/example_task_group.py
[2024-11-20T00:51:01.066+0000] {processor.py:925} INFO - DAG(s) 'example_task_group' retrieved from /home/ubuntu/airflow_venv/lib/python3.12/site-packages/airflow/example_dags/example_task_group.py
[2024-11-20T00:51:01.082+0000] {logging_mixin.py:190} INFO - [2024-11-20T00:51:01.082+0000] {dag.py:3239} INFO - Sync 1 DAGs
[2024-11-20T00:51:01.095+0000] {logging_mixin.py:190} INFO - [2024-11-20T00:51:01.094+0000] {dag.py:4180} INFO - Setting next_dagrun for example_task_group to None, run_after=None
[2024-11-20T00:51:01.117+0000] {processor.py:208} INFO - Processing /home/ubuntu/airflow_venv/lib/python3.12/site-packages/airflow/example_dags/example_task_group.py took 0.070 seconds
[2024-11-20T00:51:59.427+0000] {processor.py:186} INFO - Started process (PID=5216) to work on /home/ubuntu/airflow_venv/lib/python3.12/site-packages/airflow/example_dags/example_task_group.py
[2024-11-20T00:51:59.429+0000] {processor.py:914} INFO - Processing file /home/ubuntu/airflow_venv/lib/python3.12/site-packages/airflow/example_dags/example_task_group.py for tasks to queue
[2024-11-20T00:51:59.431+0000] {logging_mixin.py:190} INFO - [2024-11-20T00:51:59.430+0000] {dagbag.py:588} INFO - Filling up the DagBag from /home/ubuntu/airflow_venv/lib/python3.12/site-packages/airflow/example_dags/example_task_group.py
[2024-11-20T00:51:59.440+0000] {processor.py:925} INFO - DAG(s) 'example_task_group' retrieved from /home/ubuntu/airflow_venv/lib/python3.12/site-packages/airflow/example_dags/example_task_group.py
[2024-11-20T00:51:59.457+0000] {logging_mixin.py:190} INFO - [2024-11-20T00:51:59.456+0000] {dag.py:3239} INFO - Sync 1 DAGs
[2024-11-20T00:51:59.468+0000] {logging_mixin.py:190} INFO - [2024-11-20T00:51:59.468+0000] {dag.py:4180} INFO - Setting next_dagrun for example_task_group to None, run_after=None
[2024-11-20T00:51:59.489+0000] {processor.py:208} INFO - Processing /home/ubuntu/airflow_venv/lib/python3.12/site-packages/airflow/example_dags/example_task_group.py took 0.068 seconds
[2024-11-20T00:52:54.026+0000] {processor.py:186} INFO - Started process (PID=5272) to work on /home/ubuntu/airflow_venv/lib/python3.12/site-packages/airflow/example_dags/example_task_group.py
[2024-11-20T00:52:54.027+0000] {processor.py:914} INFO - Processing file /home/ubuntu/airflow_venv/lib/python3.12/site-packages/airflow/example_dags/example_task_group.py for tasks to queue
[2024-11-20T00:52:54.029+0000] {logging_mixin.py:190} INFO - [2024-11-20T00:52:54.028+0000] {dagbag.py:588} INFO - Filling up the DagBag from /home/ubuntu/airflow_venv/lib/python3.12/site-packages/airflow/example_dags/example_task_group.py
[2024-11-20T00:52:54.038+0000] {processor.py:925} INFO - DAG(s) 'example_task_group' retrieved from /home/ubuntu/airflow_venv/lib/python3.12/site-packages/airflow/example_dags/example_task_group.py
[2024-11-20T00:52:54.054+0000] {logging_mixin.py:190} INFO - [2024-11-20T00:52:54.054+0000] {dag.py:3239} INFO - Sync 1 DAGs
[2024-11-20T00:52:54.066+0000] {logging_mixin.py:190} INFO - [2024-11-20T00:52:54.066+0000] {dag.py:4180} INFO - Setting next_dagrun for example_task_group to None, run_after=None
[2024-11-20T00:52:54.087+0000] {processor.py:208} INFO - Processing /home/ubuntu/airflow_venv/lib/python3.12/site-packages/airflow/example_dags/example_task_group.py took 0.068 seconds
[2024-11-20T00:53:50.991+0000] {processor.py:186} INFO - Started process (PID=5330) to work on /home/ubuntu/airflow_venv/lib/python3.12/site-packages/airflow/example_dags/example_task_group.py
[2024-11-20T00:53:50.993+0000] {processor.py:914} INFO - Processing file /home/ubuntu/airflow_venv/lib/python3.12/site-packages/airflow/example_dags/example_task_group.py for tasks to queue
[2024-11-20T00:53:50.993+0000] {logging_mixin.py:190} INFO - [2024-11-20T00:53:50.993+0000] {dagbag.py:588} INFO - Filling up the DagBag from /home/ubuntu/airflow_venv/lib/python3.12/site-packages/airflow/example_dags/example_task_group.py
[2024-11-20T00:53:51.002+0000] {processor.py:925} INFO - DAG(s) 'example_task_group' retrieved from /home/ubuntu/airflow_venv/lib/python3.12/site-packages/airflow/example_dags/example_task_group.py
[2024-11-20T00:53:51.018+0000] {logging_mixin.py:190} INFO - [2024-11-20T00:53:51.018+0000] {dag.py:3239} INFO - Sync 1 DAGs
[2024-11-20T00:53:51.030+0000] {logging_mixin.py:190} INFO - [2024-11-20T00:53:51.030+0000] {dag.py:4180} INFO - Setting next_dagrun for example_task_group to None, run_after=None
[2024-11-20T00:53:51.054+0000] {processor.py:208} INFO - Processing /home/ubuntu/airflow_venv/lib/python3.12/site-packages/airflow/example_dags/example_task_group.py took 0.071 seconds
[2024-11-20T00:54:42.163+0000] {processor.py:186} INFO - Started process (PID=5397) to work on /home/ubuntu/airflow_venv/lib/python3.12/site-packages/airflow/example_dags/example_task_group.py
[2024-11-20T00:54:42.165+0000] {processor.py:914} INFO - Processing file /home/ubuntu/airflow_venv/lib/python3.12/site-packages/airflow/example_dags/example_task_group.py for tasks to queue
[2024-11-20T00:54:42.166+0000] {logging_mixin.py:190} INFO - [2024-11-20T00:54:42.166+0000] {dagbag.py:588} INFO - Filling up the DagBag from /home/ubuntu/airflow_venv/lib/python3.12/site-packages/airflow/example_dags/example_task_group.py
[2024-11-20T00:54:42.175+0000] {processor.py:925} INFO - DAG(s) 'example_task_group' retrieved from /home/ubuntu/airflow_venv/lib/python3.12/site-packages/airflow/example_dags/example_task_group.py
[2024-11-20T00:54:42.192+0000] {logging_mixin.py:190} INFO - [2024-11-20T00:54:42.191+0000] {dag.py:3239} INFO - Sync 1 DAGs
[2024-11-20T00:54:42.204+0000] {logging_mixin.py:190} INFO - [2024-11-20T00:54:42.204+0000] {dag.py:4180} INFO - Setting next_dagrun for example_task_group to None, run_after=None
[2024-11-20T00:54:42.224+0000] {processor.py:208} INFO - Processing /home/ubuntu/airflow_venv/lib/python3.12/site-packages/airflow/example_dags/example_task_group.py took 0.067 seconds
[2024-11-20T00:55:35.030+0000] {processor.py:186} INFO - Started process (PID=5456) to work on /home/ubuntu/airflow_venv/lib/python3.12/site-packages/airflow/example_dags/example_task_group.py
[2024-11-20T00:55:35.032+0000] {processor.py:914} INFO - Processing file /home/ubuntu/airflow_venv/lib/python3.12/site-packages/airflow/example_dags/example_task_group.py for tasks to queue
[2024-11-20T00:55:35.033+0000] {logging_mixin.py:190} INFO - [2024-11-20T00:55:35.032+0000] {dagbag.py:588} INFO - Filling up the DagBag from /home/ubuntu/airflow_venv/lib/python3.12/site-packages/airflow/example_dags/example_task_group.py
[2024-11-20T00:55:35.042+0000] {processor.py:925} INFO - DAG(s) 'example_task_group' retrieved from /home/ubuntu/airflow_venv/lib/python3.12/site-packages/airflow/example_dags/example_task_group.py
[2024-11-20T00:55:35.058+0000] {logging_mixin.py:190} INFO - [2024-11-20T00:55:35.058+0000] {dag.py:3239} INFO - Sync 1 DAGs
[2024-11-20T00:55:35.070+0000] {logging_mixin.py:190} INFO - [2024-11-20T00:55:35.070+0000] {dag.py:4180} INFO - Setting next_dagrun for example_task_group to None, run_after=None
[2024-11-20T00:55:35.092+0000] {processor.py:208} INFO - Processing /home/ubuntu/airflow_venv/lib/python3.12/site-packages/airflow/example_dags/example_task_group.py took 0.069 seconds
[2024-11-20T00:56:27.857+0000] {processor.py:186} INFO - Started process (PID=5511) to work on /home/ubuntu/airflow_venv/lib/python3.12/site-packages/airflow/example_dags/example_task_group.py
[2024-11-20T00:56:27.858+0000] {processor.py:914} INFO - Processing file /home/ubuntu/airflow_venv/lib/python3.12/site-packages/airflow/example_dags/example_task_group.py for tasks to queue
[2024-11-20T00:56:27.860+0000] {logging_mixin.py:190} INFO - [2024-11-20T00:56:27.859+0000] {dagbag.py:588} INFO - Filling up the DagBag from /home/ubuntu/airflow_venv/lib/python3.12/site-packages/airflow/example_dags/example_task_group.py
[2024-11-20T00:56:27.869+0000] {processor.py:925} INFO - DAG(s) 'example_task_group' retrieved from /home/ubuntu/airflow_venv/lib/python3.12/site-packages/airflow/example_dags/example_task_group.py
[2024-11-20T00:56:27.885+0000] {logging_mixin.py:190} INFO - [2024-11-20T00:56:27.885+0000] {dag.py:3239} INFO - Sync 1 DAGs
[2024-11-20T00:56:27.897+0000] {logging_mixin.py:190} INFO - [2024-11-20T00:56:27.897+0000] {dag.py:4180} INFO - Setting next_dagrun for example_task_group to None, run_after=None
[2024-11-20T00:56:27.918+0000] {processor.py:208} INFO - Processing /home/ubuntu/airflow_venv/lib/python3.12/site-packages/airflow/example_dags/example_task_group.py took 0.068 seconds
[2024-11-20T00:57:21.424+0000] {processor.py:186} INFO - Started process (PID=5568) to work on /home/ubuntu/airflow_venv/lib/python3.12/site-packages/airflow/example_dags/example_task_group.py
[2024-11-20T00:57:21.426+0000] {processor.py:914} INFO - Processing file /home/ubuntu/airflow_venv/lib/python3.12/site-packages/airflow/example_dags/example_task_group.py for tasks to queue
[2024-11-20T00:57:21.426+0000] {logging_mixin.py:190} INFO - [2024-11-20T00:57:21.426+0000] {dagbag.py:588} INFO - Filling up the DagBag from /home/ubuntu/airflow_venv/lib/python3.12/site-packages/airflow/example_dags/example_task_group.py
[2024-11-20T00:57:21.436+0000] {processor.py:925} INFO - DAG(s) 'example_task_group' retrieved from /home/ubuntu/airflow_venv/lib/python3.12/site-packages/airflow/example_dags/example_task_group.py
[2024-11-20T00:57:21.451+0000] {logging_mixin.py:190} INFO - [2024-11-20T00:57:21.451+0000] {dag.py:3239} INFO - Sync 1 DAGs
[2024-11-20T00:57:21.463+0000] {logging_mixin.py:190} INFO - [2024-11-20T00:57:21.463+0000] {dag.py:4180} INFO - Setting next_dagrun for example_task_group to None, run_after=None
[2024-11-20T00:57:21.489+0000] {processor.py:208} INFO - Processing /home/ubuntu/airflow_venv/lib/python3.12/site-packages/airflow/example_dags/example_task_group.py took 0.072 seconds
[2024-11-20T00:58:13.828+0000] {processor.py:186} INFO - Started process (PID=5623) to work on /home/ubuntu/airflow_venv/lib/python3.12/site-packages/airflow/example_dags/example_task_group.py
[2024-11-20T00:58:13.829+0000] {processor.py:914} INFO - Processing file /home/ubuntu/airflow_venv/lib/python3.12/site-packages/airflow/example_dags/example_task_group.py for tasks to queue
[2024-11-20T00:58:13.831+0000] {logging_mixin.py:190} INFO - [2024-11-20T00:58:13.831+0000] {dagbag.py:588} INFO - Filling up the DagBag from /home/ubuntu/airflow_venv/lib/python3.12/site-packages/airflow/example_dags/example_task_group.py
[2024-11-20T00:58:13.845+0000] {processor.py:925} INFO - DAG(s) 'example_task_group' retrieved from /home/ubuntu/airflow_venv/lib/python3.12/site-packages/airflow/example_dags/example_task_group.py
[2024-11-20T00:58:13.861+0000] {logging_mixin.py:190} INFO - [2024-11-20T00:58:13.861+0000] {dag.py:3239} INFO - Sync 1 DAGs
[2024-11-20T00:58:13.873+0000] {logging_mixin.py:190} INFO - [2024-11-20T00:58:13.873+0000] {dag.py:4180} INFO - Setting next_dagrun for example_task_group to None, run_after=None
[2024-11-20T00:58:13.895+0000] {processor.py:208} INFO - Processing /home/ubuntu/airflow_venv/lib/python3.12/site-packages/airflow/example_dags/example_task_group.py took 0.077 seconds
[2024-11-20T00:59:06.188+0000] {processor.py:186} INFO - Started process (PID=5682) to work on /home/ubuntu/airflow_venv/lib/python3.12/site-packages/airflow/example_dags/example_task_group.py
[2024-11-20T00:59:06.191+0000] {processor.py:914} INFO - Processing file /home/ubuntu/airflow_venv/lib/python3.12/site-packages/airflow/example_dags/example_task_group.py for tasks to queue
[2024-11-20T00:59:06.193+0000] {logging_mixin.py:190} INFO - [2024-11-20T00:59:06.192+0000] {dagbag.py:588} INFO - Filling up the DagBag from /home/ubuntu/airflow_venv/lib/python3.12/site-packages/airflow/example_dags/example_task_group.py
[2024-11-20T00:59:06.202+0000] {processor.py:925} INFO - DAG(s) 'example_task_group' retrieved from /home/ubuntu/airflow_venv/lib/python3.12/site-packages/airflow/example_dags/example_task_group.py
[2024-11-20T00:59:06.219+0000] {logging_mixin.py:190} INFO - [2024-11-20T00:59:06.219+0000] {dag.py:3239} INFO - Sync 1 DAGs
[2024-11-20T00:59:06.231+0000] {logging_mixin.py:190} INFO - [2024-11-20T00:59:06.230+0000] {dag.py:4180} INFO - Setting next_dagrun for example_task_group to None, run_after=None
[2024-11-20T00:59:06.253+0000] {processor.py:208} INFO - Processing /home/ubuntu/airflow_venv/lib/python3.12/site-packages/airflow/example_dags/example_task_group.py took 0.072 seconds
[2024-11-20T01:00:02.417+0000] {processor.py:186} INFO - Started process (PID=5738) to work on /home/ubuntu/airflow_venv/lib/python3.12/site-packages/airflow/example_dags/example_task_group.py
[2024-11-20T01:00:02.419+0000] {processor.py:914} INFO - Processing file /home/ubuntu/airflow_venv/lib/python3.12/site-packages/airflow/example_dags/example_task_group.py for tasks to queue
[2024-11-20T01:00:02.420+0000] {logging_mixin.py:190} INFO - [2024-11-20T01:00:02.420+0000] {dagbag.py:588} INFO - Filling up the DagBag from /home/ubuntu/airflow_venv/lib/python3.12/site-packages/airflow/example_dags/example_task_group.py
[2024-11-20T01:00:02.430+0000] {processor.py:925} INFO - DAG(s) 'example_task_group' retrieved from /home/ubuntu/airflow_venv/lib/python3.12/site-packages/airflow/example_dags/example_task_group.py
[2024-11-20T01:00:02.447+0000] {logging_mixin.py:190} INFO - [2024-11-20T01:00:02.447+0000] {dag.py:3239} INFO - Sync 1 DAGs
[2024-11-20T01:00:02.461+0000] {logging_mixin.py:190} INFO - [2024-11-20T01:00:02.461+0000] {dag.py:4180} INFO - Setting next_dagrun for example_task_group to None, run_after=None
[2024-11-20T01:00:02.485+0000] {processor.py:208} INFO - Processing /home/ubuntu/airflow_venv/lib/python3.12/site-packages/airflow/example_dags/example_task_group.py took 0.076 seconds
[2024-11-20T01:00:56.324+0000] {processor.py:186} INFO - Started process (PID=5797) to work on /home/ubuntu/airflow_venv/lib/python3.12/site-packages/airflow/example_dags/example_task_group.py
[2024-11-20T01:00:56.326+0000] {processor.py:914} INFO - Processing file /home/ubuntu/airflow_venv/lib/python3.12/site-packages/airflow/example_dags/example_task_group.py for tasks to queue
[2024-11-20T01:00:56.326+0000] {logging_mixin.py:190} INFO - [2024-11-20T01:00:56.326+0000] {dagbag.py:588} INFO - Filling up the DagBag from /home/ubuntu/airflow_venv/lib/python3.12/site-packages/airflow/example_dags/example_task_group.py
[2024-11-20T01:00:56.335+0000] {processor.py:925} INFO - DAG(s) 'example_task_group' retrieved from /home/ubuntu/airflow_venv/lib/python3.12/site-packages/airflow/example_dags/example_task_group.py
[2024-11-20T01:00:56.357+0000] {logging_mixin.py:190} INFO - [2024-11-20T01:00:56.357+0000] {dag.py:3239} INFO - Sync 1 DAGs
[2024-11-20T01:00:56.371+0000] {logging_mixin.py:190} INFO - [2024-11-20T01:00:56.371+0000] {dag.py:4180} INFO - Setting next_dagrun for example_task_group to None, run_after=None
[2024-11-20T01:00:56.393+0000] {processor.py:208} INFO - Processing /home/ubuntu/airflow_venv/lib/python3.12/site-packages/airflow/example_dags/example_task_group.py took 0.076 seconds
[2024-11-20T01:02:08.619+0000] {processor.py:186} INFO - Started process (PID=5877) to work on /home/ubuntu/airflow_venv/lib/python3.12/site-packages/airflow/example_dags/example_task_group.py
[2024-11-20T01:02:08.620+0000] {processor.py:914} INFO - Processing file /home/ubuntu/airflow_venv/lib/python3.12/site-packages/airflow/example_dags/example_task_group.py for tasks to queue
[2024-11-20T01:02:08.622+0000] {logging_mixin.py:190} INFO - [2024-11-20T01:02:08.621+0000] {dagbag.py:588} INFO - Filling up the DagBag from /home/ubuntu/airflow_venv/lib/python3.12/site-packages/airflow/example_dags/example_task_group.py
[2024-11-20T01:02:08.630+0000] {processor.py:925} INFO - DAG(s) 'example_task_group' retrieved from /home/ubuntu/airflow_venv/lib/python3.12/site-packages/airflow/example_dags/example_task_group.py
[2024-11-20T01:02:08.646+0000] {logging_mixin.py:190} INFO - [2024-11-20T01:02:08.646+0000] {dag.py:3239} INFO - Sync 1 DAGs
[2024-11-20T01:02:08.658+0000] {logging_mixin.py:190} INFO - [2024-11-20T01:02:08.658+0000] {dag.py:4180} INFO - Setting next_dagrun for example_task_group to None, run_after=None
[2024-11-20T01:02:08.681+0000] {processor.py:208} INFO - Processing /home/ubuntu/airflow_venv/lib/python3.12/site-packages/airflow/example_dags/example_task_group.py took 0.069 seconds
[2024-11-20T01:03:05.275+0000] {processor.py:186} INFO - Started process (PID=5935) to work on /home/ubuntu/airflow_venv/lib/python3.12/site-packages/airflow/example_dags/example_task_group.py
[2024-11-20T01:03:05.276+0000] {processor.py:914} INFO - Processing file /home/ubuntu/airflow_venv/lib/python3.12/site-packages/airflow/example_dags/example_task_group.py for tasks to queue
[2024-11-20T01:03:05.277+0000] {logging_mixin.py:190} INFO - [2024-11-20T01:03:05.277+0000] {dagbag.py:588} INFO - Filling up the DagBag from /home/ubuntu/airflow_venv/lib/python3.12/site-packages/airflow/example_dags/example_task_group.py
[2024-11-20T01:03:05.292+0000] {processor.py:925} INFO - DAG(s) 'example_task_group' retrieved from /home/ubuntu/airflow_venv/lib/python3.12/site-packages/airflow/example_dags/example_task_group.py
[2024-11-20T01:03:05.310+0000] {logging_mixin.py:190} INFO - [2024-11-20T01:03:05.310+0000] {dag.py:3239} INFO - Sync 1 DAGs
[2024-11-20T01:03:05.322+0000] {logging_mixin.py:190} INFO - [2024-11-20T01:03:05.322+0000] {dag.py:4180} INFO - Setting next_dagrun for example_task_group to None, run_after=None
[2024-11-20T01:03:05.344+0000] {processor.py:208} INFO - Processing /home/ubuntu/airflow_venv/lib/python3.12/site-packages/airflow/example_dags/example_task_group.py took 0.077 seconds
[2024-11-20T01:04:00.246+0000] {processor.py:186} INFO - Started process (PID=5992) to work on /home/ubuntu/airflow_venv/lib/python3.12/site-packages/airflow/example_dags/example_task_group.py
[2024-11-20T01:04:00.248+0000] {processor.py:914} INFO - Processing file /home/ubuntu/airflow_venv/lib/python3.12/site-packages/airflow/example_dags/example_task_group.py for tasks to queue
[2024-11-20T01:04:00.249+0000] {logging_mixin.py:190} INFO - [2024-11-20T01:04:00.248+0000] {dagbag.py:588} INFO - Filling up the DagBag from /home/ubuntu/airflow_venv/lib/python3.12/site-packages/airflow/example_dags/example_task_group.py
[2024-11-20T01:04:00.258+0000] {processor.py:925} INFO - DAG(s) 'example_task_group' retrieved from /home/ubuntu/airflow_venv/lib/python3.12/site-packages/airflow/example_dags/example_task_group.py
[2024-11-20T01:04:00.274+0000] {logging_mixin.py:190} INFO - [2024-11-20T01:04:00.274+0000] {dag.py:3239} INFO - Sync 1 DAGs
[2024-11-20T01:04:00.286+0000] {logging_mixin.py:190} INFO - [2024-11-20T01:04:00.286+0000] {dag.py:4180} INFO - Setting next_dagrun for example_task_group to None, run_after=None
[2024-11-20T01:04:00.306+0000] {processor.py:208} INFO - Processing /home/ubuntu/airflow_venv/lib/python3.12/site-packages/airflow/example_dags/example_task_group.py took 0.067 seconds
[2024-11-20T01:04:56.502+0000] {processor.py:186} INFO - Started process (PID=6048) to work on /home/ubuntu/airflow_venv/lib/python3.12/site-packages/airflow/example_dags/example_task_group.py
[2024-11-20T01:04:56.504+0000] {processor.py:914} INFO - Processing file /home/ubuntu/airflow_venv/lib/python3.12/site-packages/airflow/example_dags/example_task_group.py for tasks to queue
[2024-11-20T01:04:56.506+0000] {logging_mixin.py:190} INFO - [2024-11-20T01:04:56.505+0000] {dagbag.py:588} INFO - Filling up the DagBag from /home/ubuntu/airflow_venv/lib/python3.12/site-packages/airflow/example_dags/example_task_group.py
[2024-11-20T01:04:56.515+0000] {processor.py:925} INFO - DAG(s) 'example_task_group' retrieved from /home/ubuntu/airflow_venv/lib/python3.12/site-packages/airflow/example_dags/example_task_group.py
[2024-11-20T01:04:56.532+0000] {logging_mixin.py:190} INFO - [2024-11-20T01:04:56.532+0000] {dag.py:3239} INFO - Sync 1 DAGs
[2024-11-20T01:04:56.544+0000] {logging_mixin.py:190} INFO - [2024-11-20T01:04:56.543+0000] {dag.py:4180} INFO - Setting next_dagrun for example_task_group to None, run_after=None
[2024-11-20T01:04:56.566+0000] {processor.py:208} INFO - Processing /home/ubuntu/airflow_venv/lib/python3.12/site-packages/airflow/example_dags/example_task_group.py took 0.069 seconds
[2024-11-20T01:05:52.801+0000] {processor.py:186} INFO - Started process (PID=6110) to work on /home/ubuntu/airflow_venv/lib/python3.12/site-packages/airflow/example_dags/example_task_group.py
[2024-11-20T01:05:52.802+0000] {processor.py:914} INFO - Processing file /home/ubuntu/airflow_venv/lib/python3.12/site-packages/airflow/example_dags/example_task_group.py for tasks to queue
[2024-11-20T01:05:52.804+0000] {logging_mixin.py:190} INFO - [2024-11-20T01:05:52.803+0000] {dagbag.py:588} INFO - Filling up the DagBag from /home/ubuntu/airflow_venv/lib/python3.12/site-packages/airflow/example_dags/example_task_group.py
[2024-11-20T01:05:52.812+0000] {processor.py:925} INFO - DAG(s) 'example_task_group' retrieved from /home/ubuntu/airflow_venv/lib/python3.12/site-packages/airflow/example_dags/example_task_group.py
[2024-11-20T01:05:52.828+0000] {logging_mixin.py:190} INFO - [2024-11-20T01:05:52.828+0000] {dag.py:3239} INFO - Sync 1 DAGs
[2024-11-20T01:05:52.840+0000] {logging_mixin.py:190} INFO - [2024-11-20T01:05:52.840+0000] {dag.py:4180} INFO - Setting next_dagrun for example_task_group to None, run_after=None
[2024-11-20T01:05:52.863+0000] {processor.py:208} INFO - Processing /home/ubuntu/airflow_venv/lib/python3.12/site-packages/airflow/example_dags/example_task_group.py took 0.069 seconds
[2024-11-20T01:06:45.120+0000] {processor.py:186} INFO - Started process (PID=6164) to work on /home/ubuntu/airflow_venv/lib/python3.12/site-packages/airflow/example_dags/example_task_group.py
[2024-11-20T01:06:45.122+0000] {processor.py:914} INFO - Processing file /home/ubuntu/airflow_venv/lib/python3.12/site-packages/airflow/example_dags/example_task_group.py for tasks to queue
[2024-11-20T01:06:45.123+0000] {logging_mixin.py:190} INFO - [2024-11-20T01:06:45.123+0000] {dagbag.py:588} INFO - Filling up the DagBag from /home/ubuntu/airflow_venv/lib/python3.12/site-packages/airflow/example_dags/example_task_group.py
[2024-11-20T01:06:45.132+0000] {processor.py:925} INFO - DAG(s) 'example_task_group' retrieved from /home/ubuntu/airflow_venv/lib/python3.12/site-packages/airflow/example_dags/example_task_group.py
[2024-11-20T01:06:45.148+0000] {logging_mixin.py:190} INFO - [2024-11-20T01:06:45.148+0000] {dag.py:3239} INFO - Sync 1 DAGs
[2024-11-20T01:06:45.159+0000] {logging_mixin.py:190} INFO - [2024-11-20T01:06:45.159+0000] {dag.py:4180} INFO - Setting next_dagrun for example_task_group to None, run_after=None
[2024-11-20T01:06:45.183+0000] {processor.py:208} INFO - Processing /home/ubuntu/airflow_venv/lib/python3.12/site-packages/airflow/example_dags/example_task_group.py took 0.069 seconds
[2024-11-20T01:07:37.189+0000] {processor.py:186} INFO - Started process (PID=6219) to work on /home/ubuntu/airflow_venv/lib/python3.12/site-packages/airflow/example_dags/example_task_group.py
[2024-11-20T01:07:37.190+0000] {processor.py:914} INFO - Processing file /home/ubuntu/airflow_venv/lib/python3.12/site-packages/airflow/example_dags/example_task_group.py for tasks to queue
[2024-11-20T01:07:37.192+0000] {logging_mixin.py:190} INFO - [2024-11-20T01:07:37.191+0000] {dagbag.py:588} INFO - Filling up the DagBag from /home/ubuntu/airflow_venv/lib/python3.12/site-packages/airflow/example_dags/example_task_group.py
[2024-11-20T01:07:37.201+0000] {processor.py:925} INFO - DAG(s) 'example_task_group' retrieved from /home/ubuntu/airflow_venv/lib/python3.12/site-packages/airflow/example_dags/example_task_group.py
[2024-11-20T01:07:37.217+0000] {logging_mixin.py:190} INFO - [2024-11-20T01:07:37.217+0000] {dag.py:3239} INFO - Sync 1 DAGs
[2024-11-20T01:07:37.228+0000] {logging_mixin.py:190} INFO - [2024-11-20T01:07:37.228+0000] {dag.py:4180} INFO - Setting next_dagrun for example_task_group to None, run_after=None
[2024-11-20T01:07:37.251+0000] {processor.py:208} INFO - Processing /home/ubuntu/airflow_venv/lib/python3.12/site-packages/airflow/example_dags/example_task_group.py took 0.067 seconds
[2024-11-20T01:08:30.410+0000] {processor.py:186} INFO - Started process (PID=6273) to work on /home/ubuntu/airflow_venv/lib/python3.12/site-packages/airflow/example_dags/example_task_group.py
[2024-11-20T01:08:30.412+0000] {processor.py:914} INFO - Processing file /home/ubuntu/airflow_venv/lib/python3.12/site-packages/airflow/example_dags/example_task_group.py for tasks to queue
[2024-11-20T01:08:30.414+0000] {logging_mixin.py:190} INFO - [2024-11-20T01:08:30.414+0000] {dagbag.py:588} INFO - Filling up the DagBag from /home/ubuntu/airflow_venv/lib/python3.12/site-packages/airflow/example_dags/example_task_group.py
[2024-11-20T01:08:30.423+0000] {processor.py:925} INFO - DAG(s) 'example_task_group' retrieved from /home/ubuntu/airflow_venv/lib/python3.12/site-packages/airflow/example_dags/example_task_group.py
[2024-11-20T01:08:30.439+0000] {logging_mixin.py:190} INFO - [2024-11-20T01:08:30.439+0000] {dag.py:3239} INFO - Sync 1 DAGs
[2024-11-20T01:08:30.452+0000] {logging_mixin.py:190} INFO - [2024-11-20T01:08:30.452+0000] {dag.py:4180} INFO - Setting next_dagrun for example_task_group to None, run_after=None
[2024-11-20T01:08:30.473+0000] {processor.py:208} INFO - Processing /home/ubuntu/airflow_venv/lib/python3.12/site-packages/airflow/example_dags/example_task_group.py took 0.070 seconds
[2024-11-20T01:09:28.021+0000] {processor.py:186} INFO - Started process (PID=6330) to work on /home/ubuntu/airflow_venv/lib/python3.12/site-packages/airflow/example_dags/example_task_group.py
[2024-11-20T01:09:28.023+0000] {processor.py:914} INFO - Processing file /home/ubuntu/airflow_venv/lib/python3.12/site-packages/airflow/example_dags/example_task_group.py for tasks to queue
[2024-11-20T01:09:28.024+0000] {logging_mixin.py:190} INFO - [2024-11-20T01:09:28.024+0000] {dagbag.py:588} INFO - Filling up the DagBag from /home/ubuntu/airflow_venv/lib/python3.12/site-packages/airflow/example_dags/example_task_group.py
[2024-11-20T01:09:28.034+0000] {processor.py:925} INFO - DAG(s) 'example_task_group' retrieved from /home/ubuntu/airflow_venv/lib/python3.12/site-packages/airflow/example_dags/example_task_group.py
[2024-11-20T01:09:28.054+0000] {logging_mixin.py:190} INFO - [2024-11-20T01:09:28.054+0000] {dag.py:3239} INFO - Sync 1 DAGs
[2024-11-20T01:09:28.063+0000] {logging_mixin.py:190} INFO - [2024-11-20T01:09:28.063+0000] {dag.py:4180} INFO - Setting next_dagrun for example_task_group to None, run_after=None
[2024-11-20T01:09:28.084+0000] {processor.py:208} INFO - Processing /home/ubuntu/airflow_venv/lib/python3.12/site-packages/airflow/example_dags/example_task_group.py took 0.069 seconds
[2024-11-20T01:10:26.166+0000] {processor.py:186} INFO - Started process (PID=6394) to work on /home/ubuntu/airflow_venv/lib/python3.12/site-packages/airflow/example_dags/example_task_group.py
[2024-11-20T01:10:26.168+0000] {processor.py:914} INFO - Processing file /home/ubuntu/airflow_venv/lib/python3.12/site-packages/airflow/example_dags/example_task_group.py for tasks to queue
[2024-11-20T01:10:26.169+0000] {logging_mixin.py:190} INFO - [2024-11-20T01:10:26.169+0000] {dagbag.py:588} INFO - Filling up the DagBag from /home/ubuntu/airflow_venv/lib/python3.12/site-packages/airflow/example_dags/example_task_group.py
[2024-11-20T01:10:26.179+0000] {processor.py:925} INFO - DAG(s) 'example_task_group' retrieved from /home/ubuntu/airflow_venv/lib/python3.12/site-packages/airflow/example_dags/example_task_group.py
[2024-11-20T01:10:26.196+0000] {logging_mixin.py:190} INFO - [2024-11-20T01:10:26.196+0000] {dag.py:3239} INFO - Sync 1 DAGs
[2024-11-20T01:10:26.207+0000] {logging_mixin.py:190} INFO - [2024-11-20T01:10:26.207+0000] {dag.py:4180} INFO - Setting next_dagrun for example_task_group to None, run_after=None
[2024-11-20T01:10:26.229+0000] {processor.py:208} INFO - Processing /home/ubuntu/airflow_venv/lib/python3.12/site-packages/airflow/example_dags/example_task_group.py took 0.070 seconds
[2024-11-20T01:11:20.181+0000] {processor.py:186} INFO - Started process (PID=6449) to work on /home/ubuntu/airflow_venv/lib/python3.12/site-packages/airflow/example_dags/example_task_group.py
[2024-11-20T01:11:20.182+0000] {processor.py:914} INFO - Processing file /home/ubuntu/airflow_venv/lib/python3.12/site-packages/airflow/example_dags/example_task_group.py for tasks to queue
[2024-11-20T01:11:20.184+0000] {logging_mixin.py:190} INFO - [2024-11-20T01:11:20.183+0000] {dagbag.py:588} INFO - Filling up the DagBag from /home/ubuntu/airflow_venv/lib/python3.12/site-packages/airflow/example_dags/example_task_group.py
[2024-11-20T01:11:20.192+0000] {processor.py:925} INFO - DAG(s) 'example_task_group' retrieved from /home/ubuntu/airflow_venv/lib/python3.12/site-packages/airflow/example_dags/example_task_group.py
[2024-11-20T01:11:20.208+0000] {logging_mixin.py:190} INFO - [2024-11-20T01:11:20.208+0000] {dag.py:3239} INFO - Sync 1 DAGs
[2024-11-20T01:11:20.220+0000] {logging_mixin.py:190} INFO - [2024-11-20T01:11:20.220+0000] {dag.py:4180} INFO - Setting next_dagrun for example_task_group to None, run_after=None
[2024-11-20T01:11:20.244+0000] {processor.py:208} INFO - Processing /home/ubuntu/airflow_venv/lib/python3.12/site-packages/airflow/example_dags/example_task_group.py took 0.071 seconds
[2024-11-20T01:12:13.435+0000] {processor.py:186} INFO - Started process (PID=6506) to work on /home/ubuntu/airflow_venv/lib/python3.12/site-packages/airflow/example_dags/example_task_group.py
[2024-11-20T01:12:13.437+0000] {processor.py:914} INFO - Processing file /home/ubuntu/airflow_venv/lib/python3.12/site-packages/airflow/example_dags/example_task_group.py for tasks to queue
[2024-11-20T01:12:13.438+0000] {logging_mixin.py:190} INFO - [2024-11-20T01:12:13.437+0000] {dagbag.py:588} INFO - Filling up the DagBag from /home/ubuntu/airflow_venv/lib/python3.12/site-packages/airflow/example_dags/example_task_group.py
[2024-11-20T01:12:13.447+0000] {processor.py:925} INFO - DAG(s) 'example_task_group' retrieved from /home/ubuntu/airflow_venv/lib/python3.12/site-packages/airflow/example_dags/example_task_group.py
[2024-11-20T01:12:13.464+0000] {logging_mixin.py:190} INFO - [2024-11-20T01:12:13.463+0000] {dag.py:3239} INFO - Sync 1 DAGs
[2024-11-20T01:12:13.475+0000] {logging_mixin.py:190} INFO - [2024-11-20T01:12:13.475+0000] {dag.py:4180} INFO - Setting next_dagrun for example_task_group to None, run_after=None
[2024-11-20T01:12:13.497+0000] {processor.py:208} INFO - Processing /home/ubuntu/airflow_venv/lib/python3.12/site-packages/airflow/example_dags/example_task_group.py took 0.069 seconds
