[2024-11-20T00:16:40.674+0000] {processor.py:186} INFO - Started process (PID=2060) to work on /home/ubuntu/airflow_venv/lib/python3.12/site-packages/airflow/example_dags/example_kubernetes_executor.py
[2024-11-20T00:16:40.675+0000] {processor.py:914} INFO - Processing file /home/ubuntu/airflow_venv/lib/python3.12/site-packages/airflow/example_dags/example_kubernetes_executor.py for tasks to queue
[2024-11-20T00:16:40.677+0000] {logging_mixin.py:190} INFO - [2024-11-20T00:16:40.676+0000] {dagbag.py:588} INFO - Filling up the DagBag from /home/ubuntu/airflow_venv/lib/python3.12/site-packages/airflow/example_dags/example_kubernetes_executor.py
[2024-11-20T00:16:40.682+0000] {logging_mixin.py:190} INFO - [2024-11-20T00:16:40.682+0000] {example_kubernetes_executor.py:39} WARNING - The example_kubernetes_executor example DAG requires the kubernetes provider. Please install it with: pip install apache-airflow[cncf.kubernetes]
[2024-11-20T00:16:40.682+0000] {processor.py:927} WARNING - No viable dags retrieved from /home/ubuntu/airflow_venv/lib/python3.12/site-packages/airflow/example_dags/example_kubernetes_executor.py
[2024-11-20T00:16:40.693+0000] {processor.py:208} INFO - Processing /home/ubuntu/airflow_venv/lib/python3.12/site-packages/airflow/example_dags/example_kubernetes_executor.py took 0.024 seconds
[2024-11-20T00:17:40.187+0000] {processor.py:186} INFO - Started process (PID=2125) to work on /home/ubuntu/airflow_venv/lib/python3.12/site-packages/airflow/example_dags/example_kubernetes_executor.py
[2024-11-20T00:17:40.189+0000] {processor.py:914} INFO - Processing file /home/ubuntu/airflow_venv/lib/python3.12/site-packages/airflow/example_dags/example_kubernetes_executor.py for tasks to queue
[2024-11-20T00:17:40.191+0000] {logging_mixin.py:190} INFO - [2024-11-20T00:17:40.191+0000] {dagbag.py:588} INFO - Filling up the DagBag from /home/ubuntu/airflow_venv/lib/python3.12/site-packages/airflow/example_dags/example_kubernetes_executor.py
[2024-11-20T00:17:40.194+0000] {logging_mixin.py:190} INFO - [2024-11-20T00:17:40.194+0000] {example_kubernetes_executor.py:39} WARNING - The example_kubernetes_executor example DAG requires the kubernetes provider. Please install it with: pip install apache-airflow[cncf.kubernetes]
[2024-11-20T00:17:40.194+0000] {processor.py:927} WARNING - No viable dags retrieved from /home/ubuntu/airflow_venv/lib/python3.12/site-packages/airflow/example_dags/example_kubernetes_executor.py
[2024-11-20T00:17:40.205+0000] {processor.py:208} INFO - Processing /home/ubuntu/airflow_venv/lib/python3.12/site-packages/airflow/example_dags/example_kubernetes_executor.py took 0.023 seconds
[2024-11-20T00:18:34.934+0000] {processor.py:186} INFO - Started process (PID=2183) to work on /home/ubuntu/airflow_venv/lib/python3.12/site-packages/airflow/example_dags/example_kubernetes_executor.py
[2024-11-20T00:18:34.936+0000] {processor.py:914} INFO - Processing file /home/ubuntu/airflow_venv/lib/python3.12/site-packages/airflow/example_dags/example_kubernetes_executor.py for tasks to queue
[2024-11-20T00:18:34.938+0000] {logging_mixin.py:190} INFO - [2024-11-20T00:18:34.938+0000] {dagbag.py:588} INFO - Filling up the DagBag from /home/ubuntu/airflow_venv/lib/python3.12/site-packages/airflow/example_dags/example_kubernetes_executor.py
[2024-11-20T00:18:34.941+0000] {logging_mixin.py:190} INFO - [2024-11-20T00:18:34.941+0000] {example_kubernetes_executor.py:39} WARNING - The example_kubernetes_executor example DAG requires the kubernetes provider. Please install it with: pip install apache-airflow[cncf.kubernetes]
[2024-11-20T00:18:34.941+0000] {processor.py:927} WARNING - No viable dags retrieved from /home/ubuntu/airflow_venv/lib/python3.12/site-packages/airflow/example_dags/example_kubernetes_executor.py
[2024-11-20T00:18:34.952+0000] {processor.py:208} INFO - Processing /home/ubuntu/airflow_venv/lib/python3.12/site-packages/airflow/example_dags/example_kubernetes_executor.py took 0.025 seconds
[2024-11-20T00:19:30.473+0000] {processor.py:186} INFO - Started process (PID=2242) to work on /home/ubuntu/airflow_venv/lib/python3.12/site-packages/airflow/example_dags/example_kubernetes_executor.py
[2024-11-20T00:19:30.475+0000] {processor.py:914} INFO - Processing file /home/ubuntu/airflow_venv/lib/python3.12/site-packages/airflow/example_dags/example_kubernetes_executor.py for tasks to queue
[2024-11-20T00:19:30.477+0000] {logging_mixin.py:190} INFO - [2024-11-20T00:19:30.477+0000] {dagbag.py:588} INFO - Filling up the DagBag from /home/ubuntu/airflow_venv/lib/python3.12/site-packages/airflow/example_dags/example_kubernetes_executor.py
[2024-11-20T00:19:30.480+0000] {logging_mixin.py:190} INFO - [2024-11-20T00:19:30.480+0000] {example_kubernetes_executor.py:39} WARNING - The example_kubernetes_executor example DAG requires the kubernetes provider. Please install it with: pip install apache-airflow[cncf.kubernetes]
[2024-11-20T00:19:30.480+0000] {processor.py:927} WARNING - No viable dags retrieved from /home/ubuntu/airflow_venv/lib/python3.12/site-packages/airflow/example_dags/example_kubernetes_executor.py
[2024-11-20T00:19:30.491+0000] {processor.py:208} INFO - Processing /home/ubuntu/airflow_venv/lib/python3.12/site-packages/airflow/example_dags/example_kubernetes_executor.py took 0.024 seconds
[2024-11-20T00:20:24.685+0000] {processor.py:186} INFO - Started process (PID=2297) to work on /home/ubuntu/airflow_venv/lib/python3.12/site-packages/airflow/example_dags/example_kubernetes_executor.py
[2024-11-20T00:20:24.686+0000] {processor.py:914} INFO - Processing file /home/ubuntu/airflow_venv/lib/python3.12/site-packages/airflow/example_dags/example_kubernetes_executor.py for tasks to queue
[2024-11-20T00:20:24.689+0000] {logging_mixin.py:190} INFO - [2024-11-20T00:20:24.688+0000] {dagbag.py:588} INFO - Filling up the DagBag from /home/ubuntu/airflow_venv/lib/python3.12/site-packages/airflow/example_dags/example_kubernetes_executor.py
[2024-11-20T00:20:24.692+0000] {logging_mixin.py:190} INFO - [2024-11-20T00:20:24.692+0000] {example_kubernetes_executor.py:39} WARNING - The example_kubernetes_executor example DAG requires the kubernetes provider. Please install it with: pip install apache-airflow[cncf.kubernetes]
[2024-11-20T00:20:24.692+0000] {processor.py:927} WARNING - No viable dags retrieved from /home/ubuntu/airflow_venv/lib/python3.12/site-packages/airflow/example_dags/example_kubernetes_executor.py
[2024-11-20T00:20:24.703+0000] {processor.py:208} INFO - Processing /home/ubuntu/airflow_venv/lib/python3.12/site-packages/airflow/example_dags/example_kubernetes_executor.py took 0.024 seconds
[2024-11-20T00:21:21.010+0000] {processor.py:186} INFO - Started process (PID=2355) to work on /home/ubuntu/airflow_venv/lib/python3.12/site-packages/airflow/example_dags/example_kubernetes_executor.py
[2024-11-20T00:21:21.012+0000] {processor.py:914} INFO - Processing file /home/ubuntu/airflow_venv/lib/python3.12/site-packages/airflow/example_dags/example_kubernetes_executor.py for tasks to queue
[2024-11-20T00:21:21.014+0000] {logging_mixin.py:190} INFO - [2024-11-20T00:21:21.014+0000] {dagbag.py:588} INFO - Filling up the DagBag from /home/ubuntu/airflow_venv/lib/python3.12/site-packages/airflow/example_dags/example_kubernetes_executor.py
[2024-11-20T00:21:21.017+0000] {logging_mixin.py:190} INFO - [2024-11-20T00:21:21.017+0000] {example_kubernetes_executor.py:39} WARNING - The example_kubernetes_executor example DAG requires the kubernetes provider. Please install it with: pip install apache-airflow[cncf.kubernetes]
[2024-11-20T00:21:21.018+0000] {processor.py:927} WARNING - No viable dags retrieved from /home/ubuntu/airflow_venv/lib/python3.12/site-packages/airflow/example_dags/example_kubernetes_executor.py
[2024-11-20T00:21:21.027+0000] {processor.py:208} INFO - Processing /home/ubuntu/airflow_venv/lib/python3.12/site-packages/airflow/example_dags/example_kubernetes_executor.py took 0.024 seconds
[2024-11-20T00:22:21.760+0000] {processor.py:186} INFO - Started process (PID=2419) to work on /home/ubuntu/airflow_venv/lib/python3.12/site-packages/airflow/example_dags/example_kubernetes_executor.py
[2024-11-20T00:22:21.762+0000] {processor.py:914} INFO - Processing file /home/ubuntu/airflow_venv/lib/python3.12/site-packages/airflow/example_dags/example_kubernetes_executor.py for tasks to queue
[2024-11-20T00:22:21.765+0000] {logging_mixin.py:190} INFO - [2024-11-20T00:22:21.764+0000] {dagbag.py:588} INFO - Filling up the DagBag from /home/ubuntu/airflow_venv/lib/python3.12/site-packages/airflow/example_dags/example_kubernetes_executor.py
[2024-11-20T00:22:21.767+0000] {logging_mixin.py:190} INFO - [2024-11-20T00:22:21.767+0000] {example_kubernetes_executor.py:39} WARNING - The example_kubernetes_executor example DAG requires the kubernetes provider. Please install it with: pip install apache-airflow[cncf.kubernetes]
[2024-11-20T00:22:21.768+0000] {processor.py:927} WARNING - No viable dags retrieved from /home/ubuntu/airflow_venv/lib/python3.12/site-packages/airflow/example_dags/example_kubernetes_executor.py
[2024-11-20T00:22:21.778+0000] {processor.py:208} INFO - Processing /home/ubuntu/airflow_venv/lib/python3.12/site-packages/airflow/example_dags/example_kubernetes_executor.py took 0.023 seconds
[2024-11-20T00:23:17.278+0000] {processor.py:186} INFO - Started process (PID=2475) to work on /home/ubuntu/airflow_venv/lib/python3.12/site-packages/airflow/example_dags/example_kubernetes_executor.py
[2024-11-20T00:23:17.279+0000] {processor.py:914} INFO - Processing file /home/ubuntu/airflow_venv/lib/python3.12/site-packages/airflow/example_dags/example_kubernetes_executor.py for tasks to queue
[2024-11-20T00:23:17.281+0000] {logging_mixin.py:190} INFO - [2024-11-20T00:23:17.281+0000] {dagbag.py:588} INFO - Filling up the DagBag from /home/ubuntu/airflow_venv/lib/python3.12/site-packages/airflow/example_dags/example_kubernetes_executor.py
[2024-11-20T00:23:17.284+0000] {logging_mixin.py:190} INFO - [2024-11-20T00:23:17.284+0000] {example_kubernetes_executor.py:39} WARNING - The example_kubernetes_executor example DAG requires the kubernetes provider. Please install it with: pip install apache-airflow[cncf.kubernetes]
[2024-11-20T00:23:17.285+0000] {processor.py:927} WARNING - No viable dags retrieved from /home/ubuntu/airflow_venv/lib/python3.12/site-packages/airflow/example_dags/example_kubernetes_executor.py
[2024-11-20T00:23:17.295+0000] {processor.py:208} INFO - Processing /home/ubuntu/airflow_venv/lib/python3.12/site-packages/airflow/example_dags/example_kubernetes_executor.py took 0.023 seconds
[2024-11-20T00:24:12.370+0000] {processor.py:186} INFO - Started process (PID=2532) to work on /home/ubuntu/airflow_venv/lib/python3.12/site-packages/airflow/example_dags/example_kubernetes_executor.py
[2024-11-20T00:24:12.371+0000] {processor.py:914} INFO - Processing file /home/ubuntu/airflow_venv/lib/python3.12/site-packages/airflow/example_dags/example_kubernetes_executor.py for tasks to queue
[2024-11-20T00:24:12.374+0000] {logging_mixin.py:190} INFO - [2024-11-20T00:24:12.373+0000] {dagbag.py:588} INFO - Filling up the DagBag from /home/ubuntu/airflow_venv/lib/python3.12/site-packages/airflow/example_dags/example_kubernetes_executor.py
[2024-11-20T00:24:12.376+0000] {logging_mixin.py:190} INFO - [2024-11-20T00:24:12.376+0000] {example_kubernetes_executor.py:39} WARNING - The example_kubernetes_executor example DAG requires the kubernetes provider. Please install it with: pip install apache-airflow[cncf.kubernetes]
[2024-11-20T00:24:12.376+0000] {processor.py:927} WARNING - No viable dags retrieved from /home/ubuntu/airflow_venv/lib/python3.12/site-packages/airflow/example_dags/example_kubernetes_executor.py
[2024-11-20T00:24:12.387+0000] {processor.py:208} INFO - Processing /home/ubuntu/airflow_venv/lib/python3.12/site-packages/airflow/example_dags/example_kubernetes_executor.py took 0.023 seconds
[2024-11-20T00:25:06.554+0000] {processor.py:186} INFO - Started process (PID=2591) to work on /home/ubuntu/airflow_venv/lib/python3.12/site-packages/airflow/example_dags/example_kubernetes_executor.py
[2024-11-20T00:25:06.556+0000] {processor.py:914} INFO - Processing file /home/ubuntu/airflow_venv/lib/python3.12/site-packages/airflow/example_dags/example_kubernetes_executor.py for tasks to queue
[2024-11-20T00:25:06.559+0000] {logging_mixin.py:190} INFO - [2024-11-20T00:25:06.558+0000] {dagbag.py:588} INFO - Filling up the DagBag from /home/ubuntu/airflow_venv/lib/python3.12/site-packages/airflow/example_dags/example_kubernetes_executor.py
[2024-11-20T00:25:06.561+0000] {logging_mixin.py:190} INFO - [2024-11-20T00:25:06.561+0000] {example_kubernetes_executor.py:39} WARNING - The example_kubernetes_executor example DAG requires the kubernetes provider. Please install it with: pip install apache-airflow[cncf.kubernetes]
[2024-11-20T00:25:06.561+0000] {processor.py:927} WARNING - No viable dags retrieved from /home/ubuntu/airflow_venv/lib/python3.12/site-packages/airflow/example_dags/example_kubernetes_executor.py
[2024-11-20T00:25:06.572+0000] {processor.py:208} INFO - Processing /home/ubuntu/airflow_venv/lib/python3.12/site-packages/airflow/example_dags/example_kubernetes_executor.py took 0.024 seconds
[2024-11-20T00:25:59.453+0000] {processor.py:186} INFO - Started process (PID=2647) to work on /home/ubuntu/airflow_venv/lib/python3.12/site-packages/airflow/example_dags/example_kubernetes_executor.py
[2024-11-20T00:25:59.455+0000] {processor.py:914} INFO - Processing file /home/ubuntu/airflow_venv/lib/python3.12/site-packages/airflow/example_dags/example_kubernetes_executor.py for tasks to queue
[2024-11-20T00:25:59.458+0000] {logging_mixin.py:190} INFO - [2024-11-20T00:25:59.457+0000] {dagbag.py:588} INFO - Filling up the DagBag from /home/ubuntu/airflow_venv/lib/python3.12/site-packages/airflow/example_dags/example_kubernetes_executor.py
[2024-11-20T00:25:59.460+0000] {logging_mixin.py:190} INFO - [2024-11-20T00:25:59.460+0000] {example_kubernetes_executor.py:39} WARNING - The example_kubernetes_executor example DAG requires the kubernetes provider. Please install it with: pip install apache-airflow[cncf.kubernetes]
[2024-11-20T00:25:59.461+0000] {processor.py:927} WARNING - No viable dags retrieved from /home/ubuntu/airflow_venv/lib/python3.12/site-packages/airflow/example_dags/example_kubernetes_executor.py
[2024-11-20T00:25:59.471+0000] {processor.py:208} INFO - Processing /home/ubuntu/airflow_venv/lib/python3.12/site-packages/airflow/example_dags/example_kubernetes_executor.py took 0.024 seconds
[2024-11-20T00:27:14.143+0000] {processor.py:186} INFO - Started process (PID=2743) to work on /home/ubuntu/airflow_venv/lib/python3.12/site-packages/airflow/example_dags/example_kubernetes_executor.py
[2024-11-20T00:27:14.144+0000] {processor.py:914} INFO - Processing file /home/ubuntu/airflow_venv/lib/python3.12/site-packages/airflow/example_dags/example_kubernetes_executor.py for tasks to queue
[2024-11-20T00:27:14.147+0000] {logging_mixin.py:190} INFO - [2024-11-20T00:27:14.147+0000] {dagbag.py:588} INFO - Filling up the DagBag from /home/ubuntu/airflow_venv/lib/python3.12/site-packages/airflow/example_dags/example_kubernetes_executor.py
[2024-11-20T00:27:14.150+0000] {logging_mixin.py:190} INFO - [2024-11-20T00:27:14.149+0000] {example_kubernetes_executor.py:39} WARNING - The example_kubernetes_executor example DAG requires the kubernetes provider. Please install it with: pip install apache-airflow[cncf.kubernetes]
[2024-11-20T00:27:14.150+0000] {processor.py:927} WARNING - No viable dags retrieved from /home/ubuntu/airflow_venv/lib/python3.12/site-packages/airflow/example_dags/example_kubernetes_executor.py
[2024-11-20T00:27:14.162+0000] {processor.py:208} INFO - Processing /home/ubuntu/airflow_venv/lib/python3.12/site-packages/airflow/example_dags/example_kubernetes_executor.py took 0.024 seconds
[2024-11-20T00:28:16.723+0000] {processor.py:186} INFO - Started process (PID=2809) to work on /home/ubuntu/airflow_venv/lib/python3.12/site-packages/airflow/example_dags/example_kubernetes_executor.py
[2024-11-20T00:28:16.724+0000] {processor.py:914} INFO - Processing file /home/ubuntu/airflow_venv/lib/python3.12/site-packages/airflow/example_dags/example_kubernetes_executor.py for tasks to queue
[2024-11-20T00:28:16.726+0000] {logging_mixin.py:190} INFO - [2024-11-20T00:28:16.726+0000] {dagbag.py:588} INFO - Filling up the DagBag from /home/ubuntu/airflow_venv/lib/python3.12/site-packages/airflow/example_dags/example_kubernetes_executor.py
[2024-11-20T00:28:16.730+0000] {logging_mixin.py:190} INFO - [2024-11-20T00:28:16.729+0000] {example_kubernetes_executor.py:39} WARNING - The example_kubernetes_executor example DAG requires the kubernetes provider. Please install it with: pip install apache-airflow[cncf.kubernetes]
[2024-11-20T00:28:16.730+0000] {processor.py:927} WARNING - No viable dags retrieved from /home/ubuntu/airflow_venv/lib/python3.12/site-packages/airflow/example_dags/example_kubernetes_executor.py
[2024-11-20T00:28:16.741+0000] {processor.py:208} INFO - Processing /home/ubuntu/airflow_venv/lib/python3.12/site-packages/airflow/example_dags/example_kubernetes_executor.py took 0.023 seconds
[2024-11-20T00:29:16.892+0000] {processor.py:186} INFO - Started process (PID=2997) to work on /home/ubuntu/airflow_venv/lib/python3.12/site-packages/airflow/example_dags/example_kubernetes_executor.py
[2024-11-20T00:29:16.893+0000] {processor.py:914} INFO - Processing file /home/ubuntu/airflow_venv/lib/python3.12/site-packages/airflow/example_dags/example_kubernetes_executor.py for tasks to queue
[2024-11-20T00:29:16.894+0000] {logging_mixin.py:190} INFO - [2024-11-20T00:29:16.894+0000] {dagbag.py:588} INFO - Filling up the DagBag from /home/ubuntu/airflow_venv/lib/python3.12/site-packages/airflow/example_dags/example_kubernetes_executor.py
[2024-11-20T00:29:16.897+0000] {logging_mixin.py:190} INFO - [2024-11-20T00:29:16.897+0000] {example_kubernetes_executor.py:39} WARNING - The example_kubernetes_executor example DAG requires the kubernetes provider. Please install it with: pip install apache-airflow[cncf.kubernetes]
[2024-11-20T00:29:16.898+0000] {processor.py:927} WARNING - No viable dags retrieved from /home/ubuntu/airflow_venv/lib/python3.12/site-packages/airflow/example_dags/example_kubernetes_executor.py
[2024-11-20T00:29:16.908+0000] {processor.py:208} INFO - Processing /home/ubuntu/airflow_venv/lib/python3.12/site-packages/airflow/example_dags/example_kubernetes_executor.py took 0.022 seconds
[2024-11-20T00:30:17.562+0000] {processor.py:186} INFO - Started process (PID=3060) to work on /home/ubuntu/airflow_venv/lib/python3.12/site-packages/airflow/example_dags/example_kubernetes_executor.py
[2024-11-20T00:30:17.564+0000] {processor.py:914} INFO - Processing file /home/ubuntu/airflow_venv/lib/python3.12/site-packages/airflow/example_dags/example_kubernetes_executor.py for tasks to queue
[2024-11-20T00:30:17.565+0000] {logging_mixin.py:190} INFO - [2024-11-20T00:30:17.564+0000] {dagbag.py:588} INFO - Filling up the DagBag from /home/ubuntu/airflow_venv/lib/python3.12/site-packages/airflow/example_dags/example_kubernetes_executor.py
[2024-11-20T00:30:17.568+0000] {logging_mixin.py:190} INFO - [2024-11-20T00:30:17.568+0000] {example_kubernetes_executor.py:39} WARNING - The example_kubernetes_executor example DAG requires the kubernetes provider. Please install it with: pip install apache-airflow[cncf.kubernetes]
[2024-11-20T00:30:17.569+0000] {processor.py:927} WARNING - No viable dags retrieved from /home/ubuntu/airflow_venv/lib/python3.12/site-packages/airflow/example_dags/example_kubernetes_executor.py
[2024-11-20T00:30:17.582+0000] {processor.py:208} INFO - Processing /home/ubuntu/airflow_venv/lib/python3.12/site-packages/airflow/example_dags/example_kubernetes_executor.py took 0.026 seconds
[2024-11-20T00:31:11.946+0000] {processor.py:186} INFO - Started process (PID=3174) to work on /home/ubuntu/airflow_venv/lib/python3.12/site-packages/airflow/example_dags/example_kubernetes_executor.py
[2024-11-20T00:31:11.948+0000] {processor.py:914} INFO - Processing file /home/ubuntu/airflow_venv/lib/python3.12/site-packages/airflow/example_dags/example_kubernetes_executor.py for tasks to queue
[2024-11-20T00:31:11.949+0000] {logging_mixin.py:190} INFO - [2024-11-20T00:31:11.948+0000] {dagbag.py:588} INFO - Filling up the DagBag from /home/ubuntu/airflow_venv/lib/python3.12/site-packages/airflow/example_dags/example_kubernetes_executor.py
[2024-11-20T00:31:11.952+0000] {logging_mixin.py:190} INFO - [2024-11-20T00:31:11.952+0000] {example_kubernetes_executor.py:39} WARNING - The example_kubernetes_executor example DAG requires the kubernetes provider. Please install it with: pip install apache-airflow[cncf.kubernetes]
[2024-11-20T00:31:11.952+0000] {processor.py:927} WARNING - No viable dags retrieved from /home/ubuntu/airflow_venv/lib/python3.12/site-packages/airflow/example_dags/example_kubernetes_executor.py
[2024-11-20T00:31:11.962+0000] {processor.py:208} INFO - Processing /home/ubuntu/airflow_venv/lib/python3.12/site-packages/airflow/example_dags/example_kubernetes_executor.py took 0.021 seconds
[2024-11-20T00:32:06.767+0000] {processor.py:186} INFO - Started process (PID=3314) to work on /home/ubuntu/airflow_venv/lib/python3.12/site-packages/airflow/example_dags/example_kubernetes_executor.py
[2024-11-20T00:32:06.769+0000] {processor.py:914} INFO - Processing file /home/ubuntu/airflow_venv/lib/python3.12/site-packages/airflow/example_dags/example_kubernetes_executor.py for tasks to queue
[2024-11-20T00:32:06.771+0000] {logging_mixin.py:190} INFO - [2024-11-20T00:32:06.770+0000] {dagbag.py:588} INFO - Filling up the DagBag from /home/ubuntu/airflow_venv/lib/python3.12/site-packages/airflow/example_dags/example_kubernetes_executor.py
[2024-11-20T00:32:06.773+0000] {logging_mixin.py:190} INFO - [2024-11-20T00:32:06.773+0000] {example_kubernetes_executor.py:39} WARNING - The example_kubernetes_executor example DAG requires the kubernetes provider. Please install it with: pip install apache-airflow[cncf.kubernetes]
[2024-11-20T00:32:06.773+0000] {processor.py:927} WARNING - No viable dags retrieved from /home/ubuntu/airflow_venv/lib/python3.12/site-packages/airflow/example_dags/example_kubernetes_executor.py
[2024-11-20T00:32:06.783+0000] {processor.py:208} INFO - Processing /home/ubuntu/airflow_venv/lib/python3.12/site-packages/airflow/example_dags/example_kubernetes_executor.py took 0.022 seconds
[2024-11-20T00:33:00.124+0000] {processor.py:186} INFO - Started process (PID=3785) to work on /home/ubuntu/airflow_venv/lib/python3.12/site-packages/airflow/example_dags/example_kubernetes_executor.py
[2024-11-20T00:33:00.127+0000] {processor.py:914} INFO - Processing file /home/ubuntu/airflow_venv/lib/python3.12/site-packages/airflow/example_dags/example_kubernetes_executor.py for tasks to queue
[2024-11-20T00:33:00.129+0000] {logging_mixin.py:190} INFO - [2024-11-20T00:33:00.129+0000] {dagbag.py:588} INFO - Filling up the DagBag from /home/ubuntu/airflow_venv/lib/python3.12/site-packages/airflow/example_dags/example_kubernetes_executor.py
[2024-11-20T00:33:00.133+0000] {logging_mixin.py:190} INFO - [2024-11-20T00:33:00.132+0000] {example_kubernetes_executor.py:39} WARNING - The example_kubernetes_executor example DAG requires the kubernetes provider. Please install it with: pip install apache-airflow[cncf.kubernetes]
[2024-11-20T00:33:00.133+0000] {processor.py:927} WARNING - No viable dags retrieved from /home/ubuntu/airflow_venv/lib/python3.12/site-packages/airflow/example_dags/example_kubernetes_executor.py
[2024-11-20T00:33:00.143+0000] {processor.py:208} INFO - Processing /home/ubuntu/airflow_venv/lib/python3.12/site-packages/airflow/example_dags/example_kubernetes_executor.py took 0.025 seconds
[2024-11-20T00:34:04.936+0000] {processor.py:186} INFO - Started process (PID=4012) to work on /home/ubuntu/airflow_venv/lib/python3.12/site-packages/airflow/example_dags/example_kubernetes_executor.py
[2024-11-20T00:34:04.938+0000] {processor.py:914} INFO - Processing file /home/ubuntu/airflow_venv/lib/python3.12/site-packages/airflow/example_dags/example_kubernetes_executor.py for tasks to queue
[2024-11-20T00:34:04.942+0000] {logging_mixin.py:190} INFO - [2024-11-20T00:34:04.942+0000] {dagbag.py:588} INFO - Filling up the DagBag from /home/ubuntu/airflow_venv/lib/python3.12/site-packages/airflow/example_dags/example_kubernetes_executor.py
[2024-11-20T00:34:04.950+0000] {logging_mixin.py:190} INFO - [2024-11-20T00:34:04.950+0000] {example_kubernetes_executor.py:39} WARNING - The example_kubernetes_executor example DAG requires the kubernetes provider. Please install it with: pip install apache-airflow[cncf.kubernetes]
[2024-11-20T00:34:04.950+0000] {processor.py:927} WARNING - No viable dags retrieved from /home/ubuntu/airflow_venv/lib/python3.12/site-packages/airflow/example_dags/example_kubernetes_executor.py
[2024-11-20T00:34:04.960+0000] {processor.py:208} INFO - Processing /home/ubuntu/airflow_venv/lib/python3.12/site-packages/airflow/example_dags/example_kubernetes_executor.py took 0.035 seconds
[2024-11-20T00:35:04.041+0000] {processor.py:186} INFO - Started process (PID=4099) to work on /home/ubuntu/airflow_venv/lib/python3.12/site-packages/airflow/example_dags/example_kubernetes_executor.py
[2024-11-20T00:35:04.043+0000] {processor.py:914} INFO - Processing file /home/ubuntu/airflow_venv/lib/python3.12/site-packages/airflow/example_dags/example_kubernetes_executor.py for tasks to queue
[2024-11-20T00:35:04.045+0000] {logging_mixin.py:190} INFO - [2024-11-20T00:35:04.045+0000] {dagbag.py:588} INFO - Filling up the DagBag from /home/ubuntu/airflow_venv/lib/python3.12/site-packages/airflow/example_dags/example_kubernetes_executor.py
[2024-11-20T00:35:04.048+0000] {logging_mixin.py:190} INFO - [2024-11-20T00:35:04.048+0000] {example_kubernetes_executor.py:39} WARNING - The example_kubernetes_executor example DAG requires the kubernetes provider. Please install it with: pip install apache-airflow[cncf.kubernetes]
[2024-11-20T00:35:04.049+0000] {processor.py:927} WARNING - No viable dags retrieved from /home/ubuntu/airflow_venv/lib/python3.12/site-packages/airflow/example_dags/example_kubernetes_executor.py
[2024-11-20T00:35:04.059+0000] {processor.py:208} INFO - Processing /home/ubuntu/airflow_venv/lib/python3.12/site-packages/airflow/example_dags/example_kubernetes_executor.py took 0.025 seconds
[2024-11-20T00:35:58.415+0000] {processor.py:186} INFO - Started process (PID=4157) to work on /home/ubuntu/airflow_venv/lib/python3.12/site-packages/airflow/example_dags/example_kubernetes_executor.py
[2024-11-20T00:35:58.416+0000] {processor.py:914} INFO - Processing file /home/ubuntu/airflow_venv/lib/python3.12/site-packages/airflow/example_dags/example_kubernetes_executor.py for tasks to queue
[2024-11-20T00:35:58.417+0000] {logging_mixin.py:190} INFO - [2024-11-20T00:35:58.417+0000] {dagbag.py:588} INFO - Filling up the DagBag from /home/ubuntu/airflow_venv/lib/python3.12/site-packages/airflow/example_dags/example_kubernetes_executor.py
[2024-11-20T00:35:58.420+0000] {logging_mixin.py:190} INFO - [2024-11-20T00:35:58.420+0000] {example_kubernetes_executor.py:39} WARNING - The example_kubernetes_executor example DAG requires the kubernetes provider. Please install it with: pip install apache-airflow[cncf.kubernetes]
[2024-11-20T00:35:58.421+0000] {processor.py:927} WARNING - No viable dags retrieved from /home/ubuntu/airflow_venv/lib/python3.12/site-packages/airflow/example_dags/example_kubernetes_executor.py
[2024-11-20T00:35:58.431+0000] {processor.py:208} INFO - Processing /home/ubuntu/airflow_venv/lib/python3.12/site-packages/airflow/example_dags/example_kubernetes_executor.py took 0.023 seconds
[2024-11-20T00:36:52.059+0000] {processor.py:186} INFO - Started process (PID=4213) to work on /home/ubuntu/airflow_venv/lib/python3.12/site-packages/airflow/example_dags/example_kubernetes_executor.py
[2024-11-20T00:36:52.061+0000] {processor.py:914} INFO - Processing file /home/ubuntu/airflow_venv/lib/python3.12/site-packages/airflow/example_dags/example_kubernetes_executor.py for tasks to queue
[2024-11-20T00:36:52.062+0000] {logging_mixin.py:190} INFO - [2024-11-20T00:36:52.061+0000] {dagbag.py:588} INFO - Filling up the DagBag from /home/ubuntu/airflow_venv/lib/python3.12/site-packages/airflow/example_dags/example_kubernetes_executor.py
[2024-11-20T00:36:52.066+0000] {logging_mixin.py:190} INFO - [2024-11-20T00:36:52.065+0000] {example_kubernetes_executor.py:39} WARNING - The example_kubernetes_executor example DAG requires the kubernetes provider. Please install it with: pip install apache-airflow[cncf.kubernetes]
[2024-11-20T00:36:52.066+0000] {processor.py:927} WARNING - No viable dags retrieved from /home/ubuntu/airflow_venv/lib/python3.12/site-packages/airflow/example_dags/example_kubernetes_executor.py
[2024-11-20T00:36:52.076+0000] {processor.py:208} INFO - Processing /home/ubuntu/airflow_venv/lib/python3.12/site-packages/airflow/example_dags/example_kubernetes_executor.py took 0.024 seconds
[2024-11-20T00:37:47.993+0000] {processor.py:186} INFO - Started process (PID=4270) to work on /home/ubuntu/airflow_venv/lib/python3.12/site-packages/airflow/example_dags/example_kubernetes_executor.py
[2024-11-20T00:37:47.995+0000] {processor.py:914} INFO - Processing file /home/ubuntu/airflow_venv/lib/python3.12/site-packages/airflow/example_dags/example_kubernetes_executor.py for tasks to queue
[2024-11-20T00:37:47.996+0000] {logging_mixin.py:190} INFO - [2024-11-20T00:37:47.996+0000] {dagbag.py:588} INFO - Filling up the DagBag from /home/ubuntu/airflow_venv/lib/python3.12/site-packages/airflow/example_dags/example_kubernetes_executor.py
[2024-11-20T00:37:47.999+0000] {logging_mixin.py:190} INFO - [2024-11-20T00:37:47.999+0000] {example_kubernetes_executor.py:39} WARNING - The example_kubernetes_executor example DAG requires the kubernetes provider. Please install it with: pip install apache-airflow[cncf.kubernetes]
[2024-11-20T00:37:48.000+0000] {processor.py:927} WARNING - No viable dags retrieved from /home/ubuntu/airflow_venv/lib/python3.12/site-packages/airflow/example_dags/example_kubernetes_executor.py
[2024-11-20T00:37:48.010+0000] {processor.py:208} INFO - Processing /home/ubuntu/airflow_venv/lib/python3.12/site-packages/airflow/example_dags/example_kubernetes_executor.py took 0.023 seconds
[2024-11-20T00:38:44.569+0000] {processor.py:186} INFO - Started process (PID=4354) to work on /home/ubuntu/airflow_venv/lib/python3.12/site-packages/airflow/example_dags/example_kubernetes_executor.py
[2024-11-20T00:38:44.571+0000] {processor.py:914} INFO - Processing file /home/ubuntu/airflow_venv/lib/python3.12/site-packages/airflow/example_dags/example_kubernetes_executor.py for tasks to queue
[2024-11-20T00:38:44.572+0000] {logging_mixin.py:190} INFO - [2024-11-20T00:38:44.571+0000] {dagbag.py:588} INFO - Filling up the DagBag from /home/ubuntu/airflow_venv/lib/python3.12/site-packages/airflow/example_dags/example_kubernetes_executor.py
[2024-11-20T00:38:44.575+0000] {logging_mixin.py:190} INFO - [2024-11-20T00:38:44.575+0000] {example_kubernetes_executor.py:39} WARNING - The example_kubernetes_executor example DAG requires the kubernetes provider. Please install it with: pip install apache-airflow[cncf.kubernetes]
[2024-11-20T00:38:44.575+0000] {processor.py:927} WARNING - No viable dags retrieved from /home/ubuntu/airflow_venv/lib/python3.12/site-packages/airflow/example_dags/example_kubernetes_executor.py
[2024-11-20T00:38:44.586+0000] {processor.py:208} INFO - Processing /home/ubuntu/airflow_venv/lib/python3.12/site-packages/airflow/example_dags/example_kubernetes_executor.py took 0.023 seconds
[2024-11-20T00:39:44.127+0000] {processor.py:186} INFO - Started process (PID=4421) to work on /home/ubuntu/airflow_venv/lib/python3.12/site-packages/airflow/example_dags/example_kubernetes_executor.py
[2024-11-20T00:39:44.130+0000] {processor.py:914} INFO - Processing file /home/ubuntu/airflow_venv/lib/python3.12/site-packages/airflow/example_dags/example_kubernetes_executor.py for tasks to queue
[2024-11-20T00:39:44.131+0000] {logging_mixin.py:190} INFO - [2024-11-20T00:39:44.131+0000] {dagbag.py:588} INFO - Filling up the DagBag from /home/ubuntu/airflow_venv/lib/python3.12/site-packages/airflow/example_dags/example_kubernetes_executor.py
[2024-11-20T00:39:44.135+0000] {logging_mixin.py:190} INFO - [2024-11-20T00:39:44.135+0000] {example_kubernetes_executor.py:39} WARNING - The example_kubernetes_executor example DAG requires the kubernetes provider. Please install it with: pip install apache-airflow[cncf.kubernetes]
[2024-11-20T00:39:44.135+0000] {processor.py:927} WARNING - No viable dags retrieved from /home/ubuntu/airflow_venv/lib/python3.12/site-packages/airflow/example_dags/example_kubernetes_executor.py
[2024-11-20T00:39:44.152+0000] {processor.py:208} INFO - Processing /home/ubuntu/airflow_venv/lib/python3.12/site-packages/airflow/example_dags/example_kubernetes_executor.py took 0.031 seconds
[2024-11-20T00:40:43.789+0000] {processor.py:186} INFO - Started process (PID=4511) to work on /home/ubuntu/airflow_venv/lib/python3.12/site-packages/airflow/example_dags/example_kubernetes_executor.py
[2024-11-20T00:40:43.790+0000] {processor.py:914} INFO - Processing file /home/ubuntu/airflow_venv/lib/python3.12/site-packages/airflow/example_dags/example_kubernetes_executor.py for tasks to queue
[2024-11-20T00:40:43.792+0000] {logging_mixin.py:190} INFO - [2024-11-20T00:40:43.791+0000] {dagbag.py:588} INFO - Filling up the DagBag from /home/ubuntu/airflow_venv/lib/python3.12/site-packages/airflow/example_dags/example_kubernetes_executor.py
[2024-11-20T00:40:43.794+0000] {logging_mixin.py:190} INFO - [2024-11-20T00:40:43.794+0000] {example_kubernetes_executor.py:39} WARNING - The example_kubernetes_executor example DAG requires the kubernetes provider. Please install it with: pip install apache-airflow[cncf.kubernetes]
[2024-11-20T00:40:43.795+0000] {processor.py:927} WARNING - No viable dags retrieved from /home/ubuntu/airflow_venv/lib/python3.12/site-packages/airflow/example_dags/example_kubernetes_executor.py
[2024-11-20T00:40:43.805+0000] {processor.py:208} INFO - Processing /home/ubuntu/airflow_venv/lib/python3.12/site-packages/airflow/example_dags/example_kubernetes_executor.py took 0.023 seconds
[2024-11-20T00:41:37.227+0000] {processor.py:186} INFO - Started process (PID=4567) to work on /home/ubuntu/airflow_venv/lib/python3.12/site-packages/airflow/example_dags/example_kubernetes_executor.py
[2024-11-20T00:41:37.230+0000] {processor.py:914} INFO - Processing file /home/ubuntu/airflow_venv/lib/python3.12/site-packages/airflow/example_dags/example_kubernetes_executor.py for tasks to queue
[2024-11-20T00:41:37.231+0000] {logging_mixin.py:190} INFO - [2024-11-20T00:41:37.231+0000] {dagbag.py:588} INFO - Filling up the DagBag from /home/ubuntu/airflow_venv/lib/python3.12/site-packages/airflow/example_dags/example_kubernetes_executor.py
[2024-11-20T00:41:37.235+0000] {logging_mixin.py:190} INFO - [2024-11-20T00:41:37.235+0000] {example_kubernetes_executor.py:39} WARNING - The example_kubernetes_executor example DAG requires the kubernetes provider. Please install it with: pip install apache-airflow[cncf.kubernetes]
[2024-11-20T00:41:37.235+0000] {processor.py:927} WARNING - No viable dags retrieved from /home/ubuntu/airflow_venv/lib/python3.12/site-packages/airflow/example_dags/example_kubernetes_executor.py
[2024-11-20T00:41:37.246+0000] {processor.py:208} INFO - Processing /home/ubuntu/airflow_venv/lib/python3.12/site-packages/airflow/example_dags/example_kubernetes_executor.py took 0.025 seconds
[2024-11-20T00:42:28.915+0000] {processor.py:186} INFO - Started process (PID=4621) to work on /home/ubuntu/airflow_venv/lib/python3.12/site-packages/airflow/example_dags/example_kubernetes_executor.py
[2024-11-20T00:42:28.918+0000] {processor.py:914} INFO - Processing file /home/ubuntu/airflow_venv/lib/python3.12/site-packages/airflow/example_dags/example_kubernetes_executor.py for tasks to queue
[2024-11-20T00:42:28.919+0000] {logging_mixin.py:190} INFO - [2024-11-20T00:42:28.919+0000] {dagbag.py:588} INFO - Filling up the DagBag from /home/ubuntu/airflow_venv/lib/python3.12/site-packages/airflow/example_dags/example_kubernetes_executor.py
[2024-11-20T00:42:28.923+0000] {logging_mixin.py:190} INFO - [2024-11-20T00:42:28.923+0000] {example_kubernetes_executor.py:39} WARNING - The example_kubernetes_executor example DAG requires the kubernetes provider. Please install it with: pip install apache-airflow[cncf.kubernetes]
[2024-11-20T00:42:28.923+0000] {processor.py:927} WARNING - No viable dags retrieved from /home/ubuntu/airflow_venv/lib/python3.12/site-packages/airflow/example_dags/example_kubernetes_executor.py
[2024-11-20T00:42:28.934+0000] {processor.py:208} INFO - Processing /home/ubuntu/airflow_venv/lib/python3.12/site-packages/airflow/example_dags/example_kubernetes_executor.py took 0.025 seconds
[2024-11-20T00:43:27.150+0000] {processor.py:186} INFO - Started process (PID=4681) to work on /home/ubuntu/airflow_venv/lib/python3.12/site-packages/airflow/example_dags/example_kubernetes_executor.py
[2024-11-20T00:43:27.151+0000] {processor.py:914} INFO - Processing file /home/ubuntu/airflow_venv/lib/python3.12/site-packages/airflow/example_dags/example_kubernetes_executor.py for tasks to queue
[2024-11-20T00:43:27.153+0000] {logging_mixin.py:190} INFO - [2024-11-20T00:43:27.152+0000] {dagbag.py:588} INFO - Filling up the DagBag from /home/ubuntu/airflow_venv/lib/python3.12/site-packages/airflow/example_dags/example_kubernetes_executor.py
[2024-11-20T00:43:27.156+0000] {logging_mixin.py:190} INFO - [2024-11-20T00:43:27.156+0000] {example_kubernetes_executor.py:39} WARNING - The example_kubernetes_executor example DAG requires the kubernetes provider. Please install it with: pip install apache-airflow[cncf.kubernetes]
[2024-11-20T00:43:27.156+0000] {processor.py:927} WARNING - No viable dags retrieved from /home/ubuntu/airflow_venv/lib/python3.12/site-packages/airflow/example_dags/example_kubernetes_executor.py
[2024-11-20T00:43:27.166+0000] {processor.py:208} INFO - Processing /home/ubuntu/airflow_venv/lib/python3.12/site-packages/airflow/example_dags/example_kubernetes_executor.py took 0.023 seconds
[2024-11-20T00:44:22.104+0000] {processor.py:186} INFO - Started process (PID=4738) to work on /home/ubuntu/airflow_venv/lib/python3.12/site-packages/airflow/example_dags/example_kubernetes_executor.py
[2024-11-20T00:44:22.106+0000] {processor.py:914} INFO - Processing file /home/ubuntu/airflow_venv/lib/python3.12/site-packages/airflow/example_dags/example_kubernetes_executor.py for tasks to queue
[2024-11-20T00:44:22.107+0000] {logging_mixin.py:190} INFO - [2024-11-20T00:44:22.106+0000] {dagbag.py:588} INFO - Filling up the DagBag from /home/ubuntu/airflow_venv/lib/python3.12/site-packages/airflow/example_dags/example_kubernetes_executor.py
[2024-11-20T00:44:22.110+0000] {logging_mixin.py:190} INFO - [2024-11-20T00:44:22.110+0000] {example_kubernetes_executor.py:39} WARNING - The example_kubernetes_executor example DAG requires the kubernetes provider. Please install it with: pip install apache-airflow[cncf.kubernetes]
[2024-11-20T00:44:22.111+0000] {processor.py:927} WARNING - No viable dags retrieved from /home/ubuntu/airflow_venv/lib/python3.12/site-packages/airflow/example_dags/example_kubernetes_executor.py
[2024-11-20T00:44:22.121+0000] {processor.py:208} INFO - Processing /home/ubuntu/airflow_venv/lib/python3.12/site-packages/airflow/example_dags/example_kubernetes_executor.py took 0.024 seconds
[2024-11-20T00:45:15.406+0000] {processor.py:186} INFO - Started process (PID=4796) to work on /home/ubuntu/airflow_venv/lib/python3.12/site-packages/airflow/example_dags/example_kubernetes_executor.py
[2024-11-20T00:45:15.408+0000] {processor.py:914} INFO - Processing file /home/ubuntu/airflow_venv/lib/python3.12/site-packages/airflow/example_dags/example_kubernetes_executor.py for tasks to queue
[2024-11-20T00:45:15.409+0000] {logging_mixin.py:190} INFO - [2024-11-20T00:45:15.408+0000] {dagbag.py:588} INFO - Filling up the DagBag from /home/ubuntu/airflow_venv/lib/python3.12/site-packages/airflow/example_dags/example_kubernetes_executor.py
[2024-11-20T00:45:15.413+0000] {logging_mixin.py:190} INFO - [2024-11-20T00:45:15.413+0000] {example_kubernetes_executor.py:39} WARNING - The example_kubernetes_executor example DAG requires the kubernetes provider. Please install it with: pip install apache-airflow[cncf.kubernetes]
[2024-11-20T00:45:15.414+0000] {processor.py:927} WARNING - No viable dags retrieved from /home/ubuntu/airflow_venv/lib/python3.12/site-packages/airflow/example_dags/example_kubernetes_executor.py
[2024-11-20T00:45:15.423+0000] {processor.py:208} INFO - Processing /home/ubuntu/airflow_venv/lib/python3.12/site-packages/airflow/example_dags/example_kubernetes_executor.py took 0.025 seconds
[2024-11-20T00:46:10.540+0000] {processor.py:186} INFO - Started process (PID=4853) to work on /home/ubuntu/airflow_venv/lib/python3.12/site-packages/airflow/example_dags/example_kubernetes_executor.py
[2024-11-20T00:46:10.542+0000] {processor.py:914} INFO - Processing file /home/ubuntu/airflow_venv/lib/python3.12/site-packages/airflow/example_dags/example_kubernetes_executor.py for tasks to queue
[2024-11-20T00:46:10.543+0000] {logging_mixin.py:190} INFO - [2024-11-20T00:46:10.543+0000] {dagbag.py:588} INFO - Filling up the DagBag from /home/ubuntu/airflow_venv/lib/python3.12/site-packages/airflow/example_dags/example_kubernetes_executor.py
[2024-11-20T00:46:10.546+0000] {logging_mixin.py:190} INFO - [2024-11-20T00:46:10.546+0000] {example_kubernetes_executor.py:39} WARNING - The example_kubernetes_executor example DAG requires the kubernetes provider. Please install it with: pip install apache-airflow[cncf.kubernetes]
[2024-11-20T00:46:10.547+0000] {processor.py:927} WARNING - No viable dags retrieved from /home/ubuntu/airflow_venv/lib/python3.12/site-packages/airflow/example_dags/example_kubernetes_executor.py
[2024-11-20T00:46:10.558+0000] {processor.py:208} INFO - Processing /home/ubuntu/airflow_venv/lib/python3.12/site-packages/airflow/example_dags/example_kubernetes_executor.py took 0.024 seconds
[2024-11-20T00:47:03.624+0000] {processor.py:186} INFO - Started process (PID=4908) to work on /home/ubuntu/airflow_venv/lib/python3.12/site-packages/airflow/example_dags/example_kubernetes_executor.py
[2024-11-20T00:47:03.626+0000] {processor.py:914} INFO - Processing file /home/ubuntu/airflow_venv/lib/python3.12/site-packages/airflow/example_dags/example_kubernetes_executor.py for tasks to queue
[2024-11-20T00:47:03.627+0000] {logging_mixin.py:190} INFO - [2024-11-20T00:47:03.627+0000] {dagbag.py:588} INFO - Filling up the DagBag from /home/ubuntu/airflow_venv/lib/python3.12/site-packages/airflow/example_dags/example_kubernetes_executor.py
[2024-11-20T00:47:03.631+0000] {logging_mixin.py:190} INFO - [2024-11-20T00:47:03.631+0000] {example_kubernetes_executor.py:39} WARNING - The example_kubernetes_executor example DAG requires the kubernetes provider. Please install it with: pip install apache-airflow[cncf.kubernetes]
[2024-11-20T00:47:03.631+0000] {processor.py:927} WARNING - No viable dags retrieved from /home/ubuntu/airflow_venv/lib/python3.12/site-packages/airflow/example_dags/example_kubernetes_executor.py
[2024-11-20T00:47:03.641+0000] {processor.py:208} INFO - Processing /home/ubuntu/airflow_venv/lib/python3.12/site-packages/airflow/example_dags/example_kubernetes_executor.py took 0.024 seconds
[2024-11-20T00:47:56.711+0000] {processor.py:186} INFO - Started process (PID=4963) to work on /home/ubuntu/airflow_venv/lib/python3.12/site-packages/airflow/example_dags/example_kubernetes_executor.py
[2024-11-20T00:47:56.712+0000] {processor.py:914} INFO - Processing file /home/ubuntu/airflow_venv/lib/python3.12/site-packages/airflow/example_dags/example_kubernetes_executor.py for tasks to queue
[2024-11-20T00:47:56.713+0000] {logging_mixin.py:190} INFO - [2024-11-20T00:47:56.713+0000] {dagbag.py:588} INFO - Filling up the DagBag from /home/ubuntu/airflow_venv/lib/python3.12/site-packages/airflow/example_dags/example_kubernetes_executor.py
[2024-11-20T00:47:56.717+0000] {logging_mixin.py:190} INFO - [2024-11-20T00:47:56.717+0000] {example_kubernetes_executor.py:39} WARNING - The example_kubernetes_executor example DAG requires the kubernetes provider. Please install it with: pip install apache-airflow[cncf.kubernetes]
[2024-11-20T00:47:56.717+0000] {processor.py:927} WARNING - No viable dags retrieved from /home/ubuntu/airflow_venv/lib/python3.12/site-packages/airflow/example_dags/example_kubernetes_executor.py
[2024-11-20T00:47:56.727+0000] {processor.py:208} INFO - Processing /home/ubuntu/airflow_venv/lib/python3.12/site-packages/airflow/example_dags/example_kubernetes_executor.py took 0.024 seconds
[2024-11-20T00:48:50.175+0000] {processor.py:186} INFO - Started process (PID=5017) to work on /home/ubuntu/airflow_venv/lib/python3.12/site-packages/airflow/example_dags/example_kubernetes_executor.py
[2024-11-20T00:48:50.177+0000] {processor.py:914} INFO - Processing file /home/ubuntu/airflow_venv/lib/python3.12/site-packages/airflow/example_dags/example_kubernetes_executor.py for tasks to queue
[2024-11-20T00:48:50.178+0000] {logging_mixin.py:190} INFO - [2024-11-20T00:48:50.177+0000] {dagbag.py:588} INFO - Filling up the DagBag from /home/ubuntu/airflow_venv/lib/python3.12/site-packages/airflow/example_dags/example_kubernetes_executor.py
[2024-11-20T00:48:50.181+0000] {logging_mixin.py:190} INFO - [2024-11-20T00:48:50.181+0000] {example_kubernetes_executor.py:39} WARNING - The example_kubernetes_executor example DAG requires the kubernetes provider. Please install it with: pip install apache-airflow[cncf.kubernetes]
[2024-11-20T00:48:50.182+0000] {processor.py:927} WARNING - No viable dags retrieved from /home/ubuntu/airflow_venv/lib/python3.12/site-packages/airflow/example_dags/example_kubernetes_executor.py
[2024-11-20T00:48:50.192+0000] {processor.py:208} INFO - Processing /home/ubuntu/airflow_venv/lib/python3.12/site-packages/airflow/example_dags/example_kubernetes_executor.py took 0.024 seconds
[2024-11-20T00:49:44.668+0000] {processor.py:186} INFO - Started process (PID=5075) to work on /home/ubuntu/airflow_venv/lib/python3.12/site-packages/airflow/example_dags/example_kubernetes_executor.py
[2024-11-20T00:49:44.671+0000] {processor.py:914} INFO - Processing file /home/ubuntu/airflow_venv/lib/python3.12/site-packages/airflow/example_dags/example_kubernetes_executor.py for tasks to queue
[2024-11-20T00:49:44.672+0000] {logging_mixin.py:190} INFO - [2024-11-20T00:49:44.671+0000] {dagbag.py:588} INFO - Filling up the DagBag from /home/ubuntu/airflow_venv/lib/python3.12/site-packages/airflow/example_dags/example_kubernetes_executor.py
[2024-11-20T00:49:44.675+0000] {logging_mixin.py:190} INFO - [2024-11-20T00:49:44.675+0000] {example_kubernetes_executor.py:39} WARNING - The example_kubernetes_executor example DAG requires the kubernetes provider. Please install it with: pip install apache-airflow[cncf.kubernetes]
[2024-11-20T00:49:44.676+0000] {processor.py:927} WARNING - No viable dags retrieved from /home/ubuntu/airflow_venv/lib/python3.12/site-packages/airflow/example_dags/example_kubernetes_executor.py
[2024-11-20T00:49:44.687+0000] {processor.py:208} INFO - Processing /home/ubuntu/airflow_venv/lib/python3.12/site-packages/airflow/example_dags/example_kubernetes_executor.py took 0.025 seconds
[2024-11-20T00:50:38.061+0000] {processor.py:186} INFO - Started process (PID=5134) to work on /home/ubuntu/airflow_venv/lib/python3.12/site-packages/airflow/example_dags/example_kubernetes_executor.py
[2024-11-20T00:50:38.063+0000] {processor.py:914} INFO - Processing file /home/ubuntu/airflow_venv/lib/python3.12/site-packages/airflow/example_dags/example_kubernetes_executor.py for tasks to queue
[2024-11-20T00:50:38.065+0000] {logging_mixin.py:190} INFO - [2024-11-20T00:50:38.064+0000] {dagbag.py:588} INFO - Filling up the DagBag from /home/ubuntu/airflow_venv/lib/python3.12/site-packages/airflow/example_dags/example_kubernetes_executor.py
[2024-11-20T00:50:38.067+0000] {logging_mixin.py:190} INFO - [2024-11-20T00:50:38.067+0000] {example_kubernetes_executor.py:39} WARNING - The example_kubernetes_executor example DAG requires the kubernetes provider. Please install it with: pip install apache-airflow[cncf.kubernetes]
[2024-11-20T00:50:38.068+0000] {processor.py:927} WARNING - No viable dags retrieved from /home/ubuntu/airflow_venv/lib/python3.12/site-packages/airflow/example_dags/example_kubernetes_executor.py
[2024-11-20T00:50:38.079+0000] {processor.py:208} INFO - Processing /home/ubuntu/airflow_venv/lib/python3.12/site-packages/airflow/example_dags/example_kubernetes_executor.py took 0.025 seconds
[2024-11-20T00:51:34.016+0000] {processor.py:186} INFO - Started process (PID=5190) to work on /home/ubuntu/airflow_venv/lib/python3.12/site-packages/airflow/example_dags/example_kubernetes_executor.py
[2024-11-20T00:51:34.017+0000] {processor.py:914} INFO - Processing file /home/ubuntu/airflow_venv/lib/python3.12/site-packages/airflow/example_dags/example_kubernetes_executor.py for tasks to queue
[2024-11-20T00:51:34.018+0000] {logging_mixin.py:190} INFO - [2024-11-20T00:51:34.018+0000] {dagbag.py:588} INFO - Filling up the DagBag from /home/ubuntu/airflow_venv/lib/python3.12/site-packages/airflow/example_dags/example_kubernetes_executor.py
[2024-11-20T00:51:34.022+0000] {logging_mixin.py:190} INFO - [2024-11-20T00:51:34.022+0000] {example_kubernetes_executor.py:39} WARNING - The example_kubernetes_executor example DAG requires the kubernetes provider. Please install it with: pip install apache-airflow[cncf.kubernetes]
[2024-11-20T00:51:34.022+0000] {processor.py:927} WARNING - No viable dags retrieved from /home/ubuntu/airflow_venv/lib/python3.12/site-packages/airflow/example_dags/example_kubernetes_executor.py
[2024-11-20T00:51:34.033+0000] {processor.py:208} INFO - Processing /home/ubuntu/airflow_venv/lib/python3.12/site-packages/airflow/example_dags/example_kubernetes_executor.py took 0.024 seconds
[2024-11-20T00:52:31.911+0000] {processor.py:186} INFO - Started process (PID=5250) to work on /home/ubuntu/airflow_venv/lib/python3.12/site-packages/airflow/example_dags/example_kubernetes_executor.py
[2024-11-20T00:52:31.913+0000] {processor.py:914} INFO - Processing file /home/ubuntu/airflow_venv/lib/python3.12/site-packages/airflow/example_dags/example_kubernetes_executor.py for tasks to queue
[2024-11-20T00:52:31.914+0000] {logging_mixin.py:190} INFO - [2024-11-20T00:52:31.913+0000] {dagbag.py:588} INFO - Filling up the DagBag from /home/ubuntu/airflow_venv/lib/python3.12/site-packages/airflow/example_dags/example_kubernetes_executor.py
[2024-11-20T00:52:31.917+0000] {logging_mixin.py:190} INFO - [2024-11-20T00:52:31.917+0000] {example_kubernetes_executor.py:39} WARNING - The example_kubernetes_executor example DAG requires the kubernetes provider. Please install it with: pip install apache-airflow[cncf.kubernetes]
[2024-11-20T00:52:31.917+0000] {processor.py:927} WARNING - No viable dags retrieved from /home/ubuntu/airflow_venv/lib/python3.12/site-packages/airflow/example_dags/example_kubernetes_executor.py
[2024-11-20T00:52:31.927+0000] {processor.py:208} INFO - Processing /home/ubuntu/airflow_venv/lib/python3.12/site-packages/airflow/example_dags/example_kubernetes_executor.py took 0.023 seconds
[2024-11-20T00:53:28.437+0000] {processor.py:186} INFO - Started process (PID=5307) to work on /home/ubuntu/airflow_venv/lib/python3.12/site-packages/airflow/example_dags/example_kubernetes_executor.py
[2024-11-20T00:53:28.439+0000] {processor.py:914} INFO - Processing file /home/ubuntu/airflow_venv/lib/python3.12/site-packages/airflow/example_dags/example_kubernetes_executor.py for tasks to queue
[2024-11-20T00:53:28.440+0000] {logging_mixin.py:190} INFO - [2024-11-20T00:53:28.439+0000] {dagbag.py:588} INFO - Filling up the DagBag from /home/ubuntu/airflow_venv/lib/python3.12/site-packages/airflow/example_dags/example_kubernetes_executor.py
[2024-11-20T00:53:28.443+0000] {logging_mixin.py:190} INFO - [2024-11-20T00:53:28.443+0000] {example_kubernetes_executor.py:39} WARNING - The example_kubernetes_executor example DAG requires the kubernetes provider. Please install it with: pip install apache-airflow[cncf.kubernetes]
[2024-11-20T00:53:28.443+0000] {processor.py:927} WARNING - No viable dags retrieved from /home/ubuntu/airflow_venv/lib/python3.12/site-packages/airflow/example_dags/example_kubernetes_executor.py
[2024-11-20T00:53:28.454+0000] {processor.py:208} INFO - Processing /home/ubuntu/airflow_venv/lib/python3.12/site-packages/airflow/example_dags/example_kubernetes_executor.py took 0.024 seconds
[2024-11-20T00:54:23.949+0000] {processor.py:186} INFO - Started process (PID=5377) to work on /home/ubuntu/airflow_venv/lib/python3.12/site-packages/airflow/example_dags/example_kubernetes_executor.py
[2024-11-20T00:54:23.950+0000] {processor.py:914} INFO - Processing file /home/ubuntu/airflow_venv/lib/python3.12/site-packages/airflow/example_dags/example_kubernetes_executor.py for tasks to queue
[2024-11-20T00:54:23.952+0000] {logging_mixin.py:190} INFO - [2024-11-20T00:54:23.951+0000] {dagbag.py:588} INFO - Filling up the DagBag from /home/ubuntu/airflow_venv/lib/python3.12/site-packages/airflow/example_dags/example_kubernetes_executor.py
[2024-11-20T00:54:23.955+0000] {logging_mixin.py:190} INFO - [2024-11-20T00:54:23.955+0000] {example_kubernetes_executor.py:39} WARNING - The example_kubernetes_executor example DAG requires the kubernetes provider. Please install it with: pip install apache-airflow[cncf.kubernetes]
[2024-11-20T00:54:23.956+0000] {processor.py:927} WARNING - No viable dags retrieved from /home/ubuntu/airflow_venv/lib/python3.12/site-packages/airflow/example_dags/example_kubernetes_executor.py
[2024-11-20T00:54:23.966+0000] {processor.py:208} INFO - Processing /home/ubuntu/airflow_venv/lib/python3.12/site-packages/airflow/example_dags/example_kubernetes_executor.py took 0.023 seconds
[2024-11-20T00:55:15.772+0000] {processor.py:186} INFO - Started process (PID=5434) to work on /home/ubuntu/airflow_venv/lib/python3.12/site-packages/airflow/example_dags/example_kubernetes_executor.py
[2024-11-20T00:55:15.773+0000] {processor.py:914} INFO - Processing file /home/ubuntu/airflow_venv/lib/python3.12/site-packages/airflow/example_dags/example_kubernetes_executor.py for tasks to queue
[2024-11-20T00:55:15.774+0000] {logging_mixin.py:190} INFO - [2024-11-20T00:55:15.774+0000] {dagbag.py:588} INFO - Filling up the DagBag from /home/ubuntu/airflow_venv/lib/python3.12/site-packages/airflow/example_dags/example_kubernetes_executor.py
[2024-11-20T00:55:15.777+0000] {logging_mixin.py:190} INFO - [2024-11-20T00:55:15.777+0000] {example_kubernetes_executor.py:39} WARNING - The example_kubernetes_executor example DAG requires the kubernetes provider. Please install it with: pip install apache-airflow[cncf.kubernetes]
[2024-11-20T00:55:15.778+0000] {processor.py:927} WARNING - No viable dags retrieved from /home/ubuntu/airflow_venv/lib/python3.12/site-packages/airflow/example_dags/example_kubernetes_executor.py
[2024-11-20T00:55:15.789+0000] {processor.py:208} INFO - Processing /home/ubuntu/airflow_venv/lib/python3.12/site-packages/airflow/example_dags/example_kubernetes_executor.py took 0.024 seconds
[2024-11-20T00:56:07.386+0000] {processor.py:186} INFO - Started process (PID=5490) to work on /home/ubuntu/airflow_venv/lib/python3.12/site-packages/airflow/example_dags/example_kubernetes_executor.py
[2024-11-20T00:56:07.388+0000] {processor.py:914} INFO - Processing file /home/ubuntu/airflow_venv/lib/python3.12/site-packages/airflow/example_dags/example_kubernetes_executor.py for tasks to queue
[2024-11-20T00:56:07.389+0000] {logging_mixin.py:190} INFO - [2024-11-20T00:56:07.388+0000] {dagbag.py:588} INFO - Filling up the DagBag from /home/ubuntu/airflow_venv/lib/python3.12/site-packages/airflow/example_dags/example_kubernetes_executor.py
[2024-11-20T00:56:07.392+0000] {logging_mixin.py:190} INFO - [2024-11-20T00:56:07.392+0000] {example_kubernetes_executor.py:39} WARNING - The example_kubernetes_executor example DAG requires the kubernetes provider. Please install it with: pip install apache-airflow[cncf.kubernetes]
[2024-11-20T00:56:07.392+0000] {processor.py:927} WARNING - No viable dags retrieved from /home/ubuntu/airflow_venv/lib/python3.12/site-packages/airflow/example_dags/example_kubernetes_executor.py
[2024-11-20T00:56:07.403+0000] {processor.py:208} INFO - Processing /home/ubuntu/airflow_venv/lib/python3.12/site-packages/airflow/example_dags/example_kubernetes_executor.py took 0.023 seconds
[2024-11-20T00:57:02.643+0000] {processor.py:186} INFO - Started process (PID=5547) to work on /home/ubuntu/airflow_venv/lib/python3.12/site-packages/airflow/example_dags/example_kubernetes_executor.py
[2024-11-20T00:57:02.645+0000] {processor.py:914} INFO - Processing file /home/ubuntu/airflow_venv/lib/python3.12/site-packages/airflow/example_dags/example_kubernetes_executor.py for tasks to queue
[2024-11-20T00:57:02.647+0000] {logging_mixin.py:190} INFO - [2024-11-20T00:57:02.647+0000] {dagbag.py:588} INFO - Filling up the DagBag from /home/ubuntu/airflow_venv/lib/python3.12/site-packages/airflow/example_dags/example_kubernetes_executor.py
[2024-11-20T00:57:02.650+0000] {logging_mixin.py:190} INFO - [2024-11-20T00:57:02.650+0000] {example_kubernetes_executor.py:39} WARNING - The example_kubernetes_executor example DAG requires the kubernetes provider. Please install it with: pip install apache-airflow[cncf.kubernetes]
[2024-11-20T00:57:02.651+0000] {processor.py:927} WARNING - No viable dags retrieved from /home/ubuntu/airflow_venv/lib/python3.12/site-packages/airflow/example_dags/example_kubernetes_executor.py
[2024-11-20T00:57:02.661+0000] {processor.py:208} INFO - Processing /home/ubuntu/airflow_venv/lib/python3.12/site-packages/airflow/example_dags/example_kubernetes_executor.py took 0.025 seconds
[2024-11-20T00:57:54.784+0000] {processor.py:186} INFO - Started process (PID=5602) to work on /home/ubuntu/airflow_venv/lib/python3.12/site-packages/airflow/example_dags/example_kubernetes_executor.py
[2024-11-20T00:57:54.785+0000] {processor.py:914} INFO - Processing file /home/ubuntu/airflow_venv/lib/python3.12/site-packages/airflow/example_dags/example_kubernetes_executor.py for tasks to queue
[2024-11-20T00:57:54.786+0000] {logging_mixin.py:190} INFO - [2024-11-20T00:57:54.786+0000] {dagbag.py:588} INFO - Filling up the DagBag from /home/ubuntu/airflow_venv/lib/python3.12/site-packages/airflow/example_dags/example_kubernetes_executor.py
[2024-11-20T00:57:54.790+0000] {logging_mixin.py:190} INFO - [2024-11-20T00:57:54.790+0000] {example_kubernetes_executor.py:39} WARNING - The example_kubernetes_executor example DAG requires the kubernetes provider. Please install it with: pip install apache-airflow[cncf.kubernetes]
[2024-11-20T00:57:54.790+0000] {processor.py:927} WARNING - No viable dags retrieved from /home/ubuntu/airflow_venv/lib/python3.12/site-packages/airflow/example_dags/example_kubernetes_executor.py
[2024-11-20T00:57:54.800+0000] {processor.py:208} INFO - Processing /home/ubuntu/airflow_venv/lib/python3.12/site-packages/airflow/example_dags/example_kubernetes_executor.py took 0.023 seconds
[2024-11-20T00:58:46.626+0000] {processor.py:186} INFO - Started process (PID=5657) to work on /home/ubuntu/airflow_venv/lib/python3.12/site-packages/airflow/example_dags/example_kubernetes_executor.py
[2024-11-20T00:58:46.628+0000] {processor.py:914} INFO - Processing file /home/ubuntu/airflow_venv/lib/python3.12/site-packages/airflow/example_dags/example_kubernetes_executor.py for tasks to queue
[2024-11-20T00:58:46.630+0000] {logging_mixin.py:190} INFO - [2024-11-20T00:58:46.628+0000] {dagbag.py:588} INFO - Filling up the DagBag from /home/ubuntu/airflow_venv/lib/python3.12/site-packages/airflow/example_dags/example_kubernetes_executor.py
[2024-11-20T00:58:46.632+0000] {logging_mixin.py:190} INFO - [2024-11-20T00:58:46.632+0000] {example_kubernetes_executor.py:39} WARNING - The example_kubernetes_executor example DAG requires the kubernetes provider. Please install it with: pip install apache-airflow[cncf.kubernetes]
[2024-11-20T00:58:46.633+0000] {processor.py:927} WARNING - No viable dags retrieved from /home/ubuntu/airflow_venv/lib/python3.12/site-packages/airflow/example_dags/example_kubernetes_executor.py
[2024-11-20T00:58:46.644+0000] {processor.py:208} INFO - Processing /home/ubuntu/airflow_venv/lib/python3.12/site-packages/airflow/example_dags/example_kubernetes_executor.py took 0.025 seconds
[2024-11-20T00:59:38.389+0000] {processor.py:186} INFO - Started process (PID=5715) to work on /home/ubuntu/airflow_venv/lib/python3.12/site-packages/airflow/example_dags/example_kubernetes_executor.py
[2024-11-20T00:59:38.391+0000] {processor.py:914} INFO - Processing file /home/ubuntu/airflow_venv/lib/python3.12/site-packages/airflow/example_dags/example_kubernetes_executor.py for tasks to queue
[2024-11-20T00:59:38.392+0000] {logging_mixin.py:190} INFO - [2024-11-20T00:59:38.392+0000] {dagbag.py:588} INFO - Filling up the DagBag from /home/ubuntu/airflow_venv/lib/python3.12/site-packages/airflow/example_dags/example_kubernetes_executor.py
[2024-11-20T00:59:38.395+0000] {logging_mixin.py:190} INFO - [2024-11-20T00:59:38.395+0000] {example_kubernetes_executor.py:39} WARNING - The example_kubernetes_executor example DAG requires the kubernetes provider. Please install it with: pip install apache-airflow[cncf.kubernetes]
[2024-11-20T00:59:38.396+0000] {processor.py:927} WARNING - No viable dags retrieved from /home/ubuntu/airflow_venv/lib/python3.12/site-packages/airflow/example_dags/example_kubernetes_executor.py
[2024-11-20T00:59:38.406+0000] {processor.py:208} INFO - Processing /home/ubuntu/airflow_venv/lib/python3.12/site-packages/airflow/example_dags/example_kubernetes_executor.py took 0.025 seconds
[2024-11-20T01:00:34.164+0000] {processor.py:186} INFO - Started process (PID=5774) to work on /home/ubuntu/airflow_venv/lib/python3.12/site-packages/airflow/example_dags/example_kubernetes_executor.py
[2024-11-20T01:00:34.166+0000] {processor.py:914} INFO - Processing file /home/ubuntu/airflow_venv/lib/python3.12/site-packages/airflow/example_dags/example_kubernetes_executor.py for tasks to queue
[2024-11-20T01:00:34.167+0000] {logging_mixin.py:190} INFO - [2024-11-20T01:00:34.167+0000] {dagbag.py:588} INFO - Filling up the DagBag from /home/ubuntu/airflow_venv/lib/python3.12/site-packages/airflow/example_dags/example_kubernetes_executor.py
[2024-11-20T01:00:34.171+0000] {logging_mixin.py:190} INFO - [2024-11-20T01:00:34.170+0000] {example_kubernetes_executor.py:39} WARNING - The example_kubernetes_executor example DAG requires the kubernetes provider. Please install it with: pip install apache-airflow[cncf.kubernetes]
[2024-11-20T01:00:34.171+0000] {processor.py:927} WARNING - No viable dags retrieved from /home/ubuntu/airflow_venv/lib/python3.12/site-packages/airflow/example_dags/example_kubernetes_executor.py
[2024-11-20T01:00:34.182+0000] {processor.py:208} INFO - Processing /home/ubuntu/airflow_venv/lib/python3.12/site-packages/airflow/example_dags/example_kubernetes_executor.py took 0.024 seconds
[2024-11-20T01:01:29.405+0000] {processor.py:186} INFO - Started process (PID=5831) to work on /home/ubuntu/airflow_venv/lib/python3.12/site-packages/airflow/example_dags/example_kubernetes_executor.py
[2024-11-20T01:01:29.406+0000] {processor.py:914} INFO - Processing file /home/ubuntu/airflow_venv/lib/python3.12/site-packages/airflow/example_dags/example_kubernetes_executor.py for tasks to queue
[2024-11-20T01:01:29.407+0000] {logging_mixin.py:190} INFO - [2024-11-20T01:01:29.406+0000] {dagbag.py:588} INFO - Filling up the DagBag from /home/ubuntu/airflow_venv/lib/python3.12/site-packages/airflow/example_dags/example_kubernetes_executor.py
[2024-11-20T01:01:29.412+0000] {logging_mixin.py:190} INFO - [2024-11-20T01:01:29.411+0000] {example_kubernetes_executor.py:39} WARNING - The example_kubernetes_executor example DAG requires the kubernetes provider. Please install it with: pip install apache-airflow[cncf.kubernetes]
[2024-11-20T01:01:29.412+0000] {processor.py:927} WARNING - No viable dags retrieved from /home/ubuntu/airflow_venv/lib/python3.12/site-packages/airflow/example_dags/example_kubernetes_executor.py
[2024-11-20T01:01:29.422+0000] {processor.py:208} INFO - Processing /home/ubuntu/airflow_venv/lib/python3.12/site-packages/airflow/example_dags/example_kubernetes_executor.py took 0.024 seconds
[2024-11-20T01:02:43.655+0000] {processor.py:186} INFO - Started process (PID=5913) to work on /home/ubuntu/airflow_venv/lib/python3.12/site-packages/airflow/example_dags/example_kubernetes_executor.py
[2024-11-20T01:02:43.657+0000] {processor.py:914} INFO - Processing file /home/ubuntu/airflow_venv/lib/python3.12/site-packages/airflow/example_dags/example_kubernetes_executor.py for tasks to queue
[2024-11-20T01:02:43.658+0000] {logging_mixin.py:190} INFO - [2024-11-20T01:02:43.657+0000] {dagbag.py:588} INFO - Filling up the DagBag from /home/ubuntu/airflow_venv/lib/python3.12/site-packages/airflow/example_dags/example_kubernetes_executor.py
[2024-11-20T01:02:43.661+0000] {logging_mixin.py:190} INFO - [2024-11-20T01:02:43.661+0000] {example_kubernetes_executor.py:39} WARNING - The example_kubernetes_executor example DAG requires the kubernetes provider. Please install it with: pip install apache-airflow[cncf.kubernetes]
[2024-11-20T01:02:43.661+0000] {processor.py:927} WARNING - No viable dags retrieved from /home/ubuntu/airflow_venv/lib/python3.12/site-packages/airflow/example_dags/example_kubernetes_executor.py
[2024-11-20T01:02:43.671+0000] {processor.py:208} INFO - Processing /home/ubuntu/airflow_venv/lib/python3.12/site-packages/airflow/example_dags/example_kubernetes_executor.py took 0.022 seconds
[2024-11-20T01:03:39.797+0000] {processor.py:186} INFO - Started process (PID=5969) to work on /home/ubuntu/airflow_venv/lib/python3.12/site-packages/airflow/example_dags/example_kubernetes_executor.py
[2024-11-20T01:03:39.799+0000] {processor.py:914} INFO - Processing file /home/ubuntu/airflow_venv/lib/python3.12/site-packages/airflow/example_dags/example_kubernetes_executor.py for tasks to queue
[2024-11-20T01:03:39.800+0000] {logging_mixin.py:190} INFO - [2024-11-20T01:03:39.799+0000] {dagbag.py:588} INFO - Filling up the DagBag from /home/ubuntu/airflow_venv/lib/python3.12/site-packages/airflow/example_dags/example_kubernetes_executor.py
[2024-11-20T01:03:39.803+0000] {logging_mixin.py:190} INFO - [2024-11-20T01:03:39.803+0000] {example_kubernetes_executor.py:39} WARNING - The example_kubernetes_executor example DAG requires the kubernetes provider. Please install it with: pip install apache-airflow[cncf.kubernetes]
[2024-11-20T01:03:39.804+0000] {processor.py:927} WARNING - No viable dags retrieved from /home/ubuntu/airflow_venv/lib/python3.12/site-packages/airflow/example_dags/example_kubernetes_executor.py
[2024-11-20T01:03:39.816+0000] {processor.py:208} INFO - Processing /home/ubuntu/airflow_venv/lib/python3.12/site-packages/airflow/example_dags/example_kubernetes_executor.py took 0.025 seconds
[2024-11-20T01:04:37.042+0000] {processor.py:186} INFO - Started process (PID=6028) to work on /home/ubuntu/airflow_venv/lib/python3.12/site-packages/airflow/example_dags/example_kubernetes_executor.py
[2024-11-20T01:04:37.044+0000] {processor.py:914} INFO - Processing file /home/ubuntu/airflow_venv/lib/python3.12/site-packages/airflow/example_dags/example_kubernetes_executor.py for tasks to queue
[2024-11-20T01:04:37.045+0000] {logging_mixin.py:190} INFO - [2024-11-20T01:04:37.045+0000] {dagbag.py:588} INFO - Filling up the DagBag from /home/ubuntu/airflow_venv/lib/python3.12/site-packages/airflow/example_dags/example_kubernetes_executor.py
[2024-11-20T01:04:37.049+0000] {logging_mixin.py:190} INFO - [2024-11-20T01:04:37.049+0000] {example_kubernetes_executor.py:39} WARNING - The example_kubernetes_executor example DAG requires the kubernetes provider. Please install it with: pip install apache-airflow[cncf.kubernetes]
[2024-11-20T01:04:37.049+0000] {processor.py:927} WARNING - No viable dags retrieved from /home/ubuntu/airflow_venv/lib/python3.12/site-packages/airflow/example_dags/example_kubernetes_executor.py
[2024-11-20T01:04:37.059+0000] {processor.py:208} INFO - Processing /home/ubuntu/airflow_venv/lib/python3.12/site-packages/airflow/example_dags/example_kubernetes_executor.py took 0.024 seconds
[2024-11-20T01:05:31.380+0000] {processor.py:186} INFO - Started process (PID=6088) to work on /home/ubuntu/airflow_venv/lib/python3.12/site-packages/airflow/example_dags/example_kubernetes_executor.py
[2024-11-20T01:05:31.383+0000] {processor.py:914} INFO - Processing file /home/ubuntu/airflow_venv/lib/python3.12/site-packages/airflow/example_dags/example_kubernetes_executor.py for tasks to queue
[2024-11-20T01:05:31.384+0000] {logging_mixin.py:190} INFO - [2024-11-20T01:05:31.384+0000] {dagbag.py:588} INFO - Filling up the DagBag from /home/ubuntu/airflow_venv/lib/python3.12/site-packages/airflow/example_dags/example_kubernetes_executor.py
[2024-11-20T01:05:31.388+0000] {logging_mixin.py:190} INFO - [2024-11-20T01:05:31.387+0000] {example_kubernetes_executor.py:39} WARNING - The example_kubernetes_executor example DAG requires the kubernetes provider. Please install it with: pip install apache-airflow[cncf.kubernetes]
[2024-11-20T01:05:31.388+0000] {processor.py:927} WARNING - No viable dags retrieved from /home/ubuntu/airflow_venv/lib/python3.12/site-packages/airflow/example_dags/example_kubernetes_executor.py
[2024-11-20T01:05:31.398+0000] {processor.py:208} INFO - Processing /home/ubuntu/airflow_venv/lib/python3.12/site-packages/airflow/example_dags/example_kubernetes_executor.py took 0.024 seconds
[2024-11-20T01:06:24.841+0000] {processor.py:186} INFO - Started process (PID=6143) to work on /home/ubuntu/airflow_venv/lib/python3.12/site-packages/airflow/example_dags/example_kubernetes_executor.py
[2024-11-20T01:06:24.843+0000] {processor.py:914} INFO - Processing file /home/ubuntu/airflow_venv/lib/python3.12/site-packages/airflow/example_dags/example_kubernetes_executor.py for tasks to queue
[2024-11-20T01:06:24.844+0000] {logging_mixin.py:190} INFO - [2024-11-20T01:06:24.844+0000] {dagbag.py:588} INFO - Filling up the DagBag from /home/ubuntu/airflow_venv/lib/python3.12/site-packages/airflow/example_dags/example_kubernetes_executor.py
[2024-11-20T01:06:24.847+0000] {logging_mixin.py:190} INFO - [2024-11-20T01:06:24.847+0000] {example_kubernetes_executor.py:39} WARNING - The example_kubernetes_executor example DAG requires the kubernetes provider. Please install it with: pip install apache-airflow[cncf.kubernetes]
[2024-11-20T01:06:24.848+0000] {processor.py:927} WARNING - No viable dags retrieved from /home/ubuntu/airflow_venv/lib/python3.12/site-packages/airflow/example_dags/example_kubernetes_executor.py
[2024-11-20T01:06:24.858+0000] {processor.py:208} INFO - Processing /home/ubuntu/airflow_venv/lib/python3.12/site-packages/airflow/example_dags/example_kubernetes_executor.py took 0.023 seconds
[2024-11-20T01:07:17.820+0000] {processor.py:186} INFO - Started process (PID=6198) to work on /home/ubuntu/airflow_venv/lib/python3.12/site-packages/airflow/example_dags/example_kubernetes_executor.py
[2024-11-20T01:07:17.821+0000] {processor.py:914} INFO - Processing file /home/ubuntu/airflow_venv/lib/python3.12/site-packages/airflow/example_dags/example_kubernetes_executor.py for tasks to queue
[2024-11-20T01:07:17.822+0000] {logging_mixin.py:190} INFO - [2024-11-20T01:07:17.822+0000] {dagbag.py:588} INFO - Filling up the DagBag from /home/ubuntu/airflow_venv/lib/python3.12/site-packages/airflow/example_dags/example_kubernetes_executor.py
[2024-11-20T01:07:17.826+0000] {logging_mixin.py:190} INFO - [2024-11-20T01:07:17.825+0000] {example_kubernetes_executor.py:39} WARNING - The example_kubernetes_executor example DAG requires the kubernetes provider. Please install it with: pip install apache-airflow[cncf.kubernetes]
[2024-11-20T01:07:17.826+0000] {processor.py:927} WARNING - No viable dags retrieved from /home/ubuntu/airflow_venv/lib/python3.12/site-packages/airflow/example_dags/example_kubernetes_executor.py
[2024-11-20T01:07:17.836+0000] {processor.py:208} INFO - Processing /home/ubuntu/airflow_venv/lib/python3.12/site-packages/airflow/example_dags/example_kubernetes_executor.py took 0.023 seconds
[2024-11-20T01:08:10.958+0000] {processor.py:186} INFO - Started process (PID=6253) to work on /home/ubuntu/airflow_venv/lib/python3.12/site-packages/airflow/example_dags/example_kubernetes_executor.py
[2024-11-20T01:08:10.960+0000] {processor.py:914} INFO - Processing file /home/ubuntu/airflow_venv/lib/python3.12/site-packages/airflow/example_dags/example_kubernetes_executor.py for tasks to queue
[2024-11-20T01:08:10.961+0000] {logging_mixin.py:190} INFO - [2024-11-20T01:08:10.961+0000] {dagbag.py:588} INFO - Filling up the DagBag from /home/ubuntu/airflow_venv/lib/python3.12/site-packages/airflow/example_dags/example_kubernetes_executor.py
[2024-11-20T01:08:10.965+0000] {logging_mixin.py:190} INFO - [2024-11-20T01:08:10.965+0000] {example_kubernetes_executor.py:39} WARNING - The example_kubernetes_executor example DAG requires the kubernetes provider. Please install it with: pip install apache-airflow[cncf.kubernetes]
[2024-11-20T01:08:10.965+0000] {processor.py:927} WARNING - No viable dags retrieved from /home/ubuntu/airflow_venv/lib/python3.12/site-packages/airflow/example_dags/example_kubernetes_executor.py
[2024-11-20T01:08:10.976+0000] {processor.py:208} INFO - Processing /home/ubuntu/airflow_venv/lib/python3.12/site-packages/airflow/example_dags/example_kubernetes_executor.py took 0.025 seconds
[2024-11-20T01:09:05.788+0000] {processor.py:186} INFO - Started process (PID=6307) to work on /home/ubuntu/airflow_venv/lib/python3.12/site-packages/airflow/example_dags/example_kubernetes_executor.py
[2024-11-20T01:09:05.790+0000] {processor.py:914} INFO - Processing file /home/ubuntu/airflow_venv/lib/python3.12/site-packages/airflow/example_dags/example_kubernetes_executor.py for tasks to queue
[2024-11-20T01:09:05.791+0000] {logging_mixin.py:190} INFO - [2024-11-20T01:09:05.791+0000] {dagbag.py:588} INFO - Filling up the DagBag from /home/ubuntu/airflow_venv/lib/python3.12/site-packages/airflow/example_dags/example_kubernetes_executor.py
[2024-11-20T01:09:05.795+0000] {logging_mixin.py:190} INFO - [2024-11-20T01:09:05.794+0000] {example_kubernetes_executor.py:39} WARNING - The example_kubernetes_executor example DAG requires the kubernetes provider. Please install it with: pip install apache-airflow[cncf.kubernetes]
[2024-11-20T01:09:05.795+0000] {processor.py:927} WARNING - No viable dags retrieved from /home/ubuntu/airflow_venv/lib/python3.12/site-packages/airflow/example_dags/example_kubernetes_executor.py
[2024-11-20T01:09:05.806+0000] {processor.py:208} INFO - Processing /home/ubuntu/airflow_venv/lib/python3.12/site-packages/airflow/example_dags/example_kubernetes_executor.py took 0.024 seconds
[2024-11-20T01:10:04.089+0000] {processor.py:186} INFO - Started process (PID=6370) to work on /home/ubuntu/airflow_venv/lib/python3.12/site-packages/airflow/example_dags/example_kubernetes_executor.py
[2024-11-20T01:10:04.091+0000] {processor.py:914} INFO - Processing file /home/ubuntu/airflow_venv/lib/python3.12/site-packages/airflow/example_dags/example_kubernetes_executor.py for tasks to queue
[2024-11-20T01:10:04.092+0000] {logging_mixin.py:190} INFO - [2024-11-20T01:10:04.092+0000] {dagbag.py:588} INFO - Filling up the DagBag from /home/ubuntu/airflow_venv/lib/python3.12/site-packages/airflow/example_dags/example_kubernetes_executor.py
[2024-11-20T01:10:04.096+0000] {logging_mixin.py:190} INFO - [2024-11-20T01:10:04.096+0000] {example_kubernetes_executor.py:39} WARNING - The example_kubernetes_executor example DAG requires the kubernetes provider. Please install it with: pip install apache-airflow[cncf.kubernetes]
[2024-11-20T01:10:04.096+0000] {processor.py:927} WARNING - No viable dags retrieved from /home/ubuntu/airflow_venv/lib/python3.12/site-packages/airflow/example_dags/example_kubernetes_executor.py
[2024-11-20T01:10:04.107+0000] {processor.py:208} INFO - Processing /home/ubuntu/airflow_venv/lib/python3.12/site-packages/airflow/example_dags/example_kubernetes_executor.py took 0.025 seconds
[2024-11-20T01:10:59.610+0000] {processor.py:186} INFO - Started process (PID=6429) to work on /home/ubuntu/airflow_venv/lib/python3.12/site-packages/airflow/example_dags/example_kubernetes_executor.py
[2024-11-20T01:10:59.613+0000] {processor.py:914} INFO - Processing file /home/ubuntu/airflow_venv/lib/python3.12/site-packages/airflow/example_dags/example_kubernetes_executor.py for tasks to queue
[2024-11-20T01:10:59.614+0000] {logging_mixin.py:190} INFO - [2024-11-20T01:10:59.613+0000] {dagbag.py:588} INFO - Filling up the DagBag from /home/ubuntu/airflow_venv/lib/python3.12/site-packages/airflow/example_dags/example_kubernetes_executor.py
[2024-11-20T01:10:59.617+0000] {logging_mixin.py:190} INFO - [2024-11-20T01:10:59.616+0000] {example_kubernetes_executor.py:39} WARNING - The example_kubernetes_executor example DAG requires the kubernetes provider. Please install it with: pip install apache-airflow[cncf.kubernetes]
[2024-11-20T01:10:59.618+0000] {processor.py:927} WARNING - No viable dags retrieved from /home/ubuntu/airflow_venv/lib/python3.12/site-packages/airflow/example_dags/example_kubernetes_executor.py
[2024-11-20T01:10:59.628+0000] {processor.py:208} INFO - Processing /home/ubuntu/airflow_venv/lib/python3.12/site-packages/airflow/example_dags/example_kubernetes_executor.py took 0.024 seconds
[2024-11-20T01:11:54.134+0000] {processor.py:186} INFO - Started process (PID=6484) to work on /home/ubuntu/airflow_venv/lib/python3.12/site-packages/airflow/example_dags/example_kubernetes_executor.py
[2024-11-20T01:11:54.136+0000] {processor.py:914} INFO - Processing file /home/ubuntu/airflow_venv/lib/python3.12/site-packages/airflow/example_dags/example_kubernetes_executor.py for tasks to queue
[2024-11-20T01:11:54.138+0000] {logging_mixin.py:190} INFO - [2024-11-20T01:11:54.137+0000] {dagbag.py:588} INFO - Filling up the DagBag from /home/ubuntu/airflow_venv/lib/python3.12/site-packages/airflow/example_dags/example_kubernetes_executor.py
[2024-11-20T01:11:54.140+0000] {logging_mixin.py:190} INFO - [2024-11-20T01:11:54.140+0000] {example_kubernetes_executor.py:39} WARNING - The example_kubernetes_executor example DAG requires the kubernetes provider. Please install it with: pip install apache-airflow[cncf.kubernetes]
[2024-11-20T01:11:54.141+0000] {processor.py:927} WARNING - No viable dags retrieved from /home/ubuntu/airflow_venv/lib/python3.12/site-packages/airflow/example_dags/example_kubernetes_executor.py
[2024-11-20T01:11:54.151+0000] {processor.py:208} INFO - Processing /home/ubuntu/airflow_venv/lib/python3.12/site-packages/airflow/example_dags/example_kubernetes_executor.py took 0.024 seconds
[2024-11-20T01:12:47.128+0000] {processor.py:186} INFO - Started process (PID=6539) to work on /home/ubuntu/airflow_venv/lib/python3.12/site-packages/airflow/example_dags/example_kubernetes_executor.py
[2024-11-20T01:12:47.130+0000] {processor.py:914} INFO - Processing file /home/ubuntu/airflow_venv/lib/python3.12/site-packages/airflow/example_dags/example_kubernetes_executor.py for tasks to queue
[2024-11-20T01:12:47.132+0000] {logging_mixin.py:190} INFO - [2024-11-20T01:12:47.131+0000] {dagbag.py:588} INFO - Filling up the DagBag from /home/ubuntu/airflow_venv/lib/python3.12/site-packages/airflow/example_dags/example_kubernetes_executor.py
[2024-11-20T01:12:47.134+0000] {logging_mixin.py:190} INFO - [2024-11-20T01:12:47.134+0000] {example_kubernetes_executor.py:39} WARNING - The example_kubernetes_executor example DAG requires the kubernetes provider. Please install it with: pip install apache-airflow[cncf.kubernetes]
[2024-11-20T01:12:47.135+0000] {processor.py:927} WARNING - No viable dags retrieved from /home/ubuntu/airflow_venv/lib/python3.12/site-packages/airflow/example_dags/example_kubernetes_executor.py
[2024-11-20T01:12:47.145+0000] {processor.py:208} INFO - Processing /home/ubuntu/airflow_venv/lib/python3.12/site-packages/airflow/example_dags/example_kubernetes_executor.py took 0.023 seconds
