[2024-11-20T00:16:58.622+0000] {processor.py:186} INFO - Started process (PID=2078) to work on /home/ubuntu/airflow_venv/lib/python3.12/site-packages/airflow/example_dags/example_bash_operator.py
[2024-11-20T00:16:58.624+0000] {processor.py:914} INFO - Processing file /home/ubuntu/airflow_venv/lib/python3.12/site-packages/airflow/example_dags/example_bash_operator.py for tasks to queue
[2024-11-20T00:16:58.626+0000] {logging_mixin.py:190} INFO - [2024-11-20T00:16:58.626+0000] {dagbag.py:588} INFO - Filling up the DagBag from /home/ubuntu/airflow_venv/lib/python3.12/site-packages/airflow/example_dags/example_bash_operator.py
[2024-11-20T00:16:58.638+0000] {processor.py:925} INFO - DAG(s) 'example_bash_operator' retrieved from /home/ubuntu/airflow_venv/lib/python3.12/site-packages/airflow/example_dags/example_bash_operator.py
[2024-11-20T00:16:58.658+0000] {logging_mixin.py:190} INFO - [2024-11-20T00:16:58.658+0000] {dag.py:3239} INFO - Sync 1 DAGs
[2024-11-20T00:16:58.677+0000] {logging_mixin.py:190} INFO - [2024-11-20T00:16:58.677+0000] {dag.py:4180} INFO - Setting next_dagrun for example_bash_operator to 2024-11-19 00:00:00+00:00, run_after=2024-11-20 00:00:00+00:00
[2024-11-20T00:16:58.700+0000] {processor.py:208} INFO - Processing /home/ubuntu/airflow_venv/lib/python3.12/site-packages/airflow/example_dags/example_bash_operator.py took 0.082 seconds
[2024-11-20T00:17:58.074+0000] {processor.py:186} INFO - Started process (PID=2143) to work on /home/ubuntu/airflow_venv/lib/python3.12/site-packages/airflow/example_dags/example_bash_operator.py
[2024-11-20T00:17:58.076+0000] {processor.py:914} INFO - Processing file /home/ubuntu/airflow_venv/lib/python3.12/site-packages/airflow/example_dags/example_bash_operator.py for tasks to queue
[2024-11-20T00:17:58.078+0000] {logging_mixin.py:190} INFO - [2024-11-20T00:17:58.078+0000] {dagbag.py:588} INFO - Filling up the DagBag from /home/ubuntu/airflow_venv/lib/python3.12/site-packages/airflow/example_dags/example_bash_operator.py
[2024-11-20T00:17:58.090+0000] {processor.py:925} INFO - DAG(s) 'example_bash_operator' retrieved from /home/ubuntu/airflow_venv/lib/python3.12/site-packages/airflow/example_dags/example_bash_operator.py
[2024-11-20T00:17:58.112+0000] {logging_mixin.py:190} INFO - [2024-11-20T00:17:58.111+0000] {dag.py:3239} INFO - Sync 1 DAGs
[2024-11-20T00:17:58.131+0000] {logging_mixin.py:190} INFO - [2024-11-20T00:17:58.131+0000] {dag.py:4180} INFO - Setting next_dagrun for example_bash_operator to 2024-11-19 00:00:00+00:00, run_after=2024-11-20 00:00:00+00:00
[2024-11-20T00:17:58.153+0000] {processor.py:208} INFO - Processing /home/ubuntu/airflow_venv/lib/python3.12/site-packages/airflow/example_dags/example_bash_operator.py took 0.084 seconds
[2024-11-20T00:19:14.883+0000] {processor.py:186} INFO - Started process (PID=2225) to work on /home/ubuntu/airflow_venv/lib/python3.12/site-packages/airflow/example_dags/example_bash_operator.py
[2024-11-20T00:19:14.884+0000] {processor.py:914} INFO - Processing file /home/ubuntu/airflow_venv/lib/python3.12/site-packages/airflow/example_dags/example_bash_operator.py for tasks to queue
[2024-11-20T00:19:14.886+0000] {logging_mixin.py:190} INFO - [2024-11-20T00:19:14.885+0000] {dagbag.py:588} INFO - Filling up the DagBag from /home/ubuntu/airflow_venv/lib/python3.12/site-packages/airflow/example_dags/example_bash_operator.py
[2024-11-20T00:19:14.902+0000] {processor.py:925} INFO - DAG(s) 'example_bash_operator' retrieved from /home/ubuntu/airflow_venv/lib/python3.12/site-packages/airflow/example_dags/example_bash_operator.py
[2024-11-20T00:19:14.924+0000] {logging_mixin.py:190} INFO - [2024-11-20T00:19:14.924+0000] {dag.py:3239} INFO - Sync 1 DAGs
[2024-11-20T00:19:14.942+0000] {logging_mixin.py:190} INFO - [2024-11-20T00:19:14.941+0000] {dag.py:4180} INFO - Setting next_dagrun for example_bash_operator to 2024-11-19 00:00:00+00:00, run_after=2024-11-20 00:00:00+00:00
[2024-11-20T00:19:14.964+0000] {processor.py:208} INFO - Processing /home/ubuntu/airflow_venv/lib/python3.12/site-packages/airflow/example_dags/example_bash_operator.py took 0.094 seconds
[2024-11-20T00:20:33.689+0000] {processor.py:186} INFO - Started process (PID=2310) to work on /home/ubuntu/airflow_venv/lib/python3.12/site-packages/airflow/example_dags/example_bash_operator.py
[2024-11-20T00:20:33.690+0000] {processor.py:914} INFO - Processing file /home/ubuntu/airflow_venv/lib/python3.12/site-packages/airflow/example_dags/example_bash_operator.py for tasks to queue
[2024-11-20T00:20:33.693+0000] {logging_mixin.py:190} INFO - [2024-11-20T00:20:33.692+0000] {dagbag.py:588} INFO - Filling up the DagBag from /home/ubuntu/airflow_venv/lib/python3.12/site-packages/airflow/example_dags/example_bash_operator.py
[2024-11-20T00:20:33.705+0000] {processor.py:925} INFO - DAG(s) 'example_bash_operator' retrieved from /home/ubuntu/airflow_venv/lib/python3.12/site-packages/airflow/example_dags/example_bash_operator.py
[2024-11-20T00:20:33.726+0000] {logging_mixin.py:190} INFO - [2024-11-20T00:20:33.726+0000] {dag.py:3239} INFO - Sync 1 DAGs
[2024-11-20T00:20:33.745+0000] {logging_mixin.py:190} INFO - [2024-11-20T00:20:33.744+0000] {dag.py:4180} INFO - Setting next_dagrun for example_bash_operator to 2024-11-19 00:00:00+00:00, run_after=2024-11-20 00:00:00+00:00
[2024-11-20T00:20:33.767+0000] {processor.py:208} INFO - Processing /home/ubuntu/airflow_venv/lib/python3.12/site-packages/airflow/example_dags/example_bash_operator.py took 0.084 seconds
[2024-11-20T00:22:04.031+0000] {processor.py:186} INFO - Started process (PID=2400) to work on /home/ubuntu/airflow_venv/lib/python3.12/site-packages/airflow/example_dags/example_bash_operator.py
[2024-11-20T00:22:04.033+0000] {processor.py:914} INFO - Processing file /home/ubuntu/airflow_venv/lib/python3.12/site-packages/airflow/example_dags/example_bash_operator.py for tasks to queue
[2024-11-20T00:22:04.035+0000] {logging_mixin.py:190} INFO - [2024-11-20T00:22:04.034+0000] {dagbag.py:588} INFO - Filling up the DagBag from /home/ubuntu/airflow_venv/lib/python3.12/site-packages/airflow/example_dags/example_bash_operator.py
[2024-11-20T00:22:04.048+0000] {processor.py:925} INFO - DAG(s) 'example_bash_operator' retrieved from /home/ubuntu/airflow_venv/lib/python3.12/site-packages/airflow/example_dags/example_bash_operator.py
[2024-11-20T00:22:04.070+0000] {logging_mixin.py:190} INFO - [2024-11-20T00:22:04.069+0000] {dag.py:3239} INFO - Sync 1 DAGs
[2024-11-20T00:22:04.089+0000] {logging_mixin.py:190} INFO - [2024-11-20T00:22:04.089+0000] {dag.py:4180} INFO - Setting next_dagrun for example_bash_operator to 2024-11-19 00:00:00+00:00, run_after=2024-11-20 00:00:00+00:00
[2024-11-20T00:22:04.115+0000] {processor.py:208} INFO - Processing /home/ubuntu/airflow_venv/lib/python3.12/site-packages/airflow/example_dags/example_bash_operator.py took 0.089 seconds
[2024-11-20T00:23:27.552+0000] {processor.py:186} INFO - Started process (PID=2486) to work on /home/ubuntu/airflow_venv/lib/python3.12/site-packages/airflow/example_dags/example_bash_operator.py
[2024-11-20T00:23:27.554+0000] {processor.py:914} INFO - Processing file /home/ubuntu/airflow_venv/lib/python3.12/site-packages/airflow/example_dags/example_bash_operator.py for tasks to queue
[2024-11-20T00:23:27.557+0000] {logging_mixin.py:190} INFO - [2024-11-20T00:23:27.556+0000] {dagbag.py:588} INFO - Filling up the DagBag from /home/ubuntu/airflow_venv/lib/python3.12/site-packages/airflow/example_dags/example_bash_operator.py
[2024-11-20T00:23:27.570+0000] {processor.py:925} INFO - DAG(s) 'example_bash_operator' retrieved from /home/ubuntu/airflow_venv/lib/python3.12/site-packages/airflow/example_dags/example_bash_operator.py
[2024-11-20T00:23:27.591+0000] {logging_mixin.py:190} INFO - [2024-11-20T00:23:27.591+0000] {dag.py:3239} INFO - Sync 1 DAGs
[2024-11-20T00:23:27.611+0000] {logging_mixin.py:190} INFO - [2024-11-20T00:23:27.610+0000] {dag.py:4180} INFO - Setting next_dagrun for example_bash_operator to 2024-11-19 00:00:00+00:00, run_after=2024-11-20 00:00:00+00:00
[2024-11-20T00:23:27.633+0000] {processor.py:208} INFO - Processing /home/ubuntu/airflow_venv/lib/python3.12/site-packages/airflow/example_dags/example_bash_operator.py took 0.087 seconds
[2024-11-20T00:24:48.292+0000] {processor.py:186} INFO - Started process (PID=2570) to work on /home/ubuntu/airflow_venv/lib/python3.12/site-packages/airflow/example_dags/example_bash_operator.py
[2024-11-20T00:24:48.294+0000] {processor.py:914} INFO - Processing file /home/ubuntu/airflow_venv/lib/python3.12/site-packages/airflow/example_dags/example_bash_operator.py for tasks to queue
[2024-11-20T00:24:48.296+0000] {logging_mixin.py:190} INFO - [2024-11-20T00:24:48.295+0000] {dagbag.py:588} INFO - Filling up the DagBag from /home/ubuntu/airflow_venv/lib/python3.12/site-packages/airflow/example_dags/example_bash_operator.py
[2024-11-20T00:24:48.309+0000] {processor.py:925} INFO - DAG(s) 'example_bash_operator' retrieved from /home/ubuntu/airflow_venv/lib/python3.12/site-packages/airflow/example_dags/example_bash_operator.py
[2024-11-20T00:24:48.330+0000] {logging_mixin.py:190} INFO - [2024-11-20T00:24:48.330+0000] {dag.py:3239} INFO - Sync 1 DAGs
[2024-11-20T00:24:48.350+0000] {logging_mixin.py:190} INFO - [2024-11-20T00:24:48.350+0000] {dag.py:4180} INFO - Setting next_dagrun for example_bash_operator to 2024-11-19 00:00:00+00:00, run_after=2024-11-20 00:00:00+00:00
[2024-11-20T00:24:48.371+0000] {processor.py:208} INFO - Processing /home/ubuntu/airflow_venv/lib/python3.12/site-packages/airflow/example_dags/example_bash_operator.py took 0.085 seconds
[2024-11-20T00:26:10.729+0000] {processor.py:186} INFO - Started process (PID=2658) to work on /home/ubuntu/airflow_venv/lib/python3.12/site-packages/airflow/example_dags/example_bash_operator.py
[2024-11-20T00:26:10.731+0000] {processor.py:914} INFO - Processing file /home/ubuntu/airflow_venv/lib/python3.12/site-packages/airflow/example_dags/example_bash_operator.py for tasks to queue
[2024-11-20T00:26:10.733+0000] {logging_mixin.py:190} INFO - [2024-11-20T00:26:10.733+0000] {dagbag.py:588} INFO - Filling up the DagBag from /home/ubuntu/airflow_venv/lib/python3.12/site-packages/airflow/example_dags/example_bash_operator.py
[2024-11-20T00:26:10.746+0000] {processor.py:925} INFO - DAG(s) 'example_bash_operator' retrieved from /home/ubuntu/airflow_venv/lib/python3.12/site-packages/airflow/example_dags/example_bash_operator.py
[2024-11-20T00:26:10.767+0000] {logging_mixin.py:190} INFO - [2024-11-20T00:26:10.767+0000] {dag.py:3239} INFO - Sync 1 DAGs
[2024-11-20T00:26:10.786+0000] {logging_mixin.py:190} INFO - [2024-11-20T00:26:10.786+0000] {dag.py:4180} INFO - Setting next_dagrun for example_bash_operator to 2024-11-19 00:00:00+00:00, run_after=2024-11-20 00:00:00+00:00
[2024-11-20T00:26:10.808+0000] {processor.py:208} INFO - Processing /home/ubuntu/airflow_venv/lib/python3.12/site-packages/airflow/example_dags/example_bash_operator.py took 0.084 seconds
[2024-11-20T00:27:59.871+0000] {processor.py:186} INFO - Started process (PID=2790) to work on /home/ubuntu/airflow_venv/lib/python3.12/site-packages/airflow/example_dags/example_bash_operator.py
[2024-11-20T00:27:59.873+0000] {processor.py:914} INFO - Processing file /home/ubuntu/airflow_venv/lib/python3.12/site-packages/airflow/example_dags/example_bash_operator.py for tasks to queue
[2024-11-20T00:27:59.875+0000] {logging_mixin.py:190} INFO - [2024-11-20T00:27:59.875+0000] {dagbag.py:588} INFO - Filling up the DagBag from /home/ubuntu/airflow_venv/lib/python3.12/site-packages/airflow/example_dags/example_bash_operator.py
[2024-11-20T00:27:59.888+0000] {processor.py:925} INFO - DAG(s) 'example_bash_operator' retrieved from /home/ubuntu/airflow_venv/lib/python3.12/site-packages/airflow/example_dags/example_bash_operator.py
[2024-11-20T00:27:59.909+0000] {logging_mixin.py:190} INFO - [2024-11-20T00:27:59.908+0000] {dag.py:3239} INFO - Sync 1 DAGs
[2024-11-20T00:27:59.929+0000] {logging_mixin.py:190} INFO - [2024-11-20T00:27:59.928+0000] {dag.py:4180} INFO - Setting next_dagrun for example_bash_operator to 2024-11-19 00:00:00+00:00, run_after=2024-11-20 00:00:00+00:00
[2024-11-20T00:27:59.950+0000] {processor.py:208} INFO - Processing /home/ubuntu/airflow_venv/lib/python3.12/site-packages/airflow/example_dags/example_bash_operator.py took 0.085 seconds
[2024-11-20T00:29:28.105+0000] {processor.py:186} INFO - Started process (PID=3008) to work on /home/ubuntu/airflow_venv/lib/python3.12/site-packages/airflow/example_dags/example_bash_operator.py
[2024-11-20T00:29:28.107+0000] {processor.py:914} INFO - Processing file /home/ubuntu/airflow_venv/lib/python3.12/site-packages/airflow/example_dags/example_bash_operator.py for tasks to queue
[2024-11-20T00:29:28.108+0000] {logging_mixin.py:190} INFO - [2024-11-20T00:29:28.108+0000] {dagbag.py:588} INFO - Filling up the DagBag from /home/ubuntu/airflow_venv/lib/python3.12/site-packages/airflow/example_dags/example_bash_operator.py
[2024-11-20T00:29:28.122+0000] {processor.py:925} INFO - DAG(s) 'example_bash_operator' retrieved from /home/ubuntu/airflow_venv/lib/python3.12/site-packages/airflow/example_dags/example_bash_operator.py
[2024-11-20T00:29:28.143+0000] {logging_mixin.py:190} INFO - [2024-11-20T00:29:28.143+0000] {dag.py:3239} INFO - Sync 1 DAGs
[2024-11-20T00:29:28.162+0000] {logging_mixin.py:190} INFO - [2024-11-20T00:29:28.162+0000] {dag.py:4180} INFO - Setting next_dagrun for example_bash_operator to 2024-11-19 00:00:00+00:00, run_after=2024-11-20 00:00:00+00:00
[2024-11-20T00:29:28.185+0000] {processor.py:208} INFO - Processing /home/ubuntu/airflow_venv/lib/python3.12/site-packages/airflow/example_dags/example_bash_operator.py took 0.085 seconds
[2024-11-20T00:30:27.865+0000] {processor.py:186} INFO - Started process (PID=3073) to work on /home/ubuntu/airflow_venv/lib/python3.12/site-packages/airflow/example_dags/example_bash_operator.py
[2024-11-20T00:30:27.866+0000] {processor.py:914} INFO - Processing file /home/ubuntu/airflow_venv/lib/python3.12/site-packages/airflow/example_dags/example_bash_operator.py for tasks to queue
[2024-11-20T00:30:27.868+0000] {logging_mixin.py:190} INFO - [2024-11-20T00:30:27.868+0000] {dagbag.py:588} INFO - Filling up the DagBag from /home/ubuntu/airflow_venv/lib/python3.12/site-packages/airflow/example_dags/example_bash_operator.py
[2024-11-20T00:30:27.881+0000] {processor.py:925} INFO - DAG(s) 'example_bash_operator' retrieved from /home/ubuntu/airflow_venv/lib/python3.12/site-packages/airflow/example_dags/example_bash_operator.py
[2024-11-20T00:30:27.902+0000] {logging_mixin.py:190} INFO - [2024-11-20T00:30:27.902+0000] {dag.py:3239} INFO - Sync 1 DAGs
[2024-11-20T00:30:27.920+0000] {logging_mixin.py:190} INFO - [2024-11-20T00:30:27.920+0000] {dag.py:4180} INFO - Setting next_dagrun for example_bash_operator to 2024-11-19 00:00:00+00:00, run_after=2024-11-20 00:00:00+00:00
[2024-11-20T00:30:27.943+0000] {processor.py:208} INFO - Processing /home/ubuntu/airflow_venv/lib/python3.12/site-packages/airflow/example_dags/example_bash_operator.py took 0.084 seconds
[2024-11-20T00:31:52.458+0000] {processor.py:186} INFO - Started process (PID=3297) to work on /home/ubuntu/airflow_venv/lib/python3.12/site-packages/airflow/example_dags/example_bash_operator.py
[2024-11-20T00:31:52.460+0000] {processor.py:914} INFO - Processing file /home/ubuntu/airflow_venv/lib/python3.12/site-packages/airflow/example_dags/example_bash_operator.py for tasks to queue
[2024-11-20T00:31:52.461+0000] {logging_mixin.py:190} INFO - [2024-11-20T00:31:52.460+0000] {dagbag.py:588} INFO - Filling up the DagBag from /home/ubuntu/airflow_venv/lib/python3.12/site-packages/airflow/example_dags/example_bash_operator.py
[2024-11-20T00:31:52.475+0000] {processor.py:925} INFO - DAG(s) 'example_bash_operator' retrieved from /home/ubuntu/airflow_venv/lib/python3.12/site-packages/airflow/example_dags/example_bash_operator.py
[2024-11-20T00:31:52.495+0000] {logging_mixin.py:190} INFO - [2024-11-20T00:31:52.495+0000] {dag.py:3239} INFO - Sync 1 DAGs
[2024-11-20T00:31:52.515+0000] {logging_mixin.py:190} INFO - [2024-11-20T00:31:52.513+0000] {dag.py:4180} INFO - Setting next_dagrun for example_bash_operator to 2024-11-19 00:00:00+00:00, run_after=2024-11-20 00:00:00+00:00
[2024-11-20T00:31:52.536+0000] {processor.py:208} INFO - Processing /home/ubuntu/airflow_venv/lib/python3.12/site-packages/airflow/example_dags/example_bash_operator.py took 0.085 seconds
[2024-11-20T00:33:11.567+0000] {processor.py:186} INFO - Started process (PID=3862) to work on /home/ubuntu/airflow_venv/lib/python3.12/site-packages/airflow/example_dags/example_bash_operator.py
[2024-11-20T00:33:11.571+0000] {processor.py:914} INFO - Processing file /home/ubuntu/airflow_venv/lib/python3.12/site-packages/airflow/example_dags/example_bash_operator.py for tasks to queue
[2024-11-20T00:33:11.572+0000] {logging_mixin.py:190} INFO - [2024-11-20T00:33:11.572+0000] {dagbag.py:588} INFO - Filling up the DagBag from /home/ubuntu/airflow_venv/lib/python3.12/site-packages/airflow/example_dags/example_bash_operator.py
[2024-11-20T00:33:11.596+0000] {processor.py:925} INFO - DAG(s) 'example_bash_operator' retrieved from /home/ubuntu/airflow_venv/lib/python3.12/site-packages/airflow/example_dags/example_bash_operator.py
[2024-11-20T00:33:11.636+0000] {logging_mixin.py:190} INFO - [2024-11-20T00:33:11.636+0000] {dag.py:3239} INFO - Sync 1 DAGs
[2024-11-20T00:33:11.674+0000] {logging_mixin.py:190} INFO - [2024-11-20T00:33:11.674+0000] {dag.py:4180} INFO - Setting next_dagrun for example_bash_operator to 2024-11-19 00:00:00+00:00, run_after=2024-11-20 00:00:00+00:00
[2024-11-20T00:33:11.712+0000] {processor.py:208} INFO - Processing /home/ubuntu/airflow_venv/lib/python3.12/site-packages/airflow/example_dags/example_bash_operator.py took 0.156 seconds
[2024-11-20T00:34:46.121+0000] {processor.py:186} INFO - Started process (PID=4055) to work on /home/ubuntu/airflow_venv/lib/python3.12/site-packages/airflow/example_dags/example_bash_operator.py
[2024-11-20T00:34:46.124+0000] {processor.py:914} INFO - Processing file /home/ubuntu/airflow_venv/lib/python3.12/site-packages/airflow/example_dags/example_bash_operator.py for tasks to queue
[2024-11-20T00:34:46.126+0000] {logging_mixin.py:190} INFO - [2024-11-20T00:34:46.125+0000] {dagbag.py:588} INFO - Filling up the DagBag from /home/ubuntu/airflow_venv/lib/python3.12/site-packages/airflow/example_dags/example_bash_operator.py
[2024-11-20T00:34:46.139+0000] {processor.py:925} INFO - DAG(s) 'example_bash_operator' retrieved from /home/ubuntu/airflow_venv/lib/python3.12/site-packages/airflow/example_dags/example_bash_operator.py
[2024-11-20T00:34:46.161+0000] {logging_mixin.py:190} INFO - [2024-11-20T00:34:46.160+0000] {dag.py:3239} INFO - Sync 1 DAGs
[2024-11-20T00:34:46.180+0000] {logging_mixin.py:190} INFO - [2024-11-20T00:34:46.179+0000] {dag.py:4180} INFO - Setting next_dagrun for example_bash_operator to 2024-11-19 00:00:00+00:00, run_after=2024-11-20 00:00:00+00:00
[2024-11-20T00:34:46.201+0000] {processor.py:208} INFO - Processing /home/ubuntu/airflow_venv/lib/python3.12/site-packages/airflow/example_dags/example_bash_operator.py took 0.087 seconds
[2024-11-20T00:36:08.716+0000] {processor.py:186} INFO - Started process (PID=4168) to work on /home/ubuntu/airflow_venv/lib/python3.12/site-packages/airflow/example_dags/example_bash_operator.py
[2024-11-20T00:36:08.718+0000] {processor.py:914} INFO - Processing file /home/ubuntu/airflow_venv/lib/python3.12/site-packages/airflow/example_dags/example_bash_operator.py for tasks to queue
[2024-11-20T00:36:08.721+0000] {logging_mixin.py:190} INFO - [2024-11-20T00:36:08.720+0000] {dagbag.py:588} INFO - Filling up the DagBag from /home/ubuntu/airflow_venv/lib/python3.12/site-packages/airflow/example_dags/example_bash_operator.py
[2024-11-20T00:36:08.738+0000] {processor.py:925} INFO - DAG(s) 'example_bash_operator' retrieved from /home/ubuntu/airflow_venv/lib/python3.12/site-packages/airflow/example_dags/example_bash_operator.py
[2024-11-20T00:36:08.758+0000] {logging_mixin.py:190} INFO - [2024-11-20T00:36:08.758+0000] {dag.py:3239} INFO - Sync 1 DAGs
[2024-11-20T00:36:08.780+0000] {logging_mixin.py:190} INFO - [2024-11-20T00:36:08.779+0000] {dag.py:4180} INFO - Setting next_dagrun for example_bash_operator to 2024-11-19 00:00:00+00:00, run_after=2024-11-20 00:00:00+00:00
[2024-11-20T00:36:08.803+0000] {processor.py:208} INFO - Processing /home/ubuntu/airflow_venv/lib/python3.12/site-packages/airflow/example_dags/example_bash_operator.py took 0.094 seconds
[2024-11-20T00:37:30.413+0000] {processor.py:186} INFO - Started process (PID=4251) to work on /home/ubuntu/airflow_venv/lib/python3.12/site-packages/airflow/example_dags/example_bash_operator.py
[2024-11-20T00:37:30.414+0000] {processor.py:914} INFO - Processing file /home/ubuntu/airflow_venv/lib/python3.12/site-packages/airflow/example_dags/example_bash_operator.py for tasks to queue
[2024-11-20T00:37:30.416+0000] {logging_mixin.py:190} INFO - [2024-11-20T00:37:30.416+0000] {dagbag.py:588} INFO - Filling up the DagBag from /home/ubuntu/airflow_venv/lib/python3.12/site-packages/airflow/example_dags/example_bash_operator.py
[2024-11-20T00:37:30.429+0000] {processor.py:925} INFO - DAG(s) 'example_bash_operator' retrieved from /home/ubuntu/airflow_venv/lib/python3.12/site-packages/airflow/example_dags/example_bash_operator.py
[2024-11-20T00:37:30.450+0000] {logging_mixin.py:190} INFO - [2024-11-20T00:37:30.450+0000] {dag.py:3239} INFO - Sync 1 DAGs
[2024-11-20T00:37:30.469+0000] {logging_mixin.py:190} INFO - [2024-11-20T00:37:30.469+0000] {dag.py:4180} INFO - Setting next_dagrun for example_bash_operator to 2024-11-19 00:00:00+00:00, run_after=2024-11-20 00:00:00+00:00
[2024-11-20T00:37:30.490+0000] {processor.py:208} INFO - Processing /home/ubuntu/airflow_venv/lib/python3.12/site-packages/airflow/example_dags/example_bash_operator.py took 0.084 seconds
[2024-11-20T00:38:27.913+0000] {processor.py:186} INFO - Started process (PID=4337) to work on /home/ubuntu/airflow_venv/lib/python3.12/site-packages/airflow/example_dags/example_bash_operator.py
[2024-11-20T00:38:27.914+0000] {processor.py:914} INFO - Processing file /home/ubuntu/airflow_venv/lib/python3.12/site-packages/airflow/example_dags/example_bash_operator.py for tasks to queue
[2024-11-20T00:38:27.916+0000] {logging_mixin.py:190} INFO - [2024-11-20T00:38:27.915+0000] {dagbag.py:588} INFO - Filling up the DagBag from /home/ubuntu/airflow_venv/lib/python3.12/site-packages/airflow/example_dags/example_bash_operator.py
[2024-11-20T00:38:27.929+0000] {processor.py:925} INFO - DAG(s) 'example_bash_operator' retrieved from /home/ubuntu/airflow_venv/lib/python3.12/site-packages/airflow/example_dags/example_bash_operator.py
[2024-11-20T00:38:27.951+0000] {logging_mixin.py:190} INFO - [2024-11-20T00:38:27.951+0000] {dag.py:3239} INFO - Sync 1 DAGs
[2024-11-20T00:38:27.970+0000] {logging_mixin.py:190} INFO - [2024-11-20T00:38:27.970+0000] {dag.py:4180} INFO - Setting next_dagrun for example_bash_operator to 2024-11-19 00:00:00+00:00, run_after=2024-11-20 00:00:00+00:00
[2024-11-20T00:38:27.991+0000] {processor.py:208} INFO - Processing /home/ubuntu/airflow_venv/lib/python3.12/site-packages/airflow/example_dags/example_bash_operator.py took 0.085 seconds
[2024-11-20T00:39:54.910+0000] {processor.py:186} INFO - Started process (PID=4456) to work on /home/ubuntu/airflow_venv/lib/python3.12/site-packages/airflow/example_dags/example_bash_operator.py
[2024-11-20T00:39:54.911+0000] {processor.py:914} INFO - Processing file /home/ubuntu/airflow_venv/lib/python3.12/site-packages/airflow/example_dags/example_bash_operator.py for tasks to queue
[2024-11-20T00:39:54.912+0000] {logging_mixin.py:190} INFO - [2024-11-20T00:39:54.912+0000] {dagbag.py:588} INFO - Filling up the DagBag from /home/ubuntu/airflow_venv/lib/python3.12/site-packages/airflow/example_dags/example_bash_operator.py
[2024-11-20T00:39:54.926+0000] {processor.py:925} INFO - DAG(s) 'example_bash_operator' retrieved from /home/ubuntu/airflow_venv/lib/python3.12/site-packages/airflow/example_dags/example_bash_operator.py
[2024-11-20T00:39:54.947+0000] {logging_mixin.py:190} INFO - [2024-11-20T00:39:54.947+0000] {dag.py:3239} INFO - Sync 1 DAGs
[2024-11-20T00:39:54.966+0000] {logging_mixin.py:190} INFO - [2024-11-20T00:39:54.966+0000] {dag.py:4180} INFO - Setting next_dagrun for example_bash_operator to 2024-11-19 00:00:00+00:00, run_after=2024-11-20 00:00:00+00:00
[2024-11-20T00:39:54.988+0000] {processor.py:208} INFO - Processing /home/ubuntu/airflow_venv/lib/python3.12/site-packages/airflow/example_dags/example_bash_operator.py took 0.085 seconds
[2024-11-20T00:40:54.894+0000] {processor.py:186} INFO - Started process (PID=4522) to work on /home/ubuntu/airflow_venv/lib/python3.12/site-packages/airflow/example_dags/example_bash_operator.py
[2024-11-20T00:40:54.896+0000] {processor.py:914} INFO - Processing file /home/ubuntu/airflow_venv/lib/python3.12/site-packages/airflow/example_dags/example_bash_operator.py for tasks to queue
[2024-11-20T00:40:54.897+0000] {logging_mixin.py:190} INFO - [2024-11-20T00:40:54.896+0000] {dagbag.py:588} INFO - Filling up the DagBag from /home/ubuntu/airflow_venv/lib/python3.12/site-packages/airflow/example_dags/example_bash_operator.py
[2024-11-20T00:40:54.910+0000] {processor.py:925} INFO - DAG(s) 'example_bash_operator' retrieved from /home/ubuntu/airflow_venv/lib/python3.12/site-packages/airflow/example_dags/example_bash_operator.py
[2024-11-20T00:40:54.930+0000] {logging_mixin.py:190} INFO - [2024-11-20T00:40:54.930+0000] {dag.py:3239} INFO - Sync 1 DAGs
[2024-11-20T00:40:54.949+0000] {logging_mixin.py:190} INFO - [2024-11-20T00:40:54.949+0000] {dag.py:4180} INFO - Setting next_dagrun for example_bash_operator to 2024-11-19 00:00:00+00:00, run_after=2024-11-20 00:00:00+00:00
[2024-11-20T00:40:54.973+0000] {processor.py:208} INFO - Processing /home/ubuntu/airflow_venv/lib/python3.12/site-packages/airflow/example_dags/example_bash_operator.py took 0.087 seconds
[2024-11-20T00:42:11.113+0000] {processor.py:186} INFO - Started process (PID=4604) to work on /home/ubuntu/airflow_venv/lib/python3.12/site-packages/airflow/example_dags/example_bash_operator.py
[2024-11-20T00:42:11.114+0000] {processor.py:914} INFO - Processing file /home/ubuntu/airflow_venv/lib/python3.12/site-packages/airflow/example_dags/example_bash_operator.py for tasks to queue
[2024-11-20T00:42:11.116+0000] {logging_mixin.py:190} INFO - [2024-11-20T00:42:11.115+0000] {dagbag.py:588} INFO - Filling up the DagBag from /home/ubuntu/airflow_venv/lib/python3.12/site-packages/airflow/example_dags/example_bash_operator.py
[2024-11-20T00:42:11.130+0000] {processor.py:925} INFO - DAG(s) 'example_bash_operator' retrieved from /home/ubuntu/airflow_venv/lib/python3.12/site-packages/airflow/example_dags/example_bash_operator.py
[2024-11-20T00:42:11.157+0000] {logging_mixin.py:190} INFO - [2024-11-20T00:42:11.157+0000] {dag.py:3239} INFO - Sync 1 DAGs
[2024-11-20T00:42:11.179+0000] {logging_mixin.py:190} INFO - [2024-11-20T00:42:11.178+0000] {dag.py:4180} INFO - Setting next_dagrun for example_bash_operator to 2024-11-19 00:00:00+00:00, run_after=2024-11-20 00:00:00+00:00
[2024-11-20T00:42:11.200+0000] {processor.py:208} INFO - Processing /home/ubuntu/airflow_venv/lib/python3.12/site-packages/airflow/example_dags/example_bash_operator.py took 0.094 seconds
[2024-11-20T00:43:38.264+0000] {processor.py:186} INFO - Started process (PID=4692) to work on /home/ubuntu/airflow_venv/lib/python3.12/site-packages/airflow/example_dags/example_bash_operator.py
[2024-11-20T00:43:38.266+0000] {processor.py:914} INFO - Processing file /home/ubuntu/airflow_venv/lib/python3.12/site-packages/airflow/example_dags/example_bash_operator.py for tasks to queue
[2024-11-20T00:43:38.267+0000] {logging_mixin.py:190} INFO - [2024-11-20T00:43:38.267+0000] {dagbag.py:588} INFO - Filling up the DagBag from /home/ubuntu/airflow_venv/lib/python3.12/site-packages/airflow/example_dags/example_bash_operator.py
[2024-11-20T00:43:38.281+0000] {processor.py:925} INFO - DAG(s) 'example_bash_operator' retrieved from /home/ubuntu/airflow_venv/lib/python3.12/site-packages/airflow/example_dags/example_bash_operator.py
[2024-11-20T00:43:38.303+0000] {logging_mixin.py:190} INFO - [2024-11-20T00:43:38.303+0000] {dag.py:3239} INFO - Sync 1 DAGs
[2024-11-20T00:43:38.322+0000] {logging_mixin.py:190} INFO - [2024-11-20T00:43:38.321+0000] {dag.py:4180} INFO - Setting next_dagrun for example_bash_operator to 2024-11-19 00:00:00+00:00, run_after=2024-11-20 00:00:00+00:00
[2024-11-20T00:43:38.345+0000] {processor.py:208} INFO - Processing /home/ubuntu/airflow_venv/lib/python3.12/site-packages/airflow/example_dags/example_bash_operator.py took 0.088 seconds
[2024-11-20T00:44:59.127+0000] {processor.py:186} INFO - Started process (PID=4775) to work on /home/ubuntu/airflow_venv/lib/python3.12/site-packages/airflow/example_dags/example_bash_operator.py
[2024-11-20T00:44:59.129+0000] {processor.py:914} INFO - Processing file /home/ubuntu/airflow_venv/lib/python3.12/site-packages/airflow/example_dags/example_bash_operator.py for tasks to queue
[2024-11-20T00:44:59.130+0000] {logging_mixin.py:190} INFO - [2024-11-20T00:44:59.130+0000] {dagbag.py:588} INFO - Filling up the DagBag from /home/ubuntu/airflow_venv/lib/python3.12/site-packages/airflow/example_dags/example_bash_operator.py
[2024-11-20T00:44:59.143+0000] {processor.py:925} INFO - DAG(s) 'example_bash_operator' retrieved from /home/ubuntu/airflow_venv/lib/python3.12/site-packages/airflow/example_dags/example_bash_operator.py
[2024-11-20T00:44:59.164+0000] {logging_mixin.py:190} INFO - [2024-11-20T00:44:59.164+0000] {dag.py:3239} INFO - Sync 1 DAGs
[2024-11-20T00:44:59.183+0000] {logging_mixin.py:190} INFO - [2024-11-20T00:44:59.183+0000] {dag.py:4180} INFO - Setting next_dagrun for example_bash_operator to 2024-11-19 00:00:00+00:00, run_after=2024-11-20 00:00:00+00:00
[2024-11-20T00:44:59.205+0000] {processor.py:208} INFO - Processing /home/ubuntu/airflow_venv/lib/python3.12/site-packages/airflow/example_dags/example_bash_operator.py took 0.085 seconds
[2024-11-20T00:46:20.463+0000] {processor.py:186} INFO - Started process (PID=4864) to work on /home/ubuntu/airflow_venv/lib/python3.12/site-packages/airflow/example_dags/example_bash_operator.py
[2024-11-20T00:46:20.464+0000] {processor.py:914} INFO - Processing file /home/ubuntu/airflow_venv/lib/python3.12/site-packages/airflow/example_dags/example_bash_operator.py for tasks to queue
[2024-11-20T00:46:20.466+0000] {logging_mixin.py:190} INFO - [2024-11-20T00:46:20.465+0000] {dagbag.py:588} INFO - Filling up the DagBag from /home/ubuntu/airflow_venv/lib/python3.12/site-packages/airflow/example_dags/example_bash_operator.py
[2024-11-20T00:46:20.479+0000] {processor.py:925} INFO - DAG(s) 'example_bash_operator' retrieved from /home/ubuntu/airflow_venv/lib/python3.12/site-packages/airflow/example_dags/example_bash_operator.py
[2024-11-20T00:46:20.499+0000] {logging_mixin.py:190} INFO - [2024-11-20T00:46:20.499+0000] {dag.py:3239} INFO - Sync 1 DAGs
[2024-11-20T00:46:20.519+0000] {logging_mixin.py:190} INFO - [2024-11-20T00:46:20.518+0000] {dag.py:4180} INFO - Setting next_dagrun for example_bash_operator to 2024-11-19 00:00:00+00:00, run_after=2024-11-20 00:00:00+00:00
[2024-11-20T00:46:20.542+0000] {processor.py:208} INFO - Processing /home/ubuntu/airflow_venv/lib/python3.12/site-packages/airflow/example_dags/example_bash_operator.py took 0.086 seconds
[2024-11-20T00:47:39.037+0000] {processor.py:186} INFO - Started process (PID=4945) to work on /home/ubuntu/airflow_venv/lib/python3.12/site-packages/airflow/example_dags/example_bash_operator.py
[2024-11-20T00:47:39.038+0000] {processor.py:914} INFO - Processing file /home/ubuntu/airflow_venv/lib/python3.12/site-packages/airflow/example_dags/example_bash_operator.py for tasks to queue
[2024-11-20T00:47:39.039+0000] {logging_mixin.py:190} INFO - [2024-11-20T00:47:39.039+0000] {dagbag.py:588} INFO - Filling up the DagBag from /home/ubuntu/airflow_venv/lib/python3.12/site-packages/airflow/example_dags/example_bash_operator.py
[2024-11-20T00:47:39.054+0000] {processor.py:925} INFO - DAG(s) 'example_bash_operator' retrieved from /home/ubuntu/airflow_venv/lib/python3.12/site-packages/airflow/example_dags/example_bash_operator.py
[2024-11-20T00:47:39.074+0000] {logging_mixin.py:190} INFO - [2024-11-20T00:47:39.074+0000] {dag.py:3239} INFO - Sync 1 DAGs
[2024-11-20T00:47:39.094+0000] {logging_mixin.py:190} INFO - [2024-11-20T00:47:39.094+0000] {dag.py:4180} INFO - Setting next_dagrun for example_bash_operator to 2024-11-19 00:00:00+00:00, run_after=2024-11-20 00:00:00+00:00
[2024-11-20T00:47:39.117+0000] {processor.py:208} INFO - Processing /home/ubuntu/airflow_venv/lib/python3.12/site-packages/airflow/example_dags/example_bash_operator.py took 0.087 seconds
[2024-11-20T00:49:00.134+0000] {processor.py:186} INFO - Started process (PID=5028) to work on /home/ubuntu/airflow_venv/lib/python3.12/site-packages/airflow/example_dags/example_bash_operator.py
[2024-11-20T00:49:00.135+0000] {processor.py:914} INFO - Processing file /home/ubuntu/airflow_venv/lib/python3.12/site-packages/airflow/example_dags/example_bash_operator.py for tasks to queue
[2024-11-20T00:49:00.137+0000] {logging_mixin.py:190} INFO - [2024-11-20T00:49:00.136+0000] {dagbag.py:588} INFO - Filling up the DagBag from /home/ubuntu/airflow_venv/lib/python3.12/site-packages/airflow/example_dags/example_bash_operator.py
[2024-11-20T00:49:00.150+0000] {processor.py:925} INFO - DAG(s) 'example_bash_operator' retrieved from /home/ubuntu/airflow_venv/lib/python3.12/site-packages/airflow/example_dags/example_bash_operator.py
[2024-11-20T00:49:00.170+0000] {logging_mixin.py:190} INFO - [2024-11-20T00:49:00.170+0000] {dag.py:3239} INFO - Sync 1 DAGs
[2024-11-20T00:49:00.190+0000] {logging_mixin.py:190} INFO - [2024-11-20T00:49:00.190+0000] {dag.py:4180} INFO - Setting next_dagrun for example_bash_operator to 2024-11-19 00:00:00+00:00, run_after=2024-11-20 00:00:00+00:00
[2024-11-20T00:49:00.212+0000] {processor.py:208} INFO - Processing /home/ubuntu/airflow_venv/lib/python3.12/site-packages/airflow/example_dags/example_bash_operator.py took 0.086 seconds
[2024-11-20T00:50:19.884+0000] {processor.py:186} INFO - Started process (PID=5113) to work on /home/ubuntu/airflow_venv/lib/python3.12/site-packages/airflow/example_dags/example_bash_operator.py
[2024-11-20T00:50:19.886+0000] {processor.py:914} INFO - Processing file /home/ubuntu/airflow_venv/lib/python3.12/site-packages/airflow/example_dags/example_bash_operator.py for tasks to queue
[2024-11-20T00:50:19.888+0000] {logging_mixin.py:190} INFO - [2024-11-20T00:50:19.887+0000] {dagbag.py:588} INFO - Filling up the DagBag from /home/ubuntu/airflow_venv/lib/python3.12/site-packages/airflow/example_dags/example_bash_operator.py
[2024-11-20T00:50:19.901+0000] {processor.py:925} INFO - DAG(s) 'example_bash_operator' retrieved from /home/ubuntu/airflow_venv/lib/python3.12/site-packages/airflow/example_dags/example_bash_operator.py
[2024-11-20T00:50:19.922+0000] {logging_mixin.py:190} INFO - [2024-11-20T00:50:19.922+0000] {dag.py:3239} INFO - Sync 1 DAGs
[2024-11-20T00:50:19.942+0000] {logging_mixin.py:190} INFO - [2024-11-20T00:50:19.941+0000] {dag.py:4180} INFO - Setting next_dagrun for example_bash_operator to 2024-11-19 00:00:00+00:00, run_after=2024-11-20 00:00:00+00:00
[2024-11-20T00:50:19.963+0000] {processor.py:208} INFO - Processing /home/ubuntu/airflow_venv/lib/python3.12/site-packages/airflow/example_dags/example_bash_operator.py took 0.084 seconds
[2024-11-20T00:51:45.462+0000] {processor.py:186} INFO - Started process (PID=5202) to work on /home/ubuntu/airflow_venv/lib/python3.12/site-packages/airflow/example_dags/example_bash_operator.py
[2024-11-20T00:51:45.463+0000] {processor.py:914} INFO - Processing file /home/ubuntu/airflow_venv/lib/python3.12/site-packages/airflow/example_dags/example_bash_operator.py for tasks to queue
[2024-11-20T00:51:45.464+0000] {logging_mixin.py:190} INFO - [2024-11-20T00:51:45.464+0000] {dagbag.py:588} INFO - Filling up the DagBag from /home/ubuntu/airflow_venv/lib/python3.12/site-packages/airflow/example_dags/example_bash_operator.py
[2024-11-20T00:51:45.478+0000] {processor.py:925} INFO - DAG(s) 'example_bash_operator' retrieved from /home/ubuntu/airflow_venv/lib/python3.12/site-packages/airflow/example_dags/example_bash_operator.py
[2024-11-20T00:51:45.500+0000] {logging_mixin.py:190} INFO - [2024-11-20T00:51:45.499+0000] {dag.py:3239} INFO - Sync 1 DAGs
[2024-11-20T00:51:45.520+0000] {logging_mixin.py:190} INFO - [2024-11-20T00:51:45.520+0000] {dag.py:4180} INFO - Setting next_dagrun for example_bash_operator to 2024-11-19 00:00:00+00:00, run_after=2024-11-20 00:00:00+00:00
[2024-11-20T00:51:45.541+0000] {processor.py:208} INFO - Processing /home/ubuntu/airflow_venv/lib/python3.12/site-packages/airflow/example_dags/example_bash_operator.py took 0.086 seconds
[2024-11-20T00:53:10.428+0000] {processor.py:186} INFO - Started process (PID=5288) to work on /home/ubuntu/airflow_venv/lib/python3.12/site-packages/airflow/example_dags/example_bash_operator.py
[2024-11-20T00:53:10.430+0000] {processor.py:914} INFO - Processing file /home/ubuntu/airflow_venv/lib/python3.12/site-packages/airflow/example_dags/example_bash_operator.py for tasks to queue
[2024-11-20T00:53:10.432+0000] {logging_mixin.py:190} INFO - [2024-11-20T00:53:10.432+0000] {dagbag.py:588} INFO - Filling up the DagBag from /home/ubuntu/airflow_venv/lib/python3.12/site-packages/airflow/example_dags/example_bash_operator.py
[2024-11-20T00:53:10.445+0000] {processor.py:925} INFO - DAG(s) 'example_bash_operator' retrieved from /home/ubuntu/airflow_venv/lib/python3.12/site-packages/airflow/example_dags/example_bash_operator.py
[2024-11-20T00:53:10.468+0000] {logging_mixin.py:190} INFO - [2024-11-20T00:53:10.466+0000] {dag.py:3239} INFO - Sync 1 DAGs
[2024-11-20T00:53:10.487+0000] {logging_mixin.py:190} INFO - [2024-11-20T00:53:10.486+0000] {dag.py:4180} INFO - Setting next_dagrun for example_bash_operator to 2024-11-19 00:00:00+00:00, run_after=2024-11-20 00:00:00+00:00
[2024-11-20T00:53:10.509+0000] {processor.py:208} INFO - Processing /home/ubuntu/airflow_venv/lib/python3.12/site-packages/airflow/example_dags/example_bash_operator.py took 0.088 seconds
[2024-11-20T00:54:29.580+0000] {processor.py:186} INFO - Started process (PID=5384) to work on /home/ubuntu/airflow_venv/lib/python3.12/site-packages/airflow/example_dags/example_bash_operator.py
[2024-11-20T00:54:29.583+0000] {processor.py:914} INFO - Processing file /home/ubuntu/airflow_venv/lib/python3.12/site-packages/airflow/example_dags/example_bash_operator.py for tasks to queue
[2024-11-20T00:54:29.584+0000] {logging_mixin.py:190} INFO - [2024-11-20T00:54:29.583+0000] {dagbag.py:588} INFO - Filling up the DagBag from /home/ubuntu/airflow_venv/lib/python3.12/site-packages/airflow/example_dags/example_bash_operator.py
[2024-11-20T00:54:29.597+0000] {processor.py:925} INFO - DAG(s) 'example_bash_operator' retrieved from /home/ubuntu/airflow_venv/lib/python3.12/site-packages/airflow/example_dags/example_bash_operator.py
[2024-11-20T00:54:29.618+0000] {logging_mixin.py:190} INFO - [2024-11-20T00:54:29.618+0000] {dag.py:3239} INFO - Sync 1 DAGs
[2024-11-20T00:54:29.638+0000] {logging_mixin.py:190} INFO - [2024-11-20T00:54:29.638+0000] {dag.py:4180} INFO - Setting next_dagrun for example_bash_operator to 2024-11-19 00:00:00+00:00, run_after=2024-11-20 00:00:00+00:00
[2024-11-20T00:54:29.660+0000] {processor.py:208} INFO - Processing /home/ubuntu/airflow_venv/lib/python3.12/site-packages/airflow/example_dags/example_bash_operator.py took 0.086 seconds
[2024-11-20T00:55:49.030+0000] {processor.py:186} INFO - Started process (PID=5471) to work on /home/ubuntu/airflow_venv/lib/python3.12/site-packages/airflow/example_dags/example_bash_operator.py
[2024-11-20T00:55:49.031+0000] {processor.py:914} INFO - Processing file /home/ubuntu/airflow_venv/lib/python3.12/site-packages/airflow/example_dags/example_bash_operator.py for tasks to queue
[2024-11-20T00:55:49.032+0000] {logging_mixin.py:190} INFO - [2024-11-20T00:55:49.032+0000] {dagbag.py:588} INFO - Filling up the DagBag from /home/ubuntu/airflow_venv/lib/python3.12/site-packages/airflow/example_dags/example_bash_operator.py
[2024-11-20T00:55:49.046+0000] {processor.py:925} INFO - DAG(s) 'example_bash_operator' retrieved from /home/ubuntu/airflow_venv/lib/python3.12/site-packages/airflow/example_dags/example_bash_operator.py
[2024-11-20T00:55:49.067+0000] {logging_mixin.py:190} INFO - [2024-11-20T00:55:49.067+0000] {dag.py:3239} INFO - Sync 1 DAGs
[2024-11-20T00:55:49.096+0000] {logging_mixin.py:190} INFO - [2024-11-20T00:55:49.095+0000] {dag.py:4180} INFO - Setting next_dagrun for example_bash_operator to 2024-11-19 00:00:00+00:00, run_after=2024-11-20 00:00:00+00:00
[2024-11-20T00:55:49.119+0000] {processor.py:208} INFO - Processing /home/ubuntu/airflow_venv/lib/python3.12/site-packages/airflow/example_dags/example_bash_operator.py took 0.096 seconds
[2024-11-20T00:57:10.098+0000] {processor.py:186} INFO - Started process (PID=5555) to work on /home/ubuntu/airflow_venv/lib/python3.12/site-packages/airflow/example_dags/example_bash_operator.py
[2024-11-20T00:57:10.100+0000] {processor.py:914} INFO - Processing file /home/ubuntu/airflow_venv/lib/python3.12/site-packages/airflow/example_dags/example_bash_operator.py for tasks to queue
[2024-11-20T00:57:10.102+0000] {logging_mixin.py:190} INFO - [2024-11-20T00:57:10.101+0000] {dagbag.py:588} INFO - Filling up the DagBag from /home/ubuntu/airflow_venv/lib/python3.12/site-packages/airflow/example_dags/example_bash_operator.py
[2024-11-20T00:57:10.115+0000] {processor.py:925} INFO - DAG(s) 'example_bash_operator' retrieved from /home/ubuntu/airflow_venv/lib/python3.12/site-packages/airflow/example_dags/example_bash_operator.py
[2024-11-20T00:57:10.138+0000] {logging_mixin.py:190} INFO - [2024-11-20T00:57:10.138+0000] {dag.py:3239} INFO - Sync 1 DAGs
[2024-11-20T00:57:10.156+0000] {logging_mixin.py:190} INFO - [2024-11-20T00:57:10.156+0000] {dag.py:4180} INFO - Setting next_dagrun for example_bash_operator to 2024-11-19 00:00:00+00:00, run_after=2024-11-20 00:00:00+00:00
[2024-11-20T00:57:10.178+0000] {processor.py:208} INFO - Processing /home/ubuntu/airflow_venv/lib/python3.12/site-packages/airflow/example_dags/example_bash_operator.py took 0.086 seconds
[2024-11-20T00:58:28.592+0000] {processor.py:186} INFO - Started process (PID=5638) to work on /home/ubuntu/airflow_venv/lib/python3.12/site-packages/airflow/example_dags/example_bash_operator.py
[2024-11-20T00:58:28.594+0000] {processor.py:914} INFO - Processing file /home/ubuntu/airflow_venv/lib/python3.12/site-packages/airflow/example_dags/example_bash_operator.py for tasks to queue
[2024-11-20T00:58:28.595+0000] {logging_mixin.py:190} INFO - [2024-11-20T00:58:28.595+0000] {dagbag.py:588} INFO - Filling up the DagBag from /home/ubuntu/airflow_venv/lib/python3.12/site-packages/airflow/example_dags/example_bash_operator.py
[2024-11-20T00:58:28.609+0000] {processor.py:925} INFO - DAG(s) 'example_bash_operator' retrieved from /home/ubuntu/airflow_venv/lib/python3.12/site-packages/airflow/example_dags/example_bash_operator.py
[2024-11-20T00:58:28.630+0000] {logging_mixin.py:190} INFO - [2024-11-20T00:58:28.630+0000] {dag.py:3239} INFO - Sync 1 DAGs
[2024-11-20T00:58:28.651+0000] {logging_mixin.py:190} INFO - [2024-11-20T00:58:28.650+0000] {dag.py:4180} INFO - Setting next_dagrun for example_bash_operator to 2024-11-19 00:00:00+00:00, run_after=2024-11-20 00:00:00+00:00
[2024-11-20T00:58:28.673+0000] {processor.py:208} INFO - Processing /home/ubuntu/airflow_venv/lib/python3.12/site-packages/airflow/example_dags/example_bash_operator.py took 0.088 seconds
[2024-11-20T00:59:47.563+0000] {processor.py:186} INFO - Started process (PID=5724) to work on /home/ubuntu/airflow_venv/lib/python3.12/site-packages/airflow/example_dags/example_bash_operator.py
[2024-11-20T00:59:47.565+0000] {processor.py:914} INFO - Processing file /home/ubuntu/airflow_venv/lib/python3.12/site-packages/airflow/example_dags/example_bash_operator.py for tasks to queue
[2024-11-20T00:59:47.566+0000] {logging_mixin.py:190} INFO - [2024-11-20T00:59:47.565+0000] {dagbag.py:588} INFO - Filling up the DagBag from /home/ubuntu/airflow_venv/lib/python3.12/site-packages/airflow/example_dags/example_bash_operator.py
[2024-11-20T00:59:47.580+0000] {processor.py:925} INFO - DAG(s) 'example_bash_operator' retrieved from /home/ubuntu/airflow_venv/lib/python3.12/site-packages/airflow/example_dags/example_bash_operator.py
[2024-11-20T00:59:47.602+0000] {logging_mixin.py:190} INFO - [2024-11-20T00:59:47.601+0000] {dag.py:3239} INFO - Sync 1 DAGs
[2024-11-20T00:59:47.621+0000] {logging_mixin.py:190} INFO - [2024-11-20T00:59:47.620+0000] {dag.py:4180} INFO - Setting next_dagrun for example_bash_operator to 2024-11-19 00:00:00+00:00, run_after=2024-11-20 00:00:00+00:00
[2024-11-20T00:59:47.642+0000] {processor.py:208} INFO - Processing /home/ubuntu/airflow_venv/lib/python3.12/site-packages/airflow/example_dags/example_bash_operator.py took 0.085 seconds
[2024-11-20T01:01:11.034+0000] {processor.py:186} INFO - Started process (PID=5813) to work on /home/ubuntu/airflow_venv/lib/python3.12/site-packages/airflow/example_dags/example_bash_operator.py
[2024-11-20T01:01:11.035+0000] {processor.py:914} INFO - Processing file /home/ubuntu/airflow_venv/lib/python3.12/site-packages/airflow/example_dags/example_bash_operator.py for tasks to queue
[2024-11-20T01:01:11.036+0000] {logging_mixin.py:190} INFO - [2024-11-20T01:01:11.036+0000] {dagbag.py:588} INFO - Filling up the DagBag from /home/ubuntu/airflow_venv/lib/python3.12/site-packages/airflow/example_dags/example_bash_operator.py
[2024-11-20T01:01:11.051+0000] {processor.py:925} INFO - DAG(s) 'example_bash_operator' retrieved from /home/ubuntu/airflow_venv/lib/python3.12/site-packages/airflow/example_dags/example_bash_operator.py
[2024-11-20T01:01:11.071+0000] {logging_mixin.py:190} INFO - [2024-11-20T01:01:11.071+0000] {dag.py:3239} INFO - Sync 1 DAGs
[2024-11-20T01:01:11.092+0000] {logging_mixin.py:190} INFO - [2024-11-20T01:01:11.092+0000] {dag.py:4180} INFO - Setting next_dagrun for example_bash_operator to 2024-11-19 00:00:00+00:00, run_after=2024-11-20 00:00:00+00:00
[2024-11-20T01:01:11.115+0000] {processor.py:208} INFO - Processing /home/ubuntu/airflow_venv/lib/python3.12/site-packages/airflow/example_dags/example_bash_operator.py took 0.088 seconds
[2024-11-20T01:02:24.682+0000] {processor.py:186} INFO - Started process (PID=5894) to work on /home/ubuntu/airflow_venv/lib/python3.12/site-packages/airflow/example_dags/example_bash_operator.py
[2024-11-20T01:02:24.684+0000] {processor.py:914} INFO - Processing file /home/ubuntu/airflow_venv/lib/python3.12/site-packages/airflow/example_dags/example_bash_operator.py for tasks to queue
[2024-11-20T01:02:24.685+0000] {logging_mixin.py:190} INFO - [2024-11-20T01:02:24.685+0000] {dagbag.py:588} INFO - Filling up the DagBag from /home/ubuntu/airflow_venv/lib/python3.12/site-packages/airflow/example_dags/example_bash_operator.py
[2024-11-20T01:02:24.698+0000] {processor.py:925} INFO - DAG(s) 'example_bash_operator' retrieved from /home/ubuntu/airflow_venv/lib/python3.12/site-packages/airflow/example_dags/example_bash_operator.py
[2024-11-20T01:02:24.720+0000] {logging_mixin.py:190} INFO - [2024-11-20T01:02:24.720+0000] {dag.py:3239} INFO - Sync 1 DAGs
[2024-11-20T01:02:24.740+0000] {logging_mixin.py:190} INFO - [2024-11-20T01:02:24.740+0000] {dag.py:4180} INFO - Setting next_dagrun for example_bash_operator to 2024-11-19 00:00:00+00:00, run_after=2024-11-20 00:00:00+00:00
[2024-11-20T01:02:24.761+0000] {processor.py:208} INFO - Processing /home/ubuntu/airflow_venv/lib/python3.12/site-packages/airflow/example_dags/example_bash_operator.py took 0.087 seconds
[2024-11-20T01:03:48.540+0000] {processor.py:186} INFO - Started process (PID=5978) to work on /home/ubuntu/airflow_venv/lib/python3.12/site-packages/airflow/example_dags/example_bash_operator.py
[2024-11-20T01:03:48.541+0000] {processor.py:914} INFO - Processing file /home/ubuntu/airflow_venv/lib/python3.12/site-packages/airflow/example_dags/example_bash_operator.py for tasks to queue
[2024-11-20T01:03:48.542+0000] {logging_mixin.py:190} INFO - [2024-11-20T01:03:48.542+0000] {dagbag.py:588} INFO - Filling up the DagBag from /home/ubuntu/airflow_venv/lib/python3.12/site-packages/airflow/example_dags/example_bash_operator.py
[2024-11-20T01:03:48.555+0000] {processor.py:925} INFO - DAG(s) 'example_bash_operator' retrieved from /home/ubuntu/airflow_venv/lib/python3.12/site-packages/airflow/example_dags/example_bash_operator.py
[2024-11-20T01:03:48.577+0000] {logging_mixin.py:190} INFO - [2024-11-20T01:03:48.577+0000] {dag.py:3239} INFO - Sync 1 DAGs
[2024-11-20T01:03:48.602+0000] {logging_mixin.py:190} INFO - [2024-11-20T01:03:48.602+0000] {dag.py:4180} INFO - Setting next_dagrun for example_bash_operator to 2024-11-19 00:00:00+00:00, run_after=2024-11-20 00:00:00+00:00
[2024-11-20T01:03:48.622+0000] {processor.py:208} INFO - Processing /home/ubuntu/airflow_venv/lib/python3.12/site-packages/airflow/example_dags/example_bash_operator.py took 0.089 seconds
[2024-11-20T01:05:12.536+0000] {processor.py:186} INFO - Started process (PID=6069) to work on /home/ubuntu/airflow_venv/lib/python3.12/site-packages/airflow/example_dags/example_bash_operator.py
[2024-11-20T01:05:12.537+0000] {processor.py:914} INFO - Processing file /home/ubuntu/airflow_venv/lib/python3.12/site-packages/airflow/example_dags/example_bash_operator.py for tasks to queue
[2024-11-20T01:05:12.538+0000] {logging_mixin.py:190} INFO - [2024-11-20T01:05:12.537+0000] {dagbag.py:588} INFO - Filling up the DagBag from /home/ubuntu/airflow_venv/lib/python3.12/site-packages/airflow/example_dags/example_bash_operator.py
[2024-11-20T01:05:12.552+0000] {processor.py:925} INFO - DAG(s) 'example_bash_operator' retrieved from /home/ubuntu/airflow_venv/lib/python3.12/site-packages/airflow/example_dags/example_bash_operator.py
[2024-11-20T01:05:12.573+0000] {logging_mixin.py:190} INFO - [2024-11-20T01:05:12.573+0000] {dag.py:3239} INFO - Sync 1 DAGs
[2024-11-20T01:05:12.593+0000] {logging_mixin.py:190} INFO - [2024-11-20T01:05:12.593+0000] {dag.py:4180} INFO - Setting next_dagrun for example_bash_operator to 2024-11-19 00:00:00+00:00, run_after=2024-11-20 00:00:00+00:00
[2024-11-20T01:05:12.616+0000] {processor.py:208} INFO - Processing /home/ubuntu/airflow_venv/lib/python3.12/site-packages/airflow/example_dags/example_bash_operator.py took 0.087 seconds
[2024-11-20T01:06:32.233+0000] {processor.py:186} INFO - Started process (PID=6151) to work on /home/ubuntu/airflow_venv/lib/python3.12/site-packages/airflow/example_dags/example_bash_operator.py
[2024-11-20T01:06:32.234+0000] {processor.py:914} INFO - Processing file /home/ubuntu/airflow_venv/lib/python3.12/site-packages/airflow/example_dags/example_bash_operator.py for tasks to queue
[2024-11-20T01:06:32.236+0000] {logging_mixin.py:190} INFO - [2024-11-20T01:06:32.235+0000] {dagbag.py:588} INFO - Filling up the DagBag from /home/ubuntu/airflow_venv/lib/python3.12/site-packages/airflow/example_dags/example_bash_operator.py
[2024-11-20T01:06:32.249+0000] {processor.py:925} INFO - DAG(s) 'example_bash_operator' retrieved from /home/ubuntu/airflow_venv/lib/python3.12/site-packages/airflow/example_dags/example_bash_operator.py
[2024-11-20T01:06:32.270+0000] {logging_mixin.py:190} INFO - [2024-11-20T01:06:32.270+0000] {dag.py:3239} INFO - Sync 1 DAGs
[2024-11-20T01:06:32.288+0000] {logging_mixin.py:190} INFO - [2024-11-20T01:06:32.288+0000] {dag.py:4180} INFO - Setting next_dagrun for example_bash_operator to 2024-11-19 00:00:00+00:00, run_after=2024-11-20 00:00:00+00:00
[2024-11-20T01:06:32.312+0000] {processor.py:208} INFO - Processing /home/ubuntu/airflow_venv/lib/python3.12/site-packages/airflow/example_dags/example_bash_operator.py took 0.086 seconds
[2024-11-20T01:07:51.502+0000] {processor.py:186} INFO - Started process (PID=6234) to work on /home/ubuntu/airflow_venv/lib/python3.12/site-packages/airflow/example_dags/example_bash_operator.py
[2024-11-20T01:07:51.504+0000] {processor.py:914} INFO - Processing file /home/ubuntu/airflow_venv/lib/python3.12/site-packages/airflow/example_dags/example_bash_operator.py for tasks to queue
[2024-11-20T01:07:51.505+0000] {logging_mixin.py:190} INFO - [2024-11-20T01:07:51.505+0000] {dagbag.py:588} INFO - Filling up the DagBag from /home/ubuntu/airflow_venv/lib/python3.12/site-packages/airflow/example_dags/example_bash_operator.py
[2024-11-20T01:07:51.519+0000] {processor.py:925} INFO - DAG(s) 'example_bash_operator' retrieved from /home/ubuntu/airflow_venv/lib/python3.12/site-packages/airflow/example_dags/example_bash_operator.py
[2024-11-20T01:07:51.539+0000] {logging_mixin.py:190} INFO - [2024-11-20T01:07:51.539+0000] {dag.py:3239} INFO - Sync 1 DAGs
[2024-11-20T01:07:51.558+0000] {logging_mixin.py:190} INFO - [2024-11-20T01:07:51.558+0000] {dag.py:4180} INFO - Setting next_dagrun for example_bash_operator to 2024-11-19 00:00:00+00:00, run_after=2024-11-20 00:00:00+00:00
[2024-11-20T01:07:51.579+0000] {processor.py:208} INFO - Processing /home/ubuntu/airflow_venv/lib/python3.12/site-packages/airflow/example_dags/example_bash_operator.py took 0.085 seconds
[2024-11-20T01:09:14.786+0000] {processor.py:186} INFO - Started process (PID=6317) to work on /home/ubuntu/airflow_venv/lib/python3.12/site-packages/airflow/example_dags/example_bash_operator.py
[2024-11-20T01:09:14.787+0000] {processor.py:914} INFO - Processing file /home/ubuntu/airflow_venv/lib/python3.12/site-packages/airflow/example_dags/example_bash_operator.py for tasks to queue
[2024-11-20T01:09:14.789+0000] {logging_mixin.py:190} INFO - [2024-11-20T01:09:14.788+0000] {dagbag.py:588} INFO - Filling up the DagBag from /home/ubuntu/airflow_venv/lib/python3.12/site-packages/airflow/example_dags/example_bash_operator.py
[2024-11-20T01:09:14.802+0000] {processor.py:925} INFO - DAG(s) 'example_bash_operator' retrieved from /home/ubuntu/airflow_venv/lib/python3.12/site-packages/airflow/example_dags/example_bash_operator.py
[2024-11-20T01:09:14.822+0000] {logging_mixin.py:190} INFO - [2024-11-20T01:09:14.822+0000] {dag.py:3239} INFO - Sync 1 DAGs
[2024-11-20T01:09:14.842+0000] {logging_mixin.py:190} INFO - [2024-11-20T01:09:14.841+0000] {dag.py:4180} INFO - Setting next_dagrun for example_bash_operator to 2024-11-19 00:00:00+00:00, run_after=2024-11-20 00:00:00+00:00
[2024-11-20T01:09:14.864+0000] {processor.py:208} INFO - Processing /home/ubuntu/airflow_venv/lib/python3.12/site-packages/airflow/example_dags/example_bash_operator.py took 0.085 seconds
[2024-11-20T01:10:13.549+0000] {processor.py:186} INFO - Started process (PID=6381) to work on /home/ubuntu/airflow_venv/lib/python3.12/site-packages/airflow/example_dags/example_bash_operator.py
[2024-11-20T01:10:13.550+0000] {processor.py:914} INFO - Processing file /home/ubuntu/airflow_venv/lib/python3.12/site-packages/airflow/example_dags/example_bash_operator.py for tasks to queue
[2024-11-20T01:10:13.552+0000] {logging_mixin.py:190} INFO - [2024-11-20T01:10:13.552+0000] {dagbag.py:588} INFO - Filling up the DagBag from /home/ubuntu/airflow_venv/lib/python3.12/site-packages/airflow/example_dags/example_bash_operator.py
[2024-11-20T01:10:13.565+0000] {processor.py:925} INFO - DAG(s) 'example_bash_operator' retrieved from /home/ubuntu/airflow_venv/lib/python3.12/site-packages/airflow/example_dags/example_bash_operator.py
[2024-11-20T01:10:13.589+0000] {logging_mixin.py:190} INFO - [2024-11-20T01:10:13.589+0000] {dag.py:3239} INFO - Sync 1 DAGs
[2024-11-20T01:10:13.609+0000] {logging_mixin.py:190} INFO - [2024-11-20T01:10:13.608+0000] {dag.py:4180} INFO - Setting next_dagrun for example_bash_operator to 2024-11-19 00:00:00+00:00, run_after=2024-11-20 00:00:00+00:00
[2024-11-20T01:10:13.632+0000] {processor.py:208} INFO - Processing /home/ubuntu/airflow_venv/lib/python3.12/site-packages/airflow/example_dags/example_bash_operator.py took 0.090 seconds
[2024-11-20T01:11:35.041+0000] {processor.py:186} INFO - Started process (PID=6464) to work on /home/ubuntu/airflow_venv/lib/python3.12/site-packages/airflow/example_dags/example_bash_operator.py
[2024-11-20T01:11:35.043+0000] {processor.py:914} INFO - Processing file /home/ubuntu/airflow_venv/lib/python3.12/site-packages/airflow/example_dags/example_bash_operator.py for tasks to queue
[2024-11-20T01:11:35.045+0000] {logging_mixin.py:190} INFO - [2024-11-20T01:11:35.043+0000] {dagbag.py:588} INFO - Filling up the DagBag from /home/ubuntu/airflow_venv/lib/python3.12/site-packages/airflow/example_dags/example_bash_operator.py
[2024-11-20T01:11:35.058+0000] {processor.py:925} INFO - DAG(s) 'example_bash_operator' retrieved from /home/ubuntu/airflow_venv/lib/python3.12/site-packages/airflow/example_dags/example_bash_operator.py
[2024-11-20T01:11:35.080+0000] {logging_mixin.py:190} INFO - [2024-11-20T01:11:35.079+0000] {dag.py:3239} INFO - Sync 1 DAGs
[2024-11-20T01:11:35.098+0000] {logging_mixin.py:190} INFO - [2024-11-20T01:11:35.098+0000] {dag.py:4180} INFO - Setting next_dagrun for example_bash_operator to 2024-11-19 00:00:00+00:00, run_after=2024-11-20 00:00:00+00:00
[2024-11-20T01:11:35.120+0000] {processor.py:208} INFO - Processing /home/ubuntu/airflow_venv/lib/python3.12/site-packages/airflow/example_dags/example_bash_operator.py took 0.085 seconds
[2024-11-20T01:12:54.747+0000] {processor.py:186} INFO - Started process (PID=6547) to work on /home/ubuntu/airflow_venv/lib/python3.12/site-packages/airflow/example_dags/example_bash_operator.py
[2024-11-20T01:12:54.749+0000] {processor.py:914} INFO - Processing file /home/ubuntu/airflow_venv/lib/python3.12/site-packages/airflow/example_dags/example_bash_operator.py for tasks to queue
[2024-11-20T01:12:54.751+0000] {logging_mixin.py:190} INFO - [2024-11-20T01:12:54.750+0000] {dagbag.py:588} INFO - Filling up the DagBag from /home/ubuntu/airflow_venv/lib/python3.12/site-packages/airflow/example_dags/example_bash_operator.py
[2024-11-20T01:12:54.764+0000] {processor.py:925} INFO - DAG(s) 'example_bash_operator' retrieved from /home/ubuntu/airflow_venv/lib/python3.12/site-packages/airflow/example_dags/example_bash_operator.py
[2024-11-20T01:12:54.785+0000] {logging_mixin.py:190} INFO - [2024-11-20T01:12:54.785+0000] {dag.py:3239} INFO - Sync 1 DAGs
[2024-11-20T01:12:54.807+0000] {logging_mixin.py:190} INFO - [2024-11-20T01:12:54.806+0000] {dag.py:4180} INFO - Setting next_dagrun for example_bash_operator to 2024-11-19 00:00:00+00:00, run_after=2024-11-20 00:00:00+00:00
[2024-11-20T01:12:54.837+0000] {processor.py:208} INFO - Processing /home/ubuntu/airflow_venv/lib/python3.12/site-packages/airflow/example_dags/example_bash_operator.py took 0.096 seconds
