[2024-11-20T00:16:26.272+0000] {processor.py:186} INFO - Started process (PID=2039) to work on /home/ubuntu/airflow_venv/lib/python3.12/site-packages/airflow/example_dags/example_sensors.py
[2024-11-20T00:16:26.273+0000] {processor.py:914} INFO - Processing file /home/ubuntu/airflow_venv/lib/python3.12/site-packages/airflow/example_dags/example_sensors.py for tasks to queue
[2024-11-20T00:16:26.275+0000] {logging_mixin.py:190} INFO - [2024-11-20T00:16:26.274+0000] {dagbag.py:588} INFO - Filling up the DagBag from /home/ubuntu/airflow_venv/lib/python3.12/site-packages/airflow/example_dags/example_sensors.py
[2024-11-20T00:16:26.285+0000] {processor.py:925} INFO - DAG(s) 'example_sensors' retrieved from /home/ubuntu/airflow_venv/lib/python3.12/site-packages/airflow/example_dags/example_sensors.py
[2024-11-20T00:16:26.308+0000] {logging_mixin.py:190} INFO - [2024-11-20T00:16:26.308+0000] {dag.py:3239} INFO - Sync 1 DAGs
[2024-11-20T00:16:26.319+0000] {logging_mixin.py:190} INFO - [2024-11-20T00:16:26.319+0000] {dag.py:4180} INFO - Setting next_dagrun for example_sensors to None, run_after=None
[2024-11-20T00:16:26.340+0000] {processor.py:208} INFO - Processing /home/ubuntu/airflow_venv/lib/python3.12/site-packages/airflow/example_dags/example_sensors.py took 0.073 seconds
[2024-11-20T00:17:25.215+0000] {processor.py:186} INFO - Started process (PID=2110) to work on /home/ubuntu/airflow_venv/lib/python3.12/site-packages/airflow/example_dags/example_sensors.py
[2024-11-20T00:17:25.217+0000] {processor.py:914} INFO - Processing file /home/ubuntu/airflow_venv/lib/python3.12/site-packages/airflow/example_dags/example_sensors.py for tasks to queue
[2024-11-20T00:17:25.219+0000] {logging_mixin.py:190} INFO - [2024-11-20T00:17:25.219+0000] {dagbag.py:588} INFO - Filling up the DagBag from /home/ubuntu/airflow_venv/lib/python3.12/site-packages/airflow/example_dags/example_sensors.py
[2024-11-20T00:17:25.229+0000] {processor.py:925} INFO - DAG(s) 'example_sensors' retrieved from /home/ubuntu/airflow_venv/lib/python3.12/site-packages/airflow/example_dags/example_sensors.py
[2024-11-20T00:17:25.249+0000] {logging_mixin.py:190} INFO - [2024-11-20T00:17:25.248+0000] {dag.py:3239} INFO - Sync 1 DAGs
[2024-11-20T00:17:25.260+0000] {logging_mixin.py:190} INFO - [2024-11-20T00:17:25.260+0000] {dag.py:4180} INFO - Setting next_dagrun for example_sensors to None, run_after=None
[2024-11-20T00:17:25.281+0000] {processor.py:208} INFO - Processing /home/ubuntu/airflow_venv/lib/python3.12/site-packages/airflow/example_dags/example_sensors.py took 0.071 seconds
[2024-11-20T00:18:20.632+0000] {processor.py:186} INFO - Started process (PID=2168) to work on /home/ubuntu/airflow_venv/lib/python3.12/site-packages/airflow/example_dags/example_sensors.py
[2024-11-20T00:18:20.634+0000] {processor.py:914} INFO - Processing file /home/ubuntu/airflow_venv/lib/python3.12/site-packages/airflow/example_dags/example_sensors.py for tasks to queue
[2024-11-20T00:18:20.636+0000] {logging_mixin.py:190} INFO - [2024-11-20T00:18:20.636+0000] {dagbag.py:588} INFO - Filling up the DagBag from /home/ubuntu/airflow_venv/lib/python3.12/site-packages/airflow/example_dags/example_sensors.py
[2024-11-20T00:18:20.647+0000] {processor.py:925} INFO - DAG(s) 'example_sensors' retrieved from /home/ubuntu/airflow_venv/lib/python3.12/site-packages/airflow/example_dags/example_sensors.py
[2024-11-20T00:18:20.666+0000] {logging_mixin.py:190} INFO - [2024-11-20T00:18:20.666+0000] {dag.py:3239} INFO - Sync 1 DAGs
[2024-11-20T00:18:20.677+0000] {logging_mixin.py:190} INFO - [2024-11-20T00:18:20.677+0000] {dag.py:4180} INFO - Setting next_dagrun for example_sensors to None, run_after=None
[2024-11-20T00:18:20.700+0000] {processor.py:208} INFO - Processing /home/ubuntu/airflow_venv/lib/python3.12/site-packages/airflow/example_dags/example_sensors.py took 0.073 seconds
[2024-11-20T00:19:18.290+0000] {processor.py:186} INFO - Started process (PID=2228) to work on /home/ubuntu/airflow_venv/lib/python3.12/site-packages/airflow/example_dags/example_sensors.py
[2024-11-20T00:19:18.292+0000] {processor.py:914} INFO - Processing file /home/ubuntu/airflow_venv/lib/python3.12/site-packages/airflow/example_dags/example_sensors.py for tasks to queue
[2024-11-20T00:19:18.294+0000] {logging_mixin.py:190} INFO - [2024-11-20T00:19:18.293+0000] {dagbag.py:588} INFO - Filling up the DagBag from /home/ubuntu/airflow_venv/lib/python3.12/site-packages/airflow/example_dags/example_sensors.py
[2024-11-20T00:19:18.304+0000] {processor.py:925} INFO - DAG(s) 'example_sensors' retrieved from /home/ubuntu/airflow_venv/lib/python3.12/site-packages/airflow/example_dags/example_sensors.py
[2024-11-20T00:19:18.325+0000] {logging_mixin.py:190} INFO - [2024-11-20T00:19:18.325+0000] {dag.py:3239} INFO - Sync 1 DAGs
[2024-11-20T00:19:18.336+0000] {logging_mixin.py:190} INFO - [2024-11-20T00:19:18.336+0000] {dag.py:4180} INFO - Setting next_dagrun for example_sensors to None, run_after=None
[2024-11-20T00:19:18.358+0000] {processor.py:208} INFO - Processing /home/ubuntu/airflow_venv/lib/python3.12/site-packages/airflow/example_dags/example_sensors.py took 0.074 seconds
[2024-11-20T00:20:10.311+0000] {processor.py:186} INFO - Started process (PID=2283) to work on /home/ubuntu/airflow_venv/lib/python3.12/site-packages/airflow/example_dags/example_sensors.py
[2024-11-20T00:20:10.314+0000] {processor.py:914} INFO - Processing file /home/ubuntu/airflow_venv/lib/python3.12/site-packages/airflow/example_dags/example_sensors.py for tasks to queue
[2024-11-20T00:20:10.316+0000] {logging_mixin.py:190} INFO - [2024-11-20T00:20:10.315+0000] {dagbag.py:588} INFO - Filling up the DagBag from /home/ubuntu/airflow_venv/lib/python3.12/site-packages/airflow/example_dags/example_sensors.py
[2024-11-20T00:20:10.326+0000] {processor.py:925} INFO - DAG(s) 'example_sensors' retrieved from /home/ubuntu/airflow_venv/lib/python3.12/site-packages/airflow/example_dags/example_sensors.py
[2024-11-20T00:20:10.346+0000] {logging_mixin.py:190} INFO - [2024-11-20T00:20:10.346+0000] {dag.py:3239} INFO - Sync 1 DAGs
[2024-11-20T00:20:10.357+0000] {logging_mixin.py:190} INFO - [2024-11-20T00:20:10.357+0000] {dag.py:4180} INFO - Setting next_dagrun for example_sensors to None, run_after=None
[2024-11-20T00:20:10.380+0000] {processor.py:208} INFO - Processing /home/ubuntu/airflow_venv/lib/python3.12/site-packages/airflow/example_dags/example_sensors.py took 0.075 seconds
[2024-11-20T00:21:04.286+0000] {processor.py:186} INFO - Started process (PID=2341) to work on /home/ubuntu/airflow_venv/lib/python3.12/site-packages/airflow/example_dags/example_sensors.py
[2024-11-20T00:21:04.289+0000] {processor.py:914} INFO - Processing file /home/ubuntu/airflow_venv/lib/python3.12/site-packages/airflow/example_dags/example_sensors.py for tasks to queue
[2024-11-20T00:21:04.291+0000] {logging_mixin.py:190} INFO - [2024-11-20T00:21:04.291+0000] {dagbag.py:588} INFO - Filling up the DagBag from /home/ubuntu/airflow_venv/lib/python3.12/site-packages/airflow/example_dags/example_sensors.py
[2024-11-20T00:21:04.302+0000] {processor.py:925} INFO - DAG(s) 'example_sensors' retrieved from /home/ubuntu/airflow_venv/lib/python3.12/site-packages/airflow/example_dags/example_sensors.py
[2024-11-20T00:21:04.321+0000] {logging_mixin.py:190} INFO - [2024-11-20T00:21:04.321+0000] {dag.py:3239} INFO - Sync 1 DAGs
[2024-11-20T00:21:04.454+0000] {logging_mixin.py:190} INFO - [2024-11-20T00:21:04.454+0000] {dag.py:4180} INFO - Setting next_dagrun for example_sensors to None, run_after=None
[2024-11-20T00:21:04.482+0000] {processor.py:208} INFO - Processing /home/ubuntu/airflow_venv/lib/python3.12/site-packages/airflow/example_dags/example_sensors.py took 0.207 seconds
[2024-11-20T00:22:08.601+0000] {processor.py:186} INFO - Started process (PID=2405) to work on /home/ubuntu/airflow_venv/lib/python3.12/site-packages/airflow/example_dags/example_sensors.py
[2024-11-20T00:22:08.602+0000] {processor.py:914} INFO - Processing file /home/ubuntu/airflow_venv/lib/python3.12/site-packages/airflow/example_dags/example_sensors.py for tasks to queue
[2024-11-20T00:22:08.605+0000] {logging_mixin.py:190} INFO - [2024-11-20T00:22:08.605+0000] {dagbag.py:588} INFO - Filling up the DagBag from /home/ubuntu/airflow_venv/lib/python3.12/site-packages/airflow/example_dags/example_sensors.py
[2024-11-20T00:22:08.615+0000] {processor.py:925} INFO - DAG(s) 'example_sensors' retrieved from /home/ubuntu/airflow_venv/lib/python3.12/site-packages/airflow/example_dags/example_sensors.py
[2024-11-20T00:22:08.635+0000] {logging_mixin.py:190} INFO - [2024-11-20T00:22:08.635+0000] {dag.py:3239} INFO - Sync 1 DAGs
[2024-11-20T00:22:08.646+0000] {logging_mixin.py:190} INFO - [2024-11-20T00:22:08.646+0000] {dag.py:4180} INFO - Setting next_dagrun for example_sensors to None, run_after=None
[2024-11-20T00:22:08.668+0000] {processor.py:208} INFO - Processing /home/ubuntu/airflow_venv/lib/python3.12/site-packages/airflow/example_dags/example_sensors.py took 0.072 seconds
[2024-11-20T00:23:02.506+0000] {processor.py:186} INFO - Started process (PID=2461) to work on /home/ubuntu/airflow_venv/lib/python3.12/site-packages/airflow/example_dags/example_sensors.py
[2024-11-20T00:23:02.508+0000] {processor.py:914} INFO - Processing file /home/ubuntu/airflow_venv/lib/python3.12/site-packages/airflow/example_dags/example_sensors.py for tasks to queue
[2024-11-20T00:23:02.509+0000] {logging_mixin.py:190} INFO - [2024-11-20T00:23:02.509+0000] {dagbag.py:588} INFO - Filling up the DagBag from /home/ubuntu/airflow_venv/lib/python3.12/site-packages/airflow/example_dags/example_sensors.py
[2024-11-20T00:23:02.520+0000] {processor.py:925} INFO - DAG(s) 'example_sensors' retrieved from /home/ubuntu/airflow_venv/lib/python3.12/site-packages/airflow/example_dags/example_sensors.py
[2024-11-20T00:23:02.541+0000] {logging_mixin.py:190} INFO - [2024-11-20T00:23:02.541+0000] {dag.py:3239} INFO - Sync 1 DAGs
[2024-11-20T00:23:02.553+0000] {logging_mixin.py:190} INFO - [2024-11-20T00:23:02.553+0000] {dag.py:4180} INFO - Setting next_dagrun for example_sensors to None, run_after=None
[2024-11-20T00:23:02.576+0000] {processor.py:208} INFO - Processing /home/ubuntu/airflow_venv/lib/python3.12/site-packages/airflow/example_dags/example_sensors.py took 0.076 seconds
[2024-11-20T00:23:58.440+0000] {processor.py:186} INFO - Started process (PID=2518) to work on /home/ubuntu/airflow_venv/lib/python3.12/site-packages/airflow/example_dags/example_sensors.py
[2024-11-20T00:23:58.442+0000] {processor.py:914} INFO - Processing file /home/ubuntu/airflow_venv/lib/python3.12/site-packages/airflow/example_dags/example_sensors.py for tasks to queue
[2024-11-20T00:23:58.443+0000] {logging_mixin.py:190} INFO - [2024-11-20T00:23:58.443+0000] {dagbag.py:588} INFO - Filling up the DagBag from /home/ubuntu/airflow_venv/lib/python3.12/site-packages/airflow/example_dags/example_sensors.py
[2024-11-20T00:23:58.455+0000] {processor.py:925} INFO - DAG(s) 'example_sensors' retrieved from /home/ubuntu/airflow_venv/lib/python3.12/site-packages/airflow/example_dags/example_sensors.py
[2024-11-20T00:23:58.476+0000] {logging_mixin.py:190} INFO - [2024-11-20T00:23:58.476+0000] {dag.py:3239} INFO - Sync 1 DAGs
[2024-11-20T00:23:58.487+0000] {logging_mixin.py:190} INFO - [2024-11-20T00:23:58.487+0000] {dag.py:4180} INFO - Setting next_dagrun for example_sensors to None, run_after=None
[2024-11-20T00:23:58.522+0000] {processor.py:208} INFO - Processing /home/ubuntu/airflow_venv/lib/python3.12/site-packages/airflow/example_dags/example_sensors.py took 0.087 seconds
[2024-11-20T00:24:52.394+0000] {processor.py:186} INFO - Started process (PID=2574) to work on /home/ubuntu/airflow_venv/lib/python3.12/site-packages/airflow/example_dags/example_sensors.py
[2024-11-20T00:24:52.396+0000] {processor.py:914} INFO - Processing file /home/ubuntu/airflow_venv/lib/python3.12/site-packages/airflow/example_dags/example_sensors.py for tasks to queue
[2024-11-20T00:24:52.398+0000] {logging_mixin.py:190} INFO - [2024-11-20T00:24:52.398+0000] {dagbag.py:588} INFO - Filling up the DagBag from /home/ubuntu/airflow_venv/lib/python3.12/site-packages/airflow/example_dags/example_sensors.py
[2024-11-20T00:24:52.409+0000] {processor.py:925} INFO - DAG(s) 'example_sensors' retrieved from /home/ubuntu/airflow_venv/lib/python3.12/site-packages/airflow/example_dags/example_sensors.py
[2024-11-20T00:24:52.429+0000] {logging_mixin.py:190} INFO - [2024-11-20T00:24:52.429+0000] {dag.py:3239} INFO - Sync 1 DAGs
[2024-11-20T00:24:52.441+0000] {logging_mixin.py:190} INFO - [2024-11-20T00:24:52.441+0000] {dag.py:4180} INFO - Setting next_dagrun for example_sensors to None, run_after=None
[2024-11-20T00:24:52.464+0000] {processor.py:208} INFO - Processing /home/ubuntu/airflow_venv/lib/python3.12/site-packages/airflow/example_dags/example_sensors.py took 0.075 seconds
[2024-11-20T00:25:47.111+0000] {processor.py:186} INFO - Started process (PID=2633) to work on /home/ubuntu/airflow_venv/lib/python3.12/site-packages/airflow/example_dags/example_sensors.py
[2024-11-20T00:25:47.113+0000] {processor.py:914} INFO - Processing file /home/ubuntu/airflow_venv/lib/python3.12/site-packages/airflow/example_dags/example_sensors.py for tasks to queue
[2024-11-20T00:25:47.115+0000] {logging_mixin.py:190} INFO - [2024-11-20T00:25:47.115+0000] {dagbag.py:588} INFO - Filling up the DagBag from /home/ubuntu/airflow_venv/lib/python3.12/site-packages/airflow/example_dags/example_sensors.py
[2024-11-20T00:25:47.126+0000] {processor.py:925} INFO - DAG(s) 'example_sensors' retrieved from /home/ubuntu/airflow_venv/lib/python3.12/site-packages/airflow/example_dags/example_sensors.py
[2024-11-20T00:25:47.147+0000] {logging_mixin.py:190} INFO - [2024-11-20T00:25:47.147+0000] {dag.py:3239} INFO - Sync 1 DAGs
[2024-11-20T00:25:47.159+0000] {logging_mixin.py:190} INFO - [2024-11-20T00:25:47.158+0000] {dag.py:4180} INFO - Setting next_dagrun for example_sensors to None, run_after=None
[2024-11-20T00:25:47.182+0000] {processor.py:208} INFO - Processing /home/ubuntu/airflow_venv/lib/python3.12/site-packages/airflow/example_dags/example_sensors.py took 0.077 seconds
[2024-11-20T00:26:40.557+0000] {processor.py:186} INFO - Started process (PID=2693) to work on /home/ubuntu/airflow_venv/lib/python3.12/site-packages/airflow/example_dags/example_sensors.py
[2024-11-20T00:26:40.559+0000] {processor.py:914} INFO - Processing file /home/ubuntu/airflow_venv/lib/python3.12/site-packages/airflow/example_dags/example_sensors.py for tasks to queue
[2024-11-20T00:26:40.561+0000] {logging_mixin.py:190} INFO - [2024-11-20T00:26:40.560+0000] {dagbag.py:588} INFO - Filling up the DagBag from /home/ubuntu/airflow_venv/lib/python3.12/site-packages/airflow/example_dags/example_sensors.py
[2024-11-20T00:26:40.571+0000] {processor.py:925} INFO - DAG(s) 'example_sensors' retrieved from /home/ubuntu/airflow_venv/lib/python3.12/site-packages/airflow/example_dags/example_sensors.py
[2024-11-20T00:26:40.591+0000] {logging_mixin.py:190} INFO - [2024-11-20T00:26:40.591+0000] {dag.py:3239} INFO - Sync 1 DAGs
[2024-11-20T00:26:40.602+0000] {logging_mixin.py:190} INFO - [2024-11-20T00:26:40.602+0000] {dag.py:4180} INFO - Setting next_dagrun for example_sensors to None, run_after=None
[2024-11-20T00:26:40.625+0000] {processor.py:208} INFO - Processing /home/ubuntu/airflow_venv/lib/python3.12/site-packages/airflow/example_dags/example_sensors.py took 0.074 seconds
[2024-11-20T00:27:49.202+0000] {processor.py:186} INFO - Started process (PID=2779) to work on /home/ubuntu/airflow_venv/lib/python3.12/site-packages/airflow/example_dags/example_sensors.py
[2024-11-20T00:27:49.204+0000] {processor.py:914} INFO - Processing file /home/ubuntu/airflow_venv/lib/python3.12/site-packages/airflow/example_dags/example_sensors.py for tasks to queue
[2024-11-20T00:27:49.206+0000] {logging_mixin.py:190} INFO - [2024-11-20T00:27:49.206+0000] {dagbag.py:588} INFO - Filling up the DagBag from /home/ubuntu/airflow_venv/lib/python3.12/site-packages/airflow/example_dags/example_sensors.py
[2024-11-20T00:27:49.217+0000] {processor.py:925} INFO - DAG(s) 'example_sensors' retrieved from /home/ubuntu/airflow_venv/lib/python3.12/site-packages/airflow/example_dags/example_sensors.py
[2024-11-20T00:27:49.237+0000] {logging_mixin.py:190} INFO - [2024-11-20T00:27:49.236+0000] {dag.py:3239} INFO - Sync 1 DAGs
[2024-11-20T00:27:49.248+0000] {logging_mixin.py:190} INFO - [2024-11-20T00:27:49.248+0000] {dag.py:4180} INFO - Setting next_dagrun for example_sensors to None, run_after=None
[2024-11-20T00:27:49.271+0000] {processor.py:208} INFO - Processing /home/ubuntu/airflow_venv/lib/python3.12/site-packages/airflow/example_dags/example_sensors.py took 0.074 seconds
[2024-11-20T00:28:47.245+0000] {processor.py:186} INFO - Started process (PID=2941) to work on /home/ubuntu/airflow_venv/lib/python3.12/site-packages/airflow/example_dags/example_sensors.py
[2024-11-20T00:28:47.247+0000] {processor.py:914} INFO - Processing file /home/ubuntu/airflow_venv/lib/python3.12/site-packages/airflow/example_dags/example_sensors.py for tasks to queue
[2024-11-20T00:28:47.250+0000] {logging_mixin.py:190} INFO - [2024-11-20T00:28:47.250+0000] {dagbag.py:588} INFO - Filling up the DagBag from /home/ubuntu/airflow_venv/lib/python3.12/site-packages/airflow/example_dags/example_sensors.py
[2024-11-20T00:28:47.260+0000] {processor.py:925} INFO - DAG(s) 'example_sensors' retrieved from /home/ubuntu/airflow_venv/lib/python3.12/site-packages/airflow/example_dags/example_sensors.py
[2024-11-20T00:28:47.281+0000] {logging_mixin.py:190} INFO - [2024-11-20T00:28:47.281+0000] {dag.py:3239} INFO - Sync 1 DAGs
[2024-11-20T00:28:47.294+0000] {logging_mixin.py:190} INFO - [2024-11-20T00:28:47.293+0000] {dag.py:4180} INFO - Setting next_dagrun for example_sensors to None, run_after=None
[2024-11-20T00:28:47.317+0000] {processor.py:208} INFO - Processing /home/ubuntu/airflow_venv/lib/python3.12/site-packages/airflow/example_dags/example_sensors.py took 0.077 seconds
[2024-11-20T00:29:51.821+0000] {processor.py:186} INFO - Started process (PID=3031) to work on /home/ubuntu/airflow_venv/lib/python3.12/site-packages/airflow/example_dags/example_sensors.py
[2024-11-20T00:29:51.823+0000] {processor.py:914} INFO - Processing file /home/ubuntu/airflow_venv/lib/python3.12/site-packages/airflow/example_dags/example_sensors.py for tasks to queue
[2024-11-20T00:29:51.824+0000] {logging_mixin.py:190} INFO - [2024-11-20T00:29:51.824+0000] {dagbag.py:588} INFO - Filling up the DagBag from /home/ubuntu/airflow_venv/lib/python3.12/site-packages/airflow/example_dags/example_sensors.py
[2024-11-20T00:29:51.836+0000] {processor.py:925} INFO - DAG(s) 'example_sensors' retrieved from /home/ubuntu/airflow_venv/lib/python3.12/site-packages/airflow/example_dags/example_sensors.py
[2024-11-20T00:29:51.855+0000] {logging_mixin.py:190} INFO - [2024-11-20T00:29:51.855+0000] {dag.py:3239} INFO - Sync 1 DAGs
[2024-11-20T00:29:51.867+0000] {logging_mixin.py:190} INFO - [2024-11-20T00:29:51.867+0000] {dag.py:4180} INFO - Setting next_dagrun for example_sensors to None, run_after=None
[2024-11-20T00:29:51.889+0000] {processor.py:208} INFO - Processing /home/ubuntu/airflow_venv/lib/python3.12/site-packages/airflow/example_dags/example_sensors.py took 0.073 seconds
[2024-11-20T00:30:48.148+0000] {processor.py:186} INFO - Started process (PID=3108) to work on /home/ubuntu/airflow_venv/lib/python3.12/site-packages/airflow/example_dags/example_sensors.py
[2024-11-20T00:30:48.149+0000] {processor.py:914} INFO - Processing file /home/ubuntu/airflow_venv/lib/python3.12/site-packages/airflow/example_dags/example_sensors.py for tasks to queue
[2024-11-20T00:30:48.151+0000] {logging_mixin.py:190} INFO - [2024-11-20T00:30:48.150+0000] {dagbag.py:588} INFO - Filling up the DagBag from /home/ubuntu/airflow_venv/lib/python3.12/site-packages/airflow/example_dags/example_sensors.py
[2024-11-20T00:30:48.163+0000] {processor.py:925} INFO - DAG(s) 'example_sensors' retrieved from /home/ubuntu/airflow_venv/lib/python3.12/site-packages/airflow/example_dags/example_sensors.py
[2024-11-20T00:30:48.183+0000] {logging_mixin.py:190} INFO - [2024-11-20T00:30:48.183+0000] {dag.py:3239} INFO - Sync 1 DAGs
[2024-11-20T00:30:48.196+0000] {logging_mixin.py:190} INFO - [2024-11-20T00:30:48.196+0000] {dag.py:4180} INFO - Setting next_dagrun for example_sensors to None, run_after=None
[2024-11-20T00:30:48.218+0000] {processor.py:208} INFO - Processing /home/ubuntu/airflow_venv/lib/python3.12/site-packages/airflow/example_dags/example_sensors.py took 0.075 seconds
[2024-11-20T00:31:43.932+0000] {processor.py:186} INFO - Started process (PID=3289) to work on /home/ubuntu/airflow_venv/lib/python3.12/site-packages/airflow/example_dags/example_sensors.py
[2024-11-20T00:31:43.934+0000] {processor.py:914} INFO - Processing file /home/ubuntu/airflow_venv/lib/python3.12/site-packages/airflow/example_dags/example_sensors.py for tasks to queue
[2024-11-20T00:31:43.936+0000] {logging_mixin.py:190} INFO - [2024-11-20T00:31:43.935+0000] {dagbag.py:588} INFO - Filling up the DagBag from /home/ubuntu/airflow_venv/lib/python3.12/site-packages/airflow/example_dags/example_sensors.py
[2024-11-20T00:31:43.947+0000] {processor.py:925} INFO - DAG(s) 'example_sensors' retrieved from /home/ubuntu/airflow_venv/lib/python3.12/site-packages/airflow/example_dags/example_sensors.py
[2024-11-20T00:31:43.966+0000] {logging_mixin.py:190} INFO - [2024-11-20T00:31:43.966+0000] {dag.py:3239} INFO - Sync 1 DAGs
[2024-11-20T00:31:43.978+0000] {logging_mixin.py:190} INFO - [2024-11-20T00:31:43.978+0000] {dag.py:4180} INFO - Setting next_dagrun for example_sensors to None, run_after=None
[2024-11-20T00:31:43.998+0000] {processor.py:208} INFO - Processing /home/ubuntu/airflow_venv/lib/python3.12/site-packages/airflow/example_dags/example_sensors.py took 0.072 seconds
[2024-11-20T00:32:36.811+0000] {processor.py:186} INFO - Started process (PID=3614) to work on /home/ubuntu/airflow_venv/lib/python3.12/site-packages/airflow/example_dags/example_sensors.py
[2024-11-20T00:32:36.814+0000] {processor.py:914} INFO - Processing file /home/ubuntu/airflow_venv/lib/python3.12/site-packages/airflow/example_dags/example_sensors.py for tasks to queue
[2024-11-20T00:32:36.817+0000] {logging_mixin.py:190} INFO - [2024-11-20T00:32:36.814+0000] {dagbag.py:588} INFO - Filling up the DagBag from /home/ubuntu/airflow_venv/lib/python3.12/site-packages/airflow/example_dags/example_sensors.py
[2024-11-20T00:32:36.840+0000] {processor.py:925} INFO - DAG(s) 'example_sensors' retrieved from /home/ubuntu/airflow_venv/lib/python3.12/site-packages/airflow/example_dags/example_sensors.py
[2024-11-20T00:32:36.879+0000] {logging_mixin.py:190} INFO - [2024-11-20T00:32:36.879+0000] {dag.py:3239} INFO - Sync 1 DAGs
[2024-11-20T00:32:36.913+0000] {logging_mixin.py:190} INFO - [2024-11-20T00:32:36.908+0000] {dag.py:4180} INFO - Setting next_dagrun for example_sensors to None, run_after=None
[2024-11-20T00:32:36.976+0000] {processor.py:208} INFO - Processing /home/ubuntu/airflow_venv/lib/python3.12/site-packages/airflow/example_dags/example_sensors.py took 0.178 seconds
[2024-11-20T00:33:30.836+0000] {processor.py:186} INFO - Started process (PID=3937) to work on /home/ubuntu/airflow_venv/lib/python3.12/site-packages/airflow/example_dags/example_sensors.py
[2024-11-20T00:33:30.838+0000] {processor.py:914} INFO - Processing file /home/ubuntu/airflow_venv/lib/python3.12/site-packages/airflow/example_dags/example_sensors.py for tasks to queue
[2024-11-20T00:33:30.839+0000] {logging_mixin.py:190} INFO - [2024-11-20T00:33:30.838+0000] {dagbag.py:588} INFO - Filling up the DagBag from /home/ubuntu/airflow_venv/lib/python3.12/site-packages/airflow/example_dags/example_sensors.py
[2024-11-20T00:33:30.852+0000] {processor.py:925} INFO - DAG(s) 'example_sensors' retrieved from /home/ubuntu/airflow_venv/lib/python3.12/site-packages/airflow/example_dags/example_sensors.py
[2024-11-20T00:33:30.872+0000] {logging_mixin.py:190} INFO - [2024-11-20T00:33:30.872+0000] {dag.py:3239} INFO - Sync 1 DAGs
[2024-11-20T00:33:30.883+0000] {logging_mixin.py:190} INFO - [2024-11-20T00:33:30.883+0000] {dag.py:4180} INFO - Setting next_dagrun for example_sensors to None, run_after=None
[2024-11-20T00:33:30.904+0000] {processor.py:208} INFO - Processing /home/ubuntu/airflow_venv/lib/python3.12/site-packages/airflow/example_dags/example_sensors.py took 0.075 seconds
[2024-11-20T00:34:35.823+0000] {processor.py:186} INFO - Started process (PID=4045) to work on /home/ubuntu/airflow_venv/lib/python3.12/site-packages/airflow/example_dags/example_sensors.py
[2024-11-20T00:34:35.825+0000] {processor.py:914} INFO - Processing file /home/ubuntu/airflow_venv/lib/python3.12/site-packages/airflow/example_dags/example_sensors.py for tasks to queue
[2024-11-20T00:34:35.826+0000] {logging_mixin.py:190} INFO - [2024-11-20T00:34:35.826+0000] {dagbag.py:588} INFO - Filling up the DagBag from /home/ubuntu/airflow_venv/lib/python3.12/site-packages/airflow/example_dags/example_sensors.py
[2024-11-20T00:34:35.838+0000] {processor.py:925} INFO - DAG(s) 'example_sensors' retrieved from /home/ubuntu/airflow_venv/lib/python3.12/site-packages/airflow/example_dags/example_sensors.py
[2024-11-20T00:34:35.857+0000] {logging_mixin.py:190} INFO - [2024-11-20T00:34:35.857+0000] {dag.py:3239} INFO - Sync 1 DAGs
[2024-11-20T00:34:35.869+0000] {logging_mixin.py:190} INFO - [2024-11-20T00:34:35.869+0000] {dag.py:4180} INFO - Setting next_dagrun for example_sensors to None, run_after=None
[2024-11-20T00:34:35.889+0000] {processor.py:208} INFO - Processing /home/ubuntu/airflow_venv/lib/python3.12/site-packages/airflow/example_dags/example_sensors.py took 0.073 seconds
[2024-11-20T00:35:33.798+0000] {processor.py:186} INFO - Started process (PID=4132) to work on /home/ubuntu/airflow_venv/lib/python3.12/site-packages/airflow/example_dags/example_sensors.py
[2024-11-20T00:35:33.799+0000] {processor.py:914} INFO - Processing file /home/ubuntu/airflow_venv/lib/python3.12/site-packages/airflow/example_dags/example_sensors.py for tasks to queue
[2024-11-20T00:35:33.801+0000] {logging_mixin.py:190} INFO - [2024-11-20T00:35:33.800+0000] {dagbag.py:588} INFO - Filling up the DagBag from /home/ubuntu/airflow_venv/lib/python3.12/site-packages/airflow/example_dags/example_sensors.py
[2024-11-20T00:35:33.812+0000] {processor.py:925} INFO - DAG(s) 'example_sensors' retrieved from /home/ubuntu/airflow_venv/lib/python3.12/site-packages/airflow/example_dags/example_sensors.py
[2024-11-20T00:35:33.842+0000] {logging_mixin.py:190} INFO - [2024-11-20T00:35:33.842+0000] {dag.py:3239} INFO - Sync 1 DAGs
[2024-11-20T00:35:33.854+0000] {logging_mixin.py:190} INFO - [2024-11-20T00:35:33.854+0000] {dag.py:4180} INFO - Setting next_dagrun for example_sensors to None, run_after=None
[2024-11-20T00:35:33.875+0000] {processor.py:208} INFO - Processing /home/ubuntu/airflow_venv/lib/python3.12/site-packages/airflow/example_dags/example_sensors.py took 0.084 seconds
[2024-11-20T00:36:28.648+0000] {processor.py:186} INFO - Started process (PID=4188) to work on /home/ubuntu/airflow_venv/lib/python3.12/site-packages/airflow/example_dags/example_sensors.py
[2024-11-20T00:36:28.650+0000] {processor.py:914} INFO - Processing file /home/ubuntu/airflow_venv/lib/python3.12/site-packages/airflow/example_dags/example_sensors.py for tasks to queue
[2024-11-20T00:36:28.651+0000] {logging_mixin.py:190} INFO - [2024-11-20T00:36:28.651+0000] {dagbag.py:588} INFO - Filling up the DagBag from /home/ubuntu/airflow_venv/lib/python3.12/site-packages/airflow/example_dags/example_sensors.py
[2024-11-20T00:36:28.662+0000] {processor.py:925} INFO - DAG(s) 'example_sensors' retrieved from /home/ubuntu/airflow_venv/lib/python3.12/site-packages/airflow/example_dags/example_sensors.py
[2024-11-20T00:36:28.683+0000] {logging_mixin.py:190} INFO - [2024-11-20T00:36:28.682+0000] {dag.py:3239} INFO - Sync 1 DAGs
[2024-11-20T00:36:28.696+0000] {logging_mixin.py:190} INFO - [2024-11-20T00:36:28.696+0000] {dag.py:4180} INFO - Setting next_dagrun for example_sensors to None, run_after=None
[2024-11-20T00:36:28.715+0000] {processor.py:208} INFO - Processing /home/ubuntu/airflow_venv/lib/python3.12/site-packages/airflow/example_dags/example_sensors.py took 0.074 seconds
[2024-11-20T00:37:21.543+0000] {processor.py:186} INFO - Started process (PID=4243) to work on /home/ubuntu/airflow_venv/lib/python3.12/site-packages/airflow/example_dags/example_sensors.py
[2024-11-20T00:37:21.544+0000] {processor.py:914} INFO - Processing file /home/ubuntu/airflow_venv/lib/python3.12/site-packages/airflow/example_dags/example_sensors.py for tasks to queue
[2024-11-20T00:37:21.547+0000] {logging_mixin.py:190} INFO - [2024-11-20T00:37:21.546+0000] {dagbag.py:588} INFO - Filling up the DagBag from /home/ubuntu/airflow_venv/lib/python3.12/site-packages/airflow/example_dags/example_sensors.py
[2024-11-20T00:37:21.558+0000] {processor.py:925} INFO - DAG(s) 'example_sensors' retrieved from /home/ubuntu/airflow_venv/lib/python3.12/site-packages/airflow/example_dags/example_sensors.py
[2024-11-20T00:37:21.579+0000] {logging_mixin.py:190} INFO - [2024-11-20T00:37:21.578+0000] {dag.py:3239} INFO - Sync 1 DAGs
[2024-11-20T00:37:21.590+0000] {logging_mixin.py:190} INFO - [2024-11-20T00:37:21.590+0000] {dag.py:4180} INFO - Setting next_dagrun for example_sensors to None, run_after=None
[2024-11-20T00:37:21.613+0000] {processor.py:208} INFO - Processing /home/ubuntu/airflow_venv/lib/python3.12/site-packages/airflow/example_dags/example_sensors.py took 0.077 seconds
[2024-11-20T00:38:18.886+0000] {processor.py:186} INFO - Started process (PID=4328) to work on /home/ubuntu/airflow_venv/lib/python3.12/site-packages/airflow/example_dags/example_sensors.py
[2024-11-20T00:38:18.887+0000] {processor.py:914} INFO - Processing file /home/ubuntu/airflow_venv/lib/python3.12/site-packages/airflow/example_dags/example_sensors.py for tasks to queue
[2024-11-20T00:38:18.890+0000] {logging_mixin.py:190} INFO - [2024-11-20T00:38:18.888+0000] {dagbag.py:588} INFO - Filling up the DagBag from /home/ubuntu/airflow_venv/lib/python3.12/site-packages/airflow/example_dags/example_sensors.py
[2024-11-20T00:38:18.900+0000] {processor.py:925} INFO - DAG(s) 'example_sensors' retrieved from /home/ubuntu/airflow_venv/lib/python3.12/site-packages/airflow/example_dags/example_sensors.py
[2024-11-20T00:38:18.920+0000] {logging_mixin.py:190} INFO - [2024-11-20T00:38:18.919+0000] {dag.py:3239} INFO - Sync 1 DAGs
[2024-11-20T00:38:18.931+0000] {logging_mixin.py:190} INFO - [2024-11-20T00:38:18.931+0000] {dag.py:4180} INFO - Setting next_dagrun for example_sensors to None, run_after=None
[2024-11-20T00:38:18.951+0000] {processor.py:208} INFO - Processing /home/ubuntu/airflow_venv/lib/python3.12/site-packages/airflow/example_dags/example_sensors.py took 0.072 seconds
[2024-11-20T00:39:14.310+0000] {processor.py:186} INFO - Started process (PID=4386) to work on /home/ubuntu/airflow_venv/lib/python3.12/site-packages/airflow/example_dags/example_sensors.py
[2024-11-20T00:39:14.311+0000] {processor.py:914} INFO - Processing file /home/ubuntu/airflow_venv/lib/python3.12/site-packages/airflow/example_dags/example_sensors.py for tasks to queue
[2024-11-20T00:39:14.313+0000] {logging_mixin.py:190} INFO - [2024-11-20T00:39:14.313+0000] {dagbag.py:588} INFO - Filling up the DagBag from /home/ubuntu/airflow_venv/lib/python3.12/site-packages/airflow/example_dags/example_sensors.py
[2024-11-20T00:39:14.325+0000] {processor.py:925} INFO - DAG(s) 'example_sensors' retrieved from /home/ubuntu/airflow_venv/lib/python3.12/site-packages/airflow/example_dags/example_sensors.py
[2024-11-20T00:39:14.344+0000] {logging_mixin.py:190} INFO - [2024-11-20T00:39:14.344+0000] {dag.py:3239} INFO - Sync 1 DAGs
[2024-11-20T00:39:14.355+0000] {logging_mixin.py:190} INFO - [2024-11-20T00:39:14.354+0000] {dag.py:4180} INFO - Setting next_dagrun for example_sensors to None, run_after=None
[2024-11-20T00:39:14.377+0000] {processor.py:208} INFO - Processing /home/ubuntu/airflow_venv/lib/python3.12/site-packages/airflow/example_dags/example_sensors.py took 0.073 seconds
[2024-11-20T00:40:17.113+0000] {processor.py:186} INFO - Started process (PID=4482) to work on /home/ubuntu/airflow_venv/lib/python3.12/site-packages/airflow/example_dags/example_sensors.py
[2024-11-20T00:40:17.114+0000] {processor.py:914} INFO - Processing file /home/ubuntu/airflow_venv/lib/python3.12/site-packages/airflow/example_dags/example_sensors.py for tasks to queue
[2024-11-20T00:40:17.116+0000] {logging_mixin.py:190} INFO - [2024-11-20T00:40:17.115+0000] {dagbag.py:588} INFO - Filling up the DagBag from /home/ubuntu/airflow_venv/lib/python3.12/site-packages/airflow/example_dags/example_sensors.py
[2024-11-20T00:40:17.128+0000] {processor.py:925} INFO - DAG(s) 'example_sensors' retrieved from /home/ubuntu/airflow_venv/lib/python3.12/site-packages/airflow/example_dags/example_sensors.py
[2024-11-20T00:40:17.149+0000] {logging_mixin.py:190} INFO - [2024-11-20T00:40:17.149+0000] {dag.py:3239} INFO - Sync 1 DAGs
[2024-11-20T00:40:17.160+0000] {logging_mixin.py:190} INFO - [2024-11-20T00:40:17.160+0000] {dag.py:4180} INFO - Setting next_dagrun for example_sensors to None, run_after=None
[2024-11-20T00:40:17.184+0000] {processor.py:208} INFO - Processing /home/ubuntu/airflow_venv/lib/python3.12/site-packages/airflow/example_dags/example_sensors.py took 0.077 seconds
[2024-11-20T00:41:14.086+0000] {processor.py:186} INFO - Started process (PID=4543) to work on /home/ubuntu/airflow_venv/lib/python3.12/site-packages/airflow/example_dags/example_sensors.py
[2024-11-20T00:41:14.089+0000] {processor.py:914} INFO - Processing file /home/ubuntu/airflow_venv/lib/python3.12/site-packages/airflow/example_dags/example_sensors.py for tasks to queue
[2024-11-20T00:41:14.093+0000] {logging_mixin.py:190} INFO - [2024-11-20T00:41:14.089+0000] {dagbag.py:588} INFO - Filling up the DagBag from /home/ubuntu/airflow_venv/lib/python3.12/site-packages/airflow/example_dags/example_sensors.py
[2024-11-20T00:41:14.106+0000] {processor.py:925} INFO - DAG(s) 'example_sensors' retrieved from /home/ubuntu/airflow_venv/lib/python3.12/site-packages/airflow/example_dags/example_sensors.py
[2024-11-20T00:41:14.126+0000] {logging_mixin.py:190} INFO - [2024-11-20T00:41:14.125+0000] {dag.py:3239} INFO - Sync 1 DAGs
[2024-11-20T00:41:14.138+0000] {logging_mixin.py:190} INFO - [2024-11-20T00:41:14.138+0000] {dag.py:4180} INFO - Setting next_dagrun for example_sensors to None, run_after=None
[2024-11-20T00:41:14.160+0000] {processor.py:208} INFO - Processing /home/ubuntu/airflow_venv/lib/python3.12/site-packages/airflow/example_dags/example_sensors.py took 0.086 seconds
[2024-11-20T00:42:06.497+0000] {processor.py:186} INFO - Started process (PID=4598) to work on /home/ubuntu/airflow_venv/lib/python3.12/site-packages/airflow/example_dags/example_sensors.py
[2024-11-20T00:42:06.499+0000] {processor.py:914} INFO - Processing file /home/ubuntu/airflow_venv/lib/python3.12/site-packages/airflow/example_dags/example_sensors.py for tasks to queue
[2024-11-20T00:42:06.501+0000] {logging_mixin.py:190} INFO - [2024-11-20T00:42:06.500+0000] {dagbag.py:588} INFO - Filling up the DagBag from /home/ubuntu/airflow_venv/lib/python3.12/site-packages/airflow/example_dags/example_sensors.py
[2024-11-20T00:42:06.513+0000] {processor.py:925} INFO - DAG(s) 'example_sensors' retrieved from /home/ubuntu/airflow_venv/lib/python3.12/site-packages/airflow/example_dags/example_sensors.py
[2024-11-20T00:42:06.533+0000] {logging_mixin.py:190} INFO - [2024-11-20T00:42:06.533+0000] {dag.py:3239} INFO - Sync 1 DAGs
[2024-11-20T00:42:06.544+0000] {logging_mixin.py:190} INFO - [2024-11-20T00:42:06.544+0000] {dag.py:4180} INFO - Setting next_dagrun for example_sensors to None, run_after=None
[2024-11-20T00:42:06.567+0000] {processor.py:208} INFO - Processing /home/ubuntu/airflow_venv/lib/python3.12/site-packages/airflow/example_dags/example_sensors.py took 0.077 seconds
[2024-11-20T00:43:00.485+0000] {processor.py:186} INFO - Started process (PID=4653) to work on /home/ubuntu/airflow_venv/lib/python3.12/site-packages/airflow/example_dags/example_sensors.py
[2024-11-20T00:43:00.487+0000] {processor.py:914} INFO - Processing file /home/ubuntu/airflow_venv/lib/python3.12/site-packages/airflow/example_dags/example_sensors.py for tasks to queue
[2024-11-20T00:43:00.489+0000] {logging_mixin.py:190} INFO - [2024-11-20T00:43:00.488+0000] {dagbag.py:588} INFO - Filling up the DagBag from /home/ubuntu/airflow_venv/lib/python3.12/site-packages/airflow/example_dags/example_sensors.py
[2024-11-20T00:43:00.500+0000] {processor.py:925} INFO - DAG(s) 'example_sensors' retrieved from /home/ubuntu/airflow_venv/lib/python3.12/site-packages/airflow/example_dags/example_sensors.py
[2024-11-20T00:43:00.519+0000] {logging_mixin.py:190} INFO - [2024-11-20T00:43:00.519+0000] {dag.py:3239} INFO - Sync 1 DAGs
[2024-11-20T00:43:00.532+0000] {logging_mixin.py:190} INFO - [2024-11-20T00:43:00.532+0000] {dag.py:4180} INFO - Setting next_dagrun for example_sensors to None, run_after=None
[2024-11-20T00:43:00.553+0000] {processor.py:208} INFO - Processing /home/ubuntu/airflow_venv/lib/python3.12/site-packages/airflow/example_dags/example_sensors.py took 0.075 seconds
[2024-11-20T00:43:56.446+0000] {processor.py:186} INFO - Started process (PID=4712) to work on /home/ubuntu/airflow_venv/lib/python3.12/site-packages/airflow/example_dags/example_sensors.py
[2024-11-20T00:43:56.447+0000] {processor.py:914} INFO - Processing file /home/ubuntu/airflow_venv/lib/python3.12/site-packages/airflow/example_dags/example_sensors.py for tasks to queue
[2024-11-20T00:43:56.450+0000] {logging_mixin.py:190} INFO - [2024-11-20T00:43:56.448+0000] {dagbag.py:588} INFO - Filling up the DagBag from /home/ubuntu/airflow_venv/lib/python3.12/site-packages/airflow/example_dags/example_sensors.py
[2024-11-20T00:43:56.461+0000] {processor.py:925} INFO - DAG(s) 'example_sensors' retrieved from /home/ubuntu/airflow_venv/lib/python3.12/site-packages/airflow/example_dags/example_sensors.py
[2024-11-20T00:43:56.480+0000] {logging_mixin.py:190} INFO - [2024-11-20T00:43:56.480+0000] {dag.py:3239} INFO - Sync 1 DAGs
[2024-11-20T00:43:56.491+0000] {logging_mixin.py:190} INFO - [2024-11-20T00:43:56.491+0000] {dag.py:4180} INFO - Setting next_dagrun for example_sensors to None, run_after=None
[2024-11-20T00:43:56.513+0000] {processor.py:208} INFO - Processing /home/ubuntu/airflow_venv/lib/python3.12/site-packages/airflow/example_dags/example_sensors.py took 0.074 seconds
[2024-11-20T00:44:50.836+0000] {processor.py:186} INFO - Started process (PID=4767) to work on /home/ubuntu/airflow_venv/lib/python3.12/site-packages/airflow/example_dags/example_sensors.py
[2024-11-20T00:44:50.837+0000] {processor.py:914} INFO - Processing file /home/ubuntu/airflow_venv/lib/python3.12/site-packages/airflow/example_dags/example_sensors.py for tasks to queue
[2024-11-20T00:44:50.838+0000] {logging_mixin.py:190} INFO - [2024-11-20T00:44:50.837+0000] {dagbag.py:588} INFO - Filling up the DagBag from /home/ubuntu/airflow_venv/lib/python3.12/site-packages/airflow/example_dags/example_sensors.py
[2024-11-20T00:44:50.850+0000] {processor.py:925} INFO - DAG(s) 'example_sensors' retrieved from /home/ubuntu/airflow_venv/lib/python3.12/site-packages/airflow/example_dags/example_sensors.py
[2024-11-20T00:44:50.870+0000] {logging_mixin.py:190} INFO - [2024-11-20T00:44:50.869+0000] {dag.py:3239} INFO - Sync 1 DAGs
[2024-11-20T00:44:50.881+0000] {logging_mixin.py:190} INFO - [2024-11-20T00:44:50.881+0000] {dag.py:4180} INFO - Setting next_dagrun for example_sensors to None, run_after=None
[2024-11-20T00:44:50.903+0000] {processor.py:208} INFO - Processing /home/ubuntu/airflow_venv/lib/python3.12/site-packages/airflow/example_dags/example_sensors.py took 0.073 seconds
[2024-11-20T00:45:46.839+0000] {processor.py:186} INFO - Started process (PID=4827) to work on /home/ubuntu/airflow_venv/lib/python3.12/site-packages/airflow/example_dags/example_sensors.py
[2024-11-20T00:45:46.840+0000] {processor.py:914} INFO - Processing file /home/ubuntu/airflow_venv/lib/python3.12/site-packages/airflow/example_dags/example_sensors.py for tasks to queue
[2024-11-20T00:45:46.841+0000] {logging_mixin.py:190} INFO - [2024-11-20T00:45:46.841+0000] {dagbag.py:588} INFO - Filling up the DagBag from /home/ubuntu/airflow_venv/lib/python3.12/site-packages/airflow/example_dags/example_sensors.py
[2024-11-20T00:45:46.853+0000] {processor.py:925} INFO - DAG(s) 'example_sensors' retrieved from /home/ubuntu/airflow_venv/lib/python3.12/site-packages/airflow/example_dags/example_sensors.py
[2024-11-20T00:45:46.874+0000] {logging_mixin.py:190} INFO - [2024-11-20T00:45:46.874+0000] {dag.py:3239} INFO - Sync 1 DAGs
[2024-11-20T00:45:46.886+0000] {logging_mixin.py:190} INFO - [2024-11-20T00:45:46.886+0000] {dag.py:4180} INFO - Setting next_dagrun for example_sensors to None, run_after=None
[2024-11-20T00:45:46.907+0000] {processor.py:208} INFO - Processing /home/ubuntu/airflow_venv/lib/python3.12/site-packages/airflow/example_dags/example_sensors.py took 0.074 seconds
[2024-11-20T00:46:39.911+0000] {processor.py:186} INFO - Started process (PID=4884) to work on /home/ubuntu/airflow_venv/lib/python3.12/site-packages/airflow/example_dags/example_sensors.py
[2024-11-20T00:46:39.912+0000] {processor.py:914} INFO - Processing file /home/ubuntu/airflow_venv/lib/python3.12/site-packages/airflow/example_dags/example_sensors.py for tasks to queue
[2024-11-20T00:46:39.914+0000] {logging_mixin.py:190} INFO - [2024-11-20T00:46:39.913+0000] {dagbag.py:588} INFO - Filling up the DagBag from /home/ubuntu/airflow_venv/lib/python3.12/site-packages/airflow/example_dags/example_sensors.py
[2024-11-20T00:46:39.929+0000] {processor.py:925} INFO - DAG(s) 'example_sensors' retrieved from /home/ubuntu/airflow_venv/lib/python3.12/site-packages/airflow/example_dags/example_sensors.py
[2024-11-20T00:46:39.951+0000] {logging_mixin.py:190} INFO - [2024-11-20T00:46:39.951+0000] {dag.py:3239} INFO - Sync 1 DAGs
[2024-11-20T00:46:39.963+0000] {logging_mixin.py:190} INFO - [2024-11-20T00:46:39.962+0000] {dag.py:4180} INFO - Setting next_dagrun for example_sensors to None, run_after=None
[2024-11-20T00:46:39.985+0000] {processor.py:208} INFO - Processing /home/ubuntu/airflow_venv/lib/python3.12/site-packages/airflow/example_dags/example_sensors.py took 0.081 seconds
[2024-11-20T00:47:32.650+0000] {processor.py:186} INFO - Started process (PID=4938) to work on /home/ubuntu/airflow_venv/lib/python3.12/site-packages/airflow/example_dags/example_sensors.py
[2024-11-20T00:47:32.652+0000] {processor.py:914} INFO - Processing file /home/ubuntu/airflow_venv/lib/python3.12/site-packages/airflow/example_dags/example_sensors.py for tasks to queue
[2024-11-20T00:47:32.654+0000] {logging_mixin.py:190} INFO - [2024-11-20T00:47:32.653+0000] {dagbag.py:588} INFO - Filling up the DagBag from /home/ubuntu/airflow_venv/lib/python3.12/site-packages/airflow/example_dags/example_sensors.py
[2024-11-20T00:47:32.665+0000] {processor.py:925} INFO - DAG(s) 'example_sensors' retrieved from /home/ubuntu/airflow_venv/lib/python3.12/site-packages/airflow/example_dags/example_sensors.py
[2024-11-20T00:47:32.685+0000] {logging_mixin.py:190} INFO - [2024-11-20T00:47:32.685+0000] {dag.py:3239} INFO - Sync 1 DAGs
[2024-11-20T00:47:32.698+0000] {logging_mixin.py:190} INFO - [2024-11-20T00:47:32.698+0000] {dag.py:4180} INFO - Setting next_dagrun for example_sensors to None, run_after=None
[2024-11-20T00:47:32.720+0000] {processor.py:208} INFO - Processing /home/ubuntu/airflow_venv/lib/python3.12/site-packages/airflow/example_dags/example_sensors.py took 0.076 seconds
[2024-11-20T00:48:24.859+0000] {processor.py:186} INFO - Started process (PID=4992) to work on /home/ubuntu/airflow_venv/lib/python3.12/site-packages/airflow/example_dags/example_sensors.py
[2024-11-20T00:48:24.861+0000] {processor.py:914} INFO - Processing file /home/ubuntu/airflow_venv/lib/python3.12/site-packages/airflow/example_dags/example_sensors.py for tasks to queue
[2024-11-20T00:48:24.862+0000] {logging_mixin.py:190} INFO - [2024-11-20T00:48:24.861+0000] {dagbag.py:588} INFO - Filling up the DagBag from /home/ubuntu/airflow_venv/lib/python3.12/site-packages/airflow/example_dags/example_sensors.py
[2024-11-20T00:48:24.873+0000] {processor.py:925} INFO - DAG(s) 'example_sensors' retrieved from /home/ubuntu/airflow_venv/lib/python3.12/site-packages/airflow/example_dags/example_sensors.py
[2024-11-20T00:48:24.892+0000] {logging_mixin.py:190} INFO - [2024-11-20T00:48:24.892+0000] {dag.py:3239} INFO - Sync 1 DAGs
[2024-11-20T00:48:24.904+0000] {logging_mixin.py:190} INFO - [2024-11-20T00:48:24.903+0000] {dag.py:4180} INFO - Setting next_dagrun for example_sensors to None, run_after=None
[2024-11-20T00:48:24.926+0000] {processor.py:208} INFO - Processing /home/ubuntu/airflow_venv/lib/python3.12/site-packages/airflow/example_dags/example_sensors.py took 0.074 seconds
[2024-11-20T00:49:18.690+0000] {processor.py:186} INFO - Started process (PID=5049) to work on /home/ubuntu/airflow_venv/lib/python3.12/site-packages/airflow/example_dags/example_sensors.py
[2024-11-20T00:49:18.692+0000] {processor.py:914} INFO - Processing file /home/ubuntu/airflow_venv/lib/python3.12/site-packages/airflow/example_dags/example_sensors.py for tasks to queue
[2024-11-20T00:49:18.693+0000] {logging_mixin.py:190} INFO - [2024-11-20T00:49:18.692+0000] {dagbag.py:588} INFO - Filling up the DagBag from /home/ubuntu/airflow_venv/lib/python3.12/site-packages/airflow/example_dags/example_sensors.py
[2024-11-20T00:49:18.704+0000] {processor.py:925} INFO - DAG(s) 'example_sensors' retrieved from /home/ubuntu/airflow_venv/lib/python3.12/site-packages/airflow/example_dags/example_sensors.py
[2024-11-20T00:49:18.723+0000] {logging_mixin.py:190} INFO - [2024-11-20T00:49:18.723+0000] {dag.py:3239} INFO - Sync 1 DAGs
[2024-11-20T00:49:18.735+0000] {logging_mixin.py:190} INFO - [2024-11-20T00:49:18.735+0000] {dag.py:4180} INFO - Setting next_dagrun for example_sensors to None, run_after=None
[2024-11-20T00:49:18.757+0000] {processor.py:208} INFO - Processing /home/ubuntu/airflow_venv/lib/python3.12/site-packages/airflow/example_dags/example_sensors.py took 0.074 seconds
[2024-11-20T00:50:12.440+0000] {processor.py:186} INFO - Started process (PID=5105) to work on /home/ubuntu/airflow_venv/lib/python3.12/site-packages/airflow/example_dags/example_sensors.py
[2024-11-20T00:50:12.442+0000] {processor.py:914} INFO - Processing file /home/ubuntu/airflow_venv/lib/python3.12/site-packages/airflow/example_dags/example_sensors.py for tasks to queue
[2024-11-20T00:50:12.443+0000] {logging_mixin.py:190} INFO - [2024-11-20T00:50:12.443+0000] {dagbag.py:588} INFO - Filling up the DagBag from /home/ubuntu/airflow_venv/lib/python3.12/site-packages/airflow/example_dags/example_sensors.py
[2024-11-20T00:50:12.456+0000] {processor.py:925} INFO - DAG(s) 'example_sensors' retrieved from /home/ubuntu/airflow_venv/lib/python3.12/site-packages/airflow/example_dags/example_sensors.py
[2024-11-20T00:50:12.475+0000] {logging_mixin.py:190} INFO - [2024-11-20T00:50:12.475+0000] {dag.py:3239} INFO - Sync 1 DAGs
[2024-11-20T00:50:12.487+0000] {logging_mixin.py:190} INFO - [2024-11-20T00:50:12.487+0000] {dag.py:4180} INFO - Setting next_dagrun for example_sensors to None, run_after=None
[2024-11-20T00:50:12.511+0000] {processor.py:208} INFO - Processing /home/ubuntu/airflow_venv/lib/python3.12/site-packages/airflow/example_dags/example_sensors.py took 0.076 seconds
[2024-11-20T00:51:07.332+0000] {processor.py:186} INFO - Started process (PID=5163) to work on /home/ubuntu/airflow_venv/lib/python3.12/site-packages/airflow/example_dags/example_sensors.py
[2024-11-20T00:51:07.333+0000] {processor.py:914} INFO - Processing file /home/ubuntu/airflow_venv/lib/python3.12/site-packages/airflow/example_dags/example_sensors.py for tasks to queue
[2024-11-20T00:51:07.334+0000] {logging_mixin.py:190} INFO - [2024-11-20T00:51:07.334+0000] {dagbag.py:588} INFO - Filling up the DagBag from /home/ubuntu/airflow_venv/lib/python3.12/site-packages/airflow/example_dags/example_sensors.py
[2024-11-20T00:51:07.346+0000] {processor.py:925} INFO - DAG(s) 'example_sensors' retrieved from /home/ubuntu/airflow_venv/lib/python3.12/site-packages/airflow/example_dags/example_sensors.py
[2024-11-20T00:51:07.376+0000] {logging_mixin.py:190} INFO - [2024-11-20T00:51:07.376+0000] {dag.py:3239} INFO - Sync 1 DAGs
[2024-11-20T00:51:07.387+0000] {logging_mixin.py:190} INFO - [2024-11-20T00:51:07.387+0000] {dag.py:4180} INFO - Setting next_dagrun for example_sensors to None, run_after=None
[2024-11-20T00:51:07.412+0000] {processor.py:208} INFO - Processing /home/ubuntu/airflow_venv/lib/python3.12/site-packages/airflow/example_dags/example_sensors.py took 0.086 seconds
[2024-11-20T00:52:04.523+0000] {processor.py:186} INFO - Started process (PID=5222) to work on /home/ubuntu/airflow_venv/lib/python3.12/site-packages/airflow/example_dags/example_sensors.py
[2024-11-20T00:52:04.525+0000] {processor.py:914} INFO - Processing file /home/ubuntu/airflow_venv/lib/python3.12/site-packages/airflow/example_dags/example_sensors.py for tasks to queue
[2024-11-20T00:52:04.525+0000] {logging_mixin.py:190} INFO - [2024-11-20T00:52:04.525+0000] {dagbag.py:588} INFO - Filling up the DagBag from /home/ubuntu/airflow_venv/lib/python3.12/site-packages/airflow/example_dags/example_sensors.py
[2024-11-20T00:52:04.537+0000] {processor.py:925} INFO - DAG(s) 'example_sensors' retrieved from /home/ubuntu/airflow_venv/lib/python3.12/site-packages/airflow/example_dags/example_sensors.py
[2024-11-20T00:52:04.558+0000] {logging_mixin.py:190} INFO - [2024-11-20T00:52:04.558+0000] {dag.py:3239} INFO - Sync 1 DAGs
[2024-11-20T00:52:04.569+0000] {logging_mixin.py:190} INFO - [2024-11-20T00:52:04.568+0000] {dag.py:4180} INFO - Setting next_dagrun for example_sensors to None, run_after=None
[2024-11-20T00:52:04.590+0000] {processor.py:208} INFO - Processing /home/ubuntu/airflow_venv/lib/python3.12/site-packages/airflow/example_dags/example_sensors.py took 0.073 seconds
[2024-11-20T00:53:00.290+0000] {processor.py:186} INFO - Started process (PID=5278) to work on /home/ubuntu/airflow_venv/lib/python3.12/site-packages/airflow/example_dags/example_sensors.py
[2024-11-20T00:53:00.291+0000] {processor.py:914} INFO - Processing file /home/ubuntu/airflow_venv/lib/python3.12/site-packages/airflow/example_dags/example_sensors.py for tasks to queue
[2024-11-20T00:53:00.292+0000] {logging_mixin.py:190} INFO - [2024-11-20T00:53:00.291+0000] {dagbag.py:588} INFO - Filling up the DagBag from /home/ubuntu/airflow_venv/lib/python3.12/site-packages/airflow/example_dags/example_sensors.py
[2024-11-20T00:53:00.309+0000] {processor.py:925} INFO - DAG(s) 'example_sensors' retrieved from /home/ubuntu/airflow_venv/lib/python3.12/site-packages/airflow/example_dags/example_sensors.py
[2024-11-20T00:53:00.329+0000] {logging_mixin.py:190} INFO - [2024-11-20T00:53:00.329+0000] {dag.py:3239} INFO - Sync 1 DAGs
[2024-11-20T00:53:00.339+0000] {logging_mixin.py:190} INFO - [2024-11-20T00:53:00.339+0000] {dag.py:4180} INFO - Setting next_dagrun for example_sensors to None, run_after=None
[2024-11-20T00:53:00.363+0000] {processor.py:208} INFO - Processing /home/ubuntu/airflow_venv/lib/python3.12/site-packages/airflow/example_dags/example_sensors.py took 0.080 seconds
[2024-11-20T00:53:56.949+0000] {processor.py:186} INFO - Started process (PID=5336) to work on /home/ubuntu/airflow_venv/lib/python3.12/site-packages/airflow/example_dags/example_sensors.py
[2024-11-20T00:53:56.951+0000] {processor.py:914} INFO - Processing file /home/ubuntu/airflow_venv/lib/python3.12/site-packages/airflow/example_dags/example_sensors.py for tasks to queue
[2024-11-20T00:53:56.952+0000] {logging_mixin.py:190} INFO - [2024-11-20T00:53:56.952+0000] {dagbag.py:588} INFO - Filling up the DagBag from /home/ubuntu/airflow_venv/lib/python3.12/site-packages/airflow/example_dags/example_sensors.py
[2024-11-20T00:53:56.964+0000] {processor.py:925} INFO - DAG(s) 'example_sensors' retrieved from /home/ubuntu/airflow_venv/lib/python3.12/site-packages/airflow/example_dags/example_sensors.py
[2024-11-20T00:53:56.985+0000] {logging_mixin.py:190} INFO - [2024-11-20T00:53:56.985+0000] {dag.py:3239} INFO - Sync 1 DAGs
[2024-11-20T00:53:56.997+0000] {logging_mixin.py:190} INFO - [2024-11-20T00:53:56.997+0000] {dag.py:4180} INFO - Setting next_dagrun for example_sensors to None, run_after=None
[2024-11-20T00:53:57.018+0000] {processor.py:208} INFO - Processing /home/ubuntu/airflow_venv/lib/python3.12/site-packages/airflow/example_dags/example_sensors.py took 0.076 seconds
[2024-11-20T00:54:48.456+0000] {processor.py:186} INFO - Started process (PID=5403) to work on /home/ubuntu/airflow_venv/lib/python3.12/site-packages/airflow/example_dags/example_sensors.py
[2024-11-20T00:54:48.457+0000] {processor.py:914} INFO - Processing file /home/ubuntu/airflow_venv/lib/python3.12/site-packages/airflow/example_dags/example_sensors.py for tasks to queue
[2024-11-20T00:54:48.459+0000] {logging_mixin.py:190} INFO - [2024-11-20T00:54:48.458+0000] {dagbag.py:588} INFO - Filling up the DagBag from /home/ubuntu/airflow_venv/lib/python3.12/site-packages/airflow/example_dags/example_sensors.py
[2024-11-20T00:54:48.470+0000] {processor.py:925} INFO - DAG(s) 'example_sensors' retrieved from /home/ubuntu/airflow_venv/lib/python3.12/site-packages/airflow/example_dags/example_sensors.py
[2024-11-20T00:54:48.491+0000] {logging_mixin.py:190} INFO - [2024-11-20T00:54:48.491+0000] {dag.py:3239} INFO - Sync 1 DAGs
[2024-11-20T00:54:48.502+0000] {logging_mixin.py:190} INFO - [2024-11-20T00:54:48.502+0000] {dag.py:4180} INFO - Setting next_dagrun for example_sensors to None, run_after=None
[2024-11-20T00:54:48.524+0000] {processor.py:208} INFO - Processing /home/ubuntu/airflow_venv/lib/python3.12/site-packages/airflow/example_dags/example_sensors.py took 0.075 seconds
[2024-11-20T00:55:40.118+0000] {processor.py:186} INFO - Started process (PID=5462) to work on /home/ubuntu/airflow_venv/lib/python3.12/site-packages/airflow/example_dags/example_sensors.py
[2024-11-20T00:55:40.120+0000] {processor.py:914} INFO - Processing file /home/ubuntu/airflow_venv/lib/python3.12/site-packages/airflow/example_dags/example_sensors.py for tasks to queue
[2024-11-20T00:55:40.121+0000] {logging_mixin.py:190} INFO - [2024-11-20T00:55:40.121+0000] {dagbag.py:588} INFO - Filling up the DagBag from /home/ubuntu/airflow_venv/lib/python3.12/site-packages/airflow/example_dags/example_sensors.py
[2024-11-20T00:55:40.134+0000] {processor.py:925} INFO - DAG(s) 'example_sensors' retrieved from /home/ubuntu/airflow_venv/lib/python3.12/site-packages/airflow/example_dags/example_sensors.py
[2024-11-20T00:55:40.153+0000] {logging_mixin.py:190} INFO - [2024-11-20T00:55:40.153+0000] {dag.py:3239} INFO - Sync 1 DAGs
[2024-11-20T00:55:40.165+0000] {logging_mixin.py:190} INFO - [2024-11-20T00:55:40.165+0000] {dag.py:4180} INFO - Setting next_dagrun for example_sensors to None, run_after=None
[2024-11-20T00:55:40.186+0000] {processor.py:208} INFO - Processing /home/ubuntu/airflow_venv/lib/python3.12/site-packages/airflow/example_dags/example_sensors.py took 0.074 seconds
[2024-11-20T00:56:34.154+0000] {processor.py:186} INFO - Started process (PID=5517) to work on /home/ubuntu/airflow_venv/lib/python3.12/site-packages/airflow/example_dags/example_sensors.py
[2024-11-20T00:56:34.157+0000] {processor.py:914} INFO - Processing file /home/ubuntu/airflow_venv/lib/python3.12/site-packages/airflow/example_dags/example_sensors.py for tasks to queue
[2024-11-20T00:56:34.158+0000] {logging_mixin.py:190} INFO - [2024-11-20T00:56:34.158+0000] {dagbag.py:588} INFO - Filling up the DagBag from /home/ubuntu/airflow_venv/lib/python3.12/site-packages/airflow/example_dags/example_sensors.py
[2024-11-20T00:56:34.170+0000] {processor.py:925} INFO - DAG(s) 'example_sensors' retrieved from /home/ubuntu/airflow_venv/lib/python3.12/site-packages/airflow/example_dags/example_sensors.py
[2024-11-20T00:56:34.189+0000] {logging_mixin.py:190} INFO - [2024-11-20T00:56:34.189+0000] {dag.py:3239} INFO - Sync 1 DAGs
[2024-11-20T00:56:34.201+0000] {logging_mixin.py:190} INFO - [2024-11-20T00:56:34.200+0000] {dag.py:4180} INFO - Setting next_dagrun for example_sensors to None, run_after=None
[2024-11-20T00:56:34.224+0000] {processor.py:208} INFO - Processing /home/ubuntu/airflow_venv/lib/python3.12/site-packages/airflow/example_dags/example_sensors.py took 0.076 seconds
[2024-11-20T00:57:26.681+0000] {processor.py:186} INFO - Started process (PID=5574) to work on /home/ubuntu/airflow_venv/lib/python3.12/site-packages/airflow/example_dags/example_sensors.py
[2024-11-20T00:57:26.683+0000] {processor.py:914} INFO - Processing file /home/ubuntu/airflow_venv/lib/python3.12/site-packages/airflow/example_dags/example_sensors.py for tasks to queue
[2024-11-20T00:57:26.684+0000] {logging_mixin.py:190} INFO - [2024-11-20T00:57:26.684+0000] {dagbag.py:588} INFO - Filling up the DagBag from /home/ubuntu/airflow_venv/lib/python3.12/site-packages/airflow/example_dags/example_sensors.py
[2024-11-20T00:57:26.696+0000] {processor.py:925} INFO - DAG(s) 'example_sensors' retrieved from /home/ubuntu/airflow_venv/lib/python3.12/site-packages/airflow/example_dags/example_sensors.py
[2024-11-20T00:57:26.716+0000] {logging_mixin.py:190} INFO - [2024-11-20T00:57:26.716+0000] {dag.py:3239} INFO - Sync 1 DAGs
[2024-11-20T00:57:26.729+0000] {logging_mixin.py:190} INFO - [2024-11-20T00:57:26.728+0000] {dag.py:4180} INFO - Setting next_dagrun for example_sensors to None, run_after=None
[2024-11-20T00:57:26.751+0000] {processor.py:208} INFO - Processing /home/ubuntu/airflow_venv/lib/python3.12/site-packages/airflow/example_dags/example_sensors.py took 0.076 seconds
[2024-11-20T00:58:20.463+0000] {processor.py:186} INFO - Started process (PID=5629) to work on /home/ubuntu/airflow_venv/lib/python3.12/site-packages/airflow/example_dags/example_sensors.py
[2024-11-20T00:58:20.465+0000] {processor.py:914} INFO - Processing file /home/ubuntu/airflow_venv/lib/python3.12/site-packages/airflow/example_dags/example_sensors.py for tasks to queue
[2024-11-20T00:58:20.466+0000] {logging_mixin.py:190} INFO - [2024-11-20T00:58:20.466+0000] {dagbag.py:588} INFO - Filling up the DagBag from /home/ubuntu/airflow_venv/lib/python3.12/site-packages/airflow/example_dags/example_sensors.py
[2024-11-20T00:58:20.478+0000] {processor.py:925} INFO - DAG(s) 'example_sensors' retrieved from /home/ubuntu/airflow_venv/lib/python3.12/site-packages/airflow/example_dags/example_sensors.py
[2024-11-20T00:58:20.497+0000] {logging_mixin.py:190} INFO - [2024-11-20T00:58:20.497+0000] {dag.py:3239} INFO - Sync 1 DAGs
[2024-11-20T00:58:20.508+0000] {logging_mixin.py:190} INFO - [2024-11-20T00:58:20.508+0000] {dag.py:4180} INFO - Setting next_dagrun for example_sensors to None, run_after=None
[2024-11-20T00:58:20.531+0000] {processor.py:208} INFO - Processing /home/ubuntu/airflow_venv/lib/python3.12/site-packages/airflow/example_dags/example_sensors.py took 0.074 seconds
[2024-11-20T00:59:11.683+0000] {processor.py:186} INFO - Started process (PID=5688) to work on /home/ubuntu/airflow_venv/lib/python3.12/site-packages/airflow/example_dags/example_sensors.py
[2024-11-20T00:59:11.684+0000] {processor.py:914} INFO - Processing file /home/ubuntu/airflow_venv/lib/python3.12/site-packages/airflow/example_dags/example_sensors.py for tasks to queue
[2024-11-20T00:59:11.687+0000] {logging_mixin.py:190} INFO - [2024-11-20T00:59:11.685+0000] {dagbag.py:588} INFO - Filling up the DagBag from /home/ubuntu/airflow_venv/lib/python3.12/site-packages/airflow/example_dags/example_sensors.py
[2024-11-20T00:59:11.704+0000] {processor.py:925} INFO - DAG(s) 'example_sensors' retrieved from /home/ubuntu/airflow_venv/lib/python3.12/site-packages/airflow/example_dags/example_sensors.py
[2024-11-20T00:59:11.724+0000] {logging_mixin.py:190} INFO - [2024-11-20T00:59:11.723+0000] {dag.py:3239} INFO - Sync 1 DAGs
[2024-11-20T00:59:11.737+0000] {logging_mixin.py:190} INFO - [2024-11-20T00:59:11.736+0000] {dag.py:4180} INFO - Setting next_dagrun for example_sensors to None, run_after=None
[2024-11-20T00:59:11.758+0000] {processor.py:208} INFO - Processing /home/ubuntu/airflow_venv/lib/python3.12/site-packages/airflow/example_dags/example_sensors.py took 0.083 seconds
[2024-11-20T01:00:07.060+0000] {processor.py:186} INFO - Started process (PID=5747) to work on /home/ubuntu/airflow_venv/lib/python3.12/site-packages/airflow/example_dags/example_sensors.py
[2024-11-20T01:00:07.062+0000] {processor.py:914} INFO - Processing file /home/ubuntu/airflow_venv/lib/python3.12/site-packages/airflow/example_dags/example_sensors.py for tasks to queue
[2024-11-20T01:00:07.063+0000] {logging_mixin.py:190} INFO - [2024-11-20T01:00:07.062+0000] {dagbag.py:588} INFO - Filling up the DagBag from /home/ubuntu/airflow_venv/lib/python3.12/site-packages/airflow/example_dags/example_sensors.py
[2024-11-20T01:00:07.073+0000] {processor.py:925} INFO - DAG(s) 'example_sensors' retrieved from /home/ubuntu/airflow_venv/lib/python3.12/site-packages/airflow/example_dags/example_sensors.py
[2024-11-20T01:00:07.096+0000] {logging_mixin.py:190} INFO - [2024-11-20T01:00:07.096+0000] {dag.py:3239} INFO - Sync 1 DAGs
[2024-11-20T01:00:07.108+0000] {logging_mixin.py:190} INFO - [2024-11-20T01:00:07.107+0000] {dag.py:4180} INFO - Setting next_dagrun for example_sensors to None, run_after=None
[2024-11-20T01:00:07.130+0000] {processor.py:208} INFO - Processing /home/ubuntu/airflow_venv/lib/python3.12/site-packages/airflow/example_dags/example_sensors.py took 0.077 seconds
[2024-11-20T01:01:02.578+0000] {processor.py:186} INFO - Started process (PID=5803) to work on /home/ubuntu/airflow_venv/lib/python3.12/site-packages/airflow/example_dags/example_sensors.py
[2024-11-20T01:01:02.580+0000] {processor.py:914} INFO - Processing file /home/ubuntu/airflow_venv/lib/python3.12/site-packages/airflow/example_dags/example_sensors.py for tasks to queue
[2024-11-20T01:01:02.582+0000] {logging_mixin.py:190} INFO - [2024-11-20T01:01:02.582+0000] {dagbag.py:588} INFO - Filling up the DagBag from /home/ubuntu/airflow_venv/lib/python3.12/site-packages/airflow/example_dags/example_sensors.py
[2024-11-20T01:01:02.593+0000] {processor.py:925} INFO - DAG(s) 'example_sensors' retrieved from /home/ubuntu/airflow_venv/lib/python3.12/site-packages/airflow/example_dags/example_sensors.py
[2024-11-20T01:01:02.614+0000] {logging_mixin.py:190} INFO - [2024-11-20T01:01:02.613+0000] {dag.py:3239} INFO - Sync 1 DAGs
[2024-11-20T01:01:02.625+0000] {logging_mixin.py:190} INFO - [2024-11-20T01:01:02.625+0000] {dag.py:4180} INFO - Setting next_dagrun for example_sensors to None, run_after=None
[2024-11-20T01:01:02.650+0000] {processor.py:208} INFO - Processing /home/ubuntu/airflow_venv/lib/python3.12/site-packages/airflow/example_dags/example_sensors.py took 0.078 seconds
[2024-11-20T01:02:13.249+0000] {processor.py:186} INFO - Started process (PID=5883) to work on /home/ubuntu/airflow_venv/lib/python3.12/site-packages/airflow/example_dags/example_sensors.py
[2024-11-20T01:02:13.251+0000] {processor.py:914} INFO - Processing file /home/ubuntu/airflow_venv/lib/python3.12/site-packages/airflow/example_dags/example_sensors.py for tasks to queue
[2024-11-20T01:02:13.252+0000] {logging_mixin.py:190} INFO - [2024-11-20T01:02:13.252+0000] {dagbag.py:588} INFO - Filling up the DagBag from /home/ubuntu/airflow_venv/lib/python3.12/site-packages/airflow/example_dags/example_sensors.py
[2024-11-20T01:02:13.264+0000] {processor.py:925} INFO - DAG(s) 'example_sensors' retrieved from /home/ubuntu/airflow_venv/lib/python3.12/site-packages/airflow/example_dags/example_sensors.py
[2024-11-20T01:02:13.283+0000] {logging_mixin.py:190} INFO - [2024-11-20T01:02:13.283+0000] {dag.py:3239} INFO - Sync 1 DAGs
[2024-11-20T01:02:13.295+0000] {logging_mixin.py:190} INFO - [2024-11-20T01:02:13.295+0000] {dag.py:4180} INFO - Setting next_dagrun for example_sensors to None, run_after=None
[2024-11-20T01:02:13.318+0000] {processor.py:208} INFO - Processing /home/ubuntu/airflow_venv/lib/python3.12/site-packages/airflow/example_dags/example_sensors.py took 0.076 seconds
[2024-11-20T01:03:10.697+0000] {processor.py:186} INFO - Started process (PID=5941) to work on /home/ubuntu/airflow_venv/lib/python3.12/site-packages/airflow/example_dags/example_sensors.py
[2024-11-20T01:03:10.700+0000] {processor.py:914} INFO - Processing file /home/ubuntu/airflow_venv/lib/python3.12/site-packages/airflow/example_dags/example_sensors.py for tasks to queue
[2024-11-20T01:03:10.701+0000] {logging_mixin.py:190} INFO - [2024-11-20T01:03:10.701+0000] {dagbag.py:588} INFO - Filling up the DagBag from /home/ubuntu/airflow_venv/lib/python3.12/site-packages/airflow/example_dags/example_sensors.py
[2024-11-20T01:03:10.713+0000] {processor.py:925} INFO - DAG(s) 'example_sensors' retrieved from /home/ubuntu/airflow_venv/lib/python3.12/site-packages/airflow/example_dags/example_sensors.py
[2024-11-20T01:03:10.733+0000] {logging_mixin.py:190} INFO - [2024-11-20T01:03:10.733+0000] {dag.py:3239} INFO - Sync 1 DAGs
[2024-11-20T01:03:10.745+0000] {logging_mixin.py:190} INFO - [2024-11-20T01:03:10.745+0000] {dag.py:4180} INFO - Setting next_dagrun for example_sensors to None, run_after=None
[2024-11-20T01:03:10.765+0000] {processor.py:208} INFO - Processing /home/ubuntu/airflow_venv/lib/python3.12/site-packages/airflow/example_dags/example_sensors.py took 0.074 seconds
[2024-11-20T01:04:06.273+0000] {processor.py:186} INFO - Started process (PID=5998) to work on /home/ubuntu/airflow_venv/lib/python3.12/site-packages/airflow/example_dags/example_sensors.py
[2024-11-20T01:04:06.275+0000] {processor.py:914} INFO - Processing file /home/ubuntu/airflow_venv/lib/python3.12/site-packages/airflow/example_dags/example_sensors.py for tasks to queue
[2024-11-20T01:04:06.275+0000] {logging_mixin.py:190} INFO - [2024-11-20T01:04:06.275+0000] {dagbag.py:588} INFO - Filling up the DagBag from /home/ubuntu/airflow_venv/lib/python3.12/site-packages/airflow/example_dags/example_sensors.py
[2024-11-20T01:04:06.287+0000] {processor.py:925} INFO - DAG(s) 'example_sensors' retrieved from /home/ubuntu/airflow_venv/lib/python3.12/site-packages/airflow/example_dags/example_sensors.py
[2024-11-20T01:04:06.307+0000] {logging_mixin.py:190} INFO - [2024-11-20T01:04:06.307+0000] {dag.py:3239} INFO - Sync 1 DAGs
[2024-11-20T01:04:06.320+0000] {logging_mixin.py:190} INFO - [2024-11-20T01:04:06.319+0000] {dag.py:4180} INFO - Setting next_dagrun for example_sensors to None, run_after=None
[2024-11-20T01:04:06.341+0000] {processor.py:208} INFO - Processing /home/ubuntu/airflow_venv/lib/python3.12/site-packages/airflow/example_dags/example_sensors.py took 0.074 seconds
[2024-11-20T01:05:02.210+0000] {processor.py:186} INFO - Started process (PID=6057) to work on /home/ubuntu/airflow_venv/lib/python3.12/site-packages/airflow/example_dags/example_sensors.py
[2024-11-20T01:05:02.212+0000] {processor.py:914} INFO - Processing file /home/ubuntu/airflow_venv/lib/python3.12/site-packages/airflow/example_dags/example_sensors.py for tasks to queue
[2024-11-20T01:05:02.214+0000] {logging_mixin.py:190} INFO - [2024-11-20T01:05:02.213+0000] {dagbag.py:588} INFO - Filling up the DagBag from /home/ubuntu/airflow_venv/lib/python3.12/site-packages/airflow/example_dags/example_sensors.py
[2024-11-20T01:05:02.226+0000] {processor.py:925} INFO - DAG(s) 'example_sensors' retrieved from /home/ubuntu/airflow_venv/lib/python3.12/site-packages/airflow/example_dags/example_sensors.py
[2024-11-20T01:05:02.246+0000] {logging_mixin.py:190} INFO - [2024-11-20T01:05:02.246+0000] {dag.py:3239} INFO - Sync 1 DAGs
[2024-11-20T01:05:02.260+0000] {logging_mixin.py:190} INFO - [2024-11-20T01:05:02.260+0000] {dag.py:4180} INFO - Setting next_dagrun for example_sensors to None, run_after=None
[2024-11-20T01:05:02.284+0000] {processor.py:208} INFO - Processing /home/ubuntu/airflow_venv/lib/python3.12/site-packages/airflow/example_dags/example_sensors.py took 0.082 seconds
[2024-11-20T01:05:59.283+0000] {processor.py:186} INFO - Started process (PID=6116) to work on /home/ubuntu/airflow_venv/lib/python3.12/site-packages/airflow/example_dags/example_sensors.py
[2024-11-20T01:05:59.284+0000] {processor.py:914} INFO - Processing file /home/ubuntu/airflow_venv/lib/python3.12/site-packages/airflow/example_dags/example_sensors.py for tasks to queue
[2024-11-20T01:05:59.285+0000] {logging_mixin.py:190} INFO - [2024-11-20T01:05:59.285+0000] {dagbag.py:588} INFO - Filling up the DagBag from /home/ubuntu/airflow_venv/lib/python3.12/site-packages/airflow/example_dags/example_sensors.py
[2024-11-20T01:05:59.297+0000] {processor.py:925} INFO - DAG(s) 'example_sensors' retrieved from /home/ubuntu/airflow_venv/lib/python3.12/site-packages/airflow/example_dags/example_sensors.py
[2024-11-20T01:05:59.317+0000] {logging_mixin.py:190} INFO - [2024-11-20T01:05:59.317+0000] {dag.py:3239} INFO - Sync 1 DAGs
[2024-11-20T01:05:59.329+0000] {logging_mixin.py:190} INFO - [2024-11-20T01:05:59.329+0000] {dag.py:4180} INFO - Setting next_dagrun for example_sensors to None, run_after=None
[2024-11-20T01:05:59.352+0000] {processor.py:208} INFO - Processing /home/ubuntu/airflow_venv/lib/python3.12/site-packages/airflow/example_dags/example_sensors.py took 0.075 seconds
[2024-11-20T01:06:50.982+0000] {processor.py:186} INFO - Started process (PID=6170) to work on /home/ubuntu/airflow_venv/lib/python3.12/site-packages/airflow/example_dags/example_sensors.py
[2024-11-20T01:06:50.983+0000] {processor.py:914} INFO - Processing file /home/ubuntu/airflow_venv/lib/python3.12/site-packages/airflow/example_dags/example_sensors.py for tasks to queue
[2024-11-20T01:06:50.984+0000] {logging_mixin.py:190} INFO - [2024-11-20T01:06:50.984+0000] {dagbag.py:588} INFO - Filling up the DagBag from /home/ubuntu/airflow_venv/lib/python3.12/site-packages/airflow/example_dags/example_sensors.py
[2024-11-20T01:06:50.996+0000] {processor.py:925} INFO - DAG(s) 'example_sensors' retrieved from /home/ubuntu/airflow_venv/lib/python3.12/site-packages/airflow/example_dags/example_sensors.py
[2024-11-20T01:06:51.017+0000] {logging_mixin.py:190} INFO - [2024-11-20T01:06:51.017+0000] {dag.py:3239} INFO - Sync 1 DAGs
[2024-11-20T01:06:51.028+0000] {logging_mixin.py:190} INFO - [2024-11-20T01:06:51.028+0000] {dag.py:4180} INFO - Setting next_dagrun for example_sensors to None, run_after=None
[2024-11-20T01:06:51.049+0000] {processor.py:208} INFO - Processing /home/ubuntu/airflow_venv/lib/python3.12/site-packages/airflow/example_dags/example_sensors.py took 0.074 seconds
[2024-11-20T01:07:43.017+0000] {processor.py:186} INFO - Started process (PID=6225) to work on /home/ubuntu/airflow_venv/lib/python3.12/site-packages/airflow/example_dags/example_sensors.py
[2024-11-20T01:07:43.018+0000] {processor.py:914} INFO - Processing file /home/ubuntu/airflow_venv/lib/python3.12/site-packages/airflow/example_dags/example_sensors.py for tasks to queue
[2024-11-20T01:07:43.019+0000] {logging_mixin.py:190} INFO - [2024-11-20T01:07:43.019+0000] {dagbag.py:588} INFO - Filling up the DagBag from /home/ubuntu/airflow_venv/lib/python3.12/site-packages/airflow/example_dags/example_sensors.py
[2024-11-20T01:07:43.032+0000] {processor.py:925} INFO - DAG(s) 'example_sensors' retrieved from /home/ubuntu/airflow_venv/lib/python3.12/site-packages/airflow/example_dags/example_sensors.py
[2024-11-20T01:07:43.058+0000] {logging_mixin.py:190} INFO - [2024-11-20T01:07:43.057+0000] {dag.py:3239} INFO - Sync 1 DAGs
[2024-11-20T01:07:43.069+0000] {logging_mixin.py:190} INFO - [2024-11-20T01:07:43.069+0000] {dag.py:4180} INFO - Setting next_dagrun for example_sensors to None, run_after=None
[2024-11-20T01:07:43.092+0000] {processor.py:208} INFO - Processing /home/ubuntu/airflow_venv/lib/python3.12/site-packages/airflow/example_dags/example_sensors.py took 0.081 seconds
[2024-11-20T01:08:36.579+0000] {processor.py:186} INFO - Started process (PID=6279) to work on /home/ubuntu/airflow_venv/lib/python3.12/site-packages/airflow/example_dags/example_sensors.py
[2024-11-20T01:08:36.581+0000] {processor.py:914} INFO - Processing file /home/ubuntu/airflow_venv/lib/python3.12/site-packages/airflow/example_dags/example_sensors.py for tasks to queue
[2024-11-20T01:08:36.582+0000] {logging_mixin.py:190} INFO - [2024-11-20T01:08:36.581+0000] {dagbag.py:588} INFO - Filling up the DagBag from /home/ubuntu/airflow_venv/lib/python3.12/site-packages/airflow/example_dags/example_sensors.py
[2024-11-20T01:08:36.594+0000] {processor.py:925} INFO - DAG(s) 'example_sensors' retrieved from /home/ubuntu/airflow_venv/lib/python3.12/site-packages/airflow/example_dags/example_sensors.py
[2024-11-20T01:08:36.614+0000] {logging_mixin.py:190} INFO - [2024-11-20T01:08:36.614+0000] {dag.py:3239} INFO - Sync 1 DAGs
[2024-11-20T01:08:36.626+0000] {logging_mixin.py:190} INFO - [2024-11-20T01:08:36.625+0000] {dag.py:4180} INFO - Setting next_dagrun for example_sensors to None, run_after=None
[2024-11-20T01:08:36.657+0000] {processor.py:208} INFO - Processing /home/ubuntu/airflow_venv/lib/python3.12/site-packages/airflow/example_dags/example_sensors.py took 0.086 seconds
[2024-11-20T01:09:34.310+0000] {processor.py:186} INFO - Started process (PID=6336) to work on /home/ubuntu/airflow_venv/lib/python3.12/site-packages/airflow/example_dags/example_sensors.py
[2024-11-20T01:09:34.311+0000] {processor.py:914} INFO - Processing file /home/ubuntu/airflow_venv/lib/python3.12/site-packages/airflow/example_dags/example_sensors.py for tasks to queue
[2024-11-20T01:09:34.312+0000] {logging_mixin.py:190} INFO - [2024-11-20T01:09:34.312+0000] {dagbag.py:588} INFO - Filling up the DagBag from /home/ubuntu/airflow_venv/lib/python3.12/site-packages/airflow/example_dags/example_sensors.py
[2024-11-20T01:09:34.324+0000] {processor.py:925} INFO - DAG(s) 'example_sensors' retrieved from /home/ubuntu/airflow_venv/lib/python3.12/site-packages/airflow/example_dags/example_sensors.py
[2024-11-20T01:09:34.344+0000] {logging_mixin.py:190} INFO - [2024-11-20T01:09:34.344+0000] {dag.py:3239} INFO - Sync 1 DAGs
[2024-11-20T01:09:34.355+0000] {logging_mixin.py:190} INFO - [2024-11-20T01:09:34.355+0000] {dag.py:4180} INFO - Setting next_dagrun for example_sensors to None, run_after=None
[2024-11-20T01:09:34.377+0000] {processor.py:208} INFO - Processing /home/ubuntu/airflow_venv/lib/python3.12/site-packages/airflow/example_dags/example_sensors.py took 0.074 seconds
[2024-11-20T01:10:32.030+0000] {processor.py:186} INFO - Started process (PID=6400) to work on /home/ubuntu/airflow_venv/lib/python3.12/site-packages/airflow/example_dags/example_sensors.py
[2024-11-20T01:10:32.032+0000] {processor.py:914} INFO - Processing file /home/ubuntu/airflow_venv/lib/python3.12/site-packages/airflow/example_dags/example_sensors.py for tasks to queue
[2024-11-20T01:10:32.033+0000] {logging_mixin.py:190} INFO - [2024-11-20T01:10:32.033+0000] {dagbag.py:588} INFO - Filling up the DagBag from /home/ubuntu/airflow_venv/lib/python3.12/site-packages/airflow/example_dags/example_sensors.py
[2024-11-20T01:10:32.044+0000] {processor.py:925} INFO - DAG(s) 'example_sensors' retrieved from /home/ubuntu/airflow_venv/lib/python3.12/site-packages/airflow/example_dags/example_sensors.py
[2024-11-20T01:10:32.066+0000] {logging_mixin.py:190} INFO - [2024-11-20T01:10:32.065+0000] {dag.py:3239} INFO - Sync 1 DAGs
[2024-11-20T01:10:32.076+0000] {logging_mixin.py:190} INFO - [2024-11-20T01:10:32.076+0000] {dag.py:4180} INFO - Setting next_dagrun for example_sensors to None, run_after=None
[2024-11-20T01:10:32.104+0000] {processor.py:208} INFO - Processing /home/ubuntu/airflow_venv/lib/python3.12/site-packages/airflow/example_dags/example_sensors.py took 0.081 seconds
[2024-11-20T01:11:26.476+0000] {processor.py:186} INFO - Started process (PID=6455) to work on /home/ubuntu/airflow_venv/lib/python3.12/site-packages/airflow/example_dags/example_sensors.py
[2024-11-20T01:11:26.478+0000] {processor.py:914} INFO - Processing file /home/ubuntu/airflow_venv/lib/python3.12/site-packages/airflow/example_dags/example_sensors.py for tasks to queue
[2024-11-20T01:11:26.479+0000] {logging_mixin.py:190} INFO - [2024-11-20T01:11:26.479+0000] {dagbag.py:588} INFO - Filling up the DagBag from /home/ubuntu/airflow_venv/lib/python3.12/site-packages/airflow/example_dags/example_sensors.py
[2024-11-20T01:11:26.491+0000] {processor.py:925} INFO - DAG(s) 'example_sensors' retrieved from /home/ubuntu/airflow_venv/lib/python3.12/site-packages/airflow/example_dags/example_sensors.py
[2024-11-20T01:11:26.511+0000] {logging_mixin.py:190} INFO - [2024-11-20T01:11:26.511+0000] {dag.py:3239} INFO - Sync 1 DAGs
[2024-11-20T01:11:26.523+0000] {logging_mixin.py:190} INFO - [2024-11-20T01:11:26.523+0000] {dag.py:4180} INFO - Setting next_dagrun for example_sensors to None, run_after=None
[2024-11-20T01:11:26.545+0000] {processor.py:208} INFO - Processing /home/ubuntu/airflow_venv/lib/python3.12/site-packages/airflow/example_dags/example_sensors.py took 0.075 seconds
[2024-11-20T01:12:19.897+0000] {processor.py:186} INFO - Started process (PID=6512) to work on /home/ubuntu/airflow_venv/lib/python3.12/site-packages/airflow/example_dags/example_sensors.py
[2024-11-20T01:12:19.899+0000] {processor.py:914} INFO - Processing file /home/ubuntu/airflow_venv/lib/python3.12/site-packages/airflow/example_dags/example_sensors.py for tasks to queue
[2024-11-20T01:12:19.899+0000] {logging_mixin.py:190} INFO - [2024-11-20T01:12:19.899+0000] {dagbag.py:588} INFO - Filling up the DagBag from /home/ubuntu/airflow_venv/lib/python3.12/site-packages/airflow/example_dags/example_sensors.py
[2024-11-20T01:12:19.911+0000] {processor.py:925} INFO - DAG(s) 'example_sensors' retrieved from /home/ubuntu/airflow_venv/lib/python3.12/site-packages/airflow/example_dags/example_sensors.py
[2024-11-20T01:12:19.931+0000] {logging_mixin.py:190} INFO - [2024-11-20T01:12:19.930+0000] {dag.py:3239} INFO - Sync 1 DAGs
[2024-11-20T01:12:19.943+0000] {logging_mixin.py:190} INFO - [2024-11-20T01:12:19.943+0000] {dag.py:4180} INFO - Setting next_dagrun for example_sensors to None, run_after=None
[2024-11-20T01:12:19.965+0000] {processor.py:208} INFO - Processing /home/ubuntu/airflow_venv/lib/python3.12/site-packages/airflow/example_dags/example_sensors.py took 0.075 seconds
