[2024-11-20T00:16:22.256+0000] {processor.py:186} INFO - Started process (PID=2035) to work on /home/ubuntu/airflow_venv/lib/python3.12/site-packages/airflow/example_dags/example_sla_dag.py
[2024-11-20T00:16:22.257+0000] {processor.py:914} INFO - Processing file /home/ubuntu/airflow_venv/lib/python3.12/site-packages/airflow/example_dags/example_sla_dag.py for tasks to queue
[2024-11-20T00:16:22.259+0000] {logging_mixin.py:190} INFO - [2024-11-20T00:16:22.258+0000] {dagbag.py:588} INFO - Filling up the DagBag from /home/ubuntu/airflow_venv/lib/python3.12/site-packages/airflow/example_dags/example_sla_dag.py
[2024-11-20T00:16:22.268+0000] {processor.py:925} INFO - DAG(s) 'example_sla_dag' retrieved from /home/ubuntu/airflow_venv/lib/python3.12/site-packages/airflow/example_dags/example_sla_dag.py
[2024-11-20T00:16:22.284+0000] {logging_mixin.py:190} INFO - [2024-11-20T00:16:22.284+0000] {dag.py:3239} INFO - Sync 1 DAGs
[2024-11-20T00:16:22.306+0000] {logging_mixin.py:190} INFO - [2024-11-20T00:16:22.306+0000] {dag.py:4180} INFO - Setting next_dagrun for example_sla_dag to 2024-11-20 00:14:00+00:00, run_after=2024-11-20 00:16:00+00:00
[2024-11-20T00:16:22.327+0000] {processor.py:208} INFO - Processing /home/ubuntu/airflow_venv/lib/python3.12/site-packages/airflow/example_dags/example_sla_dag.py took 0.077 seconds
[2024-11-20T00:17:20.652+0000] {processor.py:186} INFO - Started process (PID=2106) to work on /home/ubuntu/airflow_venv/lib/python3.12/site-packages/airflow/example_dags/example_sla_dag.py
[2024-11-20T00:17:20.653+0000] {processor.py:914} INFO - Processing file /home/ubuntu/airflow_venv/lib/python3.12/site-packages/airflow/example_dags/example_sla_dag.py for tasks to queue
[2024-11-20T00:17:20.655+0000] {logging_mixin.py:190} INFO - [2024-11-20T00:17:20.655+0000] {dagbag.py:588} INFO - Filling up the DagBag from /home/ubuntu/airflow_venv/lib/python3.12/site-packages/airflow/example_dags/example_sla_dag.py
[2024-11-20T00:17:20.666+0000] {processor.py:925} INFO - DAG(s) 'example_sla_dag' retrieved from /home/ubuntu/airflow_venv/lib/python3.12/site-packages/airflow/example_dags/example_sla_dag.py
[2024-11-20T00:17:20.680+0000] {logging_mixin.py:190} INFO - [2024-11-20T00:17:20.680+0000] {dag.py:3239} INFO - Sync 1 DAGs
[2024-11-20T00:17:20.701+0000] {logging_mixin.py:190} INFO - [2024-11-20T00:17:20.701+0000] {dag.py:4180} INFO - Setting next_dagrun for example_sla_dag to 2024-11-20 00:14:00+00:00, run_after=2024-11-20 00:16:00+00:00
[2024-11-20T00:17:20.720+0000] {processor.py:208} INFO - Processing /home/ubuntu/airflow_venv/lib/python3.12/site-packages/airflow/example_dags/example_sla_dag.py took 0.073 seconds
[2024-11-20T00:18:16.595+0000] {processor.py:186} INFO - Started process (PID=2164) to work on /home/ubuntu/airflow_venv/lib/python3.12/site-packages/airflow/example_dags/example_sla_dag.py
[2024-11-20T00:18:16.596+0000] {processor.py:914} INFO - Processing file /home/ubuntu/airflow_venv/lib/python3.12/site-packages/airflow/example_dags/example_sla_dag.py for tasks to queue
[2024-11-20T00:18:16.598+0000] {logging_mixin.py:190} INFO - [2024-11-20T00:18:16.598+0000] {dagbag.py:588} INFO - Filling up the DagBag from /home/ubuntu/airflow_venv/lib/python3.12/site-packages/airflow/example_dags/example_sla_dag.py
[2024-11-20T00:18:16.609+0000] {processor.py:925} INFO - DAG(s) 'example_sla_dag' retrieved from /home/ubuntu/airflow_venv/lib/python3.12/site-packages/airflow/example_dags/example_sla_dag.py
[2024-11-20T00:18:16.623+0000] {logging_mixin.py:190} INFO - [2024-11-20T00:18:16.623+0000] {dag.py:3239} INFO - Sync 1 DAGs
[2024-11-20T00:18:16.642+0000] {logging_mixin.py:190} INFO - [2024-11-20T00:18:16.642+0000] {dag.py:4180} INFO - Setting next_dagrun for example_sla_dag to 2024-11-20 00:16:00+00:00, run_after=2024-11-20 00:18:00+00:00
[2024-11-20T00:18:16.664+0000] {processor.py:208} INFO - Processing /home/ubuntu/airflow_venv/lib/python3.12/site-packages/airflow/example_dags/example_sla_dag.py took 0.075 seconds
[2024-11-20T00:19:08.624+0000] {processor.py:186} INFO - Started process (PID=2218) to work on /home/ubuntu/airflow_venv/lib/python3.12/site-packages/airflow/example_dags/example_sla_dag.py
[2024-11-20T00:19:08.626+0000] {processor.py:914} INFO - Processing file /home/ubuntu/airflow_venv/lib/python3.12/site-packages/airflow/example_dags/example_sla_dag.py for tasks to queue
[2024-11-20T00:19:08.627+0000] {logging_mixin.py:190} INFO - [2024-11-20T00:19:08.627+0000] {dagbag.py:588} INFO - Filling up the DagBag from /home/ubuntu/airflow_venv/lib/python3.12/site-packages/airflow/example_dags/example_sla_dag.py
[2024-11-20T00:19:08.638+0000] {processor.py:925} INFO - DAG(s) 'example_sla_dag' retrieved from /home/ubuntu/airflow_venv/lib/python3.12/site-packages/airflow/example_dags/example_sla_dag.py
[2024-11-20T00:19:08.651+0000] {logging_mixin.py:190} INFO - [2024-11-20T00:19:08.651+0000] {dag.py:3239} INFO - Sync 1 DAGs
[2024-11-20T00:19:08.671+0000] {logging_mixin.py:190} INFO - [2024-11-20T00:19:08.670+0000] {dag.py:4180} INFO - Setting next_dagrun for example_sla_dag to 2024-11-20 00:16:00+00:00, run_after=2024-11-20 00:18:00+00:00
[2024-11-20T00:19:08.693+0000] {processor.py:208} INFO - Processing /home/ubuntu/airflow_venv/lib/python3.12/site-packages/airflow/example_dags/example_sla_dag.py took 0.075 seconds
[2024-11-20T00:20:00.891+0000] {processor.py:186} INFO - Started process (PID=2274) to work on /home/ubuntu/airflow_venv/lib/python3.12/site-packages/airflow/example_dags/example_sla_dag.py
[2024-11-20T00:20:00.893+0000] {processor.py:914} INFO - Processing file /home/ubuntu/airflow_venv/lib/python3.12/site-packages/airflow/example_dags/example_sla_dag.py for tasks to queue
[2024-11-20T00:20:00.895+0000] {logging_mixin.py:190} INFO - [2024-11-20T00:20:00.895+0000] {dagbag.py:588} INFO - Filling up the DagBag from /home/ubuntu/airflow_venv/lib/python3.12/site-packages/airflow/example_dags/example_sla_dag.py
[2024-11-20T00:20:00.905+0000] {processor.py:925} INFO - DAG(s) 'example_sla_dag' retrieved from /home/ubuntu/airflow_venv/lib/python3.12/site-packages/airflow/example_dags/example_sla_dag.py
[2024-11-20T00:20:00.919+0000] {logging_mixin.py:190} INFO - [2024-11-20T00:20:00.919+0000] {dag.py:3239} INFO - Sync 1 DAGs
[2024-11-20T00:20:00.939+0000] {logging_mixin.py:190} INFO - [2024-11-20T00:20:00.939+0000] {dag.py:4180} INFO - Setting next_dagrun for example_sla_dag to 2024-11-20 00:18:00+00:00, run_after=2024-11-20 00:20:00+00:00
[2024-11-20T00:20:00.962+0000] {processor.py:208} INFO - Processing /home/ubuntu/airflow_venv/lib/python3.12/site-packages/airflow/example_dags/example_sla_dag.py took 0.076 seconds
[2024-11-20T00:20:53.957+0000] {processor.py:186} INFO - Started process (PID=2331) to work on /home/ubuntu/airflow_venv/lib/python3.12/site-packages/airflow/example_dags/example_sla_dag.py
[2024-11-20T00:20:53.959+0000] {processor.py:914} INFO - Processing file /home/ubuntu/airflow_venv/lib/python3.12/site-packages/airflow/example_dags/example_sla_dag.py for tasks to queue
[2024-11-20T00:20:53.962+0000] {logging_mixin.py:190} INFO - [2024-11-20T00:20:53.960+0000] {dagbag.py:588} INFO - Filling up the DagBag from /home/ubuntu/airflow_venv/lib/python3.12/site-packages/airflow/example_dags/example_sla_dag.py
[2024-11-20T00:20:53.972+0000] {processor.py:925} INFO - DAG(s) 'example_sla_dag' retrieved from /home/ubuntu/airflow_venv/lib/python3.12/site-packages/airflow/example_dags/example_sla_dag.py
[2024-11-20T00:20:53.988+0000] {logging_mixin.py:190} INFO - [2024-11-20T00:20:53.987+0000] {dag.py:3239} INFO - Sync 1 DAGs
[2024-11-20T00:20:54.007+0000] {logging_mixin.py:190} INFO - [2024-11-20T00:20:54.007+0000] {dag.py:4180} INFO - Setting next_dagrun for example_sla_dag to 2024-11-20 00:18:00+00:00, run_after=2024-11-20 00:20:00+00:00
[2024-11-20T00:20:54.030+0000] {processor.py:208} INFO - Processing /home/ubuntu/airflow_venv/lib/python3.12/site-packages/airflow/example_dags/example_sla_dag.py took 0.078 seconds
[2024-11-20T00:21:54.879+0000] {processor.py:186} INFO - Started process (PID=2391) to work on /home/ubuntu/airflow_venv/lib/python3.12/site-packages/airflow/example_dags/example_sla_dag.py
[2024-11-20T00:21:54.880+0000] {processor.py:914} INFO - Processing file /home/ubuntu/airflow_venv/lib/python3.12/site-packages/airflow/example_dags/example_sla_dag.py for tasks to queue
[2024-11-20T00:21:54.882+0000] {logging_mixin.py:190} INFO - [2024-11-20T00:21:54.882+0000] {dagbag.py:588} INFO - Filling up the DagBag from /home/ubuntu/airflow_venv/lib/python3.12/site-packages/airflow/example_dags/example_sla_dag.py
[2024-11-20T00:21:54.893+0000] {processor.py:925} INFO - DAG(s) 'example_sla_dag' retrieved from /home/ubuntu/airflow_venv/lib/python3.12/site-packages/airflow/example_dags/example_sla_dag.py
[2024-11-20T00:21:54.906+0000] {logging_mixin.py:190} INFO - [2024-11-20T00:21:54.906+0000] {dag.py:3239} INFO - Sync 1 DAGs
[2024-11-20T00:21:54.927+0000] {logging_mixin.py:190} INFO - [2024-11-20T00:21:54.927+0000] {dag.py:4180} INFO - Setting next_dagrun for example_sla_dag to 2024-11-20 00:18:00+00:00, run_after=2024-11-20 00:20:00+00:00
[2024-11-20T00:21:54.948+0000] {processor.py:208} INFO - Processing /home/ubuntu/airflow_venv/lib/python3.12/site-packages/airflow/example_dags/example_sla_dag.py took 0.075 seconds
[2024-11-20T00:22:51.516+0000] {processor.py:186} INFO - Started process (PID=2450) to work on /home/ubuntu/airflow_venv/lib/python3.12/site-packages/airflow/example_dags/example_sla_dag.py
[2024-11-20T00:22:51.517+0000] {processor.py:914} INFO - Processing file /home/ubuntu/airflow_venv/lib/python3.12/site-packages/airflow/example_dags/example_sla_dag.py for tasks to queue
[2024-11-20T00:22:51.519+0000] {logging_mixin.py:190} INFO - [2024-11-20T00:22:51.519+0000] {dagbag.py:588} INFO - Filling up the DagBag from /home/ubuntu/airflow_venv/lib/python3.12/site-packages/airflow/example_dags/example_sla_dag.py
[2024-11-20T00:22:51.530+0000] {processor.py:925} INFO - DAG(s) 'example_sla_dag' retrieved from /home/ubuntu/airflow_venv/lib/python3.12/site-packages/airflow/example_dags/example_sla_dag.py
[2024-11-20T00:22:51.544+0000] {logging_mixin.py:190} INFO - [2024-11-20T00:22:51.544+0000] {dag.py:3239} INFO - Sync 1 DAGs
[2024-11-20T00:22:51.564+0000] {logging_mixin.py:190} INFO - [2024-11-20T00:22:51.564+0000] {dag.py:4180} INFO - Setting next_dagrun for example_sla_dag to 2024-11-20 00:20:00+00:00, run_after=2024-11-20 00:22:00+00:00
[2024-11-20T00:22:51.587+0000] {processor.py:208} INFO - Processing /home/ubuntu/airflow_venv/lib/python3.12/site-packages/airflow/example_dags/example_sla_dag.py took 0.077 seconds
[2024-11-20T00:23:46.598+0000] {processor.py:186} INFO - Started process (PID=2506) to work on /home/ubuntu/airflow_venv/lib/python3.12/site-packages/airflow/example_dags/example_sla_dag.py
[2024-11-20T00:23:46.599+0000] {processor.py:914} INFO - Processing file /home/ubuntu/airflow_venv/lib/python3.12/site-packages/airflow/example_dags/example_sla_dag.py for tasks to queue
[2024-11-20T00:23:46.601+0000] {logging_mixin.py:190} INFO - [2024-11-20T00:23:46.601+0000] {dagbag.py:588} INFO - Filling up the DagBag from /home/ubuntu/airflow_venv/lib/python3.12/site-packages/airflow/example_dags/example_sla_dag.py
[2024-11-20T00:23:46.613+0000] {processor.py:925} INFO - DAG(s) 'example_sla_dag' retrieved from /home/ubuntu/airflow_venv/lib/python3.12/site-packages/airflow/example_dags/example_sla_dag.py
[2024-11-20T00:23:46.627+0000] {logging_mixin.py:190} INFO - [2024-11-20T00:23:46.627+0000] {dag.py:3239} INFO - Sync 1 DAGs
[2024-11-20T00:23:46.648+0000] {logging_mixin.py:190} INFO - [2024-11-20T00:23:46.648+0000] {dag.py:4180} INFO - Setting next_dagrun for example_sla_dag to 2024-11-20 00:20:00+00:00, run_after=2024-11-20 00:22:00+00:00
[2024-11-20T00:23:46.670+0000] {processor.py:208} INFO - Processing /home/ubuntu/airflow_venv/lib/python3.12/site-packages/airflow/example_dags/example_sla_dag.py took 0.077 seconds
[2024-11-20T00:24:40.859+0000] {processor.py:186} INFO - Started process (PID=2562) to work on /home/ubuntu/airflow_venv/lib/python3.12/site-packages/airflow/example_dags/example_sla_dag.py
[2024-11-20T00:24:40.861+0000] {processor.py:914} INFO - Processing file /home/ubuntu/airflow_venv/lib/python3.12/site-packages/airflow/example_dags/example_sla_dag.py for tasks to queue
[2024-11-20T00:24:40.863+0000] {logging_mixin.py:190} INFO - [2024-11-20T00:24:40.863+0000] {dagbag.py:588} INFO - Filling up the DagBag from /home/ubuntu/airflow_venv/lib/python3.12/site-packages/airflow/example_dags/example_sla_dag.py
[2024-11-20T00:24:40.873+0000] {processor.py:925} INFO - DAG(s) 'example_sla_dag' retrieved from /home/ubuntu/airflow_venv/lib/python3.12/site-packages/airflow/example_dags/example_sla_dag.py
[2024-11-20T00:24:40.888+0000] {logging_mixin.py:190} INFO - [2024-11-20T00:24:40.888+0000] {dag.py:3239} INFO - Sync 1 DAGs
[2024-11-20T00:24:40.909+0000] {logging_mixin.py:190} INFO - [2024-11-20T00:24:40.909+0000] {dag.py:4180} INFO - Setting next_dagrun for example_sla_dag to 2024-11-20 00:22:00+00:00, run_after=2024-11-20 00:24:00+00:00
[2024-11-20T00:24:40.931+0000] {processor.py:208} INFO - Processing /home/ubuntu/airflow_venv/lib/python3.12/site-packages/airflow/example_dags/example_sla_dag.py took 0.078 seconds
[2024-11-20T00:25:34.948+0000] {processor.py:186} INFO - Started process (PID=2620) to work on /home/ubuntu/airflow_venv/lib/python3.12/site-packages/airflow/example_dags/example_sla_dag.py
[2024-11-20T00:25:34.949+0000] {processor.py:914} INFO - Processing file /home/ubuntu/airflow_venv/lib/python3.12/site-packages/airflow/example_dags/example_sla_dag.py for tasks to queue
[2024-11-20T00:25:34.951+0000] {logging_mixin.py:190} INFO - [2024-11-20T00:25:34.951+0000] {dagbag.py:588} INFO - Filling up the DagBag from /home/ubuntu/airflow_venv/lib/python3.12/site-packages/airflow/example_dags/example_sla_dag.py
[2024-11-20T00:25:34.962+0000] {processor.py:925} INFO - DAG(s) 'example_sla_dag' retrieved from /home/ubuntu/airflow_venv/lib/python3.12/site-packages/airflow/example_dags/example_sla_dag.py
[2024-11-20T00:25:34.976+0000] {logging_mixin.py:190} INFO - [2024-11-20T00:25:34.975+0000] {dag.py:3239} INFO - Sync 1 DAGs
[2024-11-20T00:25:34.996+0000] {logging_mixin.py:190} INFO - [2024-11-20T00:25:34.996+0000] {dag.py:4180} INFO - Setting next_dagrun for example_sla_dag to 2024-11-20 00:22:00+00:00, run_after=2024-11-20 00:24:00+00:00
[2024-11-20T00:25:35.016+0000] {processor.py:208} INFO - Processing /home/ubuntu/airflow_venv/lib/python3.12/site-packages/airflow/example_dags/example_sla_dag.py took 0.074 seconds
[2024-11-20T00:26:30.082+0000] {processor.py:186} INFO - Started process (PID=2679) to work on /home/ubuntu/airflow_venv/lib/python3.12/site-packages/airflow/example_dags/example_sla_dag.py
[2024-11-20T00:26:30.084+0000] {processor.py:914} INFO - Processing file /home/ubuntu/airflow_venv/lib/python3.12/site-packages/airflow/example_dags/example_sla_dag.py for tasks to queue
[2024-11-20T00:26:30.087+0000] {logging_mixin.py:190} INFO - [2024-11-20T00:26:30.086+0000] {dagbag.py:588} INFO - Filling up the DagBag from /home/ubuntu/airflow_venv/lib/python3.12/site-packages/airflow/example_dags/example_sla_dag.py
[2024-11-20T00:26:30.097+0000] {processor.py:925} INFO - DAG(s) 'example_sla_dag' retrieved from /home/ubuntu/airflow_venv/lib/python3.12/site-packages/airflow/example_dags/example_sla_dag.py
[2024-11-20T00:26:30.111+0000] {logging_mixin.py:190} INFO - [2024-11-20T00:26:30.111+0000] {dag.py:3239} INFO - Sync 1 DAGs
[2024-11-20T00:26:30.132+0000] {logging_mixin.py:190} INFO - [2024-11-20T00:26:30.132+0000] {dag.py:4180} INFO - Setting next_dagrun for example_sla_dag to 2024-11-20 00:24:00+00:00, run_after=2024-11-20 00:26:00+00:00
[2024-11-20T00:26:30.156+0000] {processor.py:208} INFO - Processing /home/ubuntu/airflow_venv/lib/python3.12/site-packages/airflow/example_dags/example_sla_dag.py took 0.078 seconds
[2024-11-20T00:27:44.907+0000] {processor.py:186} INFO - Started process (PID=2775) to work on /home/ubuntu/airflow_venv/lib/python3.12/site-packages/airflow/example_dags/example_sla_dag.py
[2024-11-20T00:27:44.909+0000] {processor.py:914} INFO - Processing file /home/ubuntu/airflow_venv/lib/python3.12/site-packages/airflow/example_dags/example_sla_dag.py for tasks to queue
[2024-11-20T00:27:44.911+0000] {logging_mixin.py:190} INFO - [2024-11-20T00:27:44.911+0000] {dagbag.py:588} INFO - Filling up the DagBag from /home/ubuntu/airflow_venv/lib/python3.12/site-packages/airflow/example_dags/example_sla_dag.py
[2024-11-20T00:27:44.923+0000] {processor.py:925} INFO - DAG(s) 'example_sla_dag' retrieved from /home/ubuntu/airflow_venv/lib/python3.12/site-packages/airflow/example_dags/example_sla_dag.py
[2024-11-20T00:27:44.939+0000] {logging_mixin.py:190} INFO - [2024-11-20T00:27:44.938+0000] {dag.py:3239} INFO - Sync 1 DAGs
[2024-11-20T00:27:44.958+0000] {logging_mixin.py:190} INFO - [2024-11-20T00:27:44.958+0000] {dag.py:4180} INFO - Setting next_dagrun for example_sla_dag to 2024-11-20 00:24:00+00:00, run_after=2024-11-20 00:26:00+00:00
[2024-11-20T00:27:44.979+0000] {processor.py:208} INFO - Processing /home/ubuntu/airflow_venv/lib/python3.12/site-packages/airflow/example_dags/example_sla_dag.py took 0.077 seconds
[2024-11-20T00:28:42.634+0000] {processor.py:186} INFO - Started process (PID=2897) to work on /home/ubuntu/airflow_venv/lib/python3.12/site-packages/airflow/example_dags/example_sla_dag.py
[2024-11-20T00:28:42.635+0000] {processor.py:914} INFO - Processing file /home/ubuntu/airflow_venv/lib/python3.12/site-packages/airflow/example_dags/example_sla_dag.py for tasks to queue
[2024-11-20T00:28:42.638+0000] {logging_mixin.py:190} INFO - [2024-11-20T00:28:42.637+0000] {dagbag.py:588} INFO - Filling up the DagBag from /home/ubuntu/airflow_venv/lib/python3.12/site-packages/airflow/example_dags/example_sla_dag.py
[2024-11-20T00:28:42.649+0000] {processor.py:925} INFO - DAG(s) 'example_sla_dag' retrieved from /home/ubuntu/airflow_venv/lib/python3.12/site-packages/airflow/example_dags/example_sla_dag.py
[2024-11-20T00:28:42.663+0000] {logging_mixin.py:190} INFO - [2024-11-20T00:28:42.662+0000] {dag.py:3239} INFO - Sync 1 DAGs
[2024-11-20T00:28:42.684+0000] {logging_mixin.py:190} INFO - [2024-11-20T00:28:42.684+0000] {dag.py:4180} INFO - Setting next_dagrun for example_sla_dag to 2024-11-20 00:26:00+00:00, run_after=2024-11-20 00:28:00+00:00
[2024-11-20T00:28:42.707+0000] {processor.py:208} INFO - Processing /home/ubuntu/airflow_venv/lib/python3.12/site-packages/airflow/example_dags/example_sla_dag.py took 0.079 seconds
[2024-11-20T00:29:47.308+0000] {processor.py:186} INFO - Started process (PID=3027) to work on /home/ubuntu/airflow_venv/lib/python3.12/site-packages/airflow/example_dags/example_sla_dag.py
[2024-11-20T00:29:47.309+0000] {processor.py:914} INFO - Processing file /home/ubuntu/airflow_venv/lib/python3.12/site-packages/airflow/example_dags/example_sla_dag.py for tasks to queue
[2024-11-20T00:29:47.311+0000] {logging_mixin.py:190} INFO - [2024-11-20T00:29:47.310+0000] {dagbag.py:588} INFO - Filling up the DagBag from /home/ubuntu/airflow_venv/lib/python3.12/site-packages/airflow/example_dags/example_sla_dag.py
[2024-11-20T00:29:47.322+0000] {processor.py:925} INFO - DAG(s) 'example_sla_dag' retrieved from /home/ubuntu/airflow_venv/lib/python3.12/site-packages/airflow/example_dags/example_sla_dag.py
[2024-11-20T00:29:47.337+0000] {logging_mixin.py:190} INFO - [2024-11-20T00:29:47.337+0000] {dag.py:3239} INFO - Sync 1 DAGs
[2024-11-20T00:29:47.359+0000] {logging_mixin.py:190} INFO - [2024-11-20T00:29:47.358+0000] {dag.py:4180} INFO - Setting next_dagrun for example_sla_dag to 2024-11-20 00:26:00+00:00, run_after=2024-11-20 00:28:00+00:00
[2024-11-20T00:29:47.380+0000] {processor.py:208} INFO - Processing /home/ubuntu/airflow_venv/lib/python3.12/site-packages/airflow/example_dags/example_sla_dag.py took 0.078 seconds
[2024-11-20T00:30:43.906+0000] {processor.py:186} INFO - Started process (PID=3089) to work on /home/ubuntu/airflow_venv/lib/python3.12/site-packages/airflow/example_dags/example_sla_dag.py
[2024-11-20T00:30:43.908+0000] {processor.py:914} INFO - Processing file /home/ubuntu/airflow_venv/lib/python3.12/site-packages/airflow/example_dags/example_sla_dag.py for tasks to queue
[2024-11-20T00:30:43.911+0000] {logging_mixin.py:190} INFO - [2024-11-20T00:30:43.910+0000] {dagbag.py:588} INFO - Filling up the DagBag from /home/ubuntu/airflow_venv/lib/python3.12/site-packages/airflow/example_dags/example_sla_dag.py
[2024-11-20T00:30:43.921+0000] {processor.py:925} INFO - DAG(s) 'example_sla_dag' retrieved from /home/ubuntu/airflow_venv/lib/python3.12/site-packages/airflow/example_dags/example_sla_dag.py
[2024-11-20T00:30:43.934+0000] {logging_mixin.py:190} INFO - [2024-11-20T00:30:43.934+0000] {dag.py:3239} INFO - Sync 1 DAGs
[2024-11-20T00:30:43.955+0000] {logging_mixin.py:190} INFO - [2024-11-20T00:30:43.955+0000] {dag.py:4180} INFO - Setting next_dagrun for example_sla_dag to 2024-11-20 00:28:00+00:00, run_after=2024-11-20 00:30:00+00:00
[2024-11-20T00:30:43.977+0000] {processor.py:208} INFO - Processing /home/ubuntu/airflow_venv/lib/python3.12/site-packages/airflow/example_dags/example_sla_dag.py took 0.076 seconds
[2024-11-20T00:31:40.089+0000] {processor.py:186} INFO - Started process (PID=3285) to work on /home/ubuntu/airflow_venv/lib/python3.12/site-packages/airflow/example_dags/example_sla_dag.py
[2024-11-20T00:31:40.090+0000] {processor.py:914} INFO - Processing file /home/ubuntu/airflow_venv/lib/python3.12/site-packages/airflow/example_dags/example_sla_dag.py for tasks to queue
[2024-11-20T00:31:40.091+0000] {logging_mixin.py:190} INFO - [2024-11-20T00:31:40.091+0000] {dagbag.py:588} INFO - Filling up the DagBag from /home/ubuntu/airflow_venv/lib/python3.12/site-packages/airflow/example_dags/example_sla_dag.py
[2024-11-20T00:31:40.103+0000] {processor.py:925} INFO - DAG(s) 'example_sla_dag' retrieved from /home/ubuntu/airflow_venv/lib/python3.12/site-packages/airflow/example_dags/example_sla_dag.py
[2024-11-20T00:31:40.117+0000] {logging_mixin.py:190} INFO - [2024-11-20T00:31:40.117+0000] {dag.py:3239} INFO - Sync 1 DAGs
[2024-11-20T00:31:40.140+0000] {logging_mixin.py:190} INFO - [2024-11-20T00:31:40.140+0000] {dag.py:4180} INFO - Setting next_dagrun for example_sla_dag to 2024-11-20 00:28:00+00:00, run_after=2024-11-20 00:30:00+00:00
[2024-11-20T00:31:40.161+0000] {processor.py:208} INFO - Processing /home/ubuntu/airflow_venv/lib/python3.12/site-packages/airflow/example_dags/example_sla_dag.py took 0.078 seconds
[2024-11-20T00:32:32.500+0000] {processor.py:186} INFO - Started process (PID=3341) to work on /home/ubuntu/airflow_venv/lib/python3.12/site-packages/airflow/example_dags/example_sla_dag.py
[2024-11-20T00:32:32.502+0000] {processor.py:914} INFO - Processing file /home/ubuntu/airflow_venv/lib/python3.12/site-packages/airflow/example_dags/example_sla_dag.py for tasks to queue
[2024-11-20T00:32:32.504+0000] {logging_mixin.py:190} INFO - [2024-11-20T00:32:32.503+0000] {dagbag.py:588} INFO - Filling up the DagBag from /home/ubuntu/airflow_venv/lib/python3.12/site-packages/airflow/example_dags/example_sla_dag.py
[2024-11-20T00:32:32.514+0000] {processor.py:925} INFO - DAG(s) 'example_sla_dag' retrieved from /home/ubuntu/airflow_venv/lib/python3.12/site-packages/airflow/example_dags/example_sla_dag.py
[2024-11-20T00:32:32.528+0000] {logging_mixin.py:190} INFO - [2024-11-20T00:32:32.528+0000] {dag.py:3239} INFO - Sync 1 DAGs
[2024-11-20T00:32:32.550+0000] {logging_mixin.py:190} INFO - [2024-11-20T00:32:32.550+0000] {dag.py:4180} INFO - Setting next_dagrun for example_sla_dag to 2024-11-20 00:30:00+00:00, run_after=2024-11-20 00:32:00+00:00
[2024-11-20T00:32:32.573+0000] {processor.py:208} INFO - Processing /home/ubuntu/airflow_venv/lib/python3.12/site-packages/airflow/example_dags/example_sla_dag.py took 0.078 seconds
[2024-11-20T00:33:27.707+0000] {processor.py:186} INFO - Started process (PID=3921) to work on /home/ubuntu/airflow_venv/lib/python3.12/site-packages/airflow/example_dags/example_sla_dag.py
[2024-11-20T00:33:27.711+0000] {processor.py:914} INFO - Processing file /home/ubuntu/airflow_venv/lib/python3.12/site-packages/airflow/example_dags/example_sla_dag.py for tasks to queue
[2024-11-20T00:33:27.711+0000] {logging_mixin.py:190} INFO - [2024-11-20T00:33:27.711+0000] {dagbag.py:588} INFO - Filling up the DagBag from /home/ubuntu/airflow_venv/lib/python3.12/site-packages/airflow/example_dags/example_sla_dag.py
[2024-11-20T00:33:27.724+0000] {processor.py:925} INFO - DAG(s) 'example_sla_dag' retrieved from /home/ubuntu/airflow_venv/lib/python3.12/site-packages/airflow/example_dags/example_sla_dag.py
[2024-11-20T00:33:27.738+0000] {logging_mixin.py:190} INFO - [2024-11-20T00:33:27.737+0000] {dag.py:3239} INFO - Sync 1 DAGs
[2024-11-20T00:33:27.758+0000] {logging_mixin.py:190} INFO - [2024-11-20T00:33:27.758+0000] {dag.py:4180} INFO - Setting next_dagrun for example_sla_dag to 2024-11-20 00:30:00+00:00, run_after=2024-11-20 00:32:00+00:00
[2024-11-20T00:33:27.776+0000] {processor.py:208} INFO - Processing /home/ubuntu/airflow_venv/lib/python3.12/site-packages/airflow/example_dags/example_sla_dag.py took 0.076 seconds
[2024-11-20T00:34:31.823+0000] {processor.py:186} INFO - Started process (PID=4041) to work on /home/ubuntu/airflow_venv/lib/python3.12/site-packages/airflow/example_dags/example_sla_dag.py
[2024-11-20T00:34:31.825+0000] {processor.py:914} INFO - Processing file /home/ubuntu/airflow_venv/lib/python3.12/site-packages/airflow/example_dags/example_sla_dag.py for tasks to queue
[2024-11-20T00:34:31.826+0000] {logging_mixin.py:190} INFO - [2024-11-20T00:34:31.826+0000] {dagbag.py:588} INFO - Filling up the DagBag from /home/ubuntu/airflow_venv/lib/python3.12/site-packages/airflow/example_dags/example_sla_dag.py
[2024-11-20T00:34:31.837+0000] {processor.py:925} INFO - DAG(s) 'example_sla_dag' retrieved from /home/ubuntu/airflow_venv/lib/python3.12/site-packages/airflow/example_dags/example_sla_dag.py
[2024-11-20T00:34:31.851+0000] {logging_mixin.py:190} INFO - [2024-11-20T00:34:31.851+0000] {dag.py:3239} INFO - Sync 1 DAGs
[2024-11-20T00:34:31.871+0000] {logging_mixin.py:190} INFO - [2024-11-20T00:34:31.871+0000] {dag.py:4180} INFO - Setting next_dagrun for example_sla_dag to 2024-11-20 00:32:00+00:00, run_after=2024-11-20 00:34:00+00:00
[2024-11-20T00:34:31.893+0000] {processor.py:208} INFO - Processing /home/ubuntu/airflow_venv/lib/python3.12/site-packages/airflow/example_dags/example_sla_dag.py took 0.076 seconds
[2024-11-20T00:35:29.793+0000] {processor.py:186} INFO - Started process (PID=4128) to work on /home/ubuntu/airflow_venv/lib/python3.12/site-packages/airflow/example_dags/example_sla_dag.py
[2024-11-20T00:35:29.795+0000] {processor.py:914} INFO - Processing file /home/ubuntu/airflow_venv/lib/python3.12/site-packages/airflow/example_dags/example_sla_dag.py for tasks to queue
[2024-11-20T00:35:29.796+0000] {logging_mixin.py:190} INFO - [2024-11-20T00:35:29.795+0000] {dagbag.py:588} INFO - Filling up the DagBag from /home/ubuntu/airflow_venv/lib/python3.12/site-packages/airflow/example_dags/example_sla_dag.py
[2024-11-20T00:35:29.807+0000] {processor.py:925} INFO - DAG(s) 'example_sla_dag' retrieved from /home/ubuntu/airflow_venv/lib/python3.12/site-packages/airflow/example_dags/example_sla_dag.py
[2024-11-20T00:35:29.821+0000] {logging_mixin.py:190} INFO - [2024-11-20T00:35:29.821+0000] {dag.py:3239} INFO - Sync 1 DAGs
[2024-11-20T00:35:29.843+0000] {logging_mixin.py:190} INFO - [2024-11-20T00:35:29.843+0000] {dag.py:4180} INFO - Setting next_dagrun for example_sla_dag to 2024-11-20 00:32:00+00:00, run_after=2024-11-20 00:34:00+00:00
[2024-11-20T00:35:29.864+0000] {processor.py:208} INFO - Processing /home/ubuntu/airflow_venv/lib/python3.12/site-packages/airflow/example_dags/example_sla_dag.py took 0.078 seconds
[2024-11-20T00:36:24.080+0000] {processor.py:186} INFO - Started process (PID=4184) to work on /home/ubuntu/airflow_venv/lib/python3.12/site-packages/airflow/example_dags/example_sla_dag.py
[2024-11-20T00:36:24.082+0000] {processor.py:914} INFO - Processing file /home/ubuntu/airflow_venv/lib/python3.12/site-packages/airflow/example_dags/example_sla_dag.py for tasks to queue
[2024-11-20T00:36:24.083+0000] {logging_mixin.py:190} INFO - [2024-11-20T00:36:24.083+0000] {dagbag.py:588} INFO - Filling up the DagBag from /home/ubuntu/airflow_venv/lib/python3.12/site-packages/airflow/example_dags/example_sla_dag.py
[2024-11-20T00:36:24.094+0000] {processor.py:925} INFO - DAG(s) 'example_sla_dag' retrieved from /home/ubuntu/airflow_venv/lib/python3.12/site-packages/airflow/example_dags/example_sla_dag.py
[2024-11-20T00:36:24.108+0000] {logging_mixin.py:190} INFO - [2024-11-20T00:36:24.108+0000] {dag.py:3239} INFO - Sync 1 DAGs
[2024-11-20T00:36:24.129+0000] {logging_mixin.py:190} INFO - [2024-11-20T00:36:24.128+0000] {dag.py:4180} INFO - Setting next_dagrun for example_sla_dag to 2024-11-20 00:34:00+00:00, run_after=2024-11-20 00:36:00+00:00
[2024-11-20T00:36:24.151+0000] {processor.py:208} INFO - Processing /home/ubuntu/airflow_venv/lib/python3.12/site-packages/airflow/example_dags/example_sla_dag.py took 0.079 seconds
[2024-11-20T00:37:17.834+0000] {processor.py:186} INFO - Started process (PID=4239) to work on /home/ubuntu/airflow_venv/lib/python3.12/site-packages/airflow/example_dags/example_sla_dag.py
[2024-11-20T00:37:17.836+0000] {processor.py:914} INFO - Processing file /home/ubuntu/airflow_venv/lib/python3.12/site-packages/airflow/example_dags/example_sla_dag.py for tasks to queue
[2024-11-20T00:37:17.837+0000] {logging_mixin.py:190} INFO - [2024-11-20T00:37:17.837+0000] {dagbag.py:588} INFO - Filling up the DagBag from /home/ubuntu/airflow_venv/lib/python3.12/site-packages/airflow/example_dags/example_sla_dag.py
[2024-11-20T00:37:17.847+0000] {processor.py:925} INFO - DAG(s) 'example_sla_dag' retrieved from /home/ubuntu/airflow_venv/lib/python3.12/site-packages/airflow/example_dags/example_sla_dag.py
[2024-11-20T00:37:17.862+0000] {logging_mixin.py:190} INFO - [2024-11-20T00:37:17.862+0000] {dag.py:3239} INFO - Sync 1 DAGs
[2024-11-20T00:37:17.882+0000] {logging_mixin.py:190} INFO - [2024-11-20T00:37:17.881+0000] {dag.py:4180} INFO - Setting next_dagrun for example_sla_dag to 2024-11-20 00:34:00+00:00, run_after=2024-11-20 00:36:00+00:00
[2024-11-20T00:37:17.903+0000] {processor.py:208} INFO - Processing /home/ubuntu/airflow_venv/lib/python3.12/site-packages/airflow/example_dags/example_sla_dag.py took 0.076 seconds
[2024-11-20T00:38:14.255+0000] {processor.py:186} INFO - Started process (PID=4324) to work on /home/ubuntu/airflow_venv/lib/python3.12/site-packages/airflow/example_dags/example_sla_dag.py
[2024-11-20T00:38:14.257+0000] {processor.py:914} INFO - Processing file /home/ubuntu/airflow_venv/lib/python3.12/site-packages/airflow/example_dags/example_sla_dag.py for tasks to queue
[2024-11-20T00:38:14.257+0000] {logging_mixin.py:190} INFO - [2024-11-20T00:38:14.257+0000] {dagbag.py:588} INFO - Filling up the DagBag from /home/ubuntu/airflow_venv/lib/python3.12/site-packages/airflow/example_dags/example_sla_dag.py
[2024-11-20T00:38:14.268+0000] {processor.py:925} INFO - DAG(s) 'example_sla_dag' retrieved from /home/ubuntu/airflow_venv/lib/python3.12/site-packages/airflow/example_dags/example_sla_dag.py
[2024-11-20T00:38:14.282+0000] {logging_mixin.py:190} INFO - [2024-11-20T00:38:14.281+0000] {dag.py:3239} INFO - Sync 1 DAGs
[2024-11-20T00:38:14.302+0000] {logging_mixin.py:190} INFO - [2024-11-20T00:38:14.302+0000] {dag.py:4180} INFO - Setting next_dagrun for example_sla_dag to 2024-11-20 00:36:00+00:00, run_after=2024-11-20 00:38:00+00:00
[2024-11-20T00:38:14.325+0000] {processor.py:208} INFO - Processing /home/ubuntu/airflow_venv/lib/python3.12/site-packages/airflow/example_dags/example_sla_dag.py took 0.077 seconds
[2024-11-20T00:39:10.310+0000] {processor.py:186} INFO - Started process (PID=4382) to work on /home/ubuntu/airflow_venv/lib/python3.12/site-packages/airflow/example_dags/example_sla_dag.py
[2024-11-20T00:39:10.312+0000] {processor.py:914} INFO - Processing file /home/ubuntu/airflow_venv/lib/python3.12/site-packages/airflow/example_dags/example_sla_dag.py for tasks to queue
[2024-11-20T00:39:10.313+0000] {logging_mixin.py:190} INFO - [2024-11-20T00:39:10.313+0000] {dagbag.py:588} INFO - Filling up the DagBag from /home/ubuntu/airflow_venv/lib/python3.12/site-packages/airflow/example_dags/example_sla_dag.py
[2024-11-20T00:39:10.324+0000] {processor.py:925} INFO - DAG(s) 'example_sla_dag' retrieved from /home/ubuntu/airflow_venv/lib/python3.12/site-packages/airflow/example_dags/example_sla_dag.py
[2024-11-20T00:39:10.338+0000] {logging_mixin.py:190} INFO - [2024-11-20T00:39:10.338+0000] {dag.py:3239} INFO - Sync 1 DAGs
[2024-11-20T00:39:10.359+0000] {logging_mixin.py:190} INFO - [2024-11-20T00:39:10.358+0000] {dag.py:4180} INFO - Setting next_dagrun for example_sla_dag to 2024-11-20 00:36:00+00:00, run_after=2024-11-20 00:38:00+00:00
[2024-11-20T00:39:10.405+0000] {processor.py:208} INFO - Processing /home/ubuntu/airflow_venv/lib/python3.12/site-packages/airflow/example_dags/example_sla_dag.py took 0.102 seconds
[2024-11-20T00:40:13.466+0000] {processor.py:186} INFO - Started process (PID=4478) to work on /home/ubuntu/airflow_venv/lib/python3.12/site-packages/airflow/example_dags/example_sla_dag.py
[2024-11-20T00:40:13.467+0000] {processor.py:914} INFO - Processing file /home/ubuntu/airflow_venv/lib/python3.12/site-packages/airflow/example_dags/example_sla_dag.py for tasks to queue
[2024-11-20T00:40:13.470+0000] {logging_mixin.py:190} INFO - [2024-11-20T00:40:13.469+0000] {dagbag.py:588} INFO - Filling up the DagBag from /home/ubuntu/airflow_venv/lib/python3.12/site-packages/airflow/example_dags/example_sla_dag.py
[2024-11-20T00:40:13.479+0000] {processor.py:925} INFO - DAG(s) 'example_sla_dag' retrieved from /home/ubuntu/airflow_venv/lib/python3.12/site-packages/airflow/example_dags/example_sla_dag.py
[2024-11-20T00:40:13.494+0000] {logging_mixin.py:190} INFO - [2024-11-20T00:40:13.494+0000] {dag.py:3239} INFO - Sync 1 DAGs
[2024-11-20T00:40:13.515+0000] {logging_mixin.py:190} INFO - [2024-11-20T00:40:13.515+0000] {dag.py:4180} INFO - Setting next_dagrun for example_sla_dag to 2024-11-20 00:38:00+00:00, run_after=2024-11-20 00:40:00+00:00
[2024-11-20T00:40:13.537+0000] {processor.py:208} INFO - Processing /home/ubuntu/airflow_venv/lib/python3.12/site-packages/airflow/example_dags/example_sla_dag.py took 0.078 seconds
[2024-11-20T00:41:10.337+0000] {processor.py:186} INFO - Started process (PID=4539) to work on /home/ubuntu/airflow_venv/lib/python3.12/site-packages/airflow/example_dags/example_sla_dag.py
[2024-11-20T00:41:10.339+0000] {processor.py:914} INFO - Processing file /home/ubuntu/airflow_venv/lib/python3.12/site-packages/airflow/example_dags/example_sla_dag.py for tasks to queue
[2024-11-20T00:41:10.341+0000] {logging_mixin.py:190} INFO - [2024-11-20T00:41:10.340+0000] {dagbag.py:588} INFO - Filling up the DagBag from /home/ubuntu/airflow_venv/lib/python3.12/site-packages/airflow/example_dags/example_sla_dag.py
[2024-11-20T00:41:10.351+0000] {processor.py:925} INFO - DAG(s) 'example_sla_dag' retrieved from /home/ubuntu/airflow_venv/lib/python3.12/site-packages/airflow/example_dags/example_sla_dag.py
[2024-11-20T00:41:10.365+0000] {logging_mixin.py:190} INFO - [2024-11-20T00:41:10.365+0000] {dag.py:3239} INFO - Sync 1 DAGs
[2024-11-20T00:41:10.388+0000] {logging_mixin.py:190} INFO - [2024-11-20T00:41:10.387+0000] {dag.py:4180} INFO - Setting next_dagrun for example_sla_dag to 2024-11-20 00:38:00+00:00, run_after=2024-11-20 00:40:00+00:00
[2024-11-20T00:41:10.409+0000] {processor.py:208} INFO - Processing /home/ubuntu/airflow_venv/lib/python3.12/site-packages/airflow/example_dags/example_sla_dag.py took 0.079 seconds
[2024-11-20T00:42:01.824+0000] {processor.py:186} INFO - Started process (PID=4594) to work on /home/ubuntu/airflow_venv/lib/python3.12/site-packages/airflow/example_dags/example_sla_dag.py
[2024-11-20T00:42:01.826+0000] {processor.py:914} INFO - Processing file /home/ubuntu/airflow_venv/lib/python3.12/site-packages/airflow/example_dags/example_sla_dag.py for tasks to queue
[2024-11-20T00:42:01.828+0000] {logging_mixin.py:190} INFO - [2024-11-20T00:42:01.827+0000] {dagbag.py:588} INFO - Filling up the DagBag from /home/ubuntu/airflow_venv/lib/python3.12/site-packages/airflow/example_dags/example_sla_dag.py
[2024-11-20T00:42:01.838+0000] {processor.py:925} INFO - DAG(s) 'example_sla_dag' retrieved from /home/ubuntu/airflow_venv/lib/python3.12/site-packages/airflow/example_dags/example_sla_dag.py
[2024-11-20T00:42:01.854+0000] {logging_mixin.py:190} INFO - [2024-11-20T00:42:01.853+0000] {dag.py:3239} INFO - Sync 1 DAGs
[2024-11-20T00:42:01.876+0000] {logging_mixin.py:190} INFO - [2024-11-20T00:42:01.876+0000] {dag.py:4180} INFO - Setting next_dagrun for example_sla_dag to 2024-11-20 00:40:00+00:00, run_after=2024-11-20 00:42:00+00:00
[2024-11-20T00:42:01.900+0000] {processor.py:208} INFO - Processing /home/ubuntu/airflow_venv/lib/python3.12/site-packages/airflow/example_dags/example_sla_dag.py took 0.081 seconds
[2024-11-20T00:42:56.873+0000] {processor.py:186} INFO - Started process (PID=4649) to work on /home/ubuntu/airflow_venv/lib/python3.12/site-packages/airflow/example_dags/example_sla_dag.py
[2024-11-20T00:42:56.874+0000] {processor.py:914} INFO - Processing file /home/ubuntu/airflow_venv/lib/python3.12/site-packages/airflow/example_dags/example_sla_dag.py for tasks to queue
[2024-11-20T00:42:56.876+0000] {logging_mixin.py:190} INFO - [2024-11-20T00:42:56.876+0000] {dagbag.py:588} INFO - Filling up the DagBag from /home/ubuntu/airflow_venv/lib/python3.12/site-packages/airflow/example_dags/example_sla_dag.py
[2024-11-20T00:42:56.886+0000] {processor.py:925} INFO - DAG(s) 'example_sla_dag' retrieved from /home/ubuntu/airflow_venv/lib/python3.12/site-packages/airflow/example_dags/example_sla_dag.py
[2024-11-20T00:42:56.900+0000] {logging_mixin.py:190} INFO - [2024-11-20T00:42:56.900+0000] {dag.py:3239} INFO - Sync 1 DAGs
[2024-11-20T00:42:56.920+0000] {logging_mixin.py:190} INFO - [2024-11-20T00:42:56.920+0000] {dag.py:4180} INFO - Setting next_dagrun for example_sla_dag to 2024-11-20 00:40:00+00:00, run_after=2024-11-20 00:42:00+00:00
[2024-11-20T00:42:56.942+0000] {processor.py:208} INFO - Processing /home/ubuntu/airflow_venv/lib/python3.12/site-packages/airflow/example_dags/example_sla_dag.py took 0.076 seconds
[2024-11-20T00:43:52.431+0000] {processor.py:186} INFO - Started process (PID=4708) to work on /home/ubuntu/airflow_venv/lib/python3.12/site-packages/airflow/example_dags/example_sla_dag.py
[2024-11-20T00:43:52.433+0000] {processor.py:914} INFO - Processing file /home/ubuntu/airflow_venv/lib/python3.12/site-packages/airflow/example_dags/example_sla_dag.py for tasks to queue
[2024-11-20T00:43:52.435+0000] {logging_mixin.py:190} INFO - [2024-11-20T00:43:52.434+0000] {dagbag.py:588} INFO - Filling up the DagBag from /home/ubuntu/airflow_venv/lib/python3.12/site-packages/airflow/example_dags/example_sla_dag.py
[2024-11-20T00:43:52.445+0000] {processor.py:925} INFO - DAG(s) 'example_sla_dag' retrieved from /home/ubuntu/airflow_venv/lib/python3.12/site-packages/airflow/example_dags/example_sla_dag.py
[2024-11-20T00:43:52.460+0000] {logging_mixin.py:190} INFO - [2024-11-20T00:43:52.460+0000] {dag.py:3239} INFO - Sync 1 DAGs
[2024-11-20T00:43:52.481+0000] {logging_mixin.py:190} INFO - [2024-11-20T00:43:52.481+0000] {dag.py:4180} INFO - Setting next_dagrun for example_sla_dag to 2024-11-20 00:40:00+00:00, run_after=2024-11-20 00:42:00+00:00
[2024-11-20T00:43:52.503+0000] {processor.py:208} INFO - Processing /home/ubuntu/airflow_venv/lib/python3.12/site-packages/airflow/example_dags/example_sla_dag.py took 0.079 seconds
[2024-11-20T00:44:46.898+0000] {processor.py:186} INFO - Started process (PID=4763) to work on /home/ubuntu/airflow_venv/lib/python3.12/site-packages/airflow/example_dags/example_sla_dag.py
[2024-11-20T00:44:46.900+0000] {processor.py:914} INFO - Processing file /home/ubuntu/airflow_venv/lib/python3.12/site-packages/airflow/example_dags/example_sla_dag.py for tasks to queue
[2024-11-20T00:44:46.902+0000] {logging_mixin.py:190} INFO - [2024-11-20T00:44:46.901+0000] {dagbag.py:588} INFO - Filling up the DagBag from /home/ubuntu/airflow_venv/lib/python3.12/site-packages/airflow/example_dags/example_sla_dag.py
[2024-11-20T00:44:46.911+0000] {processor.py:925} INFO - DAG(s) 'example_sla_dag' retrieved from /home/ubuntu/airflow_venv/lib/python3.12/site-packages/airflow/example_dags/example_sla_dag.py
[2024-11-20T00:44:46.926+0000] {logging_mixin.py:190} INFO - [2024-11-20T00:44:46.926+0000] {dag.py:3239} INFO - Sync 1 DAGs
[2024-11-20T00:44:46.946+0000] {logging_mixin.py:190} INFO - [2024-11-20T00:44:46.946+0000] {dag.py:4180} INFO - Setting next_dagrun for example_sla_dag to 2024-11-20 00:42:00+00:00, run_after=2024-11-20 00:44:00+00:00
[2024-11-20T00:44:46.970+0000] {processor.py:208} INFO - Processing /home/ubuntu/airflow_venv/lib/python3.12/site-packages/airflow/example_dags/example_sla_dag.py took 0.079 seconds
[2024-11-20T00:45:42.682+0000] {processor.py:186} INFO - Started process (PID=4823) to work on /home/ubuntu/airflow_venv/lib/python3.12/site-packages/airflow/example_dags/example_sla_dag.py
[2024-11-20T00:45:42.684+0000] {processor.py:914} INFO - Processing file /home/ubuntu/airflow_venv/lib/python3.12/site-packages/airflow/example_dags/example_sla_dag.py for tasks to queue
[2024-11-20T00:45:42.686+0000] {logging_mixin.py:190} INFO - [2024-11-20T00:45:42.685+0000] {dagbag.py:588} INFO - Filling up the DagBag from /home/ubuntu/airflow_venv/lib/python3.12/site-packages/airflow/example_dags/example_sla_dag.py
[2024-11-20T00:45:42.697+0000] {processor.py:925} INFO - DAG(s) 'example_sla_dag' retrieved from /home/ubuntu/airflow_venv/lib/python3.12/site-packages/airflow/example_dags/example_sla_dag.py
[2024-11-20T00:45:42.711+0000] {logging_mixin.py:190} INFO - [2024-11-20T00:45:42.711+0000] {dag.py:3239} INFO - Sync 1 DAGs
[2024-11-20T00:45:42.732+0000] {logging_mixin.py:190} INFO - [2024-11-20T00:45:42.732+0000] {dag.py:4180} INFO - Setting next_dagrun for example_sla_dag to 2024-11-20 00:42:00+00:00, run_after=2024-11-20 00:44:00+00:00
[2024-11-20T00:45:42.752+0000] {processor.py:208} INFO - Processing /home/ubuntu/airflow_venv/lib/python3.12/site-packages/airflow/example_dags/example_sla_dag.py took 0.077 seconds
[2024-11-20T00:46:35.915+0000] {processor.py:186} INFO - Started process (PID=4880) to work on /home/ubuntu/airflow_venv/lib/python3.12/site-packages/airflow/example_dags/example_sla_dag.py
[2024-11-20T00:46:35.917+0000] {processor.py:914} INFO - Processing file /home/ubuntu/airflow_venv/lib/python3.12/site-packages/airflow/example_dags/example_sla_dag.py for tasks to queue
[2024-11-20T00:46:35.919+0000] {logging_mixin.py:190} INFO - [2024-11-20T00:46:35.919+0000] {dagbag.py:588} INFO - Filling up the DagBag from /home/ubuntu/airflow_venv/lib/python3.12/site-packages/airflow/example_dags/example_sla_dag.py
[2024-11-20T00:46:35.930+0000] {processor.py:925} INFO - DAG(s) 'example_sla_dag' retrieved from /home/ubuntu/airflow_venv/lib/python3.12/site-packages/airflow/example_dags/example_sla_dag.py
[2024-11-20T00:46:35.943+0000] {logging_mixin.py:190} INFO - [2024-11-20T00:46:35.943+0000] {dag.py:3239} INFO - Sync 1 DAGs
[2024-11-20T00:46:35.965+0000] {logging_mixin.py:190} INFO - [2024-11-20T00:46:35.965+0000] {dag.py:4180} INFO - Setting next_dagrun for example_sla_dag to 2024-11-20 00:44:00+00:00, run_after=2024-11-20 00:46:00+00:00
[2024-11-20T00:46:35.987+0000] {processor.py:208} INFO - Processing /home/ubuntu/airflow_venv/lib/python3.12/site-packages/airflow/example_dags/example_sla_dag.py took 0.078 seconds
[2024-11-20T00:47:28.641+0000] {processor.py:186} INFO - Started process (PID=4934) to work on /home/ubuntu/airflow_venv/lib/python3.12/site-packages/airflow/example_dags/example_sla_dag.py
[2024-11-20T00:47:28.643+0000] {processor.py:914} INFO - Processing file /home/ubuntu/airflow_venv/lib/python3.12/site-packages/airflow/example_dags/example_sla_dag.py for tasks to queue
[2024-11-20T00:47:28.644+0000] {logging_mixin.py:190} INFO - [2024-11-20T00:47:28.644+0000] {dagbag.py:588} INFO - Filling up the DagBag from /home/ubuntu/airflow_venv/lib/python3.12/site-packages/airflow/example_dags/example_sla_dag.py
[2024-11-20T00:47:28.656+0000] {processor.py:925} INFO - DAG(s) 'example_sla_dag' retrieved from /home/ubuntu/airflow_venv/lib/python3.12/site-packages/airflow/example_dags/example_sla_dag.py
[2024-11-20T00:47:28.670+0000] {logging_mixin.py:190} INFO - [2024-11-20T00:47:28.670+0000] {dag.py:3239} INFO - Sync 1 DAGs
[2024-11-20T00:47:28.694+0000] {logging_mixin.py:190} INFO - [2024-11-20T00:47:28.692+0000] {dag.py:4180} INFO - Setting next_dagrun for example_sla_dag to 2024-11-20 00:44:00+00:00, run_after=2024-11-20 00:46:00+00:00
[2024-11-20T00:47:28.723+0000] {processor.py:208} INFO - Processing /home/ubuntu/airflow_venv/lib/python3.12/site-packages/airflow/example_dags/example_sla_dag.py took 0.089 seconds
[2024-11-20T00:48:21.152+0000] {processor.py:186} INFO - Started process (PID=4988) to work on /home/ubuntu/airflow_venv/lib/python3.12/site-packages/airflow/example_dags/example_sla_dag.py
[2024-11-20T00:48:21.153+0000] {processor.py:914} INFO - Processing file /home/ubuntu/airflow_venv/lib/python3.12/site-packages/airflow/example_dags/example_sla_dag.py for tasks to queue
[2024-11-20T00:48:21.155+0000] {logging_mixin.py:190} INFO - [2024-11-20T00:48:21.154+0000] {dagbag.py:588} INFO - Filling up the DagBag from /home/ubuntu/airflow_venv/lib/python3.12/site-packages/airflow/example_dags/example_sla_dag.py
[2024-11-20T00:48:21.165+0000] {processor.py:925} INFO - DAG(s) 'example_sla_dag' retrieved from /home/ubuntu/airflow_venv/lib/python3.12/site-packages/airflow/example_dags/example_sla_dag.py
[2024-11-20T00:48:21.180+0000] {logging_mixin.py:190} INFO - [2024-11-20T00:48:21.180+0000] {dag.py:3239} INFO - Sync 1 DAGs
[2024-11-20T00:48:21.199+0000] {logging_mixin.py:190} INFO - [2024-11-20T00:48:21.199+0000] {dag.py:4180} INFO - Setting next_dagrun for example_sla_dag to 2024-11-20 00:46:00+00:00, run_after=2024-11-20 00:48:00+00:00
[2024-11-20T00:48:21.221+0000] {processor.py:208} INFO - Processing /home/ubuntu/airflow_venv/lib/python3.12/site-packages/airflow/example_dags/example_sla_dag.py took 0.076 seconds
[2024-11-20T00:49:14.775+0000] {processor.py:186} INFO - Started process (PID=5045) to work on /home/ubuntu/airflow_venv/lib/python3.12/site-packages/airflow/example_dags/example_sla_dag.py
[2024-11-20T00:49:14.777+0000] {processor.py:914} INFO - Processing file /home/ubuntu/airflow_venv/lib/python3.12/site-packages/airflow/example_dags/example_sla_dag.py for tasks to queue
[2024-11-20T00:49:14.779+0000] {logging_mixin.py:190} INFO - [2024-11-20T00:49:14.778+0000] {dagbag.py:588} INFO - Filling up the DagBag from /home/ubuntu/airflow_venv/lib/python3.12/site-packages/airflow/example_dags/example_sla_dag.py
[2024-11-20T00:49:14.788+0000] {processor.py:925} INFO - DAG(s) 'example_sla_dag' retrieved from /home/ubuntu/airflow_venv/lib/python3.12/site-packages/airflow/example_dags/example_sla_dag.py
[2024-11-20T00:49:14.803+0000] {logging_mixin.py:190} INFO - [2024-11-20T00:49:14.803+0000] {dag.py:3239} INFO - Sync 1 DAGs
[2024-11-20T00:49:14.824+0000] {logging_mixin.py:190} INFO - [2024-11-20T00:49:14.824+0000] {dag.py:4180} INFO - Setting next_dagrun for example_sla_dag to 2024-11-20 00:46:00+00:00, run_after=2024-11-20 00:48:00+00:00
[2024-11-20T00:49:14.845+0000] {processor.py:208} INFO - Processing /home/ubuntu/airflow_venv/lib/python3.12/site-packages/airflow/example_dags/example_sla_dag.py took 0.077 seconds
[2024-11-20T00:50:09.571+0000] {processor.py:186} INFO - Started process (PID=5101) to work on /home/ubuntu/airflow_venv/lib/python3.12/site-packages/airflow/example_dags/example_sla_dag.py
[2024-11-20T00:50:09.573+0000] {processor.py:914} INFO - Processing file /home/ubuntu/airflow_venv/lib/python3.12/site-packages/airflow/example_dags/example_sla_dag.py for tasks to queue
[2024-11-20T00:50:09.574+0000] {logging_mixin.py:190} INFO - [2024-11-20T00:50:09.573+0000] {dagbag.py:588} INFO - Filling up the DagBag from /home/ubuntu/airflow_venv/lib/python3.12/site-packages/airflow/example_dags/example_sla_dag.py
[2024-11-20T00:50:09.586+0000] {processor.py:925} INFO - DAG(s) 'example_sla_dag' retrieved from /home/ubuntu/airflow_venv/lib/python3.12/site-packages/airflow/example_dags/example_sla_dag.py
[2024-11-20T00:50:09.608+0000] {logging_mixin.py:190} INFO - [2024-11-20T00:50:09.608+0000] {dag.py:3239} INFO - Sync 1 DAGs
[2024-11-20T00:50:09.629+0000] {logging_mixin.py:190} INFO - [2024-11-20T00:50:09.629+0000] {dag.py:4180} INFO - Setting next_dagrun for example_sla_dag to 2024-11-20 00:48:00+00:00, run_after=2024-11-20 00:50:00+00:00
[2024-11-20T00:50:09.651+0000] {processor.py:208} INFO - Processing /home/ubuntu/airflow_venv/lib/python3.12/site-packages/airflow/example_dags/example_sla_dag.py took 0.087 seconds
[2024-11-20T00:51:03.053+0000] {processor.py:186} INFO - Started process (PID=5159) to work on /home/ubuntu/airflow_venv/lib/python3.12/site-packages/airflow/example_dags/example_sla_dag.py
[2024-11-20T00:51:03.055+0000] {processor.py:914} INFO - Processing file /home/ubuntu/airflow_venv/lib/python3.12/site-packages/airflow/example_dags/example_sla_dag.py for tasks to queue
[2024-11-20T00:51:03.058+0000] {logging_mixin.py:190} INFO - [2024-11-20T00:51:03.057+0000] {dagbag.py:588} INFO - Filling up the DagBag from /home/ubuntu/airflow_venv/lib/python3.12/site-packages/airflow/example_dags/example_sla_dag.py
[2024-11-20T00:51:03.068+0000] {processor.py:925} INFO - DAG(s) 'example_sla_dag' retrieved from /home/ubuntu/airflow_venv/lib/python3.12/site-packages/airflow/example_dags/example_sla_dag.py
[2024-11-20T00:51:03.082+0000] {logging_mixin.py:190} INFO - [2024-11-20T00:51:03.082+0000] {dag.py:3239} INFO - Sync 1 DAGs
[2024-11-20T00:51:03.103+0000] {logging_mixin.py:190} INFO - [2024-11-20T00:51:03.103+0000] {dag.py:4180} INFO - Setting next_dagrun for example_sla_dag to 2024-11-20 00:48:00+00:00, run_after=2024-11-20 00:50:00+00:00
[2024-11-20T00:51:03.125+0000] {processor.py:208} INFO - Processing /home/ubuntu/airflow_venv/lib/python3.12/site-packages/airflow/example_dags/example_sla_dag.py took 0.079 seconds
[2024-11-20T00:52:00.715+0000] {processor.py:186} INFO - Started process (PID=5218) to work on /home/ubuntu/airflow_venv/lib/python3.12/site-packages/airflow/example_dags/example_sla_dag.py
[2024-11-20T00:52:00.717+0000] {processor.py:914} INFO - Processing file /home/ubuntu/airflow_venv/lib/python3.12/site-packages/airflow/example_dags/example_sla_dag.py for tasks to queue
[2024-11-20T00:52:00.719+0000] {logging_mixin.py:190} INFO - [2024-11-20T00:52:00.718+0000] {dagbag.py:588} INFO - Filling up the DagBag from /home/ubuntu/airflow_venv/lib/python3.12/site-packages/airflow/example_dags/example_sla_dag.py
[2024-11-20T00:52:00.728+0000] {processor.py:925} INFO - DAG(s) 'example_sla_dag' retrieved from /home/ubuntu/airflow_venv/lib/python3.12/site-packages/airflow/example_dags/example_sla_dag.py
[2024-11-20T00:52:00.743+0000] {logging_mixin.py:190} INFO - [2024-11-20T00:52:00.743+0000] {dag.py:3239} INFO - Sync 1 DAGs
[2024-11-20T00:52:00.762+0000] {logging_mixin.py:190} INFO - [2024-11-20T00:52:00.762+0000] {dag.py:4180} INFO - Setting next_dagrun for example_sla_dag to 2024-11-20 00:50:00+00:00, run_after=2024-11-20 00:52:00+00:00
[2024-11-20T00:52:00.785+0000] {processor.py:208} INFO - Processing /home/ubuntu/airflow_venv/lib/python3.12/site-packages/airflow/example_dags/example_sla_dag.py took 0.076 seconds
[2024-11-20T00:52:56.307+0000] {processor.py:186} INFO - Started process (PID=5274) to work on /home/ubuntu/airflow_venv/lib/python3.12/site-packages/airflow/example_dags/example_sla_dag.py
[2024-11-20T00:52:56.308+0000] {processor.py:914} INFO - Processing file /home/ubuntu/airflow_venv/lib/python3.12/site-packages/airflow/example_dags/example_sla_dag.py for tasks to queue
[2024-11-20T00:52:56.310+0000] {logging_mixin.py:190} INFO - [2024-11-20T00:52:56.309+0000] {dagbag.py:588} INFO - Filling up the DagBag from /home/ubuntu/airflow_venv/lib/python3.12/site-packages/airflow/example_dags/example_sla_dag.py
[2024-11-20T00:52:56.320+0000] {processor.py:925} INFO - DAG(s) 'example_sla_dag' retrieved from /home/ubuntu/airflow_venv/lib/python3.12/site-packages/airflow/example_dags/example_sla_dag.py
[2024-11-20T00:52:56.334+0000] {logging_mixin.py:190} INFO - [2024-11-20T00:52:56.334+0000] {dag.py:3239} INFO - Sync 1 DAGs
[2024-11-20T00:52:56.354+0000] {logging_mixin.py:190} INFO - [2024-11-20T00:52:56.354+0000] {dag.py:4180} INFO - Setting next_dagrun for example_sla_dag to 2024-11-20 00:50:00+00:00, run_after=2024-11-20 00:52:00+00:00
[2024-11-20T00:52:56.377+0000] {processor.py:208} INFO - Processing /home/ubuntu/airflow_venv/lib/python3.12/site-packages/airflow/example_dags/example_sla_dag.py took 0.077 seconds
[2024-11-20T00:53:53.263+0000] {processor.py:186} INFO - Started process (PID=5332) to work on /home/ubuntu/airflow_venv/lib/python3.12/site-packages/airflow/example_dags/example_sla_dag.py
[2024-11-20T00:53:53.265+0000] {processor.py:914} INFO - Processing file /home/ubuntu/airflow_venv/lib/python3.12/site-packages/airflow/example_dags/example_sla_dag.py for tasks to queue
[2024-11-20T00:53:53.266+0000] {logging_mixin.py:190} INFO - [2024-11-20T00:53:53.265+0000] {dagbag.py:588} INFO - Filling up the DagBag from /home/ubuntu/airflow_venv/lib/python3.12/site-packages/airflow/example_dags/example_sla_dag.py
[2024-11-20T00:53:53.276+0000] {processor.py:925} INFO - DAG(s) 'example_sla_dag' retrieved from /home/ubuntu/airflow_venv/lib/python3.12/site-packages/airflow/example_dags/example_sla_dag.py
[2024-11-20T00:53:53.290+0000] {logging_mixin.py:190} INFO - [2024-11-20T00:53:53.290+0000] {dag.py:3239} INFO - Sync 1 DAGs
[2024-11-20T00:53:53.310+0000] {logging_mixin.py:190} INFO - [2024-11-20T00:53:53.310+0000] {dag.py:4180} INFO - Setting next_dagrun for example_sla_dag to 2024-11-20 00:50:00+00:00, run_after=2024-11-20 00:52:00+00:00
[2024-11-20T00:53:53.332+0000] {processor.py:208} INFO - Processing /home/ubuntu/airflow_venv/lib/python3.12/site-packages/airflow/example_dags/example_sla_dag.py took 0.075 seconds
[2024-11-20T00:54:44.460+0000] {processor.py:186} INFO - Started process (PID=5399) to work on /home/ubuntu/airflow_venv/lib/python3.12/site-packages/airflow/example_dags/example_sla_dag.py
[2024-11-20T00:54:44.461+0000] {processor.py:914} INFO - Processing file /home/ubuntu/airflow_venv/lib/python3.12/site-packages/airflow/example_dags/example_sla_dag.py for tasks to queue
[2024-11-20T00:54:44.462+0000] {logging_mixin.py:190} INFO - [2024-11-20T00:54:44.462+0000] {dagbag.py:588} INFO - Filling up the DagBag from /home/ubuntu/airflow_venv/lib/python3.12/site-packages/airflow/example_dags/example_sla_dag.py
[2024-11-20T00:54:44.473+0000] {processor.py:925} INFO - DAG(s) 'example_sla_dag' retrieved from /home/ubuntu/airflow_venv/lib/python3.12/site-packages/airflow/example_dags/example_sla_dag.py
[2024-11-20T00:54:44.487+0000] {logging_mixin.py:190} INFO - [2024-11-20T00:54:44.487+0000] {dag.py:3239} INFO - Sync 1 DAGs
[2024-11-20T00:54:44.508+0000] {logging_mixin.py:190} INFO - [2024-11-20T00:54:44.508+0000] {dag.py:4180} INFO - Setting next_dagrun for example_sla_dag to 2024-11-20 00:52:00+00:00, run_after=2024-11-20 00:54:00+00:00
[2024-11-20T00:54:44.532+0000] {processor.py:208} INFO - Processing /home/ubuntu/airflow_venv/lib/python3.12/site-packages/airflow/example_dags/example_sla_dag.py took 0.079 seconds
[2024-11-20T00:55:36.425+0000] {processor.py:186} INFO - Started process (PID=5458) to work on /home/ubuntu/airflow_venv/lib/python3.12/site-packages/airflow/example_dags/example_sla_dag.py
[2024-11-20T00:55:36.426+0000] {processor.py:914} INFO - Processing file /home/ubuntu/airflow_venv/lib/python3.12/site-packages/airflow/example_dags/example_sla_dag.py for tasks to queue
[2024-11-20T00:55:36.428+0000] {logging_mixin.py:190} INFO - [2024-11-20T00:55:36.427+0000] {dagbag.py:588} INFO - Filling up the DagBag from /home/ubuntu/airflow_venv/lib/python3.12/site-packages/airflow/example_dags/example_sla_dag.py
[2024-11-20T00:55:36.438+0000] {processor.py:925} INFO - DAG(s) 'example_sla_dag' retrieved from /home/ubuntu/airflow_venv/lib/python3.12/site-packages/airflow/example_dags/example_sla_dag.py
[2024-11-20T00:55:36.452+0000] {logging_mixin.py:190} INFO - [2024-11-20T00:55:36.451+0000] {dag.py:3239} INFO - Sync 1 DAGs
[2024-11-20T00:55:36.472+0000] {logging_mixin.py:190} INFO - [2024-11-20T00:55:36.472+0000] {dag.py:4180} INFO - Setting next_dagrun for example_sla_dag to 2024-11-20 00:52:00+00:00, run_after=2024-11-20 00:54:00+00:00
[2024-11-20T00:55:36.492+0000] {processor.py:208} INFO - Processing /home/ubuntu/airflow_venv/lib/python3.12/site-packages/airflow/example_dags/example_sla_dag.py took 0.075 seconds
[2024-11-20T00:56:30.145+0000] {processor.py:186} INFO - Started process (PID=5513) to work on /home/ubuntu/airflow_venv/lib/python3.12/site-packages/airflow/example_dags/example_sla_dag.py
[2024-11-20T00:56:30.146+0000] {processor.py:914} INFO - Processing file /home/ubuntu/airflow_venv/lib/python3.12/site-packages/airflow/example_dags/example_sla_dag.py for tasks to queue
[2024-11-20T00:56:30.147+0000] {logging_mixin.py:190} INFO - [2024-11-20T00:56:30.147+0000] {dagbag.py:588} INFO - Filling up the DagBag from /home/ubuntu/airflow_venv/lib/python3.12/site-packages/airflow/example_dags/example_sla_dag.py
[2024-11-20T00:56:30.158+0000] {processor.py:925} INFO - DAG(s) 'example_sla_dag' retrieved from /home/ubuntu/airflow_venv/lib/python3.12/site-packages/airflow/example_dags/example_sla_dag.py
[2024-11-20T00:56:30.173+0000] {logging_mixin.py:190} INFO - [2024-11-20T00:56:30.172+0000] {dag.py:3239} INFO - Sync 1 DAGs
[2024-11-20T00:56:30.193+0000] {logging_mixin.py:190} INFO - [2024-11-20T00:56:30.193+0000] {dag.py:4180} INFO - Setting next_dagrun for example_sla_dag to 2024-11-20 00:54:00+00:00, run_after=2024-11-20 00:56:00+00:00
[2024-11-20T00:56:30.215+0000] {processor.py:208} INFO - Processing /home/ubuntu/airflow_venv/lib/python3.12/site-packages/airflow/example_dags/example_sla_dag.py took 0.078 seconds
[2024-11-20T00:57:22.923+0000] {processor.py:186} INFO - Started process (PID=5570) to work on /home/ubuntu/airflow_venv/lib/python3.12/site-packages/airflow/example_dags/example_sla_dag.py
[2024-11-20T00:57:22.924+0000] {processor.py:914} INFO - Processing file /home/ubuntu/airflow_venv/lib/python3.12/site-packages/airflow/example_dags/example_sla_dag.py for tasks to queue
[2024-11-20T00:57:22.926+0000] {logging_mixin.py:190} INFO - [2024-11-20T00:57:22.925+0000] {dagbag.py:588} INFO - Filling up the DagBag from /home/ubuntu/airflow_venv/lib/python3.12/site-packages/airflow/example_dags/example_sla_dag.py
[2024-11-20T00:57:22.936+0000] {processor.py:925} INFO - DAG(s) 'example_sla_dag' retrieved from /home/ubuntu/airflow_venv/lib/python3.12/site-packages/airflow/example_dags/example_sla_dag.py
[2024-11-20T00:57:22.951+0000] {logging_mixin.py:190} INFO - [2024-11-20T00:57:22.950+0000] {dag.py:3239} INFO - Sync 1 DAGs
[2024-11-20T00:57:22.971+0000] {logging_mixin.py:190} INFO - [2024-11-20T00:57:22.971+0000] {dag.py:4180} INFO - Setting next_dagrun for example_sla_dag to 2024-11-20 00:54:00+00:00, run_after=2024-11-20 00:56:00+00:00
[2024-11-20T00:57:22.993+0000] {processor.py:208} INFO - Processing /home/ubuntu/airflow_venv/lib/python3.12/site-packages/airflow/example_dags/example_sla_dag.py took 0.078 seconds
[2024-11-20T00:58:15.901+0000] {processor.py:186} INFO - Started process (PID=5625) to work on /home/ubuntu/airflow_venv/lib/python3.12/site-packages/airflow/example_dags/example_sla_dag.py
[2024-11-20T00:58:15.903+0000] {processor.py:914} INFO - Processing file /home/ubuntu/airflow_venv/lib/python3.12/site-packages/airflow/example_dags/example_sla_dag.py for tasks to queue
[2024-11-20T00:58:15.904+0000] {logging_mixin.py:190} INFO - [2024-11-20T00:58:15.904+0000] {dagbag.py:588} INFO - Filling up the DagBag from /home/ubuntu/airflow_venv/lib/python3.12/site-packages/airflow/example_dags/example_sla_dag.py
[2024-11-20T00:58:15.915+0000] {processor.py:925} INFO - DAG(s) 'example_sla_dag' retrieved from /home/ubuntu/airflow_venv/lib/python3.12/site-packages/airflow/example_dags/example_sla_dag.py
[2024-11-20T00:58:15.929+0000] {logging_mixin.py:190} INFO - [2024-11-20T00:58:15.929+0000] {dag.py:3239} INFO - Sync 1 DAGs
[2024-11-20T00:58:15.949+0000] {logging_mixin.py:190} INFO - [2024-11-20T00:58:15.949+0000] {dag.py:4180} INFO - Setting next_dagrun for example_sla_dag to 2024-11-20 00:56:00+00:00, run_after=2024-11-20 00:58:00+00:00
[2024-11-20T00:58:15.972+0000] {processor.py:208} INFO - Processing /home/ubuntu/airflow_venv/lib/python3.12/site-packages/airflow/example_dags/example_sla_dag.py took 0.079 seconds
[2024-11-20T00:59:07.503+0000] {processor.py:186} INFO - Started process (PID=5684) to work on /home/ubuntu/airflow_venv/lib/python3.12/site-packages/airflow/example_dags/example_sla_dag.py
[2024-11-20T00:59:07.505+0000] {processor.py:914} INFO - Processing file /home/ubuntu/airflow_venv/lib/python3.12/site-packages/airflow/example_dags/example_sla_dag.py for tasks to queue
[2024-11-20T00:59:07.506+0000] {logging_mixin.py:190} INFO - [2024-11-20T00:59:07.506+0000] {dagbag.py:588} INFO - Filling up the DagBag from /home/ubuntu/airflow_venv/lib/python3.12/site-packages/airflow/example_dags/example_sla_dag.py
[2024-11-20T00:59:07.518+0000] {processor.py:925} INFO - DAG(s) 'example_sla_dag' retrieved from /home/ubuntu/airflow_venv/lib/python3.12/site-packages/airflow/example_dags/example_sla_dag.py
[2024-11-20T00:59:07.532+0000] {logging_mixin.py:190} INFO - [2024-11-20T00:59:07.531+0000] {dag.py:3239} INFO - Sync 1 DAGs
[2024-11-20T00:59:07.552+0000] {logging_mixin.py:190} INFO - [2024-11-20T00:59:07.552+0000] {dag.py:4180} INFO - Setting next_dagrun for example_sla_dag to 2024-11-20 00:56:00+00:00, run_after=2024-11-20 00:58:00+00:00
[2024-11-20T00:59:07.574+0000] {processor.py:208} INFO - Processing /home/ubuntu/airflow_venv/lib/python3.12/site-packages/airflow/example_dags/example_sla_dag.py took 0.078 seconds
[2024-11-20T01:00:04.336+0000] {processor.py:186} INFO - Started process (PID=5740) to work on /home/ubuntu/airflow_venv/lib/python3.12/site-packages/airflow/example_dags/example_sla_dag.py
[2024-11-20T01:00:04.337+0000] {processor.py:914} INFO - Processing file /home/ubuntu/airflow_venv/lib/python3.12/site-packages/airflow/example_dags/example_sla_dag.py for tasks to queue
[2024-11-20T01:00:04.338+0000] {logging_mixin.py:190} INFO - [2024-11-20T01:00:04.337+0000] {dagbag.py:588} INFO - Filling up the DagBag from /home/ubuntu/airflow_venv/lib/python3.12/site-packages/airflow/example_dags/example_sla_dag.py
[2024-11-20T01:00:04.348+0000] {processor.py:925} INFO - DAG(s) 'example_sla_dag' retrieved from /home/ubuntu/airflow_venv/lib/python3.12/site-packages/airflow/example_dags/example_sla_dag.py
[2024-11-20T01:00:04.363+0000] {logging_mixin.py:190} INFO - [2024-11-20T01:00:04.363+0000] {dag.py:3239} INFO - Sync 1 DAGs
[2024-11-20T01:00:04.384+0000] {logging_mixin.py:190} INFO - [2024-11-20T01:00:04.383+0000] {dag.py:4180} INFO - Setting next_dagrun for example_sla_dag to 2024-11-20 00:58:00+00:00, run_after=2024-11-20 01:00:00+00:00
[2024-11-20T01:00:04.405+0000] {processor.py:208} INFO - Processing /home/ubuntu/airflow_venv/lib/python3.12/site-packages/airflow/example_dags/example_sla_dag.py took 0.077 seconds
[2024-11-20T01:00:58.607+0000] {processor.py:186} INFO - Started process (PID=5799) to work on /home/ubuntu/airflow_venv/lib/python3.12/site-packages/airflow/example_dags/example_sla_dag.py
[2024-11-20T01:00:58.609+0000] {processor.py:914} INFO - Processing file /home/ubuntu/airflow_venv/lib/python3.12/site-packages/airflow/example_dags/example_sla_dag.py for tasks to queue
[2024-11-20T01:00:58.610+0000] {logging_mixin.py:190} INFO - [2024-11-20T01:00:58.609+0000] {dagbag.py:588} INFO - Filling up the DagBag from /home/ubuntu/airflow_venv/lib/python3.12/site-packages/airflow/example_dags/example_sla_dag.py
[2024-11-20T01:00:58.621+0000] {processor.py:925} INFO - DAG(s) 'example_sla_dag' retrieved from /home/ubuntu/airflow_venv/lib/python3.12/site-packages/airflow/example_dags/example_sla_dag.py
[2024-11-20T01:00:58.635+0000] {logging_mixin.py:190} INFO - [2024-11-20T01:00:58.635+0000] {dag.py:3239} INFO - Sync 1 DAGs
[2024-11-20T01:00:58.655+0000] {logging_mixin.py:190} INFO - [2024-11-20T01:00:58.655+0000] {dag.py:4180} INFO - Setting next_dagrun for example_sla_dag to 2024-11-20 00:58:00+00:00, run_after=2024-11-20 01:00:00+00:00
[2024-11-20T01:00:58.677+0000] {processor.py:208} INFO - Processing /home/ubuntu/airflow_venv/lib/python3.12/site-packages/airflow/example_dags/example_sla_dag.py took 0.078 seconds
[2024-11-20T01:02:09.362+0000] {processor.py:186} INFO - Started process (PID=5879) to work on /home/ubuntu/airflow_venv/lib/python3.12/site-packages/airflow/example_dags/example_sla_dag.py
[2024-11-20T01:02:09.363+0000] {processor.py:914} INFO - Processing file /home/ubuntu/airflow_venv/lib/python3.12/site-packages/airflow/example_dags/example_sla_dag.py for tasks to queue
[2024-11-20T01:02:09.365+0000] {logging_mixin.py:190} INFO - [2024-11-20T01:02:09.364+0000] {dagbag.py:588} INFO - Filling up the DagBag from /home/ubuntu/airflow_venv/lib/python3.12/site-packages/airflow/example_dags/example_sla_dag.py
[2024-11-20T01:02:09.376+0000] {processor.py:925} INFO - DAG(s) 'example_sla_dag' retrieved from /home/ubuntu/airflow_venv/lib/python3.12/site-packages/airflow/example_dags/example_sla_dag.py
[2024-11-20T01:02:09.391+0000] {logging_mixin.py:190} INFO - [2024-11-20T01:02:09.391+0000] {dag.py:3239} INFO - Sync 1 DAGs
[2024-11-20T01:02:09.411+0000] {logging_mixin.py:190} INFO - [2024-11-20T01:02:09.411+0000] {dag.py:4180} INFO - Setting next_dagrun for example_sla_dag to 2024-11-20 01:00:00+00:00, run_after=2024-11-20 01:02:00+00:00
[2024-11-20T01:02:09.433+0000] {processor.py:208} INFO - Processing /home/ubuntu/airflow_venv/lib/python3.12/site-packages/airflow/example_dags/example_sla_dag.py took 0.078 seconds
[2024-11-20T01:03:07.008+0000] {processor.py:186} INFO - Started process (PID=5937) to work on /home/ubuntu/airflow_venv/lib/python3.12/site-packages/airflow/example_dags/example_sla_dag.py
[2024-11-20T01:03:07.009+0000] {processor.py:914} INFO - Processing file /home/ubuntu/airflow_venv/lib/python3.12/site-packages/airflow/example_dags/example_sla_dag.py for tasks to queue
[2024-11-20T01:03:07.010+0000] {logging_mixin.py:190} INFO - [2024-11-20T01:03:07.010+0000] {dagbag.py:588} INFO - Filling up the DagBag from /home/ubuntu/airflow_venv/lib/python3.12/site-packages/airflow/example_dags/example_sla_dag.py
[2024-11-20T01:03:07.021+0000] {processor.py:925} INFO - DAG(s) 'example_sla_dag' retrieved from /home/ubuntu/airflow_venv/lib/python3.12/site-packages/airflow/example_dags/example_sla_dag.py
[2024-11-20T01:03:07.036+0000] {logging_mixin.py:190} INFO - [2024-11-20T01:03:07.036+0000] {dag.py:3239} INFO - Sync 1 DAGs
[2024-11-20T01:03:07.056+0000] {logging_mixin.py:190} INFO - [2024-11-20T01:03:07.056+0000] {dag.py:4180} INFO - Setting next_dagrun for example_sla_dag to 2024-11-20 01:00:00+00:00, run_after=2024-11-20 01:02:00+00:00
[2024-11-20T01:03:07.078+0000] {processor.py:208} INFO - Processing /home/ubuntu/airflow_venv/lib/python3.12/site-packages/airflow/example_dags/example_sla_dag.py took 0.076 seconds
[2024-11-20T01:04:02.529+0000] {processor.py:186} INFO - Started process (PID=5994) to work on /home/ubuntu/airflow_venv/lib/python3.12/site-packages/airflow/example_dags/example_sla_dag.py
[2024-11-20T01:04:02.530+0000] {processor.py:914} INFO - Processing file /home/ubuntu/airflow_venv/lib/python3.12/site-packages/airflow/example_dags/example_sla_dag.py for tasks to queue
[2024-11-20T01:04:02.531+0000] {logging_mixin.py:190} INFO - [2024-11-20T01:04:02.531+0000] {dagbag.py:588} INFO - Filling up the DagBag from /home/ubuntu/airflow_venv/lib/python3.12/site-packages/airflow/example_dags/example_sla_dag.py
[2024-11-20T01:04:02.542+0000] {processor.py:925} INFO - DAG(s) 'example_sla_dag' retrieved from /home/ubuntu/airflow_venv/lib/python3.12/site-packages/airflow/example_dags/example_sla_dag.py
[2024-11-20T01:04:02.558+0000] {logging_mixin.py:190} INFO - [2024-11-20T01:04:02.558+0000] {dag.py:3239} INFO - Sync 1 DAGs
[2024-11-20T01:04:02.579+0000] {logging_mixin.py:190} INFO - [2024-11-20T01:04:02.579+0000] {dag.py:4180} INFO - Setting next_dagrun for example_sla_dag to 2024-11-20 01:02:00+00:00, run_after=2024-11-20 01:04:00+00:00
[2024-11-20T01:04:02.603+0000] {processor.py:208} INFO - Processing /home/ubuntu/airflow_venv/lib/python3.12/site-packages/airflow/example_dags/example_sla_dag.py took 0.082 seconds
[2024-11-20T01:04:58.780+0000] {processor.py:186} INFO - Started process (PID=6050) to work on /home/ubuntu/airflow_venv/lib/python3.12/site-packages/airflow/example_dags/example_sla_dag.py
[2024-11-20T01:04:58.782+0000] {processor.py:914} INFO - Processing file /home/ubuntu/airflow_venv/lib/python3.12/site-packages/airflow/example_dags/example_sla_dag.py for tasks to queue
[2024-11-20T01:04:58.783+0000] {logging_mixin.py:190} INFO - [2024-11-20T01:04:58.783+0000] {dagbag.py:588} INFO - Filling up the DagBag from /home/ubuntu/airflow_venv/lib/python3.12/site-packages/airflow/example_dags/example_sla_dag.py
[2024-11-20T01:04:58.793+0000] {processor.py:925} INFO - DAG(s) 'example_sla_dag' retrieved from /home/ubuntu/airflow_venv/lib/python3.12/site-packages/airflow/example_dags/example_sla_dag.py
[2024-11-20T01:04:58.808+0000] {logging_mixin.py:190} INFO - [2024-11-20T01:04:58.808+0000] {dag.py:3239} INFO - Sync 1 DAGs
[2024-11-20T01:04:58.830+0000] {logging_mixin.py:190} INFO - [2024-11-20T01:04:58.829+0000] {dag.py:4180} INFO - Setting next_dagrun for example_sla_dag to 2024-11-20 01:02:00+00:00, run_after=2024-11-20 01:04:00+00:00
[2024-11-20T01:04:58.851+0000] {processor.py:208} INFO - Processing /home/ubuntu/airflow_venv/lib/python3.12/site-packages/airflow/example_dags/example_sla_dag.py took 0.078 seconds
[2024-11-20T01:05:55.075+0000] {processor.py:186} INFO - Started process (PID=6112) to work on /home/ubuntu/airflow_venv/lib/python3.12/site-packages/airflow/example_dags/example_sla_dag.py
[2024-11-20T01:05:55.076+0000] {processor.py:914} INFO - Processing file /home/ubuntu/airflow_venv/lib/python3.12/site-packages/airflow/example_dags/example_sla_dag.py for tasks to queue
[2024-11-20T01:05:55.078+0000] {logging_mixin.py:190} INFO - [2024-11-20T01:05:55.077+0000] {dagbag.py:588} INFO - Filling up the DagBag from /home/ubuntu/airflow_venv/lib/python3.12/site-packages/airflow/example_dags/example_sla_dag.py
[2024-11-20T01:05:55.089+0000] {processor.py:925} INFO - DAG(s) 'example_sla_dag' retrieved from /home/ubuntu/airflow_venv/lib/python3.12/site-packages/airflow/example_dags/example_sla_dag.py
[2024-11-20T01:05:55.103+0000] {logging_mixin.py:190} INFO - [2024-11-20T01:05:55.103+0000] {dag.py:3239} INFO - Sync 1 DAGs
[2024-11-20T01:05:55.124+0000] {logging_mixin.py:190} INFO - [2024-11-20T01:05:55.123+0000] {dag.py:4180} INFO - Setting next_dagrun for example_sla_dag to 2024-11-20 01:02:00+00:00, run_after=2024-11-20 01:04:00+00:00
[2024-11-20T01:05:55.147+0000] {processor.py:208} INFO - Processing /home/ubuntu/airflow_venv/lib/python3.12/site-packages/airflow/example_dags/example_sla_dag.py took 0.079 seconds
[2024-11-20T01:06:47.406+0000] {processor.py:186} INFO - Started process (PID=6166) to work on /home/ubuntu/airflow_venv/lib/python3.12/site-packages/airflow/example_dags/example_sla_dag.py
[2024-11-20T01:06:47.408+0000] {processor.py:914} INFO - Processing file /home/ubuntu/airflow_venv/lib/python3.12/site-packages/airflow/example_dags/example_sla_dag.py for tasks to queue
[2024-11-20T01:06:47.410+0000] {logging_mixin.py:190} INFO - [2024-11-20T01:06:47.410+0000] {dagbag.py:588} INFO - Filling up the DagBag from /home/ubuntu/airflow_venv/lib/python3.12/site-packages/airflow/example_dags/example_sla_dag.py
[2024-11-20T01:06:47.421+0000] {processor.py:925} INFO - DAG(s) 'example_sla_dag' retrieved from /home/ubuntu/airflow_venv/lib/python3.12/site-packages/airflow/example_dags/example_sla_dag.py
[2024-11-20T01:06:47.437+0000] {logging_mixin.py:190} INFO - [2024-11-20T01:06:47.437+0000] {dag.py:3239} INFO - Sync 1 DAGs
[2024-11-20T01:06:47.458+0000] {logging_mixin.py:190} INFO - [2024-11-20T01:06:47.458+0000] {dag.py:4180} INFO - Setting next_dagrun for example_sla_dag to 2024-11-20 01:04:00+00:00, run_after=2024-11-20 01:06:00+00:00
[2024-11-20T01:06:47.480+0000] {processor.py:208} INFO - Processing /home/ubuntu/airflow_venv/lib/python3.12/site-packages/airflow/example_dags/example_sla_dag.py took 0.080 seconds
[2024-11-20T01:07:38.914+0000] {processor.py:186} INFO - Started process (PID=6221) to work on /home/ubuntu/airflow_venv/lib/python3.12/site-packages/airflow/example_dags/example_sla_dag.py
[2024-11-20T01:07:38.916+0000] {processor.py:914} INFO - Processing file /home/ubuntu/airflow_venv/lib/python3.12/site-packages/airflow/example_dags/example_sla_dag.py for tasks to queue
[2024-11-20T01:07:38.918+0000] {logging_mixin.py:190} INFO - [2024-11-20T01:07:38.918+0000] {dagbag.py:588} INFO - Filling up the DagBag from /home/ubuntu/airflow_venv/lib/python3.12/site-packages/airflow/example_dags/example_sla_dag.py
[2024-11-20T01:07:38.934+0000] {processor.py:925} INFO - DAG(s) 'example_sla_dag' retrieved from /home/ubuntu/airflow_venv/lib/python3.12/site-packages/airflow/example_dags/example_sla_dag.py
[2024-11-20T01:07:38.949+0000] {logging_mixin.py:190} INFO - [2024-11-20T01:07:38.949+0000] {dag.py:3239} INFO - Sync 1 DAGs
[2024-11-20T01:07:38.968+0000] {logging_mixin.py:190} INFO - [2024-11-20T01:07:38.968+0000] {dag.py:4180} INFO - Setting next_dagrun for example_sla_dag to 2024-11-20 01:04:00+00:00, run_after=2024-11-20 01:06:00+00:00
[2024-11-20T01:07:38.990+0000] {processor.py:208} INFO - Processing /home/ubuntu/airflow_venv/lib/python3.12/site-packages/airflow/example_dags/example_sla_dag.py took 0.085 seconds
[2024-11-20T01:08:32.694+0000] {processor.py:186} INFO - Started process (PID=6275) to work on /home/ubuntu/airflow_venv/lib/python3.12/site-packages/airflow/example_dags/example_sla_dag.py
[2024-11-20T01:08:32.696+0000] {processor.py:914} INFO - Processing file /home/ubuntu/airflow_venv/lib/python3.12/site-packages/airflow/example_dags/example_sla_dag.py for tasks to queue
[2024-11-20T01:08:32.697+0000] {logging_mixin.py:190} INFO - [2024-11-20T01:08:32.697+0000] {dagbag.py:588} INFO - Filling up the DagBag from /home/ubuntu/airflow_venv/lib/python3.12/site-packages/airflow/example_dags/example_sla_dag.py
[2024-11-20T01:08:32.708+0000] {processor.py:925} INFO - DAG(s) 'example_sla_dag' retrieved from /home/ubuntu/airflow_venv/lib/python3.12/site-packages/airflow/example_dags/example_sla_dag.py
[2024-11-20T01:08:32.721+0000] {logging_mixin.py:190} INFO - [2024-11-20T01:08:32.721+0000] {dag.py:3239} INFO - Sync 1 DAGs
[2024-11-20T01:08:32.743+0000] {logging_mixin.py:190} INFO - [2024-11-20T01:08:32.742+0000] {dag.py:4180} INFO - Setting next_dagrun for example_sla_dag to 2024-11-20 01:06:00+00:00, run_after=2024-11-20 01:08:00+00:00
[2024-11-20T01:08:32.766+0000] {processor.py:208} INFO - Processing /home/ubuntu/airflow_venv/lib/python3.12/site-packages/airflow/example_dags/example_sla_dag.py took 0.080 seconds
[2024-11-20T01:09:30.306+0000] {processor.py:186} INFO - Started process (PID=6332) to work on /home/ubuntu/airflow_venv/lib/python3.12/site-packages/airflow/example_dags/example_sla_dag.py
[2024-11-20T01:09:30.307+0000] {processor.py:914} INFO - Processing file /home/ubuntu/airflow_venv/lib/python3.12/site-packages/airflow/example_dags/example_sla_dag.py for tasks to queue
[2024-11-20T01:09:30.309+0000] {logging_mixin.py:190} INFO - [2024-11-20T01:09:30.308+0000] {dagbag.py:588} INFO - Filling up the DagBag from /home/ubuntu/airflow_venv/lib/python3.12/site-packages/airflow/example_dags/example_sla_dag.py
[2024-11-20T01:09:30.320+0000] {processor.py:925} INFO - DAG(s) 'example_sla_dag' retrieved from /home/ubuntu/airflow_venv/lib/python3.12/site-packages/airflow/example_dags/example_sla_dag.py
[2024-11-20T01:09:30.335+0000] {logging_mixin.py:190} INFO - [2024-11-20T01:09:30.334+0000] {dag.py:3239} INFO - Sync 1 DAGs
[2024-11-20T01:09:30.366+0000] {logging_mixin.py:190} INFO - [2024-11-20T01:09:30.366+0000] {dag.py:4180} INFO - Setting next_dagrun for example_sla_dag to 2024-11-20 01:06:00+00:00, run_after=2024-11-20 01:08:00+00:00
[2024-11-20T01:09:30.390+0000] {processor.py:208} INFO - Processing /home/ubuntu/airflow_venv/lib/python3.12/site-packages/airflow/example_dags/example_sla_dag.py took 0.091 seconds
[2024-11-20T01:10:28.444+0000] {processor.py:186} INFO - Started process (PID=6396) to work on /home/ubuntu/airflow_venv/lib/python3.12/site-packages/airflow/example_dags/example_sla_dag.py
[2024-11-20T01:10:28.445+0000] {processor.py:914} INFO - Processing file /home/ubuntu/airflow_venv/lib/python3.12/site-packages/airflow/example_dags/example_sla_dag.py for tasks to queue
[2024-11-20T01:10:28.447+0000] {logging_mixin.py:190} INFO - [2024-11-20T01:10:28.446+0000] {dagbag.py:588} INFO - Filling up the DagBag from /home/ubuntu/airflow_venv/lib/python3.12/site-packages/airflow/example_dags/example_sla_dag.py
[2024-11-20T01:10:28.458+0000] {processor.py:925} INFO - DAG(s) 'example_sla_dag' retrieved from /home/ubuntu/airflow_venv/lib/python3.12/site-packages/airflow/example_dags/example_sla_dag.py
[2024-11-20T01:10:28.473+0000] {logging_mixin.py:190} INFO - [2024-11-20T01:10:28.472+0000] {dag.py:3239} INFO - Sync 1 DAGs
[2024-11-20T01:10:28.495+0000] {logging_mixin.py:190} INFO - [2024-11-20T01:10:28.493+0000] {dag.py:4180} INFO - Setting next_dagrun for example_sla_dag to 2024-11-20 01:08:00+00:00, run_after=2024-11-20 01:10:00+00:00
[2024-11-20T01:10:28.517+0000] {processor.py:208} INFO - Processing /home/ubuntu/airflow_venv/lib/python3.12/site-packages/airflow/example_dags/example_sla_dag.py took 0.080 seconds
[2024-11-20T01:11:22.464+0000] {processor.py:186} INFO - Started process (PID=6451) to work on /home/ubuntu/airflow_venv/lib/python3.12/site-packages/airflow/example_dags/example_sla_dag.py
[2024-11-20T01:11:22.467+0000] {processor.py:914} INFO - Processing file /home/ubuntu/airflow_venv/lib/python3.12/site-packages/airflow/example_dags/example_sla_dag.py for tasks to queue
[2024-11-20T01:11:22.467+0000] {logging_mixin.py:190} INFO - [2024-11-20T01:11:22.467+0000] {dagbag.py:588} INFO - Filling up the DagBag from /home/ubuntu/airflow_venv/lib/python3.12/site-packages/airflow/example_dags/example_sla_dag.py
[2024-11-20T01:11:22.478+0000] {processor.py:925} INFO - DAG(s) 'example_sla_dag' retrieved from /home/ubuntu/airflow_venv/lib/python3.12/site-packages/airflow/example_dags/example_sla_dag.py
[2024-11-20T01:11:22.493+0000] {logging_mixin.py:190} INFO - [2024-11-20T01:11:22.493+0000] {dag.py:3239} INFO - Sync 1 DAGs
[2024-11-20T01:11:22.513+0000] {logging_mixin.py:190} INFO - [2024-11-20T01:11:22.513+0000] {dag.py:4180} INFO - Setting next_dagrun for example_sla_dag to 2024-11-20 01:08:00+00:00, run_after=2024-11-20 01:10:00+00:00
[2024-11-20T01:11:22.536+0000] {processor.py:208} INFO - Processing /home/ubuntu/airflow_venv/lib/python3.12/site-packages/airflow/example_dags/example_sla_dag.py took 0.079 seconds
[2024-11-20T01:12:15.705+0000] {processor.py:186} INFO - Started process (PID=6508) to work on /home/ubuntu/airflow_venv/lib/python3.12/site-packages/airflow/example_dags/example_sla_dag.py
[2024-11-20T01:12:15.707+0000] {processor.py:914} INFO - Processing file /home/ubuntu/airflow_venv/lib/python3.12/site-packages/airflow/example_dags/example_sla_dag.py for tasks to queue
[2024-11-20T01:12:15.708+0000] {logging_mixin.py:190} INFO - [2024-11-20T01:12:15.708+0000] {dagbag.py:588} INFO - Filling up the DagBag from /home/ubuntu/airflow_venv/lib/python3.12/site-packages/airflow/example_dags/example_sla_dag.py
[2024-11-20T01:12:15.718+0000] {processor.py:925} INFO - DAG(s) 'example_sla_dag' retrieved from /home/ubuntu/airflow_venv/lib/python3.12/site-packages/airflow/example_dags/example_sla_dag.py
[2024-11-20T01:12:15.740+0000] {logging_mixin.py:190} INFO - [2024-11-20T01:12:15.739+0000] {dag.py:3239} INFO - Sync 1 DAGs
[2024-11-20T01:12:15.760+0000] {logging_mixin.py:190} INFO - [2024-11-20T01:12:15.760+0000] {dag.py:4180} INFO - Setting next_dagrun for example_sla_dag to 2024-11-20 01:10:00+00:00, run_after=2024-11-20 01:12:00+00:00
[2024-11-20T01:12:15.782+0000] {processor.py:208} INFO - Processing /home/ubuntu/airflow_venv/lib/python3.12/site-packages/airflow/example_dags/example_sla_dag.py took 0.084 seconds
