[2024-11-20T00:16:32.649+0000] {processor.py:186} INFO - Started process (PID=2047) to work on /home/ubuntu/airflow_venv/lib/python3.12/site-packages/airflow/example_dags/example_sensor_decorator.py
[2024-11-20T00:16:32.649+0000] {processor.py:914} INFO - Processing file /home/ubuntu/airflow_venv/lib/python3.12/site-packages/airflow/example_dags/example_sensor_decorator.py for tasks to queue
[2024-11-20T00:16:32.652+0000] {logging_mixin.py:190} INFO - [2024-11-20T00:16:32.652+0000] {dagbag.py:588} INFO - Filling up the DagBag from /home/ubuntu/airflow_venv/lib/python3.12/site-packages/airflow/example_dags/example_sensor_decorator.py
[2024-11-20T00:16:32.660+0000] {processor.py:925} INFO - DAG(s) 'example_sensor_decorator' retrieved from /home/ubuntu/airflow_venv/lib/python3.12/site-packages/airflow/example_dags/example_sensor_decorator.py
[2024-11-20T00:16:32.678+0000] {logging_mixin.py:190} INFO - [2024-11-20T00:16:32.678+0000] {dag.py:3239} INFO - Sync 1 DAGs
[2024-11-20T00:16:32.689+0000] {logging_mixin.py:190} INFO - [2024-11-20T00:16:32.689+0000] {dag.py:4180} INFO - Setting next_dagrun for example_sensor_decorator to None, run_after=None
[2024-11-20T00:16:32.716+0000] {processor.py:208} INFO - Processing /home/ubuntu/airflow_venv/lib/python3.12/site-packages/airflow/example_dags/example_sensor_decorator.py took 0.072 seconds
[2024-11-20T00:17:32.096+0000] {processor.py:186} INFO - Started process (PID=2117) to work on /home/ubuntu/airflow_venv/lib/python3.12/site-packages/airflow/example_dags/example_sensor_decorator.py
[2024-11-20T00:17:32.099+0000] {processor.py:914} INFO - Processing file /home/ubuntu/airflow_venv/lib/python3.12/site-packages/airflow/example_dags/example_sensor_decorator.py for tasks to queue
[2024-11-20T00:17:32.101+0000] {logging_mixin.py:190} INFO - [2024-11-20T00:17:32.101+0000] {dagbag.py:588} INFO - Filling up the DagBag from /home/ubuntu/airflow_venv/lib/python3.12/site-packages/airflow/example_dags/example_sensor_decorator.py
[2024-11-20T00:17:32.110+0000] {processor.py:925} INFO - DAG(s) 'example_sensor_decorator' retrieved from /home/ubuntu/airflow_venv/lib/python3.12/site-packages/airflow/example_dags/example_sensor_decorator.py
[2024-11-20T00:17:32.124+0000] {logging_mixin.py:190} INFO - [2024-11-20T00:17:32.124+0000] {dag.py:3239} INFO - Sync 1 DAGs
[2024-11-20T00:17:32.137+0000] {logging_mixin.py:190} INFO - [2024-11-20T00:17:32.137+0000] {dag.py:4180} INFO - Setting next_dagrun for example_sensor_decorator to None, run_after=None
[2024-11-20T00:17:32.159+0000] {processor.py:208} INFO - Processing /home/ubuntu/airflow_venv/lib/python3.12/site-packages/airflow/example_dags/example_sensor_decorator.py took 0.072 seconds
[2024-11-20T00:18:27.501+0000] {processor.py:186} INFO - Started process (PID=2175) to work on /home/ubuntu/airflow_venv/lib/python3.12/site-packages/airflow/example_dags/example_sensor_decorator.py
[2024-11-20T00:18:27.503+0000] {processor.py:914} INFO - Processing file /home/ubuntu/airflow_venv/lib/python3.12/site-packages/airflow/example_dags/example_sensor_decorator.py for tasks to queue
[2024-11-20T00:18:27.505+0000] {logging_mixin.py:190} INFO - [2024-11-20T00:18:27.504+0000] {dagbag.py:588} INFO - Filling up the DagBag from /home/ubuntu/airflow_venv/lib/python3.12/site-packages/airflow/example_dags/example_sensor_decorator.py
[2024-11-20T00:18:27.513+0000] {processor.py:925} INFO - DAG(s) 'example_sensor_decorator' retrieved from /home/ubuntu/airflow_venv/lib/python3.12/site-packages/airflow/example_dags/example_sensor_decorator.py
[2024-11-20T00:18:27.527+0000] {logging_mixin.py:190} INFO - [2024-11-20T00:18:27.527+0000] {dag.py:3239} INFO - Sync 1 DAGs
[2024-11-20T00:18:27.538+0000] {logging_mixin.py:190} INFO - [2024-11-20T00:18:27.538+0000] {dag.py:4180} INFO - Setting next_dagrun for example_sensor_decorator to None, run_after=None
[2024-11-20T00:18:27.560+0000] {processor.py:208} INFO - Processing /home/ubuntu/airflow_venv/lib/python3.12/site-packages/airflow/example_dags/example_sensor_decorator.py took 0.065 seconds
[2024-11-20T00:19:23.749+0000] {processor.py:186} INFO - Started process (PID=2234) to work on /home/ubuntu/airflow_venv/lib/python3.12/site-packages/airflow/example_dags/example_sensor_decorator.py
[2024-11-20T00:19:23.750+0000] {processor.py:914} INFO - Processing file /home/ubuntu/airflow_venv/lib/python3.12/site-packages/airflow/example_dags/example_sensor_decorator.py for tasks to queue
[2024-11-20T00:19:23.752+0000] {logging_mixin.py:190} INFO - [2024-11-20T00:19:23.752+0000] {dagbag.py:588} INFO - Filling up the DagBag from /home/ubuntu/airflow_venv/lib/python3.12/site-packages/airflow/example_dags/example_sensor_decorator.py
[2024-11-20T00:19:23.761+0000] {processor.py:925} INFO - DAG(s) 'example_sensor_decorator' retrieved from /home/ubuntu/airflow_venv/lib/python3.12/site-packages/airflow/example_dags/example_sensor_decorator.py
[2024-11-20T00:19:23.775+0000] {logging_mixin.py:190} INFO - [2024-11-20T00:19:23.775+0000] {dag.py:3239} INFO - Sync 1 DAGs
[2024-11-20T00:19:23.791+0000] {logging_mixin.py:190} INFO - [2024-11-20T00:19:23.791+0000] {dag.py:4180} INFO - Setting next_dagrun for example_sensor_decorator to None, run_after=None
[2024-11-20T00:19:23.815+0000] {processor.py:208} INFO - Processing /home/ubuntu/airflow_venv/lib/python3.12/site-packages/airflow/example_dags/example_sensor_decorator.py took 0.072 seconds
[2024-11-20T00:20:16.603+0000] {processor.py:186} INFO - Started process (PID=2289) to work on /home/ubuntu/airflow_venv/lib/python3.12/site-packages/airflow/example_dags/example_sensor_decorator.py
[2024-11-20T00:20:16.604+0000] {processor.py:914} INFO - Processing file /home/ubuntu/airflow_venv/lib/python3.12/site-packages/airflow/example_dags/example_sensor_decorator.py for tasks to queue
[2024-11-20T00:20:16.606+0000] {logging_mixin.py:190} INFO - [2024-11-20T00:20:16.606+0000] {dagbag.py:588} INFO - Filling up the DagBag from /home/ubuntu/airflow_venv/lib/python3.12/site-packages/airflow/example_dags/example_sensor_decorator.py
[2024-11-20T00:20:16.615+0000] {processor.py:925} INFO - DAG(s) 'example_sensor_decorator' retrieved from /home/ubuntu/airflow_venv/lib/python3.12/site-packages/airflow/example_dags/example_sensor_decorator.py
[2024-11-20T00:20:16.629+0000] {logging_mixin.py:190} INFO - [2024-11-20T00:20:16.629+0000] {dag.py:3239} INFO - Sync 1 DAGs
[2024-11-20T00:20:16.640+0000] {logging_mixin.py:190} INFO - [2024-11-20T00:20:16.640+0000] {dag.py:4180} INFO - Setting next_dagrun for example_sensor_decorator to None, run_after=None
[2024-11-20T00:20:16.662+0000] {processor.py:208} INFO - Processing /home/ubuntu/airflow_venv/lib/python3.12/site-packages/airflow/example_dags/example_sensor_decorator.py took 0.064 seconds
[2024-11-20T00:21:11.931+0000] {processor.py:186} INFO - Started process (PID=2347) to work on /home/ubuntu/airflow_venv/lib/python3.12/site-packages/airflow/example_dags/example_sensor_decorator.py
[2024-11-20T00:21:11.933+0000] {processor.py:914} INFO - Processing file /home/ubuntu/airflow_venv/lib/python3.12/site-packages/airflow/example_dags/example_sensor_decorator.py for tasks to queue
[2024-11-20T00:21:11.935+0000] {logging_mixin.py:190} INFO - [2024-11-20T00:21:11.935+0000] {dagbag.py:588} INFO - Filling up the DagBag from /home/ubuntu/airflow_venv/lib/python3.12/site-packages/airflow/example_dags/example_sensor_decorator.py
[2024-11-20T00:21:11.943+0000] {processor.py:925} INFO - DAG(s) 'example_sensor_decorator' retrieved from /home/ubuntu/airflow_venv/lib/python3.12/site-packages/airflow/example_dags/example_sensor_decorator.py
[2024-11-20T00:21:11.958+0000] {logging_mixin.py:190} INFO - [2024-11-20T00:21:11.958+0000] {dag.py:3239} INFO - Sync 1 DAGs
[2024-11-20T00:21:12.085+0000] {logging_mixin.py:190} INFO - [2024-11-20T00:21:12.085+0000] {dag.py:4180} INFO - Setting next_dagrun for example_sensor_decorator to None, run_after=None
[2024-11-20T00:21:12.104+0000] {processor.py:208} INFO - Processing /home/ubuntu/airflow_venv/lib/python3.12/site-packages/airflow/example_dags/example_sensor_decorator.py took 0.179 seconds
[2024-11-20T00:22:14.187+0000] {processor.py:186} INFO - Started process (PID=2411) to work on /home/ubuntu/airflow_venv/lib/python3.12/site-packages/airflow/example_dags/example_sensor_decorator.py
[2024-11-20T00:22:14.189+0000] {processor.py:914} INFO - Processing file /home/ubuntu/airflow_venv/lib/python3.12/site-packages/airflow/example_dags/example_sensor_decorator.py for tasks to queue
[2024-11-20T00:22:14.191+0000] {logging_mixin.py:190} INFO - [2024-11-20T00:22:14.191+0000] {dagbag.py:588} INFO - Filling up the DagBag from /home/ubuntu/airflow_venv/lib/python3.12/site-packages/airflow/example_dags/example_sensor_decorator.py
[2024-11-20T00:22:14.200+0000] {processor.py:925} INFO - DAG(s) 'example_sensor_decorator' retrieved from /home/ubuntu/airflow_venv/lib/python3.12/site-packages/airflow/example_dags/example_sensor_decorator.py
[2024-11-20T00:22:14.215+0000] {logging_mixin.py:190} INFO - [2024-11-20T00:22:14.215+0000] {dag.py:3239} INFO - Sync 1 DAGs
[2024-11-20T00:22:14.226+0000] {logging_mixin.py:190} INFO - [2024-11-20T00:22:14.226+0000] {dag.py:4180} INFO - Setting next_dagrun for example_sensor_decorator to None, run_after=None
[2024-11-20T00:22:14.249+0000] {processor.py:208} INFO - Processing /home/ubuntu/airflow_venv/lib/python3.12/site-packages/airflow/example_dags/example_sensor_decorator.py took 0.067 seconds
[2024-11-20T00:23:09.263+0000] {processor.py:186} INFO - Started process (PID=2467) to work on /home/ubuntu/airflow_venv/lib/python3.12/site-packages/airflow/example_dags/example_sensor_decorator.py
[2024-11-20T00:23:09.265+0000] {processor.py:914} INFO - Processing file /home/ubuntu/airflow_venv/lib/python3.12/site-packages/airflow/example_dags/example_sensor_decorator.py for tasks to queue
[2024-11-20T00:23:09.267+0000] {logging_mixin.py:190} INFO - [2024-11-20T00:23:09.267+0000] {dagbag.py:588} INFO - Filling up the DagBag from /home/ubuntu/airflow_venv/lib/python3.12/site-packages/airflow/example_dags/example_sensor_decorator.py
[2024-11-20T00:23:09.275+0000] {processor.py:925} INFO - DAG(s) 'example_sensor_decorator' retrieved from /home/ubuntu/airflow_venv/lib/python3.12/site-packages/airflow/example_dags/example_sensor_decorator.py
[2024-11-20T00:23:09.289+0000] {logging_mixin.py:190} INFO - [2024-11-20T00:23:09.289+0000] {dag.py:3239} INFO - Sync 1 DAGs
[2024-11-20T00:23:09.301+0000] {logging_mixin.py:190} INFO - [2024-11-20T00:23:09.301+0000] {dag.py:4180} INFO - Setting next_dagrun for example_sensor_decorator to None, run_after=None
[2024-11-20T00:23:09.322+0000] {processor.py:208} INFO - Processing /home/ubuntu/airflow_venv/lib/python3.12/site-packages/airflow/example_dags/example_sensor_decorator.py took 0.065 seconds
[2024-11-20T00:24:04.121+0000] {processor.py:186} INFO - Started process (PID=2524) to work on /home/ubuntu/airflow_venv/lib/python3.12/site-packages/airflow/example_dags/example_sensor_decorator.py
[2024-11-20T00:24:04.123+0000] {processor.py:914} INFO - Processing file /home/ubuntu/airflow_venv/lib/python3.12/site-packages/airflow/example_dags/example_sensor_decorator.py for tasks to queue
[2024-11-20T00:24:04.125+0000] {logging_mixin.py:190} INFO - [2024-11-20T00:24:04.124+0000] {dagbag.py:588} INFO - Filling up the DagBag from /home/ubuntu/airflow_venv/lib/python3.12/site-packages/airflow/example_dags/example_sensor_decorator.py
[2024-11-20T00:24:04.136+0000] {processor.py:925} INFO - DAG(s) 'example_sensor_decorator' retrieved from /home/ubuntu/airflow_venv/lib/python3.12/site-packages/airflow/example_dags/example_sensor_decorator.py
[2024-11-20T00:24:04.151+0000] {logging_mixin.py:190} INFO - [2024-11-20T00:24:04.150+0000] {dag.py:3239} INFO - Sync 1 DAGs
[2024-11-20T00:24:04.162+0000] {logging_mixin.py:190} INFO - [2024-11-20T00:24:04.162+0000] {dag.py:4180} INFO - Setting next_dagrun for example_sensor_decorator to None, run_after=None
[2024-11-20T00:24:04.185+0000] {processor.py:208} INFO - Processing /home/ubuntu/airflow_venv/lib/python3.12/site-packages/airflow/example_dags/example_sensor_decorator.py took 0.069 seconds
[2024-11-20T00:24:58.686+0000] {processor.py:186} INFO - Started process (PID=2580) to work on /home/ubuntu/airflow_venv/lib/python3.12/site-packages/airflow/example_dags/example_sensor_decorator.py
[2024-11-20T00:24:58.688+0000] {processor.py:914} INFO - Processing file /home/ubuntu/airflow_venv/lib/python3.12/site-packages/airflow/example_dags/example_sensor_decorator.py for tasks to queue
[2024-11-20T00:24:58.692+0000] {logging_mixin.py:190} INFO - [2024-11-20T00:24:58.691+0000] {dagbag.py:588} INFO - Filling up the DagBag from /home/ubuntu/airflow_venv/lib/python3.12/site-packages/airflow/example_dags/example_sensor_decorator.py
[2024-11-20T00:24:58.701+0000] {processor.py:925} INFO - DAG(s) 'example_sensor_decorator' retrieved from /home/ubuntu/airflow_venv/lib/python3.12/site-packages/airflow/example_dags/example_sensor_decorator.py
[2024-11-20T00:24:58.716+0000] {logging_mixin.py:190} INFO - [2024-11-20T00:24:58.716+0000] {dag.py:3239} INFO - Sync 1 DAGs
[2024-11-20T00:24:58.727+0000] {logging_mixin.py:190} INFO - [2024-11-20T00:24:58.727+0000] {dag.py:4180} INFO - Setting next_dagrun for example_sensor_decorator to None, run_after=None
[2024-11-20T00:24:58.749+0000] {processor.py:208} INFO - Processing /home/ubuntu/airflow_venv/lib/python3.12/site-packages/airflow/example_dags/example_sensor_decorator.py took 0.068 seconds
[2024-11-20T00:25:52.996+0000] {processor.py:186} INFO - Started process (PID=2639) to work on /home/ubuntu/airflow_venv/lib/python3.12/site-packages/airflow/example_dags/example_sensor_decorator.py
[2024-11-20T00:25:52.998+0000] {processor.py:914} INFO - Processing file /home/ubuntu/airflow_venv/lib/python3.12/site-packages/airflow/example_dags/example_sensor_decorator.py for tasks to queue
[2024-11-20T00:25:53.001+0000] {logging_mixin.py:190} INFO - [2024-11-20T00:25:53.000+0000] {dagbag.py:588} INFO - Filling up the DagBag from /home/ubuntu/airflow_venv/lib/python3.12/site-packages/airflow/example_dags/example_sensor_decorator.py
[2024-11-20T00:25:53.010+0000] {processor.py:925} INFO - DAG(s) 'example_sensor_decorator' retrieved from /home/ubuntu/airflow_venv/lib/python3.12/site-packages/airflow/example_dags/example_sensor_decorator.py
[2024-11-20T00:25:53.024+0000] {logging_mixin.py:190} INFO - [2024-11-20T00:25:53.024+0000] {dag.py:3239} INFO - Sync 1 DAGs
[2024-11-20T00:25:53.037+0000] {logging_mixin.py:190} INFO - [2024-11-20T00:25:53.037+0000] {dag.py:4180} INFO - Setting next_dagrun for example_sensor_decorator to None, run_after=None
[2024-11-20T00:25:53.061+0000] {processor.py:208} INFO - Processing /home/ubuntu/airflow_venv/lib/python3.12/site-packages/airflow/example_dags/example_sensor_decorator.py took 0.070 seconds
[2024-11-20T00:27:05.600+0000] {processor.py:186} INFO - Started process (PID=2735) to work on /home/ubuntu/airflow_venv/lib/python3.12/site-packages/airflow/example_dags/example_sensor_decorator.py
[2024-11-20T00:27:05.602+0000] {processor.py:914} INFO - Processing file /home/ubuntu/airflow_venv/lib/python3.12/site-packages/airflow/example_dags/example_sensor_decorator.py for tasks to queue
[2024-11-20T00:27:05.603+0000] {logging_mixin.py:190} INFO - [2024-11-20T00:27:05.603+0000] {dagbag.py:588} INFO - Filling up the DagBag from /home/ubuntu/airflow_venv/lib/python3.12/site-packages/airflow/example_dags/example_sensor_decorator.py
[2024-11-20T00:27:05.613+0000] {processor.py:925} INFO - DAG(s) 'example_sensor_decorator' retrieved from /home/ubuntu/airflow_venv/lib/python3.12/site-packages/airflow/example_dags/example_sensor_decorator.py
[2024-11-20T00:27:05.627+0000] {logging_mixin.py:190} INFO - [2024-11-20T00:27:05.627+0000] {dag.py:3239} INFO - Sync 1 DAGs
[2024-11-20T00:27:05.638+0000] {logging_mixin.py:190} INFO - [2024-11-20T00:27:05.638+0000] {dag.py:4180} INFO - Setting next_dagrun for example_sensor_decorator to None, run_after=None
[2024-11-20T00:27:05.663+0000] {processor.py:208} INFO - Processing /home/ubuntu/airflow_venv/lib/python3.12/site-packages/airflow/example_dags/example_sensor_decorator.py took 0.069 seconds
[2024-11-20T00:28:09.891+0000] {processor.py:186} INFO - Started process (PID=2801) to work on /home/ubuntu/airflow_venv/lib/python3.12/site-packages/airflow/example_dags/example_sensor_decorator.py
[2024-11-20T00:28:09.892+0000] {processor.py:914} INFO - Processing file /home/ubuntu/airflow_venv/lib/python3.12/site-packages/airflow/example_dags/example_sensor_decorator.py for tasks to queue
[2024-11-20T00:28:09.894+0000] {logging_mixin.py:190} INFO - [2024-11-20T00:28:09.894+0000] {dagbag.py:588} INFO - Filling up the DagBag from /home/ubuntu/airflow_venv/lib/python3.12/site-packages/airflow/example_dags/example_sensor_decorator.py
[2024-11-20T00:28:09.902+0000] {processor.py:925} INFO - DAG(s) 'example_sensor_decorator' retrieved from /home/ubuntu/airflow_venv/lib/python3.12/site-packages/airflow/example_dags/example_sensor_decorator.py
[2024-11-20T00:28:09.916+0000] {logging_mixin.py:190} INFO - [2024-11-20T00:28:09.916+0000] {dag.py:3239} INFO - Sync 1 DAGs
[2024-11-20T00:28:09.929+0000] {logging_mixin.py:190} INFO - [2024-11-20T00:28:09.929+0000] {dag.py:4180} INFO - Setting next_dagrun for example_sensor_decorator to None, run_after=None
[2024-11-20T00:28:09.952+0000] {processor.py:208} INFO - Processing /home/ubuntu/airflow_venv/lib/python3.12/site-packages/airflow/example_dags/example_sensor_decorator.py took 0.067 seconds
[2024-11-20T00:29:09.193+0000] {processor.py:186} INFO - Started process (PID=2989) to work on /home/ubuntu/airflow_venv/lib/python3.12/site-packages/airflow/example_dags/example_sensor_decorator.py
[2024-11-20T00:29:09.195+0000] {processor.py:914} INFO - Processing file /home/ubuntu/airflow_venv/lib/python3.12/site-packages/airflow/example_dags/example_sensor_decorator.py for tasks to queue
[2024-11-20T00:29:09.196+0000] {logging_mixin.py:190} INFO - [2024-11-20T00:29:09.196+0000] {dagbag.py:588} INFO - Filling up the DagBag from /home/ubuntu/airflow_venv/lib/python3.12/site-packages/airflow/example_dags/example_sensor_decorator.py
[2024-11-20T00:29:09.205+0000] {processor.py:925} INFO - DAG(s) 'example_sensor_decorator' retrieved from /home/ubuntu/airflow_venv/lib/python3.12/site-packages/airflow/example_dags/example_sensor_decorator.py
[2024-11-20T00:29:09.219+0000] {logging_mixin.py:190} INFO - [2024-11-20T00:29:09.219+0000] {dag.py:3239} INFO - Sync 1 DAGs
[2024-11-20T00:29:09.231+0000] {logging_mixin.py:190} INFO - [2024-11-20T00:29:09.231+0000] {dag.py:4180} INFO - Setting next_dagrun for example_sensor_decorator to None, run_after=None
[2024-11-20T00:29:09.253+0000] {processor.py:208} INFO - Processing /home/ubuntu/airflow_venv/lib/python3.12/site-packages/airflow/example_dags/example_sensor_decorator.py took 0.065 seconds
[2024-11-20T00:30:09.867+0000] {processor.py:186} INFO - Started process (PID=3052) to work on /home/ubuntu/airflow_venv/lib/python3.12/site-packages/airflow/example_dags/example_sensor_decorator.py
[2024-11-20T00:30:09.868+0000] {processor.py:914} INFO - Processing file /home/ubuntu/airflow_venv/lib/python3.12/site-packages/airflow/example_dags/example_sensor_decorator.py for tasks to queue
[2024-11-20T00:30:09.869+0000] {logging_mixin.py:190} INFO - [2024-11-20T00:30:09.869+0000] {dagbag.py:588} INFO - Filling up the DagBag from /home/ubuntu/airflow_venv/lib/python3.12/site-packages/airflow/example_dags/example_sensor_decorator.py
[2024-11-20T00:30:09.879+0000] {processor.py:925} INFO - DAG(s) 'example_sensor_decorator' retrieved from /home/ubuntu/airflow_venv/lib/python3.12/site-packages/airflow/example_dags/example_sensor_decorator.py
[2024-11-20T00:30:09.893+0000] {logging_mixin.py:190} INFO - [2024-11-20T00:30:09.892+0000] {dag.py:3239} INFO - Sync 1 DAGs
[2024-11-20T00:30:09.905+0000] {logging_mixin.py:190} INFO - [2024-11-20T00:30:09.904+0000] {dag.py:4180} INFO - Setting next_dagrun for example_sensor_decorator to None, run_after=None
[2024-11-20T00:30:09.927+0000] {processor.py:208} INFO - Processing /home/ubuntu/airflow_venv/lib/python3.12/site-packages/airflow/example_dags/example_sensor_decorator.py took 0.066 seconds
[2024-11-20T00:31:03.916+0000] {processor.py:186} INFO - Started process (PID=3148) to work on /home/ubuntu/airflow_venv/lib/python3.12/site-packages/airflow/example_dags/example_sensor_decorator.py
[2024-11-20T00:31:03.919+0000] {processor.py:914} INFO - Processing file /home/ubuntu/airflow_venv/lib/python3.12/site-packages/airflow/example_dags/example_sensor_decorator.py for tasks to queue
[2024-11-20T00:31:03.920+0000] {logging_mixin.py:190} INFO - [2024-11-20T00:31:03.919+0000] {dagbag.py:588} INFO - Filling up the DagBag from /home/ubuntu/airflow_venv/lib/python3.12/site-packages/airflow/example_dags/example_sensor_decorator.py
[2024-11-20T00:31:03.929+0000] {processor.py:925} INFO - DAG(s) 'example_sensor_decorator' retrieved from /home/ubuntu/airflow_venv/lib/python3.12/site-packages/airflow/example_dags/example_sensor_decorator.py
[2024-11-20T00:31:03.943+0000] {logging_mixin.py:190} INFO - [2024-11-20T00:31:03.943+0000] {dag.py:3239} INFO - Sync 1 DAGs
[2024-11-20T00:31:03.956+0000] {logging_mixin.py:190} INFO - [2024-11-20T00:31:03.955+0000] {dag.py:4180} INFO - Setting next_dagrun for example_sensor_decorator to None, run_after=None
[2024-11-20T00:31:03.979+0000] {processor.py:208} INFO - Processing /home/ubuntu/airflow_venv/lib/python3.12/site-packages/airflow/example_dags/example_sensor_decorator.py took 0.068 seconds
[2024-11-20T00:31:59.335+0000] {processor.py:186} INFO - Started process (PID=3306) to work on /home/ubuntu/airflow_venv/lib/python3.12/site-packages/airflow/example_dags/example_sensor_decorator.py
[2024-11-20T00:31:59.336+0000] {processor.py:914} INFO - Processing file /home/ubuntu/airflow_venv/lib/python3.12/site-packages/airflow/example_dags/example_sensor_decorator.py for tasks to queue
[2024-11-20T00:31:59.337+0000] {logging_mixin.py:190} INFO - [2024-11-20T00:31:59.337+0000] {dagbag.py:588} INFO - Filling up the DagBag from /home/ubuntu/airflow_venv/lib/python3.12/site-packages/airflow/example_dags/example_sensor_decorator.py
[2024-11-20T00:31:59.345+0000] {processor.py:925} INFO - DAG(s) 'example_sensor_decorator' retrieved from /home/ubuntu/airflow_venv/lib/python3.12/site-packages/airflow/example_dags/example_sensor_decorator.py
[2024-11-20T00:31:59.360+0000] {logging_mixin.py:190} INFO - [2024-11-20T00:31:59.360+0000] {dag.py:3239} INFO - Sync 1 DAGs
[2024-11-20T00:31:59.372+0000] {logging_mixin.py:190} INFO - [2024-11-20T00:31:59.371+0000] {dag.py:4180} INFO - Setting next_dagrun for example_sensor_decorator to None, run_after=None
[2024-11-20T00:31:59.391+0000] {processor.py:208} INFO - Processing /home/ubuntu/airflow_venv/lib/python3.12/site-packages/airflow/example_dags/example_sensor_decorator.py took 0.063 seconds
[2024-11-20T00:32:52.406+0000] {processor.py:186} INFO - Started process (PID=3765) to work on /home/ubuntu/airflow_venv/lib/python3.12/site-packages/airflow/example_dags/example_sensor_decorator.py
[2024-11-20T00:32:52.409+0000] {processor.py:914} INFO - Processing file /home/ubuntu/airflow_venv/lib/python3.12/site-packages/airflow/example_dags/example_sensor_decorator.py for tasks to queue
[2024-11-20T00:32:52.410+0000] {logging_mixin.py:190} INFO - [2024-11-20T00:32:52.409+0000] {dagbag.py:588} INFO - Filling up the DagBag from /home/ubuntu/airflow_venv/lib/python3.12/site-packages/airflow/example_dags/example_sensor_decorator.py
[2024-11-20T00:32:52.420+0000] {processor.py:925} INFO - DAG(s) 'example_sensor_decorator' retrieved from /home/ubuntu/airflow_venv/lib/python3.12/site-packages/airflow/example_dags/example_sensor_decorator.py
[2024-11-20T00:32:52.434+0000] {logging_mixin.py:190} INFO - [2024-11-20T00:32:52.434+0000] {dag.py:3239} INFO - Sync 1 DAGs
[2024-11-20T00:32:52.448+0000] {logging_mixin.py:190} INFO - [2024-11-20T00:32:52.448+0000] {dag.py:4180} INFO - Setting next_dagrun for example_sensor_decorator to None, run_after=None
[2024-11-20T00:32:52.469+0000] {processor.py:208} INFO - Processing /home/ubuntu/airflow_venv/lib/python3.12/site-packages/airflow/example_dags/example_sensor_decorator.py took 0.068 seconds
[2024-11-20T00:33:56.943+0000] {processor.py:186} INFO - Started process (PID=3980) to work on /home/ubuntu/airflow_venv/lib/python3.12/site-packages/airflow/example_dags/example_sensor_decorator.py
[2024-11-20T00:33:56.945+0000] {processor.py:914} INFO - Processing file /home/ubuntu/airflow_venv/lib/python3.12/site-packages/airflow/example_dags/example_sensor_decorator.py for tasks to queue
[2024-11-20T00:33:56.947+0000] {logging_mixin.py:190} INFO - [2024-11-20T00:33:56.946+0000] {dagbag.py:588} INFO - Filling up the DagBag from /home/ubuntu/airflow_venv/lib/python3.12/site-packages/airflow/example_dags/example_sensor_decorator.py
[2024-11-20T00:33:56.955+0000] {processor.py:925} INFO - DAG(s) 'example_sensor_decorator' retrieved from /home/ubuntu/airflow_venv/lib/python3.12/site-packages/airflow/example_dags/example_sensor_decorator.py
[2024-11-20T00:33:56.969+0000] {logging_mixin.py:190} INFO - [2024-11-20T00:33:56.969+0000] {dag.py:3239} INFO - Sync 1 DAGs
[2024-11-20T00:33:56.983+0000] {logging_mixin.py:190} INFO - [2024-11-20T00:33:56.983+0000] {dag.py:4180} INFO - Setting next_dagrun for example_sensor_decorator to None, run_after=None
[2024-11-20T00:33:57.003+0000] {processor.py:208} INFO - Processing /home/ubuntu/airflow_venv/lib/python3.12/site-packages/airflow/example_dags/example_sensor_decorator.py took 0.066 seconds
[2024-11-20T00:34:56.136+0000] {processor.py:186} INFO - Started process (PID=4076) to work on /home/ubuntu/airflow_venv/lib/python3.12/site-packages/airflow/example_dags/example_sensor_decorator.py
[2024-11-20T00:34:56.139+0000] {processor.py:914} INFO - Processing file /home/ubuntu/airflow_venv/lib/python3.12/site-packages/airflow/example_dags/example_sensor_decorator.py for tasks to queue
[2024-11-20T00:34:56.140+0000] {logging_mixin.py:190} INFO - [2024-11-20T00:34:56.140+0000] {dagbag.py:588} INFO - Filling up the DagBag from /home/ubuntu/airflow_venv/lib/python3.12/site-packages/airflow/example_dags/example_sensor_decorator.py
[2024-11-20T00:34:56.149+0000] {processor.py:925} INFO - DAG(s) 'example_sensor_decorator' retrieved from /home/ubuntu/airflow_venv/lib/python3.12/site-packages/airflow/example_dags/example_sensor_decorator.py
[2024-11-20T00:34:56.163+0000] {logging_mixin.py:190} INFO - [2024-11-20T00:34:56.163+0000] {dag.py:3239} INFO - Sync 1 DAGs
[2024-11-20T00:34:56.175+0000] {logging_mixin.py:190} INFO - [2024-11-20T00:34:56.175+0000] {dag.py:4180} INFO - Setting next_dagrun for example_sensor_decorator to None, run_after=None
[2024-11-20T00:34:56.196+0000] {processor.py:208} INFO - Processing /home/ubuntu/airflow_venv/lib/python3.12/site-packages/airflow/example_dags/example_sensor_decorator.py took 0.065 seconds
[2024-11-20T00:35:50.402+0000] {processor.py:186} INFO - Started process (PID=4149) to work on /home/ubuntu/airflow_venv/lib/python3.12/site-packages/airflow/example_dags/example_sensor_decorator.py
[2024-11-20T00:35:50.403+0000] {processor.py:914} INFO - Processing file /home/ubuntu/airflow_venv/lib/python3.12/site-packages/airflow/example_dags/example_sensor_decorator.py for tasks to queue
[2024-11-20T00:35:50.405+0000] {logging_mixin.py:190} INFO - [2024-11-20T00:35:50.405+0000] {dagbag.py:588} INFO - Filling up the DagBag from /home/ubuntu/airflow_venv/lib/python3.12/site-packages/airflow/example_dags/example_sensor_decorator.py
[2024-11-20T00:35:50.413+0000] {processor.py:925} INFO - DAG(s) 'example_sensor_decorator' retrieved from /home/ubuntu/airflow_venv/lib/python3.12/site-packages/airflow/example_dags/example_sensor_decorator.py
[2024-11-20T00:35:50.428+0000] {logging_mixin.py:190} INFO - [2024-11-20T00:35:50.427+0000] {dag.py:3239} INFO - Sync 1 DAGs
[2024-11-20T00:35:50.440+0000] {logging_mixin.py:190} INFO - [2024-11-20T00:35:50.439+0000] {dag.py:4180} INFO - Setting next_dagrun for example_sensor_decorator to None, run_after=None
[2024-11-20T00:35:50.461+0000] {processor.py:208} INFO - Processing /home/ubuntu/airflow_venv/lib/python3.12/site-packages/airflow/example_dags/example_sensor_decorator.py took 0.065 seconds
[2024-11-20T00:36:44.690+0000] {processor.py:186} INFO - Started process (PID=4205) to work on /home/ubuntu/airflow_venv/lib/python3.12/site-packages/airflow/example_dags/example_sensor_decorator.py
[2024-11-20T00:36:44.691+0000] {processor.py:914} INFO - Processing file /home/ubuntu/airflow_venv/lib/python3.12/site-packages/airflow/example_dags/example_sensor_decorator.py for tasks to queue
[2024-11-20T00:36:44.695+0000] {logging_mixin.py:190} INFO - [2024-11-20T00:36:44.694+0000] {dagbag.py:588} INFO - Filling up the DagBag from /home/ubuntu/airflow_venv/lib/python3.12/site-packages/airflow/example_dags/example_sensor_decorator.py
[2024-11-20T00:36:44.705+0000] {processor.py:925} INFO - DAG(s) 'example_sensor_decorator' retrieved from /home/ubuntu/airflow_venv/lib/python3.12/site-packages/airflow/example_dags/example_sensor_decorator.py
[2024-11-20T00:36:44.721+0000] {logging_mixin.py:190} INFO - [2024-11-20T00:36:44.721+0000] {dag.py:3239} INFO - Sync 1 DAGs
[2024-11-20T00:36:44.732+0000] {logging_mixin.py:190} INFO - [2024-11-20T00:36:44.732+0000] {dag.py:4180} INFO - Setting next_dagrun for example_sensor_decorator to None, run_after=None
[2024-11-20T00:36:44.754+0000] {processor.py:208} INFO - Processing /home/ubuntu/airflow_venv/lib/python3.12/site-packages/airflow/example_dags/example_sensor_decorator.py took 0.078 seconds
[2024-11-20T00:37:39.974+0000] {processor.py:186} INFO - Started process (PID=4261) to work on /home/ubuntu/airflow_venv/lib/python3.12/site-packages/airflow/example_dags/example_sensor_decorator.py
[2024-11-20T00:37:39.976+0000] {processor.py:914} INFO - Processing file /home/ubuntu/airflow_venv/lib/python3.12/site-packages/airflow/example_dags/example_sensor_decorator.py for tasks to queue
[2024-11-20T00:37:39.977+0000] {logging_mixin.py:190} INFO - [2024-11-20T00:37:39.977+0000] {dagbag.py:588} INFO - Filling up the DagBag from /home/ubuntu/airflow_venv/lib/python3.12/site-packages/airflow/example_dags/example_sensor_decorator.py
[2024-11-20T00:37:39.986+0000] {processor.py:925} INFO - DAG(s) 'example_sensor_decorator' retrieved from /home/ubuntu/airflow_venv/lib/python3.12/site-packages/airflow/example_dags/example_sensor_decorator.py
[2024-11-20T00:37:40.001+0000] {logging_mixin.py:190} INFO - [2024-11-20T00:37:40.001+0000] {dag.py:3239} INFO - Sync 1 DAGs
[2024-11-20T00:37:40.015+0000] {logging_mixin.py:190} INFO - [2024-11-20T00:37:40.014+0000] {dag.py:4180} INFO - Setting next_dagrun for example_sensor_decorator to None, run_after=None
[2024-11-20T00:37:40.035+0000] {processor.py:208} INFO - Processing /home/ubuntu/airflow_venv/lib/python3.12/site-packages/airflow/example_dags/example_sensor_decorator.py took 0.069 seconds
[2024-11-20T00:38:37.115+0000] {processor.py:186} INFO - Started process (PID=4346) to work on /home/ubuntu/airflow_venv/lib/python3.12/site-packages/airflow/example_dags/example_sensor_decorator.py
[2024-11-20T00:38:37.116+0000] {processor.py:914} INFO - Processing file /home/ubuntu/airflow_venv/lib/python3.12/site-packages/airflow/example_dags/example_sensor_decorator.py for tasks to queue
[2024-11-20T00:38:37.118+0000] {logging_mixin.py:190} INFO - [2024-11-20T00:38:37.117+0000] {dagbag.py:588} INFO - Filling up the DagBag from /home/ubuntu/airflow_venv/lib/python3.12/site-packages/airflow/example_dags/example_sensor_decorator.py
[2024-11-20T00:38:37.126+0000] {processor.py:925} INFO - DAG(s) 'example_sensor_decorator' retrieved from /home/ubuntu/airflow_venv/lib/python3.12/site-packages/airflow/example_dags/example_sensor_decorator.py
[2024-11-20T00:38:37.141+0000] {logging_mixin.py:190} INFO - [2024-11-20T00:38:37.141+0000] {dag.py:3239} INFO - Sync 1 DAGs
[2024-11-20T00:38:37.153+0000] {logging_mixin.py:190} INFO - [2024-11-20T00:38:37.153+0000] {dag.py:4180} INFO - Setting next_dagrun for example_sensor_decorator to None, run_after=None
[2024-11-20T00:38:37.175+0000] {processor.py:208} INFO - Processing /home/ubuntu/airflow_venv/lib/python3.12/site-packages/airflow/example_dags/example_sensor_decorator.py took 0.066 seconds
[2024-11-20T00:39:29.382+0000] {processor.py:186} INFO - Started process (PID=4401) to work on /home/ubuntu/airflow_venv/lib/python3.12/site-packages/airflow/example_dags/example_sensor_decorator.py
[2024-11-20T00:39:29.384+0000] {processor.py:914} INFO - Processing file /home/ubuntu/airflow_venv/lib/python3.12/site-packages/airflow/example_dags/example_sensor_decorator.py for tasks to queue
[2024-11-20T00:39:29.386+0000] {logging_mixin.py:190} INFO - [2024-11-20T00:39:29.386+0000] {dagbag.py:588} INFO - Filling up the DagBag from /home/ubuntu/airflow_venv/lib/python3.12/site-packages/airflow/example_dags/example_sensor_decorator.py
[2024-11-20T00:39:29.394+0000] {processor.py:925} INFO - DAG(s) 'example_sensor_decorator' retrieved from /home/ubuntu/airflow_venv/lib/python3.12/site-packages/airflow/example_dags/example_sensor_decorator.py
[2024-11-20T00:39:29.409+0000] {logging_mixin.py:190} INFO - [2024-11-20T00:39:29.409+0000] {dag.py:3239} INFO - Sync 1 DAGs
[2024-11-20T00:39:29.421+0000] {logging_mixin.py:190} INFO - [2024-11-20T00:39:29.421+0000] {dag.py:4180} INFO - Setting next_dagrun for example_sensor_decorator to None, run_after=None
[2024-11-20T00:39:29.442+0000] {processor.py:208} INFO - Processing /home/ubuntu/airflow_venv/lib/python3.12/site-packages/airflow/example_dags/example_sensor_decorator.py took 0.067 seconds
[2024-11-20T00:40:35.431+0000] {processor.py:186} INFO - Started process (PID=4503) to work on /home/ubuntu/airflow_venv/lib/python3.12/site-packages/airflow/example_dags/example_sensor_decorator.py
[2024-11-20T00:40:35.433+0000] {processor.py:914} INFO - Processing file /home/ubuntu/airflow_venv/lib/python3.12/site-packages/airflow/example_dags/example_sensor_decorator.py for tasks to queue
[2024-11-20T00:40:35.435+0000] {logging_mixin.py:190} INFO - [2024-11-20T00:40:35.434+0000] {dagbag.py:588} INFO - Filling up the DagBag from /home/ubuntu/airflow_venv/lib/python3.12/site-packages/airflow/example_dags/example_sensor_decorator.py
[2024-11-20T00:40:35.443+0000] {processor.py:925} INFO - DAG(s) 'example_sensor_decorator' retrieved from /home/ubuntu/airflow_venv/lib/python3.12/site-packages/airflow/example_dags/example_sensor_decorator.py
[2024-11-20T00:40:35.457+0000] {logging_mixin.py:190} INFO - [2024-11-20T00:40:35.457+0000] {dag.py:3239} INFO - Sync 1 DAGs
[2024-11-20T00:40:35.469+0000] {logging_mixin.py:190} INFO - [2024-11-20T00:40:35.469+0000] {dag.py:4180} INFO - Setting next_dagrun for example_sensor_decorator to None, run_after=None
[2024-11-20T00:40:35.497+0000] {processor.py:208} INFO - Processing /home/ubuntu/airflow_venv/lib/python3.12/site-packages/airflow/example_dags/example_sensor_decorator.py took 0.072 seconds
[2024-11-20T00:41:29.211+0000] {processor.py:186} INFO - Started process (PID=4559) to work on /home/ubuntu/airflow_venv/lib/python3.12/site-packages/airflow/example_dags/example_sensor_decorator.py
[2024-11-20T00:41:29.213+0000] {processor.py:914} INFO - Processing file /home/ubuntu/airflow_venv/lib/python3.12/site-packages/airflow/example_dags/example_sensor_decorator.py for tasks to queue
[2024-11-20T00:41:29.215+0000] {logging_mixin.py:190} INFO - [2024-11-20T00:41:29.214+0000] {dagbag.py:588} INFO - Filling up the DagBag from /home/ubuntu/airflow_venv/lib/python3.12/site-packages/airflow/example_dags/example_sensor_decorator.py
[2024-11-20T00:41:29.223+0000] {processor.py:925} INFO - DAG(s) 'example_sensor_decorator' retrieved from /home/ubuntu/airflow_venv/lib/python3.12/site-packages/airflow/example_dags/example_sensor_decorator.py
[2024-11-20T00:41:29.238+0000] {logging_mixin.py:190} INFO - [2024-11-20T00:41:29.238+0000] {dag.py:3239} INFO - Sync 1 DAGs
[2024-11-20T00:41:29.251+0000] {logging_mixin.py:190} INFO - [2024-11-20T00:41:29.251+0000] {dag.py:4180} INFO - Setting next_dagrun for example_sensor_decorator to None, run_after=None
[2024-11-20T00:41:29.273+0000] {processor.py:208} INFO - Processing /home/ubuntu/airflow_venv/lib/python3.12/site-packages/airflow/example_dags/example_sensor_decorator.py took 0.069 seconds
[2024-11-20T00:42:21.052+0000] {processor.py:186} INFO - Started process (PID=4613) to work on /home/ubuntu/airflow_venv/lib/python3.12/site-packages/airflow/example_dags/example_sensor_decorator.py
[2024-11-20T00:42:21.053+0000] {processor.py:914} INFO - Processing file /home/ubuntu/airflow_venv/lib/python3.12/site-packages/airflow/example_dags/example_sensor_decorator.py for tasks to queue
[2024-11-20T00:42:21.055+0000] {logging_mixin.py:190} INFO - [2024-11-20T00:42:21.055+0000] {dagbag.py:588} INFO - Filling up the DagBag from /home/ubuntu/airflow_venv/lib/python3.12/site-packages/airflow/example_dags/example_sensor_decorator.py
[2024-11-20T00:42:21.063+0000] {processor.py:925} INFO - DAG(s) 'example_sensor_decorator' retrieved from /home/ubuntu/airflow_venv/lib/python3.12/site-packages/airflow/example_dags/example_sensor_decorator.py
[2024-11-20T00:42:21.078+0000] {logging_mixin.py:190} INFO - [2024-11-20T00:42:21.078+0000] {dag.py:3239} INFO - Sync 1 DAGs
[2024-11-20T00:42:21.092+0000] {logging_mixin.py:190} INFO - [2024-11-20T00:42:21.092+0000] {dag.py:4180} INFO - Setting next_dagrun for example_sensor_decorator to None, run_after=None
[2024-11-20T00:42:21.114+0000] {processor.py:208} INFO - Processing /home/ubuntu/airflow_venv/lib/python3.12/site-packages/airflow/example_dags/example_sensor_decorator.py took 0.069 seconds
[2024-11-20T00:43:19.625+0000] {processor.py:186} INFO - Started process (PID=4673) to work on /home/ubuntu/airflow_venv/lib/python3.12/site-packages/airflow/example_dags/example_sensor_decorator.py
[2024-11-20T00:43:19.627+0000] {processor.py:914} INFO - Processing file /home/ubuntu/airflow_venv/lib/python3.12/site-packages/airflow/example_dags/example_sensor_decorator.py for tasks to queue
[2024-11-20T00:43:19.628+0000] {logging_mixin.py:190} INFO - [2024-11-20T00:43:19.628+0000] {dagbag.py:588} INFO - Filling up the DagBag from /home/ubuntu/airflow_venv/lib/python3.12/site-packages/airflow/example_dags/example_sensor_decorator.py
[2024-11-20T00:43:19.637+0000] {processor.py:925} INFO - DAG(s) 'example_sensor_decorator' retrieved from /home/ubuntu/airflow_venv/lib/python3.12/site-packages/airflow/example_dags/example_sensor_decorator.py
[2024-11-20T00:43:19.652+0000] {logging_mixin.py:190} INFO - [2024-11-20T00:43:19.652+0000] {dag.py:3239} INFO - Sync 1 DAGs
[2024-11-20T00:43:19.665+0000] {logging_mixin.py:190} INFO - [2024-11-20T00:43:19.664+0000] {dag.py:4180} INFO - Setting next_dagrun for example_sensor_decorator to None, run_after=None
[2024-11-20T00:43:19.689+0000] {processor.py:208} INFO - Processing /home/ubuntu/airflow_venv/lib/python3.12/site-packages/airflow/example_dags/example_sensor_decorator.py took 0.070 seconds
[2024-11-20T00:44:13.706+0000] {processor.py:186} INFO - Started process (PID=4730) to work on /home/ubuntu/airflow_venv/lib/python3.12/site-packages/airflow/example_dags/example_sensor_decorator.py
[2024-11-20T00:44:13.707+0000] {processor.py:914} INFO - Processing file /home/ubuntu/airflow_venv/lib/python3.12/site-packages/airflow/example_dags/example_sensor_decorator.py for tasks to queue
[2024-11-20T00:44:13.709+0000] {logging_mixin.py:190} INFO - [2024-11-20T00:44:13.708+0000] {dagbag.py:588} INFO - Filling up the DagBag from /home/ubuntu/airflow_venv/lib/python3.12/site-packages/airflow/example_dags/example_sensor_decorator.py
[2024-11-20T00:44:13.717+0000] {processor.py:925} INFO - DAG(s) 'example_sensor_decorator' retrieved from /home/ubuntu/airflow_venv/lib/python3.12/site-packages/airflow/example_dags/example_sensor_decorator.py
[2024-11-20T00:44:13.732+0000] {logging_mixin.py:190} INFO - [2024-11-20T00:44:13.732+0000] {dag.py:3239} INFO - Sync 1 DAGs
[2024-11-20T00:44:13.744+0000] {logging_mixin.py:190} INFO - [2024-11-20T00:44:13.744+0000] {dag.py:4180} INFO - Setting next_dagrun for example_sensor_decorator to None, run_after=None
[2024-11-20T00:44:13.765+0000] {processor.py:208} INFO - Processing /home/ubuntu/airflow_venv/lib/python3.12/site-packages/airflow/example_dags/example_sensor_decorator.py took 0.066 seconds
[2024-11-20T00:45:08.581+0000] {processor.py:186} INFO - Started process (PID=4788) to work on /home/ubuntu/airflow_venv/lib/python3.12/site-packages/airflow/example_dags/example_sensor_decorator.py
[2024-11-20T00:45:08.583+0000] {processor.py:914} INFO - Processing file /home/ubuntu/airflow_venv/lib/python3.12/site-packages/airflow/example_dags/example_sensor_decorator.py for tasks to queue
[2024-11-20T00:45:08.584+0000] {logging_mixin.py:190} INFO - [2024-11-20T00:45:08.584+0000] {dagbag.py:588} INFO - Filling up the DagBag from /home/ubuntu/airflow_venv/lib/python3.12/site-packages/airflow/example_dags/example_sensor_decorator.py
[2024-11-20T00:45:08.593+0000] {processor.py:925} INFO - DAG(s) 'example_sensor_decorator' retrieved from /home/ubuntu/airflow_venv/lib/python3.12/site-packages/airflow/example_dags/example_sensor_decorator.py
[2024-11-20T00:45:08.607+0000] {logging_mixin.py:190} INFO - [2024-11-20T00:45:08.607+0000] {dag.py:3239} INFO - Sync 1 DAGs
[2024-11-20T00:45:08.619+0000] {logging_mixin.py:190} INFO - [2024-11-20T00:45:08.619+0000] {dag.py:4180} INFO - Setting next_dagrun for example_sensor_decorator to None, run_after=None
[2024-11-20T00:45:08.640+0000] {processor.py:208} INFO - Processing /home/ubuntu/airflow_venv/lib/python3.12/site-packages/airflow/example_dags/example_sensor_decorator.py took 0.067 seconds
[2024-11-20T00:46:02.964+0000] {processor.py:186} INFO - Started process (PID=4844) to work on /home/ubuntu/airflow_venv/lib/python3.12/site-packages/airflow/example_dags/example_sensor_decorator.py
[2024-11-20T00:46:02.965+0000] {processor.py:914} INFO - Processing file /home/ubuntu/airflow_venv/lib/python3.12/site-packages/airflow/example_dags/example_sensor_decorator.py for tasks to queue
[2024-11-20T00:46:02.967+0000] {logging_mixin.py:190} INFO - [2024-11-20T00:46:02.966+0000] {dagbag.py:588} INFO - Filling up the DagBag from /home/ubuntu/airflow_venv/lib/python3.12/site-packages/airflow/example_dags/example_sensor_decorator.py
[2024-11-20T00:46:02.975+0000] {processor.py:925} INFO - DAG(s) 'example_sensor_decorator' retrieved from /home/ubuntu/airflow_venv/lib/python3.12/site-packages/airflow/example_dags/example_sensor_decorator.py
[2024-11-20T00:46:02.991+0000] {logging_mixin.py:190} INFO - [2024-11-20T00:46:02.991+0000] {dag.py:3239} INFO - Sync 1 DAGs
[2024-11-20T00:46:03.003+0000] {logging_mixin.py:190} INFO - [2024-11-20T00:46:03.003+0000] {dag.py:4180} INFO - Setting next_dagrun for example_sensor_decorator to None, run_after=None
[2024-11-20T00:46:03.026+0000] {processor.py:208} INFO - Processing /home/ubuntu/airflow_venv/lib/python3.12/site-packages/airflow/example_dags/example_sensor_decorator.py took 0.070 seconds
[2024-11-20T00:46:56.502+0000] {processor.py:186} INFO - Started process (PID=4900) to work on /home/ubuntu/airflow_venv/lib/python3.12/site-packages/airflow/example_dags/example_sensor_decorator.py
[2024-11-20T00:46:56.504+0000] {processor.py:914} INFO - Processing file /home/ubuntu/airflow_venv/lib/python3.12/site-packages/airflow/example_dags/example_sensor_decorator.py for tasks to queue
[2024-11-20T00:46:56.506+0000] {logging_mixin.py:190} INFO - [2024-11-20T00:46:56.505+0000] {dagbag.py:588} INFO - Filling up the DagBag from /home/ubuntu/airflow_venv/lib/python3.12/site-packages/airflow/example_dags/example_sensor_decorator.py
[2024-11-20T00:46:56.515+0000] {processor.py:925} INFO - DAG(s) 'example_sensor_decorator' retrieved from /home/ubuntu/airflow_venv/lib/python3.12/site-packages/airflow/example_dags/example_sensor_decorator.py
[2024-11-20T00:46:56.530+0000] {logging_mixin.py:190} INFO - [2024-11-20T00:46:56.530+0000] {dag.py:3239} INFO - Sync 1 DAGs
[2024-11-20T00:46:56.542+0000] {logging_mixin.py:190} INFO - [2024-11-20T00:46:56.542+0000] {dag.py:4180} INFO - Setting next_dagrun for example_sensor_decorator to None, run_after=None
[2024-11-20T00:46:56.564+0000] {processor.py:208} INFO - Processing /home/ubuntu/airflow_venv/lib/python3.12/site-packages/airflow/example_dags/example_sensor_decorator.py took 0.069 seconds
[2024-11-20T00:47:49.013+0000] {processor.py:186} INFO - Started process (PID=4955) to work on /home/ubuntu/airflow_venv/lib/python3.12/site-packages/airflow/example_dags/example_sensor_decorator.py
[2024-11-20T00:47:49.014+0000] {processor.py:914} INFO - Processing file /home/ubuntu/airflow_venv/lib/python3.12/site-packages/airflow/example_dags/example_sensor_decorator.py for tasks to queue
[2024-11-20T00:47:49.017+0000] {logging_mixin.py:190} INFO - [2024-11-20T00:47:49.016+0000] {dagbag.py:588} INFO - Filling up the DagBag from /home/ubuntu/airflow_venv/lib/python3.12/site-packages/airflow/example_dags/example_sensor_decorator.py
[2024-11-20T00:47:49.025+0000] {processor.py:925} INFO - DAG(s) 'example_sensor_decorator' retrieved from /home/ubuntu/airflow_venv/lib/python3.12/site-packages/airflow/example_dags/example_sensor_decorator.py
[2024-11-20T00:47:49.039+0000] {logging_mixin.py:190} INFO - [2024-11-20T00:47:49.039+0000] {dag.py:3239} INFO - Sync 1 DAGs
[2024-11-20T00:47:49.052+0000] {logging_mixin.py:190} INFO - [2024-11-20T00:47:49.052+0000] {dag.py:4180} INFO - Setting next_dagrun for example_sensor_decorator to None, run_after=None
[2024-11-20T00:47:49.074+0000] {processor.py:208} INFO - Processing /home/ubuntu/airflow_venv/lib/python3.12/site-packages/airflow/example_dags/example_sensor_decorator.py took 0.067 seconds
[2024-11-20T00:48:42.151+0000] {processor.py:186} INFO - Started process (PID=5009) to work on /home/ubuntu/airflow_venv/lib/python3.12/site-packages/airflow/example_dags/example_sensor_decorator.py
[2024-11-20T00:48:42.153+0000] {processor.py:914} INFO - Processing file /home/ubuntu/airflow_venv/lib/python3.12/site-packages/airflow/example_dags/example_sensor_decorator.py for tasks to queue
[2024-11-20T00:48:42.155+0000] {logging_mixin.py:190} INFO - [2024-11-20T00:48:42.155+0000] {dagbag.py:588} INFO - Filling up the DagBag from /home/ubuntu/airflow_venv/lib/python3.12/site-packages/airflow/example_dags/example_sensor_decorator.py
[2024-11-20T00:48:42.163+0000] {processor.py:925} INFO - DAG(s) 'example_sensor_decorator' retrieved from /home/ubuntu/airflow_venv/lib/python3.12/site-packages/airflow/example_dags/example_sensor_decorator.py
[2024-11-20T00:48:42.178+0000] {logging_mixin.py:190} INFO - [2024-11-20T00:48:42.177+0000] {dag.py:3239} INFO - Sync 1 DAGs
[2024-11-20T00:48:42.191+0000] {logging_mixin.py:190} INFO - [2024-11-20T00:48:42.191+0000] {dag.py:4180} INFO - Setting next_dagrun for example_sensor_decorator to None, run_after=None
[2024-11-20T00:48:42.213+0000] {processor.py:208} INFO - Processing /home/ubuntu/airflow_venv/lib/python3.12/site-packages/airflow/example_dags/example_sensor_decorator.py took 0.069 seconds
[2024-11-20T00:49:36.523+0000] {processor.py:186} INFO - Started process (PID=5067) to work on /home/ubuntu/airflow_venv/lib/python3.12/site-packages/airflow/example_dags/example_sensor_decorator.py
[2024-11-20T00:49:36.525+0000] {processor.py:914} INFO - Processing file /home/ubuntu/airflow_venv/lib/python3.12/site-packages/airflow/example_dags/example_sensor_decorator.py for tasks to queue
[2024-11-20T00:49:36.526+0000] {logging_mixin.py:190} INFO - [2024-11-20T00:49:36.526+0000] {dagbag.py:588} INFO - Filling up the DagBag from /home/ubuntu/airflow_venv/lib/python3.12/site-packages/airflow/example_dags/example_sensor_decorator.py
[2024-11-20T00:49:36.536+0000] {processor.py:925} INFO - DAG(s) 'example_sensor_decorator' retrieved from /home/ubuntu/airflow_venv/lib/python3.12/site-packages/airflow/example_dags/example_sensor_decorator.py
[2024-11-20T00:49:36.550+0000] {logging_mixin.py:190} INFO - [2024-11-20T00:49:36.550+0000] {dag.py:3239} INFO - Sync 1 DAGs
[2024-11-20T00:49:36.562+0000] {logging_mixin.py:190} INFO - [2024-11-20T00:49:36.561+0000] {dag.py:4180} INFO - Setting next_dagrun for example_sensor_decorator to None, run_after=None
[2024-11-20T00:49:36.584+0000] {processor.py:208} INFO - Processing /home/ubuntu/airflow_venv/lib/python3.12/site-packages/airflow/example_dags/example_sensor_decorator.py took 0.068 seconds
[2024-11-20T00:50:30.167+0000] {processor.py:186} INFO - Started process (PID=5126) to work on /home/ubuntu/airflow_venv/lib/python3.12/site-packages/airflow/example_dags/example_sensor_decorator.py
[2024-11-20T00:50:30.168+0000] {processor.py:914} INFO - Processing file /home/ubuntu/airflow_venv/lib/python3.12/site-packages/airflow/example_dags/example_sensor_decorator.py for tasks to queue
[2024-11-20T00:50:30.170+0000] {logging_mixin.py:190} INFO - [2024-11-20T00:50:30.169+0000] {dagbag.py:588} INFO - Filling up the DagBag from /home/ubuntu/airflow_venv/lib/python3.12/site-packages/airflow/example_dags/example_sensor_decorator.py
[2024-11-20T00:50:30.178+0000] {processor.py:925} INFO - DAG(s) 'example_sensor_decorator' retrieved from /home/ubuntu/airflow_venv/lib/python3.12/site-packages/airflow/example_dags/example_sensor_decorator.py
[2024-11-20T00:50:30.193+0000] {logging_mixin.py:190} INFO - [2024-11-20T00:50:30.193+0000] {dag.py:3239} INFO - Sync 1 DAGs
[2024-11-20T00:50:30.205+0000] {logging_mixin.py:190} INFO - [2024-11-20T00:50:30.205+0000] {dag.py:4180} INFO - Setting next_dagrun for example_sensor_decorator to None, run_after=None
[2024-11-20T00:50:30.230+0000] {processor.py:208} INFO - Processing /home/ubuntu/airflow_venv/lib/python3.12/site-packages/airflow/example_dags/example_sensor_decorator.py took 0.070 seconds
[2024-11-20T00:51:26.067+0000] {processor.py:186} INFO - Started process (PID=5181) to work on /home/ubuntu/airflow_venv/lib/python3.12/site-packages/airflow/example_dags/example_sensor_decorator.py
[2024-11-20T00:51:26.069+0000] {processor.py:914} INFO - Processing file /home/ubuntu/airflow_venv/lib/python3.12/site-packages/airflow/example_dags/example_sensor_decorator.py for tasks to queue
[2024-11-20T00:51:26.071+0000] {logging_mixin.py:190} INFO - [2024-11-20T00:51:26.069+0000] {dagbag.py:588} INFO - Filling up the DagBag from /home/ubuntu/airflow_venv/lib/python3.12/site-packages/airflow/example_dags/example_sensor_decorator.py
[2024-11-20T00:51:26.079+0000] {processor.py:925} INFO - DAG(s) 'example_sensor_decorator' retrieved from /home/ubuntu/airflow_venv/lib/python3.12/site-packages/airflow/example_dags/example_sensor_decorator.py
[2024-11-20T00:51:26.094+0000] {logging_mixin.py:190} INFO - [2024-11-20T00:51:26.094+0000] {dag.py:3239} INFO - Sync 1 DAGs
[2024-11-20T00:51:26.107+0000] {logging_mixin.py:190} INFO - [2024-11-20T00:51:26.107+0000] {dag.py:4180} INFO - Setting next_dagrun for example_sensor_decorator to None, run_after=None
[2024-11-20T00:51:26.129+0000] {processor.py:208} INFO - Processing /home/ubuntu/airflow_venv/lib/python3.12/site-packages/airflow/example_dags/example_sensor_decorator.py took 0.069 seconds
[2024-11-20T00:52:23.794+0000] {processor.py:186} INFO - Started process (PID=5242) to work on /home/ubuntu/airflow_venv/lib/python3.12/site-packages/airflow/example_dags/example_sensor_decorator.py
[2024-11-20T00:52:23.796+0000] {processor.py:914} INFO - Processing file /home/ubuntu/airflow_venv/lib/python3.12/site-packages/airflow/example_dags/example_sensor_decorator.py for tasks to queue
[2024-11-20T00:52:23.797+0000] {logging_mixin.py:190} INFO - [2024-11-20T00:52:23.797+0000] {dagbag.py:588} INFO - Filling up the DagBag from /home/ubuntu/airflow_venv/lib/python3.12/site-packages/airflow/example_dags/example_sensor_decorator.py
[2024-11-20T00:52:23.807+0000] {processor.py:925} INFO - DAG(s) 'example_sensor_decorator' retrieved from /home/ubuntu/airflow_venv/lib/python3.12/site-packages/airflow/example_dags/example_sensor_decorator.py
[2024-11-20T00:52:23.822+0000] {logging_mixin.py:190} INFO - [2024-11-20T00:52:23.822+0000] {dag.py:3239} INFO - Sync 1 DAGs
[2024-11-20T00:52:23.834+0000] {logging_mixin.py:190} INFO - [2024-11-20T00:52:23.834+0000] {dag.py:4180} INFO - Setting next_dagrun for example_sensor_decorator to None, run_after=None
[2024-11-20T00:52:23.855+0000] {processor.py:208} INFO - Processing /home/ubuntu/airflow_venv/lib/python3.12/site-packages/airflow/example_dags/example_sensor_decorator.py took 0.068 seconds
[2024-11-20T00:53:20.582+0000] {processor.py:186} INFO - Started process (PID=5299) to work on /home/ubuntu/airflow_venv/lib/python3.12/site-packages/airflow/example_dags/example_sensor_decorator.py
[2024-11-20T00:53:20.583+0000] {processor.py:914} INFO - Processing file /home/ubuntu/airflow_venv/lib/python3.12/site-packages/airflow/example_dags/example_sensor_decorator.py for tasks to queue
[2024-11-20T00:53:20.585+0000] {logging_mixin.py:190} INFO - [2024-11-20T00:53:20.584+0000] {dagbag.py:588} INFO - Filling up the DagBag from /home/ubuntu/airflow_venv/lib/python3.12/site-packages/airflow/example_dags/example_sensor_decorator.py
[2024-11-20T00:53:20.592+0000] {processor.py:925} INFO - DAG(s) 'example_sensor_decorator' retrieved from /home/ubuntu/airflow_venv/lib/python3.12/site-packages/airflow/example_dags/example_sensor_decorator.py
[2024-11-20T00:53:20.607+0000] {logging_mixin.py:190} INFO - [2024-11-20T00:53:20.607+0000] {dag.py:3239} INFO - Sync 1 DAGs
[2024-11-20T00:53:20.620+0000] {logging_mixin.py:190} INFO - [2024-11-20T00:53:20.620+0000] {dag.py:4180} INFO - Setting next_dagrun for example_sensor_decorator to None, run_after=None
[2024-11-20T00:53:20.642+0000] {processor.py:208} INFO - Processing /home/ubuntu/airflow_venv/lib/python3.12/site-packages/airflow/example_dags/example_sensor_decorator.py took 0.067 seconds
[2024-11-20T00:54:16.418+0000] {processor.py:186} INFO - Started process (PID=5369) to work on /home/ubuntu/airflow_venv/lib/python3.12/site-packages/airflow/example_dags/example_sensor_decorator.py
[2024-11-20T00:54:16.419+0000] {processor.py:914} INFO - Processing file /home/ubuntu/airflow_venv/lib/python3.12/site-packages/airflow/example_dags/example_sensor_decorator.py for tasks to queue
[2024-11-20T00:54:16.421+0000] {logging_mixin.py:190} INFO - [2024-11-20T00:54:16.421+0000] {dagbag.py:588} INFO - Filling up the DagBag from /home/ubuntu/airflow_venv/lib/python3.12/site-packages/airflow/example_dags/example_sensor_decorator.py
[2024-11-20T00:54:16.429+0000] {processor.py:925} INFO - DAG(s) 'example_sensor_decorator' retrieved from /home/ubuntu/airflow_venv/lib/python3.12/site-packages/airflow/example_dags/example_sensor_decorator.py
[2024-11-20T00:54:16.444+0000] {logging_mixin.py:190} INFO - [2024-11-20T00:54:16.444+0000] {dag.py:3239} INFO - Sync 1 DAGs
[2024-11-20T00:54:16.456+0000] {logging_mixin.py:190} INFO - [2024-11-20T00:54:16.456+0000] {dag.py:4180} INFO - Setting next_dagrun for example_sensor_decorator to None, run_after=None
[2024-11-20T00:54:16.477+0000] {processor.py:208} INFO - Processing /home/ubuntu/airflow_venv/lib/python3.12/site-packages/airflow/example_dags/example_sensor_decorator.py took 0.066 seconds
[2024-11-20T00:55:07.911+0000] {processor.py:186} INFO - Started process (PID=5425) to work on /home/ubuntu/airflow_venv/lib/python3.12/site-packages/airflow/example_dags/example_sensor_decorator.py
[2024-11-20T00:55:07.912+0000] {processor.py:914} INFO - Processing file /home/ubuntu/airflow_venv/lib/python3.12/site-packages/airflow/example_dags/example_sensor_decorator.py for tasks to queue
[2024-11-20T00:55:07.913+0000] {logging_mixin.py:190} INFO - [2024-11-20T00:55:07.913+0000] {dagbag.py:588} INFO - Filling up the DagBag from /home/ubuntu/airflow_venv/lib/python3.12/site-packages/airflow/example_dags/example_sensor_decorator.py
[2024-11-20T00:55:07.921+0000] {processor.py:925} INFO - DAG(s) 'example_sensor_decorator' retrieved from /home/ubuntu/airflow_venv/lib/python3.12/site-packages/airflow/example_dags/example_sensor_decorator.py
[2024-11-20T00:55:07.937+0000] {logging_mixin.py:190} INFO - [2024-11-20T00:55:07.937+0000] {dag.py:3239} INFO - Sync 1 DAGs
[2024-11-20T00:55:07.950+0000] {logging_mixin.py:190} INFO - [2024-11-20T00:55:07.949+0000] {dag.py:4180} INFO - Setting next_dagrun for example_sensor_decorator to None, run_after=None
[2024-11-20T00:55:07.973+0000] {processor.py:208} INFO - Processing /home/ubuntu/airflow_venv/lib/python3.12/site-packages/airflow/example_dags/example_sensor_decorator.py took 0.069 seconds
[2024-11-20T00:56:00.146+0000] {processor.py:186} INFO - Started process (PID=5482) to work on /home/ubuntu/airflow_venv/lib/python3.12/site-packages/airflow/example_dags/example_sensor_decorator.py
[2024-11-20T00:56:00.148+0000] {processor.py:914} INFO - Processing file /home/ubuntu/airflow_venv/lib/python3.12/site-packages/airflow/example_dags/example_sensor_decorator.py for tasks to queue
[2024-11-20T00:56:00.150+0000] {logging_mixin.py:190} INFO - [2024-11-20T00:56:00.149+0000] {dagbag.py:588} INFO - Filling up the DagBag from /home/ubuntu/airflow_venv/lib/python3.12/site-packages/airflow/example_dags/example_sensor_decorator.py
[2024-11-20T00:56:00.158+0000] {processor.py:925} INFO - DAG(s) 'example_sensor_decorator' retrieved from /home/ubuntu/airflow_venv/lib/python3.12/site-packages/airflow/example_dags/example_sensor_decorator.py
[2024-11-20T00:56:00.173+0000] {logging_mixin.py:190} INFO - [2024-11-20T00:56:00.173+0000] {dag.py:3239} INFO - Sync 1 DAGs
[2024-11-20T00:56:00.185+0000] {logging_mixin.py:190} INFO - [2024-11-20T00:56:00.184+0000] {dag.py:4180} INFO - Setting next_dagrun for example_sensor_decorator to None, run_after=None
[2024-11-20T00:56:00.206+0000] {processor.py:208} INFO - Processing /home/ubuntu/airflow_venv/lib/python3.12/site-packages/airflow/example_dags/example_sensor_decorator.py took 0.066 seconds
[2024-11-20T00:56:54.745+0000] {processor.py:186} INFO - Started process (PID=5539) to work on /home/ubuntu/airflow_venv/lib/python3.12/site-packages/airflow/example_dags/example_sensor_decorator.py
[2024-11-20T00:56:54.747+0000] {processor.py:914} INFO - Processing file /home/ubuntu/airflow_venv/lib/python3.12/site-packages/airflow/example_dags/example_sensor_decorator.py for tasks to queue
[2024-11-20T00:56:54.748+0000] {logging_mixin.py:190} INFO - [2024-11-20T00:56:54.747+0000] {dagbag.py:588} INFO - Filling up the DagBag from /home/ubuntu/airflow_venv/lib/python3.12/site-packages/airflow/example_dags/example_sensor_decorator.py
[2024-11-20T00:56:54.757+0000] {processor.py:925} INFO - DAG(s) 'example_sensor_decorator' retrieved from /home/ubuntu/airflow_venv/lib/python3.12/site-packages/airflow/example_dags/example_sensor_decorator.py
[2024-11-20T00:56:54.772+0000] {logging_mixin.py:190} INFO - [2024-11-20T00:56:54.772+0000] {dag.py:3239} INFO - Sync 1 DAGs
[2024-11-20T00:56:54.783+0000] {logging_mixin.py:190} INFO - [2024-11-20T00:56:54.783+0000] {dag.py:4180} INFO - Setting next_dagrun for example_sensor_decorator to None, run_after=None
[2024-11-20T00:56:54.806+0000] {processor.py:208} INFO - Processing /home/ubuntu/airflow_venv/lib/python3.12/site-packages/airflow/example_dags/example_sensor_decorator.py took 0.068 seconds
[2024-11-20T00:57:47.273+0000] {processor.py:186} INFO - Started process (PID=5594) to work on /home/ubuntu/airflow_venv/lib/python3.12/site-packages/airflow/example_dags/example_sensor_decorator.py
[2024-11-20T00:57:47.274+0000] {processor.py:914} INFO - Processing file /home/ubuntu/airflow_venv/lib/python3.12/site-packages/airflow/example_dags/example_sensor_decorator.py for tasks to queue
[2024-11-20T00:57:47.276+0000] {logging_mixin.py:190} INFO - [2024-11-20T00:57:47.275+0000] {dagbag.py:588} INFO - Filling up the DagBag from /home/ubuntu/airflow_venv/lib/python3.12/site-packages/airflow/example_dags/example_sensor_decorator.py
[2024-11-20T00:57:47.284+0000] {processor.py:925} INFO - DAG(s) 'example_sensor_decorator' retrieved from /home/ubuntu/airflow_venv/lib/python3.12/site-packages/airflow/example_dags/example_sensor_decorator.py
[2024-11-20T00:57:47.299+0000] {logging_mixin.py:190} INFO - [2024-11-20T00:57:47.299+0000] {dag.py:3239} INFO - Sync 1 DAGs
[2024-11-20T00:57:47.311+0000] {logging_mixin.py:190} INFO - [2024-11-20T00:57:47.311+0000] {dag.py:4180} INFO - Setting next_dagrun for example_sensor_decorator to None, run_after=None
[2024-11-20T00:57:47.332+0000] {processor.py:208} INFO - Processing /home/ubuntu/airflow_venv/lib/python3.12/site-packages/airflow/example_dags/example_sensor_decorator.py took 0.066 seconds
[2024-11-20T00:58:38.889+0000] {processor.py:186} INFO - Started process (PID=5649) to work on /home/ubuntu/airflow_venv/lib/python3.12/site-packages/airflow/example_dags/example_sensor_decorator.py
[2024-11-20T00:58:38.890+0000] {processor.py:914} INFO - Processing file /home/ubuntu/airflow_venv/lib/python3.12/site-packages/airflow/example_dags/example_sensor_decorator.py for tasks to queue
[2024-11-20T00:58:38.892+0000] {logging_mixin.py:190} INFO - [2024-11-20T00:58:38.891+0000] {dagbag.py:588} INFO - Filling up the DagBag from /home/ubuntu/airflow_venv/lib/python3.12/site-packages/airflow/example_dags/example_sensor_decorator.py
[2024-11-20T00:58:38.900+0000] {processor.py:925} INFO - DAG(s) 'example_sensor_decorator' retrieved from /home/ubuntu/airflow_venv/lib/python3.12/site-packages/airflow/example_dags/example_sensor_decorator.py
[2024-11-20T00:58:38.915+0000] {logging_mixin.py:190} INFO - [2024-11-20T00:58:38.915+0000] {dag.py:3239} INFO - Sync 1 DAGs
[2024-11-20T00:58:38.928+0000] {logging_mixin.py:190} INFO - [2024-11-20T00:58:38.928+0000] {dag.py:4180} INFO - Setting next_dagrun for example_sensor_decorator to None, run_after=None
[2024-11-20T00:58:38.950+0000] {processor.py:208} INFO - Processing /home/ubuntu/airflow_venv/lib/python3.12/site-packages/airflow/example_dags/example_sensor_decorator.py took 0.068 seconds
[2024-11-20T00:59:31.514+0000] {processor.py:186} INFO - Started process (PID=5707) to work on /home/ubuntu/airflow_venv/lib/python3.12/site-packages/airflow/example_dags/example_sensor_decorator.py
[2024-11-20T00:59:31.515+0000] {processor.py:914} INFO - Processing file /home/ubuntu/airflow_venv/lib/python3.12/site-packages/airflow/example_dags/example_sensor_decorator.py for tasks to queue
[2024-11-20T00:59:31.517+0000] {logging_mixin.py:190} INFO - [2024-11-20T00:59:31.516+0000] {dagbag.py:588} INFO - Filling up the DagBag from /home/ubuntu/airflow_venv/lib/python3.12/site-packages/airflow/example_dags/example_sensor_decorator.py
[2024-11-20T00:59:31.525+0000] {processor.py:925} INFO - DAG(s) 'example_sensor_decorator' retrieved from /home/ubuntu/airflow_venv/lib/python3.12/site-packages/airflow/example_dags/example_sensor_decorator.py
[2024-11-20T00:59:31.539+0000] {logging_mixin.py:190} INFO - [2024-11-20T00:59:31.539+0000] {dag.py:3239} INFO - Sync 1 DAGs
[2024-11-20T00:59:31.551+0000] {logging_mixin.py:190} INFO - [2024-11-20T00:59:31.550+0000] {dag.py:4180} INFO - Setting next_dagrun for example_sensor_decorator to None, run_after=None
[2024-11-20T00:59:31.574+0000] {processor.py:208} INFO - Processing /home/ubuntu/airflow_venv/lib/python3.12/site-packages/airflow/example_dags/example_sensor_decorator.py took 0.066 seconds
[2024-11-20T01:00:25.485+0000] {processor.py:186} INFO - Started process (PID=5766) to work on /home/ubuntu/airflow_venv/lib/python3.12/site-packages/airflow/example_dags/example_sensor_decorator.py
[2024-11-20T01:00:25.487+0000] {processor.py:914} INFO - Processing file /home/ubuntu/airflow_venv/lib/python3.12/site-packages/airflow/example_dags/example_sensor_decorator.py for tasks to queue
[2024-11-20T01:00:25.489+0000] {logging_mixin.py:190} INFO - [2024-11-20T01:00:25.488+0000] {dagbag.py:588} INFO - Filling up the DagBag from /home/ubuntu/airflow_venv/lib/python3.12/site-packages/airflow/example_dags/example_sensor_decorator.py
[2024-11-20T01:00:25.497+0000] {processor.py:925} INFO - DAG(s) 'example_sensor_decorator' retrieved from /home/ubuntu/airflow_venv/lib/python3.12/site-packages/airflow/example_dags/example_sensor_decorator.py
[2024-11-20T01:00:25.512+0000] {logging_mixin.py:190} INFO - [2024-11-20T01:00:25.511+0000] {dag.py:3239} INFO - Sync 1 DAGs
[2024-11-20T01:00:25.523+0000] {logging_mixin.py:190} INFO - [2024-11-20T01:00:25.523+0000] {dag.py:4180} INFO - Setting next_dagrun for example_sensor_decorator to None, run_after=None
[2024-11-20T01:00:25.545+0000] {processor.py:208} INFO - Processing /home/ubuntu/airflow_venv/lib/python3.12/site-packages/airflow/example_dags/example_sensor_decorator.py took 0.067 seconds
[2024-11-20T01:01:21.414+0000] {processor.py:186} INFO - Started process (PID=5823) to work on /home/ubuntu/airflow_venv/lib/python3.12/site-packages/airflow/example_dags/example_sensor_decorator.py
[2024-11-20T01:01:21.416+0000] {processor.py:914} INFO - Processing file /home/ubuntu/airflow_venv/lib/python3.12/site-packages/airflow/example_dags/example_sensor_decorator.py for tasks to queue
[2024-11-20T01:01:21.418+0000] {logging_mixin.py:190} INFO - [2024-11-20T01:01:21.417+0000] {dagbag.py:588} INFO - Filling up the DagBag from /home/ubuntu/airflow_venv/lib/python3.12/site-packages/airflow/example_dags/example_sensor_decorator.py
[2024-11-20T01:01:21.426+0000] {processor.py:925} INFO - DAG(s) 'example_sensor_decorator' retrieved from /home/ubuntu/airflow_venv/lib/python3.12/site-packages/airflow/example_dags/example_sensor_decorator.py
[2024-11-20T01:01:21.441+0000] {logging_mixin.py:190} INFO - [2024-11-20T01:01:21.441+0000] {dag.py:3239} INFO - Sync 1 DAGs
[2024-11-20T01:01:21.453+0000] {logging_mixin.py:190} INFO - [2024-11-20T01:01:21.452+0000] {dag.py:4180} INFO - Setting next_dagrun for example_sensor_decorator to None, run_after=None
[2024-11-20T01:01:21.476+0000] {processor.py:208} INFO - Processing /home/ubuntu/airflow_venv/lib/python3.12/site-packages/airflow/example_dags/example_sensor_decorator.py took 0.069 seconds
[2024-11-20T01:02:36.131+0000] {processor.py:186} INFO - Started process (PID=5905) to work on /home/ubuntu/airflow_venv/lib/python3.12/site-packages/airflow/example_dags/example_sensor_decorator.py
[2024-11-20T01:02:36.134+0000] {processor.py:914} INFO - Processing file /home/ubuntu/airflow_venv/lib/python3.12/site-packages/airflow/example_dags/example_sensor_decorator.py for tasks to queue
[2024-11-20T01:02:36.136+0000] {logging_mixin.py:190} INFO - [2024-11-20T01:02:36.135+0000] {dagbag.py:588} INFO - Filling up the DagBag from /home/ubuntu/airflow_venv/lib/python3.12/site-packages/airflow/example_dags/example_sensor_decorator.py
[2024-11-20T01:02:36.152+0000] {processor.py:925} INFO - DAG(s) 'example_sensor_decorator' retrieved from /home/ubuntu/airflow_venv/lib/python3.12/site-packages/airflow/example_dags/example_sensor_decorator.py
[2024-11-20T01:02:36.167+0000] {logging_mixin.py:190} INFO - [2024-11-20T01:02:36.167+0000] {dag.py:3239} INFO - Sync 1 DAGs
[2024-11-20T01:02:36.180+0000] {logging_mixin.py:190} INFO - [2024-11-20T01:02:36.180+0000] {dag.py:4180} INFO - Setting next_dagrun for example_sensor_decorator to None, run_after=None
[2024-11-20T01:02:36.201+0000] {processor.py:208} INFO - Processing /home/ubuntu/airflow_venv/lib/python3.12/site-packages/airflow/example_dags/example_sensor_decorator.py took 0.077 seconds
[2024-11-20T01:03:31.921+0000] {processor.py:186} INFO - Started process (PID=5961) to work on /home/ubuntu/airflow_venv/lib/python3.12/site-packages/airflow/example_dags/example_sensor_decorator.py
[2024-11-20T01:03:31.923+0000] {processor.py:914} INFO - Processing file /home/ubuntu/airflow_venv/lib/python3.12/site-packages/airflow/example_dags/example_sensor_decorator.py for tasks to queue
[2024-11-20T01:03:31.925+0000] {logging_mixin.py:190} INFO - [2024-11-20T01:03:31.924+0000] {dagbag.py:588} INFO - Filling up the DagBag from /home/ubuntu/airflow_venv/lib/python3.12/site-packages/airflow/example_dags/example_sensor_decorator.py
[2024-11-20T01:03:31.933+0000] {processor.py:925} INFO - DAG(s) 'example_sensor_decorator' retrieved from /home/ubuntu/airflow_venv/lib/python3.12/site-packages/airflow/example_dags/example_sensor_decorator.py
[2024-11-20T01:03:31.948+0000] {logging_mixin.py:190} INFO - [2024-11-20T01:03:31.948+0000] {dag.py:3239} INFO - Sync 1 DAGs
[2024-11-20T01:03:31.960+0000] {logging_mixin.py:190} INFO - [2024-11-20T01:03:31.960+0000] {dag.py:4180} INFO - Setting next_dagrun for example_sensor_decorator to None, run_after=None
[2024-11-20T01:03:31.983+0000] {processor.py:208} INFO - Processing /home/ubuntu/airflow_venv/lib/python3.12/site-packages/airflow/example_dags/example_sensor_decorator.py took 0.069 seconds
[2024-11-20T01:04:28.362+0000] {processor.py:186} INFO - Started process (PID=6020) to work on /home/ubuntu/airflow_venv/lib/python3.12/site-packages/airflow/example_dags/example_sensor_decorator.py
[2024-11-20T01:04:28.364+0000] {processor.py:914} INFO - Processing file /home/ubuntu/airflow_venv/lib/python3.12/site-packages/airflow/example_dags/example_sensor_decorator.py for tasks to queue
[2024-11-20T01:04:28.366+0000] {logging_mixin.py:190} INFO - [2024-11-20T01:04:28.365+0000] {dagbag.py:588} INFO - Filling up the DagBag from /home/ubuntu/airflow_venv/lib/python3.12/site-packages/airflow/example_dags/example_sensor_decorator.py
[2024-11-20T01:04:28.375+0000] {processor.py:925} INFO - DAG(s) 'example_sensor_decorator' retrieved from /home/ubuntu/airflow_venv/lib/python3.12/site-packages/airflow/example_dags/example_sensor_decorator.py
[2024-11-20T01:04:28.390+0000] {logging_mixin.py:190} INFO - [2024-11-20T01:04:28.390+0000] {dag.py:3239} INFO - Sync 1 DAGs
[2024-11-20T01:04:28.402+0000] {logging_mixin.py:190} INFO - [2024-11-20T01:04:28.402+0000] {dag.py:4180} INFO - Setting next_dagrun for example_sensor_decorator to None, run_after=None
[2024-11-20T01:04:28.426+0000] {processor.py:208} INFO - Processing /home/ubuntu/airflow_venv/lib/python3.12/site-packages/airflow/example_dags/example_sensor_decorator.py took 0.070 seconds
[2024-11-20T01:05:23.625+0000] {processor.py:186} INFO - Started process (PID=6080) to work on /home/ubuntu/airflow_venv/lib/python3.12/site-packages/airflow/example_dags/example_sensor_decorator.py
[2024-11-20T01:05:23.627+0000] {processor.py:914} INFO - Processing file /home/ubuntu/airflow_venv/lib/python3.12/site-packages/airflow/example_dags/example_sensor_decorator.py for tasks to queue
[2024-11-20T01:05:23.630+0000] {logging_mixin.py:190} INFO - [2024-11-20T01:05:23.628+0000] {dagbag.py:588} INFO - Filling up the DagBag from /home/ubuntu/airflow_venv/lib/python3.12/site-packages/airflow/example_dags/example_sensor_decorator.py
[2024-11-20T01:05:23.638+0000] {processor.py:925} INFO - DAG(s) 'example_sensor_decorator' retrieved from /home/ubuntu/airflow_venv/lib/python3.12/site-packages/airflow/example_dags/example_sensor_decorator.py
[2024-11-20T01:05:23.654+0000] {logging_mixin.py:190} INFO - [2024-11-20T01:05:23.653+0000] {dag.py:3239} INFO - Sync 1 DAGs
[2024-11-20T01:05:23.665+0000] {logging_mixin.py:190} INFO - [2024-11-20T01:05:23.665+0000] {dag.py:4180} INFO - Setting next_dagrun for example_sensor_decorator to None, run_after=None
[2024-11-20T01:05:23.687+0000] {processor.py:208} INFO - Processing /home/ubuntu/airflow_venv/lib/python3.12/site-packages/airflow/example_dags/example_sensor_decorator.py took 0.068 seconds
[2024-11-20T01:06:16.686+0000] {processor.py:186} INFO - Started process (PID=6135) to work on /home/ubuntu/airflow_venv/lib/python3.12/site-packages/airflow/example_dags/example_sensor_decorator.py
[2024-11-20T01:06:16.687+0000] {processor.py:914} INFO - Processing file /home/ubuntu/airflow_venv/lib/python3.12/site-packages/airflow/example_dags/example_sensor_decorator.py for tasks to queue
[2024-11-20T01:06:16.689+0000] {logging_mixin.py:190} INFO - [2024-11-20T01:06:16.688+0000] {dagbag.py:588} INFO - Filling up the DagBag from /home/ubuntu/airflow_venv/lib/python3.12/site-packages/airflow/example_dags/example_sensor_decorator.py
[2024-11-20T01:06:16.698+0000] {processor.py:925} INFO - DAG(s) 'example_sensor_decorator' retrieved from /home/ubuntu/airflow_venv/lib/python3.12/site-packages/airflow/example_dags/example_sensor_decorator.py
[2024-11-20T01:06:16.713+0000] {logging_mixin.py:190} INFO - [2024-11-20T01:06:16.713+0000] {dag.py:3239} INFO - Sync 1 DAGs
[2024-11-20T01:06:16.726+0000] {logging_mixin.py:190} INFO - [2024-11-20T01:06:16.725+0000] {dag.py:4180} INFO - Setting next_dagrun for example_sensor_decorator to None, run_after=None
[2024-11-20T01:06:16.747+0000] {processor.py:208} INFO - Processing /home/ubuntu/airflow_venv/lib/python3.12/site-packages/airflow/example_dags/example_sensor_decorator.py took 0.069 seconds
[2024-11-20T01:07:09.298+0000] {processor.py:186} INFO - Started process (PID=6190) to work on /home/ubuntu/airflow_venv/lib/python3.12/site-packages/airflow/example_dags/example_sensor_decorator.py
[2024-11-20T01:07:09.300+0000] {processor.py:914} INFO - Processing file /home/ubuntu/airflow_venv/lib/python3.12/site-packages/airflow/example_dags/example_sensor_decorator.py for tasks to queue
[2024-11-20T01:07:09.301+0000] {logging_mixin.py:190} INFO - [2024-11-20T01:07:09.300+0000] {dagbag.py:588} INFO - Filling up the DagBag from /home/ubuntu/airflow_venv/lib/python3.12/site-packages/airflow/example_dags/example_sensor_decorator.py
[2024-11-20T01:07:09.310+0000] {processor.py:925} INFO - DAG(s) 'example_sensor_decorator' retrieved from /home/ubuntu/airflow_venv/lib/python3.12/site-packages/airflow/example_dags/example_sensor_decorator.py
[2024-11-20T01:07:09.324+0000] {logging_mixin.py:190} INFO - [2024-11-20T01:07:09.324+0000] {dag.py:3239} INFO - Sync 1 DAGs
[2024-11-20T01:07:09.337+0000] {logging_mixin.py:190} INFO - [2024-11-20T01:07:09.336+0000] {dag.py:4180} INFO - Setting next_dagrun for example_sensor_decorator to None, run_after=None
[2024-11-20T01:07:09.361+0000] {processor.py:208} INFO - Processing /home/ubuntu/airflow_venv/lib/python3.12/site-packages/airflow/example_dags/example_sensor_decorator.py took 0.069 seconds
[2024-11-20T01:08:02.807+0000] {processor.py:186} INFO - Started process (PID=6245) to work on /home/ubuntu/airflow_venv/lib/python3.12/site-packages/airflow/example_dags/example_sensor_decorator.py
[2024-11-20T01:08:02.808+0000] {processor.py:914} INFO - Processing file /home/ubuntu/airflow_venv/lib/python3.12/site-packages/airflow/example_dags/example_sensor_decorator.py for tasks to queue
[2024-11-20T01:08:02.810+0000] {logging_mixin.py:190} INFO - [2024-11-20T01:08:02.809+0000] {dagbag.py:588} INFO - Filling up the DagBag from /home/ubuntu/airflow_venv/lib/python3.12/site-packages/airflow/example_dags/example_sensor_decorator.py
[2024-11-20T01:08:02.818+0000] {processor.py:925} INFO - DAG(s) 'example_sensor_decorator' retrieved from /home/ubuntu/airflow_venv/lib/python3.12/site-packages/airflow/example_dags/example_sensor_decorator.py
[2024-11-20T01:08:02.833+0000] {logging_mixin.py:190} INFO - [2024-11-20T01:08:02.833+0000] {dag.py:3239} INFO - Sync 1 DAGs
[2024-11-20T01:08:02.845+0000] {logging_mixin.py:190} INFO - [2024-11-20T01:08:02.845+0000] {dag.py:4180} INFO - Setting next_dagrun for example_sensor_decorator to None, run_after=None
[2024-11-20T01:08:02.867+0000] {processor.py:208} INFO - Processing /home/ubuntu/airflow_venv/lib/python3.12/site-packages/airflow/example_dags/example_sensor_decorator.py took 0.066 seconds
[2024-11-20T01:08:57.121+0000] {processor.py:186} INFO - Started process (PID=6299) to work on /home/ubuntu/airflow_venv/lib/python3.12/site-packages/airflow/example_dags/example_sensor_decorator.py
[2024-11-20T01:08:57.122+0000] {processor.py:914} INFO - Processing file /home/ubuntu/airflow_venv/lib/python3.12/site-packages/airflow/example_dags/example_sensor_decorator.py for tasks to queue
[2024-11-20T01:08:57.123+0000] {logging_mixin.py:190} INFO - [2024-11-20T01:08:57.123+0000] {dagbag.py:588} INFO - Filling up the DagBag from /home/ubuntu/airflow_venv/lib/python3.12/site-packages/airflow/example_dags/example_sensor_decorator.py
[2024-11-20T01:08:57.132+0000] {processor.py:925} INFO - DAG(s) 'example_sensor_decorator' retrieved from /home/ubuntu/airflow_venv/lib/python3.12/site-packages/airflow/example_dags/example_sensor_decorator.py
[2024-11-20T01:08:57.146+0000] {logging_mixin.py:190} INFO - [2024-11-20T01:08:57.146+0000] {dag.py:3239} INFO - Sync 1 DAGs
[2024-11-20T01:08:57.158+0000] {logging_mixin.py:190} INFO - [2024-11-20T01:08:57.158+0000] {dag.py:4180} INFO - Setting next_dagrun for example_sensor_decorator to None, run_after=None
[2024-11-20T01:08:57.181+0000] {processor.py:208} INFO - Processing /home/ubuntu/airflow_venv/lib/python3.12/site-packages/airflow/example_dags/example_sensor_decorator.py took 0.067 seconds
[2024-11-20T01:09:55.749+0000] {processor.py:186} INFO - Started process (PID=6357) to work on /home/ubuntu/airflow_venv/lib/python3.12/site-packages/airflow/example_dags/example_sensor_decorator.py
[2024-11-20T01:09:55.750+0000] {processor.py:914} INFO - Processing file /home/ubuntu/airflow_venv/lib/python3.12/site-packages/airflow/example_dags/example_sensor_decorator.py for tasks to queue
[2024-11-20T01:09:55.752+0000] {logging_mixin.py:190} INFO - [2024-11-20T01:09:55.751+0000] {dagbag.py:588} INFO - Filling up the DagBag from /home/ubuntu/airflow_venv/lib/python3.12/site-packages/airflow/example_dags/example_sensor_decorator.py
[2024-11-20T01:09:55.760+0000] {processor.py:925} INFO - DAG(s) 'example_sensor_decorator' retrieved from /home/ubuntu/airflow_venv/lib/python3.12/site-packages/airflow/example_dags/example_sensor_decorator.py
[2024-11-20T01:09:55.775+0000] {logging_mixin.py:190} INFO - [2024-11-20T01:09:55.775+0000] {dag.py:3239} INFO - Sync 1 DAGs
[2024-11-20T01:09:55.786+0000] {logging_mixin.py:190} INFO - [2024-11-20T01:09:55.786+0000] {dag.py:4180} INFO - Setting next_dagrun for example_sensor_decorator to None, run_after=None
[2024-11-20T01:09:55.808+0000] {processor.py:208} INFO - Processing /home/ubuntu/airflow_venv/lib/python3.12/site-packages/airflow/example_dags/example_sensor_decorator.py took 0.066 seconds
[2024-11-20T01:10:52.638+0000] {processor.py:186} INFO - Started process (PID=6421) to work on /home/ubuntu/airflow_venv/lib/python3.12/site-packages/airflow/example_dags/example_sensor_decorator.py
[2024-11-20T01:10:52.639+0000] {processor.py:914} INFO - Processing file /home/ubuntu/airflow_venv/lib/python3.12/site-packages/airflow/example_dags/example_sensor_decorator.py for tasks to queue
[2024-11-20T01:10:52.641+0000] {logging_mixin.py:190} INFO - [2024-11-20T01:10:52.640+0000] {dagbag.py:588} INFO - Filling up the DagBag from /home/ubuntu/airflow_venv/lib/python3.12/site-packages/airflow/example_dags/example_sensor_decorator.py
[2024-11-20T01:10:52.649+0000] {processor.py:925} INFO - DAG(s) 'example_sensor_decorator' retrieved from /home/ubuntu/airflow_venv/lib/python3.12/site-packages/airflow/example_dags/example_sensor_decorator.py
[2024-11-20T01:10:52.664+0000] {logging_mixin.py:190} INFO - [2024-11-20T01:10:52.664+0000] {dag.py:3239} INFO - Sync 1 DAGs
[2024-11-20T01:10:52.675+0000] {logging_mixin.py:190} INFO - [2024-11-20T01:10:52.675+0000] {dag.py:4180} INFO - Setting next_dagrun for example_sensor_decorator to None, run_after=None
[2024-11-20T01:10:52.697+0000] {processor.py:208} INFO - Processing /home/ubuntu/airflow_venv/lib/python3.12/site-packages/airflow/example_dags/example_sensor_decorator.py took 0.066 seconds
[2024-11-20T01:11:46.565+0000] {processor.py:186} INFO - Started process (PID=6476) to work on /home/ubuntu/airflow_venv/lib/python3.12/site-packages/airflow/example_dags/example_sensor_decorator.py
[2024-11-20T01:11:46.566+0000] {processor.py:914} INFO - Processing file /home/ubuntu/airflow_venv/lib/python3.12/site-packages/airflow/example_dags/example_sensor_decorator.py for tasks to queue
[2024-11-20T01:11:46.569+0000] {logging_mixin.py:190} INFO - [2024-11-20T01:11:46.568+0000] {dagbag.py:588} INFO - Filling up the DagBag from /home/ubuntu/airflow_venv/lib/python3.12/site-packages/airflow/example_dags/example_sensor_decorator.py
[2024-11-20T01:11:46.577+0000] {processor.py:925} INFO - DAG(s) 'example_sensor_decorator' retrieved from /home/ubuntu/airflow_venv/lib/python3.12/site-packages/airflow/example_dags/example_sensor_decorator.py
[2024-11-20T01:11:46.591+0000] {logging_mixin.py:190} INFO - [2024-11-20T01:11:46.591+0000] {dag.py:3239} INFO - Sync 1 DAGs
[2024-11-20T01:11:46.604+0000] {logging_mixin.py:190} INFO - [2024-11-20T01:11:46.604+0000] {dag.py:4180} INFO - Setting next_dagrun for example_sensor_decorator to None, run_after=None
[2024-11-20T01:11:46.629+0000] {processor.py:208} INFO - Processing /home/ubuntu/airflow_venv/lib/python3.12/site-packages/airflow/example_dags/example_sensor_decorator.py took 0.070 seconds
[2024-11-20T01:12:39.302+0000] {processor.py:186} INFO - Started process (PID=6531) to work on /home/ubuntu/airflow_venv/lib/python3.12/site-packages/airflow/example_dags/example_sensor_decorator.py
[2024-11-20T01:12:39.304+0000] {processor.py:914} INFO - Processing file /home/ubuntu/airflow_venv/lib/python3.12/site-packages/airflow/example_dags/example_sensor_decorator.py for tasks to queue
[2024-11-20T01:12:39.305+0000] {logging_mixin.py:190} INFO - [2024-11-20T01:12:39.304+0000] {dagbag.py:588} INFO - Filling up the DagBag from /home/ubuntu/airflow_venv/lib/python3.12/site-packages/airflow/example_dags/example_sensor_decorator.py
[2024-11-20T01:12:39.313+0000] {processor.py:925} INFO - DAG(s) 'example_sensor_decorator' retrieved from /home/ubuntu/airflow_venv/lib/python3.12/site-packages/airflow/example_dags/example_sensor_decorator.py
[2024-11-20T01:12:39.328+0000] {logging_mixin.py:190} INFO - [2024-11-20T01:12:39.328+0000] {dag.py:3239} INFO - Sync 1 DAGs
[2024-11-20T01:12:39.341+0000] {logging_mixin.py:190} INFO - [2024-11-20T01:12:39.341+0000] {dag.py:4180} INFO - Setting next_dagrun for example_sensor_decorator to None, run_after=None
[2024-11-20T01:12:39.361+0000] {processor.py:208} INFO - Processing /home/ubuntu/airflow_venv/lib/python3.12/site-packages/airflow/example_dags/example_sensor_decorator.py took 0.067 seconds
