[2024-11-20T00:16:38.481+0000] {processor.py:186} INFO - Started process (PID=2053) to work on /home/ubuntu/airflow_venv/lib/python3.12/site-packages/airflow/example_dags/example_display_name.py
[2024-11-20T00:16:38.482+0000] {processor.py:914} INFO - Processing file /home/ubuntu/airflow_venv/lib/python3.12/site-packages/airflow/example_dags/example_display_name.py for tasks to queue
[2024-11-20T00:16:38.484+0000] {logging_mixin.py:190} INFO - [2024-11-20T00:16:38.483+0000] {dagbag.py:588} INFO - Filling up the DagBag from /home/ubuntu/airflow_venv/lib/python3.12/site-packages/airflow/example_dags/example_display_name.py
[2024-11-20T00:16:38.492+0000] {processor.py:925} INFO - DAG(s) 'example_display_name' retrieved from /home/ubuntu/airflow_venv/lib/python3.12/site-packages/airflow/example_dags/example_display_name.py
[2024-11-20T00:16:38.508+0000] {logging_mixin.py:190} INFO - [2024-11-20T00:16:38.507+0000] {dag.py:3239} INFO - Sync 1 DAGs
[2024-11-20T00:16:38.519+0000] {logging_mixin.py:190} INFO - [2024-11-20T00:16:38.519+0000] {dag.py:4180} INFO - Setting next_dagrun for example_display_name to None, run_after=None
[2024-11-20T00:16:38.542+0000] {processor.py:208} INFO - Processing /home/ubuntu/airflow_venv/lib/python3.12/site-packages/airflow/example_dags/example_display_name.py took 0.066 seconds
[2024-11-20T00:17:38.480+0000] {processor.py:186} INFO - Started process (PID=2123) to work on /home/ubuntu/airflow_venv/lib/python3.12/site-packages/airflow/example_dags/example_display_name.py
[2024-11-20T00:17:38.482+0000] {processor.py:914} INFO - Processing file /home/ubuntu/airflow_venv/lib/python3.12/site-packages/airflow/example_dags/example_display_name.py for tasks to queue
[2024-11-20T00:17:38.485+0000] {logging_mixin.py:190} INFO - [2024-11-20T00:17:38.484+0000] {dagbag.py:588} INFO - Filling up the DagBag from /home/ubuntu/airflow_venv/lib/python3.12/site-packages/airflow/example_dags/example_display_name.py
[2024-11-20T00:17:38.492+0000] {processor.py:925} INFO - DAG(s) 'example_display_name' retrieved from /home/ubuntu/airflow_venv/lib/python3.12/site-packages/airflow/example_dags/example_display_name.py
[2024-11-20T00:17:38.507+0000] {logging_mixin.py:190} INFO - [2024-11-20T00:17:38.507+0000] {dag.py:3239} INFO - Sync 1 DAGs
[2024-11-20T00:17:38.518+0000] {logging_mixin.py:190} INFO - [2024-11-20T00:17:38.518+0000] {dag.py:4180} INFO - Setting next_dagrun for example_display_name to None, run_after=None
[2024-11-20T00:17:38.541+0000] {processor.py:208} INFO - Processing /home/ubuntu/airflow_venv/lib/python3.12/site-packages/airflow/example_dags/example_display_name.py took 0.066 seconds
[2024-11-20T00:18:32.646+0000] {processor.py:186} INFO - Started process (PID=2181) to work on /home/ubuntu/airflow_venv/lib/python3.12/site-packages/airflow/example_dags/example_display_name.py
[2024-11-20T00:18:32.648+0000] {processor.py:914} INFO - Processing file /home/ubuntu/airflow_venv/lib/python3.12/site-packages/airflow/example_dags/example_display_name.py for tasks to queue
[2024-11-20T00:18:32.650+0000] {logging_mixin.py:190} INFO - [2024-11-20T00:18:32.649+0000] {dagbag.py:588} INFO - Filling up the DagBag from /home/ubuntu/airflow_venv/lib/python3.12/site-packages/airflow/example_dags/example_display_name.py
[2024-11-20T00:18:32.658+0000] {processor.py:925} INFO - DAG(s) 'example_display_name' retrieved from /home/ubuntu/airflow_venv/lib/python3.12/site-packages/airflow/example_dags/example_display_name.py
[2024-11-20T00:18:32.673+0000] {logging_mixin.py:190} INFO - [2024-11-20T00:18:32.673+0000] {dag.py:3239} INFO - Sync 1 DAGs
[2024-11-20T00:18:32.684+0000] {logging_mixin.py:190} INFO - [2024-11-20T00:18:32.683+0000] {dag.py:4180} INFO - Setting next_dagrun for example_display_name to None, run_after=None
[2024-11-20T00:18:32.704+0000] {processor.py:208} INFO - Processing /home/ubuntu/airflow_venv/lib/python3.12/site-packages/airflow/example_dags/example_display_name.py took 0.063 seconds
[2024-11-20T00:19:29.215+0000] {processor.py:186} INFO - Started process (PID=2240) to work on /home/ubuntu/airflow_venv/lib/python3.12/site-packages/airflow/example_dags/example_display_name.py
[2024-11-20T00:19:29.217+0000] {processor.py:914} INFO - Processing file /home/ubuntu/airflow_venv/lib/python3.12/site-packages/airflow/example_dags/example_display_name.py for tasks to queue
[2024-11-20T00:19:29.219+0000] {logging_mixin.py:190} INFO - [2024-11-20T00:19:29.219+0000] {dagbag.py:588} INFO - Filling up the DagBag from /home/ubuntu/airflow_venv/lib/python3.12/site-packages/airflow/example_dags/example_display_name.py
[2024-11-20T00:19:29.226+0000] {processor.py:925} INFO - DAG(s) 'example_display_name' retrieved from /home/ubuntu/airflow_venv/lib/python3.12/site-packages/airflow/example_dags/example_display_name.py
[2024-11-20T00:19:29.241+0000] {logging_mixin.py:190} INFO - [2024-11-20T00:19:29.241+0000] {dag.py:3239} INFO - Sync 1 DAGs
[2024-11-20T00:19:29.253+0000] {logging_mixin.py:190} INFO - [2024-11-20T00:19:29.253+0000] {dag.py:4180} INFO - Setting next_dagrun for example_display_name to None, run_after=None
[2024-11-20T00:19:29.275+0000] {processor.py:208} INFO - Processing /home/ubuntu/airflow_venv/lib/python3.12/site-packages/airflow/example_dags/example_display_name.py took 0.065 seconds
[2024-11-20T00:20:22.408+0000] {processor.py:186} INFO - Started process (PID=2295) to work on /home/ubuntu/airflow_venv/lib/python3.12/site-packages/airflow/example_dags/example_display_name.py
[2024-11-20T00:20:22.409+0000] {processor.py:914} INFO - Processing file /home/ubuntu/airflow_venv/lib/python3.12/site-packages/airflow/example_dags/example_display_name.py for tasks to queue
[2024-11-20T00:20:22.412+0000] {logging_mixin.py:190} INFO - [2024-11-20T00:20:22.411+0000] {dagbag.py:588} INFO - Filling up the DagBag from /home/ubuntu/airflow_venv/lib/python3.12/site-packages/airflow/example_dags/example_display_name.py
[2024-11-20T00:20:22.420+0000] {processor.py:925} INFO - DAG(s) 'example_display_name' retrieved from /home/ubuntu/airflow_venv/lib/python3.12/site-packages/airflow/example_dags/example_display_name.py
[2024-11-20T00:20:22.434+0000] {logging_mixin.py:190} INFO - [2024-11-20T00:20:22.433+0000] {dag.py:3239} INFO - Sync 1 DAGs
[2024-11-20T00:20:22.445+0000] {logging_mixin.py:190} INFO - [2024-11-20T00:20:22.445+0000] {dag.py:4180} INFO - Setting next_dagrun for example_display_name to None, run_after=None
[2024-11-20T00:20:22.469+0000] {processor.py:208} INFO - Processing /home/ubuntu/airflow_venv/lib/python3.12/site-packages/airflow/example_dags/example_display_name.py took 0.066 seconds
[2024-11-20T00:21:18.534+0000] {processor.py:186} INFO - Started process (PID=2353) to work on /home/ubuntu/airflow_venv/lib/python3.12/site-packages/airflow/example_dags/example_display_name.py
[2024-11-20T00:21:18.535+0000] {processor.py:914} INFO - Processing file /home/ubuntu/airflow_venv/lib/python3.12/site-packages/airflow/example_dags/example_display_name.py for tasks to queue
[2024-11-20T00:21:18.537+0000] {logging_mixin.py:190} INFO - [2024-11-20T00:21:18.537+0000] {dagbag.py:588} INFO - Filling up the DagBag from /home/ubuntu/airflow_venv/lib/python3.12/site-packages/airflow/example_dags/example_display_name.py
[2024-11-20T00:21:18.545+0000] {processor.py:925} INFO - DAG(s) 'example_display_name' retrieved from /home/ubuntu/airflow_venv/lib/python3.12/site-packages/airflow/example_dags/example_display_name.py
[2024-11-20T00:21:18.559+0000] {logging_mixin.py:190} INFO - [2024-11-20T00:21:18.559+0000] {dag.py:3239} INFO - Sync 1 DAGs
[2024-11-20T00:21:18.691+0000] {logging_mixin.py:190} INFO - [2024-11-20T00:21:18.691+0000] {dag.py:4180} INFO - Setting next_dagrun for example_display_name to None, run_after=None
[2024-11-20T00:21:18.711+0000] {processor.py:208} INFO - Processing /home/ubuntu/airflow_venv/lib/python3.12/site-packages/airflow/example_dags/example_display_name.py took 0.184 seconds
[2024-11-20T00:22:19.470+0000] {processor.py:186} INFO - Started process (PID=2417) to work on /home/ubuntu/airflow_venv/lib/python3.12/site-packages/airflow/example_dags/example_display_name.py
[2024-11-20T00:22:19.471+0000] {processor.py:914} INFO - Processing file /home/ubuntu/airflow_venv/lib/python3.12/site-packages/airflow/example_dags/example_display_name.py for tasks to queue
[2024-11-20T00:22:19.473+0000] {logging_mixin.py:190} INFO - [2024-11-20T00:22:19.473+0000] {dagbag.py:588} INFO - Filling up the DagBag from /home/ubuntu/airflow_venv/lib/python3.12/site-packages/airflow/example_dags/example_display_name.py
[2024-11-20T00:22:19.482+0000] {processor.py:925} INFO - DAG(s) 'example_display_name' retrieved from /home/ubuntu/airflow_venv/lib/python3.12/site-packages/airflow/example_dags/example_display_name.py
[2024-11-20T00:22:19.496+0000] {logging_mixin.py:190} INFO - [2024-11-20T00:22:19.496+0000] {dag.py:3239} INFO - Sync 1 DAGs
[2024-11-20T00:22:19.508+0000] {logging_mixin.py:190} INFO - [2024-11-20T00:22:19.508+0000] {dag.py:4180} INFO - Setting next_dagrun for example_display_name to None, run_after=None
[2024-11-20T00:22:19.529+0000] {processor.py:208} INFO - Processing /home/ubuntu/airflow_venv/lib/python3.12/site-packages/airflow/example_dags/example_display_name.py took 0.065 seconds
[2024-11-20T00:23:15.026+0000] {processor.py:186} INFO - Started process (PID=2473) to work on /home/ubuntu/airflow_venv/lib/python3.12/site-packages/airflow/example_dags/example_display_name.py
[2024-11-20T00:23:15.028+0000] {processor.py:914} INFO - Processing file /home/ubuntu/airflow_venv/lib/python3.12/site-packages/airflow/example_dags/example_display_name.py for tasks to queue
[2024-11-20T00:23:15.030+0000] {logging_mixin.py:190} INFO - [2024-11-20T00:23:15.030+0000] {dagbag.py:588} INFO - Filling up the DagBag from /home/ubuntu/airflow_venv/lib/python3.12/site-packages/airflow/example_dags/example_display_name.py
[2024-11-20T00:23:15.041+0000] {processor.py:925} INFO - DAG(s) 'example_display_name' retrieved from /home/ubuntu/airflow_venv/lib/python3.12/site-packages/airflow/example_dags/example_display_name.py
[2024-11-20T00:23:15.069+0000] {logging_mixin.py:190} INFO - [2024-11-20T00:23:15.069+0000] {dag.py:3239} INFO - Sync 1 DAGs
[2024-11-20T00:23:15.080+0000] {logging_mixin.py:190} INFO - [2024-11-20T00:23:15.080+0000] {dag.py:4180} INFO - Setting next_dagrun for example_display_name to None, run_after=None
[2024-11-20T00:23:15.105+0000] {processor.py:208} INFO - Processing /home/ubuntu/airflow_venv/lib/python3.12/site-packages/airflow/example_dags/example_display_name.py took 0.084 seconds
[2024-11-20T00:24:10.096+0000] {processor.py:186} INFO - Started process (PID=2530) to work on /home/ubuntu/airflow_venv/lib/python3.12/site-packages/airflow/example_dags/example_display_name.py
[2024-11-20T00:24:10.098+0000] {processor.py:914} INFO - Processing file /home/ubuntu/airflow_venv/lib/python3.12/site-packages/airflow/example_dags/example_display_name.py for tasks to queue
[2024-11-20T00:24:10.100+0000] {logging_mixin.py:190} INFO - [2024-11-20T00:24:10.099+0000] {dagbag.py:588} INFO - Filling up the DagBag from /home/ubuntu/airflow_venv/lib/python3.12/site-packages/airflow/example_dags/example_display_name.py
[2024-11-20T00:24:10.108+0000] {processor.py:925} INFO - DAG(s) 'example_display_name' retrieved from /home/ubuntu/airflow_venv/lib/python3.12/site-packages/airflow/example_dags/example_display_name.py
[2024-11-20T00:24:10.124+0000] {logging_mixin.py:190} INFO - [2024-11-20T00:24:10.124+0000] {dag.py:3239} INFO - Sync 1 DAGs
[2024-11-20T00:24:10.137+0000] {logging_mixin.py:190} INFO - [2024-11-20T00:24:10.136+0000] {dag.py:4180} INFO - Setting next_dagrun for example_display_name to None, run_after=None
[2024-11-20T00:24:10.159+0000] {processor.py:208} INFO - Processing /home/ubuntu/airflow_venv/lib/python3.12/site-packages/airflow/example_dags/example_display_name.py took 0.069 seconds
[2024-11-20T00:25:04.423+0000] {processor.py:186} INFO - Started process (PID=2589) to work on /home/ubuntu/airflow_venv/lib/python3.12/site-packages/airflow/example_dags/example_display_name.py
[2024-11-20T00:25:04.424+0000] {processor.py:914} INFO - Processing file /home/ubuntu/airflow_venv/lib/python3.12/site-packages/airflow/example_dags/example_display_name.py for tasks to queue
[2024-11-20T00:25:04.427+0000] {logging_mixin.py:190} INFO - [2024-11-20T00:25:04.426+0000] {dagbag.py:588} INFO - Filling up the DagBag from /home/ubuntu/airflow_venv/lib/python3.12/site-packages/airflow/example_dags/example_display_name.py
[2024-11-20T00:25:04.434+0000] {processor.py:925} INFO - DAG(s) 'example_display_name' retrieved from /home/ubuntu/airflow_venv/lib/python3.12/site-packages/airflow/example_dags/example_display_name.py
[2024-11-20T00:25:04.450+0000] {logging_mixin.py:190} INFO - [2024-11-20T00:25:04.450+0000] {dag.py:3239} INFO - Sync 1 DAGs
[2024-11-20T00:25:04.462+0000] {logging_mixin.py:190} INFO - [2024-11-20T00:25:04.462+0000] {dag.py:4180} INFO - Setting next_dagrun for example_display_name to None, run_after=None
[2024-11-20T00:25:04.485+0000] {processor.py:208} INFO - Processing /home/ubuntu/airflow_venv/lib/python3.12/site-packages/airflow/example_dags/example_display_name.py took 0.067 seconds
[2024-11-20T00:25:58.213+0000] {processor.py:186} INFO - Started process (PID=2645) to work on /home/ubuntu/airflow_venv/lib/python3.12/site-packages/airflow/example_dags/example_display_name.py
[2024-11-20T00:25:58.214+0000] {processor.py:914} INFO - Processing file /home/ubuntu/airflow_venv/lib/python3.12/site-packages/airflow/example_dags/example_display_name.py for tasks to queue
[2024-11-20T00:25:58.217+0000] {logging_mixin.py:190} INFO - [2024-11-20T00:25:58.215+0000] {dagbag.py:588} INFO - Filling up the DagBag from /home/ubuntu/airflow_venv/lib/python3.12/site-packages/airflow/example_dags/example_display_name.py
[2024-11-20T00:25:58.225+0000] {processor.py:925} INFO - DAG(s) 'example_display_name' retrieved from /home/ubuntu/airflow_venv/lib/python3.12/site-packages/airflow/example_dags/example_display_name.py
[2024-11-20T00:25:58.240+0000] {logging_mixin.py:190} INFO - [2024-11-20T00:25:58.239+0000] {dag.py:3239} INFO - Sync 1 DAGs
[2024-11-20T00:25:58.251+0000] {logging_mixin.py:190} INFO - [2024-11-20T00:25:58.251+0000] {dag.py:4180} INFO - Setting next_dagrun for example_display_name to None, run_after=None
[2024-11-20T00:25:58.276+0000] {processor.py:208} INFO - Processing /home/ubuntu/airflow_venv/lib/python3.12/site-packages/airflow/example_dags/example_display_name.py took 0.069 seconds
[2024-11-20T00:27:11.824+0000] {processor.py:186} INFO - Started process (PID=2741) to work on /home/ubuntu/airflow_venv/lib/python3.12/site-packages/airflow/example_dags/example_display_name.py
[2024-11-20T00:27:11.825+0000] {processor.py:914} INFO - Processing file /home/ubuntu/airflow_venv/lib/python3.12/site-packages/airflow/example_dags/example_display_name.py for tasks to queue
[2024-11-20T00:27:11.828+0000] {logging_mixin.py:190} INFO - [2024-11-20T00:27:11.827+0000] {dagbag.py:588} INFO - Filling up the DagBag from /home/ubuntu/airflow_venv/lib/python3.12/site-packages/airflow/example_dags/example_display_name.py
[2024-11-20T00:27:11.836+0000] {processor.py:925} INFO - DAG(s) 'example_display_name' retrieved from /home/ubuntu/airflow_venv/lib/python3.12/site-packages/airflow/example_dags/example_display_name.py
[2024-11-20T00:27:11.850+0000] {logging_mixin.py:190} INFO - [2024-11-20T00:27:11.849+0000] {dag.py:3239} INFO - Sync 1 DAGs
[2024-11-20T00:27:11.867+0000] {logging_mixin.py:190} INFO - [2024-11-20T00:27:11.867+0000] {dag.py:4180} INFO - Setting next_dagrun for example_display_name to None, run_after=None
[2024-11-20T00:27:11.888+0000] {processor.py:208} INFO - Processing /home/ubuntu/airflow_venv/lib/python3.12/site-packages/airflow/example_dags/example_display_name.py took 0.070 seconds
[2024-11-20T00:28:15.387+0000] {processor.py:186} INFO - Started process (PID=2807) to work on /home/ubuntu/airflow_venv/lib/python3.12/site-packages/airflow/example_dags/example_display_name.py
[2024-11-20T00:28:15.388+0000] {processor.py:914} INFO - Processing file /home/ubuntu/airflow_venv/lib/python3.12/site-packages/airflow/example_dags/example_display_name.py for tasks to queue
[2024-11-20T00:28:15.390+0000] {logging_mixin.py:190} INFO - [2024-11-20T00:28:15.390+0000] {dagbag.py:588} INFO - Filling up the DagBag from /home/ubuntu/airflow_venv/lib/python3.12/site-packages/airflow/example_dags/example_display_name.py
[2024-11-20T00:28:15.398+0000] {processor.py:925} INFO - DAG(s) 'example_display_name' retrieved from /home/ubuntu/airflow_venv/lib/python3.12/site-packages/airflow/example_dags/example_display_name.py
[2024-11-20T00:28:15.413+0000] {logging_mixin.py:190} INFO - [2024-11-20T00:28:15.413+0000] {dag.py:3239} INFO - Sync 1 DAGs
[2024-11-20T00:28:15.425+0000] {logging_mixin.py:190} INFO - [2024-11-20T00:28:15.425+0000] {dag.py:4180} INFO - Setting next_dagrun for example_display_name to None, run_after=None
[2024-11-20T00:28:15.446+0000] {processor.py:208} INFO - Processing /home/ubuntu/airflow_venv/lib/python3.12/site-packages/airflow/example_dags/example_display_name.py took 0.064 seconds
[2024-11-20T00:29:14.589+0000] {processor.py:186} INFO - Started process (PID=2995) to work on /home/ubuntu/airflow_venv/lib/python3.12/site-packages/airflow/example_dags/example_display_name.py
[2024-11-20T00:29:14.590+0000] {processor.py:914} INFO - Processing file /home/ubuntu/airflow_venv/lib/python3.12/site-packages/airflow/example_dags/example_display_name.py for tasks to queue
[2024-11-20T00:29:14.591+0000] {logging_mixin.py:190} INFO - [2024-11-20T00:29:14.591+0000] {dagbag.py:588} INFO - Filling up the DagBag from /home/ubuntu/airflow_venv/lib/python3.12/site-packages/airflow/example_dags/example_display_name.py
[2024-11-20T00:29:14.601+0000] {processor.py:925} INFO - DAG(s) 'example_display_name' retrieved from /home/ubuntu/airflow_venv/lib/python3.12/site-packages/airflow/example_dags/example_display_name.py
[2024-11-20T00:29:14.616+0000] {logging_mixin.py:190} INFO - [2024-11-20T00:29:14.616+0000] {dag.py:3239} INFO - Sync 1 DAGs
[2024-11-20T00:29:14.628+0000] {logging_mixin.py:190} INFO - [2024-11-20T00:29:14.628+0000] {dag.py:4180} INFO - Setting next_dagrun for example_display_name to None, run_after=None
[2024-11-20T00:29:14.649+0000] {processor.py:208} INFO - Processing /home/ubuntu/airflow_venv/lib/python3.12/site-packages/airflow/example_dags/example_display_name.py took 0.066 seconds
[2024-11-20T00:30:16.007+0000] {processor.py:186} INFO - Started process (PID=3058) to work on /home/ubuntu/airflow_venv/lib/python3.12/site-packages/airflow/example_dags/example_display_name.py
[2024-11-20T00:30:16.008+0000] {processor.py:914} INFO - Processing file /home/ubuntu/airflow_venv/lib/python3.12/site-packages/airflow/example_dags/example_display_name.py for tasks to queue
[2024-11-20T00:30:16.010+0000] {logging_mixin.py:190} INFO - [2024-11-20T00:30:16.009+0000] {dagbag.py:588} INFO - Filling up the DagBag from /home/ubuntu/airflow_venv/lib/python3.12/site-packages/airflow/example_dags/example_display_name.py
[2024-11-20T00:30:16.017+0000] {processor.py:925} INFO - DAG(s) 'example_display_name' retrieved from /home/ubuntu/airflow_venv/lib/python3.12/site-packages/airflow/example_dags/example_display_name.py
[2024-11-20T00:30:16.032+0000] {logging_mixin.py:190} INFO - [2024-11-20T00:30:16.032+0000] {dag.py:3239} INFO - Sync 1 DAGs
[2024-11-20T00:30:16.044+0000] {logging_mixin.py:190} INFO - [2024-11-20T00:30:16.044+0000] {dag.py:4180} INFO - Setting next_dagrun for example_display_name to None, run_after=None
[2024-11-20T00:30:16.065+0000] {processor.py:208} INFO - Processing /home/ubuntu/airflow_venv/lib/python3.12/site-packages/airflow/example_dags/example_display_name.py took 0.064 seconds
[2024-11-20T00:31:09.672+0000] {processor.py:186} INFO - Started process (PID=3172) to work on /home/ubuntu/airflow_venv/lib/python3.12/site-packages/airflow/example_dags/example_display_name.py
[2024-11-20T00:31:09.673+0000] {processor.py:914} INFO - Processing file /home/ubuntu/airflow_venv/lib/python3.12/site-packages/airflow/example_dags/example_display_name.py for tasks to queue
[2024-11-20T00:31:09.675+0000] {logging_mixin.py:190} INFO - [2024-11-20T00:31:09.674+0000] {dagbag.py:588} INFO - Filling up the DagBag from /home/ubuntu/airflow_venv/lib/python3.12/site-packages/airflow/example_dags/example_display_name.py
[2024-11-20T00:31:09.682+0000] {processor.py:925} INFO - DAG(s) 'example_display_name' retrieved from /home/ubuntu/airflow_venv/lib/python3.12/site-packages/airflow/example_dags/example_display_name.py
[2024-11-20T00:31:09.697+0000] {logging_mixin.py:190} INFO - [2024-11-20T00:31:09.697+0000] {dag.py:3239} INFO - Sync 1 DAGs
[2024-11-20T00:31:09.709+0000] {logging_mixin.py:190} INFO - [2024-11-20T00:31:09.709+0000] {dag.py:4180} INFO - Setting next_dagrun for example_display_name to None, run_after=None
[2024-11-20T00:31:09.732+0000] {processor.py:208} INFO - Processing /home/ubuntu/airflow_venv/lib/python3.12/site-packages/airflow/example_dags/example_display_name.py took 0.066 seconds
[2024-11-20T00:32:04.481+0000] {processor.py:186} INFO - Started process (PID=3312) to work on /home/ubuntu/airflow_venv/lib/python3.12/site-packages/airflow/example_dags/example_display_name.py
[2024-11-20T00:32:04.483+0000] {processor.py:914} INFO - Processing file /home/ubuntu/airflow_venv/lib/python3.12/site-packages/airflow/example_dags/example_display_name.py for tasks to queue
[2024-11-20T00:32:04.483+0000] {logging_mixin.py:190} INFO - [2024-11-20T00:32:04.483+0000] {dagbag.py:588} INFO - Filling up the DagBag from /home/ubuntu/airflow_venv/lib/python3.12/site-packages/airflow/example_dags/example_display_name.py
[2024-11-20T00:32:04.492+0000] {processor.py:925} INFO - DAG(s) 'example_display_name' retrieved from /home/ubuntu/airflow_venv/lib/python3.12/site-packages/airflow/example_dags/example_display_name.py
[2024-11-20T00:32:04.505+0000] {logging_mixin.py:190} INFO - [2024-11-20T00:32:04.505+0000] {dag.py:3239} INFO - Sync 1 DAGs
[2024-11-20T00:32:04.517+0000] {logging_mixin.py:190} INFO - [2024-11-20T00:32:04.516+0000] {dag.py:4180} INFO - Setting next_dagrun for example_display_name to None, run_after=None
[2024-11-20T00:32:04.539+0000] {processor.py:208} INFO - Processing /home/ubuntu/airflow_venv/lib/python3.12/site-packages/airflow/example_dags/example_display_name.py took 0.064 seconds
[2024-11-20T00:32:58.805+0000] {processor.py:186} INFO - Started process (PID=3783) to work on /home/ubuntu/airflow_venv/lib/python3.12/site-packages/airflow/example_dags/example_display_name.py
[2024-11-20T00:32:58.808+0000] {processor.py:914} INFO - Processing file /home/ubuntu/airflow_venv/lib/python3.12/site-packages/airflow/example_dags/example_display_name.py for tasks to queue
[2024-11-20T00:32:58.808+0000] {logging_mixin.py:190} INFO - [2024-11-20T00:32:58.808+0000] {dagbag.py:588} INFO - Filling up the DagBag from /home/ubuntu/airflow_venv/lib/python3.12/site-packages/airflow/example_dags/example_display_name.py
[2024-11-20T00:32:58.818+0000] {processor.py:925} INFO - DAG(s) 'example_display_name' retrieved from /home/ubuntu/airflow_venv/lib/python3.12/site-packages/airflow/example_dags/example_display_name.py
[2024-11-20T00:32:58.832+0000] {logging_mixin.py:190} INFO - [2024-11-20T00:32:58.831+0000] {dag.py:3239} INFO - Sync 1 DAGs
[2024-11-20T00:32:58.844+0000] {logging_mixin.py:190} INFO - [2024-11-20T00:32:58.843+0000] {dag.py:4180} INFO - Setting next_dagrun for example_display_name to None, run_after=None
[2024-11-20T00:32:58.864+0000] {processor.py:208} INFO - Processing /home/ubuntu/airflow_venv/lib/python3.12/site-packages/airflow/example_dags/example_display_name.py took 0.064 seconds
[2024-11-20T00:34:03.407+0000] {processor.py:186} INFO - Started process (PID=4007) to work on /home/ubuntu/airflow_venv/lib/python3.12/site-packages/airflow/example_dags/example_display_name.py
[2024-11-20T00:34:03.409+0000] {processor.py:914} INFO - Processing file /home/ubuntu/airflow_venv/lib/python3.12/site-packages/airflow/example_dags/example_display_name.py for tasks to queue
[2024-11-20T00:34:03.411+0000] {logging_mixin.py:190} INFO - [2024-11-20T00:34:03.410+0000] {dagbag.py:588} INFO - Filling up the DagBag from /home/ubuntu/airflow_venv/lib/python3.12/site-packages/airflow/example_dags/example_display_name.py
[2024-11-20T00:34:03.421+0000] {processor.py:925} INFO - DAG(s) 'example_display_name' retrieved from /home/ubuntu/airflow_venv/lib/python3.12/site-packages/airflow/example_dags/example_display_name.py
[2024-11-20T00:34:03.435+0000] {logging_mixin.py:190} INFO - [2024-11-20T00:34:03.435+0000] {dag.py:3239} INFO - Sync 1 DAGs
[2024-11-20T00:34:03.448+0000] {logging_mixin.py:190} INFO - [2024-11-20T00:34:03.448+0000] {dag.py:4180} INFO - Setting next_dagrun for example_display_name to None, run_after=None
[2024-11-20T00:34:03.470+0000] {processor.py:208} INFO - Processing /home/ubuntu/airflow_venv/lib/python3.12/site-packages/airflow/example_dags/example_display_name.py took 0.074 seconds
[2024-11-20T00:35:01.753+0000] {processor.py:186} INFO - Started process (PID=4097) to work on /home/ubuntu/airflow_venv/lib/python3.12/site-packages/airflow/example_dags/example_display_name.py
[2024-11-20T00:35:01.754+0000] {processor.py:914} INFO - Processing file /home/ubuntu/airflow_venv/lib/python3.12/site-packages/airflow/example_dags/example_display_name.py for tasks to queue
[2024-11-20T00:35:01.756+0000] {logging_mixin.py:190} INFO - [2024-11-20T00:35:01.756+0000] {dagbag.py:588} INFO - Filling up the DagBag from /home/ubuntu/airflow_venv/lib/python3.12/site-packages/airflow/example_dags/example_display_name.py
[2024-11-20T00:35:01.765+0000] {processor.py:925} INFO - DAG(s) 'example_display_name' retrieved from /home/ubuntu/airflow_venv/lib/python3.12/site-packages/airflow/example_dags/example_display_name.py
[2024-11-20T00:35:01.780+0000] {logging_mixin.py:190} INFO - [2024-11-20T00:35:01.780+0000] {dag.py:3239} INFO - Sync 1 DAGs
[2024-11-20T00:35:01.794+0000] {logging_mixin.py:190} INFO - [2024-11-20T00:35:01.793+0000] {dag.py:4180} INFO - Setting next_dagrun for example_display_name to None, run_after=None
[2024-11-20T00:35:01.820+0000] {processor.py:208} INFO - Processing /home/ubuntu/airflow_venv/lib/python3.12/site-packages/airflow/example_dags/example_display_name.py took 0.075 seconds
[2024-11-20T00:35:56.791+0000] {processor.py:186} INFO - Started process (PID=4155) to work on /home/ubuntu/airflow_venv/lib/python3.12/site-packages/airflow/example_dags/example_display_name.py
[2024-11-20T00:35:56.793+0000] {processor.py:914} INFO - Processing file /home/ubuntu/airflow_venv/lib/python3.12/site-packages/airflow/example_dags/example_display_name.py for tasks to queue
[2024-11-20T00:35:56.795+0000] {logging_mixin.py:190} INFO - [2024-11-20T00:35:56.794+0000] {dagbag.py:588} INFO - Filling up the DagBag from /home/ubuntu/airflow_venv/lib/python3.12/site-packages/airflow/example_dags/example_display_name.py
[2024-11-20T00:35:56.802+0000] {processor.py:925} INFO - DAG(s) 'example_display_name' retrieved from /home/ubuntu/airflow_venv/lib/python3.12/site-packages/airflow/example_dags/example_display_name.py
[2024-11-20T00:35:56.817+0000] {logging_mixin.py:190} INFO - [2024-11-20T00:35:56.817+0000] {dag.py:3239} INFO - Sync 1 DAGs
[2024-11-20T00:35:56.829+0000] {logging_mixin.py:190} INFO - [2024-11-20T00:35:56.829+0000] {dag.py:4180} INFO - Setting next_dagrun for example_display_name to None, run_after=None
[2024-11-20T00:35:56.851+0000] {processor.py:208} INFO - Processing /home/ubuntu/airflow_venv/lib/python3.12/site-packages/airflow/example_dags/example_display_name.py took 0.066 seconds
[2024-11-20T00:36:51.083+0000] {processor.py:186} INFO - Started process (PID=4211) to work on /home/ubuntu/airflow_venv/lib/python3.12/site-packages/airflow/example_dags/example_display_name.py
[2024-11-20T00:36:51.084+0000] {processor.py:914} INFO - Processing file /home/ubuntu/airflow_venv/lib/python3.12/site-packages/airflow/example_dags/example_display_name.py for tasks to queue
[2024-11-20T00:36:51.086+0000] {logging_mixin.py:190} INFO - [2024-11-20T00:36:51.085+0000] {dagbag.py:588} INFO - Filling up the DagBag from /home/ubuntu/airflow_venv/lib/python3.12/site-packages/airflow/example_dags/example_display_name.py
[2024-11-20T00:36:51.095+0000] {processor.py:925} INFO - DAG(s) 'example_display_name' retrieved from /home/ubuntu/airflow_venv/lib/python3.12/site-packages/airflow/example_dags/example_display_name.py
[2024-11-20T00:36:51.109+0000] {logging_mixin.py:190} INFO - [2024-11-20T00:36:51.109+0000] {dag.py:3239} INFO - Sync 1 DAGs
[2024-11-20T00:36:51.121+0000] {logging_mixin.py:190} INFO - [2024-11-20T00:36:51.121+0000] {dag.py:4180} INFO - Setting next_dagrun for example_display_name to None, run_after=None
[2024-11-20T00:36:51.143+0000] {processor.py:208} INFO - Processing /home/ubuntu/airflow_venv/lib/python3.12/site-packages/airflow/example_dags/example_display_name.py took 0.068 seconds
[2024-11-20T00:37:46.206+0000] {processor.py:186} INFO - Started process (PID=4268) to work on /home/ubuntu/airflow_venv/lib/python3.12/site-packages/airflow/example_dags/example_display_name.py
[2024-11-20T00:37:46.208+0000] {processor.py:914} INFO - Processing file /home/ubuntu/airflow_venv/lib/python3.12/site-packages/airflow/example_dags/example_display_name.py for tasks to queue
[2024-11-20T00:37:46.211+0000] {logging_mixin.py:190} INFO - [2024-11-20T00:37:46.210+0000] {dagbag.py:588} INFO - Filling up the DagBag from /home/ubuntu/airflow_venv/lib/python3.12/site-packages/airflow/example_dags/example_display_name.py
[2024-11-20T00:37:46.218+0000] {processor.py:925} INFO - DAG(s) 'example_display_name' retrieved from /home/ubuntu/airflow_venv/lib/python3.12/site-packages/airflow/example_dags/example_display_name.py
[2024-11-20T00:37:46.233+0000] {logging_mixin.py:190} INFO - [2024-11-20T00:37:46.233+0000] {dag.py:3239} INFO - Sync 1 DAGs
[2024-11-20T00:37:46.245+0000] {logging_mixin.py:190} INFO - [2024-11-20T00:37:46.245+0000] {dag.py:4180} INFO - Setting next_dagrun for example_display_name to None, run_after=None
[2024-11-20T00:37:46.268+0000] {processor.py:208} INFO - Processing /home/ubuntu/airflow_venv/lib/python3.12/site-packages/airflow/example_dags/example_display_name.py took 0.068 seconds
[2024-11-20T00:38:43.085+0000] {processor.py:186} INFO - Started process (PID=4352) to work on /home/ubuntu/airflow_venv/lib/python3.12/site-packages/airflow/example_dags/example_display_name.py
[2024-11-20T00:38:43.086+0000] {processor.py:914} INFO - Processing file /home/ubuntu/airflow_venv/lib/python3.12/site-packages/airflow/example_dags/example_display_name.py for tasks to queue
[2024-11-20T00:38:43.088+0000] {logging_mixin.py:190} INFO - [2024-11-20T00:38:43.087+0000] {dagbag.py:588} INFO - Filling up the DagBag from /home/ubuntu/airflow_venv/lib/python3.12/site-packages/airflow/example_dags/example_display_name.py
[2024-11-20T00:38:43.096+0000] {processor.py:925} INFO - DAG(s) 'example_display_name' retrieved from /home/ubuntu/airflow_venv/lib/python3.12/site-packages/airflow/example_dags/example_display_name.py
[2024-11-20T00:38:43.111+0000] {logging_mixin.py:190} INFO - [2024-11-20T00:38:43.111+0000] {dag.py:3239} INFO - Sync 1 DAGs
[2024-11-20T00:38:43.125+0000] {logging_mixin.py:190} INFO - [2024-11-20T00:38:43.124+0000] {dag.py:4180} INFO - Setting next_dagrun for example_display_name to None, run_after=None
[2024-11-20T00:38:43.146+0000] {processor.py:208} INFO - Processing /home/ubuntu/airflow_venv/lib/python3.12/site-packages/airflow/example_dags/example_display_name.py took 0.068 seconds
[2024-11-20T00:39:39.910+0000] {processor.py:186} INFO - Started process (PID=4415) to work on /home/ubuntu/airflow_venv/lib/python3.12/site-packages/airflow/example_dags/example_display_name.py
[2024-11-20T00:39:39.912+0000] {processor.py:914} INFO - Processing file /home/ubuntu/airflow_venv/lib/python3.12/site-packages/airflow/example_dags/example_display_name.py for tasks to queue
[2024-11-20T00:39:39.914+0000] {logging_mixin.py:190} INFO - [2024-11-20T00:39:39.913+0000] {dagbag.py:588} INFO - Filling up the DagBag from /home/ubuntu/airflow_venv/lib/python3.12/site-packages/airflow/example_dags/example_display_name.py
[2024-11-20T00:39:39.921+0000] {processor.py:925} INFO - DAG(s) 'example_display_name' retrieved from /home/ubuntu/airflow_venv/lib/python3.12/site-packages/airflow/example_dags/example_display_name.py
[2024-11-20T00:39:39.936+0000] {logging_mixin.py:190} INFO - [2024-11-20T00:39:39.936+0000] {dag.py:3239} INFO - Sync 1 DAGs
[2024-11-20T00:39:39.947+0000] {logging_mixin.py:190} INFO - [2024-11-20T00:39:39.947+0000] {dag.py:4180} INFO - Setting next_dagrun for example_display_name to None, run_after=None
[2024-11-20T00:39:39.970+0000] {processor.py:208} INFO - Processing /home/ubuntu/airflow_venv/lib/python3.12/site-packages/airflow/example_dags/example_display_name.py took 0.066 seconds
[2024-11-20T00:40:41.514+0000] {processor.py:186} INFO - Started process (PID=4509) to work on /home/ubuntu/airflow_venv/lib/python3.12/site-packages/airflow/example_dags/example_display_name.py
[2024-11-20T00:40:41.516+0000] {processor.py:914} INFO - Processing file /home/ubuntu/airflow_venv/lib/python3.12/site-packages/airflow/example_dags/example_display_name.py for tasks to queue
[2024-11-20T00:40:41.517+0000] {logging_mixin.py:190} INFO - [2024-11-20T00:40:41.517+0000] {dagbag.py:588} INFO - Filling up the DagBag from /home/ubuntu/airflow_venv/lib/python3.12/site-packages/airflow/example_dags/example_display_name.py
[2024-11-20T00:40:41.525+0000] {processor.py:925} INFO - DAG(s) 'example_display_name' retrieved from /home/ubuntu/airflow_venv/lib/python3.12/site-packages/airflow/example_dags/example_display_name.py
[2024-11-20T00:40:41.539+0000] {logging_mixin.py:190} INFO - [2024-11-20T00:40:41.539+0000] {dag.py:3239} INFO - Sync 1 DAGs
[2024-11-20T00:40:41.559+0000] {logging_mixin.py:190} INFO - [2024-11-20T00:40:41.558+0000] {dag.py:4180} INFO - Setting next_dagrun for example_display_name to None, run_after=None
[2024-11-20T00:40:41.579+0000] {processor.py:208} INFO - Processing /home/ubuntu/airflow_venv/lib/python3.12/site-packages/airflow/example_dags/example_display_name.py took 0.071 seconds
[2024-11-20T00:41:35.606+0000] {processor.py:186} INFO - Started process (PID=4565) to work on /home/ubuntu/airflow_venv/lib/python3.12/site-packages/airflow/example_dags/example_display_name.py
[2024-11-20T00:41:35.608+0000] {processor.py:914} INFO - Processing file /home/ubuntu/airflow_venv/lib/python3.12/site-packages/airflow/example_dags/example_display_name.py for tasks to queue
[2024-11-20T00:41:35.609+0000] {logging_mixin.py:190} INFO - [2024-11-20T00:41:35.608+0000] {dagbag.py:588} INFO - Filling up the DagBag from /home/ubuntu/airflow_venv/lib/python3.12/site-packages/airflow/example_dags/example_display_name.py
[2024-11-20T00:41:35.617+0000] {processor.py:925} INFO - DAG(s) 'example_display_name' retrieved from /home/ubuntu/airflow_venv/lib/python3.12/site-packages/airflow/example_dags/example_display_name.py
[2024-11-20T00:41:35.632+0000] {logging_mixin.py:190} INFO - [2024-11-20T00:41:35.632+0000] {dag.py:3239} INFO - Sync 1 DAGs
[2024-11-20T00:41:35.644+0000] {logging_mixin.py:190} INFO - [2024-11-20T00:41:35.644+0000] {dag.py:4180} INFO - Setting next_dagrun for example_display_name to None, run_after=None
[2024-11-20T00:41:35.666+0000] {processor.py:208} INFO - Processing /home/ubuntu/airflow_venv/lib/python3.12/site-packages/airflow/example_dags/example_display_name.py took 0.067 seconds
[2024-11-20T00:42:27.498+0000] {processor.py:186} INFO - Started process (PID=4619) to work on /home/ubuntu/airflow_venv/lib/python3.12/site-packages/airflow/example_dags/example_display_name.py
[2024-11-20T00:42:27.499+0000] {processor.py:914} INFO - Processing file /home/ubuntu/airflow_venv/lib/python3.12/site-packages/airflow/example_dags/example_display_name.py for tasks to queue
[2024-11-20T00:42:27.501+0000] {logging_mixin.py:190} INFO - [2024-11-20T00:42:27.501+0000] {dagbag.py:588} INFO - Filling up the DagBag from /home/ubuntu/airflow_venv/lib/python3.12/site-packages/airflow/example_dags/example_display_name.py
[2024-11-20T00:42:27.509+0000] {processor.py:925} INFO - DAG(s) 'example_display_name' retrieved from /home/ubuntu/airflow_venv/lib/python3.12/site-packages/airflow/example_dags/example_display_name.py
[2024-11-20T00:42:27.524+0000] {logging_mixin.py:190} INFO - [2024-11-20T00:42:27.524+0000] {dag.py:3239} INFO - Sync 1 DAGs
[2024-11-20T00:42:27.537+0000] {logging_mixin.py:190} INFO - [2024-11-20T00:42:27.537+0000] {dag.py:4180} INFO - Setting next_dagrun for example_display_name to None, run_after=None
[2024-11-20T00:42:27.558+0000] {processor.py:208} INFO - Processing /home/ubuntu/airflow_venv/lib/python3.12/site-packages/airflow/example_dags/example_display_name.py took 0.066 seconds
[2024-11-20T00:43:25.686+0000] {processor.py:186} INFO - Started process (PID=4679) to work on /home/ubuntu/airflow_venv/lib/python3.12/site-packages/airflow/example_dags/example_display_name.py
[2024-11-20T00:43:25.688+0000] {processor.py:914} INFO - Processing file /home/ubuntu/airflow_venv/lib/python3.12/site-packages/airflow/example_dags/example_display_name.py for tasks to queue
[2024-11-20T00:43:25.689+0000] {logging_mixin.py:190} INFO - [2024-11-20T00:43:25.689+0000] {dagbag.py:588} INFO - Filling up the DagBag from /home/ubuntu/airflow_venv/lib/python3.12/site-packages/airflow/example_dags/example_display_name.py
[2024-11-20T00:43:25.698+0000] {processor.py:925} INFO - DAG(s) 'example_display_name' retrieved from /home/ubuntu/airflow_venv/lib/python3.12/site-packages/airflow/example_dags/example_display_name.py
[2024-11-20T00:43:25.712+0000] {logging_mixin.py:190} INFO - [2024-11-20T00:43:25.711+0000] {dag.py:3239} INFO - Sync 1 DAGs
[2024-11-20T00:43:25.724+0000] {logging_mixin.py:190} INFO - [2024-11-20T00:43:25.724+0000] {dag.py:4180} INFO - Setting next_dagrun for example_display_name to None, run_after=None
[2024-11-20T00:43:25.745+0000] {processor.py:208} INFO - Processing /home/ubuntu/airflow_venv/lib/python3.12/site-packages/airflow/example_dags/example_display_name.py took 0.065 seconds
[2024-11-20T00:44:20.405+0000] {processor.py:186} INFO - Started process (PID=4736) to work on /home/ubuntu/airflow_venv/lib/python3.12/site-packages/airflow/example_dags/example_display_name.py
[2024-11-20T00:44:20.407+0000] {processor.py:914} INFO - Processing file /home/ubuntu/airflow_venv/lib/python3.12/site-packages/airflow/example_dags/example_display_name.py for tasks to queue
[2024-11-20T00:44:20.409+0000] {logging_mixin.py:190} INFO - [2024-11-20T00:44:20.409+0000] {dagbag.py:588} INFO - Filling up the DagBag from /home/ubuntu/airflow_venv/lib/python3.12/site-packages/airflow/example_dags/example_display_name.py
[2024-11-20T00:44:20.425+0000] {processor.py:925} INFO - DAG(s) 'example_display_name' retrieved from /home/ubuntu/airflow_venv/lib/python3.12/site-packages/airflow/example_dags/example_display_name.py
[2024-11-20T00:44:20.438+0000] {logging_mixin.py:190} INFO - [2024-11-20T00:44:20.438+0000] {dag.py:3239} INFO - Sync 1 DAGs
[2024-11-20T00:44:20.451+0000] {logging_mixin.py:190} INFO - [2024-11-20T00:44:20.451+0000] {dag.py:4180} INFO - Setting next_dagrun for example_display_name to None, run_after=None
[2024-11-20T00:44:20.474+0000] {processor.py:208} INFO - Processing /home/ubuntu/airflow_venv/lib/python3.12/site-packages/airflow/example_dags/example_display_name.py took 0.075 seconds
[2024-11-20T00:45:13.126+0000] {processor.py:186} INFO - Started process (PID=4794) to work on /home/ubuntu/airflow_venv/lib/python3.12/site-packages/airflow/example_dags/example_display_name.py
[2024-11-20T00:45:13.128+0000] {processor.py:914} INFO - Processing file /home/ubuntu/airflow_venv/lib/python3.12/site-packages/airflow/example_dags/example_display_name.py for tasks to queue
[2024-11-20T00:45:13.129+0000] {logging_mixin.py:190} INFO - [2024-11-20T00:45:13.129+0000] {dagbag.py:588} INFO - Filling up the DagBag from /home/ubuntu/airflow_venv/lib/python3.12/site-packages/airflow/example_dags/example_display_name.py
[2024-11-20T00:45:13.137+0000] {processor.py:925} INFO - DAG(s) 'example_display_name' retrieved from /home/ubuntu/airflow_venv/lib/python3.12/site-packages/airflow/example_dags/example_display_name.py
[2024-11-20T00:45:13.151+0000] {logging_mixin.py:190} INFO - [2024-11-20T00:45:13.151+0000] {dag.py:3239} INFO - Sync 1 DAGs
[2024-11-20T00:45:13.164+0000] {logging_mixin.py:190} INFO - [2024-11-20T00:45:13.163+0000] {dag.py:4180} INFO - Setting next_dagrun for example_display_name to None, run_after=None
[2024-11-20T00:45:13.185+0000] {processor.py:208} INFO - Processing /home/ubuntu/airflow_venv/lib/python3.12/site-packages/airflow/example_dags/example_display_name.py took 0.066 seconds
[2024-11-20T00:46:09.016+0000] {processor.py:186} INFO - Started process (PID=4851) to work on /home/ubuntu/airflow_venv/lib/python3.12/site-packages/airflow/example_dags/example_display_name.py
[2024-11-20T00:46:09.017+0000] {processor.py:914} INFO - Processing file /home/ubuntu/airflow_venv/lib/python3.12/site-packages/airflow/example_dags/example_display_name.py for tasks to queue
[2024-11-20T00:46:09.019+0000] {logging_mixin.py:190} INFO - [2024-11-20T00:46:09.018+0000] {dagbag.py:588} INFO - Filling up the DagBag from /home/ubuntu/airflow_venv/lib/python3.12/site-packages/airflow/example_dags/example_display_name.py
[2024-11-20T00:46:09.027+0000] {processor.py:925} INFO - DAG(s) 'example_display_name' retrieved from /home/ubuntu/airflow_venv/lib/python3.12/site-packages/airflow/example_dags/example_display_name.py
[2024-11-20T00:46:09.042+0000] {logging_mixin.py:190} INFO - [2024-11-20T00:46:09.041+0000] {dag.py:3239} INFO - Sync 1 DAGs
[2024-11-20T00:46:09.054+0000] {logging_mixin.py:190} INFO - [2024-11-20T00:46:09.054+0000] {dag.py:4180} INFO - Setting next_dagrun for example_display_name to None, run_after=None
[2024-11-20T00:46:09.077+0000] {processor.py:208} INFO - Processing /home/ubuntu/airflow_venv/lib/python3.12/site-packages/airflow/example_dags/example_display_name.py took 0.067 seconds
[2024-11-20T00:47:01.756+0000] {processor.py:186} INFO - Started process (PID=4906) to work on /home/ubuntu/airflow_venv/lib/python3.12/site-packages/airflow/example_dags/example_display_name.py
[2024-11-20T00:47:01.758+0000] {processor.py:914} INFO - Processing file /home/ubuntu/airflow_venv/lib/python3.12/site-packages/airflow/example_dags/example_display_name.py for tasks to queue
[2024-11-20T00:47:01.759+0000] {logging_mixin.py:190} INFO - [2024-11-20T00:47:01.759+0000] {dagbag.py:588} INFO - Filling up the DagBag from /home/ubuntu/airflow_venv/lib/python3.12/site-packages/airflow/example_dags/example_display_name.py
[2024-11-20T00:47:01.768+0000] {processor.py:925} INFO - DAG(s) 'example_display_name' retrieved from /home/ubuntu/airflow_venv/lib/python3.12/site-packages/airflow/example_dags/example_display_name.py
[2024-11-20T00:47:01.783+0000] {logging_mixin.py:190} INFO - [2024-11-20T00:47:01.783+0000] {dag.py:3239} INFO - Sync 1 DAGs
[2024-11-20T00:47:01.795+0000] {logging_mixin.py:190} INFO - [2024-11-20T00:47:01.795+0000] {dag.py:4180} INFO - Setting next_dagrun for example_display_name to None, run_after=None
[2024-11-20T00:47:01.818+0000] {processor.py:208} INFO - Processing /home/ubuntu/airflow_venv/lib/python3.12/site-packages/airflow/example_dags/example_display_name.py took 0.069 seconds
[2024-11-20T00:47:54.430+0000] {processor.py:186} INFO - Started process (PID=4961) to work on /home/ubuntu/airflow_venv/lib/python3.12/site-packages/airflow/example_dags/example_display_name.py
[2024-11-20T00:47:54.433+0000] {processor.py:914} INFO - Processing file /home/ubuntu/airflow_venv/lib/python3.12/site-packages/airflow/example_dags/example_display_name.py for tasks to queue
[2024-11-20T00:47:54.434+0000] {logging_mixin.py:190} INFO - [2024-11-20T00:47:54.433+0000] {dagbag.py:588} INFO - Filling up the DagBag from /home/ubuntu/airflow_venv/lib/python3.12/site-packages/airflow/example_dags/example_display_name.py
[2024-11-20T00:47:54.442+0000] {processor.py:925} INFO - DAG(s) 'example_display_name' retrieved from /home/ubuntu/airflow_venv/lib/python3.12/site-packages/airflow/example_dags/example_display_name.py
[2024-11-20T00:47:54.457+0000] {logging_mixin.py:190} INFO - [2024-11-20T00:47:54.457+0000] {dag.py:3239} INFO - Sync 1 DAGs
[2024-11-20T00:47:54.469+0000] {logging_mixin.py:190} INFO - [2024-11-20T00:47:54.469+0000] {dag.py:4180} INFO - Setting next_dagrun for example_display_name to None, run_after=None
[2024-11-20T00:47:54.492+0000] {processor.py:208} INFO - Processing /home/ubuntu/airflow_venv/lib/python3.12/site-packages/airflow/example_dags/example_display_name.py took 0.069 seconds
[2024-11-20T00:48:48.512+0000] {processor.py:186} INFO - Started process (PID=5015) to work on /home/ubuntu/airflow_venv/lib/python3.12/site-packages/airflow/example_dags/example_display_name.py
[2024-11-20T00:48:48.514+0000] {processor.py:914} INFO - Processing file /home/ubuntu/airflow_venv/lib/python3.12/site-packages/airflow/example_dags/example_display_name.py for tasks to queue
[2024-11-20T00:48:48.515+0000] {logging_mixin.py:190} INFO - [2024-11-20T00:48:48.515+0000] {dagbag.py:588} INFO - Filling up the DagBag from /home/ubuntu/airflow_venv/lib/python3.12/site-packages/airflow/example_dags/example_display_name.py
[2024-11-20T00:48:48.523+0000] {processor.py:925} INFO - DAG(s) 'example_display_name' retrieved from /home/ubuntu/airflow_venv/lib/python3.12/site-packages/airflow/example_dags/example_display_name.py
[2024-11-20T00:48:48.538+0000] {logging_mixin.py:190} INFO - [2024-11-20T00:48:48.537+0000] {dag.py:3239} INFO - Sync 1 DAGs
[2024-11-20T00:48:48.550+0000] {logging_mixin.py:190} INFO - [2024-11-20T00:48:48.550+0000] {dag.py:4180} INFO - Setting next_dagrun for example_display_name to None, run_after=None
[2024-11-20T00:48:48.573+0000] {processor.py:208} INFO - Processing /home/ubuntu/airflow_venv/lib/python3.12/site-packages/airflow/example_dags/example_display_name.py took 0.068 seconds
[2024-11-20T00:49:42.910+0000] {processor.py:186} INFO - Started process (PID=5073) to work on /home/ubuntu/airflow_venv/lib/python3.12/site-packages/airflow/example_dags/example_display_name.py
[2024-11-20T00:49:42.912+0000] {processor.py:914} INFO - Processing file /home/ubuntu/airflow_venv/lib/python3.12/site-packages/airflow/example_dags/example_display_name.py for tasks to queue
[2024-11-20T00:49:42.913+0000] {logging_mixin.py:190} INFO - [2024-11-20T00:49:42.912+0000] {dagbag.py:588} INFO - Filling up the DagBag from /home/ubuntu/airflow_venv/lib/python3.12/site-packages/airflow/example_dags/example_display_name.py
[2024-11-20T00:49:42.921+0000] {processor.py:925} INFO - DAG(s) 'example_display_name' retrieved from /home/ubuntu/airflow_venv/lib/python3.12/site-packages/airflow/example_dags/example_display_name.py
[2024-11-20T00:49:42.936+0000] {logging_mixin.py:190} INFO - [2024-11-20T00:49:42.936+0000] {dag.py:3239} INFO - Sync 1 DAGs
[2024-11-20T00:49:42.949+0000] {logging_mixin.py:190} INFO - [2024-11-20T00:49:42.948+0000] {dag.py:4180} INFO - Setting next_dagrun for example_display_name to None, run_after=None
[2024-11-20T00:49:42.970+0000] {processor.py:208} INFO - Processing /home/ubuntu/airflow_venv/lib/python3.12/site-packages/airflow/example_dags/example_display_name.py took 0.067 seconds
[2024-11-20T00:50:35.770+0000] {processor.py:186} INFO - Started process (PID=5132) to work on /home/ubuntu/airflow_venv/lib/python3.12/site-packages/airflow/example_dags/example_display_name.py
[2024-11-20T00:50:35.773+0000] {processor.py:914} INFO - Processing file /home/ubuntu/airflow_venv/lib/python3.12/site-packages/airflow/example_dags/example_display_name.py for tasks to queue
[2024-11-20T00:50:35.774+0000] {logging_mixin.py:190} INFO - [2024-11-20T00:50:35.773+0000] {dagbag.py:588} INFO - Filling up the DagBag from /home/ubuntu/airflow_venv/lib/python3.12/site-packages/airflow/example_dags/example_display_name.py
[2024-11-20T00:50:35.782+0000] {processor.py:925} INFO - DAG(s) 'example_display_name' retrieved from /home/ubuntu/airflow_venv/lib/python3.12/site-packages/airflow/example_dags/example_display_name.py
[2024-11-20T00:50:35.797+0000] {logging_mixin.py:190} INFO - [2024-11-20T00:50:35.796+0000] {dag.py:3239} INFO - Sync 1 DAGs
[2024-11-20T00:50:35.808+0000] {logging_mixin.py:190} INFO - [2024-11-20T00:50:35.808+0000] {dag.py:4180} INFO - Setting next_dagrun for example_display_name to None, run_after=None
[2024-11-20T00:50:35.830+0000] {processor.py:208} INFO - Processing /home/ubuntu/airflow_venv/lib/python3.12/site-packages/airflow/example_dags/example_display_name.py took 0.067 seconds
[2024-11-20T00:51:31.740+0000] {processor.py:186} INFO - Started process (PID=5188) to work on /home/ubuntu/airflow_venv/lib/python3.12/site-packages/airflow/example_dags/example_display_name.py
[2024-11-20T00:51:31.741+0000] {processor.py:914} INFO - Processing file /home/ubuntu/airflow_venv/lib/python3.12/site-packages/airflow/example_dags/example_display_name.py for tasks to queue
[2024-11-20T00:51:31.744+0000] {logging_mixin.py:190} INFO - [2024-11-20T00:51:31.743+0000] {dagbag.py:588} INFO - Filling up the DagBag from /home/ubuntu/airflow_venv/lib/python3.12/site-packages/airflow/example_dags/example_display_name.py
[2024-11-20T00:51:31.754+0000] {processor.py:925} INFO - DAG(s) 'example_display_name' retrieved from /home/ubuntu/airflow_venv/lib/python3.12/site-packages/airflow/example_dags/example_display_name.py
[2024-11-20T00:51:31.769+0000] {logging_mixin.py:190} INFO - [2024-11-20T00:51:31.769+0000] {dag.py:3239} INFO - Sync 1 DAGs
[2024-11-20T00:51:31.781+0000] {logging_mixin.py:190} INFO - [2024-11-20T00:51:31.781+0000] {dag.py:4180} INFO - Setting next_dagrun for example_display_name to None, run_after=None
[2024-11-20T00:51:31.803+0000] {processor.py:208} INFO - Processing /home/ubuntu/airflow_venv/lib/python3.12/site-packages/airflow/example_dags/example_display_name.py took 0.073 seconds
[2024-11-20T00:52:29.871+0000] {processor.py:186} INFO - Started process (PID=5248) to work on /home/ubuntu/airflow_venv/lib/python3.12/site-packages/airflow/example_dags/example_display_name.py
[2024-11-20T00:52:29.873+0000] {processor.py:914} INFO - Processing file /home/ubuntu/airflow_venv/lib/python3.12/site-packages/airflow/example_dags/example_display_name.py for tasks to queue
[2024-11-20T00:52:29.874+0000] {logging_mixin.py:190} INFO - [2024-11-20T00:52:29.874+0000] {dagbag.py:588} INFO - Filling up the DagBag from /home/ubuntu/airflow_venv/lib/python3.12/site-packages/airflow/example_dags/example_display_name.py
[2024-11-20T00:52:29.883+0000] {processor.py:925} INFO - DAG(s) 'example_display_name' retrieved from /home/ubuntu/airflow_venv/lib/python3.12/site-packages/airflow/example_dags/example_display_name.py
[2024-11-20T00:52:29.898+0000] {logging_mixin.py:190} INFO - [2024-11-20T00:52:29.898+0000] {dag.py:3239} INFO - Sync 1 DAGs
[2024-11-20T00:52:29.909+0000] {logging_mixin.py:190} INFO - [2024-11-20T00:52:29.909+0000] {dag.py:4180} INFO - Setting next_dagrun for example_display_name to None, run_after=None
[2024-11-20T00:52:29.933+0000] {processor.py:208} INFO - Processing /home/ubuntu/airflow_venv/lib/python3.12/site-packages/airflow/example_dags/example_display_name.py took 0.069 seconds
[2024-11-20T00:53:27.302+0000] {processor.py:186} INFO - Started process (PID=5305) to work on /home/ubuntu/airflow_venv/lib/python3.12/site-packages/airflow/example_dags/example_display_name.py
[2024-11-20T00:53:27.303+0000] {processor.py:914} INFO - Processing file /home/ubuntu/airflow_venv/lib/python3.12/site-packages/airflow/example_dags/example_display_name.py for tasks to queue
[2024-11-20T00:53:27.304+0000] {logging_mixin.py:190} INFO - [2024-11-20T00:53:27.303+0000] {dagbag.py:588} INFO - Filling up the DagBag from /home/ubuntu/airflow_venv/lib/python3.12/site-packages/airflow/example_dags/example_display_name.py
[2024-11-20T00:53:27.312+0000] {processor.py:925} INFO - DAG(s) 'example_display_name' retrieved from /home/ubuntu/airflow_venv/lib/python3.12/site-packages/airflow/example_dags/example_display_name.py
[2024-11-20T00:53:27.332+0000] {logging_mixin.py:190} INFO - [2024-11-20T00:53:27.331+0000] {dag.py:3239} INFO - Sync 1 DAGs
[2024-11-20T00:53:27.347+0000] {logging_mixin.py:190} INFO - [2024-11-20T00:53:27.347+0000] {dag.py:4180} INFO - Setting next_dagrun for example_display_name to None, run_after=None
[2024-11-20T00:53:27.369+0000] {processor.py:208} INFO - Processing /home/ubuntu/airflow_venv/lib/python3.12/site-packages/airflow/example_dags/example_display_name.py took 0.074 seconds
[2024-11-20T00:54:21.672+0000] {processor.py:186} INFO - Started process (PID=5375) to work on /home/ubuntu/airflow_venv/lib/python3.12/site-packages/airflow/example_dags/example_display_name.py
[2024-11-20T00:54:21.673+0000] {processor.py:914} INFO - Processing file /home/ubuntu/airflow_venv/lib/python3.12/site-packages/airflow/example_dags/example_display_name.py for tasks to queue
[2024-11-20T00:54:21.674+0000] {logging_mixin.py:190} INFO - [2024-11-20T00:54:21.674+0000] {dagbag.py:588} INFO - Filling up the DagBag from /home/ubuntu/airflow_venv/lib/python3.12/site-packages/airflow/example_dags/example_display_name.py
[2024-11-20T00:54:21.683+0000] {processor.py:925} INFO - DAG(s) 'example_display_name' retrieved from /home/ubuntu/airflow_venv/lib/python3.12/site-packages/airflow/example_dags/example_display_name.py
[2024-11-20T00:54:21.697+0000] {logging_mixin.py:190} INFO - [2024-11-20T00:54:21.697+0000] {dag.py:3239} INFO - Sync 1 DAGs
[2024-11-20T00:54:21.709+0000] {logging_mixin.py:190} INFO - [2024-11-20T00:54:21.709+0000] {dag.py:4180} INFO - Setting next_dagrun for example_display_name to None, run_after=None
[2024-11-20T00:54:21.731+0000] {processor.py:208} INFO - Processing /home/ubuntu/airflow_venv/lib/python3.12/site-packages/airflow/example_dags/example_display_name.py took 0.066 seconds
[2024-11-20T00:55:13.495+0000] {processor.py:186} INFO - Started process (PID=5432) to work on /home/ubuntu/airflow_venv/lib/python3.12/site-packages/airflow/example_dags/example_display_name.py
[2024-11-20T00:55:13.497+0000] {processor.py:914} INFO - Processing file /home/ubuntu/airflow_venv/lib/python3.12/site-packages/airflow/example_dags/example_display_name.py for tasks to queue
[2024-11-20T00:55:13.498+0000] {logging_mixin.py:190} INFO - [2024-11-20T00:55:13.498+0000] {dagbag.py:588} INFO - Filling up the DagBag from /home/ubuntu/airflow_venv/lib/python3.12/site-packages/airflow/example_dags/example_display_name.py
[2024-11-20T00:55:13.506+0000] {processor.py:925} INFO - DAG(s) 'example_display_name' retrieved from /home/ubuntu/airflow_venv/lib/python3.12/site-packages/airflow/example_dags/example_display_name.py
[2024-11-20T00:55:13.520+0000] {logging_mixin.py:190} INFO - [2024-11-20T00:55:13.520+0000] {dag.py:3239} INFO - Sync 1 DAGs
[2024-11-20T00:55:13.533+0000] {logging_mixin.py:190} INFO - [2024-11-20T00:55:13.533+0000] {dag.py:4180} INFO - Setting next_dagrun for example_display_name to None, run_after=None
[2024-11-20T00:55:13.555+0000] {processor.py:208} INFO - Processing /home/ubuntu/airflow_venv/lib/python3.12/site-packages/airflow/example_dags/example_display_name.py took 0.067 seconds
[2024-11-20T00:56:05.418+0000] {processor.py:186} INFO - Started process (PID=5488) to work on /home/ubuntu/airflow_venv/lib/python3.12/site-packages/airflow/example_dags/example_display_name.py
[2024-11-20T00:56:05.420+0000] {processor.py:914} INFO - Processing file /home/ubuntu/airflow_venv/lib/python3.12/site-packages/airflow/example_dags/example_display_name.py for tasks to queue
[2024-11-20T00:56:05.421+0000] {logging_mixin.py:190} INFO - [2024-11-20T00:56:05.420+0000] {dagbag.py:588} INFO - Filling up the DagBag from /home/ubuntu/airflow_venv/lib/python3.12/site-packages/airflow/example_dags/example_display_name.py
[2024-11-20T00:56:05.430+0000] {processor.py:925} INFO - DAG(s) 'example_display_name' retrieved from /home/ubuntu/airflow_venv/lib/python3.12/site-packages/airflow/example_dags/example_display_name.py
[2024-11-20T00:56:05.444+0000] {logging_mixin.py:190} INFO - [2024-11-20T00:56:05.444+0000] {dag.py:3239} INFO - Sync 1 DAGs
[2024-11-20T00:56:05.456+0000] {logging_mixin.py:190} INFO - [2024-11-20T00:56:05.456+0000] {dag.py:4180} INFO - Setting next_dagrun for example_display_name to None, run_after=None
[2024-11-20T00:56:05.478+0000] {processor.py:208} INFO - Processing /home/ubuntu/airflow_venv/lib/python3.12/site-packages/airflow/example_dags/example_display_name.py took 0.067 seconds
[2024-11-20T00:57:01.139+0000] {processor.py:186} INFO - Started process (PID=5545) to work on /home/ubuntu/airflow_venv/lib/python3.12/site-packages/airflow/example_dags/example_display_name.py
[2024-11-20T00:57:01.141+0000] {processor.py:914} INFO - Processing file /home/ubuntu/airflow_venv/lib/python3.12/site-packages/airflow/example_dags/example_display_name.py for tasks to queue
[2024-11-20T00:57:01.142+0000] {logging_mixin.py:190} INFO - [2024-11-20T00:57:01.142+0000] {dagbag.py:588} INFO - Filling up the DagBag from /home/ubuntu/airflow_venv/lib/python3.12/site-packages/airflow/example_dags/example_display_name.py
[2024-11-20T00:57:01.149+0000] {processor.py:925} INFO - DAG(s) 'example_display_name' retrieved from /home/ubuntu/airflow_venv/lib/python3.12/site-packages/airflow/example_dags/example_display_name.py
[2024-11-20T00:57:01.165+0000] {logging_mixin.py:190} INFO - [2024-11-20T00:57:01.165+0000] {dag.py:3239} INFO - Sync 1 DAGs
[2024-11-20T00:57:01.178+0000] {logging_mixin.py:190} INFO - [2024-11-20T00:57:01.178+0000] {dag.py:4180} INFO - Setting next_dagrun for example_display_name to None, run_after=None
[2024-11-20T00:57:01.200+0000] {processor.py:208} INFO - Processing /home/ubuntu/airflow_venv/lib/python3.12/site-packages/airflow/example_dags/example_display_name.py took 0.067 seconds
[2024-11-20T00:57:52.506+0000] {processor.py:186} INFO - Started process (PID=5600) to work on /home/ubuntu/airflow_venv/lib/python3.12/site-packages/airflow/example_dags/example_display_name.py
[2024-11-20T00:57:52.508+0000] {processor.py:914} INFO - Processing file /home/ubuntu/airflow_venv/lib/python3.12/site-packages/airflow/example_dags/example_display_name.py for tasks to queue
[2024-11-20T00:57:52.510+0000] {logging_mixin.py:190} INFO - [2024-11-20T00:57:52.509+0000] {dagbag.py:588} INFO - Filling up the DagBag from /home/ubuntu/airflow_venv/lib/python3.12/site-packages/airflow/example_dags/example_display_name.py
[2024-11-20T00:57:52.517+0000] {processor.py:925} INFO - DAG(s) 'example_display_name' retrieved from /home/ubuntu/airflow_venv/lib/python3.12/site-packages/airflow/example_dags/example_display_name.py
[2024-11-20T00:57:52.533+0000] {logging_mixin.py:190} INFO - [2024-11-20T00:57:52.533+0000] {dag.py:3239} INFO - Sync 1 DAGs
[2024-11-20T00:57:52.555+0000] {logging_mixin.py:190} INFO - [2024-11-20T00:57:52.554+0000] {dag.py:4180} INFO - Setting next_dagrun for example_display_name to None, run_after=None
[2024-11-20T00:57:52.578+0000] {processor.py:208} INFO - Processing /home/ubuntu/airflow_venv/lib/python3.12/site-packages/airflow/example_dags/example_display_name.py took 0.078 seconds
[2024-11-20T00:58:44.351+0000] {processor.py:186} INFO - Started process (PID=5655) to work on /home/ubuntu/airflow_venv/lib/python3.12/site-packages/airflow/example_dags/example_display_name.py
[2024-11-20T00:58:44.352+0000] {processor.py:914} INFO - Processing file /home/ubuntu/airflow_venv/lib/python3.12/site-packages/airflow/example_dags/example_display_name.py for tasks to queue
[2024-11-20T00:58:44.353+0000] {logging_mixin.py:190} INFO - [2024-11-20T00:58:44.353+0000] {dagbag.py:588} INFO - Filling up the DagBag from /home/ubuntu/airflow_venv/lib/python3.12/site-packages/airflow/example_dags/example_display_name.py
[2024-11-20T00:58:44.361+0000] {processor.py:925} INFO - DAG(s) 'example_display_name' retrieved from /home/ubuntu/airflow_venv/lib/python3.12/site-packages/airflow/example_dags/example_display_name.py
[2024-11-20T00:58:44.377+0000] {logging_mixin.py:190} INFO - [2024-11-20T00:58:44.376+0000] {dag.py:3239} INFO - Sync 1 DAGs
[2024-11-20T00:58:44.389+0000] {logging_mixin.py:190} INFO - [2024-11-20T00:58:44.389+0000] {dag.py:4180} INFO - Setting next_dagrun for example_display_name to None, run_after=None
[2024-11-20T00:58:44.410+0000] {processor.py:208} INFO - Processing /home/ubuntu/airflow_venv/lib/python3.12/site-packages/airflow/example_dags/example_display_name.py took 0.066 seconds
[2024-11-20T00:59:36.768+0000] {processor.py:186} INFO - Started process (PID=5713) to work on /home/ubuntu/airflow_venv/lib/python3.12/site-packages/airflow/example_dags/example_display_name.py
[2024-11-20T00:59:36.770+0000] {processor.py:914} INFO - Processing file /home/ubuntu/airflow_venv/lib/python3.12/site-packages/airflow/example_dags/example_display_name.py for tasks to queue
[2024-11-20T00:59:36.771+0000] {logging_mixin.py:190} INFO - [2024-11-20T00:59:36.770+0000] {dagbag.py:588} INFO - Filling up the DagBag from /home/ubuntu/airflow_venv/lib/python3.12/site-packages/airflow/example_dags/example_display_name.py
[2024-11-20T00:59:36.779+0000] {processor.py:925} INFO - DAG(s) 'example_display_name' retrieved from /home/ubuntu/airflow_venv/lib/python3.12/site-packages/airflow/example_dags/example_display_name.py
[2024-11-20T00:59:36.793+0000] {logging_mixin.py:190} INFO - [2024-11-20T00:59:36.793+0000] {dag.py:3239} INFO - Sync 1 DAGs
[2024-11-20T00:59:36.805+0000] {logging_mixin.py:190} INFO - [2024-11-20T00:59:36.805+0000] {dag.py:4180} INFO - Setting next_dagrun for example_display_name to None, run_after=None
[2024-11-20T00:59:36.839+0000] {processor.py:208} INFO - Processing /home/ubuntu/airflow_venv/lib/python3.12/site-packages/airflow/example_dags/example_display_name.py took 0.078 seconds
[2024-11-20T01:00:31.884+0000] {processor.py:186} INFO - Started process (PID=5772) to work on /home/ubuntu/airflow_venv/lib/python3.12/site-packages/airflow/example_dags/example_display_name.py
[2024-11-20T01:00:31.886+0000] {processor.py:914} INFO - Processing file /home/ubuntu/airflow_venv/lib/python3.12/site-packages/airflow/example_dags/example_display_name.py for tasks to queue
[2024-11-20T01:00:31.887+0000] {logging_mixin.py:190} INFO - [2024-11-20T01:00:31.886+0000] {dagbag.py:588} INFO - Filling up the DagBag from /home/ubuntu/airflow_venv/lib/python3.12/site-packages/airflow/example_dags/example_display_name.py
[2024-11-20T01:00:31.896+0000] {processor.py:925} INFO - DAG(s) 'example_display_name' retrieved from /home/ubuntu/airflow_venv/lib/python3.12/site-packages/airflow/example_dags/example_display_name.py
[2024-11-20T01:00:31.910+0000] {logging_mixin.py:190} INFO - [2024-11-20T01:00:31.910+0000] {dag.py:3239} INFO - Sync 1 DAGs
[2024-11-20T01:00:31.923+0000] {logging_mixin.py:190} INFO - [2024-11-20T01:00:31.923+0000] {dag.py:4180} INFO - Setting next_dagrun for example_display_name to None, run_after=None
[2024-11-20T01:00:31.946+0000] {processor.py:208} INFO - Processing /home/ubuntu/airflow_venv/lib/python3.12/site-packages/airflow/example_dags/example_display_name.py took 0.069 seconds
[2024-11-20T01:01:27.091+0000] {processor.py:186} INFO - Started process (PID=5829) to work on /home/ubuntu/airflow_venv/lib/python3.12/site-packages/airflow/example_dags/example_display_name.py
[2024-11-20T01:01:27.093+0000] {processor.py:914} INFO - Processing file /home/ubuntu/airflow_venv/lib/python3.12/site-packages/airflow/example_dags/example_display_name.py for tasks to queue
[2024-11-20T01:01:27.094+0000] {logging_mixin.py:190} INFO - [2024-11-20T01:01:27.094+0000] {dagbag.py:588} INFO - Filling up the DagBag from /home/ubuntu/airflow_venv/lib/python3.12/site-packages/airflow/example_dags/example_display_name.py
[2024-11-20T01:01:27.103+0000] {processor.py:925} INFO - DAG(s) 'example_display_name' retrieved from /home/ubuntu/airflow_venv/lib/python3.12/site-packages/airflow/example_dags/example_display_name.py
[2024-11-20T01:01:27.117+0000] {logging_mixin.py:190} INFO - [2024-11-20T01:01:27.117+0000] {dag.py:3239} INFO - Sync 1 DAGs
[2024-11-20T01:01:27.129+0000] {logging_mixin.py:190} INFO - [2024-11-20T01:01:27.128+0000] {dag.py:4180} INFO - Setting next_dagrun for example_display_name to None, run_after=None
[2024-11-20T01:01:27.151+0000] {processor.py:208} INFO - Processing /home/ubuntu/airflow_venv/lib/python3.12/site-packages/airflow/example_dags/example_display_name.py took 0.068 seconds
[2024-11-20T01:02:41.379+0000] {processor.py:186} INFO - Started process (PID=5911) to work on /home/ubuntu/airflow_venv/lib/python3.12/site-packages/airflow/example_dags/example_display_name.py
[2024-11-20T01:02:41.381+0000] {processor.py:914} INFO - Processing file /home/ubuntu/airflow_venv/lib/python3.12/site-packages/airflow/example_dags/example_display_name.py for tasks to queue
[2024-11-20T01:02:41.382+0000] {logging_mixin.py:190} INFO - [2024-11-20T01:02:41.381+0000] {dagbag.py:588} INFO - Filling up the DagBag from /home/ubuntu/airflow_venv/lib/python3.12/site-packages/airflow/example_dags/example_display_name.py
[2024-11-20T01:02:41.390+0000] {processor.py:925} INFO - DAG(s) 'example_display_name' retrieved from /home/ubuntu/airflow_venv/lib/python3.12/site-packages/airflow/example_dags/example_display_name.py
[2024-11-20T01:02:41.405+0000] {logging_mixin.py:190} INFO - [2024-11-20T01:02:41.404+0000] {dag.py:3239} INFO - Sync 1 DAGs
[2024-11-20T01:02:41.416+0000] {logging_mixin.py:190} INFO - [2024-11-20T01:02:41.416+0000] {dag.py:4180} INFO - Setting next_dagrun for example_display_name to None, run_after=None
[2024-11-20T01:02:41.440+0000] {processor.py:208} INFO - Processing /home/ubuntu/airflow_venv/lib/python3.12/site-packages/airflow/example_dags/example_display_name.py took 0.067 seconds
[2024-11-20T01:03:38.326+0000] {processor.py:186} INFO - Started process (PID=5967) to work on /home/ubuntu/airflow_venv/lib/python3.12/site-packages/airflow/example_dags/example_display_name.py
[2024-11-20T01:03:38.328+0000] {processor.py:914} INFO - Processing file /home/ubuntu/airflow_venv/lib/python3.12/site-packages/airflow/example_dags/example_display_name.py for tasks to queue
[2024-11-20T01:03:38.329+0000] {logging_mixin.py:190} INFO - [2024-11-20T01:03:38.329+0000] {dagbag.py:588} INFO - Filling up the DagBag from /home/ubuntu/airflow_venv/lib/python3.12/site-packages/airflow/example_dags/example_display_name.py
[2024-11-20T01:03:38.337+0000] {processor.py:925} INFO - DAG(s) 'example_display_name' retrieved from /home/ubuntu/airflow_venv/lib/python3.12/site-packages/airflow/example_dags/example_display_name.py
[2024-11-20T01:03:38.352+0000] {logging_mixin.py:190} INFO - [2024-11-20T01:03:38.352+0000] {dag.py:3239} INFO - Sync 1 DAGs
[2024-11-20T01:03:38.364+0000] {logging_mixin.py:190} INFO - [2024-11-20T01:03:38.364+0000] {dag.py:4180} INFO - Setting next_dagrun for example_display_name to None, run_after=None
[2024-11-20T01:03:38.387+0000] {processor.py:208} INFO - Processing /home/ubuntu/airflow_venv/lib/python3.12/site-packages/airflow/example_dags/example_display_name.py took 0.068 seconds
[2024-11-20T01:04:34.762+0000] {processor.py:186} INFO - Started process (PID=6026) to work on /home/ubuntu/airflow_venv/lib/python3.12/site-packages/airflow/example_dags/example_display_name.py
[2024-11-20T01:04:34.763+0000] {processor.py:914} INFO - Processing file /home/ubuntu/airflow_venv/lib/python3.12/site-packages/airflow/example_dags/example_display_name.py for tasks to queue
[2024-11-20T01:04:34.765+0000] {logging_mixin.py:190} INFO - [2024-11-20T01:04:34.764+0000] {dagbag.py:588} INFO - Filling up the DagBag from /home/ubuntu/airflow_venv/lib/python3.12/site-packages/airflow/example_dags/example_display_name.py
[2024-11-20T01:04:34.775+0000] {processor.py:925} INFO - DAG(s) 'example_display_name' retrieved from /home/ubuntu/airflow_venv/lib/python3.12/site-packages/airflow/example_dags/example_display_name.py
[2024-11-20T01:04:34.789+0000] {logging_mixin.py:190} INFO - [2024-11-20T01:04:34.789+0000] {dag.py:3239} INFO - Sync 1 DAGs
[2024-11-20T01:04:34.801+0000] {logging_mixin.py:190} INFO - [2024-11-20T01:04:34.801+0000] {dag.py:4180} INFO - Setting next_dagrun for example_display_name to None, run_after=None
[2024-11-20T01:04:34.822+0000] {processor.py:208} INFO - Processing /home/ubuntu/airflow_venv/lib/python3.12/site-packages/airflow/example_dags/example_display_name.py took 0.066 seconds
[2024-11-20T01:05:29.282+0000] {processor.py:186} INFO - Started process (PID=6086) to work on /home/ubuntu/airflow_venv/lib/python3.12/site-packages/airflow/example_dags/example_display_name.py
[2024-11-20T01:05:29.283+0000] {processor.py:914} INFO - Processing file /home/ubuntu/airflow_venv/lib/python3.12/site-packages/airflow/example_dags/example_display_name.py for tasks to queue
[2024-11-20T01:05:29.284+0000] {logging_mixin.py:190} INFO - [2024-11-20T01:05:29.284+0000] {dagbag.py:588} INFO - Filling up the DagBag from /home/ubuntu/airflow_venv/lib/python3.12/site-packages/airflow/example_dags/example_display_name.py
[2024-11-20T01:05:29.293+0000] {processor.py:925} INFO - DAG(s) 'example_display_name' retrieved from /home/ubuntu/airflow_venv/lib/python3.12/site-packages/airflow/example_dags/example_display_name.py
[2024-11-20T01:05:29.307+0000] {logging_mixin.py:190} INFO - [2024-11-20T01:05:29.307+0000] {dag.py:3239} INFO - Sync 1 DAGs
[2024-11-20T01:05:29.320+0000] {logging_mixin.py:190} INFO - [2024-11-20T01:05:29.320+0000] {dag.py:4180} INFO - Setting next_dagrun for example_display_name to None, run_after=None
[2024-11-20T01:05:29.341+0000] {processor.py:208} INFO - Processing /home/ubuntu/airflow_venv/lib/python3.12/site-packages/airflow/example_dags/example_display_name.py took 0.071 seconds
[2024-11-20T01:06:22.482+0000] {processor.py:186} INFO - Started process (PID=6141) to work on /home/ubuntu/airflow_venv/lib/python3.12/site-packages/airflow/example_dags/example_display_name.py
[2024-11-20T01:06:22.484+0000] {processor.py:914} INFO - Processing file /home/ubuntu/airflow_venv/lib/python3.12/site-packages/airflow/example_dags/example_display_name.py for tasks to queue
[2024-11-20T01:06:22.485+0000] {logging_mixin.py:190} INFO - [2024-11-20T01:06:22.485+0000] {dagbag.py:588} INFO - Filling up the DagBag from /home/ubuntu/airflow_venv/lib/python3.12/site-packages/airflow/example_dags/example_display_name.py
[2024-11-20T01:06:22.494+0000] {processor.py:925} INFO - DAG(s) 'example_display_name' retrieved from /home/ubuntu/airflow_venv/lib/python3.12/site-packages/airflow/example_dags/example_display_name.py
[2024-11-20T01:06:22.508+0000] {logging_mixin.py:190} INFO - [2024-11-20T01:06:22.507+0000] {dag.py:3239} INFO - Sync 1 DAGs
[2024-11-20T01:06:22.519+0000] {logging_mixin.py:190} INFO - [2024-11-20T01:06:22.519+0000] {dag.py:4180} INFO - Setting next_dagrun for example_display_name to None, run_after=None
[2024-11-20T01:06:22.541+0000] {processor.py:208} INFO - Processing /home/ubuntu/airflow_venv/lib/python3.12/site-packages/airflow/example_dags/example_display_name.py took 0.065 seconds
[2024-11-20T01:07:15.544+0000] {processor.py:186} INFO - Started process (PID=6196) to work on /home/ubuntu/airflow_venv/lib/python3.12/site-packages/airflow/example_dags/example_display_name.py
[2024-11-20T01:07:15.545+0000] {processor.py:914} INFO - Processing file /home/ubuntu/airflow_venv/lib/python3.12/site-packages/airflow/example_dags/example_display_name.py for tasks to queue
[2024-11-20T01:07:15.546+0000] {logging_mixin.py:190} INFO - [2024-11-20T01:07:15.546+0000] {dagbag.py:588} INFO - Filling up the DagBag from /home/ubuntu/airflow_venv/lib/python3.12/site-packages/airflow/example_dags/example_display_name.py
[2024-11-20T01:07:15.555+0000] {processor.py:925} INFO - DAG(s) 'example_display_name' retrieved from /home/ubuntu/airflow_venv/lib/python3.12/site-packages/airflow/example_dags/example_display_name.py
[2024-11-20T01:07:15.570+0000] {logging_mixin.py:190} INFO - [2024-11-20T01:07:15.570+0000] {dag.py:3239} INFO - Sync 1 DAGs
[2024-11-20T01:07:15.582+0000] {logging_mixin.py:190} INFO - [2024-11-20T01:07:15.582+0000] {dag.py:4180} INFO - Setting next_dagrun for example_display_name to None, run_after=None
[2024-11-20T01:07:15.604+0000] {processor.py:208} INFO - Processing /home/ubuntu/airflow_venv/lib/python3.12/site-packages/airflow/example_dags/example_display_name.py took 0.067 seconds
[2024-11-20T01:08:09.330+0000] {processor.py:186} INFO - Started process (PID=6251) to work on /home/ubuntu/airflow_venv/lib/python3.12/site-packages/airflow/example_dags/example_display_name.py
[2024-11-20T01:08:09.332+0000] {processor.py:914} INFO - Processing file /home/ubuntu/airflow_venv/lib/python3.12/site-packages/airflow/example_dags/example_display_name.py for tasks to queue
[2024-11-20T01:08:09.333+0000] {logging_mixin.py:190} INFO - [2024-11-20T01:08:09.333+0000] {dagbag.py:588} INFO - Filling up the DagBag from /home/ubuntu/airflow_venv/lib/python3.12/site-packages/airflow/example_dags/example_display_name.py
[2024-11-20T01:08:09.341+0000] {processor.py:925} INFO - DAG(s) 'example_display_name' retrieved from /home/ubuntu/airflow_venv/lib/python3.12/site-packages/airflow/example_dags/example_display_name.py
[2024-11-20T01:08:09.357+0000] {logging_mixin.py:190} INFO - [2024-11-20T01:08:09.356+0000] {dag.py:3239} INFO - Sync 1 DAGs
[2024-11-20T01:08:09.368+0000] {logging_mixin.py:190} INFO - [2024-11-20T01:08:09.368+0000] {dag.py:4180} INFO - Setting next_dagrun for example_display_name to None, run_after=None
[2024-11-20T01:08:09.388+0000] {processor.py:208} INFO - Processing /home/ubuntu/airflow_venv/lib/python3.12/site-packages/airflow/example_dags/example_display_name.py took 0.065 seconds
[2024-11-20T01:09:03.512+0000] {processor.py:186} INFO - Started process (PID=6305) to work on /home/ubuntu/airflow_venv/lib/python3.12/site-packages/airflow/example_dags/example_display_name.py
[2024-11-20T01:09:03.514+0000] {processor.py:914} INFO - Processing file /home/ubuntu/airflow_venv/lib/python3.12/site-packages/airflow/example_dags/example_display_name.py for tasks to queue
[2024-11-20T01:09:03.515+0000] {logging_mixin.py:190} INFO - [2024-11-20T01:09:03.515+0000] {dagbag.py:588} INFO - Filling up the DagBag from /home/ubuntu/airflow_venv/lib/python3.12/site-packages/airflow/example_dags/example_display_name.py
[2024-11-20T01:09:03.524+0000] {processor.py:925} INFO - DAG(s) 'example_display_name' retrieved from /home/ubuntu/airflow_venv/lib/python3.12/site-packages/airflow/example_dags/example_display_name.py
[2024-11-20T01:09:03.538+0000] {logging_mixin.py:190} INFO - [2024-11-20T01:09:03.538+0000] {dag.py:3239} INFO - Sync 1 DAGs
[2024-11-20T01:09:03.556+0000] {logging_mixin.py:190} INFO - [2024-11-20T01:09:03.556+0000] {dag.py:4180} INFO - Setting next_dagrun for example_display_name to None, run_after=None
[2024-11-20T01:09:03.579+0000] {processor.py:208} INFO - Processing /home/ubuntu/airflow_venv/lib/python3.12/site-packages/airflow/example_dags/example_display_name.py took 0.075 seconds
[2024-11-20T01:10:01.811+0000] {processor.py:186} INFO - Started process (PID=6368) to work on /home/ubuntu/airflow_venv/lib/python3.12/site-packages/airflow/example_dags/example_display_name.py
[2024-11-20T01:10:01.813+0000] {processor.py:914} INFO - Processing file /home/ubuntu/airflow_venv/lib/python3.12/site-packages/airflow/example_dags/example_display_name.py for tasks to queue
[2024-11-20T01:10:01.814+0000] {logging_mixin.py:190} INFO - [2024-11-20T01:10:01.814+0000] {dagbag.py:588} INFO - Filling up the DagBag from /home/ubuntu/airflow_venv/lib/python3.12/site-packages/airflow/example_dags/example_display_name.py
[2024-11-20T01:10:01.823+0000] {processor.py:925} INFO - DAG(s) 'example_display_name' retrieved from /home/ubuntu/airflow_venv/lib/python3.12/site-packages/airflow/example_dags/example_display_name.py
[2024-11-20T01:10:01.841+0000] {logging_mixin.py:190} INFO - [2024-11-20T01:10:01.840+0000] {dag.py:3239} INFO - Sync 1 DAGs
[2024-11-20T01:10:01.854+0000] {logging_mixin.py:190} INFO - [2024-11-20T01:10:01.853+0000] {dag.py:4180} INFO - Setting next_dagrun for example_display_name to None, run_after=None
[2024-11-20T01:10:01.880+0000] {processor.py:208} INFO - Processing /home/ubuntu/airflow_venv/lib/python3.12/site-packages/airflow/example_dags/example_display_name.py took 0.077 seconds
[2024-11-20T01:10:58.859+0000] {processor.py:186} INFO - Started process (PID=6427) to work on /home/ubuntu/airflow_venv/lib/python3.12/site-packages/airflow/example_dags/example_display_name.py
[2024-11-20T01:10:58.861+0000] {processor.py:914} INFO - Processing file /home/ubuntu/airflow_venv/lib/python3.12/site-packages/airflow/example_dags/example_display_name.py for tasks to queue
[2024-11-20T01:10:58.862+0000] {logging_mixin.py:190} INFO - [2024-11-20T01:10:58.861+0000] {dagbag.py:588} INFO - Filling up the DagBag from /home/ubuntu/airflow_venv/lib/python3.12/site-packages/airflow/example_dags/example_display_name.py
[2024-11-20T01:10:58.870+0000] {processor.py:925} INFO - DAG(s) 'example_display_name' retrieved from /home/ubuntu/airflow_venv/lib/python3.12/site-packages/airflow/example_dags/example_display_name.py
[2024-11-20T01:10:58.885+0000] {logging_mixin.py:190} INFO - [2024-11-20T01:10:58.885+0000] {dag.py:3239} INFO - Sync 1 DAGs
[2024-11-20T01:10:58.897+0000] {logging_mixin.py:190} INFO - [2024-11-20T01:10:58.897+0000] {dag.py:4180} INFO - Setting next_dagrun for example_display_name to None, run_after=None
[2024-11-20T01:10:58.920+0000] {processor.py:208} INFO - Processing /home/ubuntu/airflow_venv/lib/python3.12/site-packages/airflow/example_dags/example_display_name.py took 0.068 seconds
[2024-11-20T01:11:51.847+0000] {processor.py:186} INFO - Started process (PID=6482) to work on /home/ubuntu/airflow_venv/lib/python3.12/site-packages/airflow/example_dags/example_display_name.py
[2024-11-20T01:11:51.849+0000] {processor.py:914} INFO - Processing file /home/ubuntu/airflow_venv/lib/python3.12/site-packages/airflow/example_dags/example_display_name.py for tasks to queue
[2024-11-20T01:11:51.850+0000] {logging_mixin.py:190} INFO - [2024-11-20T01:11:51.849+0000] {dagbag.py:588} INFO - Filling up the DagBag from /home/ubuntu/airflow_venv/lib/python3.12/site-packages/airflow/example_dags/example_display_name.py
[2024-11-20T01:11:51.859+0000] {processor.py:925} INFO - DAG(s) 'example_display_name' retrieved from /home/ubuntu/airflow_venv/lib/python3.12/site-packages/airflow/example_dags/example_display_name.py
[2024-11-20T01:11:51.873+0000] {logging_mixin.py:190} INFO - [2024-11-20T01:11:51.872+0000] {dag.py:3239} INFO - Sync 1 DAGs
[2024-11-20T01:11:51.884+0000] {logging_mixin.py:190} INFO - [2024-11-20T01:11:51.884+0000] {dag.py:4180} INFO - Setting next_dagrun for example_display_name to None, run_after=None
[2024-11-20T01:11:51.907+0000] {processor.py:208} INFO - Processing /home/ubuntu/airflow_venv/lib/python3.12/site-packages/airflow/example_dags/example_display_name.py took 0.066 seconds
[2024-11-20T01:12:44.846+0000] {processor.py:186} INFO - Started process (PID=6537) to work on /home/ubuntu/airflow_venv/lib/python3.12/site-packages/airflow/example_dags/example_display_name.py
[2024-11-20T01:12:44.848+0000] {processor.py:914} INFO - Processing file /home/ubuntu/airflow_venv/lib/python3.12/site-packages/airflow/example_dags/example_display_name.py for tasks to queue
[2024-11-20T01:12:44.850+0000] {logging_mixin.py:190} INFO - [2024-11-20T01:12:44.850+0000] {dagbag.py:588} INFO - Filling up the DagBag from /home/ubuntu/airflow_venv/lib/python3.12/site-packages/airflow/example_dags/example_display_name.py
[2024-11-20T01:12:44.858+0000] {processor.py:925} INFO - DAG(s) 'example_display_name' retrieved from /home/ubuntu/airflow_venv/lib/python3.12/site-packages/airflow/example_dags/example_display_name.py
[2024-11-20T01:12:44.873+0000] {logging_mixin.py:190} INFO - [2024-11-20T01:12:44.873+0000] {dag.py:3239} INFO - Sync 1 DAGs
[2024-11-20T01:12:44.886+0000] {logging_mixin.py:190} INFO - [2024-11-20T01:12:44.885+0000] {dag.py:4180} INFO - Setting next_dagrun for example_display_name to None, run_after=None
[2024-11-20T01:12:44.908+0000] {processor.py:208} INFO - Processing /home/ubuntu/airflow_venv/lib/python3.12/site-packages/airflow/example_dags/example_display_name.py took 0.068 seconds
