[2024-11-20T00:16:36.561+0000] {processor.py:186} INFO - Started process (PID=2051) to work on /home/ubuntu/airflow_venv/lib/python3.12/site-packages/airflow/example_dags/example_params_trigger_ui.py
[2024-11-20T00:16:36.561+0000] {processor.py:914} INFO - Processing file /home/ubuntu/airflow_venv/lib/python3.12/site-packages/airflow/example_dags/example_params_trigger_ui.py for tasks to queue
[2024-11-20T00:16:36.563+0000] {logging_mixin.py:190} INFO - [2024-11-20T00:16:36.563+0000] {dagbag.py:588} INFO - Filling up the DagBag from /home/ubuntu/airflow_venv/lib/python3.12/site-packages/airflow/example_dags/example_params_trigger_ui.py
[2024-11-20T00:16:36.575+0000] {processor.py:925} INFO - DAG(s) 'example_params_trigger_ui' retrieved from /home/ubuntu/airflow_venv/lib/python3.12/site-packages/airflow/example_dags/example_params_trigger_ui.py
[2024-11-20T00:16:36.611+0000] {logging_mixin.py:190} INFO - [2024-11-20T00:16:36.611+0000] {dag.py:3239} INFO - Sync 1 DAGs
[2024-11-20T00:16:36.622+0000] {logging_mixin.py:190} INFO - [2024-11-20T00:16:36.622+0000] {dag.py:4180} INFO - Setting next_dagrun for example_params_trigger_ui to None, run_after=None
[2024-11-20T00:16:36.645+0000] {processor.py:208} INFO - Processing /home/ubuntu/airflow_venv/lib/python3.12/site-packages/airflow/example_dags/example_params_trigger_ui.py took 0.090 seconds
[2024-11-20T00:17:36.093+0000] {processor.py:186} INFO - Started process (PID=2121) to work on /home/ubuntu/airflow_venv/lib/python3.12/site-packages/airflow/example_dags/example_params_trigger_ui.py
[2024-11-20T00:17:36.095+0000] {processor.py:914} INFO - Processing file /home/ubuntu/airflow_venv/lib/python3.12/site-packages/airflow/example_dags/example_params_trigger_ui.py for tasks to queue
[2024-11-20T00:17:36.097+0000] {logging_mixin.py:190} INFO - [2024-11-20T00:17:36.096+0000] {dagbag.py:588} INFO - Filling up the DagBag from /home/ubuntu/airflow_venv/lib/python3.12/site-packages/airflow/example_dags/example_params_trigger_ui.py
[2024-11-20T00:17:36.107+0000] {processor.py:925} INFO - DAG(s) 'example_params_trigger_ui' retrieved from /home/ubuntu/airflow_venv/lib/python3.12/site-packages/airflow/example_dags/example_params_trigger_ui.py
[2024-11-20T00:17:36.148+0000] {logging_mixin.py:190} INFO - [2024-11-20T00:17:36.148+0000] {dag.py:3239} INFO - Sync 1 DAGs
[2024-11-20T00:17:36.159+0000] {logging_mixin.py:190} INFO - [2024-11-20T00:17:36.159+0000] {dag.py:4180} INFO - Setting next_dagrun for example_params_trigger_ui to None, run_after=None
[2024-11-20T00:17:36.179+0000] {processor.py:208} INFO - Processing /home/ubuntu/airflow_venv/lib/python3.12/site-packages/airflow/example_dags/example_params_trigger_ui.py took 0.091 seconds
[2024-11-20T00:18:30.777+0000] {processor.py:186} INFO - Started process (PID=2179) to work on /home/ubuntu/airflow_venv/lib/python3.12/site-packages/airflow/example_dags/example_params_trigger_ui.py
[2024-11-20T00:18:30.778+0000] {processor.py:914} INFO - Processing file /home/ubuntu/airflow_venv/lib/python3.12/site-packages/airflow/example_dags/example_params_trigger_ui.py for tasks to queue
[2024-11-20T00:18:30.781+0000] {logging_mixin.py:190} INFO - [2024-11-20T00:18:30.780+0000] {dagbag.py:588} INFO - Filling up the DagBag from /home/ubuntu/airflow_venv/lib/python3.12/site-packages/airflow/example_dags/example_params_trigger_ui.py
[2024-11-20T00:18:30.791+0000] {processor.py:925} INFO - DAG(s) 'example_params_trigger_ui' retrieved from /home/ubuntu/airflow_venv/lib/python3.12/site-packages/airflow/example_dags/example_params_trigger_ui.py
[2024-11-20T00:18:30.826+0000] {logging_mixin.py:190} INFO - [2024-11-20T00:18:30.826+0000] {dag.py:3239} INFO - Sync 1 DAGs
[2024-11-20T00:18:30.837+0000] {logging_mixin.py:190} INFO - [2024-11-20T00:18:30.837+0000] {dag.py:4180} INFO - Setting next_dagrun for example_params_trigger_ui to None, run_after=None
[2024-11-20T00:18:30.862+0000] {processor.py:208} INFO - Processing /home/ubuntu/airflow_venv/lib/python3.12/site-packages/airflow/example_dags/example_params_trigger_ui.py took 0.090 seconds
[2024-11-20T00:19:27.491+0000] {processor.py:186} INFO - Started process (PID=2238) to work on /home/ubuntu/airflow_venv/lib/python3.12/site-packages/airflow/example_dags/example_params_trigger_ui.py
[2024-11-20T00:19:27.492+0000] {processor.py:914} INFO - Processing file /home/ubuntu/airflow_venv/lib/python3.12/site-packages/airflow/example_dags/example_params_trigger_ui.py for tasks to queue
[2024-11-20T00:19:27.494+0000] {logging_mixin.py:190} INFO - [2024-11-20T00:19:27.494+0000] {dagbag.py:588} INFO - Filling up the DagBag from /home/ubuntu/airflow_venv/lib/python3.12/site-packages/airflow/example_dags/example_params_trigger_ui.py
[2024-11-20T00:19:27.505+0000] {processor.py:925} INFO - DAG(s) 'example_params_trigger_ui' retrieved from /home/ubuntu/airflow_venv/lib/python3.12/site-packages/airflow/example_dags/example_params_trigger_ui.py
[2024-11-20T00:19:27.539+0000] {logging_mixin.py:190} INFO - [2024-11-20T00:19:27.539+0000] {dag.py:3239} INFO - Sync 1 DAGs
[2024-11-20T00:19:27.550+0000] {logging_mixin.py:190} INFO - [2024-11-20T00:19:27.550+0000] {dag.py:4180} INFO - Setting next_dagrun for example_params_trigger_ui to None, run_after=None
[2024-11-20T00:19:27.573+0000] {processor.py:208} INFO - Processing /home/ubuntu/airflow_venv/lib/python3.12/site-packages/airflow/example_dags/example_params_trigger_ui.py took 0.089 seconds
[2024-11-20T00:20:20.604+0000] {processor.py:186} INFO - Started process (PID=2293) to work on /home/ubuntu/airflow_venv/lib/python3.12/site-packages/airflow/example_dags/example_params_trigger_ui.py
[2024-11-20T00:20:20.605+0000] {processor.py:914} INFO - Processing file /home/ubuntu/airflow_venv/lib/python3.12/site-packages/airflow/example_dags/example_params_trigger_ui.py for tasks to queue
[2024-11-20T00:20:20.607+0000] {logging_mixin.py:190} INFO - [2024-11-20T00:20:20.607+0000] {dagbag.py:588} INFO - Filling up the DagBag from /home/ubuntu/airflow_venv/lib/python3.12/site-packages/airflow/example_dags/example_params_trigger_ui.py
[2024-11-20T00:20:20.618+0000] {processor.py:925} INFO - DAG(s) 'example_params_trigger_ui' retrieved from /home/ubuntu/airflow_venv/lib/python3.12/site-packages/airflow/example_dags/example_params_trigger_ui.py
[2024-11-20T00:20:20.652+0000] {logging_mixin.py:190} INFO - [2024-11-20T00:20:20.652+0000] {dag.py:3239} INFO - Sync 1 DAGs
[2024-11-20T00:20:20.663+0000] {logging_mixin.py:190} INFO - [2024-11-20T00:20:20.663+0000] {dag.py:4180} INFO - Setting next_dagrun for example_params_trigger_ui to None, run_after=None
[2024-11-20T00:20:20.684+0000] {processor.py:208} INFO - Processing /home/ubuntu/airflow_venv/lib/python3.12/site-packages/airflow/example_dags/example_params_trigger_ui.py took 0.085 seconds
[2024-11-20T00:21:16.218+0000] {processor.py:186} INFO - Started process (PID=2351) to work on /home/ubuntu/airflow_venv/lib/python3.12/site-packages/airflow/example_dags/example_params_trigger_ui.py
[2024-11-20T00:21:16.219+0000] {processor.py:914} INFO - Processing file /home/ubuntu/airflow_venv/lib/python3.12/site-packages/airflow/example_dags/example_params_trigger_ui.py for tasks to queue
[2024-11-20T00:21:16.221+0000] {logging_mixin.py:190} INFO - [2024-11-20T00:21:16.220+0000] {dagbag.py:588} INFO - Filling up the DagBag from /home/ubuntu/airflow_venv/lib/python3.12/site-packages/airflow/example_dags/example_params_trigger_ui.py
[2024-11-20T00:21:16.232+0000] {processor.py:925} INFO - DAG(s) 'example_params_trigger_ui' retrieved from /home/ubuntu/airflow_venv/lib/python3.12/site-packages/airflow/example_dags/example_params_trigger_ui.py
[2024-11-20T00:21:16.388+0000] {logging_mixin.py:190} INFO - [2024-11-20T00:21:16.387+0000] {dag.py:3239} INFO - Sync 1 DAGs
[2024-11-20T00:21:16.398+0000] {logging_mixin.py:190} INFO - [2024-11-20T00:21:16.397+0000] {dag.py:4180} INFO - Setting next_dagrun for example_params_trigger_ui to None, run_after=None
[2024-11-20T00:21:16.419+0000] {processor.py:208} INFO - Processing /home/ubuntu/airflow_venv/lib/python3.12/site-packages/airflow/example_dags/example_params_trigger_ui.py took 0.206 seconds
[2024-11-20T00:22:17.091+0000] {processor.py:186} INFO - Started process (PID=2415) to work on /home/ubuntu/airflow_venv/lib/python3.12/site-packages/airflow/example_dags/example_params_trigger_ui.py
[2024-11-20T00:22:17.093+0000] {processor.py:914} INFO - Processing file /home/ubuntu/airflow_venv/lib/python3.12/site-packages/airflow/example_dags/example_params_trigger_ui.py for tasks to queue
[2024-11-20T00:22:17.095+0000] {logging_mixin.py:190} INFO - [2024-11-20T00:22:17.095+0000] {dagbag.py:588} INFO - Filling up the DagBag from /home/ubuntu/airflow_venv/lib/python3.12/site-packages/airflow/example_dags/example_params_trigger_ui.py
[2024-11-20T00:22:17.106+0000] {processor.py:925} INFO - DAG(s) 'example_params_trigger_ui' retrieved from /home/ubuntu/airflow_venv/lib/python3.12/site-packages/airflow/example_dags/example_params_trigger_ui.py
[2024-11-20T00:22:17.142+0000] {logging_mixin.py:190} INFO - [2024-11-20T00:22:17.142+0000] {dag.py:3239} INFO - Sync 1 DAGs
[2024-11-20T00:22:17.154+0000] {logging_mixin.py:190} INFO - [2024-11-20T00:22:17.154+0000] {dag.py:4180} INFO - Setting next_dagrun for example_params_trigger_ui to None, run_after=None
[2024-11-20T00:22:17.176+0000] {processor.py:208} INFO - Processing /home/ubuntu/airflow_venv/lib/python3.12/site-packages/airflow/example_dags/example_params_trigger_ui.py took 0.092 seconds
[2024-11-20T00:23:13.275+0000] {processor.py:186} INFO - Started process (PID=2471) to work on /home/ubuntu/airflow_venv/lib/python3.12/site-packages/airflow/example_dags/example_params_trigger_ui.py
[2024-11-20T00:23:13.276+0000] {processor.py:914} INFO - Processing file /home/ubuntu/airflow_venv/lib/python3.12/site-packages/airflow/example_dags/example_params_trigger_ui.py for tasks to queue
[2024-11-20T00:23:13.279+0000] {logging_mixin.py:190} INFO - [2024-11-20T00:23:13.278+0000] {dagbag.py:588} INFO - Filling up the DagBag from /home/ubuntu/airflow_venv/lib/python3.12/site-packages/airflow/example_dags/example_params_trigger_ui.py
[2024-11-20T00:23:13.289+0000] {processor.py:925} INFO - DAG(s) 'example_params_trigger_ui' retrieved from /home/ubuntu/airflow_venv/lib/python3.12/site-packages/airflow/example_dags/example_params_trigger_ui.py
[2024-11-20T00:23:13.325+0000] {logging_mixin.py:190} INFO - [2024-11-20T00:23:13.324+0000] {dag.py:3239} INFO - Sync 1 DAGs
[2024-11-20T00:23:13.337+0000] {logging_mixin.py:190} INFO - [2024-11-20T00:23:13.337+0000] {dag.py:4180} INFO - Setting next_dagrun for example_params_trigger_ui to None, run_after=None
[2024-11-20T00:23:13.359+0000] {processor.py:208} INFO - Processing /home/ubuntu/airflow_venv/lib/python3.12/site-packages/airflow/example_dags/example_params_trigger_ui.py took 0.090 seconds
[2024-11-20T00:24:07.602+0000] {processor.py:186} INFO - Started process (PID=2528) to work on /home/ubuntu/airflow_venv/lib/python3.12/site-packages/airflow/example_dags/example_params_trigger_ui.py
[2024-11-20T00:24:07.603+0000] {processor.py:914} INFO - Processing file /home/ubuntu/airflow_venv/lib/python3.12/site-packages/airflow/example_dags/example_params_trigger_ui.py for tasks to queue
[2024-11-20T00:24:07.606+0000] {logging_mixin.py:190} INFO - [2024-11-20T00:24:07.606+0000] {dagbag.py:588} INFO - Filling up the DagBag from /home/ubuntu/airflow_venv/lib/python3.12/site-packages/airflow/example_dags/example_params_trigger_ui.py
[2024-11-20T00:24:07.617+0000] {processor.py:925} INFO - DAG(s) 'example_params_trigger_ui' retrieved from /home/ubuntu/airflow_venv/lib/python3.12/site-packages/airflow/example_dags/example_params_trigger_ui.py
[2024-11-20T00:24:07.653+0000] {logging_mixin.py:190} INFO - [2024-11-20T00:24:07.653+0000] {dag.py:3239} INFO - Sync 1 DAGs
[2024-11-20T00:24:07.665+0000] {logging_mixin.py:190} INFO - [2024-11-20T00:24:07.665+0000] {dag.py:4180} INFO - Setting next_dagrun for example_params_trigger_ui to None, run_after=None
[2024-11-20T00:24:07.699+0000] {processor.py:208} INFO - Processing /home/ubuntu/airflow_venv/lib/python3.12/site-packages/airflow/example_dags/example_params_trigger_ui.py took 0.103 seconds
[2024-11-20T00:25:02.809+0000] {processor.py:186} INFO - Started process (PID=2587) to work on /home/ubuntu/airflow_venv/lib/python3.12/site-packages/airflow/example_dags/example_params_trigger_ui.py
[2024-11-20T00:25:02.810+0000] {processor.py:914} INFO - Processing file /home/ubuntu/airflow_venv/lib/python3.12/site-packages/airflow/example_dags/example_params_trigger_ui.py for tasks to queue
[2024-11-20T00:25:02.813+0000] {logging_mixin.py:190} INFO - [2024-11-20T00:25:02.812+0000] {dagbag.py:588} INFO - Filling up the DagBag from /home/ubuntu/airflow_venv/lib/python3.12/site-packages/airflow/example_dags/example_params_trigger_ui.py
[2024-11-20T00:25:02.824+0000] {processor.py:925} INFO - DAG(s) 'example_params_trigger_ui' retrieved from /home/ubuntu/airflow_venv/lib/python3.12/site-packages/airflow/example_dags/example_params_trigger_ui.py
[2024-11-20T00:25:02.860+0000] {logging_mixin.py:190} INFO - [2024-11-20T00:25:02.860+0000] {dag.py:3239} INFO - Sync 1 DAGs
[2024-11-20T00:25:02.872+0000] {logging_mixin.py:190} INFO - [2024-11-20T00:25:02.872+0000] {dag.py:4180} INFO - Setting next_dagrun for example_params_trigger_ui to None, run_after=None
[2024-11-20T00:25:02.894+0000] {processor.py:208} INFO - Processing /home/ubuntu/airflow_venv/lib/python3.12/site-packages/airflow/example_dags/example_params_trigger_ui.py took 0.091 seconds
[2024-11-20T00:25:56.110+0000] {processor.py:186} INFO - Started process (PID=2643) to work on /home/ubuntu/airflow_venv/lib/python3.12/site-packages/airflow/example_dags/example_params_trigger_ui.py
[2024-11-20T00:25:56.112+0000] {processor.py:914} INFO - Processing file /home/ubuntu/airflow_venv/lib/python3.12/site-packages/airflow/example_dags/example_params_trigger_ui.py for tasks to queue
[2024-11-20T00:25:56.114+0000] {logging_mixin.py:190} INFO - [2024-11-20T00:25:56.114+0000] {dagbag.py:588} INFO - Filling up the DagBag from /home/ubuntu/airflow_venv/lib/python3.12/site-packages/airflow/example_dags/example_params_trigger_ui.py
[2024-11-20T00:25:56.125+0000] {processor.py:925} INFO - DAG(s) 'example_params_trigger_ui' retrieved from /home/ubuntu/airflow_venv/lib/python3.12/site-packages/airflow/example_dags/example_params_trigger_ui.py
[2024-11-20T00:25:56.161+0000] {logging_mixin.py:190} INFO - [2024-11-20T00:25:56.161+0000] {dag.py:3239} INFO - Sync 1 DAGs
[2024-11-20T00:25:56.174+0000] {logging_mixin.py:190} INFO - [2024-11-20T00:25:56.174+0000] {dag.py:4180} INFO - Setting next_dagrun for example_params_trigger_ui to None, run_after=None
[2024-11-20T00:25:56.197+0000] {processor.py:208} INFO - Processing /home/ubuntu/airflow_venv/lib/python3.12/site-packages/airflow/example_dags/example_params_trigger_ui.py took 0.093 seconds
[2024-11-20T00:27:09.443+0000] {processor.py:186} INFO - Started process (PID=2739) to work on /home/ubuntu/airflow_venv/lib/python3.12/site-packages/airflow/example_dags/example_params_trigger_ui.py
[2024-11-20T00:27:09.445+0000] {processor.py:914} INFO - Processing file /home/ubuntu/airflow_venv/lib/python3.12/site-packages/airflow/example_dags/example_params_trigger_ui.py for tasks to queue
[2024-11-20T00:27:09.446+0000] {logging_mixin.py:190} INFO - [2024-11-20T00:27:09.446+0000] {dagbag.py:588} INFO - Filling up the DagBag from /home/ubuntu/airflow_venv/lib/python3.12/site-packages/airflow/example_dags/example_params_trigger_ui.py
[2024-11-20T00:27:09.458+0000] {processor.py:925} INFO - DAG(s) 'example_params_trigger_ui' retrieved from /home/ubuntu/airflow_venv/lib/python3.12/site-packages/airflow/example_dags/example_params_trigger_ui.py
[2024-11-20T00:27:09.493+0000] {logging_mixin.py:190} INFO - [2024-11-20T00:27:09.493+0000] {dag.py:3239} INFO - Sync 1 DAGs
[2024-11-20T00:27:09.506+0000] {logging_mixin.py:190} INFO - [2024-11-20T00:27:09.504+0000] {dag.py:4180} INFO - Setting next_dagrun for example_params_trigger_ui to None, run_after=None
[2024-11-20T00:27:09.529+0000] {processor.py:208} INFO - Processing /home/ubuntu/airflow_venv/lib/python3.12/site-packages/airflow/example_dags/example_params_trigger_ui.py took 0.092 seconds
[2024-11-20T00:28:13.545+0000] {processor.py:186} INFO - Started process (PID=2805) to work on /home/ubuntu/airflow_venv/lib/python3.12/site-packages/airflow/example_dags/example_params_trigger_ui.py
[2024-11-20T00:28:13.546+0000] {processor.py:914} INFO - Processing file /home/ubuntu/airflow_venv/lib/python3.12/site-packages/airflow/example_dags/example_params_trigger_ui.py for tasks to queue
[2024-11-20T00:28:13.549+0000] {logging_mixin.py:190} INFO - [2024-11-20T00:28:13.549+0000] {dagbag.py:588} INFO - Filling up the DagBag from /home/ubuntu/airflow_venv/lib/python3.12/site-packages/airflow/example_dags/example_params_trigger_ui.py
[2024-11-20T00:28:13.559+0000] {processor.py:925} INFO - DAG(s) 'example_params_trigger_ui' retrieved from /home/ubuntu/airflow_venv/lib/python3.12/site-packages/airflow/example_dags/example_params_trigger_ui.py
[2024-11-20T00:28:13.595+0000] {logging_mixin.py:190} INFO - [2024-11-20T00:28:13.595+0000] {dag.py:3239} INFO - Sync 1 DAGs
[2024-11-20T00:28:13.607+0000] {logging_mixin.py:190} INFO - [2024-11-20T00:28:13.607+0000] {dag.py:4180} INFO - Setting next_dagrun for example_params_trigger_ui to None, run_after=None
[2024-11-20T00:28:13.628+0000] {processor.py:208} INFO - Processing /home/ubuntu/airflow_venv/lib/python3.12/site-packages/airflow/example_dags/example_params_trigger_ui.py took 0.089 seconds
[2024-11-20T00:29:12.966+0000] {processor.py:186} INFO - Started process (PID=2993) to work on /home/ubuntu/airflow_venv/lib/python3.12/site-packages/airflow/example_dags/example_params_trigger_ui.py
[2024-11-20T00:29:12.968+0000] {processor.py:914} INFO - Processing file /home/ubuntu/airflow_venv/lib/python3.12/site-packages/airflow/example_dags/example_params_trigger_ui.py for tasks to queue
[2024-11-20T00:29:12.970+0000] {logging_mixin.py:190} INFO - [2024-11-20T00:29:12.969+0000] {dagbag.py:588} INFO - Filling up the DagBag from /home/ubuntu/airflow_venv/lib/python3.12/site-packages/airflow/example_dags/example_params_trigger_ui.py
[2024-11-20T00:29:12.980+0000] {processor.py:925} INFO - DAG(s) 'example_params_trigger_ui' retrieved from /home/ubuntu/airflow_venv/lib/python3.12/site-packages/airflow/example_dags/example_params_trigger_ui.py
[2024-11-20T00:29:13.016+0000] {logging_mixin.py:190} INFO - [2024-11-20T00:29:13.016+0000] {dag.py:3239} INFO - Sync 1 DAGs
[2024-11-20T00:29:13.029+0000] {logging_mixin.py:190} INFO - [2024-11-20T00:29:13.029+0000] {dag.py:4180} INFO - Setting next_dagrun for example_params_trigger_ui to None, run_after=None
[2024-11-20T00:29:13.052+0000] {processor.py:208} INFO - Processing /home/ubuntu/airflow_venv/lib/python3.12/site-packages/airflow/example_dags/example_params_trigger_ui.py took 0.091 seconds
[2024-11-20T00:30:13.536+0000] {processor.py:186} INFO - Started process (PID=3056) to work on /home/ubuntu/airflow_venv/lib/python3.12/site-packages/airflow/example_dags/example_params_trigger_ui.py
[2024-11-20T00:30:13.538+0000] {processor.py:914} INFO - Processing file /home/ubuntu/airflow_venv/lib/python3.12/site-packages/airflow/example_dags/example_params_trigger_ui.py for tasks to queue
[2024-11-20T00:30:13.541+0000] {logging_mixin.py:190} INFO - [2024-11-20T00:30:13.541+0000] {dagbag.py:588} INFO - Filling up the DagBag from /home/ubuntu/airflow_venv/lib/python3.12/site-packages/airflow/example_dags/example_params_trigger_ui.py
[2024-11-20T00:30:13.553+0000] {processor.py:925} INFO - DAG(s) 'example_params_trigger_ui' retrieved from /home/ubuntu/airflow_venv/lib/python3.12/site-packages/airflow/example_dags/example_params_trigger_ui.py
[2024-11-20T00:30:13.590+0000] {logging_mixin.py:190} INFO - [2024-11-20T00:30:13.589+0000] {dag.py:3239} INFO - Sync 1 DAGs
[2024-11-20T00:30:13.601+0000] {logging_mixin.py:190} INFO - [2024-11-20T00:30:13.601+0000] {dag.py:4180} INFO - Setting next_dagrun for example_params_trigger_ui to None, run_after=None
[2024-11-20T00:30:13.623+0000] {processor.py:208} INFO - Processing /home/ubuntu/airflow_venv/lib/python3.12/site-packages/airflow/example_dags/example_params_trigger_ui.py took 0.098 seconds
[2024-11-20T00:31:07.920+0000] {processor.py:186} INFO - Started process (PID=3166) to work on /home/ubuntu/airflow_venv/lib/python3.12/site-packages/airflow/example_dags/example_params_trigger_ui.py
[2024-11-20T00:31:07.921+0000] {processor.py:914} INFO - Processing file /home/ubuntu/airflow_venv/lib/python3.12/site-packages/airflow/example_dags/example_params_trigger_ui.py for tasks to queue
[2024-11-20T00:31:07.922+0000] {logging_mixin.py:190} INFO - [2024-11-20T00:31:07.922+0000] {dagbag.py:588} INFO - Filling up the DagBag from /home/ubuntu/airflow_venv/lib/python3.12/site-packages/airflow/example_dags/example_params_trigger_ui.py
[2024-11-20T00:31:07.934+0000] {processor.py:925} INFO - DAG(s) 'example_params_trigger_ui' retrieved from /home/ubuntu/airflow_venv/lib/python3.12/site-packages/airflow/example_dags/example_params_trigger_ui.py
[2024-11-20T00:31:07.969+0000] {logging_mixin.py:190} INFO - [2024-11-20T00:31:07.969+0000] {dag.py:3239} INFO - Sync 1 DAGs
[2024-11-20T00:31:07.983+0000] {logging_mixin.py:190} INFO - [2024-11-20T00:31:07.982+0000] {dag.py:4180} INFO - Setting next_dagrun for example_params_trigger_ui to None, run_after=None
[2024-11-20T00:31:08.005+0000] {processor.py:208} INFO - Processing /home/ubuntu/airflow_venv/lib/python3.12/site-packages/airflow/example_dags/example_params_trigger_ui.py took 0.091 seconds
[2024-11-20T00:32:03.044+0000] {processor.py:186} INFO - Started process (PID=3310) to work on /home/ubuntu/airflow_venv/lib/python3.12/site-packages/airflow/example_dags/example_params_trigger_ui.py
[2024-11-20T00:32:03.046+0000] {processor.py:914} INFO - Processing file /home/ubuntu/airflow_venv/lib/python3.12/site-packages/airflow/example_dags/example_params_trigger_ui.py for tasks to queue
[2024-11-20T00:32:03.047+0000] {logging_mixin.py:190} INFO - [2024-11-20T00:32:03.047+0000] {dagbag.py:588} INFO - Filling up the DagBag from /home/ubuntu/airflow_venv/lib/python3.12/site-packages/airflow/example_dags/example_params_trigger_ui.py
[2024-11-20T00:32:03.059+0000] {processor.py:925} INFO - DAG(s) 'example_params_trigger_ui' retrieved from /home/ubuntu/airflow_venv/lib/python3.12/site-packages/airflow/example_dags/example_params_trigger_ui.py
[2024-11-20T00:32:03.094+0000] {logging_mixin.py:190} INFO - [2024-11-20T00:32:03.094+0000] {dag.py:3239} INFO - Sync 1 DAGs
[2024-11-20T00:32:03.107+0000] {logging_mixin.py:190} INFO - [2024-11-20T00:32:03.107+0000] {dag.py:4180} INFO - Setting next_dagrun for example_params_trigger_ui to None, run_after=None
[2024-11-20T00:32:03.129+0000] {processor.py:208} INFO - Processing /home/ubuntu/airflow_venv/lib/python3.12/site-packages/airflow/example_dags/example_params_trigger_ui.py took 0.091 seconds
[2024-11-20T00:32:56.408+0000] {processor.py:186} INFO - Started process (PID=3781) to work on /home/ubuntu/airflow_venv/lib/python3.12/site-packages/airflow/example_dags/example_params_trigger_ui.py
[2024-11-20T00:32:56.410+0000] {processor.py:914} INFO - Processing file /home/ubuntu/airflow_venv/lib/python3.12/site-packages/airflow/example_dags/example_params_trigger_ui.py for tasks to queue
[2024-11-20T00:32:56.410+0000] {logging_mixin.py:190} INFO - [2024-11-20T00:32:56.410+0000] {dagbag.py:588} INFO - Filling up the DagBag from /home/ubuntu/airflow_venv/lib/python3.12/site-packages/airflow/example_dags/example_params_trigger_ui.py
[2024-11-20T00:32:56.425+0000] {processor.py:925} INFO - DAG(s) 'example_params_trigger_ui' retrieved from /home/ubuntu/airflow_venv/lib/python3.12/site-packages/airflow/example_dags/example_params_trigger_ui.py
[2024-11-20T00:32:56.466+0000] {logging_mixin.py:190} INFO - [2024-11-20T00:32:56.465+0000] {dag.py:3239} INFO - Sync 1 DAGs
[2024-11-20T00:32:56.478+0000] {logging_mixin.py:190} INFO - [2024-11-20T00:32:56.478+0000] {dag.py:4180} INFO - Setting next_dagrun for example_params_trigger_ui to None, run_after=None
[2024-11-20T00:32:56.499+0000] {processor.py:208} INFO - Processing /home/ubuntu/airflow_venv/lib/python3.12/site-packages/airflow/example_dags/example_params_trigger_ui.py took 0.097 seconds
[2024-11-20T00:34:00.912+0000] {processor.py:186} INFO - Started process (PID=3996) to work on /home/ubuntu/airflow_venv/lib/python3.12/site-packages/airflow/example_dags/example_params_trigger_ui.py
[2024-11-20T00:34:00.914+0000] {processor.py:914} INFO - Processing file /home/ubuntu/airflow_venv/lib/python3.12/site-packages/airflow/example_dags/example_params_trigger_ui.py for tasks to queue
[2024-11-20T00:34:00.917+0000] {logging_mixin.py:190} INFO - [2024-11-20T00:34:00.915+0000] {dagbag.py:588} INFO - Filling up the DagBag from /home/ubuntu/airflow_venv/lib/python3.12/site-packages/airflow/example_dags/example_params_trigger_ui.py
[2024-11-20T00:34:00.928+0000] {processor.py:925} INFO - DAG(s) 'example_params_trigger_ui' retrieved from /home/ubuntu/airflow_venv/lib/python3.12/site-packages/airflow/example_dags/example_params_trigger_ui.py
[2024-11-20T00:34:00.964+0000] {logging_mixin.py:190} INFO - [2024-11-20T00:34:00.964+0000] {dag.py:3239} INFO - Sync 1 DAGs
[2024-11-20T00:34:00.977+0000] {logging_mixin.py:190} INFO - [2024-11-20T00:34:00.976+0000] {dag.py:4180} INFO - Setting next_dagrun for example_params_trigger_ui to None, run_after=None
[2024-11-20T00:34:01.004+0000] {processor.py:208} INFO - Processing /home/ubuntu/airflow_venv/lib/python3.12/site-packages/airflow/example_dags/example_params_trigger_ui.py took 0.102 seconds
[2024-11-20T00:35:00.153+0000] {processor.py:186} INFO - Started process (PID=4092) to work on /home/ubuntu/airflow_venv/lib/python3.12/site-packages/airflow/example_dags/example_params_trigger_ui.py
[2024-11-20T00:35:00.155+0000] {processor.py:914} INFO - Processing file /home/ubuntu/airflow_venv/lib/python3.12/site-packages/airflow/example_dags/example_params_trigger_ui.py for tasks to queue
[2024-11-20T00:35:00.157+0000] {logging_mixin.py:190} INFO - [2024-11-20T00:35:00.156+0000] {dagbag.py:588} INFO - Filling up the DagBag from /home/ubuntu/airflow_venv/lib/python3.12/site-packages/airflow/example_dags/example_params_trigger_ui.py
[2024-11-20T00:35:00.168+0000] {processor.py:925} INFO - DAG(s) 'example_params_trigger_ui' retrieved from /home/ubuntu/airflow_venv/lib/python3.12/site-packages/airflow/example_dags/example_params_trigger_ui.py
[2024-11-20T00:35:00.202+0000] {logging_mixin.py:190} INFO - [2024-11-20T00:35:00.202+0000] {dag.py:3239} INFO - Sync 1 DAGs
[2024-11-20T00:35:00.215+0000] {logging_mixin.py:190} INFO - [2024-11-20T00:35:00.215+0000] {dag.py:4180} INFO - Setting next_dagrun for example_params_trigger_ui to None, run_after=None
[2024-11-20T00:35:00.239+0000] {processor.py:208} INFO - Processing /home/ubuntu/airflow_venv/lib/python3.12/site-packages/airflow/example_dags/example_params_trigger_ui.py took 0.092 seconds
[2024-11-20T00:35:54.416+0000] {processor.py:186} INFO - Started process (PID=4153) to work on /home/ubuntu/airflow_venv/lib/python3.12/site-packages/airflow/example_dags/example_params_trigger_ui.py
[2024-11-20T00:35:54.417+0000] {processor.py:914} INFO - Processing file /home/ubuntu/airflow_venv/lib/python3.12/site-packages/airflow/example_dags/example_params_trigger_ui.py for tasks to queue
[2024-11-20T00:35:54.418+0000] {logging_mixin.py:190} INFO - [2024-11-20T00:35:54.418+0000] {dagbag.py:588} INFO - Filling up the DagBag from /home/ubuntu/airflow_venv/lib/python3.12/site-packages/airflow/example_dags/example_params_trigger_ui.py
[2024-11-20T00:35:54.429+0000] {processor.py:925} INFO - DAG(s) 'example_params_trigger_ui' retrieved from /home/ubuntu/airflow_venv/lib/python3.12/site-packages/airflow/example_dags/example_params_trigger_ui.py
[2024-11-20T00:35:54.467+0000] {logging_mixin.py:190} INFO - [2024-11-20T00:35:54.466+0000] {dag.py:3239} INFO - Sync 1 DAGs
[2024-11-20T00:35:54.479+0000] {logging_mixin.py:190} INFO - [2024-11-20T00:35:54.479+0000] {dag.py:4180} INFO - Setting next_dagrun for example_params_trigger_ui to None, run_after=None
[2024-11-20T00:35:54.500+0000] {processor.py:208} INFO - Processing /home/ubuntu/airflow_venv/lib/python3.12/site-packages/airflow/example_dags/example_params_trigger_ui.py took 0.092 seconds
[2024-11-20T00:36:49.245+0000] {processor.py:186} INFO - Started process (PID=4209) to work on /home/ubuntu/airflow_venv/lib/python3.12/site-packages/airflow/example_dags/example_params_trigger_ui.py
[2024-11-20T00:36:49.247+0000] {processor.py:914} INFO - Processing file /home/ubuntu/airflow_venv/lib/python3.12/site-packages/airflow/example_dags/example_params_trigger_ui.py for tasks to queue
[2024-11-20T00:36:49.249+0000] {logging_mixin.py:190} INFO - [2024-11-20T00:36:49.248+0000] {dagbag.py:588} INFO - Filling up the DagBag from /home/ubuntu/airflow_venv/lib/python3.12/site-packages/airflow/example_dags/example_params_trigger_ui.py
[2024-11-20T00:36:49.260+0000] {processor.py:925} INFO - DAG(s) 'example_params_trigger_ui' retrieved from /home/ubuntu/airflow_venv/lib/python3.12/site-packages/airflow/example_dags/example_params_trigger_ui.py
[2024-11-20T00:36:49.296+0000] {logging_mixin.py:190} INFO - [2024-11-20T00:36:49.296+0000] {dag.py:3239} INFO - Sync 1 DAGs
[2024-11-20T00:36:49.308+0000] {logging_mixin.py:190} INFO - [2024-11-20T00:36:49.308+0000] {dag.py:4180} INFO - Setting next_dagrun for example_params_trigger_ui to None, run_after=None
[2024-11-20T00:36:49.331+0000] {processor.py:208} INFO - Processing /home/ubuntu/airflow_venv/lib/python3.12/site-packages/airflow/example_dags/example_params_trigger_ui.py took 0.092 seconds
[2024-11-20T00:37:43.830+0000] {processor.py:186} INFO - Started process (PID=4266) to work on /home/ubuntu/airflow_venv/lib/python3.12/site-packages/airflow/example_dags/example_params_trigger_ui.py
[2024-11-20T00:37:43.832+0000] {processor.py:914} INFO - Processing file /home/ubuntu/airflow_venv/lib/python3.12/site-packages/airflow/example_dags/example_params_trigger_ui.py for tasks to queue
[2024-11-20T00:37:43.834+0000] {logging_mixin.py:190} INFO - [2024-11-20T00:37:43.833+0000] {dagbag.py:588} INFO - Filling up the DagBag from /home/ubuntu/airflow_venv/lib/python3.12/site-packages/airflow/example_dags/example_params_trigger_ui.py
[2024-11-20T00:37:43.844+0000] {processor.py:925} INFO - DAG(s) 'example_params_trigger_ui' retrieved from /home/ubuntu/airflow_venv/lib/python3.12/site-packages/airflow/example_dags/example_params_trigger_ui.py
[2024-11-20T00:37:43.879+0000] {logging_mixin.py:190} INFO - [2024-11-20T00:37:43.878+0000] {dag.py:3239} INFO - Sync 1 DAGs
[2024-11-20T00:37:43.892+0000] {logging_mixin.py:190} INFO - [2024-11-20T00:37:43.891+0000] {dag.py:4180} INFO - Setting next_dagrun for example_params_trigger_ui to None, run_after=None
[2024-11-20T00:37:43.914+0000] {processor.py:208} INFO - Processing /home/ubuntu/airflow_venv/lib/python3.12/site-packages/airflow/example_dags/example_params_trigger_ui.py took 0.090 seconds
[2024-11-20T00:38:40.708+0000] {processor.py:186} INFO - Started process (PID=4350) to work on /home/ubuntu/airflow_venv/lib/python3.12/site-packages/airflow/example_dags/example_params_trigger_ui.py
[2024-11-20T00:38:40.710+0000] {processor.py:914} INFO - Processing file /home/ubuntu/airflow_venv/lib/python3.12/site-packages/airflow/example_dags/example_params_trigger_ui.py for tasks to queue
[2024-11-20T00:38:40.711+0000] {logging_mixin.py:190} INFO - [2024-11-20T00:38:40.711+0000] {dagbag.py:588} INFO - Filling up the DagBag from /home/ubuntu/airflow_venv/lib/python3.12/site-packages/airflow/example_dags/example_params_trigger_ui.py
[2024-11-20T00:38:40.722+0000] {processor.py:925} INFO - DAG(s) 'example_params_trigger_ui' retrieved from /home/ubuntu/airflow_venv/lib/python3.12/site-packages/airflow/example_dags/example_params_trigger_ui.py
[2024-11-20T00:38:40.758+0000] {logging_mixin.py:190} INFO - [2024-11-20T00:38:40.758+0000] {dag.py:3239} INFO - Sync 1 DAGs
[2024-11-20T00:38:40.772+0000] {logging_mixin.py:190} INFO - [2024-11-20T00:38:40.772+0000] {dag.py:4180} INFO - Setting next_dagrun for example_params_trigger_ui to None, run_after=None
[2024-11-20T00:38:40.792+0000] {processor.py:208} INFO - Processing /home/ubuntu/airflow_venv/lib/python3.12/site-packages/airflow/example_dags/example_params_trigger_ui.py took 0.094 seconds
[2024-11-20T00:39:33.430+0000] {processor.py:186} INFO - Started process (PID=4405) to work on /home/ubuntu/airflow_venv/lib/python3.12/site-packages/airflow/example_dags/example_params_trigger_ui.py
[2024-11-20T00:39:33.436+0000] {processor.py:914} INFO - Processing file /home/ubuntu/airflow_venv/lib/python3.12/site-packages/airflow/example_dags/example_params_trigger_ui.py for tasks to queue
[2024-11-20T00:39:33.438+0000] {logging_mixin.py:190} INFO - [2024-11-20T00:39:33.437+0000] {dagbag.py:588} INFO - Filling up the DagBag from /home/ubuntu/airflow_venv/lib/python3.12/site-packages/airflow/example_dags/example_params_trigger_ui.py
[2024-11-20T00:39:33.459+0000] {processor.py:925} INFO - DAG(s) 'example_params_trigger_ui' retrieved from /home/ubuntu/airflow_venv/lib/python3.12/site-packages/airflow/example_dags/example_params_trigger_ui.py
[2024-11-20T00:39:33.496+0000] {logging_mixin.py:190} INFO - [2024-11-20T00:39:33.496+0000] {dag.py:3239} INFO - Sync 1 DAGs
[2024-11-20T00:39:33.508+0000] {logging_mixin.py:190} INFO - [2024-11-20T00:39:33.507+0000] {dag.py:4180} INFO - Setting next_dagrun for example_params_trigger_ui to None, run_after=None
[2024-11-20T00:39:33.531+0000] {processor.py:208} INFO - Processing /home/ubuntu/airflow_venv/lib/python3.12/site-packages/airflow/example_dags/example_params_trigger_ui.py took 0.111 seconds
[2024-11-20T00:40:39.431+0000] {processor.py:186} INFO - Started process (PID=4507) to work on /home/ubuntu/airflow_venv/lib/python3.12/site-packages/airflow/example_dags/example_params_trigger_ui.py
[2024-11-20T00:40:39.433+0000] {processor.py:914} INFO - Processing file /home/ubuntu/airflow_venv/lib/python3.12/site-packages/airflow/example_dags/example_params_trigger_ui.py for tasks to queue
[2024-11-20T00:40:39.434+0000] {logging_mixin.py:190} INFO - [2024-11-20T00:40:39.434+0000] {dagbag.py:588} INFO - Filling up the DagBag from /home/ubuntu/airflow_venv/lib/python3.12/site-packages/airflow/example_dags/example_params_trigger_ui.py
[2024-11-20T00:40:39.446+0000] {processor.py:925} INFO - DAG(s) 'example_params_trigger_ui' retrieved from /home/ubuntu/airflow_venv/lib/python3.12/site-packages/airflow/example_dags/example_params_trigger_ui.py
[2024-11-20T00:40:39.481+0000] {logging_mixin.py:190} INFO - [2024-11-20T00:40:39.481+0000] {dag.py:3239} INFO - Sync 1 DAGs
[2024-11-20T00:40:39.493+0000] {logging_mixin.py:190} INFO - [2024-11-20T00:40:39.493+0000] {dag.py:4180} INFO - Setting next_dagrun for example_params_trigger_ui to None, run_after=None
[2024-11-20T00:40:39.514+0000] {processor.py:208} INFO - Processing /home/ubuntu/airflow_venv/lib/python3.12/site-packages/airflow/example_dags/example_params_trigger_ui.py took 0.089 seconds
[2024-11-20T00:41:33.219+0000] {processor.py:186} INFO - Started process (PID=4563) to work on /home/ubuntu/airflow_venv/lib/python3.12/site-packages/airflow/example_dags/example_params_trigger_ui.py
[2024-11-20T00:41:33.220+0000] {processor.py:914} INFO - Processing file /home/ubuntu/airflow_venv/lib/python3.12/site-packages/airflow/example_dags/example_params_trigger_ui.py for tasks to queue
[2024-11-20T00:41:33.221+0000] {logging_mixin.py:190} INFO - [2024-11-20T00:41:33.221+0000] {dagbag.py:588} INFO - Filling up the DagBag from /home/ubuntu/airflow_venv/lib/python3.12/site-packages/airflow/example_dags/example_params_trigger_ui.py
[2024-11-20T00:41:33.233+0000] {processor.py:925} INFO - DAG(s) 'example_params_trigger_ui' retrieved from /home/ubuntu/airflow_venv/lib/python3.12/site-packages/airflow/example_dags/example_params_trigger_ui.py
[2024-11-20T00:41:33.268+0000] {logging_mixin.py:190} INFO - [2024-11-20T00:41:33.268+0000] {dag.py:3239} INFO - Sync 1 DAGs
[2024-11-20T00:41:33.280+0000] {logging_mixin.py:190} INFO - [2024-11-20T00:41:33.280+0000] {dag.py:4180} INFO - Setting next_dagrun for example_params_trigger_ui to None, run_after=None
[2024-11-20T00:41:33.303+0000] {processor.py:208} INFO - Processing /home/ubuntu/airflow_venv/lib/python3.12/site-packages/airflow/example_dags/example_params_trigger_ui.py took 0.091 seconds
[2024-11-20T00:42:25.212+0000] {processor.py:186} INFO - Started process (PID=4617) to work on /home/ubuntu/airflow_venv/lib/python3.12/site-packages/airflow/example_dags/example_params_trigger_ui.py
[2024-11-20T00:42:25.215+0000] {processor.py:914} INFO - Processing file /home/ubuntu/airflow_venv/lib/python3.12/site-packages/airflow/example_dags/example_params_trigger_ui.py for tasks to queue
[2024-11-20T00:42:25.216+0000] {logging_mixin.py:190} INFO - [2024-11-20T00:42:25.216+0000] {dagbag.py:588} INFO - Filling up the DagBag from /home/ubuntu/airflow_venv/lib/python3.12/site-packages/airflow/example_dags/example_params_trigger_ui.py
[2024-11-20T00:42:25.228+0000] {processor.py:925} INFO - DAG(s) 'example_params_trigger_ui' retrieved from /home/ubuntu/airflow_venv/lib/python3.12/site-packages/airflow/example_dags/example_params_trigger_ui.py
[2024-11-20T00:42:25.270+0000] {logging_mixin.py:190} INFO - [2024-11-20T00:42:25.270+0000] {dag.py:3239} INFO - Sync 1 DAGs
[2024-11-20T00:42:25.282+0000] {logging_mixin.py:190} INFO - [2024-11-20T00:42:25.282+0000] {dag.py:4180} INFO - Setting next_dagrun for example_params_trigger_ui to None, run_after=None
[2024-11-20T00:42:25.304+0000] {processor.py:208} INFO - Processing /home/ubuntu/airflow_venv/lib/python3.12/site-packages/airflow/example_dags/example_params_trigger_ui.py took 0.098 seconds
[2024-11-20T00:43:24.182+0000] {processor.py:186} INFO - Started process (PID=4677) to work on /home/ubuntu/airflow_venv/lib/python3.12/site-packages/airflow/example_dags/example_params_trigger_ui.py
[2024-11-20T00:43:24.183+0000] {processor.py:914} INFO - Processing file /home/ubuntu/airflow_venv/lib/python3.12/site-packages/airflow/example_dags/example_params_trigger_ui.py for tasks to queue
[2024-11-20T00:43:24.184+0000] {logging_mixin.py:190} INFO - [2024-11-20T00:43:24.184+0000] {dagbag.py:588} INFO - Filling up the DagBag from /home/ubuntu/airflow_venv/lib/python3.12/site-packages/airflow/example_dags/example_params_trigger_ui.py
[2024-11-20T00:43:24.195+0000] {processor.py:925} INFO - DAG(s) 'example_params_trigger_ui' retrieved from /home/ubuntu/airflow_venv/lib/python3.12/site-packages/airflow/example_dags/example_params_trigger_ui.py
[2024-11-20T00:43:24.230+0000] {logging_mixin.py:190} INFO - [2024-11-20T00:43:24.230+0000] {dag.py:3239} INFO - Sync 1 DAGs
[2024-11-20T00:43:24.242+0000] {logging_mixin.py:190} INFO - [2024-11-20T00:43:24.242+0000] {dag.py:4180} INFO - Setting next_dagrun for example_params_trigger_ui to None, run_after=None
[2024-11-20T00:43:24.265+0000] {processor.py:208} INFO - Processing /home/ubuntu/airflow_venv/lib/python3.12/site-packages/airflow/example_dags/example_params_trigger_ui.py took 0.090 seconds
[2024-11-20T00:44:18.101+0000] {processor.py:186} INFO - Started process (PID=4734) to work on /home/ubuntu/airflow_venv/lib/python3.12/site-packages/airflow/example_dags/example_params_trigger_ui.py
[2024-11-20T00:44:18.103+0000] {processor.py:914} INFO - Processing file /home/ubuntu/airflow_venv/lib/python3.12/site-packages/airflow/example_dags/example_params_trigger_ui.py for tasks to queue
[2024-11-20T00:44:18.104+0000] {logging_mixin.py:190} INFO - [2024-11-20T00:44:18.103+0000] {dagbag.py:588} INFO - Filling up the DagBag from /home/ubuntu/airflow_venv/lib/python3.12/site-packages/airflow/example_dags/example_params_trigger_ui.py
[2024-11-20T00:44:18.115+0000] {processor.py:925} INFO - DAG(s) 'example_params_trigger_ui' retrieved from /home/ubuntu/airflow_venv/lib/python3.12/site-packages/airflow/example_dags/example_params_trigger_ui.py
[2024-11-20T00:44:18.152+0000] {logging_mixin.py:190} INFO - [2024-11-20T00:44:18.151+0000] {dag.py:3239} INFO - Sync 1 DAGs
[2024-11-20T00:44:18.164+0000] {logging_mixin.py:190} INFO - [2024-11-20T00:44:18.163+0000] {dag.py:4180} INFO - Setting next_dagrun for example_params_trigger_ui to None, run_after=None
[2024-11-20T00:44:18.185+0000] {processor.py:208} INFO - Processing /home/ubuntu/airflow_venv/lib/python3.12/site-packages/airflow/example_dags/example_params_trigger_ui.py took 0.090 seconds
[2024-11-20T00:45:12.256+0000] {processor.py:186} INFO - Started process (PID=4792) to work on /home/ubuntu/airflow_venv/lib/python3.12/site-packages/airflow/example_dags/example_params_trigger_ui.py
[2024-11-20T00:45:12.259+0000] {processor.py:914} INFO - Processing file /home/ubuntu/airflow_venv/lib/python3.12/site-packages/airflow/example_dags/example_params_trigger_ui.py for tasks to queue
[2024-11-20T00:45:12.260+0000] {logging_mixin.py:190} INFO - [2024-11-20T00:45:12.260+0000] {dagbag.py:588} INFO - Filling up the DagBag from /home/ubuntu/airflow_venv/lib/python3.12/site-packages/airflow/example_dags/example_params_trigger_ui.py
[2024-11-20T00:45:12.271+0000] {processor.py:925} INFO - DAG(s) 'example_params_trigger_ui' retrieved from /home/ubuntu/airflow_venv/lib/python3.12/site-packages/airflow/example_dags/example_params_trigger_ui.py
[2024-11-20T00:45:12.306+0000] {logging_mixin.py:190} INFO - [2024-11-20T00:45:12.306+0000] {dag.py:3239} INFO - Sync 1 DAGs
[2024-11-20T00:45:12.318+0000] {logging_mixin.py:190} INFO - [2024-11-20T00:45:12.318+0000] {dag.py:4180} INFO - Setting next_dagrun for example_params_trigger_ui to None, run_after=None
[2024-11-20T00:45:12.341+0000] {processor.py:208} INFO - Processing /home/ubuntu/airflow_venv/lib/python3.12/site-packages/airflow/example_dags/example_params_trigger_ui.py took 0.091 seconds
[2024-11-20T00:46:07.290+0000] {processor.py:186} INFO - Started process (PID=4848) to work on /home/ubuntu/airflow_venv/lib/python3.12/site-packages/airflow/example_dags/example_params_trigger_ui.py
[2024-11-20T00:46:07.291+0000] {processor.py:914} INFO - Processing file /home/ubuntu/airflow_venv/lib/python3.12/site-packages/airflow/example_dags/example_params_trigger_ui.py for tasks to queue
[2024-11-20T00:46:07.293+0000] {logging_mixin.py:190} INFO - [2024-11-20T00:46:07.291+0000] {dagbag.py:588} INFO - Filling up the DagBag from /home/ubuntu/airflow_venv/lib/python3.12/site-packages/airflow/example_dags/example_params_trigger_ui.py
[2024-11-20T00:46:07.304+0000] {processor.py:925} INFO - DAG(s) 'example_params_trigger_ui' retrieved from /home/ubuntu/airflow_venv/lib/python3.12/site-packages/airflow/example_dags/example_params_trigger_ui.py
[2024-11-20T00:46:07.339+0000] {logging_mixin.py:190} INFO - [2024-11-20T00:46:07.339+0000] {dag.py:3239} INFO - Sync 1 DAGs
[2024-11-20T00:46:07.351+0000] {logging_mixin.py:190} INFO - [2024-11-20T00:46:07.351+0000] {dag.py:4180} INFO - Setting next_dagrun for example_params_trigger_ui to None, run_after=None
[2024-11-20T00:46:07.373+0000] {processor.py:208} INFO - Processing /home/ubuntu/airflow_venv/lib/python3.12/site-packages/airflow/example_dags/example_params_trigger_ui.py took 0.090 seconds
[2024-11-20T00:47:00.264+0000] {processor.py:186} INFO - Started process (PID=4904) to work on /home/ubuntu/airflow_venv/lib/python3.12/site-packages/airflow/example_dags/example_params_trigger_ui.py
[2024-11-20T00:47:00.266+0000] {processor.py:914} INFO - Processing file /home/ubuntu/airflow_venv/lib/python3.12/site-packages/airflow/example_dags/example_params_trigger_ui.py for tasks to queue
[2024-11-20T00:47:00.267+0000] {logging_mixin.py:190} INFO - [2024-11-20T00:47:00.267+0000] {dagbag.py:588} INFO - Filling up the DagBag from /home/ubuntu/airflow_venv/lib/python3.12/site-packages/airflow/example_dags/example_params_trigger_ui.py
[2024-11-20T00:47:00.279+0000] {processor.py:925} INFO - DAG(s) 'example_params_trigger_ui' retrieved from /home/ubuntu/airflow_venv/lib/python3.12/site-packages/airflow/example_dags/example_params_trigger_ui.py
[2024-11-20T00:47:00.314+0000] {logging_mixin.py:190} INFO - [2024-11-20T00:47:00.313+0000] {dag.py:3239} INFO - Sync 1 DAGs
[2024-11-20T00:47:00.325+0000] {logging_mixin.py:190} INFO - [2024-11-20T00:47:00.325+0000] {dag.py:4180} INFO - Setting next_dagrun for example_params_trigger_ui to None, run_after=None
[2024-11-20T00:47:00.349+0000] {processor.py:208} INFO - Processing /home/ubuntu/airflow_venv/lib/python3.12/site-packages/airflow/example_dags/example_params_trigger_ui.py took 0.091 seconds
[2024-11-20T00:47:53.038+0000] {processor.py:186} INFO - Started process (PID=4959) to work on /home/ubuntu/airflow_venv/lib/python3.12/site-packages/airflow/example_dags/example_params_trigger_ui.py
[2024-11-20T00:47:53.040+0000] {processor.py:914} INFO - Processing file /home/ubuntu/airflow_venv/lib/python3.12/site-packages/airflow/example_dags/example_params_trigger_ui.py for tasks to queue
[2024-11-20T00:47:53.041+0000] {logging_mixin.py:190} INFO - [2024-11-20T00:47:53.041+0000] {dagbag.py:588} INFO - Filling up the DagBag from /home/ubuntu/airflow_venv/lib/python3.12/site-packages/airflow/example_dags/example_params_trigger_ui.py
[2024-11-20T00:47:53.051+0000] {processor.py:925} INFO - DAG(s) 'example_params_trigger_ui' retrieved from /home/ubuntu/airflow_venv/lib/python3.12/site-packages/airflow/example_dags/example_params_trigger_ui.py
[2024-11-20T00:47:53.085+0000] {logging_mixin.py:190} INFO - [2024-11-20T00:47:53.085+0000] {dag.py:3239} INFO - Sync 1 DAGs
[2024-11-20T00:47:53.098+0000] {logging_mixin.py:190} INFO - [2024-11-20T00:47:53.098+0000] {dag.py:4180} INFO - Setting next_dagrun for example_params_trigger_ui to None, run_after=None
[2024-11-20T00:47:53.120+0000] {processor.py:208} INFO - Processing /home/ubuntu/airflow_venv/lib/python3.12/site-packages/airflow/example_dags/example_params_trigger_ui.py took 0.089 seconds
[2024-11-20T00:48:46.135+0000] {processor.py:186} INFO - Started process (PID=5013) to work on /home/ubuntu/airflow_venv/lib/python3.12/site-packages/airflow/example_dags/example_params_trigger_ui.py
[2024-11-20T00:48:46.137+0000] {processor.py:914} INFO - Processing file /home/ubuntu/airflow_venv/lib/python3.12/site-packages/airflow/example_dags/example_params_trigger_ui.py for tasks to queue
[2024-11-20T00:48:46.138+0000] {logging_mixin.py:190} INFO - [2024-11-20T00:48:46.137+0000] {dagbag.py:588} INFO - Filling up the DagBag from /home/ubuntu/airflow_venv/lib/python3.12/site-packages/airflow/example_dags/example_params_trigger_ui.py
[2024-11-20T00:48:46.149+0000] {processor.py:925} INFO - DAG(s) 'example_params_trigger_ui' retrieved from /home/ubuntu/airflow_venv/lib/python3.12/site-packages/airflow/example_dags/example_params_trigger_ui.py
[2024-11-20T00:48:46.184+0000] {logging_mixin.py:190} INFO - [2024-11-20T00:48:46.183+0000] {dag.py:3239} INFO - Sync 1 DAGs
[2024-11-20T00:48:46.195+0000] {logging_mixin.py:190} INFO - [2024-11-20T00:48:46.195+0000] {dag.py:4180} INFO - Setting next_dagrun for example_params_trigger_ui to None, run_after=None
[2024-11-20T00:48:46.218+0000] {processor.py:208} INFO - Processing /home/ubuntu/airflow_venv/lib/python3.12/site-packages/airflow/example_dags/example_params_trigger_ui.py took 0.090 seconds
[2024-11-20T00:49:40.523+0000] {processor.py:186} INFO - Started process (PID=5071) to work on /home/ubuntu/airflow_venv/lib/python3.12/site-packages/airflow/example_dags/example_params_trigger_ui.py
[2024-11-20T00:49:40.525+0000] {processor.py:914} INFO - Processing file /home/ubuntu/airflow_venv/lib/python3.12/site-packages/airflow/example_dags/example_params_trigger_ui.py for tasks to queue
[2024-11-20T00:49:40.527+0000] {logging_mixin.py:190} INFO - [2024-11-20T00:49:40.525+0000] {dagbag.py:588} INFO - Filling up the DagBag from /home/ubuntu/airflow_venv/lib/python3.12/site-packages/airflow/example_dags/example_params_trigger_ui.py
[2024-11-20T00:49:40.537+0000] {processor.py:925} INFO - DAG(s) 'example_params_trigger_ui' retrieved from /home/ubuntu/airflow_venv/lib/python3.12/site-packages/airflow/example_dags/example_params_trigger_ui.py
[2024-11-20T00:49:40.572+0000] {logging_mixin.py:190} INFO - [2024-11-20T00:49:40.571+0000] {dag.py:3239} INFO - Sync 1 DAGs
[2024-11-20T00:49:40.584+0000] {logging_mixin.py:190} INFO - [2024-11-20T00:49:40.584+0000] {dag.py:4180} INFO - Setting next_dagrun for example_params_trigger_ui to None, run_after=None
[2024-11-20T00:49:40.606+0000] {processor.py:208} INFO - Processing /home/ubuntu/airflow_venv/lib/python3.12/site-packages/airflow/example_dags/example_params_trigger_ui.py took 0.089 seconds
[2024-11-20T00:50:34.173+0000] {processor.py:186} INFO - Started process (PID=5130) to work on /home/ubuntu/airflow_venv/lib/python3.12/site-packages/airflow/example_dags/example_params_trigger_ui.py
[2024-11-20T00:50:34.175+0000] {processor.py:914} INFO - Processing file /home/ubuntu/airflow_venv/lib/python3.12/site-packages/airflow/example_dags/example_params_trigger_ui.py for tasks to queue
[2024-11-20T00:50:34.176+0000] {logging_mixin.py:190} INFO - [2024-11-20T00:50:34.176+0000] {dagbag.py:588} INFO - Filling up the DagBag from /home/ubuntu/airflow_venv/lib/python3.12/site-packages/airflow/example_dags/example_params_trigger_ui.py
[2024-11-20T00:50:34.187+0000] {processor.py:925} INFO - DAG(s) 'example_params_trigger_ui' retrieved from /home/ubuntu/airflow_venv/lib/python3.12/site-packages/airflow/example_dags/example_params_trigger_ui.py
[2024-11-20T00:50:34.222+0000] {logging_mixin.py:190} INFO - [2024-11-20T00:50:34.222+0000] {dag.py:3239} INFO - Sync 1 DAGs
[2024-11-20T00:50:34.234+0000] {logging_mixin.py:190} INFO - [2024-11-20T00:50:34.234+0000] {dag.py:4180} INFO - Setting next_dagrun for example_params_trigger_ui to None, run_after=None
[2024-11-20T00:50:34.257+0000] {processor.py:208} INFO - Processing /home/ubuntu/airflow_venv/lib/python3.12/site-packages/airflow/example_dags/example_params_trigger_ui.py took 0.092 seconds
[2024-11-20T00:51:30.080+0000] {processor.py:186} INFO - Started process (PID=5186) to work on /home/ubuntu/airflow_venv/lib/python3.12/site-packages/airflow/example_dags/example_params_trigger_ui.py
[2024-11-20T00:51:30.082+0000] {processor.py:914} INFO - Processing file /home/ubuntu/airflow_venv/lib/python3.12/site-packages/airflow/example_dags/example_params_trigger_ui.py for tasks to queue
[2024-11-20T00:51:30.083+0000] {logging_mixin.py:190} INFO - [2024-11-20T00:51:30.083+0000] {dagbag.py:588} INFO - Filling up the DagBag from /home/ubuntu/airflow_venv/lib/python3.12/site-packages/airflow/example_dags/example_params_trigger_ui.py
[2024-11-20T00:51:30.095+0000] {processor.py:925} INFO - DAG(s) 'example_params_trigger_ui' retrieved from /home/ubuntu/airflow_venv/lib/python3.12/site-packages/airflow/example_dags/example_params_trigger_ui.py
[2024-11-20T00:51:30.130+0000] {logging_mixin.py:190} INFO - [2024-11-20T00:51:30.130+0000] {dag.py:3239} INFO - Sync 1 DAGs
[2024-11-20T00:51:30.142+0000] {logging_mixin.py:190} INFO - [2024-11-20T00:51:30.142+0000] {dag.py:4180} INFO - Setting next_dagrun for example_params_trigger_ui to None, run_after=None
[2024-11-20T00:51:30.163+0000] {processor.py:208} INFO - Processing /home/ubuntu/airflow_venv/lib/python3.12/site-packages/airflow/example_dags/example_params_trigger_ui.py took 0.089 seconds
[2024-11-20T00:52:27.481+0000] {processor.py:186} INFO - Started process (PID=5246) to work on /home/ubuntu/airflow_venv/lib/python3.12/site-packages/airflow/example_dags/example_params_trigger_ui.py
[2024-11-20T00:52:27.482+0000] {processor.py:914} INFO - Processing file /home/ubuntu/airflow_venv/lib/python3.12/site-packages/airflow/example_dags/example_params_trigger_ui.py for tasks to queue
[2024-11-20T00:52:27.484+0000] {logging_mixin.py:190} INFO - [2024-11-20T00:52:27.483+0000] {dagbag.py:588} INFO - Filling up the DagBag from /home/ubuntu/airflow_venv/lib/python3.12/site-packages/airflow/example_dags/example_params_trigger_ui.py
[2024-11-20T00:52:27.495+0000] {processor.py:925} INFO - DAG(s) 'example_params_trigger_ui' retrieved from /home/ubuntu/airflow_venv/lib/python3.12/site-packages/airflow/example_dags/example_params_trigger_ui.py
[2024-11-20T00:52:27.531+0000] {logging_mixin.py:190} INFO - [2024-11-20T00:52:27.531+0000] {dag.py:3239} INFO - Sync 1 DAGs
[2024-11-20T00:52:27.543+0000] {logging_mixin.py:190} INFO - [2024-11-20T00:52:27.543+0000] {dag.py:4180} INFO - Setting next_dagrun for example_params_trigger_ui to None, run_after=None
[2024-11-20T00:52:27.573+0000] {processor.py:208} INFO - Processing /home/ubuntu/airflow_venv/lib/python3.12/site-packages/airflow/example_dags/example_params_trigger_ui.py took 0.098 seconds
[2024-11-20T00:53:24.925+0000] {processor.py:186} INFO - Started process (PID=5303) to work on /home/ubuntu/airflow_venv/lib/python3.12/site-packages/airflow/example_dags/example_params_trigger_ui.py
[2024-11-20T00:53:24.927+0000] {processor.py:914} INFO - Processing file /home/ubuntu/airflow_venv/lib/python3.12/site-packages/airflow/example_dags/example_params_trigger_ui.py for tasks to queue
[2024-11-20T00:53:24.928+0000] {logging_mixin.py:190} INFO - [2024-11-20T00:53:24.928+0000] {dagbag.py:588} INFO - Filling up the DagBag from /home/ubuntu/airflow_venv/lib/python3.12/site-packages/airflow/example_dags/example_params_trigger_ui.py
[2024-11-20T00:53:24.940+0000] {processor.py:925} INFO - DAG(s) 'example_params_trigger_ui' retrieved from /home/ubuntu/airflow_venv/lib/python3.12/site-packages/airflow/example_dags/example_params_trigger_ui.py
[2024-11-20T00:53:24.976+0000] {logging_mixin.py:190} INFO - [2024-11-20T00:53:24.976+0000] {dag.py:3239} INFO - Sync 1 DAGs
[2024-11-20T00:53:24.988+0000] {logging_mixin.py:190} INFO - [2024-11-20T00:53:24.987+0000] {dag.py:4180} INFO - Setting next_dagrun for example_params_trigger_ui to None, run_after=None
[2024-11-20T00:53:25.010+0000] {processor.py:208} INFO - Processing /home/ubuntu/airflow_venv/lib/python3.12/site-packages/airflow/example_dags/example_params_trigger_ui.py took 0.092 seconds
[2024-11-20T00:54:19.280+0000] {processor.py:186} INFO - Started process (PID=5373) to work on /home/ubuntu/airflow_venv/lib/python3.12/site-packages/airflow/example_dags/example_params_trigger_ui.py
[2024-11-20T00:54:19.283+0000] {processor.py:914} INFO - Processing file /home/ubuntu/airflow_venv/lib/python3.12/site-packages/airflow/example_dags/example_params_trigger_ui.py for tasks to queue
[2024-11-20T00:54:19.284+0000] {logging_mixin.py:190} INFO - [2024-11-20T00:54:19.283+0000] {dagbag.py:588} INFO - Filling up the DagBag from /home/ubuntu/airflow_venv/lib/python3.12/site-packages/airflow/example_dags/example_params_trigger_ui.py
[2024-11-20T00:54:19.295+0000] {processor.py:925} INFO - DAG(s) 'example_params_trigger_ui' retrieved from /home/ubuntu/airflow_venv/lib/python3.12/site-packages/airflow/example_dags/example_params_trigger_ui.py
[2024-11-20T00:54:19.331+0000] {logging_mixin.py:190} INFO - [2024-11-20T00:54:19.331+0000] {dag.py:3239} INFO - Sync 1 DAGs
[2024-11-20T00:54:19.344+0000] {logging_mixin.py:190} INFO - [2024-11-20T00:54:19.343+0000] {dag.py:4180} INFO - Setting next_dagrun for example_params_trigger_ui to None, run_after=None
[2024-11-20T00:54:19.366+0000] {processor.py:208} INFO - Processing /home/ubuntu/airflow_venv/lib/python3.12/site-packages/airflow/example_dags/example_params_trigger_ui.py took 0.094 seconds
[2024-11-20T00:55:11.111+0000] {processor.py:186} INFO - Started process (PID=5430) to work on /home/ubuntu/airflow_venv/lib/python3.12/site-packages/airflow/example_dags/example_params_trigger_ui.py
[2024-11-20T00:55:11.114+0000] {processor.py:914} INFO - Processing file /home/ubuntu/airflow_venv/lib/python3.12/site-packages/airflow/example_dags/example_params_trigger_ui.py for tasks to queue
[2024-11-20T00:55:11.115+0000] {logging_mixin.py:190} INFO - [2024-11-20T00:55:11.115+0000] {dagbag.py:588} INFO - Filling up the DagBag from /home/ubuntu/airflow_venv/lib/python3.12/site-packages/airflow/example_dags/example_params_trigger_ui.py
[2024-11-20T00:55:11.125+0000] {processor.py:925} INFO - DAG(s) 'example_params_trigger_ui' retrieved from /home/ubuntu/airflow_venv/lib/python3.12/site-packages/airflow/example_dags/example_params_trigger_ui.py
[2024-11-20T00:55:11.168+0000] {logging_mixin.py:190} INFO - [2024-11-20T00:55:11.167+0000] {dag.py:3239} INFO - Sync 1 DAGs
[2024-11-20T00:55:11.180+0000] {logging_mixin.py:190} INFO - [2024-11-20T00:55:11.180+0000] {dag.py:4180} INFO - Setting next_dagrun for example_params_trigger_ui to None, run_after=None
[2024-11-20T00:55:11.202+0000] {processor.py:208} INFO - Processing /home/ubuntu/airflow_venv/lib/python3.12/site-packages/airflow/example_dags/example_params_trigger_ui.py took 0.097 seconds
[2024-11-20T00:56:03.413+0000] {processor.py:186} INFO - Started process (PID=5486) to work on /home/ubuntu/airflow_venv/lib/python3.12/site-packages/airflow/example_dags/example_params_trigger_ui.py
[2024-11-20T00:56:03.414+0000] {processor.py:914} INFO - Processing file /home/ubuntu/airflow_venv/lib/python3.12/site-packages/airflow/example_dags/example_params_trigger_ui.py for tasks to queue
[2024-11-20T00:56:03.416+0000] {logging_mixin.py:190} INFO - [2024-11-20T00:56:03.414+0000] {dagbag.py:588} INFO - Filling up the DagBag from /home/ubuntu/airflow_venv/lib/python3.12/site-packages/airflow/example_dags/example_params_trigger_ui.py
[2024-11-20T00:56:03.427+0000] {processor.py:925} INFO - DAG(s) 'example_params_trigger_ui' retrieved from /home/ubuntu/airflow_venv/lib/python3.12/site-packages/airflow/example_dags/example_params_trigger_ui.py
[2024-11-20T00:56:03.467+0000] {logging_mixin.py:190} INFO - [2024-11-20T00:56:03.466+0000] {dag.py:3239} INFO - Sync 1 DAGs
[2024-11-20T00:56:03.482+0000] {logging_mixin.py:190} INFO - [2024-11-20T00:56:03.482+0000] {dag.py:4180} INFO - Setting next_dagrun for example_params_trigger_ui to None, run_after=None
[2024-11-20T00:56:03.506+0000] {processor.py:208} INFO - Processing /home/ubuntu/airflow_venv/lib/python3.12/site-packages/airflow/example_dags/example_params_trigger_ui.py took 0.102 seconds
[2024-11-20T00:56:58.744+0000] {processor.py:186} INFO - Started process (PID=5543) to work on /home/ubuntu/airflow_venv/lib/python3.12/site-packages/airflow/example_dags/example_params_trigger_ui.py
[2024-11-20T00:56:58.747+0000] {processor.py:914} INFO - Processing file /home/ubuntu/airflow_venv/lib/python3.12/site-packages/airflow/example_dags/example_params_trigger_ui.py for tasks to queue
[2024-11-20T00:56:58.748+0000] {logging_mixin.py:190} INFO - [2024-11-20T00:56:58.748+0000] {dagbag.py:588} INFO - Filling up the DagBag from /home/ubuntu/airflow_venv/lib/python3.12/site-packages/airflow/example_dags/example_params_trigger_ui.py
[2024-11-20T00:56:58.759+0000] {processor.py:925} INFO - DAG(s) 'example_params_trigger_ui' retrieved from /home/ubuntu/airflow_venv/lib/python3.12/site-packages/airflow/example_dags/example_params_trigger_ui.py
[2024-11-20T00:56:58.794+0000] {logging_mixin.py:190} INFO - [2024-11-20T00:56:58.794+0000] {dag.py:3239} INFO - Sync 1 DAGs
[2024-11-20T00:56:58.805+0000] {logging_mixin.py:190} INFO - [2024-11-20T00:56:58.805+0000] {dag.py:4180} INFO - Setting next_dagrun for example_params_trigger_ui to None, run_after=None
[2024-11-20T00:56:58.827+0000] {processor.py:208} INFO - Processing /home/ubuntu/airflow_venv/lib/python3.12/site-packages/airflow/example_dags/example_params_trigger_ui.py took 0.089 seconds
[2024-11-20T00:57:50.565+0000] {processor.py:186} INFO - Started process (PID=5598) to work on /home/ubuntu/airflow_venv/lib/python3.12/site-packages/airflow/example_dags/example_params_trigger_ui.py
[2024-11-20T00:57:50.566+0000] {processor.py:914} INFO - Processing file /home/ubuntu/airflow_venv/lib/python3.12/site-packages/airflow/example_dags/example_params_trigger_ui.py for tasks to queue
[2024-11-20T00:57:50.568+0000] {logging_mixin.py:190} INFO - [2024-11-20T00:57:50.567+0000] {dagbag.py:588} INFO - Filling up the DagBag from /home/ubuntu/airflow_venv/lib/python3.12/site-packages/airflow/example_dags/example_params_trigger_ui.py
[2024-11-20T00:57:50.578+0000] {processor.py:925} INFO - DAG(s) 'example_params_trigger_ui' retrieved from /home/ubuntu/airflow_venv/lib/python3.12/site-packages/airflow/example_dags/example_params_trigger_ui.py
[2024-11-20T00:57:50.614+0000] {logging_mixin.py:190} INFO - [2024-11-20T00:57:50.614+0000] {dag.py:3239} INFO - Sync 1 DAGs
[2024-11-20T00:57:50.627+0000] {logging_mixin.py:190} INFO - [2024-11-20T00:57:50.626+0000] {dag.py:4180} INFO - Setting next_dagrun for example_params_trigger_ui to None, run_after=None
[2024-11-20T00:57:50.648+0000] {processor.py:208} INFO - Processing /home/ubuntu/airflow_venv/lib/python3.12/site-packages/airflow/example_dags/example_params_trigger_ui.py took 0.090 seconds
[2024-11-20T00:58:42.899+0000] {processor.py:186} INFO - Started process (PID=5653) to work on /home/ubuntu/airflow_venv/lib/python3.12/site-packages/airflow/example_dags/example_params_trigger_ui.py
[2024-11-20T00:58:42.901+0000] {processor.py:914} INFO - Processing file /home/ubuntu/airflow_venv/lib/python3.12/site-packages/airflow/example_dags/example_params_trigger_ui.py for tasks to queue
[2024-11-20T00:58:42.902+0000] {logging_mixin.py:190} INFO - [2024-11-20T00:58:42.902+0000] {dagbag.py:588} INFO - Filling up the DagBag from /home/ubuntu/airflow_venv/lib/python3.12/site-packages/airflow/example_dags/example_params_trigger_ui.py
[2024-11-20T00:58:42.914+0000] {processor.py:925} INFO - DAG(s) 'example_params_trigger_ui' retrieved from /home/ubuntu/airflow_venv/lib/python3.12/site-packages/airflow/example_dags/example_params_trigger_ui.py
[2024-11-20T00:58:42.949+0000] {logging_mixin.py:190} INFO - [2024-11-20T00:58:42.949+0000] {dag.py:3239} INFO - Sync 1 DAGs
[2024-11-20T00:58:42.961+0000] {logging_mixin.py:190} INFO - [2024-11-20T00:58:42.961+0000] {dag.py:4180} INFO - Setting next_dagrun for example_params_trigger_ui to None, run_after=None
[2024-11-20T00:58:42.984+0000] {processor.py:208} INFO - Processing /home/ubuntu/airflow_venv/lib/python3.12/site-packages/airflow/example_dags/example_params_trigger_ui.py took 0.093 seconds
[2024-11-20T00:59:35.051+0000] {processor.py:186} INFO - Started process (PID=5711) to work on /home/ubuntu/airflow_venv/lib/python3.12/site-packages/airflow/example_dags/example_params_trigger_ui.py
[2024-11-20T00:59:35.053+0000] {processor.py:914} INFO - Processing file /home/ubuntu/airflow_venv/lib/python3.12/site-packages/airflow/example_dags/example_params_trigger_ui.py for tasks to queue
[2024-11-20T00:59:35.054+0000] {logging_mixin.py:190} INFO - [2024-11-20T00:59:35.053+0000] {dagbag.py:588} INFO - Filling up the DagBag from /home/ubuntu/airflow_venv/lib/python3.12/site-packages/airflow/example_dags/example_params_trigger_ui.py
[2024-11-20T00:59:35.065+0000] {processor.py:925} INFO - DAG(s) 'example_params_trigger_ui' retrieved from /home/ubuntu/airflow_venv/lib/python3.12/site-packages/airflow/example_dags/example_params_trigger_ui.py
[2024-11-20T00:59:35.102+0000] {logging_mixin.py:190} INFO - [2024-11-20T00:59:35.102+0000] {dag.py:3239} INFO - Sync 1 DAGs
[2024-11-20T00:59:35.114+0000] {logging_mixin.py:190} INFO - [2024-11-20T00:59:35.113+0000] {dag.py:4180} INFO - Setting next_dagrun for example_params_trigger_ui to None, run_after=None
[2024-11-20T00:59:35.139+0000] {processor.py:208} INFO - Processing /home/ubuntu/airflow_venv/lib/python3.12/site-packages/airflow/example_dags/example_params_trigger_ui.py took 0.094 seconds
[2024-11-20T01:00:30.053+0000] {processor.py:186} INFO - Started process (PID=5770) to work on /home/ubuntu/airflow_venv/lib/python3.12/site-packages/airflow/example_dags/example_params_trigger_ui.py
[2024-11-20T01:00:30.054+0000] {processor.py:914} INFO - Processing file /home/ubuntu/airflow_venv/lib/python3.12/site-packages/airflow/example_dags/example_params_trigger_ui.py for tasks to queue
[2024-11-20T01:00:30.056+0000] {logging_mixin.py:190} INFO - [2024-11-20T01:00:30.055+0000] {dagbag.py:588} INFO - Filling up the DagBag from /home/ubuntu/airflow_venv/lib/python3.12/site-packages/airflow/example_dags/example_params_trigger_ui.py
[2024-11-20T01:00:30.067+0000] {processor.py:925} INFO - DAG(s) 'example_params_trigger_ui' retrieved from /home/ubuntu/airflow_venv/lib/python3.12/site-packages/airflow/example_dags/example_params_trigger_ui.py
[2024-11-20T01:00:30.103+0000] {logging_mixin.py:190} INFO - [2024-11-20T01:00:30.103+0000] {dag.py:3239} INFO - Sync 1 DAGs
[2024-11-20T01:00:30.115+0000] {logging_mixin.py:190} INFO - [2024-11-20T01:00:30.115+0000] {dag.py:4180} INFO - Setting next_dagrun for example_params_trigger_ui to None, run_after=None
[2024-11-20T01:00:30.139+0000] {processor.py:208} INFO - Processing /home/ubuntu/airflow_venv/lib/python3.12/site-packages/airflow/example_dags/example_params_trigger_ui.py took 0.094 seconds
[2024-11-20T01:01:25.039+0000] {processor.py:186} INFO - Started process (PID=5827) to work on /home/ubuntu/airflow_venv/lib/python3.12/site-packages/airflow/example_dags/example_params_trigger_ui.py
[2024-11-20T01:01:25.040+0000] {processor.py:914} INFO - Processing file /home/ubuntu/airflow_venv/lib/python3.12/site-packages/airflow/example_dags/example_params_trigger_ui.py for tasks to queue
[2024-11-20T01:01:25.042+0000] {logging_mixin.py:190} INFO - [2024-11-20T01:01:25.041+0000] {dagbag.py:588} INFO - Filling up the DagBag from /home/ubuntu/airflow_venv/lib/python3.12/site-packages/airflow/example_dags/example_params_trigger_ui.py
[2024-11-20T01:01:25.053+0000] {processor.py:925} INFO - DAG(s) 'example_params_trigger_ui' retrieved from /home/ubuntu/airflow_venv/lib/python3.12/site-packages/airflow/example_dags/example_params_trigger_ui.py
[2024-11-20T01:01:25.089+0000] {logging_mixin.py:190} INFO - [2024-11-20T01:01:25.088+0000] {dag.py:3239} INFO - Sync 1 DAGs
[2024-11-20T01:01:25.100+0000] {logging_mixin.py:190} INFO - [2024-11-20T01:01:25.100+0000] {dag.py:4180} INFO - Setting next_dagrun for example_params_trigger_ui to None, run_after=None
[2024-11-20T01:01:25.124+0000] {processor.py:208} INFO - Processing /home/ubuntu/airflow_venv/lib/python3.12/site-packages/airflow/example_dags/example_params_trigger_ui.py took 0.091 seconds
[2024-11-20T01:02:39.366+0000] {processor.py:186} INFO - Started process (PID=5909) to work on /home/ubuntu/airflow_venv/lib/python3.12/site-packages/airflow/example_dags/example_params_trigger_ui.py
[2024-11-20T01:02:39.368+0000] {processor.py:914} INFO - Processing file /home/ubuntu/airflow_venv/lib/python3.12/site-packages/airflow/example_dags/example_params_trigger_ui.py for tasks to queue
[2024-11-20T01:02:39.369+0000] {logging_mixin.py:190} INFO - [2024-11-20T01:02:39.368+0000] {dagbag.py:588} INFO - Filling up the DagBag from /home/ubuntu/airflow_venv/lib/python3.12/site-packages/airflow/example_dags/example_params_trigger_ui.py
[2024-11-20T01:02:39.380+0000] {processor.py:925} INFO - DAG(s) 'example_params_trigger_ui' retrieved from /home/ubuntu/airflow_venv/lib/python3.12/site-packages/airflow/example_dags/example_params_trigger_ui.py
[2024-11-20T01:02:39.415+0000] {logging_mixin.py:190} INFO - [2024-11-20T01:02:39.415+0000] {dag.py:3239} INFO - Sync 1 DAGs
[2024-11-20T01:02:39.427+0000] {logging_mixin.py:190} INFO - [2024-11-20T01:02:39.427+0000] {dag.py:4180} INFO - Setting next_dagrun for example_params_trigger_ui to None, run_after=None
[2024-11-20T01:02:39.449+0000] {processor.py:208} INFO - Processing /home/ubuntu/airflow_venv/lib/python3.12/site-packages/airflow/example_dags/example_params_trigger_ui.py took 0.089 seconds
[2024-11-20T01:03:36.487+0000] {processor.py:186} INFO - Started process (PID=5965) to work on /home/ubuntu/airflow_venv/lib/python3.12/site-packages/airflow/example_dags/example_params_trigger_ui.py
[2024-11-20T01:03:36.489+0000] {processor.py:914} INFO - Processing file /home/ubuntu/airflow_venv/lib/python3.12/site-packages/airflow/example_dags/example_params_trigger_ui.py for tasks to queue
[2024-11-20T01:03:36.492+0000] {logging_mixin.py:190} INFO - [2024-11-20T01:03:36.491+0000] {dagbag.py:588} INFO - Filling up the DagBag from /home/ubuntu/airflow_venv/lib/python3.12/site-packages/airflow/example_dags/example_params_trigger_ui.py
[2024-11-20T01:03:36.506+0000] {processor.py:925} INFO - DAG(s) 'example_params_trigger_ui' retrieved from /home/ubuntu/airflow_venv/lib/python3.12/site-packages/airflow/example_dags/example_params_trigger_ui.py
[2024-11-20T01:03:36.544+0000] {logging_mixin.py:190} INFO - [2024-11-20T01:03:36.543+0000] {dag.py:3239} INFO - Sync 1 DAGs
[2024-11-20T01:03:36.557+0000] {logging_mixin.py:190} INFO - [2024-11-20T01:03:36.556+0000] {dag.py:4180} INFO - Setting next_dagrun for example_params_trigger_ui to None, run_after=None
[2024-11-20T01:03:36.579+0000] {processor.py:208} INFO - Processing /home/ubuntu/airflow_venv/lib/python3.12/site-packages/airflow/example_dags/example_params_trigger_ui.py took 0.099 seconds
[2024-11-20T01:04:33.026+0000] {processor.py:186} INFO - Started process (PID=6024) to work on /home/ubuntu/airflow_venv/lib/python3.12/site-packages/airflow/example_dags/example_params_trigger_ui.py
[2024-11-20T01:04:33.028+0000] {processor.py:914} INFO - Processing file /home/ubuntu/airflow_venv/lib/python3.12/site-packages/airflow/example_dags/example_params_trigger_ui.py for tasks to queue
[2024-11-20T01:04:33.029+0000] {logging_mixin.py:190} INFO - [2024-11-20T01:04:33.029+0000] {dagbag.py:588} INFO - Filling up the DagBag from /home/ubuntu/airflow_venv/lib/python3.12/site-packages/airflow/example_dags/example_params_trigger_ui.py
[2024-11-20T01:04:33.041+0000] {processor.py:925} INFO - DAG(s) 'example_params_trigger_ui' retrieved from /home/ubuntu/airflow_venv/lib/python3.12/site-packages/airflow/example_dags/example_params_trigger_ui.py
[2024-11-20T01:04:33.075+0000] {logging_mixin.py:190} INFO - [2024-11-20T01:04:33.075+0000] {dag.py:3239} INFO - Sync 1 DAGs
[2024-11-20T01:04:33.087+0000] {logging_mixin.py:190} INFO - [2024-11-20T01:04:33.087+0000] {dag.py:4180} INFO - Setting next_dagrun for example_params_trigger_ui to None, run_after=None
[2024-11-20T01:04:33.110+0000] {processor.py:208} INFO - Processing /home/ubuntu/airflow_venv/lib/python3.12/site-packages/airflow/example_dags/example_params_trigger_ui.py took 0.090 seconds
[2024-11-20T01:05:26.888+0000] {processor.py:186} INFO - Started process (PID=6084) to work on /home/ubuntu/airflow_venv/lib/python3.12/site-packages/airflow/example_dags/example_params_trigger_ui.py
[2024-11-20T01:05:26.890+0000] {processor.py:914} INFO - Processing file /home/ubuntu/airflow_venv/lib/python3.12/site-packages/airflow/example_dags/example_params_trigger_ui.py for tasks to queue
[2024-11-20T01:05:26.891+0000] {logging_mixin.py:190} INFO - [2024-11-20T01:05:26.891+0000] {dagbag.py:588} INFO - Filling up the DagBag from /home/ubuntu/airflow_venv/lib/python3.12/site-packages/airflow/example_dags/example_params_trigger_ui.py
[2024-11-20T01:05:26.902+0000] {processor.py:925} INFO - DAG(s) 'example_params_trigger_ui' retrieved from /home/ubuntu/airflow_venv/lib/python3.12/site-packages/airflow/example_dags/example_params_trigger_ui.py
[2024-11-20T01:05:26.937+0000] {logging_mixin.py:190} INFO - [2024-11-20T01:05:26.937+0000] {dag.py:3239} INFO - Sync 1 DAGs
[2024-11-20T01:05:26.949+0000] {logging_mixin.py:190} INFO - [2024-11-20T01:05:26.949+0000] {dag.py:4180} INFO - Setting next_dagrun for example_params_trigger_ui to None, run_after=None
[2024-11-20T01:05:26.971+0000] {processor.py:208} INFO - Processing /home/ubuntu/airflow_venv/lib/python3.12/site-packages/airflow/example_dags/example_params_trigger_ui.py took 0.090 seconds
[2024-11-20T01:06:21.252+0000] {processor.py:186} INFO - Started process (PID=6139) to work on /home/ubuntu/airflow_venv/lib/python3.12/site-packages/airflow/example_dags/example_params_trigger_ui.py
[2024-11-20T01:06:21.254+0000] {processor.py:914} INFO - Processing file /home/ubuntu/airflow_venv/lib/python3.12/site-packages/airflow/example_dags/example_params_trigger_ui.py for tasks to queue
[2024-11-20T01:06:21.255+0000] {logging_mixin.py:190} INFO - [2024-11-20T01:06:21.254+0000] {dagbag.py:588} INFO - Filling up the DagBag from /home/ubuntu/airflow_venv/lib/python3.12/site-packages/airflow/example_dags/example_params_trigger_ui.py
[2024-11-20T01:06:21.266+0000] {processor.py:925} INFO - DAG(s) 'example_params_trigger_ui' retrieved from /home/ubuntu/airflow_venv/lib/python3.12/site-packages/airflow/example_dags/example_params_trigger_ui.py
[2024-11-20T01:06:21.302+0000] {logging_mixin.py:190} INFO - [2024-11-20T01:06:21.302+0000] {dag.py:3239} INFO - Sync 1 DAGs
[2024-11-20T01:06:21.313+0000] {logging_mixin.py:190} INFO - [2024-11-20T01:06:21.313+0000] {dag.py:4180} INFO - Setting next_dagrun for example_params_trigger_ui to None, run_after=None
[2024-11-20T01:06:21.336+0000] {processor.py:208} INFO - Processing /home/ubuntu/airflow_venv/lib/python3.12/site-packages/airflow/example_dags/example_params_trigger_ui.py took 0.091 seconds
[2024-11-20T01:07:13.152+0000] {processor.py:186} INFO - Started process (PID=6194) to work on /home/ubuntu/airflow_venv/lib/python3.12/site-packages/airflow/example_dags/example_params_trigger_ui.py
[2024-11-20T01:07:13.154+0000] {processor.py:914} INFO - Processing file /home/ubuntu/airflow_venv/lib/python3.12/site-packages/airflow/example_dags/example_params_trigger_ui.py for tasks to queue
[2024-11-20T01:07:13.155+0000] {logging_mixin.py:190} INFO - [2024-11-20T01:07:13.155+0000] {dagbag.py:588} INFO - Filling up the DagBag from /home/ubuntu/airflow_venv/lib/python3.12/site-packages/airflow/example_dags/example_params_trigger_ui.py
[2024-11-20T01:07:13.166+0000] {processor.py:925} INFO - DAG(s) 'example_params_trigger_ui' retrieved from /home/ubuntu/airflow_venv/lib/python3.12/site-packages/airflow/example_dags/example_params_trigger_ui.py
[2024-11-20T01:07:13.202+0000] {logging_mixin.py:190} INFO - [2024-11-20T01:07:13.202+0000] {dag.py:3239} INFO - Sync 1 DAGs
[2024-11-20T01:07:13.214+0000] {logging_mixin.py:190} INFO - [2024-11-20T01:07:13.214+0000] {dag.py:4180} INFO - Setting next_dagrun for example_params_trigger_ui to None, run_after=None
[2024-11-20T01:07:13.237+0000] {processor.py:208} INFO - Processing /home/ubuntu/airflow_venv/lib/python3.12/site-packages/airflow/example_dags/example_params_trigger_ui.py took 0.092 seconds
[2024-11-20T01:08:06.948+0000] {processor.py:186} INFO - Started process (PID=6249) to work on /home/ubuntu/airflow_venv/lib/python3.12/site-packages/airflow/example_dags/example_params_trigger_ui.py
[2024-11-20T01:08:06.949+0000] {processor.py:914} INFO - Processing file /home/ubuntu/airflow_venv/lib/python3.12/site-packages/airflow/example_dags/example_params_trigger_ui.py for tasks to queue
[2024-11-20T01:08:06.951+0000] {logging_mixin.py:190} INFO - [2024-11-20T01:08:06.950+0000] {dagbag.py:588} INFO - Filling up the DagBag from /home/ubuntu/airflow_venv/lib/python3.12/site-packages/airflow/example_dags/example_params_trigger_ui.py
[2024-11-20T01:08:06.962+0000] {processor.py:925} INFO - DAG(s) 'example_params_trigger_ui' retrieved from /home/ubuntu/airflow_venv/lib/python3.12/site-packages/airflow/example_dags/example_params_trigger_ui.py
[2024-11-20T01:08:06.997+0000] {logging_mixin.py:190} INFO - [2024-11-20T01:08:06.997+0000] {dag.py:3239} INFO - Sync 1 DAGs
[2024-11-20T01:08:07.008+0000] {logging_mixin.py:190} INFO - [2024-11-20T01:08:07.008+0000] {dag.py:4180} INFO - Setting next_dagrun for example_params_trigger_ui to None, run_after=None
[2024-11-20T01:08:07.030+0000] {processor.py:208} INFO - Processing /home/ubuntu/airflow_venv/lib/python3.12/site-packages/airflow/example_dags/example_params_trigger_ui.py took 0.089 seconds
[2024-11-20T01:09:01.121+0000] {processor.py:186} INFO - Started process (PID=6303) to work on /home/ubuntu/airflow_venv/lib/python3.12/site-packages/airflow/example_dags/example_params_trigger_ui.py
[2024-11-20T01:09:01.123+0000] {processor.py:914} INFO - Processing file /home/ubuntu/airflow_venv/lib/python3.12/site-packages/airflow/example_dags/example_params_trigger_ui.py for tasks to queue
[2024-11-20T01:09:01.124+0000] {logging_mixin.py:190} INFO - [2024-11-20T01:09:01.124+0000] {dagbag.py:588} INFO - Filling up the DagBag from /home/ubuntu/airflow_venv/lib/python3.12/site-packages/airflow/example_dags/example_params_trigger_ui.py
[2024-11-20T01:09:01.136+0000] {processor.py:925} INFO - DAG(s) 'example_params_trigger_ui' retrieved from /home/ubuntu/airflow_venv/lib/python3.12/site-packages/airflow/example_dags/example_params_trigger_ui.py
[2024-11-20T01:09:01.170+0000] {logging_mixin.py:190} INFO - [2024-11-20T01:09:01.170+0000] {dag.py:3239} INFO - Sync 1 DAGs
[2024-11-20T01:09:01.182+0000] {logging_mixin.py:190} INFO - [2024-11-20T01:09:01.182+0000] {dag.py:4180} INFO - Setting next_dagrun for example_params_trigger_ui to None, run_after=None
[2024-11-20T01:09:01.206+0000] {processor.py:208} INFO - Processing /home/ubuntu/airflow_venv/lib/python3.12/site-packages/airflow/example_dags/example_params_trigger_ui.py took 0.091 seconds
[2024-11-20T01:09:59.550+0000] {processor.py:186} INFO - Started process (PID=6361) to work on /home/ubuntu/airflow_venv/lib/python3.12/site-packages/airflow/example_dags/example_params_trigger_ui.py
[2024-11-20T01:09:59.552+0000] {processor.py:914} INFO - Processing file /home/ubuntu/airflow_venv/lib/python3.12/site-packages/airflow/example_dags/example_params_trigger_ui.py for tasks to queue
[2024-11-20T01:09:59.554+0000] {logging_mixin.py:190} INFO - [2024-11-20T01:09:59.553+0000] {dagbag.py:588} INFO - Filling up the DagBag from /home/ubuntu/airflow_venv/lib/python3.12/site-packages/airflow/example_dags/example_params_trigger_ui.py
[2024-11-20T01:09:59.565+0000] {processor.py:925} INFO - DAG(s) 'example_params_trigger_ui' retrieved from /home/ubuntu/airflow_venv/lib/python3.12/site-packages/airflow/example_dags/example_params_trigger_ui.py
[2024-11-20T01:09:59.601+0000] {logging_mixin.py:190} INFO - [2024-11-20T01:09:59.600+0000] {dag.py:3239} INFO - Sync 1 DAGs
[2024-11-20T01:09:59.612+0000] {logging_mixin.py:190} INFO - [2024-11-20T01:09:59.612+0000] {dag.py:4180} INFO - Setting next_dagrun for example_params_trigger_ui to None, run_after=None
[2024-11-20T01:09:59.633+0000] {processor.py:208} INFO - Processing /home/ubuntu/airflow_venv/lib/python3.12/site-packages/airflow/example_dags/example_params_trigger_ui.py took 0.090 seconds
[2024-11-20T01:10:56.478+0000] {processor.py:186} INFO - Started process (PID=6425) to work on /home/ubuntu/airflow_venv/lib/python3.12/site-packages/airflow/example_dags/example_params_trigger_ui.py
[2024-11-20T01:10:56.480+0000] {processor.py:914} INFO - Processing file /home/ubuntu/airflow_venv/lib/python3.12/site-packages/airflow/example_dags/example_params_trigger_ui.py for tasks to queue
[2024-11-20T01:10:56.482+0000] {logging_mixin.py:190} INFO - [2024-11-20T01:10:56.481+0000] {dagbag.py:588} INFO - Filling up the DagBag from /home/ubuntu/airflow_venv/lib/python3.12/site-packages/airflow/example_dags/example_params_trigger_ui.py
[2024-11-20T01:10:56.492+0000] {processor.py:925} INFO - DAG(s) 'example_params_trigger_ui' retrieved from /home/ubuntu/airflow_venv/lib/python3.12/site-packages/airflow/example_dags/example_params_trigger_ui.py
[2024-11-20T01:10:56.528+0000] {logging_mixin.py:190} INFO - [2024-11-20T01:10:56.528+0000] {dag.py:3239} INFO - Sync 1 DAGs
[2024-11-20T01:10:56.541+0000] {logging_mixin.py:190} INFO - [2024-11-20T01:10:56.540+0000] {dag.py:4180} INFO - Setting next_dagrun for example_params_trigger_ui to None, run_after=None
[2024-11-20T01:10:56.563+0000] {processor.py:208} INFO - Processing /home/ubuntu/airflow_venv/lib/python3.12/site-packages/airflow/example_dags/example_params_trigger_ui.py took 0.091 seconds
[2024-11-20T01:11:49.462+0000] {processor.py:186} INFO - Started process (PID=6480) to work on /home/ubuntu/airflow_venv/lib/python3.12/site-packages/airflow/example_dags/example_params_trigger_ui.py
[2024-11-20T01:11:49.464+0000] {processor.py:914} INFO - Processing file /home/ubuntu/airflow_venv/lib/python3.12/site-packages/airflow/example_dags/example_params_trigger_ui.py for tasks to queue
[2024-11-20T01:11:49.466+0000] {logging_mixin.py:190} INFO - [2024-11-20T01:11:49.464+0000] {dagbag.py:588} INFO - Filling up the DagBag from /home/ubuntu/airflow_venv/lib/python3.12/site-packages/airflow/example_dags/example_params_trigger_ui.py
[2024-11-20T01:11:49.476+0000] {processor.py:925} INFO - DAG(s) 'example_params_trigger_ui' retrieved from /home/ubuntu/airflow_venv/lib/python3.12/site-packages/airflow/example_dags/example_params_trigger_ui.py
[2024-11-20T01:11:49.514+0000] {logging_mixin.py:190} INFO - [2024-11-20T01:11:49.514+0000] {dag.py:3239} INFO - Sync 1 DAGs
[2024-11-20T01:11:49.526+0000] {logging_mixin.py:190} INFO - [2024-11-20T01:11:49.526+0000] {dag.py:4180} INFO - Setting next_dagrun for example_params_trigger_ui to None, run_after=None
[2024-11-20T01:11:49.549+0000] {processor.py:208} INFO - Processing /home/ubuntu/airflow_venv/lib/python3.12/site-packages/airflow/example_dags/example_params_trigger_ui.py took 0.093 seconds
[2024-11-20T01:12:43.303+0000] {processor.py:186} INFO - Started process (PID=6535) to work on /home/ubuntu/airflow_venv/lib/python3.12/site-packages/airflow/example_dags/example_params_trigger_ui.py
[2024-11-20T01:12:43.305+0000] {processor.py:914} INFO - Processing file /home/ubuntu/airflow_venv/lib/python3.12/site-packages/airflow/example_dags/example_params_trigger_ui.py for tasks to queue
[2024-11-20T01:12:43.306+0000] {logging_mixin.py:190} INFO - [2024-11-20T01:12:43.305+0000] {dagbag.py:588} INFO - Filling up the DagBag from /home/ubuntu/airflow_venv/lib/python3.12/site-packages/airflow/example_dags/example_params_trigger_ui.py
[2024-11-20T01:12:43.317+0000] {processor.py:925} INFO - DAG(s) 'example_params_trigger_ui' retrieved from /home/ubuntu/airflow_venv/lib/python3.12/site-packages/airflow/example_dags/example_params_trigger_ui.py
[2024-11-20T01:12:43.352+0000] {logging_mixin.py:190} INFO - [2024-11-20T01:12:43.352+0000] {dag.py:3239} INFO - Sync 1 DAGs
[2024-11-20T01:12:43.364+0000] {logging_mixin.py:190} INFO - [2024-11-20T01:12:43.364+0000] {dag.py:4180} INFO - Setting next_dagrun for example_params_trigger_ui to None, run_after=None
[2024-11-20T01:12:43.387+0000] {processor.py:208} INFO - Processing /home/ubuntu/airflow_venv/lib/python3.12/site-packages/airflow/example_dags/example_params_trigger_ui.py took 0.091 seconds
