[2024-11-20T00:16:30.277+0000] {processor.py:186} INFO - Started process (PID=2043) to work on /home/ubuntu/airflow_venv/lib/python3.12/site-packages/airflow/example_dags/example_params_ui_tutorial.py
[2024-11-20T00:16:30.278+0000] {processor.py:914} INFO - Processing file /home/ubuntu/airflow_venv/lib/python3.12/site-packages/airflow/example_dags/example_params_ui_tutorial.py for tasks to queue
[2024-11-20T00:16:30.280+0000] {logging_mixin.py:190} INFO - [2024-11-20T00:16:30.279+0000] {dagbag.py:588} INFO - Filling up the DagBag from /home/ubuntu/airflow_venv/lib/python3.12/site-packages/airflow/example_dags/example_params_ui_tutorial.py
[2024-11-20T00:16:30.290+0000] {processor.py:925} INFO - DAG(s) 'example_params_ui_tutorial' retrieved from /home/ubuntu/airflow_venv/lib/python3.12/site-packages/airflow/example_dags/example_params_ui_tutorial.py
[2024-11-20T00:16:30.407+0000] {logging_mixin.py:190} INFO - [2024-11-20T00:16:30.407+0000] {dag.py:3239} INFO - Sync 1 DAGs
[2024-11-20T00:16:30.417+0000] {logging_mixin.py:190} INFO - [2024-11-20T00:16:30.417+0000] {dag.py:4180} INFO - Setting next_dagrun for example_params_ui_tutorial to None, run_after=None
[2024-11-20T00:16:30.438+0000] {processor.py:208} INFO - Processing /home/ubuntu/airflow_venv/lib/python3.12/site-packages/airflow/example_dags/example_params_ui_tutorial.py took 0.165 seconds
[2024-11-20T00:17:30.041+0000] {processor.py:186} INFO - Started process (PID=2115) to work on /home/ubuntu/airflow_venv/lib/python3.12/site-packages/airflow/example_dags/example_params_ui_tutorial.py
[2024-11-20T00:17:30.042+0000] {processor.py:914} INFO - Processing file /home/ubuntu/airflow_venv/lib/python3.12/site-packages/airflow/example_dags/example_params_ui_tutorial.py for tasks to queue
[2024-11-20T00:17:30.044+0000] {logging_mixin.py:190} INFO - [2024-11-20T00:17:30.043+0000] {dagbag.py:588} INFO - Filling up the DagBag from /home/ubuntu/airflow_venv/lib/python3.12/site-packages/airflow/example_dags/example_params_ui_tutorial.py
[2024-11-20T00:17:30.054+0000] {processor.py:925} INFO - DAG(s) 'example_params_ui_tutorial' retrieved from /home/ubuntu/airflow_venv/lib/python3.12/site-packages/airflow/example_dags/example_params_ui_tutorial.py
[2024-11-20T00:17:30.098+0000] {logging_mixin.py:190} INFO - [2024-11-20T00:17:30.098+0000] {dag.py:3239} INFO - Sync 1 DAGs
[2024-11-20T00:17:30.110+0000] {logging_mixin.py:190} INFO - [2024-11-20T00:17:30.110+0000] {dag.py:4180} INFO - Setting next_dagrun for example_params_ui_tutorial to None, run_after=None
[2024-11-20T00:17:30.133+0000] {processor.py:208} INFO - Processing /home/ubuntu/airflow_venv/lib/python3.12/site-packages/airflow/example_dags/example_params_ui_tutorial.py took 0.097 seconds
[2024-11-20T00:18:25.775+0000] {processor.py:186} INFO - Started process (PID=2173) to work on /home/ubuntu/airflow_venv/lib/python3.12/site-packages/airflow/example_dags/example_params_ui_tutorial.py
[2024-11-20T00:18:25.777+0000] {processor.py:914} INFO - Processing file /home/ubuntu/airflow_venv/lib/python3.12/site-packages/airflow/example_dags/example_params_ui_tutorial.py for tasks to queue
[2024-11-20T00:18:25.779+0000] {logging_mixin.py:190} INFO - [2024-11-20T00:18:25.779+0000] {dagbag.py:588} INFO - Filling up the DagBag from /home/ubuntu/airflow_venv/lib/python3.12/site-packages/airflow/example_dags/example_params_ui_tutorial.py
[2024-11-20T00:18:25.788+0000] {processor.py:925} INFO - DAG(s) 'example_params_ui_tutorial' retrieved from /home/ubuntu/airflow_venv/lib/python3.12/site-packages/airflow/example_dags/example_params_ui_tutorial.py
[2024-11-20T00:18:25.828+0000] {logging_mixin.py:190} INFO - [2024-11-20T00:18:25.828+0000] {dag.py:3239} INFO - Sync 1 DAGs
[2024-11-20T00:18:25.838+0000] {logging_mixin.py:190} INFO - [2024-11-20T00:18:25.838+0000] {dag.py:4180} INFO - Setting next_dagrun for example_params_ui_tutorial to None, run_after=None
[2024-11-20T00:18:25.860+0000] {processor.py:208} INFO - Processing /home/ubuntu/airflow_venv/lib/python3.12/site-packages/airflow/example_dags/example_params_ui_tutorial.py took 0.091 seconds
[2024-11-20T00:19:21.473+0000] {processor.py:186} INFO - Started process (PID=2232) to work on /home/ubuntu/airflow_venv/lib/python3.12/site-packages/airflow/example_dags/example_params_ui_tutorial.py
[2024-11-20T00:19:21.475+0000] {processor.py:914} INFO - Processing file /home/ubuntu/airflow_venv/lib/python3.12/site-packages/airflow/example_dags/example_params_ui_tutorial.py for tasks to queue
[2024-11-20T00:19:21.478+0000] {logging_mixin.py:190} INFO - [2024-11-20T00:19:21.477+0000] {dagbag.py:588} INFO - Filling up the DagBag from /home/ubuntu/airflow_venv/lib/python3.12/site-packages/airflow/example_dags/example_params_ui_tutorial.py
[2024-11-20T00:19:21.487+0000] {processor.py:925} INFO - DAG(s) 'example_params_ui_tutorial' retrieved from /home/ubuntu/airflow_venv/lib/python3.12/site-packages/airflow/example_dags/example_params_ui_tutorial.py
[2024-11-20T00:19:21.526+0000] {logging_mixin.py:190} INFO - [2024-11-20T00:19:21.526+0000] {dag.py:3239} INFO - Sync 1 DAGs
[2024-11-20T00:19:21.537+0000] {logging_mixin.py:190} INFO - [2024-11-20T00:19:21.537+0000] {dag.py:4180} INFO - Setting next_dagrun for example_params_ui_tutorial to None, run_after=None
[2024-11-20T00:19:21.557+0000] {processor.py:208} INFO - Processing /home/ubuntu/airflow_venv/lib/python3.12/site-packages/airflow/example_dags/example_params_ui_tutorial.py took 0.089 seconds
[2024-11-20T00:20:14.445+0000] {processor.py:186} INFO - Started process (PID=2287) to work on /home/ubuntu/airflow_venv/lib/python3.12/site-packages/airflow/example_dags/example_params_ui_tutorial.py
[2024-11-20T00:20:14.447+0000] {processor.py:914} INFO - Processing file /home/ubuntu/airflow_venv/lib/python3.12/site-packages/airflow/example_dags/example_params_ui_tutorial.py for tasks to queue
[2024-11-20T00:20:14.450+0000] {logging_mixin.py:190} INFO - [2024-11-20T00:20:14.450+0000] {dagbag.py:588} INFO - Filling up the DagBag from /home/ubuntu/airflow_venv/lib/python3.12/site-packages/airflow/example_dags/example_params_ui_tutorial.py
[2024-11-20T00:20:14.459+0000] {processor.py:925} INFO - DAG(s) 'example_params_ui_tutorial' retrieved from /home/ubuntu/airflow_venv/lib/python3.12/site-packages/airflow/example_dags/example_params_ui_tutorial.py
[2024-11-20T00:20:14.496+0000] {logging_mixin.py:190} INFO - [2024-11-20T00:20:14.496+0000] {dag.py:3239} INFO - Sync 1 DAGs
[2024-11-20T00:20:14.508+0000] {logging_mixin.py:190} INFO - [2024-11-20T00:20:14.508+0000] {dag.py:4180} INFO - Setting next_dagrun for example_params_ui_tutorial to None, run_after=None
[2024-11-20T00:20:14.533+0000] {processor.py:208} INFO - Processing /home/ubuntu/airflow_venv/lib/python3.12/site-packages/airflow/example_dags/example_params_ui_tutorial.py took 0.092 seconds
[2024-11-20T00:21:09.358+0000] {processor.py:186} INFO - Started process (PID=2345) to work on /home/ubuntu/airflow_venv/lib/python3.12/site-packages/airflow/example_dags/example_params_ui_tutorial.py
[2024-11-20T00:21:09.359+0000] {processor.py:914} INFO - Processing file /home/ubuntu/airflow_venv/lib/python3.12/site-packages/airflow/example_dags/example_params_ui_tutorial.py for tasks to queue
[2024-11-20T00:21:09.361+0000] {logging_mixin.py:190} INFO - [2024-11-20T00:21:09.361+0000] {dagbag.py:588} INFO - Filling up the DagBag from /home/ubuntu/airflow_venv/lib/python3.12/site-packages/airflow/example_dags/example_params_ui_tutorial.py
[2024-11-20T00:21:09.370+0000] {processor.py:925} INFO - DAG(s) 'example_params_ui_tutorial' retrieved from /home/ubuntu/airflow_venv/lib/python3.12/site-packages/airflow/example_dags/example_params_ui_tutorial.py
[2024-11-20T00:21:09.407+0000] {logging_mixin.py:190} INFO - [2024-11-20T00:21:09.406+0000] {dag.py:3239} INFO - Sync 1 DAGs
[2024-11-20T00:21:09.548+0000] {logging_mixin.py:190} INFO - [2024-11-20T00:21:09.547+0000] {dag.py:4180} INFO - Setting next_dagrun for example_params_ui_tutorial to None, run_after=None
[2024-11-20T00:21:09.570+0000] {processor.py:208} INFO - Processing /home/ubuntu/airflow_venv/lib/python3.12/site-packages/airflow/example_dags/example_params_ui_tutorial.py took 0.218 seconds
[2024-11-20T00:22:12.615+0000] {processor.py:186} INFO - Started process (PID=2409) to work on /home/ubuntu/airflow_venv/lib/python3.12/site-packages/airflow/example_dags/example_params_ui_tutorial.py
[2024-11-20T00:22:12.617+0000] {processor.py:914} INFO - Processing file /home/ubuntu/airflow_venv/lib/python3.12/site-packages/airflow/example_dags/example_params_ui_tutorial.py for tasks to queue
[2024-11-20T00:22:12.619+0000] {logging_mixin.py:190} INFO - [2024-11-20T00:22:12.619+0000] {dagbag.py:588} INFO - Filling up the DagBag from /home/ubuntu/airflow_venv/lib/python3.12/site-packages/airflow/example_dags/example_params_ui_tutorial.py
[2024-11-20T00:22:12.629+0000] {processor.py:925} INFO - DAG(s) 'example_params_ui_tutorial' retrieved from /home/ubuntu/airflow_venv/lib/python3.12/site-packages/airflow/example_dags/example_params_ui_tutorial.py
[2024-11-20T00:22:12.665+0000] {logging_mixin.py:190} INFO - [2024-11-20T00:22:12.665+0000] {dag.py:3239} INFO - Sync 1 DAGs
[2024-11-20T00:22:12.677+0000] {logging_mixin.py:190} INFO - [2024-11-20T00:22:12.676+0000] {dag.py:4180} INFO - Setting next_dagrun for example_params_ui_tutorial to None, run_after=None
[2024-11-20T00:22:12.698+0000] {processor.py:208} INFO - Processing /home/ubuntu/airflow_venv/lib/python3.12/site-packages/airflow/example_dags/example_params_ui_tutorial.py took 0.088 seconds
[2024-11-20T00:23:06.984+0000] {processor.py:186} INFO - Started process (PID=2465) to work on /home/ubuntu/airflow_venv/lib/python3.12/site-packages/airflow/example_dags/example_params_ui_tutorial.py
[2024-11-20T00:23:06.985+0000] {processor.py:914} INFO - Processing file /home/ubuntu/airflow_venv/lib/python3.12/site-packages/airflow/example_dags/example_params_ui_tutorial.py for tasks to queue
[2024-11-20T00:23:06.988+0000] {logging_mixin.py:190} INFO - [2024-11-20T00:23:06.987+0000] {dagbag.py:588} INFO - Filling up the DagBag from /home/ubuntu/airflow_venv/lib/python3.12/site-packages/airflow/example_dags/example_params_ui_tutorial.py
[2024-11-20T00:23:06.997+0000] {processor.py:925} INFO - DAG(s) 'example_params_ui_tutorial' retrieved from /home/ubuntu/airflow_venv/lib/python3.12/site-packages/airflow/example_dags/example_params_ui_tutorial.py
[2024-11-20T00:23:07.036+0000] {logging_mixin.py:190} INFO - [2024-11-20T00:23:07.036+0000] {dag.py:3239} INFO - Sync 1 DAGs
[2024-11-20T00:23:07.048+0000] {logging_mixin.py:190} INFO - [2024-11-20T00:23:07.048+0000] {dag.py:4180} INFO - Setting next_dagrun for example_params_ui_tutorial to None, run_after=None
[2024-11-20T00:23:07.070+0000] {processor.py:208} INFO - Processing /home/ubuntu/airflow_venv/lib/python3.12/site-packages/airflow/example_dags/example_params_ui_tutorial.py took 0.092 seconds
[2024-11-20T00:24:02.441+0000] {processor.py:186} INFO - Started process (PID=2522) to work on /home/ubuntu/airflow_venv/lib/python3.12/site-packages/airflow/example_dags/example_params_ui_tutorial.py
[2024-11-20T00:24:02.443+0000] {processor.py:914} INFO - Processing file /home/ubuntu/airflow_venv/lib/python3.12/site-packages/airflow/example_dags/example_params_ui_tutorial.py for tasks to queue
[2024-11-20T00:24:02.444+0000] {logging_mixin.py:190} INFO - [2024-11-20T00:24:02.444+0000] {dagbag.py:588} INFO - Filling up the DagBag from /home/ubuntu/airflow_venv/lib/python3.12/site-packages/airflow/example_dags/example_params_ui_tutorial.py
[2024-11-20T00:24:02.455+0000] {processor.py:925} INFO - DAG(s) 'example_params_ui_tutorial' retrieved from /home/ubuntu/airflow_venv/lib/python3.12/site-packages/airflow/example_dags/example_params_ui_tutorial.py
[2024-11-20T00:24:02.494+0000] {logging_mixin.py:190} INFO - [2024-11-20T00:24:02.494+0000] {dag.py:3239} INFO - Sync 1 DAGs
[2024-11-20T00:24:02.506+0000] {logging_mixin.py:190} INFO - [2024-11-20T00:24:02.506+0000] {dag.py:4180} INFO - Setting next_dagrun for example_params_ui_tutorial to None, run_after=None
[2024-11-20T00:24:02.533+0000] {processor.py:208} INFO - Processing /home/ubuntu/airflow_venv/lib/python3.12/site-packages/airflow/example_dags/example_params_ui_tutorial.py took 0.097 seconds
[2024-11-20T00:24:56.413+0000] {processor.py:186} INFO - Started process (PID=2578) to work on /home/ubuntu/airflow_venv/lib/python3.12/site-packages/airflow/example_dags/example_params_ui_tutorial.py
[2024-11-20T00:24:56.415+0000] {processor.py:914} INFO - Processing file /home/ubuntu/airflow_venv/lib/python3.12/site-packages/airflow/example_dags/example_params_ui_tutorial.py for tasks to queue
[2024-11-20T00:24:56.417+0000] {logging_mixin.py:190} INFO - [2024-11-20T00:24:56.417+0000] {dagbag.py:588} INFO - Filling up the DagBag from /home/ubuntu/airflow_venv/lib/python3.12/site-packages/airflow/example_dags/example_params_ui_tutorial.py
[2024-11-20T00:24:56.426+0000] {processor.py:925} INFO - DAG(s) 'example_params_ui_tutorial' retrieved from /home/ubuntu/airflow_venv/lib/python3.12/site-packages/airflow/example_dags/example_params_ui_tutorial.py
[2024-11-20T00:24:56.463+0000] {logging_mixin.py:190} INFO - [2024-11-20T00:24:56.463+0000] {dag.py:3239} INFO - Sync 1 DAGs
[2024-11-20T00:24:56.475+0000] {logging_mixin.py:190} INFO - [2024-11-20T00:24:56.475+0000] {dag.py:4180} INFO - Setting next_dagrun for example_params_ui_tutorial to None, run_after=None
[2024-11-20T00:24:56.496+0000] {processor.py:208} INFO - Processing /home/ubuntu/airflow_venv/lib/python3.12/site-packages/airflow/example_dags/example_params_ui_tutorial.py took 0.089 seconds
[2024-11-20T00:25:50.708+0000] {processor.py:186} INFO - Started process (PID=2637) to work on /home/ubuntu/airflow_venv/lib/python3.12/site-packages/airflow/example_dags/example_params_ui_tutorial.py
[2024-11-20T00:25:50.710+0000] {processor.py:914} INFO - Processing file /home/ubuntu/airflow_venv/lib/python3.12/site-packages/airflow/example_dags/example_params_ui_tutorial.py for tasks to queue
[2024-11-20T00:25:50.711+0000] {logging_mixin.py:190} INFO - [2024-11-20T00:25:50.711+0000] {dagbag.py:588} INFO - Filling up the DagBag from /home/ubuntu/airflow_venv/lib/python3.12/site-packages/airflow/example_dags/example_params_ui_tutorial.py
[2024-11-20T00:25:50.721+0000] {processor.py:925} INFO - DAG(s) 'example_params_ui_tutorial' retrieved from /home/ubuntu/airflow_venv/lib/python3.12/site-packages/airflow/example_dags/example_params_ui_tutorial.py
[2024-11-20T00:25:50.758+0000] {logging_mixin.py:190} INFO - [2024-11-20T00:25:50.757+0000] {dag.py:3239} INFO - Sync 1 DAGs
[2024-11-20T00:25:50.770+0000] {logging_mixin.py:190} INFO - [2024-11-20T00:25:50.770+0000] {dag.py:4180} INFO - Setting next_dagrun for example_params_ui_tutorial to None, run_after=None
[2024-11-20T00:25:50.792+0000] {processor.py:208} INFO - Processing /home/ubuntu/airflow_venv/lib/python3.12/site-packages/airflow/example_dags/example_params_ui_tutorial.py took 0.090 seconds
[2024-11-20T00:26:56.827+0000] {processor.py:186} INFO - Started process (PID=2721) to work on /home/ubuntu/airflow_venv/lib/python3.12/site-packages/airflow/example_dags/example_params_ui_tutorial.py
[2024-11-20T00:26:56.829+0000] {processor.py:914} INFO - Processing file /home/ubuntu/airflow_venv/lib/python3.12/site-packages/airflow/example_dags/example_params_ui_tutorial.py for tasks to queue
[2024-11-20T00:26:56.831+0000] {logging_mixin.py:190} INFO - [2024-11-20T00:26:56.831+0000] {dagbag.py:588} INFO - Filling up the DagBag from /home/ubuntu/airflow_venv/lib/python3.12/site-packages/airflow/example_dags/example_params_ui_tutorial.py
[2024-11-20T00:26:56.840+0000] {processor.py:925} INFO - DAG(s) 'example_params_ui_tutorial' retrieved from /home/ubuntu/airflow_venv/lib/python3.12/site-packages/airflow/example_dags/example_params_ui_tutorial.py
[2024-11-20T00:26:56.885+0000] {logging_mixin.py:190} INFO - [2024-11-20T00:26:56.884+0000] {dag.py:3239} INFO - Sync 1 DAGs
[2024-11-20T00:26:56.900+0000] {logging_mixin.py:190} INFO - [2024-11-20T00:26:56.900+0000] {dag.py:4180} INFO - Setting next_dagrun for example_params_ui_tutorial to None, run_after=None
[2024-11-20T00:26:56.921+0000] {processor.py:208} INFO - Processing /home/ubuntu/airflow_venv/lib/python3.12/site-packages/airflow/example_dags/example_params_ui_tutorial.py took 0.100 seconds
[2024-11-20T00:28:07.558+0000] {processor.py:186} INFO - Started process (PID=2798) to work on /home/ubuntu/airflow_venv/lib/python3.12/site-packages/airflow/example_dags/example_params_ui_tutorial.py
[2024-11-20T00:28:07.559+0000] {processor.py:914} INFO - Processing file /home/ubuntu/airflow_venv/lib/python3.12/site-packages/airflow/example_dags/example_params_ui_tutorial.py for tasks to queue
[2024-11-20T00:28:07.561+0000] {logging_mixin.py:190} INFO - [2024-11-20T00:28:07.561+0000] {dagbag.py:588} INFO - Filling up the DagBag from /home/ubuntu/airflow_venv/lib/python3.12/site-packages/airflow/example_dags/example_params_ui_tutorial.py
[2024-11-20T00:28:07.571+0000] {processor.py:925} INFO - DAG(s) 'example_params_ui_tutorial' retrieved from /home/ubuntu/airflow_venv/lib/python3.12/site-packages/airflow/example_dags/example_params_ui_tutorial.py
[2024-11-20T00:28:07.609+0000] {logging_mixin.py:190} INFO - [2024-11-20T00:28:07.609+0000] {dag.py:3239} INFO - Sync 1 DAGs
[2024-11-20T00:28:07.621+0000] {logging_mixin.py:190} INFO - [2024-11-20T00:28:07.621+0000] {dag.py:4180} INFO - Setting next_dagrun for example_params_ui_tutorial to None, run_after=None
[2024-11-20T00:28:07.642+0000] {processor.py:208} INFO - Processing /home/ubuntu/airflow_venv/lib/python3.12/site-packages/airflow/example_dags/example_params_ui_tutorial.py took 0.090 seconds
[2024-11-20T00:29:06.920+0000] {processor.py:186} INFO - Started process (PID=2987) to work on /home/ubuntu/airflow_venv/lib/python3.12/site-packages/airflow/example_dags/example_params_ui_tutorial.py
[2024-11-20T00:29:06.921+0000] {processor.py:914} INFO - Processing file /home/ubuntu/airflow_venv/lib/python3.12/site-packages/airflow/example_dags/example_params_ui_tutorial.py for tasks to queue
[2024-11-20T00:29:06.922+0000] {logging_mixin.py:190} INFO - [2024-11-20T00:29:06.922+0000] {dagbag.py:588} INFO - Filling up the DagBag from /home/ubuntu/airflow_venv/lib/python3.12/site-packages/airflow/example_dags/example_params_ui_tutorial.py
[2024-11-20T00:29:06.933+0000] {processor.py:925} INFO - DAG(s) 'example_params_ui_tutorial' retrieved from /home/ubuntu/airflow_venv/lib/python3.12/site-packages/airflow/example_dags/example_params_ui_tutorial.py
[2024-11-20T00:29:06.971+0000] {logging_mixin.py:190} INFO - [2024-11-20T00:29:06.971+0000] {dag.py:3239} INFO - Sync 1 DAGs
[2024-11-20T00:29:06.982+0000] {logging_mixin.py:190} INFO - [2024-11-20T00:29:06.982+0000] {dag.py:4180} INFO - Setting next_dagrun for example_params_ui_tutorial to None, run_after=None
[2024-11-20T00:29:07.005+0000] {processor.py:208} INFO - Processing /home/ubuntu/airflow_venv/lib/python3.12/site-packages/airflow/example_dags/example_params_ui_tutorial.py took 0.091 seconds
[2024-11-20T00:30:07.590+0000] {processor.py:186} INFO - Started process (PID=3050) to work on /home/ubuntu/airflow_venv/lib/python3.12/site-packages/airflow/example_dags/example_params_ui_tutorial.py
[2024-11-20T00:30:07.592+0000] {processor.py:914} INFO - Processing file /home/ubuntu/airflow_venv/lib/python3.12/site-packages/airflow/example_dags/example_params_ui_tutorial.py for tasks to queue
[2024-11-20T00:30:07.594+0000] {logging_mixin.py:190} INFO - [2024-11-20T00:30:07.594+0000] {dagbag.py:588} INFO - Filling up the DagBag from /home/ubuntu/airflow_venv/lib/python3.12/site-packages/airflow/example_dags/example_params_ui_tutorial.py
[2024-11-20T00:30:07.603+0000] {processor.py:925} INFO - DAG(s) 'example_params_ui_tutorial' retrieved from /home/ubuntu/airflow_venv/lib/python3.12/site-packages/airflow/example_dags/example_params_ui_tutorial.py
[2024-11-20T00:30:07.640+0000] {logging_mixin.py:190} INFO - [2024-11-20T00:30:07.640+0000] {dag.py:3239} INFO - Sync 1 DAGs
[2024-11-20T00:30:07.653+0000] {logging_mixin.py:190} INFO - [2024-11-20T00:30:07.653+0000] {dag.py:4180} INFO - Setting next_dagrun for example_params_ui_tutorial to None, run_after=None
[2024-11-20T00:30:07.676+0000] {processor.py:208} INFO - Processing /home/ubuntu/airflow_venv/lib/python3.12/site-packages/airflow/example_dags/example_params_ui_tutorial.py took 0.091 seconds
[2024-11-20T00:31:02.486+0000] {processor.py:186} INFO - Started process (PID=3146) to work on /home/ubuntu/airflow_venv/lib/python3.12/site-packages/airflow/example_dags/example_params_ui_tutorial.py
[2024-11-20T00:31:02.487+0000] {processor.py:914} INFO - Processing file /home/ubuntu/airflow_venv/lib/python3.12/site-packages/airflow/example_dags/example_params_ui_tutorial.py for tasks to queue
[2024-11-20T00:31:02.489+0000] {logging_mixin.py:190} INFO - [2024-11-20T00:31:02.489+0000] {dagbag.py:588} INFO - Filling up the DagBag from /home/ubuntu/airflow_venv/lib/python3.12/site-packages/airflow/example_dags/example_params_ui_tutorial.py
[2024-11-20T00:31:02.499+0000] {processor.py:925} INFO - DAG(s) 'example_params_ui_tutorial' retrieved from /home/ubuntu/airflow_venv/lib/python3.12/site-packages/airflow/example_dags/example_params_ui_tutorial.py
[2024-11-20T00:31:02.537+0000] {logging_mixin.py:190} INFO - [2024-11-20T00:31:02.536+0000] {dag.py:3239} INFO - Sync 1 DAGs
[2024-11-20T00:31:02.549+0000] {logging_mixin.py:190} INFO - [2024-11-20T00:31:02.548+0000] {dag.py:4180} INFO - Setting next_dagrun for example_params_ui_tutorial to None, run_after=None
[2024-11-20T00:31:02.570+0000] {processor.py:208} INFO - Processing /home/ubuntu/airflow_venv/lib/python3.12/site-packages/airflow/example_dags/example_params_ui_tutorial.py took 0.090 seconds
[2024-11-20T00:31:59.014+0000] {processor.py:186} INFO - Started process (PID=3304) to work on /home/ubuntu/airflow_venv/lib/python3.12/site-packages/airflow/example_dags/example_params_ui_tutorial.py
[2024-11-20T00:31:59.016+0000] {processor.py:914} INFO - Processing file /home/ubuntu/airflow_venv/lib/python3.12/site-packages/airflow/example_dags/example_params_ui_tutorial.py for tasks to queue
[2024-11-20T00:31:59.017+0000] {logging_mixin.py:190} INFO - [2024-11-20T00:31:59.017+0000] {dagbag.py:588} INFO - Filling up the DagBag from /home/ubuntu/airflow_venv/lib/python3.12/site-packages/airflow/example_dags/example_params_ui_tutorial.py
[2024-11-20T00:31:59.027+0000] {processor.py:925} INFO - DAG(s) 'example_params_ui_tutorial' retrieved from /home/ubuntu/airflow_venv/lib/python3.12/site-packages/airflow/example_dags/example_params_ui_tutorial.py
[2024-11-20T00:31:59.064+0000] {logging_mixin.py:190} INFO - [2024-11-20T00:31:59.064+0000] {dag.py:3239} INFO - Sync 1 DAGs
[2024-11-20T00:31:59.076+0000] {logging_mixin.py:190} INFO - [2024-11-20T00:31:59.076+0000] {dag.py:4180} INFO - Setting next_dagrun for example_params_ui_tutorial to None, run_after=None
[2024-11-20T00:31:59.098+0000] {processor.py:208} INFO - Processing /home/ubuntu/airflow_venv/lib/python3.12/site-packages/airflow/example_dags/example_params_ui_tutorial.py took 0.091 seconds
[2024-11-20T00:32:49.979+0000] {processor.py:186} INFO - Started process (PID=3735) to work on /home/ubuntu/airflow_venv/lib/python3.12/site-packages/airflow/example_dags/example_params_ui_tutorial.py
[2024-11-20T00:32:49.981+0000] {processor.py:914} INFO - Processing file /home/ubuntu/airflow_venv/lib/python3.12/site-packages/airflow/example_dags/example_params_ui_tutorial.py for tasks to queue
[2024-11-20T00:32:49.982+0000] {logging_mixin.py:190} INFO - [2024-11-20T00:32:49.982+0000] {dagbag.py:588} INFO - Filling up the DagBag from /home/ubuntu/airflow_venv/lib/python3.12/site-packages/airflow/example_dags/example_params_ui_tutorial.py
[2024-11-20T00:32:49.993+0000] {processor.py:925} INFO - DAG(s) 'example_params_ui_tutorial' retrieved from /home/ubuntu/airflow_venv/lib/python3.12/site-packages/airflow/example_dags/example_params_ui_tutorial.py
[2024-11-20T00:32:50.036+0000] {logging_mixin.py:190} INFO - [2024-11-20T00:32:50.035+0000] {dag.py:3239} INFO - Sync 1 DAGs
[2024-11-20T00:32:50.049+0000] {logging_mixin.py:190} INFO - [2024-11-20T00:32:50.049+0000] {dag.py:4180} INFO - Setting next_dagrun for example_params_ui_tutorial to None, run_after=None
[2024-11-20T00:32:50.069+0000] {processor.py:208} INFO - Processing /home/ubuntu/airflow_venv/lib/python3.12/site-packages/airflow/example_dags/example_params_ui_tutorial.py took 0.095 seconds
[2024-11-20T00:33:54.657+0000] {processor.py:186} INFO - Started process (PID=3964) to work on /home/ubuntu/airflow_venv/lib/python3.12/site-packages/airflow/example_dags/example_params_ui_tutorial.py
[2024-11-20T00:33:54.659+0000] {processor.py:914} INFO - Processing file /home/ubuntu/airflow_venv/lib/python3.12/site-packages/airflow/example_dags/example_params_ui_tutorial.py for tasks to queue
[2024-11-20T00:33:54.660+0000] {logging_mixin.py:190} INFO - [2024-11-20T00:33:54.660+0000] {dagbag.py:588} INFO - Filling up the DagBag from /home/ubuntu/airflow_venv/lib/python3.12/site-packages/airflow/example_dags/example_params_ui_tutorial.py
[2024-11-20T00:33:54.669+0000] {processor.py:925} INFO - DAG(s) 'example_params_ui_tutorial' retrieved from /home/ubuntu/airflow_venv/lib/python3.12/site-packages/airflow/example_dags/example_params_ui_tutorial.py
[2024-11-20T00:33:54.707+0000] {logging_mixin.py:190} INFO - [2024-11-20T00:33:54.707+0000] {dag.py:3239} INFO - Sync 1 DAGs
[2024-11-20T00:33:54.719+0000] {logging_mixin.py:190} INFO - [2024-11-20T00:33:54.719+0000] {dag.py:4180} INFO - Setting next_dagrun for example_params_ui_tutorial to None, run_after=None
[2024-11-20T00:33:54.741+0000] {processor.py:208} INFO - Processing /home/ubuntu/airflow_venv/lib/python3.12/site-packages/airflow/example_dags/example_params_ui_tutorial.py took 0.090 seconds
[2024-11-20T00:34:53.858+0000] {processor.py:186} INFO - Started process (PID=4074) to work on /home/ubuntu/airflow_venv/lib/python3.12/site-packages/airflow/example_dags/example_params_ui_tutorial.py
[2024-11-20T00:34:53.861+0000] {processor.py:914} INFO - Processing file /home/ubuntu/airflow_venv/lib/python3.12/site-packages/airflow/example_dags/example_params_ui_tutorial.py for tasks to queue
[2024-11-20T00:34:53.863+0000] {logging_mixin.py:190} INFO - [2024-11-20T00:34:53.862+0000] {dagbag.py:588} INFO - Filling up the DagBag from /home/ubuntu/airflow_venv/lib/python3.12/site-packages/airflow/example_dags/example_params_ui_tutorial.py
[2024-11-20T00:34:53.872+0000] {processor.py:925} INFO - DAG(s) 'example_params_ui_tutorial' retrieved from /home/ubuntu/airflow_venv/lib/python3.12/site-packages/airflow/example_dags/example_params_ui_tutorial.py
[2024-11-20T00:34:53.911+0000] {logging_mixin.py:190} INFO - [2024-11-20T00:34:53.910+0000] {dag.py:3239} INFO - Sync 1 DAGs
[2024-11-20T00:34:53.923+0000] {logging_mixin.py:190} INFO - [2024-11-20T00:34:53.923+0000] {dag.py:4180} INFO - Setting next_dagrun for example_params_ui_tutorial to None, run_after=None
[2024-11-20T00:34:53.945+0000] {processor.py:208} INFO - Processing /home/ubuntu/airflow_venv/lib/python3.12/site-packages/airflow/example_dags/example_params_ui_tutorial.py took 0.093 seconds
[2024-11-20T00:35:48.113+0000] {processor.py:186} INFO - Started process (PID=4147) to work on /home/ubuntu/airflow_venv/lib/python3.12/site-packages/airflow/example_dags/example_params_ui_tutorial.py
[2024-11-20T00:35:48.115+0000] {processor.py:914} INFO - Processing file /home/ubuntu/airflow_venv/lib/python3.12/site-packages/airflow/example_dags/example_params_ui_tutorial.py for tasks to queue
[2024-11-20T00:35:48.117+0000] {logging_mixin.py:190} INFO - [2024-11-20T00:35:48.117+0000] {dagbag.py:588} INFO - Filling up the DagBag from /home/ubuntu/airflow_venv/lib/python3.12/site-packages/airflow/example_dags/example_params_ui_tutorial.py
[2024-11-20T00:35:48.126+0000] {processor.py:925} INFO - DAG(s) 'example_params_ui_tutorial' retrieved from /home/ubuntu/airflow_venv/lib/python3.12/site-packages/airflow/example_dags/example_params_ui_tutorial.py
[2024-11-20T00:35:48.165+0000] {logging_mixin.py:190} INFO - [2024-11-20T00:35:48.165+0000] {dag.py:3239} INFO - Sync 1 DAGs
[2024-11-20T00:35:48.178+0000] {logging_mixin.py:190} INFO - [2024-11-20T00:35:48.178+0000] {dag.py:4180} INFO - Setting next_dagrun for example_params_ui_tutorial to None, run_after=None
[2024-11-20T00:35:48.199+0000] {processor.py:208} INFO - Processing /home/ubuntu/airflow_venv/lib/python3.12/site-packages/airflow/example_dags/example_params_ui_tutorial.py took 0.093 seconds
[2024-11-20T00:36:43.057+0000] {processor.py:186} INFO - Started process (PID=4203) to work on /home/ubuntu/airflow_venv/lib/python3.12/site-packages/airflow/example_dags/example_params_ui_tutorial.py
[2024-11-20T00:36:43.058+0000] {processor.py:914} INFO - Processing file /home/ubuntu/airflow_venv/lib/python3.12/site-packages/airflow/example_dags/example_params_ui_tutorial.py for tasks to queue
[2024-11-20T00:36:43.060+0000] {logging_mixin.py:190} INFO - [2024-11-20T00:36:43.059+0000] {dagbag.py:588} INFO - Filling up the DagBag from /home/ubuntu/airflow_venv/lib/python3.12/site-packages/airflow/example_dags/example_params_ui_tutorial.py
[2024-11-20T00:36:43.069+0000] {processor.py:925} INFO - DAG(s) 'example_params_ui_tutorial' retrieved from /home/ubuntu/airflow_venv/lib/python3.12/site-packages/airflow/example_dags/example_params_ui_tutorial.py
[2024-11-20T00:36:43.108+0000] {logging_mixin.py:190} INFO - [2024-11-20T00:36:43.108+0000] {dag.py:3239} INFO - Sync 1 DAGs
[2024-11-20T00:36:43.121+0000] {logging_mixin.py:190} INFO - [2024-11-20T00:36:43.120+0000] {dag.py:4180} INFO - Setting next_dagrun for example_params_ui_tutorial to None, run_after=None
[2024-11-20T00:36:43.144+0000] {processor.py:208} INFO - Processing /home/ubuntu/airflow_venv/lib/python3.12/site-packages/airflow/example_dags/example_params_ui_tutorial.py took 0.093 seconds
[2024-11-20T00:37:37.699+0000] {processor.py:186} INFO - Started process (PID=4259) to work on /home/ubuntu/airflow_venv/lib/python3.12/site-packages/airflow/example_dags/example_params_ui_tutorial.py
[2024-11-20T00:37:37.700+0000] {processor.py:914} INFO - Processing file /home/ubuntu/airflow_venv/lib/python3.12/site-packages/airflow/example_dags/example_params_ui_tutorial.py for tasks to queue
[2024-11-20T00:37:37.701+0000] {logging_mixin.py:190} INFO - [2024-11-20T00:37:37.701+0000] {dagbag.py:588} INFO - Filling up the DagBag from /home/ubuntu/airflow_venv/lib/python3.12/site-packages/airflow/example_dags/example_params_ui_tutorial.py
[2024-11-20T00:37:37.711+0000] {processor.py:925} INFO - DAG(s) 'example_params_ui_tutorial' retrieved from /home/ubuntu/airflow_venv/lib/python3.12/site-packages/airflow/example_dags/example_params_ui_tutorial.py
[2024-11-20T00:37:37.749+0000] {logging_mixin.py:190} INFO - [2024-11-20T00:37:37.748+0000] {dag.py:3239} INFO - Sync 1 DAGs
[2024-11-20T00:37:37.761+0000] {logging_mixin.py:190} INFO - [2024-11-20T00:37:37.761+0000] {dag.py:4180} INFO - Setting next_dagrun for example_params_ui_tutorial to None, run_after=None
[2024-11-20T00:37:37.783+0000] {processor.py:208} INFO - Processing /home/ubuntu/airflow_venv/lib/python3.12/site-packages/airflow/example_dags/example_params_ui_tutorial.py took 0.091 seconds
[2024-11-20T00:38:35.556+0000] {processor.py:186} INFO - Started process (PID=4344) to work on /home/ubuntu/airflow_venv/lib/python3.12/site-packages/airflow/example_dags/example_params_ui_tutorial.py
[2024-11-20T00:38:35.557+0000] {processor.py:914} INFO - Processing file /home/ubuntu/airflow_venv/lib/python3.12/site-packages/airflow/example_dags/example_params_ui_tutorial.py for tasks to queue
[2024-11-20T00:38:35.558+0000] {logging_mixin.py:190} INFO - [2024-11-20T00:38:35.557+0000] {dagbag.py:588} INFO - Filling up the DagBag from /home/ubuntu/airflow_venv/lib/python3.12/site-packages/airflow/example_dags/example_params_ui_tutorial.py
[2024-11-20T00:38:35.569+0000] {processor.py:925} INFO - DAG(s) 'example_params_ui_tutorial' retrieved from /home/ubuntu/airflow_venv/lib/python3.12/site-packages/airflow/example_dags/example_params_ui_tutorial.py
[2024-11-20T00:38:35.608+0000] {logging_mixin.py:190} INFO - [2024-11-20T00:38:35.608+0000] {dag.py:3239} INFO - Sync 1 DAGs
[2024-11-20T00:38:35.620+0000] {logging_mixin.py:190} INFO - [2024-11-20T00:38:35.620+0000] {dag.py:4180} INFO - Setting next_dagrun for example_params_ui_tutorial to None, run_after=None
[2024-11-20T00:38:35.643+0000] {processor.py:208} INFO - Processing /home/ubuntu/airflow_venv/lib/python3.12/site-packages/airflow/example_dags/example_params_ui_tutorial.py took 0.094 seconds
[2024-11-20T00:39:27.104+0000] {processor.py:186} INFO - Started process (PID=4399) to work on /home/ubuntu/airflow_venv/lib/python3.12/site-packages/airflow/example_dags/example_params_ui_tutorial.py
[2024-11-20T00:39:27.107+0000] {processor.py:914} INFO - Processing file /home/ubuntu/airflow_venv/lib/python3.12/site-packages/airflow/example_dags/example_params_ui_tutorial.py for tasks to queue
[2024-11-20T00:39:27.108+0000] {logging_mixin.py:190} INFO - [2024-11-20T00:39:27.108+0000] {dagbag.py:588} INFO - Filling up the DagBag from /home/ubuntu/airflow_venv/lib/python3.12/site-packages/airflow/example_dags/example_params_ui_tutorial.py
[2024-11-20T00:39:27.117+0000] {processor.py:925} INFO - DAG(s) 'example_params_ui_tutorial' retrieved from /home/ubuntu/airflow_venv/lib/python3.12/site-packages/airflow/example_dags/example_params_ui_tutorial.py
[2024-11-20T00:39:27.155+0000] {logging_mixin.py:190} INFO - [2024-11-20T00:39:27.155+0000] {dag.py:3239} INFO - Sync 1 DAGs
[2024-11-20T00:39:27.167+0000] {logging_mixin.py:190} INFO - [2024-11-20T00:39:27.167+0000] {dag.py:4180} INFO - Setting next_dagrun for example_params_ui_tutorial to None, run_after=None
[2024-11-20T00:39:27.190+0000] {processor.py:208} INFO - Processing /home/ubuntu/airflow_venv/lib/python3.12/site-packages/airflow/example_dags/example_params_ui_tutorial.py took 0.092 seconds
[2024-11-20T00:40:33.696+0000] {processor.py:186} INFO - Started process (PID=4501) to work on /home/ubuntu/airflow_venv/lib/python3.12/site-packages/airflow/example_dags/example_params_ui_tutorial.py
[2024-11-20T00:40:33.697+0000] {processor.py:914} INFO - Processing file /home/ubuntu/airflow_venv/lib/python3.12/site-packages/airflow/example_dags/example_params_ui_tutorial.py for tasks to queue
[2024-11-20T00:40:33.698+0000] {logging_mixin.py:190} INFO - [2024-11-20T00:40:33.698+0000] {dagbag.py:588} INFO - Filling up the DagBag from /home/ubuntu/airflow_venv/lib/python3.12/site-packages/airflow/example_dags/example_params_ui_tutorial.py
[2024-11-20T00:40:33.708+0000] {processor.py:925} INFO - DAG(s) 'example_params_ui_tutorial' retrieved from /home/ubuntu/airflow_venv/lib/python3.12/site-packages/airflow/example_dags/example_params_ui_tutorial.py
[2024-11-20T00:40:33.745+0000] {logging_mixin.py:190} INFO - [2024-11-20T00:40:33.744+0000] {dag.py:3239} INFO - Sync 1 DAGs
[2024-11-20T00:40:33.757+0000] {logging_mixin.py:190} INFO - [2024-11-20T00:40:33.756+0000] {dag.py:4180} INFO - Setting next_dagrun for example_params_ui_tutorial to None, run_after=None
[2024-11-20T00:40:33.778+0000] {processor.py:208} INFO - Processing /home/ubuntu/airflow_venv/lib/python3.12/site-packages/airflow/example_dags/example_params_ui_tutorial.py took 0.089 seconds
[2024-11-20T00:41:26.935+0000] {processor.py:186} INFO - Started process (PID=4557) to work on /home/ubuntu/airflow_venv/lib/python3.12/site-packages/airflow/example_dags/example_params_ui_tutorial.py
[2024-11-20T00:41:26.936+0000] {processor.py:914} INFO - Processing file /home/ubuntu/airflow_venv/lib/python3.12/site-packages/airflow/example_dags/example_params_ui_tutorial.py for tasks to queue
[2024-11-20T00:41:26.937+0000] {logging_mixin.py:190} INFO - [2024-11-20T00:41:26.937+0000] {dagbag.py:588} INFO - Filling up the DagBag from /home/ubuntu/airflow_venv/lib/python3.12/site-packages/airflow/example_dags/example_params_ui_tutorial.py
[2024-11-20T00:41:26.947+0000] {processor.py:925} INFO - DAG(s) 'example_params_ui_tutorial' retrieved from /home/ubuntu/airflow_venv/lib/python3.12/site-packages/airflow/example_dags/example_params_ui_tutorial.py
[2024-11-20T00:41:26.984+0000] {logging_mixin.py:190} INFO - [2024-11-20T00:41:26.984+0000] {dag.py:3239} INFO - Sync 1 DAGs
[2024-11-20T00:41:26.996+0000] {logging_mixin.py:190} INFO - [2024-11-20T00:41:26.996+0000] {dag.py:4180} INFO - Setting next_dagrun for example_params_ui_tutorial to None, run_after=None
[2024-11-20T00:41:27.019+0000] {processor.py:208} INFO - Processing /home/ubuntu/airflow_venv/lib/python3.12/site-packages/airflow/example_dags/example_params_ui_tutorial.py took 0.092 seconds
[2024-11-20T00:42:18.776+0000] {processor.py:186} INFO - Started process (PID=4611) to work on /home/ubuntu/airflow_venv/lib/python3.12/site-packages/airflow/example_dags/example_params_ui_tutorial.py
[2024-11-20T00:42:18.778+0000] {processor.py:914} INFO - Processing file /home/ubuntu/airflow_venv/lib/python3.12/site-packages/airflow/example_dags/example_params_ui_tutorial.py for tasks to queue
[2024-11-20T00:42:18.779+0000] {logging_mixin.py:190} INFO - [2024-11-20T00:42:18.779+0000] {dagbag.py:588} INFO - Filling up the DagBag from /home/ubuntu/airflow_venv/lib/python3.12/site-packages/airflow/example_dags/example_params_ui_tutorial.py
[2024-11-20T00:42:18.789+0000] {processor.py:925} INFO - DAG(s) 'example_params_ui_tutorial' retrieved from /home/ubuntu/airflow_venv/lib/python3.12/site-packages/airflow/example_dags/example_params_ui_tutorial.py
[2024-11-20T00:42:18.825+0000] {logging_mixin.py:190} INFO - [2024-11-20T00:42:18.825+0000] {dag.py:3239} INFO - Sync 1 DAGs
[2024-11-20T00:42:18.837+0000] {logging_mixin.py:190} INFO - [2024-11-20T00:42:18.837+0000] {dag.py:4180} INFO - Setting next_dagrun for example_params_ui_tutorial to None, run_after=None
[2024-11-20T00:42:18.859+0000] {processor.py:208} INFO - Processing /home/ubuntu/airflow_venv/lib/python3.12/site-packages/airflow/example_dags/example_params_ui_tutorial.py took 0.090 seconds
[2024-11-20T00:43:18.702+0000] {processor.py:186} INFO - Started process (PID=4671) to work on /home/ubuntu/airflow_venv/lib/python3.12/site-packages/airflow/example_dags/example_params_ui_tutorial.py
[2024-11-20T00:43:18.703+0000] {processor.py:914} INFO - Processing file /home/ubuntu/airflow_venv/lib/python3.12/site-packages/airflow/example_dags/example_params_ui_tutorial.py for tasks to queue
[2024-11-20T00:43:18.704+0000] {logging_mixin.py:190} INFO - [2024-11-20T00:43:18.704+0000] {dagbag.py:588} INFO - Filling up the DagBag from /home/ubuntu/airflow_venv/lib/python3.12/site-packages/airflow/example_dags/example_params_ui_tutorial.py
[2024-11-20T00:43:18.713+0000] {processor.py:925} INFO - DAG(s) 'example_params_ui_tutorial' retrieved from /home/ubuntu/airflow_venv/lib/python3.12/site-packages/airflow/example_dags/example_params_ui_tutorial.py
[2024-11-20T00:43:18.751+0000] {logging_mixin.py:190} INFO - [2024-11-20T00:43:18.751+0000] {dag.py:3239} INFO - Sync 1 DAGs
[2024-11-20T00:43:18.762+0000] {logging_mixin.py:190} INFO - [2024-11-20T00:43:18.761+0000] {dag.py:4180} INFO - Setting next_dagrun for example_params_ui_tutorial to None, run_after=None
[2024-11-20T00:43:18.785+0000] {processor.py:208} INFO - Processing /home/ubuntu/airflow_venv/lib/python3.12/site-packages/airflow/example_dags/example_params_ui_tutorial.py took 0.091 seconds
[2024-11-20T00:44:11.809+0000] {processor.py:186} INFO - Started process (PID=4728) to work on /home/ubuntu/airflow_venv/lib/python3.12/site-packages/airflow/example_dags/example_params_ui_tutorial.py
[2024-11-20T00:44:11.811+0000] {processor.py:914} INFO - Processing file /home/ubuntu/airflow_venv/lib/python3.12/site-packages/airflow/example_dags/example_params_ui_tutorial.py for tasks to queue
[2024-11-20T00:44:11.812+0000] {logging_mixin.py:190} INFO - [2024-11-20T00:44:11.811+0000] {dagbag.py:588} INFO - Filling up the DagBag from /home/ubuntu/airflow_venv/lib/python3.12/site-packages/airflow/example_dags/example_params_ui_tutorial.py
[2024-11-20T00:44:11.821+0000] {processor.py:925} INFO - DAG(s) 'example_params_ui_tutorial' retrieved from /home/ubuntu/airflow_venv/lib/python3.12/site-packages/airflow/example_dags/example_params_ui_tutorial.py
[2024-11-20T00:44:11.858+0000] {logging_mixin.py:190} INFO - [2024-11-20T00:44:11.857+0000] {dag.py:3239} INFO - Sync 1 DAGs
[2024-11-20T00:44:11.870+0000] {logging_mixin.py:190} INFO - [2024-11-20T00:44:11.870+0000] {dag.py:4180} INFO - Setting next_dagrun for example_params_ui_tutorial to None, run_after=None
[2024-11-20T00:44:11.892+0000] {processor.py:208} INFO - Processing /home/ubuntu/airflow_venv/lib/python3.12/site-packages/airflow/example_dags/example_params_ui_tutorial.py took 0.091 seconds
[2024-11-20T00:45:06.845+0000] {processor.py:186} INFO - Started process (PID=4786) to work on /home/ubuntu/airflow_venv/lib/python3.12/site-packages/airflow/example_dags/example_params_ui_tutorial.py
[2024-11-20T00:45:06.847+0000] {processor.py:914} INFO - Processing file /home/ubuntu/airflow_venv/lib/python3.12/site-packages/airflow/example_dags/example_params_ui_tutorial.py for tasks to queue
[2024-11-20T00:45:06.848+0000] {logging_mixin.py:190} INFO - [2024-11-20T00:45:06.848+0000] {dagbag.py:588} INFO - Filling up the DagBag from /home/ubuntu/airflow_venv/lib/python3.12/site-packages/airflow/example_dags/example_params_ui_tutorial.py
[2024-11-20T00:45:06.858+0000] {processor.py:925} INFO - DAG(s) 'example_params_ui_tutorial' retrieved from /home/ubuntu/airflow_venv/lib/python3.12/site-packages/airflow/example_dags/example_params_ui_tutorial.py
[2024-11-20T00:45:06.896+0000] {logging_mixin.py:190} INFO - [2024-11-20T00:45:06.896+0000] {dag.py:3239} INFO - Sync 1 DAGs
[2024-11-20T00:45:06.908+0000] {logging_mixin.py:190} INFO - [2024-11-20T00:45:06.908+0000] {dag.py:4180} INFO - Setting next_dagrun for example_params_ui_tutorial to None, run_after=None
[2024-11-20T00:45:06.931+0000] {processor.py:208} INFO - Processing /home/ubuntu/airflow_venv/lib/python3.12/site-packages/airflow/example_dags/example_params_ui_tutorial.py took 0.093 seconds
[2024-11-20T00:46:01.465+0000] {processor.py:186} INFO - Started process (PID=4842) to work on /home/ubuntu/airflow_venv/lib/python3.12/site-packages/airflow/example_dags/example_params_ui_tutorial.py
[2024-11-20T00:46:01.466+0000] {processor.py:914} INFO - Processing file /home/ubuntu/airflow_venv/lib/python3.12/site-packages/airflow/example_dags/example_params_ui_tutorial.py for tasks to queue
[2024-11-20T00:46:01.467+0000] {logging_mixin.py:190} INFO - [2024-11-20T00:46:01.467+0000] {dagbag.py:588} INFO - Filling up the DagBag from /home/ubuntu/airflow_venv/lib/python3.12/site-packages/airflow/example_dags/example_params_ui_tutorial.py
[2024-11-20T00:46:01.478+0000] {processor.py:925} INFO - DAG(s) 'example_params_ui_tutorial' retrieved from /home/ubuntu/airflow_venv/lib/python3.12/site-packages/airflow/example_dags/example_params_ui_tutorial.py
[2024-11-20T00:46:01.527+0000] {logging_mixin.py:190} INFO - [2024-11-20T00:46:01.527+0000] {dag.py:3239} INFO - Sync 1 DAGs
[2024-11-20T00:46:01.541+0000] {logging_mixin.py:190} INFO - [2024-11-20T00:46:01.541+0000] {dag.py:4180} INFO - Setting next_dagrun for example_params_ui_tutorial to None, run_after=None
[2024-11-20T00:46:01.564+0000] {processor.py:208} INFO - Processing /home/ubuntu/airflow_venv/lib/python3.12/site-packages/airflow/example_dags/example_params_ui_tutorial.py took 0.106 seconds
[2024-11-20T00:46:54.621+0000] {processor.py:186} INFO - Started process (PID=4898) to work on /home/ubuntu/airflow_venv/lib/python3.12/site-packages/airflow/example_dags/example_params_ui_tutorial.py
[2024-11-20T00:46:54.623+0000] {processor.py:914} INFO - Processing file /home/ubuntu/airflow_venv/lib/python3.12/site-packages/airflow/example_dags/example_params_ui_tutorial.py for tasks to queue
[2024-11-20T00:46:54.624+0000] {logging_mixin.py:190} INFO - [2024-11-20T00:46:54.624+0000] {dagbag.py:588} INFO - Filling up the DagBag from /home/ubuntu/airflow_venv/lib/python3.12/site-packages/airflow/example_dags/example_params_ui_tutorial.py
[2024-11-20T00:46:54.633+0000] {processor.py:925} INFO - DAG(s) 'example_params_ui_tutorial' retrieved from /home/ubuntu/airflow_venv/lib/python3.12/site-packages/airflow/example_dags/example_params_ui_tutorial.py
[2024-11-20T00:46:54.670+0000] {logging_mixin.py:190} INFO - [2024-11-20T00:46:54.670+0000] {dag.py:3239} INFO - Sync 1 DAGs
[2024-11-20T00:46:54.683+0000] {logging_mixin.py:190} INFO - [2024-11-20T00:46:54.683+0000] {dag.py:4180} INFO - Setting next_dagrun for example_params_ui_tutorial to None, run_after=None
[2024-11-20T00:46:54.707+0000] {processor.py:208} INFO - Processing /home/ubuntu/airflow_venv/lib/python3.12/site-packages/airflow/example_dags/example_params_ui_tutorial.py took 0.093 seconds
[2024-11-20T00:47:46.728+0000] {processor.py:186} INFO - Started process (PID=4953) to work on /home/ubuntu/airflow_venv/lib/python3.12/site-packages/airflow/example_dags/example_params_ui_tutorial.py
[2024-11-20T00:47:46.730+0000] {processor.py:914} INFO - Processing file /home/ubuntu/airflow_venv/lib/python3.12/site-packages/airflow/example_dags/example_params_ui_tutorial.py for tasks to queue
[2024-11-20T00:47:46.731+0000] {logging_mixin.py:190} INFO - [2024-11-20T00:47:46.731+0000] {dagbag.py:588} INFO - Filling up the DagBag from /home/ubuntu/airflow_venv/lib/python3.12/site-packages/airflow/example_dags/example_params_ui_tutorial.py
[2024-11-20T00:47:46.741+0000] {processor.py:925} INFO - DAG(s) 'example_params_ui_tutorial' retrieved from /home/ubuntu/airflow_venv/lib/python3.12/site-packages/airflow/example_dags/example_params_ui_tutorial.py
[2024-11-20T00:47:46.778+0000] {logging_mixin.py:190} INFO - [2024-11-20T00:47:46.777+0000] {dag.py:3239} INFO - Sync 1 DAGs
[2024-11-20T00:47:46.791+0000] {logging_mixin.py:190} INFO - [2024-11-20T00:47:46.790+0000] {dag.py:4180} INFO - Setting next_dagrun for example_params_ui_tutorial to None, run_after=None
[2024-11-20T00:47:46.812+0000] {processor.py:208} INFO - Processing /home/ubuntu/airflow_venv/lib/python3.12/site-packages/airflow/example_dags/example_params_ui_tutorial.py took 0.090 seconds
[2024-11-20T00:48:39.876+0000] {processor.py:186} INFO - Started process (PID=5007) to work on /home/ubuntu/airflow_venv/lib/python3.12/site-packages/airflow/example_dags/example_params_ui_tutorial.py
[2024-11-20T00:48:39.877+0000] {processor.py:914} INFO - Processing file /home/ubuntu/airflow_venv/lib/python3.12/site-packages/airflow/example_dags/example_params_ui_tutorial.py for tasks to queue
[2024-11-20T00:48:39.879+0000] {logging_mixin.py:190} INFO - [2024-11-20T00:48:39.878+0000] {dagbag.py:588} INFO - Filling up the DagBag from /home/ubuntu/airflow_venv/lib/python3.12/site-packages/airflow/example_dags/example_params_ui_tutorial.py
[2024-11-20T00:48:39.888+0000] {processor.py:925} INFO - DAG(s) 'example_params_ui_tutorial' retrieved from /home/ubuntu/airflow_venv/lib/python3.12/site-packages/airflow/example_dags/example_params_ui_tutorial.py
[2024-11-20T00:48:39.925+0000] {logging_mixin.py:190} INFO - [2024-11-20T00:48:39.925+0000] {dag.py:3239} INFO - Sync 1 DAGs
[2024-11-20T00:48:39.937+0000] {logging_mixin.py:190} INFO - [2024-11-20T00:48:39.937+0000] {dag.py:4180} INFO - Setting next_dagrun for example_params_ui_tutorial to None, run_after=None
[2024-11-20T00:48:39.961+0000] {processor.py:208} INFO - Processing /home/ubuntu/airflow_venv/lib/python3.12/site-packages/airflow/example_dags/example_params_ui_tutorial.py took 0.091 seconds
[2024-11-20T00:49:34.527+0000] {processor.py:186} INFO - Started process (PID=5065) to work on /home/ubuntu/airflow_venv/lib/python3.12/site-packages/airflow/example_dags/example_params_ui_tutorial.py
[2024-11-20T00:49:34.528+0000] {processor.py:914} INFO - Processing file /home/ubuntu/airflow_venv/lib/python3.12/site-packages/airflow/example_dags/example_params_ui_tutorial.py for tasks to queue
[2024-11-20T00:49:34.530+0000] {logging_mixin.py:190} INFO - [2024-11-20T00:49:34.530+0000] {dagbag.py:588} INFO - Filling up the DagBag from /home/ubuntu/airflow_venv/lib/python3.12/site-packages/airflow/example_dags/example_params_ui_tutorial.py
[2024-11-20T00:49:34.540+0000] {processor.py:925} INFO - DAG(s) 'example_params_ui_tutorial' retrieved from /home/ubuntu/airflow_venv/lib/python3.12/site-packages/airflow/example_dags/example_params_ui_tutorial.py
[2024-11-20T00:49:34.576+0000] {logging_mixin.py:190} INFO - [2024-11-20T00:49:34.576+0000] {dag.py:3239} INFO - Sync 1 DAGs
[2024-11-20T00:49:34.589+0000] {logging_mixin.py:190} INFO - [2024-11-20T00:49:34.589+0000] {dag.py:4180} INFO - Setting next_dagrun for example_params_ui_tutorial to None, run_after=None
[2024-11-20T00:49:34.613+0000] {processor.py:208} INFO - Processing /home/ubuntu/airflow_venv/lib/python3.12/site-packages/airflow/example_dags/example_params_ui_tutorial.py took 0.093 seconds
[2024-11-20T00:50:27.890+0000] {processor.py:186} INFO - Started process (PID=5124) to work on /home/ubuntu/airflow_venv/lib/python3.12/site-packages/airflow/example_dags/example_params_ui_tutorial.py
[2024-11-20T00:50:27.892+0000] {processor.py:914} INFO - Processing file /home/ubuntu/airflow_venv/lib/python3.12/site-packages/airflow/example_dags/example_params_ui_tutorial.py for tasks to queue
[2024-11-20T00:50:27.894+0000] {logging_mixin.py:190} INFO - [2024-11-20T00:50:27.893+0000] {dagbag.py:588} INFO - Filling up the DagBag from /home/ubuntu/airflow_venv/lib/python3.12/site-packages/airflow/example_dags/example_params_ui_tutorial.py
[2024-11-20T00:50:27.903+0000] {processor.py:925} INFO - DAG(s) 'example_params_ui_tutorial' retrieved from /home/ubuntu/airflow_venv/lib/python3.12/site-packages/airflow/example_dags/example_params_ui_tutorial.py
[2024-11-20T00:50:27.940+0000] {logging_mixin.py:190} INFO - [2024-11-20T00:50:27.940+0000] {dag.py:3239} INFO - Sync 1 DAGs
[2024-11-20T00:50:27.952+0000] {logging_mixin.py:190} INFO - [2024-11-20T00:50:27.951+0000] {dag.py:4180} INFO - Setting next_dagrun for example_params_ui_tutorial to None, run_after=None
[2024-11-20T00:50:27.977+0000] {processor.py:208} INFO - Processing /home/ubuntu/airflow_venv/lib/python3.12/site-packages/airflow/example_dags/example_params_ui_tutorial.py took 0.093 seconds
[2024-11-20T00:51:23.680+0000] {processor.py:186} INFO - Started process (PID=5179) to work on /home/ubuntu/airflow_venv/lib/python3.12/site-packages/airflow/example_dags/example_params_ui_tutorial.py
[2024-11-20T00:51:23.681+0000] {processor.py:914} INFO - Processing file /home/ubuntu/airflow_venv/lib/python3.12/site-packages/airflow/example_dags/example_params_ui_tutorial.py for tasks to queue
[2024-11-20T00:51:23.683+0000] {logging_mixin.py:190} INFO - [2024-11-20T00:51:23.681+0000] {dagbag.py:588} INFO - Filling up the DagBag from /home/ubuntu/airflow_venv/lib/python3.12/site-packages/airflow/example_dags/example_params_ui_tutorial.py
[2024-11-20T00:51:23.698+0000] {processor.py:925} INFO - DAG(s) 'example_params_ui_tutorial' retrieved from /home/ubuntu/airflow_venv/lib/python3.12/site-packages/airflow/example_dags/example_params_ui_tutorial.py
[2024-11-20T00:51:23.748+0000] {logging_mixin.py:190} INFO - [2024-11-20T00:51:23.747+0000] {dag.py:3239} INFO - Sync 1 DAGs
[2024-11-20T00:51:23.760+0000] {logging_mixin.py:190} INFO - [2024-11-20T00:51:23.760+0000] {dag.py:4180} INFO - Setting next_dagrun for example_params_ui_tutorial to None, run_after=None
[2024-11-20T00:51:23.781+0000] {processor.py:208} INFO - Processing /home/ubuntu/airflow_venv/lib/python3.12/site-packages/airflow/example_dags/example_params_ui_tutorial.py took 0.108 seconds
[2024-11-20T00:52:21.518+0000] {processor.py:186} INFO - Started process (PID=5240) to work on /home/ubuntu/airflow_venv/lib/python3.12/site-packages/airflow/example_dags/example_params_ui_tutorial.py
[2024-11-20T00:52:21.520+0000] {processor.py:914} INFO - Processing file /home/ubuntu/airflow_venv/lib/python3.12/site-packages/airflow/example_dags/example_params_ui_tutorial.py for tasks to queue
[2024-11-20T00:52:21.521+0000] {logging_mixin.py:190} INFO - [2024-11-20T00:52:21.521+0000] {dagbag.py:588} INFO - Filling up the DagBag from /home/ubuntu/airflow_venv/lib/python3.12/site-packages/airflow/example_dags/example_params_ui_tutorial.py
[2024-11-20T00:52:21.530+0000] {processor.py:925} INFO - DAG(s) 'example_params_ui_tutorial' retrieved from /home/ubuntu/airflow_venv/lib/python3.12/site-packages/airflow/example_dags/example_params_ui_tutorial.py
[2024-11-20T00:52:21.568+0000] {logging_mixin.py:190} INFO - [2024-11-20T00:52:21.568+0000] {dag.py:3239} INFO - Sync 1 DAGs
[2024-11-20T00:52:21.581+0000] {logging_mixin.py:190} INFO - [2024-11-20T00:52:21.581+0000] {dag.py:4180} INFO - Setting next_dagrun for example_params_ui_tutorial to None, run_after=None
[2024-11-20T00:52:21.604+0000] {processor.py:208} INFO - Processing /home/ubuntu/airflow_venv/lib/python3.12/site-packages/airflow/example_dags/example_params_ui_tutorial.py took 0.092 seconds
[2024-11-20T00:53:18.293+0000] {processor.py:186} INFO - Started process (PID=5297) to work on /home/ubuntu/airflow_venv/lib/python3.12/site-packages/airflow/example_dags/example_params_ui_tutorial.py
[2024-11-20T00:53:18.295+0000] {processor.py:914} INFO - Processing file /home/ubuntu/airflow_venv/lib/python3.12/site-packages/airflow/example_dags/example_params_ui_tutorial.py for tasks to queue
[2024-11-20T00:53:18.296+0000] {logging_mixin.py:190} INFO - [2024-11-20T00:53:18.295+0000] {dagbag.py:588} INFO - Filling up the DagBag from /home/ubuntu/airflow_venv/lib/python3.12/site-packages/airflow/example_dags/example_params_ui_tutorial.py
[2024-11-20T00:53:18.306+0000] {processor.py:925} INFO - DAG(s) 'example_params_ui_tutorial' retrieved from /home/ubuntu/airflow_venv/lib/python3.12/site-packages/airflow/example_dags/example_params_ui_tutorial.py
[2024-11-20T00:53:18.342+0000] {logging_mixin.py:190} INFO - [2024-11-20T00:53:18.342+0000] {dag.py:3239} INFO - Sync 1 DAGs
[2024-11-20T00:53:18.354+0000] {logging_mixin.py:190} INFO - [2024-11-20T00:53:18.354+0000] {dag.py:4180} INFO - Setting next_dagrun for example_params_ui_tutorial to None, run_after=None
[2024-11-20T00:53:18.377+0000] {processor.py:208} INFO - Processing /home/ubuntu/airflow_venv/lib/python3.12/site-packages/airflow/example_dags/example_params_ui_tutorial.py took 0.091 seconds
[2024-11-20T00:54:14.132+0000] {processor.py:186} INFO - Started process (PID=5367) to work on /home/ubuntu/airflow_venv/lib/python3.12/site-packages/airflow/example_dags/example_params_ui_tutorial.py
[2024-11-20T00:54:14.133+0000] {processor.py:914} INFO - Processing file /home/ubuntu/airflow_venv/lib/python3.12/site-packages/airflow/example_dags/example_params_ui_tutorial.py for tasks to queue
[2024-11-20T00:54:14.134+0000] {logging_mixin.py:190} INFO - [2024-11-20T00:54:14.134+0000] {dagbag.py:588} INFO - Filling up the DagBag from /home/ubuntu/airflow_venv/lib/python3.12/site-packages/airflow/example_dags/example_params_ui_tutorial.py
[2024-11-20T00:54:14.144+0000] {processor.py:925} INFO - DAG(s) 'example_params_ui_tutorial' retrieved from /home/ubuntu/airflow_venv/lib/python3.12/site-packages/airflow/example_dags/example_params_ui_tutorial.py
[2024-11-20T00:54:14.180+0000] {logging_mixin.py:190} INFO - [2024-11-20T00:54:14.180+0000] {dag.py:3239} INFO - Sync 1 DAGs
[2024-11-20T00:54:14.191+0000] {logging_mixin.py:190} INFO - [2024-11-20T00:54:14.191+0000] {dag.py:4180} INFO - Setting next_dagrun for example_params_ui_tutorial to None, run_after=None
[2024-11-20T00:54:14.213+0000] {processor.py:208} INFO - Processing /home/ubuntu/airflow_venv/lib/python3.12/site-packages/airflow/example_dags/example_params_ui_tutorial.py took 0.089 seconds
[2024-11-20T00:55:05.623+0000] {processor.py:186} INFO - Started process (PID=5423) to work on /home/ubuntu/airflow_venv/lib/python3.12/site-packages/airflow/example_dags/example_params_ui_tutorial.py
[2024-11-20T00:55:05.624+0000] {processor.py:914} INFO - Processing file /home/ubuntu/airflow_venv/lib/python3.12/site-packages/airflow/example_dags/example_params_ui_tutorial.py for tasks to queue
[2024-11-20T00:55:05.625+0000] {logging_mixin.py:190} INFO - [2024-11-20T00:55:05.625+0000] {dagbag.py:588} INFO - Filling up the DagBag from /home/ubuntu/airflow_venv/lib/python3.12/site-packages/airflow/example_dags/example_params_ui_tutorial.py
[2024-11-20T00:55:05.635+0000] {processor.py:925} INFO - DAG(s) 'example_params_ui_tutorial' retrieved from /home/ubuntu/airflow_venv/lib/python3.12/site-packages/airflow/example_dags/example_params_ui_tutorial.py
[2024-11-20T00:55:05.674+0000] {logging_mixin.py:190} INFO - [2024-11-20T00:55:05.673+0000] {dag.py:3239} INFO - Sync 1 DAGs
[2024-11-20T00:55:05.686+0000] {logging_mixin.py:190} INFO - [2024-11-20T00:55:05.686+0000] {dag.py:4180} INFO - Setting next_dagrun for example_params_ui_tutorial to None, run_after=None
[2024-11-20T00:55:05.709+0000] {processor.py:208} INFO - Processing /home/ubuntu/airflow_venv/lib/python3.12/site-packages/airflow/example_dags/example_params_ui_tutorial.py took 0.093 seconds
[2024-11-20T00:55:58.173+0000] {processor.py:186} INFO - Started process (PID=5480) to work on /home/ubuntu/airflow_venv/lib/python3.12/site-packages/airflow/example_dags/example_params_ui_tutorial.py
[2024-11-20T00:55:58.174+0000] {processor.py:914} INFO - Processing file /home/ubuntu/airflow_venv/lib/python3.12/site-packages/airflow/example_dags/example_params_ui_tutorial.py for tasks to queue
[2024-11-20T00:55:58.176+0000] {logging_mixin.py:190} INFO - [2024-11-20T00:55:58.175+0000] {dagbag.py:588} INFO - Filling up the DagBag from /home/ubuntu/airflow_venv/lib/python3.12/site-packages/airflow/example_dags/example_params_ui_tutorial.py
[2024-11-20T00:55:58.186+0000] {processor.py:925} INFO - DAG(s) 'example_params_ui_tutorial' retrieved from /home/ubuntu/airflow_venv/lib/python3.12/site-packages/airflow/example_dags/example_params_ui_tutorial.py
[2024-11-20T00:55:58.238+0000] {logging_mixin.py:190} INFO - [2024-11-20T00:55:58.238+0000] {dag.py:3239} INFO - Sync 1 DAGs
[2024-11-20T00:55:58.249+0000] {logging_mixin.py:190} INFO - [2024-11-20T00:55:58.249+0000] {dag.py:4180} INFO - Setting next_dagrun for example_params_ui_tutorial to None, run_after=None
[2024-11-20T00:55:58.271+0000] {processor.py:208} INFO - Processing /home/ubuntu/airflow_venv/lib/python3.12/site-packages/airflow/example_dags/example_params_ui_tutorial.py took 0.105 seconds
[2024-11-20T00:56:52.505+0000] {processor.py:186} INFO - Started process (PID=5537) to work on /home/ubuntu/airflow_venv/lib/python3.12/site-packages/airflow/example_dags/example_params_ui_tutorial.py
[2024-11-20T00:56:52.507+0000] {processor.py:914} INFO - Processing file /home/ubuntu/airflow_venv/lib/python3.12/site-packages/airflow/example_dags/example_params_ui_tutorial.py for tasks to queue
[2024-11-20T00:56:52.509+0000] {logging_mixin.py:190} INFO - [2024-11-20T00:56:52.508+0000] {dagbag.py:588} INFO - Filling up the DagBag from /home/ubuntu/airflow_venv/lib/python3.12/site-packages/airflow/example_dags/example_params_ui_tutorial.py
[2024-11-20T00:56:52.517+0000] {processor.py:925} INFO - DAG(s) 'example_params_ui_tutorial' retrieved from /home/ubuntu/airflow_venv/lib/python3.12/site-packages/airflow/example_dags/example_params_ui_tutorial.py
[2024-11-20T00:56:52.555+0000] {logging_mixin.py:190} INFO - [2024-11-20T00:56:52.555+0000] {dag.py:3239} INFO - Sync 1 DAGs
[2024-11-20T00:56:52.567+0000] {logging_mixin.py:190} INFO - [2024-11-20T00:56:52.567+0000] {dag.py:4180} INFO - Setting next_dagrun for example_params_ui_tutorial to None, run_after=None
[2024-11-20T00:56:52.588+0000] {processor.py:208} INFO - Processing /home/ubuntu/airflow_venv/lib/python3.12/site-packages/airflow/example_dags/example_params_ui_tutorial.py took 0.090 seconds
[2024-11-20T00:57:44.986+0000] {processor.py:186} INFO - Started process (PID=5592) to work on /home/ubuntu/airflow_venv/lib/python3.12/site-packages/airflow/example_dags/example_params_ui_tutorial.py
[2024-11-20T00:57:44.989+0000] {processor.py:914} INFO - Processing file /home/ubuntu/airflow_venv/lib/python3.12/site-packages/airflow/example_dags/example_params_ui_tutorial.py for tasks to queue
[2024-11-20T00:57:44.990+0000] {logging_mixin.py:190} INFO - [2024-11-20T00:57:44.990+0000] {dagbag.py:588} INFO - Filling up the DagBag from /home/ubuntu/airflow_venv/lib/python3.12/site-packages/airflow/example_dags/example_params_ui_tutorial.py
[2024-11-20T00:57:45.000+0000] {processor.py:925} INFO - DAG(s) 'example_params_ui_tutorial' retrieved from /home/ubuntu/airflow_venv/lib/python3.12/site-packages/airflow/example_dags/example_params_ui_tutorial.py
[2024-11-20T00:57:45.038+0000] {logging_mixin.py:190} INFO - [2024-11-20T00:57:45.038+0000] {dag.py:3239} INFO - Sync 1 DAGs
[2024-11-20T00:57:45.049+0000] {logging_mixin.py:190} INFO - [2024-11-20T00:57:45.049+0000] {dag.py:4180} INFO - Setting next_dagrun for example_params_ui_tutorial to None, run_after=None
[2024-11-20T00:57:45.071+0000] {processor.py:208} INFO - Processing /home/ubuntu/airflow_venv/lib/python3.12/site-packages/airflow/example_dags/example_params_ui_tutorial.py took 0.091 seconds
[2024-11-20T00:58:36.599+0000] {processor.py:186} INFO - Started process (PID=5647) to work on /home/ubuntu/airflow_venv/lib/python3.12/site-packages/airflow/example_dags/example_params_ui_tutorial.py
[2024-11-20T00:58:36.600+0000] {processor.py:914} INFO - Processing file /home/ubuntu/airflow_venv/lib/python3.12/site-packages/airflow/example_dags/example_params_ui_tutorial.py for tasks to queue
[2024-11-20T00:58:36.601+0000] {logging_mixin.py:190} INFO - [2024-11-20T00:58:36.601+0000] {dagbag.py:588} INFO - Filling up the DagBag from /home/ubuntu/airflow_venv/lib/python3.12/site-packages/airflow/example_dags/example_params_ui_tutorial.py
[2024-11-20T00:58:36.612+0000] {processor.py:925} INFO - DAG(s) 'example_params_ui_tutorial' retrieved from /home/ubuntu/airflow_venv/lib/python3.12/site-packages/airflow/example_dags/example_params_ui_tutorial.py
[2024-11-20T00:58:36.650+0000] {logging_mixin.py:190} INFO - [2024-11-20T00:58:36.649+0000] {dag.py:3239} INFO - Sync 1 DAGs
[2024-11-20T00:58:36.662+0000] {logging_mixin.py:190} INFO - [2024-11-20T00:58:36.662+0000] {dag.py:4180} INFO - Setting next_dagrun for example_params_ui_tutorial to None, run_after=None
[2024-11-20T00:58:36.686+0000] {processor.py:208} INFO - Processing /home/ubuntu/airflow_venv/lib/python3.12/site-packages/airflow/example_dags/example_params_ui_tutorial.py took 0.093 seconds
[2024-11-20T00:59:29.240+0000] {processor.py:186} INFO - Started process (PID=5705) to work on /home/ubuntu/airflow_venv/lib/python3.12/site-packages/airflow/example_dags/example_params_ui_tutorial.py
[2024-11-20T00:59:29.241+0000] {processor.py:914} INFO - Processing file /home/ubuntu/airflow_venv/lib/python3.12/site-packages/airflow/example_dags/example_params_ui_tutorial.py for tasks to queue
[2024-11-20T00:59:29.243+0000] {logging_mixin.py:190} INFO - [2024-11-20T00:59:29.242+0000] {dagbag.py:588} INFO - Filling up the DagBag from /home/ubuntu/airflow_venv/lib/python3.12/site-packages/airflow/example_dags/example_params_ui_tutorial.py
[2024-11-20T00:59:29.253+0000] {processor.py:925} INFO - DAG(s) 'example_params_ui_tutorial' retrieved from /home/ubuntu/airflow_venv/lib/python3.12/site-packages/airflow/example_dags/example_params_ui_tutorial.py
[2024-11-20T00:59:29.290+0000] {logging_mixin.py:190} INFO - [2024-11-20T00:59:29.290+0000] {dag.py:3239} INFO - Sync 1 DAGs
[2024-11-20T00:59:29.302+0000] {logging_mixin.py:190} INFO - [2024-11-20T00:59:29.302+0000] {dag.py:4180} INFO - Setting next_dagrun for example_params_ui_tutorial to None, run_after=None
[2024-11-20T00:59:29.324+0000] {processor.py:208} INFO - Processing /home/ubuntu/airflow_venv/lib/python3.12/site-packages/airflow/example_dags/example_params_ui_tutorial.py took 0.089 seconds
[2024-11-20T01:00:23.344+0000] {processor.py:186} INFO - Started process (PID=5764) to work on /home/ubuntu/airflow_venv/lib/python3.12/site-packages/airflow/example_dags/example_params_ui_tutorial.py
[2024-11-20T01:00:23.346+0000] {processor.py:914} INFO - Processing file /home/ubuntu/airflow_venv/lib/python3.12/site-packages/airflow/example_dags/example_params_ui_tutorial.py for tasks to queue
[2024-11-20T01:00:23.347+0000] {logging_mixin.py:190} INFO - [2024-11-20T01:00:23.346+0000] {dagbag.py:588} INFO - Filling up the DagBag from /home/ubuntu/airflow_venv/lib/python3.12/site-packages/airflow/example_dags/example_params_ui_tutorial.py
[2024-11-20T01:00:23.356+0000] {processor.py:925} INFO - DAG(s) 'example_params_ui_tutorial' retrieved from /home/ubuntu/airflow_venv/lib/python3.12/site-packages/airflow/example_dags/example_params_ui_tutorial.py
[2024-11-20T01:00:23.405+0000] {logging_mixin.py:190} INFO - [2024-11-20T01:00:23.404+0000] {dag.py:3239} INFO - Sync 1 DAGs
[2024-11-20T01:00:23.417+0000] {logging_mixin.py:190} INFO - [2024-11-20T01:00:23.417+0000] {dag.py:4180} INFO - Setting next_dagrun for example_params_ui_tutorial to None, run_after=None
[2024-11-20T01:00:23.440+0000] {processor.py:208} INFO - Processing /home/ubuntu/airflow_venv/lib/python3.12/site-packages/airflow/example_dags/example_params_ui_tutorial.py took 0.103 seconds
[2024-11-20T01:01:19.137+0000] {processor.py:186} INFO - Started process (PID=5821) to work on /home/ubuntu/airflow_venv/lib/python3.12/site-packages/airflow/example_dags/example_params_ui_tutorial.py
[2024-11-20T01:01:19.138+0000] {processor.py:914} INFO - Processing file /home/ubuntu/airflow_venv/lib/python3.12/site-packages/airflow/example_dags/example_params_ui_tutorial.py for tasks to queue
[2024-11-20T01:01:19.139+0000] {logging_mixin.py:190} INFO - [2024-11-20T01:01:19.139+0000] {dagbag.py:588} INFO - Filling up the DagBag from /home/ubuntu/airflow_venv/lib/python3.12/site-packages/airflow/example_dags/example_params_ui_tutorial.py
[2024-11-20T01:01:19.148+0000] {processor.py:925} INFO - DAG(s) 'example_params_ui_tutorial' retrieved from /home/ubuntu/airflow_venv/lib/python3.12/site-packages/airflow/example_dags/example_params_ui_tutorial.py
[2024-11-20T01:01:19.187+0000] {logging_mixin.py:190} INFO - [2024-11-20T01:01:19.187+0000] {dag.py:3239} INFO - Sync 1 DAGs
[2024-11-20T01:01:19.199+0000] {logging_mixin.py:190} INFO - [2024-11-20T01:01:19.199+0000] {dag.py:4180} INFO - Setting next_dagrun for example_params_ui_tutorial to None, run_after=None
[2024-11-20T01:01:19.222+0000] {processor.py:208} INFO - Processing /home/ubuntu/airflow_venv/lib/python3.12/site-packages/airflow/example_dags/example_params_ui_tutorial.py took 0.093 seconds
[2024-11-20T01:02:34.796+0000] {processor.py:186} INFO - Started process (PID=5903) to work on /home/ubuntu/airflow_venv/lib/python3.12/site-packages/airflow/example_dags/example_params_ui_tutorial.py
[2024-11-20T01:02:34.798+0000] {processor.py:914} INFO - Processing file /home/ubuntu/airflow_venv/lib/python3.12/site-packages/airflow/example_dags/example_params_ui_tutorial.py for tasks to queue
[2024-11-20T01:02:34.800+0000] {logging_mixin.py:190} INFO - [2024-11-20T01:02:34.799+0000] {dagbag.py:588} INFO - Filling up the DagBag from /home/ubuntu/airflow_venv/lib/python3.12/site-packages/airflow/example_dags/example_params_ui_tutorial.py
[2024-11-20T01:02:34.809+0000] {processor.py:925} INFO - DAG(s) 'example_params_ui_tutorial' retrieved from /home/ubuntu/airflow_venv/lib/python3.12/site-packages/airflow/example_dags/example_params_ui_tutorial.py
[2024-11-20T01:02:34.847+0000] {logging_mixin.py:190} INFO - [2024-11-20T01:02:34.847+0000] {dag.py:3239} INFO - Sync 1 DAGs
[2024-11-20T01:02:34.859+0000] {logging_mixin.py:190} INFO - [2024-11-20T01:02:34.859+0000] {dag.py:4180} INFO - Setting next_dagrun for example_params_ui_tutorial to None, run_after=None
[2024-11-20T01:02:34.882+0000] {processor.py:208} INFO - Processing /home/ubuntu/airflow_venv/lib/python3.12/site-packages/airflow/example_dags/example_params_ui_tutorial.py took 0.093 seconds
[2024-11-20T01:03:29.829+0000] {processor.py:186} INFO - Started process (PID=5959) to work on /home/ubuntu/airflow_venv/lib/python3.12/site-packages/airflow/example_dags/example_params_ui_tutorial.py
[2024-11-20T01:03:29.831+0000] {processor.py:914} INFO - Processing file /home/ubuntu/airflow_venv/lib/python3.12/site-packages/airflow/example_dags/example_params_ui_tutorial.py for tasks to queue
[2024-11-20T01:03:29.832+0000] {logging_mixin.py:190} INFO - [2024-11-20T01:03:29.831+0000] {dagbag.py:588} INFO - Filling up the DagBag from /home/ubuntu/airflow_venv/lib/python3.12/site-packages/airflow/example_dags/example_params_ui_tutorial.py
[2024-11-20T01:03:29.841+0000] {processor.py:925} INFO - DAG(s) 'example_params_ui_tutorial' retrieved from /home/ubuntu/airflow_venv/lib/python3.12/site-packages/airflow/example_dags/example_params_ui_tutorial.py
[2024-11-20T01:03:29.878+0000] {logging_mixin.py:190} INFO - [2024-11-20T01:03:29.878+0000] {dag.py:3239} INFO - Sync 1 DAGs
[2024-11-20T01:03:29.891+0000] {logging_mixin.py:190} INFO - [2024-11-20T01:03:29.891+0000] {dag.py:4180} INFO - Setting next_dagrun for example_params_ui_tutorial to None, run_after=None
[2024-11-20T01:03:29.915+0000] {processor.py:208} INFO - Processing /home/ubuntu/airflow_venv/lib/python3.12/site-packages/airflow/example_dags/example_params_ui_tutorial.py took 0.093 seconds
[2024-11-20T01:04:26.255+0000] {processor.py:186} INFO - Started process (PID=6018) to work on /home/ubuntu/airflow_venv/lib/python3.12/site-packages/airflow/example_dags/example_params_ui_tutorial.py
[2024-11-20T01:04:26.256+0000] {processor.py:914} INFO - Processing file /home/ubuntu/airflow_venv/lib/python3.12/site-packages/airflow/example_dags/example_params_ui_tutorial.py for tasks to queue
[2024-11-20T01:04:26.258+0000] {logging_mixin.py:190} INFO - [2024-11-20T01:04:26.257+0000] {dagbag.py:588} INFO - Filling up the DagBag from /home/ubuntu/airflow_venv/lib/python3.12/site-packages/airflow/example_dags/example_params_ui_tutorial.py
[2024-11-20T01:04:26.267+0000] {processor.py:925} INFO - DAG(s) 'example_params_ui_tutorial' retrieved from /home/ubuntu/airflow_venv/lib/python3.12/site-packages/airflow/example_dags/example_params_ui_tutorial.py
[2024-11-20T01:04:26.306+0000] {logging_mixin.py:190} INFO - [2024-11-20T01:04:26.306+0000] {dag.py:3239} INFO - Sync 1 DAGs
[2024-11-20T01:04:26.319+0000] {logging_mixin.py:190} INFO - [2024-11-20T01:04:26.319+0000] {dag.py:4180} INFO - Setting next_dagrun for example_params_ui_tutorial to None, run_after=None
[2024-11-20T01:04:26.343+0000] {processor.py:208} INFO - Processing /home/ubuntu/airflow_venv/lib/python3.12/site-packages/airflow/example_dags/example_params_ui_tutorial.py took 0.095 seconds
[2024-11-20T01:05:21.348+0000] {processor.py:186} INFO - Started process (PID=6078) to work on /home/ubuntu/airflow_venv/lib/python3.12/site-packages/airflow/example_dags/example_params_ui_tutorial.py
[2024-11-20T01:05:21.349+0000] {processor.py:914} INFO - Processing file /home/ubuntu/airflow_venv/lib/python3.12/site-packages/airflow/example_dags/example_params_ui_tutorial.py for tasks to queue
[2024-11-20T01:05:21.351+0000] {logging_mixin.py:190} INFO - [2024-11-20T01:05:21.350+0000] {dagbag.py:588} INFO - Filling up the DagBag from /home/ubuntu/airflow_venv/lib/python3.12/site-packages/airflow/example_dags/example_params_ui_tutorial.py
[2024-11-20T01:05:21.359+0000] {processor.py:925} INFO - DAG(s) 'example_params_ui_tutorial' retrieved from /home/ubuntu/airflow_venv/lib/python3.12/site-packages/airflow/example_dags/example_params_ui_tutorial.py
[2024-11-20T01:05:21.397+0000] {logging_mixin.py:190} INFO - [2024-11-20T01:05:21.397+0000] {dag.py:3239} INFO - Sync 1 DAGs
[2024-11-20T01:05:21.410+0000] {logging_mixin.py:190} INFO - [2024-11-20T01:05:21.410+0000] {dag.py:4180} INFO - Setting next_dagrun for example_params_ui_tutorial to None, run_after=None
[2024-11-20T01:05:21.434+0000] {processor.py:208} INFO - Processing /home/ubuntu/airflow_venv/lib/python3.12/site-packages/airflow/example_dags/example_params_ui_tutorial.py took 0.092 seconds
[2024-11-20T01:06:14.953+0000] {processor.py:186} INFO - Started process (PID=6133) to work on /home/ubuntu/airflow_venv/lib/python3.12/site-packages/airflow/example_dags/example_params_ui_tutorial.py
[2024-11-20T01:06:14.954+0000] {processor.py:914} INFO - Processing file /home/ubuntu/airflow_venv/lib/python3.12/site-packages/airflow/example_dags/example_params_ui_tutorial.py for tasks to queue
[2024-11-20T01:06:14.955+0000] {logging_mixin.py:190} INFO - [2024-11-20T01:06:14.955+0000] {dagbag.py:588} INFO - Filling up the DagBag from /home/ubuntu/airflow_venv/lib/python3.12/site-packages/airflow/example_dags/example_params_ui_tutorial.py
[2024-11-20T01:06:14.965+0000] {processor.py:925} INFO - DAG(s) 'example_params_ui_tutorial' retrieved from /home/ubuntu/airflow_venv/lib/python3.12/site-packages/airflow/example_dags/example_params_ui_tutorial.py
[2024-11-20T01:06:15.002+0000] {logging_mixin.py:190} INFO - [2024-11-20T01:06:15.002+0000] {dag.py:3239} INFO - Sync 1 DAGs
[2024-11-20T01:06:15.015+0000] {logging_mixin.py:190} INFO - [2024-11-20T01:06:15.015+0000] {dag.py:4180} INFO - Setting next_dagrun for example_params_ui_tutorial to None, run_after=None
[2024-11-20T01:06:15.038+0000] {processor.py:208} INFO - Processing /home/ubuntu/airflow_venv/lib/python3.12/site-packages/airflow/example_dags/example_params_ui_tutorial.py took 0.092 seconds
[2024-11-20T01:07:07.967+0000] {processor.py:186} INFO - Started process (PID=6187) to work on /home/ubuntu/airflow_venv/lib/python3.12/site-packages/airflow/example_dags/example_params_ui_tutorial.py
[2024-11-20T01:07:07.969+0000] {processor.py:914} INFO - Processing file /home/ubuntu/airflow_venv/lib/python3.12/site-packages/airflow/example_dags/example_params_ui_tutorial.py for tasks to queue
[2024-11-20T01:07:07.970+0000] {logging_mixin.py:190} INFO - [2024-11-20T01:07:07.969+0000] {dagbag.py:588} INFO - Filling up the DagBag from /home/ubuntu/airflow_venv/lib/python3.12/site-packages/airflow/example_dags/example_params_ui_tutorial.py
[2024-11-20T01:07:07.980+0000] {processor.py:925} INFO - DAG(s) 'example_params_ui_tutorial' retrieved from /home/ubuntu/airflow_venv/lib/python3.12/site-packages/airflow/example_dags/example_params_ui_tutorial.py
[2024-11-20T01:07:08.018+0000] {logging_mixin.py:190} INFO - [2024-11-20T01:07:08.017+0000] {dag.py:3239} INFO - Sync 1 DAGs
[2024-11-20T01:07:08.030+0000] {logging_mixin.py:190} INFO - [2024-11-20T01:07:08.029+0000] {dag.py:4180} INFO - Setting next_dagrun for example_params_ui_tutorial to None, run_after=None
[2024-11-20T01:07:08.054+0000] {processor.py:208} INFO - Processing /home/ubuntu/airflow_venv/lib/python3.12/site-packages/airflow/example_dags/example_params_ui_tutorial.py took 0.094 seconds
[2024-11-20T01:08:00.660+0000] {processor.py:186} INFO - Started process (PID=6243) to work on /home/ubuntu/airflow_venv/lib/python3.12/site-packages/airflow/example_dags/example_params_ui_tutorial.py
[2024-11-20T01:08:00.661+0000] {processor.py:914} INFO - Processing file /home/ubuntu/airflow_venv/lib/python3.12/site-packages/airflow/example_dags/example_params_ui_tutorial.py for tasks to queue
[2024-11-20T01:08:00.662+0000] {logging_mixin.py:190} INFO - [2024-11-20T01:08:00.662+0000] {dagbag.py:588} INFO - Filling up the DagBag from /home/ubuntu/airflow_venv/lib/python3.12/site-packages/airflow/example_dags/example_params_ui_tutorial.py
[2024-11-20T01:08:00.673+0000] {processor.py:925} INFO - DAG(s) 'example_params_ui_tutorial' retrieved from /home/ubuntu/airflow_venv/lib/python3.12/site-packages/airflow/example_dags/example_params_ui_tutorial.py
[2024-11-20T01:08:00.711+0000] {logging_mixin.py:190} INFO - [2024-11-20T01:08:00.711+0000] {dag.py:3239} INFO - Sync 1 DAGs
[2024-11-20T01:08:00.723+0000] {logging_mixin.py:190} INFO - [2024-11-20T01:08:00.723+0000] {dag.py:4180} INFO - Setting next_dagrun for example_params_ui_tutorial to None, run_after=None
[2024-11-20T01:08:00.744+0000] {processor.py:208} INFO - Processing /home/ubuntu/airflow_venv/lib/python3.12/site-packages/airflow/example_dags/example_params_ui_tutorial.py took 0.091 seconds
[2024-11-20T01:08:55.693+0000] {processor.py:186} INFO - Started process (PID=6297) to work on /home/ubuntu/airflow_venv/lib/python3.12/site-packages/airflow/example_dags/example_params_ui_tutorial.py
[2024-11-20T01:08:55.695+0000] {processor.py:914} INFO - Processing file /home/ubuntu/airflow_venv/lib/python3.12/site-packages/airflow/example_dags/example_params_ui_tutorial.py for tasks to queue
[2024-11-20T01:08:55.696+0000] {logging_mixin.py:190} INFO - [2024-11-20T01:08:55.696+0000] {dagbag.py:588} INFO - Filling up the DagBag from /home/ubuntu/airflow_venv/lib/python3.12/site-packages/airflow/example_dags/example_params_ui_tutorial.py
[2024-11-20T01:08:55.705+0000] {processor.py:925} INFO - DAG(s) 'example_params_ui_tutorial' retrieved from /home/ubuntu/airflow_venv/lib/python3.12/site-packages/airflow/example_dags/example_params_ui_tutorial.py
[2024-11-20T01:08:55.743+0000] {logging_mixin.py:190} INFO - [2024-11-20T01:08:55.743+0000] {dag.py:3239} INFO - Sync 1 DAGs
[2024-11-20T01:08:55.754+0000] {logging_mixin.py:190} INFO - [2024-11-20T01:08:55.754+0000] {dag.py:4180} INFO - Setting next_dagrun for example_params_ui_tutorial to None, run_after=None
[2024-11-20T01:08:55.777+0000] {processor.py:208} INFO - Processing /home/ubuntu/airflow_venv/lib/python3.12/site-packages/airflow/example_dags/example_params_ui_tutorial.py took 0.090 seconds
[2024-11-20T01:09:53.776+0000] {processor.py:186} INFO - Started process (PID=6355) to work on /home/ubuntu/airflow_venv/lib/python3.12/site-packages/airflow/example_dags/example_params_ui_tutorial.py
[2024-11-20T01:09:53.777+0000] {processor.py:914} INFO - Processing file /home/ubuntu/airflow_venv/lib/python3.12/site-packages/airflow/example_dags/example_params_ui_tutorial.py for tasks to queue
[2024-11-20T01:09:53.778+0000] {logging_mixin.py:190} INFO - [2024-11-20T01:09:53.778+0000] {dagbag.py:588} INFO - Filling up the DagBag from /home/ubuntu/airflow_venv/lib/python3.12/site-packages/airflow/example_dags/example_params_ui_tutorial.py
[2024-11-20T01:09:53.787+0000] {processor.py:925} INFO - DAG(s) 'example_params_ui_tutorial' retrieved from /home/ubuntu/airflow_venv/lib/python3.12/site-packages/airflow/example_dags/example_params_ui_tutorial.py
[2024-11-20T01:09:53.826+0000] {logging_mixin.py:190} INFO - [2024-11-20T01:09:53.826+0000] {dag.py:3239} INFO - Sync 1 DAGs
[2024-11-20T01:09:53.839+0000] {logging_mixin.py:190} INFO - [2024-11-20T01:09:53.839+0000] {dag.py:4180} INFO - Setting next_dagrun for example_params_ui_tutorial to None, run_after=None
[2024-11-20T01:09:53.866+0000] {processor.py:208} INFO - Processing /home/ubuntu/airflow_venv/lib/python3.12/site-packages/airflow/example_dags/example_params_ui_tutorial.py took 0.097 seconds
[2024-11-20T01:10:50.362+0000] {processor.py:186} INFO - Started process (PID=6419) to work on /home/ubuntu/airflow_venv/lib/python3.12/site-packages/airflow/example_dags/example_params_ui_tutorial.py
[2024-11-20T01:10:50.363+0000] {processor.py:914} INFO - Processing file /home/ubuntu/airflow_venv/lib/python3.12/site-packages/airflow/example_dags/example_params_ui_tutorial.py for tasks to queue
[2024-11-20T01:10:50.365+0000] {logging_mixin.py:190} INFO - [2024-11-20T01:10:50.365+0000] {dagbag.py:588} INFO - Filling up the DagBag from /home/ubuntu/airflow_venv/lib/python3.12/site-packages/airflow/example_dags/example_params_ui_tutorial.py
[2024-11-20T01:10:50.374+0000] {processor.py:925} INFO - DAG(s) 'example_params_ui_tutorial' retrieved from /home/ubuntu/airflow_venv/lib/python3.12/site-packages/airflow/example_dags/example_params_ui_tutorial.py
[2024-11-20T01:10:50.412+0000] {logging_mixin.py:190} INFO - [2024-11-20T01:10:50.412+0000] {dag.py:3239} INFO - Sync 1 DAGs
[2024-11-20T01:10:50.424+0000] {logging_mixin.py:190} INFO - [2024-11-20T01:10:50.424+0000] {dag.py:4180} INFO - Setting next_dagrun for example_params_ui_tutorial to None, run_after=None
[2024-11-20T01:10:50.448+0000] {processor.py:208} INFO - Processing /home/ubuntu/airflow_venv/lib/python3.12/site-packages/airflow/example_dags/example_params_ui_tutorial.py took 0.092 seconds
[2024-11-20T01:11:44.283+0000] {processor.py:186} INFO - Started process (PID=6474) to work on /home/ubuntu/airflow_venv/lib/python3.12/site-packages/airflow/example_dags/example_params_ui_tutorial.py
[2024-11-20T01:11:44.285+0000] {processor.py:914} INFO - Processing file /home/ubuntu/airflow_venv/lib/python3.12/site-packages/airflow/example_dags/example_params_ui_tutorial.py for tasks to queue
[2024-11-20T01:11:44.286+0000] {logging_mixin.py:190} INFO - [2024-11-20T01:11:44.285+0000] {dagbag.py:588} INFO - Filling up the DagBag from /home/ubuntu/airflow_venv/lib/python3.12/site-packages/airflow/example_dags/example_params_ui_tutorial.py
[2024-11-20T01:11:44.296+0000] {processor.py:925} INFO - DAG(s) 'example_params_ui_tutorial' retrieved from /home/ubuntu/airflow_venv/lib/python3.12/site-packages/airflow/example_dags/example_params_ui_tutorial.py
[2024-11-20T01:11:44.332+0000] {logging_mixin.py:190} INFO - [2024-11-20T01:11:44.332+0000] {dag.py:3239} INFO - Sync 1 DAGs
[2024-11-20T01:11:44.345+0000] {logging_mixin.py:190} INFO - [2024-11-20T01:11:44.345+0000] {dag.py:4180} INFO - Setting next_dagrun for example_params_ui_tutorial to None, run_after=None
[2024-11-20T01:11:44.367+0000] {processor.py:208} INFO - Processing /home/ubuntu/airflow_venv/lib/python3.12/site-packages/airflow/example_dags/example_params_ui_tutorial.py took 0.091 seconds
[2024-11-20T01:12:37.975+0000] {processor.py:186} INFO - Started process (PID=6529) to work on /home/ubuntu/airflow_venv/lib/python3.12/site-packages/airflow/example_dags/example_params_ui_tutorial.py
[2024-11-20T01:12:37.976+0000] {processor.py:914} INFO - Processing file /home/ubuntu/airflow_venv/lib/python3.12/site-packages/airflow/example_dags/example_params_ui_tutorial.py for tasks to queue
[2024-11-20T01:12:37.977+0000] {logging_mixin.py:190} INFO - [2024-11-20T01:12:37.977+0000] {dagbag.py:588} INFO - Filling up the DagBag from /home/ubuntu/airflow_venv/lib/python3.12/site-packages/airflow/example_dags/example_params_ui_tutorial.py
[2024-11-20T01:12:37.987+0000] {processor.py:925} INFO - DAG(s) 'example_params_ui_tutorial' retrieved from /home/ubuntu/airflow_venv/lib/python3.12/site-packages/airflow/example_dags/example_params_ui_tutorial.py
[2024-11-20T01:12:38.025+0000] {logging_mixin.py:190} INFO - [2024-11-20T01:12:38.025+0000] {dag.py:3239} INFO - Sync 1 DAGs
[2024-11-20T01:12:38.037+0000] {logging_mixin.py:190} INFO - [2024-11-20T01:12:38.037+0000] {dag.py:4180} INFO - Setting next_dagrun for example_params_ui_tutorial to None, run_after=None
[2024-11-20T01:12:38.060+0000] {processor.py:208} INFO - Processing /home/ubuntu/airflow_venv/lib/python3.12/site-packages/airflow/example_dags/example_params_ui_tutorial.py took 0.093 seconds
