[2024-11-20T00:16:46.905+0000] {processor.py:186} INFO - Started process (PID=2066) to work on /home/ubuntu/airflow_venv/lib/python3.12/site-packages/airflow/example_dags/example_inlet_event_extra.py
[2024-11-20T00:16:46.905+0000] {processor.py:914} INFO - Processing file /home/ubuntu/airflow_venv/lib/python3.12/site-packages/airflow/example_dags/example_inlet_event_extra.py for tasks to queue
[2024-11-20T00:16:46.908+0000] {logging_mixin.py:190} INFO - [2024-11-20T00:16:46.908+0000] {dagbag.py:588} INFO - Filling up the DagBag from /home/ubuntu/airflow_venv/lib/python3.12/site-packages/airflow/example_dags/example_inlet_event_extra.py
[2024-11-20T00:16:46.920+0000] {processor.py:925} INFO - DAG(s) 'read_dataset_event', 'read_dataset_event_from_classic' retrieved from /home/ubuntu/airflow_venv/lib/python3.12/site-packages/airflow/example_dags/example_inlet_event_extra.py
[2024-11-20T00:16:46.936+0000] {logging_mixin.py:190} INFO - [2024-11-20T00:16:46.936+0000] {dag.py:3239} INFO - Sync 2 DAGs
[2024-11-20T00:16:46.955+0000] {logging_mixin.py:190} INFO - [2024-11-20T00:16:46.955+0000] {dag.py:4180} INFO - Setting next_dagrun for read_dataset_event to 2024-11-19 00:00:00+00:00, run_after=2024-11-20 00:00:00+00:00
[2024-11-20T00:16:46.959+0000] {logging_mixin.py:190} INFO - [2024-11-20T00:16:46.959+0000] {dag.py:4180} INFO - Setting next_dagrun for read_dataset_event_from_classic to 2024-11-19 00:00:00+00:00, run_after=2024-11-20 00:00:00+00:00
[2024-11-20T00:16:46.979+0000] {processor.py:208} INFO - Processing /home/ubuntu/airflow_venv/lib/python3.12/site-packages/airflow/example_dags/example_inlet_event_extra.py took 0.080 seconds
[2024-11-20T00:17:46.311+0000] {processor.py:186} INFO - Started process (PID=2131) to work on /home/ubuntu/airflow_venv/lib/python3.12/site-packages/airflow/example_dags/example_inlet_event_extra.py
[2024-11-20T00:17:46.312+0000] {processor.py:914} INFO - Processing file /home/ubuntu/airflow_venv/lib/python3.12/site-packages/airflow/example_dags/example_inlet_event_extra.py for tasks to queue
[2024-11-20T00:17:46.314+0000] {logging_mixin.py:190} INFO - [2024-11-20T00:17:46.313+0000] {dagbag.py:588} INFO - Filling up the DagBag from /home/ubuntu/airflow_venv/lib/python3.12/site-packages/airflow/example_dags/example_inlet_event_extra.py
[2024-11-20T00:17:46.328+0000] {processor.py:925} INFO - DAG(s) 'read_dataset_event_from_classic', 'read_dataset_event' retrieved from /home/ubuntu/airflow_venv/lib/python3.12/site-packages/airflow/example_dags/example_inlet_event_extra.py
[2024-11-20T00:17:46.345+0000] {logging_mixin.py:190} INFO - [2024-11-20T00:17:46.345+0000] {dag.py:3239} INFO - Sync 2 DAGs
[2024-11-20T00:17:46.364+0000] {logging_mixin.py:190} INFO - [2024-11-20T00:17:46.364+0000] {dag.py:4180} INFO - Setting next_dagrun for read_dataset_event to 2024-11-19 00:00:00+00:00, run_after=2024-11-20 00:00:00+00:00
[2024-11-20T00:17:46.370+0000] {logging_mixin.py:190} INFO - [2024-11-20T00:17:46.368+0000] {dag.py:4180} INFO - Setting next_dagrun for read_dataset_event_from_classic to 2024-11-19 00:00:00+00:00, run_after=2024-11-20 00:00:00+00:00
[2024-11-20T00:17:46.390+0000] {processor.py:208} INFO - Processing /home/ubuntu/airflow_venv/lib/python3.12/site-packages/airflow/example_dags/example_inlet_event_extra.py took 0.085 seconds
[2024-11-20T00:18:40.916+0000] {processor.py:186} INFO - Started process (PID=2189) to work on /home/ubuntu/airflow_venv/lib/python3.12/site-packages/airflow/example_dags/example_inlet_event_extra.py
[2024-11-20T00:18:40.917+0000] {processor.py:914} INFO - Processing file /home/ubuntu/airflow_venv/lib/python3.12/site-packages/airflow/example_dags/example_inlet_event_extra.py for tasks to queue
[2024-11-20T00:18:40.919+0000] {logging_mixin.py:190} INFO - [2024-11-20T00:18:40.919+0000] {dagbag.py:588} INFO - Filling up the DagBag from /home/ubuntu/airflow_venv/lib/python3.12/site-packages/airflow/example_dags/example_inlet_event_extra.py
[2024-11-20T00:18:40.932+0000] {processor.py:925} INFO - DAG(s) 'read_dataset_event', 'read_dataset_event_from_classic' retrieved from /home/ubuntu/airflow_venv/lib/python3.12/site-packages/airflow/example_dags/example_inlet_event_extra.py
[2024-11-20T00:18:40.948+0000] {logging_mixin.py:190} INFO - [2024-11-20T00:18:40.948+0000] {dag.py:3239} INFO - Sync 2 DAGs
[2024-11-20T00:18:40.967+0000] {logging_mixin.py:190} INFO - [2024-11-20T00:18:40.967+0000] {dag.py:4180} INFO - Setting next_dagrun for read_dataset_event to 2024-11-19 00:00:00+00:00, run_after=2024-11-20 00:00:00+00:00
[2024-11-20T00:18:40.972+0000] {logging_mixin.py:190} INFO - [2024-11-20T00:18:40.972+0000] {dag.py:4180} INFO - Setting next_dagrun for read_dataset_event_from_classic to 2024-11-19 00:00:00+00:00, run_after=2024-11-20 00:00:00+00:00
[2024-11-20T00:18:40.990+0000] {processor.py:208} INFO - Processing /home/ubuntu/airflow_venv/lib/python3.12/site-packages/airflow/example_dags/example_inlet_event_extra.py took 0.081 seconds
[2024-11-20T00:19:36.645+0000] {processor.py:186} INFO - Started process (PID=2248) to work on /home/ubuntu/airflow_venv/lib/python3.12/site-packages/airflow/example_dags/example_inlet_event_extra.py
[2024-11-20T00:19:36.646+0000] {processor.py:914} INFO - Processing file /home/ubuntu/airflow_venv/lib/python3.12/site-packages/airflow/example_dags/example_inlet_event_extra.py for tasks to queue
[2024-11-20T00:19:36.648+0000] {logging_mixin.py:190} INFO - [2024-11-20T00:19:36.648+0000] {dagbag.py:588} INFO - Filling up the DagBag from /home/ubuntu/airflow_venv/lib/python3.12/site-packages/airflow/example_dags/example_inlet_event_extra.py
[2024-11-20T00:19:36.661+0000] {processor.py:925} INFO - DAG(s) 'read_dataset_event_from_classic', 'read_dataset_event' retrieved from /home/ubuntu/airflow_venv/lib/python3.12/site-packages/airflow/example_dags/example_inlet_event_extra.py
[2024-11-20T00:19:36.677+0000] {logging_mixin.py:190} INFO - [2024-11-20T00:19:36.677+0000] {dag.py:3239} INFO - Sync 2 DAGs
[2024-11-20T00:19:36.696+0000] {logging_mixin.py:190} INFO - [2024-11-20T00:19:36.695+0000] {dag.py:4180} INFO - Setting next_dagrun for read_dataset_event to 2024-11-19 00:00:00+00:00, run_after=2024-11-20 00:00:00+00:00
[2024-11-20T00:19:36.700+0000] {logging_mixin.py:190} INFO - [2024-11-20T00:19:36.700+0000] {dag.py:4180} INFO - Setting next_dagrun for read_dataset_event_from_classic to 2024-11-19 00:00:00+00:00, run_after=2024-11-20 00:00:00+00:00
[2024-11-20T00:19:36.720+0000] {processor.py:208} INFO - Processing /home/ubuntu/airflow_venv/lib/python3.12/site-packages/airflow/example_dags/example_inlet_event_extra.py took 0.081 seconds
[2024-11-20T00:20:30.599+0000] {processor.py:186} INFO - Started process (PID=2306) to work on /home/ubuntu/airflow_venv/lib/python3.12/site-packages/airflow/example_dags/example_inlet_event_extra.py
[2024-11-20T00:20:30.601+0000] {processor.py:914} INFO - Processing file /home/ubuntu/airflow_venv/lib/python3.12/site-packages/airflow/example_dags/example_inlet_event_extra.py for tasks to queue
[2024-11-20T00:20:30.603+0000] {logging_mixin.py:190} INFO - [2024-11-20T00:20:30.603+0000] {dagbag.py:588} INFO - Filling up the DagBag from /home/ubuntu/airflow_venv/lib/python3.12/site-packages/airflow/example_dags/example_inlet_event_extra.py
[2024-11-20T00:20:30.616+0000] {processor.py:925} INFO - DAG(s) 'read_dataset_event', 'read_dataset_event_from_classic' retrieved from /home/ubuntu/airflow_venv/lib/python3.12/site-packages/airflow/example_dags/example_inlet_event_extra.py
[2024-11-20T00:20:30.632+0000] {logging_mixin.py:190} INFO - [2024-11-20T00:20:30.632+0000] {dag.py:3239} INFO - Sync 2 DAGs
[2024-11-20T00:20:30.651+0000] {logging_mixin.py:190} INFO - [2024-11-20T00:20:30.651+0000] {dag.py:4180} INFO - Setting next_dagrun for read_dataset_event to 2024-11-19 00:00:00+00:00, run_after=2024-11-20 00:00:00+00:00
[2024-11-20T00:20:30.655+0000] {logging_mixin.py:190} INFO - [2024-11-20T00:20:30.655+0000] {dag.py:4180} INFO - Setting next_dagrun for read_dataset_event_from_classic to 2024-11-19 00:00:00+00:00, run_after=2024-11-20 00:00:00+00:00
[2024-11-20T00:20:30.675+0000] {processor.py:208} INFO - Processing /home/ubuntu/airflow_venv/lib/python3.12/site-packages/airflow/example_dags/example_inlet_event_extra.py took 0.080 seconds
[2024-11-20T00:21:27.400+0000] {processor.py:186} INFO - Started process (PID=2361) to work on /home/ubuntu/airflow_venv/lib/python3.12/site-packages/airflow/example_dags/example_inlet_event_extra.py
[2024-11-20T00:21:27.401+0000] {processor.py:914} INFO - Processing file /home/ubuntu/airflow_venv/lib/python3.12/site-packages/airflow/example_dags/example_inlet_event_extra.py for tasks to queue
[2024-11-20T00:21:27.403+0000] {logging_mixin.py:190} INFO - [2024-11-20T00:21:27.403+0000] {dagbag.py:588} INFO - Filling up the DagBag from /home/ubuntu/airflow_venv/lib/python3.12/site-packages/airflow/example_dags/example_inlet_event_extra.py
[2024-11-20T00:21:27.416+0000] {processor.py:925} INFO - DAG(s) 'read_dataset_event', 'read_dataset_event_from_classic' retrieved from /home/ubuntu/airflow_venv/lib/python3.12/site-packages/airflow/example_dags/example_inlet_event_extra.py
[2024-11-20T00:21:27.550+0000] {logging_mixin.py:190} INFO - [2024-11-20T00:21:27.550+0000] {dag.py:3239} INFO - Sync 2 DAGs
[2024-11-20T00:21:27.584+0000] {logging_mixin.py:190} INFO - [2024-11-20T00:21:27.584+0000] {dag.py:4180} INFO - Setting next_dagrun for read_dataset_event to 2024-11-19 00:00:00+00:00, run_after=2024-11-20 00:00:00+00:00
[2024-11-20T00:21:27.589+0000] {logging_mixin.py:190} INFO - [2024-11-20T00:21:27.589+0000] {dag.py:4180} INFO - Setting next_dagrun for read_dataset_event_from_classic to 2024-11-19 00:00:00+00:00, run_after=2024-11-20 00:00:00+00:00
[2024-11-20T00:21:27.608+0000] {processor.py:208} INFO - Processing /home/ubuntu/airflow_venv/lib/python3.12/site-packages/airflow/example_dags/example_inlet_event_extra.py took 0.214 seconds
[2024-11-20T00:22:26.910+0000] {processor.py:186} INFO - Started process (PID=2425) to work on /home/ubuntu/airflow_venv/lib/python3.12/site-packages/airflow/example_dags/example_inlet_event_extra.py
[2024-11-20T00:22:26.912+0000] {processor.py:914} INFO - Processing file /home/ubuntu/airflow_venv/lib/python3.12/site-packages/airflow/example_dags/example_inlet_event_extra.py for tasks to queue
[2024-11-20T00:22:26.914+0000] {logging_mixin.py:190} INFO - [2024-11-20T00:22:26.914+0000] {dagbag.py:588} INFO - Filling up the DagBag from /home/ubuntu/airflow_venv/lib/python3.12/site-packages/airflow/example_dags/example_inlet_event_extra.py
[2024-11-20T00:22:26.926+0000] {processor.py:925} INFO - DAG(s) 'read_dataset_event_from_classic', 'read_dataset_event' retrieved from /home/ubuntu/airflow_venv/lib/python3.12/site-packages/airflow/example_dags/example_inlet_event_extra.py
[2024-11-20T00:22:26.947+0000] {logging_mixin.py:190} INFO - [2024-11-20T00:22:26.947+0000] {dag.py:3239} INFO - Sync 2 DAGs
[2024-11-20T00:22:26.970+0000] {logging_mixin.py:190} INFO - [2024-11-20T00:22:26.969+0000] {dag.py:4180} INFO - Setting next_dagrun for read_dataset_event to 2024-11-19 00:00:00+00:00, run_after=2024-11-20 00:00:00+00:00
[2024-11-20T00:22:26.974+0000] {logging_mixin.py:190} INFO - [2024-11-20T00:22:26.974+0000] {dag.py:4180} INFO - Setting next_dagrun for read_dataset_event_from_classic to 2024-11-19 00:00:00+00:00, run_after=2024-11-20 00:00:00+00:00
[2024-11-20T00:22:26.994+0000] {processor.py:208} INFO - Processing /home/ubuntu/airflow_venv/lib/python3.12/site-packages/airflow/example_dags/example_inlet_event_extra.py took 0.089 seconds
[2024-11-20T00:23:22.425+0000] {processor.py:186} INFO - Started process (PID=2481) to work on /home/ubuntu/airflow_venv/lib/python3.12/site-packages/airflow/example_dags/example_inlet_event_extra.py
[2024-11-20T00:23:22.428+0000] {processor.py:914} INFO - Processing file /home/ubuntu/airflow_venv/lib/python3.12/site-packages/airflow/example_dags/example_inlet_event_extra.py for tasks to queue
[2024-11-20T00:23:22.429+0000] {logging_mixin.py:190} INFO - [2024-11-20T00:23:22.429+0000] {dagbag.py:588} INFO - Filling up the DagBag from /home/ubuntu/airflow_venv/lib/python3.12/site-packages/airflow/example_dags/example_inlet_event_extra.py
[2024-11-20T00:23:22.443+0000] {processor.py:925} INFO - DAG(s) 'read_dataset_event_from_classic', 'read_dataset_event' retrieved from /home/ubuntu/airflow_venv/lib/python3.12/site-packages/airflow/example_dags/example_inlet_event_extra.py
[2024-11-20T00:23:22.459+0000] {logging_mixin.py:190} INFO - [2024-11-20T00:23:22.459+0000] {dag.py:3239} INFO - Sync 2 DAGs
[2024-11-20T00:23:22.479+0000] {logging_mixin.py:190} INFO - [2024-11-20T00:23:22.478+0000] {dag.py:4180} INFO - Setting next_dagrun for read_dataset_event to 2024-11-19 00:00:00+00:00, run_after=2024-11-20 00:00:00+00:00
[2024-11-20T00:23:22.483+0000] {logging_mixin.py:190} INFO - [2024-11-20T00:23:22.483+0000] {dag.py:4180} INFO - Setting next_dagrun for read_dataset_event_from_classic to 2024-11-19 00:00:00+00:00, run_after=2024-11-20 00:00:00+00:00
[2024-11-20T00:23:22.504+0000] {processor.py:208} INFO - Processing /home/ubuntu/airflow_venv/lib/python3.12/site-packages/airflow/example_dags/example_inlet_event_extra.py took 0.084 seconds
[2024-11-20T00:24:18.001+0000] {processor.py:186} INFO - Started process (PID=2538) to work on /home/ubuntu/airflow_venv/lib/python3.12/site-packages/airflow/example_dags/example_inlet_event_extra.py
[2024-11-20T00:24:18.003+0000] {processor.py:914} INFO - Processing file /home/ubuntu/airflow_venv/lib/python3.12/site-packages/airflow/example_dags/example_inlet_event_extra.py for tasks to queue
[2024-11-20T00:24:18.005+0000] {logging_mixin.py:190} INFO - [2024-11-20T00:24:18.005+0000] {dagbag.py:588} INFO - Filling up the DagBag from /home/ubuntu/airflow_venv/lib/python3.12/site-packages/airflow/example_dags/example_inlet_event_extra.py
[2024-11-20T00:24:18.018+0000] {processor.py:925} INFO - DAG(s) 'read_dataset_event_from_classic', 'read_dataset_event' retrieved from /home/ubuntu/airflow_venv/lib/python3.12/site-packages/airflow/example_dags/example_inlet_event_extra.py
[2024-11-20T00:24:18.034+0000] {logging_mixin.py:190} INFO - [2024-11-20T00:24:18.033+0000] {dag.py:3239} INFO - Sync 2 DAGs
[2024-11-20T00:24:18.054+0000] {logging_mixin.py:190} INFO - [2024-11-20T00:24:18.054+0000] {dag.py:4180} INFO - Setting next_dagrun for read_dataset_event to 2024-11-19 00:00:00+00:00, run_after=2024-11-20 00:00:00+00:00
[2024-11-20T00:24:18.058+0000] {logging_mixin.py:190} INFO - [2024-11-20T00:24:18.057+0000] {dag.py:4180} INFO - Setting next_dagrun for read_dataset_event_from_classic to 2024-11-19 00:00:00+00:00, run_after=2024-11-20 00:00:00+00:00
[2024-11-20T00:24:18.080+0000] {processor.py:208} INFO - Processing /home/ubuntu/airflow_venv/lib/python3.12/site-packages/airflow/example_dags/example_inlet_event_extra.py took 0.085 seconds
[2024-11-20T00:25:13.010+0000] {processor.py:186} INFO - Started process (PID=2598) to work on /home/ubuntu/airflow_venv/lib/python3.12/site-packages/airflow/example_dags/example_inlet_event_extra.py
[2024-11-20T00:25:13.012+0000] {processor.py:914} INFO - Processing file /home/ubuntu/airflow_venv/lib/python3.12/site-packages/airflow/example_dags/example_inlet_event_extra.py for tasks to queue
[2024-11-20T00:25:13.014+0000] {logging_mixin.py:190} INFO - [2024-11-20T00:25:13.014+0000] {dagbag.py:588} INFO - Filling up the DagBag from /home/ubuntu/airflow_venv/lib/python3.12/site-packages/airflow/example_dags/example_inlet_event_extra.py
[2024-11-20T00:25:13.027+0000] {processor.py:925} INFO - DAG(s) 'read_dataset_event_from_classic', 'read_dataset_event' retrieved from /home/ubuntu/airflow_venv/lib/python3.12/site-packages/airflow/example_dags/example_inlet_event_extra.py
[2024-11-20T00:25:13.043+0000] {logging_mixin.py:190} INFO - [2024-11-20T00:25:13.043+0000] {dag.py:3239} INFO - Sync 2 DAGs
[2024-11-20T00:25:13.063+0000] {logging_mixin.py:190} INFO - [2024-11-20T00:25:13.062+0000] {dag.py:4180} INFO - Setting next_dagrun for read_dataset_event to 2024-11-19 00:00:00+00:00, run_after=2024-11-20 00:00:00+00:00
[2024-11-20T00:25:13.066+0000] {logging_mixin.py:190} INFO - [2024-11-20T00:25:13.066+0000] {dag.py:4180} INFO - Setting next_dagrun for read_dataset_event_from_classic to 2024-11-19 00:00:00+00:00, run_after=2024-11-20 00:00:00+00:00
[2024-11-20T00:25:13.085+0000] {processor.py:208} INFO - Processing /home/ubuntu/airflow_venv/lib/python3.12/site-packages/airflow/example_dags/example_inlet_event_extra.py took 0.082 seconds
[2024-11-20T00:26:05.227+0000] {processor.py:186} INFO - Started process (PID=2653) to work on /home/ubuntu/airflow_venv/lib/python3.12/site-packages/airflow/example_dags/example_inlet_event_extra.py
[2024-11-20T00:26:05.229+0000] {processor.py:914} INFO - Processing file /home/ubuntu/airflow_venv/lib/python3.12/site-packages/airflow/example_dags/example_inlet_event_extra.py for tasks to queue
[2024-11-20T00:26:05.231+0000] {logging_mixin.py:190} INFO - [2024-11-20T00:26:05.230+0000] {dagbag.py:588} INFO - Filling up the DagBag from /home/ubuntu/airflow_venv/lib/python3.12/site-packages/airflow/example_dags/example_inlet_event_extra.py
[2024-11-20T00:26:05.243+0000] {processor.py:925} INFO - DAG(s) 'read_dataset_event_from_classic', 'read_dataset_event' retrieved from /home/ubuntu/airflow_venv/lib/python3.12/site-packages/airflow/example_dags/example_inlet_event_extra.py
[2024-11-20T00:26:05.259+0000] {logging_mixin.py:190} INFO - [2024-11-20T00:26:05.259+0000] {dag.py:3239} INFO - Sync 2 DAGs
[2024-11-20T00:26:05.279+0000] {logging_mixin.py:190} INFO - [2024-11-20T00:26:05.278+0000] {dag.py:4180} INFO - Setting next_dagrun for read_dataset_event to 2024-11-19 00:00:00+00:00, run_after=2024-11-20 00:00:00+00:00
[2024-11-20T00:26:05.283+0000] {logging_mixin.py:190} INFO - [2024-11-20T00:26:05.283+0000] {dag.py:4180} INFO - Setting next_dagrun for read_dataset_event_from_classic to 2024-11-19 00:00:00+00:00, run_after=2024-11-20 00:00:00+00:00
[2024-11-20T00:26:05.303+0000] {processor.py:208} INFO - Processing /home/ubuntu/airflow_venv/lib/python3.12/site-packages/airflow/example_dags/example_inlet_event_extra.py took 0.081 seconds
[2024-11-20T00:27:19.261+0000] {processor.py:186} INFO - Started process (PID=2749) to work on /home/ubuntu/airflow_venv/lib/python3.12/site-packages/airflow/example_dags/example_inlet_event_extra.py
[2024-11-20T00:27:19.263+0000] {processor.py:914} INFO - Processing file /home/ubuntu/airflow_venv/lib/python3.12/site-packages/airflow/example_dags/example_inlet_event_extra.py for tasks to queue
[2024-11-20T00:27:19.265+0000] {logging_mixin.py:190} INFO - [2024-11-20T00:27:19.265+0000] {dagbag.py:588} INFO - Filling up the DagBag from /home/ubuntu/airflow_venv/lib/python3.12/site-packages/airflow/example_dags/example_inlet_event_extra.py
[2024-11-20T00:27:19.277+0000] {processor.py:925} INFO - DAG(s) 'read_dataset_event', 'read_dataset_event_from_classic' retrieved from /home/ubuntu/airflow_venv/lib/python3.12/site-packages/airflow/example_dags/example_inlet_event_extra.py
[2024-11-20T00:27:19.294+0000] {logging_mixin.py:190} INFO - [2024-11-20T00:27:19.293+0000] {dag.py:3239} INFO - Sync 2 DAGs
[2024-11-20T00:27:19.315+0000] {logging_mixin.py:190} INFO - [2024-11-20T00:27:19.315+0000] {dag.py:4180} INFO - Setting next_dagrun for read_dataset_event to 2024-11-19 00:00:00+00:00, run_after=2024-11-20 00:00:00+00:00
[2024-11-20T00:27:19.319+0000] {logging_mixin.py:190} INFO - [2024-11-20T00:27:19.319+0000] {dag.py:4180} INFO - Setting next_dagrun for read_dataset_event_from_classic to 2024-11-19 00:00:00+00:00, run_after=2024-11-20 00:00:00+00:00
[2024-11-20T00:27:19.340+0000] {processor.py:208} INFO - Processing /home/ubuntu/airflow_venv/lib/python3.12/site-packages/airflow/example_dags/example_inlet_event_extra.py took 0.085 seconds
[2024-11-20T00:28:23.089+0000] {processor.py:186} INFO - Started process (PID=2816) to work on /home/ubuntu/airflow_venv/lib/python3.12/site-packages/airflow/example_dags/example_inlet_event_extra.py
[2024-11-20T00:28:23.091+0000] {processor.py:914} INFO - Processing file /home/ubuntu/airflow_venv/lib/python3.12/site-packages/airflow/example_dags/example_inlet_event_extra.py for tasks to queue
[2024-11-20T00:28:23.093+0000] {logging_mixin.py:190} INFO - [2024-11-20T00:28:23.093+0000] {dagbag.py:588} INFO - Filling up the DagBag from /home/ubuntu/airflow_venv/lib/python3.12/site-packages/airflow/example_dags/example_inlet_event_extra.py
[2024-11-20T00:28:23.106+0000] {processor.py:925} INFO - DAG(s) 'read_dataset_event_from_classic', 'read_dataset_event' retrieved from /home/ubuntu/airflow_venv/lib/python3.12/site-packages/airflow/example_dags/example_inlet_event_extra.py
[2024-11-20T00:28:23.123+0000] {logging_mixin.py:190} INFO - [2024-11-20T00:28:23.123+0000] {dag.py:3239} INFO - Sync 2 DAGs
[2024-11-20T00:28:23.143+0000] {logging_mixin.py:190} INFO - [2024-11-20T00:28:23.143+0000] {dag.py:4180} INFO - Setting next_dagrun for read_dataset_event to 2024-11-19 00:00:00+00:00, run_after=2024-11-20 00:00:00+00:00
[2024-11-20T00:28:23.147+0000] {logging_mixin.py:190} INFO - [2024-11-20T00:28:23.147+0000] {dag.py:4180} INFO - Setting next_dagrun for read_dataset_event_from_classic to 2024-11-19 00:00:00+00:00, run_after=2024-11-20 00:00:00+00:00
[2024-11-20T00:28:23.170+0000] {processor.py:208} INFO - Processing /home/ubuntu/airflow_venv/lib/python3.12/site-packages/airflow/example_dags/example_inlet_event_extra.py took 0.089 seconds
[2024-11-20T00:29:23.168+0000] {processor.py:186} INFO - Started process (PID=3003) to work on /home/ubuntu/airflow_venv/lib/python3.12/site-packages/airflow/example_dags/example_inlet_event_extra.py
[2024-11-20T00:29:23.171+0000] {processor.py:914} INFO - Processing file /home/ubuntu/airflow_venv/lib/python3.12/site-packages/airflow/example_dags/example_inlet_event_extra.py for tasks to queue
[2024-11-20T00:29:23.172+0000] {logging_mixin.py:190} INFO - [2024-11-20T00:29:23.171+0000] {dagbag.py:588} INFO - Filling up the DagBag from /home/ubuntu/airflow_venv/lib/python3.12/site-packages/airflow/example_dags/example_inlet_event_extra.py
[2024-11-20T00:29:23.186+0000] {processor.py:925} INFO - DAG(s) 'read_dataset_event', 'read_dataset_event_from_classic' retrieved from /home/ubuntu/airflow_venv/lib/python3.12/site-packages/airflow/example_dags/example_inlet_event_extra.py
[2024-11-20T00:29:23.202+0000] {logging_mixin.py:190} INFO - [2024-11-20T00:29:23.202+0000] {dag.py:3239} INFO - Sync 2 DAGs
[2024-11-20T00:29:23.222+0000] {logging_mixin.py:190} INFO - [2024-11-20T00:29:23.222+0000] {dag.py:4180} INFO - Setting next_dagrun for read_dataset_event to 2024-11-19 00:00:00+00:00, run_after=2024-11-20 00:00:00+00:00
[2024-11-20T00:29:23.226+0000] {logging_mixin.py:190} INFO - [2024-11-20T00:29:23.226+0000] {dag.py:4180} INFO - Setting next_dagrun for read_dataset_event_from_classic to 2024-11-19 00:00:00+00:00, run_after=2024-11-20 00:00:00+00:00
[2024-11-20T00:29:23.245+0000] {processor.py:208} INFO - Processing /home/ubuntu/airflow_venv/lib/python3.12/site-packages/airflow/example_dags/example_inlet_event_extra.py took 0.082 seconds
[2024-11-20T00:30:22.712+0000] {processor.py:186} INFO - Started process (PID=3066) to work on /home/ubuntu/airflow_venv/lib/python3.12/site-packages/airflow/example_dags/example_inlet_event_extra.py
[2024-11-20T00:30:22.713+0000] {processor.py:914} INFO - Processing file /home/ubuntu/airflow_venv/lib/python3.12/site-packages/airflow/example_dags/example_inlet_event_extra.py for tasks to queue
[2024-11-20T00:30:22.714+0000] {logging_mixin.py:190} INFO - [2024-11-20T00:30:22.714+0000] {dagbag.py:588} INFO - Filling up the DagBag from /home/ubuntu/airflow_venv/lib/python3.12/site-packages/airflow/example_dags/example_inlet_event_extra.py
[2024-11-20T00:30:22.728+0000] {processor.py:925} INFO - DAG(s) 'read_dataset_event_from_classic', 'read_dataset_event' retrieved from /home/ubuntu/airflow_venv/lib/python3.12/site-packages/airflow/example_dags/example_inlet_event_extra.py
[2024-11-20T00:30:22.744+0000] {logging_mixin.py:190} INFO - [2024-11-20T00:30:22.744+0000] {dag.py:3239} INFO - Sync 2 DAGs
[2024-11-20T00:30:22.764+0000] {logging_mixin.py:190} INFO - [2024-11-20T00:30:22.764+0000] {dag.py:4180} INFO - Setting next_dagrun for read_dataset_event to 2024-11-19 00:00:00+00:00, run_after=2024-11-20 00:00:00+00:00
[2024-11-20T00:30:22.769+0000] {logging_mixin.py:190} INFO - [2024-11-20T00:30:22.769+0000] {dag.py:4180} INFO - Setting next_dagrun for read_dataset_event_from_classic to 2024-11-19 00:00:00+00:00, run_after=2024-11-20 00:00:00+00:00
[2024-11-20T00:30:22.788+0000] {processor.py:208} INFO - Processing /home/ubuntu/airflow_venv/lib/python3.12/site-packages/airflow/example_dags/example_inlet_event_extra.py took 0.081 seconds
[2024-11-20T00:31:18.217+0000] {processor.py:186} INFO - Started process (PID=3220) to work on /home/ubuntu/airflow_venv/lib/python3.12/site-packages/airflow/example_dags/example_inlet_event_extra.py
[2024-11-20T00:31:18.219+0000] {processor.py:914} INFO - Processing file /home/ubuntu/airflow_venv/lib/python3.12/site-packages/airflow/example_dags/example_inlet_event_extra.py for tasks to queue
[2024-11-20T00:31:18.220+0000] {logging_mixin.py:190} INFO - [2024-11-20T00:31:18.220+0000] {dagbag.py:588} INFO - Filling up the DagBag from /home/ubuntu/airflow_venv/lib/python3.12/site-packages/airflow/example_dags/example_inlet_event_extra.py
[2024-11-20T00:31:18.233+0000] {processor.py:925} INFO - DAG(s) 'read_dataset_event', 'read_dataset_event_from_classic' retrieved from /home/ubuntu/airflow_venv/lib/python3.12/site-packages/airflow/example_dags/example_inlet_event_extra.py
[2024-11-20T00:31:18.249+0000] {logging_mixin.py:190} INFO - [2024-11-20T00:31:18.249+0000] {dag.py:3239} INFO - Sync 2 DAGs
[2024-11-20T00:31:18.270+0000] {logging_mixin.py:190} INFO - [2024-11-20T00:31:18.270+0000] {dag.py:4180} INFO - Setting next_dagrun for read_dataset_event to 2024-11-19 00:00:00+00:00, run_after=2024-11-20 00:00:00+00:00
[2024-11-20T00:31:18.275+0000] {logging_mixin.py:190} INFO - [2024-11-20T00:31:18.274+0000] {dag.py:4180} INFO - Setting next_dagrun for read_dataset_event_from_classic to 2024-11-19 00:00:00+00:00, run_after=2024-11-20 00:00:00+00:00
[2024-11-20T00:31:18.295+0000] {processor.py:208} INFO - Processing /home/ubuntu/airflow_venv/lib/python3.12/site-packages/airflow/example_dags/example_inlet_event_extra.py took 0.083 seconds
[2024-11-20T00:32:11.913+0000] {processor.py:186} INFO - Started process (PID=3320) to work on /home/ubuntu/airflow_venv/lib/python3.12/site-packages/airflow/example_dags/example_inlet_event_extra.py
[2024-11-20T00:32:11.915+0000] {processor.py:914} INFO - Processing file /home/ubuntu/airflow_venv/lib/python3.12/site-packages/airflow/example_dags/example_inlet_event_extra.py for tasks to queue
[2024-11-20T00:32:11.916+0000] {logging_mixin.py:190} INFO - [2024-11-20T00:32:11.916+0000] {dagbag.py:588} INFO - Filling up the DagBag from /home/ubuntu/airflow_venv/lib/python3.12/site-packages/airflow/example_dags/example_inlet_event_extra.py
[2024-11-20T00:32:11.929+0000] {processor.py:925} INFO - DAG(s) 'read_dataset_event', 'read_dataset_event_from_classic' retrieved from /home/ubuntu/airflow_venv/lib/python3.12/site-packages/airflow/example_dags/example_inlet_event_extra.py
[2024-11-20T00:32:11.946+0000] {logging_mixin.py:190} INFO - [2024-11-20T00:32:11.945+0000] {dag.py:3239} INFO - Sync 2 DAGs
[2024-11-20T00:32:11.976+0000] {logging_mixin.py:190} INFO - [2024-11-20T00:32:11.976+0000] {dag.py:4180} INFO - Setting next_dagrun for read_dataset_event to 2024-11-19 00:00:00+00:00, run_after=2024-11-20 00:00:00+00:00
[2024-11-20T00:32:11.981+0000] {logging_mixin.py:190} INFO - [2024-11-20T00:32:11.981+0000] {dag.py:4180} INFO - Setting next_dagrun for read_dataset_event_from_classic to 2024-11-19 00:00:00+00:00, run_after=2024-11-20 00:00:00+00:00
[2024-11-20T00:32:12.002+0000] {processor.py:208} INFO - Processing /home/ubuntu/airflow_venv/lib/python3.12/site-packages/airflow/example_dags/example_inlet_event_extra.py took 0.094 seconds
[2024-11-20T00:33:06.131+0000] {processor.py:186} INFO - Started process (PID=3807) to work on /home/ubuntu/airflow_venv/lib/python3.12/site-packages/airflow/example_dags/example_inlet_event_extra.py
[2024-11-20T00:33:06.134+0000] {processor.py:914} INFO - Processing file /home/ubuntu/airflow_venv/lib/python3.12/site-packages/airflow/example_dags/example_inlet_event_extra.py for tasks to queue
[2024-11-20T00:33:06.135+0000] {logging_mixin.py:190} INFO - [2024-11-20T00:33:06.134+0000] {dagbag.py:588} INFO - Filling up the DagBag from /home/ubuntu/airflow_venv/lib/python3.12/site-packages/airflow/example_dags/example_inlet_event_extra.py
[2024-11-20T00:33:06.148+0000] {processor.py:925} INFO - DAG(s) 'read_dataset_event_from_classic', 'read_dataset_event' retrieved from /home/ubuntu/airflow_venv/lib/python3.12/site-packages/airflow/example_dags/example_inlet_event_extra.py
[2024-11-20T00:33:06.164+0000] {logging_mixin.py:190} INFO - [2024-11-20T00:33:06.164+0000] {dag.py:3239} INFO - Sync 2 DAGs
[2024-11-20T00:33:06.184+0000] {logging_mixin.py:190} INFO - [2024-11-20T00:33:06.184+0000] {dag.py:4180} INFO - Setting next_dagrun for read_dataset_event to 2024-11-19 00:00:00+00:00, run_after=2024-11-20 00:00:00+00:00
[2024-11-20T00:33:06.188+0000] {logging_mixin.py:190} INFO - [2024-11-20T00:33:06.188+0000] {dag.py:4180} INFO - Setting next_dagrun for read_dataset_event_from_classic to 2024-11-19 00:00:00+00:00, run_after=2024-11-20 00:00:00+00:00
[2024-11-20T00:33:06.207+0000] {processor.py:208} INFO - Processing /home/ubuntu/airflow_venv/lib/python3.12/site-packages/airflow/example_dags/example_inlet_event_extra.py took 0.081 seconds
[2024-11-20T00:34:10.083+0000] {processor.py:186} INFO - Started process (PID=4019) to work on /home/ubuntu/airflow_venv/lib/python3.12/site-packages/airflow/example_dags/example_inlet_event_extra.py
[2024-11-20T00:34:10.085+0000] {processor.py:914} INFO - Processing file /home/ubuntu/airflow_venv/lib/python3.12/site-packages/airflow/example_dags/example_inlet_event_extra.py for tasks to queue
[2024-11-20T00:34:10.086+0000] {logging_mixin.py:190} INFO - [2024-11-20T00:34:10.086+0000] {dagbag.py:588} INFO - Filling up the DagBag from /home/ubuntu/airflow_venv/lib/python3.12/site-packages/airflow/example_dags/example_inlet_event_extra.py
[2024-11-20T00:34:10.098+0000] {processor.py:925} INFO - DAG(s) 'read_dataset_event_from_classic', 'read_dataset_event' retrieved from /home/ubuntu/airflow_venv/lib/python3.12/site-packages/airflow/example_dags/example_inlet_event_extra.py
[2024-11-20T00:34:10.115+0000] {logging_mixin.py:190} INFO - [2024-11-20T00:34:10.115+0000] {dag.py:3239} INFO - Sync 2 DAGs
[2024-11-20T00:34:10.135+0000] {logging_mixin.py:190} INFO - [2024-11-20T00:34:10.135+0000] {dag.py:4180} INFO - Setting next_dagrun for read_dataset_event to 2024-11-19 00:00:00+00:00, run_after=2024-11-20 00:00:00+00:00
[2024-11-20T00:34:10.139+0000] {logging_mixin.py:190} INFO - [2024-11-20T00:34:10.139+0000] {dag.py:4180} INFO - Setting next_dagrun for read_dataset_event_from_classic to 2024-11-19 00:00:00+00:00, run_after=2024-11-20 00:00:00+00:00
[2024-11-20T00:34:10.159+0000] {processor.py:208} INFO - Processing /home/ubuntu/airflow_venv/lib/python3.12/site-packages/airflow/example_dags/example_inlet_event_extra.py took 0.082 seconds
[2024-11-20T00:35:10.124+0000] {processor.py:186} INFO - Started process (PID=4105) to work on /home/ubuntu/airflow_venv/lib/python3.12/site-packages/airflow/example_dags/example_inlet_event_extra.py
[2024-11-20T00:35:10.125+0000] {processor.py:914} INFO - Processing file /home/ubuntu/airflow_venv/lib/python3.12/site-packages/airflow/example_dags/example_inlet_event_extra.py for tasks to queue
[2024-11-20T00:35:10.126+0000] {logging_mixin.py:190} INFO - [2024-11-20T00:35:10.126+0000] {dagbag.py:588} INFO - Filling up the DagBag from /home/ubuntu/airflow_venv/lib/python3.12/site-packages/airflow/example_dags/example_inlet_event_extra.py
[2024-11-20T00:35:10.139+0000] {processor.py:925} INFO - DAG(s) 'read_dataset_event_from_classic', 'read_dataset_event' retrieved from /home/ubuntu/airflow_venv/lib/python3.12/site-packages/airflow/example_dags/example_inlet_event_extra.py
[2024-11-20T00:35:10.155+0000] {logging_mixin.py:190} INFO - [2024-11-20T00:35:10.155+0000] {dag.py:3239} INFO - Sync 2 DAGs
[2024-11-20T00:35:10.175+0000] {logging_mixin.py:190} INFO - [2024-11-20T00:35:10.175+0000] {dag.py:4180} INFO - Setting next_dagrun for read_dataset_event to 2024-11-19 00:00:00+00:00, run_after=2024-11-20 00:00:00+00:00
[2024-11-20T00:35:10.179+0000] {logging_mixin.py:190} INFO - [2024-11-20T00:35:10.179+0000] {dag.py:4180} INFO - Setting next_dagrun for read_dataset_event_from_classic to 2024-11-19 00:00:00+00:00, run_after=2024-11-20 00:00:00+00:00
[2024-11-20T00:35:10.198+0000] {processor.py:208} INFO - Processing /home/ubuntu/airflow_venv/lib/python3.12/site-packages/airflow/example_dags/example_inlet_event_extra.py took 0.082 seconds
[2024-11-20T00:36:04.717+0000] {processor.py:186} INFO - Started process (PID=4163) to work on /home/ubuntu/airflow_venv/lib/python3.12/site-packages/airflow/example_dags/example_inlet_event_extra.py
[2024-11-20T00:36:04.719+0000] {processor.py:914} INFO - Processing file /home/ubuntu/airflow_venv/lib/python3.12/site-packages/airflow/example_dags/example_inlet_event_extra.py for tasks to queue
[2024-11-20T00:36:04.720+0000] {logging_mixin.py:190} INFO - [2024-11-20T00:36:04.719+0000] {dagbag.py:588} INFO - Filling up the DagBag from /home/ubuntu/airflow_venv/lib/python3.12/site-packages/airflow/example_dags/example_inlet_event_extra.py
[2024-11-20T00:36:04.733+0000] {processor.py:925} INFO - DAG(s) 'read_dataset_event', 'read_dataset_event_from_classic' retrieved from /home/ubuntu/airflow_venv/lib/python3.12/site-packages/airflow/example_dags/example_inlet_event_extra.py
[2024-11-20T00:36:04.749+0000] {logging_mixin.py:190} INFO - [2024-11-20T00:36:04.748+0000] {dag.py:3239} INFO - Sync 2 DAGs
[2024-11-20T00:36:04.768+0000] {logging_mixin.py:190} INFO - [2024-11-20T00:36:04.768+0000] {dag.py:4180} INFO - Setting next_dagrun for read_dataset_event to 2024-11-19 00:00:00+00:00, run_after=2024-11-20 00:00:00+00:00
[2024-11-20T00:36:04.773+0000] {logging_mixin.py:190} INFO - [2024-11-20T00:36:04.773+0000] {dag.py:4180} INFO - Setting next_dagrun for read_dataset_event_from_classic to 2024-11-19 00:00:00+00:00, run_after=2024-11-20 00:00:00+00:00
[2024-11-20T00:36:04.793+0000] {processor.py:208} INFO - Processing /home/ubuntu/airflow_venv/lib/python3.12/site-packages/airflow/example_dags/example_inlet_event_extra.py took 0.084 seconds
[2024-11-20T00:36:58.511+0000] {processor.py:186} INFO - Started process (PID=4219) to work on /home/ubuntu/airflow_venv/lib/python3.12/site-packages/airflow/example_dags/example_inlet_event_extra.py
[2024-11-20T00:36:58.514+0000] {processor.py:914} INFO - Processing file /home/ubuntu/airflow_venv/lib/python3.12/site-packages/airflow/example_dags/example_inlet_event_extra.py for tasks to queue
[2024-11-20T00:36:58.515+0000] {logging_mixin.py:190} INFO - [2024-11-20T00:36:58.514+0000] {dagbag.py:588} INFO - Filling up the DagBag from /home/ubuntu/airflow_venv/lib/python3.12/site-packages/airflow/example_dags/example_inlet_event_extra.py
[2024-11-20T00:36:58.526+0000] {processor.py:925} INFO - DAG(s) 'read_dataset_event', 'read_dataset_event_from_classic' retrieved from /home/ubuntu/airflow_venv/lib/python3.12/site-packages/airflow/example_dags/example_inlet_event_extra.py
[2024-11-20T00:36:58.543+0000] {logging_mixin.py:190} INFO - [2024-11-20T00:36:58.543+0000] {dag.py:3239} INFO - Sync 2 DAGs
[2024-11-20T00:36:58.563+0000] {logging_mixin.py:190} INFO - [2024-11-20T00:36:58.563+0000] {dag.py:4180} INFO - Setting next_dagrun for read_dataset_event to 2024-11-19 00:00:00+00:00, run_after=2024-11-20 00:00:00+00:00
[2024-11-20T00:36:58.567+0000] {logging_mixin.py:190} INFO - [2024-11-20T00:36:58.567+0000] {dag.py:4180} INFO - Setting next_dagrun for read_dataset_event_from_classic to 2024-11-19 00:00:00+00:00, run_after=2024-11-20 00:00:00+00:00
[2024-11-20T00:36:58.587+0000] {processor.py:208} INFO - Processing /home/ubuntu/airflow_venv/lib/python3.12/site-packages/airflow/example_dags/example_inlet_event_extra.py took 0.083 seconds
[2024-11-20T00:37:52.831+0000] {processor.py:186} INFO - Started process (PID=4288) to work on /home/ubuntu/airflow_venv/lib/python3.12/site-packages/airflow/example_dags/example_inlet_event_extra.py
[2024-11-20T00:37:52.833+0000] {processor.py:914} INFO - Processing file /home/ubuntu/airflow_venv/lib/python3.12/site-packages/airflow/example_dags/example_inlet_event_extra.py for tasks to queue
[2024-11-20T00:37:52.834+0000] {logging_mixin.py:190} INFO - [2024-11-20T00:37:52.834+0000] {dagbag.py:588} INFO - Filling up the DagBag from /home/ubuntu/airflow_venv/lib/python3.12/site-packages/airflow/example_dags/example_inlet_event_extra.py
[2024-11-20T00:37:52.847+0000] {processor.py:925} INFO - DAG(s) 'read_dataset_event', 'read_dataset_event_from_classic' retrieved from /home/ubuntu/airflow_venv/lib/python3.12/site-packages/airflow/example_dags/example_inlet_event_extra.py
[2024-11-20T00:37:52.864+0000] {logging_mixin.py:190} INFO - [2024-11-20T00:37:52.864+0000] {dag.py:3239} INFO - Sync 2 DAGs
[2024-11-20T00:37:52.882+0000] {logging_mixin.py:190} INFO - [2024-11-20T00:37:52.882+0000] {dag.py:4180} INFO - Setting next_dagrun for read_dataset_event to 2024-11-19 00:00:00+00:00, run_after=2024-11-20 00:00:00+00:00
[2024-11-20T00:37:52.887+0000] {logging_mixin.py:190} INFO - [2024-11-20T00:37:52.887+0000] {dag.py:4180} INFO - Setting next_dagrun for read_dataset_event_from_classic to 2024-11-19 00:00:00+00:00, run_after=2024-11-20 00:00:00+00:00
[2024-11-20T00:37:52.906+0000] {processor.py:208} INFO - Processing /home/ubuntu/airflow_venv/lib/python3.12/site-packages/airflow/example_dags/example_inlet_event_extra.py took 0.082 seconds
[2024-11-20T00:38:50.854+0000] {processor.py:186} INFO - Started process (PID=4360) to work on /home/ubuntu/airflow_venv/lib/python3.12/site-packages/airflow/example_dags/example_inlet_event_extra.py
[2024-11-20T00:38:50.857+0000] {processor.py:914} INFO - Processing file /home/ubuntu/airflow_venv/lib/python3.12/site-packages/airflow/example_dags/example_inlet_event_extra.py for tasks to queue
[2024-11-20T00:38:50.858+0000] {logging_mixin.py:190} INFO - [2024-11-20T00:38:50.857+0000] {dagbag.py:588} INFO - Filling up the DagBag from /home/ubuntu/airflow_venv/lib/python3.12/site-packages/airflow/example_dags/example_inlet_event_extra.py
[2024-11-20T00:38:50.870+0000] {processor.py:925} INFO - DAG(s) 'read_dataset_event', 'read_dataset_event_from_classic' retrieved from /home/ubuntu/airflow_venv/lib/python3.12/site-packages/airflow/example_dags/example_inlet_event_extra.py
[2024-11-20T00:38:50.886+0000] {logging_mixin.py:190} INFO - [2024-11-20T00:38:50.886+0000] {dag.py:3239} INFO - Sync 2 DAGs
[2024-11-20T00:38:50.906+0000] {logging_mixin.py:190} INFO - [2024-11-20T00:38:50.906+0000] {dag.py:4180} INFO - Setting next_dagrun for read_dataset_event to 2024-11-19 00:00:00+00:00, run_after=2024-11-20 00:00:00+00:00
[2024-11-20T00:38:50.911+0000] {logging_mixin.py:190} INFO - [2024-11-20T00:38:50.910+0000] {dag.py:4180} INFO - Setting next_dagrun for read_dataset_event_from_classic to 2024-11-19 00:00:00+00:00, run_after=2024-11-20 00:00:00+00:00
[2024-11-20T00:38:50.931+0000] {processor.py:208} INFO - Processing /home/ubuntu/airflow_venv/lib/python3.12/site-packages/airflow/example_dags/example_inlet_event_extra.py took 0.085 seconds
[2024-11-20T00:39:50.144+0000] {processor.py:186} INFO - Started process (PID=4439) to work on /home/ubuntu/airflow_venv/lib/python3.12/site-packages/airflow/example_dags/example_inlet_event_extra.py
[2024-11-20T00:39:50.146+0000] {processor.py:914} INFO - Processing file /home/ubuntu/airflow_venv/lib/python3.12/site-packages/airflow/example_dags/example_inlet_event_extra.py for tasks to queue
[2024-11-20T00:39:50.148+0000] {logging_mixin.py:190} INFO - [2024-11-20T00:39:50.147+0000] {dagbag.py:588} INFO - Filling up the DagBag from /home/ubuntu/airflow_venv/lib/python3.12/site-packages/airflow/example_dags/example_inlet_event_extra.py
[2024-11-20T00:39:50.160+0000] {processor.py:925} INFO - DAG(s) 'read_dataset_event', 'read_dataset_event_from_classic' retrieved from /home/ubuntu/airflow_venv/lib/python3.12/site-packages/airflow/example_dags/example_inlet_event_extra.py
[2024-11-20T00:39:50.176+0000] {logging_mixin.py:190} INFO - [2024-11-20T00:39:50.176+0000] {dag.py:3239} INFO - Sync 2 DAGs
[2024-11-20T00:39:50.203+0000] {logging_mixin.py:190} INFO - [2024-11-20T00:39:50.202+0000] {dag.py:4180} INFO - Setting next_dagrun for read_dataset_event to 2024-11-19 00:00:00+00:00, run_after=2024-11-20 00:00:00+00:00
[2024-11-20T00:39:50.208+0000] {logging_mixin.py:190} INFO - [2024-11-20T00:39:50.208+0000] {dag.py:4180} INFO - Setting next_dagrun for read_dataset_event_from_classic to 2024-11-19 00:00:00+00:00, run_after=2024-11-20 00:00:00+00:00
[2024-11-20T00:39:50.229+0000] {processor.py:208} INFO - Processing /home/ubuntu/airflow_venv/lib/python3.12/site-packages/airflow/example_dags/example_inlet_event_extra.py took 0.092 seconds
[2024-11-20T00:40:49.745+0000] {processor.py:186} INFO - Started process (PID=4517) to work on /home/ubuntu/airflow_venv/lib/python3.12/site-packages/airflow/example_dags/example_inlet_event_extra.py
[2024-11-20T00:40:49.746+0000] {processor.py:914} INFO - Processing file /home/ubuntu/airflow_venv/lib/python3.12/site-packages/airflow/example_dags/example_inlet_event_extra.py for tasks to queue
[2024-11-20T00:40:49.748+0000] {logging_mixin.py:190} INFO - [2024-11-20T00:40:49.747+0000] {dagbag.py:588} INFO - Filling up the DagBag from /home/ubuntu/airflow_venv/lib/python3.12/site-packages/airflow/example_dags/example_inlet_event_extra.py
[2024-11-20T00:40:49.760+0000] {processor.py:925} INFO - DAG(s) 'read_dataset_event_from_classic', 'read_dataset_event' retrieved from /home/ubuntu/airflow_venv/lib/python3.12/site-packages/airflow/example_dags/example_inlet_event_extra.py
[2024-11-20T00:40:49.776+0000] {logging_mixin.py:190} INFO - [2024-11-20T00:40:49.776+0000] {dag.py:3239} INFO - Sync 2 DAGs
[2024-11-20T00:40:49.801+0000] {logging_mixin.py:190} INFO - [2024-11-20T00:40:49.801+0000] {dag.py:4180} INFO - Setting next_dagrun for read_dataset_event to 2024-11-19 00:00:00+00:00, run_after=2024-11-20 00:00:00+00:00
[2024-11-20T00:40:49.809+0000] {logging_mixin.py:190} INFO - [2024-11-20T00:40:49.809+0000] {dag.py:4180} INFO - Setting next_dagrun for read_dataset_event_from_classic to 2024-11-19 00:00:00+00:00, run_after=2024-11-20 00:00:00+00:00
[2024-11-20T00:40:49.830+0000] {processor.py:208} INFO - Processing /home/ubuntu/airflow_venv/lib/python3.12/site-packages/airflow/example_dags/example_inlet_event_extra.py took 0.092 seconds
[2024-11-20T00:41:42.377+0000] {processor.py:186} INFO - Started process (PID=4574) to work on /home/ubuntu/airflow_venv/lib/python3.12/site-packages/airflow/example_dags/example_inlet_event_extra.py
[2024-11-20T00:41:42.379+0000] {processor.py:914} INFO - Processing file /home/ubuntu/airflow_venv/lib/python3.12/site-packages/airflow/example_dags/example_inlet_event_extra.py for tasks to queue
[2024-11-20T00:41:42.380+0000] {logging_mixin.py:190} INFO - [2024-11-20T00:41:42.380+0000] {dagbag.py:588} INFO - Filling up the DagBag from /home/ubuntu/airflow_venv/lib/python3.12/site-packages/airflow/example_dags/example_inlet_event_extra.py
[2024-11-20T00:41:42.393+0000] {processor.py:925} INFO - DAG(s) 'read_dataset_event_from_classic', 'read_dataset_event' retrieved from /home/ubuntu/airflow_venv/lib/python3.12/site-packages/airflow/example_dags/example_inlet_event_extra.py
[2024-11-20T00:41:42.409+0000] {logging_mixin.py:190} INFO - [2024-11-20T00:41:42.409+0000] {dag.py:3239} INFO - Sync 2 DAGs
[2024-11-20T00:41:42.430+0000] {logging_mixin.py:190} INFO - [2024-11-20T00:41:42.429+0000] {dag.py:4180} INFO - Setting next_dagrun for read_dataset_event to 2024-11-19 00:00:00+00:00, run_after=2024-11-20 00:00:00+00:00
[2024-11-20T00:41:42.433+0000] {logging_mixin.py:190} INFO - [2024-11-20T00:41:42.433+0000] {dag.py:4180} INFO - Setting next_dagrun for read_dataset_event_from_classic to 2024-11-19 00:00:00+00:00, run_after=2024-11-20 00:00:00+00:00
[2024-11-20T00:41:42.459+0000] {processor.py:208} INFO - Processing /home/ubuntu/airflow_venv/lib/python3.12/site-packages/airflow/example_dags/example_inlet_event_extra.py took 0.089 seconds
[2024-11-20T00:43:03.900+0000] {processor.py:186} INFO - Started process (PID=4656) to work on /home/ubuntu/airflow_venv/lib/python3.12/site-packages/airflow/example_dags/example_inlet_event_extra.py
[2024-11-20T00:43:03.901+0000] {processor.py:914} INFO - Processing file /home/ubuntu/airflow_venv/lib/python3.12/site-packages/airflow/example_dags/example_inlet_event_extra.py for tasks to queue
[2024-11-20T00:43:03.903+0000] {logging_mixin.py:190} INFO - [2024-11-20T00:43:03.902+0000] {dagbag.py:588} INFO - Filling up the DagBag from /home/ubuntu/airflow_venv/lib/python3.12/site-packages/airflow/example_dags/example_inlet_event_extra.py
[2024-11-20T00:43:03.916+0000] {processor.py:925} INFO - DAG(s) 'read_dataset_event_from_classic', 'read_dataset_event' retrieved from /home/ubuntu/airflow_venv/lib/python3.12/site-packages/airflow/example_dags/example_inlet_event_extra.py
[2024-11-20T00:43:03.932+0000] {logging_mixin.py:190} INFO - [2024-11-20T00:43:03.932+0000] {dag.py:3239} INFO - Sync 2 DAGs
[2024-11-20T00:43:03.951+0000] {logging_mixin.py:190} INFO - [2024-11-20T00:43:03.951+0000] {dag.py:4180} INFO - Setting next_dagrun for read_dataset_event to 2024-11-19 00:00:00+00:00, run_after=2024-11-20 00:00:00+00:00
[2024-11-20T00:43:03.955+0000] {logging_mixin.py:190} INFO - [2024-11-20T00:43:03.955+0000] {dag.py:4180} INFO - Setting next_dagrun for read_dataset_event_from_classic to 2024-11-19 00:00:00+00:00, run_after=2024-11-20 00:00:00+00:00
[2024-11-20T00:43:03.977+0000] {processor.py:208} INFO - Processing /home/ubuntu/airflow_venv/lib/python3.12/site-packages/airflow/example_dags/example_inlet_event_extra.py took 0.084 seconds
[2024-11-20T00:43:59.703+0000] {processor.py:186} INFO - Started process (PID=4715) to work on /home/ubuntu/airflow_venv/lib/python3.12/site-packages/airflow/example_dags/example_inlet_event_extra.py
[2024-11-20T00:43:59.704+0000] {processor.py:914} INFO - Processing file /home/ubuntu/airflow_venv/lib/python3.12/site-packages/airflow/example_dags/example_inlet_event_extra.py for tasks to queue
[2024-11-20T00:43:59.706+0000] {logging_mixin.py:190} INFO - [2024-11-20T00:43:59.706+0000] {dagbag.py:588} INFO - Filling up the DagBag from /home/ubuntu/airflow_venv/lib/python3.12/site-packages/airflow/example_dags/example_inlet_event_extra.py
[2024-11-20T00:43:59.718+0000] {processor.py:925} INFO - DAG(s) 'read_dataset_event_from_classic', 'read_dataset_event' retrieved from /home/ubuntu/airflow_venv/lib/python3.12/site-packages/airflow/example_dags/example_inlet_event_extra.py
[2024-11-20T00:43:59.735+0000] {logging_mixin.py:190} INFO - [2024-11-20T00:43:59.734+0000] {dag.py:3239} INFO - Sync 2 DAGs
[2024-11-20T00:43:59.756+0000] {logging_mixin.py:190} INFO - [2024-11-20T00:43:59.756+0000] {dag.py:4180} INFO - Setting next_dagrun for read_dataset_event to 2024-11-19 00:00:00+00:00, run_after=2024-11-20 00:00:00+00:00
[2024-11-20T00:43:59.761+0000] {logging_mixin.py:190} INFO - [2024-11-20T00:43:59.760+0000] {dag.py:4180} INFO - Setting next_dagrun for read_dataset_event_from_classic to 2024-11-19 00:00:00+00:00, run_after=2024-11-20 00:00:00+00:00
[2024-11-20T00:43:59.781+0000] {processor.py:208} INFO - Processing /home/ubuntu/airflow_venv/lib/python3.12/site-packages/airflow/example_dags/example_inlet_event_extra.py took 0.085 seconds
[2024-11-20T00:44:54.257+0000] {processor.py:186} INFO - Started process (PID=4770) to work on /home/ubuntu/airflow_venv/lib/python3.12/site-packages/airflow/example_dags/example_inlet_event_extra.py
[2024-11-20T00:44:54.259+0000] {processor.py:914} INFO - Processing file /home/ubuntu/airflow_venv/lib/python3.12/site-packages/airflow/example_dags/example_inlet_event_extra.py for tasks to queue
[2024-11-20T00:44:54.260+0000] {logging_mixin.py:190} INFO - [2024-11-20T00:44:54.260+0000] {dagbag.py:588} INFO - Filling up the DagBag from /home/ubuntu/airflow_venv/lib/python3.12/site-packages/airflow/example_dags/example_inlet_event_extra.py
[2024-11-20T00:44:54.272+0000] {processor.py:925} INFO - DAG(s) 'read_dataset_event', 'read_dataset_event_from_classic' retrieved from /home/ubuntu/airflow_venv/lib/python3.12/site-packages/airflow/example_dags/example_inlet_event_extra.py
[2024-11-20T00:44:54.289+0000] {logging_mixin.py:190} INFO - [2024-11-20T00:44:54.289+0000] {dag.py:3239} INFO - Sync 2 DAGs
[2024-11-20T00:44:54.309+0000] {logging_mixin.py:190} INFO - [2024-11-20T00:44:54.309+0000] {dag.py:4180} INFO - Setting next_dagrun for read_dataset_event to 2024-11-19 00:00:00+00:00, run_after=2024-11-20 00:00:00+00:00
[2024-11-20T00:44:54.313+0000] {logging_mixin.py:190} INFO - [2024-11-20T00:44:54.313+0000] {dag.py:4180} INFO - Setting next_dagrun for read_dataset_event_from_classic to 2024-11-19 00:00:00+00:00, run_after=2024-11-20 00:00:00+00:00
[2024-11-20T00:44:54.333+0000] {processor.py:208} INFO - Processing /home/ubuntu/airflow_venv/lib/python3.12/site-packages/airflow/example_dags/example_inlet_event_extra.py took 0.082 seconds
[2024-11-20T00:45:49.702+0000] {processor.py:186} INFO - Started process (PID=4830) to work on /home/ubuntu/airflow_venv/lib/python3.12/site-packages/airflow/example_dags/example_inlet_event_extra.py
[2024-11-20T00:45:49.704+0000] {processor.py:914} INFO - Processing file /home/ubuntu/airflow_venv/lib/python3.12/site-packages/airflow/example_dags/example_inlet_event_extra.py for tasks to queue
[2024-11-20T00:45:49.706+0000] {logging_mixin.py:190} INFO - [2024-11-20T00:45:49.706+0000] {dagbag.py:588} INFO - Filling up the DagBag from /home/ubuntu/airflow_venv/lib/python3.12/site-packages/airflow/example_dags/example_inlet_event_extra.py
[2024-11-20T00:45:49.718+0000] {processor.py:925} INFO - DAG(s) 'read_dataset_event_from_classic', 'read_dataset_event' retrieved from /home/ubuntu/airflow_venv/lib/python3.12/site-packages/airflow/example_dags/example_inlet_event_extra.py
[2024-11-20T00:45:49.735+0000] {logging_mixin.py:190} INFO - [2024-11-20T00:45:49.735+0000] {dag.py:3239} INFO - Sync 2 DAGs
[2024-11-20T00:45:49.755+0000] {logging_mixin.py:190} INFO - [2024-11-20T00:45:49.754+0000] {dag.py:4180} INFO - Setting next_dagrun for read_dataset_event to 2024-11-19 00:00:00+00:00, run_after=2024-11-20 00:00:00+00:00
[2024-11-20T00:45:49.759+0000] {logging_mixin.py:190} INFO - [2024-11-20T00:45:49.759+0000] {dag.py:4180} INFO - Setting next_dagrun for read_dataset_event_from_classic to 2024-11-19 00:00:00+00:00, run_after=2024-11-20 00:00:00+00:00
[2024-11-20T00:45:49.777+0000] {processor.py:208} INFO - Processing /home/ubuntu/airflow_venv/lib/python3.12/site-packages/airflow/example_dags/example_inlet_event_extra.py took 0.081 seconds
[2024-11-20T00:46:43.343+0000] {processor.py:186} INFO - Started process (PID=4887) to work on /home/ubuntu/airflow_venv/lib/python3.12/site-packages/airflow/example_dags/example_inlet_event_extra.py
[2024-11-20T00:46:43.344+0000] {processor.py:914} INFO - Processing file /home/ubuntu/airflow_venv/lib/python3.12/site-packages/airflow/example_dags/example_inlet_event_extra.py for tasks to queue
[2024-11-20T00:46:43.346+0000] {logging_mixin.py:190} INFO - [2024-11-20T00:46:43.345+0000] {dagbag.py:588} INFO - Filling up the DagBag from /home/ubuntu/airflow_venv/lib/python3.12/site-packages/airflow/example_dags/example_inlet_event_extra.py
[2024-11-20T00:46:43.358+0000] {processor.py:925} INFO - DAG(s) 'read_dataset_event_from_classic', 'read_dataset_event' retrieved from /home/ubuntu/airflow_venv/lib/python3.12/site-packages/airflow/example_dags/example_inlet_event_extra.py
[2024-11-20T00:46:43.373+0000] {logging_mixin.py:190} INFO - [2024-11-20T00:46:43.373+0000] {dag.py:3239} INFO - Sync 2 DAGs
[2024-11-20T00:46:43.394+0000] {logging_mixin.py:190} INFO - [2024-11-20T00:46:43.394+0000] {dag.py:4180} INFO - Setting next_dagrun for read_dataset_event to 2024-11-19 00:00:00+00:00, run_after=2024-11-20 00:00:00+00:00
[2024-11-20T00:46:43.398+0000] {logging_mixin.py:190} INFO - [2024-11-20T00:46:43.398+0000] {dag.py:4180} INFO - Setting next_dagrun for read_dataset_event_from_classic to 2024-11-19 00:00:00+00:00, run_after=2024-11-20 00:00:00+00:00
[2024-11-20T00:46:43.418+0000] {processor.py:208} INFO - Processing /home/ubuntu/airflow_venv/lib/python3.12/site-packages/airflow/example_dags/example_inlet_event_extra.py took 0.082 seconds
[2024-11-20T00:47:35.183+0000] {processor.py:186} INFO - Started process (PID=4941) to work on /home/ubuntu/airflow_venv/lib/python3.12/site-packages/airflow/example_dags/example_inlet_event_extra.py
[2024-11-20T00:47:35.185+0000] {processor.py:914} INFO - Processing file /home/ubuntu/airflow_venv/lib/python3.12/site-packages/airflow/example_dags/example_inlet_event_extra.py for tasks to queue
[2024-11-20T00:47:35.187+0000] {logging_mixin.py:190} INFO - [2024-11-20T00:47:35.186+0000] {dagbag.py:588} INFO - Filling up the DagBag from /home/ubuntu/airflow_venv/lib/python3.12/site-packages/airflow/example_dags/example_inlet_event_extra.py
[2024-11-20T00:47:35.199+0000] {processor.py:925} INFO - DAG(s) 'read_dataset_event', 'read_dataset_event_from_classic' retrieved from /home/ubuntu/airflow_venv/lib/python3.12/site-packages/airflow/example_dags/example_inlet_event_extra.py
[2024-11-20T00:47:35.215+0000] {logging_mixin.py:190} INFO - [2024-11-20T00:47:35.215+0000] {dag.py:3239} INFO - Sync 2 DAGs
[2024-11-20T00:47:35.233+0000] {logging_mixin.py:190} INFO - [2024-11-20T00:47:35.233+0000] {dag.py:4180} INFO - Setting next_dagrun for read_dataset_event to 2024-11-19 00:00:00+00:00, run_after=2024-11-20 00:00:00+00:00
[2024-11-20T00:47:35.238+0000] {logging_mixin.py:190} INFO - [2024-11-20T00:47:35.238+0000] {dag.py:4180} INFO - Setting next_dagrun for read_dataset_event_from_classic to 2024-11-19 00:00:00+00:00, run_after=2024-11-20 00:00:00+00:00
[2024-11-20T00:47:35.260+0000] {processor.py:208} INFO - Processing /home/ubuntu/airflow_venv/lib/python3.12/site-packages/airflow/example_dags/example_inlet_event_extra.py took 0.084 seconds
[2024-11-20T00:48:28.030+0000] {processor.py:186} INFO - Started process (PID=4995) to work on /home/ubuntu/airflow_venv/lib/python3.12/site-packages/airflow/example_dags/example_inlet_event_extra.py
[2024-11-20T00:48:28.031+0000] {processor.py:914} INFO - Processing file /home/ubuntu/airflow_venv/lib/python3.12/site-packages/airflow/example_dags/example_inlet_event_extra.py for tasks to queue
[2024-11-20T00:48:28.033+0000] {logging_mixin.py:190} INFO - [2024-11-20T00:48:28.032+0000] {dagbag.py:588} INFO - Filling up the DagBag from /home/ubuntu/airflow_venv/lib/python3.12/site-packages/airflow/example_dags/example_inlet_event_extra.py
[2024-11-20T00:48:28.045+0000] {processor.py:925} INFO - DAG(s) 'read_dataset_event_from_classic', 'read_dataset_event' retrieved from /home/ubuntu/airflow_venv/lib/python3.12/site-packages/airflow/example_dags/example_inlet_event_extra.py
[2024-11-20T00:48:28.061+0000] {logging_mixin.py:190} INFO - [2024-11-20T00:48:28.061+0000] {dag.py:3239} INFO - Sync 2 DAGs
[2024-11-20T00:48:28.080+0000] {logging_mixin.py:190} INFO - [2024-11-20T00:48:28.080+0000] {dag.py:4180} INFO - Setting next_dagrun for read_dataset_event to 2024-11-19 00:00:00+00:00, run_after=2024-11-20 00:00:00+00:00
[2024-11-20T00:48:28.085+0000] {logging_mixin.py:190} INFO - [2024-11-20T00:48:28.085+0000] {dag.py:4180} INFO - Setting next_dagrun for read_dataset_event_from_classic to 2024-11-19 00:00:00+00:00, run_after=2024-11-20 00:00:00+00:00
[2024-11-20T00:48:28.105+0000] {processor.py:208} INFO - Processing /home/ubuntu/airflow_venv/lib/python3.12/site-packages/airflow/example_dags/example_inlet_event_extra.py took 0.082 seconds
[2024-11-20T00:49:22.108+0000] {processor.py:186} INFO - Started process (PID=5052) to work on /home/ubuntu/airflow_venv/lib/python3.12/site-packages/airflow/example_dags/example_inlet_event_extra.py
[2024-11-20T00:49:22.111+0000] {processor.py:914} INFO - Processing file /home/ubuntu/airflow_venv/lib/python3.12/site-packages/airflow/example_dags/example_inlet_event_extra.py for tasks to queue
[2024-11-20T00:49:22.112+0000] {logging_mixin.py:190} INFO - [2024-11-20T00:49:22.112+0000] {dagbag.py:588} INFO - Filling up the DagBag from /home/ubuntu/airflow_venv/lib/python3.12/site-packages/airflow/example_dags/example_inlet_event_extra.py
[2024-11-20T00:49:22.124+0000] {processor.py:925} INFO - DAG(s) 'read_dataset_event', 'read_dataset_event_from_classic' retrieved from /home/ubuntu/airflow_venv/lib/python3.12/site-packages/airflow/example_dags/example_inlet_event_extra.py
[2024-11-20T00:49:22.142+0000] {logging_mixin.py:190} INFO - [2024-11-20T00:49:22.142+0000] {dag.py:3239} INFO - Sync 2 DAGs
[2024-11-20T00:49:22.161+0000] {logging_mixin.py:190} INFO - [2024-11-20T00:49:22.161+0000] {dag.py:4180} INFO - Setting next_dagrun for read_dataset_event to 2024-11-19 00:00:00+00:00, run_after=2024-11-20 00:00:00+00:00
[2024-11-20T00:49:22.165+0000] {logging_mixin.py:190} INFO - [2024-11-20T00:49:22.165+0000] {dag.py:4180} INFO - Setting next_dagrun for read_dataset_event_from_classic to 2024-11-19 00:00:00+00:00, run_after=2024-11-20 00:00:00+00:00
[2024-11-20T00:49:22.185+0000] {processor.py:208} INFO - Processing /home/ubuntu/airflow_venv/lib/python3.12/site-packages/airflow/example_dags/example_inlet_event_extra.py took 0.083 seconds
[2024-11-20T00:50:15.492+0000] {processor.py:186} INFO - Started process (PID=5108) to work on /home/ubuntu/airflow_venv/lib/python3.12/site-packages/airflow/example_dags/example_inlet_event_extra.py
[2024-11-20T00:50:15.493+0000] {processor.py:914} INFO - Processing file /home/ubuntu/airflow_venv/lib/python3.12/site-packages/airflow/example_dags/example_inlet_event_extra.py for tasks to queue
[2024-11-20T00:50:15.495+0000] {logging_mixin.py:190} INFO - [2024-11-20T00:50:15.495+0000] {dagbag.py:588} INFO - Filling up the DagBag from /home/ubuntu/airflow_venv/lib/python3.12/site-packages/airflow/example_dags/example_inlet_event_extra.py
[2024-11-20T00:50:15.507+0000] {processor.py:925} INFO - DAG(s) 'read_dataset_event', 'read_dataset_event_from_classic' retrieved from /home/ubuntu/airflow_venv/lib/python3.12/site-packages/airflow/example_dags/example_inlet_event_extra.py
[2024-11-20T00:50:15.523+0000] {logging_mixin.py:190} INFO - [2024-11-20T00:50:15.523+0000] {dag.py:3239} INFO - Sync 2 DAGs
[2024-11-20T00:50:15.543+0000] {logging_mixin.py:190} INFO - [2024-11-20T00:50:15.542+0000] {dag.py:4180} INFO - Setting next_dagrun for read_dataset_event to 2024-11-19 00:00:00+00:00, run_after=2024-11-20 00:00:00+00:00
[2024-11-20T00:50:15.547+0000] {logging_mixin.py:190} INFO - [2024-11-20T00:50:15.547+0000] {dag.py:4180} INFO - Setting next_dagrun for read_dataset_event_from_classic to 2024-11-19 00:00:00+00:00, run_after=2024-11-20 00:00:00+00:00
[2024-11-20T00:50:15.567+0000] {processor.py:208} INFO - Processing /home/ubuntu/airflow_venv/lib/python3.12/site-packages/airflow/example_dags/example_inlet_event_extra.py took 0.082 seconds
[2024-11-20T00:51:10.094+0000] {processor.py:186} INFO - Started process (PID=5166) to work on /home/ubuntu/airflow_venv/lib/python3.12/site-packages/airflow/example_dags/example_inlet_event_extra.py
[2024-11-20T00:51:10.096+0000] {processor.py:914} INFO - Processing file /home/ubuntu/airflow_venv/lib/python3.12/site-packages/airflow/example_dags/example_inlet_event_extra.py for tasks to queue
[2024-11-20T00:51:10.098+0000] {logging_mixin.py:190} INFO - [2024-11-20T00:51:10.097+0000] {dagbag.py:588} INFO - Filling up the DagBag from /home/ubuntu/airflow_venv/lib/python3.12/site-packages/airflow/example_dags/example_inlet_event_extra.py
[2024-11-20T00:51:10.110+0000] {processor.py:925} INFO - DAG(s) 'read_dataset_event', 'read_dataset_event_from_classic' retrieved from /home/ubuntu/airflow_venv/lib/python3.12/site-packages/airflow/example_dags/example_inlet_event_extra.py
[2024-11-20T00:51:10.126+0000] {logging_mixin.py:190} INFO - [2024-11-20T00:51:10.126+0000] {dag.py:3239} INFO - Sync 2 DAGs
[2024-11-20T00:51:10.146+0000] {logging_mixin.py:190} INFO - [2024-11-20T00:51:10.146+0000] {dag.py:4180} INFO - Setting next_dagrun for read_dataset_event to 2024-11-19 00:00:00+00:00, run_after=2024-11-20 00:00:00+00:00
[2024-11-20T00:51:10.149+0000] {logging_mixin.py:190} INFO - [2024-11-20T00:51:10.149+0000] {dag.py:4180} INFO - Setting next_dagrun for read_dataset_event_from_classic to 2024-11-19 00:00:00+00:00, run_after=2024-11-20 00:00:00+00:00
[2024-11-20T00:51:10.170+0000] {processor.py:208} INFO - Processing /home/ubuntu/airflow_venv/lib/python3.12/site-packages/airflow/example_dags/example_inlet_event_extra.py took 0.082 seconds
[2024-11-20T00:52:07.190+0000] {processor.py:186} INFO - Started process (PID=5225) to work on /home/ubuntu/airflow_venv/lib/python3.12/site-packages/airflow/example_dags/example_inlet_event_extra.py
[2024-11-20T00:52:07.192+0000] {processor.py:914} INFO - Processing file /home/ubuntu/airflow_venv/lib/python3.12/site-packages/airflow/example_dags/example_inlet_event_extra.py for tasks to queue
[2024-11-20T00:52:07.194+0000] {logging_mixin.py:190} INFO - [2024-11-20T00:52:07.194+0000] {dagbag.py:588} INFO - Filling up the DagBag from /home/ubuntu/airflow_venv/lib/python3.12/site-packages/airflow/example_dags/example_inlet_event_extra.py
[2024-11-20T00:52:07.205+0000] {processor.py:925} INFO - DAG(s) 'read_dataset_event', 'read_dataset_event_from_classic' retrieved from /home/ubuntu/airflow_venv/lib/python3.12/site-packages/airflow/example_dags/example_inlet_event_extra.py
[2024-11-20T00:52:07.222+0000] {logging_mixin.py:190} INFO - [2024-11-20T00:52:07.222+0000] {dag.py:3239} INFO - Sync 2 DAGs
[2024-11-20T00:52:07.242+0000] {logging_mixin.py:190} INFO - [2024-11-20T00:52:07.242+0000] {dag.py:4180} INFO - Setting next_dagrun for read_dataset_event to 2024-11-19 00:00:00+00:00, run_after=2024-11-20 00:00:00+00:00
[2024-11-20T00:52:07.245+0000] {logging_mixin.py:190} INFO - [2024-11-20T00:52:07.245+0000] {dag.py:4180} INFO - Setting next_dagrun for read_dataset_event_from_classic to 2024-11-19 00:00:00+00:00, run_after=2024-11-20 00:00:00+00:00
[2024-11-20T00:52:07.276+0000] {processor.py:208} INFO - Processing /home/ubuntu/airflow_venv/lib/python3.12/site-packages/airflow/example_dags/example_inlet_event_extra.py took 0.093 seconds
[2024-11-20T00:53:02.767+0000] {processor.py:186} INFO - Started process (PID=5281) to work on /home/ubuntu/airflow_venv/lib/python3.12/site-packages/airflow/example_dags/example_inlet_event_extra.py
[2024-11-20T00:53:02.768+0000] {processor.py:914} INFO - Processing file /home/ubuntu/airflow_venv/lib/python3.12/site-packages/airflow/example_dags/example_inlet_event_extra.py for tasks to queue
[2024-11-20T00:53:02.770+0000] {logging_mixin.py:190} INFO - [2024-11-20T00:53:02.770+0000] {dagbag.py:588} INFO - Filling up the DagBag from /home/ubuntu/airflow_venv/lib/python3.12/site-packages/airflow/example_dags/example_inlet_event_extra.py
[2024-11-20T00:53:02.783+0000] {processor.py:925} INFO - DAG(s) 'read_dataset_event', 'read_dataset_event_from_classic' retrieved from /home/ubuntu/airflow_venv/lib/python3.12/site-packages/airflow/example_dags/example_inlet_event_extra.py
[2024-11-20T00:53:02.800+0000] {logging_mixin.py:190} INFO - [2024-11-20T00:53:02.800+0000] {dag.py:3239} INFO - Sync 2 DAGs
[2024-11-20T00:53:02.821+0000] {logging_mixin.py:190} INFO - [2024-11-20T00:53:02.821+0000] {dag.py:4180} INFO - Setting next_dagrun for read_dataset_event to 2024-11-19 00:00:00+00:00, run_after=2024-11-20 00:00:00+00:00
[2024-11-20T00:53:02.827+0000] {logging_mixin.py:190} INFO - [2024-11-20T00:53:02.826+0000] {dag.py:4180} INFO - Setting next_dagrun for read_dataset_event_from_classic to 2024-11-19 00:00:00+00:00, run_after=2024-11-20 00:00:00+00:00
[2024-11-20T00:53:02.846+0000] {processor.py:208} INFO - Processing /home/ubuntu/airflow_venv/lib/python3.12/site-packages/airflow/example_dags/example_inlet_event_extra.py took 0.087 seconds
[2024-11-20T00:53:58.854+0000] {processor.py:186} INFO - Started process (PID=5352) to work on /home/ubuntu/airflow_venv/lib/python3.12/site-packages/airflow/example_dags/example_inlet_event_extra.py
[2024-11-20T00:53:58.856+0000] {processor.py:914} INFO - Processing file /home/ubuntu/airflow_venv/lib/python3.12/site-packages/airflow/example_dags/example_inlet_event_extra.py for tasks to queue
[2024-11-20T00:53:58.857+0000] {logging_mixin.py:190} INFO - [2024-11-20T00:53:58.857+0000] {dagbag.py:588} INFO - Filling up the DagBag from /home/ubuntu/airflow_venv/lib/python3.12/site-packages/airflow/example_dags/example_inlet_event_extra.py
[2024-11-20T00:53:58.869+0000] {processor.py:925} INFO - DAG(s) 'read_dataset_event_from_classic', 'read_dataset_event' retrieved from /home/ubuntu/airflow_venv/lib/python3.12/site-packages/airflow/example_dags/example_inlet_event_extra.py
[2024-11-20T00:53:58.886+0000] {logging_mixin.py:190} INFO - [2024-11-20T00:53:58.886+0000] {dag.py:3239} INFO - Sync 2 DAGs
[2024-11-20T00:53:58.907+0000] {logging_mixin.py:190} INFO - [2024-11-20T00:53:58.907+0000] {dag.py:4180} INFO - Setting next_dagrun for read_dataset_event to 2024-11-19 00:00:00+00:00, run_after=2024-11-20 00:00:00+00:00
[2024-11-20T00:53:58.911+0000] {logging_mixin.py:190} INFO - [2024-11-20T00:53:58.911+0000] {dag.py:4180} INFO - Setting next_dagrun for read_dataset_event_from_classic to 2024-11-19 00:00:00+00:00, run_after=2024-11-20 00:00:00+00:00
[2024-11-20T00:53:58.931+0000] {processor.py:208} INFO - Processing /home/ubuntu/airflow_venv/lib/python3.12/site-packages/airflow/example_dags/example_inlet_event_extra.py took 0.084 seconds
[2024-11-20T00:54:51.322+0000] {processor.py:186} INFO - Started process (PID=5406) to work on /home/ubuntu/airflow_venv/lib/python3.12/site-packages/airflow/example_dags/example_inlet_event_extra.py
[2024-11-20T00:54:51.325+0000] {processor.py:914} INFO - Processing file /home/ubuntu/airflow_venv/lib/python3.12/site-packages/airflow/example_dags/example_inlet_event_extra.py for tasks to queue
[2024-11-20T00:54:51.326+0000] {logging_mixin.py:190} INFO - [2024-11-20T00:54:51.325+0000] {dagbag.py:588} INFO - Filling up the DagBag from /home/ubuntu/airflow_venv/lib/python3.12/site-packages/airflow/example_dags/example_inlet_event_extra.py
[2024-11-20T00:54:51.339+0000] {processor.py:925} INFO - DAG(s) 'read_dataset_event', 'read_dataset_event_from_classic' retrieved from /home/ubuntu/airflow_venv/lib/python3.12/site-packages/airflow/example_dags/example_inlet_event_extra.py
[2024-11-20T00:54:51.354+0000] {logging_mixin.py:190} INFO - [2024-11-20T00:54:51.354+0000] {dag.py:3239} INFO - Sync 2 DAGs
[2024-11-20T00:54:51.374+0000] {logging_mixin.py:190} INFO - [2024-11-20T00:54:51.374+0000] {dag.py:4180} INFO - Setting next_dagrun for read_dataset_event to 2024-11-19 00:00:00+00:00, run_after=2024-11-20 00:00:00+00:00
[2024-11-20T00:54:51.377+0000] {logging_mixin.py:190} INFO - [2024-11-20T00:54:51.377+0000] {dag.py:4180} INFO - Setting next_dagrun for read_dataset_event_from_classic to 2024-11-19 00:00:00+00:00, run_after=2024-11-20 00:00:00+00:00
[2024-11-20T00:54:51.405+0000] {processor.py:208} INFO - Processing /home/ubuntu/airflow_venv/lib/python3.12/site-packages/airflow/example_dags/example_inlet_event_extra.py took 0.089 seconds
[2024-11-20T00:55:45.001+0000] {processor.py:186} INFO - Started process (PID=5467) to work on /home/ubuntu/airflow_venv/lib/python3.12/site-packages/airflow/example_dags/example_inlet_event_extra.py
[2024-11-20T00:55:45.002+0000] {processor.py:914} INFO - Processing file /home/ubuntu/airflow_venv/lib/python3.12/site-packages/airflow/example_dags/example_inlet_event_extra.py for tasks to queue
[2024-11-20T00:55:45.005+0000] {logging_mixin.py:190} INFO - [2024-11-20T00:55:45.004+0000] {dagbag.py:588} INFO - Filling up the DagBag from /home/ubuntu/airflow_venv/lib/python3.12/site-packages/airflow/example_dags/example_inlet_event_extra.py
[2024-11-20T00:55:45.017+0000] {processor.py:925} INFO - DAG(s) 'read_dataset_event_from_classic', 'read_dataset_event' retrieved from /home/ubuntu/airflow_venv/lib/python3.12/site-packages/airflow/example_dags/example_inlet_event_extra.py
[2024-11-20T00:55:45.043+0000] {logging_mixin.py:190} INFO - [2024-11-20T00:55:45.043+0000] {dag.py:3239} INFO - Sync 2 DAGs
[2024-11-20T00:55:45.063+0000] {logging_mixin.py:190} INFO - [2024-11-20T00:55:45.063+0000] {dag.py:4180} INFO - Setting next_dagrun for read_dataset_event to 2024-11-19 00:00:00+00:00, run_after=2024-11-20 00:00:00+00:00
[2024-11-20T00:55:45.067+0000] {logging_mixin.py:190} INFO - [2024-11-20T00:55:45.067+0000] {dag.py:4180} INFO - Setting next_dagrun for read_dataset_event_from_classic to 2024-11-19 00:00:00+00:00, run_after=2024-11-20 00:00:00+00:00
[2024-11-20T00:55:45.086+0000] {processor.py:208} INFO - Processing /home/ubuntu/airflow_venv/lib/python3.12/site-packages/airflow/example_dags/example_inlet_event_extra.py took 0.093 seconds
[2024-11-20T00:56:38.155+0000] {processor.py:186} INFO - Started process (PID=5522) to work on /home/ubuntu/airflow_venv/lib/python3.12/site-packages/airflow/example_dags/example_inlet_event_extra.py
[2024-11-20T00:56:38.157+0000] {processor.py:914} INFO - Processing file /home/ubuntu/airflow_venv/lib/python3.12/site-packages/airflow/example_dags/example_inlet_event_extra.py for tasks to queue
[2024-11-20T00:56:38.159+0000] {logging_mixin.py:190} INFO - [2024-11-20T00:56:38.158+0000] {dagbag.py:588} INFO - Filling up the DagBag from /home/ubuntu/airflow_venv/lib/python3.12/site-packages/airflow/example_dags/example_inlet_event_extra.py
[2024-11-20T00:56:38.171+0000] {processor.py:925} INFO - DAG(s) 'read_dataset_event_from_classic', 'read_dataset_event' retrieved from /home/ubuntu/airflow_venv/lib/python3.12/site-packages/airflow/example_dags/example_inlet_event_extra.py
[2024-11-20T00:56:38.187+0000] {logging_mixin.py:190} INFO - [2024-11-20T00:56:38.187+0000] {dag.py:3239} INFO - Sync 2 DAGs
[2024-11-20T00:56:38.206+0000] {logging_mixin.py:190} INFO - [2024-11-20T00:56:38.205+0000] {dag.py:4180} INFO - Setting next_dagrun for read_dataset_event to 2024-11-19 00:00:00+00:00, run_after=2024-11-20 00:00:00+00:00
[2024-11-20T00:56:38.210+0000] {logging_mixin.py:190} INFO - [2024-11-20T00:56:38.210+0000] {dag.py:4180} INFO - Setting next_dagrun for read_dataset_event_from_classic to 2024-11-19 00:00:00+00:00, run_after=2024-11-20 00:00:00+00:00
[2024-11-20T00:56:38.230+0000] {processor.py:208} INFO - Processing /home/ubuntu/airflow_venv/lib/python3.12/site-packages/airflow/example_dags/example_inlet_event_extra.py took 0.081 seconds
[2024-11-20T00:57:31.826+0000] {processor.py:186} INFO - Started process (PID=5579) to work on /home/ubuntu/airflow_venv/lib/python3.12/site-packages/airflow/example_dags/example_inlet_event_extra.py
[2024-11-20T00:57:31.828+0000] {processor.py:914} INFO - Processing file /home/ubuntu/airflow_venv/lib/python3.12/site-packages/airflow/example_dags/example_inlet_event_extra.py for tasks to queue
[2024-11-20T00:57:31.829+0000] {logging_mixin.py:190} INFO - [2024-11-20T00:57:31.829+0000] {dagbag.py:588} INFO - Filling up the DagBag from /home/ubuntu/airflow_venv/lib/python3.12/site-packages/airflow/example_dags/example_inlet_event_extra.py
[2024-11-20T00:57:31.841+0000] {processor.py:925} INFO - DAG(s) 'read_dataset_event_from_classic', 'read_dataset_event' retrieved from /home/ubuntu/airflow_venv/lib/python3.12/site-packages/airflow/example_dags/example_inlet_event_extra.py
[2024-11-20T00:57:31.858+0000] {logging_mixin.py:190} INFO - [2024-11-20T00:57:31.857+0000] {dag.py:3239} INFO - Sync 2 DAGs
[2024-11-20T00:57:31.877+0000] {logging_mixin.py:190} INFO - [2024-11-20T00:57:31.877+0000] {dag.py:4180} INFO - Setting next_dagrun for read_dataset_event to 2024-11-19 00:00:00+00:00, run_after=2024-11-20 00:00:00+00:00
[2024-11-20T00:57:31.881+0000] {logging_mixin.py:190} INFO - [2024-11-20T00:57:31.881+0000] {dag.py:4180} INFO - Setting next_dagrun for read_dataset_event_from_classic to 2024-11-19 00:00:00+00:00, run_after=2024-11-20 00:00:00+00:00
[2024-11-20T00:57:31.900+0000] {processor.py:208} INFO - Processing /home/ubuntu/airflow_venv/lib/python3.12/site-packages/airflow/example_dags/example_inlet_event_extra.py took 0.081 seconds
[2024-11-20T00:58:23.969+0000] {processor.py:186} INFO - Started process (PID=5634) to work on /home/ubuntu/airflow_venv/lib/python3.12/site-packages/airflow/example_dags/example_inlet_event_extra.py
[2024-11-20T00:58:23.971+0000] {processor.py:914} INFO - Processing file /home/ubuntu/airflow_venv/lib/python3.12/site-packages/airflow/example_dags/example_inlet_event_extra.py for tasks to queue
[2024-11-20T00:58:23.973+0000] {logging_mixin.py:190} INFO - [2024-11-20T00:58:23.972+0000] {dagbag.py:588} INFO - Filling up the DagBag from /home/ubuntu/airflow_venv/lib/python3.12/site-packages/airflow/example_dags/example_inlet_event_extra.py
[2024-11-20T00:58:23.985+0000] {processor.py:925} INFO - DAG(s) 'read_dataset_event', 'read_dataset_event_from_classic' retrieved from /home/ubuntu/airflow_venv/lib/python3.12/site-packages/airflow/example_dags/example_inlet_event_extra.py
[2024-11-20T00:58:24.001+0000] {logging_mixin.py:190} INFO - [2024-11-20T00:58:24.001+0000] {dag.py:3239} INFO - Sync 2 DAGs
[2024-11-20T00:58:24.020+0000] {logging_mixin.py:190} INFO - [2024-11-20T00:58:24.020+0000] {dag.py:4180} INFO - Setting next_dagrun for read_dataset_event to 2024-11-19 00:00:00+00:00, run_after=2024-11-20 00:00:00+00:00
[2024-11-20T00:58:24.026+0000] {logging_mixin.py:190} INFO - [2024-11-20T00:58:24.026+0000] {dag.py:4180} INFO - Setting next_dagrun for read_dataset_event_from_classic to 2024-11-19 00:00:00+00:00, run_after=2024-11-20 00:00:00+00:00
[2024-11-20T00:58:24.046+0000] {processor.py:208} INFO - Processing /home/ubuntu/airflow_venv/lib/python3.12/site-packages/airflow/example_dags/example_inlet_event_extra.py took 0.084 seconds
[2024-11-20T00:59:17.042+0000] {processor.py:186} INFO - Started process (PID=5693) to work on /home/ubuntu/airflow_venv/lib/python3.12/site-packages/airflow/example_dags/example_inlet_event_extra.py
[2024-11-20T00:59:17.043+0000] {processor.py:914} INFO - Processing file /home/ubuntu/airflow_venv/lib/python3.12/site-packages/airflow/example_dags/example_inlet_event_extra.py for tasks to queue
[2024-11-20T00:59:17.045+0000] {logging_mixin.py:190} INFO - [2024-11-20T00:59:17.045+0000] {dagbag.py:588} INFO - Filling up the DagBag from /home/ubuntu/airflow_venv/lib/python3.12/site-packages/airflow/example_dags/example_inlet_event_extra.py
[2024-11-20T00:59:17.058+0000] {processor.py:925} INFO - DAG(s) 'read_dataset_event', 'read_dataset_event_from_classic' retrieved from /home/ubuntu/airflow_venv/lib/python3.12/site-packages/airflow/example_dags/example_inlet_event_extra.py
[2024-11-20T00:59:17.075+0000] {logging_mixin.py:190} INFO - [2024-11-20T00:59:17.074+0000] {dag.py:3239} INFO - Sync 2 DAGs
[2024-11-20T00:59:17.095+0000] {logging_mixin.py:190} INFO - [2024-11-20T00:59:17.094+0000] {dag.py:4180} INFO - Setting next_dagrun for read_dataset_event to 2024-11-19 00:00:00+00:00, run_after=2024-11-20 00:00:00+00:00
[2024-11-20T00:59:17.098+0000] {logging_mixin.py:190} INFO - [2024-11-20T00:59:17.098+0000] {dag.py:4180} INFO - Setting next_dagrun for read_dataset_event_from_classic to 2024-11-19 00:00:00+00:00, run_after=2024-11-20 00:00:00+00:00
[2024-11-20T00:59:17.117+0000] {processor.py:208} INFO - Processing /home/ubuntu/airflow_venv/lib/python3.12/site-packages/airflow/example_dags/example_inlet_event_extra.py took 0.082 seconds
[2024-11-20T01:00:11.823+0000] {processor.py:186} INFO - Started process (PID=5752) to work on /home/ubuntu/airflow_venv/lib/python3.12/site-packages/airflow/example_dags/example_inlet_event_extra.py
[2024-11-20T01:00:11.825+0000] {processor.py:914} INFO - Processing file /home/ubuntu/airflow_venv/lib/python3.12/site-packages/airflow/example_dags/example_inlet_event_extra.py for tasks to queue
[2024-11-20T01:00:11.828+0000] {logging_mixin.py:190} INFO - [2024-11-20T01:00:11.827+0000] {dagbag.py:588} INFO - Filling up the DagBag from /home/ubuntu/airflow_venv/lib/python3.12/site-packages/airflow/example_dags/example_inlet_event_extra.py
[2024-11-20T01:00:11.839+0000] {processor.py:925} INFO - DAG(s) 'read_dataset_event', 'read_dataset_event_from_classic' retrieved from /home/ubuntu/airflow_venv/lib/python3.12/site-packages/airflow/example_dags/example_inlet_event_extra.py
[2024-11-20T01:00:11.856+0000] {logging_mixin.py:190} INFO - [2024-11-20T01:00:11.855+0000] {dag.py:3239} INFO - Sync 2 DAGs
[2024-11-20T01:00:11.876+0000] {logging_mixin.py:190} INFO - [2024-11-20T01:00:11.876+0000] {dag.py:4180} INFO - Setting next_dagrun for read_dataset_event to 2024-11-19 00:00:00+00:00, run_after=2024-11-20 00:00:00+00:00
[2024-11-20T01:00:11.879+0000] {logging_mixin.py:190} INFO - [2024-11-20T01:00:11.879+0000] {dag.py:4180} INFO - Setting next_dagrun for read_dataset_event_from_classic to 2024-11-19 00:00:00+00:00, run_after=2024-11-20 00:00:00+00:00
[2024-11-20T01:00:11.898+0000] {processor.py:208} INFO - Processing /home/ubuntu/airflow_venv/lib/python3.12/site-packages/airflow/example_dags/example_inlet_event_extra.py took 0.081 seconds
[2024-11-20T01:01:06.577+0000] {processor.py:186} INFO - Started process (PID=5808) to work on /home/ubuntu/airflow_venv/lib/python3.12/site-packages/airflow/example_dags/example_inlet_event_extra.py
[2024-11-20T01:01:06.579+0000] {processor.py:914} INFO - Processing file /home/ubuntu/airflow_venv/lib/python3.12/site-packages/airflow/example_dags/example_inlet_event_extra.py for tasks to queue
[2024-11-20T01:01:06.581+0000] {logging_mixin.py:190} INFO - [2024-11-20T01:01:06.581+0000] {dagbag.py:588} INFO - Filling up the DagBag from /home/ubuntu/airflow_venv/lib/python3.12/site-packages/airflow/example_dags/example_inlet_event_extra.py
[2024-11-20T01:01:06.594+0000] {processor.py:925} INFO - DAG(s) 'read_dataset_event_from_classic', 'read_dataset_event' retrieved from /home/ubuntu/airflow_venv/lib/python3.12/site-packages/airflow/example_dags/example_inlet_event_extra.py
[2024-11-20T01:01:06.611+0000] {logging_mixin.py:190} INFO - [2024-11-20T01:01:06.611+0000] {dag.py:3239} INFO - Sync 2 DAGs
[2024-11-20T01:01:06.633+0000] {logging_mixin.py:190} INFO - [2024-11-20T01:01:06.633+0000] {dag.py:4180} INFO - Setting next_dagrun for read_dataset_event to 2024-11-19 00:00:00+00:00, run_after=2024-11-20 00:00:00+00:00
[2024-11-20T01:01:06.637+0000] {logging_mixin.py:190} INFO - [2024-11-20T01:01:06.637+0000] {dag.py:4180} INFO - Setting next_dagrun for read_dataset_event_from_classic to 2024-11-19 00:00:00+00:00, run_after=2024-11-20 00:00:00+00:00
[2024-11-20T01:01:06.657+0000] {processor.py:208} INFO - Processing /home/ubuntu/airflow_venv/lib/python3.12/site-packages/airflow/example_dags/example_inlet_event_extra.py took 0.086 seconds
[2024-11-20T01:02:18.758+0000] {processor.py:186} INFO - Started process (PID=5888) to work on /home/ubuntu/airflow_venv/lib/python3.12/site-packages/airflow/example_dags/example_inlet_event_extra.py
[2024-11-20T01:02:18.760+0000] {processor.py:914} INFO - Processing file /home/ubuntu/airflow_venv/lib/python3.12/site-packages/airflow/example_dags/example_inlet_event_extra.py for tasks to queue
[2024-11-20T01:02:18.761+0000] {logging_mixin.py:190} INFO - [2024-11-20T01:02:18.761+0000] {dagbag.py:588} INFO - Filling up the DagBag from /home/ubuntu/airflow_venv/lib/python3.12/site-packages/airflow/example_dags/example_inlet_event_extra.py
[2024-11-20T01:02:18.774+0000] {processor.py:925} INFO - DAG(s) 'read_dataset_event_from_classic', 'read_dataset_event' retrieved from /home/ubuntu/airflow_venv/lib/python3.12/site-packages/airflow/example_dags/example_inlet_event_extra.py
[2024-11-20T01:02:18.791+0000] {logging_mixin.py:190} INFO - [2024-11-20T01:02:18.790+0000] {dag.py:3239} INFO - Sync 2 DAGs
[2024-11-20T01:02:18.810+0000] {logging_mixin.py:190} INFO - [2024-11-20T01:02:18.810+0000] {dag.py:4180} INFO - Setting next_dagrun for read_dataset_event to 2024-11-19 00:00:00+00:00, run_after=2024-11-20 00:00:00+00:00
[2024-11-20T01:02:18.815+0000] {logging_mixin.py:190} INFO - [2024-11-20T01:02:18.815+0000] {dag.py:4180} INFO - Setting next_dagrun for read_dataset_event_from_classic to 2024-11-19 00:00:00+00:00, run_after=2024-11-20 00:00:00+00:00
[2024-11-20T01:02:18.834+0000] {processor.py:208} INFO - Processing /home/ubuntu/airflow_venv/lib/python3.12/site-packages/airflow/example_dags/example_inlet_event_extra.py took 0.082 seconds
[2024-11-20T01:03:15.570+0000] {processor.py:186} INFO - Started process (PID=5946) to work on /home/ubuntu/airflow_venv/lib/python3.12/site-packages/airflow/example_dags/example_inlet_event_extra.py
[2024-11-20T01:03:15.571+0000] {processor.py:914} INFO - Processing file /home/ubuntu/airflow_venv/lib/python3.12/site-packages/airflow/example_dags/example_inlet_event_extra.py for tasks to queue
[2024-11-20T01:03:15.573+0000] {logging_mixin.py:190} INFO - [2024-11-20T01:03:15.572+0000] {dagbag.py:588} INFO - Filling up the DagBag from /home/ubuntu/airflow_venv/lib/python3.12/site-packages/airflow/example_dags/example_inlet_event_extra.py
[2024-11-20T01:03:15.585+0000] {processor.py:925} INFO - DAG(s) 'read_dataset_event', 'read_dataset_event_from_classic' retrieved from /home/ubuntu/airflow_venv/lib/python3.12/site-packages/airflow/example_dags/example_inlet_event_extra.py
[2024-11-20T01:03:15.602+0000] {logging_mixin.py:190} INFO - [2024-11-20T01:03:15.601+0000] {dag.py:3239} INFO - Sync 2 DAGs
[2024-11-20T01:03:15.624+0000] {logging_mixin.py:190} INFO - [2024-11-20T01:03:15.624+0000] {dag.py:4180} INFO - Setting next_dagrun for read_dataset_event to 2024-11-19 00:00:00+00:00, run_after=2024-11-20 00:00:00+00:00
[2024-11-20T01:03:15.633+0000] {logging_mixin.py:190} INFO - [2024-11-20T01:03:15.633+0000] {dag.py:4180} INFO - Setting next_dagrun for read_dataset_event_from_classic to 2024-11-19 00:00:00+00:00, run_after=2024-11-20 00:00:00+00:00
[2024-11-20T01:03:15.655+0000] {processor.py:208} INFO - Processing /home/ubuntu/airflow_venv/lib/python3.12/site-packages/airflow/example_dags/example_inlet_event_extra.py took 0.092 seconds
[2024-11-20T01:04:10.388+0000] {processor.py:186} INFO - Started process (PID=6004) to work on /home/ubuntu/airflow_venv/lib/python3.12/site-packages/airflow/example_dags/example_inlet_event_extra.py
[2024-11-20T01:04:10.389+0000] {processor.py:914} INFO - Processing file /home/ubuntu/airflow_venv/lib/python3.12/site-packages/airflow/example_dags/example_inlet_event_extra.py for tasks to queue
[2024-11-20T01:04:10.390+0000] {logging_mixin.py:190} INFO - [2024-11-20T01:04:10.390+0000] {dagbag.py:588} INFO - Filling up the DagBag from /home/ubuntu/airflow_venv/lib/python3.12/site-packages/airflow/example_dags/example_inlet_event_extra.py
[2024-11-20T01:04:10.402+0000] {processor.py:925} INFO - DAG(s) 'read_dataset_event_from_classic', 'read_dataset_event' retrieved from /home/ubuntu/airflow_venv/lib/python3.12/site-packages/airflow/example_dags/example_inlet_event_extra.py
[2024-11-20T01:04:10.418+0000] {logging_mixin.py:190} INFO - [2024-11-20T01:04:10.418+0000] {dag.py:3239} INFO - Sync 2 DAGs
[2024-11-20T01:04:10.438+0000] {logging_mixin.py:190} INFO - [2024-11-20T01:04:10.438+0000] {dag.py:4180} INFO - Setting next_dagrun for read_dataset_event to 2024-11-19 00:00:00+00:00, run_after=2024-11-20 00:00:00+00:00
[2024-11-20T01:04:10.442+0000] {logging_mixin.py:190} INFO - [2024-11-20T01:04:10.442+0000] {dag.py:4180} INFO - Setting next_dagrun for read_dataset_event_from_classic to 2024-11-19 00:00:00+00:00, run_after=2024-11-20 00:00:00+00:00
[2024-11-20T01:04:10.462+0000] {processor.py:208} INFO - Processing /home/ubuntu/airflow_venv/lib/python3.12/site-packages/airflow/example_dags/example_inlet_event_extra.py took 0.081 seconds
[2024-11-20T01:05:07.911+0000] {processor.py:186} INFO - Started process (PID=6063) to work on /home/ubuntu/airflow_venv/lib/python3.12/site-packages/airflow/example_dags/example_inlet_event_extra.py
[2024-11-20T01:05:07.913+0000] {processor.py:914} INFO - Processing file /home/ubuntu/airflow_venv/lib/python3.12/site-packages/airflow/example_dags/example_inlet_event_extra.py for tasks to queue
[2024-11-20T01:05:07.914+0000] {logging_mixin.py:190} INFO - [2024-11-20T01:05:07.914+0000] {dagbag.py:588} INFO - Filling up the DagBag from /home/ubuntu/airflow_venv/lib/python3.12/site-packages/airflow/example_dags/example_inlet_event_extra.py
[2024-11-20T01:05:07.926+0000] {processor.py:925} INFO - DAG(s) 'read_dataset_event', 'read_dataset_event_from_classic' retrieved from /home/ubuntu/airflow_venv/lib/python3.12/site-packages/airflow/example_dags/example_inlet_event_extra.py
[2024-11-20T01:05:07.942+0000] {logging_mixin.py:190} INFO - [2024-11-20T01:05:07.942+0000] {dag.py:3239} INFO - Sync 2 DAGs
[2024-11-20T01:05:07.962+0000] {logging_mixin.py:190} INFO - [2024-11-20T01:05:07.962+0000] {dag.py:4180} INFO - Setting next_dagrun for read_dataset_event to 2024-11-19 00:00:00+00:00, run_after=2024-11-20 00:00:00+00:00
[2024-11-20T01:05:07.966+0000] {logging_mixin.py:190} INFO - [2024-11-20T01:05:07.966+0000] {dag.py:4180} INFO - Setting next_dagrun for read_dataset_event_from_classic to 2024-11-19 00:00:00+00:00, run_after=2024-11-20 00:00:00+00:00
[2024-11-20T01:05:07.987+0000] {processor.py:208} INFO - Processing /home/ubuntu/airflow_venv/lib/python3.12/site-packages/airflow/example_dags/example_inlet_event_extra.py took 0.083 seconds
[2024-11-20T01:06:02.943+0000] {processor.py:186} INFO - Started process (PID=6121) to work on /home/ubuntu/airflow_venv/lib/python3.12/site-packages/airflow/example_dags/example_inlet_event_extra.py
[2024-11-20T01:06:02.944+0000] {processor.py:914} INFO - Processing file /home/ubuntu/airflow_venv/lib/python3.12/site-packages/airflow/example_dags/example_inlet_event_extra.py for tasks to queue
[2024-11-20T01:06:02.947+0000] {logging_mixin.py:190} INFO - [2024-11-20T01:06:02.946+0000] {dagbag.py:588} INFO - Filling up the DagBag from /home/ubuntu/airflow_venv/lib/python3.12/site-packages/airflow/example_dags/example_inlet_event_extra.py
[2024-11-20T01:06:02.959+0000] {processor.py:925} INFO - DAG(s) 'read_dataset_event_from_classic', 'read_dataset_event' retrieved from /home/ubuntu/airflow_venv/lib/python3.12/site-packages/airflow/example_dags/example_inlet_event_extra.py
[2024-11-20T01:06:02.975+0000] {logging_mixin.py:190} INFO - [2024-11-20T01:06:02.975+0000] {dag.py:3239} INFO - Sync 2 DAGs
[2024-11-20T01:06:02.996+0000] {logging_mixin.py:190} INFO - [2024-11-20T01:06:02.996+0000] {dag.py:4180} INFO - Setting next_dagrun for read_dataset_event to 2024-11-19 00:00:00+00:00, run_after=2024-11-20 00:00:00+00:00
[2024-11-20T01:06:03.002+0000] {logging_mixin.py:190} INFO - [2024-11-20T01:06:03.002+0000] {dag.py:4180} INFO - Setting next_dagrun for read_dataset_event_from_classic to 2024-11-19 00:00:00+00:00, run_after=2024-11-20 00:00:00+00:00
[2024-11-20T01:06:03.027+0000] {processor.py:208} INFO - Processing /home/ubuntu/airflow_venv/lib/python3.12/site-packages/airflow/example_dags/example_inlet_event_extra.py took 0.091 seconds
[2024-11-20T01:07:21.727+0000] {processor.py:186} INFO - Started process (PID=6202) to work on /home/ubuntu/airflow_venv/lib/python3.12/site-packages/airflow/example_dags/example_inlet_event_extra.py
[2024-11-20T01:07:21.729+0000] {processor.py:914} INFO - Processing file /home/ubuntu/airflow_venv/lib/python3.12/site-packages/airflow/example_dags/example_inlet_event_extra.py for tasks to queue
[2024-11-20T01:07:21.731+0000] {logging_mixin.py:190} INFO - [2024-11-20T01:07:21.730+0000] {dagbag.py:588} INFO - Filling up the DagBag from /home/ubuntu/airflow_venv/lib/python3.12/site-packages/airflow/example_dags/example_inlet_event_extra.py
[2024-11-20T01:07:21.743+0000] {processor.py:925} INFO - DAG(s) 'read_dataset_event', 'read_dataset_event_from_classic' retrieved from /home/ubuntu/airflow_venv/lib/python3.12/site-packages/airflow/example_dags/example_inlet_event_extra.py
[2024-11-20T01:07:21.759+0000] {logging_mixin.py:190} INFO - [2024-11-20T01:07:21.758+0000] {dag.py:3239} INFO - Sync 2 DAGs
[2024-11-20T01:07:21.778+0000] {logging_mixin.py:190} INFO - [2024-11-20T01:07:21.777+0000] {dag.py:4180} INFO - Setting next_dagrun for read_dataset_event to 2024-11-19 00:00:00+00:00, run_after=2024-11-20 00:00:00+00:00
[2024-11-20T01:07:21.782+0000] {logging_mixin.py:190} INFO - [2024-11-20T01:07:21.782+0000] {dag.py:4180} INFO - Setting next_dagrun for read_dataset_event_from_classic to 2024-11-19 00:00:00+00:00, run_after=2024-11-20 00:00:00+00:00
[2024-11-20T01:07:21.802+0000] {processor.py:208} INFO - Processing /home/ubuntu/airflow_venv/lib/python3.12/site-packages/airflow/example_dags/example_inlet_event_extra.py took 0.081 seconds
[2024-11-20T01:08:14.000+0000] {processor.py:186} INFO - Started process (PID=6257) to work on /home/ubuntu/airflow_venv/lib/python3.12/site-packages/airflow/example_dags/example_inlet_event_extra.py
[2024-11-20T01:08:14.003+0000] {processor.py:914} INFO - Processing file /home/ubuntu/airflow_venv/lib/python3.12/site-packages/airflow/example_dags/example_inlet_event_extra.py for tasks to queue
[2024-11-20T01:08:14.005+0000] {logging_mixin.py:190} INFO - [2024-11-20T01:08:14.004+0000] {dagbag.py:588} INFO - Filling up the DagBag from /home/ubuntu/airflow_venv/lib/python3.12/site-packages/airflow/example_dags/example_inlet_event_extra.py
[2024-11-20T01:08:14.017+0000] {processor.py:925} INFO - DAG(s) 'read_dataset_event', 'read_dataset_event_from_classic' retrieved from /home/ubuntu/airflow_venv/lib/python3.12/site-packages/airflow/example_dags/example_inlet_event_extra.py
[2024-11-20T01:08:14.034+0000] {logging_mixin.py:190} INFO - [2024-11-20T01:08:14.033+0000] {dag.py:3239} INFO - Sync 2 DAGs
[2024-11-20T01:08:14.055+0000] {logging_mixin.py:190} INFO - [2024-11-20T01:08:14.055+0000] {dag.py:4180} INFO - Setting next_dagrun for read_dataset_event to 2024-11-19 00:00:00+00:00, run_after=2024-11-20 00:00:00+00:00
[2024-11-20T01:08:14.059+0000] {logging_mixin.py:190} INFO - [2024-11-20T01:08:14.059+0000] {dag.py:4180} INFO - Setting next_dagrun for read_dataset_event_from_classic to 2024-11-19 00:00:00+00:00, run_after=2024-11-20 00:00:00+00:00
[2024-11-20T01:08:14.079+0000] {processor.py:208} INFO - Processing /home/ubuntu/airflow_venv/lib/python3.12/site-packages/airflow/example_dags/example_inlet_event_extra.py took 0.085 seconds
[2024-11-20T01:09:09.698+0000] {processor.py:186} INFO - Started process (PID=6311) to work on /home/ubuntu/airflow_venv/lib/python3.12/site-packages/airflow/example_dags/example_inlet_event_extra.py
[2024-11-20T01:09:09.700+0000] {processor.py:914} INFO - Processing file /home/ubuntu/airflow_venv/lib/python3.12/site-packages/airflow/example_dags/example_inlet_event_extra.py for tasks to queue
[2024-11-20T01:09:09.702+0000] {logging_mixin.py:190} INFO - [2024-11-20T01:09:09.701+0000] {dagbag.py:588} INFO - Filling up the DagBag from /home/ubuntu/airflow_venv/lib/python3.12/site-packages/airflow/example_dags/example_inlet_event_extra.py
[2024-11-20T01:09:09.714+0000] {processor.py:925} INFO - DAG(s) 'read_dataset_event_from_classic', 'read_dataset_event' retrieved from /home/ubuntu/airflow_venv/lib/python3.12/site-packages/airflow/example_dags/example_inlet_event_extra.py
[2024-11-20T01:09:09.731+0000] {logging_mixin.py:190} INFO - [2024-11-20T01:09:09.730+0000] {dag.py:3239} INFO - Sync 2 DAGs
[2024-11-20T01:09:09.750+0000] {logging_mixin.py:190} INFO - [2024-11-20T01:09:09.749+0000] {dag.py:4180} INFO - Setting next_dagrun for read_dataset_event to 2024-11-19 00:00:00+00:00, run_after=2024-11-20 00:00:00+00:00
[2024-11-20T01:09:09.754+0000] {logging_mixin.py:190} INFO - [2024-11-20T01:09:09.754+0000] {dag.py:4180} INFO - Setting next_dagrun for read_dataset_event_from_classic to 2024-11-19 00:00:00+00:00, run_after=2024-11-20 00:00:00+00:00
[2024-11-20T01:09:09.774+0000] {processor.py:208} INFO - Processing /home/ubuntu/airflow_venv/lib/python3.12/site-packages/airflow/example_dags/example_inlet_event_extra.py took 0.083 seconds
[2024-11-20T01:10:08.088+0000] {processor.py:186} INFO - Started process (PID=6374) to work on /home/ubuntu/airflow_venv/lib/python3.12/site-packages/airflow/example_dags/example_inlet_event_extra.py
[2024-11-20T01:10:08.091+0000] {processor.py:914} INFO - Processing file /home/ubuntu/airflow_venv/lib/python3.12/site-packages/airflow/example_dags/example_inlet_event_extra.py for tasks to queue
[2024-11-20T01:10:08.093+0000] {logging_mixin.py:190} INFO - [2024-11-20T01:10:08.092+0000] {dagbag.py:588} INFO - Filling up the DagBag from /home/ubuntu/airflow_venv/lib/python3.12/site-packages/airflow/example_dags/example_inlet_event_extra.py
[2024-11-20T01:10:08.105+0000] {processor.py:925} INFO - DAG(s) 'read_dataset_event', 'read_dataset_event_from_classic' retrieved from /home/ubuntu/airflow_venv/lib/python3.12/site-packages/airflow/example_dags/example_inlet_event_extra.py
[2024-11-20T01:10:08.122+0000] {logging_mixin.py:190} INFO - [2024-11-20T01:10:08.122+0000] {dag.py:3239} INFO - Sync 2 DAGs
[2024-11-20T01:10:08.143+0000] {logging_mixin.py:190} INFO - [2024-11-20T01:10:08.143+0000] {dag.py:4180} INFO - Setting next_dagrun for read_dataset_event to 2024-11-19 00:00:00+00:00, run_after=2024-11-20 00:00:00+00:00
[2024-11-20T01:10:08.148+0000] {logging_mixin.py:190} INFO - [2024-11-20T01:10:08.147+0000] {dag.py:4180} INFO - Setting next_dagrun for read_dataset_event_from_classic to 2024-11-19 00:00:00+00:00, run_after=2024-11-20 00:00:00+00:00
[2024-11-20T01:10:08.168+0000] {processor.py:208} INFO - Processing /home/ubuntu/airflow_venv/lib/python3.12/site-packages/airflow/example_dags/example_inlet_event_extra.py took 0.087 seconds
[2024-11-20T01:11:04.194+0000] {processor.py:186} INFO - Started process (PID=6433) to work on /home/ubuntu/airflow_venv/lib/python3.12/site-packages/airflow/example_dags/example_inlet_event_extra.py
[2024-11-20T01:11:04.196+0000] {processor.py:914} INFO - Processing file /home/ubuntu/airflow_venv/lib/python3.12/site-packages/airflow/example_dags/example_inlet_event_extra.py for tasks to queue
[2024-11-20T01:11:04.197+0000] {logging_mixin.py:190} INFO - [2024-11-20T01:11:04.196+0000] {dagbag.py:588} INFO - Filling up the DagBag from /home/ubuntu/airflow_venv/lib/python3.12/site-packages/airflow/example_dags/example_inlet_event_extra.py
[2024-11-20T01:11:04.210+0000] {processor.py:925} INFO - DAG(s) 'read_dataset_event', 'read_dataset_event_from_classic' retrieved from /home/ubuntu/airflow_venv/lib/python3.12/site-packages/airflow/example_dags/example_inlet_event_extra.py
[2024-11-20T01:11:04.227+0000] {logging_mixin.py:190} INFO - [2024-11-20T01:11:04.227+0000] {dag.py:3239} INFO - Sync 2 DAGs
[2024-11-20T01:11:04.249+0000] {logging_mixin.py:190} INFO - [2024-11-20T01:11:04.249+0000] {dag.py:4180} INFO - Setting next_dagrun for read_dataset_event to 2024-11-19 00:00:00+00:00, run_after=2024-11-20 00:00:00+00:00
[2024-11-20T01:11:04.254+0000] {logging_mixin.py:190} INFO - [2024-11-20T01:11:04.254+0000] {dag.py:4180} INFO - Setting next_dagrun for read_dataset_event_from_classic to 2024-11-19 00:00:00+00:00, run_after=2024-11-20 00:00:00+00:00
[2024-11-20T01:11:04.275+0000] {processor.py:208} INFO - Processing /home/ubuntu/airflow_venv/lib/python3.12/site-packages/airflow/example_dags/example_inlet_event_extra.py took 0.087 seconds
[2024-11-20T01:11:57.323+0000] {processor.py:186} INFO - Started process (PID=6488) to work on /home/ubuntu/airflow_venv/lib/python3.12/site-packages/airflow/example_dags/example_inlet_event_extra.py
[2024-11-20T01:11:57.325+0000] {processor.py:914} INFO - Processing file /home/ubuntu/airflow_venv/lib/python3.12/site-packages/airflow/example_dags/example_inlet_event_extra.py for tasks to queue
[2024-11-20T01:11:57.327+0000] {logging_mixin.py:190} INFO - [2024-11-20T01:11:57.326+0000] {dagbag.py:588} INFO - Filling up the DagBag from /home/ubuntu/airflow_venv/lib/python3.12/site-packages/airflow/example_dags/example_inlet_event_extra.py
[2024-11-20T01:11:57.341+0000] {processor.py:925} INFO - DAG(s) 'read_dataset_event', 'read_dataset_event_from_classic' retrieved from /home/ubuntu/airflow_venv/lib/python3.12/site-packages/airflow/example_dags/example_inlet_event_extra.py
[2024-11-20T01:11:57.358+0000] {logging_mixin.py:190} INFO - [2024-11-20T01:11:57.357+0000] {dag.py:3239} INFO - Sync 2 DAGs
[2024-11-20T01:11:57.377+0000] {logging_mixin.py:190} INFO - [2024-11-20T01:11:57.377+0000] {dag.py:4180} INFO - Setting next_dagrun for read_dataset_event to 2024-11-19 00:00:00+00:00, run_after=2024-11-20 00:00:00+00:00
[2024-11-20T01:11:57.382+0000] {logging_mixin.py:190} INFO - [2024-11-20T01:11:57.382+0000] {dag.py:4180} INFO - Setting next_dagrun for read_dataset_event_from_classic to 2024-11-19 00:00:00+00:00, run_after=2024-11-20 00:00:00+00:00
[2024-11-20T01:11:57.402+0000] {processor.py:208} INFO - Processing /home/ubuntu/airflow_venv/lib/python3.12/site-packages/airflow/example_dags/example_inlet_event_extra.py took 0.086 seconds
[2024-11-20T01:12:50.738+0000] {processor.py:186} INFO - Started process (PID=6543) to work on /home/ubuntu/airflow_venv/lib/python3.12/site-packages/airflow/example_dags/example_inlet_event_extra.py
[2024-11-20T01:12:50.739+0000] {processor.py:914} INFO - Processing file /home/ubuntu/airflow_venv/lib/python3.12/site-packages/airflow/example_dags/example_inlet_event_extra.py for tasks to queue
[2024-11-20T01:12:50.742+0000] {logging_mixin.py:190} INFO - [2024-11-20T01:12:50.740+0000] {dagbag.py:588} INFO - Filling up the DagBag from /home/ubuntu/airflow_venv/lib/python3.12/site-packages/airflow/example_dags/example_inlet_event_extra.py
[2024-11-20T01:12:50.767+0000] {processor.py:925} INFO - DAG(s) 'read_dataset_event', 'read_dataset_event_from_classic' retrieved from /home/ubuntu/airflow_venv/lib/python3.12/site-packages/airflow/example_dags/example_inlet_event_extra.py
[2024-11-20T01:12:50.788+0000] {logging_mixin.py:190} INFO - [2024-11-20T01:12:50.787+0000] {dag.py:3239} INFO - Sync 2 DAGs
[2024-11-20T01:12:50.807+0000] {logging_mixin.py:190} INFO - [2024-11-20T01:12:50.806+0000] {dag.py:4180} INFO - Setting next_dagrun for read_dataset_event to 2024-11-19 00:00:00+00:00, run_after=2024-11-20 00:00:00+00:00
[2024-11-20T01:12:50.811+0000] {logging_mixin.py:190} INFO - [2024-11-20T01:12:50.811+0000] {dag.py:4180} INFO - Setting next_dagrun for read_dataset_event_from_classic to 2024-11-19 00:00:00+00:00, run_after=2024-11-20 00:00:00+00:00
[2024-11-20T01:12:50.831+0000] {processor.py:208} INFO - Processing /home/ubuntu/airflow_venv/lib/python3.12/site-packages/airflow/example_dags/example_inlet_event_extra.py took 0.100 seconds
