[2024-11-20T00:16:48.045+0000] {processor.py:186} INFO - Started process (PID=2067) to work on /home/ubuntu/airflow_venv/lib/python3.12/site-packages/airflow/example_dags/example_branch_day_of_week_operator.py
[2024-11-20T00:16:48.046+0000] {processor.py:914} INFO - Processing file /home/ubuntu/airflow_venv/lib/python3.12/site-packages/airflow/example_dags/example_branch_day_of_week_operator.py for tasks to queue
[2024-11-20T00:16:48.047+0000] {logging_mixin.py:190} INFO - [2024-11-20T00:16:48.047+0000] {dagbag.py:588} INFO - Filling up the DagBag from /home/ubuntu/airflow_venv/lib/python3.12/site-packages/airflow/example_dags/example_branch_day_of_week_operator.py
[2024-11-20T00:16:48.057+0000] {processor.py:925} INFO - DAG(s) 'example_weekday_branch_operator' retrieved from /home/ubuntu/airflow_venv/lib/python3.12/site-packages/airflow/example_dags/example_branch_day_of_week_operator.py
[2024-11-20T00:16:48.072+0000] {logging_mixin.py:190} INFO - [2024-11-20T00:16:48.072+0000] {dag.py:3239} INFO - Sync 1 DAGs
[2024-11-20T00:16:48.097+0000] {logging_mixin.py:190} INFO - [2024-11-20T00:16:48.096+0000] {dag.py:4180} INFO - Setting next_dagrun for example_weekday_branch_operator to 2024-11-19 00:00:00+00:00, run_after=2024-11-20 00:00:00+00:00
[2024-11-20T00:16:48.133+0000] {processor.py:208} INFO - Processing /home/ubuntu/airflow_venv/lib/python3.12/site-packages/airflow/example_dags/example_branch_day_of_week_operator.py took 0.094 seconds
[2024-11-20T00:17:47.460+0000] {processor.py:186} INFO - Started process (PID=2132) to work on /home/ubuntu/airflow_venv/lib/python3.12/site-packages/airflow/example_dags/example_branch_day_of_week_operator.py
[2024-11-20T00:17:47.461+0000] {processor.py:914} INFO - Processing file /home/ubuntu/airflow_venv/lib/python3.12/site-packages/airflow/example_dags/example_branch_day_of_week_operator.py for tasks to queue
[2024-11-20T00:17:47.463+0000] {logging_mixin.py:190} INFO - [2024-11-20T00:17:47.463+0000] {dagbag.py:588} INFO - Filling up the DagBag from /home/ubuntu/airflow_venv/lib/python3.12/site-packages/airflow/example_dags/example_branch_day_of_week_operator.py
[2024-11-20T00:17:47.474+0000] {processor.py:925} INFO - DAG(s) 'example_weekday_branch_operator' retrieved from /home/ubuntu/airflow_venv/lib/python3.12/site-packages/airflow/example_dags/example_branch_day_of_week_operator.py
[2024-11-20T00:17:47.489+0000] {logging_mixin.py:190} INFO - [2024-11-20T00:17:47.489+0000] {dag.py:3239} INFO - Sync 1 DAGs
[2024-11-20T00:17:47.507+0000] {logging_mixin.py:190} INFO - [2024-11-20T00:17:47.507+0000] {dag.py:4180} INFO - Setting next_dagrun for example_weekday_branch_operator to 2024-11-19 00:00:00+00:00, run_after=2024-11-20 00:00:00+00:00
[2024-11-20T00:17:47.530+0000] {processor.py:208} INFO - Processing /home/ubuntu/airflow_venv/lib/python3.12/site-packages/airflow/example_dags/example_branch_day_of_week_operator.py took 0.076 seconds
[2024-11-20T00:18:42.055+0000] {processor.py:186} INFO - Started process (PID=2190) to work on /home/ubuntu/airflow_venv/lib/python3.12/site-packages/airflow/example_dags/example_branch_day_of_week_operator.py
[2024-11-20T00:18:42.056+0000] {processor.py:914} INFO - Processing file /home/ubuntu/airflow_venv/lib/python3.12/site-packages/airflow/example_dags/example_branch_day_of_week_operator.py for tasks to queue
[2024-11-20T00:18:42.058+0000] {logging_mixin.py:190} INFO - [2024-11-20T00:18:42.058+0000] {dagbag.py:588} INFO - Filling up the DagBag from /home/ubuntu/airflow_venv/lib/python3.12/site-packages/airflow/example_dags/example_branch_day_of_week_operator.py
[2024-11-20T00:18:42.068+0000] {processor.py:925} INFO - DAG(s) 'example_weekday_branch_operator' retrieved from /home/ubuntu/airflow_venv/lib/python3.12/site-packages/airflow/example_dags/example_branch_day_of_week_operator.py
[2024-11-20T00:18:42.083+0000] {logging_mixin.py:190} INFO - [2024-11-20T00:18:42.083+0000] {dag.py:3239} INFO - Sync 1 DAGs
[2024-11-20T00:18:42.102+0000] {logging_mixin.py:190} INFO - [2024-11-20T00:18:42.101+0000] {dag.py:4180} INFO - Setting next_dagrun for example_weekday_branch_operator to 2024-11-19 00:00:00+00:00, run_after=2024-11-20 00:00:00+00:00
[2024-11-20T00:18:42.122+0000] {processor.py:208} INFO - Processing /home/ubuntu/airflow_venv/lib/python3.12/site-packages/airflow/example_dags/example_branch_day_of_week_operator.py took 0.073 seconds
[2024-11-20T00:19:37.784+0000] {processor.py:186} INFO - Started process (PID=2249) to work on /home/ubuntu/airflow_venv/lib/python3.12/site-packages/airflow/example_dags/example_branch_day_of_week_operator.py
[2024-11-20T00:19:37.785+0000] {processor.py:914} INFO - Processing file /home/ubuntu/airflow_venv/lib/python3.12/site-packages/airflow/example_dags/example_branch_day_of_week_operator.py for tasks to queue
[2024-11-20T00:19:37.787+0000] {logging_mixin.py:190} INFO - [2024-11-20T00:19:37.787+0000] {dagbag.py:588} INFO - Filling up the DagBag from /home/ubuntu/airflow_venv/lib/python3.12/site-packages/airflow/example_dags/example_branch_day_of_week_operator.py
[2024-11-20T00:19:37.797+0000] {processor.py:925} INFO - DAG(s) 'example_weekday_branch_operator' retrieved from /home/ubuntu/airflow_venv/lib/python3.12/site-packages/airflow/example_dags/example_branch_day_of_week_operator.py
[2024-11-20T00:19:37.814+0000] {logging_mixin.py:190} INFO - [2024-11-20T00:19:37.813+0000] {dag.py:3239} INFO - Sync 1 DAGs
[2024-11-20T00:19:37.832+0000] {logging_mixin.py:190} INFO - [2024-11-20T00:19:37.832+0000] {dag.py:4180} INFO - Setting next_dagrun for example_weekday_branch_operator to 2024-11-19 00:00:00+00:00, run_after=2024-11-20 00:00:00+00:00
[2024-11-20T00:19:37.858+0000] {processor.py:208} INFO - Processing /home/ubuntu/airflow_venv/lib/python3.12/site-packages/airflow/example_dags/example_branch_day_of_week_operator.py took 0.080 seconds
[2024-11-20T00:20:30.928+0000] {processor.py:186} INFO - Started process (PID=2307) to work on /home/ubuntu/airflow_venv/lib/python3.12/site-packages/airflow/example_dags/example_branch_day_of_week_operator.py
[2024-11-20T00:20:30.931+0000] {processor.py:914} INFO - Processing file /home/ubuntu/airflow_venv/lib/python3.12/site-packages/airflow/example_dags/example_branch_day_of_week_operator.py for tasks to queue
[2024-11-20T00:20:30.932+0000] {logging_mixin.py:190} INFO - [2024-11-20T00:20:30.932+0000] {dagbag.py:588} INFO - Filling up the DagBag from /home/ubuntu/airflow_venv/lib/python3.12/site-packages/airflow/example_dags/example_branch_day_of_week_operator.py
[2024-11-20T00:20:30.943+0000] {processor.py:925} INFO - DAG(s) 'example_weekday_branch_operator' retrieved from /home/ubuntu/airflow_venv/lib/python3.12/site-packages/airflow/example_dags/example_branch_day_of_week_operator.py
[2024-11-20T00:20:30.957+0000] {logging_mixin.py:190} INFO - [2024-11-20T00:20:30.957+0000] {dag.py:3239} INFO - Sync 1 DAGs
[2024-11-20T00:20:30.976+0000] {logging_mixin.py:190} INFO - [2024-11-20T00:20:30.976+0000] {dag.py:4180} INFO - Setting next_dagrun for example_weekday_branch_operator to 2024-11-19 00:00:00+00:00, run_after=2024-11-20 00:00:00+00:00
[2024-11-20T00:20:30.997+0000] {processor.py:208} INFO - Processing /home/ubuntu/airflow_venv/lib/python3.12/site-packages/airflow/example_dags/example_branch_day_of_week_operator.py took 0.075 seconds
[2024-11-20T00:21:27.787+0000] {processor.py:186} INFO - Started process (PID=2362) to work on /home/ubuntu/airflow_venv/lib/python3.12/site-packages/airflow/example_dags/example_branch_day_of_week_operator.py
[2024-11-20T00:21:27.790+0000] {processor.py:914} INFO - Processing file /home/ubuntu/airflow_venv/lib/python3.12/site-packages/airflow/example_dags/example_branch_day_of_week_operator.py for tasks to queue
[2024-11-20T00:21:27.792+0000] {logging_mixin.py:190} INFO - [2024-11-20T00:21:27.792+0000] {dagbag.py:588} INFO - Filling up the DagBag from /home/ubuntu/airflow_venv/lib/python3.12/site-packages/airflow/example_dags/example_branch_day_of_week_operator.py
[2024-11-20T00:21:27.801+0000] {processor.py:925} INFO - DAG(s) 'example_weekday_branch_operator' retrieved from /home/ubuntu/airflow_venv/lib/python3.12/site-packages/airflow/example_dags/example_branch_day_of_week_operator.py
[2024-11-20T00:21:27.936+0000] {logging_mixin.py:190} INFO - [2024-11-20T00:21:27.936+0000] {dag.py:3239} INFO - Sync 1 DAGs
[2024-11-20T00:21:27.953+0000] {logging_mixin.py:190} INFO - [2024-11-20T00:21:27.952+0000] {dag.py:4180} INFO - Setting next_dagrun for example_weekday_branch_operator to 2024-11-19 00:00:00+00:00, run_after=2024-11-20 00:00:00+00:00
[2024-11-20T00:21:27.975+0000] {processor.py:208} INFO - Processing /home/ubuntu/airflow_venv/lib/python3.12/site-packages/airflow/example_dags/example_branch_day_of_week_operator.py took 0.192 seconds
[2024-11-20T00:22:28.047+0000] {processor.py:186} INFO - Started process (PID=2426) to work on /home/ubuntu/airflow_venv/lib/python3.12/site-packages/airflow/example_dags/example_branch_day_of_week_operator.py
[2024-11-20T00:22:28.050+0000] {processor.py:914} INFO - Processing file /home/ubuntu/airflow_venv/lib/python3.12/site-packages/airflow/example_dags/example_branch_day_of_week_operator.py for tasks to queue
[2024-11-20T00:22:28.053+0000] {logging_mixin.py:190} INFO - [2024-11-20T00:22:28.052+0000] {dagbag.py:588} INFO - Filling up the DagBag from /home/ubuntu/airflow_venv/lib/python3.12/site-packages/airflow/example_dags/example_branch_day_of_week_operator.py
[2024-11-20T00:22:28.063+0000] {processor.py:925} INFO - DAG(s) 'example_weekday_branch_operator' retrieved from /home/ubuntu/airflow_venv/lib/python3.12/site-packages/airflow/example_dags/example_branch_day_of_week_operator.py
[2024-11-20T00:22:28.080+0000] {logging_mixin.py:190} INFO - [2024-11-20T00:22:28.080+0000] {dag.py:3239} INFO - Sync 1 DAGs
[2024-11-20T00:22:28.098+0000] {logging_mixin.py:190} INFO - [2024-11-20T00:22:28.098+0000] {dag.py:4180} INFO - Setting next_dagrun for example_weekday_branch_operator to 2024-11-19 00:00:00+00:00, run_after=2024-11-20 00:00:00+00:00
[2024-11-20T00:22:28.120+0000] {processor.py:208} INFO - Processing /home/ubuntu/airflow_venv/lib/python3.12/site-packages/airflow/example_dags/example_branch_day_of_week_operator.py took 0.078 seconds
[2024-11-20T00:23:23.562+0000] {processor.py:186} INFO - Started process (PID=2482) to work on /home/ubuntu/airflow_venv/lib/python3.12/site-packages/airflow/example_dags/example_branch_day_of_week_operator.py
[2024-11-20T00:23:23.564+0000] {processor.py:914} INFO - Processing file /home/ubuntu/airflow_venv/lib/python3.12/site-packages/airflow/example_dags/example_branch_day_of_week_operator.py for tasks to queue
[2024-11-20T00:23:23.566+0000] {logging_mixin.py:190} INFO - [2024-11-20T00:23:23.565+0000] {dagbag.py:588} INFO - Filling up the DagBag from /home/ubuntu/airflow_venv/lib/python3.12/site-packages/airflow/example_dags/example_branch_day_of_week_operator.py
[2024-11-20T00:23:23.577+0000] {processor.py:925} INFO - DAG(s) 'example_weekday_branch_operator' retrieved from /home/ubuntu/airflow_venv/lib/python3.12/site-packages/airflow/example_dags/example_branch_day_of_week_operator.py
[2024-11-20T00:23:23.592+0000] {logging_mixin.py:190} INFO - [2024-11-20T00:23:23.592+0000] {dag.py:3239} INFO - Sync 1 DAGs
[2024-11-20T00:23:23.613+0000] {logging_mixin.py:190} INFO - [2024-11-20T00:23:23.612+0000] {dag.py:4180} INFO - Setting next_dagrun for example_weekday_branch_operator to 2024-11-19 00:00:00+00:00, run_after=2024-11-20 00:00:00+00:00
[2024-11-20T00:23:23.634+0000] {processor.py:208} INFO - Processing /home/ubuntu/airflow_venv/lib/python3.12/site-packages/airflow/example_dags/example_branch_day_of_week_operator.py took 0.078 seconds
[2024-11-20T00:24:19.154+0000] {processor.py:186} INFO - Started process (PID=2539) to work on /home/ubuntu/airflow_venv/lib/python3.12/site-packages/airflow/example_dags/example_branch_day_of_week_operator.py
[2024-11-20T00:24:19.155+0000] {processor.py:914} INFO - Processing file /home/ubuntu/airflow_venv/lib/python3.12/site-packages/airflow/example_dags/example_branch_day_of_week_operator.py for tasks to queue
[2024-11-20T00:24:19.157+0000] {logging_mixin.py:190} INFO - [2024-11-20T00:24:19.157+0000] {dagbag.py:588} INFO - Filling up the DagBag from /home/ubuntu/airflow_venv/lib/python3.12/site-packages/airflow/example_dags/example_branch_day_of_week_operator.py
[2024-11-20T00:24:19.168+0000] {processor.py:925} INFO - DAG(s) 'example_weekday_branch_operator' retrieved from /home/ubuntu/airflow_venv/lib/python3.12/site-packages/airflow/example_dags/example_branch_day_of_week_operator.py
[2024-11-20T00:24:19.185+0000] {logging_mixin.py:190} INFO - [2024-11-20T00:24:19.184+0000] {dag.py:3239} INFO - Sync 1 DAGs
[2024-11-20T00:24:19.203+0000] {logging_mixin.py:190} INFO - [2024-11-20T00:24:19.203+0000] {dag.py:4180} INFO - Setting next_dagrun for example_weekday_branch_operator to 2024-11-19 00:00:00+00:00, run_after=2024-11-20 00:00:00+00:00
[2024-11-20T00:24:19.226+0000] {processor.py:208} INFO - Processing /home/ubuntu/airflow_venv/lib/python3.12/site-packages/airflow/example_dags/example_branch_day_of_week_operator.py took 0.078 seconds
[2024-11-20T00:25:36.969+0000] {processor.py:186} INFO - Started process (PID=2623) to work on /home/ubuntu/airflow_venv/lib/python3.12/site-packages/airflow/example_dags/example_branch_day_of_week_operator.py
[2024-11-20T00:25:36.972+0000] {processor.py:914} INFO - Processing file /home/ubuntu/airflow_venv/lib/python3.12/site-packages/airflow/example_dags/example_branch_day_of_week_operator.py for tasks to queue
[2024-11-20T00:25:36.974+0000] {logging_mixin.py:190} INFO - [2024-11-20T00:25:36.973+0000] {dagbag.py:588} INFO - Filling up the DagBag from /home/ubuntu/airflow_venv/lib/python3.12/site-packages/airflow/example_dags/example_branch_day_of_week_operator.py
[2024-11-20T00:25:36.984+0000] {processor.py:925} INFO - DAG(s) 'example_weekday_branch_operator' retrieved from /home/ubuntu/airflow_venv/lib/python3.12/site-packages/airflow/example_dags/example_branch_day_of_week_operator.py
[2024-11-20T00:25:36.999+0000] {logging_mixin.py:190} INFO - [2024-11-20T00:25:36.999+0000] {dag.py:3239} INFO - Sync 1 DAGs
[2024-11-20T00:25:37.018+0000] {logging_mixin.py:190} INFO - [2024-11-20T00:25:37.018+0000] {dag.py:4180} INFO - Setting next_dagrun for example_weekday_branch_operator to 2024-11-19 00:00:00+00:00, run_after=2024-11-20 00:00:00+00:00
[2024-11-20T00:25:37.040+0000] {processor.py:208} INFO - Processing /home/ubuntu/airflow_venv/lib/python3.12/site-packages/airflow/example_dags/example_branch_day_of_week_operator.py took 0.076 seconds
[2024-11-20T00:26:32.956+0000] {processor.py:186} INFO - Started process (PID=2682) to work on /home/ubuntu/airflow_venv/lib/python3.12/site-packages/airflow/example_dags/example_branch_day_of_week_operator.py
[2024-11-20T00:26:32.958+0000] {processor.py:914} INFO - Processing file /home/ubuntu/airflow_venv/lib/python3.12/site-packages/airflow/example_dags/example_branch_day_of_week_operator.py for tasks to queue
[2024-11-20T00:26:32.961+0000] {logging_mixin.py:190} INFO - [2024-11-20T00:26:32.961+0000] {dagbag.py:588} INFO - Filling up the DagBag from /home/ubuntu/airflow_venv/lib/python3.12/site-packages/airflow/example_dags/example_branch_day_of_week_operator.py
[2024-11-20T00:26:32.971+0000] {processor.py:925} INFO - DAG(s) 'example_weekday_branch_operator' retrieved from /home/ubuntu/airflow_venv/lib/python3.12/site-packages/airflow/example_dags/example_branch_day_of_week_operator.py
[2024-11-20T00:26:32.987+0000] {logging_mixin.py:190} INFO - [2024-11-20T00:26:32.987+0000] {dag.py:3239} INFO - Sync 1 DAGs
[2024-11-20T00:26:33.006+0000] {logging_mixin.py:190} INFO - [2024-11-20T00:26:33.006+0000] {dag.py:4180} INFO - Setting next_dagrun for example_weekday_branch_operator to 2024-11-19 00:00:00+00:00, run_after=2024-11-20 00:00:00+00:00
[2024-11-20T00:26:33.030+0000] {processor.py:208} INFO - Processing /home/ubuntu/airflow_venv/lib/python3.12/site-packages/airflow/example_dags/example_branch_day_of_week_operator.py took 0.079 seconds
[2024-11-20T00:27:53.217+0000] {processor.py:186} INFO - Started process (PID=2783) to work on /home/ubuntu/airflow_venv/lib/python3.12/site-packages/airflow/example_dags/example_branch_day_of_week_operator.py
[2024-11-20T00:27:53.219+0000] {processor.py:914} INFO - Processing file /home/ubuntu/airflow_venv/lib/python3.12/site-packages/airflow/example_dags/example_branch_day_of_week_operator.py for tasks to queue
[2024-11-20T00:27:53.222+0000] {logging_mixin.py:190} INFO - [2024-11-20T00:27:53.221+0000] {dagbag.py:588} INFO - Filling up the DagBag from /home/ubuntu/airflow_venv/lib/python3.12/site-packages/airflow/example_dags/example_branch_day_of_week_operator.py
[2024-11-20T00:27:53.232+0000] {processor.py:925} INFO - DAG(s) 'example_weekday_branch_operator' retrieved from /home/ubuntu/airflow_venv/lib/python3.12/site-packages/airflow/example_dags/example_branch_day_of_week_operator.py
[2024-11-20T00:27:53.247+0000] {logging_mixin.py:190} INFO - [2024-11-20T00:27:53.246+0000] {dag.py:3239} INFO - Sync 1 DAGs
[2024-11-20T00:27:53.267+0000] {logging_mixin.py:190} INFO - [2024-11-20T00:27:53.266+0000] {dag.py:4180} INFO - Setting next_dagrun for example_weekday_branch_operator to 2024-11-19 00:00:00+00:00, run_after=2024-11-20 00:00:00+00:00
[2024-11-20T00:27:53.290+0000] {processor.py:208} INFO - Processing /home/ubuntu/airflow_venv/lib/python3.12/site-packages/airflow/example_dags/example_branch_day_of_week_operator.py took 0.078 seconds
[2024-11-20T00:28:51.393+0000] {processor.py:186} INFO - Started process (PID=2957) to work on /home/ubuntu/airflow_venv/lib/python3.12/site-packages/airflow/example_dags/example_branch_day_of_week_operator.py
[2024-11-20T00:28:51.395+0000] {processor.py:914} INFO - Processing file /home/ubuntu/airflow_venv/lib/python3.12/site-packages/airflow/example_dags/example_branch_day_of_week_operator.py for tasks to queue
[2024-11-20T00:28:51.397+0000] {logging_mixin.py:190} INFO - [2024-11-20T00:28:51.396+0000] {dagbag.py:588} INFO - Filling up the DagBag from /home/ubuntu/airflow_venv/lib/python3.12/site-packages/airflow/example_dags/example_branch_day_of_week_operator.py
[2024-11-20T00:28:51.407+0000] {processor.py:925} INFO - DAG(s) 'example_weekday_branch_operator' retrieved from /home/ubuntu/airflow_venv/lib/python3.12/site-packages/airflow/example_dags/example_branch_day_of_week_operator.py
[2024-11-20T00:28:51.423+0000] {logging_mixin.py:190} INFO - [2024-11-20T00:28:51.423+0000] {dag.py:3239} INFO - Sync 1 DAGs
[2024-11-20T00:28:51.453+0000] {logging_mixin.py:190} INFO - [2024-11-20T00:28:51.453+0000] {dag.py:4180} INFO - Setting next_dagrun for example_weekday_branch_operator to 2024-11-19 00:00:00+00:00, run_after=2024-11-20 00:00:00+00:00
[2024-11-20T00:28:51.475+0000] {processor.py:208} INFO - Processing /home/ubuntu/airflow_venv/lib/python3.12/site-packages/airflow/example_dags/example_branch_day_of_week_operator.py took 0.087 seconds
[2024-11-20T00:29:55.821+0000] {processor.py:186} INFO - Started process (PID=3035) to work on /home/ubuntu/airflow_venv/lib/python3.12/site-packages/airflow/example_dags/example_branch_day_of_week_operator.py
[2024-11-20T00:29:55.822+0000] {processor.py:914} INFO - Processing file /home/ubuntu/airflow_venv/lib/python3.12/site-packages/airflow/example_dags/example_branch_day_of_week_operator.py for tasks to queue
[2024-11-20T00:29:55.823+0000] {logging_mixin.py:190} INFO - [2024-11-20T00:29:55.823+0000] {dagbag.py:588} INFO - Filling up the DagBag from /home/ubuntu/airflow_venv/lib/python3.12/site-packages/airflow/example_dags/example_branch_day_of_week_operator.py
[2024-11-20T00:29:55.834+0000] {processor.py:925} INFO - DAG(s) 'example_weekday_branch_operator' retrieved from /home/ubuntu/airflow_venv/lib/python3.12/site-packages/airflow/example_dags/example_branch_day_of_week_operator.py
[2024-11-20T00:29:55.848+0000] {logging_mixin.py:190} INFO - [2024-11-20T00:29:55.848+0000] {dag.py:3239} INFO - Sync 1 DAGs
[2024-11-20T00:29:55.868+0000] {logging_mixin.py:190} INFO - [2024-11-20T00:29:55.868+0000] {dag.py:4180} INFO - Setting next_dagrun for example_weekday_branch_operator to 2024-11-19 00:00:00+00:00, run_after=2024-11-20 00:00:00+00:00
[2024-11-20T00:29:55.890+0000] {processor.py:208} INFO - Processing /home/ubuntu/airflow_venv/lib/python3.12/site-packages/airflow/example_dags/example_branch_day_of_week_operator.py took 0.075 seconds
[2024-11-20T00:30:52.472+0000] {processor.py:186} INFO - Started process (PID=3121) to work on /home/ubuntu/airflow_venv/lib/python3.12/site-packages/airflow/example_dags/example_branch_day_of_week_operator.py
[2024-11-20T00:30:52.474+0000] {processor.py:914} INFO - Processing file /home/ubuntu/airflow_venv/lib/python3.12/site-packages/airflow/example_dags/example_branch_day_of_week_operator.py for tasks to queue
[2024-11-20T00:30:52.475+0000] {logging_mixin.py:190} INFO - [2024-11-20T00:30:52.475+0000] {dagbag.py:588} INFO - Filling up the DagBag from /home/ubuntu/airflow_venv/lib/python3.12/site-packages/airflow/example_dags/example_branch_day_of_week_operator.py
[2024-11-20T00:30:52.488+0000] {processor.py:925} INFO - DAG(s) 'example_weekday_branch_operator' retrieved from /home/ubuntu/airflow_venv/lib/python3.12/site-packages/airflow/example_dags/example_branch_day_of_week_operator.py
[2024-11-20T00:30:52.504+0000] {logging_mixin.py:190} INFO - [2024-11-20T00:30:52.504+0000] {dag.py:3239} INFO - Sync 1 DAGs
[2024-11-20T00:30:52.530+0000] {logging_mixin.py:190} INFO - [2024-11-20T00:30:52.530+0000] {dag.py:4180} INFO - Setting next_dagrun for example_weekday_branch_operator to 2024-11-19 00:00:00+00:00, run_after=2024-11-20 00:00:00+00:00
[2024-11-20T00:30:52.552+0000] {processor.py:208} INFO - Processing /home/ubuntu/airflow_venv/lib/python3.12/site-packages/airflow/example_dags/example_branch_day_of_week_operator.py took 0.085 seconds
[2024-11-20T00:31:47.894+0000] {processor.py:186} INFO - Started process (PID=3293) to work on /home/ubuntu/airflow_venv/lib/python3.12/site-packages/airflow/example_dags/example_branch_day_of_week_operator.py
[2024-11-20T00:31:47.896+0000] {processor.py:914} INFO - Processing file /home/ubuntu/airflow_venv/lib/python3.12/site-packages/airflow/example_dags/example_branch_day_of_week_operator.py for tasks to queue
[2024-11-20T00:31:47.898+0000] {logging_mixin.py:190} INFO - [2024-11-20T00:31:47.898+0000] {dagbag.py:588} INFO - Filling up the DagBag from /home/ubuntu/airflow_venv/lib/python3.12/site-packages/airflow/example_dags/example_branch_day_of_week_operator.py
[2024-11-20T00:31:47.908+0000] {processor.py:925} INFO - DAG(s) 'example_weekday_branch_operator' retrieved from /home/ubuntu/airflow_venv/lib/python3.12/site-packages/airflow/example_dags/example_branch_day_of_week_operator.py
[2024-11-20T00:31:47.924+0000] {logging_mixin.py:190} INFO - [2024-11-20T00:31:47.924+0000] {dag.py:3239} INFO - Sync 1 DAGs
[2024-11-20T00:31:47.943+0000] {logging_mixin.py:190} INFO - [2024-11-20T00:31:47.943+0000] {dag.py:4180} INFO - Setting next_dagrun for example_weekday_branch_operator to 2024-11-19 00:00:00+00:00, run_after=2024-11-20 00:00:00+00:00
[2024-11-20T00:31:47.965+0000] {processor.py:208} INFO - Processing /home/ubuntu/airflow_venv/lib/python3.12/site-packages/airflow/example_dags/example_branch_day_of_week_operator.py took 0.076 seconds
[2024-11-20T00:32:40.813+0000] {processor.py:186} INFO - Started process (PID=3684) to work on /home/ubuntu/airflow_venv/lib/python3.12/site-packages/airflow/example_dags/example_branch_day_of_week_operator.py
[2024-11-20T00:32:40.816+0000] {processor.py:914} INFO - Processing file /home/ubuntu/airflow_venv/lib/python3.12/site-packages/airflow/example_dags/example_branch_day_of_week_operator.py for tasks to queue
[2024-11-20T00:32:40.818+0000] {logging_mixin.py:190} INFO - [2024-11-20T00:32:40.817+0000] {dagbag.py:588} INFO - Filling up the DagBag from /home/ubuntu/airflow_venv/lib/python3.12/site-packages/airflow/example_dags/example_branch_day_of_week_operator.py
[2024-11-20T00:32:40.840+0000] {processor.py:925} INFO - DAG(s) 'example_weekday_branch_operator' retrieved from /home/ubuntu/airflow_venv/lib/python3.12/site-packages/airflow/example_dags/example_branch_day_of_week_operator.py
[2024-11-20T00:32:40.879+0000] {logging_mixin.py:190} INFO - [2024-11-20T00:32:40.879+0000] {dag.py:3239} INFO - Sync 1 DAGs
[2024-11-20T00:32:40.924+0000] {logging_mixin.py:190} INFO - [2024-11-20T00:32:40.923+0000] {dag.py:4180} INFO - Setting next_dagrun for example_weekday_branch_operator to 2024-11-19 00:00:00+00:00, run_after=2024-11-20 00:00:00+00:00
[2024-11-20T00:32:40.965+0000] {processor.py:208} INFO - Processing /home/ubuntu/airflow_venv/lib/python3.12/site-packages/airflow/example_dags/example_branch_day_of_week_operator.py took 0.163 seconds
[2024-11-20T00:33:35.141+0000] {processor.py:186} INFO - Started process (PID=3941) to work on /home/ubuntu/airflow_venv/lib/python3.12/site-packages/airflow/example_dags/example_branch_day_of_week_operator.py
[2024-11-20T00:33:35.142+0000] {processor.py:914} INFO - Processing file /home/ubuntu/airflow_venv/lib/python3.12/site-packages/airflow/example_dags/example_branch_day_of_week_operator.py for tasks to queue
[2024-11-20T00:33:35.144+0000] {logging_mixin.py:190} INFO - [2024-11-20T00:33:35.144+0000] {dagbag.py:588} INFO - Filling up the DagBag from /home/ubuntu/airflow_venv/lib/python3.12/site-packages/airflow/example_dags/example_branch_day_of_week_operator.py
[2024-11-20T00:33:35.153+0000] {processor.py:925} INFO - DAG(s) 'example_weekday_branch_operator' retrieved from /home/ubuntu/airflow_venv/lib/python3.12/site-packages/airflow/example_dags/example_branch_day_of_week_operator.py
[2024-11-20T00:33:35.169+0000] {logging_mixin.py:190} INFO - [2024-11-20T00:33:35.168+0000] {dag.py:3239} INFO - Sync 1 DAGs
[2024-11-20T00:33:35.189+0000] {logging_mixin.py:190} INFO - [2024-11-20T00:33:35.188+0000] {dag.py:4180} INFO - Setting next_dagrun for example_weekday_branch_operator to 2024-11-19 00:00:00+00:00, run_after=2024-11-20 00:00:00+00:00
[2024-11-20T00:33:35.209+0000] {processor.py:208} INFO - Processing /home/ubuntu/airflow_venv/lib/python3.12/site-packages/airflow/example_dags/example_branch_day_of_week_operator.py took 0.075 seconds
[2024-11-20T00:34:40.229+0000] {processor.py:186} INFO - Started process (PID=4049) to work on /home/ubuntu/airflow_venv/lib/python3.12/site-packages/airflow/example_dags/example_branch_day_of_week_operator.py
[2024-11-20T00:34:40.231+0000] {processor.py:914} INFO - Processing file /home/ubuntu/airflow_venv/lib/python3.12/site-packages/airflow/example_dags/example_branch_day_of_week_operator.py for tasks to queue
[2024-11-20T00:34:40.233+0000] {logging_mixin.py:190} INFO - [2024-11-20T00:34:40.232+0000] {dagbag.py:588} INFO - Filling up the DagBag from /home/ubuntu/airflow_venv/lib/python3.12/site-packages/airflow/example_dags/example_branch_day_of_week_operator.py
[2024-11-20T00:34:40.243+0000] {processor.py:925} INFO - DAG(s) 'example_weekday_branch_operator' retrieved from /home/ubuntu/airflow_venv/lib/python3.12/site-packages/airflow/example_dags/example_branch_day_of_week_operator.py
[2024-11-20T00:34:40.258+0000] {logging_mixin.py:190} INFO - [2024-11-20T00:34:40.258+0000] {dag.py:3239} INFO - Sync 1 DAGs
[2024-11-20T00:34:40.277+0000] {logging_mixin.py:190} INFO - [2024-11-20T00:34:40.277+0000] {dag.py:4180} INFO - Setting next_dagrun for example_weekday_branch_operator to 2024-11-19 00:00:00+00:00, run_after=2024-11-20 00:00:00+00:00
[2024-11-20T00:34:40.301+0000] {processor.py:208} INFO - Processing /home/ubuntu/airflow_venv/lib/python3.12/site-packages/airflow/example_dags/example_branch_day_of_week_operator.py took 0.078 seconds
[2024-11-20T00:35:37.549+0000] {processor.py:186} INFO - Started process (PID=4136) to work on /home/ubuntu/airflow_venv/lib/python3.12/site-packages/airflow/example_dags/example_branch_day_of_week_operator.py
[2024-11-20T00:35:37.551+0000] {processor.py:914} INFO - Processing file /home/ubuntu/airflow_venv/lib/python3.12/site-packages/airflow/example_dags/example_branch_day_of_week_operator.py for tasks to queue
[2024-11-20T00:35:37.553+0000] {logging_mixin.py:190} INFO - [2024-11-20T00:35:37.552+0000] {dagbag.py:588} INFO - Filling up the DagBag from /home/ubuntu/airflow_venv/lib/python3.12/site-packages/airflow/example_dags/example_branch_day_of_week_operator.py
[2024-11-20T00:35:37.563+0000] {processor.py:925} INFO - DAG(s) 'example_weekday_branch_operator' retrieved from /home/ubuntu/airflow_venv/lib/python3.12/site-packages/airflow/example_dags/example_branch_day_of_week_operator.py
[2024-11-20T00:35:37.578+0000] {logging_mixin.py:190} INFO - [2024-11-20T00:35:37.578+0000] {dag.py:3239} INFO - Sync 1 DAGs
[2024-11-20T00:35:37.598+0000] {logging_mixin.py:190} INFO - [2024-11-20T00:35:37.598+0000] {dag.py:4180} INFO - Setting next_dagrun for example_weekday_branch_operator to 2024-11-19 00:00:00+00:00, run_after=2024-11-20 00:00:00+00:00
[2024-11-20T00:35:37.619+0000] {processor.py:208} INFO - Processing /home/ubuntu/airflow_venv/lib/python3.12/site-packages/airflow/example_dags/example_branch_day_of_week_operator.py took 0.077 seconds
[2024-11-20T00:36:31.778+0000] {processor.py:186} INFO - Started process (PID=4192) to work on /home/ubuntu/airflow_venv/lib/python3.12/site-packages/airflow/example_dags/example_branch_day_of_week_operator.py
[2024-11-20T00:36:31.780+0000] {processor.py:914} INFO - Processing file /home/ubuntu/airflow_venv/lib/python3.12/site-packages/airflow/example_dags/example_branch_day_of_week_operator.py for tasks to queue
[2024-11-20T00:36:31.781+0000] {logging_mixin.py:190} INFO - [2024-11-20T00:36:31.781+0000] {dagbag.py:588} INFO - Filling up the DagBag from /home/ubuntu/airflow_venv/lib/python3.12/site-packages/airflow/example_dags/example_branch_day_of_week_operator.py
[2024-11-20T00:36:31.791+0000] {processor.py:925} INFO - DAG(s) 'example_weekday_branch_operator' retrieved from /home/ubuntu/airflow_venv/lib/python3.12/site-packages/airflow/example_dags/example_branch_day_of_week_operator.py
[2024-11-20T00:36:31.806+0000] {logging_mixin.py:190} INFO - [2024-11-20T00:36:31.806+0000] {dag.py:3239} INFO - Sync 1 DAGs
[2024-11-20T00:36:31.827+0000] {logging_mixin.py:190} INFO - [2024-11-20T00:36:31.827+0000] {dag.py:4180} INFO - Setting next_dagrun for example_weekday_branch_operator to 2024-11-19 00:00:00+00:00, run_after=2024-11-20 00:00:00+00:00
[2024-11-20T00:36:31.849+0000] {processor.py:208} INFO - Processing /home/ubuntu/airflow_venv/lib/python3.12/site-packages/airflow/example_dags/example_branch_day_of_week_operator.py took 0.078 seconds
[2024-11-20T00:37:25.849+0000] {processor.py:186} INFO - Started process (PID=4247) to work on /home/ubuntu/airflow_venv/lib/python3.12/site-packages/airflow/example_dags/example_branch_day_of_week_operator.py
[2024-11-20T00:37:25.851+0000] {processor.py:914} INFO - Processing file /home/ubuntu/airflow_venv/lib/python3.12/site-packages/airflow/example_dags/example_branch_day_of_week_operator.py for tasks to queue
[2024-11-20T00:37:25.852+0000] {logging_mixin.py:190} INFO - [2024-11-20T00:37:25.851+0000] {dagbag.py:588} INFO - Filling up the DagBag from /home/ubuntu/airflow_venv/lib/python3.12/site-packages/airflow/example_dags/example_branch_day_of_week_operator.py
[2024-11-20T00:37:25.861+0000] {processor.py:925} INFO - DAG(s) 'example_weekday_branch_operator' retrieved from /home/ubuntu/airflow_venv/lib/python3.12/site-packages/airflow/example_dags/example_branch_day_of_week_operator.py
[2024-11-20T00:37:25.877+0000] {logging_mixin.py:190} INFO - [2024-11-20T00:37:25.877+0000] {dag.py:3239} INFO - Sync 1 DAGs
[2024-11-20T00:37:25.897+0000] {logging_mixin.py:190} INFO - [2024-11-20T00:37:25.897+0000] {dag.py:4180} INFO - Setting next_dagrun for example_weekday_branch_operator to 2024-11-19 00:00:00+00:00, run_after=2024-11-20 00:00:00+00:00
[2024-11-20T00:37:25.917+0000] {processor.py:208} INFO - Processing /home/ubuntu/airflow_venv/lib/python3.12/site-packages/airflow/example_dags/example_branch_day_of_week_operator.py took 0.074 seconds
[2024-11-20T00:38:22.886+0000] {processor.py:186} INFO - Started process (PID=4332) to work on /home/ubuntu/airflow_venv/lib/python3.12/site-packages/airflow/example_dags/example_branch_day_of_week_operator.py
[2024-11-20T00:38:22.888+0000] {processor.py:914} INFO - Processing file /home/ubuntu/airflow_venv/lib/python3.12/site-packages/airflow/example_dags/example_branch_day_of_week_operator.py for tasks to queue
[2024-11-20T00:38:22.889+0000] {logging_mixin.py:190} INFO - [2024-11-20T00:38:22.888+0000] {dagbag.py:588} INFO - Filling up the DagBag from /home/ubuntu/airflow_venv/lib/python3.12/site-packages/airflow/example_dags/example_branch_day_of_week_operator.py
[2024-11-20T00:38:22.898+0000] {processor.py:925} INFO - DAG(s) 'example_weekday_branch_operator' retrieved from /home/ubuntu/airflow_venv/lib/python3.12/site-packages/airflow/example_dags/example_branch_day_of_week_operator.py
[2024-11-20T00:38:22.913+0000] {logging_mixin.py:190} INFO - [2024-11-20T00:38:22.913+0000] {dag.py:3239} INFO - Sync 1 DAGs
[2024-11-20T00:38:22.933+0000] {logging_mixin.py:190} INFO - [2024-11-20T00:38:22.933+0000] {dag.py:4180} INFO - Setting next_dagrun for example_weekday_branch_operator to 2024-11-19 00:00:00+00:00, run_after=2024-11-20 00:00:00+00:00
[2024-11-20T00:38:22.955+0000] {processor.py:208} INFO - Processing /home/ubuntu/airflow_venv/lib/python3.12/site-packages/airflow/example_dags/example_branch_day_of_week_operator.py took 0.077 seconds
[2024-11-20T00:39:18.884+0000] {processor.py:186} INFO - Started process (PID=4390) to work on /home/ubuntu/airflow_venv/lib/python3.12/site-packages/airflow/example_dags/example_branch_day_of_week_operator.py
[2024-11-20T00:39:18.886+0000] {processor.py:914} INFO - Processing file /home/ubuntu/airflow_venv/lib/python3.12/site-packages/airflow/example_dags/example_branch_day_of_week_operator.py for tasks to queue
[2024-11-20T00:39:18.887+0000] {logging_mixin.py:190} INFO - [2024-11-20T00:39:18.887+0000] {dagbag.py:588} INFO - Filling up the DagBag from /home/ubuntu/airflow_venv/lib/python3.12/site-packages/airflow/example_dags/example_branch_day_of_week_operator.py
[2024-11-20T00:39:18.897+0000] {processor.py:925} INFO - DAG(s) 'example_weekday_branch_operator' retrieved from /home/ubuntu/airflow_venv/lib/python3.12/site-packages/airflow/example_dags/example_branch_day_of_week_operator.py
[2024-11-20T00:39:18.912+0000] {logging_mixin.py:190} INFO - [2024-11-20T00:39:18.912+0000] {dag.py:3239} INFO - Sync 1 DAGs
[2024-11-20T00:39:18.939+0000] {logging_mixin.py:190} INFO - [2024-11-20T00:39:18.939+0000] {dag.py:4180} INFO - Setting next_dagrun for example_weekday_branch_operator to 2024-11-19 00:00:00+00:00, run_after=2024-11-20 00:00:00+00:00
[2024-11-20T00:39:18.961+0000] {processor.py:208} INFO - Processing /home/ubuntu/airflow_venv/lib/python3.12/site-packages/airflow/example_dags/example_branch_day_of_week_operator.py took 0.085 seconds
[2024-11-20T00:40:21.127+0000] {processor.py:186} INFO - Started process (PID=4486) to work on /home/ubuntu/airflow_venv/lib/python3.12/site-packages/airflow/example_dags/example_branch_day_of_week_operator.py
[2024-11-20T00:40:21.129+0000] {processor.py:914} INFO - Processing file /home/ubuntu/airflow_venv/lib/python3.12/site-packages/airflow/example_dags/example_branch_day_of_week_operator.py for tasks to queue
[2024-11-20T00:40:21.131+0000] {logging_mixin.py:190} INFO - [2024-11-20T00:40:21.130+0000] {dagbag.py:588} INFO - Filling up the DagBag from /home/ubuntu/airflow_venv/lib/python3.12/site-packages/airflow/example_dags/example_branch_day_of_week_operator.py
[2024-11-20T00:40:21.141+0000] {processor.py:925} INFO - DAG(s) 'example_weekday_branch_operator' retrieved from /home/ubuntu/airflow_venv/lib/python3.12/site-packages/airflow/example_dags/example_branch_day_of_week_operator.py
[2024-11-20T00:40:21.156+0000] {logging_mixin.py:190} INFO - [2024-11-20T00:40:21.155+0000] {dag.py:3239} INFO - Sync 1 DAGs
[2024-11-20T00:40:21.176+0000] {logging_mixin.py:190} INFO - [2024-11-20T00:40:21.176+0000] {dag.py:4180} INFO - Setting next_dagrun for example_weekday_branch_operator to 2024-11-19 00:00:00+00:00, run_after=2024-11-20 00:00:00+00:00
[2024-11-20T00:40:21.198+0000] {processor.py:208} INFO - Processing /home/ubuntu/airflow_venv/lib/python3.12/site-packages/airflow/example_dags/example_branch_day_of_week_operator.py took 0.077 seconds
[2024-11-20T00:41:17.771+0000] {processor.py:186} INFO - Started process (PID=4547) to work on /home/ubuntu/airflow_venv/lib/python3.12/site-packages/airflow/example_dags/example_branch_day_of_week_operator.py
[2024-11-20T00:41:17.772+0000] {processor.py:914} INFO - Processing file /home/ubuntu/airflow_venv/lib/python3.12/site-packages/airflow/example_dags/example_branch_day_of_week_operator.py for tasks to queue
[2024-11-20T00:41:17.774+0000] {logging_mixin.py:190} INFO - [2024-11-20T00:41:17.774+0000] {dagbag.py:588} INFO - Filling up the DagBag from /home/ubuntu/airflow_venv/lib/python3.12/site-packages/airflow/example_dags/example_branch_day_of_week_operator.py
[2024-11-20T00:41:17.784+0000] {processor.py:925} INFO - DAG(s) 'example_weekday_branch_operator' retrieved from /home/ubuntu/airflow_venv/lib/python3.12/site-packages/airflow/example_dags/example_branch_day_of_week_operator.py
[2024-11-20T00:41:17.806+0000] {logging_mixin.py:190} INFO - [2024-11-20T00:41:17.805+0000] {dag.py:3239} INFO - Sync 1 DAGs
[2024-11-20T00:41:17.827+0000] {logging_mixin.py:190} INFO - [2024-11-20T00:41:17.827+0000] {dag.py:4180} INFO - Setting next_dagrun for example_weekday_branch_operator to 2024-11-19 00:00:00+00:00, run_after=2024-11-20 00:00:00+00:00
[2024-11-20T00:41:17.850+0000] {processor.py:208} INFO - Processing /home/ubuntu/airflow_venv/lib/python3.12/site-packages/airflow/example_dags/example_branch_day_of_week_operator.py took 0.087 seconds
[2024-11-20T00:42:35.415+0000] {processor.py:186} INFO - Started process (PID=4627) to work on /home/ubuntu/airflow_venv/lib/python3.12/site-packages/airflow/example_dags/example_branch_day_of_week_operator.py
[2024-11-20T00:42:35.416+0000] {processor.py:914} INFO - Processing file /home/ubuntu/airflow_venv/lib/python3.12/site-packages/airflow/example_dags/example_branch_day_of_week_operator.py for tasks to queue
[2024-11-20T00:42:35.418+0000] {logging_mixin.py:190} INFO - [2024-11-20T00:42:35.417+0000] {dagbag.py:588} INFO - Filling up the DagBag from /home/ubuntu/airflow_venv/lib/python3.12/site-packages/airflow/example_dags/example_branch_day_of_week_operator.py
[2024-11-20T00:42:35.427+0000] {processor.py:925} INFO - DAG(s) 'example_weekday_branch_operator' retrieved from /home/ubuntu/airflow_venv/lib/python3.12/site-packages/airflow/example_dags/example_branch_day_of_week_operator.py
[2024-11-20T00:42:35.443+0000] {logging_mixin.py:190} INFO - [2024-11-20T00:42:35.443+0000] {dag.py:3239} INFO - Sync 1 DAGs
[2024-11-20T00:42:35.462+0000] {logging_mixin.py:190} INFO - [2024-11-20T00:42:35.462+0000] {dag.py:4180} INFO - Setting next_dagrun for example_weekday_branch_operator to 2024-11-19 00:00:00+00:00, run_after=2024-11-20 00:00:00+00:00
[2024-11-20T00:42:35.484+0000] {processor.py:208} INFO - Processing /home/ubuntu/airflow_venv/lib/python3.12/site-packages/airflow/example_dags/example_branch_day_of_week_operator.py took 0.077 seconds
[2024-11-20T00:43:33.131+0000] {processor.py:186} INFO - Started process (PID=4687) to work on /home/ubuntu/airflow_venv/lib/python3.12/site-packages/airflow/example_dags/example_branch_day_of_week_operator.py
[2024-11-20T00:43:33.132+0000] {processor.py:914} INFO - Processing file /home/ubuntu/airflow_venv/lib/python3.12/site-packages/airflow/example_dags/example_branch_day_of_week_operator.py for tasks to queue
[2024-11-20T00:43:33.133+0000] {logging_mixin.py:190} INFO - [2024-11-20T00:43:33.133+0000] {dagbag.py:588} INFO - Filling up the DagBag from /home/ubuntu/airflow_venv/lib/python3.12/site-packages/airflow/example_dags/example_branch_day_of_week_operator.py
[2024-11-20T00:43:33.144+0000] {processor.py:925} INFO - DAG(s) 'example_weekday_branch_operator' retrieved from /home/ubuntu/airflow_venv/lib/python3.12/site-packages/airflow/example_dags/example_branch_day_of_week_operator.py
[2024-11-20T00:43:33.158+0000] {logging_mixin.py:190} INFO - [2024-11-20T00:43:33.158+0000] {dag.py:3239} INFO - Sync 1 DAGs
[2024-11-20T00:43:33.179+0000] {logging_mixin.py:190} INFO - [2024-11-20T00:43:33.178+0000] {dag.py:4180} INFO - Setting next_dagrun for example_weekday_branch_operator to 2024-11-19 00:00:00+00:00, run_after=2024-11-20 00:00:00+00:00
[2024-11-20T00:43:33.200+0000] {processor.py:208} INFO - Processing /home/ubuntu/airflow_venv/lib/python3.12/site-packages/airflow/example_dags/example_branch_day_of_week_operator.py took 0.076 seconds
[2024-11-20T00:44:27.708+0000] {processor.py:186} INFO - Started process (PID=4744) to work on /home/ubuntu/airflow_venv/lib/python3.12/site-packages/airflow/example_dags/example_branch_day_of_week_operator.py
[2024-11-20T00:44:27.709+0000] {processor.py:914} INFO - Processing file /home/ubuntu/airflow_venv/lib/python3.12/site-packages/airflow/example_dags/example_branch_day_of_week_operator.py for tasks to queue
[2024-11-20T00:44:27.711+0000] {logging_mixin.py:190} INFO - [2024-11-20T00:44:27.711+0000] {dagbag.py:588} INFO - Filling up the DagBag from /home/ubuntu/airflow_venv/lib/python3.12/site-packages/airflow/example_dags/example_branch_day_of_week_operator.py
[2024-11-20T00:44:27.721+0000] {processor.py:925} INFO - DAG(s) 'example_weekday_branch_operator' retrieved from /home/ubuntu/airflow_venv/lib/python3.12/site-packages/airflow/example_dags/example_branch_day_of_week_operator.py
[2024-11-20T00:44:27.736+0000] {logging_mixin.py:190} INFO - [2024-11-20T00:44:27.736+0000] {dag.py:3239} INFO - Sync 1 DAGs
[2024-11-20T00:44:27.757+0000] {logging_mixin.py:190} INFO - [2024-11-20T00:44:27.756+0000] {dag.py:4180} INFO - Setting next_dagrun for example_weekday_branch_operator to 2024-11-19 00:00:00+00:00, run_after=2024-11-20 00:00:00+00:00
[2024-11-20T00:44:27.778+0000] {processor.py:208} INFO - Processing /home/ubuntu/airflow_venv/lib/python3.12/site-packages/airflow/example_dags/example_branch_day_of_week_operator.py took 0.079 seconds
[2024-11-20T00:45:21.257+0000] {processor.py:186} INFO - Started process (PID=4802) to work on /home/ubuntu/airflow_venv/lib/python3.12/site-packages/airflow/example_dags/example_branch_day_of_week_operator.py
[2024-11-20T00:45:21.258+0000] {processor.py:914} INFO - Processing file /home/ubuntu/airflow_venv/lib/python3.12/site-packages/airflow/example_dags/example_branch_day_of_week_operator.py for tasks to queue
[2024-11-20T00:45:21.259+0000] {logging_mixin.py:190} INFO - [2024-11-20T00:45:21.259+0000] {dagbag.py:588} INFO - Filling up the DagBag from /home/ubuntu/airflow_venv/lib/python3.12/site-packages/airflow/example_dags/example_branch_day_of_week_operator.py
[2024-11-20T00:45:21.270+0000] {processor.py:925} INFO - DAG(s) 'example_weekday_branch_operator' retrieved from /home/ubuntu/airflow_venv/lib/python3.12/site-packages/airflow/example_dags/example_branch_day_of_week_operator.py
[2024-11-20T00:45:21.285+0000] {logging_mixin.py:190} INFO - [2024-11-20T00:45:21.285+0000] {dag.py:3239} INFO - Sync 1 DAGs
[2024-11-20T00:45:21.304+0000] {logging_mixin.py:190} INFO - [2024-11-20T00:45:21.304+0000] {dag.py:4180} INFO - Setting next_dagrun for example_weekday_branch_operator to 2024-11-19 00:00:00+00:00, run_after=2024-11-20 00:00:00+00:00
[2024-11-20T00:45:21.326+0000] {processor.py:208} INFO - Processing /home/ubuntu/airflow_venv/lib/python3.12/site-packages/airflow/example_dags/example_branch_day_of_week_operator.py took 0.077 seconds
[2024-11-20T00:46:15.314+0000] {processor.py:186} INFO - Started process (PID=4859) to work on /home/ubuntu/airflow_venv/lib/python3.12/site-packages/airflow/example_dags/example_branch_day_of_week_operator.py
[2024-11-20T00:46:15.315+0000] {processor.py:914} INFO - Processing file /home/ubuntu/airflow_venv/lib/python3.12/site-packages/airflow/example_dags/example_branch_day_of_week_operator.py for tasks to queue
[2024-11-20T00:46:15.316+0000] {logging_mixin.py:190} INFO - [2024-11-20T00:46:15.316+0000] {dagbag.py:588} INFO - Filling up the DagBag from /home/ubuntu/airflow_venv/lib/python3.12/site-packages/airflow/example_dags/example_branch_day_of_week_operator.py
[2024-11-20T00:46:15.327+0000] {processor.py:925} INFO - DAG(s) 'example_weekday_branch_operator' retrieved from /home/ubuntu/airflow_venv/lib/python3.12/site-packages/airflow/example_dags/example_branch_day_of_week_operator.py
[2024-11-20T00:46:15.342+0000] {logging_mixin.py:190} INFO - [2024-11-20T00:46:15.342+0000] {dag.py:3239} INFO - Sync 1 DAGs
[2024-11-20T00:46:15.361+0000] {logging_mixin.py:190} INFO - [2024-11-20T00:46:15.361+0000] {dag.py:4180} INFO - Setting next_dagrun for example_weekday_branch_operator to 2024-11-19 00:00:00+00:00, run_after=2024-11-20 00:00:00+00:00
[2024-11-20T00:46:15.384+0000] {processor.py:208} INFO - Processing /home/ubuntu/airflow_venv/lib/python3.12/site-packages/airflow/example_dags/example_branch_day_of_week_operator.py took 0.077 seconds
[2024-11-20T00:47:09.537+0000] {processor.py:186} INFO - Started process (PID=4914) to work on /home/ubuntu/airflow_venv/lib/python3.12/site-packages/airflow/example_dags/example_branch_day_of_week_operator.py
[2024-11-20T00:47:09.539+0000] {processor.py:914} INFO - Processing file /home/ubuntu/airflow_venv/lib/python3.12/site-packages/airflow/example_dags/example_branch_day_of_week_operator.py for tasks to queue
[2024-11-20T00:47:09.541+0000] {logging_mixin.py:190} INFO - [2024-11-20T00:47:09.540+0000] {dagbag.py:588} INFO - Filling up the DagBag from /home/ubuntu/airflow_venv/lib/python3.12/site-packages/airflow/example_dags/example_branch_day_of_week_operator.py
[2024-11-20T00:47:09.550+0000] {processor.py:925} INFO - DAG(s) 'example_weekday_branch_operator' retrieved from /home/ubuntu/airflow_venv/lib/python3.12/site-packages/airflow/example_dags/example_branch_day_of_week_operator.py
[2024-11-20T00:47:09.565+0000] {logging_mixin.py:190} INFO - [2024-11-20T00:47:09.565+0000] {dag.py:3239} INFO - Sync 1 DAGs
[2024-11-20T00:47:09.585+0000] {logging_mixin.py:190} INFO - [2024-11-20T00:47:09.585+0000] {dag.py:4180} INFO - Setting next_dagrun for example_weekday_branch_operator to 2024-11-19 00:00:00+00:00, run_after=2024-11-20 00:00:00+00:00
[2024-11-20T00:47:09.607+0000] {processor.py:208} INFO - Processing /home/ubuntu/airflow_venv/lib/python3.12/site-packages/airflow/example_dags/example_branch_day_of_week_operator.py took 0.077 seconds
[2024-11-20T00:48:01.578+0000] {processor.py:186} INFO - Started process (PID=4969) to work on /home/ubuntu/airflow_venv/lib/python3.12/site-packages/airflow/example_dags/example_branch_day_of_week_operator.py
[2024-11-20T00:48:01.581+0000] {processor.py:914} INFO - Processing file /home/ubuntu/airflow_venv/lib/python3.12/site-packages/airflow/example_dags/example_branch_day_of_week_operator.py for tasks to queue
[2024-11-20T00:48:01.582+0000] {logging_mixin.py:190} INFO - [2024-11-20T00:48:01.582+0000] {dagbag.py:588} INFO - Filling up the DagBag from /home/ubuntu/airflow_venv/lib/python3.12/site-packages/airflow/example_dags/example_branch_day_of_week_operator.py
[2024-11-20T00:48:01.593+0000] {processor.py:925} INFO - DAG(s) 'example_weekday_branch_operator' retrieved from /home/ubuntu/airflow_venv/lib/python3.12/site-packages/airflow/example_dags/example_branch_day_of_week_operator.py
[2024-11-20T00:48:01.611+0000] {logging_mixin.py:190} INFO - [2024-11-20T00:48:01.611+0000] {dag.py:3239} INFO - Sync 1 DAGs
[2024-11-20T00:48:01.632+0000] {logging_mixin.py:190} INFO - [2024-11-20T00:48:01.632+0000] {dag.py:4180} INFO - Setting next_dagrun for example_weekday_branch_operator to 2024-11-19 00:00:00+00:00, run_after=2024-11-20 00:00:00+00:00
[2024-11-20T00:48:01.658+0000] {processor.py:208} INFO - Processing /home/ubuntu/airflow_venv/lib/python3.12/site-packages/airflow/example_dags/example_branch_day_of_week_operator.py took 0.086 seconds
[2024-11-20T00:48:55.323+0000] {processor.py:186} INFO - Started process (PID=5023) to work on /home/ubuntu/airflow_venv/lib/python3.12/site-packages/airflow/example_dags/example_branch_day_of_week_operator.py
[2024-11-20T00:48:55.325+0000] {processor.py:914} INFO - Processing file /home/ubuntu/airflow_venv/lib/python3.12/site-packages/airflow/example_dags/example_branch_day_of_week_operator.py for tasks to queue
[2024-11-20T00:48:55.327+0000] {logging_mixin.py:190} INFO - [2024-11-20T00:48:55.326+0000] {dagbag.py:588} INFO - Filling up the DagBag from /home/ubuntu/airflow_venv/lib/python3.12/site-packages/airflow/example_dags/example_branch_day_of_week_operator.py
[2024-11-20T00:48:55.338+0000] {processor.py:925} INFO - DAG(s) 'example_weekday_branch_operator' retrieved from /home/ubuntu/airflow_venv/lib/python3.12/site-packages/airflow/example_dags/example_branch_day_of_week_operator.py
[2024-11-20T00:48:55.353+0000] {logging_mixin.py:190} INFO - [2024-11-20T00:48:55.353+0000] {dag.py:3239} INFO - Sync 1 DAGs
[2024-11-20T00:48:55.373+0000] {logging_mixin.py:190} INFO - [2024-11-20T00:48:55.373+0000] {dag.py:4180} INFO - Setting next_dagrun for example_weekday_branch_operator to 2024-11-19 00:00:00+00:00, run_after=2024-11-20 00:00:00+00:00
[2024-11-20T00:48:55.395+0000] {processor.py:208} INFO - Processing /home/ubuntu/airflow_venv/lib/python3.12/site-packages/airflow/example_dags/example_branch_day_of_week_operator.py took 0.079 seconds
[2024-11-20T00:49:50.698+0000] {processor.py:186} INFO - Started process (PID=5081) to work on /home/ubuntu/airflow_venv/lib/python3.12/site-packages/airflow/example_dags/example_branch_day_of_week_operator.py
[2024-11-20T00:49:50.699+0000] {processor.py:914} INFO - Processing file /home/ubuntu/airflow_venv/lib/python3.12/site-packages/airflow/example_dags/example_branch_day_of_week_operator.py for tasks to queue
[2024-11-20T00:49:50.700+0000] {logging_mixin.py:190} INFO - [2024-11-20T00:49:50.700+0000] {dagbag.py:588} INFO - Filling up the DagBag from /home/ubuntu/airflow_venv/lib/python3.12/site-packages/airflow/example_dags/example_branch_day_of_week_operator.py
[2024-11-20T00:49:50.710+0000] {processor.py:925} INFO - DAG(s) 'example_weekday_branch_operator' retrieved from /home/ubuntu/airflow_venv/lib/python3.12/site-packages/airflow/example_dags/example_branch_day_of_week_operator.py
[2024-11-20T00:49:50.726+0000] {logging_mixin.py:190} INFO - [2024-11-20T00:49:50.726+0000] {dag.py:3239} INFO - Sync 1 DAGs
[2024-11-20T00:49:50.746+0000] {logging_mixin.py:190} INFO - [2024-11-20T00:49:50.746+0000] {dag.py:4180} INFO - Setting next_dagrun for example_weekday_branch_operator to 2024-11-19 00:00:00+00:00, run_after=2024-11-20 00:00:00+00:00
[2024-11-20T00:49:50.767+0000] {processor.py:208} INFO - Processing /home/ubuntu/airflow_venv/lib/python3.12/site-packages/airflow/example_dags/example_branch_day_of_week_operator.py took 0.076 seconds
[2024-11-20T00:50:44.345+0000] {processor.py:186} INFO - Started process (PID=5140) to work on /home/ubuntu/airflow_venv/lib/python3.12/site-packages/airflow/example_dags/example_branch_day_of_week_operator.py
[2024-11-20T00:50:44.346+0000] {processor.py:914} INFO - Processing file /home/ubuntu/airflow_venv/lib/python3.12/site-packages/airflow/example_dags/example_branch_day_of_week_operator.py for tasks to queue
[2024-11-20T00:50:44.347+0000] {logging_mixin.py:190} INFO - [2024-11-20T00:50:44.347+0000] {dagbag.py:588} INFO - Filling up the DagBag from /home/ubuntu/airflow_venv/lib/python3.12/site-packages/airflow/example_dags/example_branch_day_of_week_operator.py
[2024-11-20T00:50:44.357+0000] {processor.py:925} INFO - DAG(s) 'example_weekday_branch_operator' retrieved from /home/ubuntu/airflow_venv/lib/python3.12/site-packages/airflow/example_dags/example_branch_day_of_week_operator.py
[2024-11-20T00:50:44.373+0000] {logging_mixin.py:190} INFO - [2024-11-20T00:50:44.373+0000] {dag.py:3239} INFO - Sync 1 DAGs
[2024-11-20T00:50:44.392+0000] {logging_mixin.py:190} INFO - [2024-11-20T00:50:44.392+0000] {dag.py:4180} INFO - Setting next_dagrun for example_weekday_branch_operator to 2024-11-19 00:00:00+00:00, run_after=2024-11-20 00:00:00+00:00
[2024-11-20T00:50:44.415+0000] {processor.py:208} INFO - Processing /home/ubuntu/airflow_venv/lib/python3.12/site-packages/airflow/example_dags/example_branch_day_of_week_operator.py took 0.077 seconds
[2024-11-20T00:51:40.311+0000] {processor.py:186} INFO - Started process (PID=5197) to work on /home/ubuntu/airflow_venv/lib/python3.12/site-packages/airflow/example_dags/example_branch_day_of_week_operator.py
[2024-11-20T00:51:40.313+0000] {processor.py:914} INFO - Processing file /home/ubuntu/airflow_venv/lib/python3.12/site-packages/airflow/example_dags/example_branch_day_of_week_operator.py for tasks to queue
[2024-11-20T00:51:40.314+0000] {logging_mixin.py:190} INFO - [2024-11-20T00:51:40.314+0000] {dagbag.py:588} INFO - Filling up the DagBag from /home/ubuntu/airflow_venv/lib/python3.12/site-packages/airflow/example_dags/example_branch_day_of_week_operator.py
[2024-11-20T00:51:40.324+0000] {processor.py:925} INFO - DAG(s) 'example_weekday_branch_operator' retrieved from /home/ubuntu/airflow_venv/lib/python3.12/site-packages/airflow/example_dags/example_branch_day_of_week_operator.py
[2024-11-20T00:51:40.340+0000] {logging_mixin.py:190} INFO - [2024-11-20T00:51:40.340+0000] {dag.py:3239} INFO - Sync 1 DAGs
[2024-11-20T00:51:40.358+0000] {logging_mixin.py:190} INFO - [2024-11-20T00:51:40.358+0000] {dag.py:4180} INFO - Setting next_dagrun for example_weekday_branch_operator to 2024-11-19 00:00:00+00:00, run_after=2024-11-20 00:00:00+00:00
[2024-11-20T00:51:40.380+0000] {processor.py:208} INFO - Processing /home/ubuntu/airflow_venv/lib/python3.12/site-packages/airflow/example_dags/example_branch_day_of_week_operator.py took 0.075 seconds
[2024-11-20T00:52:37.630+0000] {processor.py:186} INFO - Started process (PID=5256) to work on /home/ubuntu/airflow_venv/lib/python3.12/site-packages/airflow/example_dags/example_branch_day_of_week_operator.py
[2024-11-20T00:52:37.631+0000] {processor.py:914} INFO - Processing file /home/ubuntu/airflow_venv/lib/python3.12/site-packages/airflow/example_dags/example_branch_day_of_week_operator.py for tasks to queue
[2024-11-20T00:52:37.633+0000] {logging_mixin.py:190} INFO - [2024-11-20T00:52:37.633+0000] {dagbag.py:588} INFO - Filling up the DagBag from /home/ubuntu/airflow_venv/lib/python3.12/site-packages/airflow/example_dags/example_branch_day_of_week_operator.py
[2024-11-20T00:52:37.642+0000] {processor.py:925} INFO - DAG(s) 'example_weekday_branch_operator' retrieved from /home/ubuntu/airflow_venv/lib/python3.12/site-packages/airflow/example_dags/example_branch_day_of_week_operator.py
[2024-11-20T00:52:37.658+0000] {logging_mixin.py:190} INFO - [2024-11-20T00:52:37.658+0000] {dag.py:3239} INFO - Sync 1 DAGs
[2024-11-20T00:52:37.678+0000] {logging_mixin.py:190} INFO - [2024-11-20T00:52:37.678+0000] {dag.py:4180} INFO - Setting next_dagrun for example_weekday_branch_operator to 2024-11-19 00:00:00+00:00, run_after=2024-11-20 00:00:00+00:00
[2024-11-20T00:52:37.705+0000] {processor.py:208} INFO - Processing /home/ubuntu/airflow_venv/lib/python3.12/site-packages/airflow/example_dags/example_branch_day_of_week_operator.py took 0.082 seconds
[2024-11-20T00:53:35.227+0000] {processor.py:186} INFO - Started process (PID=5313) to work on /home/ubuntu/airflow_venv/lib/python3.12/site-packages/airflow/example_dags/example_branch_day_of_week_operator.py
[2024-11-20T00:53:35.228+0000] {processor.py:914} INFO - Processing file /home/ubuntu/airflow_venv/lib/python3.12/site-packages/airflow/example_dags/example_branch_day_of_week_operator.py for tasks to queue
[2024-11-20T00:53:35.230+0000] {logging_mixin.py:190} INFO - [2024-11-20T00:53:35.230+0000] {dagbag.py:588} INFO - Filling up the DagBag from /home/ubuntu/airflow_venv/lib/python3.12/site-packages/airflow/example_dags/example_branch_day_of_week_operator.py
[2024-11-20T00:53:35.239+0000] {processor.py:925} INFO - DAG(s) 'example_weekday_branch_operator' retrieved from /home/ubuntu/airflow_venv/lib/python3.12/site-packages/airflow/example_dags/example_branch_day_of_week_operator.py
[2024-11-20T00:53:35.256+0000] {logging_mixin.py:190} INFO - [2024-11-20T00:53:35.255+0000] {dag.py:3239} INFO - Sync 1 DAGs
[2024-11-20T00:53:35.275+0000] {logging_mixin.py:190} INFO - [2024-11-20T00:53:35.275+0000] {dag.py:4180} INFO - Setting next_dagrun for example_weekday_branch_operator to 2024-11-19 00:00:00+00:00, run_after=2024-11-20 00:00:00+00:00
[2024-11-20T00:53:35.298+0000] {processor.py:208} INFO - Processing /home/ubuntu/airflow_venv/lib/python3.12/site-packages/airflow/example_dags/example_branch_day_of_week_operator.py took 0.078 seconds
[2024-11-20T00:54:29.271+0000] {processor.py:186} INFO - Started process (PID=5383) to work on /home/ubuntu/airflow_venv/lib/python3.12/site-packages/airflow/example_dags/example_branch_day_of_week_operator.py
[2024-11-20T00:54:29.273+0000] {processor.py:914} INFO - Processing file /home/ubuntu/airflow_venv/lib/python3.12/site-packages/airflow/example_dags/example_branch_day_of_week_operator.py for tasks to queue
[2024-11-20T00:54:29.275+0000] {logging_mixin.py:190} INFO - [2024-11-20T00:54:29.274+0000] {dagbag.py:588} INFO - Filling up the DagBag from /home/ubuntu/airflow_venv/lib/python3.12/site-packages/airflow/example_dags/example_branch_day_of_week_operator.py
[2024-11-20T00:54:29.285+0000] {processor.py:925} INFO - DAG(s) 'example_weekday_branch_operator' retrieved from /home/ubuntu/airflow_venv/lib/python3.12/site-packages/airflow/example_dags/example_branch_day_of_week_operator.py
[2024-11-20T00:54:29.301+0000] {logging_mixin.py:190} INFO - [2024-11-20T00:54:29.300+0000] {dag.py:3239} INFO - Sync 1 DAGs
[2024-11-20T00:54:29.319+0000] {logging_mixin.py:190} INFO - [2024-11-20T00:54:29.319+0000] {dag.py:4180} INFO - Setting next_dagrun for example_weekday_branch_operator to 2024-11-19 00:00:00+00:00, run_after=2024-11-20 00:00:00+00:00
[2024-11-20T00:54:29.342+0000] {processor.py:208} INFO - Processing /home/ubuntu/airflow_venv/lib/python3.12/site-packages/airflow/example_dags/example_branch_day_of_week_operator.py took 0.078 seconds
[2024-11-20T00:55:46.139+0000] {processor.py:186} INFO - Started process (PID=5468) to work on /home/ubuntu/airflow_venv/lib/python3.12/site-packages/airflow/example_dags/example_branch_day_of_week_operator.py
[2024-11-20T00:55:46.140+0000] {processor.py:914} INFO - Processing file /home/ubuntu/airflow_venv/lib/python3.12/site-packages/airflow/example_dags/example_branch_day_of_week_operator.py for tasks to queue
[2024-11-20T00:55:46.141+0000] {logging_mixin.py:190} INFO - [2024-11-20T00:55:46.141+0000] {dagbag.py:588} INFO - Filling up the DagBag from /home/ubuntu/airflow_venv/lib/python3.12/site-packages/airflow/example_dags/example_branch_day_of_week_operator.py
[2024-11-20T00:55:46.151+0000] {processor.py:925} INFO - DAG(s) 'example_weekday_branch_operator' retrieved from /home/ubuntu/airflow_venv/lib/python3.12/site-packages/airflow/example_dags/example_branch_day_of_week_operator.py
[2024-11-20T00:55:46.166+0000] {logging_mixin.py:190} INFO - [2024-11-20T00:55:46.166+0000] {dag.py:3239} INFO - Sync 1 DAGs
[2024-11-20T00:55:46.186+0000] {logging_mixin.py:190} INFO - [2024-11-20T00:55:46.185+0000] {dag.py:4180} INFO - Setting next_dagrun for example_weekday_branch_operator to 2024-11-19 00:00:00+00:00, run_after=2024-11-20 00:00:00+00:00
[2024-11-20T00:55:46.208+0000] {processor.py:208} INFO - Processing /home/ubuntu/airflow_venv/lib/python3.12/site-packages/airflow/example_dags/example_branch_day_of_week_operator.py took 0.076 seconds
[2024-11-20T00:56:39.302+0000] {processor.py:186} INFO - Started process (PID=5523) to work on /home/ubuntu/airflow_venv/lib/python3.12/site-packages/airflow/example_dags/example_branch_day_of_week_operator.py
[2024-11-20T00:56:39.304+0000] {processor.py:914} INFO - Processing file /home/ubuntu/airflow_venv/lib/python3.12/site-packages/airflow/example_dags/example_branch_day_of_week_operator.py for tasks to queue
[2024-11-20T00:56:39.306+0000] {logging_mixin.py:190} INFO - [2024-11-20T00:56:39.305+0000] {dagbag.py:588} INFO - Filling up the DagBag from /home/ubuntu/airflow_venv/lib/python3.12/site-packages/airflow/example_dags/example_branch_day_of_week_operator.py
[2024-11-20T00:56:39.315+0000] {processor.py:925} INFO - DAG(s) 'example_weekday_branch_operator' retrieved from /home/ubuntu/airflow_venv/lib/python3.12/site-packages/airflow/example_dags/example_branch_day_of_week_operator.py
[2024-11-20T00:56:39.331+0000] {logging_mixin.py:190} INFO - [2024-11-20T00:56:39.330+0000] {dag.py:3239} INFO - Sync 1 DAGs
[2024-11-20T00:56:39.351+0000] {logging_mixin.py:190} INFO - [2024-11-20T00:56:39.350+0000] {dag.py:4180} INFO - Setting next_dagrun for example_weekday_branch_operator to 2024-11-19 00:00:00+00:00, run_after=2024-11-20 00:00:00+00:00
[2024-11-20T00:56:39.372+0000] {processor.py:208} INFO - Processing /home/ubuntu/airflow_venv/lib/python3.12/site-packages/airflow/example_dags/example_branch_day_of_week_operator.py took 0.077 seconds
[2024-11-20T00:57:32.964+0000] {processor.py:186} INFO - Started process (PID=5580) to work on /home/ubuntu/airflow_venv/lib/python3.12/site-packages/airflow/example_dags/example_branch_day_of_week_operator.py
[2024-11-20T00:57:32.966+0000] {processor.py:914} INFO - Processing file /home/ubuntu/airflow_venv/lib/python3.12/site-packages/airflow/example_dags/example_branch_day_of_week_operator.py for tasks to queue
[2024-11-20T00:57:32.968+0000] {logging_mixin.py:190} INFO - [2024-11-20T00:57:32.967+0000] {dagbag.py:588} INFO - Filling up the DagBag from /home/ubuntu/airflow_venv/lib/python3.12/site-packages/airflow/example_dags/example_branch_day_of_week_operator.py
[2024-11-20T00:57:32.977+0000] {processor.py:925} INFO - DAG(s) 'example_weekday_branch_operator' retrieved from /home/ubuntu/airflow_venv/lib/python3.12/site-packages/airflow/example_dags/example_branch_day_of_week_operator.py
[2024-11-20T00:57:32.993+0000] {logging_mixin.py:190} INFO - [2024-11-20T00:57:32.993+0000] {dag.py:3239} INFO - Sync 1 DAGs
[2024-11-20T00:57:33.014+0000] {logging_mixin.py:190} INFO - [2024-11-20T00:57:33.014+0000] {dag.py:4180} INFO - Setting next_dagrun for example_weekday_branch_operator to 2024-11-19 00:00:00+00:00, run_after=2024-11-20 00:00:00+00:00
[2024-11-20T00:57:33.035+0000] {processor.py:208} INFO - Processing /home/ubuntu/airflow_venv/lib/python3.12/site-packages/airflow/example_dags/example_branch_day_of_week_operator.py took 0.078 seconds
[2024-11-20T00:58:50.322+0000] {processor.py:186} INFO - Started process (PID=5661) to work on /home/ubuntu/airflow_venv/lib/python3.12/site-packages/airflow/example_dags/example_branch_day_of_week_operator.py
[2024-11-20T00:58:50.324+0000] {processor.py:914} INFO - Processing file /home/ubuntu/airflow_venv/lib/python3.12/site-packages/airflow/example_dags/example_branch_day_of_week_operator.py for tasks to queue
[2024-11-20T00:58:50.326+0000] {logging_mixin.py:190} INFO - [2024-11-20T00:58:50.325+0000] {dagbag.py:588} INFO - Filling up the DagBag from /home/ubuntu/airflow_venv/lib/python3.12/site-packages/airflow/example_dags/example_branch_day_of_week_operator.py
[2024-11-20T00:58:50.335+0000] {processor.py:925} INFO - DAG(s) 'example_weekday_branch_operator' retrieved from /home/ubuntu/airflow_venv/lib/python3.12/site-packages/airflow/example_dags/example_branch_day_of_week_operator.py
[2024-11-20T00:58:50.350+0000] {logging_mixin.py:190} INFO - [2024-11-20T00:58:50.350+0000] {dag.py:3239} INFO - Sync 1 DAGs
[2024-11-20T00:58:50.371+0000] {logging_mixin.py:190} INFO - [2024-11-20T00:58:50.371+0000] {dag.py:4180} INFO - Setting next_dagrun for example_weekday_branch_operator to 2024-11-19 00:00:00+00:00, run_after=2024-11-20 00:00:00+00:00
[2024-11-20T00:58:50.392+0000] {processor.py:208} INFO - Processing /home/ubuntu/airflow_venv/lib/python3.12/site-packages/airflow/example_dags/example_branch_day_of_week_operator.py took 0.076 seconds
[2024-11-20T00:59:43.070+0000] {processor.py:186} INFO - Started process (PID=5719) to work on /home/ubuntu/airflow_venv/lib/python3.12/site-packages/airflow/example_dags/example_branch_day_of_week_operator.py
[2024-11-20T00:59:43.072+0000] {processor.py:914} INFO - Processing file /home/ubuntu/airflow_venv/lib/python3.12/site-packages/airflow/example_dags/example_branch_day_of_week_operator.py for tasks to queue
[2024-11-20T00:59:43.074+0000] {logging_mixin.py:190} INFO - [2024-11-20T00:59:43.074+0000] {dagbag.py:588} INFO - Filling up the DagBag from /home/ubuntu/airflow_venv/lib/python3.12/site-packages/airflow/example_dags/example_branch_day_of_week_operator.py
[2024-11-20T00:59:43.083+0000] {processor.py:925} INFO - DAG(s) 'example_weekday_branch_operator' retrieved from /home/ubuntu/airflow_venv/lib/python3.12/site-packages/airflow/example_dags/example_branch_day_of_week_operator.py
[2024-11-20T00:59:43.099+0000] {logging_mixin.py:190} INFO - [2024-11-20T00:59:43.099+0000] {dag.py:3239} INFO - Sync 1 DAGs
[2024-11-20T00:59:43.119+0000] {logging_mixin.py:190} INFO - [2024-11-20T00:59:43.119+0000] {dag.py:4180} INFO - Setting next_dagrun for example_weekday_branch_operator to 2024-11-19 00:00:00+00:00, run_after=2024-11-20 00:00:00+00:00
[2024-11-20T00:59:43.139+0000] {processor.py:208} INFO - Processing /home/ubuntu/airflow_venv/lib/python3.12/site-packages/airflow/example_dags/example_branch_day_of_week_operator.py took 0.076 seconds
[2024-11-20T01:00:37.342+0000] {processor.py:186} INFO - Started process (PID=5778) to work on /home/ubuntu/airflow_venv/lib/python3.12/site-packages/airflow/example_dags/example_branch_day_of_week_operator.py
[2024-11-20T01:00:37.343+0000] {processor.py:914} INFO - Processing file /home/ubuntu/airflow_venv/lib/python3.12/site-packages/airflow/example_dags/example_branch_day_of_week_operator.py for tasks to queue
[2024-11-20T01:00:37.345+0000] {logging_mixin.py:190} INFO - [2024-11-20T01:00:37.344+0000] {dagbag.py:588} INFO - Filling up the DagBag from /home/ubuntu/airflow_venv/lib/python3.12/site-packages/airflow/example_dags/example_branch_day_of_week_operator.py
[2024-11-20T01:00:37.354+0000] {processor.py:925} INFO - DAG(s) 'example_weekday_branch_operator' retrieved from /home/ubuntu/airflow_venv/lib/python3.12/site-packages/airflow/example_dags/example_branch_day_of_week_operator.py
[2024-11-20T01:00:37.371+0000] {logging_mixin.py:190} INFO - [2024-11-20T01:00:37.370+0000] {dag.py:3239} INFO - Sync 1 DAGs
[2024-11-20T01:00:37.390+0000] {logging_mixin.py:190} INFO - [2024-11-20T01:00:37.390+0000] {dag.py:4180} INFO - Setting next_dagrun for example_weekday_branch_operator to 2024-11-19 00:00:00+00:00, run_after=2024-11-20 00:00:00+00:00
[2024-11-20T01:00:37.412+0000] {processor.py:208} INFO - Processing /home/ubuntu/airflow_venv/lib/python3.12/site-packages/airflow/example_dags/example_branch_day_of_week_operator.py took 0.077 seconds
[2024-11-20T01:01:38.518+0000] {processor.py:186} INFO - Started process (PID=5843) to work on /home/ubuntu/airflow_venv/lib/python3.12/site-packages/airflow/example_dags/example_branch_day_of_week_operator.py
[2024-11-20T01:01:38.521+0000] {processor.py:914} INFO - Processing file /home/ubuntu/airflow_venv/lib/python3.12/site-packages/airflow/example_dags/example_branch_day_of_week_operator.py for tasks to queue
[2024-11-20T01:01:38.523+0000] {logging_mixin.py:190} INFO - [2024-11-20T01:01:38.522+0000] {dagbag.py:588} INFO - Filling up the DagBag from /home/ubuntu/airflow_venv/lib/python3.12/site-packages/airflow/example_dags/example_branch_day_of_week_operator.py
[2024-11-20T01:01:38.534+0000] {processor.py:925} INFO - DAG(s) 'example_weekday_branch_operator' retrieved from /home/ubuntu/airflow_venv/lib/python3.12/site-packages/airflow/example_dags/example_branch_day_of_week_operator.py
[2024-11-20T01:01:38.551+0000] {logging_mixin.py:190} INFO - [2024-11-20T01:01:38.551+0000] {dag.py:3239} INFO - Sync 1 DAGs
[2024-11-20T01:01:38.570+0000] {logging_mixin.py:190} INFO - [2024-11-20T01:01:38.569+0000] {dag.py:4180} INFO - Setting next_dagrun for example_weekday_branch_operator to 2024-11-19 00:00:00+00:00, run_after=2024-11-20 00:00:00+00:00
[2024-11-20T01:01:38.594+0000] {processor.py:208} INFO - Processing /home/ubuntu/airflow_venv/lib/python3.12/site-packages/airflow/example_dags/example_branch_day_of_week_operator.py took 0.082 seconds
[2024-11-20T01:02:47.660+0000] {processor.py:186} INFO - Started process (PID=5917) to work on /home/ubuntu/airflow_venv/lib/python3.12/site-packages/airflow/example_dags/example_branch_day_of_week_operator.py
[2024-11-20T01:02:47.661+0000] {processor.py:914} INFO - Processing file /home/ubuntu/airflow_venv/lib/python3.12/site-packages/airflow/example_dags/example_branch_day_of_week_operator.py for tasks to queue
[2024-11-20T01:02:47.663+0000] {logging_mixin.py:190} INFO - [2024-11-20T01:02:47.662+0000] {dagbag.py:588} INFO - Filling up the DagBag from /home/ubuntu/airflow_venv/lib/python3.12/site-packages/airflow/example_dags/example_branch_day_of_week_operator.py
[2024-11-20T01:02:47.673+0000] {processor.py:925} INFO - DAG(s) 'example_weekday_branch_operator' retrieved from /home/ubuntu/airflow_venv/lib/python3.12/site-packages/airflow/example_dags/example_branch_day_of_week_operator.py
[2024-11-20T01:02:47.689+0000] {logging_mixin.py:190} INFO - [2024-11-20T01:02:47.689+0000] {dag.py:3239} INFO - Sync 1 DAGs
[2024-11-20T01:02:47.708+0000] {logging_mixin.py:190} INFO - [2024-11-20T01:02:47.708+0000] {dag.py:4180} INFO - Setting next_dagrun for example_weekday_branch_operator to 2024-11-19 00:00:00+00:00, run_after=2024-11-20 00:00:00+00:00
[2024-11-20T01:02:47.731+0000] {processor.py:208} INFO - Processing /home/ubuntu/airflow_venv/lib/python3.12/site-packages/airflow/example_dags/example_branch_day_of_week_operator.py took 0.078 seconds
[2024-11-20T01:03:43.391+0000] {processor.py:186} INFO - Started process (PID=5973) to work on /home/ubuntu/airflow_venv/lib/python3.12/site-packages/airflow/example_dags/example_branch_day_of_week_operator.py
[2024-11-20T01:03:43.393+0000] {processor.py:914} INFO - Processing file /home/ubuntu/airflow_venv/lib/python3.12/site-packages/airflow/example_dags/example_branch_day_of_week_operator.py for tasks to queue
[2024-11-20T01:03:43.395+0000] {logging_mixin.py:190} INFO - [2024-11-20T01:03:43.394+0000] {dagbag.py:588} INFO - Filling up the DagBag from /home/ubuntu/airflow_venv/lib/python3.12/site-packages/airflow/example_dags/example_branch_day_of_week_operator.py
[2024-11-20T01:03:43.404+0000] {processor.py:925} INFO - DAG(s) 'example_weekday_branch_operator' retrieved from /home/ubuntu/airflow_venv/lib/python3.12/site-packages/airflow/example_dags/example_branch_day_of_week_operator.py
[2024-11-20T01:03:43.419+0000] {logging_mixin.py:190} INFO - [2024-11-20T01:03:43.419+0000] {dag.py:3239} INFO - Sync 1 DAGs
[2024-11-20T01:03:43.439+0000] {logging_mixin.py:190} INFO - [2024-11-20T01:03:43.439+0000] {dag.py:4180} INFO - Setting next_dagrun for example_weekday_branch_operator to 2024-11-19 00:00:00+00:00, run_after=2024-11-20 00:00:00+00:00
[2024-11-20T01:03:43.460+0000] {processor.py:208} INFO - Processing /home/ubuntu/airflow_venv/lib/python3.12/site-packages/airflow/example_dags/example_branch_day_of_week_operator.py took 0.075 seconds
[2024-11-20T01:04:40.253+0000] {processor.py:186} INFO - Started process (PID=6032) to work on /home/ubuntu/airflow_venv/lib/python3.12/site-packages/airflow/example_dags/example_branch_day_of_week_operator.py
[2024-11-20T01:04:40.255+0000] {processor.py:914} INFO - Processing file /home/ubuntu/airflow_venv/lib/python3.12/site-packages/airflow/example_dags/example_branch_day_of_week_operator.py for tasks to queue
[2024-11-20T01:04:40.256+0000] {logging_mixin.py:190} INFO - [2024-11-20T01:04:40.256+0000] {dagbag.py:588} INFO - Filling up the DagBag from /home/ubuntu/airflow_venv/lib/python3.12/site-packages/airflow/example_dags/example_branch_day_of_week_operator.py
[2024-11-20T01:04:40.267+0000] {processor.py:925} INFO - DAG(s) 'example_weekday_branch_operator' retrieved from /home/ubuntu/airflow_venv/lib/python3.12/site-packages/airflow/example_dags/example_branch_day_of_week_operator.py
[2024-11-20T01:04:40.282+0000] {logging_mixin.py:190} INFO - [2024-11-20T01:04:40.282+0000] {dag.py:3239} INFO - Sync 1 DAGs
[2024-11-20T01:04:40.302+0000] {logging_mixin.py:190} INFO - [2024-11-20T01:04:40.302+0000] {dag.py:4180} INFO - Setting next_dagrun for example_weekday_branch_operator to 2024-11-19 00:00:00+00:00, run_after=2024-11-20 00:00:00+00:00
[2024-11-20T01:04:40.326+0000] {processor.py:208} INFO - Processing /home/ubuntu/airflow_venv/lib/python3.12/site-packages/airflow/example_dags/example_branch_day_of_week_operator.py took 0.080 seconds
[2024-11-20T01:05:35.391+0000] {processor.py:186} INFO - Started process (PID=6092) to work on /home/ubuntu/airflow_venv/lib/python3.12/site-packages/airflow/example_dags/example_branch_day_of_week_operator.py
[2024-11-20T01:05:35.394+0000] {processor.py:914} INFO - Processing file /home/ubuntu/airflow_venv/lib/python3.12/site-packages/airflow/example_dags/example_branch_day_of_week_operator.py for tasks to queue
[2024-11-20T01:05:35.395+0000] {logging_mixin.py:190} INFO - [2024-11-20T01:05:35.395+0000] {dagbag.py:588} INFO - Filling up the DagBag from /home/ubuntu/airflow_venv/lib/python3.12/site-packages/airflow/example_dags/example_branch_day_of_week_operator.py
[2024-11-20T01:05:35.405+0000] {processor.py:925} INFO - DAG(s) 'example_weekday_branch_operator' retrieved from /home/ubuntu/airflow_venv/lib/python3.12/site-packages/airflow/example_dags/example_branch_day_of_week_operator.py
[2024-11-20T01:05:35.423+0000] {logging_mixin.py:190} INFO - [2024-11-20T01:05:35.422+0000] {dag.py:3239} INFO - Sync 1 DAGs
[2024-11-20T01:05:35.442+0000] {logging_mixin.py:190} INFO - [2024-11-20T01:05:35.442+0000] {dag.py:4180} INFO - Setting next_dagrun for example_weekday_branch_operator to 2024-11-19 00:00:00+00:00, run_after=2024-11-20 00:00:00+00:00
[2024-11-20T01:05:35.464+0000] {processor.py:208} INFO - Processing /home/ubuntu/airflow_venv/lib/python3.12/site-packages/airflow/example_dags/example_branch_day_of_week_operator.py took 0.081 seconds
[2024-11-20T01:06:28.233+0000] {processor.py:186} INFO - Started process (PID=6147) to work on /home/ubuntu/airflow_venv/lib/python3.12/site-packages/airflow/example_dags/example_branch_day_of_week_operator.py
[2024-11-20T01:06:28.234+0000] {processor.py:914} INFO - Processing file /home/ubuntu/airflow_venv/lib/python3.12/site-packages/airflow/example_dags/example_branch_day_of_week_operator.py for tasks to queue
[2024-11-20T01:06:28.236+0000] {logging_mixin.py:190} INFO - [2024-11-20T01:06:28.236+0000] {dagbag.py:588} INFO - Filling up the DagBag from /home/ubuntu/airflow_venv/lib/python3.12/site-packages/airflow/example_dags/example_branch_day_of_week_operator.py
[2024-11-20T01:06:28.246+0000] {processor.py:925} INFO - DAG(s) 'example_weekday_branch_operator' retrieved from /home/ubuntu/airflow_venv/lib/python3.12/site-packages/airflow/example_dags/example_branch_day_of_week_operator.py
[2024-11-20T01:06:28.262+0000] {logging_mixin.py:190} INFO - [2024-11-20T01:06:28.261+0000] {dag.py:3239} INFO - Sync 1 DAGs
[2024-11-20T01:06:28.282+0000] {logging_mixin.py:190} INFO - [2024-11-20T01:06:28.281+0000] {dag.py:4180} INFO - Setting next_dagrun for example_weekday_branch_operator to 2024-11-19 00:00:00+00:00, run_after=2024-11-20 00:00:00+00:00
[2024-11-20T01:06:28.305+0000] {processor.py:208} INFO - Processing /home/ubuntu/airflow_venv/lib/python3.12/site-packages/airflow/example_dags/example_branch_day_of_week_operator.py took 0.080 seconds
[2024-11-20T01:07:22.864+0000] {processor.py:186} INFO - Started process (PID=6203) to work on /home/ubuntu/airflow_venv/lib/python3.12/site-packages/airflow/example_dags/example_branch_day_of_week_operator.py
[2024-11-20T01:07:22.866+0000] {processor.py:914} INFO - Processing file /home/ubuntu/airflow_venv/lib/python3.12/site-packages/airflow/example_dags/example_branch_day_of_week_operator.py for tasks to queue
[2024-11-20T01:07:22.868+0000] {logging_mixin.py:190} INFO - [2024-11-20T01:07:22.868+0000] {dagbag.py:588} INFO - Filling up the DagBag from /home/ubuntu/airflow_venv/lib/python3.12/site-packages/airflow/example_dags/example_branch_day_of_week_operator.py
[2024-11-20T01:07:22.878+0000] {processor.py:925} INFO - DAG(s) 'example_weekday_branch_operator' retrieved from /home/ubuntu/airflow_venv/lib/python3.12/site-packages/airflow/example_dags/example_branch_day_of_week_operator.py
[2024-11-20T01:07:22.894+0000] {logging_mixin.py:190} INFO - [2024-11-20T01:07:22.894+0000] {dag.py:3239} INFO - Sync 1 DAGs
[2024-11-20T01:07:22.913+0000] {logging_mixin.py:190} INFO - [2024-11-20T01:07:22.913+0000] {dag.py:4180} INFO - Setting next_dagrun for example_weekday_branch_operator to 2024-11-19 00:00:00+00:00, run_after=2024-11-20 00:00:00+00:00
[2024-11-20T01:07:22.940+0000] {processor.py:208} INFO - Processing /home/ubuntu/airflow_venv/lib/python3.12/site-packages/airflow/example_dags/example_branch_day_of_week_operator.py took 0.082 seconds
[2024-11-20T01:08:41.736+0000] {processor.py:186} INFO - Started process (PID=6284) to work on /home/ubuntu/airflow_venv/lib/python3.12/site-packages/airflow/example_dags/example_branch_day_of_week_operator.py
[2024-11-20T01:08:41.738+0000] {processor.py:914} INFO - Processing file /home/ubuntu/airflow_venv/lib/python3.12/site-packages/airflow/example_dags/example_branch_day_of_week_operator.py for tasks to queue
[2024-11-20T01:08:41.739+0000] {logging_mixin.py:190} INFO - [2024-11-20T01:08:41.739+0000] {dagbag.py:588} INFO - Filling up the DagBag from /home/ubuntu/airflow_venv/lib/python3.12/site-packages/airflow/example_dags/example_branch_day_of_week_operator.py
[2024-11-20T01:08:41.749+0000] {processor.py:925} INFO - DAG(s) 'example_weekday_branch_operator' retrieved from /home/ubuntu/airflow_venv/lib/python3.12/site-packages/airflow/example_dags/example_branch_day_of_week_operator.py
[2024-11-20T01:08:41.765+0000] {logging_mixin.py:190} INFO - [2024-11-20T01:08:41.765+0000] {dag.py:3239} INFO - Sync 1 DAGs
[2024-11-20T01:08:41.784+0000] {logging_mixin.py:190} INFO - [2024-11-20T01:08:41.784+0000] {dag.py:4180} INFO - Setting next_dagrun for example_weekday_branch_operator to 2024-11-19 00:00:00+00:00, run_after=2024-11-20 00:00:00+00:00
[2024-11-20T01:08:41.805+0000] {processor.py:208} INFO - Processing /home/ubuntu/airflow_venv/lib/python3.12/site-packages/airflow/example_dags/example_branch_day_of_week_operator.py took 0.083 seconds
[2024-11-20T01:09:39.464+0000] {processor.py:186} INFO - Started process (PID=6341) to work on /home/ubuntu/airflow_venv/lib/python3.12/site-packages/airflow/example_dags/example_branch_day_of_week_operator.py
[2024-11-20T01:09:39.466+0000] {processor.py:914} INFO - Processing file /home/ubuntu/airflow_venv/lib/python3.12/site-packages/airflow/example_dags/example_branch_day_of_week_operator.py for tasks to queue
[2024-11-20T01:09:39.469+0000] {logging_mixin.py:190} INFO - [2024-11-20T01:09:39.467+0000] {dagbag.py:588} INFO - Filling up the DagBag from /home/ubuntu/airflow_venv/lib/python3.12/site-packages/airflow/example_dags/example_branch_day_of_week_operator.py
[2024-11-20T01:09:39.482+0000] {processor.py:925} INFO - DAG(s) 'example_weekday_branch_operator' retrieved from /home/ubuntu/airflow_venv/lib/python3.12/site-packages/airflow/example_dags/example_branch_day_of_week_operator.py
[2024-11-20T01:09:39.499+0000] {logging_mixin.py:190} INFO - [2024-11-20T01:09:39.499+0000] {dag.py:3239} INFO - Sync 1 DAGs
[2024-11-20T01:09:39.518+0000] {logging_mixin.py:190} INFO - [2024-11-20T01:09:39.518+0000] {dag.py:4180} INFO - Setting next_dagrun for example_weekday_branch_operator to 2024-11-19 00:00:00+00:00, run_after=2024-11-20 00:00:00+00:00
[2024-11-20T01:09:39.543+0000] {processor.py:208} INFO - Processing /home/ubuntu/airflow_venv/lib/python3.12/site-packages/airflow/example_dags/example_branch_day_of_week_operator.py took 0.088 seconds
[2024-11-20T01:10:36.306+0000] {processor.py:186} INFO - Started process (PID=6405) to work on /home/ubuntu/airflow_venv/lib/python3.12/site-packages/airflow/example_dags/example_branch_day_of_week_operator.py
[2024-11-20T01:10:36.308+0000] {processor.py:914} INFO - Processing file /home/ubuntu/airflow_venv/lib/python3.12/site-packages/airflow/example_dags/example_branch_day_of_week_operator.py for tasks to queue
[2024-11-20T01:10:36.309+0000] {logging_mixin.py:190} INFO - [2024-11-20T01:10:36.309+0000] {dagbag.py:588} INFO - Filling up the DagBag from /home/ubuntu/airflow_venv/lib/python3.12/site-packages/airflow/example_dags/example_branch_day_of_week_operator.py
[2024-11-20T01:10:36.319+0000] {processor.py:925} INFO - DAG(s) 'example_weekday_branch_operator' retrieved from /home/ubuntu/airflow_venv/lib/python3.12/site-packages/airflow/example_dags/example_branch_day_of_week_operator.py
[2024-11-20T01:10:36.333+0000] {logging_mixin.py:190} INFO - [2024-11-20T01:10:36.333+0000] {dag.py:3239} INFO - Sync 1 DAGs
[2024-11-20T01:10:36.353+0000] {logging_mixin.py:190} INFO - [2024-11-20T01:10:36.353+0000] {dag.py:4180} INFO - Setting next_dagrun for example_weekday_branch_operator to 2024-11-19 00:00:00+00:00, run_after=2024-11-20 00:00:00+00:00
[2024-11-20T01:10:36.374+0000] {processor.py:208} INFO - Processing /home/ubuntu/airflow_venv/lib/python3.12/site-packages/airflow/example_dags/example_branch_day_of_week_operator.py took 0.075 seconds
[2024-11-20T01:11:30.476+0000] {processor.py:186} INFO - Started process (PID=6460) to work on /home/ubuntu/airflow_venv/lib/python3.12/site-packages/airflow/example_dags/example_branch_day_of_week_operator.py
[2024-11-20T01:11:30.477+0000] {processor.py:914} INFO - Processing file /home/ubuntu/airflow_venv/lib/python3.12/site-packages/airflow/example_dags/example_branch_day_of_week_operator.py for tasks to queue
[2024-11-20T01:11:30.479+0000] {logging_mixin.py:190} INFO - [2024-11-20T01:11:30.479+0000] {dagbag.py:588} INFO - Filling up the DagBag from /home/ubuntu/airflow_venv/lib/python3.12/site-packages/airflow/example_dags/example_branch_day_of_week_operator.py
[2024-11-20T01:11:30.489+0000] {processor.py:925} INFO - DAG(s) 'example_weekday_branch_operator' retrieved from /home/ubuntu/airflow_venv/lib/python3.12/site-packages/airflow/example_dags/example_branch_day_of_week_operator.py
[2024-11-20T01:11:30.505+0000] {logging_mixin.py:190} INFO - [2024-11-20T01:11:30.504+0000] {dag.py:3239} INFO - Sync 1 DAGs
[2024-11-20T01:11:30.524+0000] {logging_mixin.py:190} INFO - [2024-11-20T01:11:30.524+0000] {dag.py:4180} INFO - Setting next_dagrun for example_weekday_branch_operator to 2024-11-19 00:00:00+00:00, run_after=2024-11-20 00:00:00+00:00
[2024-11-20T01:11:30.546+0000] {processor.py:208} INFO - Processing /home/ubuntu/airflow_venv/lib/python3.12/site-packages/airflow/example_dags/example_branch_day_of_week_operator.py took 0.076 seconds
[2024-11-20T01:12:25.044+0000] {processor.py:186} INFO - Started process (PID=6517) to work on /home/ubuntu/airflow_venv/lib/python3.12/site-packages/airflow/example_dags/example_branch_day_of_week_operator.py
[2024-11-20T01:12:25.046+0000] {processor.py:914} INFO - Processing file /home/ubuntu/airflow_venv/lib/python3.12/site-packages/airflow/example_dags/example_branch_day_of_week_operator.py for tasks to queue
[2024-11-20T01:12:25.048+0000] {logging_mixin.py:190} INFO - [2024-11-20T01:12:25.047+0000] {dagbag.py:588} INFO - Filling up the DagBag from /home/ubuntu/airflow_venv/lib/python3.12/site-packages/airflow/example_dags/example_branch_day_of_week_operator.py
[2024-11-20T01:12:25.058+0000] {processor.py:925} INFO - DAG(s) 'example_weekday_branch_operator' retrieved from /home/ubuntu/airflow_venv/lib/python3.12/site-packages/airflow/example_dags/example_branch_day_of_week_operator.py
[2024-11-20T01:12:25.074+0000] {logging_mixin.py:190} INFO - [2024-11-20T01:12:25.074+0000] {dag.py:3239} INFO - Sync 1 DAGs
[2024-11-20T01:12:25.094+0000] {logging_mixin.py:190} INFO - [2024-11-20T01:12:25.094+0000] {dag.py:4180} INFO - Setting next_dagrun for example_weekday_branch_operator to 2024-11-19 00:00:00+00:00, run_after=2024-11-20 00:00:00+00:00
[2024-11-20T01:12:25.115+0000] {processor.py:208} INFO - Processing /home/ubuntu/airflow_venv/lib/python3.12/site-packages/airflow/example_dags/example_branch_day_of_week_operator.py took 0.078 seconds
