[2024-11-20T00:16:58.073+0000] {processor.py:186} INFO - Started process (PID=2077) to work on /home/ubuntu/airflow_venv/lib/python3.12/site-packages/airflow/example_dags/example_bash_decorator.py
[2024-11-20T00:16:58.074+0000] {processor.py:914} INFO - Processing file /home/ubuntu/airflow_venv/lib/python3.12/site-packages/airflow/example_dags/example_bash_decorator.py for tasks to queue
[2024-11-20T00:16:58.075+0000] {logging_mixin.py:190} INFO - [2024-11-20T00:16:58.075+0000] {dagbag.py:588} INFO - Filling up the DagBag from /home/ubuntu/airflow_venv/lib/python3.12/site-packages/airflow/example_dags/example_bash_decorator.py
[2024-11-20T00:16:58.089+0000] {processor.py:925} INFO - DAG(s) 'example_bash_decorator' retrieved from /home/ubuntu/airflow_venv/lib/python3.12/site-packages/airflow/example_dags/example_bash_decorator.py
[2024-11-20T00:16:58.181+0000] {logging_mixin.py:190} INFO - [2024-11-20T00:16:58.181+0000] {dag.py:3239} INFO - Sync 1 DAGs
[2024-11-20T00:16:58.190+0000] {logging_mixin.py:190} INFO - [2024-11-20T00:16:58.190+0000] {dag.py:4180} INFO - Setting next_dagrun for example_bash_decorator to None, run_after=None
[2024-11-20T00:16:58.216+0000] {processor.py:208} INFO - Processing /home/ubuntu/airflow_venv/lib/python3.12/site-packages/airflow/example_dags/example_bash_decorator.py took 0.149 seconds
[2024-11-20T00:17:57.758+0000] {processor.py:186} INFO - Started process (PID=2142) to work on /home/ubuntu/airflow_venv/lib/python3.12/site-packages/airflow/example_dags/example_bash_decorator.py
[2024-11-20T00:17:57.759+0000] {processor.py:914} INFO - Processing file /home/ubuntu/airflow_venv/lib/python3.12/site-packages/airflow/example_dags/example_bash_decorator.py for tasks to queue
[2024-11-20T00:17:57.761+0000] {logging_mixin.py:190} INFO - [2024-11-20T00:17:57.761+0000] {dagbag.py:588} INFO - Filling up the DagBag from /home/ubuntu/airflow_venv/lib/python3.12/site-packages/airflow/example_dags/example_bash_decorator.py
[2024-11-20T00:17:57.775+0000] {processor.py:925} INFO - DAG(s) 'example_bash_decorator' retrieved from /home/ubuntu/airflow_venv/lib/python3.12/site-packages/airflow/example_dags/example_bash_decorator.py
[2024-11-20T00:17:57.793+0000] {logging_mixin.py:190} INFO - [2024-11-20T00:17:57.793+0000] {dag.py:3239} INFO - Sync 1 DAGs
[2024-11-20T00:17:57.805+0000] {logging_mixin.py:190} INFO - [2024-11-20T00:17:57.805+0000] {dag.py:4180} INFO - Setting next_dagrun for example_bash_decorator to None, run_after=None
[2024-11-20T00:17:57.825+0000] {processor.py:208} INFO - Processing /home/ubuntu/airflow_venv/lib/python3.12/site-packages/airflow/example_dags/example_bash_decorator.py took 0.073 seconds
[2024-11-20T00:19:13.771+0000] {processor.py:186} INFO - Started process (PID=2224) to work on /home/ubuntu/airflow_venv/lib/python3.12/site-packages/airflow/example_dags/example_bash_decorator.py
[2024-11-20T00:19:13.773+0000] {processor.py:914} INFO - Processing file /home/ubuntu/airflow_venv/lib/python3.12/site-packages/airflow/example_dags/example_bash_decorator.py for tasks to queue
[2024-11-20T00:19:13.776+0000] {logging_mixin.py:190} INFO - [2024-11-20T00:19:13.775+0000] {dagbag.py:588} INFO - Filling up the DagBag from /home/ubuntu/airflow_venv/lib/python3.12/site-packages/airflow/example_dags/example_bash_decorator.py
[2024-11-20T00:19:13.790+0000] {processor.py:925} INFO - DAG(s) 'example_bash_decorator' retrieved from /home/ubuntu/airflow_venv/lib/python3.12/site-packages/airflow/example_dags/example_bash_decorator.py
[2024-11-20T00:19:13.807+0000] {logging_mixin.py:190} INFO - [2024-11-20T00:19:13.807+0000] {dag.py:3239} INFO - Sync 1 DAGs
[2024-11-20T00:19:13.819+0000] {logging_mixin.py:190} INFO - [2024-11-20T00:19:13.819+0000] {dag.py:4180} INFO - Setting next_dagrun for example_bash_decorator to None, run_after=None
[2024-11-20T00:19:13.842+0000] {processor.py:208} INFO - Processing /home/ubuntu/airflow_venv/lib/python3.12/site-packages/airflow/example_dags/example_bash_decorator.py took 0.076 seconds
[2024-11-20T00:20:32.546+0000] {processor.py:186} INFO - Started process (PID=2309) to work on /home/ubuntu/airflow_venv/lib/python3.12/site-packages/airflow/example_dags/example_bash_decorator.py
[2024-11-20T00:20:32.548+0000] {processor.py:914} INFO - Processing file /home/ubuntu/airflow_venv/lib/python3.12/site-packages/airflow/example_dags/example_bash_decorator.py for tasks to queue
[2024-11-20T00:20:32.551+0000] {logging_mixin.py:190} INFO - [2024-11-20T00:20:32.550+0000] {dagbag.py:588} INFO - Filling up the DagBag from /home/ubuntu/airflow_venv/lib/python3.12/site-packages/airflow/example_dags/example_bash_decorator.py
[2024-11-20T00:20:32.565+0000] {processor.py:925} INFO - DAG(s) 'example_bash_decorator' retrieved from /home/ubuntu/airflow_venv/lib/python3.12/site-packages/airflow/example_dags/example_bash_decorator.py
[2024-11-20T00:20:32.583+0000] {logging_mixin.py:190} INFO - [2024-11-20T00:20:32.582+0000] {dag.py:3239} INFO - Sync 1 DAGs
[2024-11-20T00:20:32.593+0000] {logging_mixin.py:190} INFO - [2024-11-20T00:20:32.593+0000] {dag.py:4180} INFO - Setting next_dagrun for example_bash_decorator to None, run_after=None
[2024-11-20T00:20:32.617+0000] {processor.py:208} INFO - Processing /home/ubuntu/airflow_venv/lib/python3.12/site-packages/airflow/example_dags/example_bash_decorator.py took 0.075 seconds
[2024-11-20T00:22:02.908+0000] {processor.py:186} INFO - Started process (PID=2399) to work on /home/ubuntu/airflow_venv/lib/python3.12/site-packages/airflow/example_dags/example_bash_decorator.py
[2024-11-20T00:22:02.910+0000] {processor.py:914} INFO - Processing file /home/ubuntu/airflow_venv/lib/python3.12/site-packages/airflow/example_dags/example_bash_decorator.py for tasks to queue
[2024-11-20T00:22:02.912+0000] {logging_mixin.py:190} INFO - [2024-11-20T00:22:02.912+0000] {dagbag.py:588} INFO - Filling up the DagBag from /home/ubuntu/airflow_venv/lib/python3.12/site-packages/airflow/example_dags/example_bash_decorator.py
[2024-11-20T00:22:02.929+0000] {processor.py:925} INFO - DAG(s) 'example_bash_decorator' retrieved from /home/ubuntu/airflow_venv/lib/python3.12/site-packages/airflow/example_dags/example_bash_decorator.py
[2024-11-20T00:22:02.946+0000] {logging_mixin.py:190} INFO - [2024-11-20T00:22:02.946+0000] {dag.py:3239} INFO - Sync 1 DAGs
[2024-11-20T00:22:02.957+0000] {logging_mixin.py:190} INFO - [2024-11-20T00:22:02.957+0000] {dag.py:4180} INFO - Setting next_dagrun for example_bash_decorator to None, run_after=None
[2024-11-20T00:22:02.980+0000] {processor.py:208} INFO - Processing /home/ubuntu/airflow_venv/lib/python3.12/site-packages/airflow/example_dags/example_bash_decorator.py took 0.077 seconds
[2024-11-20T00:23:26.403+0000] {processor.py:186} INFO - Started process (PID=2485) to work on /home/ubuntu/airflow_venv/lib/python3.12/site-packages/airflow/example_dags/example_bash_decorator.py
[2024-11-20T00:23:26.405+0000] {processor.py:914} INFO - Processing file /home/ubuntu/airflow_venv/lib/python3.12/site-packages/airflow/example_dags/example_bash_decorator.py for tasks to queue
[2024-11-20T00:23:26.407+0000] {logging_mixin.py:190} INFO - [2024-11-20T00:23:26.407+0000] {dagbag.py:588} INFO - Filling up the DagBag from /home/ubuntu/airflow_venv/lib/python3.12/site-packages/airflow/example_dags/example_bash_decorator.py
[2024-11-20T00:23:26.422+0000] {processor.py:925} INFO - DAG(s) 'example_bash_decorator' retrieved from /home/ubuntu/airflow_venv/lib/python3.12/site-packages/airflow/example_dags/example_bash_decorator.py
[2024-11-20T00:23:26.440+0000] {logging_mixin.py:190} INFO - [2024-11-20T00:23:26.440+0000] {dag.py:3239} INFO - Sync 1 DAGs
[2024-11-20T00:23:26.452+0000] {logging_mixin.py:190} INFO - [2024-11-20T00:23:26.452+0000] {dag.py:4180} INFO - Setting next_dagrun for example_bash_decorator to None, run_after=None
[2024-11-20T00:23:26.472+0000] {processor.py:208} INFO - Processing /home/ubuntu/airflow_venv/lib/python3.12/site-packages/airflow/example_dags/example_bash_decorator.py took 0.074 seconds
[2024-11-20T00:24:47.406+0000] {processor.py:186} INFO - Started process (PID=2569) to work on /home/ubuntu/airflow_venv/lib/python3.12/site-packages/airflow/example_dags/example_bash_decorator.py
[2024-11-20T00:24:47.408+0000] {processor.py:914} INFO - Processing file /home/ubuntu/airflow_venv/lib/python3.12/site-packages/airflow/example_dags/example_bash_decorator.py for tasks to queue
[2024-11-20T00:24:47.410+0000] {logging_mixin.py:190} INFO - [2024-11-20T00:24:47.410+0000] {dagbag.py:588} INFO - Filling up the DagBag from /home/ubuntu/airflow_venv/lib/python3.12/site-packages/airflow/example_dags/example_bash_decorator.py
[2024-11-20T00:24:47.426+0000] {processor.py:925} INFO - DAG(s) 'example_bash_decorator' retrieved from /home/ubuntu/airflow_venv/lib/python3.12/site-packages/airflow/example_dags/example_bash_decorator.py
[2024-11-20T00:24:47.443+0000] {logging_mixin.py:190} INFO - [2024-11-20T00:24:47.443+0000] {dag.py:3239} INFO - Sync 1 DAGs
[2024-11-20T00:24:47.455+0000] {logging_mixin.py:190} INFO - [2024-11-20T00:24:47.455+0000] {dag.py:4180} INFO - Setting next_dagrun for example_bash_decorator to None, run_after=None
[2024-11-20T00:24:47.476+0000] {processor.py:208} INFO - Processing /home/ubuntu/airflow_venv/lib/python3.12/site-packages/airflow/example_dags/example_bash_decorator.py took 0.075 seconds
[2024-11-20T00:26:09.592+0000] {processor.py:186} INFO - Started process (PID=2657) to work on /home/ubuntu/airflow_venv/lib/python3.12/site-packages/airflow/example_dags/example_bash_decorator.py
[2024-11-20T00:26:09.593+0000] {processor.py:914} INFO - Processing file /home/ubuntu/airflow_venv/lib/python3.12/site-packages/airflow/example_dags/example_bash_decorator.py for tasks to queue
[2024-11-20T00:26:09.595+0000] {logging_mixin.py:190} INFO - [2024-11-20T00:26:09.595+0000] {dagbag.py:588} INFO - Filling up the DagBag from /home/ubuntu/airflow_venv/lib/python3.12/site-packages/airflow/example_dags/example_bash_decorator.py
[2024-11-20T00:26:09.611+0000] {processor.py:925} INFO - DAG(s) 'example_bash_decorator' retrieved from /home/ubuntu/airflow_venv/lib/python3.12/site-packages/airflow/example_dags/example_bash_decorator.py
[2024-11-20T00:26:09.628+0000] {logging_mixin.py:190} INFO - [2024-11-20T00:26:09.628+0000] {dag.py:3239} INFO - Sync 1 DAGs
[2024-11-20T00:26:09.640+0000] {logging_mixin.py:190} INFO - [2024-11-20T00:26:09.639+0000] {dag.py:4180} INFO - Setting next_dagrun for example_bash_decorator to None, run_after=None
[2024-11-20T00:26:09.662+0000] {processor.py:208} INFO - Processing /home/ubuntu/airflow_venv/lib/python3.12/site-packages/airflow/example_dags/example_bash_decorator.py took 0.076 seconds
[2024-11-20T00:27:58.715+0000] {processor.py:186} INFO - Started process (PID=2789) to work on /home/ubuntu/airflow_venv/lib/python3.12/site-packages/airflow/example_dags/example_bash_decorator.py
[2024-11-20T00:27:58.717+0000] {processor.py:914} INFO - Processing file /home/ubuntu/airflow_venv/lib/python3.12/site-packages/airflow/example_dags/example_bash_decorator.py for tasks to queue
[2024-11-20T00:27:58.720+0000] {logging_mixin.py:190} INFO - [2024-11-20T00:27:58.719+0000] {dagbag.py:588} INFO - Filling up the DagBag from /home/ubuntu/airflow_venv/lib/python3.12/site-packages/airflow/example_dags/example_bash_decorator.py
[2024-11-20T00:27:58.744+0000] {processor.py:925} INFO - DAG(s) 'example_bash_decorator' retrieved from /home/ubuntu/airflow_venv/lib/python3.12/site-packages/airflow/example_dags/example_bash_decorator.py
[2024-11-20T00:27:58.762+0000] {logging_mixin.py:190} INFO - [2024-11-20T00:27:58.761+0000] {dag.py:3239} INFO - Sync 1 DAGs
[2024-11-20T00:27:58.773+0000] {logging_mixin.py:190} INFO - [2024-11-20T00:27:58.773+0000] {dag.py:4180} INFO - Setting next_dagrun for example_bash_decorator to None, run_after=None
[2024-11-20T00:27:58.794+0000] {processor.py:208} INFO - Processing /home/ubuntu/airflow_venv/lib/python3.12/site-packages/airflow/example_dags/example_bash_decorator.py took 0.084 seconds
[2024-11-20T00:29:27.032+0000] {processor.py:186} INFO - Started process (PID=3007) to work on /home/ubuntu/airflow_venv/lib/python3.12/site-packages/airflow/example_dags/example_bash_decorator.py
[2024-11-20T00:29:27.033+0000] {processor.py:914} INFO - Processing file /home/ubuntu/airflow_venv/lib/python3.12/site-packages/airflow/example_dags/example_bash_decorator.py for tasks to queue
[2024-11-20T00:29:27.035+0000] {logging_mixin.py:190} INFO - [2024-11-20T00:29:27.034+0000] {dagbag.py:588} INFO - Filling up the DagBag from /home/ubuntu/airflow_venv/lib/python3.12/site-packages/airflow/example_dags/example_bash_decorator.py
[2024-11-20T00:29:27.048+0000] {processor.py:925} INFO - DAG(s) 'example_bash_decorator' retrieved from /home/ubuntu/airflow_venv/lib/python3.12/site-packages/airflow/example_dags/example_bash_decorator.py
[2024-11-20T00:29:27.066+0000] {logging_mixin.py:190} INFO - [2024-11-20T00:29:27.066+0000] {dag.py:3239} INFO - Sync 1 DAGs
[2024-11-20T00:29:27.077+0000] {logging_mixin.py:190} INFO - [2024-11-20T00:29:27.077+0000] {dag.py:4180} INFO - Setting next_dagrun for example_bash_decorator to None, run_after=None
[2024-11-20T00:29:27.100+0000] {processor.py:208} INFO - Processing /home/ubuntu/airflow_venv/lib/python3.12/site-packages/airflow/example_dags/example_bash_decorator.py took 0.074 seconds
[2024-11-20T00:30:26.714+0000] {processor.py:186} INFO - Started process (PID=3072) to work on /home/ubuntu/airflow_venv/lib/python3.12/site-packages/airflow/example_dags/example_bash_decorator.py
[2024-11-20T00:30:26.716+0000] {processor.py:914} INFO - Processing file /home/ubuntu/airflow_venv/lib/python3.12/site-packages/airflow/example_dags/example_bash_decorator.py for tasks to queue
[2024-11-20T00:30:26.717+0000] {logging_mixin.py:190} INFO - [2024-11-20T00:30:26.717+0000] {dagbag.py:588} INFO - Filling up the DagBag from /home/ubuntu/airflow_venv/lib/python3.12/site-packages/airflow/example_dags/example_bash_decorator.py
[2024-11-20T00:30:26.733+0000] {processor.py:925} INFO - DAG(s) 'example_bash_decorator' retrieved from /home/ubuntu/airflow_venv/lib/python3.12/site-packages/airflow/example_dags/example_bash_decorator.py
[2024-11-20T00:30:26.750+0000] {logging_mixin.py:190} INFO - [2024-11-20T00:30:26.750+0000] {dag.py:3239} INFO - Sync 1 DAGs
[2024-11-20T00:30:26.762+0000] {logging_mixin.py:190} INFO - [2024-11-20T00:30:26.762+0000] {dag.py:4180} INFO - Setting next_dagrun for example_bash_decorator to None, run_after=None
[2024-11-20T00:30:26.782+0000] {processor.py:208} INFO - Processing /home/ubuntu/airflow_venv/lib/python3.12/site-packages/airflow/example_dags/example_bash_decorator.py took 0.074 seconds
[2024-11-20T00:31:25.618+0000] {processor.py:186} INFO - Started process (PID=3251) to work on /home/ubuntu/airflow_venv/lib/python3.12/site-packages/airflow/example_dags/example_bash_decorator.py
[2024-11-20T00:31:25.620+0000] {processor.py:914} INFO - Processing file /home/ubuntu/airflow_venv/lib/python3.12/site-packages/airflow/example_dags/example_bash_decorator.py for tasks to queue
[2024-11-20T00:31:25.620+0000] {logging_mixin.py:190} INFO - [2024-11-20T00:31:25.620+0000] {dagbag.py:588} INFO - Filling up the DagBag from /home/ubuntu/airflow_venv/lib/python3.12/site-packages/airflow/example_dags/example_bash_decorator.py
[2024-11-20T00:31:25.635+0000] {processor.py:925} INFO - DAG(s) 'example_bash_decorator' retrieved from /home/ubuntu/airflow_venv/lib/python3.12/site-packages/airflow/example_dags/example_bash_decorator.py
[2024-11-20T00:31:25.653+0000] {logging_mixin.py:190} INFO - [2024-11-20T00:31:25.653+0000] {dag.py:3239} INFO - Sync 1 DAGs
[2024-11-20T00:31:25.665+0000] {logging_mixin.py:190} INFO - [2024-11-20T00:31:25.664+0000] {dag.py:4180} INFO - Setting next_dagrun for example_bash_decorator to None, run_after=None
[2024-11-20T00:31:25.686+0000] {processor.py:208} INFO - Processing /home/ubuntu/airflow_venv/lib/python3.12/site-packages/airflow/example_dags/example_bash_decorator.py took 0.074 seconds
[2024-11-20T00:32:43.390+0000] {processor.py:186} INFO - Started process (PID=3709) to work on /home/ubuntu/airflow_venv/lib/python3.12/site-packages/airflow/example_dags/example_bash_decorator.py
[2024-11-20T00:32:43.393+0000] {processor.py:914} INFO - Processing file /home/ubuntu/airflow_venv/lib/python3.12/site-packages/airflow/example_dags/example_bash_decorator.py for tasks to queue
[2024-11-20T00:32:43.394+0000] {logging_mixin.py:190} INFO - [2024-11-20T00:32:43.394+0000] {dagbag.py:588} INFO - Filling up the DagBag from /home/ubuntu/airflow_venv/lib/python3.12/site-packages/airflow/example_dags/example_bash_decorator.py
[2024-11-20T00:32:43.428+0000] {processor.py:925} INFO - DAG(s) 'example_bash_decorator' retrieved from /home/ubuntu/airflow_venv/lib/python3.12/site-packages/airflow/example_dags/example_bash_decorator.py
[2024-11-20T00:32:43.463+0000] {logging_mixin.py:190} INFO - [2024-11-20T00:32:43.463+0000] {dag.py:3239} INFO - Sync 1 DAGs
[2024-11-20T00:32:43.495+0000] {logging_mixin.py:190} INFO - [2024-11-20T00:32:43.495+0000] {dag.py:4180} INFO - Setting next_dagrun for example_bash_decorator to None, run_after=None
[2024-11-20T00:32:43.544+0000] {processor.py:208} INFO - Processing /home/ubuntu/airflow_venv/lib/python3.12/site-packages/airflow/example_dags/example_bash_decorator.py took 0.186 seconds
[2024-11-20T00:34:15.230+0000] {processor.py:186} INFO - Started process (PID=4024) to work on /home/ubuntu/airflow_venv/lib/python3.12/site-packages/airflow/example_dags/example_bash_decorator.py
[2024-11-20T00:34:15.233+0000] {processor.py:914} INFO - Processing file /home/ubuntu/airflow_venv/lib/python3.12/site-packages/airflow/example_dags/example_bash_decorator.py for tasks to queue
[2024-11-20T00:34:15.235+0000] {logging_mixin.py:190} INFO - [2024-11-20T00:34:15.234+0000] {dagbag.py:588} INFO - Filling up the DagBag from /home/ubuntu/airflow_venv/lib/python3.12/site-packages/airflow/example_dags/example_bash_decorator.py
[2024-11-20T00:34:15.249+0000] {processor.py:925} INFO - DAG(s) 'example_bash_decorator' retrieved from /home/ubuntu/airflow_venv/lib/python3.12/site-packages/airflow/example_dags/example_bash_decorator.py
[2024-11-20T00:34:15.266+0000] {logging_mixin.py:190} INFO - [2024-11-20T00:34:15.266+0000] {dag.py:3239} INFO - Sync 1 DAGs
[2024-11-20T00:34:15.278+0000] {logging_mixin.py:190} INFO - [2024-11-20T00:34:15.277+0000] {dag.py:4180} INFO - Setting next_dagrun for example_bash_decorator to None, run_after=None
[2024-11-20T00:34:15.298+0000] {processor.py:208} INFO - Processing /home/ubuntu/airflow_venv/lib/python3.12/site-packages/airflow/example_dags/example_bash_decorator.py took 0.074 seconds
[2024-11-20T00:35:14.339+0000] {processor.py:186} INFO - Started process (PID=4110) to work on /home/ubuntu/airflow_venv/lib/python3.12/site-packages/airflow/example_dags/example_bash_decorator.py
[2024-11-20T00:35:14.341+0000] {processor.py:914} INFO - Processing file /home/ubuntu/airflow_venv/lib/python3.12/site-packages/airflow/example_dags/example_bash_decorator.py for tasks to queue
[2024-11-20T00:35:14.342+0000] {logging_mixin.py:190} INFO - [2024-11-20T00:35:14.342+0000] {dagbag.py:588} INFO - Filling up the DagBag from /home/ubuntu/airflow_venv/lib/python3.12/site-packages/airflow/example_dags/example_bash_decorator.py
[2024-11-20T00:35:14.358+0000] {processor.py:925} INFO - DAG(s) 'example_bash_decorator' retrieved from /home/ubuntu/airflow_venv/lib/python3.12/site-packages/airflow/example_dags/example_bash_decorator.py
[2024-11-20T00:35:14.382+0000] {logging_mixin.py:190} INFO - [2024-11-20T00:35:14.382+0000] {dag.py:3239} INFO - Sync 1 DAGs
[2024-11-20T00:35:14.394+0000] {logging_mixin.py:190} INFO - [2024-11-20T00:35:14.394+0000] {dag.py:4180} INFO - Setting next_dagrun for example_bash_decorator to None, run_after=None
[2024-11-20T00:35:14.416+0000] {processor.py:208} INFO - Processing /home/ubuntu/airflow_venv/lib/python3.12/site-packages/airflow/example_dags/example_bash_decorator.py took 0.084 seconds
[2024-11-20T00:36:35.523+0000] {processor.py:186} INFO - Started process (PID=4196) to work on /home/ubuntu/airflow_venv/lib/python3.12/site-packages/airflow/example_dags/example_bash_decorator.py
[2024-11-20T00:36:35.526+0000] {processor.py:914} INFO - Processing file /home/ubuntu/airflow_venv/lib/python3.12/site-packages/airflow/example_dags/example_bash_decorator.py for tasks to queue
[2024-11-20T00:36:35.527+0000] {logging_mixin.py:190} INFO - [2024-11-20T00:36:35.527+0000] {dagbag.py:588} INFO - Filling up the DagBag from /home/ubuntu/airflow_venv/lib/python3.12/site-packages/airflow/example_dags/example_bash_decorator.py
[2024-11-20T00:36:35.542+0000] {processor.py:925} INFO - DAG(s) 'example_bash_decorator' retrieved from /home/ubuntu/airflow_venv/lib/python3.12/site-packages/airflow/example_dags/example_bash_decorator.py
[2024-11-20T00:36:35.559+0000] {logging_mixin.py:190} INFO - [2024-11-20T00:36:35.559+0000] {dag.py:3239} INFO - Sync 1 DAGs
[2024-11-20T00:36:35.582+0000] {logging_mixin.py:190} INFO - [2024-11-20T00:36:35.582+0000] {dag.py:4180} INFO - Setting next_dagrun for example_bash_decorator to None, run_after=None
[2024-11-20T00:36:35.604+0000] {processor.py:208} INFO - Processing /home/ubuntu/airflow_venv/lib/python3.12/site-packages/airflow/example_dags/example_bash_decorator.py took 0.087 seconds
[2024-11-20T00:37:59.433+0000] {processor.py:186} INFO - Started process (PID=4307) to work on /home/ubuntu/airflow_venv/lib/python3.12/site-packages/airflow/example_dags/example_bash_decorator.py
[2024-11-20T00:37:59.436+0000] {processor.py:914} INFO - Processing file /home/ubuntu/airflow_venv/lib/python3.12/site-packages/airflow/example_dags/example_bash_decorator.py for tasks to queue
[2024-11-20T00:37:59.437+0000] {logging_mixin.py:190} INFO - [2024-11-20T00:37:59.437+0000] {dagbag.py:588} INFO - Filling up the DagBag from /home/ubuntu/airflow_venv/lib/python3.12/site-packages/airflow/example_dags/example_bash_decorator.py
[2024-11-20T00:37:59.453+0000] {processor.py:925} INFO - DAG(s) 'example_bash_decorator' retrieved from /home/ubuntu/airflow_venv/lib/python3.12/site-packages/airflow/example_dags/example_bash_decorator.py
[2024-11-20T00:37:59.470+0000] {logging_mixin.py:190} INFO - [2024-11-20T00:37:59.470+0000] {dag.py:3239} INFO - Sync 1 DAGs
[2024-11-20T00:37:59.482+0000] {logging_mixin.py:190} INFO - [2024-11-20T00:37:59.482+0000] {dag.py:4180} INFO - Setting next_dagrun for example_bash_decorator to None, run_after=None
[2024-11-20T00:37:59.504+0000] {processor.py:208} INFO - Processing /home/ubuntu/airflow_venv/lib/python3.12/site-packages/airflow/example_dags/example_bash_decorator.py took 0.084 seconds
[2024-11-20T00:39:21.751+0000] {processor.py:186} INFO - Started process (PID=4393) to work on /home/ubuntu/airflow_venv/lib/python3.12/site-packages/airflow/example_dags/example_bash_decorator.py
[2024-11-20T00:39:21.753+0000] {processor.py:914} INFO - Processing file /home/ubuntu/airflow_venv/lib/python3.12/site-packages/airflow/example_dags/example_bash_decorator.py for tasks to queue
[2024-11-20T00:39:21.755+0000] {logging_mixin.py:190} INFO - [2024-11-20T00:39:21.754+0000] {dagbag.py:588} INFO - Filling up the DagBag from /home/ubuntu/airflow_venv/lib/python3.12/site-packages/airflow/example_dags/example_bash_decorator.py
[2024-11-20T00:39:21.768+0000] {processor.py:925} INFO - DAG(s) 'example_bash_decorator' retrieved from /home/ubuntu/airflow_venv/lib/python3.12/site-packages/airflow/example_dags/example_bash_decorator.py
[2024-11-20T00:39:21.787+0000] {logging_mixin.py:190} INFO - [2024-11-20T00:39:21.787+0000] {dag.py:3239} INFO - Sync 1 DAGs
[2024-11-20T00:39:21.799+0000] {logging_mixin.py:190} INFO - [2024-11-20T00:39:21.798+0000] {dag.py:4180} INFO - Setting next_dagrun for example_bash_decorator to None, run_after=None
[2024-11-20T00:39:21.821+0000] {processor.py:208} INFO - Processing /home/ubuntu/airflow_venv/lib/python3.12/site-packages/airflow/example_dags/example_bash_decorator.py took 0.077 seconds
[2024-11-20T00:40:27.253+0000] {processor.py:186} INFO - Started process (PID=4495) to work on /home/ubuntu/airflow_venv/lib/python3.12/site-packages/airflow/example_dags/example_bash_decorator.py
[2024-11-20T00:40:27.256+0000] {processor.py:914} INFO - Processing file /home/ubuntu/airflow_venv/lib/python3.12/site-packages/airflow/example_dags/example_bash_decorator.py for tasks to queue
[2024-11-20T00:40:27.257+0000] {logging_mixin.py:190} INFO - [2024-11-20T00:40:27.257+0000] {dagbag.py:588} INFO - Filling up the DagBag from /home/ubuntu/airflow_venv/lib/python3.12/site-packages/airflow/example_dags/example_bash_decorator.py
[2024-11-20T00:40:27.272+0000] {processor.py:925} INFO - DAG(s) 'example_bash_decorator' retrieved from /home/ubuntu/airflow_venv/lib/python3.12/site-packages/airflow/example_dags/example_bash_decorator.py
[2024-11-20T00:40:27.289+0000] {logging_mixin.py:190} INFO - [2024-11-20T00:40:27.289+0000] {dag.py:3239} INFO - Sync 1 DAGs
[2024-11-20T00:40:27.301+0000] {logging_mixin.py:190} INFO - [2024-11-20T00:40:27.300+0000] {dag.py:4180} INFO - Setting next_dagrun for example_bash_decorator to None, run_after=None
[2024-11-20T00:40:27.322+0000] {processor.py:208} INFO - Processing /home/ubuntu/airflow_venv/lib/python3.12/site-packages/airflow/example_dags/example_bash_decorator.py took 0.076 seconds
[2024-11-20T00:41:45.907+0000] {processor.py:186} INFO - Started process (PID=4577) to work on /home/ubuntu/airflow_venv/lib/python3.12/site-packages/airflow/example_dags/example_bash_decorator.py
[2024-11-20T00:41:45.908+0000] {processor.py:914} INFO - Processing file /home/ubuntu/airflow_venv/lib/python3.12/site-packages/airflow/example_dags/example_bash_decorator.py for tasks to queue
[2024-11-20T00:41:45.909+0000] {logging_mixin.py:190} INFO - [2024-11-20T00:41:45.909+0000] {dagbag.py:588} INFO - Filling up the DagBag from /home/ubuntu/airflow_venv/lib/python3.12/site-packages/airflow/example_dags/example_bash_decorator.py
[2024-11-20T00:41:45.923+0000] {processor.py:925} INFO - DAG(s) 'example_bash_decorator' retrieved from /home/ubuntu/airflow_venv/lib/python3.12/site-packages/airflow/example_dags/example_bash_decorator.py
[2024-11-20T00:41:45.942+0000] {logging_mixin.py:190} INFO - [2024-11-20T00:41:45.941+0000] {dag.py:3239} INFO - Sync 1 DAGs
[2024-11-20T00:41:45.954+0000] {logging_mixin.py:190} INFO - [2024-11-20T00:41:45.954+0000] {dag.py:4180} INFO - Setting next_dagrun for example_bash_decorator to None, run_after=None
[2024-11-20T00:41:45.982+0000] {processor.py:208} INFO - Processing /home/ubuntu/airflow_venv/lib/python3.12/site-packages/airflow/example_dags/example_bash_decorator.py took 0.082 seconds
[2024-11-20T00:43:09.478+0000] {processor.py:186} INFO - Started process (PID=4663) to work on /home/ubuntu/airflow_venv/lib/python3.12/site-packages/airflow/example_dags/example_bash_decorator.py
[2024-11-20T00:43:09.480+0000] {processor.py:914} INFO - Processing file /home/ubuntu/airflow_venv/lib/python3.12/site-packages/airflow/example_dags/example_bash_decorator.py for tasks to queue
[2024-11-20T00:43:09.481+0000] {logging_mixin.py:190} INFO - [2024-11-20T00:43:09.481+0000] {dagbag.py:588} INFO - Filling up the DagBag from /home/ubuntu/airflow_venv/lib/python3.12/site-packages/airflow/example_dags/example_bash_decorator.py
[2024-11-20T00:43:09.496+0000] {processor.py:925} INFO - DAG(s) 'example_bash_decorator' retrieved from /home/ubuntu/airflow_venv/lib/python3.12/site-packages/airflow/example_dags/example_bash_decorator.py
[2024-11-20T00:43:09.513+0000] {logging_mixin.py:190} INFO - [2024-11-20T00:43:09.513+0000] {dag.py:3239} INFO - Sync 1 DAGs
[2024-11-20T00:43:09.525+0000] {logging_mixin.py:190} INFO - [2024-11-20T00:43:09.525+0000] {dag.py:4180} INFO - Setting next_dagrun for example_bash_decorator to None, run_after=None
[2024-11-20T00:43:09.551+0000] {processor.py:208} INFO - Processing /home/ubuntu/airflow_venv/lib/python3.12/site-packages/airflow/example_dags/example_bash_decorator.py took 0.081 seconds
[2024-11-20T00:44:30.552+0000] {processor.py:186} INFO - Started process (PID=4747) to work on /home/ubuntu/airflow_venv/lib/python3.12/site-packages/airflow/example_dags/example_bash_decorator.py
[2024-11-20T00:44:30.553+0000] {processor.py:914} INFO - Processing file /home/ubuntu/airflow_venv/lib/python3.12/site-packages/airflow/example_dags/example_bash_decorator.py for tasks to queue
[2024-11-20T00:44:30.554+0000] {logging_mixin.py:190} INFO - [2024-11-20T00:44:30.554+0000] {dagbag.py:588} INFO - Filling up the DagBag from /home/ubuntu/airflow_venv/lib/python3.12/site-packages/airflow/example_dags/example_bash_decorator.py
[2024-11-20T00:44:30.570+0000] {processor.py:925} INFO - DAG(s) 'example_bash_decorator' retrieved from /home/ubuntu/airflow_venv/lib/python3.12/site-packages/airflow/example_dags/example_bash_decorator.py
[2024-11-20T00:44:30.587+0000] {logging_mixin.py:190} INFO - [2024-11-20T00:44:30.587+0000] {dag.py:3239} INFO - Sync 1 DAGs
[2024-11-20T00:44:30.599+0000] {logging_mixin.py:190} INFO - [2024-11-20T00:44:30.599+0000] {dag.py:4180} INFO - Setting next_dagrun for example_bash_decorator to None, run_after=None
[2024-11-20T00:44:30.620+0000] {processor.py:208} INFO - Processing /home/ubuntu/airflow_venv/lib/python3.12/site-packages/airflow/example_dags/example_bash_decorator.py took 0.075 seconds
[2024-11-20T00:45:53.704+0000] {processor.py:186} INFO - Started process (PID=4834) to work on /home/ubuntu/airflow_venv/lib/python3.12/site-packages/airflow/example_dags/example_bash_decorator.py
[2024-11-20T00:45:53.705+0000] {processor.py:914} INFO - Processing file /home/ubuntu/airflow_venv/lib/python3.12/site-packages/airflow/example_dags/example_bash_decorator.py for tasks to queue
[2024-11-20T00:45:53.706+0000] {logging_mixin.py:190} INFO - [2024-11-20T00:45:53.705+0000] {dagbag.py:588} INFO - Filling up the DagBag from /home/ubuntu/airflow_venv/lib/python3.12/site-packages/airflow/example_dags/example_bash_decorator.py
[2024-11-20T00:45:53.719+0000] {processor.py:925} INFO - DAG(s) 'example_bash_decorator' retrieved from /home/ubuntu/airflow_venv/lib/python3.12/site-packages/airflow/example_dags/example_bash_decorator.py
[2024-11-20T00:45:53.738+0000] {logging_mixin.py:190} INFO - [2024-11-20T00:45:53.738+0000] {dag.py:3239} INFO - Sync 1 DAGs
[2024-11-20T00:45:53.750+0000] {logging_mixin.py:190} INFO - [2024-11-20T00:45:53.750+0000] {dag.py:4180} INFO - Setting next_dagrun for example_bash_decorator to None, run_after=None
[2024-11-20T00:45:53.771+0000] {processor.py:208} INFO - Processing /home/ubuntu/airflow_venv/lib/python3.12/site-packages/airflow/example_dags/example_bash_decorator.py took 0.074 seconds
[2024-11-20T00:47:12.623+0000] {processor.py:186} INFO - Started process (PID=4918) to work on /home/ubuntu/airflow_venv/lib/python3.12/site-packages/airflow/example_dags/example_bash_decorator.py
[2024-11-20T00:47:12.625+0000] {processor.py:914} INFO - Processing file /home/ubuntu/airflow_venv/lib/python3.12/site-packages/airflow/example_dags/example_bash_decorator.py for tasks to queue
[2024-11-20T00:47:12.627+0000] {logging_mixin.py:190} INFO - [2024-11-20T00:47:12.626+0000] {dagbag.py:588} INFO - Filling up the DagBag from /home/ubuntu/airflow_venv/lib/python3.12/site-packages/airflow/example_dags/example_bash_decorator.py
[2024-11-20T00:47:12.641+0000] {processor.py:925} INFO - DAG(s) 'example_bash_decorator' retrieved from /home/ubuntu/airflow_venv/lib/python3.12/site-packages/airflow/example_dags/example_bash_decorator.py
[2024-11-20T00:47:12.659+0000] {logging_mixin.py:190} INFO - [2024-11-20T00:47:12.658+0000] {dag.py:3239} INFO - Sync 1 DAGs
[2024-11-20T00:47:12.671+0000] {logging_mixin.py:190} INFO - [2024-11-20T00:47:12.671+0000] {dag.py:4180} INFO - Setting next_dagrun for example_bash_decorator to None, run_after=None
[2024-11-20T00:47:12.693+0000] {processor.py:208} INFO - Processing /home/ubuntu/airflow_venv/lib/python3.12/site-packages/airflow/example_dags/example_bash_decorator.py took 0.077 seconds
[2024-11-20T00:48:32.234+0000] {processor.py:186} INFO - Started process (PID=4999) to work on /home/ubuntu/airflow_venv/lib/python3.12/site-packages/airflow/example_dags/example_bash_decorator.py
[2024-11-20T00:48:32.236+0000] {processor.py:914} INFO - Processing file /home/ubuntu/airflow_venv/lib/python3.12/site-packages/airflow/example_dags/example_bash_decorator.py for tasks to queue
[2024-11-20T00:48:32.238+0000] {logging_mixin.py:190} INFO - [2024-11-20T00:48:32.237+0000] {dagbag.py:588} INFO - Filling up the DagBag from /home/ubuntu/airflow_venv/lib/python3.12/site-packages/airflow/example_dags/example_bash_decorator.py
[2024-11-20T00:48:32.252+0000] {processor.py:925} INFO - DAG(s) 'example_bash_decorator' retrieved from /home/ubuntu/airflow_venv/lib/python3.12/site-packages/airflow/example_dags/example_bash_decorator.py
[2024-11-20T00:48:32.270+0000] {logging_mixin.py:190} INFO - [2024-11-20T00:48:32.269+0000] {dag.py:3239} INFO - Sync 1 DAGs
[2024-11-20T00:48:32.282+0000] {logging_mixin.py:190} INFO - [2024-11-20T00:48:32.282+0000] {dag.py:4180} INFO - Setting next_dagrun for example_bash_decorator to None, run_after=None
[2024-11-20T00:48:32.303+0000] {processor.py:208} INFO - Processing /home/ubuntu/airflow_venv/lib/python3.12/site-packages/airflow/example_dags/example_bash_decorator.py took 0.076 seconds
[2024-11-20T00:49:54.120+0000] {processor.py:186} INFO - Started process (PID=5084) to work on /home/ubuntu/airflow_venv/lib/python3.12/site-packages/airflow/example_dags/example_bash_decorator.py
[2024-11-20T00:49:54.121+0000] {processor.py:914} INFO - Processing file /home/ubuntu/airflow_venv/lib/python3.12/site-packages/airflow/example_dags/example_bash_decorator.py for tasks to queue
[2024-11-20T00:49:54.123+0000] {logging_mixin.py:190} INFO - [2024-11-20T00:49:54.123+0000] {dagbag.py:588} INFO - Filling up the DagBag from /home/ubuntu/airflow_venv/lib/python3.12/site-packages/airflow/example_dags/example_bash_decorator.py
[2024-11-20T00:49:54.144+0000] {processor.py:925} INFO - DAG(s) 'example_bash_decorator' retrieved from /home/ubuntu/airflow_venv/lib/python3.12/site-packages/airflow/example_dags/example_bash_decorator.py
[2024-11-20T00:49:54.162+0000] {logging_mixin.py:190} INFO - [2024-11-20T00:49:54.162+0000] {dag.py:3239} INFO - Sync 1 DAGs
[2024-11-20T00:49:54.174+0000] {logging_mixin.py:190} INFO - [2024-11-20T00:49:54.174+0000] {dag.py:4180} INFO - Setting next_dagrun for example_bash_decorator to None, run_after=None
[2024-11-20T00:49:54.194+0000] {processor.py:208} INFO - Processing /home/ubuntu/airflow_venv/lib/python3.12/site-packages/airflow/example_dags/example_bash_decorator.py took 0.081 seconds
[2024-11-20T00:51:15.770+0000] {processor.py:186} INFO - Started process (PID=5171) to work on /home/ubuntu/airflow_venv/lib/python3.12/site-packages/airflow/example_dags/example_bash_decorator.py
[2024-11-20T00:51:15.772+0000] {processor.py:914} INFO - Processing file /home/ubuntu/airflow_venv/lib/python3.12/site-packages/airflow/example_dags/example_bash_decorator.py for tasks to queue
[2024-11-20T00:51:15.773+0000] {logging_mixin.py:190} INFO - [2024-11-20T00:51:15.773+0000] {dagbag.py:588} INFO - Filling up the DagBag from /home/ubuntu/airflow_venv/lib/python3.12/site-packages/airflow/example_dags/example_bash_decorator.py
[2024-11-20T00:51:15.788+0000] {processor.py:925} INFO - DAG(s) 'example_bash_decorator' retrieved from /home/ubuntu/airflow_venv/lib/python3.12/site-packages/airflow/example_dags/example_bash_decorator.py
[2024-11-20T00:51:15.806+0000] {logging_mixin.py:190} INFO - [2024-11-20T00:51:15.805+0000] {dag.py:3239} INFO - Sync 1 DAGs
[2024-11-20T00:51:15.818+0000] {logging_mixin.py:190} INFO - [2024-11-20T00:51:15.818+0000] {dag.py:4180} INFO - Setting next_dagrun for example_bash_decorator to None, run_after=None
[2024-11-20T00:51:15.840+0000] {processor.py:208} INFO - Processing /home/ubuntu/airflow_venv/lib/python3.12/site-packages/airflow/example_dags/example_bash_decorator.py took 0.077 seconds
[2024-11-20T00:52:12.616+0000] {processor.py:186} INFO - Started process (PID=5232) to work on /home/ubuntu/airflow_venv/lib/python3.12/site-packages/airflow/example_dags/example_bash_decorator.py
[2024-11-20T00:52:12.617+0000] {processor.py:914} INFO - Processing file /home/ubuntu/airflow_venv/lib/python3.12/site-packages/airflow/example_dags/example_bash_decorator.py for tasks to queue
[2024-11-20T00:52:12.618+0000] {logging_mixin.py:190} INFO - [2024-11-20T00:52:12.618+0000] {dagbag.py:588} INFO - Filling up the DagBag from /home/ubuntu/airflow_venv/lib/python3.12/site-packages/airflow/example_dags/example_bash_decorator.py
[2024-11-20T00:52:12.633+0000] {processor.py:925} INFO - DAG(s) 'example_bash_decorator' retrieved from /home/ubuntu/airflow_venv/lib/python3.12/site-packages/airflow/example_dags/example_bash_decorator.py
[2024-11-20T00:52:12.651+0000] {logging_mixin.py:190} INFO - [2024-11-20T00:52:12.650+0000] {dag.py:3239} INFO - Sync 1 DAGs
[2024-11-20T00:52:12.662+0000] {logging_mixin.py:190} INFO - [2024-11-20T00:52:12.662+0000] {dag.py:4180} INFO - Setting next_dagrun for example_bash_decorator to None, run_after=None
[2024-11-20T00:52:12.683+0000] {processor.py:208} INFO - Processing /home/ubuntu/airflow_venv/lib/python3.12/site-packages/airflow/example_dags/example_bash_decorator.py took 0.074 seconds
[2024-11-20T00:53:38.577+0000] {processor.py:186} INFO - Started process (PID=5317) to work on /home/ubuntu/airflow_venv/lib/python3.12/site-packages/airflow/example_dags/example_bash_decorator.py
[2024-11-20T00:53:38.578+0000] {processor.py:914} INFO - Processing file /home/ubuntu/airflow_venv/lib/python3.12/site-packages/airflow/example_dags/example_bash_decorator.py for tasks to queue
[2024-11-20T00:53:38.580+0000] {logging_mixin.py:190} INFO - [2024-11-20T00:53:38.579+0000] {dagbag.py:588} INFO - Filling up the DagBag from /home/ubuntu/airflow_venv/lib/python3.12/site-packages/airflow/example_dags/example_bash_decorator.py
[2024-11-20T00:53:38.595+0000] {processor.py:925} INFO - DAG(s) 'example_bash_decorator' retrieved from /home/ubuntu/airflow_venv/lib/python3.12/site-packages/airflow/example_dags/example_bash_decorator.py
[2024-11-20T00:53:38.614+0000] {logging_mixin.py:190} INFO - [2024-11-20T00:53:38.614+0000] {dag.py:3239} INFO - Sync 1 DAGs
[2024-11-20T00:53:38.627+0000] {logging_mixin.py:190} INFO - [2024-11-20T00:53:38.627+0000] {dag.py:4180} INFO - Setting next_dagrun for example_bash_decorator to None, run_after=None
[2024-11-20T00:53:38.649+0000] {processor.py:208} INFO - Processing /home/ubuntu/airflow_venv/lib/python3.12/site-packages/airflow/example_dags/example_bash_decorator.py took 0.079 seconds
[2024-11-20T00:54:56.482+0000] {processor.py:186} INFO - Started process (PID=5411) to work on /home/ubuntu/airflow_venv/lib/python3.12/site-packages/airflow/example_dags/example_bash_decorator.py
[2024-11-20T00:54:56.484+0000] {processor.py:914} INFO - Processing file /home/ubuntu/airflow_venv/lib/python3.12/site-packages/airflow/example_dags/example_bash_decorator.py for tasks to queue
[2024-11-20T00:54:56.486+0000] {logging_mixin.py:190} INFO - [2024-11-20T00:54:56.485+0000] {dagbag.py:588} INFO - Filling up the DagBag from /home/ubuntu/airflow_venv/lib/python3.12/site-packages/airflow/example_dags/example_bash_decorator.py
[2024-11-20T00:54:56.500+0000] {processor.py:925} INFO - DAG(s) 'example_bash_decorator' retrieved from /home/ubuntu/airflow_venv/lib/python3.12/site-packages/airflow/example_dags/example_bash_decorator.py
[2024-11-20T00:54:56.517+0000] {logging_mixin.py:190} INFO - [2024-11-20T00:54:56.517+0000] {dag.py:3239} INFO - Sync 1 DAGs
[2024-11-20T00:54:56.529+0000] {logging_mixin.py:190} INFO - [2024-11-20T00:54:56.529+0000] {dag.py:4180} INFO - Setting next_dagrun for example_bash_decorator to None, run_after=None
[2024-11-20T00:54:56.552+0000] {processor.py:208} INFO - Processing /home/ubuntu/airflow_venv/lib/python3.12/site-packages/airflow/example_dags/example_bash_decorator.py took 0.076 seconds
[2024-11-20T00:56:15.838+0000] {processor.py:186} INFO - Started process (PID=5498) to work on /home/ubuntu/airflow_venv/lib/python3.12/site-packages/airflow/example_dags/example_bash_decorator.py
[2024-11-20T00:56:15.840+0000] {processor.py:914} INFO - Processing file /home/ubuntu/airflow_venv/lib/python3.12/site-packages/airflow/example_dags/example_bash_decorator.py for tasks to queue
[2024-11-20T00:56:15.842+0000] {logging_mixin.py:190} INFO - [2024-11-20T00:56:15.841+0000] {dagbag.py:588} INFO - Filling up the DagBag from /home/ubuntu/airflow_venv/lib/python3.12/site-packages/airflow/example_dags/example_bash_decorator.py
[2024-11-20T00:56:15.857+0000] {processor.py:925} INFO - DAG(s) 'example_bash_decorator' retrieved from /home/ubuntu/airflow_venv/lib/python3.12/site-packages/airflow/example_dags/example_bash_decorator.py
[2024-11-20T00:56:15.874+0000] {logging_mixin.py:190} INFO - [2024-11-20T00:56:15.874+0000] {dag.py:3239} INFO - Sync 1 DAGs
[2024-11-20T00:56:15.886+0000] {logging_mixin.py:190} INFO - [2024-11-20T00:56:15.886+0000] {dag.py:4180} INFO - Setting next_dagrun for example_bash_decorator to None, run_after=None
[2024-11-20T00:56:15.908+0000] {processor.py:208} INFO - Processing /home/ubuntu/airflow_venv/lib/python3.12/site-packages/airflow/example_dags/example_bash_decorator.py took 0.076 seconds
[2024-11-20T00:57:35.425+0000] {processor.py:186} INFO - Started process (PID=5583) to work on /home/ubuntu/airflow_venv/lib/python3.12/site-packages/airflow/example_dags/example_bash_decorator.py
[2024-11-20T00:57:35.427+0000] {processor.py:914} INFO - Processing file /home/ubuntu/airflow_venv/lib/python3.12/site-packages/airflow/example_dags/example_bash_decorator.py for tasks to queue
[2024-11-20T00:57:35.429+0000] {logging_mixin.py:190} INFO - [2024-11-20T00:57:35.428+0000] {dagbag.py:588} INFO - Filling up the DagBag from /home/ubuntu/airflow_venv/lib/python3.12/site-packages/airflow/example_dags/example_bash_decorator.py
[2024-11-20T00:57:35.443+0000] {processor.py:925} INFO - DAG(s) 'example_bash_decorator' retrieved from /home/ubuntu/airflow_venv/lib/python3.12/site-packages/airflow/example_dags/example_bash_decorator.py
[2024-11-20T00:57:35.461+0000] {logging_mixin.py:190} INFO - [2024-11-20T00:57:35.461+0000] {dag.py:3239} INFO - Sync 1 DAGs
[2024-11-20T00:57:35.473+0000] {logging_mixin.py:190} INFO - [2024-11-20T00:57:35.473+0000] {dag.py:4180} INFO - Setting next_dagrun for example_bash_decorator to None, run_after=None
[2024-11-20T00:57:35.494+0000] {processor.py:208} INFO - Processing /home/ubuntu/airflow_venv/lib/python3.12/site-packages/airflow/example_dags/example_bash_decorator.py took 0.075 seconds
[2024-11-20T00:58:53.350+0000] {processor.py:186} INFO - Started process (PID=5665) to work on /home/ubuntu/airflow_venv/lib/python3.12/site-packages/airflow/example_dags/example_bash_decorator.py
[2024-11-20T00:58:53.352+0000] {processor.py:914} INFO - Processing file /home/ubuntu/airflow_venv/lib/python3.12/site-packages/airflow/example_dags/example_bash_decorator.py for tasks to queue
[2024-11-20T00:58:53.353+0000] {logging_mixin.py:190} INFO - [2024-11-20T00:58:53.352+0000] {dagbag.py:588} INFO - Filling up the DagBag from /home/ubuntu/airflow_venv/lib/python3.12/site-packages/airflow/example_dags/example_bash_decorator.py
[2024-11-20T00:58:53.367+0000] {processor.py:925} INFO - DAG(s) 'example_bash_decorator' retrieved from /home/ubuntu/airflow_venv/lib/python3.12/site-packages/airflow/example_dags/example_bash_decorator.py
[2024-11-20T00:58:53.384+0000] {logging_mixin.py:190} INFO - [2024-11-20T00:58:53.383+0000] {dag.py:3239} INFO - Sync 1 DAGs
[2024-11-20T00:58:53.397+0000] {logging_mixin.py:190} INFO - [2024-11-20T00:58:53.396+0000] {dag.py:4180} INFO - Setting next_dagrun for example_bash_decorator to None, run_after=None
[2024-11-20T00:58:53.417+0000] {processor.py:208} INFO - Processing /home/ubuntu/airflow_venv/lib/python3.12/site-packages/airflow/example_dags/example_bash_decorator.py took 0.073 seconds
[2024-11-20T01:00:14.782+0000] {processor.py:186} INFO - Started process (PID=5756) to work on /home/ubuntu/airflow_venv/lib/python3.12/site-packages/airflow/example_dags/example_bash_decorator.py
[2024-11-20T01:00:14.784+0000] {processor.py:914} INFO - Processing file /home/ubuntu/airflow_venv/lib/python3.12/site-packages/airflow/example_dags/example_bash_decorator.py for tasks to queue
[2024-11-20T01:00:14.785+0000] {logging_mixin.py:190} INFO - [2024-11-20T01:00:14.785+0000] {dagbag.py:588} INFO - Filling up the DagBag from /home/ubuntu/airflow_venv/lib/python3.12/site-packages/airflow/example_dags/example_bash_decorator.py
[2024-11-20T01:00:14.800+0000] {processor.py:925} INFO - DAG(s) 'example_bash_decorator' retrieved from /home/ubuntu/airflow_venv/lib/python3.12/site-packages/airflow/example_dags/example_bash_decorator.py
[2024-11-20T01:00:14.818+0000] {logging_mixin.py:190} INFO - [2024-11-20T01:00:14.818+0000] {dag.py:3239} INFO - Sync 1 DAGs
[2024-11-20T01:00:14.830+0000] {logging_mixin.py:190} INFO - [2024-11-20T01:00:14.829+0000] {dag.py:4180} INFO - Setting next_dagrun for example_bash_decorator to None, run_after=None
[2024-11-20T01:00:14.852+0000] {processor.py:208} INFO - Processing /home/ubuntu/airflow_venv/lib/python3.12/site-packages/airflow/example_dags/example_bash_decorator.py took 0.076 seconds
[2024-11-20T01:01:47.670+0000] {processor.py:186} INFO - Started process (PID=5855) to work on /home/ubuntu/airflow_venv/lib/python3.12/site-packages/airflow/example_dags/example_bash_decorator.py
[2024-11-20T01:01:47.672+0000] {processor.py:914} INFO - Processing file /home/ubuntu/airflow_venv/lib/python3.12/site-packages/airflow/example_dags/example_bash_decorator.py for tasks to queue
[2024-11-20T01:01:47.674+0000] {logging_mixin.py:190} INFO - [2024-11-20T01:01:47.673+0000] {dagbag.py:588} INFO - Filling up the DagBag from /home/ubuntu/airflow_venv/lib/python3.12/site-packages/airflow/example_dags/example_bash_decorator.py
[2024-11-20T01:01:47.688+0000] {processor.py:925} INFO - DAG(s) 'example_bash_decorator' retrieved from /home/ubuntu/airflow_venv/lib/python3.12/site-packages/airflow/example_dags/example_bash_decorator.py
[2024-11-20T01:01:47.707+0000] {logging_mixin.py:190} INFO - [2024-11-20T01:01:47.706+0000] {dag.py:3239} INFO - Sync 1 DAGs
[2024-11-20T01:01:47.718+0000] {logging_mixin.py:190} INFO - [2024-11-20T01:01:47.718+0000] {dag.py:4180} INFO - Setting next_dagrun for example_bash_decorator to None, run_after=None
[2024-11-20T01:01:47.741+0000] {processor.py:208} INFO - Processing /home/ubuntu/airflow_venv/lib/python3.12/site-packages/airflow/example_dags/example_bash_decorator.py took 0.078 seconds
[2024-11-20T01:02:52.699+0000] {processor.py:186} INFO - Started process (PID=5922) to work on /home/ubuntu/airflow_venv/lib/python3.12/site-packages/airflow/example_dags/example_bash_decorator.py
[2024-11-20T01:02:52.701+0000] {processor.py:914} INFO - Processing file /home/ubuntu/airflow_venv/lib/python3.12/site-packages/airflow/example_dags/example_bash_decorator.py for tasks to queue
[2024-11-20T01:02:52.702+0000] {logging_mixin.py:190} INFO - [2024-11-20T01:02:52.702+0000] {dagbag.py:588} INFO - Filling up the DagBag from /home/ubuntu/airflow_venv/lib/python3.12/site-packages/airflow/example_dags/example_bash_decorator.py
[2024-11-20T01:02:52.718+0000] {processor.py:925} INFO - DAG(s) 'example_bash_decorator' retrieved from /home/ubuntu/airflow_venv/lib/python3.12/site-packages/airflow/example_dags/example_bash_decorator.py
[2024-11-20T01:02:52.736+0000] {logging_mixin.py:190} INFO - [2024-11-20T01:02:52.736+0000] {dag.py:3239} INFO - Sync 1 DAGs
[2024-11-20T01:02:52.747+0000] {logging_mixin.py:190} INFO - [2024-11-20T01:02:52.747+0000] {dag.py:4180} INFO - Setting next_dagrun for example_bash_decorator to None, run_after=None
[2024-11-20T01:02:52.768+0000] {processor.py:208} INFO - Processing /home/ubuntu/airflow_venv/lib/python3.12/site-packages/airflow/example_dags/example_bash_decorator.py took 0.075 seconds
[2024-11-20T01:04:15.529+0000] {processor.py:186} INFO - Started process (PID=6009) to work on /home/ubuntu/airflow_venv/lib/python3.12/site-packages/airflow/example_dags/example_bash_decorator.py
[2024-11-20T01:04:15.530+0000] {processor.py:914} INFO - Processing file /home/ubuntu/airflow_venv/lib/python3.12/site-packages/airflow/example_dags/example_bash_decorator.py for tasks to queue
[2024-11-20T01:04:15.532+0000] {logging_mixin.py:190} INFO - [2024-11-20T01:04:15.532+0000] {dagbag.py:588} INFO - Filling up the DagBag from /home/ubuntu/airflow_venv/lib/python3.12/site-packages/airflow/example_dags/example_bash_decorator.py
[2024-11-20T01:04:15.547+0000] {processor.py:925} INFO - DAG(s) 'example_bash_decorator' retrieved from /home/ubuntu/airflow_venv/lib/python3.12/site-packages/airflow/example_dags/example_bash_decorator.py
[2024-11-20T01:04:15.565+0000] {logging_mixin.py:190} INFO - [2024-11-20T01:04:15.565+0000] {dag.py:3239} INFO - Sync 1 DAGs
[2024-11-20T01:04:15.581+0000] {logging_mixin.py:190} INFO - [2024-11-20T01:04:15.581+0000] {dag.py:4180} INFO - Setting next_dagrun for example_bash_decorator to None, run_after=None
[2024-11-20T01:04:15.603+0000] {processor.py:208} INFO - Processing /home/ubuntu/airflow_venv/lib/python3.12/site-packages/airflow/example_dags/example_bash_decorator.py took 0.081 seconds
[2024-11-20T01:05:40.539+0000] {processor.py:186} INFO - Started process (PID=6097) to work on /home/ubuntu/airflow_venv/lib/python3.12/site-packages/airflow/example_dags/example_bash_decorator.py
[2024-11-20T01:05:40.540+0000] {processor.py:914} INFO - Processing file /home/ubuntu/airflow_venv/lib/python3.12/site-packages/airflow/example_dags/example_bash_decorator.py for tasks to queue
[2024-11-20T01:05:40.541+0000] {logging_mixin.py:190} INFO - [2024-11-20T01:05:40.541+0000] {dagbag.py:588} INFO - Filling up the DagBag from /home/ubuntu/airflow_venv/lib/python3.12/site-packages/airflow/example_dags/example_bash_decorator.py
[2024-11-20T01:05:40.556+0000] {processor.py:925} INFO - DAG(s) 'example_bash_decorator' retrieved from /home/ubuntu/airflow_venv/lib/python3.12/site-packages/airflow/example_dags/example_bash_decorator.py
[2024-11-20T01:05:40.574+0000] {logging_mixin.py:190} INFO - [2024-11-20T01:05:40.573+0000] {dag.py:3239} INFO - Sync 1 DAGs
[2024-11-20T01:05:40.585+0000] {logging_mixin.py:190} INFO - [2024-11-20T01:05:40.585+0000] {dag.py:4180} INFO - Setting next_dagrun for example_bash_decorator to None, run_after=None
[2024-11-20T01:05:40.606+0000] {processor.py:208} INFO - Processing /home/ubuntu/airflow_venv/lib/python3.12/site-packages/airflow/example_dags/example_bash_decorator.py took 0.073 seconds
[2024-11-20T01:06:57.853+0000] {processor.py:186} INFO - Started process (PID=6178) to work on /home/ubuntu/airflow_venv/lib/python3.12/site-packages/airflow/example_dags/example_bash_decorator.py
[2024-11-20T01:06:57.855+0000] {processor.py:914} INFO - Processing file /home/ubuntu/airflow_venv/lib/python3.12/site-packages/airflow/example_dags/example_bash_decorator.py for tasks to queue
[2024-11-20T01:06:57.857+0000] {logging_mixin.py:190} INFO - [2024-11-20T01:06:57.856+0000] {dagbag.py:588} INFO - Filling up the DagBag from /home/ubuntu/airflow_venv/lib/python3.12/site-packages/airflow/example_dags/example_bash_decorator.py
[2024-11-20T01:06:57.871+0000] {processor.py:925} INFO - DAG(s) 'example_bash_decorator' retrieved from /home/ubuntu/airflow_venv/lib/python3.12/site-packages/airflow/example_dags/example_bash_decorator.py
[2024-11-20T01:06:57.889+0000] {logging_mixin.py:190} INFO - [2024-11-20T01:06:57.889+0000] {dag.py:3239} INFO - Sync 1 DAGs
[2024-11-20T01:06:57.901+0000] {logging_mixin.py:190} INFO - [2024-11-20T01:06:57.901+0000] {dag.py:4180} INFO - Setting next_dagrun for example_bash_decorator to None, run_after=None
[2024-11-20T01:06:57.924+0000] {processor.py:208} INFO - Processing /home/ubuntu/airflow_venv/lib/python3.12/site-packages/airflow/example_dags/example_bash_decorator.py took 0.079 seconds
[2024-11-20T01:08:17.252+0000] {processor.py:186} INFO - Started process (PID=6260) to work on /home/ubuntu/airflow_venv/lib/python3.12/site-packages/airflow/example_dags/example_bash_decorator.py
[2024-11-20T01:08:17.254+0000] {processor.py:914} INFO - Processing file /home/ubuntu/airflow_venv/lib/python3.12/site-packages/airflow/example_dags/example_bash_decorator.py for tasks to queue
[2024-11-20T01:08:17.255+0000] {logging_mixin.py:190} INFO - [2024-11-20T01:08:17.254+0000] {dagbag.py:588} INFO - Filling up the DagBag from /home/ubuntu/airflow_venv/lib/python3.12/site-packages/airflow/example_dags/example_bash_decorator.py
[2024-11-20T01:08:17.276+0000] {processor.py:925} INFO - DAG(s) 'example_bash_decorator' retrieved from /home/ubuntu/airflow_venv/lib/python3.12/site-packages/airflow/example_dags/example_bash_decorator.py
[2024-11-20T01:08:17.293+0000] {logging_mixin.py:190} INFO - [2024-11-20T01:08:17.292+0000] {dag.py:3239} INFO - Sync 1 DAGs
[2024-11-20T01:08:17.305+0000] {logging_mixin.py:190} INFO - [2024-11-20T01:08:17.305+0000] {dag.py:4180} INFO - Setting next_dagrun for example_bash_decorator to None, run_after=None
[2024-11-20T01:08:17.328+0000] {processor.py:208} INFO - Processing /home/ubuntu/airflow_venv/lib/python3.12/site-packages/airflow/example_dags/example_bash_decorator.py took 0.082 seconds
[2024-11-20T01:09:44.407+0000] {processor.py:186} INFO - Started process (PID=6346) to work on /home/ubuntu/airflow_venv/lib/python3.12/site-packages/airflow/example_dags/example_bash_decorator.py
[2024-11-20T01:09:44.409+0000] {processor.py:914} INFO - Processing file /home/ubuntu/airflow_venv/lib/python3.12/site-packages/airflow/example_dags/example_bash_decorator.py for tasks to queue
[2024-11-20T01:09:44.410+0000] {logging_mixin.py:190} INFO - [2024-11-20T01:09:44.410+0000] {dagbag.py:588} INFO - Filling up the DagBag from /home/ubuntu/airflow_venv/lib/python3.12/site-packages/airflow/example_dags/example_bash_decorator.py
[2024-11-20T01:09:44.424+0000] {processor.py:925} INFO - DAG(s) 'example_bash_decorator' retrieved from /home/ubuntu/airflow_venv/lib/python3.12/site-packages/airflow/example_dags/example_bash_decorator.py
[2024-11-20T01:09:44.441+0000] {logging_mixin.py:190} INFO - [2024-11-20T01:09:44.441+0000] {dag.py:3239} INFO - Sync 1 DAGs
[2024-11-20T01:09:44.455+0000] {logging_mixin.py:190} INFO - [2024-11-20T01:09:44.454+0000] {dag.py:4180} INFO - Setting next_dagrun for example_bash_decorator to None, run_after=None
[2024-11-20T01:09:44.477+0000] {processor.py:208} INFO - Processing /home/ubuntu/airflow_venv/lib/python3.12/site-packages/airflow/example_dags/example_bash_decorator.py took 0.076 seconds
[2024-11-20T01:10:41.192+0000] {processor.py:186} INFO - Started process (PID=6410) to work on /home/ubuntu/airflow_venv/lib/python3.12/site-packages/airflow/example_dags/example_bash_decorator.py
[2024-11-20T01:10:41.194+0000] {processor.py:914} INFO - Processing file /home/ubuntu/airflow_venv/lib/python3.12/site-packages/airflow/example_dags/example_bash_decorator.py for tasks to queue
[2024-11-20T01:10:41.195+0000] {logging_mixin.py:190} INFO - [2024-11-20T01:10:41.195+0000] {dagbag.py:588} INFO - Filling up the DagBag from /home/ubuntu/airflow_venv/lib/python3.12/site-packages/airflow/example_dags/example_bash_decorator.py
[2024-11-20T01:10:41.216+0000] {processor.py:925} INFO - DAG(s) 'example_bash_decorator' retrieved from /home/ubuntu/airflow_venv/lib/python3.12/site-packages/airflow/example_dags/example_bash_decorator.py
[2024-11-20T01:10:41.237+0000] {logging_mixin.py:190} INFO - [2024-11-20T01:10:41.237+0000] {dag.py:3239} INFO - Sync 1 DAGs
[2024-11-20T01:10:41.248+0000] {logging_mixin.py:190} INFO - [2024-11-20T01:10:41.248+0000] {dag.py:4180} INFO - Setting next_dagrun for example_bash_decorator to None, run_after=None
[2024-11-20T01:10:41.269+0000] {processor.py:208} INFO - Processing /home/ubuntu/airflow_venv/lib/python3.12/site-packages/airflow/example_dags/example_bash_decorator.py took 0.083 seconds
[2024-11-20T01:12:01.961+0000] {processor.py:186} INFO - Started process (PID=6493) to work on /home/ubuntu/airflow_venv/lib/python3.12/site-packages/airflow/example_dags/example_bash_decorator.py
[2024-11-20T01:12:01.963+0000] {processor.py:914} INFO - Processing file /home/ubuntu/airflow_venv/lib/python3.12/site-packages/airflow/example_dags/example_bash_decorator.py for tasks to queue
[2024-11-20T01:12:01.965+0000] {logging_mixin.py:190} INFO - [2024-11-20T01:12:01.965+0000] {dagbag.py:588} INFO - Filling up the DagBag from /home/ubuntu/airflow_venv/lib/python3.12/site-packages/airflow/example_dags/example_bash_decorator.py
[2024-11-20T01:12:01.981+0000] {processor.py:925} INFO - DAG(s) 'example_bash_decorator' retrieved from /home/ubuntu/airflow_venv/lib/python3.12/site-packages/airflow/example_dags/example_bash_decorator.py
[2024-11-20T01:12:01.999+0000] {logging_mixin.py:190} INFO - [2024-11-20T01:12:01.999+0000] {dag.py:3239} INFO - Sync 1 DAGs
[2024-11-20T01:12:02.015+0000] {logging_mixin.py:190} INFO - [2024-11-20T01:12:02.015+0000] {dag.py:4180} INFO - Setting next_dagrun for example_bash_decorator to None, run_after=None
[2024-11-20T01:12:02.039+0000] {processor.py:208} INFO - Processing /home/ubuntu/airflow_venv/lib/python3.12/site-packages/airflow/example_dags/example_bash_decorator.py took 0.085 seconds
