[2024-11-20T00:16:18.833+0000] {processor.py:186} INFO - Started process (PID=2032) to work on /home/ubuntu/airflow_venv/lib/python3.12/site-packages/airflow/example_dags/example_setup_teardown_taskflow.py
[2024-11-20T00:16:18.834+0000] {processor.py:914} INFO - Processing file /home/ubuntu/airflow_venv/lib/python3.12/site-packages/airflow/example_dags/example_setup_teardown_taskflow.py for tasks to queue
[2024-11-20T00:16:18.836+0000] {logging_mixin.py:190} INFO - [2024-11-20T00:16:18.836+0000] {dagbag.py:588} INFO - Filling up the DagBag from /home/ubuntu/airflow_venv/lib/python3.12/site-packages/airflow/example_dags/example_setup_teardown_taskflow.py
[2024-11-20T00:16:18.846+0000] {processor.py:925} INFO - DAG(s) 'example_setup_teardown_taskflow' retrieved from /home/ubuntu/airflow_venv/lib/python3.12/site-packages/airflow/example_dags/example_setup_teardown_taskflow.py
[2024-11-20T00:16:18.865+0000] {logging_mixin.py:190} INFO - [2024-11-20T00:16:18.865+0000] {dag.py:3239} INFO - Sync 1 DAGs
[2024-11-20T00:16:18.879+0000] {logging_mixin.py:190} INFO - [2024-11-20T00:16:18.879+0000] {dag.py:4180} INFO - Setting next_dagrun for example_setup_teardown_taskflow to None, run_after=None
[2024-11-20T00:16:18.898+0000] {processor.py:208} INFO - Processing /home/ubuntu/airflow_venv/lib/python3.12/site-packages/airflow/example_dags/example_setup_teardown_taskflow.py took 0.070 seconds
[2024-11-20T00:17:17.789+0000] {processor.py:186} INFO - Started process (PID=2103) to work on /home/ubuntu/airflow_venv/lib/python3.12/site-packages/airflow/example_dags/example_setup_teardown_taskflow.py
[2024-11-20T00:17:17.792+0000] {processor.py:914} INFO - Processing file /home/ubuntu/airflow_venv/lib/python3.12/site-packages/airflow/example_dags/example_setup_teardown_taskflow.py for tasks to queue
[2024-11-20T00:17:17.795+0000] {logging_mixin.py:190} INFO - [2024-11-20T00:17:17.793+0000] {dagbag.py:588} INFO - Filling up the DagBag from /home/ubuntu/airflow_venv/lib/python3.12/site-packages/airflow/example_dags/example_setup_teardown_taskflow.py
[2024-11-20T00:17:17.805+0000] {processor.py:925} INFO - DAG(s) 'example_setup_teardown_taskflow' retrieved from /home/ubuntu/airflow_venv/lib/python3.12/site-packages/airflow/example_dags/example_setup_teardown_taskflow.py
[2024-11-20T00:17:17.822+0000] {logging_mixin.py:190} INFO - [2024-11-20T00:17:17.822+0000] {dag.py:3239} INFO - Sync 1 DAGs
[2024-11-20T00:17:17.833+0000] {logging_mixin.py:190} INFO - [2024-11-20T00:17:17.833+0000] {dag.py:4180} INFO - Setting next_dagrun for example_setup_teardown_taskflow to None, run_after=None
[2024-11-20T00:17:17.857+0000] {processor.py:208} INFO - Processing /home/ubuntu/airflow_venv/lib/python3.12/site-packages/airflow/example_dags/example_setup_teardown_taskflow.py took 0.072 seconds
[2024-11-20T00:18:13.200+0000] {processor.py:186} INFO - Started process (PID=2161) to work on /home/ubuntu/airflow_venv/lib/python3.12/site-packages/airflow/example_dags/example_setup_teardown_taskflow.py
[2024-11-20T00:18:13.202+0000] {processor.py:914} INFO - Processing file /home/ubuntu/airflow_venv/lib/python3.12/site-packages/airflow/example_dags/example_setup_teardown_taskflow.py for tasks to queue
[2024-11-20T00:18:13.204+0000] {logging_mixin.py:190} INFO - [2024-11-20T00:18:13.204+0000] {dagbag.py:588} INFO - Filling up the DagBag from /home/ubuntu/airflow_venv/lib/python3.12/site-packages/airflow/example_dags/example_setup_teardown_taskflow.py
[2024-11-20T00:18:13.214+0000] {processor.py:925} INFO - DAG(s) 'example_setup_teardown_taskflow' retrieved from /home/ubuntu/airflow_venv/lib/python3.12/site-packages/airflow/example_dags/example_setup_teardown_taskflow.py
[2024-11-20T00:18:13.231+0000] {logging_mixin.py:190} INFO - [2024-11-20T00:18:13.231+0000] {dag.py:3239} INFO - Sync 1 DAGs
[2024-11-20T00:18:13.242+0000] {logging_mixin.py:190} INFO - [2024-11-20T00:18:13.242+0000] {dag.py:4180} INFO - Setting next_dagrun for example_setup_teardown_taskflow to None, run_after=None
[2024-11-20T00:18:13.264+0000] {processor.py:208} INFO - Processing /home/ubuntu/airflow_venv/lib/python3.12/site-packages/airflow/example_dags/example_setup_teardown_taskflow.py took 0.068 seconds
[2024-11-20T00:19:05.781+0000] {processor.py:186} INFO - Started process (PID=2214) to work on /home/ubuntu/airflow_venv/lib/python3.12/site-packages/airflow/example_dags/example_setup_teardown_taskflow.py
[2024-11-20T00:19:05.783+0000] {processor.py:914} INFO - Processing file /home/ubuntu/airflow_venv/lib/python3.12/site-packages/airflow/example_dags/example_setup_teardown_taskflow.py for tasks to queue
[2024-11-20T00:19:05.785+0000] {logging_mixin.py:190} INFO - [2024-11-20T00:19:05.785+0000] {dagbag.py:588} INFO - Filling up the DagBag from /home/ubuntu/airflow_venv/lib/python3.12/site-packages/airflow/example_dags/example_setup_teardown_taskflow.py
[2024-11-20T00:19:05.795+0000] {processor.py:925} INFO - DAG(s) 'example_setup_teardown_taskflow' retrieved from /home/ubuntu/airflow_venv/lib/python3.12/site-packages/airflow/example_dags/example_setup_teardown_taskflow.py
[2024-11-20T00:19:05.812+0000] {logging_mixin.py:190} INFO - [2024-11-20T00:19:05.812+0000] {dag.py:3239} INFO - Sync 1 DAGs
[2024-11-20T00:19:05.825+0000] {logging_mixin.py:190} INFO - [2024-11-20T00:19:05.824+0000] {dag.py:4180} INFO - Setting next_dagrun for example_setup_teardown_taskflow to None, run_after=None
[2024-11-20T00:19:05.845+0000] {processor.py:208} INFO - Processing /home/ubuntu/airflow_venv/lib/python3.12/site-packages/airflow/example_dags/example_setup_teardown_taskflow.py took 0.069 seconds
[2024-11-20T00:19:59.682+0000] {processor.py:186} INFO - Started process (PID=2271) to work on /home/ubuntu/airflow_venv/lib/python3.12/site-packages/airflow/example_dags/example_setup_teardown_taskflow.py
[2024-11-20T00:19:59.685+0000] {processor.py:914} INFO - Processing file /home/ubuntu/airflow_venv/lib/python3.12/site-packages/airflow/example_dags/example_setup_teardown_taskflow.py for tasks to queue
[2024-11-20T00:19:59.687+0000] {logging_mixin.py:190} INFO - [2024-11-20T00:19:59.687+0000] {dagbag.py:588} INFO - Filling up the DagBag from /home/ubuntu/airflow_venv/lib/python3.12/site-packages/airflow/example_dags/example_setup_teardown_taskflow.py
[2024-11-20T00:19:59.697+0000] {processor.py:925} INFO - DAG(s) 'example_setup_teardown_taskflow' retrieved from /home/ubuntu/airflow_venv/lib/python3.12/site-packages/airflow/example_dags/example_setup_teardown_taskflow.py
[2024-11-20T00:19:59.714+0000] {logging_mixin.py:190} INFO - [2024-11-20T00:19:59.713+0000] {dag.py:3239} INFO - Sync 1 DAGs
[2024-11-20T00:19:59.725+0000] {logging_mixin.py:190} INFO - [2024-11-20T00:19:59.725+0000] {dag.py:4180} INFO - Setting next_dagrun for example_setup_teardown_taskflow to None, run_after=None
[2024-11-20T00:19:59.747+0000] {processor.py:208} INFO - Processing /home/ubuntu/airflow_venv/lib/python3.12/site-packages/airflow/example_dags/example_setup_teardown_taskflow.py took 0.070 seconds
[2024-11-20T00:20:51.422+0000] {processor.py:186} INFO - Started process (PID=2328) to work on /home/ubuntu/airflow_venv/lib/python3.12/site-packages/airflow/example_dags/example_setup_teardown_taskflow.py
[2024-11-20T00:20:51.423+0000] {processor.py:914} INFO - Processing file /home/ubuntu/airflow_venv/lib/python3.12/site-packages/airflow/example_dags/example_setup_teardown_taskflow.py for tasks to queue
[2024-11-20T00:20:51.426+0000] {logging_mixin.py:190} INFO - [2024-11-20T00:20:51.425+0000] {dagbag.py:588} INFO - Filling up the DagBag from /home/ubuntu/airflow_venv/lib/python3.12/site-packages/airflow/example_dags/example_setup_teardown_taskflow.py
[2024-11-20T00:20:51.436+0000] {processor.py:925} INFO - DAG(s) 'example_setup_teardown_taskflow' retrieved from /home/ubuntu/airflow_venv/lib/python3.12/site-packages/airflow/example_dags/example_setup_teardown_taskflow.py
[2024-11-20T00:20:51.452+0000] {logging_mixin.py:190} INFO - [2024-11-20T00:20:51.452+0000] {dag.py:3239} INFO - Sync 1 DAGs
[2024-11-20T00:20:51.463+0000] {logging_mixin.py:190} INFO - [2024-11-20T00:20:51.463+0000] {dag.py:4180} INFO - Setting next_dagrun for example_setup_teardown_taskflow to None, run_after=None
[2024-11-20T00:20:51.484+0000] {processor.py:208} INFO - Processing /home/ubuntu/airflow_venv/lib/python3.12/site-packages/airflow/example_dags/example_setup_teardown_taskflow.py took 0.068 seconds
[2024-11-20T00:21:52.010+0000] {processor.py:186} INFO - Started process (PID=2388) to work on /home/ubuntu/airflow_venv/lib/python3.12/site-packages/airflow/example_dags/example_setup_teardown_taskflow.py
[2024-11-20T00:21:52.012+0000] {processor.py:914} INFO - Processing file /home/ubuntu/airflow_venv/lib/python3.12/site-packages/airflow/example_dags/example_setup_teardown_taskflow.py for tasks to queue
[2024-11-20T00:21:52.014+0000] {logging_mixin.py:190} INFO - [2024-11-20T00:21:52.014+0000] {dagbag.py:588} INFO - Filling up the DagBag from /home/ubuntu/airflow_venv/lib/python3.12/site-packages/airflow/example_dags/example_setup_teardown_taskflow.py
[2024-11-20T00:21:52.025+0000] {processor.py:925} INFO - DAG(s) 'example_setup_teardown_taskflow' retrieved from /home/ubuntu/airflow_venv/lib/python3.12/site-packages/airflow/example_dags/example_setup_teardown_taskflow.py
[2024-11-20T00:21:52.041+0000] {logging_mixin.py:190} INFO - [2024-11-20T00:21:52.041+0000] {dag.py:3239} INFO - Sync 1 DAGs
[2024-11-20T00:21:52.053+0000] {logging_mixin.py:190} INFO - [2024-11-20T00:21:52.053+0000] {dag.py:4180} INFO - Setting next_dagrun for example_setup_teardown_taskflow to None, run_after=None
[2024-11-20T00:21:52.074+0000] {processor.py:208} INFO - Processing /home/ubuntu/airflow_venv/lib/python3.12/site-packages/airflow/example_dags/example_setup_teardown_taskflow.py took 0.070 seconds
[2024-11-20T00:22:48.505+0000] {processor.py:186} INFO - Started process (PID=2447) to work on /home/ubuntu/airflow_venv/lib/python3.12/site-packages/airflow/example_dags/example_setup_teardown_taskflow.py
[2024-11-20T00:22:48.506+0000] {processor.py:914} INFO - Processing file /home/ubuntu/airflow_venv/lib/python3.12/site-packages/airflow/example_dags/example_setup_teardown_taskflow.py for tasks to queue
[2024-11-20T00:22:48.509+0000] {logging_mixin.py:190} INFO - [2024-11-20T00:22:48.508+0000] {dagbag.py:588} INFO - Filling up the DagBag from /home/ubuntu/airflow_venv/lib/python3.12/site-packages/airflow/example_dags/example_setup_teardown_taskflow.py
[2024-11-20T00:22:48.519+0000] {processor.py:925} INFO - DAG(s) 'example_setup_teardown_taskflow' retrieved from /home/ubuntu/airflow_venv/lib/python3.12/site-packages/airflow/example_dags/example_setup_teardown_taskflow.py
[2024-11-20T00:22:48.535+0000] {logging_mixin.py:190} INFO - [2024-11-20T00:22:48.535+0000] {dag.py:3239} INFO - Sync 1 DAGs
[2024-11-20T00:22:48.546+0000] {logging_mixin.py:190} INFO - [2024-11-20T00:22:48.546+0000] {dag.py:4180} INFO - Setting next_dagrun for example_setup_teardown_taskflow to None, run_after=None
[2024-11-20T00:22:48.568+0000] {processor.py:208} INFO - Processing /home/ubuntu/airflow_venv/lib/python3.12/site-packages/airflow/example_dags/example_setup_teardown_taskflow.py took 0.069 seconds
[2024-11-20T00:23:44.134+0000] {processor.py:186} INFO - Started process (PID=2503) to work on /home/ubuntu/airflow_venv/lib/python3.12/site-packages/airflow/example_dags/example_setup_teardown_taskflow.py
[2024-11-20T00:23:44.135+0000] {processor.py:914} INFO - Processing file /home/ubuntu/airflow_venv/lib/python3.12/site-packages/airflow/example_dags/example_setup_teardown_taskflow.py for tasks to queue
[2024-11-20T00:23:44.138+0000] {logging_mixin.py:190} INFO - [2024-11-20T00:23:44.138+0000] {dagbag.py:588} INFO - Filling up the DagBag from /home/ubuntu/airflow_venv/lib/python3.12/site-packages/airflow/example_dags/example_setup_teardown_taskflow.py
[2024-11-20T00:23:44.148+0000] {processor.py:925} INFO - DAG(s) 'example_setup_teardown_taskflow' retrieved from /home/ubuntu/airflow_venv/lib/python3.12/site-packages/airflow/example_dags/example_setup_teardown_taskflow.py
[2024-11-20T00:23:44.165+0000] {logging_mixin.py:190} INFO - [2024-11-20T00:23:44.165+0000] {dag.py:3239} INFO - Sync 1 DAGs
[2024-11-20T00:23:44.177+0000] {logging_mixin.py:190} INFO - [2024-11-20T00:23:44.177+0000] {dag.py:4180} INFO - Setting next_dagrun for example_setup_teardown_taskflow to None, run_after=None
[2024-11-20T00:23:44.199+0000] {processor.py:208} INFO - Processing /home/ubuntu/airflow_venv/lib/python3.12/site-packages/airflow/example_dags/example_setup_teardown_taskflow.py took 0.070 seconds
[2024-11-20T00:24:38.405+0000] {processor.py:186} INFO - Started process (PID=2559) to work on /home/ubuntu/airflow_venv/lib/python3.12/site-packages/airflow/example_dags/example_setup_teardown_taskflow.py
[2024-11-20T00:24:38.406+0000] {processor.py:914} INFO - Processing file /home/ubuntu/airflow_venv/lib/python3.12/site-packages/airflow/example_dags/example_setup_teardown_taskflow.py for tasks to queue
[2024-11-20T00:24:38.408+0000] {logging_mixin.py:190} INFO - [2024-11-20T00:24:38.407+0000] {dagbag.py:588} INFO - Filling up the DagBag from /home/ubuntu/airflow_venv/lib/python3.12/site-packages/airflow/example_dags/example_setup_teardown_taskflow.py
[2024-11-20T00:24:38.419+0000] {processor.py:925} INFO - DAG(s) 'example_setup_teardown_taskflow' retrieved from /home/ubuntu/airflow_venv/lib/python3.12/site-packages/airflow/example_dags/example_setup_teardown_taskflow.py
[2024-11-20T00:24:38.434+0000] {logging_mixin.py:190} INFO - [2024-11-20T00:24:38.434+0000] {dag.py:3239} INFO - Sync 1 DAGs
[2024-11-20T00:24:38.445+0000] {logging_mixin.py:190} INFO - [2024-11-20T00:24:38.445+0000] {dag.py:4180} INFO - Setting next_dagrun for example_setup_teardown_taskflow to None, run_after=None
[2024-11-20T00:24:38.469+0000] {processor.py:208} INFO - Processing /home/ubuntu/airflow_venv/lib/python3.12/site-packages/airflow/example_dags/example_setup_teardown_taskflow.py took 0.069 seconds
[2024-11-20T00:25:32.397+0000] {processor.py:186} INFO - Started process (PID=2617) to work on /home/ubuntu/airflow_venv/lib/python3.12/site-packages/airflow/example_dags/example_setup_teardown_taskflow.py
[2024-11-20T00:25:32.398+0000] {processor.py:914} INFO - Processing file /home/ubuntu/airflow_venv/lib/python3.12/site-packages/airflow/example_dags/example_setup_teardown_taskflow.py for tasks to queue
[2024-11-20T00:25:32.401+0000] {logging_mixin.py:190} INFO - [2024-11-20T00:25:32.400+0000] {dagbag.py:588} INFO - Filling up the DagBag from /home/ubuntu/airflow_venv/lib/python3.12/site-packages/airflow/example_dags/example_setup_teardown_taskflow.py
[2024-11-20T00:25:32.411+0000] {processor.py:925} INFO - DAG(s) 'example_setup_teardown_taskflow' retrieved from /home/ubuntu/airflow_venv/lib/python3.12/site-packages/airflow/example_dags/example_setup_teardown_taskflow.py
[2024-11-20T00:25:32.429+0000] {logging_mixin.py:190} INFO - [2024-11-20T00:25:32.429+0000] {dag.py:3239} INFO - Sync 1 DAGs
[2024-11-20T00:25:32.441+0000] {logging_mixin.py:190} INFO - [2024-11-20T00:25:32.440+0000] {dag.py:4180} INFO - Setting next_dagrun for example_setup_teardown_taskflow to None, run_after=None
[2024-11-20T00:25:32.463+0000] {processor.py:208} INFO - Processing /home/ubuntu/airflow_venv/lib/python3.12/site-packages/airflow/example_dags/example_setup_teardown_taskflow.py took 0.071 seconds
[2024-11-20T00:26:26.661+0000] {processor.py:186} INFO - Started process (PID=2676) to work on /home/ubuntu/airflow_venv/lib/python3.12/site-packages/airflow/example_dags/example_setup_teardown_taskflow.py
[2024-11-20T00:26:26.663+0000] {processor.py:914} INFO - Processing file /home/ubuntu/airflow_venv/lib/python3.12/site-packages/airflow/example_dags/example_setup_teardown_taskflow.py for tasks to queue
[2024-11-20T00:26:26.665+0000] {logging_mixin.py:190} INFO - [2024-11-20T00:26:26.665+0000] {dagbag.py:588} INFO - Filling up the DagBag from /home/ubuntu/airflow_venv/lib/python3.12/site-packages/airflow/example_dags/example_setup_teardown_taskflow.py
[2024-11-20T00:26:26.676+0000] {processor.py:925} INFO - DAG(s) 'example_setup_teardown_taskflow' retrieved from /home/ubuntu/airflow_venv/lib/python3.12/site-packages/airflow/example_dags/example_setup_teardown_taskflow.py
[2024-11-20T00:26:26.694+0000] {logging_mixin.py:190} INFO - [2024-11-20T00:26:26.694+0000] {dag.py:3239} INFO - Sync 1 DAGs
[2024-11-20T00:26:26.706+0000] {logging_mixin.py:190} INFO - [2024-11-20T00:26:26.705+0000] {dag.py:4180} INFO - Setting next_dagrun for example_setup_teardown_taskflow to None, run_after=None
[2024-11-20T00:26:26.729+0000] {processor.py:208} INFO - Processing /home/ubuntu/airflow_venv/lib/python3.12/site-packages/airflow/example_dags/example_setup_teardown_taskflow.py took 0.074 seconds
[2024-11-20T00:27:42.143+0000] {processor.py:186} INFO - Started process (PID=2772) to work on /home/ubuntu/airflow_venv/lib/python3.12/site-packages/airflow/example_dags/example_setup_teardown_taskflow.py
[2024-11-20T00:27:42.145+0000] {processor.py:914} INFO - Processing file /home/ubuntu/airflow_venv/lib/python3.12/site-packages/airflow/example_dags/example_setup_teardown_taskflow.py for tasks to queue
[2024-11-20T00:27:42.147+0000] {logging_mixin.py:190} INFO - [2024-11-20T00:27:42.147+0000] {dagbag.py:588} INFO - Filling up the DagBag from /home/ubuntu/airflow_venv/lib/python3.12/site-packages/airflow/example_dags/example_setup_teardown_taskflow.py
[2024-11-20T00:27:42.157+0000] {processor.py:925} INFO - DAG(s) 'example_setup_teardown_taskflow' retrieved from /home/ubuntu/airflow_venv/lib/python3.12/site-packages/airflow/example_dags/example_setup_teardown_taskflow.py
[2024-11-20T00:27:42.173+0000] {logging_mixin.py:190} INFO - [2024-11-20T00:27:42.173+0000] {dag.py:3239} INFO - Sync 1 DAGs
[2024-11-20T00:27:42.186+0000] {logging_mixin.py:190} INFO - [2024-11-20T00:27:42.186+0000] {dag.py:4180} INFO - Setting next_dagrun for example_setup_teardown_taskflow to None, run_after=None
[2024-11-20T00:27:42.206+0000] {processor.py:208} INFO - Processing /home/ubuntu/airflow_venv/lib/python3.12/site-packages/airflow/example_dags/example_setup_teardown_taskflow.py took 0.069 seconds
[2024-11-20T00:28:39.847+0000] {processor.py:186} INFO - Started process (PID=2894) to work on /home/ubuntu/airflow_venv/lib/python3.12/site-packages/airflow/example_dags/example_setup_teardown_taskflow.py
[2024-11-20T00:28:39.849+0000] {processor.py:914} INFO - Processing file /home/ubuntu/airflow_venv/lib/python3.12/site-packages/airflow/example_dags/example_setup_teardown_taskflow.py for tasks to queue
[2024-11-20T00:28:39.855+0000] {logging_mixin.py:190} INFO - [2024-11-20T00:28:39.853+0000] {dagbag.py:588} INFO - Filling up the DagBag from /home/ubuntu/airflow_venv/lib/python3.12/site-packages/airflow/example_dags/example_setup_teardown_taskflow.py
[2024-11-20T00:28:39.875+0000] {processor.py:925} INFO - DAG(s) 'example_setup_teardown_taskflow' retrieved from /home/ubuntu/airflow_venv/lib/python3.12/site-packages/airflow/example_dags/example_setup_teardown_taskflow.py
[2024-11-20T00:28:39.913+0000] {logging_mixin.py:190} INFO - [2024-11-20T00:28:39.912+0000] {dag.py:3239} INFO - Sync 1 DAGs
[2024-11-20T00:28:39.939+0000] {logging_mixin.py:190} INFO - [2024-11-20T00:28:39.939+0000] {dag.py:4180} INFO - Setting next_dagrun for example_setup_teardown_taskflow to None, run_after=None
[2024-11-20T00:28:39.980+0000] {processor.py:208} INFO - Processing /home/ubuntu/airflow_venv/lib/python3.12/site-packages/airflow/example_dags/example_setup_teardown_taskflow.py took 0.149 seconds
[2024-11-20T00:29:44.386+0000] {processor.py:186} INFO - Started process (PID=3024) to work on /home/ubuntu/airflow_venv/lib/python3.12/site-packages/airflow/example_dags/example_setup_teardown_taskflow.py
[2024-11-20T00:29:44.387+0000] {processor.py:914} INFO - Processing file /home/ubuntu/airflow_venv/lib/python3.12/site-packages/airflow/example_dags/example_setup_teardown_taskflow.py for tasks to queue
[2024-11-20T00:29:44.388+0000] {logging_mixin.py:190} INFO - [2024-11-20T00:29:44.388+0000] {dagbag.py:588} INFO - Filling up the DagBag from /home/ubuntu/airflow_venv/lib/python3.12/site-packages/airflow/example_dags/example_setup_teardown_taskflow.py
[2024-11-20T00:29:44.399+0000] {processor.py:925} INFO - DAG(s) 'example_setup_teardown_taskflow' retrieved from /home/ubuntu/airflow_venv/lib/python3.12/site-packages/airflow/example_dags/example_setup_teardown_taskflow.py
[2024-11-20T00:29:44.415+0000] {logging_mixin.py:190} INFO - [2024-11-20T00:29:44.415+0000] {dag.py:3239} INFO - Sync 1 DAGs
[2024-11-20T00:29:44.428+0000] {logging_mixin.py:190} INFO - [2024-11-20T00:29:44.428+0000] {dag.py:4180} INFO - Setting next_dagrun for example_setup_teardown_taskflow to None, run_after=None
[2024-11-20T00:29:44.450+0000] {processor.py:208} INFO - Processing /home/ubuntu/airflow_venv/lib/python3.12/site-packages/airflow/example_dags/example_setup_teardown_taskflow.py took 0.070 seconds
[2024-11-20T00:30:41.429+0000] {processor.py:186} INFO - Started process (PID=3086) to work on /home/ubuntu/airflow_venv/lib/python3.12/site-packages/airflow/example_dags/example_setup_teardown_taskflow.py
[2024-11-20T00:30:41.430+0000] {processor.py:914} INFO - Processing file /home/ubuntu/airflow_venv/lib/python3.12/site-packages/airflow/example_dags/example_setup_teardown_taskflow.py for tasks to queue
[2024-11-20T00:30:41.432+0000] {logging_mixin.py:190} INFO - [2024-11-20T00:30:41.431+0000] {dagbag.py:588} INFO - Filling up the DagBag from /home/ubuntu/airflow_venv/lib/python3.12/site-packages/airflow/example_dags/example_setup_teardown_taskflow.py
[2024-11-20T00:30:41.443+0000] {processor.py:925} INFO - DAG(s) 'example_setup_teardown_taskflow' retrieved from /home/ubuntu/airflow_venv/lib/python3.12/site-packages/airflow/example_dags/example_setup_teardown_taskflow.py
[2024-11-20T00:30:41.459+0000] {logging_mixin.py:190} INFO - [2024-11-20T00:30:41.459+0000] {dag.py:3239} INFO - Sync 1 DAGs
[2024-11-20T00:30:41.471+0000] {logging_mixin.py:190} INFO - [2024-11-20T00:30:41.471+0000] {dag.py:4180} INFO - Setting next_dagrun for example_setup_teardown_taskflow to None, run_after=None
[2024-11-20T00:30:41.494+0000] {processor.py:208} INFO - Processing /home/ubuntu/airflow_venv/lib/python3.12/site-packages/airflow/example_dags/example_setup_teardown_taskflow.py took 0.070 seconds
[2024-11-20T00:31:38.194+0000] {processor.py:186} INFO - Started process (PID=3281) to work on /home/ubuntu/airflow_venv/lib/python3.12/site-packages/airflow/example_dags/example_setup_teardown_taskflow.py
[2024-11-20T00:31:38.196+0000] {processor.py:914} INFO - Processing file /home/ubuntu/airflow_venv/lib/python3.12/site-packages/airflow/example_dags/example_setup_teardown_taskflow.py for tasks to queue
[2024-11-20T00:31:38.197+0000] {logging_mixin.py:190} INFO - [2024-11-20T00:31:38.197+0000] {dagbag.py:588} INFO - Filling up the DagBag from /home/ubuntu/airflow_venv/lib/python3.12/site-packages/airflow/example_dags/example_setup_teardown_taskflow.py
[2024-11-20T00:31:38.209+0000] {processor.py:925} INFO - DAG(s) 'example_setup_teardown_taskflow' retrieved from /home/ubuntu/airflow_venv/lib/python3.12/site-packages/airflow/example_dags/example_setup_teardown_taskflow.py
[2024-11-20T00:31:38.226+0000] {logging_mixin.py:190} INFO - [2024-11-20T00:31:38.225+0000] {dag.py:3239} INFO - Sync 1 DAGs
[2024-11-20T00:31:38.238+0000] {logging_mixin.py:190} INFO - [2024-11-20T00:31:38.237+0000] {dag.py:4180} INFO - Setting next_dagrun for example_setup_teardown_taskflow to None, run_after=None
[2024-11-20T00:31:38.263+0000] {processor.py:208} INFO - Processing /home/ubuntu/airflow_venv/lib/python3.12/site-packages/airflow/example_dags/example_setup_teardown_taskflow.py took 0.073 seconds
[2024-11-20T00:32:29.904+0000] {processor.py:186} INFO - Started process (PID=3338) to work on /home/ubuntu/airflow_venv/lib/python3.12/site-packages/airflow/example_dags/example_setup_teardown_taskflow.py
[2024-11-20T00:32:29.905+0000] {processor.py:914} INFO - Processing file /home/ubuntu/airflow_venv/lib/python3.12/site-packages/airflow/example_dags/example_setup_teardown_taskflow.py for tasks to queue
[2024-11-20T00:32:29.906+0000] {logging_mixin.py:190} INFO - [2024-11-20T00:32:29.905+0000] {dagbag.py:588} INFO - Filling up the DagBag from /home/ubuntu/airflow_venv/lib/python3.12/site-packages/airflow/example_dags/example_setup_teardown_taskflow.py
[2024-11-20T00:32:29.917+0000] {processor.py:925} INFO - DAG(s) 'example_setup_teardown_taskflow' retrieved from /home/ubuntu/airflow_venv/lib/python3.12/site-packages/airflow/example_dags/example_setup_teardown_taskflow.py
[2024-11-20T00:32:29.933+0000] {logging_mixin.py:190} INFO - [2024-11-20T00:32:29.933+0000] {dag.py:3239} INFO - Sync 1 DAGs
[2024-11-20T00:32:29.947+0000] {logging_mixin.py:190} INFO - [2024-11-20T00:32:29.946+0000] {dag.py:4180} INFO - Setting next_dagrun for example_setup_teardown_taskflow to None, run_after=None
[2024-11-20T00:32:29.968+0000] {processor.py:208} INFO - Processing /home/ubuntu/airflow_venv/lib/python3.12/site-packages/airflow/example_dags/example_setup_teardown_taskflow.py took 0.069 seconds
[2024-11-20T00:33:24.849+0000] {processor.py:186} INFO - Started process (PID=3918) to work on /home/ubuntu/airflow_venv/lib/python3.12/site-packages/airflow/example_dags/example_setup_teardown_taskflow.py
[2024-11-20T00:33:24.850+0000] {processor.py:914} INFO - Processing file /home/ubuntu/airflow_venv/lib/python3.12/site-packages/airflow/example_dags/example_setup_teardown_taskflow.py for tasks to queue
[2024-11-20T00:33:24.851+0000] {logging_mixin.py:190} INFO - [2024-11-20T00:33:24.851+0000] {dagbag.py:588} INFO - Filling up the DagBag from /home/ubuntu/airflow_venv/lib/python3.12/site-packages/airflow/example_dags/example_setup_teardown_taskflow.py
[2024-11-20T00:33:24.862+0000] {processor.py:925} INFO - DAG(s) 'example_setup_teardown_taskflow' retrieved from /home/ubuntu/airflow_venv/lib/python3.12/site-packages/airflow/example_dags/example_setup_teardown_taskflow.py
[2024-11-20T00:33:24.879+0000] {logging_mixin.py:190} INFO - [2024-11-20T00:33:24.879+0000] {dag.py:3239} INFO - Sync 1 DAGs
[2024-11-20T00:33:24.892+0000] {logging_mixin.py:190} INFO - [2024-11-20T00:33:24.892+0000] {dag.py:4180} INFO - Setting next_dagrun for example_setup_teardown_taskflow to None, run_after=None
[2024-11-20T00:33:24.912+0000] {processor.py:208} INFO - Processing /home/ubuntu/airflow_venv/lib/python3.12/site-packages/airflow/example_dags/example_setup_teardown_taskflow.py took 0.070 seconds
[2024-11-20T00:34:28.951+0000] {processor.py:186} INFO - Started process (PID=4038) to work on /home/ubuntu/airflow_venv/lib/python3.12/site-packages/airflow/example_dags/example_setup_teardown_taskflow.py
[2024-11-20T00:34:28.952+0000] {processor.py:914} INFO - Processing file /home/ubuntu/airflow_venv/lib/python3.12/site-packages/airflow/example_dags/example_setup_teardown_taskflow.py for tasks to queue
[2024-11-20T00:34:28.954+0000] {logging_mixin.py:190} INFO - [2024-11-20T00:34:28.953+0000] {dagbag.py:588} INFO - Filling up the DagBag from /home/ubuntu/airflow_venv/lib/python3.12/site-packages/airflow/example_dags/example_setup_teardown_taskflow.py
[2024-11-20T00:34:28.963+0000] {processor.py:925} INFO - DAG(s) 'example_setup_teardown_taskflow' retrieved from /home/ubuntu/airflow_venv/lib/python3.12/site-packages/airflow/example_dags/example_setup_teardown_taskflow.py
[2024-11-20T00:34:28.980+0000] {logging_mixin.py:190} INFO - [2024-11-20T00:34:28.979+0000] {dag.py:3239} INFO - Sync 1 DAGs
[2024-11-20T00:34:28.991+0000] {logging_mixin.py:190} INFO - [2024-11-20T00:34:28.991+0000] {dag.py:4180} INFO - Setting next_dagrun for example_setup_teardown_taskflow to None, run_after=None
[2024-11-20T00:34:29.021+0000] {processor.py:208} INFO - Processing /home/ubuntu/airflow_venv/lib/python3.12/site-packages/airflow/example_dags/example_setup_teardown_taskflow.py took 0.078 seconds
[2024-11-20T00:35:26.910+0000] {processor.py:186} INFO - Started process (PID=4125) to work on /home/ubuntu/airflow_venv/lib/python3.12/site-packages/airflow/example_dags/example_setup_teardown_taskflow.py
[2024-11-20T00:35:26.911+0000] {processor.py:914} INFO - Processing file /home/ubuntu/airflow_venv/lib/python3.12/site-packages/airflow/example_dags/example_setup_teardown_taskflow.py for tasks to queue
[2024-11-20T00:35:26.913+0000] {logging_mixin.py:190} INFO - [2024-11-20T00:35:26.912+0000] {dagbag.py:588} INFO - Filling up the DagBag from /home/ubuntu/airflow_venv/lib/python3.12/site-packages/airflow/example_dags/example_setup_teardown_taskflow.py
[2024-11-20T00:35:26.924+0000] {processor.py:925} INFO - DAG(s) 'example_setup_teardown_taskflow' retrieved from /home/ubuntu/airflow_venv/lib/python3.12/site-packages/airflow/example_dags/example_setup_teardown_taskflow.py
[2024-11-20T00:35:26.942+0000] {logging_mixin.py:190} INFO - [2024-11-20T00:35:26.942+0000] {dag.py:3239} INFO - Sync 1 DAGs
[2024-11-20T00:35:26.954+0000] {logging_mixin.py:190} INFO - [2024-11-20T00:35:26.953+0000] {dag.py:4180} INFO - Setting next_dagrun for example_setup_teardown_taskflow to None, run_after=None
[2024-11-20T00:35:26.975+0000] {processor.py:208} INFO - Processing /home/ubuntu/airflow_venv/lib/python3.12/site-packages/airflow/example_dags/example_setup_teardown_taskflow.py took 0.072 seconds
[2024-11-20T00:36:21.639+0000] {processor.py:186} INFO - Started process (PID=4181) to work on /home/ubuntu/airflow_venv/lib/python3.12/site-packages/airflow/example_dags/example_setup_teardown_taskflow.py
[2024-11-20T00:36:21.641+0000] {processor.py:914} INFO - Processing file /home/ubuntu/airflow_venv/lib/python3.12/site-packages/airflow/example_dags/example_setup_teardown_taskflow.py for tasks to queue
[2024-11-20T00:36:21.642+0000] {logging_mixin.py:190} INFO - [2024-11-20T00:36:21.641+0000] {dagbag.py:588} INFO - Filling up the DagBag from /home/ubuntu/airflow_venv/lib/python3.12/site-packages/airflow/example_dags/example_setup_teardown_taskflow.py
[2024-11-20T00:36:21.652+0000] {processor.py:925} INFO - DAG(s) 'example_setup_teardown_taskflow' retrieved from /home/ubuntu/airflow_venv/lib/python3.12/site-packages/airflow/example_dags/example_setup_teardown_taskflow.py
[2024-11-20T00:36:21.669+0000] {logging_mixin.py:190} INFO - [2024-11-20T00:36:21.669+0000] {dag.py:3239} INFO - Sync 1 DAGs
[2024-11-20T00:36:21.681+0000] {logging_mixin.py:190} INFO - [2024-11-20T00:36:21.681+0000] {dag.py:4180} INFO - Setting next_dagrun for example_setup_teardown_taskflow to None, run_after=None
[2024-11-20T00:36:21.704+0000] {processor.py:208} INFO - Processing /home/ubuntu/airflow_venv/lib/python3.12/site-packages/airflow/example_dags/example_setup_teardown_taskflow.py took 0.071 seconds
[2024-11-20T00:37:14.624+0000] {processor.py:186} INFO - Started process (PID=4236) to work on /home/ubuntu/airflow_venv/lib/python3.12/site-packages/airflow/example_dags/example_setup_teardown_taskflow.py
[2024-11-20T00:37:14.626+0000] {processor.py:914} INFO - Processing file /home/ubuntu/airflow_venv/lib/python3.12/site-packages/airflow/example_dags/example_setup_teardown_taskflow.py for tasks to queue
[2024-11-20T00:37:14.627+0000] {logging_mixin.py:190} INFO - [2024-11-20T00:37:14.627+0000] {dagbag.py:588} INFO - Filling up the DagBag from /home/ubuntu/airflow_venv/lib/python3.12/site-packages/airflow/example_dags/example_setup_teardown_taskflow.py
[2024-11-20T00:37:14.638+0000] {processor.py:925} INFO - DAG(s) 'example_setup_teardown_taskflow' retrieved from /home/ubuntu/airflow_venv/lib/python3.12/site-packages/airflow/example_dags/example_setup_teardown_taskflow.py
[2024-11-20T00:37:14.654+0000] {logging_mixin.py:190} INFO - [2024-11-20T00:37:14.654+0000] {dag.py:3239} INFO - Sync 1 DAGs
[2024-11-20T00:37:14.666+0000] {logging_mixin.py:190} INFO - [2024-11-20T00:37:14.666+0000] {dag.py:4180} INFO - Setting next_dagrun for example_setup_teardown_taskflow to None, run_after=None
[2024-11-20T00:37:14.687+0000] {processor.py:208} INFO - Processing /home/ubuntu/airflow_venv/lib/python3.12/site-packages/airflow/example_dags/example_setup_teardown_taskflow.py took 0.070 seconds
[2024-11-20T00:38:11.694+0000] {processor.py:186} INFO - Started process (PID=4321) to work on /home/ubuntu/airflow_venv/lib/python3.12/site-packages/airflow/example_dags/example_setup_teardown_taskflow.py
[2024-11-20T00:38:11.696+0000] {processor.py:914} INFO - Processing file /home/ubuntu/airflow_venv/lib/python3.12/site-packages/airflow/example_dags/example_setup_teardown_taskflow.py for tasks to queue
[2024-11-20T00:38:11.697+0000] {logging_mixin.py:190} INFO - [2024-11-20T00:38:11.696+0000] {dagbag.py:588} INFO - Filling up the DagBag from /home/ubuntu/airflow_venv/lib/python3.12/site-packages/airflow/example_dags/example_setup_teardown_taskflow.py
[2024-11-20T00:38:11.707+0000] {processor.py:925} INFO - DAG(s) 'example_setup_teardown_taskflow' retrieved from /home/ubuntu/airflow_venv/lib/python3.12/site-packages/airflow/example_dags/example_setup_teardown_taskflow.py
[2024-11-20T00:38:11.724+0000] {logging_mixin.py:190} INFO - [2024-11-20T00:38:11.723+0000] {dag.py:3239} INFO - Sync 1 DAGs
[2024-11-20T00:38:11.737+0000] {logging_mixin.py:190} INFO - [2024-11-20T00:38:11.736+0000] {dag.py:4180} INFO - Setting next_dagrun for example_setup_teardown_taskflow to None, run_after=None
[2024-11-20T00:38:11.759+0000] {processor.py:208} INFO - Processing /home/ubuntu/airflow_venv/lib/python3.12/site-packages/airflow/example_dags/example_setup_teardown_taskflow.py took 0.079 seconds
[2024-11-20T00:39:07.394+0000] {processor.py:186} INFO - Started process (PID=4379) to work on /home/ubuntu/airflow_venv/lib/python3.12/site-packages/airflow/example_dags/example_setup_teardown_taskflow.py
[2024-11-20T00:39:07.396+0000] {processor.py:914} INFO - Processing file /home/ubuntu/airflow_venv/lib/python3.12/site-packages/airflow/example_dags/example_setup_teardown_taskflow.py for tasks to queue
[2024-11-20T00:39:07.398+0000] {logging_mixin.py:190} INFO - [2024-11-20T00:39:07.397+0000] {dagbag.py:588} INFO - Filling up the DagBag from /home/ubuntu/airflow_venv/lib/python3.12/site-packages/airflow/example_dags/example_setup_teardown_taskflow.py
[2024-11-20T00:39:07.410+0000] {processor.py:925} INFO - DAG(s) 'example_setup_teardown_taskflow' retrieved from /home/ubuntu/airflow_venv/lib/python3.12/site-packages/airflow/example_dags/example_setup_teardown_taskflow.py
[2024-11-20T00:39:07.425+0000] {logging_mixin.py:190} INFO - [2024-11-20T00:39:07.425+0000] {dag.py:3239} INFO - Sync 1 DAGs
[2024-11-20T00:39:07.438+0000] {logging_mixin.py:190} INFO - [2024-11-20T00:39:07.438+0000] {dag.py:4180} INFO - Setting next_dagrun for example_setup_teardown_taskflow to None, run_after=None
[2024-11-20T00:39:07.459+0000] {processor.py:208} INFO - Processing /home/ubuntu/airflow_venv/lib/python3.12/site-packages/airflow/example_dags/example_setup_teardown_taskflow.py took 0.072 seconds
[2024-11-20T00:40:10.051+0000] {processor.py:186} INFO - Started process (PID=4475) to work on /home/ubuntu/airflow_venv/lib/python3.12/site-packages/airflow/example_dags/example_setup_teardown_taskflow.py
[2024-11-20T00:40:10.053+0000] {processor.py:914} INFO - Processing file /home/ubuntu/airflow_venv/lib/python3.12/site-packages/airflow/example_dags/example_setup_teardown_taskflow.py for tasks to queue
[2024-11-20T00:40:10.054+0000] {logging_mixin.py:190} INFO - [2024-11-20T00:40:10.053+0000] {dagbag.py:588} INFO - Filling up the DagBag from /home/ubuntu/airflow_venv/lib/python3.12/site-packages/airflow/example_dags/example_setup_teardown_taskflow.py
[2024-11-20T00:40:10.065+0000] {processor.py:925} INFO - DAG(s) 'example_setup_teardown_taskflow' retrieved from /home/ubuntu/airflow_venv/lib/python3.12/site-packages/airflow/example_dags/example_setup_teardown_taskflow.py
[2024-11-20T00:40:10.081+0000] {logging_mixin.py:190} INFO - [2024-11-20T00:40:10.081+0000] {dag.py:3239} INFO - Sync 1 DAGs
[2024-11-20T00:40:10.094+0000] {logging_mixin.py:190} INFO - [2024-11-20T00:40:10.093+0000] {dag.py:4180} INFO - Setting next_dagrun for example_setup_teardown_taskflow to None, run_after=None
[2024-11-20T00:40:10.115+0000] {processor.py:208} INFO - Processing /home/ubuntu/airflow_venv/lib/python3.12/site-packages/airflow/example_dags/example_setup_teardown_taskflow.py took 0.071 seconds
[2024-11-20T00:41:07.822+0000] {processor.py:186} INFO - Started process (PID=4536) to work on /home/ubuntu/airflow_venv/lib/python3.12/site-packages/airflow/example_dags/example_setup_teardown_taskflow.py
[2024-11-20T00:41:07.824+0000] {processor.py:914} INFO - Processing file /home/ubuntu/airflow_venv/lib/python3.12/site-packages/airflow/example_dags/example_setup_teardown_taskflow.py for tasks to queue
[2024-11-20T00:41:07.825+0000] {logging_mixin.py:190} INFO - [2024-11-20T00:41:07.825+0000] {dagbag.py:588} INFO - Filling up the DagBag from /home/ubuntu/airflow_venv/lib/python3.12/site-packages/airflow/example_dags/example_setup_teardown_taskflow.py
[2024-11-20T00:41:07.836+0000] {processor.py:925} INFO - DAG(s) 'example_setup_teardown_taskflow' retrieved from /home/ubuntu/airflow_venv/lib/python3.12/site-packages/airflow/example_dags/example_setup_teardown_taskflow.py
[2024-11-20T00:41:07.852+0000] {logging_mixin.py:190} INFO - [2024-11-20T00:41:07.852+0000] {dag.py:3239} INFO - Sync 1 DAGs
[2024-11-20T00:41:07.865+0000] {logging_mixin.py:190} INFO - [2024-11-20T00:41:07.864+0000] {dag.py:4180} INFO - Setting next_dagrun for example_setup_teardown_taskflow to None, run_after=None
[2024-11-20T00:41:07.887+0000] {processor.py:208} INFO - Processing /home/ubuntu/airflow_venv/lib/python3.12/site-packages/airflow/example_dags/example_setup_teardown_taskflow.py took 0.072 seconds
[2024-11-20T00:41:59.635+0000] {processor.py:186} INFO - Started process (PID=4591) to work on /home/ubuntu/airflow_venv/lib/python3.12/site-packages/airflow/example_dags/example_setup_teardown_taskflow.py
[2024-11-20T00:41:59.637+0000] {processor.py:914} INFO - Processing file /home/ubuntu/airflow_venv/lib/python3.12/site-packages/airflow/example_dags/example_setup_teardown_taskflow.py for tasks to queue
[2024-11-20T00:41:59.638+0000] {logging_mixin.py:190} INFO - [2024-11-20T00:41:59.638+0000] {dagbag.py:588} INFO - Filling up the DagBag from /home/ubuntu/airflow_venv/lib/python3.12/site-packages/airflow/example_dags/example_setup_teardown_taskflow.py
[2024-11-20T00:41:59.649+0000] {processor.py:925} INFO - DAG(s) 'example_setup_teardown_taskflow' retrieved from /home/ubuntu/airflow_venv/lib/python3.12/site-packages/airflow/example_dags/example_setup_teardown_taskflow.py
[2024-11-20T00:41:59.666+0000] {logging_mixin.py:190} INFO - [2024-11-20T00:41:59.666+0000] {dag.py:3239} INFO - Sync 1 DAGs
[2024-11-20T00:41:59.678+0000] {logging_mixin.py:190} INFO - [2024-11-20T00:41:59.678+0000] {dag.py:4180} INFO - Setting next_dagrun for example_setup_teardown_taskflow to None, run_after=None
[2024-11-20T00:41:59.706+0000] {processor.py:208} INFO - Processing /home/ubuntu/airflow_venv/lib/python3.12/site-packages/airflow/example_dags/example_setup_teardown_taskflow.py took 0.078 seconds
[2024-11-20T00:42:53.725+0000] {processor.py:186} INFO - Started process (PID=4646) to work on /home/ubuntu/airflow_venv/lib/python3.12/site-packages/airflow/example_dags/example_setup_teardown_taskflow.py
[2024-11-20T00:42:53.726+0000] {processor.py:914} INFO - Processing file /home/ubuntu/airflow_venv/lib/python3.12/site-packages/airflow/example_dags/example_setup_teardown_taskflow.py for tasks to queue
[2024-11-20T00:42:53.728+0000] {logging_mixin.py:190} INFO - [2024-11-20T00:42:53.728+0000] {dagbag.py:588} INFO - Filling up the DagBag from /home/ubuntu/airflow_venv/lib/python3.12/site-packages/airflow/example_dags/example_setup_teardown_taskflow.py
[2024-11-20T00:42:53.739+0000] {processor.py:925} INFO - DAG(s) 'example_setup_teardown_taskflow' retrieved from /home/ubuntu/airflow_venv/lib/python3.12/site-packages/airflow/example_dags/example_setup_teardown_taskflow.py
[2024-11-20T00:42:53.756+0000] {logging_mixin.py:190} INFO - [2024-11-20T00:42:53.756+0000] {dag.py:3239} INFO - Sync 1 DAGs
[2024-11-20T00:42:53.768+0000] {logging_mixin.py:190} INFO - [2024-11-20T00:42:53.768+0000] {dag.py:4180} INFO - Setting next_dagrun for example_setup_teardown_taskflow to None, run_after=None
[2024-11-20T00:42:53.788+0000] {processor.py:208} INFO - Processing /home/ubuntu/airflow_venv/lib/python3.12/site-packages/airflow/example_dags/example_setup_teardown_taskflow.py took 0.070 seconds
[2024-11-20T00:43:49.993+0000] {processor.py:186} INFO - Started process (PID=4705) to work on /home/ubuntu/airflow_venv/lib/python3.12/site-packages/airflow/example_dags/example_setup_teardown_taskflow.py
[2024-11-20T00:43:49.995+0000] {processor.py:914} INFO - Processing file /home/ubuntu/airflow_venv/lib/python3.12/site-packages/airflow/example_dags/example_setup_teardown_taskflow.py for tasks to queue
[2024-11-20T00:43:49.996+0000] {logging_mixin.py:190} INFO - [2024-11-20T00:43:49.995+0000] {dagbag.py:588} INFO - Filling up the DagBag from /home/ubuntu/airflow_venv/lib/python3.12/site-packages/airflow/example_dags/example_setup_teardown_taskflow.py
[2024-11-20T00:43:50.006+0000] {processor.py:925} INFO - DAG(s) 'example_setup_teardown_taskflow' retrieved from /home/ubuntu/airflow_venv/lib/python3.12/site-packages/airflow/example_dags/example_setup_teardown_taskflow.py
[2024-11-20T00:43:50.024+0000] {logging_mixin.py:190} INFO - [2024-11-20T00:43:50.023+0000] {dag.py:3239} INFO - Sync 1 DAGs
[2024-11-20T00:43:50.036+0000] {logging_mixin.py:190} INFO - [2024-11-20T00:43:50.035+0000] {dag.py:4180} INFO - Setting next_dagrun for example_setup_teardown_taskflow to None, run_after=None
[2024-11-20T00:43:50.058+0000] {processor.py:208} INFO - Processing /home/ubuntu/airflow_venv/lib/python3.12/site-packages/airflow/example_dags/example_setup_teardown_taskflow.py took 0.071 seconds
[2024-11-20T00:44:43.985+0000] {processor.py:186} INFO - Started process (PID=4760) to work on /home/ubuntu/airflow_venv/lib/python3.12/site-packages/airflow/example_dags/example_setup_teardown_taskflow.py
[2024-11-20T00:44:43.987+0000] {processor.py:914} INFO - Processing file /home/ubuntu/airflow_venv/lib/python3.12/site-packages/airflow/example_dags/example_setup_teardown_taskflow.py for tasks to queue
[2024-11-20T00:44:43.989+0000] {logging_mixin.py:190} INFO - [2024-11-20T00:44:43.988+0000] {dagbag.py:588} INFO - Filling up the DagBag from /home/ubuntu/airflow_venv/lib/python3.12/site-packages/airflow/example_dags/example_setup_teardown_taskflow.py
[2024-11-20T00:44:43.999+0000] {processor.py:925} INFO - DAG(s) 'example_setup_teardown_taskflow' retrieved from /home/ubuntu/airflow_venv/lib/python3.12/site-packages/airflow/example_dags/example_setup_teardown_taskflow.py
[2024-11-20T00:44:44.016+0000] {logging_mixin.py:190} INFO - [2024-11-20T00:44:44.016+0000] {dag.py:3239} INFO - Sync 1 DAGs
[2024-11-20T00:44:44.028+0000] {logging_mixin.py:190} INFO - [2024-11-20T00:44:44.028+0000] {dag.py:4180} INFO - Setting next_dagrun for example_setup_teardown_taskflow to None, run_after=None
[2024-11-20T00:44:44.050+0000] {processor.py:208} INFO - Processing /home/ubuntu/airflow_venv/lib/python3.12/site-packages/airflow/example_dags/example_setup_teardown_taskflow.py took 0.072 seconds
[2024-11-20T00:45:39.487+0000] {processor.py:186} INFO - Started process (PID=4820) to work on /home/ubuntu/airflow_venv/lib/python3.12/site-packages/airflow/example_dags/example_setup_teardown_taskflow.py
[2024-11-20T00:45:39.490+0000] {processor.py:914} INFO - Processing file /home/ubuntu/airflow_venv/lib/python3.12/site-packages/airflow/example_dags/example_setup_teardown_taskflow.py for tasks to queue
[2024-11-20T00:45:39.490+0000] {logging_mixin.py:190} INFO - [2024-11-20T00:45:39.490+0000] {dagbag.py:588} INFO - Filling up the DagBag from /home/ubuntu/airflow_venv/lib/python3.12/site-packages/airflow/example_dags/example_setup_teardown_taskflow.py
[2024-11-20T00:45:39.507+0000] {processor.py:925} INFO - DAG(s) 'example_setup_teardown_taskflow' retrieved from /home/ubuntu/airflow_venv/lib/python3.12/site-packages/airflow/example_dags/example_setup_teardown_taskflow.py
[2024-11-20T00:45:39.524+0000] {logging_mixin.py:190} INFO - [2024-11-20T00:45:39.524+0000] {dag.py:3239} INFO - Sync 1 DAGs
[2024-11-20T00:45:39.536+0000] {logging_mixin.py:190} INFO - [2024-11-20T00:45:39.536+0000] {dag.py:4180} INFO - Setting next_dagrun for example_setup_teardown_taskflow to None, run_after=None
[2024-11-20T00:45:39.558+0000] {processor.py:208} INFO - Processing /home/ubuntu/airflow_venv/lib/python3.12/site-packages/airflow/example_dags/example_setup_teardown_taskflow.py took 0.077 seconds
[2024-11-20T00:46:33.278+0000] {processor.py:186} INFO - Started process (PID=4877) to work on /home/ubuntu/airflow_venv/lib/python3.12/site-packages/airflow/example_dags/example_setup_teardown_taskflow.py
[2024-11-20T00:46:33.279+0000] {processor.py:914} INFO - Processing file /home/ubuntu/airflow_venv/lib/python3.12/site-packages/airflow/example_dags/example_setup_teardown_taskflow.py for tasks to queue
[2024-11-20T00:46:33.280+0000] {logging_mixin.py:190} INFO - [2024-11-20T00:46:33.280+0000] {dagbag.py:588} INFO - Filling up the DagBag from /home/ubuntu/airflow_venv/lib/python3.12/site-packages/airflow/example_dags/example_setup_teardown_taskflow.py
[2024-11-20T00:46:33.291+0000] {processor.py:925} INFO - DAG(s) 'example_setup_teardown_taskflow' retrieved from /home/ubuntu/airflow_venv/lib/python3.12/site-packages/airflow/example_dags/example_setup_teardown_taskflow.py
[2024-11-20T00:46:33.308+0000] {logging_mixin.py:190} INFO - [2024-11-20T00:46:33.308+0000] {dag.py:3239} INFO - Sync 1 DAGs
[2024-11-20T00:46:33.320+0000] {logging_mixin.py:190} INFO - [2024-11-20T00:46:33.319+0000] {dag.py:4180} INFO - Setting next_dagrun for example_setup_teardown_taskflow to None, run_after=None
[2024-11-20T00:46:33.342+0000] {processor.py:208} INFO - Processing /home/ubuntu/airflow_venv/lib/python3.12/site-packages/airflow/example_dags/example_setup_teardown_taskflow.py took 0.071 seconds
[2024-11-20T00:47:26.182+0000] {processor.py:186} INFO - Started process (PID=4931) to work on /home/ubuntu/airflow_venv/lib/python3.12/site-packages/airflow/example_dags/example_setup_teardown_taskflow.py
[2024-11-20T00:47:26.183+0000] {processor.py:914} INFO - Processing file /home/ubuntu/airflow_venv/lib/python3.12/site-packages/airflow/example_dags/example_setup_teardown_taskflow.py for tasks to queue
[2024-11-20T00:47:26.185+0000] {logging_mixin.py:190} INFO - [2024-11-20T00:47:26.184+0000] {dagbag.py:588} INFO - Filling up the DagBag from /home/ubuntu/airflow_venv/lib/python3.12/site-packages/airflow/example_dags/example_setup_teardown_taskflow.py
[2024-11-20T00:47:26.194+0000] {processor.py:925} INFO - DAG(s) 'example_setup_teardown_taskflow' retrieved from /home/ubuntu/airflow_venv/lib/python3.12/site-packages/airflow/example_dags/example_setup_teardown_taskflow.py
[2024-11-20T00:47:26.211+0000] {logging_mixin.py:190} INFO - [2024-11-20T00:47:26.211+0000] {dag.py:3239} INFO - Sync 1 DAGs
[2024-11-20T00:47:26.229+0000] {logging_mixin.py:190} INFO - [2024-11-20T00:47:26.229+0000] {dag.py:4180} INFO - Setting next_dagrun for example_setup_teardown_taskflow to None, run_after=None
[2024-11-20T00:47:26.251+0000] {processor.py:208} INFO - Processing /home/ubuntu/airflow_venv/lib/python3.12/site-packages/airflow/example_dags/example_setup_teardown_taskflow.py took 0.075 seconds
[2024-11-20T00:48:17.732+0000] {processor.py:186} INFO - Started process (PID=4985) to work on /home/ubuntu/airflow_venv/lib/python3.12/site-packages/airflow/example_dags/example_setup_teardown_taskflow.py
[2024-11-20T00:48:17.735+0000] {processor.py:914} INFO - Processing file /home/ubuntu/airflow_venv/lib/python3.12/site-packages/airflow/example_dags/example_setup_teardown_taskflow.py for tasks to queue
[2024-11-20T00:48:17.736+0000] {logging_mixin.py:190} INFO - [2024-11-20T00:48:17.736+0000] {dagbag.py:588} INFO - Filling up the DagBag from /home/ubuntu/airflow_venv/lib/python3.12/site-packages/airflow/example_dags/example_setup_teardown_taskflow.py
[2024-11-20T00:48:17.747+0000] {processor.py:925} INFO - DAG(s) 'example_setup_teardown_taskflow' retrieved from /home/ubuntu/airflow_venv/lib/python3.12/site-packages/airflow/example_dags/example_setup_teardown_taskflow.py
[2024-11-20T00:48:17.764+0000] {logging_mixin.py:190} INFO - [2024-11-20T00:48:17.764+0000] {dag.py:3239} INFO - Sync 1 DAGs
[2024-11-20T00:48:17.776+0000] {logging_mixin.py:190} INFO - [2024-11-20T00:48:17.776+0000] {dag.py:4180} INFO - Setting next_dagrun for example_setup_teardown_taskflow to None, run_after=None
[2024-11-20T00:48:17.798+0000] {processor.py:208} INFO - Processing /home/ubuntu/airflow_venv/lib/python3.12/site-packages/airflow/example_dags/example_setup_teardown_taskflow.py took 0.072 seconds
[2024-11-20T00:49:12.095+0000] {processor.py:186} INFO - Started process (PID=5042) to work on /home/ubuntu/airflow_venv/lib/python3.12/site-packages/airflow/example_dags/example_setup_teardown_taskflow.py
[2024-11-20T00:49:12.096+0000] {processor.py:914} INFO - Processing file /home/ubuntu/airflow_venv/lib/python3.12/site-packages/airflow/example_dags/example_setup_teardown_taskflow.py for tasks to queue
[2024-11-20T00:49:12.098+0000] {logging_mixin.py:190} INFO - [2024-11-20T00:49:12.097+0000] {dagbag.py:588} INFO - Filling up the DagBag from /home/ubuntu/airflow_venv/lib/python3.12/site-packages/airflow/example_dags/example_setup_teardown_taskflow.py
[2024-11-20T00:49:12.108+0000] {processor.py:925} INFO - DAG(s) 'example_setup_teardown_taskflow' retrieved from /home/ubuntu/airflow_venv/lib/python3.12/site-packages/airflow/example_dags/example_setup_teardown_taskflow.py
[2024-11-20T00:49:12.125+0000] {logging_mixin.py:190} INFO - [2024-11-20T00:49:12.125+0000] {dag.py:3239} INFO - Sync 1 DAGs
[2024-11-20T00:49:12.137+0000] {logging_mixin.py:190} INFO - [2024-11-20T00:49:12.137+0000] {dag.py:4180} INFO - Setting next_dagrun for example_setup_teardown_taskflow to None, run_after=None
[2024-11-20T00:49:12.158+0000] {processor.py:208} INFO - Processing /home/ubuntu/airflow_venv/lib/python3.12/site-packages/airflow/example_dags/example_setup_teardown_taskflow.py took 0.070 seconds
[2024-11-20T00:50:06.146+0000] {processor.py:186} INFO - Started process (PID=5098) to work on /home/ubuntu/airflow_venv/lib/python3.12/site-packages/airflow/example_dags/example_setup_teardown_taskflow.py
[2024-11-20T00:50:06.147+0000] {processor.py:914} INFO - Processing file /home/ubuntu/airflow_venv/lib/python3.12/site-packages/airflow/example_dags/example_setup_teardown_taskflow.py for tasks to queue
[2024-11-20T00:50:06.148+0000] {logging_mixin.py:190} INFO - [2024-11-20T00:50:06.148+0000] {dagbag.py:588} INFO - Filling up the DagBag from /home/ubuntu/airflow_venv/lib/python3.12/site-packages/airflow/example_dags/example_setup_teardown_taskflow.py
[2024-11-20T00:50:06.159+0000] {processor.py:925} INFO - DAG(s) 'example_setup_teardown_taskflow' retrieved from /home/ubuntu/airflow_venv/lib/python3.12/site-packages/airflow/example_dags/example_setup_teardown_taskflow.py
[2024-11-20T00:50:06.176+0000] {logging_mixin.py:190} INFO - [2024-11-20T00:50:06.176+0000] {dag.py:3239} INFO - Sync 1 DAGs
[2024-11-20T00:50:06.188+0000] {logging_mixin.py:190} INFO - [2024-11-20T00:50:06.188+0000] {dag.py:4180} INFO - Setting next_dagrun for example_setup_teardown_taskflow to None, run_after=None
[2024-11-20T00:50:06.211+0000] {processor.py:208} INFO - Processing /home/ubuntu/airflow_venv/lib/python3.12/site-packages/airflow/example_dags/example_setup_teardown_taskflow.py took 0.073 seconds
[2024-11-20T00:51:00.004+0000] {processor.py:186} INFO - Started process (PID=5156) to work on /home/ubuntu/airflow_venv/lib/python3.12/site-packages/airflow/example_dags/example_setup_teardown_taskflow.py
[2024-11-20T00:51:00.005+0000] {processor.py:914} INFO - Processing file /home/ubuntu/airflow_venv/lib/python3.12/site-packages/airflow/example_dags/example_setup_teardown_taskflow.py for tasks to queue
[2024-11-20T00:51:00.007+0000] {logging_mixin.py:190} INFO - [2024-11-20T00:51:00.006+0000] {dagbag.py:588} INFO - Filling up the DagBag from /home/ubuntu/airflow_venv/lib/python3.12/site-packages/airflow/example_dags/example_setup_teardown_taskflow.py
[2024-11-20T00:51:00.017+0000] {processor.py:925} INFO - DAG(s) 'example_setup_teardown_taskflow' retrieved from /home/ubuntu/airflow_venv/lib/python3.12/site-packages/airflow/example_dags/example_setup_teardown_taskflow.py
[2024-11-20T00:51:00.035+0000] {logging_mixin.py:190} INFO - [2024-11-20T00:51:00.035+0000] {dag.py:3239} INFO - Sync 1 DAGs
[2024-11-20T00:51:00.048+0000] {logging_mixin.py:190} INFO - [2024-11-20T00:51:00.048+0000] {dag.py:4180} INFO - Setting next_dagrun for example_setup_teardown_taskflow to None, run_after=None
[2024-11-20T00:51:00.070+0000] {processor.py:208} INFO - Processing /home/ubuntu/airflow_venv/lib/python3.12/site-packages/airflow/example_dags/example_setup_teardown_taskflow.py took 0.075 seconds
[2024-11-20T00:51:58.291+0000] {processor.py:186} INFO - Started process (PID=5215) to work on /home/ubuntu/airflow_venv/lib/python3.12/site-packages/airflow/example_dags/example_setup_teardown_taskflow.py
[2024-11-20T00:51:58.293+0000] {processor.py:914} INFO - Processing file /home/ubuntu/airflow_venv/lib/python3.12/site-packages/airflow/example_dags/example_setup_teardown_taskflow.py for tasks to queue
[2024-11-20T00:51:58.294+0000] {logging_mixin.py:190} INFO - [2024-11-20T00:51:58.294+0000] {dagbag.py:588} INFO - Filling up the DagBag from /home/ubuntu/airflow_venv/lib/python3.12/site-packages/airflow/example_dags/example_setup_teardown_taskflow.py
[2024-11-20T00:51:58.305+0000] {processor.py:925} INFO - DAG(s) 'example_setup_teardown_taskflow' retrieved from /home/ubuntu/airflow_venv/lib/python3.12/site-packages/airflow/example_dags/example_setup_teardown_taskflow.py
[2024-11-20T00:51:58.322+0000] {logging_mixin.py:190} INFO - [2024-11-20T00:51:58.322+0000] {dag.py:3239} INFO - Sync 1 DAGs
[2024-11-20T00:51:58.334+0000] {logging_mixin.py:190} INFO - [2024-11-20T00:51:58.334+0000] {dag.py:4180} INFO - Setting next_dagrun for example_setup_teardown_taskflow to None, run_after=None
[2024-11-20T00:51:58.355+0000] {processor.py:208} INFO - Processing /home/ubuntu/airflow_venv/lib/python3.12/site-packages/airflow/example_dags/example_setup_teardown_taskflow.py took 0.071 seconds
[2024-11-20T00:52:52.895+0000] {processor.py:186} INFO - Started process (PID=5271) to work on /home/ubuntu/airflow_venv/lib/python3.12/site-packages/airflow/example_dags/example_setup_teardown_taskflow.py
[2024-11-20T00:52:52.897+0000] {processor.py:914} INFO - Processing file /home/ubuntu/airflow_venv/lib/python3.12/site-packages/airflow/example_dags/example_setup_teardown_taskflow.py for tasks to queue
[2024-11-20T00:52:52.900+0000] {logging_mixin.py:190} INFO - [2024-11-20T00:52:52.900+0000] {dagbag.py:588} INFO - Filling up the DagBag from /home/ubuntu/airflow_venv/lib/python3.12/site-packages/airflow/example_dags/example_setup_teardown_taskflow.py
[2024-11-20T00:52:52.913+0000] {processor.py:925} INFO - DAG(s) 'example_setup_teardown_taskflow' retrieved from /home/ubuntu/airflow_venv/lib/python3.12/site-packages/airflow/example_dags/example_setup_teardown_taskflow.py
[2024-11-20T00:52:52.930+0000] {logging_mixin.py:190} INFO - [2024-11-20T00:52:52.930+0000] {dag.py:3239} INFO - Sync 1 DAGs
[2024-11-20T00:52:52.942+0000] {logging_mixin.py:190} INFO - [2024-11-20T00:52:52.942+0000] {dag.py:4180} INFO - Setting next_dagrun for example_setup_teardown_taskflow to None, run_after=None
[2024-11-20T00:52:52.964+0000] {processor.py:208} INFO - Processing /home/ubuntu/airflow_venv/lib/python3.12/site-packages/airflow/example_dags/example_setup_teardown_taskflow.py took 0.081 seconds
[2024-11-20T00:53:49.854+0000] {processor.py:186} INFO - Started process (PID=5329) to work on /home/ubuntu/airflow_venv/lib/python3.12/site-packages/airflow/example_dags/example_setup_teardown_taskflow.py
[2024-11-20T00:53:49.856+0000] {processor.py:914} INFO - Processing file /home/ubuntu/airflow_venv/lib/python3.12/site-packages/airflow/example_dags/example_setup_teardown_taskflow.py for tasks to queue
[2024-11-20T00:53:49.857+0000] {logging_mixin.py:190} INFO - [2024-11-20T00:53:49.857+0000] {dagbag.py:588} INFO - Filling up the DagBag from /home/ubuntu/airflow_venv/lib/python3.12/site-packages/airflow/example_dags/example_setup_teardown_taskflow.py
[2024-11-20T00:53:49.868+0000] {processor.py:925} INFO - DAG(s) 'example_setup_teardown_taskflow' retrieved from /home/ubuntu/airflow_venv/lib/python3.12/site-packages/airflow/example_dags/example_setup_teardown_taskflow.py
[2024-11-20T00:53:49.884+0000] {logging_mixin.py:190} INFO - [2024-11-20T00:53:49.884+0000] {dag.py:3239} INFO - Sync 1 DAGs
[2024-11-20T00:53:49.896+0000] {logging_mixin.py:190} INFO - [2024-11-20T00:53:49.896+0000] {dag.py:4180} INFO - Setting next_dagrun for example_setup_teardown_taskflow to None, run_after=None
[2024-11-20T00:53:49.918+0000] {processor.py:208} INFO - Processing /home/ubuntu/airflow_venv/lib/python3.12/site-packages/airflow/example_dags/example_setup_teardown_taskflow.py took 0.071 seconds
[2024-11-20T00:54:41.026+0000] {processor.py:186} INFO - Started process (PID=5396) to work on /home/ubuntu/airflow_venv/lib/python3.12/site-packages/airflow/example_dags/example_setup_teardown_taskflow.py
[2024-11-20T00:54:41.027+0000] {processor.py:914} INFO - Processing file /home/ubuntu/airflow_venv/lib/python3.12/site-packages/airflow/example_dags/example_setup_teardown_taskflow.py for tasks to queue
[2024-11-20T00:54:41.028+0000] {logging_mixin.py:190} INFO - [2024-11-20T00:54:41.028+0000] {dagbag.py:588} INFO - Filling up the DagBag from /home/ubuntu/airflow_venv/lib/python3.12/site-packages/airflow/example_dags/example_setup_teardown_taskflow.py
[2024-11-20T00:54:41.039+0000] {processor.py:925} INFO - DAG(s) 'example_setup_teardown_taskflow' retrieved from /home/ubuntu/airflow_venv/lib/python3.12/site-packages/airflow/example_dags/example_setup_teardown_taskflow.py
[2024-11-20T00:54:41.055+0000] {logging_mixin.py:190} INFO - [2024-11-20T00:54:41.055+0000] {dag.py:3239} INFO - Sync 1 DAGs
[2024-11-20T00:54:41.067+0000] {logging_mixin.py:190} INFO - [2024-11-20T00:54:41.067+0000] {dag.py:4180} INFO - Setting next_dagrun for example_setup_teardown_taskflow to None, run_after=None
[2024-11-20T00:54:41.088+0000] {processor.py:208} INFO - Processing /home/ubuntu/airflow_venv/lib/python3.12/site-packages/airflow/example_dags/example_setup_teardown_taskflow.py took 0.069 seconds
[2024-11-20T00:55:33.892+0000] {processor.py:186} INFO - Started process (PID=5455) to work on /home/ubuntu/airflow_venv/lib/python3.12/site-packages/airflow/example_dags/example_setup_teardown_taskflow.py
[2024-11-20T00:55:33.894+0000] {processor.py:914} INFO - Processing file /home/ubuntu/airflow_venv/lib/python3.12/site-packages/airflow/example_dags/example_setup_teardown_taskflow.py for tasks to queue
[2024-11-20T00:55:33.897+0000] {logging_mixin.py:190} INFO - [2024-11-20T00:55:33.897+0000] {dagbag.py:588} INFO - Filling up the DagBag from /home/ubuntu/airflow_venv/lib/python3.12/site-packages/airflow/example_dags/example_setup_teardown_taskflow.py
[2024-11-20T00:55:33.916+0000] {processor.py:925} INFO - DAG(s) 'example_setup_teardown_taskflow' retrieved from /home/ubuntu/airflow_venv/lib/python3.12/site-packages/airflow/example_dags/example_setup_teardown_taskflow.py
[2024-11-20T00:55:33.933+0000] {logging_mixin.py:190} INFO - [2024-11-20T00:55:33.933+0000] {dag.py:3239} INFO - Sync 1 DAGs
[2024-11-20T00:55:33.944+0000] {logging_mixin.py:190} INFO - [2024-11-20T00:55:33.944+0000] {dag.py:4180} INFO - Setting next_dagrun for example_setup_teardown_taskflow to None, run_after=None
[2024-11-20T00:55:33.966+0000] {processor.py:208} INFO - Processing /home/ubuntu/airflow_venv/lib/python3.12/site-packages/airflow/example_dags/example_setup_teardown_taskflow.py took 0.083 seconds
[2024-11-20T00:56:27.271+0000] {processor.py:186} INFO - Started process (PID=5510) to work on /home/ubuntu/airflow_venv/lib/python3.12/site-packages/airflow/example_dags/example_setup_teardown_taskflow.py
[2024-11-20T00:56:27.272+0000] {processor.py:914} INFO - Processing file /home/ubuntu/airflow_venv/lib/python3.12/site-packages/airflow/example_dags/example_setup_teardown_taskflow.py for tasks to queue
[2024-11-20T00:56:27.273+0000] {logging_mixin.py:190} INFO - [2024-11-20T00:56:27.273+0000] {dagbag.py:588} INFO - Filling up the DagBag from /home/ubuntu/airflow_venv/lib/python3.12/site-packages/airflow/example_dags/example_setup_teardown_taskflow.py
[2024-11-20T00:56:27.284+0000] {processor.py:925} INFO - DAG(s) 'example_setup_teardown_taskflow' retrieved from /home/ubuntu/airflow_venv/lib/python3.12/site-packages/airflow/example_dags/example_setup_teardown_taskflow.py
[2024-11-20T00:56:27.301+0000] {logging_mixin.py:190} INFO - [2024-11-20T00:56:27.301+0000] {dag.py:3239} INFO - Sync 1 DAGs
[2024-11-20T00:56:27.313+0000] {logging_mixin.py:190} INFO - [2024-11-20T00:56:27.313+0000] {dag.py:4180} INFO - Setting next_dagrun for example_setup_teardown_taskflow to None, run_after=None
[2024-11-20T00:56:27.337+0000] {processor.py:208} INFO - Processing /home/ubuntu/airflow_venv/lib/python3.12/site-packages/airflow/example_dags/example_setup_teardown_taskflow.py took 0.073 seconds
[2024-11-20T00:57:20.283+0000] {processor.py:186} INFO - Started process (PID=5567) to work on /home/ubuntu/airflow_venv/lib/python3.12/site-packages/airflow/example_dags/example_setup_teardown_taskflow.py
[2024-11-20T00:57:20.285+0000] {processor.py:914} INFO - Processing file /home/ubuntu/airflow_venv/lib/python3.12/site-packages/airflow/example_dags/example_setup_teardown_taskflow.py for tasks to queue
[2024-11-20T00:57:20.286+0000] {logging_mixin.py:190} INFO - [2024-11-20T00:57:20.286+0000] {dagbag.py:588} INFO - Filling up the DagBag from /home/ubuntu/airflow_venv/lib/python3.12/site-packages/airflow/example_dags/example_setup_teardown_taskflow.py
[2024-11-20T00:57:20.298+0000] {processor.py:925} INFO - DAG(s) 'example_setup_teardown_taskflow' retrieved from /home/ubuntu/airflow_venv/lib/python3.12/site-packages/airflow/example_dags/example_setup_teardown_taskflow.py
[2024-11-20T00:57:20.315+0000] {logging_mixin.py:190} INFO - [2024-11-20T00:57:20.315+0000] {dag.py:3239} INFO - Sync 1 DAGs
[2024-11-20T00:57:20.327+0000] {logging_mixin.py:190} INFO - [2024-11-20T00:57:20.326+0000] {dag.py:4180} INFO - Setting next_dagrun for example_setup_teardown_taskflow to None, run_after=None
[2024-11-20T00:57:20.349+0000] {processor.py:208} INFO - Processing /home/ubuntu/airflow_venv/lib/python3.12/site-packages/airflow/example_dags/example_setup_teardown_taskflow.py took 0.073 seconds
[2024-11-20T00:58:12.685+0000] {processor.py:186} INFO - Started process (PID=5622) to work on /home/ubuntu/airflow_venv/lib/python3.12/site-packages/airflow/example_dags/example_setup_teardown_taskflow.py
[2024-11-20T00:58:12.686+0000] {processor.py:914} INFO - Processing file /home/ubuntu/airflow_venv/lib/python3.12/site-packages/airflow/example_dags/example_setup_teardown_taskflow.py for tasks to queue
[2024-11-20T00:58:12.687+0000] {logging_mixin.py:190} INFO - [2024-11-20T00:58:12.687+0000] {dagbag.py:588} INFO - Filling up the DagBag from /home/ubuntu/airflow_venv/lib/python3.12/site-packages/airflow/example_dags/example_setup_teardown_taskflow.py
[2024-11-20T00:58:12.699+0000] {processor.py:925} INFO - DAG(s) 'example_setup_teardown_taskflow' retrieved from /home/ubuntu/airflow_venv/lib/python3.12/site-packages/airflow/example_dags/example_setup_teardown_taskflow.py
[2024-11-20T00:58:12.716+0000] {logging_mixin.py:190} INFO - [2024-11-20T00:58:12.716+0000] {dag.py:3239} INFO - Sync 1 DAGs
[2024-11-20T00:58:12.728+0000] {logging_mixin.py:190} INFO - [2024-11-20T00:58:12.728+0000] {dag.py:4180} INFO - Setting next_dagrun for example_setup_teardown_taskflow to None, run_after=None
[2024-11-20T00:58:12.749+0000] {processor.py:208} INFO - Processing /home/ubuntu/airflow_venv/lib/python3.12/site-packages/airflow/example_dags/example_setup_teardown_taskflow.py took 0.073 seconds
[2024-11-20T00:59:05.767+0000] {processor.py:186} INFO - Started process (PID=5681) to work on /home/ubuntu/airflow_venv/lib/python3.12/site-packages/airflow/example_dags/example_setup_teardown_taskflow.py
[2024-11-20T00:59:05.768+0000] {processor.py:914} INFO - Processing file /home/ubuntu/airflow_venv/lib/python3.12/site-packages/airflow/example_dags/example_setup_teardown_taskflow.py for tasks to queue
[2024-11-20T00:59:05.770+0000] {logging_mixin.py:190} INFO - [2024-11-20T00:59:05.769+0000] {dagbag.py:588} INFO - Filling up the DagBag from /home/ubuntu/airflow_venv/lib/python3.12/site-packages/airflow/example_dags/example_setup_teardown_taskflow.py
[2024-11-20T00:59:05.781+0000] {processor.py:925} INFO - DAG(s) 'example_setup_teardown_taskflow' retrieved from /home/ubuntu/airflow_venv/lib/python3.12/site-packages/airflow/example_dags/example_setup_teardown_taskflow.py
[2024-11-20T00:59:05.797+0000] {logging_mixin.py:190} INFO - [2024-11-20T00:59:05.797+0000] {dag.py:3239} INFO - Sync 1 DAGs
[2024-11-20T00:59:05.810+0000] {logging_mixin.py:190} INFO - [2024-11-20T00:59:05.809+0000] {dag.py:4180} INFO - Setting next_dagrun for example_setup_teardown_taskflow to None, run_after=None
[2024-11-20T00:59:05.830+0000] {processor.py:208} INFO - Processing /home/ubuntu/airflow_venv/lib/python3.12/site-packages/airflow/example_dags/example_setup_teardown_taskflow.py took 0.070 seconds
[2024-11-20T01:00:01.276+0000] {processor.py:186} INFO - Started process (PID=5737) to work on /home/ubuntu/airflow_venv/lib/python3.12/site-packages/airflow/example_dags/example_setup_teardown_taskflow.py
[2024-11-20T01:00:01.278+0000] {processor.py:914} INFO - Processing file /home/ubuntu/airflow_venv/lib/python3.12/site-packages/airflow/example_dags/example_setup_teardown_taskflow.py for tasks to queue
[2024-11-20T01:00:01.279+0000] {logging_mixin.py:190} INFO - [2024-11-20T01:00:01.279+0000] {dagbag.py:588} INFO - Filling up the DagBag from /home/ubuntu/airflow_venv/lib/python3.12/site-packages/airflow/example_dags/example_setup_teardown_taskflow.py
[2024-11-20T01:00:01.291+0000] {processor.py:925} INFO - DAG(s) 'example_setup_teardown_taskflow' retrieved from /home/ubuntu/airflow_venv/lib/python3.12/site-packages/airflow/example_dags/example_setup_teardown_taskflow.py
[2024-11-20T01:00:01.308+0000] {logging_mixin.py:190} INFO - [2024-11-20T01:00:01.308+0000] {dag.py:3239} INFO - Sync 1 DAGs
[2024-11-20T01:00:01.321+0000] {logging_mixin.py:190} INFO - [2024-11-20T01:00:01.321+0000] {dag.py:4180} INFO - Setting next_dagrun for example_setup_teardown_taskflow to None, run_after=None
[2024-11-20T01:00:01.346+0000] {processor.py:208} INFO - Processing /home/ubuntu/airflow_venv/lib/python3.12/site-packages/airflow/example_dags/example_setup_teardown_taskflow.py took 0.077 seconds
[2024-11-20T01:00:56.166+0000] {processor.py:186} INFO - Started process (PID=5796) to work on /home/ubuntu/airflow_venv/lib/python3.12/site-packages/airflow/example_dags/example_setup_teardown_taskflow.py
[2024-11-20T01:00:56.168+0000] {processor.py:914} INFO - Processing file /home/ubuntu/airflow_venv/lib/python3.12/site-packages/airflow/example_dags/example_setup_teardown_taskflow.py for tasks to queue
[2024-11-20T01:00:56.170+0000] {logging_mixin.py:190} INFO - [2024-11-20T01:00:56.169+0000] {dagbag.py:588} INFO - Filling up the DagBag from /home/ubuntu/airflow_venv/lib/python3.12/site-packages/airflow/example_dags/example_setup_teardown_taskflow.py
[2024-11-20T01:00:56.180+0000] {processor.py:925} INFO - DAG(s) 'example_setup_teardown_taskflow' retrieved from /home/ubuntu/airflow_venv/lib/python3.12/site-packages/airflow/example_dags/example_setup_teardown_taskflow.py
[2024-11-20T01:00:56.198+0000] {logging_mixin.py:190} INFO - [2024-11-20T01:00:56.198+0000] {dag.py:3239} INFO - Sync 1 DAGs
[2024-11-20T01:00:56.212+0000] {logging_mixin.py:190} INFO - [2024-11-20T01:00:56.211+0000] {dag.py:4180} INFO - Setting next_dagrun for example_setup_teardown_taskflow to None, run_after=None
[2024-11-20T01:00:56.233+0000] {processor.py:208} INFO - Processing /home/ubuntu/airflow_venv/lib/python3.12/site-packages/airflow/example_dags/example_setup_teardown_taskflow.py took 0.075 seconds
[2024-11-20T01:02:07.637+0000] {processor.py:186} INFO - Started process (PID=5876) to work on /home/ubuntu/airflow_venv/lib/python3.12/site-packages/airflow/example_dags/example_setup_teardown_taskflow.py
[2024-11-20T01:02:07.639+0000] {processor.py:914} INFO - Processing file /home/ubuntu/airflow_venv/lib/python3.12/site-packages/airflow/example_dags/example_setup_teardown_taskflow.py for tasks to queue
[2024-11-20T01:02:07.640+0000] {logging_mixin.py:190} INFO - [2024-11-20T01:02:07.639+0000] {dagbag.py:588} INFO - Filling up the DagBag from /home/ubuntu/airflow_venv/lib/python3.12/site-packages/airflow/example_dags/example_setup_teardown_taskflow.py
[2024-11-20T01:02:07.651+0000] {processor.py:925} INFO - DAG(s) 'example_setup_teardown_taskflow' retrieved from /home/ubuntu/airflow_venv/lib/python3.12/site-packages/airflow/example_dags/example_setup_teardown_taskflow.py
[2024-11-20T01:02:07.668+0000] {logging_mixin.py:190} INFO - [2024-11-20T01:02:07.668+0000] {dag.py:3239} INFO - Sync 1 DAGs
[2024-11-20T01:02:07.680+0000] {logging_mixin.py:190} INFO - [2024-11-20T01:02:07.680+0000] {dag.py:4180} INFO - Setting next_dagrun for example_setup_teardown_taskflow to None, run_after=None
[2024-11-20T01:02:07.704+0000] {processor.py:208} INFO - Processing /home/ubuntu/airflow_venv/lib/python3.12/site-packages/airflow/example_dags/example_setup_teardown_taskflow.py took 0.073 seconds
[2024-11-20T01:03:04.138+0000] {processor.py:186} INFO - Started process (PID=5934) to work on /home/ubuntu/airflow_venv/lib/python3.12/site-packages/airflow/example_dags/example_setup_teardown_taskflow.py
[2024-11-20T01:03:04.140+0000] {processor.py:914} INFO - Processing file /home/ubuntu/airflow_venv/lib/python3.12/site-packages/airflow/example_dags/example_setup_teardown_taskflow.py for tasks to queue
[2024-11-20T01:03:04.141+0000] {logging_mixin.py:190} INFO - [2024-11-20T01:03:04.140+0000] {dagbag.py:588} INFO - Filling up the DagBag from /home/ubuntu/airflow_venv/lib/python3.12/site-packages/airflow/example_dags/example_setup_teardown_taskflow.py
[2024-11-20T01:03:04.152+0000] {processor.py:925} INFO - DAG(s) 'example_setup_teardown_taskflow' retrieved from /home/ubuntu/airflow_venv/lib/python3.12/site-packages/airflow/example_dags/example_setup_teardown_taskflow.py
[2024-11-20T01:03:04.169+0000] {logging_mixin.py:190} INFO - [2024-11-20T01:03:04.168+0000] {dag.py:3239} INFO - Sync 1 DAGs
[2024-11-20T01:03:04.180+0000] {logging_mixin.py:190} INFO - [2024-11-20T01:03:04.180+0000] {dag.py:4180} INFO - Setting next_dagrun for example_setup_teardown_taskflow to None, run_after=None
[2024-11-20T01:03:04.203+0000] {processor.py:208} INFO - Processing /home/ubuntu/airflow_venv/lib/python3.12/site-packages/airflow/example_dags/example_setup_teardown_taskflow.py took 0.072 seconds
[2024-11-20T01:03:59.974+0000] {processor.py:186} INFO - Started process (PID=5991) to work on /home/ubuntu/airflow_venv/lib/python3.12/site-packages/airflow/example_dags/example_setup_teardown_taskflow.py
[2024-11-20T01:03:59.976+0000] {processor.py:914} INFO - Processing file /home/ubuntu/airflow_venv/lib/python3.12/site-packages/airflow/example_dags/example_setup_teardown_taskflow.py for tasks to queue
[2024-11-20T01:03:59.978+0000] {logging_mixin.py:190} INFO - [2024-11-20T01:03:59.978+0000] {dagbag.py:588} INFO - Filling up the DagBag from /home/ubuntu/airflow_venv/lib/python3.12/site-packages/airflow/example_dags/example_setup_teardown_taskflow.py
[2024-11-20T01:03:59.989+0000] {processor.py:925} INFO - DAG(s) 'example_setup_teardown_taskflow' retrieved from /home/ubuntu/airflow_venv/lib/python3.12/site-packages/airflow/example_dags/example_setup_teardown_taskflow.py
[2024-11-20T01:04:00.007+0000] {logging_mixin.py:190} INFO - [2024-11-20T01:04:00.007+0000] {dag.py:3239} INFO - Sync 1 DAGs
[2024-11-20T01:04:00.020+0000] {logging_mixin.py:190} INFO - [2024-11-20T01:04:00.019+0000] {dag.py:4180} INFO - Setting next_dagrun for example_setup_teardown_taskflow to None, run_after=None
[2024-11-20T01:04:00.043+0000] {processor.py:208} INFO - Processing /home/ubuntu/airflow_venv/lib/python3.12/site-packages/airflow/example_dags/example_setup_teardown_taskflow.py took 0.076 seconds
[2024-11-20T01:04:55.359+0000] {processor.py:186} INFO - Started process (PID=6047) to work on /home/ubuntu/airflow_venv/lib/python3.12/site-packages/airflow/example_dags/example_setup_teardown_taskflow.py
[2024-11-20T01:04:55.361+0000] {processor.py:914} INFO - Processing file /home/ubuntu/airflow_venv/lib/python3.12/site-packages/airflow/example_dags/example_setup_teardown_taskflow.py for tasks to queue
[2024-11-20T01:04:55.363+0000] {logging_mixin.py:190} INFO - [2024-11-20T01:04:55.363+0000] {dagbag.py:588} INFO - Filling up the DagBag from /home/ubuntu/airflow_venv/lib/python3.12/site-packages/airflow/example_dags/example_setup_teardown_taskflow.py
[2024-11-20T01:04:55.374+0000] {processor.py:925} INFO - DAG(s) 'example_setup_teardown_taskflow' retrieved from /home/ubuntu/airflow_venv/lib/python3.12/site-packages/airflow/example_dags/example_setup_teardown_taskflow.py
[2024-11-20T01:04:55.391+0000] {logging_mixin.py:190} INFO - [2024-11-20T01:04:55.390+0000] {dag.py:3239} INFO - Sync 1 DAGs
[2024-11-20T01:04:55.404+0000] {logging_mixin.py:190} INFO - [2024-11-20T01:04:55.403+0000] {dag.py:4180} INFO - Setting next_dagrun for example_setup_teardown_taskflow to None, run_after=None
[2024-11-20T01:04:55.426+0000] {processor.py:208} INFO - Processing /home/ubuntu/airflow_venv/lib/python3.12/site-packages/airflow/example_dags/example_setup_teardown_taskflow.py took 0.073 seconds
[2024-11-20T01:05:51.660+0000] {processor.py:186} INFO - Started process (PID=6109) to work on /home/ubuntu/airflow_venv/lib/python3.12/site-packages/airflow/example_dags/example_setup_teardown_taskflow.py
[2024-11-20T01:05:51.662+0000] {processor.py:914} INFO - Processing file /home/ubuntu/airflow_venv/lib/python3.12/site-packages/airflow/example_dags/example_setup_teardown_taskflow.py for tasks to queue
[2024-11-20T01:05:51.663+0000] {logging_mixin.py:190} INFO - [2024-11-20T01:05:51.662+0000] {dagbag.py:588} INFO - Filling up the DagBag from /home/ubuntu/airflow_venv/lib/python3.12/site-packages/airflow/example_dags/example_setup_teardown_taskflow.py
[2024-11-20T01:05:51.673+0000] {processor.py:925} INFO - DAG(s) 'example_setup_teardown_taskflow' retrieved from /home/ubuntu/airflow_venv/lib/python3.12/site-packages/airflow/example_dags/example_setup_teardown_taskflow.py
[2024-11-20T01:05:51.690+0000] {logging_mixin.py:190} INFO - [2024-11-20T01:05:51.690+0000] {dag.py:3239} INFO - Sync 1 DAGs
[2024-11-20T01:05:51.702+0000] {logging_mixin.py:190} INFO - [2024-11-20T01:05:51.702+0000] {dag.py:4180} INFO - Setting next_dagrun for example_setup_teardown_taskflow to None, run_after=None
[2024-11-20T01:05:51.723+0000] {processor.py:208} INFO - Processing /home/ubuntu/airflow_venv/lib/python3.12/site-packages/airflow/example_dags/example_setup_teardown_taskflow.py took 0.070 seconds
[2024-11-20T01:06:43.983+0000] {processor.py:186} INFO - Started process (PID=6163) to work on /home/ubuntu/airflow_venv/lib/python3.12/site-packages/airflow/example_dags/example_setup_teardown_taskflow.py
[2024-11-20T01:06:43.985+0000] {processor.py:914} INFO - Processing file /home/ubuntu/airflow_venv/lib/python3.12/site-packages/airflow/example_dags/example_setup_teardown_taskflow.py for tasks to queue
[2024-11-20T01:06:43.986+0000] {logging_mixin.py:190} INFO - [2024-11-20T01:06:43.986+0000] {dagbag.py:588} INFO - Filling up the DagBag from /home/ubuntu/airflow_venv/lib/python3.12/site-packages/airflow/example_dags/example_setup_teardown_taskflow.py
[2024-11-20T01:06:43.996+0000] {processor.py:925} INFO - DAG(s) 'example_setup_teardown_taskflow' retrieved from /home/ubuntu/airflow_venv/lib/python3.12/site-packages/airflow/example_dags/example_setup_teardown_taskflow.py
[2024-11-20T01:06:44.014+0000] {logging_mixin.py:190} INFO - [2024-11-20T01:06:44.014+0000] {dag.py:3239} INFO - Sync 1 DAGs
[2024-11-20T01:06:44.025+0000] {logging_mixin.py:190} INFO - [2024-11-20T01:06:44.025+0000] {dag.py:4180} INFO - Setting next_dagrun for example_setup_teardown_taskflow to None, run_after=None
[2024-11-20T01:06:44.046+0000] {processor.py:208} INFO - Processing /home/ubuntu/airflow_venv/lib/python3.12/site-packages/airflow/example_dags/example_setup_teardown_taskflow.py took 0.070 seconds
[2024-11-20T01:07:36.051+0000] {processor.py:186} INFO - Started process (PID=6218) to work on /home/ubuntu/airflow_venv/lib/python3.12/site-packages/airflow/example_dags/example_setup_teardown_taskflow.py
[2024-11-20T01:07:36.052+0000] {processor.py:914} INFO - Processing file /home/ubuntu/airflow_venv/lib/python3.12/site-packages/airflow/example_dags/example_setup_teardown_taskflow.py for tasks to queue
[2024-11-20T01:07:36.054+0000] {logging_mixin.py:190} INFO - [2024-11-20T01:07:36.053+0000] {dagbag.py:588} INFO - Filling up the DagBag from /home/ubuntu/airflow_venv/lib/python3.12/site-packages/airflow/example_dags/example_setup_teardown_taskflow.py
[2024-11-20T01:07:36.064+0000] {processor.py:925} INFO - DAG(s) 'example_setup_teardown_taskflow' retrieved from /home/ubuntu/airflow_venv/lib/python3.12/site-packages/airflow/example_dags/example_setup_teardown_taskflow.py
[2024-11-20T01:07:36.080+0000] {logging_mixin.py:190} INFO - [2024-11-20T01:07:36.080+0000] {dag.py:3239} INFO - Sync 1 DAGs
[2024-11-20T01:07:36.092+0000] {logging_mixin.py:190} INFO - [2024-11-20T01:07:36.092+0000] {dag.py:4180} INFO - Setting next_dagrun for example_setup_teardown_taskflow to None, run_after=None
[2024-11-20T01:07:36.114+0000] {processor.py:208} INFO - Processing /home/ubuntu/airflow_venv/lib/python3.12/site-packages/airflow/example_dags/example_setup_teardown_taskflow.py took 0.070 seconds
[2024-11-20T01:08:29.849+0000] {processor.py:186} INFO - Started process (PID=6272) to work on /home/ubuntu/airflow_venv/lib/python3.12/site-packages/airflow/example_dags/example_setup_teardown_taskflow.py
[2024-11-20T01:08:29.850+0000] {processor.py:914} INFO - Processing file /home/ubuntu/airflow_venv/lib/python3.12/site-packages/airflow/example_dags/example_setup_teardown_taskflow.py for tasks to queue
[2024-11-20T01:08:29.852+0000] {logging_mixin.py:190} INFO - [2024-11-20T01:08:29.852+0000] {dagbag.py:588} INFO - Filling up the DagBag from /home/ubuntu/airflow_venv/lib/python3.12/site-packages/airflow/example_dags/example_setup_teardown_taskflow.py
[2024-11-20T01:08:29.862+0000] {processor.py:925} INFO - DAG(s) 'example_setup_teardown_taskflow' retrieved from /home/ubuntu/airflow_venv/lib/python3.12/site-packages/airflow/example_dags/example_setup_teardown_taskflow.py
[2024-11-20T01:08:29.879+0000] {logging_mixin.py:190} INFO - [2024-11-20T01:08:29.879+0000] {dag.py:3239} INFO - Sync 1 DAGs
[2024-11-20T01:08:29.891+0000] {logging_mixin.py:190} INFO - [2024-11-20T01:08:29.891+0000] {dag.py:4180} INFO - Setting next_dagrun for example_setup_teardown_taskflow to None, run_after=None
[2024-11-20T01:08:29.913+0000] {processor.py:208} INFO - Processing /home/ubuntu/airflow_venv/lib/python3.12/site-packages/airflow/example_dags/example_setup_teardown_taskflow.py took 0.070 seconds
[2024-11-20T01:09:26.872+0000] {processor.py:186} INFO - Started process (PID=6329) to work on /home/ubuntu/airflow_venv/lib/python3.12/site-packages/airflow/example_dags/example_setup_teardown_taskflow.py
[2024-11-20T01:09:26.874+0000] {processor.py:914} INFO - Processing file /home/ubuntu/airflow_venv/lib/python3.12/site-packages/airflow/example_dags/example_setup_teardown_taskflow.py for tasks to queue
[2024-11-20T01:09:26.875+0000] {logging_mixin.py:190} INFO - [2024-11-20T01:09:26.875+0000] {dagbag.py:588} INFO - Filling up the DagBag from /home/ubuntu/airflow_venv/lib/python3.12/site-packages/airflow/example_dags/example_setup_teardown_taskflow.py
[2024-11-20T01:09:26.885+0000] {processor.py:925} INFO - DAG(s) 'example_setup_teardown_taskflow' retrieved from /home/ubuntu/airflow_venv/lib/python3.12/site-packages/airflow/example_dags/example_setup_teardown_taskflow.py
[2024-11-20T01:09:26.903+0000] {logging_mixin.py:190} INFO - [2024-11-20T01:09:26.902+0000] {dag.py:3239} INFO - Sync 1 DAGs
[2024-11-20T01:09:26.914+0000] {logging_mixin.py:190} INFO - [2024-11-20T01:09:26.914+0000] {dag.py:4180} INFO - Setting next_dagrun for example_setup_teardown_taskflow to None, run_after=None
[2024-11-20T01:09:26.936+0000] {processor.py:208} INFO - Processing /home/ubuntu/airflow_venv/lib/python3.12/site-packages/airflow/example_dags/example_setup_teardown_taskflow.py took 0.071 seconds
[2024-11-20T01:10:25.735+0000] {processor.py:186} INFO - Started process (PID=6393) to work on /home/ubuntu/airflow_venv/lib/python3.12/site-packages/airflow/example_dags/example_setup_teardown_taskflow.py
[2024-11-20T01:10:25.737+0000] {processor.py:914} INFO - Processing file /home/ubuntu/airflow_venv/lib/python3.12/site-packages/airflow/example_dags/example_setup_teardown_taskflow.py for tasks to queue
[2024-11-20T01:10:25.738+0000] {logging_mixin.py:190} INFO - [2024-11-20T01:10:25.738+0000] {dagbag.py:588} INFO - Filling up the DagBag from /home/ubuntu/airflow_venv/lib/python3.12/site-packages/airflow/example_dags/example_setup_teardown_taskflow.py
[2024-11-20T01:10:25.749+0000] {processor.py:925} INFO - DAG(s) 'example_setup_teardown_taskflow' retrieved from /home/ubuntu/airflow_venv/lib/python3.12/site-packages/airflow/example_dags/example_setup_teardown_taskflow.py
[2024-11-20T01:10:25.765+0000] {logging_mixin.py:190} INFO - [2024-11-20T01:10:25.765+0000] {dag.py:3239} INFO - Sync 1 DAGs
[2024-11-20T01:10:25.777+0000] {logging_mixin.py:190} INFO - [2024-11-20T01:10:25.777+0000] {dag.py:4180} INFO - Setting next_dagrun for example_setup_teardown_taskflow to None, run_after=None
[2024-11-20T01:10:25.800+0000] {processor.py:208} INFO - Processing /home/ubuntu/airflow_venv/lib/python3.12/site-packages/airflow/example_dags/example_setup_teardown_taskflow.py took 0.072 seconds
[2024-11-20T01:11:19.042+0000] {processor.py:186} INFO - Started process (PID=6448) to work on /home/ubuntu/airflow_venv/lib/python3.12/site-packages/airflow/example_dags/example_setup_teardown_taskflow.py
[2024-11-20T01:11:19.044+0000] {processor.py:914} INFO - Processing file /home/ubuntu/airflow_venv/lib/python3.12/site-packages/airflow/example_dags/example_setup_teardown_taskflow.py for tasks to queue
[2024-11-20T01:11:19.045+0000] {logging_mixin.py:190} INFO - [2024-11-20T01:11:19.044+0000] {dagbag.py:588} INFO - Filling up the DagBag from /home/ubuntu/airflow_venv/lib/python3.12/site-packages/airflow/example_dags/example_setup_teardown_taskflow.py
[2024-11-20T01:11:19.056+0000] {processor.py:925} INFO - DAG(s) 'example_setup_teardown_taskflow' retrieved from /home/ubuntu/airflow_venv/lib/python3.12/site-packages/airflow/example_dags/example_setup_teardown_taskflow.py
[2024-11-20T01:11:19.072+0000] {logging_mixin.py:190} INFO - [2024-11-20T01:11:19.072+0000] {dag.py:3239} INFO - Sync 1 DAGs
[2024-11-20T01:11:19.085+0000] {logging_mixin.py:190} INFO - [2024-11-20T01:11:19.084+0000] {dag.py:4180} INFO - Setting next_dagrun for example_setup_teardown_taskflow to None, run_after=None
[2024-11-20T01:11:19.107+0000] {processor.py:208} INFO - Processing /home/ubuntu/airflow_venv/lib/python3.12/site-packages/airflow/example_dags/example_setup_teardown_taskflow.py took 0.073 seconds
[2024-11-20T01:12:12.452+0000] {processor.py:186} INFO - Started process (PID=6505) to work on /home/ubuntu/airflow_venv/lib/python3.12/site-packages/airflow/example_dags/example_setup_teardown_taskflow.py
[2024-11-20T01:12:12.454+0000] {processor.py:914} INFO - Processing file /home/ubuntu/airflow_venv/lib/python3.12/site-packages/airflow/example_dags/example_setup_teardown_taskflow.py for tasks to queue
[2024-11-20T01:12:12.455+0000] {logging_mixin.py:190} INFO - [2024-11-20T01:12:12.455+0000] {dagbag.py:588} INFO - Filling up the DagBag from /home/ubuntu/airflow_venv/lib/python3.12/site-packages/airflow/example_dags/example_setup_teardown_taskflow.py
[2024-11-20T01:12:12.466+0000] {processor.py:925} INFO - DAG(s) 'example_setup_teardown_taskflow' retrieved from /home/ubuntu/airflow_venv/lib/python3.12/site-packages/airflow/example_dags/example_setup_teardown_taskflow.py
[2024-11-20T01:12:12.483+0000] {logging_mixin.py:190} INFO - [2024-11-20T01:12:12.483+0000] {dag.py:3239} INFO - Sync 1 DAGs
[2024-11-20T01:12:12.495+0000] {logging_mixin.py:190} INFO - [2024-11-20T01:12:12.494+0000] {dag.py:4180} INFO - Setting next_dagrun for example_setup_teardown_taskflow to None, run_after=None
[2024-11-20T01:12:12.516+0000] {processor.py:208} INFO - Processing /home/ubuntu/airflow_venv/lib/python3.12/site-packages/airflow/example_dags/example_setup_teardown_taskflow.py took 0.070 seconds
[2024-11-20T01:13:07.324+0000] {processor.py:186} INFO - Started process (PID=6559) to work on /home/ubuntu/airflow_venv/lib/python3.12/site-packages/airflow/example_dags/example_setup_teardown_taskflow.py
[2024-11-20T01:13:07.325+0000] {processor.py:914} INFO - Processing file /home/ubuntu/airflow_venv/lib/python3.12/site-packages/airflow/example_dags/example_setup_teardown_taskflow.py for tasks to queue
[2024-11-20T01:13:07.326+0000] {logging_mixin.py:190} INFO - [2024-11-20T01:13:07.326+0000] {dagbag.py:588} INFO - Filling up the DagBag from /home/ubuntu/airflow_venv/lib/python3.12/site-packages/airflow/example_dags/example_setup_teardown_taskflow.py
[2024-11-20T01:13:07.337+0000] {processor.py:925} INFO - DAG(s) 'example_setup_teardown_taskflow' retrieved from /home/ubuntu/airflow_venv/lib/python3.12/site-packages/airflow/example_dags/example_setup_teardown_taskflow.py
[2024-11-20T01:13:07.354+0000] {logging_mixin.py:190} INFO - [2024-11-20T01:13:07.354+0000] {dag.py:3239} INFO - Sync 1 DAGs
[2024-11-20T01:13:07.366+0000] {logging_mixin.py:190} INFO - [2024-11-20T01:13:07.366+0000] {dag.py:4180} INFO - Setting next_dagrun for example_setup_teardown_taskflow to None, run_after=None
[2024-11-20T01:13:07.387+0000] {processor.py:208} INFO - Processing /home/ubuntu/airflow_venv/lib/python3.12/site-packages/airflow/example_dags/example_setup_teardown_taskflow.py took 0.070 seconds
