[2024-11-20T00:16:49.758+0000] {processor.py:186} INFO - Started process (PID=2069) to work on /home/ubuntu/airflow_venv/lib/python3.12/site-packages/airflow/example_dags/example_branch_operator_decorator.py
[2024-11-20T00:16:49.759+0000] {processor.py:914} INFO - Processing file /home/ubuntu/airflow_venv/lib/python3.12/site-packages/airflow/example_dags/example_branch_operator_decorator.py for tasks to queue
[2024-11-20T00:16:49.762+0000] {logging_mixin.py:190} INFO - [2024-11-20T00:16:49.761+0000] {dagbag.py:588} INFO - Filling up the DagBag from /home/ubuntu/airflow_venv/lib/python3.12/site-packages/airflow/example_dags/example_branch_operator_decorator.py
[2024-11-20T00:16:49.764+0000] {processor.py:927} WARNING - No viable dags retrieved from /home/ubuntu/airflow_venv/lib/python3.12/site-packages/airflow/example_dags/example_branch_operator_decorator.py
[2024-11-20T00:16:49.775+0000] {processor.py:208} INFO - Processing /home/ubuntu/airflow_venv/lib/python3.12/site-packages/airflow/example_dags/example_branch_operator_decorator.py took 0.022 seconds
[2024-11-20T00:17:49.186+0000] {processor.py:186} INFO - Started process (PID=2134) to work on /home/ubuntu/airflow_venv/lib/python3.12/site-packages/airflow/example_dags/example_branch_operator_decorator.py
[2024-11-20T00:17:49.188+0000] {processor.py:914} INFO - Processing file /home/ubuntu/airflow_venv/lib/python3.12/site-packages/airflow/example_dags/example_branch_operator_decorator.py for tasks to queue
[2024-11-20T00:17:49.189+0000] {logging_mixin.py:190} INFO - [2024-11-20T00:17:49.189+0000] {dagbag.py:588} INFO - Filling up the DagBag from /home/ubuntu/airflow_venv/lib/python3.12/site-packages/airflow/example_dags/example_branch_operator_decorator.py
[2024-11-20T00:17:49.192+0000] {processor.py:927} WARNING - No viable dags retrieved from /home/ubuntu/airflow_venv/lib/python3.12/site-packages/airflow/example_dags/example_branch_operator_decorator.py
[2024-11-20T00:17:49.202+0000] {processor.py:208} INFO - Processing /home/ubuntu/airflow_venv/lib/python3.12/site-packages/airflow/example_dags/example_branch_operator_decorator.py took 0.022 seconds
[2024-11-20T00:18:44.094+0000] {processor.py:186} INFO - Started process (PID=2192) to work on /home/ubuntu/airflow_venv/lib/python3.12/site-packages/airflow/example_dags/example_branch_operator_decorator.py
[2024-11-20T00:18:44.096+0000] {processor.py:914} INFO - Processing file /home/ubuntu/airflow_venv/lib/python3.12/site-packages/airflow/example_dags/example_branch_operator_decorator.py for tasks to queue
[2024-11-20T00:18:44.098+0000] {logging_mixin.py:190} INFO - [2024-11-20T00:18:44.098+0000] {dagbag.py:588} INFO - Filling up the DagBag from /home/ubuntu/airflow_venv/lib/python3.12/site-packages/airflow/example_dags/example_branch_operator_decorator.py
[2024-11-20T00:18:44.100+0000] {processor.py:927} WARNING - No viable dags retrieved from /home/ubuntu/airflow_venv/lib/python3.12/site-packages/airflow/example_dags/example_branch_operator_decorator.py
[2024-11-20T00:18:44.110+0000] {processor.py:208} INFO - Processing /home/ubuntu/airflow_venv/lib/python3.12/site-packages/airflow/example_dags/example_branch_operator_decorator.py took 0.022 seconds
[2024-11-20T00:19:39.508+0000] {processor.py:186} INFO - Started process (PID=2251) to work on /home/ubuntu/airflow_venv/lib/python3.12/site-packages/airflow/example_dags/example_branch_operator_decorator.py
[2024-11-20T00:19:39.510+0000] {processor.py:914} INFO - Processing file /home/ubuntu/airflow_venv/lib/python3.12/site-packages/airflow/example_dags/example_branch_operator_decorator.py for tasks to queue
[2024-11-20T00:19:39.512+0000] {logging_mixin.py:190} INFO - [2024-11-20T00:19:39.512+0000] {dagbag.py:588} INFO - Filling up the DagBag from /home/ubuntu/airflow_venv/lib/python3.12/site-packages/airflow/example_dags/example_branch_operator_decorator.py
[2024-11-20T00:19:39.515+0000] {processor.py:927} WARNING - No viable dags retrieved from /home/ubuntu/airflow_venv/lib/python3.12/site-packages/airflow/example_dags/example_branch_operator_decorator.py
[2024-11-20T00:19:39.525+0000] {processor.py:208} INFO - Processing /home/ubuntu/airflow_venv/lib/python3.12/site-packages/airflow/example_dags/example_branch_operator_decorator.py took 0.023 seconds
[2024-11-20T00:20:58.072+0000] {processor.py:186} INFO - Started process (PID=2335) to work on /home/ubuntu/airflow_venv/lib/python3.12/site-packages/airflow/example_dags/example_branch_operator_decorator.py
[2024-11-20T00:20:58.074+0000] {processor.py:914} INFO - Processing file /home/ubuntu/airflow_venv/lib/python3.12/site-packages/airflow/example_dags/example_branch_operator_decorator.py for tasks to queue
[2024-11-20T00:20:58.076+0000] {logging_mixin.py:190} INFO - [2024-11-20T00:20:58.075+0000] {dagbag.py:588} INFO - Filling up the DagBag from /home/ubuntu/airflow_venv/lib/python3.12/site-packages/airflow/example_dags/example_branch_operator_decorator.py
[2024-11-20T00:20:58.079+0000] {processor.py:927} WARNING - No viable dags retrieved from /home/ubuntu/airflow_venv/lib/python3.12/site-packages/airflow/example_dags/example_branch_operator_decorator.py
[2024-11-20T00:20:58.090+0000] {processor.py:208} INFO - Processing /home/ubuntu/airflow_venv/lib/python3.12/site-packages/airflow/example_dags/example_branch_operator_decorator.py took 0.023 seconds
[2024-11-20T00:21:58.879+0000] {processor.py:186} INFO - Started process (PID=2395) to work on /home/ubuntu/airflow_venv/lib/python3.12/site-packages/airflow/example_dags/example_branch_operator_decorator.py
[2024-11-20T00:21:58.880+0000] {processor.py:914} INFO - Processing file /home/ubuntu/airflow_venv/lib/python3.12/site-packages/airflow/example_dags/example_branch_operator_decorator.py for tasks to queue
[2024-11-20T00:21:58.882+0000] {logging_mixin.py:190} INFO - [2024-11-20T00:21:58.882+0000] {dagbag.py:588} INFO - Filling up the DagBag from /home/ubuntu/airflow_venv/lib/python3.12/site-packages/airflow/example_dags/example_branch_operator_decorator.py
[2024-11-20T00:21:58.885+0000] {processor.py:927} WARNING - No viable dags retrieved from /home/ubuntu/airflow_venv/lib/python3.12/site-packages/airflow/example_dags/example_branch_operator_decorator.py
[2024-11-20T00:21:58.895+0000] {processor.py:208} INFO - Processing /home/ubuntu/airflow_venv/lib/python3.12/site-packages/airflow/example_dags/example_branch_operator_decorator.py took 0.022 seconds
[2024-11-20T00:22:55.518+0000] {processor.py:186} INFO - Started process (PID=2454) to work on /home/ubuntu/airflow_venv/lib/python3.12/site-packages/airflow/example_dags/example_branch_operator_decorator.py
[2024-11-20T00:22:55.520+0000] {processor.py:914} INFO - Processing file /home/ubuntu/airflow_venv/lib/python3.12/site-packages/airflow/example_dags/example_branch_operator_decorator.py for tasks to queue
[2024-11-20T00:22:55.522+0000] {logging_mixin.py:190} INFO - [2024-11-20T00:22:55.521+0000] {dagbag.py:588} INFO - Filling up the DagBag from /home/ubuntu/airflow_venv/lib/python3.12/site-packages/airflow/example_dags/example_branch_operator_decorator.py
[2024-11-20T00:22:55.525+0000] {processor.py:927} WARNING - No viable dags retrieved from /home/ubuntu/airflow_venv/lib/python3.12/site-packages/airflow/example_dags/example_branch_operator_decorator.py
[2024-11-20T00:22:55.535+0000] {processor.py:208} INFO - Processing /home/ubuntu/airflow_venv/lib/python3.12/site-packages/airflow/example_dags/example_branch_operator_decorator.py took 0.023 seconds
[2024-11-20T00:23:50.125+0000] {processor.py:186} INFO - Started process (PID=2510) to work on /home/ubuntu/airflow_venv/lib/python3.12/site-packages/airflow/example_dags/example_branch_operator_decorator.py
[2024-11-20T00:23:50.127+0000] {processor.py:914} INFO - Processing file /home/ubuntu/airflow_venv/lib/python3.12/site-packages/airflow/example_dags/example_branch_operator_decorator.py for tasks to queue
[2024-11-20T00:23:50.130+0000] {logging_mixin.py:190} INFO - [2024-11-20T00:23:50.129+0000] {dagbag.py:588} INFO - Filling up the DagBag from /home/ubuntu/airflow_venv/lib/python3.12/site-packages/airflow/example_dags/example_branch_operator_decorator.py
[2024-11-20T00:23:50.133+0000] {processor.py:927} WARNING - No viable dags retrieved from /home/ubuntu/airflow_venv/lib/python3.12/site-packages/airflow/example_dags/example_branch_operator_decorator.py
[2024-11-20T00:23:50.144+0000] {processor.py:208} INFO - Processing /home/ubuntu/airflow_venv/lib/python3.12/site-packages/airflow/example_dags/example_branch_operator_decorator.py took 0.025 seconds
[2024-11-20T00:24:44.969+0000] {processor.py:186} INFO - Started process (PID=2566) to work on /home/ubuntu/airflow_venv/lib/python3.12/site-packages/airflow/example_dags/example_branch_operator_decorator.py
[2024-11-20T00:24:44.971+0000] {processor.py:914} INFO - Processing file /home/ubuntu/airflow_venv/lib/python3.12/site-packages/airflow/example_dags/example_branch_operator_decorator.py for tasks to queue
[2024-11-20T00:24:44.973+0000] {logging_mixin.py:190} INFO - [2024-11-20T00:24:44.973+0000] {dagbag.py:588} INFO - Filling up the DagBag from /home/ubuntu/airflow_venv/lib/python3.12/site-packages/airflow/example_dags/example_branch_operator_decorator.py
[2024-11-20T00:24:44.975+0000] {processor.py:927} WARNING - No viable dags retrieved from /home/ubuntu/airflow_venv/lib/python3.12/site-packages/airflow/example_dags/example_branch_operator_decorator.py
[2024-11-20T00:24:44.986+0000] {processor.py:208} INFO - Processing /home/ubuntu/airflow_venv/lib/python3.12/site-packages/airflow/example_dags/example_branch_operator_decorator.py took 0.022 seconds
[2024-11-20T00:25:39.346+0000] {processor.py:186} INFO - Started process (PID=2625) to work on /home/ubuntu/airflow_venv/lib/python3.12/site-packages/airflow/example_dags/example_branch_operator_decorator.py
[2024-11-20T00:25:39.348+0000] {processor.py:914} INFO - Processing file /home/ubuntu/airflow_venv/lib/python3.12/site-packages/airflow/example_dags/example_branch_operator_decorator.py for tasks to queue
[2024-11-20T00:25:39.350+0000] {logging_mixin.py:190} INFO - [2024-11-20T00:25:39.350+0000] {dagbag.py:588} INFO - Filling up the DagBag from /home/ubuntu/airflow_venv/lib/python3.12/site-packages/airflow/example_dags/example_branch_operator_decorator.py
[2024-11-20T00:25:39.353+0000] {processor.py:927} WARNING - No viable dags retrieved from /home/ubuntu/airflow_venv/lib/python3.12/site-packages/airflow/example_dags/example_branch_operator_decorator.py
[2024-11-20T00:25:39.363+0000] {processor.py:208} INFO - Processing /home/ubuntu/airflow_venv/lib/python3.12/site-packages/airflow/example_dags/example_branch_operator_decorator.py took 0.023 seconds
[2024-11-20T00:26:35.616+0000] {processor.py:186} INFO - Started process (PID=2684) to work on /home/ubuntu/airflow_venv/lib/python3.12/site-packages/airflow/example_dags/example_branch_operator_decorator.py
[2024-11-20T00:26:35.618+0000] {processor.py:914} INFO - Processing file /home/ubuntu/airflow_venv/lib/python3.12/site-packages/airflow/example_dags/example_branch_operator_decorator.py for tasks to queue
[2024-11-20T00:26:35.621+0000] {logging_mixin.py:190} INFO - [2024-11-20T00:26:35.621+0000] {dagbag.py:588} INFO - Filling up the DagBag from /home/ubuntu/airflow_venv/lib/python3.12/site-packages/airflow/example_dags/example_branch_operator_decorator.py
[2024-11-20T00:26:35.623+0000] {processor.py:927} WARNING - No viable dags retrieved from /home/ubuntu/airflow_venv/lib/python3.12/site-packages/airflow/example_dags/example_branch_operator_decorator.py
[2024-11-20T00:26:35.634+0000] {processor.py:208} INFO - Processing /home/ubuntu/airflow_venv/lib/python3.12/site-packages/airflow/example_dags/example_branch_operator_decorator.py took 0.023 seconds
[2024-11-20T00:27:55.066+0000] {processor.py:186} INFO - Started process (PID=2785) to work on /home/ubuntu/airflow_venv/lib/python3.12/site-packages/airflow/example_dags/example_branch_operator_decorator.py
[2024-11-20T00:27:55.068+0000] {processor.py:914} INFO - Processing file /home/ubuntu/airflow_venv/lib/python3.12/site-packages/airflow/example_dags/example_branch_operator_decorator.py for tasks to queue
[2024-11-20T00:27:55.070+0000] {logging_mixin.py:190} INFO - [2024-11-20T00:27:55.070+0000] {dagbag.py:588} INFO - Filling up the DagBag from /home/ubuntu/airflow_venv/lib/python3.12/site-packages/airflow/example_dags/example_branch_operator_decorator.py
[2024-11-20T00:27:55.073+0000] {processor.py:927} WARNING - No viable dags retrieved from /home/ubuntu/airflow_venv/lib/python3.12/site-packages/airflow/example_dags/example_branch_operator_decorator.py
[2024-11-20T00:27:55.084+0000] {processor.py:208} INFO - Processing /home/ubuntu/airflow_venv/lib/python3.12/site-packages/airflow/example_dags/example_branch_operator_decorator.py took 0.023 seconds
[2024-11-20T00:28:52.975+0000] {processor.py:186} INFO - Started process (PID=2959) to work on /home/ubuntu/airflow_venv/lib/python3.12/site-packages/airflow/example_dags/example_branch_operator_decorator.py
[2024-11-20T00:28:52.977+0000] {processor.py:914} INFO - Processing file /home/ubuntu/airflow_venv/lib/python3.12/site-packages/airflow/example_dags/example_branch_operator_decorator.py for tasks to queue
[2024-11-20T00:28:52.979+0000] {logging_mixin.py:190} INFO - [2024-11-20T00:28:52.978+0000] {dagbag.py:588} INFO - Filling up the DagBag from /home/ubuntu/airflow_venv/lib/python3.12/site-packages/airflow/example_dags/example_branch_operator_decorator.py
[2024-11-20T00:28:52.981+0000] {processor.py:927} WARNING - No viable dags retrieved from /home/ubuntu/airflow_venv/lib/python3.12/site-packages/airflow/example_dags/example_branch_operator_decorator.py
[2024-11-20T00:28:52.991+0000] {processor.py:208} INFO - Processing /home/ubuntu/airflow_venv/lib/python3.12/site-packages/airflow/example_dags/example_branch_operator_decorator.py took 0.022 seconds
[2024-11-20T00:29:57.446+0000] {processor.py:186} INFO - Started process (PID=3037) to work on /home/ubuntu/airflow_venv/lib/python3.12/site-packages/airflow/example_dags/example_branch_operator_decorator.py
[2024-11-20T00:29:57.447+0000] {processor.py:914} INFO - Processing file /home/ubuntu/airflow_venv/lib/python3.12/site-packages/airflow/example_dags/example_branch_operator_decorator.py for tasks to queue
[2024-11-20T00:29:57.449+0000] {logging_mixin.py:190} INFO - [2024-11-20T00:29:57.448+0000] {dagbag.py:588} INFO - Filling up the DagBag from /home/ubuntu/airflow_venv/lib/python3.12/site-packages/airflow/example_dags/example_branch_operator_decorator.py
[2024-11-20T00:29:57.451+0000] {processor.py:927} WARNING - No viable dags retrieved from /home/ubuntu/airflow_venv/lib/python3.12/site-packages/airflow/example_dags/example_branch_operator_decorator.py
[2024-11-20T00:29:57.462+0000] {processor.py:208} INFO - Processing /home/ubuntu/airflow_venv/lib/python3.12/site-packages/airflow/example_dags/example_branch_operator_decorator.py took 0.021 seconds
[2024-11-20T00:30:54.765+0000] {processor.py:186} INFO - Started process (PID=3126) to work on /home/ubuntu/airflow_venv/lib/python3.12/site-packages/airflow/example_dags/example_branch_operator_decorator.py
[2024-11-20T00:30:54.767+0000] {processor.py:914} INFO - Processing file /home/ubuntu/airflow_venv/lib/python3.12/site-packages/airflow/example_dags/example_branch_operator_decorator.py for tasks to queue
[2024-11-20T00:30:54.768+0000] {logging_mixin.py:190} INFO - [2024-11-20T00:30:54.768+0000] {dagbag.py:588} INFO - Filling up the DagBag from /home/ubuntu/airflow_venv/lib/python3.12/site-packages/airflow/example_dags/example_branch_operator_decorator.py
[2024-11-20T00:30:54.772+0000] {processor.py:927} WARNING - No viable dags retrieved from /home/ubuntu/airflow_venv/lib/python3.12/site-packages/airflow/example_dags/example_branch_operator_decorator.py
[2024-11-20T00:30:54.782+0000] {processor.py:208} INFO - Processing /home/ubuntu/airflow_venv/lib/python3.12/site-packages/airflow/example_dags/example_branch_operator_decorator.py took 0.022 seconds
[2024-11-20T00:31:50.186+0000] {processor.py:186} INFO - Started process (PID=3295) to work on /home/ubuntu/airflow_venv/lib/python3.12/site-packages/airflow/example_dags/example_branch_operator_decorator.py
[2024-11-20T00:31:50.188+0000] {processor.py:914} INFO - Processing file /home/ubuntu/airflow_venv/lib/python3.12/site-packages/airflow/example_dags/example_branch_operator_decorator.py for tasks to queue
[2024-11-20T00:31:50.189+0000] {logging_mixin.py:190} INFO - [2024-11-20T00:31:50.189+0000] {dagbag.py:588} INFO - Filling up the DagBag from /home/ubuntu/airflow_venv/lib/python3.12/site-packages/airflow/example_dags/example_branch_operator_decorator.py
[2024-11-20T00:31:50.192+0000] {processor.py:927} WARNING - No viable dags retrieved from /home/ubuntu/airflow_venv/lib/python3.12/site-packages/airflow/example_dags/example_branch_operator_decorator.py
[2024-11-20T00:31:50.202+0000] {processor.py:208} INFO - Processing /home/ubuntu/airflow_venv/lib/python3.12/site-packages/airflow/example_dags/example_branch_operator_decorator.py took 0.022 seconds
[2024-11-20T00:33:07.558+0000] {processor.py:186} INFO - Started process (PID=3821) to work on /home/ubuntu/airflow_venv/lib/python3.12/site-packages/airflow/example_dags/example_branch_operator_decorator.py
[2024-11-20T00:33:07.560+0000] {processor.py:914} INFO - Processing file /home/ubuntu/airflow_venv/lib/python3.12/site-packages/airflow/example_dags/example_branch_operator_decorator.py for tasks to queue
[2024-11-20T00:33:07.561+0000] {logging_mixin.py:190} INFO - [2024-11-20T00:33:07.560+0000] {dagbag.py:588} INFO - Filling up the DagBag from /home/ubuntu/airflow_venv/lib/python3.12/site-packages/airflow/example_dags/example_branch_operator_decorator.py
[2024-11-20T00:33:07.565+0000] {processor.py:927} WARNING - No viable dags retrieved from /home/ubuntu/airflow_venv/lib/python3.12/site-packages/airflow/example_dags/example_branch_operator_decorator.py
[2024-11-20T00:33:07.575+0000] {processor.py:208} INFO - Processing /home/ubuntu/airflow_venv/lib/python3.12/site-packages/airflow/example_dags/example_branch_operator_decorator.py took 0.022 seconds
[2024-11-20T00:34:12.376+0000] {processor.py:186} INFO - Started process (PID=4021) to work on /home/ubuntu/airflow_venv/lib/python3.12/site-packages/airflow/example_dags/example_branch_operator_decorator.py
[2024-11-20T00:34:12.378+0000] {processor.py:914} INFO - Processing file /home/ubuntu/airflow_venv/lib/python3.12/site-packages/airflow/example_dags/example_branch_operator_decorator.py for tasks to queue
[2024-11-20T00:34:12.379+0000] {logging_mixin.py:190} INFO - [2024-11-20T00:34:12.379+0000] {dagbag.py:588} INFO - Filling up the DagBag from /home/ubuntu/airflow_venv/lib/python3.12/site-packages/airflow/example_dags/example_branch_operator_decorator.py
[2024-11-20T00:34:12.382+0000] {processor.py:927} WARNING - No viable dags retrieved from /home/ubuntu/airflow_venv/lib/python3.12/site-packages/airflow/example_dags/example_branch_operator_decorator.py
[2024-11-20T00:34:12.394+0000] {processor.py:208} INFO - Processing /home/ubuntu/airflow_venv/lib/python3.12/site-packages/airflow/example_dags/example_branch_operator_decorator.py took 0.026 seconds
[2024-11-20T00:35:11.897+0000] {processor.py:186} INFO - Started process (PID=4107) to work on /home/ubuntu/airflow_venv/lib/python3.12/site-packages/airflow/example_dags/example_branch_operator_decorator.py
[2024-11-20T00:35:11.899+0000] {processor.py:914} INFO - Processing file /home/ubuntu/airflow_venv/lib/python3.12/site-packages/airflow/example_dags/example_branch_operator_decorator.py for tasks to queue
[2024-11-20T00:35:11.900+0000] {logging_mixin.py:190} INFO - [2024-11-20T00:35:11.900+0000] {dagbag.py:588} INFO - Filling up the DagBag from /home/ubuntu/airflow_venv/lib/python3.12/site-packages/airflow/example_dags/example_branch_operator_decorator.py
[2024-11-20T00:35:11.903+0000] {processor.py:927} WARNING - No viable dags retrieved from /home/ubuntu/airflow_venv/lib/python3.12/site-packages/airflow/example_dags/example_branch_operator_decorator.py
[2024-11-20T00:35:11.914+0000] {processor.py:208} INFO - Processing /home/ubuntu/airflow_venv/lib/python3.12/site-packages/airflow/example_dags/example_branch_operator_decorator.py took 0.024 seconds
[2024-11-20T00:36:06.687+0000] {processor.py:186} INFO - Started process (PID=4165) to work on /home/ubuntu/airflow_venv/lib/python3.12/site-packages/airflow/example_dags/example_branch_operator_decorator.py
[2024-11-20T00:36:06.689+0000] {processor.py:914} INFO - Processing file /home/ubuntu/airflow_venv/lib/python3.12/site-packages/airflow/example_dags/example_branch_operator_decorator.py for tasks to queue
[2024-11-20T00:36:06.691+0000] {logging_mixin.py:190} INFO - [2024-11-20T00:36:06.690+0000] {dagbag.py:588} INFO - Filling up the DagBag from /home/ubuntu/airflow_venv/lib/python3.12/site-packages/airflow/example_dags/example_branch_operator_decorator.py
[2024-11-20T00:36:06.694+0000] {processor.py:927} WARNING - No viable dags retrieved from /home/ubuntu/airflow_venv/lib/python3.12/site-packages/airflow/example_dags/example_branch_operator_decorator.py
[2024-11-20T00:36:06.711+0000] {processor.py:208} INFO - Processing /home/ubuntu/airflow_venv/lib/python3.12/site-packages/airflow/example_dags/example_branch_operator_decorator.py took 0.031 seconds
[2024-11-20T00:37:26.998+0000] {processor.py:186} INFO - Started process (PID=4248) to work on /home/ubuntu/airflow_venv/lib/python3.12/site-packages/airflow/example_dags/example_branch_operator_decorator.py
[2024-11-20T00:37:26.999+0000] {processor.py:914} INFO - Processing file /home/ubuntu/airflow_venv/lib/python3.12/site-packages/airflow/example_dags/example_branch_operator_decorator.py for tasks to queue
[2024-11-20T00:37:27.001+0000] {logging_mixin.py:190} INFO - [2024-11-20T00:37:27.000+0000] {dagbag.py:588} INFO - Filling up the DagBag from /home/ubuntu/airflow_venv/lib/python3.12/site-packages/airflow/example_dags/example_branch_operator_decorator.py
[2024-11-20T00:37:27.004+0000] {processor.py:927} WARNING - No viable dags retrieved from /home/ubuntu/airflow_venv/lib/python3.12/site-packages/airflow/example_dags/example_branch_operator_decorator.py
[2024-11-20T00:37:27.015+0000] {processor.py:208} INFO - Processing /home/ubuntu/airflow_venv/lib/python3.12/site-packages/airflow/example_dags/example_branch_operator_decorator.py took 0.024 seconds
[2024-11-20T00:38:23.254+0000] {processor.py:186} INFO - Started process (PID=4333) to work on /home/ubuntu/airflow_venv/lib/python3.12/site-packages/airflow/example_dags/example_branch_operator_decorator.py
[2024-11-20T00:38:23.256+0000] {processor.py:914} INFO - Processing file /home/ubuntu/airflow_venv/lib/python3.12/site-packages/airflow/example_dags/example_branch_operator_decorator.py for tasks to queue
[2024-11-20T00:38:23.258+0000] {logging_mixin.py:190} INFO - [2024-11-20T00:38:23.257+0000] {dagbag.py:588} INFO - Filling up the DagBag from /home/ubuntu/airflow_venv/lib/python3.12/site-packages/airflow/example_dags/example_branch_operator_decorator.py
[2024-11-20T00:38:23.260+0000] {processor.py:927} WARNING - No viable dags retrieved from /home/ubuntu/airflow_venv/lib/python3.12/site-packages/airflow/example_dags/example_branch_operator_decorator.py
[2024-11-20T00:38:23.271+0000] {processor.py:208} INFO - Processing /home/ubuntu/airflow_venv/lib/python3.12/site-packages/airflow/example_dags/example_branch_operator_decorator.py took 0.024 seconds
[2024-11-20T00:39:19.465+0000] {processor.py:186} INFO - Started process (PID=4391) to work on /home/ubuntu/airflow_venv/lib/python3.12/site-packages/airflow/example_dags/example_branch_operator_decorator.py
[2024-11-20T00:39:19.467+0000] {processor.py:914} INFO - Processing file /home/ubuntu/airflow_venv/lib/python3.12/site-packages/airflow/example_dags/example_branch_operator_decorator.py for tasks to queue
[2024-11-20T00:39:19.468+0000] {logging_mixin.py:190} INFO - [2024-11-20T00:39:19.468+0000] {dagbag.py:588} INFO - Filling up the DagBag from /home/ubuntu/airflow_venv/lib/python3.12/site-packages/airflow/example_dags/example_branch_operator_decorator.py
[2024-11-20T00:39:19.471+0000] {processor.py:927} WARNING - No viable dags retrieved from /home/ubuntu/airflow_venv/lib/python3.12/site-packages/airflow/example_dags/example_branch_operator_decorator.py
[2024-11-20T00:39:19.481+0000] {processor.py:208} INFO - Processing /home/ubuntu/airflow_venv/lib/python3.12/site-packages/airflow/example_dags/example_branch_operator_decorator.py took 0.024 seconds
[2024-11-20T00:40:22.266+0000] {processor.py:186} INFO - Started process (PID=4487) to work on /home/ubuntu/airflow_venv/lib/python3.12/site-packages/airflow/example_dags/example_branch_operator_decorator.py
[2024-11-20T00:40:22.267+0000] {processor.py:914} INFO - Processing file /home/ubuntu/airflow_venv/lib/python3.12/site-packages/airflow/example_dags/example_branch_operator_decorator.py for tasks to queue
[2024-11-20T00:40:22.269+0000] {logging_mixin.py:190} INFO - [2024-11-20T00:40:22.269+0000] {dagbag.py:588} INFO - Filling up the DagBag from /home/ubuntu/airflow_venv/lib/python3.12/site-packages/airflow/example_dags/example_branch_operator_decorator.py
[2024-11-20T00:40:22.272+0000] {processor.py:927} WARNING - No viable dags retrieved from /home/ubuntu/airflow_venv/lib/python3.12/site-packages/airflow/example_dags/example_branch_operator_decorator.py
[2024-11-20T00:40:22.283+0000] {processor.py:208} INFO - Processing /home/ubuntu/airflow_venv/lib/python3.12/site-packages/airflow/example_dags/example_branch_operator_decorator.py took 0.024 seconds
[2024-11-20T00:41:17.961+0000] {processor.py:186} INFO - Started process (PID=4548) to work on /home/ubuntu/airflow_venv/lib/python3.12/site-packages/airflow/example_dags/example_branch_operator_decorator.py
[2024-11-20T00:41:17.963+0000] {processor.py:914} INFO - Processing file /home/ubuntu/airflow_venv/lib/python3.12/site-packages/airflow/example_dags/example_branch_operator_decorator.py for tasks to queue
[2024-11-20T00:41:17.964+0000] {logging_mixin.py:190} INFO - [2024-11-20T00:41:17.963+0000] {dagbag.py:588} INFO - Filling up the DagBag from /home/ubuntu/airflow_venv/lib/python3.12/site-packages/airflow/example_dags/example_branch_operator_decorator.py
[2024-11-20T00:41:17.967+0000] {processor.py:927} WARNING - No viable dags retrieved from /home/ubuntu/airflow_venv/lib/python3.12/site-packages/airflow/example_dags/example_branch_operator_decorator.py
[2024-11-20T00:41:17.979+0000] {processor.py:208} INFO - Processing /home/ubuntu/airflow_venv/lib/python3.12/site-packages/airflow/example_dags/example_branch_operator_decorator.py took 0.025 seconds
[2024-11-20T00:42:36.553+0000] {processor.py:186} INFO - Started process (PID=4628) to work on /home/ubuntu/airflow_venv/lib/python3.12/site-packages/airflow/example_dags/example_branch_operator_decorator.py
[2024-11-20T00:42:36.554+0000] {processor.py:914} INFO - Processing file /home/ubuntu/airflow_venv/lib/python3.12/site-packages/airflow/example_dags/example_branch_operator_decorator.py for tasks to queue
[2024-11-20T00:42:36.556+0000] {logging_mixin.py:190} INFO - [2024-11-20T00:42:36.556+0000] {dagbag.py:588} INFO - Filling up the DagBag from /home/ubuntu/airflow_venv/lib/python3.12/site-packages/airflow/example_dags/example_branch_operator_decorator.py
[2024-11-20T00:42:36.560+0000] {processor.py:927} WARNING - No viable dags retrieved from /home/ubuntu/airflow_venv/lib/python3.12/site-packages/airflow/example_dags/example_branch_operator_decorator.py
[2024-11-20T00:42:36.570+0000] {processor.py:208} INFO - Processing /home/ubuntu/airflow_venv/lib/python3.12/site-packages/airflow/example_dags/example_branch_operator_decorator.py took 0.024 seconds
[2024-11-20T00:43:34.269+0000] {processor.py:186} INFO - Started process (PID=4688) to work on /home/ubuntu/airflow_venv/lib/python3.12/site-packages/airflow/example_dags/example_branch_operator_decorator.py
[2024-11-20T00:43:34.270+0000] {processor.py:914} INFO - Processing file /home/ubuntu/airflow_venv/lib/python3.12/site-packages/airflow/example_dags/example_branch_operator_decorator.py for tasks to queue
[2024-11-20T00:43:34.271+0000] {logging_mixin.py:190} INFO - [2024-11-20T00:43:34.271+0000] {dagbag.py:588} INFO - Filling up the DagBag from /home/ubuntu/airflow_venv/lib/python3.12/site-packages/airflow/example_dags/example_branch_operator_decorator.py
[2024-11-20T00:43:34.274+0000] {processor.py:927} WARNING - No viable dags retrieved from /home/ubuntu/airflow_venv/lib/python3.12/site-packages/airflow/example_dags/example_branch_operator_decorator.py
[2024-11-20T00:43:34.285+0000] {processor.py:208} INFO - Processing /home/ubuntu/airflow_venv/lib/python3.12/site-packages/airflow/example_dags/example_branch_operator_decorator.py took 0.022 seconds
[2024-11-20T00:44:28.847+0000] {processor.py:186} INFO - Started process (PID=4745) to work on /home/ubuntu/airflow_venv/lib/python3.12/site-packages/airflow/example_dags/example_branch_operator_decorator.py
[2024-11-20T00:44:28.849+0000] {processor.py:914} INFO - Processing file /home/ubuntu/airflow_venv/lib/python3.12/site-packages/airflow/example_dags/example_branch_operator_decorator.py for tasks to queue
[2024-11-20T00:44:28.850+0000] {logging_mixin.py:190} INFO - [2024-11-20T00:44:28.850+0000] {dagbag.py:588} INFO - Filling up the DagBag from /home/ubuntu/airflow_venv/lib/python3.12/site-packages/airflow/example_dags/example_branch_operator_decorator.py
[2024-11-20T00:44:28.853+0000] {processor.py:927} WARNING - No viable dags retrieved from /home/ubuntu/airflow_venv/lib/python3.12/site-packages/airflow/example_dags/example_branch_operator_decorator.py
[2024-11-20T00:44:28.864+0000] {processor.py:208} INFO - Processing /home/ubuntu/airflow_venv/lib/python3.12/site-packages/airflow/example_dags/example_branch_operator_decorator.py took 0.023 seconds
[2024-11-20T00:45:22.402+0000] {processor.py:186} INFO - Started process (PID=4803) to work on /home/ubuntu/airflow_venv/lib/python3.12/site-packages/airflow/example_dags/example_branch_operator_decorator.py
[2024-11-20T00:45:22.403+0000] {processor.py:914} INFO - Processing file /home/ubuntu/airflow_venv/lib/python3.12/site-packages/airflow/example_dags/example_branch_operator_decorator.py for tasks to queue
[2024-11-20T00:45:22.404+0000] {logging_mixin.py:190} INFO - [2024-11-20T00:45:22.404+0000] {dagbag.py:588} INFO - Filling up the DagBag from /home/ubuntu/airflow_venv/lib/python3.12/site-packages/airflow/example_dags/example_branch_operator_decorator.py
[2024-11-20T00:45:22.408+0000] {processor.py:927} WARNING - No viable dags retrieved from /home/ubuntu/airflow_venv/lib/python3.12/site-packages/airflow/example_dags/example_branch_operator_decorator.py
[2024-11-20T00:45:22.418+0000] {processor.py:208} INFO - Processing /home/ubuntu/airflow_venv/lib/python3.12/site-packages/airflow/example_dags/example_branch_operator_decorator.py took 0.023 seconds
[2024-11-20T00:46:16.456+0000] {processor.py:186} INFO - Started process (PID=4860) to work on /home/ubuntu/airflow_venv/lib/python3.12/site-packages/airflow/example_dags/example_branch_operator_decorator.py
[2024-11-20T00:46:16.458+0000] {processor.py:914} INFO - Processing file /home/ubuntu/airflow_venv/lib/python3.12/site-packages/airflow/example_dags/example_branch_operator_decorator.py for tasks to queue
[2024-11-20T00:46:16.460+0000] {logging_mixin.py:190} INFO - [2024-11-20T00:46:16.460+0000] {dagbag.py:588} INFO - Filling up the DagBag from /home/ubuntu/airflow_venv/lib/python3.12/site-packages/airflow/example_dags/example_branch_operator_decorator.py
[2024-11-20T00:46:16.463+0000] {processor.py:927} WARNING - No viable dags retrieved from /home/ubuntu/airflow_venv/lib/python3.12/site-packages/airflow/example_dags/example_branch_operator_decorator.py
[2024-11-20T00:46:16.473+0000] {processor.py:208} INFO - Processing /home/ubuntu/airflow_venv/lib/python3.12/site-packages/airflow/example_dags/example_branch_operator_decorator.py took 0.023 seconds
[2024-11-20T00:47:10.678+0000] {processor.py:186} INFO - Started process (PID=4915) to work on /home/ubuntu/airflow_venv/lib/python3.12/site-packages/airflow/example_dags/example_branch_operator_decorator.py
[2024-11-20T00:47:10.680+0000] {processor.py:914} INFO - Processing file /home/ubuntu/airflow_venv/lib/python3.12/site-packages/airflow/example_dags/example_branch_operator_decorator.py for tasks to queue
[2024-11-20T00:47:10.682+0000] {logging_mixin.py:190} INFO - [2024-11-20T00:47:10.681+0000] {dagbag.py:588} INFO - Filling up the DagBag from /home/ubuntu/airflow_venv/lib/python3.12/site-packages/airflow/example_dags/example_branch_operator_decorator.py
[2024-11-20T00:47:10.685+0000] {processor.py:927} WARNING - No viable dags retrieved from /home/ubuntu/airflow_venv/lib/python3.12/site-packages/airflow/example_dags/example_branch_operator_decorator.py
[2024-11-20T00:47:10.696+0000] {processor.py:208} INFO - Processing /home/ubuntu/airflow_venv/lib/python3.12/site-packages/airflow/example_dags/example_branch_operator_decorator.py took 0.025 seconds
[2024-11-20T00:48:29.178+0000] {processor.py:186} INFO - Started process (PID=4996) to work on /home/ubuntu/airflow_venv/lib/python3.12/site-packages/airflow/example_dags/example_branch_operator_decorator.py
[2024-11-20T00:48:29.180+0000] {processor.py:914} INFO - Processing file /home/ubuntu/airflow_venv/lib/python3.12/site-packages/airflow/example_dags/example_branch_operator_decorator.py for tasks to queue
[2024-11-20T00:48:29.181+0000] {logging_mixin.py:190} INFO - [2024-11-20T00:48:29.181+0000] {dagbag.py:588} INFO - Filling up the DagBag from /home/ubuntu/airflow_venv/lib/python3.12/site-packages/airflow/example_dags/example_branch_operator_decorator.py
[2024-11-20T00:48:29.184+0000] {processor.py:927} WARNING - No viable dags retrieved from /home/ubuntu/airflow_venv/lib/python3.12/site-packages/airflow/example_dags/example_branch_operator_decorator.py
[2024-11-20T00:48:29.195+0000] {processor.py:208} INFO - Processing /home/ubuntu/airflow_venv/lib/python3.12/site-packages/airflow/example_dags/example_branch_operator_decorator.py took 0.023 seconds
[2024-11-20T00:49:23.246+0000] {processor.py:186} INFO - Started process (PID=5053) to work on /home/ubuntu/airflow_venv/lib/python3.12/site-packages/airflow/example_dags/example_branch_operator_decorator.py
[2024-11-20T00:49:23.247+0000] {processor.py:914} INFO - Processing file /home/ubuntu/airflow_venv/lib/python3.12/site-packages/airflow/example_dags/example_branch_operator_decorator.py for tasks to queue
[2024-11-20T00:49:23.250+0000] {logging_mixin.py:190} INFO - [2024-11-20T00:49:23.248+0000] {dagbag.py:588} INFO - Filling up the DagBag from /home/ubuntu/airflow_venv/lib/python3.12/site-packages/airflow/example_dags/example_branch_operator_decorator.py
[2024-11-20T00:49:23.253+0000] {processor.py:927} WARNING - No viable dags retrieved from /home/ubuntu/airflow_venv/lib/python3.12/site-packages/airflow/example_dags/example_branch_operator_decorator.py
[2024-11-20T00:49:23.263+0000] {processor.py:208} INFO - Processing /home/ubuntu/airflow_venv/lib/python3.12/site-packages/airflow/example_dags/example_branch_operator_decorator.py took 0.024 seconds
[2024-11-20T00:50:15.719+0000] {processor.py:186} INFO - Started process (PID=5109) to work on /home/ubuntu/airflow_venv/lib/python3.12/site-packages/airflow/example_dags/example_branch_operator_decorator.py
[2024-11-20T00:50:15.722+0000] {processor.py:914} INFO - Processing file /home/ubuntu/airflow_venv/lib/python3.12/site-packages/airflow/example_dags/example_branch_operator_decorator.py for tasks to queue
[2024-11-20T00:50:15.722+0000] {logging_mixin.py:190} INFO - [2024-11-20T00:50:15.722+0000] {dagbag.py:588} INFO - Filling up the DagBag from /home/ubuntu/airflow_venv/lib/python3.12/site-packages/airflow/example_dags/example_branch_operator_decorator.py
[2024-11-20T00:50:15.726+0000] {processor.py:927} WARNING - No viable dags retrieved from /home/ubuntu/airflow_venv/lib/python3.12/site-packages/airflow/example_dags/example_branch_operator_decorator.py
[2024-11-20T00:50:15.737+0000] {processor.py:208} INFO - Processing /home/ubuntu/airflow_venv/lib/python3.12/site-packages/airflow/example_dags/example_branch_operator_decorator.py took 0.024 seconds
[2024-11-20T00:51:12.380+0000] {processor.py:186} INFO - Started process (PID=5168) to work on /home/ubuntu/airflow_venv/lib/python3.12/site-packages/airflow/example_dags/example_branch_operator_decorator.py
[2024-11-20T00:51:12.381+0000] {processor.py:914} INFO - Processing file /home/ubuntu/airflow_venv/lib/python3.12/site-packages/airflow/example_dags/example_branch_operator_decorator.py for tasks to queue
[2024-11-20T00:51:12.383+0000] {logging_mixin.py:190} INFO - [2024-11-20T00:51:12.383+0000] {dagbag.py:588} INFO - Filling up the DagBag from /home/ubuntu/airflow_venv/lib/python3.12/site-packages/airflow/example_dags/example_branch_operator_decorator.py
[2024-11-20T00:51:12.386+0000] {processor.py:927} WARNING - No viable dags retrieved from /home/ubuntu/airflow_venv/lib/python3.12/site-packages/airflow/example_dags/example_branch_operator_decorator.py
[2024-11-20T00:51:12.396+0000] {processor.py:208} INFO - Processing /home/ubuntu/airflow_venv/lib/python3.12/site-packages/airflow/example_dags/example_branch_operator_decorator.py took 0.022 seconds
[2024-11-20T00:52:09.472+0000] {processor.py:186} INFO - Started process (PID=5228) to work on /home/ubuntu/airflow_venv/lib/python3.12/site-packages/airflow/example_dags/example_branch_operator_decorator.py
[2024-11-20T00:52:09.473+0000] {processor.py:914} INFO - Processing file /home/ubuntu/airflow_venv/lib/python3.12/site-packages/airflow/example_dags/example_branch_operator_decorator.py for tasks to queue
[2024-11-20T00:52:09.475+0000] {logging_mixin.py:190} INFO - [2024-11-20T00:52:09.474+0000] {dagbag.py:588} INFO - Filling up the DagBag from /home/ubuntu/airflow_venv/lib/python3.12/site-packages/airflow/example_dags/example_branch_operator_decorator.py
[2024-11-20T00:52:09.478+0000] {processor.py:927} WARNING - No viable dags retrieved from /home/ubuntu/airflow_venv/lib/python3.12/site-packages/airflow/example_dags/example_branch_operator_decorator.py
[2024-11-20T00:52:09.490+0000] {processor.py:208} INFO - Processing /home/ubuntu/airflow_venv/lib/python3.12/site-packages/airflow/example_dags/example_branch_operator_decorator.py took 0.025 seconds
[2024-11-20T00:53:05.145+0000] {processor.py:186} INFO - Started process (PID=5283) to work on /home/ubuntu/airflow_venv/lib/python3.12/site-packages/airflow/example_dags/example_branch_operator_decorator.py
[2024-11-20T00:53:05.147+0000] {processor.py:914} INFO - Processing file /home/ubuntu/airflow_venv/lib/python3.12/site-packages/airflow/example_dags/example_branch_operator_decorator.py for tasks to queue
[2024-11-20T00:53:05.149+0000] {logging_mixin.py:190} INFO - [2024-11-20T00:53:05.148+0000] {dagbag.py:588} INFO - Filling up the DagBag from /home/ubuntu/airflow_venv/lib/python3.12/site-packages/airflow/example_dags/example_branch_operator_decorator.py
[2024-11-20T00:53:05.152+0000] {processor.py:927} WARNING - No viable dags retrieved from /home/ubuntu/airflow_venv/lib/python3.12/site-packages/airflow/example_dags/example_branch_operator_decorator.py
[2024-11-20T00:53:05.162+0000] {processor.py:208} INFO - Processing /home/ubuntu/airflow_venv/lib/python3.12/site-packages/airflow/example_dags/example_branch_operator_decorator.py took 0.024 seconds
[2024-11-20T00:54:00.858+0000] {processor.py:186} INFO - Started process (PID=5354) to work on /home/ubuntu/airflow_venv/lib/python3.12/site-packages/airflow/example_dags/example_branch_operator_decorator.py
[2024-11-20T00:54:00.859+0000] {processor.py:914} INFO - Processing file /home/ubuntu/airflow_venv/lib/python3.12/site-packages/airflow/example_dags/example_branch_operator_decorator.py for tasks to queue
[2024-11-20T00:54:00.861+0000] {logging_mixin.py:190} INFO - [2024-11-20T00:54:00.861+0000] {dagbag.py:588} INFO - Filling up the DagBag from /home/ubuntu/airflow_venv/lib/python3.12/site-packages/airflow/example_dags/example_branch_operator_decorator.py
[2024-11-20T00:54:00.864+0000] {processor.py:927} WARNING - No viable dags retrieved from /home/ubuntu/airflow_venv/lib/python3.12/site-packages/airflow/example_dags/example_branch_operator_decorator.py
[2024-11-20T00:54:00.874+0000] {processor.py:208} INFO - Processing /home/ubuntu/airflow_venv/lib/python3.12/site-packages/airflow/example_dags/example_branch_operator_decorator.py took 0.023 seconds
[2024-11-20T00:55:18.747+0000] {processor.py:186} INFO - Started process (PID=5438) to work on /home/ubuntu/airflow_venv/lib/python3.12/site-packages/airflow/example_dags/example_branch_operator_decorator.py
[2024-11-20T00:55:18.749+0000] {processor.py:914} INFO - Processing file /home/ubuntu/airflow_venv/lib/python3.12/site-packages/airflow/example_dags/example_branch_operator_decorator.py for tasks to queue
[2024-11-20T00:55:18.750+0000] {logging_mixin.py:190} INFO - [2024-11-20T00:55:18.750+0000] {dagbag.py:588} INFO - Filling up the DagBag from /home/ubuntu/airflow_venv/lib/python3.12/site-packages/airflow/example_dags/example_branch_operator_decorator.py
[2024-11-20T00:55:18.753+0000] {processor.py:927} WARNING - No viable dags retrieved from /home/ubuntu/airflow_venv/lib/python3.12/site-packages/airflow/example_dags/example_branch_operator_decorator.py
[2024-11-20T00:55:18.763+0000] {processor.py:208} INFO - Processing /home/ubuntu/airflow_venv/lib/python3.12/site-packages/airflow/example_dags/example_branch_operator_decorator.py took 0.023 seconds
[2024-11-20T00:56:11.254+0000] {processor.py:186} INFO - Started process (PID=5494) to work on /home/ubuntu/airflow_venv/lib/python3.12/site-packages/airflow/example_dags/example_branch_operator_decorator.py
[2024-11-20T00:56:11.256+0000] {processor.py:914} INFO - Processing file /home/ubuntu/airflow_venv/lib/python3.12/site-packages/airflow/example_dags/example_branch_operator_decorator.py for tasks to queue
[2024-11-20T00:56:11.258+0000] {logging_mixin.py:190} INFO - [2024-11-20T00:56:11.258+0000] {dagbag.py:588} INFO - Filling up the DagBag from /home/ubuntu/airflow_venv/lib/python3.12/site-packages/airflow/example_dags/example_branch_operator_decorator.py
[2024-11-20T00:56:11.261+0000] {processor.py:927} WARNING - No viable dags retrieved from /home/ubuntu/airflow_venv/lib/python3.12/site-packages/airflow/example_dags/example_branch_operator_decorator.py
[2024-11-20T00:56:11.271+0000] {processor.py:208} INFO - Processing /home/ubuntu/airflow_venv/lib/python3.12/site-packages/airflow/example_dags/example_branch_operator_decorator.py took 0.024 seconds
[2024-11-20T00:57:06.284+0000] {processor.py:186} INFO - Started process (PID=5551) to work on /home/ubuntu/airflow_venv/lib/python3.12/site-packages/airflow/example_dags/example_branch_operator_decorator.py
[2024-11-20T00:57:06.286+0000] {processor.py:914} INFO - Processing file /home/ubuntu/airflow_venv/lib/python3.12/site-packages/airflow/example_dags/example_branch_operator_decorator.py for tasks to queue
[2024-11-20T00:57:06.287+0000] {logging_mixin.py:190} INFO - [2024-11-20T00:57:06.287+0000] {dagbag.py:588} INFO - Filling up the DagBag from /home/ubuntu/airflow_venv/lib/python3.12/site-packages/airflow/example_dags/example_branch_operator_decorator.py
[2024-11-20T00:57:06.291+0000] {processor.py:927} WARNING - No viable dags retrieved from /home/ubuntu/airflow_venv/lib/python3.12/site-packages/airflow/example_dags/example_branch_operator_decorator.py
[2024-11-20T00:57:06.301+0000] {processor.py:208} INFO - Processing /home/ubuntu/airflow_venv/lib/python3.12/site-packages/airflow/example_dags/example_branch_operator_decorator.py took 0.024 seconds
[2024-11-20T00:57:58.717+0000] {processor.py:186} INFO - Started process (PID=5606) to work on /home/ubuntu/airflow_venv/lib/python3.12/site-packages/airflow/example_dags/example_branch_operator_decorator.py
[2024-11-20T00:57:58.718+0000] {processor.py:914} INFO - Processing file /home/ubuntu/airflow_venv/lib/python3.12/site-packages/airflow/example_dags/example_branch_operator_decorator.py for tasks to queue
[2024-11-20T00:57:58.719+0000] {logging_mixin.py:190} INFO - [2024-11-20T00:57:58.719+0000] {dagbag.py:588} INFO - Filling up the DagBag from /home/ubuntu/airflow_venv/lib/python3.12/site-packages/airflow/example_dags/example_branch_operator_decorator.py
[2024-11-20T00:57:58.723+0000] {processor.py:927} WARNING - No viable dags retrieved from /home/ubuntu/airflow_venv/lib/python3.12/site-packages/airflow/example_dags/example_branch_operator_decorator.py
[2024-11-20T00:57:58.733+0000] {processor.py:208} INFO - Processing /home/ubuntu/airflow_venv/lib/python3.12/site-packages/airflow/example_dags/example_branch_operator_decorator.py took 0.023 seconds
[2024-11-20T00:58:52.046+0000] {processor.py:186} INFO - Started process (PID=5663) to work on /home/ubuntu/airflow_venv/lib/python3.12/site-packages/airflow/example_dags/example_branch_operator_decorator.py
[2024-11-20T00:58:52.048+0000] {processor.py:914} INFO - Processing file /home/ubuntu/airflow_venv/lib/python3.12/site-packages/airflow/example_dags/example_branch_operator_decorator.py for tasks to queue
[2024-11-20T00:58:52.049+0000] {logging_mixin.py:190} INFO - [2024-11-20T00:58:52.048+0000] {dagbag.py:588} INFO - Filling up the DagBag from /home/ubuntu/airflow_venv/lib/python3.12/site-packages/airflow/example_dags/example_branch_operator_decorator.py
[2024-11-20T00:58:52.052+0000] {processor.py:927} WARNING - No viable dags retrieved from /home/ubuntu/airflow_venv/lib/python3.12/site-packages/airflow/example_dags/example_branch_operator_decorator.py
[2024-11-20T00:58:52.062+0000] {processor.py:208} INFO - Processing /home/ubuntu/airflow_venv/lib/python3.12/site-packages/airflow/example_dags/example_branch_operator_decorator.py took 0.023 seconds
[2024-11-20T01:00:12.966+0000] {processor.py:186} INFO - Started process (PID=5753) to work on /home/ubuntu/airflow_venv/lib/python3.12/site-packages/airflow/example_dags/example_branch_operator_decorator.py
[2024-11-20T01:00:12.967+0000] {processor.py:914} INFO - Processing file /home/ubuntu/airflow_venv/lib/python3.12/site-packages/airflow/example_dags/example_branch_operator_decorator.py for tasks to queue
[2024-11-20T01:00:12.969+0000] {logging_mixin.py:190} INFO - [2024-11-20T01:00:12.969+0000] {dagbag.py:588} INFO - Filling up the DagBag from /home/ubuntu/airflow_venv/lib/python3.12/site-packages/airflow/example_dags/example_branch_operator_decorator.py
[2024-11-20T01:00:12.972+0000] {processor.py:927} WARNING - No viable dags retrieved from /home/ubuntu/airflow_venv/lib/python3.12/site-packages/airflow/example_dags/example_branch_operator_decorator.py
[2024-11-20T01:00:12.983+0000] {processor.py:208} INFO - Processing /home/ubuntu/airflow_venv/lib/python3.12/site-packages/airflow/example_dags/example_branch_operator_decorator.py took 0.024 seconds
[2024-11-20T01:01:07.618+0000] {processor.py:186} INFO - Started process (PID=5809) to work on /home/ubuntu/airflow_venv/lib/python3.12/site-packages/airflow/example_dags/example_branch_operator_decorator.py
[2024-11-20T01:01:07.620+0000] {processor.py:914} INFO - Processing file /home/ubuntu/airflow_venv/lib/python3.12/site-packages/airflow/example_dags/example_branch_operator_decorator.py for tasks to queue
[2024-11-20T01:01:07.621+0000] {logging_mixin.py:190} INFO - [2024-11-20T01:01:07.621+0000] {dagbag.py:588} INFO - Filling up the DagBag from /home/ubuntu/airflow_venv/lib/python3.12/site-packages/airflow/example_dags/example_branch_operator_decorator.py
[2024-11-20T01:01:07.625+0000] {processor.py:927} WARNING - No viable dags retrieved from /home/ubuntu/airflow_venv/lib/python3.12/site-packages/airflow/example_dags/example_branch_operator_decorator.py
[2024-11-20T01:01:07.635+0000] {processor.py:208} INFO - Processing /home/ubuntu/airflow_venv/lib/python3.12/site-packages/airflow/example_dags/example_branch_operator_decorator.py took 0.024 seconds
[2024-11-20T01:02:19.534+0000] {processor.py:186} INFO - Started process (PID=5889) to work on /home/ubuntu/airflow_venv/lib/python3.12/site-packages/airflow/example_dags/example_branch_operator_decorator.py
[2024-11-20T01:02:19.536+0000] {processor.py:914} INFO - Processing file /home/ubuntu/airflow_venv/lib/python3.12/site-packages/airflow/example_dags/example_branch_operator_decorator.py for tasks to queue
[2024-11-20T01:02:19.537+0000] {logging_mixin.py:190} INFO - [2024-11-20T01:02:19.537+0000] {dagbag.py:588} INFO - Filling up the DagBag from /home/ubuntu/airflow_venv/lib/python3.12/site-packages/airflow/example_dags/example_branch_operator_decorator.py
[2024-11-20T01:02:19.540+0000] {processor.py:927} WARNING - No viable dags retrieved from /home/ubuntu/airflow_venv/lib/python3.12/site-packages/airflow/example_dags/example_branch_operator_decorator.py
[2024-11-20T01:02:19.552+0000] {processor.py:208} INFO - Processing /home/ubuntu/airflow_venv/lib/python3.12/site-packages/airflow/example_dags/example_branch_operator_decorator.py took 0.024 seconds
[2024-11-20T01:03:16.155+0000] {processor.py:186} INFO - Started process (PID=5947) to work on /home/ubuntu/airflow_venv/lib/python3.12/site-packages/airflow/example_dags/example_branch_operator_decorator.py
[2024-11-20T01:03:16.158+0000] {processor.py:914} INFO - Processing file /home/ubuntu/airflow_venv/lib/python3.12/site-packages/airflow/example_dags/example_branch_operator_decorator.py for tasks to queue
[2024-11-20T01:03:16.159+0000] {logging_mixin.py:190} INFO - [2024-11-20T01:03:16.159+0000] {dagbag.py:588} INFO - Filling up the DagBag from /home/ubuntu/airflow_venv/lib/python3.12/site-packages/airflow/example_dags/example_branch_operator_decorator.py
[2024-11-20T01:03:16.162+0000] {processor.py:927} WARNING - No viable dags retrieved from /home/ubuntu/airflow_venv/lib/python3.12/site-packages/airflow/example_dags/example_branch_operator_decorator.py
[2024-11-20T01:03:16.172+0000] {processor.py:208} INFO - Processing /home/ubuntu/airflow_venv/lib/python3.12/site-packages/airflow/example_dags/example_branch_operator_decorator.py took 0.024 seconds
[2024-11-20T01:04:11.527+0000] {processor.py:186} INFO - Started process (PID=6005) to work on /home/ubuntu/airflow_venv/lib/python3.12/site-packages/airflow/example_dags/example_branch_operator_decorator.py
[2024-11-20T01:04:11.528+0000] {processor.py:914} INFO - Processing file /home/ubuntu/airflow_venv/lib/python3.12/site-packages/airflow/example_dags/example_branch_operator_decorator.py for tasks to queue
[2024-11-20T01:04:11.530+0000] {logging_mixin.py:190} INFO - [2024-11-20T01:04:11.529+0000] {dagbag.py:588} INFO - Filling up the DagBag from /home/ubuntu/airflow_venv/lib/python3.12/site-packages/airflow/example_dags/example_branch_operator_decorator.py
[2024-11-20T01:04:11.533+0000] {processor.py:927} WARNING - No viable dags retrieved from /home/ubuntu/airflow_venv/lib/python3.12/site-packages/airflow/example_dags/example_branch_operator_decorator.py
[2024-11-20T01:04:11.544+0000] {processor.py:208} INFO - Processing /home/ubuntu/airflow_venv/lib/python3.12/site-packages/airflow/example_dags/example_branch_operator_decorator.py took 0.024 seconds
[2024-11-20T01:05:09.051+0000] {processor.py:186} INFO - Started process (PID=6064) to work on /home/ubuntu/airflow_venv/lib/python3.12/site-packages/airflow/example_dags/example_branch_operator_decorator.py
[2024-11-20T01:05:09.052+0000] {processor.py:914} INFO - Processing file /home/ubuntu/airflow_venv/lib/python3.12/site-packages/airflow/example_dags/example_branch_operator_decorator.py for tasks to queue
[2024-11-20T01:05:09.053+0000] {logging_mixin.py:190} INFO - [2024-11-20T01:05:09.053+0000] {dagbag.py:588} INFO - Filling up the DagBag from /home/ubuntu/airflow_venv/lib/python3.12/site-packages/airflow/example_dags/example_branch_operator_decorator.py
[2024-11-20T01:05:09.057+0000] {processor.py:927} WARNING - No viable dags retrieved from /home/ubuntu/airflow_venv/lib/python3.12/site-packages/airflow/example_dags/example_branch_operator_decorator.py
[2024-11-20T01:05:09.068+0000] {processor.py:208} INFO - Processing /home/ubuntu/airflow_venv/lib/python3.12/site-packages/airflow/example_dags/example_branch_operator_decorator.py took 0.024 seconds
[2024-11-20T01:06:04.108+0000] {processor.py:186} INFO - Started process (PID=6122) to work on /home/ubuntu/airflow_venv/lib/python3.12/site-packages/airflow/example_dags/example_branch_operator_decorator.py
[2024-11-20T01:06:04.109+0000] {processor.py:914} INFO - Processing file /home/ubuntu/airflow_venv/lib/python3.12/site-packages/airflow/example_dags/example_branch_operator_decorator.py for tasks to queue
[2024-11-20T01:06:04.110+0000] {logging_mixin.py:190} INFO - [2024-11-20T01:06:04.110+0000] {dagbag.py:588} INFO - Filling up the DagBag from /home/ubuntu/airflow_venv/lib/python3.12/site-packages/airflow/example_dags/example_branch_operator_decorator.py
[2024-11-20T01:06:04.114+0000] {processor.py:927} WARNING - No viable dags retrieved from /home/ubuntu/airflow_venv/lib/python3.12/site-packages/airflow/example_dags/example_branch_operator_decorator.py
[2024-11-20T01:06:04.125+0000] {processor.py:208} INFO - Processing /home/ubuntu/airflow_venv/lib/python3.12/site-packages/airflow/example_dags/example_branch_operator_decorator.py took 0.024 seconds
[2024-11-20T01:07:23.303+0000] {processor.py:186} INFO - Started process (PID=6204) to work on /home/ubuntu/airflow_venv/lib/python3.12/site-packages/airflow/example_dags/example_branch_operator_decorator.py
[2024-11-20T01:07:23.305+0000] {processor.py:914} INFO - Processing file /home/ubuntu/airflow_venv/lib/python3.12/site-packages/airflow/example_dags/example_branch_operator_decorator.py for tasks to queue
[2024-11-20T01:07:23.306+0000] {logging_mixin.py:190} INFO - [2024-11-20T01:07:23.306+0000] {dagbag.py:588} INFO - Filling up the DagBag from /home/ubuntu/airflow_venv/lib/python3.12/site-packages/airflow/example_dags/example_branch_operator_decorator.py
[2024-11-20T01:07:23.309+0000] {processor.py:927} WARNING - No viable dags retrieved from /home/ubuntu/airflow_venv/lib/python3.12/site-packages/airflow/example_dags/example_branch_operator_decorator.py
[2024-11-20T01:07:23.319+0000] {processor.py:208} INFO - Processing /home/ubuntu/airflow_venv/lib/python3.12/site-packages/airflow/example_dags/example_branch_operator_decorator.py took 0.023 seconds
[2024-11-20T01:08:43.949+0000] {processor.py:186} INFO - Started process (PID=6286) to work on /home/ubuntu/airflow_venv/lib/python3.12/site-packages/airflow/example_dags/example_branch_operator_decorator.py
[2024-11-20T01:08:43.951+0000] {processor.py:914} INFO - Processing file /home/ubuntu/airflow_venv/lib/python3.12/site-packages/airflow/example_dags/example_branch_operator_decorator.py for tasks to queue
[2024-11-20T01:08:43.952+0000] {logging_mixin.py:190} INFO - [2024-11-20T01:08:43.951+0000] {dagbag.py:588} INFO - Filling up the DagBag from /home/ubuntu/airflow_venv/lib/python3.12/site-packages/airflow/example_dags/example_branch_operator_decorator.py
[2024-11-20T01:08:43.956+0000] {processor.py:927} WARNING - No viable dags retrieved from /home/ubuntu/airflow_venv/lib/python3.12/site-packages/airflow/example_dags/example_branch_operator_decorator.py
[2024-11-20T01:08:43.966+0000] {processor.py:208} INFO - Processing /home/ubuntu/airflow_venv/lib/python3.12/site-packages/airflow/example_dags/example_branch_operator_decorator.py took 0.023 seconds
[2024-11-20T01:09:41.739+0000] {processor.py:186} INFO - Started process (PID=6343) to work on /home/ubuntu/airflow_venv/lib/python3.12/site-packages/airflow/example_dags/example_branch_operator_decorator.py
[2024-11-20T01:09:41.741+0000] {processor.py:914} INFO - Processing file /home/ubuntu/airflow_venv/lib/python3.12/site-packages/airflow/example_dags/example_branch_operator_decorator.py for tasks to queue
[2024-11-20T01:09:41.742+0000] {logging_mixin.py:190} INFO - [2024-11-20T01:09:41.741+0000] {dagbag.py:588} INFO - Filling up the DagBag from /home/ubuntu/airflow_venv/lib/python3.12/site-packages/airflow/example_dags/example_branch_operator_decorator.py
[2024-11-20T01:09:41.745+0000] {processor.py:927} WARNING - No viable dags retrieved from /home/ubuntu/airflow_venv/lib/python3.12/site-packages/airflow/example_dags/example_branch_operator_decorator.py
[2024-11-20T01:09:41.756+0000] {processor.py:208} INFO - Processing /home/ubuntu/airflow_venv/lib/python3.12/site-packages/airflow/example_dags/example_branch_operator_decorator.py took 0.024 seconds
[2024-11-20T01:10:38.588+0000] {processor.py:186} INFO - Started process (PID=6407) to work on /home/ubuntu/airflow_venv/lib/python3.12/site-packages/airflow/example_dags/example_branch_operator_decorator.py
[2024-11-20T01:10:38.589+0000] {processor.py:914} INFO - Processing file /home/ubuntu/airflow_venv/lib/python3.12/site-packages/airflow/example_dags/example_branch_operator_decorator.py for tasks to queue
[2024-11-20T01:10:38.590+0000] {logging_mixin.py:190} INFO - [2024-11-20T01:10:38.590+0000] {dagbag.py:588} INFO - Filling up the DagBag from /home/ubuntu/airflow_venv/lib/python3.12/site-packages/airflow/example_dags/example_branch_operator_decorator.py
[2024-11-20T01:10:38.594+0000] {processor.py:927} WARNING - No viable dags retrieved from /home/ubuntu/airflow_venv/lib/python3.12/site-packages/airflow/example_dags/example_branch_operator_decorator.py
[2024-11-20T01:10:38.604+0000] {processor.py:208} INFO - Processing /home/ubuntu/airflow_venv/lib/python3.12/site-packages/airflow/example_dags/example_branch_operator_decorator.py took 0.023 seconds
[2024-11-20T01:11:58.464+0000] {processor.py:186} INFO - Started process (PID=6489) to work on /home/ubuntu/airflow_venv/lib/python3.12/site-packages/airflow/example_dags/example_branch_operator_decorator.py
[2024-11-20T01:11:58.466+0000] {processor.py:914} INFO - Processing file /home/ubuntu/airflow_venv/lib/python3.12/site-packages/airflow/example_dags/example_branch_operator_decorator.py for tasks to queue
[2024-11-20T01:11:58.467+0000] {logging_mixin.py:190} INFO - [2024-11-20T01:11:58.467+0000] {dagbag.py:588} INFO - Filling up the DagBag from /home/ubuntu/airflow_venv/lib/python3.12/site-packages/airflow/example_dags/example_branch_operator_decorator.py
[2024-11-20T01:11:58.471+0000] {processor.py:927} WARNING - No viable dags retrieved from /home/ubuntu/airflow_venv/lib/python3.12/site-packages/airflow/example_dags/example_branch_operator_decorator.py
[2024-11-20T01:11:58.482+0000] {processor.py:208} INFO - Processing /home/ubuntu/airflow_venv/lib/python3.12/site-packages/airflow/example_dags/example_branch_operator_decorator.py took 0.024 seconds
[2024-11-20T01:12:51.977+0000] {processor.py:186} INFO - Started process (PID=6544) to work on /home/ubuntu/airflow_venv/lib/python3.12/site-packages/airflow/example_dags/example_branch_operator_decorator.py
[2024-11-20T01:12:51.978+0000] {processor.py:914} INFO - Processing file /home/ubuntu/airflow_venv/lib/python3.12/site-packages/airflow/example_dags/example_branch_operator_decorator.py for tasks to queue
[2024-11-20T01:12:51.979+0000] {logging_mixin.py:190} INFO - [2024-11-20T01:12:51.978+0000] {dagbag.py:588} INFO - Filling up the DagBag from /home/ubuntu/airflow_venv/lib/python3.12/site-packages/airflow/example_dags/example_branch_operator_decorator.py
[2024-11-20T01:12:51.982+0000] {processor.py:927} WARNING - No viable dags retrieved from /home/ubuntu/airflow_venv/lib/python3.12/site-packages/airflow/example_dags/example_branch_operator_decorator.py
[2024-11-20T01:12:51.999+0000] {processor.py:208} INFO - Processing /home/ubuntu/airflow_venv/lib/python3.12/site-packages/airflow/example_dags/example_branch_operator_decorator.py took 0.029 seconds
