[2024-11-20T00:16:12.238+0000] {processor.py:186} INFO - Started process (PID=2025) to work on /home/ubuntu/airflow_venv/lib/python3.12/site-packages/airflow/example_dags/example_trigger_controller_dag.py
[2024-11-20T00:16:12.239+0000] {processor.py:914} INFO - Processing file /home/ubuntu/airflow_venv/lib/python3.12/site-packages/airflow/example_dags/example_trigger_controller_dag.py for tasks to queue
[2024-11-20T00:16:12.241+0000] {logging_mixin.py:190} INFO - [2024-11-20T00:16:12.241+0000] {dagbag.py:588} INFO - Filling up the DagBag from /home/ubuntu/airflow_venv/lib/python3.12/site-packages/airflow/example_dags/example_trigger_controller_dag.py
[2024-11-20T00:16:12.250+0000] {processor.py:925} INFO - DAG(s) 'example_trigger_controller_dag' retrieved from /home/ubuntu/airflow_venv/lib/python3.12/site-packages/airflow/example_dags/example_trigger_controller_dag.py
[2024-11-20T00:16:12.273+0000] {logging_mixin.py:190} INFO - [2024-11-20T00:16:12.273+0000] {dag.py:3239} INFO - Sync 1 DAGs
[2024-11-20T00:16:12.301+0000] {logging_mixin.py:190} INFO - [2024-11-20T00:16:12.301+0000] {dag.py:4180} INFO - Setting next_dagrun for example_trigger_controller_dag to 2021-01-01 00:00:00+00:00, run_after=2021-01-01 00:00:00+00:00
[2024-11-20T00:16:12.330+0000] {processor.py:208} INFO - Processing /home/ubuntu/airflow_venv/lib/python3.12/site-packages/airflow/example_dags/example_trigger_controller_dag.py took 0.098 seconds
[2024-11-20T00:17:10.352+0000] {processor.py:186} INFO - Started process (PID=2093) to work on /home/ubuntu/airflow_venv/lib/python3.12/site-packages/airflow/example_dags/example_trigger_controller_dag.py
[2024-11-20T00:17:10.353+0000] {processor.py:914} INFO - Processing file /home/ubuntu/airflow_venv/lib/python3.12/site-packages/airflow/example_dags/example_trigger_controller_dag.py for tasks to queue
[2024-11-20T00:17:10.355+0000] {logging_mixin.py:190} INFO - [2024-11-20T00:17:10.355+0000] {dagbag.py:588} INFO - Filling up the DagBag from /home/ubuntu/airflow_venv/lib/python3.12/site-packages/airflow/example_dags/example_trigger_controller_dag.py
[2024-11-20T00:17:10.361+0000] {processor.py:925} INFO - DAG(s) 'example_trigger_controller_dag' retrieved from /home/ubuntu/airflow_venv/lib/python3.12/site-packages/airflow/example_dags/example_trigger_controller_dag.py
[2024-11-20T00:17:10.385+0000] {logging_mixin.py:190} INFO - [2024-11-20T00:17:10.385+0000] {dag.py:3239} INFO - Sync 1 DAGs
[2024-11-20T00:17:10.402+0000] {logging_mixin.py:190} INFO - [2024-11-20T00:17:10.402+0000] {dag.py:4180} INFO - Setting next_dagrun for example_trigger_controller_dag to 2021-01-01 00:00:00+00:00, run_after=2021-01-01 00:00:00+00:00
[2024-11-20T00:17:10.435+0000] {processor.py:208} INFO - Processing /home/ubuntu/airflow_venv/lib/python3.12/site-packages/airflow/example_dags/example_trigger_controller_dag.py took 0.089 seconds
[2024-11-20T00:18:06.906+0000] {processor.py:186} INFO - Started process (PID=2154) to work on /home/ubuntu/airflow_venv/lib/python3.12/site-packages/airflow/example_dags/example_trigger_controller_dag.py
[2024-11-20T00:18:06.908+0000] {processor.py:914} INFO - Processing file /home/ubuntu/airflow_venv/lib/python3.12/site-packages/airflow/example_dags/example_trigger_controller_dag.py for tasks to queue
[2024-11-20T00:18:06.911+0000] {logging_mixin.py:190} INFO - [2024-11-20T00:18:06.910+0000] {dagbag.py:588} INFO - Filling up the DagBag from /home/ubuntu/airflow_venv/lib/python3.12/site-packages/airflow/example_dags/example_trigger_controller_dag.py
[2024-11-20T00:18:06.919+0000] {processor.py:925} INFO - DAG(s) 'example_trigger_controller_dag' retrieved from /home/ubuntu/airflow_venv/lib/python3.12/site-packages/airflow/example_dags/example_trigger_controller_dag.py
[2024-11-20T00:18:06.933+0000] {logging_mixin.py:190} INFO - [2024-11-20T00:18:06.933+0000] {dag.py:3239} INFO - Sync 1 DAGs
[2024-11-20T00:18:06.950+0000] {logging_mixin.py:190} INFO - [2024-11-20T00:18:06.950+0000] {dag.py:4180} INFO - Setting next_dagrun for example_trigger_controller_dag to 2021-01-01 00:00:00+00:00, run_after=2021-01-01 00:00:00+00:00
[2024-11-20T00:18:06.973+0000] {processor.py:208} INFO - Processing /home/ubuntu/airflow_venv/lib/python3.12/site-packages/airflow/example_dags/example_trigger_controller_dag.py took 0.072 seconds
[2024-11-20T00:18:59.544+0000] {processor.py:186} INFO - Started process (PID=2207) to work on /home/ubuntu/airflow_venv/lib/python3.12/site-packages/airflow/example_dags/example_trigger_controller_dag.py
[2024-11-20T00:18:59.545+0000] {processor.py:914} INFO - Processing file /home/ubuntu/airflow_venv/lib/python3.12/site-packages/airflow/example_dags/example_trigger_controller_dag.py for tasks to queue
[2024-11-20T00:18:59.548+0000] {logging_mixin.py:190} INFO - [2024-11-20T00:18:59.547+0000] {dagbag.py:588} INFO - Filling up the DagBag from /home/ubuntu/airflow_venv/lib/python3.12/site-packages/airflow/example_dags/example_trigger_controller_dag.py
[2024-11-20T00:18:59.555+0000] {processor.py:925} INFO - DAG(s) 'example_trigger_controller_dag' retrieved from /home/ubuntu/airflow_venv/lib/python3.12/site-packages/airflow/example_dags/example_trigger_controller_dag.py
[2024-11-20T00:18:59.570+0000] {logging_mixin.py:190} INFO - [2024-11-20T00:18:59.570+0000] {dag.py:3239} INFO - Sync 1 DAGs
[2024-11-20T00:18:59.588+0000] {logging_mixin.py:190} INFO - [2024-11-20T00:18:59.588+0000] {dag.py:4180} INFO - Setting next_dagrun for example_trigger_controller_dag to 2021-01-01 00:00:00+00:00, run_after=2021-01-01 00:00:00+00:00
[2024-11-20T00:18:59.608+0000] {processor.py:208} INFO - Processing /home/ubuntu/airflow_venv/lib/python3.12/site-packages/airflow/example_dags/example_trigger_controller_dag.py took 0.070 seconds
[2024-11-20T00:19:53.027+0000] {processor.py:186} INFO - Started process (PID=2264) to work on /home/ubuntu/airflow_venv/lib/python3.12/site-packages/airflow/example_dags/example_trigger_controller_dag.py
[2024-11-20T00:19:53.029+0000] {processor.py:914} INFO - Processing file /home/ubuntu/airflow_venv/lib/python3.12/site-packages/airflow/example_dags/example_trigger_controller_dag.py for tasks to queue
[2024-11-20T00:19:53.031+0000] {logging_mixin.py:190} INFO - [2024-11-20T00:19:53.031+0000] {dagbag.py:588} INFO - Filling up the DagBag from /home/ubuntu/airflow_venv/lib/python3.12/site-packages/airflow/example_dags/example_trigger_controller_dag.py
[2024-11-20T00:19:53.038+0000] {processor.py:925} INFO - DAG(s) 'example_trigger_controller_dag' retrieved from /home/ubuntu/airflow_venv/lib/python3.12/site-packages/airflow/example_dags/example_trigger_controller_dag.py
[2024-11-20T00:19:53.052+0000] {logging_mixin.py:190} INFO - [2024-11-20T00:19:53.052+0000] {dag.py:3239} INFO - Sync 1 DAGs
[2024-11-20T00:19:53.070+0000] {logging_mixin.py:190} INFO - [2024-11-20T00:19:53.070+0000] {dag.py:4180} INFO - Setting next_dagrun for example_trigger_controller_dag to 2021-01-01 00:00:00+00:00, run_after=2021-01-01 00:00:00+00:00
[2024-11-20T00:19:53.093+0000] {processor.py:208} INFO - Processing /home/ubuntu/airflow_venv/lib/python3.12/site-packages/airflow/example_dags/example_trigger_controller_dag.py took 0.071 seconds
[2024-11-20T00:20:44.956+0000] {processor.py:186} INFO - Started process (PID=2321) to work on /home/ubuntu/airflow_venv/lib/python3.12/site-packages/airflow/example_dags/example_trigger_controller_dag.py
[2024-11-20T00:20:44.958+0000] {processor.py:914} INFO - Processing file /home/ubuntu/airflow_venv/lib/python3.12/site-packages/airflow/example_dags/example_trigger_controller_dag.py for tasks to queue
[2024-11-20T00:20:44.961+0000] {logging_mixin.py:190} INFO - [2024-11-20T00:20:44.960+0000] {dagbag.py:588} INFO - Filling up the DagBag from /home/ubuntu/airflow_venv/lib/python3.12/site-packages/airflow/example_dags/example_trigger_controller_dag.py
[2024-11-20T00:20:44.969+0000] {processor.py:925} INFO - DAG(s) 'example_trigger_controller_dag' retrieved from /home/ubuntu/airflow_venv/lib/python3.12/site-packages/airflow/example_dags/example_trigger_controller_dag.py
[2024-11-20T00:20:44.984+0000] {logging_mixin.py:190} INFO - [2024-11-20T00:20:44.983+0000] {dag.py:3239} INFO - Sync 1 DAGs
[2024-11-20T00:20:45.001+0000] {logging_mixin.py:190} INFO - [2024-11-20T00:20:45.000+0000] {dag.py:4180} INFO - Setting next_dagrun for example_trigger_controller_dag to 2021-01-01 00:00:00+00:00, run_after=2021-01-01 00:00:00+00:00
[2024-11-20T00:20:45.024+0000] {processor.py:208} INFO - Processing /home/ubuntu/airflow_venv/lib/python3.12/site-packages/airflow/example_dags/example_trigger_controller_dag.py took 0.073 seconds
[2024-11-20T00:21:44.583+0000] {processor.py:186} INFO - Started process (PID=2381) to work on /home/ubuntu/airflow_venv/lib/python3.12/site-packages/airflow/example_dags/example_trigger_controller_dag.py
[2024-11-20T00:21:44.584+0000] {processor.py:914} INFO - Processing file /home/ubuntu/airflow_venv/lib/python3.12/site-packages/airflow/example_dags/example_trigger_controller_dag.py for tasks to queue
[2024-11-20T00:21:44.587+0000] {logging_mixin.py:190} INFO - [2024-11-20T00:21:44.587+0000] {dagbag.py:588} INFO - Filling up the DagBag from /home/ubuntu/airflow_venv/lib/python3.12/site-packages/airflow/example_dags/example_trigger_controller_dag.py
[2024-11-20T00:21:44.594+0000] {processor.py:925} INFO - DAG(s) 'example_trigger_controller_dag' retrieved from /home/ubuntu/airflow_venv/lib/python3.12/site-packages/airflow/example_dags/example_trigger_controller_dag.py
[2024-11-20T00:21:44.608+0000] {logging_mixin.py:190} INFO - [2024-11-20T00:21:44.608+0000] {dag.py:3239} INFO - Sync 1 DAGs
[2024-11-20T00:21:44.627+0000] {logging_mixin.py:190} INFO - [2024-11-20T00:21:44.627+0000] {dag.py:4180} INFO - Setting next_dagrun for example_trigger_controller_dag to 2021-01-01 00:00:00+00:00, run_after=2021-01-01 00:00:00+00:00
[2024-11-20T00:21:44.649+0000] {processor.py:208} INFO - Processing /home/ubuntu/airflow_venv/lib/python3.12/site-packages/airflow/example_dags/example_trigger_controller_dag.py took 0.072 seconds
[2024-11-20T00:22:41.219+0000] {processor.py:186} INFO - Started process (PID=2440) to work on /home/ubuntu/airflow_venv/lib/python3.12/site-packages/airflow/example_dags/example_trigger_controller_dag.py
[2024-11-20T00:22:41.220+0000] {processor.py:914} INFO - Processing file /home/ubuntu/airflow_venv/lib/python3.12/site-packages/airflow/example_dags/example_trigger_controller_dag.py for tasks to queue
[2024-11-20T00:22:41.223+0000] {logging_mixin.py:190} INFO - [2024-11-20T00:22:41.223+0000] {dagbag.py:588} INFO - Filling up the DagBag from /home/ubuntu/airflow_venv/lib/python3.12/site-packages/airflow/example_dags/example_trigger_controller_dag.py
[2024-11-20T00:22:41.229+0000] {processor.py:925} INFO - DAG(s) 'example_trigger_controller_dag' retrieved from /home/ubuntu/airflow_venv/lib/python3.12/site-packages/airflow/example_dags/example_trigger_controller_dag.py
[2024-11-20T00:22:41.244+0000] {logging_mixin.py:190} INFO - [2024-11-20T00:22:41.243+0000] {dag.py:3239} INFO - Sync 1 DAGs
[2024-11-20T00:22:41.262+0000] {logging_mixin.py:190} INFO - [2024-11-20T00:22:41.262+0000] {dag.py:4180} INFO - Setting next_dagrun for example_trigger_controller_dag to 2021-01-01 00:00:00+00:00, run_after=2021-01-01 00:00:00+00:00
[2024-11-20T00:22:41.282+0000] {processor.py:208} INFO - Processing /home/ubuntu/airflow_venv/lib/python3.12/site-packages/airflow/example_dags/example_trigger_controller_dag.py took 0.069 seconds
[2024-11-20T00:23:36.702+0000] {processor.py:186} INFO - Started process (PID=2496) to work on /home/ubuntu/airflow_venv/lib/python3.12/site-packages/airflow/example_dags/example_trigger_controller_dag.py
[2024-11-20T00:23:36.704+0000] {processor.py:914} INFO - Processing file /home/ubuntu/airflow_venv/lib/python3.12/site-packages/airflow/example_dags/example_trigger_controller_dag.py for tasks to queue
[2024-11-20T00:23:36.707+0000] {logging_mixin.py:190} INFO - [2024-11-20T00:23:36.706+0000] {dagbag.py:588} INFO - Filling up the DagBag from /home/ubuntu/airflow_venv/lib/python3.12/site-packages/airflow/example_dags/example_trigger_controller_dag.py
[2024-11-20T00:23:36.714+0000] {processor.py:925} INFO - DAG(s) 'example_trigger_controller_dag' retrieved from /home/ubuntu/airflow_venv/lib/python3.12/site-packages/airflow/example_dags/example_trigger_controller_dag.py
[2024-11-20T00:23:36.728+0000] {logging_mixin.py:190} INFO - [2024-11-20T00:23:36.728+0000] {dag.py:3239} INFO - Sync 1 DAGs
[2024-11-20T00:23:36.746+0000] {logging_mixin.py:190} INFO - [2024-11-20T00:23:36.746+0000] {dag.py:4180} INFO - Setting next_dagrun for example_trigger_controller_dag to 2021-01-01 00:00:00+00:00, run_after=2021-01-01 00:00:00+00:00
[2024-11-20T00:23:36.767+0000] {processor.py:208} INFO - Processing /home/ubuntu/airflow_venv/lib/python3.12/site-packages/airflow/example_dags/example_trigger_controller_dag.py took 0.071 seconds
[2024-11-20T00:24:32.831+0000] {processor.py:186} INFO - Started process (PID=2552) to work on /home/ubuntu/airflow_venv/lib/python3.12/site-packages/airflow/example_dags/example_trigger_controller_dag.py
[2024-11-20T00:24:32.833+0000] {processor.py:914} INFO - Processing file /home/ubuntu/airflow_venv/lib/python3.12/site-packages/airflow/example_dags/example_trigger_controller_dag.py for tasks to queue
[2024-11-20T00:24:32.835+0000] {logging_mixin.py:190} INFO - [2024-11-20T00:24:32.835+0000] {dagbag.py:588} INFO - Filling up the DagBag from /home/ubuntu/airflow_venv/lib/python3.12/site-packages/airflow/example_dags/example_trigger_controller_dag.py
[2024-11-20T00:24:32.842+0000] {processor.py:925} INFO - DAG(s) 'example_trigger_controller_dag' retrieved from /home/ubuntu/airflow_venv/lib/python3.12/site-packages/airflow/example_dags/example_trigger_controller_dag.py
[2024-11-20T00:24:32.857+0000] {logging_mixin.py:190} INFO - [2024-11-20T00:24:32.857+0000] {dag.py:3239} INFO - Sync 1 DAGs
[2024-11-20T00:24:32.876+0000] {logging_mixin.py:190} INFO - [2024-11-20T00:24:32.876+0000] {dag.py:4180} INFO - Setting next_dagrun for example_trigger_controller_dag to 2021-01-01 00:00:00+00:00, run_after=2021-01-01 00:00:00+00:00
[2024-11-20T00:24:32.896+0000] {processor.py:208} INFO - Processing /home/ubuntu/airflow_venv/lib/python3.12/site-packages/airflow/example_dags/example_trigger_controller_dag.py took 0.071 seconds
[2024-11-20T00:25:24.960+0000] {processor.py:186} INFO - Started process (PID=2610) to work on /home/ubuntu/airflow_venv/lib/python3.12/site-packages/airflow/example_dags/example_trigger_controller_dag.py
[2024-11-20T00:25:24.962+0000] {processor.py:914} INFO - Processing file /home/ubuntu/airflow_venv/lib/python3.12/site-packages/airflow/example_dags/example_trigger_controller_dag.py for tasks to queue
[2024-11-20T00:25:24.965+0000] {logging_mixin.py:190} INFO - [2024-11-20T00:25:24.964+0000] {dagbag.py:588} INFO - Filling up the DagBag from /home/ubuntu/airflow_venv/lib/python3.12/site-packages/airflow/example_dags/example_trigger_controller_dag.py
[2024-11-20T00:25:24.972+0000] {processor.py:925} INFO - DAG(s) 'example_trigger_controller_dag' retrieved from /home/ubuntu/airflow_venv/lib/python3.12/site-packages/airflow/example_dags/example_trigger_controller_dag.py
[2024-11-20T00:25:24.986+0000] {logging_mixin.py:190} INFO - [2024-11-20T00:25:24.986+0000] {dag.py:3239} INFO - Sync 1 DAGs
[2024-11-20T00:25:25.004+0000] {logging_mixin.py:190} INFO - [2024-11-20T00:25:25.004+0000] {dag.py:4180} INFO - Setting next_dagrun for example_trigger_controller_dag to 2021-01-01 00:00:00+00:00, run_after=2021-01-01 00:00:00+00:00
[2024-11-20T00:25:25.028+0000] {processor.py:208} INFO - Processing /home/ubuntu/airflow_venv/lib/python3.12/site-packages/airflow/example_dags/example_trigger_controller_dag.py took 0.074 seconds
[2024-11-20T00:26:20.373+0000] {processor.py:186} INFO - Started process (PID=2669) to work on /home/ubuntu/airflow_venv/lib/python3.12/site-packages/airflow/example_dags/example_trigger_controller_dag.py
[2024-11-20T00:26:20.375+0000] {processor.py:914} INFO - Processing file /home/ubuntu/airflow_venv/lib/python3.12/site-packages/airflow/example_dags/example_trigger_controller_dag.py for tasks to queue
[2024-11-20T00:26:20.377+0000] {logging_mixin.py:190} INFO - [2024-11-20T00:26:20.377+0000] {dagbag.py:588} INFO - Filling up the DagBag from /home/ubuntu/airflow_venv/lib/python3.12/site-packages/airflow/example_dags/example_trigger_controller_dag.py
[2024-11-20T00:26:20.385+0000] {processor.py:925} INFO - DAG(s) 'example_trigger_controller_dag' retrieved from /home/ubuntu/airflow_venv/lib/python3.12/site-packages/airflow/example_dags/example_trigger_controller_dag.py
[2024-11-20T00:26:20.401+0000] {logging_mixin.py:190} INFO - [2024-11-20T00:26:20.401+0000] {dag.py:3239} INFO - Sync 1 DAGs
[2024-11-20T00:26:20.425+0000] {logging_mixin.py:190} INFO - [2024-11-20T00:26:20.425+0000] {dag.py:4180} INFO - Setting next_dagrun for example_trigger_controller_dag to 2021-01-01 00:00:00+00:00, run_after=2021-01-01 00:00:00+00:00
[2024-11-20T00:26:20.446+0000] {processor.py:208} INFO - Processing /home/ubuntu/airflow_venv/lib/python3.12/site-packages/airflow/example_dags/example_trigger_controller_dag.py took 0.079 seconds
[2024-11-20T00:27:35.385+0000] {processor.py:186} INFO - Started process (PID=2765) to work on /home/ubuntu/airflow_venv/lib/python3.12/site-packages/airflow/example_dags/example_trigger_controller_dag.py
[2024-11-20T00:27:35.387+0000] {processor.py:914} INFO - Processing file /home/ubuntu/airflow_venv/lib/python3.12/site-packages/airflow/example_dags/example_trigger_controller_dag.py for tasks to queue
[2024-11-20T00:27:35.389+0000] {logging_mixin.py:190} INFO - [2024-11-20T00:27:35.388+0000] {dagbag.py:588} INFO - Filling up the DagBag from /home/ubuntu/airflow_venv/lib/python3.12/site-packages/airflow/example_dags/example_trigger_controller_dag.py
[2024-11-20T00:27:35.396+0000] {processor.py:925} INFO - DAG(s) 'example_trigger_controller_dag' retrieved from /home/ubuntu/airflow_venv/lib/python3.12/site-packages/airflow/example_dags/example_trigger_controller_dag.py
[2024-11-20T00:27:35.410+0000] {logging_mixin.py:190} INFO - [2024-11-20T00:27:35.409+0000] {dag.py:3239} INFO - Sync 1 DAGs
[2024-11-20T00:27:35.428+0000] {logging_mixin.py:190} INFO - [2024-11-20T00:27:35.428+0000] {dag.py:4180} INFO - Setting next_dagrun for example_trigger_controller_dag to 2021-01-01 00:00:00+00:00, run_after=2021-01-01 00:00:00+00:00
[2024-11-20T00:27:35.460+0000] {processor.py:208} INFO - Processing /home/ubuntu/airflow_venv/lib/python3.12/site-packages/airflow/example_dags/example_trigger_controller_dag.py took 0.079 seconds
[2024-11-20T00:28:32.294+0000] {processor.py:186} INFO - Started process (PID=2867) to work on /home/ubuntu/airflow_venv/lib/python3.12/site-packages/airflow/example_dags/example_trigger_controller_dag.py
[2024-11-20T00:28:32.295+0000] {processor.py:914} INFO - Processing file /home/ubuntu/airflow_venv/lib/python3.12/site-packages/airflow/example_dags/example_trigger_controller_dag.py for tasks to queue
[2024-11-20T00:28:32.297+0000] {logging_mixin.py:190} INFO - [2024-11-20T00:28:32.297+0000] {dagbag.py:588} INFO - Filling up the DagBag from /home/ubuntu/airflow_venv/lib/python3.12/site-packages/airflow/example_dags/example_trigger_controller_dag.py
[2024-11-20T00:28:32.304+0000] {processor.py:925} INFO - DAG(s) 'example_trigger_controller_dag' retrieved from /home/ubuntu/airflow_venv/lib/python3.12/site-packages/airflow/example_dags/example_trigger_controller_dag.py
[2024-11-20T00:28:32.319+0000] {logging_mixin.py:190} INFO - [2024-11-20T00:28:32.319+0000] {dag.py:3239} INFO - Sync 1 DAGs
[2024-11-20T00:28:32.337+0000] {logging_mixin.py:190} INFO - [2024-11-20T00:28:32.337+0000] {dag.py:4180} INFO - Setting next_dagrun for example_trigger_controller_dag to 2021-01-01 00:00:00+00:00, run_after=2021-01-01 00:00:00+00:00
[2024-11-20T00:28:32.361+0000] {processor.py:208} INFO - Processing /home/ubuntu/airflow_venv/lib/python3.12/site-packages/airflow/example_dags/example_trigger_controller_dag.py took 0.073 seconds
[2024-11-20T00:29:37.170+0000] {processor.py:186} INFO - Started process (PID=3017) to work on /home/ubuntu/airflow_venv/lib/python3.12/site-packages/airflow/example_dags/example_trigger_controller_dag.py
[2024-11-20T00:29:37.171+0000] {processor.py:914} INFO - Processing file /home/ubuntu/airflow_venv/lib/python3.12/site-packages/airflow/example_dags/example_trigger_controller_dag.py for tasks to queue
[2024-11-20T00:29:37.173+0000] {logging_mixin.py:190} INFO - [2024-11-20T00:29:37.173+0000] {dagbag.py:588} INFO - Filling up the DagBag from /home/ubuntu/airflow_venv/lib/python3.12/site-packages/airflow/example_dags/example_trigger_controller_dag.py
[2024-11-20T00:29:37.181+0000] {processor.py:925} INFO - DAG(s) 'example_trigger_controller_dag' retrieved from /home/ubuntu/airflow_venv/lib/python3.12/site-packages/airflow/example_dags/example_trigger_controller_dag.py
[2024-11-20T00:29:37.195+0000] {logging_mixin.py:190} INFO - [2024-11-20T00:29:37.195+0000] {dag.py:3239} INFO - Sync 1 DAGs
[2024-11-20T00:29:37.214+0000] {logging_mixin.py:190} INFO - [2024-11-20T00:29:37.214+0000] {dag.py:4180} INFO - Setting next_dagrun for example_trigger_controller_dag to 2021-01-01 00:00:00+00:00, run_after=2021-01-01 00:00:00+00:00
[2024-11-20T00:29:37.235+0000] {processor.py:208} INFO - Processing /home/ubuntu/airflow_venv/lib/python3.12/site-packages/airflow/example_dags/example_trigger_controller_dag.py took 0.071 seconds
[2024-11-20T00:30:34.151+0000] {processor.py:186} INFO - Started process (PID=3079) to work on /home/ubuntu/airflow_venv/lib/python3.12/site-packages/airflow/example_dags/example_trigger_controller_dag.py
[2024-11-20T00:30:34.153+0000] {processor.py:914} INFO - Processing file /home/ubuntu/airflow_venv/lib/python3.12/site-packages/airflow/example_dags/example_trigger_controller_dag.py for tasks to queue
[2024-11-20T00:30:34.155+0000] {logging_mixin.py:190} INFO - [2024-11-20T00:30:34.155+0000] {dagbag.py:588} INFO - Filling up the DagBag from /home/ubuntu/airflow_venv/lib/python3.12/site-packages/airflow/example_dags/example_trigger_controller_dag.py
[2024-11-20T00:30:34.162+0000] {processor.py:925} INFO - DAG(s) 'example_trigger_controller_dag' retrieved from /home/ubuntu/airflow_venv/lib/python3.12/site-packages/airflow/example_dags/example_trigger_controller_dag.py
[2024-11-20T00:30:34.176+0000] {logging_mixin.py:190} INFO - [2024-11-20T00:30:34.176+0000] {dag.py:3239} INFO - Sync 1 DAGs
[2024-11-20T00:30:34.195+0000] {logging_mixin.py:190} INFO - [2024-11-20T00:30:34.195+0000] {dag.py:4180} INFO - Setting next_dagrun for example_trigger_controller_dag to 2021-01-01 00:00:00+00:00, run_after=2021-01-01 00:00:00+00:00
[2024-11-20T00:30:34.218+0000] {processor.py:208} INFO - Processing /home/ubuntu/airflow_venv/lib/python3.12/site-packages/airflow/example_dags/example_trigger_controller_dag.py took 0.071 seconds
[2024-11-20T00:31:30.491+0000] {processor.py:186} INFO - Started process (PID=3257) to work on /home/ubuntu/airflow_venv/lib/python3.12/site-packages/airflow/example_dags/example_trigger_controller_dag.py
[2024-11-20T00:31:30.494+0000] {processor.py:914} INFO - Processing file /home/ubuntu/airflow_venv/lib/python3.12/site-packages/airflow/example_dags/example_trigger_controller_dag.py for tasks to queue
[2024-11-20T00:31:30.495+0000] {logging_mixin.py:190} INFO - [2024-11-20T00:31:30.495+0000] {dagbag.py:588} INFO - Filling up the DagBag from /home/ubuntu/airflow_venv/lib/python3.12/site-packages/airflow/example_dags/example_trigger_controller_dag.py
[2024-11-20T00:31:30.506+0000] {processor.py:925} INFO - DAG(s) 'example_trigger_controller_dag' retrieved from /home/ubuntu/airflow_venv/lib/python3.12/site-packages/airflow/example_dags/example_trigger_controller_dag.py
[2024-11-20T00:31:30.520+0000] {logging_mixin.py:190} INFO - [2024-11-20T00:31:30.520+0000] {dag.py:3239} INFO - Sync 1 DAGs
[2024-11-20T00:31:30.542+0000] {logging_mixin.py:190} INFO - [2024-11-20T00:31:30.542+0000] {dag.py:4180} INFO - Setting next_dagrun for example_trigger_controller_dag to 2021-01-01 00:00:00+00:00, run_after=2021-01-01 00:00:00+00:00
[2024-11-20T00:31:30.565+0000] {processor.py:208} INFO - Processing /home/ubuntu/airflow_venv/lib/python3.12/site-packages/airflow/example_dags/example_trigger_controller_dag.py took 0.085 seconds
[2024-11-20T00:32:23.333+0000] {processor.py:186} INFO - Started process (PID=3331) to work on /home/ubuntu/airflow_venv/lib/python3.12/site-packages/airflow/example_dags/example_trigger_controller_dag.py
[2024-11-20T00:32:23.334+0000] {processor.py:914} INFO - Processing file /home/ubuntu/airflow_venv/lib/python3.12/site-packages/airflow/example_dags/example_trigger_controller_dag.py for tasks to queue
[2024-11-20T00:32:23.335+0000] {logging_mixin.py:190} INFO - [2024-11-20T00:32:23.335+0000] {dagbag.py:588} INFO - Filling up the DagBag from /home/ubuntu/airflow_venv/lib/python3.12/site-packages/airflow/example_dags/example_trigger_controller_dag.py
[2024-11-20T00:32:23.343+0000] {processor.py:925} INFO - DAG(s) 'example_trigger_controller_dag' retrieved from /home/ubuntu/airflow_venv/lib/python3.12/site-packages/airflow/example_dags/example_trigger_controller_dag.py
[2024-11-20T00:32:23.358+0000] {logging_mixin.py:190} INFO - [2024-11-20T00:32:23.357+0000] {dag.py:3239} INFO - Sync 1 DAGs
[2024-11-20T00:32:23.378+0000] {logging_mixin.py:190} INFO - [2024-11-20T00:32:23.378+0000] {dag.py:4180} INFO - Setting next_dagrun for example_trigger_controller_dag to 2021-01-01 00:00:00+00:00, run_after=2021-01-01 00:00:00+00:00
[2024-11-20T00:32:23.400+0000] {processor.py:208} INFO - Processing /home/ubuntu/airflow_venv/lib/python3.12/site-packages/airflow/example_dags/example_trigger_controller_dag.py took 0.074 seconds
[2024-11-20T00:33:17.164+0000] {processor.py:186} INFO - Started process (PID=3883) to work on /home/ubuntu/airflow_venv/lib/python3.12/site-packages/airflow/example_dags/example_trigger_controller_dag.py
[2024-11-20T00:33:17.166+0000] {processor.py:914} INFO - Processing file /home/ubuntu/airflow_venv/lib/python3.12/site-packages/airflow/example_dags/example_trigger_controller_dag.py for tasks to queue
[2024-11-20T00:33:17.167+0000] {logging_mixin.py:190} INFO - [2024-11-20T00:33:17.167+0000] {dagbag.py:588} INFO - Filling up the DagBag from /home/ubuntu/airflow_venv/lib/python3.12/site-packages/airflow/example_dags/example_trigger_controller_dag.py
[2024-11-20T00:33:17.182+0000] {processor.py:925} INFO - DAG(s) 'example_trigger_controller_dag' retrieved from /home/ubuntu/airflow_venv/lib/python3.12/site-packages/airflow/example_dags/example_trigger_controller_dag.py
[2024-11-20T00:33:17.213+0000] {logging_mixin.py:190} INFO - [2024-11-20T00:33:17.213+0000] {dag.py:3239} INFO - Sync 1 DAGs
[2024-11-20T00:33:17.243+0000] {logging_mixin.py:190} INFO - [2024-11-20T00:33:17.243+0000] {dag.py:4180} INFO - Setting next_dagrun for example_trigger_controller_dag to 2021-01-01 00:00:00+00:00, run_after=2021-01-01 00:00:00+00:00
[2024-11-20T00:33:17.281+0000] {processor.py:208} INFO - Processing /home/ubuntu/airflow_venv/lib/python3.12/site-packages/airflow/example_dags/example_trigger_controller_dag.py took 0.130 seconds
[2024-11-20T00:34:21.527+0000] {processor.py:186} INFO - Started process (PID=4031) to work on /home/ubuntu/airflow_venv/lib/python3.12/site-packages/airflow/example_dags/example_trigger_controller_dag.py
[2024-11-20T00:34:21.528+0000] {processor.py:914} INFO - Processing file /home/ubuntu/airflow_venv/lib/python3.12/site-packages/airflow/example_dags/example_trigger_controller_dag.py for tasks to queue
[2024-11-20T00:34:21.529+0000] {logging_mixin.py:190} INFO - [2024-11-20T00:34:21.529+0000] {dagbag.py:588} INFO - Filling up the DagBag from /home/ubuntu/airflow_venv/lib/python3.12/site-packages/airflow/example_dags/example_trigger_controller_dag.py
[2024-11-20T00:34:21.537+0000] {processor.py:925} INFO - DAG(s) 'example_trigger_controller_dag' retrieved from /home/ubuntu/airflow_venv/lib/python3.12/site-packages/airflow/example_dags/example_trigger_controller_dag.py
[2024-11-20T00:34:21.550+0000] {logging_mixin.py:190} INFO - [2024-11-20T00:34:21.550+0000] {dag.py:3239} INFO - Sync 1 DAGs
[2024-11-20T00:34:21.571+0000] {logging_mixin.py:190} INFO - [2024-11-20T00:34:21.571+0000] {dag.py:4180} INFO - Setting next_dagrun for example_trigger_controller_dag to 2021-01-01 00:00:00+00:00, run_after=2021-01-01 00:00:00+00:00
[2024-11-20T00:34:21.591+0000] {processor.py:208} INFO - Processing /home/ubuntu/airflow_venv/lib/python3.12/site-packages/airflow/example_dags/example_trigger_controller_dag.py took 0.072 seconds
[2024-11-20T00:35:20.127+0000] {processor.py:186} INFO - Started process (PID=4116) to work on /home/ubuntu/airflow_venv/lib/python3.12/site-packages/airflow/example_dags/example_trigger_controller_dag.py
[2024-11-20T00:35:20.130+0000] {processor.py:914} INFO - Processing file /home/ubuntu/airflow_venv/lib/python3.12/site-packages/airflow/example_dags/example_trigger_controller_dag.py for tasks to queue
[2024-11-20T00:35:20.131+0000] {logging_mixin.py:190} INFO - [2024-11-20T00:35:20.130+0000] {dagbag.py:588} INFO - Filling up the DagBag from /home/ubuntu/airflow_venv/lib/python3.12/site-packages/airflow/example_dags/example_trigger_controller_dag.py
[2024-11-20T00:35:20.138+0000] {processor.py:925} INFO - DAG(s) 'example_trigger_controller_dag' retrieved from /home/ubuntu/airflow_venv/lib/python3.12/site-packages/airflow/example_dags/example_trigger_controller_dag.py
[2024-11-20T00:35:20.153+0000] {logging_mixin.py:190} INFO - [2024-11-20T00:35:20.152+0000] {dag.py:3239} INFO - Sync 1 DAGs
[2024-11-20T00:35:20.170+0000] {logging_mixin.py:190} INFO - [2024-11-20T00:35:20.170+0000] {dag.py:4180} INFO - Setting next_dagrun for example_trigger_controller_dag to 2021-01-01 00:00:00+00:00, run_after=2021-01-01 00:00:00+00:00
[2024-11-20T00:35:20.192+0000] {processor.py:208} INFO - Processing /home/ubuntu/airflow_venv/lib/python3.12/site-packages/airflow/example_dags/example_trigger_controller_dag.py took 0.072 seconds
[2024-11-20T00:36:14.929+0000] {processor.py:186} INFO - Started process (PID=4174) to work on /home/ubuntu/airflow_venv/lib/python3.12/site-packages/airflow/example_dags/example_trigger_controller_dag.py
[2024-11-20T00:36:14.930+0000] {processor.py:914} INFO - Processing file /home/ubuntu/airflow_venv/lib/python3.12/site-packages/airflow/example_dags/example_trigger_controller_dag.py for tasks to queue
[2024-11-20T00:36:14.932+0000] {logging_mixin.py:190} INFO - [2024-11-20T00:36:14.931+0000] {dagbag.py:588} INFO - Filling up the DagBag from /home/ubuntu/airflow_venv/lib/python3.12/site-packages/airflow/example_dags/example_trigger_controller_dag.py
[2024-11-20T00:36:14.939+0000] {processor.py:925} INFO - DAG(s) 'example_trigger_controller_dag' retrieved from /home/ubuntu/airflow_venv/lib/python3.12/site-packages/airflow/example_dags/example_trigger_controller_dag.py
[2024-11-20T00:36:14.954+0000] {logging_mixin.py:190} INFO - [2024-11-20T00:36:14.953+0000] {dag.py:3239} INFO - Sync 1 DAGs
[2024-11-20T00:36:14.973+0000] {logging_mixin.py:190} INFO - [2024-11-20T00:36:14.972+0000] {dag.py:4180} INFO - Setting next_dagrun for example_trigger_controller_dag to 2021-01-01 00:00:00+00:00, run_after=2021-01-01 00:00:00+00:00
[2024-11-20T00:36:14.995+0000] {processor.py:208} INFO - Processing /home/ubuntu/airflow_venv/lib/python3.12/site-packages/airflow/example_dags/example_trigger_controller_dag.py took 0.074 seconds
[2024-11-20T00:37:07.542+0000] {processor.py:186} INFO - Started process (PID=4228) to work on /home/ubuntu/airflow_venv/lib/python3.12/site-packages/airflow/example_dags/example_trigger_controller_dag.py
[2024-11-20T00:37:07.544+0000] {processor.py:914} INFO - Processing file /home/ubuntu/airflow_venv/lib/python3.12/site-packages/airflow/example_dags/example_trigger_controller_dag.py for tasks to queue
[2024-11-20T00:37:07.545+0000] {logging_mixin.py:190} INFO - [2024-11-20T00:37:07.544+0000] {dagbag.py:588} INFO - Filling up the DagBag from /home/ubuntu/airflow_venv/lib/python3.12/site-packages/airflow/example_dags/example_trigger_controller_dag.py
[2024-11-20T00:37:07.553+0000] {processor.py:925} INFO - DAG(s) 'example_trigger_controller_dag' retrieved from /home/ubuntu/airflow_venv/lib/python3.12/site-packages/airflow/example_dags/example_trigger_controller_dag.py
[2024-11-20T00:37:07.566+0000] {logging_mixin.py:190} INFO - [2024-11-20T00:37:07.566+0000] {dag.py:3239} INFO - Sync 1 DAGs
[2024-11-20T00:37:07.585+0000] {logging_mixin.py:190} INFO - [2024-11-20T00:37:07.585+0000] {dag.py:4180} INFO - Setting next_dagrun for example_trigger_controller_dag to 2021-01-01 00:00:00+00:00, run_after=2021-01-01 00:00:00+00:00
[2024-11-20T00:37:07.608+0000] {processor.py:208} INFO - Processing /home/ubuntu/airflow_venv/lib/python3.12/site-packages/airflow/example_dags/example_trigger_controller_dag.py took 0.072 seconds
[2024-11-20T00:38:05.251+0000] {processor.py:186} INFO - Started process (PID=4314) to work on /home/ubuntu/airflow_venv/lib/python3.12/site-packages/airflow/example_dags/example_trigger_controller_dag.py
[2024-11-20T00:38:05.253+0000] {processor.py:914} INFO - Processing file /home/ubuntu/airflow_venv/lib/python3.12/site-packages/airflow/example_dags/example_trigger_controller_dag.py for tasks to queue
[2024-11-20T00:38:05.255+0000] {logging_mixin.py:190} INFO - [2024-11-20T00:38:05.254+0000] {dagbag.py:588} INFO - Filling up the DagBag from /home/ubuntu/airflow_venv/lib/python3.12/site-packages/airflow/example_dags/example_trigger_controller_dag.py
[2024-11-20T00:38:05.262+0000] {processor.py:925} INFO - DAG(s) 'example_trigger_controller_dag' retrieved from /home/ubuntu/airflow_venv/lib/python3.12/site-packages/airflow/example_dags/example_trigger_controller_dag.py
[2024-11-20T00:38:05.277+0000] {logging_mixin.py:190} INFO - [2024-11-20T00:38:05.277+0000] {dag.py:3239} INFO - Sync 1 DAGs
[2024-11-20T00:38:05.296+0000] {logging_mixin.py:190} INFO - [2024-11-20T00:38:05.295+0000] {dag.py:4180} INFO - Setting next_dagrun for example_trigger_controller_dag to 2021-01-01 00:00:00+00:00, run_after=2021-01-01 00:00:00+00:00
[2024-11-20T00:38:05.319+0000] {processor.py:208} INFO - Processing /home/ubuntu/airflow_venv/lib/python3.12/site-packages/airflow/example_dags/example_trigger_controller_dag.py took 0.075 seconds
[2024-11-20T00:39:01.152+0000] {processor.py:186} INFO - Started process (PID=4372) to work on /home/ubuntu/airflow_venv/lib/python3.12/site-packages/airflow/example_dags/example_trigger_controller_dag.py
[2024-11-20T00:39:01.154+0000] {processor.py:914} INFO - Processing file /home/ubuntu/airflow_venv/lib/python3.12/site-packages/airflow/example_dags/example_trigger_controller_dag.py for tasks to queue
[2024-11-20T00:39:01.156+0000] {logging_mixin.py:190} INFO - [2024-11-20T00:39:01.156+0000] {dagbag.py:588} INFO - Filling up the DagBag from /home/ubuntu/airflow_venv/lib/python3.12/site-packages/airflow/example_dags/example_trigger_controller_dag.py
[2024-11-20T00:39:01.162+0000] {processor.py:925} INFO - DAG(s) 'example_trigger_controller_dag' retrieved from /home/ubuntu/airflow_venv/lib/python3.12/site-packages/airflow/example_dags/example_trigger_controller_dag.py
[2024-11-20T00:39:01.178+0000] {logging_mixin.py:190} INFO - [2024-11-20T00:39:01.177+0000] {dag.py:3239} INFO - Sync 1 DAGs
[2024-11-20T00:39:01.197+0000] {logging_mixin.py:190} INFO - [2024-11-20T00:39:01.196+0000] {dag.py:4180} INFO - Setting next_dagrun for example_trigger_controller_dag to 2021-01-01 00:00:00+00:00, run_after=2021-01-01 00:00:00+00:00
[2024-11-20T00:39:01.218+0000] {processor.py:208} INFO - Processing /home/ubuntu/airflow_venv/lib/python3.12/site-packages/airflow/example_dags/example_trigger_controller_dag.py took 0.073 seconds
[2024-11-20T00:40:04.542+0000] {processor.py:186} INFO - Started process (PID=4467) to work on /home/ubuntu/airflow_venv/lib/python3.12/site-packages/airflow/example_dags/example_trigger_controller_dag.py
[2024-11-20T00:40:04.544+0000] {processor.py:914} INFO - Processing file /home/ubuntu/airflow_venv/lib/python3.12/site-packages/airflow/example_dags/example_trigger_controller_dag.py for tasks to queue
[2024-11-20T00:40:04.545+0000] {logging_mixin.py:190} INFO - [2024-11-20T00:40:04.545+0000] {dagbag.py:588} INFO - Filling up the DagBag from /home/ubuntu/airflow_venv/lib/python3.12/site-packages/airflow/example_dags/example_trigger_controller_dag.py
[2024-11-20T00:40:04.552+0000] {processor.py:925} INFO - DAG(s) 'example_trigger_controller_dag' retrieved from /home/ubuntu/airflow_venv/lib/python3.12/site-packages/airflow/example_dags/example_trigger_controller_dag.py
[2024-11-20T00:40:04.568+0000] {logging_mixin.py:190} INFO - [2024-11-20T00:40:04.567+0000] {dag.py:3239} INFO - Sync 1 DAGs
[2024-11-20T00:40:04.587+0000] {logging_mixin.py:190} INFO - [2024-11-20T00:40:04.587+0000] {dag.py:4180} INFO - Setting next_dagrun for example_trigger_controller_dag to 2021-01-01 00:00:00+00:00, run_after=2021-01-01 00:00:00+00:00
[2024-11-20T00:40:04.610+0000] {processor.py:208} INFO - Processing /home/ubuntu/airflow_venv/lib/python3.12/site-packages/airflow/example_dags/example_trigger_controller_dag.py took 0.075 seconds
[2024-11-20T00:41:01.218+0000] {processor.py:186} INFO - Started process (PID=4529) to work on /home/ubuntu/airflow_venv/lib/python3.12/site-packages/airflow/example_dags/example_trigger_controller_dag.py
[2024-11-20T00:41:01.219+0000] {processor.py:914} INFO - Processing file /home/ubuntu/airflow_venv/lib/python3.12/site-packages/airflow/example_dags/example_trigger_controller_dag.py for tasks to queue
[2024-11-20T00:41:01.222+0000] {logging_mixin.py:190} INFO - [2024-11-20T00:41:01.221+0000] {dagbag.py:588} INFO - Filling up the DagBag from /home/ubuntu/airflow_venv/lib/python3.12/site-packages/airflow/example_dags/example_trigger_controller_dag.py
[2024-11-20T00:41:01.229+0000] {processor.py:925} INFO - DAG(s) 'example_trigger_controller_dag' retrieved from /home/ubuntu/airflow_venv/lib/python3.12/site-packages/airflow/example_dags/example_trigger_controller_dag.py
[2024-11-20T00:41:01.244+0000] {logging_mixin.py:190} INFO - [2024-11-20T00:41:01.243+0000] {dag.py:3239} INFO - Sync 1 DAGs
[2024-11-20T00:41:01.265+0000] {logging_mixin.py:190} INFO - [2024-11-20T00:41:01.265+0000] {dag.py:4180} INFO - Setting next_dagrun for example_trigger_controller_dag to 2021-01-01 00:00:00+00:00, run_after=2021-01-01 00:00:00+00:00
[2024-11-20T00:41:01.292+0000] {processor.py:208} INFO - Processing /home/ubuntu/airflow_venv/lib/python3.12/site-packages/airflow/example_dags/example_trigger_controller_dag.py took 0.080 seconds
[2024-11-20T00:41:52.673+0000] {processor.py:186} INFO - Started process (PID=4584) to work on /home/ubuntu/airflow_venv/lib/python3.12/site-packages/airflow/example_dags/example_trigger_controller_dag.py
[2024-11-20T00:41:52.675+0000] {processor.py:914} INFO - Processing file /home/ubuntu/airflow_venv/lib/python3.12/site-packages/airflow/example_dags/example_trigger_controller_dag.py for tasks to queue
[2024-11-20T00:41:52.676+0000] {logging_mixin.py:190} INFO - [2024-11-20T00:41:52.676+0000] {dagbag.py:588} INFO - Filling up the DagBag from /home/ubuntu/airflow_venv/lib/python3.12/site-packages/airflow/example_dags/example_trigger_controller_dag.py
[2024-11-20T00:41:52.684+0000] {processor.py:925} INFO - DAG(s) 'example_trigger_controller_dag' retrieved from /home/ubuntu/airflow_venv/lib/python3.12/site-packages/airflow/example_dags/example_trigger_controller_dag.py
[2024-11-20T00:41:52.698+0000] {logging_mixin.py:190} INFO - [2024-11-20T00:41:52.698+0000] {dag.py:3239} INFO - Sync 1 DAGs
[2024-11-20T00:41:52.716+0000] {logging_mixin.py:190} INFO - [2024-11-20T00:41:52.716+0000] {dag.py:4180} INFO - Setting next_dagrun for example_trigger_controller_dag to 2021-01-01 00:00:00+00:00, run_after=2021-01-01 00:00:00+00:00
[2024-11-20T00:41:52.737+0000] {processor.py:208} INFO - Processing /home/ubuntu/airflow_venv/lib/python3.12/site-packages/airflow/example_dags/example_trigger_controller_dag.py took 0.072 seconds
[2024-11-20T00:42:46.854+0000] {processor.py:186} INFO - Started process (PID=4639) to work on /home/ubuntu/airflow_venv/lib/python3.12/site-packages/airflow/example_dags/example_trigger_controller_dag.py
[2024-11-20T00:42:46.855+0000] {processor.py:914} INFO - Processing file /home/ubuntu/airflow_venv/lib/python3.12/site-packages/airflow/example_dags/example_trigger_controller_dag.py for tasks to queue
[2024-11-20T00:42:46.856+0000] {logging_mixin.py:190} INFO - [2024-11-20T00:42:46.856+0000] {dagbag.py:588} INFO - Filling up the DagBag from /home/ubuntu/airflow_venv/lib/python3.12/site-packages/airflow/example_dags/example_trigger_controller_dag.py
[2024-11-20T00:42:46.864+0000] {processor.py:925} INFO - DAG(s) 'example_trigger_controller_dag' retrieved from /home/ubuntu/airflow_venv/lib/python3.12/site-packages/airflow/example_dags/example_trigger_controller_dag.py
[2024-11-20T00:42:46.879+0000] {logging_mixin.py:190} INFO - [2024-11-20T00:42:46.879+0000] {dag.py:3239} INFO - Sync 1 DAGs
[2024-11-20T00:42:46.897+0000] {logging_mixin.py:190} INFO - [2024-11-20T00:42:46.897+0000] {dag.py:4180} INFO - Setting next_dagrun for example_trigger_controller_dag to 2021-01-01 00:00:00+00:00, run_after=2021-01-01 00:00:00+00:00
[2024-11-20T00:42:46.919+0000] {processor.py:208} INFO - Processing /home/ubuntu/airflow_venv/lib/python3.12/site-packages/airflow/example_dags/example_trigger_controller_dag.py took 0.073 seconds
[2024-11-20T00:43:43.428+0000] {processor.py:186} INFO - Started process (PID=4698) to work on /home/ubuntu/airflow_venv/lib/python3.12/site-packages/airflow/example_dags/example_trigger_controller_dag.py
[2024-11-20T00:43:43.430+0000] {processor.py:914} INFO - Processing file /home/ubuntu/airflow_venv/lib/python3.12/site-packages/airflow/example_dags/example_trigger_controller_dag.py for tasks to queue
[2024-11-20T00:43:43.432+0000] {logging_mixin.py:190} INFO - [2024-11-20T00:43:43.431+0000] {dagbag.py:588} INFO - Filling up the DagBag from /home/ubuntu/airflow_venv/lib/python3.12/site-packages/airflow/example_dags/example_trigger_controller_dag.py
[2024-11-20T00:43:43.439+0000] {processor.py:925} INFO - DAG(s) 'example_trigger_controller_dag' retrieved from /home/ubuntu/airflow_venv/lib/python3.12/site-packages/airflow/example_dags/example_trigger_controller_dag.py
[2024-11-20T00:43:43.452+0000] {logging_mixin.py:190} INFO - [2024-11-20T00:43:43.452+0000] {dag.py:3239} INFO - Sync 1 DAGs
[2024-11-20T00:43:43.471+0000] {logging_mixin.py:190} INFO - [2024-11-20T00:43:43.471+0000] {dag.py:4180} INFO - Setting next_dagrun for example_trigger_controller_dag to 2021-01-01 00:00:00+00:00, run_after=2021-01-01 00:00:00+00:00
[2024-11-20T00:43:43.494+0000] {processor.py:208} INFO - Processing /home/ubuntu/airflow_venv/lib/python3.12/site-packages/airflow/example_dags/example_trigger_controller_dag.py took 0.072 seconds
[2024-11-20T00:44:36.612+0000] {processor.py:186} INFO - Started process (PID=4753) to work on /home/ubuntu/airflow_venv/lib/python3.12/site-packages/airflow/example_dags/example_trigger_controller_dag.py
[2024-11-20T00:44:36.614+0000] {processor.py:914} INFO - Processing file /home/ubuntu/airflow_venv/lib/python3.12/site-packages/airflow/example_dags/example_trigger_controller_dag.py for tasks to queue
[2024-11-20T00:44:36.615+0000] {logging_mixin.py:190} INFO - [2024-11-20T00:44:36.615+0000] {dagbag.py:588} INFO - Filling up the DagBag from /home/ubuntu/airflow_venv/lib/python3.12/site-packages/airflow/example_dags/example_trigger_controller_dag.py
[2024-11-20T00:44:36.624+0000] {processor.py:925} INFO - DAG(s) 'example_trigger_controller_dag' retrieved from /home/ubuntu/airflow_venv/lib/python3.12/site-packages/airflow/example_dags/example_trigger_controller_dag.py
[2024-11-20T00:44:36.637+0000] {logging_mixin.py:190} INFO - [2024-11-20T00:44:36.637+0000] {dag.py:3239} INFO - Sync 1 DAGs
[2024-11-20T00:44:36.656+0000] {logging_mixin.py:190} INFO - [2024-11-20T00:44:36.656+0000] {dag.py:4180} INFO - Setting next_dagrun for example_trigger_controller_dag to 2021-01-01 00:00:00+00:00, run_after=2021-01-01 00:00:00+00:00
[2024-11-20T00:44:36.677+0000] {processor.py:208} INFO - Processing /home/ubuntu/airflow_venv/lib/python3.12/site-packages/airflow/example_dags/example_trigger_controller_dag.py took 0.080 seconds
[2024-11-20T00:45:32.535+0000] {processor.py:186} INFO - Started process (PID=4813) to work on /home/ubuntu/airflow_venv/lib/python3.12/site-packages/airflow/example_dags/example_trigger_controller_dag.py
[2024-11-20T00:45:32.537+0000] {processor.py:914} INFO - Processing file /home/ubuntu/airflow_venv/lib/python3.12/site-packages/airflow/example_dags/example_trigger_controller_dag.py for tasks to queue
[2024-11-20T00:45:32.538+0000] {logging_mixin.py:190} INFO - [2024-11-20T00:45:32.538+0000] {dagbag.py:588} INFO - Filling up the DagBag from /home/ubuntu/airflow_venv/lib/python3.12/site-packages/airflow/example_dags/example_trigger_controller_dag.py
[2024-11-20T00:45:32.546+0000] {processor.py:925} INFO - DAG(s) 'example_trigger_controller_dag' retrieved from /home/ubuntu/airflow_venv/lib/python3.12/site-packages/airflow/example_dags/example_trigger_controller_dag.py
[2024-11-20T00:45:32.559+0000] {logging_mixin.py:190} INFO - [2024-11-20T00:45:32.559+0000] {dag.py:3239} INFO - Sync 1 DAGs
[2024-11-20T00:45:32.579+0000] {logging_mixin.py:190} INFO - [2024-11-20T00:45:32.579+0000] {dag.py:4180} INFO - Setting next_dagrun for example_trigger_controller_dag to 2021-01-01 00:00:00+00:00, run_after=2021-01-01 00:00:00+00:00
[2024-11-20T00:45:32.602+0000] {processor.py:208} INFO - Processing /home/ubuntu/airflow_venv/lib/python3.12/site-packages/airflow/example_dags/example_trigger_controller_dag.py took 0.074 seconds
[2024-11-20T00:46:26.749+0000] {processor.py:186} INFO - Started process (PID=4870) to work on /home/ubuntu/airflow_venv/lib/python3.12/site-packages/airflow/example_dags/example_trigger_controller_dag.py
[2024-11-20T00:46:26.752+0000] {processor.py:914} INFO - Processing file /home/ubuntu/airflow_venv/lib/python3.12/site-packages/airflow/example_dags/example_trigger_controller_dag.py for tasks to queue
[2024-11-20T00:46:26.753+0000] {logging_mixin.py:190} INFO - [2024-11-20T00:46:26.753+0000] {dagbag.py:588} INFO - Filling up the DagBag from /home/ubuntu/airflow_venv/lib/python3.12/site-packages/airflow/example_dags/example_trigger_controller_dag.py
[2024-11-20T00:46:26.760+0000] {processor.py:925} INFO - DAG(s) 'example_trigger_controller_dag' retrieved from /home/ubuntu/airflow_venv/lib/python3.12/site-packages/airflow/example_dags/example_trigger_controller_dag.py
[2024-11-20T00:46:26.774+0000] {logging_mixin.py:190} INFO - [2024-11-20T00:46:26.774+0000] {dag.py:3239} INFO - Sync 1 DAGs
[2024-11-20T00:46:26.792+0000] {logging_mixin.py:190} INFO - [2024-11-20T00:46:26.792+0000] {dag.py:4180} INFO - Setting next_dagrun for example_trigger_controller_dag to 2021-01-01 00:00:00+00:00, run_after=2021-01-01 00:00:00+00:00
[2024-11-20T00:46:26.815+0000] {processor.py:208} INFO - Processing /home/ubuntu/airflow_venv/lib/python3.12/site-packages/airflow/example_dags/example_trigger_controller_dag.py took 0.073 seconds
[2024-11-20T00:47:19.476+0000] {processor.py:186} INFO - Started process (PID=4924) to work on /home/ubuntu/airflow_venv/lib/python3.12/site-packages/airflow/example_dags/example_trigger_controller_dag.py
[2024-11-20T00:47:19.478+0000] {processor.py:914} INFO - Processing file /home/ubuntu/airflow_venv/lib/python3.12/site-packages/airflow/example_dags/example_trigger_controller_dag.py for tasks to queue
[2024-11-20T00:47:19.480+0000] {logging_mixin.py:190} INFO - [2024-11-20T00:47:19.478+0000] {dagbag.py:588} INFO - Filling up the DagBag from /home/ubuntu/airflow_venv/lib/python3.12/site-packages/airflow/example_dags/example_trigger_controller_dag.py
[2024-11-20T00:47:19.487+0000] {processor.py:925} INFO - DAG(s) 'example_trigger_controller_dag' retrieved from /home/ubuntu/airflow_venv/lib/python3.12/site-packages/airflow/example_dags/example_trigger_controller_dag.py
[2024-11-20T00:47:19.502+0000] {logging_mixin.py:190} INFO - [2024-11-20T00:47:19.502+0000] {dag.py:3239} INFO - Sync 1 DAGs
[2024-11-20T00:47:19.520+0000] {logging_mixin.py:190} INFO - [2024-11-20T00:47:19.520+0000] {dag.py:4180} INFO - Setting next_dagrun for example_trigger_controller_dag to 2021-01-01 00:00:00+00:00, run_after=2021-01-01 00:00:00+00:00
[2024-11-20T00:47:19.542+0000] {processor.py:208} INFO - Processing /home/ubuntu/airflow_venv/lib/python3.12/site-packages/airflow/example_dags/example_trigger_controller_dag.py took 0.072 seconds
[2024-11-20T00:48:10.817+0000] {processor.py:186} INFO - Started process (PID=4978) to work on /home/ubuntu/airflow_venv/lib/python3.12/site-packages/airflow/example_dags/example_trigger_controller_dag.py
[2024-11-20T00:48:10.819+0000] {processor.py:914} INFO - Processing file /home/ubuntu/airflow_venv/lib/python3.12/site-packages/airflow/example_dags/example_trigger_controller_dag.py for tasks to queue
[2024-11-20T00:48:10.821+0000] {logging_mixin.py:190} INFO - [2024-11-20T00:48:10.819+0000] {dagbag.py:588} INFO - Filling up the DagBag from /home/ubuntu/airflow_venv/lib/python3.12/site-packages/airflow/example_dags/example_trigger_controller_dag.py
[2024-11-20T00:48:10.828+0000] {processor.py:925} INFO - DAG(s) 'example_trigger_controller_dag' retrieved from /home/ubuntu/airflow_venv/lib/python3.12/site-packages/airflow/example_dags/example_trigger_controller_dag.py
[2024-11-20T00:48:10.841+0000] {logging_mixin.py:190} INFO - [2024-11-20T00:48:10.841+0000] {dag.py:3239} INFO - Sync 1 DAGs
[2024-11-20T00:48:10.861+0000] {logging_mixin.py:190} INFO - [2024-11-20T00:48:10.861+0000] {dag.py:4180} INFO - Setting next_dagrun for example_trigger_controller_dag to 2021-01-01 00:00:00+00:00, run_after=2021-01-01 00:00:00+00:00
[2024-11-20T00:48:10.882+0000] {processor.py:208} INFO - Processing /home/ubuntu/airflow_venv/lib/python3.12/site-packages/airflow/example_dags/example_trigger_controller_dag.py took 0.072 seconds
[2024-11-20T00:49:05.626+0000] {processor.py:186} INFO - Started process (PID=5034) to work on /home/ubuntu/airflow_venv/lib/python3.12/site-packages/airflow/example_dags/example_trigger_controller_dag.py
[2024-11-20T00:49:05.627+0000] {processor.py:914} INFO - Processing file /home/ubuntu/airflow_venv/lib/python3.12/site-packages/airflow/example_dags/example_trigger_controller_dag.py for tasks to queue
[2024-11-20T00:49:05.628+0000] {logging_mixin.py:190} INFO - [2024-11-20T00:49:05.628+0000] {dagbag.py:588} INFO - Filling up the DagBag from /home/ubuntu/airflow_venv/lib/python3.12/site-packages/airflow/example_dags/example_trigger_controller_dag.py
[2024-11-20T00:49:05.635+0000] {processor.py:925} INFO - DAG(s) 'example_trigger_controller_dag' retrieved from /home/ubuntu/airflow_venv/lib/python3.12/site-packages/airflow/example_dags/example_trigger_controller_dag.py
[2024-11-20T00:49:05.650+0000] {logging_mixin.py:190} INFO - [2024-11-20T00:49:05.650+0000] {dag.py:3239} INFO - Sync 1 DAGs
[2024-11-20T00:49:05.669+0000] {logging_mixin.py:190} INFO - [2024-11-20T00:49:05.669+0000] {dag.py:4180} INFO - Setting next_dagrun for example_trigger_controller_dag to 2021-01-01 00:00:00+00:00, run_after=2021-01-01 00:00:00+00:00
[2024-11-20T00:49:05.690+0000] {processor.py:208} INFO - Processing /home/ubuntu/airflow_venv/lib/python3.12/site-packages/airflow/example_dags/example_trigger_controller_dag.py took 0.072 seconds
[2024-11-20T00:50:00.403+0000] {processor.py:186} INFO - Started process (PID=5090) to work on /home/ubuntu/airflow_venv/lib/python3.12/site-packages/airflow/example_dags/example_trigger_controller_dag.py
[2024-11-20T00:50:00.405+0000] {processor.py:914} INFO - Processing file /home/ubuntu/airflow_venv/lib/python3.12/site-packages/airflow/example_dags/example_trigger_controller_dag.py for tasks to queue
[2024-11-20T00:50:00.407+0000] {logging_mixin.py:190} INFO - [2024-11-20T00:50:00.406+0000] {dagbag.py:588} INFO - Filling up the DagBag from /home/ubuntu/airflow_venv/lib/python3.12/site-packages/airflow/example_dags/example_trigger_controller_dag.py
[2024-11-20T00:50:00.414+0000] {processor.py:925} INFO - DAG(s) 'example_trigger_controller_dag' retrieved from /home/ubuntu/airflow_venv/lib/python3.12/site-packages/airflow/example_dags/example_trigger_controller_dag.py
[2024-11-20T00:50:00.428+0000] {logging_mixin.py:190} INFO - [2024-11-20T00:50:00.428+0000] {dag.py:3239} INFO - Sync 1 DAGs
[2024-11-20T00:50:00.447+0000] {logging_mixin.py:190} INFO - [2024-11-20T00:50:00.447+0000] {dag.py:4180} INFO - Setting next_dagrun for example_trigger_controller_dag to 2021-01-01 00:00:00+00:00, run_after=2021-01-01 00:00:00+00:00
[2024-11-20T00:50:00.471+0000] {processor.py:208} INFO - Processing /home/ubuntu/airflow_venv/lib/python3.12/site-packages/airflow/example_dags/example_trigger_controller_dag.py took 0.074 seconds
[2024-11-20T00:50:52.757+0000] {processor.py:186} INFO - Started process (PID=5149) to work on /home/ubuntu/airflow_venv/lib/python3.12/site-packages/airflow/example_dags/example_trigger_controller_dag.py
[2024-11-20T00:50:52.759+0000] {processor.py:914} INFO - Processing file /home/ubuntu/airflow_venv/lib/python3.12/site-packages/airflow/example_dags/example_trigger_controller_dag.py for tasks to queue
[2024-11-20T00:50:52.761+0000] {logging_mixin.py:190} INFO - [2024-11-20T00:50:52.760+0000] {dagbag.py:588} INFO - Filling up the DagBag from /home/ubuntu/airflow_venv/lib/python3.12/site-packages/airflow/example_dags/example_trigger_controller_dag.py
[2024-11-20T00:50:52.767+0000] {processor.py:925} INFO - DAG(s) 'example_trigger_controller_dag' retrieved from /home/ubuntu/airflow_venv/lib/python3.12/site-packages/airflow/example_dags/example_trigger_controller_dag.py
[2024-11-20T00:50:52.783+0000] {logging_mixin.py:190} INFO - [2024-11-20T00:50:52.782+0000] {dag.py:3239} INFO - Sync 1 DAGs
[2024-11-20T00:50:52.800+0000] {logging_mixin.py:190} INFO - [2024-11-20T00:50:52.800+0000] {dag.py:4180} INFO - Setting next_dagrun for example_trigger_controller_dag to 2021-01-01 00:00:00+00:00, run_after=2021-01-01 00:00:00+00:00
[2024-11-20T00:50:52.824+0000] {processor.py:208} INFO - Processing /home/ubuntu/airflow_venv/lib/python3.12/site-packages/airflow/example_dags/example_trigger_controller_dag.py took 0.073 seconds
[2024-11-20T00:51:51.746+0000] {processor.py:186} INFO - Started process (PID=5208) to work on /home/ubuntu/airflow_venv/lib/python3.12/site-packages/airflow/example_dags/example_trigger_controller_dag.py
[2024-11-20T00:51:51.747+0000] {processor.py:914} INFO - Processing file /home/ubuntu/airflow_venv/lib/python3.12/site-packages/airflow/example_dags/example_trigger_controller_dag.py for tasks to queue
[2024-11-20T00:51:51.749+0000] {logging_mixin.py:190} INFO - [2024-11-20T00:51:51.748+0000] {dagbag.py:588} INFO - Filling up the DagBag from /home/ubuntu/airflow_venv/lib/python3.12/site-packages/airflow/example_dags/example_trigger_controller_dag.py
[2024-11-20T00:51:51.756+0000] {processor.py:925} INFO - DAG(s) 'example_trigger_controller_dag' retrieved from /home/ubuntu/airflow_venv/lib/python3.12/site-packages/airflow/example_dags/example_trigger_controller_dag.py
[2024-11-20T00:51:51.771+0000] {logging_mixin.py:190} INFO - [2024-11-20T00:51:51.771+0000] {dag.py:3239} INFO - Sync 1 DAGs
[2024-11-20T00:51:51.789+0000] {logging_mixin.py:190} INFO - [2024-11-20T00:51:51.789+0000] {dag.py:4180} INFO - Setting next_dagrun for example_trigger_controller_dag to 2021-01-01 00:00:00+00:00, run_after=2021-01-01 00:00:00+00:00
[2024-11-20T00:51:51.811+0000] {processor.py:208} INFO - Processing /home/ubuntu/airflow_venv/lib/python3.12/site-packages/airflow/example_dags/example_trigger_controller_dag.py took 0.073 seconds
[2024-11-20T00:52:46.592+0000] {processor.py:186} INFO - Started process (PID=5264) to work on /home/ubuntu/airflow_venv/lib/python3.12/site-packages/airflow/example_dags/example_trigger_controller_dag.py
[2024-11-20T00:52:46.593+0000] {processor.py:914} INFO - Processing file /home/ubuntu/airflow_venv/lib/python3.12/site-packages/airflow/example_dags/example_trigger_controller_dag.py for tasks to queue
[2024-11-20T00:52:46.595+0000] {logging_mixin.py:190} INFO - [2024-11-20T00:52:46.594+0000] {dagbag.py:588} INFO - Filling up the DagBag from /home/ubuntu/airflow_venv/lib/python3.12/site-packages/airflow/example_dags/example_trigger_controller_dag.py
[2024-11-20T00:52:46.601+0000] {processor.py:925} INFO - DAG(s) 'example_trigger_controller_dag' retrieved from /home/ubuntu/airflow_venv/lib/python3.12/site-packages/airflow/example_dags/example_trigger_controller_dag.py
[2024-11-20T00:52:46.616+0000] {logging_mixin.py:190} INFO - [2024-11-20T00:52:46.616+0000] {dag.py:3239} INFO - Sync 1 DAGs
[2024-11-20T00:52:46.635+0000] {logging_mixin.py:190} INFO - [2024-11-20T00:52:46.635+0000] {dag.py:4180} INFO - Setting next_dagrun for example_trigger_controller_dag to 2021-01-01 00:00:00+00:00, run_after=2021-01-01 00:00:00+00:00
[2024-11-20T00:52:46.656+0000] {processor.py:208} INFO - Processing /home/ubuntu/airflow_venv/lib/python3.12/site-packages/airflow/example_dags/example_trigger_controller_dag.py took 0.071 seconds
[2024-11-20T00:53:44.275+0000] {processor.py:186} INFO - Started process (PID=5322) to work on /home/ubuntu/airflow_venv/lib/python3.12/site-packages/airflow/example_dags/example_trigger_controller_dag.py
[2024-11-20T00:53:44.276+0000] {processor.py:914} INFO - Processing file /home/ubuntu/airflow_venv/lib/python3.12/site-packages/airflow/example_dags/example_trigger_controller_dag.py for tasks to queue
[2024-11-20T00:53:44.278+0000] {logging_mixin.py:190} INFO - [2024-11-20T00:53:44.278+0000] {dagbag.py:588} INFO - Filling up the DagBag from /home/ubuntu/airflow_venv/lib/python3.12/site-packages/airflow/example_dags/example_trigger_controller_dag.py
[2024-11-20T00:53:44.285+0000] {processor.py:925} INFO - DAG(s) 'example_trigger_controller_dag' retrieved from /home/ubuntu/airflow_venv/lib/python3.12/site-packages/airflow/example_dags/example_trigger_controller_dag.py
[2024-11-20T00:53:44.300+0000] {logging_mixin.py:190} INFO - [2024-11-20T00:53:44.300+0000] {dag.py:3239} INFO - Sync 1 DAGs
[2024-11-20T00:53:44.319+0000] {logging_mixin.py:190} INFO - [2024-11-20T00:53:44.319+0000] {dag.py:4180} INFO - Setting next_dagrun for example_trigger_controller_dag to 2021-01-01 00:00:00+00:00, run_after=2021-01-01 00:00:00+00:00
[2024-11-20T00:53:44.341+0000] {processor.py:208} INFO - Processing /home/ubuntu/airflow_venv/lib/python3.12/site-packages/airflow/example_dags/example_trigger_controller_dag.py took 0.073 seconds
[2024-11-20T00:54:34.556+0000] {processor.py:186} INFO - Started process (PID=5389) to work on /home/ubuntu/airflow_venv/lib/python3.12/site-packages/airflow/example_dags/example_trigger_controller_dag.py
[2024-11-20T00:54:34.557+0000] {processor.py:914} INFO - Processing file /home/ubuntu/airflow_venv/lib/python3.12/site-packages/airflow/example_dags/example_trigger_controller_dag.py for tasks to queue
[2024-11-20T00:54:34.558+0000] {logging_mixin.py:190} INFO - [2024-11-20T00:54:34.558+0000] {dagbag.py:588} INFO - Filling up the DagBag from /home/ubuntu/airflow_venv/lib/python3.12/site-packages/airflow/example_dags/example_trigger_controller_dag.py
[2024-11-20T00:54:34.566+0000] {processor.py:925} INFO - DAG(s) 'example_trigger_controller_dag' retrieved from /home/ubuntu/airflow_venv/lib/python3.12/site-packages/airflow/example_dags/example_trigger_controller_dag.py
[2024-11-20T00:54:34.579+0000] {logging_mixin.py:190} INFO - [2024-11-20T00:54:34.579+0000] {dag.py:3239} INFO - Sync 1 DAGs
[2024-11-20T00:54:34.598+0000] {logging_mixin.py:190} INFO - [2024-11-20T00:54:34.597+0000] {dag.py:4180} INFO - Setting next_dagrun for example_trigger_controller_dag to 2021-01-01 00:00:00+00:00, run_after=2021-01-01 00:00:00+00:00
[2024-11-20T00:54:34.619+0000] {processor.py:208} INFO - Processing /home/ubuntu/airflow_venv/lib/python3.12/site-packages/airflow/example_dags/example_trigger_controller_dag.py took 0.070 seconds
[2024-11-20T00:55:28.410+0000] {processor.py:186} INFO - Started process (PID=5448) to work on /home/ubuntu/airflow_venv/lib/python3.12/site-packages/airflow/example_dags/example_trigger_controller_dag.py
[2024-11-20T00:55:28.412+0000] {processor.py:914} INFO - Processing file /home/ubuntu/airflow_venv/lib/python3.12/site-packages/airflow/example_dags/example_trigger_controller_dag.py for tasks to queue
[2024-11-20T00:55:28.414+0000] {logging_mixin.py:190} INFO - [2024-11-20T00:55:28.414+0000] {dagbag.py:588} INFO - Filling up the DagBag from /home/ubuntu/airflow_venv/lib/python3.12/site-packages/airflow/example_dags/example_trigger_controller_dag.py
[2024-11-20T00:55:28.421+0000] {processor.py:925} INFO - DAG(s) 'example_trigger_controller_dag' retrieved from /home/ubuntu/airflow_venv/lib/python3.12/site-packages/airflow/example_dags/example_trigger_controller_dag.py
[2024-11-20T00:55:28.435+0000] {logging_mixin.py:190} INFO - [2024-11-20T00:55:28.435+0000] {dag.py:3239} INFO - Sync 1 DAGs
[2024-11-20T00:55:28.453+0000] {logging_mixin.py:190} INFO - [2024-11-20T00:55:28.453+0000] {dag.py:4180} INFO - Setting next_dagrun for example_trigger_controller_dag to 2021-01-01 00:00:00+00:00, run_after=2021-01-01 00:00:00+00:00
[2024-11-20T00:55:28.474+0000] {processor.py:208} INFO - Processing /home/ubuntu/airflow_venv/lib/python3.12/site-packages/airflow/example_dags/example_trigger_controller_dag.py took 0.071 seconds
[2024-11-20T00:56:20.561+0000] {processor.py:186} INFO - Started process (PID=5503) to work on /home/ubuntu/airflow_venv/lib/python3.12/site-packages/airflow/example_dags/example_trigger_controller_dag.py
[2024-11-20T00:56:20.563+0000] {processor.py:914} INFO - Processing file /home/ubuntu/airflow_venv/lib/python3.12/site-packages/airflow/example_dags/example_trigger_controller_dag.py for tasks to queue
[2024-11-20T00:56:20.564+0000] {logging_mixin.py:190} INFO - [2024-11-20T00:56:20.564+0000] {dagbag.py:588} INFO - Filling up the DagBag from /home/ubuntu/airflow_venv/lib/python3.12/site-packages/airflow/example_dags/example_trigger_controller_dag.py
[2024-11-20T00:56:20.572+0000] {processor.py:925} INFO - DAG(s) 'example_trigger_controller_dag' retrieved from /home/ubuntu/airflow_venv/lib/python3.12/site-packages/airflow/example_dags/example_trigger_controller_dag.py
[2024-11-20T00:56:20.592+0000] {logging_mixin.py:190} INFO - [2024-11-20T00:56:20.592+0000] {dag.py:3239} INFO - Sync 1 DAGs
[2024-11-20T00:56:20.611+0000] {logging_mixin.py:190} INFO - [2024-11-20T00:56:20.611+0000] {dag.py:4180} INFO - Setting next_dagrun for example_trigger_controller_dag to 2021-01-01 00:00:00+00:00, run_after=2021-01-01 00:00:00+00:00
[2024-11-20T00:56:20.634+0000] {processor.py:208} INFO - Processing /home/ubuntu/airflow_venv/lib/python3.12/site-packages/airflow/example_dags/example_trigger_controller_dag.py took 0.080 seconds
[2024-11-20T00:57:13.918+0000] {processor.py:186} INFO - Started process (PID=5560) to work on /home/ubuntu/airflow_venv/lib/python3.12/site-packages/airflow/example_dags/example_trigger_controller_dag.py
[2024-11-20T00:57:13.920+0000] {processor.py:914} INFO - Processing file /home/ubuntu/airflow_venv/lib/python3.12/site-packages/airflow/example_dags/example_trigger_controller_dag.py for tasks to queue
[2024-11-20T00:57:13.922+0000] {logging_mixin.py:190} INFO - [2024-11-20T00:57:13.921+0000] {dagbag.py:588} INFO - Filling up the DagBag from /home/ubuntu/airflow_venv/lib/python3.12/site-packages/airflow/example_dags/example_trigger_controller_dag.py
[2024-11-20T00:57:13.928+0000] {processor.py:925} INFO - DAG(s) 'example_trigger_controller_dag' retrieved from /home/ubuntu/airflow_venv/lib/python3.12/site-packages/airflow/example_dags/example_trigger_controller_dag.py
[2024-11-20T00:57:13.948+0000] {logging_mixin.py:190} INFO - [2024-11-20T00:57:13.948+0000] {dag.py:3239} INFO - Sync 1 DAGs
[2024-11-20T00:57:13.967+0000] {logging_mixin.py:190} INFO - [2024-11-20T00:57:13.967+0000] {dag.py:4180} INFO - Setting next_dagrun for example_trigger_controller_dag to 2021-01-01 00:00:00+00:00, run_after=2021-01-01 00:00:00+00:00
[2024-11-20T00:57:13.989+0000] {processor.py:208} INFO - Processing /home/ubuntu/airflow_venv/lib/python3.12/site-packages/airflow/example_dags/example_trigger_controller_dag.py took 0.078 seconds
[2024-11-20T00:58:05.593+0000] {processor.py:186} INFO - Started process (PID=5614) to work on /home/ubuntu/airflow_venv/lib/python3.12/site-packages/airflow/example_dags/example_trigger_controller_dag.py
[2024-11-20T00:58:05.595+0000] {processor.py:914} INFO - Processing file /home/ubuntu/airflow_venv/lib/python3.12/site-packages/airflow/example_dags/example_trigger_controller_dag.py for tasks to queue
[2024-11-20T00:58:05.597+0000] {logging_mixin.py:190} INFO - [2024-11-20T00:58:05.596+0000] {dagbag.py:588} INFO - Filling up the DagBag from /home/ubuntu/airflow_venv/lib/python3.12/site-packages/airflow/example_dags/example_trigger_controller_dag.py
[2024-11-20T00:58:05.603+0000] {processor.py:925} INFO - DAG(s) 'example_trigger_controller_dag' retrieved from /home/ubuntu/airflow_venv/lib/python3.12/site-packages/airflow/example_dags/example_trigger_controller_dag.py
[2024-11-20T00:58:05.617+0000] {logging_mixin.py:190} INFO - [2024-11-20T00:58:05.617+0000] {dag.py:3239} INFO - Sync 1 DAGs
[2024-11-20T00:58:05.635+0000] {logging_mixin.py:190} INFO - [2024-11-20T00:58:05.634+0000] {dag.py:4180} INFO - Setting next_dagrun for example_trigger_controller_dag to 2021-01-01 00:00:00+00:00, run_after=2021-01-01 00:00:00+00:00
[2024-11-20T00:58:05.656+0000] {processor.py:208} INFO - Processing /home/ubuntu/airflow_venv/lib/python3.12/site-packages/airflow/example_dags/example_trigger_controller_dag.py took 0.070 seconds
[2024-11-20T00:58:58.343+0000] {processor.py:186} INFO - Started process (PID=5674) to work on /home/ubuntu/airflow_venv/lib/python3.12/site-packages/airflow/example_dags/example_trigger_controller_dag.py
[2024-11-20T00:58:58.345+0000] {processor.py:914} INFO - Processing file /home/ubuntu/airflow_venv/lib/python3.12/site-packages/airflow/example_dags/example_trigger_controller_dag.py for tasks to queue
[2024-11-20T00:58:58.346+0000] {logging_mixin.py:190} INFO - [2024-11-20T00:58:58.346+0000] {dagbag.py:588} INFO - Filling up the DagBag from /home/ubuntu/airflow_venv/lib/python3.12/site-packages/airflow/example_dags/example_trigger_controller_dag.py
[2024-11-20T00:58:58.353+0000] {processor.py:925} INFO - DAG(s) 'example_trigger_controller_dag' retrieved from /home/ubuntu/airflow_venv/lib/python3.12/site-packages/airflow/example_dags/example_trigger_controller_dag.py
[2024-11-20T00:58:58.378+0000] {logging_mixin.py:190} INFO - [2024-11-20T00:58:58.377+0000] {dag.py:3239} INFO - Sync 1 DAGs
[2024-11-20T00:58:58.396+0000] {logging_mixin.py:190} INFO - [2024-11-20T00:58:58.395+0000] {dag.py:4180} INFO - Setting next_dagrun for example_trigger_controller_dag to 2021-01-01 00:00:00+00:00, run_after=2021-01-01 00:00:00+00:00
[2024-11-20T00:58:58.421+0000] {processor.py:208} INFO - Processing /home/ubuntu/airflow_venv/lib/python3.12/site-packages/airflow/example_dags/example_trigger_controller_dag.py took 0.083 seconds
[2024-11-20T00:59:54.189+0000] {processor.py:186} INFO - Started process (PID=5730) to work on /home/ubuntu/airflow_venv/lib/python3.12/site-packages/airflow/example_dags/example_trigger_controller_dag.py
[2024-11-20T00:59:54.190+0000] {processor.py:914} INFO - Processing file /home/ubuntu/airflow_venv/lib/python3.12/site-packages/airflow/example_dags/example_trigger_controller_dag.py for tasks to queue
[2024-11-20T00:59:54.191+0000] {logging_mixin.py:190} INFO - [2024-11-20T00:59:54.191+0000] {dagbag.py:588} INFO - Filling up the DagBag from /home/ubuntu/airflow_venv/lib/python3.12/site-packages/airflow/example_dags/example_trigger_controller_dag.py
[2024-11-20T00:59:54.198+0000] {processor.py:925} INFO - DAG(s) 'example_trigger_controller_dag' retrieved from /home/ubuntu/airflow_venv/lib/python3.12/site-packages/airflow/example_dags/example_trigger_controller_dag.py
[2024-11-20T00:59:54.213+0000] {logging_mixin.py:190} INFO - [2024-11-20T00:59:54.212+0000] {dag.py:3239} INFO - Sync 1 DAGs
[2024-11-20T00:59:54.231+0000] {logging_mixin.py:190} INFO - [2024-11-20T00:59:54.231+0000] {dag.py:4180} INFO - Setting next_dagrun for example_trigger_controller_dag to 2021-01-01 00:00:00+00:00, run_after=2021-01-01 00:00:00+00:00
[2024-11-20T00:59:54.254+0000] {processor.py:208} INFO - Processing /home/ubuntu/airflow_venv/lib/python3.12/site-packages/airflow/example_dags/example_trigger_controller_dag.py took 0.073 seconds
[2024-11-20T01:00:50.589+0000] {processor.py:186} INFO - Started process (PID=5789) to work on /home/ubuntu/airflow_venv/lib/python3.12/site-packages/airflow/example_dags/example_trigger_controller_dag.py
[2024-11-20T01:00:50.590+0000] {processor.py:914} INFO - Processing file /home/ubuntu/airflow_venv/lib/python3.12/site-packages/airflow/example_dags/example_trigger_controller_dag.py for tasks to queue
[2024-11-20T01:00:50.592+0000] {logging_mixin.py:190} INFO - [2024-11-20T01:00:50.591+0000] {dagbag.py:588} INFO - Filling up the DagBag from /home/ubuntu/airflow_venv/lib/python3.12/site-packages/airflow/example_dags/example_trigger_controller_dag.py
[2024-11-20T01:00:50.599+0000] {processor.py:925} INFO - DAG(s) 'example_trigger_controller_dag' retrieved from /home/ubuntu/airflow_venv/lib/python3.12/site-packages/airflow/example_dags/example_trigger_controller_dag.py
[2024-11-20T01:00:50.615+0000] {logging_mixin.py:190} INFO - [2024-11-20T01:00:50.614+0000] {dag.py:3239} INFO - Sync 1 DAGs
[2024-11-20T01:00:50.633+0000] {logging_mixin.py:190} INFO - [2024-11-20T01:00:50.633+0000] {dag.py:4180} INFO - Setting next_dagrun for example_trigger_controller_dag to 2021-01-01 00:00:00+00:00, run_after=2021-01-01 00:00:00+00:00
[2024-11-20T01:00:50.654+0000] {processor.py:208} INFO - Processing /home/ubuntu/airflow_venv/lib/python3.12/site-packages/airflow/example_dags/example_trigger_controller_dag.py took 0.073 seconds
[2024-11-20T01:02:00.216+0000] {processor.py:186} INFO - Started process (PID=5868) to work on /home/ubuntu/airflow_venv/lib/python3.12/site-packages/airflow/example_dags/example_trigger_controller_dag.py
[2024-11-20T01:02:00.217+0000] {processor.py:914} INFO - Processing file /home/ubuntu/airflow_venv/lib/python3.12/site-packages/airflow/example_dags/example_trigger_controller_dag.py for tasks to queue
[2024-11-20T01:02:00.219+0000] {logging_mixin.py:190} INFO - [2024-11-20T01:02:00.219+0000] {dagbag.py:588} INFO - Filling up the DagBag from /home/ubuntu/airflow_venv/lib/python3.12/site-packages/airflow/example_dags/example_trigger_controller_dag.py
[2024-11-20T01:02:00.226+0000] {processor.py:925} INFO - DAG(s) 'example_trigger_controller_dag' retrieved from /home/ubuntu/airflow_venv/lib/python3.12/site-packages/airflow/example_dags/example_trigger_controller_dag.py
[2024-11-20T01:02:00.241+0000] {logging_mixin.py:190} INFO - [2024-11-20T01:02:00.241+0000] {dag.py:3239} INFO - Sync 1 DAGs
[2024-11-20T01:02:00.260+0000] {logging_mixin.py:190} INFO - [2024-11-20T01:02:00.260+0000] {dag.py:4180} INFO - Setting next_dagrun for example_trigger_controller_dag to 2021-01-01 00:00:00+00:00, run_after=2021-01-01 00:00:00+00:00
[2024-11-20T01:02:00.282+0000] {processor.py:208} INFO - Processing /home/ubuntu/airflow_venv/lib/python3.12/site-packages/airflow/example_dags/example_trigger_controller_dag.py took 0.073 seconds
[2024-11-20T01:02:57.847+0000] {processor.py:186} INFO - Started process (PID=5927) to work on /home/ubuntu/airflow_venv/lib/python3.12/site-packages/airflow/example_dags/example_trigger_controller_dag.py
[2024-11-20T01:02:57.848+0000] {processor.py:914} INFO - Processing file /home/ubuntu/airflow_venv/lib/python3.12/site-packages/airflow/example_dags/example_trigger_controller_dag.py for tasks to queue
[2024-11-20T01:02:57.851+0000] {logging_mixin.py:190} INFO - [2024-11-20T01:02:57.850+0000] {dagbag.py:588} INFO - Filling up the DagBag from /home/ubuntu/airflow_venv/lib/python3.12/site-packages/airflow/example_dags/example_trigger_controller_dag.py
[2024-11-20T01:02:57.857+0000] {processor.py:925} INFO - DAG(s) 'example_trigger_controller_dag' retrieved from /home/ubuntu/airflow_venv/lib/python3.12/site-packages/airflow/example_dags/example_trigger_controller_dag.py
[2024-11-20T01:02:57.872+0000] {logging_mixin.py:190} INFO - [2024-11-20T01:02:57.872+0000] {dag.py:3239} INFO - Sync 1 DAGs
[2024-11-20T01:02:57.891+0000] {logging_mixin.py:190} INFO - [2024-11-20T01:02:57.891+0000] {dag.py:4180} INFO - Setting next_dagrun for example_trigger_controller_dag to 2021-01-01 00:00:00+00:00, run_after=2021-01-01 00:00:00+00:00
[2024-11-20T01:02:57.913+0000] {processor.py:208} INFO - Processing /home/ubuntu/airflow_venv/lib/python3.12/site-packages/airflow/example_dags/example_trigger_controller_dag.py took 0.073 seconds
[2024-11-20T01:03:52.540+0000] {processor.py:186} INFO - Started process (PID=5983) to work on /home/ubuntu/airflow_venv/lib/python3.12/site-packages/airflow/example_dags/example_trigger_controller_dag.py
[2024-11-20T01:03:52.542+0000] {processor.py:914} INFO - Processing file /home/ubuntu/airflow_venv/lib/python3.12/site-packages/airflow/example_dags/example_trigger_controller_dag.py for tasks to queue
[2024-11-20T01:03:52.543+0000] {logging_mixin.py:190} INFO - [2024-11-20T01:03:52.543+0000] {dagbag.py:588} INFO - Filling up the DagBag from /home/ubuntu/airflow_venv/lib/python3.12/site-packages/airflow/example_dags/example_trigger_controller_dag.py
[2024-11-20T01:03:52.550+0000] {processor.py:925} INFO - DAG(s) 'example_trigger_controller_dag' retrieved from /home/ubuntu/airflow_venv/lib/python3.12/site-packages/airflow/example_dags/example_trigger_controller_dag.py
[2024-11-20T01:03:52.564+0000] {logging_mixin.py:190} INFO - [2024-11-20T01:03:52.564+0000] {dag.py:3239} INFO - Sync 1 DAGs
[2024-11-20T01:03:52.583+0000] {logging_mixin.py:190} INFO - [2024-11-20T01:03:52.583+0000] {dag.py:4180} INFO - Setting next_dagrun for example_trigger_controller_dag to 2021-01-01 00:00:00+00:00, run_after=2021-01-01 00:00:00+00:00
[2024-11-20T01:03:52.604+0000] {processor.py:208} INFO - Processing /home/ubuntu/airflow_venv/lib/python3.12/site-packages/airflow/example_dags/example_trigger_controller_dag.py took 0.072 seconds
[2024-11-20T01:04:48.473+0000] {processor.py:186} INFO - Started process (PID=6040) to work on /home/ubuntu/airflow_venv/lib/python3.12/site-packages/airflow/example_dags/example_trigger_controller_dag.py
[2024-11-20T01:04:48.474+0000] {processor.py:914} INFO - Processing file /home/ubuntu/airflow_venv/lib/python3.12/site-packages/airflow/example_dags/example_trigger_controller_dag.py for tasks to queue
[2024-11-20T01:04:48.475+0000] {logging_mixin.py:190} INFO - [2024-11-20T01:04:48.475+0000] {dagbag.py:588} INFO - Filling up the DagBag from /home/ubuntu/airflow_venv/lib/python3.12/site-packages/airflow/example_dags/example_trigger_controller_dag.py
[2024-11-20T01:04:48.483+0000] {processor.py:925} INFO - DAG(s) 'example_trigger_controller_dag' retrieved from /home/ubuntu/airflow_venv/lib/python3.12/site-packages/airflow/example_dags/example_trigger_controller_dag.py
[2024-11-20T01:04:48.497+0000] {logging_mixin.py:190} INFO - [2024-11-20T01:04:48.496+0000] {dag.py:3239} INFO - Sync 1 DAGs
[2024-11-20T01:04:48.515+0000] {logging_mixin.py:190} INFO - [2024-11-20T01:04:48.515+0000] {dag.py:4180} INFO - Setting next_dagrun for example_trigger_controller_dag to 2021-01-01 00:00:00+00:00, run_after=2021-01-01 00:00:00+00:00
[2024-11-20T01:04:48.537+0000] {processor.py:208} INFO - Processing /home/ubuntu/airflow_venv/lib/python3.12/site-packages/airflow/example_dags/example_trigger_controller_dag.py took 0.070 seconds
[2024-11-20T01:05:44.933+0000] {processor.py:186} INFO - Started process (PID=6102) to work on /home/ubuntu/airflow_venv/lib/python3.12/site-packages/airflow/example_dags/example_trigger_controller_dag.py
[2024-11-20T01:05:44.936+0000] {processor.py:914} INFO - Processing file /home/ubuntu/airflow_venv/lib/python3.12/site-packages/airflow/example_dags/example_trigger_controller_dag.py for tasks to queue
[2024-11-20T01:05:44.938+0000] {logging_mixin.py:190} INFO - [2024-11-20T01:05:44.937+0000] {dagbag.py:588} INFO - Filling up the DagBag from /home/ubuntu/airflow_venv/lib/python3.12/site-packages/airflow/example_dags/example_trigger_controller_dag.py
[2024-11-20T01:05:44.945+0000] {processor.py:925} INFO - DAG(s) 'example_trigger_controller_dag' retrieved from /home/ubuntu/airflow_venv/lib/python3.12/site-packages/airflow/example_dags/example_trigger_controller_dag.py
[2024-11-20T01:05:44.959+0000] {logging_mixin.py:190} INFO - [2024-11-20T01:05:44.959+0000] {dag.py:3239} INFO - Sync 1 DAGs
[2024-11-20T01:05:44.978+0000] {logging_mixin.py:190} INFO - [2024-11-20T01:05:44.978+0000] {dag.py:4180} INFO - Setting next_dagrun for example_trigger_controller_dag to 2021-01-01 00:00:00+00:00, run_after=2021-01-01 00:00:00+00:00
[2024-11-20T01:05:45.002+0000] {processor.py:208} INFO - Processing /home/ubuntu/airflow_venv/lib/python3.12/site-packages/airflow/example_dags/example_trigger_controller_dag.py took 0.076 seconds
[2024-11-20T01:06:37.259+0000] {processor.py:186} INFO - Started process (PID=6156) to work on /home/ubuntu/airflow_venv/lib/python3.12/site-packages/airflow/example_dags/example_trigger_controller_dag.py
[2024-11-20T01:06:37.260+0000] {processor.py:914} INFO - Processing file /home/ubuntu/airflow_venv/lib/python3.12/site-packages/airflow/example_dags/example_trigger_controller_dag.py for tasks to queue
[2024-11-20T01:06:37.262+0000] {logging_mixin.py:190} INFO - [2024-11-20T01:06:37.261+0000] {dagbag.py:588} INFO - Filling up the DagBag from /home/ubuntu/airflow_venv/lib/python3.12/site-packages/airflow/example_dags/example_trigger_controller_dag.py
[2024-11-20T01:06:37.268+0000] {processor.py:925} INFO - DAG(s) 'example_trigger_controller_dag' retrieved from /home/ubuntu/airflow_venv/lib/python3.12/site-packages/airflow/example_dags/example_trigger_controller_dag.py
[2024-11-20T01:06:37.282+0000] {logging_mixin.py:190} INFO - [2024-11-20T01:06:37.282+0000] {dag.py:3239} INFO - Sync 1 DAGs
[2024-11-20T01:06:37.301+0000] {logging_mixin.py:190} INFO - [2024-11-20T01:06:37.300+0000] {dag.py:4180} INFO - Setting next_dagrun for example_trigger_controller_dag to 2021-01-01 00:00:00+00:00, run_after=2021-01-01 00:00:00+00:00
[2024-11-20T01:06:37.323+0000] {processor.py:208} INFO - Processing /home/ubuntu/airflow_venv/lib/python3.12/site-packages/airflow/example_dags/example_trigger_controller_dag.py took 0.071 seconds
[2024-11-20T01:07:29.755+0000] {processor.py:186} INFO - Started process (PID=6211) to work on /home/ubuntu/airflow_venv/lib/python3.12/site-packages/airflow/example_dags/example_trigger_controller_dag.py
[2024-11-20T01:07:29.758+0000] {processor.py:914} INFO - Processing file /home/ubuntu/airflow_venv/lib/python3.12/site-packages/airflow/example_dags/example_trigger_controller_dag.py for tasks to queue
[2024-11-20T01:07:29.759+0000] {logging_mixin.py:190} INFO - [2024-11-20T01:07:29.758+0000] {dagbag.py:588} INFO - Filling up the DagBag from /home/ubuntu/airflow_venv/lib/python3.12/site-packages/airflow/example_dags/example_trigger_controller_dag.py
[2024-11-20T01:07:29.766+0000] {processor.py:925} INFO - DAG(s) 'example_trigger_controller_dag' retrieved from /home/ubuntu/airflow_venv/lib/python3.12/site-packages/airflow/example_dags/example_trigger_controller_dag.py
[2024-11-20T01:07:29.780+0000] {logging_mixin.py:190} INFO - [2024-11-20T01:07:29.780+0000] {dag.py:3239} INFO - Sync 1 DAGs
[2024-11-20T01:07:29.808+0000] {logging_mixin.py:190} INFO - [2024-11-20T01:07:29.808+0000] {dag.py:4180} INFO - Setting next_dagrun for example_trigger_controller_dag to 2021-01-01 00:00:00+00:00, run_after=2021-01-01 00:00:00+00:00
[2024-11-20T01:07:29.831+0000] {processor.py:208} INFO - Processing /home/ubuntu/airflow_venv/lib/python3.12/site-packages/airflow/example_dags/example_trigger_controller_dag.py took 0.084 seconds
[2024-11-20T01:08:22.402+0000] {processor.py:186} INFO - Started process (PID=6265) to work on /home/ubuntu/airflow_venv/lib/python3.12/site-packages/airflow/example_dags/example_trigger_controller_dag.py
[2024-11-20T01:08:22.404+0000] {processor.py:914} INFO - Processing file /home/ubuntu/airflow_venv/lib/python3.12/site-packages/airflow/example_dags/example_trigger_controller_dag.py for tasks to queue
[2024-11-20T01:08:22.406+0000] {logging_mixin.py:190} INFO - [2024-11-20T01:08:22.405+0000] {dagbag.py:588} INFO - Filling up the DagBag from /home/ubuntu/airflow_venv/lib/python3.12/site-packages/airflow/example_dags/example_trigger_controller_dag.py
[2024-11-20T01:08:22.412+0000] {processor.py:925} INFO - DAG(s) 'example_trigger_controller_dag' retrieved from /home/ubuntu/airflow_venv/lib/python3.12/site-packages/airflow/example_dags/example_trigger_controller_dag.py
[2024-11-20T01:08:22.426+0000] {logging_mixin.py:190} INFO - [2024-11-20T01:08:22.426+0000] {dag.py:3239} INFO - Sync 1 DAGs
[2024-11-20T01:08:22.448+0000] {logging_mixin.py:190} INFO - [2024-11-20T01:08:22.446+0000] {dag.py:4180} INFO - Setting next_dagrun for example_trigger_controller_dag to 2021-01-01 00:00:00+00:00, run_after=2021-01-01 00:00:00+00:00
[2024-11-20T01:08:22.490+0000] {processor.py:208} INFO - Processing /home/ubuntu/airflow_venv/lib/python3.12/site-packages/airflow/example_dags/example_trigger_controller_dag.py took 0.096 seconds
[2024-11-20T01:09:19.997+0000] {processor.py:186} INFO - Started process (PID=6322) to work on /home/ubuntu/airflow_venv/lib/python3.12/site-packages/airflow/example_dags/example_trigger_controller_dag.py
[2024-11-20T01:09:19.999+0000] {processor.py:914} INFO - Processing file /home/ubuntu/airflow_venv/lib/python3.12/site-packages/airflow/example_dags/example_trigger_controller_dag.py for tasks to queue
[2024-11-20T01:09:20.000+0000] {logging_mixin.py:190} INFO - [2024-11-20T01:09:20.000+0000] {dagbag.py:588} INFO - Filling up the DagBag from /home/ubuntu/airflow_venv/lib/python3.12/site-packages/airflow/example_dags/example_trigger_controller_dag.py
[2024-11-20T01:09:20.008+0000] {processor.py:925} INFO - DAG(s) 'example_trigger_controller_dag' retrieved from /home/ubuntu/airflow_venv/lib/python3.12/site-packages/airflow/example_dags/example_trigger_controller_dag.py
[2024-11-20T01:09:20.021+0000] {logging_mixin.py:190} INFO - [2024-11-20T01:09:20.021+0000] {dag.py:3239} INFO - Sync 1 DAGs
[2024-11-20T01:09:20.039+0000] {logging_mixin.py:190} INFO - [2024-11-20T01:09:20.039+0000] {dag.py:4180} INFO - Setting next_dagrun for example_trigger_controller_dag to 2021-01-01 00:00:00+00:00, run_after=2021-01-01 00:00:00+00:00
[2024-11-20T01:09:20.060+0000] {processor.py:208} INFO - Processing /home/ubuntu/airflow_venv/lib/python3.12/site-packages/airflow/example_dags/example_trigger_controller_dag.py took 0.070 seconds
[2024-11-20T01:10:18.300+0000] {processor.py:186} INFO - Started process (PID=6386) to work on /home/ubuntu/airflow_venv/lib/python3.12/site-packages/airflow/example_dags/example_trigger_controller_dag.py
[2024-11-20T01:10:18.302+0000] {processor.py:914} INFO - Processing file /home/ubuntu/airflow_venv/lib/python3.12/site-packages/airflow/example_dags/example_trigger_controller_dag.py for tasks to queue
[2024-11-20T01:10:18.304+0000] {logging_mixin.py:190} INFO - [2024-11-20T01:10:18.304+0000] {dagbag.py:588} INFO - Filling up the DagBag from /home/ubuntu/airflow_venv/lib/python3.12/site-packages/airflow/example_dags/example_trigger_controller_dag.py
[2024-11-20T01:10:18.311+0000] {processor.py:925} INFO - DAG(s) 'example_trigger_controller_dag' retrieved from /home/ubuntu/airflow_venv/lib/python3.12/site-packages/airflow/example_dags/example_trigger_controller_dag.py
[2024-11-20T01:10:18.325+0000] {logging_mixin.py:190} INFO - [2024-11-20T01:10:18.325+0000] {dag.py:3239} INFO - Sync 1 DAGs
[2024-11-20T01:10:18.343+0000] {logging_mixin.py:190} INFO - [2024-11-20T01:10:18.342+0000] {dag.py:4180} INFO - Setting next_dagrun for example_trigger_controller_dag to 2021-01-01 00:00:00+00:00, run_after=2021-01-01 00:00:00+00:00
[2024-11-20T01:10:18.364+0000] {processor.py:208} INFO - Processing /home/ubuntu/airflow_venv/lib/python3.12/site-packages/airflow/example_dags/example_trigger_controller_dag.py took 0.071 seconds
[2024-11-20T01:11:12.190+0000] {processor.py:186} INFO - Started process (PID=6441) to work on /home/ubuntu/airflow_venv/lib/python3.12/site-packages/airflow/example_dags/example_trigger_controller_dag.py
[2024-11-20T01:11:12.192+0000] {processor.py:914} INFO - Processing file /home/ubuntu/airflow_venv/lib/python3.12/site-packages/airflow/example_dags/example_trigger_controller_dag.py for tasks to queue
[2024-11-20T01:11:12.194+0000] {logging_mixin.py:190} INFO - [2024-11-20T01:11:12.194+0000] {dagbag.py:588} INFO - Filling up the DagBag from /home/ubuntu/airflow_venv/lib/python3.12/site-packages/airflow/example_dags/example_trigger_controller_dag.py
[2024-11-20T01:11:12.201+0000] {processor.py:925} INFO - DAG(s) 'example_trigger_controller_dag' retrieved from /home/ubuntu/airflow_venv/lib/python3.12/site-packages/airflow/example_dags/example_trigger_controller_dag.py
[2024-11-20T01:11:12.216+0000] {logging_mixin.py:190} INFO - [2024-11-20T01:11:12.216+0000] {dag.py:3239} INFO - Sync 1 DAGs
[2024-11-20T01:11:12.234+0000] {logging_mixin.py:190} INFO - [2024-11-20T01:11:12.234+0000] {dag.py:4180} INFO - Setting next_dagrun for example_trigger_controller_dag to 2021-01-01 00:00:00+00:00, run_after=2021-01-01 00:00:00+00:00
[2024-11-20T01:11:12.255+0000] {processor.py:208} INFO - Processing /home/ubuntu/airflow_venv/lib/python3.12/site-packages/airflow/example_dags/example_trigger_controller_dag.py took 0.071 seconds
[2024-11-20T01:12:06.720+0000] {processor.py:186} INFO - Started process (PID=6498) to work on /home/ubuntu/airflow_venv/lib/python3.12/site-packages/airflow/example_dags/example_trigger_controller_dag.py
[2024-11-20T01:12:06.721+0000] {processor.py:914} INFO - Processing file /home/ubuntu/airflow_venv/lib/python3.12/site-packages/airflow/example_dags/example_trigger_controller_dag.py for tasks to queue
[2024-11-20T01:12:06.723+0000] {logging_mixin.py:190} INFO - [2024-11-20T01:12:06.722+0000] {dagbag.py:588} INFO - Filling up the DagBag from /home/ubuntu/airflow_venv/lib/python3.12/site-packages/airflow/example_dags/example_trigger_controller_dag.py
[2024-11-20T01:12:06.730+0000] {processor.py:925} INFO - DAG(s) 'example_trigger_controller_dag' retrieved from /home/ubuntu/airflow_venv/lib/python3.12/site-packages/airflow/example_dags/example_trigger_controller_dag.py
[2024-11-20T01:12:06.744+0000] {logging_mixin.py:190} INFO - [2024-11-20T01:12:06.743+0000] {dag.py:3239} INFO - Sync 1 DAGs
[2024-11-20T01:12:06.762+0000] {logging_mixin.py:190} INFO - [2024-11-20T01:12:06.762+0000] {dag.py:4180} INFO - Setting next_dagrun for example_trigger_controller_dag to 2021-01-01 00:00:00+00:00, run_after=2021-01-01 00:00:00+00:00
[2024-11-20T01:12:06.783+0000] {processor.py:208} INFO - Processing /home/ubuntu/airflow_venv/lib/python3.12/site-packages/airflow/example_dags/example_trigger_controller_dag.py took 0.069 seconds
[2024-11-20T01:12:59.908+0000] {processor.py:186} INFO - Started process (PID=6552) to work on /home/ubuntu/airflow_venv/lib/python3.12/site-packages/airflow/example_dags/example_trigger_controller_dag.py
[2024-11-20T01:12:59.910+0000] {processor.py:914} INFO - Processing file /home/ubuntu/airflow_venv/lib/python3.12/site-packages/airflow/example_dags/example_trigger_controller_dag.py for tasks to queue
[2024-11-20T01:12:59.911+0000] {logging_mixin.py:190} INFO - [2024-11-20T01:12:59.911+0000] {dagbag.py:588} INFO - Filling up the DagBag from /home/ubuntu/airflow_venv/lib/python3.12/site-packages/airflow/example_dags/example_trigger_controller_dag.py
[2024-11-20T01:12:59.918+0000] {processor.py:925} INFO - DAG(s) 'example_trigger_controller_dag' retrieved from /home/ubuntu/airflow_venv/lib/python3.12/site-packages/airflow/example_dags/example_trigger_controller_dag.py
[2024-11-20T01:12:59.932+0000] {logging_mixin.py:190} INFO - [2024-11-20T01:12:59.931+0000] {dag.py:3239} INFO - Sync 1 DAGs
[2024-11-20T01:12:59.951+0000] {logging_mixin.py:190} INFO - [2024-11-20T01:12:59.951+0000] {dag.py:4180} INFO - Setting next_dagrun for example_trigger_controller_dag to 2021-01-01 00:00:00+00:00, run_after=2021-01-01 00:00:00+00:00
[2024-11-20T01:12:59.972+0000] {processor.py:208} INFO - Processing /home/ubuntu/airflow_venv/lib/python3.12/site-packages/airflow/example_dags/example_trigger_controller_dag.py took 0.071 seconds
