[2024-11-20T00:16:57.192+0000] {processor.py:186} INFO - Started process (PID=2076) to work on /home/ubuntu/airflow_venv/lib/python3.12/site-packages/airflow/example_dags/example_branch_python_dop_operator_3.py
[2024-11-20T00:16:57.193+0000] {processor.py:914} INFO - Processing file /home/ubuntu/airflow_venv/lib/python3.12/site-packages/airflow/example_dags/example_branch_python_dop_operator_3.py for tasks to queue
[2024-11-20T00:16:57.195+0000] {logging_mixin.py:190} INFO - [2024-11-20T00:16:57.195+0000] {dagbag.py:588} INFO - Filling up the DagBag from /home/ubuntu/airflow_venv/lib/python3.12/site-packages/airflow/example_dags/example_branch_python_dop_operator_3.py
[2024-11-20T00:16:57.205+0000] {processor.py:925} INFO - DAG(s) 'example_branch_dop_operator_v3' retrieved from /home/ubuntu/airflow_venv/lib/python3.12/site-packages/airflow/example_dags/example_branch_python_dop_operator_3.py
[2024-11-20T00:16:57.219+0000] {logging_mixin.py:190} INFO - [2024-11-20T00:16:57.219+0000] {dag.py:3239} INFO - Sync 1 DAGs
[2024-11-20T00:16:57.250+0000] {logging_mixin.py:190} INFO - [2024-11-20T00:16:57.250+0000] {dag.py:4180} INFO - Setting next_dagrun for example_branch_dop_operator_v3 to 2024-11-20 00:15:00+00:00, run_after=2024-11-20 00:16:00+00:00
[2024-11-20T00:16:57.273+0000] {processor.py:208} INFO - Processing /home/ubuntu/airflow_venv/lib/python3.12/site-packages/airflow/example_dags/example_branch_python_dop_operator_3.py took 0.086 seconds
[2024-11-20T00:17:56.608+0000] {processor.py:186} INFO - Started process (PID=2141) to work on /home/ubuntu/airflow_venv/lib/python3.12/site-packages/airflow/example_dags/example_branch_python_dop_operator_3.py
[2024-11-20T00:17:56.610+0000] {processor.py:914} INFO - Processing file /home/ubuntu/airflow_venv/lib/python3.12/site-packages/airflow/example_dags/example_branch_python_dop_operator_3.py for tasks to queue
[2024-11-20T00:17:56.612+0000] {logging_mixin.py:190} INFO - [2024-11-20T00:17:56.611+0000] {dagbag.py:588} INFO - Filling up the DagBag from /home/ubuntu/airflow_venv/lib/python3.12/site-packages/airflow/example_dags/example_branch_python_dop_operator_3.py
[2024-11-20T00:17:56.621+0000] {processor.py:925} INFO - DAG(s) 'example_branch_dop_operator_v3' retrieved from /home/ubuntu/airflow_venv/lib/python3.12/site-packages/airflow/example_dags/example_branch_python_dop_operator_3.py
[2024-11-20T00:17:56.636+0000] {logging_mixin.py:190} INFO - [2024-11-20T00:17:56.636+0000] {dag.py:3239} INFO - Sync 1 DAGs
[2024-11-20T00:17:56.655+0000] {logging_mixin.py:190} INFO - [2024-11-20T00:17:56.655+0000] {dag.py:4180} INFO - Setting next_dagrun for example_branch_dop_operator_v3 to 2024-11-20 00:16:00+00:00, run_after=2024-11-20 00:17:00+00:00
[2024-11-20T00:17:56.679+0000] {processor.py:208} INFO - Processing /home/ubuntu/airflow_venv/lib/python3.12/site-packages/airflow/example_dags/example_branch_python_dop_operator_3.py took 0.076 seconds
[2024-11-20T00:19:13.614+0000] {processor.py:186} INFO - Started process (PID=2223) to work on /home/ubuntu/airflow_venv/lib/python3.12/site-packages/airflow/example_dags/example_branch_python_dop_operator_3.py
[2024-11-20T00:19:13.616+0000] {processor.py:914} INFO - Processing file /home/ubuntu/airflow_venv/lib/python3.12/site-packages/airflow/example_dags/example_branch_python_dop_operator_3.py for tasks to queue
[2024-11-20T00:19:13.619+0000] {logging_mixin.py:190} INFO - [2024-11-20T00:19:13.618+0000] {dagbag.py:588} INFO - Filling up the DagBag from /home/ubuntu/airflow_venv/lib/python3.12/site-packages/airflow/example_dags/example_branch_python_dop_operator_3.py
[2024-11-20T00:19:13.629+0000] {processor.py:925} INFO - DAG(s) 'example_branch_dop_operator_v3' retrieved from /home/ubuntu/airflow_venv/lib/python3.12/site-packages/airflow/example_dags/example_branch_python_dop_operator_3.py
[2024-11-20T00:19:13.644+0000] {logging_mixin.py:190} INFO - [2024-11-20T00:19:13.644+0000] {dag.py:3239} INFO - Sync 1 DAGs
[2024-11-20T00:19:13.665+0000] {logging_mixin.py:190} INFO - [2024-11-20T00:19:13.665+0000] {dag.py:4180} INFO - Setting next_dagrun for example_branch_dop_operator_v3 to 2024-11-20 00:18:00+00:00, run_after=2024-11-20 00:19:00+00:00
[2024-11-20T00:19:13.686+0000] {processor.py:208} INFO - Processing /home/ubuntu/airflow_venv/lib/python3.12/site-packages/airflow/example_dags/example_branch_python_dop_operator_3.py took 0.077 seconds
[2024-11-20T00:20:31.407+0000] {processor.py:186} INFO - Started process (PID=2308) to work on /home/ubuntu/airflow_venv/lib/python3.12/site-packages/airflow/example_dags/example_branch_python_dop_operator_3.py
[2024-11-20T00:20:31.409+0000] {processor.py:914} INFO - Processing file /home/ubuntu/airflow_venv/lib/python3.12/site-packages/airflow/example_dags/example_branch_python_dop_operator_3.py for tasks to queue
[2024-11-20T00:20:31.411+0000] {logging_mixin.py:190} INFO - [2024-11-20T00:20:31.411+0000] {dagbag.py:588} INFO - Filling up the DagBag from /home/ubuntu/airflow_venv/lib/python3.12/site-packages/airflow/example_dags/example_branch_python_dop_operator_3.py
[2024-11-20T00:20:31.421+0000] {processor.py:925} INFO - DAG(s) 'example_branch_dop_operator_v3' retrieved from /home/ubuntu/airflow_venv/lib/python3.12/site-packages/airflow/example_dags/example_branch_python_dop_operator_3.py
[2024-11-20T00:20:31.435+0000] {logging_mixin.py:190} INFO - [2024-11-20T00:20:31.435+0000] {dag.py:3239} INFO - Sync 1 DAGs
[2024-11-20T00:20:31.456+0000] {logging_mixin.py:190} INFO - [2024-11-20T00:20:31.456+0000] {dag.py:4180} INFO - Setting next_dagrun for example_branch_dop_operator_v3 to 2024-11-20 00:19:00+00:00, run_after=2024-11-20 00:20:00+00:00
[2024-11-20T00:20:31.477+0000] {processor.py:208} INFO - Processing /home/ubuntu/airflow_venv/lib/python3.12/site-packages/airflow/example_dags/example_branch_python_dop_operator_3.py took 0.075 seconds
[2024-11-20T00:21:32.385+0000] {processor.py:186} INFO - Started process (PID=2366) to work on /home/ubuntu/airflow_venv/lib/python3.12/site-packages/airflow/example_dags/example_branch_python_dop_operator_3.py
[2024-11-20T00:21:32.387+0000] {processor.py:914} INFO - Processing file /home/ubuntu/airflow_venv/lib/python3.12/site-packages/airflow/example_dags/example_branch_python_dop_operator_3.py for tasks to queue
[2024-11-20T00:21:32.389+0000] {logging_mixin.py:190} INFO - [2024-11-20T00:21:32.388+0000] {dagbag.py:588} INFO - Filling up the DagBag from /home/ubuntu/airflow_venv/lib/python3.12/site-packages/airflow/example_dags/example_branch_python_dop_operator_3.py
[2024-11-20T00:21:32.521+0000] {processor.py:925} INFO - DAG(s) 'example_branch_dop_operator_v3' retrieved from /home/ubuntu/airflow_venv/lib/python3.12/site-packages/airflow/example_dags/example_branch_python_dop_operator_3.py
[2024-11-20T00:21:32.532+0000] {logging_mixin.py:190} INFO - [2024-11-20T00:21:32.532+0000] {dag.py:3239} INFO - Sync 1 DAGs
[2024-11-20T00:21:32.550+0000] {logging_mixin.py:190} INFO - [2024-11-20T00:21:32.550+0000] {dag.py:4180} INFO - Setting next_dagrun for example_branch_dop_operator_v3 to 2024-11-20 00:20:00+00:00, run_after=2024-11-20 00:21:00+00:00
[2024-11-20T00:21:32.570+0000] {processor.py:208} INFO - Processing /home/ubuntu/airflow_venv/lib/python3.12/site-packages/airflow/example_dags/example_branch_python_dop_operator_3.py took 0.190 seconds
[2024-11-20T00:22:32.063+0000] {processor.py:186} INFO - Started process (PID=2430) to work on /home/ubuntu/airflow_venv/lib/python3.12/site-packages/airflow/example_dags/example_branch_python_dop_operator_3.py
[2024-11-20T00:22:32.064+0000] {processor.py:914} INFO - Processing file /home/ubuntu/airflow_venv/lib/python3.12/site-packages/airflow/example_dags/example_branch_python_dop_operator_3.py for tasks to queue
[2024-11-20T00:22:32.067+0000] {logging_mixin.py:190} INFO - [2024-11-20T00:22:32.066+0000] {dagbag.py:588} INFO - Filling up the DagBag from /home/ubuntu/airflow_venv/lib/python3.12/site-packages/airflow/example_dags/example_branch_python_dop_operator_3.py
[2024-11-20T00:22:32.078+0000] {processor.py:925} INFO - DAG(s) 'example_branch_dop_operator_v3' retrieved from /home/ubuntu/airflow_venv/lib/python3.12/site-packages/airflow/example_dags/example_branch_python_dop_operator_3.py
[2024-11-20T00:22:32.091+0000] {logging_mixin.py:190} INFO - [2024-11-20T00:22:32.091+0000] {dag.py:3239} INFO - Sync 1 DAGs
[2024-11-20T00:22:32.112+0000] {logging_mixin.py:190} INFO - [2024-11-20T00:22:32.112+0000] {dag.py:4180} INFO - Setting next_dagrun for example_branch_dop_operator_v3 to 2024-11-20 00:21:00+00:00, run_after=2024-11-20 00:22:00+00:00
[2024-11-20T00:22:32.135+0000] {processor.py:208} INFO - Processing /home/ubuntu/airflow_venv/lib/python3.12/site-packages/airflow/example_dags/example_branch_python_dop_operator_3.py took 0.077 seconds
[2024-11-20T00:23:54.430+0000] {processor.py:186} INFO - Started process (PID=2514) to work on /home/ubuntu/airflow_venv/lib/python3.12/site-packages/airflow/example_dags/example_branch_python_dop_operator_3.py
[2024-11-20T00:23:54.432+0000] {processor.py:914} INFO - Processing file /home/ubuntu/airflow_venv/lib/python3.12/site-packages/airflow/example_dags/example_branch_python_dop_operator_3.py for tasks to queue
[2024-11-20T00:23:54.434+0000] {logging_mixin.py:190} INFO - [2024-11-20T00:23:54.434+0000] {dagbag.py:588} INFO - Filling up the DagBag from /home/ubuntu/airflow_venv/lib/python3.12/site-packages/airflow/example_dags/example_branch_python_dop_operator_3.py
[2024-11-20T00:23:54.445+0000] {processor.py:925} INFO - DAG(s) 'example_branch_dop_operator_v3' retrieved from /home/ubuntu/airflow_venv/lib/python3.12/site-packages/airflow/example_dags/example_branch_python_dop_operator_3.py
[2024-11-20T00:23:54.459+0000] {logging_mixin.py:190} INFO - [2024-11-20T00:23:54.459+0000] {dag.py:3239} INFO - Sync 1 DAGs
[2024-11-20T00:23:54.486+0000] {logging_mixin.py:190} INFO - [2024-11-20T00:23:54.485+0000] {dag.py:4180} INFO - Setting next_dagrun for example_branch_dop_operator_v3 to 2024-11-20 00:22:00+00:00, run_after=2024-11-20 00:23:00+00:00
[2024-11-20T00:23:54.507+0000] {processor.py:208} INFO - Processing /home/ubuntu/airflow_venv/lib/python3.12/site-packages/airflow/example_dags/example_branch_python_dop_operator_3.py took 0.083 seconds
[2024-11-20T00:25:14.722+0000] {processor.py:186} INFO - Started process (PID=2600) to work on /home/ubuntu/airflow_venv/lib/python3.12/site-packages/airflow/example_dags/example_branch_python_dop_operator_3.py
[2024-11-20T00:25:14.724+0000] {processor.py:914} INFO - Processing file /home/ubuntu/airflow_venv/lib/python3.12/site-packages/airflow/example_dags/example_branch_python_dop_operator_3.py for tasks to queue
[2024-11-20T00:25:14.726+0000] {logging_mixin.py:190} INFO - [2024-11-20T00:25:14.726+0000] {dagbag.py:588} INFO - Filling up the DagBag from /home/ubuntu/airflow_venv/lib/python3.12/site-packages/airflow/example_dags/example_branch_python_dop_operator_3.py
[2024-11-20T00:25:14.737+0000] {processor.py:925} INFO - DAG(s) 'example_branch_dop_operator_v3' retrieved from /home/ubuntu/airflow_venv/lib/python3.12/site-packages/airflow/example_dags/example_branch_python_dop_operator_3.py
[2024-11-20T00:25:14.751+0000] {logging_mixin.py:190} INFO - [2024-11-20T00:25:14.751+0000] {dag.py:3239} INFO - Sync 1 DAGs
[2024-11-20T00:25:14.773+0000] {logging_mixin.py:190} INFO - [2024-11-20T00:25:14.772+0000] {dag.py:4180} INFO - Setting next_dagrun for example_branch_dop_operator_v3 to 2024-11-20 00:24:00+00:00, run_after=2024-11-20 00:25:00+00:00
[2024-11-20T00:25:14.796+0000] {processor.py:208} INFO - Processing /home/ubuntu/airflow_venv/lib/python3.12/site-packages/airflow/example_dags/example_branch_python_dop_operator_3.py took 0.079 seconds
[2024-11-20T00:26:08.455+0000] {processor.py:186} INFO - Started process (PID=2656) to work on /home/ubuntu/airflow_venv/lib/python3.12/site-packages/airflow/example_dags/example_branch_python_dop_operator_3.py
[2024-11-20T00:26:08.457+0000] {processor.py:914} INFO - Processing file /home/ubuntu/airflow_venv/lib/python3.12/site-packages/airflow/example_dags/example_branch_python_dop_operator_3.py for tasks to queue
[2024-11-20T00:26:08.458+0000] {logging_mixin.py:190} INFO - [2024-11-20T00:26:08.458+0000] {dagbag.py:588} INFO - Filling up the DagBag from /home/ubuntu/airflow_venv/lib/python3.12/site-packages/airflow/example_dags/example_branch_python_dop_operator_3.py
[2024-11-20T00:26:08.469+0000] {processor.py:925} INFO - DAG(s) 'example_branch_dop_operator_v3' retrieved from /home/ubuntu/airflow_venv/lib/python3.12/site-packages/airflow/example_dags/example_branch_python_dop_operator_3.py
[2024-11-20T00:26:08.484+0000] {logging_mixin.py:190} INFO - [2024-11-20T00:26:08.484+0000] {dag.py:3239} INFO - Sync 1 DAGs
[2024-11-20T00:26:08.506+0000] {logging_mixin.py:190} INFO - [2024-11-20T00:26:08.506+0000] {dag.py:4180} INFO - Setting next_dagrun for example_branch_dop_operator_v3 to 2024-11-20 00:25:00+00:00, run_after=2024-11-20 00:26:00+00:00
[2024-11-20T00:26:08.530+0000] {processor.py:208} INFO - Processing /home/ubuntu/airflow_venv/lib/python3.12/site-packages/airflow/example_dags/example_branch_python_dop_operator_3.py took 0.082 seconds
[2024-11-20T00:27:58.386+0000] {processor.py:186} INFO - Started process (PID=2788) to work on /home/ubuntu/airflow_venv/lib/python3.12/site-packages/airflow/example_dags/example_branch_python_dop_operator_3.py
[2024-11-20T00:27:58.387+0000] {processor.py:914} INFO - Processing file /home/ubuntu/airflow_venv/lib/python3.12/site-packages/airflow/example_dags/example_branch_python_dop_operator_3.py for tasks to queue
[2024-11-20T00:27:58.389+0000] {logging_mixin.py:190} INFO - [2024-11-20T00:27:58.389+0000] {dagbag.py:588} INFO - Filling up the DagBag from /home/ubuntu/airflow_venv/lib/python3.12/site-packages/airflow/example_dags/example_branch_python_dop_operator_3.py
[2024-11-20T00:27:58.400+0000] {processor.py:925} INFO - DAG(s) 'example_branch_dop_operator_v3' retrieved from /home/ubuntu/airflow_venv/lib/python3.12/site-packages/airflow/example_dags/example_branch_python_dop_operator_3.py
[2024-11-20T00:27:58.415+0000] {logging_mixin.py:190} INFO - [2024-11-20T00:27:58.415+0000] {dag.py:3239} INFO - Sync 1 DAGs
[2024-11-20T00:27:58.435+0000] {logging_mixin.py:190} INFO - [2024-11-20T00:27:58.435+0000] {dag.py:4180} INFO - Setting next_dagrun for example_branch_dop_operator_v3 to 2024-11-20 00:26:00+00:00, run_after=2024-11-20 00:27:00+00:00
[2024-11-20T00:27:58.458+0000] {processor.py:208} INFO - Processing /home/ubuntu/airflow_venv/lib/python3.12/site-packages/airflow/example_dags/example_branch_python_dop_operator_3.py took 0.077 seconds
[2024-11-20T00:29:26.141+0000] {processor.py:186} INFO - Started process (PID=3006) to work on /home/ubuntu/airflow_venv/lib/python3.12/site-packages/airflow/example_dags/example_branch_python_dop_operator_3.py
[2024-11-20T00:29:26.143+0000] {processor.py:914} INFO - Processing file /home/ubuntu/airflow_venv/lib/python3.12/site-packages/airflow/example_dags/example_branch_python_dop_operator_3.py for tasks to queue
[2024-11-20T00:29:26.144+0000] {logging_mixin.py:190} INFO - [2024-11-20T00:29:26.143+0000] {dagbag.py:588} INFO - Filling up the DagBag from /home/ubuntu/airflow_venv/lib/python3.12/site-packages/airflow/example_dags/example_branch_python_dop_operator_3.py
[2024-11-20T00:29:26.155+0000] {processor.py:925} INFO - DAG(s) 'example_branch_dop_operator_v3' retrieved from /home/ubuntu/airflow_venv/lib/python3.12/site-packages/airflow/example_dags/example_branch_python_dop_operator_3.py
[2024-11-20T00:29:26.169+0000] {logging_mixin.py:190} INFO - [2024-11-20T00:29:26.169+0000] {dag.py:3239} INFO - Sync 1 DAGs
[2024-11-20T00:29:26.191+0000] {logging_mixin.py:190} INFO - [2024-11-20T00:29:26.191+0000] {dag.py:4180} INFO - Setting next_dagrun for example_branch_dop_operator_v3 to 2024-11-20 00:28:00+00:00, run_after=2024-11-20 00:29:00+00:00
[2024-11-20T00:29:26.214+0000] {processor.py:208} INFO - Processing /home/ubuntu/airflow_venv/lib/python3.12/site-packages/airflow/example_dags/example_branch_python_dop_operator_3.py took 0.078 seconds
[2024-11-20T00:30:26.234+0000] {processor.py:186} INFO - Started process (PID=3069) to work on /home/ubuntu/airflow_venv/lib/python3.12/site-packages/airflow/example_dags/example_branch_python_dop_operator_3.py
[2024-11-20T00:30:26.236+0000] {processor.py:914} INFO - Processing file /home/ubuntu/airflow_venv/lib/python3.12/site-packages/airflow/example_dags/example_branch_python_dop_operator_3.py for tasks to queue
[2024-11-20T00:30:26.237+0000] {logging_mixin.py:190} INFO - [2024-11-20T00:30:26.236+0000] {dagbag.py:588} INFO - Filling up the DagBag from /home/ubuntu/airflow_venv/lib/python3.12/site-packages/airflow/example_dags/example_branch_python_dop_operator_3.py
[2024-11-20T00:30:26.248+0000] {processor.py:925} INFO - DAG(s) 'example_branch_dop_operator_v3' retrieved from /home/ubuntu/airflow_venv/lib/python3.12/site-packages/airflow/example_dags/example_branch_python_dop_operator_3.py
[2024-11-20T00:30:26.262+0000] {logging_mixin.py:190} INFO - [2024-11-20T00:30:26.262+0000] {dag.py:3239} INFO - Sync 1 DAGs
[2024-11-20T00:30:26.284+0000] {logging_mixin.py:190} INFO - [2024-11-20T00:30:26.284+0000] {dag.py:4180} INFO - Setting next_dagrun for example_branch_dop_operator_v3 to 2024-11-20 00:29:00+00:00, run_after=2024-11-20 00:30:00+00:00
[2024-11-20T00:30:26.319+0000] {processor.py:208} INFO - Processing /home/ubuntu/airflow_venv/lib/python3.12/site-packages/airflow/example_dags/example_branch_python_dop_operator_3.py took 0.090 seconds
[2024-11-20T00:31:24.481+0000] {processor.py:186} INFO - Started process (PID=3250) to work on /home/ubuntu/airflow_venv/lib/python3.12/site-packages/airflow/example_dags/example_branch_python_dop_operator_3.py
[2024-11-20T00:31:24.482+0000] {processor.py:914} INFO - Processing file /home/ubuntu/airflow_venv/lib/python3.12/site-packages/airflow/example_dags/example_branch_python_dop_operator_3.py for tasks to queue
[2024-11-20T00:31:24.483+0000] {logging_mixin.py:190} INFO - [2024-11-20T00:31:24.483+0000] {dagbag.py:588} INFO - Filling up the DagBag from /home/ubuntu/airflow_venv/lib/python3.12/site-packages/airflow/example_dags/example_branch_python_dop_operator_3.py
[2024-11-20T00:31:24.494+0000] {processor.py:925} INFO - DAG(s) 'example_branch_dop_operator_v3' retrieved from /home/ubuntu/airflow_venv/lib/python3.12/site-packages/airflow/example_dags/example_branch_python_dop_operator_3.py
[2024-11-20T00:31:24.507+0000] {logging_mixin.py:190} INFO - [2024-11-20T00:31:24.507+0000] {dag.py:3239} INFO - Sync 1 DAGs
[2024-11-20T00:31:24.530+0000] {logging_mixin.py:190} INFO - [2024-11-20T00:31:24.530+0000] {dag.py:4180} INFO - Setting next_dagrun for example_branch_dop_operator_v3 to 2024-11-20 00:30:00+00:00, run_after=2024-11-20 00:31:00+00:00
[2024-11-20T00:31:24.554+0000] {processor.py:208} INFO - Processing /home/ubuntu/airflow_venv/lib/python3.12/site-packages/airflow/example_dags/example_branch_python_dop_operator_3.py took 0.079 seconds
[2024-11-20T00:32:42.098+0000] {processor.py:186} INFO - Started process (PID=3695) to work on /home/ubuntu/airflow_venv/lib/python3.12/site-packages/airflow/example_dags/example_branch_python_dop_operator_3.py
[2024-11-20T00:32:42.100+0000] {processor.py:914} INFO - Processing file /home/ubuntu/airflow_venv/lib/python3.12/site-packages/airflow/example_dags/example_branch_python_dop_operator_3.py for tasks to queue
[2024-11-20T00:32:42.101+0000] {logging_mixin.py:190} INFO - [2024-11-20T00:32:42.100+0000] {dagbag.py:588} INFO - Filling up the DagBag from /home/ubuntu/airflow_venv/lib/python3.12/site-packages/airflow/example_dags/example_branch_python_dop_operator_3.py
[2024-11-20T00:32:42.121+0000] {processor.py:925} INFO - DAG(s) 'example_branch_dop_operator_v3' retrieved from /home/ubuntu/airflow_venv/lib/python3.12/site-packages/airflow/example_dags/example_branch_python_dop_operator_3.py
[2024-11-20T00:32:42.151+0000] {logging_mixin.py:190} INFO - [2024-11-20T00:32:42.151+0000] {dag.py:3239} INFO - Sync 1 DAGs
[2024-11-20T00:32:42.209+0000] {logging_mixin.py:190} INFO - [2024-11-20T00:32:42.209+0000] {dag.py:4180} INFO - Setting next_dagrun for example_branch_dop_operator_v3 to 2024-11-20 00:31:00+00:00, run_after=2024-11-20 00:32:00+00:00
[2024-11-20T00:32:42.242+0000] {processor.py:208} INFO - Processing /home/ubuntu/airflow_venv/lib/python3.12/site-packages/airflow/example_dags/example_branch_python_dop_operator_3.py took 0.156 seconds
[2024-11-20T00:34:14.648+0000] {processor.py:186} INFO - Started process (PID=4023) to work on /home/ubuntu/airflow_venv/lib/python3.12/site-packages/airflow/example_dags/example_branch_python_dop_operator_3.py
[2024-11-20T00:34:14.651+0000] {processor.py:914} INFO - Processing file /home/ubuntu/airflow_venv/lib/python3.12/site-packages/airflow/example_dags/example_branch_python_dop_operator_3.py for tasks to queue
[2024-11-20T00:34:14.653+0000] {logging_mixin.py:190} INFO - [2024-11-20T00:34:14.653+0000] {dagbag.py:588} INFO - Filling up the DagBag from /home/ubuntu/airflow_venv/lib/python3.12/site-packages/airflow/example_dags/example_branch_python_dop_operator_3.py
[2024-11-20T00:34:14.663+0000] {processor.py:925} INFO - DAG(s) 'example_branch_dop_operator_v3' retrieved from /home/ubuntu/airflow_venv/lib/python3.12/site-packages/airflow/example_dags/example_branch_python_dop_operator_3.py
[2024-11-20T00:34:14.677+0000] {logging_mixin.py:190} INFO - [2024-11-20T00:34:14.677+0000] {dag.py:3239} INFO - Sync 1 DAGs
[2024-11-20T00:34:14.698+0000] {logging_mixin.py:190} INFO - [2024-11-20T00:34:14.698+0000] {dag.py:4180} INFO - Setting next_dagrun for example_branch_dop_operator_v3 to 2024-11-20 00:33:00+00:00, run_after=2024-11-20 00:34:00+00:00
[2024-11-20T00:34:14.721+0000] {processor.py:208} INFO - Processing /home/ubuntu/airflow_venv/lib/python3.12/site-packages/airflow/example_dags/example_branch_python_dop_operator_3.py took 0.079 seconds
[2024-11-20T00:35:13.199+0000] {processor.py:186} INFO - Started process (PID=4109) to work on /home/ubuntu/airflow_venv/lib/python3.12/site-packages/airflow/example_dags/example_branch_python_dop_operator_3.py
[2024-11-20T00:35:13.202+0000] {processor.py:914} INFO - Processing file /home/ubuntu/airflow_venv/lib/python3.12/site-packages/airflow/example_dags/example_branch_python_dop_operator_3.py for tasks to queue
[2024-11-20T00:35:13.203+0000] {logging_mixin.py:190} INFO - [2024-11-20T00:35:13.203+0000] {dagbag.py:588} INFO - Filling up the DagBag from /home/ubuntu/airflow_venv/lib/python3.12/site-packages/airflow/example_dags/example_branch_python_dop_operator_3.py
[2024-11-20T00:35:13.214+0000] {processor.py:925} INFO - DAG(s) 'example_branch_dop_operator_v3' retrieved from /home/ubuntu/airflow_venv/lib/python3.12/site-packages/airflow/example_dags/example_branch_python_dop_operator_3.py
[2024-11-20T00:35:13.229+0000] {logging_mixin.py:190} INFO - [2024-11-20T00:35:13.229+0000] {dag.py:3239} INFO - Sync 1 DAGs
[2024-11-20T00:35:13.252+0000] {logging_mixin.py:190} INFO - [2024-11-20T00:35:13.252+0000] {dag.py:4180} INFO - Setting next_dagrun for example_branch_dop_operator_v3 to 2024-11-20 00:34:00+00:00, run_after=2024-11-20 00:35:00+00:00
[2024-11-20T00:35:13.274+0000] {processor.py:208} INFO - Processing /home/ubuntu/airflow_venv/lib/python3.12/site-packages/airflow/example_dags/example_branch_python_dop_operator_3.py took 0.081 seconds
[2024-11-20T00:36:34.375+0000] {processor.py:186} INFO - Started process (PID=4195) to work on /home/ubuntu/airflow_venv/lib/python3.12/site-packages/airflow/example_dags/example_branch_python_dop_operator_3.py
[2024-11-20T00:36:34.377+0000] {processor.py:914} INFO - Processing file /home/ubuntu/airflow_venv/lib/python3.12/site-packages/airflow/example_dags/example_branch_python_dop_operator_3.py for tasks to queue
[2024-11-20T00:36:34.378+0000] {logging_mixin.py:190} INFO - [2024-11-20T00:36:34.378+0000] {dagbag.py:588} INFO - Filling up the DagBag from /home/ubuntu/airflow_venv/lib/python3.12/site-packages/airflow/example_dags/example_branch_python_dop_operator_3.py
[2024-11-20T00:36:34.389+0000] {processor.py:925} INFO - DAG(s) 'example_branch_dop_operator_v3' retrieved from /home/ubuntu/airflow_venv/lib/python3.12/site-packages/airflow/example_dags/example_branch_python_dop_operator_3.py
[2024-11-20T00:36:34.403+0000] {logging_mixin.py:190} INFO - [2024-11-20T00:36:34.403+0000] {dag.py:3239} INFO - Sync 1 DAGs
[2024-11-20T00:36:34.425+0000] {logging_mixin.py:190} INFO - [2024-11-20T00:36:34.425+0000] {dag.py:4180} INFO - Setting next_dagrun for example_branch_dop_operator_v3 to 2024-11-20 00:35:00+00:00, run_after=2024-11-20 00:36:00+00:00
[2024-11-20T00:36:34.446+0000] {processor.py:208} INFO - Processing /home/ubuntu/airflow_venv/lib/python3.12/site-packages/airflow/example_dags/example_branch_python_dop_operator_3.py took 0.079 seconds
[2024-11-20T00:37:58.288+0000] {processor.py:186} INFO - Started process (PID=4306) to work on /home/ubuntu/airflow_venv/lib/python3.12/site-packages/airflow/example_dags/example_branch_python_dop_operator_3.py
[2024-11-20T00:37:58.289+0000] {processor.py:914} INFO - Processing file /home/ubuntu/airflow_venv/lib/python3.12/site-packages/airflow/example_dags/example_branch_python_dop_operator_3.py for tasks to queue
[2024-11-20T00:37:58.291+0000] {logging_mixin.py:190} INFO - [2024-11-20T00:37:58.290+0000] {dagbag.py:588} INFO - Filling up the DagBag from /home/ubuntu/airflow_venv/lib/python3.12/site-packages/airflow/example_dags/example_branch_python_dop_operator_3.py
[2024-11-20T00:37:58.301+0000] {processor.py:925} INFO - DAG(s) 'example_branch_dop_operator_v3' retrieved from /home/ubuntu/airflow_venv/lib/python3.12/site-packages/airflow/example_dags/example_branch_python_dop_operator_3.py
[2024-11-20T00:37:58.316+0000] {logging_mixin.py:190} INFO - [2024-11-20T00:37:58.316+0000] {dag.py:3239} INFO - Sync 1 DAGs
[2024-11-20T00:37:58.337+0000] {logging_mixin.py:190} INFO - [2024-11-20T00:37:58.337+0000] {dag.py:4180} INFO - Setting next_dagrun for example_branch_dop_operator_v3 to 2024-11-20 00:36:00+00:00, run_after=2024-11-20 00:37:00+00:00
[2024-11-20T00:37:58.360+0000] {processor.py:208} INFO - Processing /home/ubuntu/airflow_venv/lib/python3.12/site-packages/airflow/example_dags/example_branch_python_dop_operator_3.py took 0.079 seconds
[2024-11-20T00:38:53.714+0000] {processor.py:186} INFO - Started process (PID=4365) to work on /home/ubuntu/airflow_venv/lib/python3.12/site-packages/airflow/example_dags/example_branch_python_dop_operator_3.py
[2024-11-20T00:38:53.715+0000] {processor.py:914} INFO - Processing file /home/ubuntu/airflow_venv/lib/python3.12/site-packages/airflow/example_dags/example_branch_python_dop_operator_3.py for tasks to queue
[2024-11-20T00:38:53.717+0000] {logging_mixin.py:190} INFO - [2024-11-20T00:38:53.716+0000] {dagbag.py:588} INFO - Filling up the DagBag from /home/ubuntu/airflow_venv/lib/python3.12/site-packages/airflow/example_dags/example_branch_python_dop_operator_3.py
[2024-11-20T00:38:53.727+0000] {processor.py:925} INFO - DAG(s) 'example_branch_dop_operator_v3' retrieved from /home/ubuntu/airflow_venv/lib/python3.12/site-packages/airflow/example_dags/example_branch_python_dop_operator_3.py
[2024-11-20T00:38:53.742+0000] {logging_mixin.py:190} INFO - [2024-11-20T00:38:53.742+0000] {dag.py:3239} INFO - Sync 1 DAGs
[2024-11-20T00:38:53.764+0000] {logging_mixin.py:190} INFO - [2024-11-20T00:38:53.764+0000] {dag.py:4180} INFO - Setting next_dagrun for example_branch_dop_operator_v3 to 2024-11-20 00:37:00+00:00, run_after=2024-11-20 00:38:00+00:00
[2024-11-20T00:38:53.787+0000] {processor.py:208} INFO - Processing /home/ubuntu/airflow_venv/lib/python3.12/site-packages/airflow/example_dags/example_branch_python_dop_operator_3.py took 0.080 seconds
[2024-11-20T00:40:26.277+0000] {processor.py:186} INFO - Started process (PID=4491) to work on /home/ubuntu/airflow_venv/lib/python3.12/site-packages/airflow/example_dags/example_branch_python_dop_operator_3.py
[2024-11-20T00:40:26.279+0000] {processor.py:914} INFO - Processing file /home/ubuntu/airflow_venv/lib/python3.12/site-packages/airflow/example_dags/example_branch_python_dop_operator_3.py for tasks to queue
[2024-11-20T00:40:26.281+0000] {logging_mixin.py:190} INFO - [2024-11-20T00:40:26.279+0000] {dagbag.py:588} INFO - Filling up the DagBag from /home/ubuntu/airflow_venv/lib/python3.12/site-packages/airflow/example_dags/example_branch_python_dop_operator_3.py
[2024-11-20T00:40:26.291+0000] {processor.py:925} INFO - DAG(s) 'example_branch_dop_operator_v3' retrieved from /home/ubuntu/airflow_venv/lib/python3.12/site-packages/airflow/example_dags/example_branch_python_dop_operator_3.py
[2024-11-20T00:40:26.308+0000] {logging_mixin.py:190} INFO - [2024-11-20T00:40:26.308+0000] {dag.py:3239} INFO - Sync 1 DAGs
[2024-11-20T00:40:26.339+0000] {logging_mixin.py:190} INFO - [2024-11-20T00:40:26.339+0000] {dag.py:4180} INFO - Setting next_dagrun for example_branch_dop_operator_v3 to 2024-11-20 00:39:00+00:00, run_after=2024-11-20 00:40:00+00:00
[2024-11-20T00:40:26.370+0000] {processor.py:208} INFO - Processing /home/ubuntu/airflow_venv/lib/python3.12/site-packages/airflow/example_dags/example_branch_python_dop_operator_3.py took 0.100 seconds
[2024-11-20T00:41:44.769+0000] {processor.py:186} INFO - Started process (PID=4576) to work on /home/ubuntu/airflow_venv/lib/python3.12/site-packages/airflow/example_dags/example_branch_python_dop_operator_3.py
[2024-11-20T00:41:44.770+0000] {processor.py:914} INFO - Processing file /home/ubuntu/airflow_venv/lib/python3.12/site-packages/airflow/example_dags/example_branch_python_dop_operator_3.py for tasks to queue
[2024-11-20T00:41:44.772+0000] {logging_mixin.py:190} INFO - [2024-11-20T00:41:44.772+0000] {dagbag.py:588} INFO - Filling up the DagBag from /home/ubuntu/airflow_venv/lib/python3.12/site-packages/airflow/example_dags/example_branch_python_dop_operator_3.py
[2024-11-20T00:41:44.783+0000] {processor.py:925} INFO - DAG(s) 'example_branch_dop_operator_v3' retrieved from /home/ubuntu/airflow_venv/lib/python3.12/site-packages/airflow/example_dags/example_branch_python_dop_operator_3.py
[2024-11-20T00:41:44.797+0000] {logging_mixin.py:190} INFO - [2024-11-20T00:41:44.797+0000] {dag.py:3239} INFO - Sync 1 DAGs
[2024-11-20T00:41:44.819+0000] {logging_mixin.py:190} INFO - [2024-11-20T00:41:44.819+0000] {dag.py:4180} INFO - Setting next_dagrun for example_branch_dop_operator_v3 to 2024-11-20 00:40:00+00:00, run_after=2024-11-20 00:41:00+00:00
[2024-11-20T00:41:44.841+0000] {processor.py:208} INFO - Processing /home/ubuntu/airflow_venv/lib/python3.12/site-packages/airflow/example_dags/example_branch_python_dop_operator_3.py took 0.079 seconds
[2024-11-20T00:43:08.972+0000] {processor.py:186} INFO - Started process (PID=4662) to work on /home/ubuntu/airflow_venv/lib/python3.12/site-packages/airflow/example_dags/example_branch_python_dop_operator_3.py
[2024-11-20T00:43:08.974+0000] {processor.py:914} INFO - Processing file /home/ubuntu/airflow_venv/lib/python3.12/site-packages/airflow/example_dags/example_branch_python_dop_operator_3.py for tasks to queue
[2024-11-20T00:43:08.975+0000] {logging_mixin.py:190} INFO - [2024-11-20T00:43:08.974+0000] {dagbag.py:588} INFO - Filling up the DagBag from /home/ubuntu/airflow_venv/lib/python3.12/site-packages/airflow/example_dags/example_branch_python_dop_operator_3.py
[2024-11-20T00:43:08.985+0000] {processor.py:925} INFO - DAG(s) 'example_branch_dop_operator_v3' retrieved from /home/ubuntu/airflow_venv/lib/python3.12/site-packages/airflow/example_dags/example_branch_python_dop_operator_3.py
[2024-11-20T00:43:09.000+0000] {logging_mixin.py:190} INFO - [2024-11-20T00:43:08.999+0000] {dag.py:3239} INFO - Sync 1 DAGs
[2024-11-20T00:43:09.022+0000] {logging_mixin.py:190} INFO - [2024-11-20T00:43:09.022+0000] {dag.py:4180} INFO - Setting next_dagrun for example_branch_dop_operator_v3 to 2024-11-20 00:42:00+00:00, run_after=2024-11-20 00:43:00+00:00
[2024-11-20T00:43:09.044+0000] {processor.py:208} INFO - Processing /home/ubuntu/airflow_venv/lib/python3.12/site-packages/airflow/example_dags/example_branch_python_dop_operator_3.py took 0.078 seconds
[2024-11-20T00:44:03.973+0000] {processor.py:186} INFO - Started process (PID=4720) to work on /home/ubuntu/airflow_venv/lib/python3.12/site-packages/airflow/example_dags/example_branch_python_dop_operator_3.py
[2024-11-20T00:44:03.974+0000] {processor.py:914} INFO - Processing file /home/ubuntu/airflow_venv/lib/python3.12/site-packages/airflow/example_dags/example_branch_python_dop_operator_3.py for tasks to queue
[2024-11-20T00:44:03.976+0000] {logging_mixin.py:190} INFO - [2024-11-20T00:44:03.975+0000] {dagbag.py:588} INFO - Filling up the DagBag from /home/ubuntu/airflow_venv/lib/python3.12/site-packages/airflow/example_dags/example_branch_python_dop_operator_3.py
[2024-11-20T00:44:03.986+0000] {processor.py:925} INFO - DAG(s) 'example_branch_dop_operator_v3' retrieved from /home/ubuntu/airflow_venv/lib/python3.12/site-packages/airflow/example_dags/example_branch_python_dop_operator_3.py
[2024-11-20T00:44:04.001+0000] {logging_mixin.py:190} INFO - [2024-11-20T00:44:04.001+0000] {dag.py:3239} INFO - Sync 1 DAGs
[2024-11-20T00:44:04.023+0000] {logging_mixin.py:190} INFO - [2024-11-20T00:44:04.023+0000] {dag.py:4180} INFO - Setting next_dagrun for example_branch_dop_operator_v3 to 2024-11-20 00:43:00+00:00, run_after=2024-11-20 00:44:00+00:00
[2024-11-20T00:44:04.045+0000] {processor.py:208} INFO - Processing /home/ubuntu/airflow_venv/lib/python3.12/site-packages/airflow/example_dags/example_branch_python_dop_operator_3.py took 0.080 seconds
[2024-11-20T00:45:26.502+0000] {processor.py:186} INFO - Started process (PID=4807) to work on /home/ubuntu/airflow_venv/lib/python3.12/site-packages/airflow/example_dags/example_branch_python_dop_operator_3.py
[2024-11-20T00:45:26.503+0000] {processor.py:914} INFO - Processing file /home/ubuntu/airflow_venv/lib/python3.12/site-packages/airflow/example_dags/example_branch_python_dop_operator_3.py for tasks to queue
[2024-11-20T00:45:26.504+0000] {logging_mixin.py:190} INFO - [2024-11-20T00:45:26.504+0000] {dagbag.py:588} INFO - Filling up the DagBag from /home/ubuntu/airflow_venv/lib/python3.12/site-packages/airflow/example_dags/example_branch_python_dop_operator_3.py
[2024-11-20T00:45:26.515+0000] {processor.py:925} INFO - DAG(s) 'example_branch_dop_operator_v3' retrieved from /home/ubuntu/airflow_venv/lib/python3.12/site-packages/airflow/example_dags/example_branch_python_dop_operator_3.py
[2024-11-20T00:45:26.531+0000] {logging_mixin.py:190} INFO - [2024-11-20T00:45:26.531+0000] {dag.py:3239} INFO - Sync 1 DAGs
[2024-11-20T00:45:26.552+0000] {logging_mixin.py:190} INFO - [2024-11-20T00:45:26.552+0000] {dag.py:4180} INFO - Setting next_dagrun for example_branch_dop_operator_v3 to 2024-11-20 00:44:00+00:00, run_after=2024-11-20 00:45:00+00:00
[2024-11-20T00:45:26.575+0000] {processor.py:208} INFO - Processing /home/ubuntu/airflow_venv/lib/python3.12/site-packages/airflow/example_dags/example_branch_python_dop_operator_3.py took 0.080 seconds
[2024-11-20T00:46:46.222+0000] {processor.py:186} INFO - Started process (PID=4890) to work on /home/ubuntu/airflow_venv/lib/python3.12/site-packages/airflow/example_dags/example_branch_python_dop_operator_3.py
[2024-11-20T00:46:46.224+0000] {processor.py:914} INFO - Processing file /home/ubuntu/airflow_venv/lib/python3.12/site-packages/airflow/example_dags/example_branch_python_dop_operator_3.py for tasks to queue
[2024-11-20T00:46:46.225+0000] {logging_mixin.py:190} INFO - [2024-11-20T00:46:46.225+0000] {dagbag.py:588} INFO - Filling up the DagBag from /home/ubuntu/airflow_venv/lib/python3.12/site-packages/airflow/example_dags/example_branch_python_dop_operator_3.py
[2024-11-20T00:46:46.235+0000] {processor.py:925} INFO - DAG(s) 'example_branch_dop_operator_v3' retrieved from /home/ubuntu/airflow_venv/lib/python3.12/site-packages/airflow/example_dags/example_branch_python_dop_operator_3.py
[2024-11-20T00:46:46.251+0000] {logging_mixin.py:190} INFO - [2024-11-20T00:46:46.250+0000] {dag.py:3239} INFO - Sync 1 DAGs
[2024-11-20T00:46:46.271+0000] {logging_mixin.py:190} INFO - [2024-11-20T00:46:46.271+0000] {dag.py:4180} INFO - Setting next_dagrun for example_branch_dop_operator_v3 to 2024-11-20 00:45:00+00:00, run_after=2024-11-20 00:46:00+00:00
[2024-11-20T00:46:46.294+0000] {processor.py:208} INFO - Processing /home/ubuntu/airflow_venv/lib/python3.12/site-packages/airflow/example_dags/example_branch_python_dop_operator_3.py took 0.079 seconds
[2024-11-20T00:48:04.573+0000] {processor.py:186} INFO - Started process (PID=4972) to work on /home/ubuntu/airflow_venv/lib/python3.12/site-packages/airflow/example_dags/example_branch_python_dop_operator_3.py
[2024-11-20T00:48:04.575+0000] {processor.py:914} INFO - Processing file /home/ubuntu/airflow_venv/lib/python3.12/site-packages/airflow/example_dags/example_branch_python_dop_operator_3.py for tasks to queue
[2024-11-20T00:48:04.577+0000] {logging_mixin.py:190} INFO - [2024-11-20T00:48:04.575+0000] {dagbag.py:588} INFO - Filling up the DagBag from /home/ubuntu/airflow_venv/lib/python3.12/site-packages/airflow/example_dags/example_branch_python_dop_operator_3.py
[2024-11-20T00:48:04.587+0000] {processor.py:925} INFO - DAG(s) 'example_branch_dop_operator_v3' retrieved from /home/ubuntu/airflow_venv/lib/python3.12/site-packages/airflow/example_dags/example_branch_python_dop_operator_3.py
[2024-11-20T00:48:04.602+0000] {logging_mixin.py:190} INFO - [2024-11-20T00:48:04.602+0000] {dag.py:3239} INFO - Sync 1 DAGs
[2024-11-20T00:48:04.625+0000] {logging_mixin.py:190} INFO - [2024-11-20T00:48:04.624+0000] {dag.py:4180} INFO - Setting next_dagrun for example_branch_dop_operator_v3 to 2024-11-20 00:47:00+00:00, run_after=2024-11-20 00:48:00+00:00
[2024-11-20T00:48:04.647+0000] {processor.py:208} INFO - Processing /home/ubuntu/airflow_venv/lib/python3.12/site-packages/airflow/example_dags/example_branch_python_dop_operator_3.py took 0.081 seconds
[2024-11-20T00:49:27.364+0000] {processor.py:186} INFO - Started process (PID=5057) to work on /home/ubuntu/airflow_venv/lib/python3.12/site-packages/airflow/example_dags/example_branch_python_dop_operator_3.py
[2024-11-20T00:49:27.366+0000] {processor.py:914} INFO - Processing file /home/ubuntu/airflow_venv/lib/python3.12/site-packages/airflow/example_dags/example_branch_python_dop_operator_3.py for tasks to queue
[2024-11-20T00:49:27.368+0000] {logging_mixin.py:190} INFO - [2024-11-20T00:49:27.367+0000] {dagbag.py:588} INFO - Filling up the DagBag from /home/ubuntu/airflow_venv/lib/python3.12/site-packages/airflow/example_dags/example_branch_python_dop_operator_3.py
[2024-11-20T00:49:27.377+0000] {processor.py:925} INFO - DAG(s) 'example_branch_dop_operator_v3' retrieved from /home/ubuntu/airflow_venv/lib/python3.12/site-packages/airflow/example_dags/example_branch_python_dop_operator_3.py
[2024-11-20T00:49:27.392+0000] {logging_mixin.py:190} INFO - [2024-11-20T00:49:27.392+0000] {dag.py:3239} INFO - Sync 1 DAGs
[2024-11-20T00:49:27.414+0000] {logging_mixin.py:190} INFO - [2024-11-20T00:49:27.414+0000] {dag.py:4180} INFO - Setting next_dagrun for example_branch_dop_operator_v3 to 2024-11-20 00:48:00+00:00, run_after=2024-11-20 00:49:00+00:00
[2024-11-20T00:49:27.436+0000] {processor.py:208} INFO - Processing /home/ubuntu/airflow_venv/lib/python3.12/site-packages/airflow/example_dags/example_branch_python_dop_operator_3.py took 0.078 seconds
[2024-11-20T00:50:47.053+0000] {processor.py:186} INFO - Started process (PID=5143) to work on /home/ubuntu/airflow_venv/lib/python3.12/site-packages/airflow/example_dags/example_branch_python_dop_operator_3.py
[2024-11-20T00:50:47.056+0000] {processor.py:914} INFO - Processing file /home/ubuntu/airflow_venv/lib/python3.12/site-packages/airflow/example_dags/example_branch_python_dop_operator_3.py for tasks to queue
[2024-11-20T00:50:47.057+0000] {logging_mixin.py:190} INFO - [2024-11-20T00:50:47.056+0000] {dagbag.py:588} INFO - Filling up the DagBag from /home/ubuntu/airflow_venv/lib/python3.12/site-packages/airflow/example_dags/example_branch_python_dop_operator_3.py
[2024-11-20T00:50:47.067+0000] {processor.py:925} INFO - DAG(s) 'example_branch_dop_operator_v3' retrieved from /home/ubuntu/airflow_venv/lib/python3.12/site-packages/airflow/example_dags/example_branch_python_dop_operator_3.py
[2024-11-20T00:50:47.087+0000] {logging_mixin.py:190} INFO - [2024-11-20T00:50:47.087+0000] {dag.py:3239} INFO - Sync 1 DAGs
[2024-11-20T00:50:47.112+0000] {logging_mixin.py:190} INFO - [2024-11-20T00:50:47.112+0000] {dag.py:4180} INFO - Setting next_dagrun for example_branch_dop_operator_v3 to 2024-11-20 00:49:00+00:00, run_after=2024-11-20 00:50:00+00:00
[2024-11-20T00:50:47.134+0000] {processor.py:208} INFO - Processing /home/ubuntu/airflow_venv/lib/python3.12/site-packages/airflow/example_dags/example_branch_python_dop_operator_3.py took 0.088 seconds
[2024-11-20T00:52:11.476+0000] {processor.py:186} INFO - Started process (PID=5231) to work on /home/ubuntu/airflow_venv/lib/python3.12/site-packages/airflow/example_dags/example_branch_python_dop_operator_3.py
[2024-11-20T00:52:11.478+0000] {processor.py:914} INFO - Processing file /home/ubuntu/airflow_venv/lib/python3.12/site-packages/airflow/example_dags/example_branch_python_dop_operator_3.py for tasks to queue
[2024-11-20T00:52:11.480+0000] {logging_mixin.py:190} INFO - [2024-11-20T00:52:11.480+0000] {dagbag.py:588} INFO - Filling up the DagBag from /home/ubuntu/airflow_venv/lib/python3.12/site-packages/airflow/example_dags/example_branch_python_dop_operator_3.py
[2024-11-20T00:52:11.490+0000] {processor.py:925} INFO - DAG(s) 'example_branch_dop_operator_v3' retrieved from /home/ubuntu/airflow_venv/lib/python3.12/site-packages/airflow/example_dags/example_branch_python_dop_operator_3.py
[2024-11-20T00:52:11.505+0000] {logging_mixin.py:190} INFO - [2024-11-20T00:52:11.505+0000] {dag.py:3239} INFO - Sync 1 DAGs
[2024-11-20T00:52:11.526+0000] {logging_mixin.py:190} INFO - [2024-11-20T00:52:11.526+0000] {dag.py:4180} INFO - Setting next_dagrun for example_branch_dop_operator_v3 to 2024-11-20 00:51:00+00:00, run_after=2024-11-20 00:52:00+00:00
[2024-11-20T00:52:11.548+0000] {processor.py:208} INFO - Processing /home/ubuntu/airflow_venv/lib/python3.12/site-packages/airflow/example_dags/example_branch_python_dop_operator_3.py took 0.078 seconds
[2024-11-20T00:53:38.084+0000] {processor.py:186} INFO - Started process (PID=5316) to work on /home/ubuntu/airflow_venv/lib/python3.12/site-packages/airflow/example_dags/example_branch_python_dop_operator_3.py
[2024-11-20T00:53:38.086+0000] {processor.py:914} INFO - Processing file /home/ubuntu/airflow_venv/lib/python3.12/site-packages/airflow/example_dags/example_branch_python_dop_operator_3.py for tasks to queue
[2024-11-20T00:53:38.087+0000] {logging_mixin.py:190} INFO - [2024-11-20T00:53:38.087+0000] {dagbag.py:588} INFO - Filling up the DagBag from /home/ubuntu/airflow_venv/lib/python3.12/site-packages/airflow/example_dags/example_branch_python_dop_operator_3.py
[2024-11-20T00:53:38.098+0000] {processor.py:925} INFO - DAG(s) 'example_branch_dop_operator_v3' retrieved from /home/ubuntu/airflow_venv/lib/python3.12/site-packages/airflow/example_dags/example_branch_python_dop_operator_3.py
[2024-11-20T00:53:38.112+0000] {logging_mixin.py:190} INFO - [2024-11-20T00:53:38.112+0000] {dag.py:3239} INFO - Sync 1 DAGs
[2024-11-20T00:53:38.134+0000] {logging_mixin.py:190} INFO - [2024-11-20T00:53:38.134+0000] {dag.py:4180} INFO - Setting next_dagrun for example_branch_dop_operator_v3 to 2024-11-20 00:52:00+00:00, run_after=2024-11-20 00:53:00+00:00
[2024-11-20T00:53:38.155+0000] {processor.py:208} INFO - Processing /home/ubuntu/airflow_venv/lib/python3.12/site-packages/airflow/example_dags/example_branch_python_dop_operator_3.py took 0.078 seconds
[2024-11-20T00:54:55.321+0000] {processor.py:186} INFO - Started process (PID=5410) to work on /home/ubuntu/airflow_venv/lib/python3.12/site-packages/airflow/example_dags/example_branch_python_dop_operator_3.py
[2024-11-20T00:54:55.324+0000] {processor.py:914} INFO - Processing file /home/ubuntu/airflow_venv/lib/python3.12/site-packages/airflow/example_dags/example_branch_python_dop_operator_3.py for tasks to queue
[2024-11-20T00:54:55.325+0000] {logging_mixin.py:190} INFO - [2024-11-20T00:54:55.325+0000] {dagbag.py:588} INFO - Filling up the DagBag from /home/ubuntu/airflow_venv/lib/python3.12/site-packages/airflow/example_dags/example_branch_python_dop_operator_3.py
[2024-11-20T00:54:55.337+0000] {processor.py:925} INFO - DAG(s) 'example_branch_dop_operator_v3' retrieved from /home/ubuntu/airflow_venv/lib/python3.12/site-packages/airflow/example_dags/example_branch_python_dop_operator_3.py
[2024-11-20T00:54:55.351+0000] {logging_mixin.py:190} INFO - [2024-11-20T00:54:55.351+0000] {dag.py:3239} INFO - Sync 1 DAGs
[2024-11-20T00:54:55.372+0000] {logging_mixin.py:190} INFO - [2024-11-20T00:54:55.372+0000] {dag.py:4180} INFO - Setting next_dagrun for example_branch_dop_operator_v3 to 2024-11-20 00:53:00+00:00, run_after=2024-11-20 00:54:00+00:00
[2024-11-20T00:54:55.396+0000] {processor.py:208} INFO - Processing /home/ubuntu/airflow_venv/lib/python3.12/site-packages/airflow/example_dags/example_branch_python_dop_operator_3.py took 0.081 seconds
[2024-11-20T00:56:14.699+0000] {processor.py:186} INFO - Started process (PID=5497) to work on /home/ubuntu/airflow_venv/lib/python3.12/site-packages/airflow/example_dags/example_branch_python_dop_operator_3.py
[2024-11-20T00:56:14.700+0000] {processor.py:914} INFO - Processing file /home/ubuntu/airflow_venv/lib/python3.12/site-packages/airflow/example_dags/example_branch_python_dop_operator_3.py for tasks to queue
[2024-11-20T00:56:14.702+0000] {logging_mixin.py:190} INFO - [2024-11-20T00:56:14.701+0000] {dagbag.py:588} INFO - Filling up the DagBag from /home/ubuntu/airflow_venv/lib/python3.12/site-packages/airflow/example_dags/example_branch_python_dop_operator_3.py
[2024-11-20T00:56:14.712+0000] {processor.py:925} INFO - DAG(s) 'example_branch_dop_operator_v3' retrieved from /home/ubuntu/airflow_venv/lib/python3.12/site-packages/airflow/example_dags/example_branch_python_dop_operator_3.py
[2024-11-20T00:56:14.727+0000] {logging_mixin.py:190} INFO - [2024-11-20T00:56:14.727+0000] {dag.py:3239} INFO - Sync 1 DAGs
[2024-11-20T00:56:14.749+0000] {logging_mixin.py:190} INFO - [2024-11-20T00:56:14.749+0000] {dag.py:4180} INFO - Setting next_dagrun for example_branch_dop_operator_v3 to 2024-11-20 00:55:00+00:00, run_after=2024-11-20 00:56:00+00:00
[2024-11-20T00:56:14.770+0000] {processor.py:208} INFO - Processing /home/ubuntu/airflow_venv/lib/python3.12/site-packages/airflow/example_dags/example_branch_python_dop_operator_3.py took 0.078 seconds
[2024-11-20T00:57:34.689+0000] {processor.py:186} INFO - Started process (PID=5582) to work on /home/ubuntu/airflow_venv/lib/python3.12/site-packages/airflow/example_dags/example_branch_python_dop_operator_3.py
[2024-11-20T00:57:34.690+0000] {processor.py:914} INFO - Processing file /home/ubuntu/airflow_venv/lib/python3.12/site-packages/airflow/example_dags/example_branch_python_dop_operator_3.py for tasks to queue
[2024-11-20T00:57:34.691+0000] {logging_mixin.py:190} INFO - [2024-11-20T00:57:34.691+0000] {dagbag.py:588} INFO - Filling up the DagBag from /home/ubuntu/airflow_venv/lib/python3.12/site-packages/airflow/example_dags/example_branch_python_dop_operator_3.py
[2024-11-20T00:57:34.701+0000] {processor.py:925} INFO - DAG(s) 'example_branch_dop_operator_v3' retrieved from /home/ubuntu/airflow_venv/lib/python3.12/site-packages/airflow/example_dags/example_branch_python_dop_operator_3.py
[2024-11-20T00:57:34.717+0000] {logging_mixin.py:190} INFO - [2024-11-20T00:57:34.717+0000] {dag.py:3239} INFO - Sync 1 DAGs
[2024-11-20T00:57:34.739+0000] {logging_mixin.py:190} INFO - [2024-11-20T00:57:34.739+0000] {dag.py:4180} INFO - Setting next_dagrun for example_branch_dop_operator_v3 to 2024-11-20 00:56:00+00:00, run_after=2024-11-20 00:57:00+00:00
[2024-11-20T00:57:34.761+0000] {processor.py:208} INFO - Processing /home/ubuntu/airflow_venv/lib/python3.12/site-packages/airflow/example_dags/example_branch_python_dop_operator_3.py took 0.079 seconds
[2024-11-20T00:58:53.196+0000] {processor.py:186} INFO - Started process (PID=5664) to work on /home/ubuntu/airflow_venv/lib/python3.12/site-packages/airflow/example_dags/example_branch_python_dop_operator_3.py
[2024-11-20T00:58:53.197+0000] {processor.py:914} INFO - Processing file /home/ubuntu/airflow_venv/lib/python3.12/site-packages/airflow/example_dags/example_branch_python_dop_operator_3.py for tasks to queue
[2024-11-20T00:58:53.199+0000] {logging_mixin.py:190} INFO - [2024-11-20T00:58:53.197+0000] {dagbag.py:588} INFO - Filling up the DagBag from /home/ubuntu/airflow_venv/lib/python3.12/site-packages/airflow/example_dags/example_branch_python_dop_operator_3.py
[2024-11-20T00:58:53.208+0000] {processor.py:925} INFO - DAG(s) 'example_branch_dop_operator_v3' retrieved from /home/ubuntu/airflow_venv/lib/python3.12/site-packages/airflow/example_dags/example_branch_python_dop_operator_3.py
[2024-11-20T00:58:53.224+0000] {logging_mixin.py:190} INFO - [2024-11-20T00:58:53.224+0000] {dag.py:3239} INFO - Sync 1 DAGs
[2024-11-20T00:58:53.244+0000] {logging_mixin.py:190} INFO - [2024-11-20T00:58:53.244+0000] {dag.py:4180} INFO - Setting next_dagrun for example_branch_dop_operator_v3 to 2024-11-20 00:57:00+00:00, run_after=2024-11-20 00:58:00+00:00
[2024-11-20T00:58:53.267+0000] {processor.py:208} INFO - Processing /home/ubuntu/airflow_venv/lib/python3.12/site-packages/airflow/example_dags/example_branch_python_dop_operator_3.py took 0.078 seconds
[2024-11-20T01:00:14.473+0000] {processor.py:186} INFO - Started process (PID=5755) to work on /home/ubuntu/airflow_venv/lib/python3.12/site-packages/airflow/example_dags/example_branch_python_dop_operator_3.py
[2024-11-20T01:00:14.475+0000] {processor.py:914} INFO - Processing file /home/ubuntu/airflow_venv/lib/python3.12/site-packages/airflow/example_dags/example_branch_python_dop_operator_3.py for tasks to queue
[2024-11-20T01:00:14.477+0000] {logging_mixin.py:190} INFO - [2024-11-20T01:00:14.475+0000] {dagbag.py:588} INFO - Filling up the DagBag from /home/ubuntu/airflow_venv/lib/python3.12/site-packages/airflow/example_dags/example_branch_python_dop_operator_3.py
[2024-11-20T01:00:14.486+0000] {processor.py:925} INFO - DAG(s) 'example_branch_dop_operator_v3' retrieved from /home/ubuntu/airflow_venv/lib/python3.12/site-packages/airflow/example_dags/example_branch_python_dop_operator_3.py
[2024-11-20T01:00:14.502+0000] {logging_mixin.py:190} INFO - [2024-11-20T01:00:14.502+0000] {dag.py:3239} INFO - Sync 1 DAGs
[2024-11-20T01:00:14.523+0000] {logging_mixin.py:190} INFO - [2024-11-20T01:00:14.523+0000] {dag.py:4180} INFO - Setting next_dagrun for example_branch_dop_operator_v3 to 2024-11-20 00:59:00+00:00, run_after=2024-11-20 01:00:00+00:00
[2024-11-20T01:00:14.546+0000] {processor.py:208} INFO - Processing /home/ubuntu/airflow_venv/lib/python3.12/site-packages/airflow/example_dags/example_branch_python_dop_operator_3.py took 0.078 seconds
[2024-11-20T01:01:46.536+0000] {processor.py:186} INFO - Started process (PID=5854) to work on /home/ubuntu/airflow_venv/lib/python3.12/site-packages/airflow/example_dags/example_branch_python_dop_operator_3.py
[2024-11-20T01:01:46.538+0000] {processor.py:914} INFO - Processing file /home/ubuntu/airflow_venv/lib/python3.12/site-packages/airflow/example_dags/example_branch_python_dop_operator_3.py for tasks to queue
[2024-11-20T01:01:46.541+0000] {logging_mixin.py:190} INFO - [2024-11-20T01:01:46.541+0000] {dagbag.py:588} INFO - Filling up the DagBag from /home/ubuntu/airflow_venv/lib/python3.12/site-packages/airflow/example_dags/example_branch_python_dop_operator_3.py
[2024-11-20T01:01:46.555+0000] {processor.py:925} INFO - DAG(s) 'example_branch_dop_operator_v3' retrieved from /home/ubuntu/airflow_venv/lib/python3.12/site-packages/airflow/example_dags/example_branch_python_dop_operator_3.py
[2024-11-20T01:01:46.571+0000] {logging_mixin.py:190} INFO - [2024-11-20T01:01:46.571+0000] {dag.py:3239} INFO - Sync 1 DAGs
[2024-11-20T01:01:46.593+0000] {logging_mixin.py:190} INFO - [2024-11-20T01:01:46.592+0000] {dag.py:4180} INFO - Setting next_dagrun for example_branch_dop_operator_v3 to 2024-11-20 01:00:00+00:00, run_after=2024-11-20 01:01:00+00:00
[2024-11-20T01:01:46.616+0000] {processor.py:208} INFO - Processing /home/ubuntu/airflow_venv/lib/python3.12/site-packages/airflow/example_dags/example_branch_python_dop_operator_3.py took 0.092 seconds
[2024-11-20T01:02:51.562+0000] {processor.py:186} INFO - Started process (PID=5921) to work on /home/ubuntu/airflow_venv/lib/python3.12/site-packages/airflow/example_dags/example_branch_python_dop_operator_3.py
[2024-11-20T01:02:51.564+0000] {processor.py:914} INFO - Processing file /home/ubuntu/airflow_venv/lib/python3.12/site-packages/airflow/example_dags/example_branch_python_dop_operator_3.py for tasks to queue
[2024-11-20T01:02:51.566+0000] {logging_mixin.py:190} INFO - [2024-11-20T01:02:51.565+0000] {dagbag.py:588} INFO - Filling up the DagBag from /home/ubuntu/airflow_venv/lib/python3.12/site-packages/airflow/example_dags/example_branch_python_dop_operator_3.py
[2024-11-20T01:02:51.576+0000] {processor.py:925} INFO - DAG(s) 'example_branch_dop_operator_v3' retrieved from /home/ubuntu/airflow_venv/lib/python3.12/site-packages/airflow/example_dags/example_branch_python_dop_operator_3.py
[2024-11-20T01:02:51.591+0000] {logging_mixin.py:190} INFO - [2024-11-20T01:02:51.591+0000] {dag.py:3239} INFO - Sync 1 DAGs
[2024-11-20T01:02:51.613+0000] {logging_mixin.py:190} INFO - [2024-11-20T01:02:51.613+0000] {dag.py:4180} INFO - Setting next_dagrun for example_branch_dop_operator_v3 to 2024-11-20 01:01:00+00:00, run_after=2024-11-20 01:02:00+00:00
[2024-11-20T01:02:51.634+0000] {processor.py:208} INFO - Processing /home/ubuntu/airflow_venv/lib/python3.12/site-packages/airflow/example_dags/example_branch_python_dop_operator_3.py took 0.079 seconds
[2024-11-20T01:04:14.289+0000] {processor.py:186} INFO - Started process (PID=6008) to work on /home/ubuntu/airflow_venv/lib/python3.12/site-packages/airflow/example_dags/example_branch_python_dop_operator_3.py
[2024-11-20T01:04:14.291+0000] {processor.py:914} INFO - Processing file /home/ubuntu/airflow_venv/lib/python3.12/site-packages/airflow/example_dags/example_branch_python_dop_operator_3.py for tasks to queue
[2024-11-20T01:04:14.292+0000] {logging_mixin.py:190} INFO - [2024-11-20T01:04:14.291+0000] {dagbag.py:588} INFO - Filling up the DagBag from /home/ubuntu/airflow_venv/lib/python3.12/site-packages/airflow/example_dags/example_branch_python_dop_operator_3.py
[2024-11-20T01:04:14.303+0000] {processor.py:925} INFO - DAG(s) 'example_branch_dop_operator_v3' retrieved from /home/ubuntu/airflow_venv/lib/python3.12/site-packages/airflow/example_dags/example_branch_python_dop_operator_3.py
[2024-11-20T01:04:14.319+0000] {logging_mixin.py:190} INFO - [2024-11-20T01:04:14.319+0000] {dag.py:3239} INFO - Sync 1 DAGs
[2024-11-20T01:04:14.353+0000] {logging_mixin.py:190} INFO - [2024-11-20T01:04:14.353+0000] {dag.py:4180} INFO - Setting next_dagrun for example_branch_dop_operator_v3 to 2024-11-20 01:03:00+00:00, run_after=2024-11-20 01:04:00+00:00
[2024-11-20T01:04:14.388+0000] {processor.py:208} INFO - Processing /home/ubuntu/airflow_venv/lib/python3.12/site-packages/airflow/example_dags/example_branch_python_dop_operator_3.py took 0.106 seconds
[2024-11-20T01:05:40.052+0000] {processor.py:186} INFO - Started process (PID=6096) to work on /home/ubuntu/airflow_venv/lib/python3.12/site-packages/airflow/example_dags/example_branch_python_dop_operator_3.py
[2024-11-20T01:05:40.053+0000] {processor.py:914} INFO - Processing file /home/ubuntu/airflow_venv/lib/python3.12/site-packages/airflow/example_dags/example_branch_python_dop_operator_3.py for tasks to queue
[2024-11-20T01:05:40.054+0000] {logging_mixin.py:190} INFO - [2024-11-20T01:05:40.054+0000] {dagbag.py:588} INFO - Filling up the DagBag from /home/ubuntu/airflow_venv/lib/python3.12/site-packages/airflow/example_dags/example_branch_python_dop_operator_3.py
[2024-11-20T01:05:40.065+0000] {processor.py:925} INFO - DAG(s) 'example_branch_dop_operator_v3' retrieved from /home/ubuntu/airflow_venv/lib/python3.12/site-packages/airflow/example_dags/example_branch_python_dop_operator_3.py
[2024-11-20T01:05:40.080+0000] {logging_mixin.py:190} INFO - [2024-11-20T01:05:40.080+0000] {dag.py:3239} INFO - Sync 1 DAGs
[2024-11-20T01:05:40.100+0000] {logging_mixin.py:190} INFO - [2024-11-20T01:05:40.100+0000] {dag.py:4180} INFO - Setting next_dagrun for example_branch_dop_operator_v3 to 2024-11-20 01:04:00+00:00, run_after=2024-11-20 01:05:00+00:00
[2024-11-20T01:05:40.123+0000] {processor.py:208} INFO - Processing /home/ubuntu/airflow_venv/lib/python3.12/site-packages/airflow/example_dags/example_branch_python_dop_operator_3.py took 0.078 seconds
[2024-11-20T01:06:57.647+0000] {processor.py:186} INFO - Started process (PID=6177) to work on /home/ubuntu/airflow_venv/lib/python3.12/site-packages/airflow/example_dags/example_branch_python_dop_operator_3.py
[2024-11-20T01:06:57.649+0000] {processor.py:914} INFO - Processing file /home/ubuntu/airflow_venv/lib/python3.12/site-packages/airflow/example_dags/example_branch_python_dop_operator_3.py for tasks to queue
[2024-11-20T01:06:57.651+0000] {logging_mixin.py:190} INFO - [2024-11-20T01:06:57.650+0000] {dagbag.py:588} INFO - Filling up the DagBag from /home/ubuntu/airflow_venv/lib/python3.12/site-packages/airflow/example_dags/example_branch_python_dop_operator_3.py
[2024-11-20T01:06:57.661+0000] {processor.py:925} INFO - DAG(s) 'example_branch_dop_operator_v3' retrieved from /home/ubuntu/airflow_venv/lib/python3.12/site-packages/airflow/example_dags/example_branch_python_dop_operator_3.py
[2024-11-20T01:06:57.676+0000] {logging_mixin.py:190} INFO - [2024-11-20T01:06:57.676+0000] {dag.py:3239} INFO - Sync 1 DAGs
[2024-11-20T01:06:57.698+0000] {logging_mixin.py:190} INFO - [2024-11-20T01:06:57.698+0000] {dag.py:4180} INFO - Setting next_dagrun for example_branch_dop_operator_v3 to 2024-11-20 01:05:00+00:00, run_after=2024-11-20 01:06:00+00:00
[2024-11-20T01:06:57.721+0000] {processor.py:208} INFO - Processing /home/ubuntu/airflow_venv/lib/python3.12/site-packages/airflow/example_dags/example_branch_python_dop_operator_3.py took 0.081 seconds
[2024-11-20T01:08:16.114+0000] {processor.py:186} INFO - Started process (PID=6259) to work on /home/ubuntu/airflow_venv/lib/python3.12/site-packages/airflow/example_dags/example_branch_python_dop_operator_3.py
[2024-11-20T01:08:16.115+0000] {processor.py:914} INFO - Processing file /home/ubuntu/airflow_venv/lib/python3.12/site-packages/airflow/example_dags/example_branch_python_dop_operator_3.py for tasks to queue
[2024-11-20T01:08:16.117+0000] {logging_mixin.py:190} INFO - [2024-11-20T01:08:16.117+0000] {dagbag.py:588} INFO - Filling up the DagBag from /home/ubuntu/airflow_venv/lib/python3.12/site-packages/airflow/example_dags/example_branch_python_dop_operator_3.py
[2024-11-20T01:08:16.127+0000] {processor.py:925} INFO - DAG(s) 'example_branch_dop_operator_v3' retrieved from /home/ubuntu/airflow_venv/lib/python3.12/site-packages/airflow/example_dags/example_branch_python_dop_operator_3.py
[2024-11-20T01:08:16.141+0000] {logging_mixin.py:190} INFO - [2024-11-20T01:08:16.141+0000] {dag.py:3239} INFO - Sync 1 DAGs
[2024-11-20T01:08:16.163+0000] {logging_mixin.py:190} INFO - [2024-11-20T01:08:16.163+0000] {dag.py:4180} INFO - Setting next_dagrun for example_branch_dop_operator_v3 to 2024-11-20 01:07:00+00:00, run_after=2024-11-20 01:08:00+00:00
[2024-11-20T01:08:16.184+0000] {processor.py:208} INFO - Processing /home/ubuntu/airflow_venv/lib/python3.12/site-packages/airflow/example_dags/example_branch_python_dop_operator_3.py took 0.078 seconds
[2024-11-20T01:09:14.169+0000] {processor.py:186} INFO - Started process (PID=6316) to work on /home/ubuntu/airflow_venv/lib/python3.12/site-packages/airflow/example_dags/example_branch_python_dop_operator_3.py
[2024-11-20T01:09:14.170+0000] {processor.py:914} INFO - Processing file /home/ubuntu/airflow_venv/lib/python3.12/site-packages/airflow/example_dags/example_branch_python_dop_operator_3.py for tasks to queue
[2024-11-20T01:09:14.172+0000] {logging_mixin.py:190} INFO - [2024-11-20T01:09:14.171+0000] {dagbag.py:588} INFO - Filling up the DagBag from /home/ubuntu/airflow_venv/lib/python3.12/site-packages/airflow/example_dags/example_branch_python_dop_operator_3.py
[2024-11-20T01:09:14.182+0000] {processor.py:925} INFO - DAG(s) 'example_branch_dop_operator_v3' retrieved from /home/ubuntu/airflow_venv/lib/python3.12/site-packages/airflow/example_dags/example_branch_python_dop_operator_3.py
[2024-11-20T01:09:14.197+0000] {logging_mixin.py:190} INFO - [2024-11-20T01:09:14.197+0000] {dag.py:3239} INFO - Sync 1 DAGs
[2024-11-20T01:09:14.218+0000] {logging_mixin.py:190} INFO - [2024-11-20T01:09:14.217+0000] {dag.py:4180} INFO - Setting next_dagrun for example_branch_dop_operator_v3 to 2024-11-20 01:08:00+00:00, run_after=2024-11-20 01:09:00+00:00
[2024-11-20T01:09:14.240+0000] {processor.py:208} INFO - Processing /home/ubuntu/airflow_venv/lib/python3.12/site-packages/airflow/example_dags/example_branch_python_dop_operator_3.py took 0.083 seconds
[2024-11-20T01:10:13.147+0000] {processor.py:186} INFO - Started process (PID=6380) to work on /home/ubuntu/airflow_venv/lib/python3.12/site-packages/airflow/example_dags/example_branch_python_dop_operator_3.py
[2024-11-20T01:10:13.149+0000] {processor.py:914} INFO - Processing file /home/ubuntu/airflow_venv/lib/python3.12/site-packages/airflow/example_dags/example_branch_python_dop_operator_3.py for tasks to queue
[2024-11-20T01:10:13.151+0000] {logging_mixin.py:190} INFO - [2024-11-20T01:10:13.151+0000] {dagbag.py:588} INFO - Filling up the DagBag from /home/ubuntu/airflow_venv/lib/python3.12/site-packages/airflow/example_dags/example_branch_python_dop_operator_3.py
[2024-11-20T01:10:13.161+0000] {processor.py:925} INFO - DAG(s) 'example_branch_dop_operator_v3' retrieved from /home/ubuntu/airflow_venv/lib/python3.12/site-packages/airflow/example_dags/example_branch_python_dop_operator_3.py
[2024-11-20T01:10:13.177+0000] {logging_mixin.py:190} INFO - [2024-11-20T01:10:13.177+0000] {dag.py:3239} INFO - Sync 1 DAGs
[2024-11-20T01:10:13.198+0000] {logging_mixin.py:190} INFO - [2024-11-20T01:10:13.197+0000] {dag.py:4180} INFO - Setting next_dagrun for example_branch_dop_operator_v3 to 2024-11-20 01:09:00+00:00, run_after=2024-11-20 01:10:00+00:00
[2024-11-20T01:10:13.219+0000] {processor.py:208} INFO - Processing /home/ubuntu/airflow_venv/lib/python3.12/site-packages/airflow/example_dags/example_branch_python_dop_operator_3.py took 0.078 seconds
[2024-11-20T01:11:33.905+0000] {processor.py:186} INFO - Started process (PID=6463) to work on /home/ubuntu/airflow_venv/lib/python3.12/site-packages/airflow/example_dags/example_branch_python_dop_operator_3.py
[2024-11-20T01:11:33.907+0000] {processor.py:914} INFO - Processing file /home/ubuntu/airflow_venv/lib/python3.12/site-packages/airflow/example_dags/example_branch_python_dop_operator_3.py for tasks to queue
[2024-11-20T01:11:33.908+0000] {logging_mixin.py:190} INFO - [2024-11-20T01:11:33.908+0000] {dagbag.py:588} INFO - Filling up the DagBag from /home/ubuntu/airflow_venv/lib/python3.12/site-packages/airflow/example_dags/example_branch_python_dop_operator_3.py
[2024-11-20T01:11:33.919+0000] {processor.py:925} INFO - DAG(s) 'example_branch_dop_operator_v3' retrieved from /home/ubuntu/airflow_venv/lib/python3.12/site-packages/airflow/example_dags/example_branch_python_dop_operator_3.py
[2024-11-20T01:11:33.934+0000] {logging_mixin.py:190} INFO - [2024-11-20T01:11:33.933+0000] {dag.py:3239} INFO - Sync 1 DAGs
[2024-11-20T01:11:33.954+0000] {logging_mixin.py:190} INFO - [2024-11-20T01:11:33.954+0000] {dag.py:4180} INFO - Setting next_dagrun for example_branch_dop_operator_v3 to 2024-11-20 01:10:00+00:00, run_after=2024-11-20 01:11:00+00:00
[2024-11-20T01:11:33.975+0000] {processor.py:208} INFO - Processing /home/ubuntu/airflow_venv/lib/python3.12/site-packages/airflow/example_dags/example_branch_python_dop_operator_3.py took 0.076 seconds
[2024-11-20T01:12:53.599+0000] {processor.py:186} INFO - Started process (PID=6546) to work on /home/ubuntu/airflow_venv/lib/python3.12/site-packages/airflow/example_dags/example_branch_python_dop_operator_3.py
[2024-11-20T01:12:53.602+0000] {processor.py:914} INFO - Processing file /home/ubuntu/airflow_venv/lib/python3.12/site-packages/airflow/example_dags/example_branch_python_dop_operator_3.py for tasks to queue
[2024-11-20T01:12:53.604+0000] {logging_mixin.py:190} INFO - [2024-11-20T01:12:53.603+0000] {dagbag.py:588} INFO - Filling up the DagBag from /home/ubuntu/airflow_venv/lib/python3.12/site-packages/airflow/example_dags/example_branch_python_dop_operator_3.py
[2024-11-20T01:12:53.614+0000] {processor.py:925} INFO - DAG(s) 'example_branch_dop_operator_v3' retrieved from /home/ubuntu/airflow_venv/lib/python3.12/site-packages/airflow/example_dags/example_branch_python_dop_operator_3.py
[2024-11-20T01:12:53.629+0000] {logging_mixin.py:190} INFO - [2024-11-20T01:12:53.628+0000] {dag.py:3239} INFO - Sync 1 DAGs
[2024-11-20T01:12:53.650+0000] {logging_mixin.py:190} INFO - [2024-11-20T01:12:53.650+0000] {dag.py:4180} INFO - Setting next_dagrun for example_branch_dop_operator_v3 to 2024-11-20 01:11:00+00:00, run_after=2024-11-20 01:12:00+00:00
[2024-11-20T01:12:53.672+0000] {processor.py:208} INFO - Processing /home/ubuntu/airflow_venv/lib/python3.12/site-packages/airflow/example_dags/example_branch_python_dop_operator_3.py took 0.079 seconds
