[2024-11-20T00:16:50.902+0000] {processor.py:186} INFO - Started process (PID=2070) to work on /home/ubuntu/airflow_venv/lib/python3.12/site-packages/airflow/example_dags/example_branch_labels.py
[2024-11-20T00:16:50.903+0000] {processor.py:914} INFO - Processing file /home/ubuntu/airflow_venv/lib/python3.12/site-packages/airflow/example_dags/example_branch_labels.py for tasks to queue
[2024-11-20T00:16:50.906+0000] {logging_mixin.py:190} INFO - [2024-11-20T00:16:50.905+0000] {dagbag.py:588} INFO - Filling up the DagBag from /home/ubuntu/airflow_venv/lib/python3.12/site-packages/airflow/example_dags/example_branch_labels.py
[2024-11-20T00:16:50.915+0000] {processor.py:925} INFO - DAG(s) 'example_branch_labels' retrieved from /home/ubuntu/airflow_venv/lib/python3.12/site-packages/airflow/example_dags/example_branch_labels.py
[2024-11-20T00:16:50.932+0000] {logging_mixin.py:190} INFO - [2024-11-20T00:16:50.932+0000] {dag.py:3239} INFO - Sync 1 DAGs
[2024-11-20T00:16:50.950+0000] {logging_mixin.py:190} INFO - [2024-11-20T00:16:50.950+0000] {dag.py:4180} INFO - Setting next_dagrun for example_branch_labels to 2024-11-19 00:00:00+00:00, run_after=2024-11-20 00:00:00+00:00
[2024-11-20T00:16:50.970+0000] {processor.py:208} INFO - Processing /home/ubuntu/airflow_venv/lib/python3.12/site-packages/airflow/example_dags/example_branch_labels.py took 0.072 seconds
[2024-11-20T00:17:50.323+0000] {processor.py:186} INFO - Started process (PID=2135) to work on /home/ubuntu/airflow_venv/lib/python3.12/site-packages/airflow/example_dags/example_branch_labels.py
[2024-11-20T00:17:50.324+0000] {processor.py:914} INFO - Processing file /home/ubuntu/airflow_venv/lib/python3.12/site-packages/airflow/example_dags/example_branch_labels.py for tasks to queue
[2024-11-20T00:17:50.326+0000] {logging_mixin.py:190} INFO - [2024-11-20T00:17:50.326+0000] {dagbag.py:588} INFO - Filling up the DagBag from /home/ubuntu/airflow_venv/lib/python3.12/site-packages/airflow/example_dags/example_branch_labels.py
[2024-11-20T00:17:50.336+0000] {processor.py:925} INFO - DAG(s) 'example_branch_labels' retrieved from /home/ubuntu/airflow_venv/lib/python3.12/site-packages/airflow/example_dags/example_branch_labels.py
[2024-11-20T00:17:50.351+0000] {logging_mixin.py:190} INFO - [2024-11-20T00:17:50.351+0000] {dag.py:3239} INFO - Sync 1 DAGs
[2024-11-20T00:17:50.371+0000] {logging_mixin.py:190} INFO - [2024-11-20T00:17:50.371+0000] {dag.py:4180} INFO - Setting next_dagrun for example_branch_labels to 2024-11-19 00:00:00+00:00, run_after=2024-11-20 00:00:00+00:00
[2024-11-20T00:17:50.392+0000] {processor.py:208} INFO - Processing /home/ubuntu/airflow_venv/lib/python3.12/site-packages/airflow/example_dags/example_branch_labels.py took 0.074 seconds
[2024-11-20T00:18:44.594+0000] {processor.py:186} INFO - Started process (PID=2193) to work on /home/ubuntu/airflow_venv/lib/python3.12/site-packages/airflow/example_dags/example_branch_labels.py
[2024-11-20T00:18:44.595+0000] {processor.py:914} INFO - Processing file /home/ubuntu/airflow_venv/lib/python3.12/site-packages/airflow/example_dags/example_branch_labels.py for tasks to queue
[2024-11-20T00:18:44.597+0000] {logging_mixin.py:190} INFO - [2024-11-20T00:18:44.597+0000] {dagbag.py:588} INFO - Filling up the DagBag from /home/ubuntu/airflow_venv/lib/python3.12/site-packages/airflow/example_dags/example_branch_labels.py
[2024-11-20T00:18:44.607+0000] {processor.py:925} INFO - DAG(s) 'example_branch_labels' retrieved from /home/ubuntu/airflow_venv/lib/python3.12/site-packages/airflow/example_dags/example_branch_labels.py
[2024-11-20T00:18:44.623+0000] {logging_mixin.py:190} INFO - [2024-11-20T00:18:44.623+0000] {dag.py:3239} INFO - Sync 1 DAGs
[2024-11-20T00:18:44.645+0000] {logging_mixin.py:190} INFO - [2024-11-20T00:18:44.644+0000] {dag.py:4180} INFO - Setting next_dagrun for example_branch_labels to 2024-11-19 00:00:00+00:00, run_after=2024-11-20 00:00:00+00:00
[2024-11-20T00:18:44.666+0000] {processor.py:208} INFO - Processing /home/ubuntu/airflow_venv/lib/python3.12/site-packages/airflow/example_dags/example_branch_labels.py took 0.077 seconds
[2024-11-20T00:19:40.615+0000] {processor.py:186} INFO - Started process (PID=2252) to work on /home/ubuntu/airflow_venv/lib/python3.12/site-packages/airflow/example_dags/example_branch_labels.py
[2024-11-20T00:19:40.616+0000] {processor.py:914} INFO - Processing file /home/ubuntu/airflow_venv/lib/python3.12/site-packages/airflow/example_dags/example_branch_labels.py for tasks to queue
[2024-11-20T00:19:40.618+0000] {logging_mixin.py:190} INFO - [2024-11-20T00:19:40.618+0000] {dagbag.py:588} INFO - Filling up the DagBag from /home/ubuntu/airflow_venv/lib/python3.12/site-packages/airflow/example_dags/example_branch_labels.py
[2024-11-20T00:19:40.627+0000] {processor.py:925} INFO - DAG(s) 'example_branch_labels' retrieved from /home/ubuntu/airflow_venv/lib/python3.12/site-packages/airflow/example_dags/example_branch_labels.py
[2024-11-20T00:19:40.643+0000] {logging_mixin.py:190} INFO - [2024-11-20T00:19:40.643+0000] {dag.py:3239} INFO - Sync 1 DAGs
[2024-11-20T00:19:40.662+0000] {logging_mixin.py:190} INFO - [2024-11-20T00:19:40.662+0000] {dag.py:4180} INFO - Setting next_dagrun for example_branch_labels to 2024-11-19 00:00:00+00:00, run_after=2024-11-20 00:00:00+00:00
[2024-11-20T00:19:40.683+0000] {processor.py:208} INFO - Processing /home/ubuntu/airflow_venv/lib/python3.12/site-packages/airflow/example_dags/example_branch_labels.py took 0.074 seconds
[2024-11-20T00:20:58.703+0000] {processor.py:186} INFO - Started process (PID=2336) to work on /home/ubuntu/airflow_venv/lib/python3.12/site-packages/airflow/example_dags/example_branch_labels.py
[2024-11-20T00:20:58.704+0000] {processor.py:914} INFO - Processing file /home/ubuntu/airflow_venv/lib/python3.12/site-packages/airflow/example_dags/example_branch_labels.py for tasks to queue
[2024-11-20T00:20:58.706+0000] {logging_mixin.py:190} INFO - [2024-11-20T00:20:58.706+0000] {dagbag.py:588} INFO - Filling up the DagBag from /home/ubuntu/airflow_venv/lib/python3.12/site-packages/airflow/example_dags/example_branch_labels.py
[2024-11-20T00:20:58.716+0000] {processor.py:925} INFO - DAG(s) 'example_branch_labels' retrieved from /home/ubuntu/airflow_venv/lib/python3.12/site-packages/airflow/example_dags/example_branch_labels.py
[2024-11-20T00:20:58.731+0000] {logging_mixin.py:190} INFO - [2024-11-20T00:20:58.730+0000] {dag.py:3239} INFO - Sync 1 DAGs
[2024-11-20T00:20:58.751+0000] {logging_mixin.py:190} INFO - [2024-11-20T00:20:58.751+0000] {dag.py:4180} INFO - Setting next_dagrun for example_branch_labels to 2024-11-19 00:00:00+00:00, run_after=2024-11-20 00:00:00+00:00
[2024-11-20T00:20:58.891+0000] {processor.py:208} INFO - Processing /home/ubuntu/airflow_venv/lib/python3.12/site-packages/airflow/example_dags/example_branch_labels.py took 0.193 seconds
[2024-11-20T00:22:00.037+0000] {processor.py:186} INFO - Started process (PID=2396) to work on /home/ubuntu/airflow_venv/lib/python3.12/site-packages/airflow/example_dags/example_branch_labels.py
[2024-11-20T00:22:00.039+0000] {processor.py:914} INFO - Processing file /home/ubuntu/airflow_venv/lib/python3.12/site-packages/airflow/example_dags/example_branch_labels.py for tasks to queue
[2024-11-20T00:22:00.041+0000] {logging_mixin.py:190} INFO - [2024-11-20T00:22:00.041+0000] {dagbag.py:588} INFO - Filling up the DagBag from /home/ubuntu/airflow_venv/lib/python3.12/site-packages/airflow/example_dags/example_branch_labels.py
[2024-11-20T00:22:00.052+0000] {processor.py:925} INFO - DAG(s) 'example_branch_labels' retrieved from /home/ubuntu/airflow_venv/lib/python3.12/site-packages/airflow/example_dags/example_branch_labels.py
[2024-11-20T00:22:00.079+0000] {logging_mixin.py:190} INFO - [2024-11-20T00:22:00.079+0000] {dag.py:3239} INFO - Sync 1 DAGs
[2024-11-20T00:22:00.099+0000] {logging_mixin.py:190} INFO - [2024-11-20T00:22:00.099+0000] {dag.py:4180} INFO - Setting next_dagrun for example_branch_labels to 2024-11-19 00:00:00+00:00, run_after=2024-11-20 00:00:00+00:00
[2024-11-20T00:22:00.122+0000] {processor.py:208} INFO - Processing /home/ubuntu/airflow_venv/lib/python3.12/site-packages/airflow/example_dags/example_branch_labels.py took 0.091 seconds
[2024-11-20T00:22:56.670+0000] {processor.py:186} INFO - Started process (PID=2455) to work on /home/ubuntu/airflow_venv/lib/python3.12/site-packages/airflow/example_dags/example_branch_labels.py
[2024-11-20T00:22:56.671+0000] {processor.py:914} INFO - Processing file /home/ubuntu/airflow_venv/lib/python3.12/site-packages/airflow/example_dags/example_branch_labels.py for tasks to queue
[2024-11-20T00:22:56.673+0000] {logging_mixin.py:190} INFO - [2024-11-20T00:22:56.672+0000] {dagbag.py:588} INFO - Filling up the DagBag from /home/ubuntu/airflow_venv/lib/python3.12/site-packages/airflow/example_dags/example_branch_labels.py
[2024-11-20T00:22:56.683+0000] {processor.py:925} INFO - DAG(s) 'example_branch_labels' retrieved from /home/ubuntu/airflow_venv/lib/python3.12/site-packages/airflow/example_dags/example_branch_labels.py
[2024-11-20T00:22:56.699+0000] {logging_mixin.py:190} INFO - [2024-11-20T00:22:56.698+0000] {dag.py:3239} INFO - Sync 1 DAGs
[2024-11-20T00:22:56.719+0000] {logging_mixin.py:190} INFO - [2024-11-20T00:22:56.719+0000] {dag.py:4180} INFO - Setting next_dagrun for example_branch_labels to 2024-11-19 00:00:00+00:00, run_after=2024-11-20 00:00:00+00:00
[2024-11-20T00:22:56.740+0000] {processor.py:208} INFO - Processing /home/ubuntu/airflow_venv/lib/python3.12/site-packages/airflow/example_dags/example_branch_labels.py took 0.076 seconds
[2024-11-20T00:23:51.263+0000] {processor.py:186} INFO - Started process (PID=2511) to work on /home/ubuntu/airflow_venv/lib/python3.12/site-packages/airflow/example_dags/example_branch_labels.py
[2024-11-20T00:23:51.265+0000] {processor.py:914} INFO - Processing file /home/ubuntu/airflow_venv/lib/python3.12/site-packages/airflow/example_dags/example_branch_labels.py for tasks to queue
[2024-11-20T00:23:51.267+0000] {logging_mixin.py:190} INFO - [2024-11-20T00:23:51.267+0000] {dagbag.py:588} INFO - Filling up the DagBag from /home/ubuntu/airflow_venv/lib/python3.12/site-packages/airflow/example_dags/example_branch_labels.py
[2024-11-20T00:23:51.277+0000] {processor.py:925} INFO - DAG(s) 'example_branch_labels' retrieved from /home/ubuntu/airflow_venv/lib/python3.12/site-packages/airflow/example_dags/example_branch_labels.py
[2024-11-20T00:23:51.292+0000] {logging_mixin.py:190} INFO - [2024-11-20T00:23:51.292+0000] {dag.py:3239} INFO - Sync 1 DAGs
[2024-11-20T00:23:51.311+0000] {logging_mixin.py:190} INFO - [2024-11-20T00:23:51.311+0000] {dag.py:4180} INFO - Setting next_dagrun for example_branch_labels to 2024-11-19 00:00:00+00:00, run_after=2024-11-20 00:00:00+00:00
[2024-11-20T00:23:51.332+0000] {processor.py:208} INFO - Processing /home/ubuntu/airflow_venv/lib/python3.12/site-packages/airflow/example_dags/example_branch_labels.py took 0.074 seconds
[2024-11-20T00:24:45.139+0000] {processor.py:186} INFO - Started process (PID=2567) to work on /home/ubuntu/airflow_venv/lib/python3.12/site-packages/airflow/example_dags/example_branch_labels.py
[2024-11-20T00:24:45.141+0000] {processor.py:914} INFO - Processing file /home/ubuntu/airflow_venv/lib/python3.12/site-packages/airflow/example_dags/example_branch_labels.py for tasks to queue
[2024-11-20T00:24:45.145+0000] {logging_mixin.py:190} INFO - [2024-11-20T00:24:45.144+0000] {dagbag.py:588} INFO - Filling up the DagBag from /home/ubuntu/airflow_venv/lib/python3.12/site-packages/airflow/example_dags/example_branch_labels.py
[2024-11-20T00:24:45.155+0000] {processor.py:925} INFO - DAG(s) 'example_branch_labels' retrieved from /home/ubuntu/airflow_venv/lib/python3.12/site-packages/airflow/example_dags/example_branch_labels.py
[2024-11-20T00:24:45.171+0000] {logging_mixin.py:190} INFO - [2024-11-20T00:24:45.171+0000] {dag.py:3239} INFO - Sync 1 DAGs
[2024-11-20T00:24:45.190+0000] {logging_mixin.py:190} INFO - [2024-11-20T00:24:45.190+0000] {dag.py:4180} INFO - Setting next_dagrun for example_branch_labels to 2024-11-19 00:00:00+00:00, run_after=2024-11-20 00:00:00+00:00
[2024-11-20T00:24:45.211+0000] {processor.py:208} INFO - Processing /home/ubuntu/airflow_venv/lib/python3.12/site-packages/airflow/example_dags/example_branch_labels.py took 0.084 seconds
[2024-11-20T00:25:40.412+0000] {processor.py:186} INFO - Started process (PID=2626) to work on /home/ubuntu/airflow_venv/lib/python3.12/site-packages/airflow/example_dags/example_branch_labels.py
[2024-11-20T00:25:40.414+0000] {processor.py:914} INFO - Processing file /home/ubuntu/airflow_venv/lib/python3.12/site-packages/airflow/example_dags/example_branch_labels.py for tasks to queue
[2024-11-20T00:25:40.416+0000] {logging_mixin.py:190} INFO - [2024-11-20T00:25:40.416+0000] {dagbag.py:588} INFO - Filling up the DagBag from /home/ubuntu/airflow_venv/lib/python3.12/site-packages/airflow/example_dags/example_branch_labels.py
[2024-11-20T00:25:40.426+0000] {processor.py:925} INFO - DAG(s) 'example_branch_labels' retrieved from /home/ubuntu/airflow_venv/lib/python3.12/site-packages/airflow/example_dags/example_branch_labels.py
[2024-11-20T00:25:40.441+0000] {logging_mixin.py:190} INFO - [2024-11-20T00:25:40.441+0000] {dag.py:3239} INFO - Sync 1 DAGs
[2024-11-20T00:25:40.460+0000] {logging_mixin.py:190} INFO - [2024-11-20T00:25:40.460+0000] {dag.py:4180} INFO - Setting next_dagrun for example_branch_labels to 2024-11-19 00:00:00+00:00, run_after=2024-11-20 00:00:00+00:00
[2024-11-20T00:25:40.482+0000] {processor.py:208} INFO - Processing /home/ubuntu/airflow_venv/lib/python3.12/site-packages/airflow/example_dags/example_branch_labels.py took 0.075 seconds
[2024-11-20T00:26:36.586+0000] {processor.py:186} INFO - Started process (PID=2685) to work on /home/ubuntu/airflow_venv/lib/python3.12/site-packages/airflow/example_dags/example_branch_labels.py
[2024-11-20T00:26:36.588+0000] {processor.py:914} INFO - Processing file /home/ubuntu/airflow_venv/lib/python3.12/site-packages/airflow/example_dags/example_branch_labels.py for tasks to queue
[2024-11-20T00:26:36.590+0000] {logging_mixin.py:190} INFO - [2024-11-20T00:26:36.590+0000] {dagbag.py:588} INFO - Filling up the DagBag from /home/ubuntu/airflow_venv/lib/python3.12/site-packages/airflow/example_dags/example_branch_labels.py
[2024-11-20T00:26:36.601+0000] {processor.py:925} INFO - DAG(s) 'example_branch_labels' retrieved from /home/ubuntu/airflow_venv/lib/python3.12/site-packages/airflow/example_dags/example_branch_labels.py
[2024-11-20T00:26:36.617+0000] {logging_mixin.py:190} INFO - [2024-11-20T00:26:36.616+0000] {dag.py:3239} INFO - Sync 1 DAGs
[2024-11-20T00:26:36.635+0000] {logging_mixin.py:190} INFO - [2024-11-20T00:26:36.635+0000] {dag.py:4180} INFO - Setting next_dagrun for example_branch_labels to 2024-11-19 00:00:00+00:00, run_after=2024-11-20 00:00:00+00:00
[2024-11-20T00:26:36.656+0000] {processor.py:208} INFO - Processing /home/ubuntu/airflow_venv/lib/python3.12/site-packages/airflow/example_dags/example_branch_labels.py took 0.074 seconds
[2024-11-20T00:27:56.060+0000] {processor.py:186} INFO - Started process (PID=2786) to work on /home/ubuntu/airflow_venv/lib/python3.12/site-packages/airflow/example_dags/example_branch_labels.py
[2024-11-20T00:27:56.061+0000] {processor.py:914} INFO - Processing file /home/ubuntu/airflow_venv/lib/python3.12/site-packages/airflow/example_dags/example_branch_labels.py for tasks to queue
[2024-11-20T00:27:56.063+0000] {logging_mixin.py:190} INFO - [2024-11-20T00:27:56.063+0000] {dagbag.py:588} INFO - Filling up the DagBag from /home/ubuntu/airflow_venv/lib/python3.12/site-packages/airflow/example_dags/example_branch_labels.py
[2024-11-20T00:27:56.073+0000] {processor.py:925} INFO - DAG(s) 'example_branch_labels' retrieved from /home/ubuntu/airflow_venv/lib/python3.12/site-packages/airflow/example_dags/example_branch_labels.py
[2024-11-20T00:27:56.089+0000] {logging_mixin.py:190} INFO - [2024-11-20T00:27:56.089+0000] {dag.py:3239} INFO - Sync 1 DAGs
[2024-11-20T00:27:56.109+0000] {logging_mixin.py:190} INFO - [2024-11-20T00:27:56.109+0000] {dag.py:4180} INFO - Setting next_dagrun for example_branch_labels to 2024-11-19 00:00:00+00:00, run_after=2024-11-20 00:00:00+00:00
[2024-11-20T00:27:56.131+0000] {processor.py:208} INFO - Processing /home/ubuntu/airflow_venv/lib/python3.12/site-packages/airflow/example_dags/example_branch_labels.py took 0.076 seconds
[2024-11-20T00:28:54.146+0000] {processor.py:186} INFO - Started process (PID=2960) to work on /home/ubuntu/airflow_venv/lib/python3.12/site-packages/airflow/example_dags/example_branch_labels.py
[2024-11-20T00:28:54.148+0000] {processor.py:914} INFO - Processing file /home/ubuntu/airflow_venv/lib/python3.12/site-packages/airflow/example_dags/example_branch_labels.py for tasks to queue
[2024-11-20T00:28:54.150+0000] {logging_mixin.py:190} INFO - [2024-11-20T00:28:54.150+0000] {dagbag.py:588} INFO - Filling up the DagBag from /home/ubuntu/airflow_venv/lib/python3.12/site-packages/airflow/example_dags/example_branch_labels.py
[2024-11-20T00:28:54.161+0000] {processor.py:925} INFO - DAG(s) 'example_branch_labels' retrieved from /home/ubuntu/airflow_venv/lib/python3.12/site-packages/airflow/example_dags/example_branch_labels.py
[2024-11-20T00:28:54.176+0000] {logging_mixin.py:190} INFO - [2024-11-20T00:28:54.176+0000] {dag.py:3239} INFO - Sync 1 DAGs
[2024-11-20T00:28:54.195+0000] {logging_mixin.py:190} INFO - [2024-11-20T00:28:54.195+0000] {dag.py:4180} INFO - Setting next_dagrun for example_branch_labels to 2024-11-19 00:00:00+00:00, run_after=2024-11-20 00:00:00+00:00
[2024-11-20T00:28:54.217+0000] {processor.py:208} INFO - Processing /home/ubuntu/airflow_venv/lib/python3.12/site-packages/airflow/example_dags/example_branch_labels.py took 0.076 seconds
[2024-11-20T00:29:58.385+0000] {processor.py:186} INFO - Started process (PID=3038) to work on /home/ubuntu/airflow_venv/lib/python3.12/site-packages/airflow/example_dags/example_branch_labels.py
[2024-11-20T00:29:58.387+0000] {processor.py:914} INFO - Processing file /home/ubuntu/airflow_venv/lib/python3.12/site-packages/airflow/example_dags/example_branch_labels.py for tasks to queue
[2024-11-20T00:29:58.389+0000] {logging_mixin.py:190} INFO - [2024-11-20T00:29:58.388+0000] {dagbag.py:588} INFO - Filling up the DagBag from /home/ubuntu/airflow_venv/lib/python3.12/site-packages/airflow/example_dags/example_branch_labels.py
[2024-11-20T00:29:58.398+0000] {processor.py:925} INFO - DAG(s) 'example_branch_labels' retrieved from /home/ubuntu/airflow_venv/lib/python3.12/site-packages/airflow/example_dags/example_branch_labels.py
[2024-11-20T00:29:58.414+0000] {logging_mixin.py:190} INFO - [2024-11-20T00:29:58.414+0000] {dag.py:3239} INFO - Sync 1 DAGs
[2024-11-20T00:29:58.433+0000] {logging_mixin.py:190} INFO - [2024-11-20T00:29:58.433+0000] {dag.py:4180} INFO - Setting next_dagrun for example_branch_labels to 2024-11-19 00:00:00+00:00, run_after=2024-11-20 00:00:00+00:00
[2024-11-20T00:29:58.457+0000] {processor.py:208} INFO - Processing /home/ubuntu/airflow_venv/lib/python3.12/site-packages/airflow/example_dags/example_branch_labels.py took 0.077 seconds
[2024-11-20T00:30:55.907+0000] {processor.py:186} INFO - Started process (PID=3127) to work on /home/ubuntu/airflow_venv/lib/python3.12/site-packages/airflow/example_dags/example_branch_labels.py
[2024-11-20T00:30:55.908+0000] {processor.py:914} INFO - Processing file /home/ubuntu/airflow_venv/lib/python3.12/site-packages/airflow/example_dags/example_branch_labels.py for tasks to queue
[2024-11-20T00:30:55.910+0000] {logging_mixin.py:190} INFO - [2024-11-20T00:30:55.909+0000] {dagbag.py:588} INFO - Filling up the DagBag from /home/ubuntu/airflow_venv/lib/python3.12/site-packages/airflow/example_dags/example_branch_labels.py
[2024-11-20T00:30:55.919+0000] {processor.py:925} INFO - DAG(s) 'example_branch_labels' retrieved from /home/ubuntu/airflow_venv/lib/python3.12/site-packages/airflow/example_dags/example_branch_labels.py
[2024-11-20T00:30:55.935+0000] {logging_mixin.py:190} INFO - [2024-11-20T00:30:55.935+0000] {dag.py:3239} INFO - Sync 1 DAGs
[2024-11-20T00:30:55.954+0000] {logging_mixin.py:190} INFO - [2024-11-20T00:30:55.954+0000] {dag.py:4180} INFO - Setting next_dagrun for example_branch_labels to 2024-11-19 00:00:00+00:00, run_after=2024-11-20 00:00:00+00:00
[2024-11-20T00:30:55.976+0000] {processor.py:208} INFO - Processing /home/ubuntu/airflow_venv/lib/python3.12/site-packages/airflow/example_dags/example_branch_labels.py took 0.074 seconds
[2024-11-20T00:31:51.321+0000] {processor.py:186} INFO - Started process (PID=3296) to work on /home/ubuntu/airflow_venv/lib/python3.12/site-packages/airflow/example_dags/example_branch_labels.py
[2024-11-20T00:31:51.323+0000] {processor.py:914} INFO - Processing file /home/ubuntu/airflow_venv/lib/python3.12/site-packages/airflow/example_dags/example_branch_labels.py for tasks to queue
[2024-11-20T00:31:51.324+0000] {logging_mixin.py:190} INFO - [2024-11-20T00:31:51.324+0000] {dagbag.py:588} INFO - Filling up the DagBag from /home/ubuntu/airflow_venv/lib/python3.12/site-packages/airflow/example_dags/example_branch_labels.py
[2024-11-20T00:31:51.335+0000] {processor.py:925} INFO - DAG(s) 'example_branch_labels' retrieved from /home/ubuntu/airflow_venv/lib/python3.12/site-packages/airflow/example_dags/example_branch_labels.py
[2024-11-20T00:31:51.353+0000] {logging_mixin.py:190} INFO - [2024-11-20T00:31:51.353+0000] {dag.py:3239} INFO - Sync 1 DAGs
[2024-11-20T00:31:51.374+0000] {logging_mixin.py:190} INFO - [2024-11-20T00:31:51.374+0000] {dag.py:4180} INFO - Setting next_dagrun for example_branch_labels to 2024-11-19 00:00:00+00:00, run_after=2024-11-20 00:00:00+00:00
[2024-11-20T00:31:51.394+0000] {processor.py:208} INFO - Processing /home/ubuntu/airflow_venv/lib/python3.12/site-packages/airflow/example_dags/example_branch_labels.py took 0.078 seconds
[2024-11-20T00:33:08.720+0000] {processor.py:186} INFO - Started process (PID=3824) to work on /home/ubuntu/airflow_venv/lib/python3.12/site-packages/airflow/example_dags/example_branch_labels.py
[2024-11-20T00:33:08.722+0000] {processor.py:914} INFO - Processing file /home/ubuntu/airflow_venv/lib/python3.12/site-packages/airflow/example_dags/example_branch_labels.py for tasks to queue
[2024-11-20T00:33:08.723+0000] {logging_mixin.py:190} INFO - [2024-11-20T00:33:08.723+0000] {dagbag.py:588} INFO - Filling up the DagBag from /home/ubuntu/airflow_venv/lib/python3.12/site-packages/airflow/example_dags/example_branch_labels.py
[2024-11-20T00:33:08.739+0000] {processor.py:925} INFO - DAG(s) 'example_branch_labels' retrieved from /home/ubuntu/airflow_venv/lib/python3.12/site-packages/airflow/example_dags/example_branch_labels.py
[2024-11-20T00:33:08.761+0000] {logging_mixin.py:190} INFO - [2024-11-20T00:33:08.761+0000] {dag.py:3239} INFO - Sync 1 DAGs
[2024-11-20T00:33:08.794+0000] {logging_mixin.py:190} INFO - [2024-11-20T00:33:08.794+0000] {dag.py:4180} INFO - Setting next_dagrun for example_branch_labels to 2024-11-19 00:00:00+00:00, run_after=2024-11-20 00:00:00+00:00
[2024-11-20T00:33:08.830+0000] {processor.py:208} INFO - Processing /home/ubuntu/airflow_venv/lib/python3.12/site-packages/airflow/example_dags/example_branch_labels.py took 0.117 seconds
[2024-11-20T00:34:13.512+0000] {processor.py:186} INFO - Started process (PID=4022) to work on /home/ubuntu/airflow_venv/lib/python3.12/site-packages/airflow/example_dags/example_branch_labels.py
[2024-11-20T00:34:13.514+0000] {processor.py:914} INFO - Processing file /home/ubuntu/airflow_venv/lib/python3.12/site-packages/airflow/example_dags/example_branch_labels.py for tasks to queue
[2024-11-20T00:34:13.515+0000] {logging_mixin.py:190} INFO - [2024-11-20T00:34:13.515+0000] {dagbag.py:588} INFO - Filling up the DagBag from /home/ubuntu/airflow_venv/lib/python3.12/site-packages/airflow/example_dags/example_branch_labels.py
[2024-11-20T00:34:13.525+0000] {processor.py:925} INFO - DAG(s) 'example_branch_labels' retrieved from /home/ubuntu/airflow_venv/lib/python3.12/site-packages/airflow/example_dags/example_branch_labels.py
[2024-11-20T00:34:13.542+0000] {logging_mixin.py:190} INFO - [2024-11-20T00:34:13.542+0000] {dag.py:3239} INFO - Sync 1 DAGs
[2024-11-20T00:34:13.561+0000] {logging_mixin.py:190} INFO - [2024-11-20T00:34:13.561+0000] {dag.py:4180} INFO - Setting next_dagrun for example_branch_labels to 2024-11-19 00:00:00+00:00, run_after=2024-11-20 00:00:00+00:00
[2024-11-20T00:34:13.581+0000] {processor.py:208} INFO - Processing /home/ubuntu/airflow_venv/lib/python3.12/site-packages/airflow/example_dags/example_branch_labels.py took 0.075 seconds
[2024-11-20T00:35:12.054+0000] {processor.py:186} INFO - Started process (PID=4108) to work on /home/ubuntu/airflow_venv/lib/python3.12/site-packages/airflow/example_dags/example_branch_labels.py
[2024-11-20T00:35:12.055+0000] {processor.py:914} INFO - Processing file /home/ubuntu/airflow_venv/lib/python3.12/site-packages/airflow/example_dags/example_branch_labels.py for tasks to queue
[2024-11-20T00:35:12.057+0000] {logging_mixin.py:190} INFO - [2024-11-20T00:35:12.056+0000] {dagbag.py:588} INFO - Filling up the DagBag from /home/ubuntu/airflow_venv/lib/python3.12/site-packages/airflow/example_dags/example_branch_labels.py
[2024-11-20T00:35:12.066+0000] {processor.py:925} INFO - DAG(s) 'example_branch_labels' retrieved from /home/ubuntu/airflow_venv/lib/python3.12/site-packages/airflow/example_dags/example_branch_labels.py
[2024-11-20T00:35:12.082+0000] {logging_mixin.py:190} INFO - [2024-11-20T00:35:12.082+0000] {dag.py:3239} INFO - Sync 1 DAGs
[2024-11-20T00:35:12.102+0000] {logging_mixin.py:190} INFO - [2024-11-20T00:35:12.101+0000] {dag.py:4180} INFO - Setting next_dagrun for example_branch_labels to 2024-11-19 00:00:00+00:00, run_after=2024-11-20 00:00:00+00:00
[2024-11-20T00:35:12.124+0000] {processor.py:208} INFO - Processing /home/ubuntu/airflow_venv/lib/python3.12/site-packages/airflow/example_dags/example_branch_labels.py took 0.078 seconds
[2024-11-20T00:36:07.823+0000] {processor.py:186} INFO - Started process (PID=4166) to work on /home/ubuntu/airflow_venv/lib/python3.12/site-packages/airflow/example_dags/example_branch_labels.py
[2024-11-20T00:36:07.825+0000] {processor.py:914} INFO - Processing file /home/ubuntu/airflow_venv/lib/python3.12/site-packages/airflow/example_dags/example_branch_labels.py for tasks to queue
[2024-11-20T00:36:07.826+0000] {logging_mixin.py:190} INFO - [2024-11-20T00:36:07.826+0000] {dagbag.py:588} INFO - Filling up the DagBag from /home/ubuntu/airflow_venv/lib/python3.12/site-packages/airflow/example_dags/example_branch_labels.py
[2024-11-20T00:36:07.836+0000] {processor.py:925} INFO - DAG(s) 'example_branch_labels' retrieved from /home/ubuntu/airflow_venv/lib/python3.12/site-packages/airflow/example_dags/example_branch_labels.py
[2024-11-20T00:36:07.852+0000] {logging_mixin.py:190} INFO - [2024-11-20T00:36:07.851+0000] {dag.py:3239} INFO - Sync 1 DAGs
[2024-11-20T00:36:07.872+0000] {logging_mixin.py:190} INFO - [2024-11-20T00:36:07.871+0000] {dag.py:4180} INFO - Setting next_dagrun for example_branch_labels to 2024-11-19 00:00:00+00:00, run_after=2024-11-20 00:00:00+00:00
[2024-11-20T00:36:07.894+0000] {processor.py:208} INFO - Processing /home/ubuntu/airflow_venv/lib/python3.12/site-packages/airflow/example_dags/example_branch_labels.py took 0.078 seconds
[2024-11-20T00:37:28.135+0000] {processor.py:186} INFO - Started process (PID=4249) to work on /home/ubuntu/airflow_venv/lib/python3.12/site-packages/airflow/example_dags/example_branch_labels.py
[2024-11-20T00:37:28.137+0000] {processor.py:914} INFO - Processing file /home/ubuntu/airflow_venv/lib/python3.12/site-packages/airflow/example_dags/example_branch_labels.py for tasks to queue
[2024-11-20T00:37:28.139+0000] {logging_mixin.py:190} INFO - [2024-11-20T00:37:28.137+0000] {dagbag.py:588} INFO - Filling up the DagBag from /home/ubuntu/airflow_venv/lib/python3.12/site-packages/airflow/example_dags/example_branch_labels.py
[2024-11-20T00:37:28.156+0000] {processor.py:925} INFO - DAG(s) 'example_branch_labels' retrieved from /home/ubuntu/airflow_venv/lib/python3.12/site-packages/airflow/example_dags/example_branch_labels.py
[2024-11-20T00:37:28.173+0000] {logging_mixin.py:190} INFO - [2024-11-20T00:37:28.173+0000] {dag.py:3239} INFO - Sync 1 DAGs
[2024-11-20T00:37:28.192+0000] {logging_mixin.py:190} INFO - [2024-11-20T00:37:28.192+0000] {dag.py:4180} INFO - Setting next_dagrun for example_branch_labels to 2024-11-19 00:00:00+00:00, run_after=2024-11-20 00:00:00+00:00
[2024-11-20T00:37:28.220+0000] {processor.py:208} INFO - Processing /home/ubuntu/airflow_venv/lib/python3.12/site-packages/airflow/example_dags/example_branch_labels.py took 0.092 seconds
[2024-11-20T00:38:24.393+0000] {processor.py:186} INFO - Started process (PID=4334) to work on /home/ubuntu/airflow_venv/lib/python3.12/site-packages/airflow/example_dags/example_branch_labels.py
[2024-11-20T00:38:24.394+0000] {processor.py:914} INFO - Processing file /home/ubuntu/airflow_venv/lib/python3.12/site-packages/airflow/example_dags/example_branch_labels.py for tasks to queue
[2024-11-20T00:38:24.396+0000] {logging_mixin.py:190} INFO - [2024-11-20T00:38:24.395+0000] {dagbag.py:588} INFO - Filling up the DagBag from /home/ubuntu/airflow_venv/lib/python3.12/site-packages/airflow/example_dags/example_branch_labels.py
[2024-11-20T00:38:24.407+0000] {processor.py:925} INFO - DAG(s) 'example_branch_labels' retrieved from /home/ubuntu/airflow_venv/lib/python3.12/site-packages/airflow/example_dags/example_branch_labels.py
[2024-11-20T00:38:24.423+0000] {logging_mixin.py:190} INFO - [2024-11-20T00:38:24.423+0000] {dag.py:3239} INFO - Sync 1 DAGs
[2024-11-20T00:38:24.442+0000] {logging_mixin.py:190} INFO - [2024-11-20T00:38:24.442+0000] {dag.py:4180} INFO - Setting next_dagrun for example_branch_labels to 2024-11-19 00:00:00+00:00, run_after=2024-11-20 00:00:00+00:00
[2024-11-20T00:38:24.463+0000] {processor.py:208} INFO - Processing /home/ubuntu/airflow_venv/lib/python3.12/site-packages/airflow/example_dags/example_branch_labels.py took 0.077 seconds
[2024-11-20T00:39:20.612+0000] {processor.py:186} INFO - Started process (PID=4392) to work on /home/ubuntu/airflow_venv/lib/python3.12/site-packages/airflow/example_dags/example_branch_labels.py
[2024-11-20T00:39:20.613+0000] {processor.py:914} INFO - Processing file /home/ubuntu/airflow_venv/lib/python3.12/site-packages/airflow/example_dags/example_branch_labels.py for tasks to queue
[2024-11-20T00:39:20.615+0000] {logging_mixin.py:190} INFO - [2024-11-20T00:39:20.614+0000] {dagbag.py:588} INFO - Filling up the DagBag from /home/ubuntu/airflow_venv/lib/python3.12/site-packages/airflow/example_dags/example_branch_labels.py
[2024-11-20T00:39:20.624+0000] {processor.py:925} INFO - DAG(s) 'example_branch_labels' retrieved from /home/ubuntu/airflow_venv/lib/python3.12/site-packages/airflow/example_dags/example_branch_labels.py
[2024-11-20T00:39:20.640+0000] {logging_mixin.py:190} INFO - [2024-11-20T00:39:20.640+0000] {dag.py:3239} INFO - Sync 1 DAGs
[2024-11-20T00:39:20.660+0000] {logging_mixin.py:190} INFO - [2024-11-20T00:39:20.659+0000] {dag.py:4180} INFO - Setting next_dagrun for example_branch_labels to 2024-11-19 00:00:00+00:00, run_after=2024-11-20 00:00:00+00:00
[2024-11-20T00:39:20.681+0000] {processor.py:208} INFO - Processing /home/ubuntu/airflow_venv/lib/python3.12/site-packages/airflow/example_dags/example_branch_labels.py took 0.077 seconds
[2024-11-20T00:40:23.406+0000] {processor.py:186} INFO - Started process (PID=4488) to work on /home/ubuntu/airflow_venv/lib/python3.12/site-packages/airflow/example_dags/example_branch_labels.py
[2024-11-20T00:40:23.407+0000] {processor.py:914} INFO - Processing file /home/ubuntu/airflow_venv/lib/python3.12/site-packages/airflow/example_dags/example_branch_labels.py for tasks to queue
[2024-11-20T00:40:23.409+0000] {logging_mixin.py:190} INFO - [2024-11-20T00:40:23.408+0000] {dagbag.py:588} INFO - Filling up the DagBag from /home/ubuntu/airflow_venv/lib/python3.12/site-packages/airflow/example_dags/example_branch_labels.py
[2024-11-20T00:40:23.426+0000] {processor.py:925} INFO - DAG(s) 'example_branch_labels' retrieved from /home/ubuntu/airflow_venv/lib/python3.12/site-packages/airflow/example_dags/example_branch_labels.py
[2024-11-20T00:40:23.452+0000] {logging_mixin.py:190} INFO - [2024-11-20T00:40:23.452+0000] {dag.py:3239} INFO - Sync 1 DAGs
[2024-11-20T00:40:23.471+0000] {logging_mixin.py:190} INFO - [2024-11-20T00:40:23.471+0000] {dag.py:4180} INFO - Setting next_dagrun for example_branch_labels to 2024-11-19 00:00:00+00:00, run_after=2024-11-20 00:00:00+00:00
[2024-11-20T00:40:23.494+0000] {processor.py:208} INFO - Processing /home/ubuntu/airflow_venv/lib/python3.12/site-packages/airflow/example_dags/example_branch_labels.py took 0.095 seconds
[2024-11-20T00:41:19.101+0000] {processor.py:186} INFO - Started process (PID=4549) to work on /home/ubuntu/airflow_venv/lib/python3.12/site-packages/airflow/example_dags/example_branch_labels.py
[2024-11-20T00:41:19.103+0000] {processor.py:914} INFO - Processing file /home/ubuntu/airflow_venv/lib/python3.12/site-packages/airflow/example_dags/example_branch_labels.py for tasks to queue
[2024-11-20T00:41:19.105+0000] {logging_mixin.py:190} INFO - [2024-11-20T00:41:19.104+0000] {dagbag.py:588} INFO - Filling up the DagBag from /home/ubuntu/airflow_venv/lib/python3.12/site-packages/airflow/example_dags/example_branch_labels.py
[2024-11-20T00:41:19.114+0000] {processor.py:925} INFO - DAG(s) 'example_branch_labels' retrieved from /home/ubuntu/airflow_venv/lib/python3.12/site-packages/airflow/example_dags/example_branch_labels.py
[2024-11-20T00:41:19.130+0000] {logging_mixin.py:190} INFO - [2024-11-20T00:41:19.129+0000] {dag.py:3239} INFO - Sync 1 DAGs
[2024-11-20T00:41:19.159+0000] {logging_mixin.py:190} INFO - [2024-11-20T00:41:19.158+0000] {dag.py:4180} INFO - Setting next_dagrun for example_branch_labels to 2024-11-19 00:00:00+00:00, run_after=2024-11-20 00:00:00+00:00
[2024-11-20T00:41:19.183+0000] {processor.py:208} INFO - Processing /home/ubuntu/airflow_venv/lib/python3.12/site-packages/airflow/example_dags/example_branch_labels.py took 0.089 seconds
[2024-11-20T00:42:37.688+0000] {processor.py:186} INFO - Started process (PID=4629) to work on /home/ubuntu/airflow_venv/lib/python3.12/site-packages/airflow/example_dags/example_branch_labels.py
[2024-11-20T00:42:37.690+0000] {processor.py:914} INFO - Processing file /home/ubuntu/airflow_venv/lib/python3.12/site-packages/airflow/example_dags/example_branch_labels.py for tasks to queue
[2024-11-20T00:42:37.691+0000] {logging_mixin.py:190} INFO - [2024-11-20T00:42:37.691+0000] {dagbag.py:588} INFO - Filling up the DagBag from /home/ubuntu/airflow_venv/lib/python3.12/site-packages/airflow/example_dags/example_branch_labels.py
[2024-11-20T00:42:37.701+0000] {processor.py:925} INFO - DAG(s) 'example_branch_labels' retrieved from /home/ubuntu/airflow_venv/lib/python3.12/site-packages/airflow/example_dags/example_branch_labels.py
[2024-11-20T00:42:37.717+0000] {logging_mixin.py:190} INFO - [2024-11-20T00:42:37.717+0000] {dag.py:3239} INFO - Sync 1 DAGs
[2024-11-20T00:42:37.737+0000] {logging_mixin.py:190} INFO - [2024-11-20T00:42:37.736+0000] {dag.py:4180} INFO - Setting next_dagrun for example_branch_labels to 2024-11-19 00:00:00+00:00, run_after=2024-11-20 00:00:00+00:00
[2024-11-20T00:42:37.757+0000] {processor.py:208} INFO - Processing /home/ubuntu/airflow_venv/lib/python3.12/site-packages/airflow/example_dags/example_branch_labels.py took 0.076 seconds
[2024-11-20T00:43:34.839+0000] {processor.py:186} INFO - Started process (PID=4689) to work on /home/ubuntu/airflow_venv/lib/python3.12/site-packages/airflow/example_dags/example_branch_labels.py
[2024-11-20T00:43:34.840+0000] {processor.py:914} INFO - Processing file /home/ubuntu/airflow_venv/lib/python3.12/site-packages/airflow/example_dags/example_branch_labels.py for tasks to queue
[2024-11-20T00:43:34.841+0000] {logging_mixin.py:190} INFO - [2024-11-20T00:43:34.841+0000] {dagbag.py:588} INFO - Filling up the DagBag from /home/ubuntu/airflow_venv/lib/python3.12/site-packages/airflow/example_dags/example_branch_labels.py
[2024-11-20T00:43:34.853+0000] {processor.py:925} INFO - DAG(s) 'example_branch_labels' retrieved from /home/ubuntu/airflow_venv/lib/python3.12/site-packages/airflow/example_dags/example_branch_labels.py
[2024-11-20T00:43:34.868+0000] {logging_mixin.py:190} INFO - [2024-11-20T00:43:34.868+0000] {dag.py:3239} INFO - Sync 1 DAGs
[2024-11-20T00:43:34.890+0000] {logging_mixin.py:190} INFO - [2024-11-20T00:43:34.890+0000] {dag.py:4180} INFO - Setting next_dagrun for example_branch_labels to 2024-11-19 00:00:00+00:00, run_after=2024-11-20 00:00:00+00:00
[2024-11-20T00:43:34.919+0000] {processor.py:208} INFO - Processing /home/ubuntu/airflow_venv/lib/python3.12/site-packages/airflow/example_dags/example_branch_labels.py took 0.088 seconds
[2024-11-20T00:44:29.986+0000] {processor.py:186} INFO - Started process (PID=4746) to work on /home/ubuntu/airflow_venv/lib/python3.12/site-packages/airflow/example_dags/example_branch_labels.py
[2024-11-20T00:44:29.988+0000] {processor.py:914} INFO - Processing file /home/ubuntu/airflow_venv/lib/python3.12/site-packages/airflow/example_dags/example_branch_labels.py for tasks to queue
[2024-11-20T00:44:29.989+0000] {logging_mixin.py:190} INFO - [2024-11-20T00:44:29.988+0000] {dagbag.py:588} INFO - Filling up the DagBag from /home/ubuntu/airflow_venv/lib/python3.12/site-packages/airflow/example_dags/example_branch_labels.py
[2024-11-20T00:44:29.998+0000] {processor.py:925} INFO - DAG(s) 'example_branch_labels' retrieved from /home/ubuntu/airflow_venv/lib/python3.12/site-packages/airflow/example_dags/example_branch_labels.py
[2024-11-20T00:44:30.014+0000] {logging_mixin.py:190} INFO - [2024-11-20T00:44:30.014+0000] {dag.py:3239} INFO - Sync 1 DAGs
[2024-11-20T00:44:30.039+0000] {logging_mixin.py:190} INFO - [2024-11-20T00:44:30.038+0000] {dag.py:4180} INFO - Setting next_dagrun for example_branch_labels to 2024-11-19 00:00:00+00:00, run_after=2024-11-20 00:00:00+00:00
[2024-11-20T00:44:30.062+0000] {processor.py:208} INFO - Processing /home/ubuntu/airflow_venv/lib/python3.12/site-packages/airflow/example_dags/example_branch_labels.py took 0.082 seconds
[2024-11-20T00:45:22.978+0000] {processor.py:186} INFO - Started process (PID=4804) to work on /home/ubuntu/airflow_venv/lib/python3.12/site-packages/airflow/example_dags/example_branch_labels.py
[2024-11-20T00:45:22.980+0000] {processor.py:914} INFO - Processing file /home/ubuntu/airflow_venv/lib/python3.12/site-packages/airflow/example_dags/example_branch_labels.py for tasks to queue
[2024-11-20T00:45:22.981+0000] {logging_mixin.py:190} INFO - [2024-11-20T00:45:22.981+0000] {dagbag.py:588} INFO - Filling up the DagBag from /home/ubuntu/airflow_venv/lib/python3.12/site-packages/airflow/example_dags/example_branch_labels.py
[2024-11-20T00:45:22.992+0000] {processor.py:925} INFO - DAG(s) 'example_branch_labels' retrieved from /home/ubuntu/airflow_venv/lib/python3.12/site-packages/airflow/example_dags/example_branch_labels.py
[2024-11-20T00:45:23.008+0000] {logging_mixin.py:190} INFO - [2024-11-20T00:45:23.008+0000] {dag.py:3239} INFO - Sync 1 DAGs
[2024-11-20T00:45:23.027+0000] {logging_mixin.py:190} INFO - [2024-11-20T00:45:23.027+0000] {dag.py:4180} INFO - Setting next_dagrun for example_branch_labels to 2024-11-19 00:00:00+00:00, run_after=2024-11-20 00:00:00+00:00
[2024-11-20T00:45:23.049+0000] {processor.py:208} INFO - Processing /home/ubuntu/airflow_venv/lib/python3.12/site-packages/airflow/example_dags/example_branch_labels.py took 0.078 seconds
[2024-11-20T00:46:17.593+0000] {processor.py:186} INFO - Started process (PID=4861) to work on /home/ubuntu/airflow_venv/lib/python3.12/site-packages/airflow/example_dags/example_branch_labels.py
[2024-11-20T00:46:17.595+0000] {processor.py:914} INFO - Processing file /home/ubuntu/airflow_venv/lib/python3.12/site-packages/airflow/example_dags/example_branch_labels.py for tasks to queue
[2024-11-20T00:46:17.597+0000] {logging_mixin.py:190} INFO - [2024-11-20T00:46:17.596+0000] {dagbag.py:588} INFO - Filling up the DagBag from /home/ubuntu/airflow_venv/lib/python3.12/site-packages/airflow/example_dags/example_branch_labels.py
[2024-11-20T00:46:17.607+0000] {processor.py:925} INFO - DAG(s) 'example_branch_labels' retrieved from /home/ubuntu/airflow_venv/lib/python3.12/site-packages/airflow/example_dags/example_branch_labels.py
[2024-11-20T00:46:17.622+0000] {logging_mixin.py:190} INFO - [2024-11-20T00:46:17.621+0000] {dag.py:3239} INFO - Sync 1 DAGs
[2024-11-20T00:46:17.642+0000] {logging_mixin.py:190} INFO - [2024-11-20T00:46:17.641+0000] {dag.py:4180} INFO - Setting next_dagrun for example_branch_labels to 2024-11-19 00:00:00+00:00, run_after=2024-11-20 00:00:00+00:00
[2024-11-20T00:46:17.663+0000] {processor.py:208} INFO - Processing /home/ubuntu/airflow_venv/lib/python3.12/site-packages/airflow/example_dags/example_branch_labels.py took 0.077 seconds
[2024-11-20T00:47:36.322+0000] {processor.py:186} INFO - Started process (PID=4942) to work on /home/ubuntu/airflow_venv/lib/python3.12/site-packages/airflow/example_dags/example_branch_labels.py
[2024-11-20T00:47:36.324+0000] {processor.py:914} INFO - Processing file /home/ubuntu/airflow_venv/lib/python3.12/site-packages/airflow/example_dags/example_branch_labels.py for tasks to queue
[2024-11-20T00:47:36.326+0000] {logging_mixin.py:190} INFO - [2024-11-20T00:47:36.326+0000] {dagbag.py:588} INFO - Filling up the DagBag from /home/ubuntu/airflow_venv/lib/python3.12/site-packages/airflow/example_dags/example_branch_labels.py
[2024-11-20T00:47:36.335+0000] {processor.py:925} INFO - DAG(s) 'example_branch_labels' retrieved from /home/ubuntu/airflow_venv/lib/python3.12/site-packages/airflow/example_dags/example_branch_labels.py
[2024-11-20T00:47:36.351+0000] {logging_mixin.py:190} INFO - [2024-11-20T00:47:36.350+0000] {dag.py:3239} INFO - Sync 1 DAGs
[2024-11-20T00:47:36.370+0000] {logging_mixin.py:190} INFO - [2024-11-20T00:47:36.370+0000] {dag.py:4180} INFO - Setting next_dagrun for example_branch_labels to 2024-11-19 00:00:00+00:00, run_after=2024-11-20 00:00:00+00:00
[2024-11-20T00:47:36.391+0000] {processor.py:208} INFO - Processing /home/ubuntu/airflow_venv/lib/python3.12/site-packages/airflow/example_dags/example_branch_labels.py took 0.076 seconds
[2024-11-20T00:48:57.599+0000] {processor.py:186} INFO - Started process (PID=5025) to work on /home/ubuntu/airflow_venv/lib/python3.12/site-packages/airflow/example_dags/example_branch_labels.py
[2024-11-20T00:48:57.600+0000] {processor.py:914} INFO - Processing file /home/ubuntu/airflow_venv/lib/python3.12/site-packages/airflow/example_dags/example_branch_labels.py for tasks to queue
[2024-11-20T00:48:57.601+0000] {logging_mixin.py:190} INFO - [2024-11-20T00:48:57.600+0000] {dagbag.py:588} INFO - Filling up the DagBag from /home/ubuntu/airflow_venv/lib/python3.12/site-packages/airflow/example_dags/example_branch_labels.py
[2024-11-20T00:48:57.611+0000] {processor.py:925} INFO - DAG(s) 'example_branch_labels' retrieved from /home/ubuntu/airflow_venv/lib/python3.12/site-packages/airflow/example_dags/example_branch_labels.py
[2024-11-20T00:48:57.627+0000] {logging_mixin.py:190} INFO - [2024-11-20T00:48:57.627+0000] {dag.py:3239} INFO - Sync 1 DAGs
[2024-11-20T00:48:57.648+0000] {logging_mixin.py:190} INFO - [2024-11-20T00:48:57.648+0000] {dag.py:4180} INFO - Setting next_dagrun for example_branch_labels to 2024-11-19 00:00:00+00:00, run_after=2024-11-20 00:00:00+00:00
[2024-11-20T00:48:57.670+0000] {processor.py:208} INFO - Processing /home/ubuntu/airflow_venv/lib/python3.12/site-packages/airflow/example_dags/example_branch_labels.py took 0.078 seconds
[2024-11-20T00:49:52.982+0000] {processor.py:186} INFO - Started process (PID=5083) to work on /home/ubuntu/airflow_venv/lib/python3.12/site-packages/airflow/example_dags/example_branch_labels.py
[2024-11-20T00:49:52.983+0000] {processor.py:914} INFO - Processing file /home/ubuntu/airflow_venv/lib/python3.12/site-packages/airflow/example_dags/example_branch_labels.py for tasks to queue
[2024-11-20T00:49:52.985+0000] {logging_mixin.py:190} INFO - [2024-11-20T00:49:52.984+0000] {dagbag.py:588} INFO - Filling up the DagBag from /home/ubuntu/airflow_venv/lib/python3.12/site-packages/airflow/example_dags/example_branch_labels.py
[2024-11-20T00:49:52.994+0000] {processor.py:925} INFO - DAG(s) 'example_branch_labels' retrieved from /home/ubuntu/airflow_venv/lib/python3.12/site-packages/airflow/example_dags/example_branch_labels.py
[2024-11-20T00:49:53.010+0000] {logging_mixin.py:190} INFO - [2024-11-20T00:49:53.010+0000] {dag.py:3239} INFO - Sync 1 DAGs
[2024-11-20T00:49:53.030+0000] {logging_mixin.py:190} INFO - [2024-11-20T00:49:53.030+0000] {dag.py:4180} INFO - Setting next_dagrun for example_branch_labels to 2024-11-19 00:00:00+00:00, run_after=2024-11-20 00:00:00+00:00
[2024-11-20T00:49:53.052+0000] {processor.py:208} INFO - Processing /home/ubuntu/airflow_venv/lib/python3.12/site-packages/airflow/example_dags/example_branch_labels.py took 0.077 seconds
[2024-11-20T00:51:13.354+0000] {processor.py:186} INFO - Started process (PID=5169) to work on /home/ubuntu/airflow_venv/lib/python3.12/site-packages/airflow/example_dags/example_branch_labels.py
[2024-11-20T00:51:13.355+0000] {processor.py:914} INFO - Processing file /home/ubuntu/airflow_venv/lib/python3.12/site-packages/airflow/example_dags/example_branch_labels.py for tasks to queue
[2024-11-20T00:51:13.356+0000] {logging_mixin.py:190} INFO - [2024-11-20T00:51:13.356+0000] {dagbag.py:588} INFO - Filling up the DagBag from /home/ubuntu/airflow_venv/lib/python3.12/site-packages/airflow/example_dags/example_branch_labels.py
[2024-11-20T00:51:13.367+0000] {processor.py:925} INFO - DAG(s) 'example_branch_labels' retrieved from /home/ubuntu/airflow_venv/lib/python3.12/site-packages/airflow/example_dags/example_branch_labels.py
[2024-11-20T00:51:13.383+0000] {logging_mixin.py:190} INFO - [2024-11-20T00:51:13.383+0000] {dag.py:3239} INFO - Sync 1 DAGs
[2024-11-20T00:51:13.402+0000] {logging_mixin.py:190} INFO - [2024-11-20T00:51:13.402+0000] {dag.py:4180} INFO - Setting next_dagrun for example_branch_labels to 2024-11-19 00:00:00+00:00, run_after=2024-11-20 00:00:00+00:00
[2024-11-20T00:51:13.425+0000] {processor.py:208} INFO - Processing /home/ubuntu/airflow_venv/lib/python3.12/site-packages/airflow/example_dags/example_branch_labels.py took 0.078 seconds
[2024-11-20T00:52:10.054+0000] {processor.py:186} INFO - Started process (PID=5229) to work on /home/ubuntu/airflow_venv/lib/python3.12/site-packages/airflow/example_dags/example_branch_labels.py
[2024-11-20T00:52:10.055+0000] {processor.py:914} INFO - Processing file /home/ubuntu/airflow_venv/lib/python3.12/site-packages/airflow/example_dags/example_branch_labels.py for tasks to queue
[2024-11-20T00:52:10.056+0000] {logging_mixin.py:190} INFO - [2024-11-20T00:52:10.056+0000] {dagbag.py:588} INFO - Filling up the DagBag from /home/ubuntu/airflow_venv/lib/python3.12/site-packages/airflow/example_dags/example_branch_labels.py
[2024-11-20T00:52:10.066+0000] {processor.py:925} INFO - DAG(s) 'example_branch_labels' retrieved from /home/ubuntu/airflow_venv/lib/python3.12/site-packages/airflow/example_dags/example_branch_labels.py
[2024-11-20T00:52:10.081+0000] {logging_mixin.py:190} INFO - [2024-11-20T00:52:10.081+0000] {dag.py:3239} INFO - Sync 1 DAGs
[2024-11-20T00:52:10.101+0000] {logging_mixin.py:190} INFO - [2024-11-20T00:52:10.101+0000] {dag.py:4180} INFO - Setting next_dagrun for example_branch_labels to 2024-11-19 00:00:00+00:00, run_after=2024-11-20 00:00:00+00:00
[2024-11-20T00:52:10.123+0000] {processor.py:208} INFO - Processing /home/ubuntu/airflow_venv/lib/python3.12/site-packages/airflow/example_dags/example_branch_labels.py took 0.076 seconds
[2024-11-20T00:53:06.283+0000] {processor.py:186} INFO - Started process (PID=5284) to work on /home/ubuntu/airflow_venv/lib/python3.12/site-packages/airflow/example_dags/example_branch_labels.py
[2024-11-20T00:53:06.285+0000] {processor.py:914} INFO - Processing file /home/ubuntu/airflow_venv/lib/python3.12/site-packages/airflow/example_dags/example_branch_labels.py for tasks to queue
[2024-11-20T00:53:06.286+0000] {logging_mixin.py:190} INFO - [2024-11-20T00:53:06.285+0000] {dagbag.py:588} INFO - Filling up the DagBag from /home/ubuntu/airflow_venv/lib/python3.12/site-packages/airflow/example_dags/example_branch_labels.py
[2024-11-20T00:53:06.296+0000] {processor.py:925} INFO - DAG(s) 'example_branch_labels' retrieved from /home/ubuntu/airflow_venv/lib/python3.12/site-packages/airflow/example_dags/example_branch_labels.py
[2024-11-20T00:53:06.312+0000] {logging_mixin.py:190} INFO - [2024-11-20T00:53:06.312+0000] {dag.py:3239} INFO - Sync 1 DAGs
[2024-11-20T00:53:06.332+0000] {logging_mixin.py:190} INFO - [2024-11-20T00:53:06.331+0000] {dag.py:4180} INFO - Setting next_dagrun for example_branch_labels to 2024-11-19 00:00:00+00:00, run_after=2024-11-20 00:00:00+00:00
[2024-11-20T00:53:06.355+0000] {processor.py:208} INFO - Processing /home/ubuntu/airflow_venv/lib/python3.12/site-packages/airflow/example_dags/example_branch_labels.py took 0.079 seconds
[2024-11-20T00:54:01.996+0000] {processor.py:186} INFO - Started process (PID=5355) to work on /home/ubuntu/airflow_venv/lib/python3.12/site-packages/airflow/example_dags/example_branch_labels.py
[2024-11-20T00:54:01.998+0000] {processor.py:914} INFO - Processing file /home/ubuntu/airflow_venv/lib/python3.12/site-packages/airflow/example_dags/example_branch_labels.py for tasks to queue
[2024-11-20T00:54:01.999+0000] {logging_mixin.py:190} INFO - [2024-11-20T00:54:01.999+0000] {dagbag.py:588} INFO - Filling up the DagBag from /home/ubuntu/airflow_venv/lib/python3.12/site-packages/airflow/example_dags/example_branch_labels.py
[2024-11-20T00:54:02.010+0000] {processor.py:925} INFO - DAG(s) 'example_branch_labels' retrieved from /home/ubuntu/airflow_venv/lib/python3.12/site-packages/airflow/example_dags/example_branch_labels.py
[2024-11-20T00:54:02.027+0000] {logging_mixin.py:190} INFO - [2024-11-20T00:54:02.027+0000] {dag.py:3239} INFO - Sync 1 DAGs
[2024-11-20T00:54:02.049+0000] {logging_mixin.py:190} INFO - [2024-11-20T00:54:02.049+0000] {dag.py:4180} INFO - Setting next_dagrun for example_branch_labels to 2024-11-19 00:00:00+00:00, run_after=2024-11-20 00:00:00+00:00
[2024-11-20T00:54:02.073+0000] {processor.py:208} INFO - Processing /home/ubuntu/airflow_venv/lib/python3.12/site-packages/airflow/example_dags/example_branch_labels.py took 0.085 seconds
[2024-11-20T00:55:19.839+0000] {processor.py:186} INFO - Started process (PID=5439) to work on /home/ubuntu/airflow_venv/lib/python3.12/site-packages/airflow/example_dags/example_branch_labels.py
[2024-11-20T00:55:19.842+0000] {processor.py:914} INFO - Processing file /home/ubuntu/airflow_venv/lib/python3.12/site-packages/airflow/example_dags/example_branch_labels.py for tasks to queue
[2024-11-20T00:55:19.843+0000] {logging_mixin.py:190} INFO - [2024-11-20T00:55:19.842+0000] {dagbag.py:588} INFO - Filling up the DagBag from /home/ubuntu/airflow_venv/lib/python3.12/site-packages/airflow/example_dags/example_branch_labels.py
[2024-11-20T00:55:19.853+0000] {processor.py:925} INFO - DAG(s) 'example_branch_labels' retrieved from /home/ubuntu/airflow_venv/lib/python3.12/site-packages/airflow/example_dags/example_branch_labels.py
[2024-11-20T00:55:19.868+0000] {logging_mixin.py:190} INFO - [2024-11-20T00:55:19.868+0000] {dag.py:3239} INFO - Sync 1 DAGs
[2024-11-20T00:55:19.887+0000] {logging_mixin.py:190} INFO - [2024-11-20T00:55:19.887+0000] {dag.py:4180} INFO - Setting next_dagrun for example_branch_labels to 2024-11-19 00:00:00+00:00, run_after=2024-11-20 00:00:00+00:00
[2024-11-20T00:55:19.912+0000] {processor.py:208} INFO - Processing /home/ubuntu/airflow_venv/lib/python3.12/site-packages/airflow/example_dags/example_branch_labels.py took 0.079 seconds
[2024-11-20T00:56:12.406+0000] {processor.py:186} INFO - Started process (PID=5495) to work on /home/ubuntu/airflow_venv/lib/python3.12/site-packages/airflow/example_dags/example_branch_labels.py
[2024-11-20T00:56:12.407+0000] {processor.py:914} INFO - Processing file /home/ubuntu/airflow_venv/lib/python3.12/site-packages/airflow/example_dags/example_branch_labels.py for tasks to queue
[2024-11-20T00:56:12.409+0000] {logging_mixin.py:190} INFO - [2024-11-20T00:56:12.408+0000] {dagbag.py:588} INFO - Filling up the DagBag from /home/ubuntu/airflow_venv/lib/python3.12/site-packages/airflow/example_dags/example_branch_labels.py
[2024-11-20T00:56:12.418+0000] {processor.py:925} INFO - DAG(s) 'example_branch_labels' retrieved from /home/ubuntu/airflow_venv/lib/python3.12/site-packages/airflow/example_dags/example_branch_labels.py
[2024-11-20T00:56:12.434+0000] {logging_mixin.py:190} INFO - [2024-11-20T00:56:12.433+0000] {dag.py:3239} INFO - Sync 1 DAGs
[2024-11-20T00:56:12.455+0000] {logging_mixin.py:190} INFO - [2024-11-20T00:56:12.454+0000] {dag.py:4180} INFO - Setting next_dagrun for example_branch_labels to 2024-11-19 00:00:00+00:00, run_after=2024-11-20 00:00:00+00:00
[2024-11-20T00:56:12.476+0000] {processor.py:208} INFO - Processing /home/ubuntu/airflow_venv/lib/python3.12/site-packages/airflow/example_dags/example_branch_labels.py took 0.077 seconds
[2024-11-20T00:57:07.422+0000] {processor.py:186} INFO - Started process (PID=5552) to work on /home/ubuntu/airflow_venv/lib/python3.12/site-packages/airflow/example_dags/example_branch_labels.py
[2024-11-20T00:57:07.423+0000] {processor.py:914} INFO - Processing file /home/ubuntu/airflow_venv/lib/python3.12/site-packages/airflow/example_dags/example_branch_labels.py for tasks to queue
[2024-11-20T00:57:07.424+0000] {logging_mixin.py:190} INFO - [2024-11-20T00:57:07.424+0000] {dagbag.py:588} INFO - Filling up the DagBag from /home/ubuntu/airflow_venv/lib/python3.12/site-packages/airflow/example_dags/example_branch_labels.py
[2024-11-20T00:57:07.434+0000] {processor.py:925} INFO - DAG(s) 'example_branch_labels' retrieved from /home/ubuntu/airflow_venv/lib/python3.12/site-packages/airflow/example_dags/example_branch_labels.py
[2024-11-20T00:57:07.450+0000] {logging_mixin.py:190} INFO - [2024-11-20T00:57:07.450+0000] {dag.py:3239} INFO - Sync 1 DAGs
[2024-11-20T00:57:07.469+0000] {logging_mixin.py:190} INFO - [2024-11-20T00:57:07.469+0000] {dag.py:4180} INFO - Setting next_dagrun for example_branch_labels to 2024-11-19 00:00:00+00:00, run_after=2024-11-20 00:00:00+00:00
[2024-11-20T00:57:07.492+0000] {processor.py:208} INFO - Processing /home/ubuntu/airflow_venv/lib/python3.12/site-packages/airflow/example_dags/example_branch_labels.py took 0.076 seconds
[2024-11-20T00:58:25.108+0000] {processor.py:186} INFO - Started process (PID=5635) to work on /home/ubuntu/airflow_venv/lib/python3.12/site-packages/airflow/example_dags/example_branch_labels.py
[2024-11-20T00:58:25.110+0000] {processor.py:914} INFO - Processing file /home/ubuntu/airflow_venv/lib/python3.12/site-packages/airflow/example_dags/example_branch_labels.py for tasks to queue
[2024-11-20T00:58:25.111+0000] {logging_mixin.py:190} INFO - [2024-11-20T00:58:25.111+0000] {dagbag.py:588} INFO - Filling up the DagBag from /home/ubuntu/airflow_venv/lib/python3.12/site-packages/airflow/example_dags/example_branch_labels.py
[2024-11-20T00:58:25.121+0000] {processor.py:925} INFO - DAG(s) 'example_branch_labels' retrieved from /home/ubuntu/airflow_venv/lib/python3.12/site-packages/airflow/example_dags/example_branch_labels.py
[2024-11-20T00:58:25.137+0000] {logging_mixin.py:190} INFO - [2024-11-20T00:58:25.137+0000] {dag.py:3239} INFO - Sync 1 DAGs
[2024-11-20T00:58:25.157+0000] {logging_mixin.py:190} INFO - [2024-11-20T00:58:25.157+0000] {dag.py:4180} INFO - Setting next_dagrun for example_branch_labels to 2024-11-19 00:00:00+00:00, run_after=2024-11-20 00:00:00+00:00
[2024-11-20T00:58:25.181+0000] {processor.py:208} INFO - Processing /home/ubuntu/airflow_venv/lib/python3.12/site-packages/airflow/example_dags/example_branch_labels.py took 0.080 seconds
[2024-11-20T00:59:44.050+0000] {processor.py:186} INFO - Started process (PID=5721) to work on /home/ubuntu/airflow_venv/lib/python3.12/site-packages/airflow/example_dags/example_branch_labels.py
[2024-11-20T00:59:44.052+0000] {processor.py:914} INFO - Processing file /home/ubuntu/airflow_venv/lib/python3.12/site-packages/airflow/example_dags/example_branch_labels.py for tasks to queue
[2024-11-20T00:59:44.053+0000] {logging_mixin.py:190} INFO - [2024-11-20T00:59:44.053+0000] {dagbag.py:588} INFO - Filling up the DagBag from /home/ubuntu/airflow_venv/lib/python3.12/site-packages/airflow/example_dags/example_branch_labels.py
[2024-11-20T00:59:44.064+0000] {processor.py:925} INFO - DAG(s) 'example_branch_labels' retrieved from /home/ubuntu/airflow_venv/lib/python3.12/site-packages/airflow/example_dags/example_branch_labels.py
[2024-11-20T00:59:44.079+0000] {logging_mixin.py:190} INFO - [2024-11-20T00:59:44.079+0000] {dag.py:3239} INFO - Sync 1 DAGs
[2024-11-20T00:59:44.099+0000] {logging_mixin.py:190} INFO - [2024-11-20T00:59:44.099+0000] {dag.py:4180} INFO - Setting next_dagrun for example_branch_labels to 2024-11-19 00:00:00+00:00, run_after=2024-11-20 00:00:00+00:00
[2024-11-20T00:59:44.120+0000] {processor.py:208} INFO - Processing /home/ubuntu/airflow_venv/lib/python3.12/site-packages/airflow/example_dags/example_branch_labels.py took 0.076 seconds
[2024-11-20T01:00:39.718+0000] {processor.py:186} INFO - Started process (PID=5780) to work on /home/ubuntu/airflow_venv/lib/python3.12/site-packages/airflow/example_dags/example_branch_labels.py
[2024-11-20T01:00:39.720+0000] {processor.py:914} INFO - Processing file /home/ubuntu/airflow_venv/lib/python3.12/site-packages/airflow/example_dags/example_branch_labels.py for tasks to queue
[2024-11-20T01:00:39.721+0000] {logging_mixin.py:190} INFO - [2024-11-20T01:00:39.721+0000] {dagbag.py:588} INFO - Filling up the DagBag from /home/ubuntu/airflow_venv/lib/python3.12/site-packages/airflow/example_dags/example_branch_labels.py
[2024-11-20T01:00:39.732+0000] {processor.py:925} INFO - DAG(s) 'example_branch_labels' retrieved from /home/ubuntu/airflow_venv/lib/python3.12/site-packages/airflow/example_dags/example_branch_labels.py
[2024-11-20T01:00:39.748+0000] {logging_mixin.py:190} INFO - [2024-11-20T01:00:39.748+0000] {dag.py:3239} INFO - Sync 1 DAGs
[2024-11-20T01:00:39.766+0000] {logging_mixin.py:190} INFO - [2024-11-20T01:00:39.766+0000] {dag.py:4180} INFO - Setting next_dagrun for example_branch_labels to 2024-11-19 00:00:00+00:00, run_after=2024-11-20 00:00:00+00:00
[2024-11-20T01:00:39.787+0000] {processor.py:208} INFO - Processing /home/ubuntu/airflow_venv/lib/python3.12/site-packages/airflow/example_dags/example_branch_labels.py took 0.076 seconds
[2024-11-20T01:01:44.157+0000] {processor.py:186} INFO - Started process (PID=5852) to work on /home/ubuntu/airflow_venv/lib/python3.12/site-packages/airflow/example_dags/example_branch_labels.py
[2024-11-20T01:01:44.158+0000] {processor.py:914} INFO - Processing file /home/ubuntu/airflow_venv/lib/python3.12/site-packages/airflow/example_dags/example_branch_labels.py for tasks to queue
[2024-11-20T01:01:44.160+0000] {logging_mixin.py:190} INFO - [2024-11-20T01:01:44.159+0000] {dagbag.py:588} INFO - Filling up the DagBag from /home/ubuntu/airflow_venv/lib/python3.12/site-packages/airflow/example_dags/example_branch_labels.py
[2024-11-20T01:01:44.169+0000] {processor.py:925} INFO - DAG(s) 'example_branch_labels' retrieved from /home/ubuntu/airflow_venv/lib/python3.12/site-packages/airflow/example_dags/example_branch_labels.py
[2024-11-20T01:01:44.185+0000] {logging_mixin.py:190} INFO - [2024-11-20T01:01:44.185+0000] {dag.py:3239} INFO - Sync 1 DAGs
[2024-11-20T01:01:44.205+0000] {logging_mixin.py:190} INFO - [2024-11-20T01:01:44.204+0000] {dag.py:4180} INFO - Setting next_dagrun for example_branch_labels to 2024-11-19 00:00:00+00:00, run_after=2024-11-20 00:00:00+00:00
[2024-11-20T01:01:44.227+0000] {processor.py:208} INFO - Processing /home/ubuntu/airflow_venv/lib/python3.12/site-packages/airflow/example_dags/example_branch_labels.py took 0.076 seconds
[2024-11-20T01:02:49.278+0000] {processor.py:186} INFO - Started process (PID=5919) to work on /home/ubuntu/airflow_venv/lib/python3.12/site-packages/airflow/example_dags/example_branch_labels.py
[2024-11-20T01:02:49.279+0000] {processor.py:914} INFO - Processing file /home/ubuntu/airflow_venv/lib/python3.12/site-packages/airflow/example_dags/example_branch_labels.py for tasks to queue
[2024-11-20T01:02:49.281+0000] {logging_mixin.py:190} INFO - [2024-11-20T01:02:49.281+0000] {dagbag.py:588} INFO - Filling up the DagBag from /home/ubuntu/airflow_venv/lib/python3.12/site-packages/airflow/example_dags/example_branch_labels.py
[2024-11-20T01:02:49.291+0000] {processor.py:925} INFO - DAG(s) 'example_branch_labels' retrieved from /home/ubuntu/airflow_venv/lib/python3.12/site-packages/airflow/example_dags/example_branch_labels.py
[2024-11-20T01:02:49.311+0000] {logging_mixin.py:190} INFO - [2024-11-20T01:02:49.310+0000] {dag.py:3239} INFO - Sync 1 DAGs
[2024-11-20T01:02:49.337+0000] {logging_mixin.py:190} INFO - [2024-11-20T01:02:49.336+0000] {dag.py:4180} INFO - Setting next_dagrun for example_branch_labels to 2024-11-19 00:00:00+00:00, run_after=2024-11-20 00:00:00+00:00
[2024-11-20T01:02:49.358+0000] {processor.py:208} INFO - Processing /home/ubuntu/airflow_venv/lib/python3.12/site-packages/airflow/example_dags/example_branch_labels.py took 0.087 seconds
[2024-11-20T01:03:45.766+0000] {processor.py:186} INFO - Started process (PID=5975) to work on /home/ubuntu/airflow_venv/lib/python3.12/site-packages/airflow/example_dags/example_branch_labels.py
[2024-11-20T01:03:45.768+0000] {processor.py:914} INFO - Processing file /home/ubuntu/airflow_venv/lib/python3.12/site-packages/airflow/example_dags/example_branch_labels.py for tasks to queue
[2024-11-20T01:03:45.769+0000] {logging_mixin.py:190} INFO - [2024-11-20T01:03:45.769+0000] {dagbag.py:588} INFO - Filling up the DagBag from /home/ubuntu/airflow_venv/lib/python3.12/site-packages/airflow/example_dags/example_branch_labels.py
[2024-11-20T01:03:45.780+0000] {processor.py:925} INFO - DAG(s) 'example_branch_labels' retrieved from /home/ubuntu/airflow_venv/lib/python3.12/site-packages/airflow/example_dags/example_branch_labels.py
[2024-11-20T01:03:45.795+0000] {logging_mixin.py:190} INFO - [2024-11-20T01:03:45.795+0000] {dag.py:3239} INFO - Sync 1 DAGs
[2024-11-20T01:03:45.816+0000] {logging_mixin.py:190} INFO - [2024-11-20T01:03:45.816+0000] {dag.py:4180} INFO - Setting next_dagrun for example_branch_labels to 2024-11-19 00:00:00+00:00, run_after=2024-11-20 00:00:00+00:00
[2024-11-20T01:03:45.838+0000] {processor.py:208} INFO - Processing /home/ubuntu/airflow_venv/lib/python3.12/site-packages/airflow/example_dags/example_branch_labels.py took 0.078 seconds
[2024-11-20T01:04:41.935+0000] {processor.py:186} INFO - Started process (PID=6034) to work on /home/ubuntu/airflow_venv/lib/python3.12/site-packages/airflow/example_dags/example_branch_labels.py
[2024-11-20T01:04:41.937+0000] {processor.py:914} INFO - Processing file /home/ubuntu/airflow_venv/lib/python3.12/site-packages/airflow/example_dags/example_branch_labels.py for tasks to queue
[2024-11-20T01:04:41.939+0000] {logging_mixin.py:190} INFO - [2024-11-20T01:04:41.938+0000] {dagbag.py:588} INFO - Filling up the DagBag from /home/ubuntu/airflow_venv/lib/python3.12/site-packages/airflow/example_dags/example_branch_labels.py
[2024-11-20T01:04:41.948+0000] {processor.py:925} INFO - DAG(s) 'example_branch_labels' retrieved from /home/ubuntu/airflow_venv/lib/python3.12/site-packages/airflow/example_dags/example_branch_labels.py
[2024-11-20T01:04:41.964+0000] {logging_mixin.py:190} INFO - [2024-11-20T01:04:41.963+0000] {dag.py:3239} INFO - Sync 1 DAGs
[2024-11-20T01:04:41.984+0000] {logging_mixin.py:190} INFO - [2024-11-20T01:04:41.984+0000] {dag.py:4180} INFO - Setting next_dagrun for example_branch_labels to 2024-11-19 00:00:00+00:00, run_after=2024-11-20 00:00:00+00:00
[2024-11-20T01:04:42.008+0000] {processor.py:208} INFO - Processing /home/ubuntu/airflow_venv/lib/python3.12/site-packages/airflow/example_dags/example_branch_labels.py took 0.079 seconds
[2024-11-20T01:05:37.677+0000] {processor.py:186} INFO - Started process (PID=6094) to work on /home/ubuntu/airflow_venv/lib/python3.12/site-packages/airflow/example_dags/example_branch_labels.py
[2024-11-20T01:05:37.679+0000] {processor.py:914} INFO - Processing file /home/ubuntu/airflow_venv/lib/python3.12/site-packages/airflow/example_dags/example_branch_labels.py for tasks to queue
[2024-11-20T01:05:37.681+0000] {logging_mixin.py:190} INFO - [2024-11-20T01:05:37.681+0000] {dagbag.py:588} INFO - Filling up the DagBag from /home/ubuntu/airflow_venv/lib/python3.12/site-packages/airflow/example_dags/example_branch_labels.py
[2024-11-20T01:05:37.690+0000] {processor.py:925} INFO - DAG(s) 'example_branch_labels' retrieved from /home/ubuntu/airflow_venv/lib/python3.12/site-packages/airflow/example_dags/example_branch_labels.py
[2024-11-20T01:05:37.706+0000] {logging_mixin.py:190} INFO - [2024-11-20T01:05:37.706+0000] {dag.py:3239} INFO - Sync 1 DAGs
[2024-11-20T01:05:37.725+0000] {logging_mixin.py:190} INFO - [2024-11-20T01:05:37.725+0000] {dag.py:4180} INFO - Setting next_dagrun for example_branch_labels to 2024-11-19 00:00:00+00:00, run_after=2024-11-20 00:00:00+00:00
[2024-11-20T01:05:37.748+0000] {processor.py:208} INFO - Processing /home/ubuntu/airflow_venv/lib/python3.12/site-packages/airflow/example_dags/example_branch_labels.py took 0.078 seconds
[2024-11-20T01:06:55.258+0000] {processor.py:186} INFO - Started process (PID=6175) to work on /home/ubuntu/airflow_venv/lib/python3.12/site-packages/airflow/example_dags/example_branch_labels.py
[2024-11-20T01:06:55.261+0000] {processor.py:914} INFO - Processing file /home/ubuntu/airflow_venv/lib/python3.12/site-packages/airflow/example_dags/example_branch_labels.py for tasks to queue
[2024-11-20T01:06:55.262+0000] {logging_mixin.py:190} INFO - [2024-11-20T01:06:55.262+0000] {dagbag.py:588} INFO - Filling up the DagBag from /home/ubuntu/airflow_venv/lib/python3.12/site-packages/airflow/example_dags/example_branch_labels.py
[2024-11-20T01:06:55.272+0000] {processor.py:925} INFO - DAG(s) 'example_branch_labels' retrieved from /home/ubuntu/airflow_venv/lib/python3.12/site-packages/airflow/example_dags/example_branch_labels.py
[2024-11-20T01:06:55.287+0000] {logging_mixin.py:190} INFO - [2024-11-20T01:06:55.287+0000] {dag.py:3239} INFO - Sync 1 DAGs
[2024-11-20T01:06:55.306+0000] {logging_mixin.py:190} INFO - [2024-11-20T01:06:55.306+0000] {dag.py:4180} INFO - Setting next_dagrun for example_branch_labels to 2024-11-19 00:00:00+00:00, run_after=2024-11-20 00:00:00+00:00
[2024-11-20T01:06:55.330+0000] {processor.py:208} INFO - Processing /home/ubuntu/airflow_venv/lib/python3.12/site-packages/airflow/example_dags/example_branch_labels.py took 0.077 seconds
[2024-11-20T01:07:48.624+0000] {processor.py:186} INFO - Started process (PID=6231) to work on /home/ubuntu/airflow_venv/lib/python3.12/site-packages/airflow/example_dags/example_branch_labels.py
[2024-11-20T01:07:48.627+0000] {processor.py:914} INFO - Processing file /home/ubuntu/airflow_venv/lib/python3.12/site-packages/airflow/example_dags/example_branch_labels.py for tasks to queue
[2024-11-20T01:07:48.629+0000] {logging_mixin.py:190} INFO - [2024-11-20T01:07:48.628+0000] {dagbag.py:588} INFO - Filling up the DagBag from /home/ubuntu/airflow_venv/lib/python3.12/site-packages/airflow/example_dags/example_branch_labels.py
[2024-11-20T01:07:48.638+0000] {processor.py:925} INFO - DAG(s) 'example_branch_labels' retrieved from /home/ubuntu/airflow_venv/lib/python3.12/site-packages/airflow/example_dags/example_branch_labels.py
[2024-11-20T01:07:48.653+0000] {logging_mixin.py:190} INFO - [2024-11-20T01:07:48.653+0000] {dag.py:3239} INFO - Sync 1 DAGs
[2024-11-20T01:07:48.672+0000] {logging_mixin.py:190} INFO - [2024-11-20T01:07:48.671+0000] {dag.py:4180} INFO - Setting next_dagrun for example_branch_labels to 2024-11-19 00:00:00+00:00, run_after=2024-11-20 00:00:00+00:00
[2024-11-20T01:07:48.693+0000] {processor.py:208} INFO - Processing /home/ubuntu/airflow_venv/lib/python3.12/site-packages/airflow/example_dags/example_branch_labels.py took 0.074 seconds
[2024-11-20T01:09:10.835+0000] {processor.py:186} INFO - Started process (PID=6312) to work on /home/ubuntu/airflow_venv/lib/python3.12/site-packages/airflow/example_dags/example_branch_labels.py
[2024-11-20T01:09:10.836+0000] {processor.py:914} INFO - Processing file /home/ubuntu/airflow_venv/lib/python3.12/site-packages/airflow/example_dags/example_branch_labels.py for tasks to queue
[2024-11-20T01:09:10.838+0000] {logging_mixin.py:190} INFO - [2024-11-20T01:09:10.838+0000] {dagbag.py:588} INFO - Filling up the DagBag from /home/ubuntu/airflow_venv/lib/python3.12/site-packages/airflow/example_dags/example_branch_labels.py
[2024-11-20T01:09:10.848+0000] {processor.py:925} INFO - DAG(s) 'example_branch_labels' retrieved from /home/ubuntu/airflow_venv/lib/python3.12/site-packages/airflow/example_dags/example_branch_labels.py
[2024-11-20T01:09:10.864+0000] {logging_mixin.py:190} INFO - [2024-11-20T01:09:10.863+0000] {dag.py:3239} INFO - Sync 1 DAGs
[2024-11-20T01:09:10.883+0000] {logging_mixin.py:190} INFO - [2024-11-20T01:09:10.883+0000] {dag.py:4180} INFO - Setting next_dagrun for example_branch_labels to 2024-11-19 00:00:00+00:00, run_after=2024-11-20 00:00:00+00:00
[2024-11-20T01:09:10.904+0000] {processor.py:208} INFO - Processing /home/ubuntu/airflow_venv/lib/python3.12/site-packages/airflow/example_dags/example_branch_labels.py took 0.076 seconds
[2024-11-20T01:10:09.239+0000] {processor.py:186} INFO - Started process (PID=6376) to work on /home/ubuntu/airflow_venv/lib/python3.12/site-packages/airflow/example_dags/example_branch_labels.py
[2024-11-20T01:10:09.241+0000] {processor.py:914} INFO - Processing file /home/ubuntu/airflow_venv/lib/python3.12/site-packages/airflow/example_dags/example_branch_labels.py for tasks to queue
[2024-11-20T01:10:09.243+0000] {logging_mixin.py:190} INFO - [2024-11-20T01:10:09.243+0000] {dagbag.py:588} INFO - Filling up the DagBag from /home/ubuntu/airflow_venv/lib/python3.12/site-packages/airflow/example_dags/example_branch_labels.py
[2024-11-20T01:10:09.253+0000] {processor.py:925} INFO - DAG(s) 'example_branch_labels' retrieved from /home/ubuntu/airflow_venv/lib/python3.12/site-packages/airflow/example_dags/example_branch_labels.py
[2024-11-20T01:10:09.268+0000] {logging_mixin.py:190} INFO - [2024-11-20T01:10:09.268+0000] {dag.py:3239} INFO - Sync 1 DAGs
[2024-11-20T01:10:09.288+0000] {logging_mixin.py:190} INFO - [2024-11-20T01:10:09.288+0000] {dag.py:4180} INFO - Setting next_dagrun for example_branch_labels to 2024-11-19 00:00:00+00:00, run_after=2024-11-20 00:00:00+00:00
[2024-11-20T01:10:09.310+0000] {processor.py:208} INFO - Processing /home/ubuntu/airflow_venv/lib/python3.12/site-packages/airflow/example_dags/example_branch_labels.py took 0.077 seconds
[2024-11-20T01:11:04.757+0000] {processor.py:186} INFO - Started process (PID=6434) to work on /home/ubuntu/airflow_venv/lib/python3.12/site-packages/airflow/example_dags/example_branch_labels.py
[2024-11-20T01:11:04.759+0000] {processor.py:914} INFO - Processing file /home/ubuntu/airflow_venv/lib/python3.12/site-packages/airflow/example_dags/example_branch_labels.py for tasks to queue
[2024-11-20T01:11:04.761+0000] {logging_mixin.py:190} INFO - [2024-11-20T01:11:04.760+0000] {dagbag.py:588} INFO - Filling up the DagBag from /home/ubuntu/airflow_venv/lib/python3.12/site-packages/airflow/example_dags/example_branch_labels.py
[2024-11-20T01:11:04.771+0000] {processor.py:925} INFO - DAG(s) 'example_branch_labels' retrieved from /home/ubuntu/airflow_venv/lib/python3.12/site-packages/airflow/example_dags/example_branch_labels.py
[2024-11-20T01:11:04.786+0000] {logging_mixin.py:190} INFO - [2024-11-20T01:11:04.786+0000] {dag.py:3239} INFO - Sync 1 DAGs
[2024-11-20T01:11:04.806+0000] {logging_mixin.py:190} INFO - [2024-11-20T01:11:04.806+0000] {dag.py:4180} INFO - Setting next_dagrun for example_branch_labels to 2024-11-19 00:00:00+00:00, run_after=2024-11-20 00:00:00+00:00
[2024-11-20T01:11:04.828+0000] {processor.py:208} INFO - Processing /home/ubuntu/airflow_venv/lib/python3.12/site-packages/airflow/example_dags/example_branch_labels.py took 0.077 seconds
[2024-11-20T01:11:59.421+0000] {processor.py:186} INFO - Started process (PID=6490) to work on /home/ubuntu/airflow_venv/lib/python3.12/site-packages/airflow/example_dags/example_branch_labels.py
[2024-11-20T01:11:59.423+0000] {processor.py:914} INFO - Processing file /home/ubuntu/airflow_venv/lib/python3.12/site-packages/airflow/example_dags/example_branch_labels.py for tasks to queue
[2024-11-20T01:11:59.424+0000] {logging_mixin.py:190} INFO - [2024-11-20T01:11:59.424+0000] {dagbag.py:588} INFO - Filling up the DagBag from /home/ubuntu/airflow_venv/lib/python3.12/site-packages/airflow/example_dags/example_branch_labels.py
[2024-11-20T01:11:59.435+0000] {processor.py:925} INFO - DAG(s) 'example_branch_labels' retrieved from /home/ubuntu/airflow_venv/lib/python3.12/site-packages/airflow/example_dags/example_branch_labels.py
[2024-11-20T01:11:59.451+0000] {logging_mixin.py:190} INFO - [2024-11-20T01:11:59.450+0000] {dag.py:3239} INFO - Sync 1 DAGs
[2024-11-20T01:11:59.470+0000] {logging_mixin.py:190} INFO - [2024-11-20T01:11:59.470+0000] {dag.py:4180} INFO - Setting next_dagrun for example_branch_labels to 2024-11-19 00:00:00+00:00, run_after=2024-11-20 00:00:00+00:00
[2024-11-20T01:11:59.494+0000] {processor.py:208} INFO - Processing /home/ubuntu/airflow_venv/lib/python3.12/site-packages/airflow/example_dags/example_branch_labels.py took 0.080 seconds
