[2024-11-20T00:16:54.422+0000] {processor.py:186} INFO - Started process (PID=2073) to work on /home/ubuntu/airflow_venv/lib/python3.12/site-packages/airflow/example_dags/example_complex.py
[2024-11-20T00:16:54.423+0000] {processor.py:914} INFO - Processing file /home/ubuntu/airflow_venv/lib/python3.12/site-packages/airflow/example_dags/example_complex.py for tasks to queue
[2024-11-20T00:16:54.424+0000] {logging_mixin.py:190} INFO - [2024-11-20T00:16:54.424+0000] {dagbag.py:588} INFO - Filling up the DagBag from /home/ubuntu/airflow_venv/lib/python3.12/site-packages/airflow/example_dags/example_complex.py
[2024-11-20T00:16:54.437+0000] {processor.py:925} INFO - DAG(s) 'example_complex' retrieved from /home/ubuntu/airflow_venv/lib/python3.12/site-packages/airflow/example_dags/example_complex.py
[2024-11-20T00:16:54.462+0000] {logging_mixin.py:190} INFO - [2024-11-20T00:16:54.462+0000] {dag.py:3239} INFO - Sync 1 DAGs
[2024-11-20T00:16:54.473+0000] {logging_mixin.py:190} INFO - [2024-11-20T00:16:54.473+0000] {dag.py:4180} INFO - Setting next_dagrun for example_complex to None, run_after=None
[2024-11-20T00:16:54.497+0000] {processor.py:208} INFO - Processing /home/ubuntu/airflow_venv/lib/python3.12/site-packages/airflow/example_dags/example_complex.py took 0.080 seconds
[2024-11-20T00:17:53.845+0000] {processor.py:186} INFO - Started process (PID=2138) to work on /home/ubuntu/airflow_venv/lib/python3.12/site-packages/airflow/example_dags/example_complex.py
[2024-11-20T00:17:53.847+0000] {processor.py:914} INFO - Processing file /home/ubuntu/airflow_venv/lib/python3.12/site-packages/airflow/example_dags/example_complex.py for tasks to queue
[2024-11-20T00:17:53.849+0000] {logging_mixin.py:190} INFO - [2024-11-20T00:17:53.848+0000] {dagbag.py:588} INFO - Filling up the DagBag from /home/ubuntu/airflow_venv/lib/python3.12/site-packages/airflow/example_dags/example_complex.py
[2024-11-20T00:17:53.860+0000] {processor.py:925} INFO - DAG(s) 'example_complex' retrieved from /home/ubuntu/airflow_venv/lib/python3.12/site-packages/airflow/example_dags/example_complex.py
[2024-11-20T00:17:53.886+0000] {logging_mixin.py:190} INFO - [2024-11-20T00:17:53.886+0000] {dag.py:3239} INFO - Sync 1 DAGs
[2024-11-20T00:17:53.907+0000] {logging_mixin.py:190} INFO - [2024-11-20T00:17:53.907+0000] {dag.py:4180} INFO - Setting next_dagrun for example_complex to None, run_after=None
[2024-11-20T00:17:53.940+0000] {processor.py:208} INFO - Processing /home/ubuntu/airflow_venv/lib/python3.12/site-packages/airflow/example_dags/example_complex.py took 0.100 seconds
[2024-11-20T00:18:48.094+0000] {processor.py:186} INFO - Started process (PID=2196) to work on /home/ubuntu/airflow_venv/lib/python3.12/site-packages/airflow/example_dags/example_complex.py
[2024-11-20T00:18:48.096+0000] {processor.py:914} INFO - Processing file /home/ubuntu/airflow_venv/lib/python3.12/site-packages/airflow/example_dags/example_complex.py for tasks to queue
[2024-11-20T00:18:48.098+0000] {logging_mixin.py:190} INFO - [2024-11-20T00:18:48.097+0000] {dagbag.py:588} INFO - Filling up the DagBag from /home/ubuntu/airflow_venv/lib/python3.12/site-packages/airflow/example_dags/example_complex.py
[2024-11-20T00:18:48.109+0000] {processor.py:925} INFO - DAG(s) 'example_complex' retrieved from /home/ubuntu/airflow_venv/lib/python3.12/site-packages/airflow/example_dags/example_complex.py
[2024-11-20T00:18:48.133+0000] {logging_mixin.py:190} INFO - [2024-11-20T00:18:48.133+0000] {dag.py:3239} INFO - Sync 1 DAGs
[2024-11-20T00:18:48.144+0000] {logging_mixin.py:190} INFO - [2024-11-20T00:18:48.144+0000] {dag.py:4180} INFO - Setting next_dagrun for example_complex to None, run_after=None
[2024-11-20T00:18:48.165+0000] {processor.py:208} INFO - Processing /home/ubuntu/airflow_venv/lib/python3.12/site-packages/airflow/example_dags/example_complex.py took 0.076 seconds
[2024-11-20T00:20:05.163+0000] {processor.py:186} INFO - Started process (PID=2278) to work on /home/ubuntu/airflow_venv/lib/python3.12/site-packages/airflow/example_dags/example_complex.py
[2024-11-20T00:20:05.164+0000] {processor.py:914} INFO - Processing file /home/ubuntu/airflow_venv/lib/python3.12/site-packages/airflow/example_dags/example_complex.py for tasks to queue
[2024-11-20T00:20:05.166+0000] {logging_mixin.py:190} INFO - [2024-11-20T00:20:05.165+0000] {dagbag.py:588} INFO - Filling up the DagBag from /home/ubuntu/airflow_venv/lib/python3.12/site-packages/airflow/example_dags/example_complex.py
[2024-11-20T00:20:05.178+0000] {processor.py:925} INFO - DAG(s) 'example_complex' retrieved from /home/ubuntu/airflow_venv/lib/python3.12/site-packages/airflow/example_dags/example_complex.py
[2024-11-20T00:20:05.202+0000] {logging_mixin.py:190} INFO - [2024-11-20T00:20:05.202+0000] {dag.py:3239} INFO - Sync 1 DAGs
[2024-11-20T00:20:05.214+0000] {logging_mixin.py:190} INFO - [2024-11-20T00:20:05.214+0000] {dag.py:4180} INFO - Setting next_dagrun for example_complex to None, run_after=None
[2024-11-20T00:20:05.237+0000] {processor.py:208} INFO - Processing /home/ubuntu/airflow_venv/lib/python3.12/site-packages/airflow/example_dags/example_complex.py took 0.079 seconds
[2024-11-20T00:21:29.037+0000] {processor.py:186} INFO - Started process (PID=2363) to work on /home/ubuntu/airflow_venv/lib/python3.12/site-packages/airflow/example_dags/example_complex.py
[2024-11-20T00:21:29.038+0000] {processor.py:914} INFO - Processing file /home/ubuntu/airflow_venv/lib/python3.12/site-packages/airflow/example_dags/example_complex.py for tasks to queue
[2024-11-20T00:21:29.041+0000] {logging_mixin.py:190} INFO - [2024-11-20T00:21:29.040+0000] {dagbag.py:588} INFO - Filling up the DagBag from /home/ubuntu/airflow_venv/lib/python3.12/site-packages/airflow/example_dags/example_complex.py
[2024-11-20T00:21:29.184+0000] {processor.py:925} INFO - DAG(s) 'example_complex' retrieved from /home/ubuntu/airflow_venv/lib/python3.12/site-packages/airflow/example_dags/example_complex.py
[2024-11-20T00:21:29.205+0000] {logging_mixin.py:190} INFO - [2024-11-20T00:21:29.205+0000] {dag.py:3239} INFO - Sync 1 DAGs
[2024-11-20T00:21:29.215+0000] {logging_mixin.py:190} INFO - [2024-11-20T00:21:29.214+0000] {dag.py:4180} INFO - Setting next_dagrun for example_complex to None, run_after=None
[2024-11-20T00:21:29.236+0000] {processor.py:208} INFO - Processing /home/ubuntu/airflow_venv/lib/python3.12/site-packages/airflow/example_dags/example_complex.py took 0.205 seconds
[2024-11-20T00:22:29.185+0000] {processor.py:186} INFO - Started process (PID=2427) to work on /home/ubuntu/airflow_venv/lib/python3.12/site-packages/airflow/example_dags/example_complex.py
[2024-11-20T00:22:29.187+0000] {processor.py:914} INFO - Processing file /home/ubuntu/airflow_venv/lib/python3.12/site-packages/airflow/example_dags/example_complex.py for tasks to queue
[2024-11-20T00:22:29.189+0000] {logging_mixin.py:190} INFO - [2024-11-20T00:22:29.189+0000] {dagbag.py:588} INFO - Filling up the DagBag from /home/ubuntu/airflow_venv/lib/python3.12/site-packages/airflow/example_dags/example_complex.py
[2024-11-20T00:22:29.201+0000] {processor.py:925} INFO - DAG(s) 'example_complex' retrieved from /home/ubuntu/airflow_venv/lib/python3.12/site-packages/airflow/example_dags/example_complex.py
[2024-11-20T00:22:29.226+0000] {logging_mixin.py:190} INFO - [2024-11-20T00:22:29.226+0000] {dag.py:3239} INFO - Sync 1 DAGs
[2024-11-20T00:22:29.236+0000] {logging_mixin.py:190} INFO - [2024-11-20T00:22:29.236+0000] {dag.py:4180} INFO - Setting next_dagrun for example_complex to None, run_after=None
[2024-11-20T00:22:29.258+0000] {processor.py:208} INFO - Processing /home/ubuntu/airflow_venv/lib/python3.12/site-packages/airflow/example_dags/example_complex.py took 0.078 seconds
[2024-11-20T00:23:24.027+0000] {processor.py:186} INFO - Started process (PID=2483) to work on /home/ubuntu/airflow_venv/lib/python3.12/site-packages/airflow/example_dags/example_complex.py
[2024-11-20T00:23:24.029+0000] {processor.py:914} INFO - Processing file /home/ubuntu/airflow_venv/lib/python3.12/site-packages/airflow/example_dags/example_complex.py for tasks to queue
[2024-11-20T00:23:24.031+0000] {logging_mixin.py:190} INFO - [2024-11-20T00:23:24.031+0000] {dagbag.py:588} INFO - Filling up the DagBag from /home/ubuntu/airflow_venv/lib/python3.12/site-packages/airflow/example_dags/example_complex.py
[2024-11-20T00:23:24.043+0000] {processor.py:925} INFO - DAG(s) 'example_complex' retrieved from /home/ubuntu/airflow_venv/lib/python3.12/site-packages/airflow/example_dags/example_complex.py
[2024-11-20T00:23:24.066+0000] {logging_mixin.py:190} INFO - [2024-11-20T00:23:24.066+0000] {dag.py:3239} INFO - Sync 1 DAGs
[2024-11-20T00:23:24.078+0000] {logging_mixin.py:190} INFO - [2024-11-20T00:23:24.078+0000] {dag.py:4180} INFO - Setting next_dagrun for example_complex to None, run_after=None
[2024-11-20T00:23:24.102+0000] {processor.py:208} INFO - Processing /home/ubuntu/airflow_venv/lib/python3.12/site-packages/airflow/example_dags/example_complex.py took 0.079 seconds
[2024-11-20T00:24:21.430+0000] {processor.py:186} INFO - Started process (PID=2541) to work on /home/ubuntu/airflow_venv/lib/python3.12/site-packages/airflow/example_dags/example_complex.py
[2024-11-20T00:24:21.431+0000] {processor.py:914} INFO - Processing file /home/ubuntu/airflow_venv/lib/python3.12/site-packages/airflow/example_dags/example_complex.py for tasks to queue
[2024-11-20T00:24:21.434+0000] {logging_mixin.py:190} INFO - [2024-11-20T00:24:21.433+0000] {dagbag.py:588} INFO - Filling up the DagBag from /home/ubuntu/airflow_venv/lib/python3.12/site-packages/airflow/example_dags/example_complex.py
[2024-11-20T00:24:21.446+0000] {processor.py:925} INFO - DAG(s) 'example_complex' retrieved from /home/ubuntu/airflow_venv/lib/python3.12/site-packages/airflow/example_dags/example_complex.py
[2024-11-20T00:24:21.470+0000] {logging_mixin.py:190} INFO - [2024-11-20T00:24:21.470+0000] {dag.py:3239} INFO - Sync 1 DAGs
[2024-11-20T00:24:21.481+0000] {logging_mixin.py:190} INFO - [2024-11-20T00:24:21.481+0000] {dag.py:4180} INFO - Setting next_dagrun for example_complex to None, run_after=None
[2024-11-20T00:24:21.507+0000] {processor.py:208} INFO - Processing /home/ubuntu/airflow_venv/lib/python3.12/site-packages/airflow/example_dags/example_complex.py took 0.082 seconds
[2024-11-20T00:25:42.702+0000] {processor.py:186} INFO - Started process (PID=2628) to work on /home/ubuntu/airflow_venv/lib/python3.12/site-packages/airflow/example_dags/example_complex.py
[2024-11-20T00:25:42.703+0000] {processor.py:914} INFO - Processing file /home/ubuntu/airflow_venv/lib/python3.12/site-packages/airflow/example_dags/example_complex.py for tasks to queue
[2024-11-20T00:25:42.706+0000] {logging_mixin.py:190} INFO - [2024-11-20T00:25:42.705+0000] {dagbag.py:588} INFO - Filling up the DagBag from /home/ubuntu/airflow_venv/lib/python3.12/site-packages/airflow/example_dags/example_complex.py
[2024-11-20T00:25:42.718+0000] {processor.py:925} INFO - DAG(s) 'example_complex' retrieved from /home/ubuntu/airflow_venv/lib/python3.12/site-packages/airflow/example_dags/example_complex.py
[2024-11-20T00:25:42.742+0000] {logging_mixin.py:190} INFO - [2024-11-20T00:25:42.742+0000] {dag.py:3239} INFO - Sync 1 DAGs
[2024-11-20T00:25:42.754+0000] {logging_mixin.py:190} INFO - [2024-11-20T00:25:42.754+0000] {dag.py:4180} INFO - Setting next_dagrun for example_complex to None, run_after=None
[2024-11-20T00:25:42.779+0000] {processor.py:208} INFO - Processing /home/ubuntu/airflow_venv/lib/python3.12/site-packages/airflow/example_dags/example_complex.py took 0.083 seconds
[2024-11-20T00:27:22.333+0000] {processor.py:186} INFO - Started process (PID=2752) to work on /home/ubuntu/airflow_venv/lib/python3.12/site-packages/airflow/example_dags/example_complex.py
[2024-11-20T00:27:22.334+0000] {processor.py:914} INFO - Processing file /home/ubuntu/airflow_venv/lib/python3.12/site-packages/airflow/example_dags/example_complex.py for tasks to queue
[2024-11-20T00:27:22.337+0000] {logging_mixin.py:190} INFO - [2024-11-20T00:27:22.336+0000] {dagbag.py:588} INFO - Filling up the DagBag from /home/ubuntu/airflow_venv/lib/python3.12/site-packages/airflow/example_dags/example_complex.py
[2024-11-20T00:27:22.349+0000] {processor.py:925} INFO - DAG(s) 'example_complex' retrieved from /home/ubuntu/airflow_venv/lib/python3.12/site-packages/airflow/example_dags/example_complex.py
[2024-11-20T00:27:22.373+0000] {logging_mixin.py:190} INFO - [2024-11-20T00:27:22.373+0000] {dag.py:3239} INFO - Sync 1 DAGs
[2024-11-20T00:27:22.385+0000] {logging_mixin.py:190} INFO - [2024-11-20T00:27:22.385+0000] {dag.py:4180} INFO - Setting next_dagrun for example_complex to None, run_after=None
[2024-11-20T00:27:22.408+0000] {processor.py:208} INFO - Processing /home/ubuntu/airflow_venv/lib/python3.12/site-packages/airflow/example_dags/example_complex.py took 0.081 seconds
[2024-11-20T00:28:26.769+0000] {processor.py:186} INFO - Started process (PID=2845) to work on /home/ubuntu/airflow_venv/lib/python3.12/site-packages/airflow/example_dags/example_complex.py
[2024-11-20T00:28:26.771+0000] {processor.py:914} INFO - Processing file /home/ubuntu/airflow_venv/lib/python3.12/site-packages/airflow/example_dags/example_complex.py for tasks to queue
[2024-11-20T00:28:26.773+0000] {logging_mixin.py:190} INFO - [2024-11-20T00:28:26.773+0000] {dagbag.py:588} INFO - Filling up the DagBag from /home/ubuntu/airflow_venv/lib/python3.12/site-packages/airflow/example_dags/example_complex.py
[2024-11-20T00:28:26.786+0000] {processor.py:925} INFO - DAG(s) 'example_complex' retrieved from /home/ubuntu/airflow_venv/lib/python3.12/site-packages/airflow/example_dags/example_complex.py
[2024-11-20T00:28:26.810+0000] {logging_mixin.py:190} INFO - [2024-11-20T00:28:26.810+0000] {dag.py:3239} INFO - Sync 1 DAGs
[2024-11-20T00:28:26.822+0000] {logging_mixin.py:190} INFO - [2024-11-20T00:28:26.821+0000] {dag.py:4180} INFO - Setting next_dagrun for example_complex to None, run_after=None
[2024-11-20T00:28:26.847+0000] {processor.py:208} INFO - Processing /home/ubuntu/airflow_venv/lib/python3.12/site-packages/airflow/example_dags/example_complex.py took 0.085 seconds
[2024-11-20T00:29:58.872+0000] {processor.py:186} INFO - Started process (PID=3039) to work on /home/ubuntu/airflow_venv/lib/python3.12/site-packages/airflow/example_dags/example_complex.py
[2024-11-20T00:29:58.874+0000] {processor.py:914} INFO - Processing file /home/ubuntu/airflow_venv/lib/python3.12/site-packages/airflow/example_dags/example_complex.py for tasks to queue
[2024-11-20T00:29:58.875+0000] {logging_mixin.py:190} INFO - [2024-11-20T00:29:58.875+0000] {dagbag.py:588} INFO - Filling up the DagBag from /home/ubuntu/airflow_venv/lib/python3.12/site-packages/airflow/example_dags/example_complex.py
[2024-11-20T00:29:58.887+0000] {processor.py:925} INFO - DAG(s) 'example_complex' retrieved from /home/ubuntu/airflow_venv/lib/python3.12/site-packages/airflow/example_dags/example_complex.py
[2024-11-20T00:29:58.912+0000] {logging_mixin.py:190} INFO - [2024-11-20T00:29:58.912+0000] {dag.py:3239} INFO - Sync 1 DAGs
[2024-11-20T00:29:58.923+0000] {logging_mixin.py:190} INFO - [2024-11-20T00:29:58.923+0000] {dag.py:4180} INFO - Setting next_dagrun for example_complex to None, run_after=None
[2024-11-20T00:29:58.947+0000] {processor.py:208} INFO - Processing /home/ubuntu/airflow_venv/lib/python3.12/site-packages/airflow/example_dags/example_complex.py took 0.080 seconds
[2024-11-20T00:31:21.049+0000] {processor.py:186} INFO - Started process (PID=3235) to work on /home/ubuntu/airflow_venv/lib/python3.12/site-packages/airflow/example_dags/example_complex.py
[2024-11-20T00:31:21.050+0000] {processor.py:914} INFO - Processing file /home/ubuntu/airflow_venv/lib/python3.12/site-packages/airflow/example_dags/example_complex.py for tasks to queue
[2024-11-20T00:31:21.051+0000] {logging_mixin.py:190} INFO - [2024-11-20T00:31:21.051+0000] {dagbag.py:588} INFO - Filling up the DagBag from /home/ubuntu/airflow_venv/lib/python3.12/site-packages/airflow/example_dags/example_complex.py
[2024-11-20T00:31:21.063+0000] {processor.py:925} INFO - DAG(s) 'example_complex' retrieved from /home/ubuntu/airflow_venv/lib/python3.12/site-packages/airflow/example_dags/example_complex.py
[2024-11-20T00:31:21.087+0000] {logging_mixin.py:190} INFO - [2024-11-20T00:31:21.086+0000] {dag.py:3239} INFO - Sync 1 DAGs
[2024-11-20T00:31:21.099+0000] {logging_mixin.py:190} INFO - [2024-11-20T00:31:21.099+0000] {dag.py:4180} INFO - Setting next_dagrun for example_complex to None, run_after=None
[2024-11-20T00:31:21.119+0000] {processor.py:208} INFO - Processing /home/ubuntu/airflow_venv/lib/python3.12/site-packages/airflow/example_dags/example_complex.py took 0.076 seconds
[2024-11-20T00:32:14.756+0000] {processor.py:186} INFO - Started process (PID=3323) to work on /home/ubuntu/airflow_venv/lib/python3.12/site-packages/airflow/example_dags/example_complex.py
[2024-11-20T00:32:14.758+0000] {processor.py:914} INFO - Processing file /home/ubuntu/airflow_venv/lib/python3.12/site-packages/airflow/example_dags/example_complex.py for tasks to queue
[2024-11-20T00:32:14.759+0000] {logging_mixin.py:190} INFO - [2024-11-20T00:32:14.758+0000] {dagbag.py:588} INFO - Filling up the DagBag from /home/ubuntu/airflow_venv/lib/python3.12/site-packages/airflow/example_dags/example_complex.py
[2024-11-20T00:32:14.770+0000] {processor.py:925} INFO - DAG(s) 'example_complex' retrieved from /home/ubuntu/airflow_venv/lib/python3.12/site-packages/airflow/example_dags/example_complex.py
[2024-11-20T00:32:14.794+0000] {logging_mixin.py:190} INFO - [2024-11-20T00:32:14.794+0000] {dag.py:3239} INFO - Sync 1 DAGs
[2024-11-20T00:32:14.807+0000] {logging_mixin.py:190} INFO - [2024-11-20T00:32:14.807+0000] {dag.py:4180} INFO - Setting next_dagrun for example_complex to None, run_after=None
[2024-11-20T00:32:14.831+0000] {processor.py:208} INFO - Processing /home/ubuntu/airflow_venv/lib/python3.12/site-packages/airflow/example_dags/example_complex.py took 0.080 seconds
[2024-11-20T00:33:36.280+0000] {processor.py:186} INFO - Started process (PID=3942) to work on /home/ubuntu/airflow_venv/lib/python3.12/site-packages/airflow/example_dags/example_complex.py
[2024-11-20T00:33:36.283+0000] {processor.py:914} INFO - Processing file /home/ubuntu/airflow_venv/lib/python3.12/site-packages/airflow/example_dags/example_complex.py for tasks to queue
[2024-11-20T00:33:36.285+0000] {logging_mixin.py:190} INFO - [2024-11-20T00:33:36.285+0000] {dagbag.py:588} INFO - Filling up the DagBag from /home/ubuntu/airflow_venv/lib/python3.12/site-packages/airflow/example_dags/example_complex.py
[2024-11-20T00:33:36.309+0000] {processor.py:925} INFO - DAG(s) 'example_complex' retrieved from /home/ubuntu/airflow_venv/lib/python3.12/site-packages/airflow/example_dags/example_complex.py
[2024-11-20T00:33:36.335+0000] {logging_mixin.py:190} INFO - [2024-11-20T00:33:36.334+0000] {dag.py:3239} INFO - Sync 1 DAGs
[2024-11-20T00:33:36.346+0000] {logging_mixin.py:190} INFO - [2024-11-20T00:33:36.346+0000] {dag.py:4180} INFO - Setting next_dagrun for example_complex to None, run_after=None
[2024-11-20T00:33:36.368+0000] {processor.py:208} INFO - Processing /home/ubuntu/airflow_venv/lib/python3.12/site-packages/airflow/example_dags/example_complex.py took 0.095 seconds
[2024-11-20T00:34:43.263+0000] {processor.py:186} INFO - Started process (PID=4052) to work on /home/ubuntu/airflow_venv/lib/python3.12/site-packages/airflow/example_dags/example_complex.py
[2024-11-20T00:34:43.265+0000] {processor.py:914} INFO - Processing file /home/ubuntu/airflow_venv/lib/python3.12/site-packages/airflow/example_dags/example_complex.py for tasks to queue
[2024-11-20T00:34:43.267+0000] {logging_mixin.py:190} INFO - [2024-11-20T00:34:43.266+0000] {dagbag.py:588} INFO - Filling up the DagBag from /home/ubuntu/airflow_venv/lib/python3.12/site-packages/airflow/example_dags/example_complex.py
[2024-11-20T00:34:43.278+0000] {processor.py:925} INFO - DAG(s) 'example_complex' retrieved from /home/ubuntu/airflow_venv/lib/python3.12/site-packages/airflow/example_dags/example_complex.py
[2024-11-20T00:34:43.303+0000] {logging_mixin.py:190} INFO - [2024-11-20T00:34:43.303+0000] {dag.py:3239} INFO - Sync 1 DAGs
[2024-11-20T00:34:43.314+0000] {logging_mixin.py:190} INFO - [2024-11-20T00:34:43.314+0000] {dag.py:4180} INFO - Setting next_dagrun for example_complex to None, run_after=None
[2024-11-20T00:34:43.335+0000] {processor.py:208} INFO - Processing /home/ubuntu/airflow_venv/lib/python3.12/site-packages/airflow/example_dags/example_complex.py took 0.079 seconds
[2024-11-20T00:35:40.194+0000] {processor.py:186} INFO - Started process (PID=4139) to work on /home/ubuntu/airflow_venv/lib/python3.12/site-packages/airflow/example_dags/example_complex.py
[2024-11-20T00:35:40.195+0000] {processor.py:914} INFO - Processing file /home/ubuntu/airflow_venv/lib/python3.12/site-packages/airflow/example_dags/example_complex.py for tasks to queue
[2024-11-20T00:35:40.196+0000] {logging_mixin.py:190} INFO - [2024-11-20T00:35:40.196+0000] {dagbag.py:588} INFO - Filling up the DagBag from /home/ubuntu/airflow_venv/lib/python3.12/site-packages/airflow/example_dags/example_complex.py
[2024-11-20T00:35:40.208+0000] {processor.py:925} INFO - DAG(s) 'example_complex' retrieved from /home/ubuntu/airflow_venv/lib/python3.12/site-packages/airflow/example_dags/example_complex.py
[2024-11-20T00:35:40.234+0000] {logging_mixin.py:190} INFO - [2024-11-20T00:35:40.233+0000] {dag.py:3239} INFO - Sync 1 DAGs
[2024-11-20T00:35:40.245+0000] {logging_mixin.py:190} INFO - [2024-11-20T00:35:40.245+0000] {dag.py:4180} INFO - Setting next_dagrun for example_complex to None, run_after=None
[2024-11-20T00:35:40.267+0000] {processor.py:208} INFO - Processing /home/ubuntu/airflow_venv/lib/python3.12/site-packages/airflow/example_dags/example_complex.py took 0.081 seconds
[2024-11-20T00:37:00.233+0000] {processor.py:186} INFO - Started process (PID=4221) to work on /home/ubuntu/airflow_venv/lib/python3.12/site-packages/airflow/example_dags/example_complex.py
[2024-11-20T00:37:00.234+0000] {processor.py:914} INFO - Processing file /home/ubuntu/airflow_venv/lib/python3.12/site-packages/airflow/example_dags/example_complex.py for tasks to queue
[2024-11-20T00:37:00.235+0000] {logging_mixin.py:190} INFO - [2024-11-20T00:37:00.235+0000] {dagbag.py:588} INFO - Filling up the DagBag from /home/ubuntu/airflow_venv/lib/python3.12/site-packages/airflow/example_dags/example_complex.py
[2024-11-20T00:37:00.247+0000] {processor.py:925} INFO - DAG(s) 'example_complex' retrieved from /home/ubuntu/airflow_venv/lib/python3.12/site-packages/airflow/example_dags/example_complex.py
[2024-11-20T00:37:00.271+0000] {logging_mixin.py:190} INFO - [2024-11-20T00:37:00.271+0000] {dag.py:3239} INFO - Sync 1 DAGs
[2024-11-20T00:37:00.283+0000] {logging_mixin.py:190} INFO - [2024-11-20T00:37:00.283+0000] {dag.py:4180} INFO - Setting next_dagrun for example_complex to None, run_after=None
[2024-11-20T00:37:00.305+0000] {processor.py:208} INFO - Processing /home/ubuntu/airflow_venv/lib/python3.12/site-packages/airflow/example_dags/example_complex.py took 0.079 seconds
[2024-11-20T00:37:57.139+0000] {processor.py:186} INFO - Started process (PID=4305) to work on /home/ubuntu/airflow_venv/lib/python3.12/site-packages/airflow/example_dags/example_complex.py
[2024-11-20T00:37:57.141+0000] {processor.py:914} INFO - Processing file /home/ubuntu/airflow_venv/lib/python3.12/site-packages/airflow/example_dags/example_complex.py for tasks to queue
[2024-11-20T00:37:57.142+0000] {logging_mixin.py:190} INFO - [2024-11-20T00:37:57.142+0000] {dagbag.py:588} INFO - Filling up the DagBag from /home/ubuntu/airflow_venv/lib/python3.12/site-packages/airflow/example_dags/example_complex.py
[2024-11-20T00:37:57.154+0000] {processor.py:925} INFO - DAG(s) 'example_complex' retrieved from /home/ubuntu/airflow_venv/lib/python3.12/site-packages/airflow/example_dags/example_complex.py
[2024-11-20T00:37:57.179+0000] {logging_mixin.py:190} INFO - [2024-11-20T00:37:57.179+0000] {dag.py:3239} INFO - Sync 1 DAGs
[2024-11-20T00:37:57.190+0000] {logging_mixin.py:190} INFO - [2024-11-20T00:37:57.190+0000] {dag.py:4180} INFO - Setting next_dagrun for example_complex to None, run_after=None
[2024-11-20T00:37:57.212+0000] {processor.py:208} INFO - Processing /home/ubuntu/airflow_venv/lib/python3.12/site-packages/airflow/example_dags/example_complex.py took 0.079 seconds
[2024-11-20T00:38:53.566+0000] {processor.py:186} INFO - Started process (PID=4364) to work on /home/ubuntu/airflow_venv/lib/python3.12/site-packages/airflow/example_dags/example_complex.py
[2024-11-20T00:38:53.568+0000] {processor.py:914} INFO - Processing file /home/ubuntu/airflow_venv/lib/python3.12/site-packages/airflow/example_dags/example_complex.py for tasks to queue
[2024-11-20T00:38:53.570+0000] {logging_mixin.py:190} INFO - [2024-11-20T00:38:53.570+0000] {dagbag.py:588} INFO - Filling up the DagBag from /home/ubuntu/airflow_venv/lib/python3.12/site-packages/airflow/example_dags/example_complex.py
[2024-11-20T00:38:53.581+0000] {processor.py:925} INFO - DAG(s) 'example_complex' retrieved from /home/ubuntu/airflow_venv/lib/python3.12/site-packages/airflow/example_dags/example_complex.py
[2024-11-20T00:38:53.607+0000] {logging_mixin.py:190} INFO - [2024-11-20T00:38:53.607+0000] {dag.py:3239} INFO - Sync 1 DAGs
[2024-11-20T00:38:53.619+0000] {logging_mixin.py:190} INFO - [2024-11-20T00:38:53.619+0000] {dag.py:4180} INFO - Setting next_dagrun for example_complex to None, run_after=None
[2024-11-20T00:38:53.641+0000] {processor.py:208} INFO - Processing /home/ubuntu/airflow_venv/lib/python3.12/site-packages/airflow/example_dags/example_complex.py took 0.083 seconds
[2024-11-20T00:40:25.135+0000] {processor.py:186} INFO - Started process (PID=4490) to work on /home/ubuntu/airflow_venv/lib/python3.12/site-packages/airflow/example_dags/example_complex.py
[2024-11-20T00:40:25.137+0000] {processor.py:914} INFO - Processing file /home/ubuntu/airflow_venv/lib/python3.12/site-packages/airflow/example_dags/example_complex.py for tasks to queue
[2024-11-20T00:40:25.138+0000] {logging_mixin.py:190} INFO - [2024-11-20T00:40:25.137+0000] {dagbag.py:588} INFO - Filling up the DagBag from /home/ubuntu/airflow_venv/lib/python3.12/site-packages/airflow/example_dags/example_complex.py
[2024-11-20T00:40:25.150+0000] {processor.py:925} INFO - DAG(s) 'example_complex' retrieved from /home/ubuntu/airflow_venv/lib/python3.12/site-packages/airflow/example_dags/example_complex.py
[2024-11-20T00:40:25.175+0000] {logging_mixin.py:190} INFO - [2024-11-20T00:40:25.175+0000] {dag.py:3239} INFO - Sync 1 DAGs
[2024-11-20T00:40:25.187+0000] {logging_mixin.py:190} INFO - [2024-11-20T00:40:25.186+0000] {dag.py:4180} INFO - Setting next_dagrun for example_complex to None, run_after=None
[2024-11-20T00:40:25.208+0000] {processor.py:208} INFO - Processing /home/ubuntu/airflow_venv/lib/python3.12/site-packages/airflow/example_dags/example_complex.py took 0.078 seconds
[2024-11-20T00:41:20.634+0000] {processor.py:186} INFO - Started process (PID=4551) to work on /home/ubuntu/airflow_venv/lib/python3.12/site-packages/airflow/example_dags/example_complex.py
[2024-11-20T00:41:20.636+0000] {processor.py:914} INFO - Processing file /home/ubuntu/airflow_venv/lib/python3.12/site-packages/airflow/example_dags/example_complex.py for tasks to queue
[2024-11-20T00:41:20.637+0000] {logging_mixin.py:190} INFO - [2024-11-20T00:41:20.637+0000] {dagbag.py:588} INFO - Filling up the DagBag from /home/ubuntu/airflow_venv/lib/python3.12/site-packages/airflow/example_dags/example_complex.py
[2024-11-20T00:41:20.651+0000] {processor.py:925} INFO - DAG(s) 'example_complex' retrieved from /home/ubuntu/airflow_venv/lib/python3.12/site-packages/airflow/example_dags/example_complex.py
[2024-11-20T00:41:20.676+0000] {logging_mixin.py:190} INFO - [2024-11-20T00:41:20.676+0000] {dag.py:3239} INFO - Sync 1 DAGs
[2024-11-20T00:41:20.687+0000] {logging_mixin.py:190} INFO - [2024-11-20T00:41:20.687+0000] {dag.py:4180} INFO - Setting next_dagrun for example_complex to None, run_after=None
[2024-11-20T00:41:20.709+0000] {processor.py:208} INFO - Processing /home/ubuntu/airflow_venv/lib/python3.12/site-packages/airflow/example_dags/example_complex.py took 0.080 seconds
[2024-11-20T00:42:39.056+0000] {processor.py:186} INFO - Started process (PID=4631) to work on /home/ubuntu/airflow_venv/lib/python3.12/site-packages/airflow/example_dags/example_complex.py
[2024-11-20T00:42:39.058+0000] {processor.py:914} INFO - Processing file /home/ubuntu/airflow_venv/lib/python3.12/site-packages/airflow/example_dags/example_complex.py for tasks to queue
[2024-11-20T00:42:39.060+0000] {logging_mixin.py:190} INFO - [2024-11-20T00:42:39.059+0000] {dagbag.py:588} INFO - Filling up the DagBag from /home/ubuntu/airflow_venv/lib/python3.12/site-packages/airflow/example_dags/example_complex.py
[2024-11-20T00:42:39.071+0000] {processor.py:925} INFO - DAG(s) 'example_complex' retrieved from /home/ubuntu/airflow_venv/lib/python3.12/site-packages/airflow/example_dags/example_complex.py
[2024-11-20T00:42:39.095+0000] {logging_mixin.py:190} INFO - [2024-11-20T00:42:39.095+0000] {dag.py:3239} INFO - Sync 1 DAGs
[2024-11-20T00:42:39.107+0000] {logging_mixin.py:190} INFO - [2024-11-20T00:42:39.106+0000] {dag.py:4180} INFO - Setting next_dagrun for example_complex to None, run_after=None
[2024-11-20T00:42:39.130+0000] {processor.py:208} INFO - Processing /home/ubuntu/airflow_venv/lib/python3.12/site-packages/airflow/example_dags/example_complex.py took 0.081 seconds
[2024-11-20T00:43:37.127+0000] {processor.py:186} INFO - Started process (PID=4691) to work on /home/ubuntu/airflow_venv/lib/python3.12/site-packages/airflow/example_dags/example_complex.py
[2024-11-20T00:43:37.128+0000] {processor.py:914} INFO - Processing file /home/ubuntu/airflow_venv/lib/python3.12/site-packages/airflow/example_dags/example_complex.py for tasks to queue
[2024-11-20T00:43:37.130+0000] {logging_mixin.py:190} INFO - [2024-11-20T00:43:37.129+0000] {dagbag.py:588} INFO - Filling up the DagBag from /home/ubuntu/airflow_venv/lib/python3.12/site-packages/airflow/example_dags/example_complex.py
[2024-11-20T00:43:37.142+0000] {processor.py:925} INFO - DAG(s) 'example_complex' retrieved from /home/ubuntu/airflow_venv/lib/python3.12/site-packages/airflow/example_dags/example_complex.py
[2024-11-20T00:43:37.166+0000] {logging_mixin.py:190} INFO - [2024-11-20T00:43:37.166+0000] {dag.py:3239} INFO - Sync 1 DAGs
[2024-11-20T00:43:37.178+0000] {logging_mixin.py:190} INFO - [2024-11-20T00:43:37.178+0000] {dag.py:4180} INFO - Setting next_dagrun for example_complex to None, run_after=None
[2024-11-20T00:43:37.201+0000] {processor.py:208} INFO - Processing /home/ubuntu/airflow_venv/lib/python3.12/site-packages/airflow/example_dags/example_complex.py took 0.081 seconds
[2024-11-20T00:44:57.986+0000] {processor.py:186} INFO - Started process (PID=4774) to work on /home/ubuntu/airflow_venv/lib/python3.12/site-packages/airflow/example_dags/example_complex.py
[2024-11-20T00:44:57.989+0000] {processor.py:914} INFO - Processing file /home/ubuntu/airflow_venv/lib/python3.12/site-packages/airflow/example_dags/example_complex.py for tasks to queue
[2024-11-20T00:44:57.990+0000] {logging_mixin.py:190} INFO - [2024-11-20T00:44:57.989+0000] {dagbag.py:588} INFO - Filling up the DagBag from /home/ubuntu/airflow_venv/lib/python3.12/site-packages/airflow/example_dags/example_complex.py
[2024-11-20T00:44:58.002+0000] {processor.py:925} INFO - DAG(s) 'example_complex' retrieved from /home/ubuntu/airflow_venv/lib/python3.12/site-packages/airflow/example_dags/example_complex.py
[2024-11-20T00:44:58.026+0000] {logging_mixin.py:190} INFO - [2024-11-20T00:44:58.026+0000] {dag.py:3239} INFO - Sync 1 DAGs
[2024-11-20T00:44:58.038+0000] {logging_mixin.py:190} INFO - [2024-11-20T00:44:58.038+0000] {dag.py:4180} INFO - Setting next_dagrun for example_complex to None, run_after=None
[2024-11-20T00:44:58.060+0000] {processor.py:208} INFO - Processing /home/ubuntu/airflow_venv/lib/python3.12/site-packages/airflow/example_dags/example_complex.py took 0.081 seconds
[2024-11-20T00:46:18.730+0000] {processor.py:186} INFO - Started process (PID=4862) to work on /home/ubuntu/airflow_venv/lib/python3.12/site-packages/airflow/example_dags/example_complex.py
[2024-11-20T00:46:18.731+0000] {processor.py:914} INFO - Processing file /home/ubuntu/airflow_venv/lib/python3.12/site-packages/airflow/example_dags/example_complex.py for tasks to queue
[2024-11-20T00:46:18.733+0000] {logging_mixin.py:190} INFO - [2024-11-20T00:46:18.732+0000] {dagbag.py:588} INFO - Filling up the DagBag from /home/ubuntu/airflow_venv/lib/python3.12/site-packages/airflow/example_dags/example_complex.py
[2024-11-20T00:46:18.745+0000] {processor.py:925} INFO - DAG(s) 'example_complex' retrieved from /home/ubuntu/airflow_venv/lib/python3.12/site-packages/airflow/example_dags/example_complex.py
[2024-11-20T00:46:18.769+0000] {logging_mixin.py:190} INFO - [2024-11-20T00:46:18.768+0000] {dag.py:3239} INFO - Sync 1 DAGs
[2024-11-20T00:46:18.787+0000] {logging_mixin.py:190} INFO - [2024-11-20T00:46:18.787+0000] {dag.py:4180} INFO - Setting next_dagrun for example_complex to None, run_after=None
[2024-11-20T00:46:18.814+0000] {processor.py:208} INFO - Processing /home/ubuntu/airflow_venv/lib/python3.12/site-packages/airflow/example_dags/example_complex.py took 0.091 seconds
[2024-11-20T00:47:36.650+0000] {processor.py:186} INFO - Started process (PID=4943) to work on /home/ubuntu/airflow_venv/lib/python3.12/site-packages/airflow/example_dags/example_complex.py
[2024-11-20T00:47:36.652+0000] {processor.py:914} INFO - Processing file /home/ubuntu/airflow_venv/lib/python3.12/site-packages/airflow/example_dags/example_complex.py for tasks to queue
[2024-11-20T00:47:36.653+0000] {logging_mixin.py:190} INFO - [2024-11-20T00:47:36.652+0000] {dagbag.py:588} INFO - Filling up the DagBag from /home/ubuntu/airflow_venv/lib/python3.12/site-packages/airflow/example_dags/example_complex.py
[2024-11-20T00:47:36.665+0000] {processor.py:925} INFO - DAG(s) 'example_complex' retrieved from /home/ubuntu/airflow_venv/lib/python3.12/site-packages/airflow/example_dags/example_complex.py
[2024-11-20T00:47:36.688+0000] {logging_mixin.py:190} INFO - [2024-11-20T00:47:36.688+0000] {dag.py:3239} INFO - Sync 1 DAGs
[2024-11-20T00:47:36.701+0000] {logging_mixin.py:190} INFO - [2024-11-20T00:47:36.701+0000] {dag.py:4180} INFO - Setting next_dagrun for example_complex to None, run_after=None
[2024-11-20T00:47:36.723+0000] {processor.py:208} INFO - Processing /home/ubuntu/airflow_venv/lib/python3.12/site-packages/airflow/example_dags/example_complex.py took 0.079 seconds
[2024-11-20T00:48:58.739+0000] {processor.py:186} INFO - Started process (PID=5026) to work on /home/ubuntu/airflow_venv/lib/python3.12/site-packages/airflow/example_dags/example_complex.py
[2024-11-20T00:48:58.741+0000] {processor.py:914} INFO - Processing file /home/ubuntu/airflow_venv/lib/python3.12/site-packages/airflow/example_dags/example_complex.py for tasks to queue
[2024-11-20T00:48:58.743+0000] {logging_mixin.py:190} INFO - [2024-11-20T00:48:58.743+0000] {dagbag.py:588} INFO - Filling up the DagBag from /home/ubuntu/airflow_venv/lib/python3.12/site-packages/airflow/example_dags/example_complex.py
[2024-11-20T00:48:58.765+0000] {processor.py:925} INFO - DAG(s) 'example_complex' retrieved from /home/ubuntu/airflow_venv/lib/python3.12/site-packages/airflow/example_dags/example_complex.py
[2024-11-20T00:48:58.790+0000] {logging_mixin.py:190} INFO - [2024-11-20T00:48:58.790+0000] {dag.py:3239} INFO - Sync 1 DAGs
[2024-11-20T00:48:58.803+0000] {logging_mixin.py:190} INFO - [2024-11-20T00:48:58.803+0000] {dag.py:4180} INFO - Setting next_dagrun for example_complex to None, run_after=None
[2024-11-20T00:48:58.825+0000] {processor.py:208} INFO - Processing /home/ubuntu/airflow_venv/lib/python3.12/site-packages/airflow/example_dags/example_complex.py took 0.094 seconds
[2024-11-20T00:50:17.590+0000] {processor.py:186} INFO - Started process (PID=5111) to work on /home/ubuntu/airflow_venv/lib/python3.12/site-packages/airflow/example_dags/example_complex.py
[2024-11-20T00:50:17.591+0000] {processor.py:914} INFO - Processing file /home/ubuntu/airflow_venv/lib/python3.12/site-packages/airflow/example_dags/example_complex.py for tasks to queue
[2024-11-20T00:50:17.593+0000] {logging_mixin.py:190} INFO - [2024-11-20T00:50:17.592+0000] {dagbag.py:588} INFO - Filling up the DagBag from /home/ubuntu/airflow_venv/lib/python3.12/site-packages/airflow/example_dags/example_complex.py
[2024-11-20T00:50:17.605+0000] {processor.py:925} INFO - DAG(s) 'example_complex' retrieved from /home/ubuntu/airflow_venv/lib/python3.12/site-packages/airflow/example_dags/example_complex.py
[2024-11-20T00:50:17.630+0000] {logging_mixin.py:190} INFO - [2024-11-20T00:50:17.630+0000] {dag.py:3239} INFO - Sync 1 DAGs
[2024-11-20T00:50:17.641+0000] {logging_mixin.py:190} INFO - [2024-11-20T00:50:17.641+0000] {dag.py:4180} INFO - Setting next_dagrun for example_complex to None, run_after=None
[2024-11-20T00:50:17.663+0000] {processor.py:208} INFO - Processing /home/ubuntu/airflow_venv/lib/python3.12/site-packages/airflow/example_dags/example_complex.py took 0.080 seconds
[2024-11-20T00:51:42.690+0000] {processor.py:186} INFO - Started process (PID=5199) to work on /home/ubuntu/airflow_venv/lib/python3.12/site-packages/airflow/example_dags/example_complex.py
[2024-11-20T00:51:42.691+0000] {processor.py:914} INFO - Processing file /home/ubuntu/airflow_venv/lib/python3.12/site-packages/airflow/example_dags/example_complex.py for tasks to queue
[2024-11-20T00:51:42.693+0000] {logging_mixin.py:190} INFO - [2024-11-20T00:51:42.692+0000] {dagbag.py:588} INFO - Filling up the DagBag from /home/ubuntu/airflow_venv/lib/python3.12/site-packages/airflow/example_dags/example_complex.py
[2024-11-20T00:51:42.705+0000] {processor.py:925} INFO - DAG(s) 'example_complex' retrieved from /home/ubuntu/airflow_venv/lib/python3.12/site-packages/airflow/example_dags/example_complex.py
[2024-11-20T00:51:42.728+0000] {logging_mixin.py:190} INFO - [2024-11-20T00:51:42.728+0000] {dag.py:3239} INFO - Sync 1 DAGs
[2024-11-20T00:51:42.740+0000] {logging_mixin.py:190} INFO - [2024-11-20T00:51:42.740+0000] {dag.py:4180} INFO - Setting next_dagrun for example_complex to None, run_after=None
[2024-11-20T00:51:42.764+0000] {processor.py:208} INFO - Processing /home/ubuntu/airflow_venv/lib/python3.12/site-packages/airflow/example_dags/example_complex.py took 0.082 seconds
[2024-11-20T00:52:39.907+0000] {processor.py:186} INFO - Started process (PID=5258) to work on /home/ubuntu/airflow_venv/lib/python3.12/site-packages/airflow/example_dags/example_complex.py
[2024-11-20T00:52:39.910+0000] {processor.py:914} INFO - Processing file /home/ubuntu/airflow_venv/lib/python3.12/site-packages/airflow/example_dags/example_complex.py for tasks to queue
[2024-11-20T00:52:39.911+0000] {logging_mixin.py:190} INFO - [2024-11-20T00:52:39.910+0000] {dagbag.py:588} INFO - Filling up the DagBag from /home/ubuntu/airflow_venv/lib/python3.12/site-packages/airflow/example_dags/example_complex.py
[2024-11-20T00:52:39.923+0000] {processor.py:925} INFO - DAG(s) 'example_complex' retrieved from /home/ubuntu/airflow_venv/lib/python3.12/site-packages/airflow/example_dags/example_complex.py
[2024-11-20T00:52:39.947+0000] {logging_mixin.py:190} INFO - [2024-11-20T00:52:39.946+0000] {dag.py:3239} INFO - Sync 1 DAGs
[2024-11-20T00:52:39.958+0000] {logging_mixin.py:190} INFO - [2024-11-20T00:52:39.958+0000] {dag.py:4180} INFO - Setting next_dagrun for example_complex to None, run_after=None
[2024-11-20T00:52:39.980+0000] {processor.py:208} INFO - Processing /home/ubuntu/airflow_venv/lib/python3.12/site-packages/airflow/example_dags/example_complex.py took 0.080 seconds
[2024-11-20T00:53:37.503+0000] {processor.py:186} INFO - Started process (PID=5315) to work on /home/ubuntu/airflow_venv/lib/python3.12/site-packages/airflow/example_dags/example_complex.py
[2024-11-20T00:53:37.505+0000] {processor.py:914} INFO - Processing file /home/ubuntu/airflow_venv/lib/python3.12/site-packages/airflow/example_dags/example_complex.py for tasks to queue
[2024-11-20T00:53:37.507+0000] {logging_mixin.py:190} INFO - [2024-11-20T00:53:37.506+0000] {dagbag.py:588} INFO - Filling up the DagBag from /home/ubuntu/airflow_venv/lib/python3.12/site-packages/airflow/example_dags/example_complex.py
[2024-11-20T00:53:37.519+0000] {processor.py:925} INFO - DAG(s) 'example_complex' retrieved from /home/ubuntu/airflow_venv/lib/python3.12/site-packages/airflow/example_dags/example_complex.py
[2024-11-20T00:53:37.550+0000] {logging_mixin.py:190} INFO - [2024-11-20T00:53:37.549+0000] {dag.py:3239} INFO - Sync 1 DAGs
[2024-11-20T00:53:37.561+0000] {logging_mixin.py:190} INFO - [2024-11-20T00:53:37.561+0000] {dag.py:4180} INFO - Setting next_dagrun for example_complex to None, run_after=None
[2024-11-20T00:53:37.584+0000] {processor.py:208} INFO - Processing /home/ubuntu/airflow_venv/lib/python3.12/site-packages/airflow/example_dags/example_complex.py took 0.087 seconds
[2024-11-20T00:54:54.843+0000] {processor.py:186} INFO - Started process (PID=5409) to work on /home/ubuntu/airflow_venv/lib/python3.12/site-packages/airflow/example_dags/example_complex.py
[2024-11-20T00:54:54.844+0000] {processor.py:914} INFO - Processing file /home/ubuntu/airflow_venv/lib/python3.12/site-packages/airflow/example_dags/example_complex.py for tasks to queue
[2024-11-20T00:54:54.845+0000] {logging_mixin.py:190} INFO - [2024-11-20T00:54:54.845+0000] {dagbag.py:588} INFO - Filling up the DagBag from /home/ubuntu/airflow_venv/lib/python3.12/site-packages/airflow/example_dags/example_complex.py
[2024-11-20T00:54:54.858+0000] {processor.py:925} INFO - DAG(s) 'example_complex' retrieved from /home/ubuntu/airflow_venv/lib/python3.12/site-packages/airflow/example_dags/example_complex.py
[2024-11-20T00:54:54.883+0000] {logging_mixin.py:190} INFO - [2024-11-20T00:54:54.883+0000] {dag.py:3239} INFO - Sync 1 DAGs
[2024-11-20T00:54:54.894+0000] {logging_mixin.py:190} INFO - [2024-11-20T00:54:54.894+0000] {dag.py:4180} INFO - Setting next_dagrun for example_complex to None, run_after=None
[2024-11-20T00:54:54.916+0000] {processor.py:208} INFO - Processing /home/ubuntu/airflow_venv/lib/python3.12/site-packages/airflow/example_dags/example_complex.py took 0.079 seconds
[2024-11-20T00:56:13.559+0000] {processor.py:186} INFO - Started process (PID=5496) to work on /home/ubuntu/airflow_venv/lib/python3.12/site-packages/airflow/example_dags/example_complex.py
[2024-11-20T00:56:13.561+0000] {processor.py:914} INFO - Processing file /home/ubuntu/airflow_venv/lib/python3.12/site-packages/airflow/example_dags/example_complex.py for tasks to queue
[2024-11-20T00:56:13.562+0000] {logging_mixin.py:190} INFO - [2024-11-20T00:56:13.561+0000] {dagbag.py:588} INFO - Filling up the DagBag from /home/ubuntu/airflow_venv/lib/python3.12/site-packages/airflow/example_dags/example_complex.py
[2024-11-20T00:56:13.575+0000] {processor.py:925} INFO - DAG(s) 'example_complex' retrieved from /home/ubuntu/airflow_venv/lib/python3.12/site-packages/airflow/example_dags/example_complex.py
[2024-11-20T00:56:13.600+0000] {logging_mixin.py:190} INFO - [2024-11-20T00:56:13.599+0000] {dag.py:3239} INFO - Sync 1 DAGs
[2024-11-20T00:56:13.611+0000] {logging_mixin.py:190} INFO - [2024-11-20T00:56:13.611+0000] {dag.py:4180} INFO - Setting next_dagrun for example_complex to None, run_after=None
[2024-11-20T00:56:13.635+0000] {processor.py:208} INFO - Processing /home/ubuntu/airflow_venv/lib/python3.12/site-packages/airflow/example_dags/example_complex.py took 0.082 seconds
[2024-11-20T00:57:08.941+0000] {processor.py:186} INFO - Started process (PID=5554) to work on /home/ubuntu/airflow_venv/lib/python3.12/site-packages/airflow/example_dags/example_complex.py
[2024-11-20T00:57:08.942+0000] {processor.py:914} INFO - Processing file /home/ubuntu/airflow_venv/lib/python3.12/site-packages/airflow/example_dags/example_complex.py for tasks to queue
[2024-11-20T00:57:08.943+0000] {logging_mixin.py:190} INFO - [2024-11-20T00:57:08.942+0000] {dagbag.py:588} INFO - Filling up the DagBag from /home/ubuntu/airflow_venv/lib/python3.12/site-packages/airflow/example_dags/example_complex.py
[2024-11-20T00:57:08.955+0000] {processor.py:925} INFO - DAG(s) 'example_complex' retrieved from /home/ubuntu/airflow_venv/lib/python3.12/site-packages/airflow/example_dags/example_complex.py
[2024-11-20T00:57:08.980+0000] {logging_mixin.py:190} INFO - [2024-11-20T00:57:08.979+0000] {dag.py:3239} INFO - Sync 1 DAGs
[2024-11-20T00:57:08.992+0000] {logging_mixin.py:190} INFO - [2024-11-20T00:57:08.992+0000] {dag.py:4180} INFO - Setting next_dagrun for example_complex to None, run_after=None
[2024-11-20T00:57:09.013+0000] {processor.py:208} INFO - Processing /home/ubuntu/airflow_venv/lib/python3.12/site-packages/airflow/example_dags/example_complex.py took 0.080 seconds
[2024-11-20T00:58:27.454+0000] {processor.py:186} INFO - Started process (PID=5637) to work on /home/ubuntu/airflow_venv/lib/python3.12/site-packages/airflow/example_dags/example_complex.py
[2024-11-20T00:58:27.456+0000] {processor.py:914} INFO - Processing file /home/ubuntu/airflow_venv/lib/python3.12/site-packages/airflow/example_dags/example_complex.py for tasks to queue
[2024-11-20T00:58:27.457+0000] {logging_mixin.py:190} INFO - [2024-11-20T00:58:27.456+0000] {dagbag.py:588} INFO - Filling up the DagBag from /home/ubuntu/airflow_venv/lib/python3.12/site-packages/airflow/example_dags/example_complex.py
[2024-11-20T00:58:27.468+0000] {processor.py:925} INFO - DAG(s) 'example_complex' retrieved from /home/ubuntu/airflow_venv/lib/python3.12/site-packages/airflow/example_dags/example_complex.py
[2024-11-20T00:58:27.492+0000] {logging_mixin.py:190} INFO - [2024-11-20T00:58:27.492+0000] {dag.py:3239} INFO - Sync 1 DAGs
[2024-11-20T00:58:27.505+0000] {logging_mixin.py:190} INFO - [2024-11-20T00:58:27.505+0000] {dag.py:4180} INFO - Setting next_dagrun for example_complex to None, run_after=None
[2024-11-20T00:58:27.527+0000] {processor.py:208} INFO - Processing /home/ubuntu/airflow_venv/lib/python3.12/site-packages/airflow/example_dags/example_complex.py took 0.081 seconds
[2024-11-20T00:59:46.426+0000] {processor.py:186} INFO - Started process (PID=5723) to work on /home/ubuntu/airflow_venv/lib/python3.12/site-packages/airflow/example_dags/example_complex.py
[2024-11-20T00:59:46.427+0000] {processor.py:914} INFO - Processing file /home/ubuntu/airflow_venv/lib/python3.12/site-packages/airflow/example_dags/example_complex.py for tasks to queue
[2024-11-20T00:59:46.428+0000] {logging_mixin.py:190} INFO - [2024-11-20T00:59:46.428+0000] {dagbag.py:588} INFO - Filling up the DagBag from /home/ubuntu/airflow_venv/lib/python3.12/site-packages/airflow/example_dags/example_complex.py
[2024-11-20T00:59:46.440+0000] {processor.py:925} INFO - DAG(s) 'example_complex' retrieved from /home/ubuntu/airflow_venv/lib/python3.12/site-packages/airflow/example_dags/example_complex.py
[2024-11-20T00:59:46.465+0000] {logging_mixin.py:190} INFO - [2024-11-20T00:59:46.465+0000] {dag.py:3239} INFO - Sync 1 DAGs
[2024-11-20T00:59:46.478+0000] {logging_mixin.py:190} INFO - [2024-11-20T00:59:46.477+0000] {dag.py:4180} INFO - Setting next_dagrun for example_complex to None, run_after=None
[2024-11-20T00:59:46.499+0000] {processor.py:208} INFO - Processing /home/ubuntu/airflow_venv/lib/python3.12/site-packages/airflow/example_dags/example_complex.py took 0.079 seconds
[2024-11-20T01:01:09.895+0000] {processor.py:186} INFO - Started process (PID=5812) to work on /home/ubuntu/airflow_venv/lib/python3.12/site-packages/airflow/example_dags/example_complex.py
[2024-11-20T01:01:09.897+0000] {processor.py:914} INFO - Processing file /home/ubuntu/airflow_venv/lib/python3.12/site-packages/airflow/example_dags/example_complex.py for tasks to queue
[2024-11-20T01:01:09.898+0000] {logging_mixin.py:190} INFO - [2024-11-20T01:01:09.898+0000] {dagbag.py:588} INFO - Filling up the DagBag from /home/ubuntu/airflow_venv/lib/python3.12/site-packages/airflow/example_dags/example_complex.py
[2024-11-20T01:01:09.910+0000] {processor.py:925} INFO - DAG(s) 'example_complex' retrieved from /home/ubuntu/airflow_venv/lib/python3.12/site-packages/airflow/example_dags/example_complex.py
[2024-11-20T01:01:09.934+0000] {logging_mixin.py:190} INFO - [2024-11-20T01:01:09.933+0000] {dag.py:3239} INFO - Sync 1 DAGs
[2024-11-20T01:01:09.956+0000] {logging_mixin.py:190} INFO - [2024-11-20T01:01:09.956+0000] {dag.py:4180} INFO - Setting next_dagrun for example_complex to None, run_after=None
[2024-11-20T01:01:09.979+0000] {processor.py:208} INFO - Processing /home/ubuntu/airflow_venv/lib/python3.12/site-packages/airflow/example_dags/example_complex.py took 0.091 seconds
[2024-11-20T01:02:21.821+0000] {processor.py:186} INFO - Started process (PID=5891) to work on /home/ubuntu/airflow_venv/lib/python3.12/site-packages/airflow/example_dags/example_complex.py
[2024-11-20T01:02:21.823+0000] {processor.py:914} INFO - Processing file /home/ubuntu/airflow_venv/lib/python3.12/site-packages/airflow/example_dags/example_complex.py for tasks to queue
[2024-11-20T01:02:21.825+0000] {logging_mixin.py:190} INFO - [2024-11-20T01:02:21.824+0000] {dagbag.py:588} INFO - Filling up the DagBag from /home/ubuntu/airflow_venv/lib/python3.12/site-packages/airflow/example_dags/example_complex.py
[2024-11-20T01:02:21.836+0000] {processor.py:925} INFO - DAG(s) 'example_complex' retrieved from /home/ubuntu/airflow_venv/lib/python3.12/site-packages/airflow/example_dags/example_complex.py
[2024-11-20T01:02:21.860+0000] {logging_mixin.py:190} INFO - [2024-11-20T01:02:21.860+0000] {dag.py:3239} INFO - Sync 1 DAGs
[2024-11-20T01:02:21.873+0000] {logging_mixin.py:190} INFO - [2024-11-20T01:02:21.873+0000] {dag.py:4180} INFO - Setting next_dagrun for example_complex to None, run_after=None
[2024-11-20T01:02:21.895+0000] {processor.py:208} INFO - Processing /home/ubuntu/airflow_venv/lib/python3.12/site-packages/airflow/example_dags/example_complex.py took 0.080 seconds
[2024-11-20T01:03:18.441+0000] {processor.py:186} INFO - Started process (PID=5949) to work on /home/ubuntu/airflow_venv/lib/python3.12/site-packages/airflow/example_dags/example_complex.py
[2024-11-20T01:03:18.443+0000] {processor.py:914} INFO - Processing file /home/ubuntu/airflow_venv/lib/python3.12/site-packages/airflow/example_dags/example_complex.py for tasks to queue
[2024-11-20T01:03:18.445+0000] {logging_mixin.py:190} INFO - [2024-11-20T01:03:18.445+0000] {dagbag.py:588} INFO - Filling up the DagBag from /home/ubuntu/airflow_venv/lib/python3.12/site-packages/airflow/example_dags/example_complex.py
[2024-11-20T01:03:18.457+0000] {processor.py:925} INFO - DAG(s) 'example_complex' retrieved from /home/ubuntu/airflow_venv/lib/python3.12/site-packages/airflow/example_dags/example_complex.py
[2024-11-20T01:03:18.482+0000] {logging_mixin.py:190} INFO - [2024-11-20T01:03:18.482+0000] {dag.py:3239} INFO - Sync 1 DAGs
[2024-11-20T01:03:18.495+0000] {logging_mixin.py:190} INFO - [2024-11-20T01:03:18.495+0000] {dag.py:4180} INFO - Setting next_dagrun for example_complex to None, run_after=None
[2024-11-20T01:03:18.518+0000] {processor.py:208} INFO - Processing /home/ubuntu/airflow_venv/lib/python3.12/site-packages/airflow/example_dags/example_complex.py took 0.083 seconds
[2024-11-20T01:04:13.136+0000] {processor.py:186} INFO - Started process (PID=6007) to work on /home/ubuntu/airflow_venv/lib/python3.12/site-packages/airflow/example_dags/example_complex.py
[2024-11-20T01:04:13.138+0000] {processor.py:914} INFO - Processing file /home/ubuntu/airflow_venv/lib/python3.12/site-packages/airflow/example_dags/example_complex.py for tasks to queue
[2024-11-20T01:04:13.139+0000] {logging_mixin.py:190} INFO - [2024-11-20T01:04:13.139+0000] {dagbag.py:588} INFO - Filling up the DagBag from /home/ubuntu/airflow_venv/lib/python3.12/site-packages/airflow/example_dags/example_complex.py
[2024-11-20T01:04:13.152+0000] {processor.py:925} INFO - DAG(s) 'example_complex' retrieved from /home/ubuntu/airflow_venv/lib/python3.12/site-packages/airflow/example_dags/example_complex.py
[2024-11-20T01:04:13.176+0000] {logging_mixin.py:190} INFO - [2024-11-20T01:04:13.176+0000] {dag.py:3239} INFO - Sync 1 DAGs
[2024-11-20T01:04:13.188+0000] {logging_mixin.py:190} INFO - [2024-11-20T01:04:13.187+0000] {dag.py:4180} INFO - Setting next_dagrun for example_complex to None, run_after=None
[2024-11-20T01:04:13.210+0000] {processor.py:208} INFO - Processing /home/ubuntu/airflow_venv/lib/python3.12/site-packages/airflow/example_dags/example_complex.py took 0.081 seconds
[2024-11-20T01:05:11.209+0000] {processor.py:186} INFO - Started process (PID=6067) to work on /home/ubuntu/airflow_venv/lib/python3.12/site-packages/airflow/example_dags/example_complex.py
[2024-11-20T01:05:11.211+0000] {processor.py:914} INFO - Processing file /home/ubuntu/airflow_venv/lib/python3.12/site-packages/airflow/example_dags/example_complex.py for tasks to queue
[2024-11-20T01:05:11.212+0000] {logging_mixin.py:190} INFO - [2024-11-20T01:05:11.212+0000] {dagbag.py:588} INFO - Filling up the DagBag from /home/ubuntu/airflow_venv/lib/python3.12/site-packages/airflow/example_dags/example_complex.py
[2024-11-20T01:05:11.224+0000] {processor.py:925} INFO - DAG(s) 'example_complex' retrieved from /home/ubuntu/airflow_venv/lib/python3.12/site-packages/airflow/example_dags/example_complex.py
[2024-11-20T01:05:11.248+0000] {logging_mixin.py:190} INFO - [2024-11-20T01:05:11.248+0000] {dag.py:3239} INFO - Sync 1 DAGs
[2024-11-20T01:05:11.261+0000] {logging_mixin.py:190} INFO - [2024-11-20T01:05:11.261+0000] {dag.py:4180} INFO - Setting next_dagrun for example_complex to None, run_after=None
[2024-11-20T01:05:11.282+0000] {processor.py:208} INFO - Processing /home/ubuntu/airflow_venv/lib/python3.12/site-packages/airflow/example_dags/example_complex.py took 0.080 seconds
[2024-11-20T01:06:30.514+0000] {processor.py:186} INFO - Started process (PID=6149) to work on /home/ubuntu/airflow_venv/lib/python3.12/site-packages/airflow/example_dags/example_complex.py
[2024-11-20T01:06:30.516+0000] {processor.py:914} INFO - Processing file /home/ubuntu/airflow_venv/lib/python3.12/site-packages/airflow/example_dags/example_complex.py for tasks to queue
[2024-11-20T01:06:30.517+0000] {logging_mixin.py:190} INFO - [2024-11-20T01:06:30.517+0000] {dagbag.py:588} INFO - Filling up the DagBag from /home/ubuntu/airflow_venv/lib/python3.12/site-packages/airflow/example_dags/example_complex.py
[2024-11-20T01:06:30.530+0000] {processor.py:925} INFO - DAG(s) 'example_complex' retrieved from /home/ubuntu/airflow_venv/lib/python3.12/site-packages/airflow/example_dags/example_complex.py
[2024-11-20T01:06:30.554+0000] {logging_mixin.py:190} INFO - [2024-11-20T01:06:30.554+0000] {dag.py:3239} INFO - Sync 1 DAGs
[2024-11-20T01:06:30.566+0000] {logging_mixin.py:190} INFO - [2024-11-20T01:06:30.566+0000] {dag.py:4180} INFO - Setting next_dagrun for example_complex to None, run_after=None
[2024-11-20T01:06:30.587+0000] {processor.py:208} INFO - Processing /home/ubuntu/airflow_venv/lib/python3.12/site-packages/airflow/example_dags/example_complex.py took 0.081 seconds
[2024-11-20T01:07:49.213+0000] {processor.py:186} INFO - Started process (PID=6232) to work on /home/ubuntu/airflow_venv/lib/python3.12/site-packages/airflow/example_dags/example_complex.py
[2024-11-20T01:07:49.215+0000] {processor.py:914} INFO - Processing file /home/ubuntu/airflow_venv/lib/python3.12/site-packages/airflow/example_dags/example_complex.py for tasks to queue
[2024-11-20T01:07:49.216+0000] {logging_mixin.py:190} INFO - [2024-11-20T01:07:49.216+0000] {dagbag.py:588} INFO - Filling up the DagBag from /home/ubuntu/airflow_venv/lib/python3.12/site-packages/airflow/example_dags/example_complex.py
[2024-11-20T01:07:49.228+0000] {processor.py:925} INFO - DAG(s) 'example_complex' retrieved from /home/ubuntu/airflow_venv/lib/python3.12/site-packages/airflow/example_dags/example_complex.py
[2024-11-20T01:07:49.253+0000] {logging_mixin.py:190} INFO - [2024-11-20T01:07:49.253+0000] {dag.py:3239} INFO - Sync 1 DAGs
[2024-11-20T01:07:49.265+0000] {logging_mixin.py:190} INFO - [2024-11-20T01:07:49.265+0000] {dag.py:4180} INFO - Setting next_dagrun for example_complex to None, run_after=None
[2024-11-20T01:07:49.286+0000] {processor.py:208} INFO - Processing /home/ubuntu/airflow_venv/lib/python3.12/site-packages/airflow/example_dags/example_complex.py took 0.080 seconds
[2024-11-20T01:09:11.423+0000] {processor.py:186} INFO - Started process (PID=6313) to work on /home/ubuntu/airflow_venv/lib/python3.12/site-packages/airflow/example_dags/example_complex.py
[2024-11-20T01:09:11.425+0000] {processor.py:914} INFO - Processing file /home/ubuntu/airflow_venv/lib/python3.12/site-packages/airflow/example_dags/example_complex.py for tasks to queue
[2024-11-20T01:09:11.426+0000] {logging_mixin.py:190} INFO - [2024-11-20T01:09:11.425+0000] {dagbag.py:588} INFO - Filling up the DagBag from /home/ubuntu/airflow_venv/lib/python3.12/site-packages/airflow/example_dags/example_complex.py
[2024-11-20T01:09:11.438+0000] {processor.py:925} INFO - DAG(s) 'example_complex' retrieved from /home/ubuntu/airflow_venv/lib/python3.12/site-packages/airflow/example_dags/example_complex.py
[2024-11-20T01:09:11.462+0000] {logging_mixin.py:190} INFO - [2024-11-20T01:09:11.461+0000] {dag.py:3239} INFO - Sync 1 DAGs
[2024-11-20T01:09:11.474+0000] {logging_mixin.py:190} INFO - [2024-11-20T01:09:11.474+0000] {dag.py:4180} INFO - Setting next_dagrun for example_complex to None, run_after=None
[2024-11-20T01:09:11.497+0000] {processor.py:208} INFO - Processing /home/ubuntu/airflow_venv/lib/python3.12/site-packages/airflow/example_dags/example_complex.py took 0.081 seconds
[2024-11-20T01:10:10.378+0000] {processor.py:186} INFO - Started process (PID=6377) to work on /home/ubuntu/airflow_venv/lib/python3.12/site-packages/airflow/example_dags/example_complex.py
[2024-11-20T01:10:10.380+0000] {processor.py:914} INFO - Processing file /home/ubuntu/airflow_venv/lib/python3.12/site-packages/airflow/example_dags/example_complex.py for tasks to queue
[2024-11-20T01:10:10.382+0000] {logging_mixin.py:190} INFO - [2024-11-20T01:10:10.381+0000] {dagbag.py:588} INFO - Filling up the DagBag from /home/ubuntu/airflow_venv/lib/python3.12/site-packages/airflow/example_dags/example_complex.py
[2024-11-20T01:10:10.393+0000] {processor.py:925} INFO - DAG(s) 'example_complex' retrieved from /home/ubuntu/airflow_venv/lib/python3.12/site-packages/airflow/example_dags/example_complex.py
[2024-11-20T01:10:10.417+0000] {logging_mixin.py:190} INFO - [2024-11-20T01:10:10.417+0000] {dag.py:3239} INFO - Sync 1 DAGs
[2024-11-20T01:10:10.429+0000] {logging_mixin.py:190} INFO - [2024-11-20T01:10:10.429+0000] {dag.py:4180} INFO - Setting next_dagrun for example_complex to None, run_after=None
[2024-11-20T01:10:10.452+0000] {processor.py:208} INFO - Processing /home/ubuntu/airflow_venv/lib/python3.12/site-packages/airflow/example_dags/example_complex.py took 0.081 seconds
[2024-11-20T01:11:05.906+0000] {processor.py:186} INFO - Started process (PID=6435) to work on /home/ubuntu/airflow_venv/lib/python3.12/site-packages/airflow/example_dags/example_complex.py
[2024-11-20T01:11:05.907+0000] {processor.py:914} INFO - Processing file /home/ubuntu/airflow_venv/lib/python3.12/site-packages/airflow/example_dags/example_complex.py for tasks to queue
[2024-11-20T01:11:05.909+0000] {logging_mixin.py:190} INFO - [2024-11-20T01:11:05.909+0000] {dagbag.py:588} INFO - Filling up the DagBag from /home/ubuntu/airflow_venv/lib/python3.12/site-packages/airflow/example_dags/example_complex.py
[2024-11-20T01:11:05.921+0000] {processor.py:925} INFO - DAG(s) 'example_complex' retrieved from /home/ubuntu/airflow_venv/lib/python3.12/site-packages/airflow/example_dags/example_complex.py
[2024-11-20T01:11:05.945+0000] {logging_mixin.py:190} INFO - [2024-11-20T01:11:05.945+0000] {dag.py:3239} INFO - Sync 1 DAGs
[2024-11-20T01:11:05.957+0000] {logging_mixin.py:190} INFO - [2024-11-20T01:11:05.957+0000] {dag.py:4180} INFO - Setting next_dagrun for example_complex to None, run_after=None
[2024-11-20T01:11:05.978+0000] {processor.py:208} INFO - Processing /home/ubuntu/airflow_venv/lib/python3.12/site-packages/airflow/example_dags/example_complex.py took 0.079 seconds
[2024-11-20T01:12:27.325+0000] {processor.py:186} INFO - Started process (PID=6519) to work on /home/ubuntu/airflow_venv/lib/python3.12/site-packages/airflow/example_dags/example_complex.py
[2024-11-20T01:12:27.327+0000] {processor.py:914} INFO - Processing file /home/ubuntu/airflow_venv/lib/python3.12/site-packages/airflow/example_dags/example_complex.py for tasks to queue
[2024-11-20T01:12:27.328+0000] {logging_mixin.py:190} INFO - [2024-11-20T01:12:27.327+0000] {dagbag.py:588} INFO - Filling up the DagBag from /home/ubuntu/airflow_venv/lib/python3.12/site-packages/airflow/example_dags/example_complex.py
[2024-11-20T01:12:27.340+0000] {processor.py:925} INFO - DAG(s) 'example_complex' retrieved from /home/ubuntu/airflow_venv/lib/python3.12/site-packages/airflow/example_dags/example_complex.py
[2024-11-20T01:12:27.365+0000] {logging_mixin.py:190} INFO - [2024-11-20T01:12:27.365+0000] {dag.py:3239} INFO - Sync 1 DAGs
[2024-11-20T01:12:27.376+0000] {logging_mixin.py:190} INFO - [2024-11-20T01:12:27.376+0000] {dag.py:4180} INFO - Setting next_dagrun for example_complex to None, run_after=None
[2024-11-20T01:12:27.398+0000] {processor.py:208} INFO - Processing /home/ubuntu/airflow_venv/lib/python3.12/site-packages/airflow/example_dags/example_complex.py took 0.079 seconds
