[2024-11-20T00:16:33.785+0000] {processor.py:186} INFO - Started process (PID=2048) to work on /home/ubuntu/airflow_venv/lib/python3.12/site-packages/airflow/example_dags/example_python_operator.py
[2024-11-20T00:16:33.785+0000] {processor.py:914} INFO - Processing file /home/ubuntu/airflow_venv/lib/python3.12/site-packages/airflow/example_dags/example_python_operator.py for tasks to queue
[2024-11-20T00:16:33.788+0000] {logging_mixin.py:190} INFO - [2024-11-20T00:16:33.787+0000] {dagbag.py:588} INFO - Filling up the DagBag from /home/ubuntu/airflow_venv/lib/python3.12/site-packages/airflow/example_dags/example_python_operator.py
[2024-11-20T00:16:33.794+0000] {logging_mixin.py:190} INFO - [2024-11-20T00:16:33.794+0000] {example_python_operator.py:93} WARNING - The virtalenv_python example task requires virtualenv, please install it.
[2024-11-20T00:16:33.797+0000] {processor.py:925} INFO - DAG(s) 'example_python_operator' retrieved from /home/ubuntu/airflow_venv/lib/python3.12/site-packages/airflow/example_dags/example_python_operator.py
[2024-11-20T00:16:33.816+0000] {logging_mixin.py:190} INFO - [2024-11-20T00:16:33.816+0000] {dag.py:3239} INFO - Sync 1 DAGs
[2024-11-20T00:16:33.827+0000] {logging_mixin.py:190} INFO - [2024-11-20T00:16:33.827+0000] {dag.py:4180} INFO - Setting next_dagrun for example_python_operator to None, run_after=None
[2024-11-20T00:16:33.851+0000] {processor.py:208} INFO - Processing /home/ubuntu/airflow_venv/lib/python3.12/site-packages/airflow/example_dags/example_python_operator.py took 0.072 seconds
[2024-11-20T00:17:33.230+0000] {processor.py:186} INFO - Started process (PID=2118) to work on /home/ubuntu/airflow_venv/lib/python3.12/site-packages/airflow/example_dags/example_python_operator.py
[2024-11-20T00:17:33.232+0000] {processor.py:914} INFO - Processing file /home/ubuntu/airflow_venv/lib/python3.12/site-packages/airflow/example_dags/example_python_operator.py for tasks to queue
[2024-11-20T00:17:33.234+0000] {logging_mixin.py:190} INFO - [2024-11-20T00:17:33.234+0000] {dagbag.py:588} INFO - Filling up the DagBag from /home/ubuntu/airflow_venv/lib/python3.12/site-packages/airflow/example_dags/example_python_operator.py
[2024-11-20T00:17:33.241+0000] {logging_mixin.py:190} INFO - [2024-11-20T00:17:33.241+0000] {example_python_operator.py:93} WARNING - The virtalenv_python example task requires virtualenv, please install it.
[2024-11-20T00:17:33.244+0000] {processor.py:925} INFO - DAG(s) 'example_python_operator' retrieved from /home/ubuntu/airflow_venv/lib/python3.12/site-packages/airflow/example_dags/example_python_operator.py
[2024-11-20T00:17:33.260+0000] {logging_mixin.py:190} INFO - [2024-11-20T00:17:33.260+0000] {dag.py:3239} INFO - Sync 1 DAGs
[2024-11-20T00:17:33.272+0000] {logging_mixin.py:190} INFO - [2024-11-20T00:17:33.272+0000] {dag.py:4180} INFO - Setting next_dagrun for example_python_operator to None, run_after=None
[2024-11-20T00:17:33.295+0000] {processor.py:208} INFO - Processing /home/ubuntu/airflow_venv/lib/python3.12/site-packages/airflow/example_dags/example_python_operator.py took 0.070 seconds
[2024-11-20T00:18:28.647+0000] {processor.py:186} INFO - Started process (PID=2176) to work on /home/ubuntu/airflow_venv/lib/python3.12/site-packages/airflow/example_dags/example_python_operator.py
[2024-11-20T00:18:28.649+0000] {processor.py:914} INFO - Processing file /home/ubuntu/airflow_venv/lib/python3.12/site-packages/airflow/example_dags/example_python_operator.py for tasks to queue
[2024-11-20T00:18:28.651+0000] {logging_mixin.py:190} INFO - [2024-11-20T00:18:28.651+0000] {dagbag.py:588} INFO - Filling up the DagBag from /home/ubuntu/airflow_venv/lib/python3.12/site-packages/airflow/example_dags/example_python_operator.py
[2024-11-20T00:18:28.658+0000] {logging_mixin.py:190} INFO - [2024-11-20T00:18:28.658+0000] {example_python_operator.py:93} WARNING - The virtalenv_python example task requires virtualenv, please install it.
[2024-11-20T00:18:28.660+0000] {processor.py:925} INFO - DAG(s) 'example_python_operator' retrieved from /home/ubuntu/airflow_venv/lib/python3.12/site-packages/airflow/example_dags/example_python_operator.py
[2024-11-20T00:18:28.676+0000] {logging_mixin.py:190} INFO - [2024-11-20T00:18:28.675+0000] {dag.py:3239} INFO - Sync 1 DAGs
[2024-11-20T00:18:28.687+0000] {logging_mixin.py:190} INFO - [2024-11-20T00:18:28.687+0000] {dag.py:4180} INFO - Setting next_dagrun for example_python_operator to None, run_after=None
[2024-11-20T00:18:28.708+0000] {processor.py:208} INFO - Processing /home/ubuntu/airflow_venv/lib/python3.12/site-packages/airflow/example_dags/example_python_operator.py took 0.065 seconds
[2024-11-20T00:19:24.067+0000] {processor.py:186} INFO - Started process (PID=2235) to work on /home/ubuntu/airflow_venv/lib/python3.12/site-packages/airflow/example_dags/example_python_operator.py
[2024-11-20T00:19:24.069+0000] {processor.py:914} INFO - Processing file /home/ubuntu/airflow_venv/lib/python3.12/site-packages/airflow/example_dags/example_python_operator.py for tasks to queue
[2024-11-20T00:19:24.070+0000] {logging_mixin.py:190} INFO - [2024-11-20T00:19:24.070+0000] {dagbag.py:588} INFO - Filling up the DagBag from /home/ubuntu/airflow_venv/lib/python3.12/site-packages/airflow/example_dags/example_python_operator.py
[2024-11-20T00:19:24.077+0000] {logging_mixin.py:190} INFO - [2024-11-20T00:19:24.076+0000] {example_python_operator.py:93} WARNING - The virtalenv_python example task requires virtualenv, please install it.
[2024-11-20T00:19:24.080+0000] {processor.py:925} INFO - DAG(s) 'example_python_operator' retrieved from /home/ubuntu/airflow_venv/lib/python3.12/site-packages/airflow/example_dags/example_python_operator.py
[2024-11-20T00:19:24.095+0000] {logging_mixin.py:190} INFO - [2024-11-20T00:19:24.095+0000] {dag.py:3239} INFO - Sync 1 DAGs
[2024-11-20T00:19:24.106+0000] {logging_mixin.py:190} INFO - [2024-11-20T00:19:24.106+0000] {dag.py:4180} INFO - Setting next_dagrun for example_python_operator to None, run_after=None
[2024-11-20T00:19:24.126+0000] {processor.py:208} INFO - Processing /home/ubuntu/airflow_venv/lib/python3.12/site-packages/airflow/example_dags/example_python_operator.py took 0.065 seconds
[2024-11-20T00:20:17.751+0000] {processor.py:186} INFO - Started process (PID=2290) to work on /home/ubuntu/airflow_venv/lib/python3.12/site-packages/airflow/example_dags/example_python_operator.py
[2024-11-20T00:20:17.753+0000] {processor.py:914} INFO - Processing file /home/ubuntu/airflow_venv/lib/python3.12/site-packages/airflow/example_dags/example_python_operator.py for tasks to queue
[2024-11-20T00:20:17.756+0000] {logging_mixin.py:190} INFO - [2024-11-20T00:20:17.755+0000] {dagbag.py:588} INFO - Filling up the DagBag from /home/ubuntu/airflow_venv/lib/python3.12/site-packages/airflow/example_dags/example_python_operator.py
[2024-11-20T00:20:17.762+0000] {logging_mixin.py:190} INFO - [2024-11-20T00:20:17.762+0000] {example_python_operator.py:93} WARNING - The virtalenv_python example task requires virtualenv, please install it.
[2024-11-20T00:20:17.765+0000] {processor.py:925} INFO - DAG(s) 'example_python_operator' retrieved from /home/ubuntu/airflow_venv/lib/python3.12/site-packages/airflow/example_dags/example_python_operator.py
[2024-11-20T00:20:17.780+0000] {logging_mixin.py:190} INFO - [2024-11-20T00:20:17.780+0000] {dag.py:3239} INFO - Sync 1 DAGs
[2024-11-20T00:20:17.791+0000] {logging_mixin.py:190} INFO - [2024-11-20T00:20:17.791+0000] {dag.py:4180} INFO - Setting next_dagrun for example_python_operator to None, run_after=None
[2024-11-20T00:20:17.812+0000] {processor.py:208} INFO - Processing /home/ubuntu/airflow_venv/lib/python3.12/site-packages/airflow/example_dags/example_python_operator.py took 0.065 seconds
[2024-11-20T00:21:13.183+0000] {processor.py:186} INFO - Started process (PID=2348) to work on /home/ubuntu/airflow_venv/lib/python3.12/site-packages/airflow/example_dags/example_python_operator.py
[2024-11-20T00:21:13.185+0000] {processor.py:914} INFO - Processing file /home/ubuntu/airflow_venv/lib/python3.12/site-packages/airflow/example_dags/example_python_operator.py for tasks to queue
[2024-11-20T00:21:13.187+0000] {logging_mixin.py:190} INFO - [2024-11-20T00:21:13.187+0000] {dagbag.py:588} INFO - Filling up the DagBag from /home/ubuntu/airflow_venv/lib/python3.12/site-packages/airflow/example_dags/example_python_operator.py
[2024-11-20T00:21:13.194+0000] {logging_mixin.py:190} INFO - [2024-11-20T00:21:13.194+0000] {example_python_operator.py:93} WARNING - The virtalenv_python example task requires virtualenv, please install it.
[2024-11-20T00:21:13.196+0000] {processor.py:925} INFO - DAG(s) 'example_python_operator' retrieved from /home/ubuntu/airflow_venv/lib/python3.12/site-packages/airflow/example_dags/example_python_operator.py
[2024-11-20T00:21:13.212+0000] {logging_mixin.py:190} INFO - [2024-11-20T00:21:13.211+0000] {dag.py:3239} INFO - Sync 1 DAGs
[2024-11-20T00:21:13.343+0000] {logging_mixin.py:190} INFO - [2024-11-20T00:21:13.343+0000] {dag.py:4180} INFO - Setting next_dagrun for example_python_operator to None, run_after=None
[2024-11-20T00:21:13.363+0000] {processor.py:208} INFO - Processing /home/ubuntu/airflow_venv/lib/python3.12/site-packages/airflow/example_dags/example_python_operator.py took 0.185 seconds
[2024-11-20T00:22:14.337+0000] {processor.py:186} INFO - Started process (PID=2412) to work on /home/ubuntu/airflow_venv/lib/python3.12/site-packages/airflow/example_dags/example_python_operator.py
[2024-11-20T00:22:14.339+0000] {processor.py:914} INFO - Processing file /home/ubuntu/airflow_venv/lib/python3.12/site-packages/airflow/example_dags/example_python_operator.py for tasks to queue
[2024-11-20T00:22:14.341+0000] {logging_mixin.py:190} INFO - [2024-11-20T00:22:14.340+0000] {dagbag.py:588} INFO - Filling up the DagBag from /home/ubuntu/airflow_venv/lib/python3.12/site-packages/airflow/example_dags/example_python_operator.py
[2024-11-20T00:22:14.348+0000] {logging_mixin.py:190} INFO - [2024-11-20T00:22:14.348+0000] {example_python_operator.py:93} WARNING - The virtalenv_python example task requires virtualenv, please install it.
[2024-11-20T00:22:14.350+0000] {processor.py:925} INFO - DAG(s) 'example_python_operator' retrieved from /home/ubuntu/airflow_venv/lib/python3.12/site-packages/airflow/example_dags/example_python_operator.py
[2024-11-20T00:22:14.366+0000] {logging_mixin.py:190} INFO - [2024-11-20T00:22:14.366+0000] {dag.py:3239} INFO - Sync 1 DAGs
[2024-11-20T00:22:14.379+0000] {logging_mixin.py:190} INFO - [2024-11-20T00:22:14.379+0000] {dag.py:4180} INFO - Setting next_dagrun for example_python_operator to None, run_after=None
[2024-11-20T00:22:14.400+0000] {processor.py:208} INFO - Processing /home/ubuntu/airflow_venv/lib/python3.12/site-packages/airflow/example_dags/example_python_operator.py took 0.069 seconds
[2024-11-20T00:23:10.401+0000] {processor.py:186} INFO - Started process (PID=2468) to work on /home/ubuntu/airflow_venv/lib/python3.12/site-packages/airflow/example_dags/example_python_operator.py
[2024-11-20T00:23:10.403+0000] {processor.py:914} INFO - Processing file /home/ubuntu/airflow_venv/lib/python3.12/site-packages/airflow/example_dags/example_python_operator.py for tasks to queue
[2024-11-20T00:23:10.405+0000] {logging_mixin.py:190} INFO - [2024-11-20T00:23:10.405+0000] {dagbag.py:588} INFO - Filling up the DagBag from /home/ubuntu/airflow_venv/lib/python3.12/site-packages/airflow/example_dags/example_python_operator.py
[2024-11-20T00:23:10.412+0000] {logging_mixin.py:190} INFO - [2024-11-20T00:23:10.412+0000] {example_python_operator.py:93} WARNING - The virtalenv_python example task requires virtualenv, please install it.
[2024-11-20T00:23:10.415+0000] {processor.py:925} INFO - DAG(s) 'example_python_operator' retrieved from /home/ubuntu/airflow_venv/lib/python3.12/site-packages/airflow/example_dags/example_python_operator.py
[2024-11-20T00:23:10.431+0000] {logging_mixin.py:190} INFO - [2024-11-20T00:23:10.431+0000] {dag.py:3239} INFO - Sync 1 DAGs
[2024-11-20T00:23:10.442+0000] {logging_mixin.py:190} INFO - [2024-11-20T00:23:10.442+0000] {dag.py:4180} INFO - Setting next_dagrun for example_python_operator to None, run_after=None
[2024-11-20T00:23:10.466+0000] {processor.py:208} INFO - Processing /home/ubuntu/airflow_venv/lib/python3.12/site-packages/airflow/example_dags/example_python_operator.py took 0.070 seconds
[2024-11-20T00:24:04.577+0000] {processor.py:186} INFO - Started process (PID=2525) to work on /home/ubuntu/airflow_venv/lib/python3.12/site-packages/airflow/example_dags/example_python_operator.py
[2024-11-20T00:24:04.578+0000] {processor.py:914} INFO - Processing file /home/ubuntu/airflow_venv/lib/python3.12/site-packages/airflow/example_dags/example_python_operator.py for tasks to queue
[2024-11-20T00:24:04.581+0000] {logging_mixin.py:190} INFO - [2024-11-20T00:24:04.581+0000] {dagbag.py:588} INFO - Filling up the DagBag from /home/ubuntu/airflow_venv/lib/python3.12/site-packages/airflow/example_dags/example_python_operator.py
[2024-11-20T00:24:04.588+0000] {logging_mixin.py:190} INFO - [2024-11-20T00:24:04.588+0000] {example_python_operator.py:93} WARNING - The virtalenv_python example task requires virtualenv, please install it.
[2024-11-20T00:24:04.590+0000] {processor.py:925} INFO - DAG(s) 'example_python_operator' retrieved from /home/ubuntu/airflow_venv/lib/python3.12/site-packages/airflow/example_dags/example_python_operator.py
[2024-11-20T00:24:04.606+0000] {logging_mixin.py:190} INFO - [2024-11-20T00:24:04.606+0000] {dag.py:3239} INFO - Sync 1 DAGs
[2024-11-20T00:24:04.619+0000] {logging_mixin.py:190} INFO - [2024-11-20T00:24:04.619+0000] {dag.py:4180} INFO - Setting next_dagrun for example_python_operator to None, run_after=None
[2024-11-20T00:24:04.640+0000] {processor.py:208} INFO - Processing /home/ubuntu/airflow_venv/lib/python3.12/site-packages/airflow/example_dags/example_python_operator.py took 0.069 seconds
[2024-11-20T00:24:59.278+0000] {processor.py:186} INFO - Started process (PID=2581) to work on /home/ubuntu/airflow_venv/lib/python3.12/site-packages/airflow/example_dags/example_python_operator.py
[2024-11-20T00:24:59.279+0000] {processor.py:914} INFO - Processing file /home/ubuntu/airflow_venv/lib/python3.12/site-packages/airflow/example_dags/example_python_operator.py for tasks to queue
[2024-11-20T00:24:59.282+0000] {logging_mixin.py:190} INFO - [2024-11-20T00:24:59.281+0000] {dagbag.py:588} INFO - Filling up the DagBag from /home/ubuntu/airflow_venv/lib/python3.12/site-packages/airflow/example_dags/example_python_operator.py
[2024-11-20T00:24:59.292+0000] {logging_mixin.py:190} INFO - [2024-11-20T00:24:59.292+0000] {example_python_operator.py:93} WARNING - The virtalenv_python example task requires virtualenv, please install it.
[2024-11-20T00:24:59.297+0000] {processor.py:925} INFO - DAG(s) 'example_python_operator' retrieved from /home/ubuntu/airflow_venv/lib/python3.12/site-packages/airflow/example_dags/example_python_operator.py
[2024-11-20T00:24:59.324+0000] {logging_mixin.py:190} INFO - [2024-11-20T00:24:59.324+0000] {dag.py:3239} INFO - Sync 1 DAGs
[2024-11-20T00:24:59.336+0000] {logging_mixin.py:190} INFO - [2024-11-20T00:24:59.335+0000] {dag.py:4180} INFO - Setting next_dagrun for example_python_operator to None, run_after=None
[2024-11-20T00:24:59.357+0000] {processor.py:208} INFO - Processing /home/ubuntu/airflow_venv/lib/python3.12/site-packages/airflow/example_dags/example_python_operator.py took 0.085 seconds
[2024-11-20T00:25:54.138+0000] {processor.py:186} INFO - Started process (PID=2640) to work on /home/ubuntu/airflow_venv/lib/python3.12/site-packages/airflow/example_dags/example_python_operator.py
[2024-11-20T00:25:54.139+0000] {processor.py:914} INFO - Processing file /home/ubuntu/airflow_venv/lib/python3.12/site-packages/airflow/example_dags/example_python_operator.py for tasks to queue
[2024-11-20T00:25:54.141+0000] {logging_mixin.py:190} INFO - [2024-11-20T00:25:54.141+0000] {dagbag.py:588} INFO - Filling up the DagBag from /home/ubuntu/airflow_venv/lib/python3.12/site-packages/airflow/example_dags/example_python_operator.py
[2024-11-20T00:25:54.148+0000] {logging_mixin.py:190} INFO - [2024-11-20T00:25:54.147+0000] {example_python_operator.py:93} WARNING - The virtalenv_python example task requires virtualenv, please install it.
[2024-11-20T00:25:54.150+0000] {processor.py:925} INFO - DAG(s) 'example_python_operator' retrieved from /home/ubuntu/airflow_venv/lib/python3.12/site-packages/airflow/example_dags/example_python_operator.py
[2024-11-20T00:25:54.166+0000] {logging_mixin.py:190} INFO - [2024-11-20T00:25:54.166+0000] {dag.py:3239} INFO - Sync 1 DAGs
[2024-11-20T00:25:54.178+0000] {logging_mixin.py:190} INFO - [2024-11-20T00:25:54.178+0000] {dag.py:4180} INFO - Setting next_dagrun for example_python_operator to None, run_after=None
[2024-11-20T00:25:54.201+0000] {processor.py:208} INFO - Processing /home/ubuntu/airflow_venv/lib/python3.12/site-packages/airflow/example_dags/example_python_operator.py took 0.070 seconds
[2024-11-20T00:27:06.759+0000] {processor.py:186} INFO - Started process (PID=2736) to work on /home/ubuntu/airflow_venv/lib/python3.12/site-packages/airflow/example_dags/example_python_operator.py
[2024-11-20T00:27:06.760+0000] {processor.py:914} INFO - Processing file /home/ubuntu/airflow_venv/lib/python3.12/site-packages/airflow/example_dags/example_python_operator.py for tasks to queue
[2024-11-20T00:27:06.762+0000] {logging_mixin.py:190} INFO - [2024-11-20T00:27:06.762+0000] {dagbag.py:588} INFO - Filling up the DagBag from /home/ubuntu/airflow_venv/lib/python3.12/site-packages/airflow/example_dags/example_python_operator.py
[2024-11-20T00:27:06.770+0000] {logging_mixin.py:190} INFO - [2024-11-20T00:27:06.770+0000] {example_python_operator.py:93} WARNING - The virtalenv_python example task requires virtualenv, please install it.
[2024-11-20T00:27:06.772+0000] {processor.py:925} INFO - DAG(s) 'example_python_operator' retrieved from /home/ubuntu/airflow_venv/lib/python3.12/site-packages/airflow/example_dags/example_python_operator.py
[2024-11-20T00:27:06.788+0000] {logging_mixin.py:190} INFO - [2024-11-20T00:27:06.788+0000] {dag.py:3239} INFO - Sync 1 DAGs
[2024-11-20T00:27:06.800+0000] {logging_mixin.py:190} INFO - [2024-11-20T00:27:06.800+0000] {dag.py:4180} INFO - Setting next_dagrun for example_python_operator to None, run_after=None
[2024-11-20T00:27:06.821+0000] {processor.py:208} INFO - Processing /home/ubuntu/airflow_venv/lib/python3.12/site-packages/airflow/example_dags/example_python_operator.py took 0.068 seconds
[2024-11-20T00:28:11.048+0000] {processor.py:186} INFO - Started process (PID=2802) to work on /home/ubuntu/airflow_venv/lib/python3.12/site-packages/airflow/example_dags/example_python_operator.py
[2024-11-20T00:28:11.049+0000] {processor.py:914} INFO - Processing file /home/ubuntu/airflow_venv/lib/python3.12/site-packages/airflow/example_dags/example_python_operator.py for tasks to queue
[2024-11-20T00:28:11.051+0000] {logging_mixin.py:190} INFO - [2024-11-20T00:28:11.051+0000] {dagbag.py:588} INFO - Filling up the DagBag from /home/ubuntu/airflow_venv/lib/python3.12/site-packages/airflow/example_dags/example_python_operator.py
[2024-11-20T00:28:11.058+0000] {logging_mixin.py:190} INFO - [2024-11-20T00:28:11.058+0000] {example_python_operator.py:93} WARNING - The virtalenv_python example task requires virtualenv, please install it.
[2024-11-20T00:28:11.062+0000] {processor.py:925} INFO - DAG(s) 'example_python_operator' retrieved from /home/ubuntu/airflow_venv/lib/python3.12/site-packages/airflow/example_dags/example_python_operator.py
[2024-11-20T00:28:11.078+0000] {logging_mixin.py:190} INFO - [2024-11-20T00:28:11.078+0000] {dag.py:3239} INFO - Sync 1 DAGs
[2024-11-20T00:28:11.090+0000] {logging_mixin.py:190} INFO - [2024-11-20T00:28:11.089+0000] {dag.py:4180} INFO - Setting next_dagrun for example_python_operator to None, run_after=None
[2024-11-20T00:28:11.111+0000] {processor.py:208} INFO - Processing /home/ubuntu/airflow_venv/lib/python3.12/site-packages/airflow/example_dags/example_python_operator.py took 0.069 seconds
[2024-11-20T00:29:09.440+0000] {processor.py:186} INFO - Started process (PID=2990) to work on /home/ubuntu/airflow_venv/lib/python3.12/site-packages/airflow/example_dags/example_python_operator.py
[2024-11-20T00:29:09.442+0000] {processor.py:914} INFO - Processing file /home/ubuntu/airflow_venv/lib/python3.12/site-packages/airflow/example_dags/example_python_operator.py for tasks to queue
[2024-11-20T00:29:09.443+0000] {logging_mixin.py:190} INFO - [2024-11-20T00:29:09.443+0000] {dagbag.py:588} INFO - Filling up the DagBag from /home/ubuntu/airflow_venv/lib/python3.12/site-packages/airflow/example_dags/example_python_operator.py
[2024-11-20T00:29:09.450+0000] {logging_mixin.py:190} INFO - [2024-11-20T00:29:09.450+0000] {example_python_operator.py:93} WARNING - The virtalenv_python example task requires virtualenv, please install it.
[2024-11-20T00:29:09.453+0000] {processor.py:925} INFO - DAG(s) 'example_python_operator' retrieved from /home/ubuntu/airflow_venv/lib/python3.12/site-packages/airflow/example_dags/example_python_operator.py
[2024-11-20T00:29:09.470+0000] {logging_mixin.py:190} INFO - [2024-11-20T00:29:09.469+0000] {dag.py:3239} INFO - Sync 1 DAGs
[2024-11-20T00:29:09.482+0000] {logging_mixin.py:190} INFO - [2024-11-20T00:29:09.482+0000] {dag.py:4180} INFO - Setting next_dagrun for example_python_operator to None, run_after=None
[2024-11-20T00:29:09.505+0000] {processor.py:208} INFO - Processing /home/ubuntu/airflow_venv/lib/python3.12/site-packages/airflow/example_dags/example_python_operator.py took 0.070 seconds
[2024-11-20T00:30:11.004+0000] {processor.py:186} INFO - Started process (PID=3053) to work on /home/ubuntu/airflow_venv/lib/python3.12/site-packages/airflow/example_dags/example_python_operator.py
[2024-11-20T00:30:11.005+0000] {processor.py:914} INFO - Processing file /home/ubuntu/airflow_venv/lib/python3.12/site-packages/airflow/example_dags/example_python_operator.py for tasks to queue
[2024-11-20T00:30:11.006+0000] {logging_mixin.py:190} INFO - [2024-11-20T00:30:11.005+0000] {dagbag.py:588} INFO - Filling up the DagBag from /home/ubuntu/airflow_venv/lib/python3.12/site-packages/airflow/example_dags/example_python_operator.py
[2024-11-20T00:30:11.013+0000] {logging_mixin.py:190} INFO - [2024-11-20T00:30:11.013+0000] {example_python_operator.py:93} WARNING - The virtalenv_python example task requires virtualenv, please install it.
[2024-11-20T00:30:11.016+0000] {processor.py:925} INFO - DAG(s) 'example_python_operator' retrieved from /home/ubuntu/airflow_venv/lib/python3.12/site-packages/airflow/example_dags/example_python_operator.py
[2024-11-20T00:30:11.032+0000] {logging_mixin.py:190} INFO - [2024-11-20T00:30:11.031+0000] {dag.py:3239} INFO - Sync 1 DAGs
[2024-11-20T00:30:11.044+0000] {logging_mixin.py:190} INFO - [2024-11-20T00:30:11.044+0000] {dag.py:4180} INFO - Setting next_dagrun for example_python_operator to None, run_after=None
[2024-11-20T00:30:11.064+0000] {processor.py:208} INFO - Processing /home/ubuntu/airflow_venv/lib/python3.12/site-packages/airflow/example_dags/example_python_operator.py took 0.066 seconds
[2024-11-20T00:31:05.058+0000] {processor.py:186} INFO - Started process (PID=3149) to work on /home/ubuntu/airflow_venv/lib/python3.12/site-packages/airflow/example_dags/example_python_operator.py
[2024-11-20T00:31:05.060+0000] {processor.py:914} INFO - Processing file /home/ubuntu/airflow_venv/lib/python3.12/site-packages/airflow/example_dags/example_python_operator.py for tasks to queue
[2024-11-20T00:31:05.061+0000] {logging_mixin.py:190} INFO - [2024-11-20T00:31:05.060+0000] {dagbag.py:588} INFO - Filling up the DagBag from /home/ubuntu/airflow_venv/lib/python3.12/site-packages/airflow/example_dags/example_python_operator.py
[2024-11-20T00:31:05.068+0000] {logging_mixin.py:190} INFO - [2024-11-20T00:31:05.068+0000] {example_python_operator.py:93} WARNING - The virtalenv_python example task requires virtualenv, please install it.
[2024-11-20T00:31:05.070+0000] {processor.py:925} INFO - DAG(s) 'example_python_operator' retrieved from /home/ubuntu/airflow_venv/lib/python3.12/site-packages/airflow/example_dags/example_python_operator.py
[2024-11-20T00:31:05.086+0000] {logging_mixin.py:190} INFO - [2024-11-20T00:31:05.086+0000] {dag.py:3239} INFO - Sync 1 DAGs
[2024-11-20T00:31:05.099+0000] {logging_mixin.py:190} INFO - [2024-11-20T00:31:05.098+0000] {dag.py:4180} INFO - Setting next_dagrun for example_python_operator to None, run_after=None
[2024-11-20T00:31:05.120+0000] {processor.py:208} INFO - Processing /home/ubuntu/airflow_venv/lib/python3.12/site-packages/airflow/example_dags/example_python_operator.py took 0.068 seconds
[2024-11-20T00:31:59.617+0000] {processor.py:186} INFO - Started process (PID=3307) to work on /home/ubuntu/airflow_venv/lib/python3.12/site-packages/airflow/example_dags/example_python_operator.py
[2024-11-20T00:31:59.618+0000] {processor.py:914} INFO - Processing file /home/ubuntu/airflow_venv/lib/python3.12/site-packages/airflow/example_dags/example_python_operator.py for tasks to queue
[2024-11-20T00:31:59.619+0000] {logging_mixin.py:190} INFO - [2024-11-20T00:31:59.619+0000] {dagbag.py:588} INFO - Filling up the DagBag from /home/ubuntu/airflow_venv/lib/python3.12/site-packages/airflow/example_dags/example_python_operator.py
[2024-11-20T00:31:59.627+0000] {logging_mixin.py:190} INFO - [2024-11-20T00:31:59.626+0000] {example_python_operator.py:93} WARNING - The virtalenv_python example task requires virtualenv, please install it.
[2024-11-20T00:31:59.629+0000] {processor.py:925} INFO - DAG(s) 'example_python_operator' retrieved from /home/ubuntu/airflow_venv/lib/python3.12/site-packages/airflow/example_dags/example_python_operator.py
[2024-11-20T00:31:59.645+0000] {logging_mixin.py:190} INFO - [2024-11-20T00:31:59.644+0000] {dag.py:3239} INFO - Sync 1 DAGs
[2024-11-20T00:31:59.658+0000] {logging_mixin.py:190} INFO - [2024-11-20T00:31:59.658+0000] {dag.py:4180} INFO - Setting next_dagrun for example_python_operator to None, run_after=None
[2024-11-20T00:31:59.678+0000] {processor.py:208} INFO - Processing /home/ubuntu/airflow_venv/lib/python3.12/site-packages/airflow/example_dags/example_python_operator.py took 0.067 seconds
[2024-11-20T00:32:53.547+0000] {processor.py:186} INFO - Started process (PID=3775) to work on /home/ubuntu/airflow_venv/lib/python3.12/site-packages/airflow/example_dags/example_python_operator.py
[2024-11-20T00:32:53.549+0000] {processor.py:914} INFO - Processing file /home/ubuntu/airflow_venv/lib/python3.12/site-packages/airflow/example_dags/example_python_operator.py for tasks to queue
[2024-11-20T00:32:53.550+0000] {logging_mixin.py:190} INFO - [2024-11-20T00:32:53.550+0000] {dagbag.py:588} INFO - Filling up the DagBag from /home/ubuntu/airflow_venv/lib/python3.12/site-packages/airflow/example_dags/example_python_operator.py
[2024-11-20T00:32:53.558+0000] {logging_mixin.py:190} INFO - [2024-11-20T00:32:53.558+0000] {example_python_operator.py:93} WARNING - The virtalenv_python example task requires virtualenv, please install it.
[2024-11-20T00:32:53.561+0000] {processor.py:925} INFO - DAG(s) 'example_python_operator' retrieved from /home/ubuntu/airflow_venv/lib/python3.12/site-packages/airflow/example_dags/example_python_operator.py
[2024-11-20T00:32:53.578+0000] {logging_mixin.py:190} INFO - [2024-11-20T00:32:53.578+0000] {dag.py:3239} INFO - Sync 1 DAGs
[2024-11-20T00:32:53.590+0000] {logging_mixin.py:190} INFO - [2024-11-20T00:32:53.590+0000] {dag.py:4180} INFO - Setting next_dagrun for example_python_operator to None, run_after=None
[2024-11-20T00:32:53.612+0000] {processor.py:208} INFO - Processing /home/ubuntu/airflow_venv/lib/python3.12/site-packages/airflow/example_dags/example_python_operator.py took 0.070 seconds
[2024-11-20T00:33:58.082+0000] {processor.py:186} INFO - Started process (PID=3990) to work on /home/ubuntu/airflow_venv/lib/python3.12/site-packages/airflow/example_dags/example_python_operator.py
[2024-11-20T00:33:58.085+0000] {processor.py:914} INFO - Processing file /home/ubuntu/airflow_venv/lib/python3.12/site-packages/airflow/example_dags/example_python_operator.py for tasks to queue
[2024-11-20T00:33:58.086+0000] {logging_mixin.py:190} INFO - [2024-11-20T00:33:58.086+0000] {dagbag.py:588} INFO - Filling up the DagBag from /home/ubuntu/airflow_venv/lib/python3.12/site-packages/airflow/example_dags/example_python_operator.py
[2024-11-20T00:33:58.093+0000] {logging_mixin.py:190} INFO - [2024-11-20T00:33:58.093+0000] {example_python_operator.py:93} WARNING - The virtalenv_python example task requires virtualenv, please install it.
[2024-11-20T00:33:58.096+0000] {processor.py:925} INFO - DAG(s) 'example_python_operator' retrieved from /home/ubuntu/airflow_venv/lib/python3.12/site-packages/airflow/example_dags/example_python_operator.py
[2024-11-20T00:33:58.111+0000] {logging_mixin.py:190} INFO - [2024-11-20T00:33:58.111+0000] {dag.py:3239} INFO - Sync 1 DAGs
[2024-11-20T00:33:58.125+0000] {logging_mixin.py:190} INFO - [2024-11-20T00:33:58.125+0000] {dag.py:4180} INFO - Setting next_dagrun for example_python_operator to None, run_after=None
[2024-11-20T00:33:58.146+0000] {processor.py:208} INFO - Processing /home/ubuntu/airflow_venv/lib/python3.12/site-packages/airflow/example_dags/example_python_operator.py took 0.071 seconds
[2024-11-20T00:34:56.722+0000] {processor.py:186} INFO - Started process (PID=4077) to work on /home/ubuntu/airflow_venv/lib/python3.12/site-packages/airflow/example_dags/example_python_operator.py
[2024-11-20T00:34:56.724+0000] {processor.py:914} INFO - Processing file /home/ubuntu/airflow_venv/lib/python3.12/site-packages/airflow/example_dags/example_python_operator.py for tasks to queue
[2024-11-20T00:34:56.726+0000] {logging_mixin.py:190} INFO - [2024-11-20T00:34:56.726+0000] {dagbag.py:588} INFO - Filling up the DagBag from /home/ubuntu/airflow_venv/lib/python3.12/site-packages/airflow/example_dags/example_python_operator.py
[2024-11-20T00:34:56.733+0000] {logging_mixin.py:190} INFO - [2024-11-20T00:34:56.733+0000] {example_python_operator.py:93} WARNING - The virtalenv_python example task requires virtualenv, please install it.
[2024-11-20T00:34:56.735+0000] {processor.py:925} INFO - DAG(s) 'example_python_operator' retrieved from /home/ubuntu/airflow_venv/lib/python3.12/site-packages/airflow/example_dags/example_python_operator.py
[2024-11-20T00:34:56.751+0000] {logging_mixin.py:190} INFO - [2024-11-20T00:34:56.751+0000] {dag.py:3239} INFO - Sync 1 DAGs
[2024-11-20T00:34:56.763+0000] {logging_mixin.py:190} INFO - [2024-11-20T00:34:56.763+0000] {dag.py:4180} INFO - Setting next_dagrun for example_python_operator to None, run_after=None
[2024-11-20T00:34:56.786+0000] {processor.py:208} INFO - Processing /home/ubuntu/airflow_venv/lib/python3.12/site-packages/airflow/example_dags/example_python_operator.py took 0.069 seconds
[2024-11-20T00:35:51.219+0000] {processor.py:186} INFO - Started process (PID=4150) to work on /home/ubuntu/airflow_venv/lib/python3.12/site-packages/airflow/example_dags/example_python_operator.py
[2024-11-20T00:35:51.221+0000] {processor.py:914} INFO - Processing file /home/ubuntu/airflow_venv/lib/python3.12/site-packages/airflow/example_dags/example_python_operator.py for tasks to queue
[2024-11-20T00:35:51.223+0000] {logging_mixin.py:190} INFO - [2024-11-20T00:35:51.223+0000] {dagbag.py:588} INFO - Filling up the DagBag from /home/ubuntu/airflow_venv/lib/python3.12/site-packages/airflow/example_dags/example_python_operator.py
[2024-11-20T00:35:51.230+0000] {logging_mixin.py:190} INFO - [2024-11-20T00:35:51.230+0000] {example_python_operator.py:93} WARNING - The virtalenv_python example task requires virtualenv, please install it.
[2024-11-20T00:35:51.233+0000] {processor.py:925} INFO - DAG(s) 'example_python_operator' retrieved from /home/ubuntu/airflow_venv/lib/python3.12/site-packages/airflow/example_dags/example_python_operator.py
[2024-11-20T00:35:51.249+0000] {logging_mixin.py:190} INFO - [2024-11-20T00:35:51.249+0000] {dag.py:3239} INFO - Sync 1 DAGs
[2024-11-20T00:35:51.260+0000] {logging_mixin.py:190} INFO - [2024-11-20T00:35:51.260+0000] {dag.py:4180} INFO - Setting next_dagrun for example_python_operator to None, run_after=None
[2024-11-20T00:35:51.282+0000] {processor.py:208} INFO - Processing /home/ubuntu/airflow_venv/lib/python3.12/site-packages/airflow/example_dags/example_python_operator.py took 0.069 seconds
[2024-11-20T00:36:45.831+0000] {processor.py:186} INFO - Started process (PID=4206) to work on /home/ubuntu/airflow_venv/lib/python3.12/site-packages/airflow/example_dags/example_python_operator.py
[2024-11-20T00:36:45.833+0000] {processor.py:914} INFO - Processing file /home/ubuntu/airflow_venv/lib/python3.12/site-packages/airflow/example_dags/example_python_operator.py for tasks to queue
[2024-11-20T00:36:45.835+0000] {logging_mixin.py:190} INFO - [2024-11-20T00:36:45.835+0000] {dagbag.py:588} INFO - Filling up the DagBag from /home/ubuntu/airflow_venv/lib/python3.12/site-packages/airflow/example_dags/example_python_operator.py
[2024-11-20T00:36:45.842+0000] {logging_mixin.py:190} INFO - [2024-11-20T00:36:45.842+0000] {example_python_operator.py:93} WARNING - The virtalenv_python example task requires virtualenv, please install it.
[2024-11-20T00:36:45.844+0000] {processor.py:925} INFO - DAG(s) 'example_python_operator' retrieved from /home/ubuntu/airflow_venv/lib/python3.12/site-packages/airflow/example_dags/example_python_operator.py
[2024-11-20T00:36:45.860+0000] {logging_mixin.py:190} INFO - [2024-11-20T00:36:45.860+0000] {dag.py:3239} INFO - Sync 1 DAGs
[2024-11-20T00:36:45.872+0000] {logging_mixin.py:190} INFO - [2024-11-20T00:36:45.872+0000] {dag.py:4180} INFO - Setting next_dagrun for example_python_operator to None, run_after=None
[2024-11-20T00:36:45.893+0000] {processor.py:208} INFO - Processing /home/ubuntu/airflow_venv/lib/python3.12/site-packages/airflow/example_dags/example_python_operator.py took 0.069 seconds
[2024-11-20T00:37:41.112+0000] {processor.py:186} INFO - Started process (PID=4262) to work on /home/ubuntu/airflow_venv/lib/python3.12/site-packages/airflow/example_dags/example_python_operator.py
[2024-11-20T00:37:41.113+0000] {processor.py:914} INFO - Processing file /home/ubuntu/airflow_venv/lib/python3.12/site-packages/airflow/example_dags/example_python_operator.py for tasks to queue
[2024-11-20T00:37:41.115+0000] {logging_mixin.py:190} INFO - [2024-11-20T00:37:41.114+0000] {dagbag.py:588} INFO - Filling up the DagBag from /home/ubuntu/airflow_venv/lib/python3.12/site-packages/airflow/example_dags/example_python_operator.py
[2024-11-20T00:37:41.122+0000] {logging_mixin.py:190} INFO - [2024-11-20T00:37:41.122+0000] {example_python_operator.py:93} WARNING - The virtalenv_python example task requires virtualenv, please install it.
[2024-11-20T00:37:41.124+0000] {processor.py:925} INFO - DAG(s) 'example_python_operator' retrieved from /home/ubuntu/airflow_venv/lib/python3.12/site-packages/airflow/example_dags/example_python_operator.py
[2024-11-20T00:37:41.140+0000] {logging_mixin.py:190} INFO - [2024-11-20T00:37:41.140+0000] {dag.py:3239} INFO - Sync 1 DAGs
[2024-11-20T00:37:41.153+0000] {logging_mixin.py:190} INFO - [2024-11-20T00:37:41.153+0000] {dag.py:4180} INFO - Setting next_dagrun for example_python_operator to None, run_after=None
[2024-11-20T00:37:41.176+0000] {processor.py:208} INFO - Processing /home/ubuntu/airflow_venv/lib/python3.12/site-packages/airflow/example_dags/example_python_operator.py took 0.070 seconds
[2024-11-20T00:38:38.254+0000] {processor.py:186} INFO - Started process (PID=4347) to work on /home/ubuntu/airflow_venv/lib/python3.12/site-packages/airflow/example_dags/example_python_operator.py
[2024-11-20T00:38:38.256+0000] {processor.py:914} INFO - Processing file /home/ubuntu/airflow_venv/lib/python3.12/site-packages/airflow/example_dags/example_python_operator.py for tasks to queue
[2024-11-20T00:38:38.257+0000] {logging_mixin.py:190} INFO - [2024-11-20T00:38:38.257+0000] {dagbag.py:588} INFO - Filling up the DagBag from /home/ubuntu/airflow_venv/lib/python3.12/site-packages/airflow/example_dags/example_python_operator.py
[2024-11-20T00:38:38.264+0000] {logging_mixin.py:190} INFO - [2024-11-20T00:38:38.264+0000] {example_python_operator.py:93} WARNING - The virtalenv_python example task requires virtualenv, please install it.
[2024-11-20T00:38:38.267+0000] {processor.py:925} INFO - DAG(s) 'example_python_operator' retrieved from /home/ubuntu/airflow_venv/lib/python3.12/site-packages/airflow/example_dags/example_python_operator.py
[2024-11-20T00:38:38.283+0000] {logging_mixin.py:190} INFO - [2024-11-20T00:38:38.282+0000] {dag.py:3239} INFO - Sync 1 DAGs
[2024-11-20T00:38:38.295+0000] {logging_mixin.py:190} INFO - [2024-11-20T00:38:38.295+0000] {dag.py:4180} INFO - Setting next_dagrun for example_python_operator to None, run_after=None
[2024-11-20T00:38:38.317+0000] {processor.py:208} INFO - Processing /home/ubuntu/airflow_venv/lib/python3.12/site-packages/airflow/example_dags/example_python_operator.py took 0.070 seconds
[2024-11-20T00:39:29.965+0000] {processor.py:186} INFO - Started process (PID=4402) to work on /home/ubuntu/airflow_venv/lib/python3.12/site-packages/airflow/example_dags/example_python_operator.py
[2024-11-20T00:39:29.967+0000] {processor.py:914} INFO - Processing file /home/ubuntu/airflow_venv/lib/python3.12/site-packages/airflow/example_dags/example_python_operator.py for tasks to queue
[2024-11-20T00:39:29.969+0000] {logging_mixin.py:190} INFO - [2024-11-20T00:39:29.968+0000] {dagbag.py:588} INFO - Filling up the DagBag from /home/ubuntu/airflow_venv/lib/python3.12/site-packages/airflow/example_dags/example_python_operator.py
[2024-11-20T00:39:29.977+0000] {logging_mixin.py:190} INFO - [2024-11-20T00:39:29.976+0000] {example_python_operator.py:93} WARNING - The virtalenv_python example task requires virtualenv, please install it.
[2024-11-20T00:39:29.979+0000] {processor.py:925} INFO - DAG(s) 'example_python_operator' retrieved from /home/ubuntu/airflow_venv/lib/python3.12/site-packages/airflow/example_dags/example_python_operator.py
[2024-11-20T00:39:29.996+0000] {logging_mixin.py:190} INFO - [2024-11-20T00:39:29.996+0000] {dag.py:3239} INFO - Sync 1 DAGs
[2024-11-20T00:39:30.014+0000] {logging_mixin.py:190} INFO - [2024-11-20T00:39:30.013+0000] {dag.py:4180} INFO - Setting next_dagrun for example_python_operator to None, run_after=None
[2024-11-20T00:39:30.039+0000] {processor.py:208} INFO - Processing /home/ubuntu/airflow_venv/lib/python3.12/site-packages/airflow/example_dags/example_python_operator.py took 0.081 seconds
[2024-11-20T00:40:36.575+0000] {processor.py:186} INFO - Started process (PID=4504) to work on /home/ubuntu/airflow_venv/lib/python3.12/site-packages/airflow/example_dags/example_python_operator.py
[2024-11-20T00:40:36.577+0000] {processor.py:914} INFO - Processing file /home/ubuntu/airflow_venv/lib/python3.12/site-packages/airflow/example_dags/example_python_operator.py for tasks to queue
[2024-11-20T00:40:36.578+0000] {logging_mixin.py:190} INFO - [2024-11-20T00:40:36.578+0000] {dagbag.py:588} INFO - Filling up the DagBag from /home/ubuntu/airflow_venv/lib/python3.12/site-packages/airflow/example_dags/example_python_operator.py
[2024-11-20T00:40:36.585+0000] {logging_mixin.py:190} INFO - [2024-11-20T00:40:36.584+0000] {example_python_operator.py:93} WARNING - The virtalenv_python example task requires virtualenv, please install it.
[2024-11-20T00:40:36.587+0000] {processor.py:925} INFO - DAG(s) 'example_python_operator' retrieved from /home/ubuntu/airflow_venv/lib/python3.12/site-packages/airflow/example_dags/example_python_operator.py
[2024-11-20T00:40:36.609+0000] {logging_mixin.py:190} INFO - [2024-11-20T00:40:36.608+0000] {dag.py:3239} INFO - Sync 1 DAGs
[2024-11-20T00:40:36.639+0000] {logging_mixin.py:190} INFO - [2024-11-20T00:40:36.639+0000] {dag.py:4180} INFO - Setting next_dagrun for example_python_operator to None, run_after=None
[2024-11-20T00:40:36.661+0000] {processor.py:208} INFO - Processing /home/ubuntu/airflow_venv/lib/python3.12/site-packages/airflow/example_dags/example_python_operator.py took 0.093 seconds
[2024-11-20T00:41:30.348+0000] {processor.py:186} INFO - Started process (PID=4560) to work on /home/ubuntu/airflow_venv/lib/python3.12/site-packages/airflow/example_dags/example_python_operator.py
[2024-11-20T00:41:30.350+0000] {processor.py:914} INFO - Processing file /home/ubuntu/airflow_venv/lib/python3.12/site-packages/airflow/example_dags/example_python_operator.py for tasks to queue
[2024-11-20T00:41:30.351+0000] {logging_mixin.py:190} INFO - [2024-11-20T00:41:30.351+0000] {dagbag.py:588} INFO - Filling up the DagBag from /home/ubuntu/airflow_venv/lib/python3.12/site-packages/airflow/example_dags/example_python_operator.py
[2024-11-20T00:41:30.359+0000] {logging_mixin.py:190} INFO - [2024-11-20T00:41:30.359+0000] {example_python_operator.py:93} WARNING - The virtalenv_python example task requires virtualenv, please install it.
[2024-11-20T00:41:30.361+0000] {processor.py:925} INFO - DAG(s) 'example_python_operator' retrieved from /home/ubuntu/airflow_venv/lib/python3.12/site-packages/airflow/example_dags/example_python_operator.py
[2024-11-20T00:41:30.378+0000] {logging_mixin.py:190} INFO - [2024-11-20T00:41:30.378+0000] {dag.py:3239} INFO - Sync 1 DAGs
[2024-11-20T00:41:30.390+0000] {logging_mixin.py:190} INFO - [2024-11-20T00:41:30.390+0000] {dag.py:4180} INFO - Setting next_dagrun for example_python_operator to None, run_after=None
[2024-11-20T00:41:30.411+0000] {processor.py:208} INFO - Processing /home/ubuntu/airflow_venv/lib/python3.12/site-packages/airflow/example_dags/example_python_operator.py took 0.070 seconds
[2024-11-20T00:42:22.188+0000] {processor.py:186} INFO - Started process (PID=4614) to work on /home/ubuntu/airflow_venv/lib/python3.12/site-packages/airflow/example_dags/example_python_operator.py
[2024-11-20T00:42:22.190+0000] {processor.py:914} INFO - Processing file /home/ubuntu/airflow_venv/lib/python3.12/site-packages/airflow/example_dags/example_python_operator.py for tasks to queue
[2024-11-20T00:42:22.192+0000] {logging_mixin.py:190} INFO - [2024-11-20T00:42:22.192+0000] {dagbag.py:588} INFO - Filling up the DagBag from /home/ubuntu/airflow_venv/lib/python3.12/site-packages/airflow/example_dags/example_python_operator.py
[2024-11-20T00:42:22.199+0000] {logging_mixin.py:190} INFO - [2024-11-20T00:42:22.199+0000] {example_python_operator.py:93} WARNING - The virtalenv_python example task requires virtualenv, please install it.
[2024-11-20T00:42:22.201+0000] {processor.py:925} INFO - DAG(s) 'example_python_operator' retrieved from /home/ubuntu/airflow_venv/lib/python3.12/site-packages/airflow/example_dags/example_python_operator.py
[2024-11-20T00:42:22.225+0000] {logging_mixin.py:190} INFO - [2024-11-20T00:42:22.225+0000] {dag.py:3239} INFO - Sync 1 DAGs
[2024-11-20T00:42:22.238+0000] {logging_mixin.py:190} INFO - [2024-11-20T00:42:22.238+0000] {dag.py:4180} INFO - Setting next_dagrun for example_python_operator to None, run_after=None
[2024-11-20T00:42:22.259+0000] {processor.py:208} INFO - Processing /home/ubuntu/airflow_venv/lib/python3.12/site-packages/airflow/example_dags/example_python_operator.py took 0.077 seconds
[2024-11-20T00:43:20.766+0000] {processor.py:186} INFO - Started process (PID=4674) to work on /home/ubuntu/airflow_venv/lib/python3.12/site-packages/airflow/example_dags/example_python_operator.py
[2024-11-20T00:43:20.767+0000] {processor.py:914} INFO - Processing file /home/ubuntu/airflow_venv/lib/python3.12/site-packages/airflow/example_dags/example_python_operator.py for tasks to queue
[2024-11-20T00:43:20.769+0000] {logging_mixin.py:190} INFO - [2024-11-20T00:43:20.769+0000] {dagbag.py:588} INFO - Filling up the DagBag from /home/ubuntu/airflow_venv/lib/python3.12/site-packages/airflow/example_dags/example_python_operator.py
[2024-11-20T00:43:20.776+0000] {logging_mixin.py:190} INFO - [2024-11-20T00:43:20.776+0000] {example_python_operator.py:93} WARNING - The virtalenv_python example task requires virtualenv, please install it.
[2024-11-20T00:43:20.778+0000] {processor.py:925} INFO - DAG(s) 'example_python_operator' retrieved from /home/ubuntu/airflow_venv/lib/python3.12/site-packages/airflow/example_dags/example_python_operator.py
[2024-11-20T00:43:20.794+0000] {logging_mixin.py:190} INFO - [2024-11-20T00:43:20.794+0000] {dag.py:3239} INFO - Sync 1 DAGs
[2024-11-20T00:43:20.806+0000] {logging_mixin.py:190} INFO - [2024-11-20T00:43:20.806+0000] {dag.py:4180} INFO - Setting next_dagrun for example_python_operator to None, run_after=None
[2024-11-20T00:43:20.828+0000] {processor.py:208} INFO - Processing /home/ubuntu/airflow_venv/lib/python3.12/site-packages/airflow/example_dags/example_python_operator.py took 0.068 seconds
[2024-11-20T00:44:14.847+0000] {processor.py:186} INFO - Started process (PID=4731) to work on /home/ubuntu/airflow_venv/lib/python3.12/site-packages/airflow/example_dags/example_python_operator.py
[2024-11-20T00:44:14.849+0000] {processor.py:914} INFO - Processing file /home/ubuntu/airflow_venv/lib/python3.12/site-packages/airflow/example_dags/example_python_operator.py for tasks to queue
[2024-11-20T00:44:14.851+0000] {logging_mixin.py:190} INFO - [2024-11-20T00:44:14.850+0000] {dagbag.py:588} INFO - Filling up the DagBag from /home/ubuntu/airflow_venv/lib/python3.12/site-packages/airflow/example_dags/example_python_operator.py
[2024-11-20T00:44:14.858+0000] {logging_mixin.py:190} INFO - [2024-11-20T00:44:14.858+0000] {example_python_operator.py:93} WARNING - The virtalenv_python example task requires virtualenv, please install it.
[2024-11-20T00:44:14.860+0000] {processor.py:925} INFO - DAG(s) 'example_python_operator' retrieved from /home/ubuntu/airflow_venv/lib/python3.12/site-packages/airflow/example_dags/example_python_operator.py
[2024-11-20T00:44:14.876+0000] {logging_mixin.py:190} INFO - [2024-11-20T00:44:14.876+0000] {dag.py:3239} INFO - Sync 1 DAGs
[2024-11-20T00:44:14.888+0000] {logging_mixin.py:190} INFO - [2024-11-20T00:44:14.887+0000] {dag.py:4180} INFO - Setting next_dagrun for example_python_operator to None, run_after=None
[2024-11-20T00:44:14.909+0000] {processor.py:208} INFO - Processing /home/ubuntu/airflow_venv/lib/python3.12/site-packages/airflow/example_dags/example_python_operator.py took 0.068 seconds
[2024-11-20T00:45:09.259+0000] {processor.py:186} INFO - Started process (PID=4789) to work on /home/ubuntu/airflow_venv/lib/python3.12/site-packages/airflow/example_dags/example_python_operator.py
[2024-11-20T00:45:09.261+0000] {processor.py:914} INFO - Processing file /home/ubuntu/airflow_venv/lib/python3.12/site-packages/airflow/example_dags/example_python_operator.py for tasks to queue
[2024-11-20T00:45:09.263+0000] {logging_mixin.py:190} INFO - [2024-11-20T00:45:09.262+0000] {dagbag.py:588} INFO - Filling up the DagBag from /home/ubuntu/airflow_venv/lib/python3.12/site-packages/airflow/example_dags/example_python_operator.py
[2024-11-20T00:45:09.270+0000] {logging_mixin.py:190} INFO - [2024-11-20T00:45:09.270+0000] {example_python_operator.py:93} WARNING - The virtalenv_python example task requires virtualenv, please install it.
[2024-11-20T00:45:09.272+0000] {processor.py:925} INFO - DAG(s) 'example_python_operator' retrieved from /home/ubuntu/airflow_venv/lib/python3.12/site-packages/airflow/example_dags/example_python_operator.py
[2024-11-20T00:45:09.288+0000] {logging_mixin.py:190} INFO - [2024-11-20T00:45:09.288+0000] {dag.py:3239} INFO - Sync 1 DAGs
[2024-11-20T00:45:09.299+0000] {logging_mixin.py:190} INFO - [2024-11-20T00:45:09.299+0000] {dag.py:4180} INFO - Setting next_dagrun for example_python_operator to None, run_after=None
[2024-11-20T00:45:09.328+0000] {processor.py:208} INFO - Processing /home/ubuntu/airflow_venv/lib/python3.12/site-packages/airflow/example_dags/example_python_operator.py took 0.076 seconds
[2024-11-20T00:46:03.863+0000] {processor.py:186} INFO - Started process (PID=4845) to work on /home/ubuntu/airflow_venv/lib/python3.12/site-packages/airflow/example_dags/example_python_operator.py
[2024-11-20T00:46:03.866+0000] {processor.py:914} INFO - Processing file /home/ubuntu/airflow_venv/lib/python3.12/site-packages/airflow/example_dags/example_python_operator.py for tasks to queue
[2024-11-20T00:46:03.867+0000] {logging_mixin.py:190} INFO - [2024-11-20T00:46:03.867+0000] {dagbag.py:588} INFO - Filling up the DagBag from /home/ubuntu/airflow_venv/lib/python3.12/site-packages/airflow/example_dags/example_python_operator.py
[2024-11-20T00:46:03.874+0000] {logging_mixin.py:190} INFO - [2024-11-20T00:46:03.874+0000] {example_python_operator.py:93} WARNING - The virtalenv_python example task requires virtualenv, please install it.
[2024-11-20T00:46:03.877+0000] {processor.py:925} INFO - DAG(s) 'example_python_operator' retrieved from /home/ubuntu/airflow_venv/lib/python3.12/site-packages/airflow/example_dags/example_python_operator.py
[2024-11-20T00:46:03.895+0000] {logging_mixin.py:190} INFO - [2024-11-20T00:46:03.894+0000] {dag.py:3239} INFO - Sync 1 DAGs
[2024-11-20T00:46:03.908+0000] {logging_mixin.py:190} INFO - [2024-11-20T00:46:03.907+0000] {dag.py:4180} INFO - Setting next_dagrun for example_python_operator to None, run_after=None
[2024-11-20T00:46:03.930+0000] {processor.py:208} INFO - Processing /home/ubuntu/airflow_venv/lib/python3.12/site-packages/airflow/example_dags/example_python_operator.py took 0.073 seconds
[2024-11-20T00:46:57.640+0000] {processor.py:186} INFO - Started process (PID=4901) to work on /home/ubuntu/airflow_venv/lib/python3.12/site-packages/airflow/example_dags/example_python_operator.py
[2024-11-20T00:46:57.642+0000] {processor.py:914} INFO - Processing file /home/ubuntu/airflow_venv/lib/python3.12/site-packages/airflow/example_dags/example_python_operator.py for tasks to queue
[2024-11-20T00:46:57.643+0000] {logging_mixin.py:190} INFO - [2024-11-20T00:46:57.643+0000] {dagbag.py:588} INFO - Filling up the DagBag from /home/ubuntu/airflow_venv/lib/python3.12/site-packages/airflow/example_dags/example_python_operator.py
[2024-11-20T00:46:57.650+0000] {logging_mixin.py:190} INFO - [2024-11-20T00:46:57.650+0000] {example_python_operator.py:93} WARNING - The virtalenv_python example task requires virtualenv, please install it.
[2024-11-20T00:46:57.652+0000] {processor.py:925} INFO - DAG(s) 'example_python_operator' retrieved from /home/ubuntu/airflow_venv/lib/python3.12/site-packages/airflow/example_dags/example_python_operator.py
[2024-11-20T00:46:57.668+0000] {logging_mixin.py:190} INFO - [2024-11-20T00:46:57.668+0000] {dag.py:3239} INFO - Sync 1 DAGs
[2024-11-20T00:46:57.682+0000] {logging_mixin.py:190} INFO - [2024-11-20T00:46:57.682+0000] {dag.py:4180} INFO - Setting next_dagrun for example_python_operator to None, run_after=None
[2024-11-20T00:46:57.703+0000] {processor.py:208} INFO - Processing /home/ubuntu/airflow_venv/lib/python3.12/site-packages/airflow/example_dags/example_python_operator.py took 0.070 seconds
[2024-11-20T00:47:50.151+0000] {processor.py:186} INFO - Started process (PID=4956) to work on /home/ubuntu/airflow_venv/lib/python3.12/site-packages/airflow/example_dags/example_python_operator.py
[2024-11-20T00:47:50.152+0000] {processor.py:914} INFO - Processing file /home/ubuntu/airflow_venv/lib/python3.12/site-packages/airflow/example_dags/example_python_operator.py for tasks to queue
[2024-11-20T00:47:50.154+0000] {logging_mixin.py:190} INFO - [2024-11-20T00:47:50.153+0000] {dagbag.py:588} INFO - Filling up the DagBag from /home/ubuntu/airflow_venv/lib/python3.12/site-packages/airflow/example_dags/example_python_operator.py
[2024-11-20T00:47:50.160+0000] {logging_mixin.py:190} INFO - [2024-11-20T00:47:50.160+0000] {example_python_operator.py:93} WARNING - The virtalenv_python example task requires virtualenv, please install it.
[2024-11-20T00:47:50.163+0000] {processor.py:925} INFO - DAG(s) 'example_python_operator' retrieved from /home/ubuntu/airflow_venv/lib/python3.12/site-packages/airflow/example_dags/example_python_operator.py
[2024-11-20T00:47:50.179+0000] {logging_mixin.py:190} INFO - [2024-11-20T00:47:50.178+0000] {dag.py:3239} INFO - Sync 1 DAGs
[2024-11-20T00:47:50.192+0000] {logging_mixin.py:190} INFO - [2024-11-20T00:47:50.192+0000] {dag.py:4180} INFO - Setting next_dagrun for example_python_operator to None, run_after=None
[2024-11-20T00:47:50.214+0000] {processor.py:208} INFO - Processing /home/ubuntu/airflow_venv/lib/python3.12/site-packages/airflow/example_dags/example_python_operator.py took 0.069 seconds
[2024-11-20T00:48:43.289+0000] {processor.py:186} INFO - Started process (PID=5010) to work on /home/ubuntu/airflow_venv/lib/python3.12/site-packages/airflow/example_dags/example_python_operator.py
[2024-11-20T00:48:43.290+0000] {processor.py:914} INFO - Processing file /home/ubuntu/airflow_venv/lib/python3.12/site-packages/airflow/example_dags/example_python_operator.py for tasks to queue
[2024-11-20T00:48:43.292+0000] {logging_mixin.py:190} INFO - [2024-11-20T00:48:43.291+0000] {dagbag.py:588} INFO - Filling up the DagBag from /home/ubuntu/airflow_venv/lib/python3.12/site-packages/airflow/example_dags/example_python_operator.py
[2024-11-20T00:48:43.299+0000] {logging_mixin.py:190} INFO - [2024-11-20T00:48:43.299+0000] {example_python_operator.py:93} WARNING - The virtalenv_python example task requires virtualenv, please install it.
[2024-11-20T00:48:43.301+0000] {processor.py:925} INFO - DAG(s) 'example_python_operator' retrieved from /home/ubuntu/airflow_venv/lib/python3.12/site-packages/airflow/example_dags/example_python_operator.py
[2024-11-20T00:48:43.317+0000] {logging_mixin.py:190} INFO - [2024-11-20T00:48:43.317+0000] {dag.py:3239} INFO - Sync 1 DAGs
[2024-11-20T00:48:43.330+0000] {logging_mixin.py:190} INFO - [2024-11-20T00:48:43.330+0000] {dag.py:4180} INFO - Setting next_dagrun for example_python_operator to None, run_after=None
[2024-11-20T00:48:43.352+0000] {processor.py:208} INFO - Processing /home/ubuntu/airflow_venv/lib/python3.12/site-packages/airflow/example_dags/example_python_operator.py took 0.070 seconds
[2024-11-20T00:49:37.661+0000] {processor.py:186} INFO - Started process (PID=5068) to work on /home/ubuntu/airflow_venv/lib/python3.12/site-packages/airflow/example_dags/example_python_operator.py
[2024-11-20T00:49:37.662+0000] {processor.py:914} INFO - Processing file /home/ubuntu/airflow_venv/lib/python3.12/site-packages/airflow/example_dags/example_python_operator.py for tasks to queue
[2024-11-20T00:49:37.664+0000] {logging_mixin.py:190} INFO - [2024-11-20T00:49:37.664+0000] {dagbag.py:588} INFO - Filling up the DagBag from /home/ubuntu/airflow_venv/lib/python3.12/site-packages/airflow/example_dags/example_python_operator.py
[2024-11-20T00:49:37.671+0000] {logging_mixin.py:190} INFO - [2024-11-20T00:49:37.670+0000] {example_python_operator.py:93} WARNING - The virtalenv_python example task requires virtualenv, please install it.
[2024-11-20T00:49:37.673+0000] {processor.py:925} INFO - DAG(s) 'example_python_operator' retrieved from /home/ubuntu/airflow_venv/lib/python3.12/site-packages/airflow/example_dags/example_python_operator.py
[2024-11-20T00:49:37.689+0000] {logging_mixin.py:190} INFO - [2024-11-20T00:49:37.689+0000] {dag.py:3239} INFO - Sync 1 DAGs
[2024-11-20T00:49:37.701+0000] {logging_mixin.py:190} INFO - [2024-11-20T00:49:37.701+0000] {dag.py:4180} INFO - Setting next_dagrun for example_python_operator to None, run_after=None
[2024-11-20T00:49:37.723+0000] {processor.py:208} INFO - Processing /home/ubuntu/airflow_venv/lib/python3.12/site-packages/airflow/example_dags/example_python_operator.py took 0.069 seconds
[2024-11-20T00:50:30.861+0000] {processor.py:186} INFO - Started process (PID=5127) to work on /home/ubuntu/airflow_venv/lib/python3.12/site-packages/airflow/example_dags/example_python_operator.py
[2024-11-20T00:50:30.863+0000] {processor.py:914} INFO - Processing file /home/ubuntu/airflow_venv/lib/python3.12/site-packages/airflow/example_dags/example_python_operator.py for tasks to queue
[2024-11-20T00:50:30.864+0000] {logging_mixin.py:190} INFO - [2024-11-20T00:50:30.864+0000] {dagbag.py:588} INFO - Filling up the DagBag from /home/ubuntu/airflow_venv/lib/python3.12/site-packages/airflow/example_dags/example_python_operator.py
[2024-11-20T00:50:30.872+0000] {logging_mixin.py:190} INFO - [2024-11-20T00:50:30.872+0000] {example_python_operator.py:93} WARNING - The virtalenv_python example task requires virtualenv, please install it.
[2024-11-20T00:50:30.876+0000] {processor.py:925} INFO - DAG(s) 'example_python_operator' retrieved from /home/ubuntu/airflow_venv/lib/python3.12/site-packages/airflow/example_dags/example_python_operator.py
[2024-11-20T00:50:30.899+0000] {logging_mixin.py:190} INFO - [2024-11-20T00:50:30.898+0000] {dag.py:3239} INFO - Sync 1 DAGs
[2024-11-20T00:50:30.911+0000] {logging_mixin.py:190} INFO - [2024-11-20T00:50:30.910+0000] {dag.py:4180} INFO - Setting next_dagrun for example_python_operator to None, run_after=None
[2024-11-20T00:50:30.934+0000] {processor.py:208} INFO - Processing /home/ubuntu/airflow_venv/lib/python3.12/site-packages/airflow/example_dags/example_python_operator.py took 0.079 seconds
[2024-11-20T00:51:26.740+0000] {processor.py:186} INFO - Started process (PID=5182) to work on /home/ubuntu/airflow_venv/lib/python3.12/site-packages/airflow/example_dags/example_python_operator.py
[2024-11-20T00:51:26.741+0000] {processor.py:914} INFO - Processing file /home/ubuntu/airflow_venv/lib/python3.12/site-packages/airflow/example_dags/example_python_operator.py for tasks to queue
[2024-11-20T00:51:26.743+0000] {logging_mixin.py:190} INFO - [2024-11-20T00:51:26.743+0000] {dagbag.py:588} INFO - Filling up the DagBag from /home/ubuntu/airflow_venv/lib/python3.12/site-packages/airflow/example_dags/example_python_operator.py
[2024-11-20T00:51:26.756+0000] {logging_mixin.py:190} INFO - [2024-11-20T00:51:26.756+0000] {example_python_operator.py:93} WARNING - The virtalenv_python example task requires virtualenv, please install it.
[2024-11-20T00:51:26.761+0000] {processor.py:925} INFO - DAG(s) 'example_python_operator' retrieved from /home/ubuntu/airflow_venv/lib/python3.12/site-packages/airflow/example_dags/example_python_operator.py
[2024-11-20T00:51:26.778+0000] {logging_mixin.py:190} INFO - [2024-11-20T00:51:26.778+0000] {dag.py:3239} INFO - Sync 1 DAGs
[2024-11-20T00:51:26.791+0000] {logging_mixin.py:190} INFO - [2024-11-20T00:51:26.790+0000] {dag.py:4180} INFO - Setting next_dagrun for example_python_operator to None, run_after=None
[2024-11-20T00:51:26.813+0000] {processor.py:208} INFO - Processing /home/ubuntu/airflow_venv/lib/python3.12/site-packages/airflow/example_dags/example_python_operator.py took 0.081 seconds
[2024-11-20T00:52:24.932+0000] {processor.py:186} INFO - Started process (PID=5243) to work on /home/ubuntu/airflow_venv/lib/python3.12/site-packages/airflow/example_dags/example_python_operator.py
[2024-11-20T00:52:24.934+0000] {processor.py:914} INFO - Processing file /home/ubuntu/airflow_venv/lib/python3.12/site-packages/airflow/example_dags/example_python_operator.py for tasks to queue
[2024-11-20T00:52:24.935+0000] {logging_mixin.py:190} INFO - [2024-11-20T00:52:24.935+0000] {dagbag.py:588} INFO - Filling up the DagBag from /home/ubuntu/airflow_venv/lib/python3.12/site-packages/airflow/example_dags/example_python_operator.py
[2024-11-20T00:52:24.941+0000] {logging_mixin.py:190} INFO - [2024-11-20T00:52:24.941+0000] {example_python_operator.py:93} WARNING - The virtalenv_python example task requires virtualenv, please install it.
[2024-11-20T00:52:24.945+0000] {processor.py:925} INFO - DAG(s) 'example_python_operator' retrieved from /home/ubuntu/airflow_venv/lib/python3.12/site-packages/airflow/example_dags/example_python_operator.py
[2024-11-20T00:52:24.960+0000] {logging_mixin.py:190} INFO - [2024-11-20T00:52:24.960+0000] {dag.py:3239} INFO - Sync 1 DAGs
[2024-11-20T00:52:24.973+0000] {logging_mixin.py:190} INFO - [2024-11-20T00:52:24.973+0000] {dag.py:4180} INFO - Setting next_dagrun for example_python_operator to None, run_after=None
[2024-11-20T00:52:24.994+0000] {processor.py:208} INFO - Processing /home/ubuntu/airflow_venv/lib/python3.12/site-packages/airflow/example_dags/example_python_operator.py took 0.070 seconds
[2024-11-20T00:53:21.721+0000] {processor.py:186} INFO - Started process (PID=5300) to work on /home/ubuntu/airflow_venv/lib/python3.12/site-packages/airflow/example_dags/example_python_operator.py
[2024-11-20T00:53:21.723+0000] {processor.py:914} INFO - Processing file /home/ubuntu/airflow_venv/lib/python3.12/site-packages/airflow/example_dags/example_python_operator.py for tasks to queue
[2024-11-20T00:53:21.725+0000] {logging_mixin.py:190} INFO - [2024-11-20T00:53:21.725+0000] {dagbag.py:588} INFO - Filling up the DagBag from /home/ubuntu/airflow_venv/lib/python3.12/site-packages/airflow/example_dags/example_python_operator.py
[2024-11-20T00:53:21.732+0000] {logging_mixin.py:190} INFO - [2024-11-20T00:53:21.732+0000] {example_python_operator.py:93} WARNING - The virtalenv_python example task requires virtualenv, please install it.
[2024-11-20T00:53:21.735+0000] {processor.py:925} INFO - DAG(s) 'example_python_operator' retrieved from /home/ubuntu/airflow_venv/lib/python3.12/site-packages/airflow/example_dags/example_python_operator.py
[2024-11-20T00:53:21.751+0000] {logging_mixin.py:190} INFO - [2024-11-20T00:53:21.750+0000] {dag.py:3239} INFO - Sync 1 DAGs
[2024-11-20T00:53:21.762+0000] {logging_mixin.py:190} INFO - [2024-11-20T00:53:21.762+0000] {dag.py:4180} INFO - Setting next_dagrun for example_python_operator to None, run_after=None
[2024-11-20T00:53:21.784+0000] {processor.py:208} INFO - Processing /home/ubuntu/airflow_venv/lib/python3.12/site-packages/airflow/example_dags/example_python_operator.py took 0.069 seconds
[2024-11-20T00:54:17.554+0000] {processor.py:186} INFO - Started process (PID=5370) to work on /home/ubuntu/airflow_venv/lib/python3.12/site-packages/airflow/example_dags/example_python_operator.py
[2024-11-20T00:54:17.556+0000] {processor.py:914} INFO - Processing file /home/ubuntu/airflow_venv/lib/python3.12/site-packages/airflow/example_dags/example_python_operator.py for tasks to queue
[2024-11-20T00:54:17.558+0000] {logging_mixin.py:190} INFO - [2024-11-20T00:54:17.558+0000] {dagbag.py:588} INFO - Filling up the DagBag from /home/ubuntu/airflow_venv/lib/python3.12/site-packages/airflow/example_dags/example_python_operator.py
[2024-11-20T00:54:17.564+0000] {logging_mixin.py:190} INFO - [2024-11-20T00:54:17.564+0000] {example_python_operator.py:93} WARNING - The virtalenv_python example task requires virtualenv, please install it.
[2024-11-20T00:54:17.567+0000] {processor.py:925} INFO - DAG(s) 'example_python_operator' retrieved from /home/ubuntu/airflow_venv/lib/python3.12/site-packages/airflow/example_dags/example_python_operator.py
[2024-11-20T00:54:17.583+0000] {logging_mixin.py:190} INFO - [2024-11-20T00:54:17.583+0000] {dag.py:3239} INFO - Sync 1 DAGs
[2024-11-20T00:54:17.594+0000] {logging_mixin.py:190} INFO - [2024-11-20T00:54:17.594+0000] {dag.py:4180} INFO - Setting next_dagrun for example_python_operator to None, run_after=None
[2024-11-20T00:54:17.617+0000] {processor.py:208} INFO - Processing /home/ubuntu/airflow_venv/lib/python3.12/site-packages/airflow/example_dags/example_python_operator.py took 0.069 seconds
[2024-11-20T00:55:09.051+0000] {processor.py:186} INFO - Started process (PID=5427) to work on /home/ubuntu/airflow_venv/lib/python3.12/site-packages/airflow/example_dags/example_python_operator.py
[2024-11-20T00:55:09.052+0000] {processor.py:914} INFO - Processing file /home/ubuntu/airflow_venv/lib/python3.12/site-packages/airflow/example_dags/example_python_operator.py for tasks to queue
[2024-11-20T00:55:09.054+0000] {logging_mixin.py:190} INFO - [2024-11-20T00:55:09.053+0000] {dagbag.py:588} INFO - Filling up the DagBag from /home/ubuntu/airflow_venv/lib/python3.12/site-packages/airflow/example_dags/example_python_operator.py
[2024-11-20T00:55:09.061+0000] {logging_mixin.py:190} INFO - [2024-11-20T00:55:09.061+0000] {example_python_operator.py:93} WARNING - The virtalenv_python example task requires virtualenv, please install it.
[2024-11-20T00:55:09.064+0000] {processor.py:925} INFO - DAG(s) 'example_python_operator' retrieved from /home/ubuntu/airflow_venv/lib/python3.12/site-packages/airflow/example_dags/example_python_operator.py
[2024-11-20T00:55:09.080+0000] {logging_mixin.py:190} INFO - [2024-11-20T00:55:09.080+0000] {dag.py:3239} INFO - Sync 1 DAGs
[2024-11-20T00:55:09.092+0000] {logging_mixin.py:190} INFO - [2024-11-20T00:55:09.092+0000] {dag.py:4180} INFO - Setting next_dagrun for example_python_operator to None, run_after=None
[2024-11-20T00:55:09.114+0000] {processor.py:208} INFO - Processing /home/ubuntu/airflow_venv/lib/python3.12/site-packages/airflow/example_dags/example_python_operator.py took 0.070 seconds
[2024-11-20T00:56:00.719+0000] {processor.py:186} INFO - Started process (PID=5483) to work on /home/ubuntu/airflow_venv/lib/python3.12/site-packages/airflow/example_dags/example_python_operator.py
[2024-11-20T00:56:00.721+0000] {processor.py:914} INFO - Processing file /home/ubuntu/airflow_venv/lib/python3.12/site-packages/airflow/example_dags/example_python_operator.py for tasks to queue
[2024-11-20T00:56:00.722+0000] {logging_mixin.py:190} INFO - [2024-11-20T00:56:00.722+0000] {dagbag.py:588} INFO - Filling up the DagBag from /home/ubuntu/airflow_venv/lib/python3.12/site-packages/airflow/example_dags/example_python_operator.py
[2024-11-20T00:56:00.729+0000] {logging_mixin.py:190} INFO - [2024-11-20T00:56:00.729+0000] {example_python_operator.py:93} WARNING - The virtalenv_python example task requires virtualenv, please install it.
[2024-11-20T00:56:00.731+0000] {processor.py:925} INFO - DAG(s) 'example_python_operator' retrieved from /home/ubuntu/airflow_venv/lib/python3.12/site-packages/airflow/example_dags/example_python_operator.py
[2024-11-20T00:56:00.747+0000] {logging_mixin.py:190} INFO - [2024-11-20T00:56:00.747+0000] {dag.py:3239} INFO - Sync 1 DAGs
[2024-11-20T00:56:00.758+0000] {logging_mixin.py:190} INFO - [2024-11-20T00:56:00.758+0000] {dag.py:4180} INFO - Setting next_dagrun for example_python_operator to None, run_after=None
[2024-11-20T00:56:00.780+0000] {processor.py:208} INFO - Processing /home/ubuntu/airflow_venv/lib/python3.12/site-packages/airflow/example_dags/example_python_operator.py took 0.068 seconds
[2024-11-20T00:56:55.881+0000] {processor.py:186} INFO - Started process (PID=5540) to work on /home/ubuntu/airflow_venv/lib/python3.12/site-packages/airflow/example_dags/example_python_operator.py
[2024-11-20T00:56:55.882+0000] {processor.py:914} INFO - Processing file /home/ubuntu/airflow_venv/lib/python3.12/site-packages/airflow/example_dags/example_python_operator.py for tasks to queue
[2024-11-20T00:56:55.885+0000] {logging_mixin.py:190} INFO - [2024-11-20T00:56:55.884+0000] {dagbag.py:588} INFO - Filling up the DagBag from /home/ubuntu/airflow_venv/lib/python3.12/site-packages/airflow/example_dags/example_python_operator.py
[2024-11-20T00:56:55.898+0000] {logging_mixin.py:190} INFO - [2024-11-20T00:56:55.897+0000] {example_python_operator.py:93} WARNING - The virtalenv_python example task requires virtualenv, please install it.
[2024-11-20T00:56:55.903+0000] {processor.py:925} INFO - DAG(s) 'example_python_operator' retrieved from /home/ubuntu/airflow_venv/lib/python3.12/site-packages/airflow/example_dags/example_python_operator.py
[2024-11-20T00:56:55.920+0000] {logging_mixin.py:190} INFO - [2024-11-20T00:56:55.920+0000] {dag.py:3239} INFO - Sync 1 DAGs
[2024-11-20T00:56:55.932+0000] {logging_mixin.py:190} INFO - [2024-11-20T00:56:55.932+0000] {dag.py:4180} INFO - Setting next_dagrun for example_python_operator to None, run_after=None
[2024-11-20T00:56:55.953+0000] {processor.py:208} INFO - Processing /home/ubuntu/airflow_venv/lib/python3.12/site-packages/airflow/example_dags/example_python_operator.py took 0.078 seconds
[2024-11-20T00:57:48.410+0000] {processor.py:186} INFO - Started process (PID=5595) to work on /home/ubuntu/airflow_venv/lib/python3.12/site-packages/airflow/example_dags/example_python_operator.py
[2024-11-20T00:57:48.411+0000] {processor.py:914} INFO - Processing file /home/ubuntu/airflow_venv/lib/python3.12/site-packages/airflow/example_dags/example_python_operator.py for tasks to queue
[2024-11-20T00:57:48.413+0000] {logging_mixin.py:190} INFO - [2024-11-20T00:57:48.412+0000] {dagbag.py:588} INFO - Filling up the DagBag from /home/ubuntu/airflow_venv/lib/python3.12/site-packages/airflow/example_dags/example_python_operator.py
[2024-11-20T00:57:48.420+0000] {logging_mixin.py:190} INFO - [2024-11-20T00:57:48.420+0000] {example_python_operator.py:93} WARNING - The virtalenv_python example task requires virtualenv, please install it.
[2024-11-20T00:57:48.422+0000] {processor.py:925} INFO - DAG(s) 'example_python_operator' retrieved from /home/ubuntu/airflow_venv/lib/python3.12/site-packages/airflow/example_dags/example_python_operator.py
[2024-11-20T00:57:48.438+0000] {logging_mixin.py:190} INFO - [2024-11-20T00:57:48.438+0000] {dag.py:3239} INFO - Sync 1 DAGs
[2024-11-20T00:57:48.450+0000] {logging_mixin.py:190} INFO - [2024-11-20T00:57:48.450+0000] {dag.py:4180} INFO - Setting next_dagrun for example_python_operator to None, run_after=None
[2024-11-20T00:57:48.473+0000] {processor.py:208} INFO - Processing /home/ubuntu/airflow_venv/lib/python3.12/site-packages/airflow/example_dags/example_python_operator.py took 0.070 seconds
[2024-11-20T00:58:40.028+0000] {processor.py:186} INFO - Started process (PID=5650) to work on /home/ubuntu/airflow_venv/lib/python3.12/site-packages/airflow/example_dags/example_python_operator.py
[2024-11-20T00:58:40.030+0000] {processor.py:914} INFO - Processing file /home/ubuntu/airflow_venv/lib/python3.12/site-packages/airflow/example_dags/example_python_operator.py for tasks to queue
[2024-11-20T00:58:40.032+0000] {logging_mixin.py:190} INFO - [2024-11-20T00:58:40.032+0000] {dagbag.py:588} INFO - Filling up the DagBag from /home/ubuntu/airflow_venv/lib/python3.12/site-packages/airflow/example_dags/example_python_operator.py
[2024-11-20T00:58:40.039+0000] {logging_mixin.py:190} INFO - [2024-11-20T00:58:40.039+0000] {example_python_operator.py:93} WARNING - The virtalenv_python example task requires virtualenv, please install it.
[2024-11-20T00:58:40.041+0000] {processor.py:925} INFO - DAG(s) 'example_python_operator' retrieved from /home/ubuntu/airflow_venv/lib/python3.12/site-packages/airflow/example_dags/example_python_operator.py
[2024-11-20T00:58:40.058+0000] {logging_mixin.py:190} INFO - [2024-11-20T00:58:40.058+0000] {dag.py:3239} INFO - Sync 1 DAGs
[2024-11-20T00:58:40.070+0000] {logging_mixin.py:190} INFO - [2024-11-20T00:58:40.070+0000] {dag.py:4180} INFO - Setting next_dagrun for example_python_operator to None, run_after=None
[2024-11-20T00:58:40.091+0000] {processor.py:208} INFO - Processing /home/ubuntu/airflow_venv/lib/python3.12/site-packages/airflow/example_dags/example_python_operator.py took 0.070 seconds
[2024-11-20T00:59:32.652+0000] {processor.py:186} INFO - Started process (PID=5708) to work on /home/ubuntu/airflow_venv/lib/python3.12/site-packages/airflow/example_dags/example_python_operator.py
[2024-11-20T00:59:32.654+0000] {processor.py:914} INFO - Processing file /home/ubuntu/airflow_venv/lib/python3.12/site-packages/airflow/example_dags/example_python_operator.py for tasks to queue
[2024-11-20T00:59:32.655+0000] {logging_mixin.py:190} INFO - [2024-11-20T00:59:32.655+0000] {dagbag.py:588} INFO - Filling up the DagBag from /home/ubuntu/airflow_venv/lib/python3.12/site-packages/airflow/example_dags/example_python_operator.py
[2024-11-20T00:59:32.661+0000] {logging_mixin.py:190} INFO - [2024-11-20T00:59:32.661+0000] {example_python_operator.py:93} WARNING - The virtalenv_python example task requires virtualenv, please install it.
[2024-11-20T00:59:32.665+0000] {processor.py:925} INFO - DAG(s) 'example_python_operator' retrieved from /home/ubuntu/airflow_venv/lib/python3.12/site-packages/airflow/example_dags/example_python_operator.py
[2024-11-20T00:59:32.680+0000] {logging_mixin.py:190} INFO - [2024-11-20T00:59:32.680+0000] {dag.py:3239} INFO - Sync 1 DAGs
[2024-11-20T00:59:32.692+0000] {logging_mixin.py:190} INFO - [2024-11-20T00:59:32.692+0000] {dag.py:4180} INFO - Setting next_dagrun for example_python_operator to None, run_after=None
[2024-11-20T00:59:32.714+0000] {processor.py:208} INFO - Processing /home/ubuntu/airflow_venv/lib/python3.12/site-packages/airflow/example_dags/example_python_operator.py took 0.069 seconds
[2024-11-20T01:00:26.635+0000] {processor.py:186} INFO - Started process (PID=5767) to work on /home/ubuntu/airflow_venv/lib/python3.12/site-packages/airflow/example_dags/example_python_operator.py
[2024-11-20T01:00:26.637+0000] {processor.py:914} INFO - Processing file /home/ubuntu/airflow_venv/lib/python3.12/site-packages/airflow/example_dags/example_python_operator.py for tasks to queue
[2024-11-20T01:00:26.638+0000] {logging_mixin.py:190} INFO - [2024-11-20T01:00:26.638+0000] {dagbag.py:588} INFO - Filling up the DagBag from /home/ubuntu/airflow_venv/lib/python3.12/site-packages/airflow/example_dags/example_python_operator.py
[2024-11-20T01:00:26.645+0000] {logging_mixin.py:190} INFO - [2024-11-20T01:00:26.645+0000] {example_python_operator.py:93} WARNING - The virtalenv_python example task requires virtualenv, please install it.
[2024-11-20T01:00:26.648+0000] {processor.py:925} INFO - DAG(s) 'example_python_operator' retrieved from /home/ubuntu/airflow_venv/lib/python3.12/site-packages/airflow/example_dags/example_python_operator.py
[2024-11-20T01:00:26.664+0000] {logging_mixin.py:190} INFO - [2024-11-20T01:00:26.664+0000] {dag.py:3239} INFO - Sync 1 DAGs
[2024-11-20T01:00:26.676+0000] {logging_mixin.py:190} INFO - [2024-11-20T01:00:26.676+0000] {dag.py:4180} INFO - Setting next_dagrun for example_python_operator to None, run_after=None
[2024-11-20T01:00:26.697+0000] {processor.py:208} INFO - Processing /home/ubuntu/airflow_venv/lib/python3.12/site-packages/airflow/example_dags/example_python_operator.py took 0.068 seconds
[2024-11-20T01:01:21.994+0000] {processor.py:186} INFO - Started process (PID=5824) to work on /home/ubuntu/airflow_venv/lib/python3.12/site-packages/airflow/example_dags/example_python_operator.py
[2024-11-20T01:01:21.997+0000] {processor.py:914} INFO - Processing file /home/ubuntu/airflow_venv/lib/python3.12/site-packages/airflow/example_dags/example_python_operator.py for tasks to queue
[2024-11-20T01:01:21.998+0000] {logging_mixin.py:190} INFO - [2024-11-20T01:01:21.998+0000] {dagbag.py:588} INFO - Filling up the DagBag from /home/ubuntu/airflow_venv/lib/python3.12/site-packages/airflow/example_dags/example_python_operator.py
[2024-11-20T01:01:22.005+0000] {logging_mixin.py:190} INFO - [2024-11-20T01:01:22.005+0000] {example_python_operator.py:93} WARNING - The virtalenv_python example task requires virtualenv, please install it.
[2024-11-20T01:01:22.008+0000] {processor.py:925} INFO - DAG(s) 'example_python_operator' retrieved from /home/ubuntu/airflow_venv/lib/python3.12/site-packages/airflow/example_dags/example_python_operator.py
[2024-11-20T01:01:22.025+0000] {logging_mixin.py:190} INFO - [2024-11-20T01:01:22.024+0000] {dag.py:3239} INFO - Sync 1 DAGs
[2024-11-20T01:01:22.036+0000] {logging_mixin.py:190} INFO - [2024-11-20T01:01:22.036+0000] {dag.py:4180} INFO - Setting next_dagrun for example_python_operator to None, run_after=None
[2024-11-20T01:01:22.060+0000] {processor.py:208} INFO - Processing /home/ubuntu/airflow_venv/lib/python3.12/site-packages/airflow/example_dags/example_python_operator.py took 0.072 seconds
[2024-11-20T01:02:37.271+0000] {processor.py:186} INFO - Started process (PID=5906) to work on /home/ubuntu/airflow_venv/lib/python3.12/site-packages/airflow/example_dags/example_python_operator.py
[2024-11-20T01:02:37.273+0000] {processor.py:914} INFO - Processing file /home/ubuntu/airflow_venv/lib/python3.12/site-packages/airflow/example_dags/example_python_operator.py for tasks to queue
[2024-11-20T01:02:37.275+0000] {logging_mixin.py:190} INFO - [2024-11-20T01:02:37.274+0000] {dagbag.py:588} INFO - Filling up the DagBag from /home/ubuntu/airflow_venv/lib/python3.12/site-packages/airflow/example_dags/example_python_operator.py
[2024-11-20T01:02:37.282+0000] {logging_mixin.py:190} INFO - [2024-11-20T01:02:37.282+0000] {example_python_operator.py:93} WARNING - The virtalenv_python example task requires virtualenv, please install it.
[2024-11-20T01:02:37.284+0000] {processor.py:925} INFO - DAG(s) 'example_python_operator' retrieved from /home/ubuntu/airflow_venv/lib/python3.12/site-packages/airflow/example_dags/example_python_operator.py
[2024-11-20T01:02:37.300+0000] {logging_mixin.py:190} INFO - [2024-11-20T01:02:37.300+0000] {dag.py:3239} INFO - Sync 1 DAGs
[2024-11-20T01:02:37.312+0000] {logging_mixin.py:190} INFO - [2024-11-20T01:02:37.312+0000] {dag.py:4180} INFO - Setting next_dagrun for example_python_operator to None, run_after=None
[2024-11-20T01:02:37.334+0000] {processor.py:208} INFO - Processing /home/ubuntu/airflow_venv/lib/python3.12/site-packages/airflow/example_dags/example_python_operator.py took 0.070 seconds
[2024-11-20T01:03:33.073+0000] {processor.py:186} INFO - Started process (PID=5962) to work on /home/ubuntu/airflow_venv/lib/python3.12/site-packages/airflow/example_dags/example_python_operator.py
[2024-11-20T01:03:33.074+0000] {processor.py:914} INFO - Processing file /home/ubuntu/airflow_venv/lib/python3.12/site-packages/airflow/example_dags/example_python_operator.py for tasks to queue
[2024-11-20T01:03:33.076+0000] {logging_mixin.py:190} INFO - [2024-11-20T01:03:33.075+0000] {dagbag.py:588} INFO - Filling up the DagBag from /home/ubuntu/airflow_venv/lib/python3.12/site-packages/airflow/example_dags/example_python_operator.py
[2024-11-20T01:03:33.083+0000] {logging_mixin.py:190} INFO - [2024-11-20T01:03:33.083+0000] {example_python_operator.py:93} WARNING - The virtalenv_python example task requires virtualenv, please install it.
[2024-11-20T01:03:33.086+0000] {processor.py:925} INFO - DAG(s) 'example_python_operator' retrieved from /home/ubuntu/airflow_venv/lib/python3.12/site-packages/airflow/example_dags/example_python_operator.py
[2024-11-20T01:03:33.102+0000] {logging_mixin.py:190} INFO - [2024-11-20T01:03:33.102+0000] {dag.py:3239} INFO - Sync 1 DAGs
[2024-11-20T01:03:33.115+0000] {logging_mixin.py:190} INFO - [2024-11-20T01:03:33.115+0000] {dag.py:4180} INFO - Setting next_dagrun for example_python_operator to None, run_after=None
[2024-11-20T01:03:33.137+0000] {processor.py:208} INFO - Processing /home/ubuntu/airflow_venv/lib/python3.12/site-packages/airflow/example_dags/example_python_operator.py took 0.071 seconds
[2024-11-20T01:04:29.512+0000] {processor.py:186} INFO - Started process (PID=6021) to work on /home/ubuntu/airflow_venv/lib/python3.12/site-packages/airflow/example_dags/example_python_operator.py
[2024-11-20T01:04:29.514+0000] {processor.py:914} INFO - Processing file /home/ubuntu/airflow_venv/lib/python3.12/site-packages/airflow/example_dags/example_python_operator.py for tasks to queue
[2024-11-20T01:04:29.515+0000] {logging_mixin.py:190} INFO - [2024-11-20T01:04:29.515+0000] {dagbag.py:588} INFO - Filling up the DagBag from /home/ubuntu/airflow_venv/lib/python3.12/site-packages/airflow/example_dags/example_python_operator.py
[2024-11-20T01:04:29.523+0000] {logging_mixin.py:190} INFO - [2024-11-20T01:04:29.523+0000] {example_python_operator.py:93} WARNING - The virtalenv_python example task requires virtualenv, please install it.
[2024-11-20T01:04:29.525+0000] {processor.py:925} INFO - DAG(s) 'example_python_operator' retrieved from /home/ubuntu/airflow_venv/lib/python3.12/site-packages/airflow/example_dags/example_python_operator.py
[2024-11-20T01:04:29.543+0000] {logging_mixin.py:190} INFO - [2024-11-20T01:04:29.543+0000] {dag.py:3239} INFO - Sync 1 DAGs
[2024-11-20T01:04:29.566+0000] {logging_mixin.py:190} INFO - [2024-11-20T01:04:29.566+0000] {dag.py:4180} INFO - Setting next_dagrun for example_python_operator to None, run_after=None
[2024-11-20T01:04:29.597+0000] {processor.py:208} INFO - Processing /home/ubuntu/airflow_venv/lib/python3.12/site-packages/airflow/example_dags/example_python_operator.py took 0.091 seconds
[2024-11-20T01:05:24.765+0000] {processor.py:186} INFO - Started process (PID=6081) to work on /home/ubuntu/airflow_venv/lib/python3.12/site-packages/airflow/example_dags/example_python_operator.py
[2024-11-20T01:05:24.766+0000] {processor.py:914} INFO - Processing file /home/ubuntu/airflow_venv/lib/python3.12/site-packages/airflow/example_dags/example_python_operator.py for tasks to queue
[2024-11-20T01:05:24.768+0000] {logging_mixin.py:190} INFO - [2024-11-20T01:05:24.767+0000] {dagbag.py:588} INFO - Filling up the DagBag from /home/ubuntu/airflow_venv/lib/python3.12/site-packages/airflow/example_dags/example_python_operator.py
[2024-11-20T01:05:24.775+0000] {logging_mixin.py:190} INFO - [2024-11-20T01:05:24.775+0000] {example_python_operator.py:93} WARNING - The virtalenv_python example task requires virtualenv, please install it.
[2024-11-20T01:05:24.778+0000] {processor.py:925} INFO - DAG(s) 'example_python_operator' retrieved from /home/ubuntu/airflow_venv/lib/python3.12/site-packages/airflow/example_dags/example_python_operator.py
[2024-11-20T01:05:24.794+0000] {logging_mixin.py:190} INFO - [2024-11-20T01:05:24.794+0000] {dag.py:3239} INFO - Sync 1 DAGs
[2024-11-20T01:05:24.806+0000] {logging_mixin.py:190} INFO - [2024-11-20T01:05:24.805+0000] {dag.py:4180} INFO - Setting next_dagrun for example_python_operator to None, run_after=None
[2024-11-20T01:05:24.827+0000] {processor.py:208} INFO - Processing /home/ubuntu/airflow_venv/lib/python3.12/site-packages/airflow/example_dags/example_python_operator.py took 0.069 seconds
[2024-11-20T01:06:17.834+0000] {processor.py:186} INFO - Started process (PID=6136) to work on /home/ubuntu/airflow_venv/lib/python3.12/site-packages/airflow/example_dags/example_python_operator.py
[2024-11-20T01:06:17.835+0000] {processor.py:914} INFO - Processing file /home/ubuntu/airflow_venv/lib/python3.12/site-packages/airflow/example_dags/example_python_operator.py for tasks to queue
[2024-11-20T01:06:17.837+0000] {logging_mixin.py:190} INFO - [2024-11-20T01:06:17.837+0000] {dagbag.py:588} INFO - Filling up the DagBag from /home/ubuntu/airflow_venv/lib/python3.12/site-packages/airflow/example_dags/example_python_operator.py
[2024-11-20T01:06:17.844+0000] {logging_mixin.py:190} INFO - [2024-11-20T01:06:17.843+0000] {example_python_operator.py:93} WARNING - The virtalenv_python example task requires virtualenv, please install it.
[2024-11-20T01:06:17.847+0000] {processor.py:925} INFO - DAG(s) 'example_python_operator' retrieved from /home/ubuntu/airflow_venv/lib/python3.12/site-packages/airflow/example_dags/example_python_operator.py
[2024-11-20T01:06:17.863+0000] {logging_mixin.py:190} INFO - [2024-11-20T01:06:17.862+0000] {dag.py:3239} INFO - Sync 1 DAGs
[2024-11-20T01:06:17.886+0000] {logging_mixin.py:190} INFO - [2024-11-20T01:06:17.885+0000] {dag.py:4180} INFO - Setting next_dagrun for example_python_operator to None, run_after=None
[2024-11-20T01:06:17.909+0000] {processor.py:208} INFO - Processing /home/ubuntu/airflow_venv/lib/python3.12/site-packages/airflow/example_dags/example_python_operator.py took 0.082 seconds
[2024-11-20T01:07:10.437+0000] {processor.py:186} INFO - Started process (PID=6191) to work on /home/ubuntu/airflow_venv/lib/python3.12/site-packages/airflow/example_dags/example_python_operator.py
[2024-11-20T01:07:10.438+0000] {processor.py:914} INFO - Processing file /home/ubuntu/airflow_venv/lib/python3.12/site-packages/airflow/example_dags/example_python_operator.py for tasks to queue
[2024-11-20T01:07:10.440+0000] {logging_mixin.py:190} INFO - [2024-11-20T01:07:10.440+0000] {dagbag.py:588} INFO - Filling up the DagBag from /home/ubuntu/airflow_venv/lib/python3.12/site-packages/airflow/example_dags/example_python_operator.py
[2024-11-20T01:07:10.447+0000] {logging_mixin.py:190} INFO - [2024-11-20T01:07:10.446+0000] {example_python_operator.py:93} WARNING - The virtalenv_python example task requires virtualenv, please install it.
[2024-11-20T01:07:10.450+0000] {processor.py:925} INFO - DAG(s) 'example_python_operator' retrieved from /home/ubuntu/airflow_venv/lib/python3.12/site-packages/airflow/example_dags/example_python_operator.py
[2024-11-20T01:07:10.466+0000] {logging_mixin.py:190} INFO - [2024-11-20T01:07:10.466+0000] {dag.py:3239} INFO - Sync 1 DAGs
[2024-11-20T01:07:10.477+0000] {logging_mixin.py:190} INFO - [2024-11-20T01:07:10.477+0000] {dag.py:4180} INFO - Setting next_dagrun for example_python_operator to None, run_after=None
[2024-11-20T01:07:10.498+0000] {processor.py:208} INFO - Processing /home/ubuntu/airflow_venv/lib/python3.12/site-packages/airflow/example_dags/example_python_operator.py took 0.068 seconds
[2024-11-20T01:08:03.860+0000] {processor.py:186} INFO - Started process (PID=6246) to work on /home/ubuntu/airflow_venv/lib/python3.12/site-packages/airflow/example_dags/example_python_operator.py
[2024-11-20T01:08:03.862+0000] {processor.py:914} INFO - Processing file /home/ubuntu/airflow_venv/lib/python3.12/site-packages/airflow/example_dags/example_python_operator.py for tasks to queue
[2024-11-20T01:08:03.864+0000] {logging_mixin.py:190} INFO - [2024-11-20T01:08:03.864+0000] {dagbag.py:588} INFO - Filling up the DagBag from /home/ubuntu/airflow_venv/lib/python3.12/site-packages/airflow/example_dags/example_python_operator.py
[2024-11-20T01:08:03.871+0000] {logging_mixin.py:190} INFO - [2024-11-20T01:08:03.871+0000] {example_python_operator.py:93} WARNING - The virtalenv_python example task requires virtualenv, please install it.
[2024-11-20T01:08:03.874+0000] {processor.py:925} INFO - DAG(s) 'example_python_operator' retrieved from /home/ubuntu/airflow_venv/lib/python3.12/site-packages/airflow/example_dags/example_python_operator.py
[2024-11-20T01:08:03.891+0000] {logging_mixin.py:190} INFO - [2024-11-20T01:08:03.891+0000] {dag.py:3239} INFO - Sync 1 DAGs
[2024-11-20T01:08:03.903+0000] {logging_mixin.py:190} INFO - [2024-11-20T01:08:03.903+0000] {dag.py:4180} INFO - Setting next_dagrun for example_python_operator to None, run_after=None
[2024-11-20T01:08:03.924+0000] {processor.py:208} INFO - Processing /home/ubuntu/airflow_venv/lib/python3.12/site-packages/airflow/example_dags/example_python_operator.py took 0.070 seconds
[2024-11-20T01:08:57.960+0000] {processor.py:186} INFO - Started process (PID=6300) to work on /home/ubuntu/airflow_venv/lib/python3.12/site-packages/airflow/example_dags/example_python_operator.py
[2024-11-20T01:08:57.962+0000] {processor.py:914} INFO - Processing file /home/ubuntu/airflow_venv/lib/python3.12/site-packages/airflow/example_dags/example_python_operator.py for tasks to queue
[2024-11-20T01:08:57.966+0000] {logging_mixin.py:190} INFO - [2024-11-20T01:08:57.963+0000] {dagbag.py:588} INFO - Filling up the DagBag from /home/ubuntu/airflow_venv/lib/python3.12/site-packages/airflow/example_dags/example_python_operator.py
[2024-11-20T01:08:57.973+0000] {logging_mixin.py:190} INFO - [2024-11-20T01:08:57.973+0000] {example_python_operator.py:93} WARNING - The virtalenv_python example task requires virtualenv, please install it.
[2024-11-20T01:08:57.976+0000] {processor.py:925} INFO - DAG(s) 'example_python_operator' retrieved from /home/ubuntu/airflow_venv/lib/python3.12/site-packages/airflow/example_dags/example_python_operator.py
[2024-11-20T01:08:57.992+0000] {logging_mixin.py:190} INFO - [2024-11-20T01:08:57.992+0000] {dag.py:3239} INFO - Sync 1 DAGs
[2024-11-20T01:08:58.004+0000] {logging_mixin.py:190} INFO - [2024-11-20T01:08:58.004+0000] {dag.py:4180} INFO - Setting next_dagrun for example_python_operator to None, run_after=None
[2024-11-20T01:08:58.026+0000] {processor.py:208} INFO - Processing /home/ubuntu/airflow_venv/lib/python3.12/site-packages/airflow/example_dags/example_python_operator.py took 0.081 seconds
[2024-11-20T01:09:56.888+0000] {processor.py:186} INFO - Started process (PID=6358) to work on /home/ubuntu/airflow_venv/lib/python3.12/site-packages/airflow/example_dags/example_python_operator.py
[2024-11-20T01:09:56.889+0000] {processor.py:914} INFO - Processing file /home/ubuntu/airflow_venv/lib/python3.12/site-packages/airflow/example_dags/example_python_operator.py for tasks to queue
[2024-11-20T01:09:56.892+0000] {logging_mixin.py:190} INFO - [2024-11-20T01:09:56.891+0000] {dagbag.py:588} INFO - Filling up the DagBag from /home/ubuntu/airflow_venv/lib/python3.12/site-packages/airflow/example_dags/example_python_operator.py
[2024-11-20T01:09:56.898+0000] {logging_mixin.py:190} INFO - [2024-11-20T01:09:56.898+0000] {example_python_operator.py:93} WARNING - The virtalenv_python example task requires virtualenv, please install it.
[2024-11-20T01:09:56.900+0000] {processor.py:925} INFO - DAG(s) 'example_python_operator' retrieved from /home/ubuntu/airflow_venv/lib/python3.12/site-packages/airflow/example_dags/example_python_operator.py
[2024-11-20T01:09:56.917+0000] {logging_mixin.py:190} INFO - [2024-11-20T01:09:56.917+0000] {dag.py:3239} INFO - Sync 1 DAGs
[2024-11-20T01:09:56.930+0000] {logging_mixin.py:190} INFO - [2024-11-20T01:09:56.928+0000] {dag.py:4180} INFO - Setting next_dagrun for example_python_operator to None, run_after=None
[2024-11-20T01:09:56.951+0000] {processor.py:208} INFO - Processing /home/ubuntu/airflow_venv/lib/python3.12/site-packages/airflow/example_dags/example_python_operator.py took 0.069 seconds
[2024-11-20T01:10:53.774+0000] {processor.py:186} INFO - Started process (PID=6422) to work on /home/ubuntu/airflow_venv/lib/python3.12/site-packages/airflow/example_dags/example_python_operator.py
[2024-11-20T01:10:53.776+0000] {processor.py:914} INFO - Processing file /home/ubuntu/airflow_venv/lib/python3.12/site-packages/airflow/example_dags/example_python_operator.py for tasks to queue
[2024-11-20T01:10:53.778+0000] {logging_mixin.py:190} INFO - [2024-11-20T01:10:53.777+0000] {dagbag.py:588} INFO - Filling up the DagBag from /home/ubuntu/airflow_venv/lib/python3.12/site-packages/airflow/example_dags/example_python_operator.py
[2024-11-20T01:10:53.785+0000] {logging_mixin.py:190} INFO - [2024-11-20T01:10:53.785+0000] {example_python_operator.py:93} WARNING - The virtalenv_python example task requires virtualenv, please install it.
[2024-11-20T01:10:53.788+0000] {processor.py:925} INFO - DAG(s) 'example_python_operator' retrieved from /home/ubuntu/airflow_venv/lib/python3.12/site-packages/airflow/example_dags/example_python_operator.py
[2024-11-20T01:10:53.803+0000] {logging_mixin.py:190} INFO - [2024-11-20T01:10:53.803+0000] {dag.py:3239} INFO - Sync 1 DAGs
[2024-11-20T01:10:53.815+0000] {logging_mixin.py:190} INFO - [2024-11-20T01:10:53.815+0000] {dag.py:4180} INFO - Setting next_dagrun for example_python_operator to None, run_after=None
[2024-11-20T01:10:53.837+0000] {processor.py:208} INFO - Processing /home/ubuntu/airflow_venv/lib/python3.12/site-packages/airflow/example_dags/example_python_operator.py took 0.070 seconds
[2024-11-20T01:11:46.723+0000] {processor.py:186} INFO - Started process (PID=6477) to work on /home/ubuntu/airflow_venv/lib/python3.12/site-packages/airflow/example_dags/example_python_operator.py
[2024-11-20T01:11:46.724+0000] {processor.py:914} INFO - Processing file /home/ubuntu/airflow_venv/lib/python3.12/site-packages/airflow/example_dags/example_python_operator.py for tasks to queue
[2024-11-20T01:11:46.726+0000] {logging_mixin.py:190} INFO - [2024-11-20T01:11:46.726+0000] {dagbag.py:588} INFO - Filling up the DagBag from /home/ubuntu/airflow_venv/lib/python3.12/site-packages/airflow/example_dags/example_python_operator.py
[2024-11-20T01:11:46.733+0000] {logging_mixin.py:190} INFO - [2024-11-20T01:11:46.733+0000] {example_python_operator.py:93} WARNING - The virtalenv_python example task requires virtualenv, please install it.
[2024-11-20T01:11:46.735+0000] {processor.py:925} INFO - DAG(s) 'example_python_operator' retrieved from /home/ubuntu/airflow_venv/lib/python3.12/site-packages/airflow/example_dags/example_python_operator.py
[2024-11-20T01:11:46.751+0000] {logging_mixin.py:190} INFO - [2024-11-20T01:11:46.751+0000] {dag.py:3239} INFO - Sync 1 DAGs
[2024-11-20T01:11:46.764+0000] {logging_mixin.py:190} INFO - [2024-11-20T01:11:46.764+0000] {dag.py:4180} INFO - Setting next_dagrun for example_python_operator to None, run_after=None
[2024-11-20T01:11:46.789+0000] {processor.py:208} INFO - Processing /home/ubuntu/airflow_venv/lib/python3.12/site-packages/airflow/example_dags/example_python_operator.py took 0.072 seconds
[2024-11-20T01:12:40.443+0000] {processor.py:186} INFO - Started process (PID=6532) to work on /home/ubuntu/airflow_venv/lib/python3.12/site-packages/airflow/example_dags/example_python_operator.py
[2024-11-20T01:12:40.445+0000] {processor.py:914} INFO - Processing file /home/ubuntu/airflow_venv/lib/python3.12/site-packages/airflow/example_dags/example_python_operator.py for tasks to queue
[2024-11-20T01:12:40.447+0000] {logging_mixin.py:190} INFO - [2024-11-20T01:12:40.447+0000] {dagbag.py:588} INFO - Filling up the DagBag from /home/ubuntu/airflow_venv/lib/python3.12/site-packages/airflow/example_dags/example_python_operator.py
[2024-11-20T01:12:40.454+0000] {logging_mixin.py:190} INFO - [2024-11-20T01:12:40.454+0000] {example_python_operator.py:93} WARNING - The virtalenv_python example task requires virtualenv, please install it.
[2024-11-20T01:12:40.456+0000] {processor.py:925} INFO - DAG(s) 'example_python_operator' retrieved from /home/ubuntu/airflow_venv/lib/python3.12/site-packages/airflow/example_dags/example_python_operator.py
[2024-11-20T01:12:40.472+0000] {logging_mixin.py:190} INFO - [2024-11-20T01:12:40.472+0000] {dag.py:3239} INFO - Sync 1 DAGs
[2024-11-20T01:12:40.484+0000] {logging_mixin.py:190} INFO - [2024-11-20T01:12:40.484+0000] {dag.py:4180} INFO - Setting next_dagrun for example_python_operator to None, run_after=None
[2024-11-20T01:12:40.506+0000] {processor.py:208} INFO - Processing /home/ubuntu/airflow_venv/lib/python3.12/site-packages/airflow/example_dags/example_python_operator.py took 0.070 seconds
