[2024-11-20T00:16:13.685+0000] {processor.py:186} INFO - Started process (PID=2027) to work on /home/ubuntu/airflow_venv/lib/python3.12/site-packages/airflow/example_dags/example_xcomargs.py
[2024-11-20T00:16:13.686+0000] {processor.py:914} INFO - Processing file /home/ubuntu/airflow_venv/lib/python3.12/site-packages/airflow/example_dags/example_xcomargs.py for tasks to queue
[2024-11-20T00:16:13.688+0000] {logging_mixin.py:190} INFO - [2024-11-20T00:16:13.687+0000] {dagbag.py:588} INFO - Filling up the DagBag from /home/ubuntu/airflow_venv/lib/python3.12/site-packages/airflow/example_dags/example_xcomargs.py
[2024-11-20T00:16:13.698+0000] {processor.py:925} INFO - DAG(s) 'example_xcom_args', 'example_xcom_args_with_operators' retrieved from /home/ubuntu/airflow_venv/lib/python3.12/site-packages/airflow/example_dags/example_xcomargs.py
[2024-11-20T00:16:13.733+0000] {logging_mixin.py:190} INFO - [2024-11-20T00:16:13.732+0000] {dag.py:3239} INFO - Sync 2 DAGs
[2024-11-20T00:16:13.749+0000] {logging_mixin.py:190} INFO - [2024-11-20T00:16:13.748+0000] {dag.py:4180} INFO - Setting next_dagrun for example_xcom_args to None, run_after=None
[2024-11-20T00:16:13.752+0000] {logging_mixin.py:190} INFO - [2024-11-20T00:16:13.752+0000] {dag.py:4180} INFO - Setting next_dagrun for example_xcom_args_with_operators to None, run_after=None
[2024-11-20T00:16:13.772+0000] {processor.py:208} INFO - Processing /home/ubuntu/airflow_venv/lib/python3.12/site-packages/airflow/example_dags/example_xcomargs.py took 0.092 seconds
[2024-11-20T00:17:12.636+0000] {processor.py:186} INFO - Started process (PID=2098) to work on /home/ubuntu/airflow_venv/lib/python3.12/site-packages/airflow/example_dags/example_xcomargs.py
[2024-11-20T00:17:12.638+0000] {processor.py:914} INFO - Processing file /home/ubuntu/airflow_venv/lib/python3.12/site-packages/airflow/example_dags/example_xcomargs.py for tasks to queue
[2024-11-20T00:17:12.641+0000] {logging_mixin.py:190} INFO - [2024-11-20T00:17:12.641+0000] {dagbag.py:588} INFO - Filling up the DagBag from /home/ubuntu/airflow_venv/lib/python3.12/site-packages/airflow/example_dags/example_xcomargs.py
[2024-11-20T00:17:12.651+0000] {processor.py:925} INFO - DAG(s) 'example_xcom_args', 'example_xcom_args_with_operators' retrieved from /home/ubuntu/airflow_venv/lib/python3.12/site-packages/airflow/example_dags/example_xcomargs.py
[2024-11-20T00:17:12.668+0000] {logging_mixin.py:190} INFO - [2024-11-20T00:17:12.668+0000] {dag.py:3239} INFO - Sync 2 DAGs
[2024-11-20T00:17:12.679+0000] {logging_mixin.py:190} INFO - [2024-11-20T00:17:12.679+0000] {dag.py:4180} INFO - Setting next_dagrun for example_xcom_args to None, run_after=None
[2024-11-20T00:17:12.682+0000] {logging_mixin.py:190} INFO - [2024-11-20T00:17:12.682+0000] {dag.py:4180} INFO - Setting next_dagrun for example_xcom_args_with_operators to None, run_after=None
[2024-11-20T00:17:12.703+0000] {processor.py:208} INFO - Processing /home/ubuntu/airflow_venv/lib/python3.12/site-packages/airflow/example_dags/example_xcomargs.py took 0.072 seconds
[2024-11-20T00:18:09.189+0000] {processor.py:186} INFO - Started process (PID=2156) to work on /home/ubuntu/airflow_venv/lib/python3.12/site-packages/airflow/example_dags/example_xcomargs.py
[2024-11-20T00:18:09.190+0000] {processor.py:914} INFO - Processing file /home/ubuntu/airflow_venv/lib/python3.12/site-packages/airflow/example_dags/example_xcomargs.py for tasks to queue
[2024-11-20T00:18:09.193+0000] {logging_mixin.py:190} INFO - [2024-11-20T00:18:09.193+0000] {dagbag.py:588} INFO - Filling up the DagBag from /home/ubuntu/airflow_venv/lib/python3.12/site-packages/airflow/example_dags/example_xcomargs.py
[2024-11-20T00:18:09.202+0000] {processor.py:925} INFO - DAG(s) 'example_xcom_args', 'example_xcom_args_with_operators' retrieved from /home/ubuntu/airflow_venv/lib/python3.12/site-packages/airflow/example_dags/example_xcomargs.py
[2024-11-20T00:18:09.219+0000] {logging_mixin.py:190} INFO - [2024-11-20T00:18:09.219+0000] {dag.py:3239} INFO - Sync 2 DAGs
[2024-11-20T00:18:09.231+0000] {logging_mixin.py:190} INFO - [2024-11-20T00:18:09.231+0000] {dag.py:4180} INFO - Setting next_dagrun for example_xcom_args to None, run_after=None
[2024-11-20T00:18:09.235+0000] {logging_mixin.py:190} INFO - [2024-11-20T00:18:09.235+0000] {dag.py:4180} INFO - Setting next_dagrun for example_xcom_args_with_operators to None, run_after=None
[2024-11-20T00:18:09.257+0000] {processor.py:208} INFO - Processing /home/ubuntu/airflow_venv/lib/python3.12/site-packages/airflow/example_dags/example_xcomargs.py took 0.074 seconds
[2024-11-20T00:19:00.055+0000] {processor.py:186} INFO - Started process (PID=2209) to work on /home/ubuntu/airflow_venv/lib/python3.12/site-packages/airflow/example_dags/example_xcomargs.py
[2024-11-20T00:19:00.056+0000] {processor.py:914} INFO - Processing file /home/ubuntu/airflow_venv/lib/python3.12/site-packages/airflow/example_dags/example_xcomargs.py for tasks to queue
[2024-11-20T00:19:00.059+0000] {logging_mixin.py:190} INFO - [2024-11-20T00:19:00.058+0000] {dagbag.py:588} INFO - Filling up the DagBag from /home/ubuntu/airflow_venv/lib/python3.12/site-packages/airflow/example_dags/example_xcomargs.py
[2024-11-20T00:19:00.069+0000] {processor.py:925} INFO - DAG(s) 'example_xcom_args', 'example_xcom_args_with_operators' retrieved from /home/ubuntu/airflow_venv/lib/python3.12/site-packages/airflow/example_dags/example_xcomargs.py
[2024-11-20T00:19:00.086+0000] {logging_mixin.py:190} INFO - [2024-11-20T00:19:00.086+0000] {dag.py:3239} INFO - Sync 2 DAGs
[2024-11-20T00:19:00.098+0000] {logging_mixin.py:190} INFO - [2024-11-20T00:19:00.098+0000] {dag.py:4180} INFO - Setting next_dagrun for example_xcom_args to None, run_after=None
[2024-11-20T00:19:00.101+0000] {logging_mixin.py:190} INFO - [2024-11-20T00:19:00.101+0000] {dag.py:4180} INFO - Setting next_dagrun for example_xcom_args_with_operators to None, run_after=None
[2024-11-20T00:19:00.120+0000] {processor.py:208} INFO - Processing /home/ubuntu/airflow_venv/lib/python3.12/site-packages/airflow/example_dags/example_xcomargs.py took 0.070 seconds
[2024-11-20T00:19:54.861+0000] {processor.py:186} INFO - Started process (PID=2266) to work on /home/ubuntu/airflow_venv/lib/python3.12/site-packages/airflow/example_dags/example_xcomargs.py
[2024-11-20T00:19:54.863+0000] {processor.py:914} INFO - Processing file /home/ubuntu/airflow_venv/lib/python3.12/site-packages/airflow/example_dags/example_xcomargs.py for tasks to queue
[2024-11-20T00:19:54.866+0000] {logging_mixin.py:190} INFO - [2024-11-20T00:19:54.866+0000] {dagbag.py:588} INFO - Filling up the DagBag from /home/ubuntu/airflow_venv/lib/python3.12/site-packages/airflow/example_dags/example_xcomargs.py
[2024-11-20T00:19:54.875+0000] {processor.py:925} INFO - DAG(s) 'example_xcom_args_with_operators', 'example_xcom_args' retrieved from /home/ubuntu/airflow_venv/lib/python3.12/site-packages/airflow/example_dags/example_xcomargs.py
[2024-11-20T00:19:54.893+0000] {logging_mixin.py:190} INFO - [2024-11-20T00:19:54.892+0000] {dag.py:3239} INFO - Sync 2 DAGs
[2024-11-20T00:19:54.904+0000] {logging_mixin.py:190} INFO - [2024-11-20T00:19:54.904+0000] {dag.py:4180} INFO - Setting next_dagrun for example_xcom_args to None, run_after=None
[2024-11-20T00:19:54.907+0000] {logging_mixin.py:190} INFO - [2024-11-20T00:19:54.907+0000] {dag.py:4180} INFO - Setting next_dagrun for example_xcom_args_with_operators to None, run_after=None
[2024-11-20T00:19:54.926+0000] {processor.py:208} INFO - Processing /home/ubuntu/airflow_venv/lib/python3.12/site-packages/airflow/example_dags/example_xcomargs.py took 0.070 seconds
[2024-11-20T00:20:46.272+0000] {processor.py:186} INFO - Started process (PID=2323) to work on /home/ubuntu/airflow_venv/lib/python3.12/site-packages/airflow/example_dags/example_xcomargs.py
[2024-11-20T00:20:46.274+0000] {processor.py:914} INFO - Processing file /home/ubuntu/airflow_venv/lib/python3.12/site-packages/airflow/example_dags/example_xcomargs.py for tasks to queue
[2024-11-20T00:20:46.276+0000] {logging_mixin.py:190} INFO - [2024-11-20T00:20:46.276+0000] {dagbag.py:588} INFO - Filling up the DagBag from /home/ubuntu/airflow_venv/lib/python3.12/site-packages/airflow/example_dags/example_xcomargs.py
[2024-11-20T00:20:46.286+0000] {processor.py:925} INFO - DAG(s) 'example_xcom_args_with_operators', 'example_xcom_args' retrieved from /home/ubuntu/airflow_venv/lib/python3.12/site-packages/airflow/example_dags/example_xcomargs.py
[2024-11-20T00:20:46.309+0000] {logging_mixin.py:190} INFO - [2024-11-20T00:20:46.309+0000] {dag.py:3239} INFO - Sync 2 DAGs
[2024-11-20T00:20:46.320+0000] {logging_mixin.py:190} INFO - [2024-11-20T00:20:46.320+0000] {dag.py:4180} INFO - Setting next_dagrun for example_xcom_args to None, run_after=None
[2024-11-20T00:20:46.324+0000] {logging_mixin.py:190} INFO - [2024-11-20T00:20:46.324+0000] {dag.py:4180} INFO - Setting next_dagrun for example_xcom_args_with_operators to None, run_after=None
[2024-11-20T00:20:46.343+0000] {processor.py:208} INFO - Processing /home/ubuntu/airflow_venv/lib/python3.12/site-packages/airflow/example_dags/example_xcomargs.py took 0.076 seconds
[2024-11-20T00:21:46.798+0000] {processor.py:186} INFO - Started process (PID=2383) to work on /home/ubuntu/airflow_venv/lib/python3.12/site-packages/airflow/example_dags/example_xcomargs.py
[2024-11-20T00:21:46.800+0000] {processor.py:914} INFO - Processing file /home/ubuntu/airflow_venv/lib/python3.12/site-packages/airflow/example_dags/example_xcomargs.py for tasks to queue
[2024-11-20T00:21:46.804+0000] {logging_mixin.py:190} INFO - [2024-11-20T00:21:46.804+0000] {dagbag.py:588} INFO - Filling up the DagBag from /home/ubuntu/airflow_venv/lib/python3.12/site-packages/airflow/example_dags/example_xcomargs.py
[2024-11-20T00:21:46.814+0000] {processor.py:925} INFO - DAG(s) 'example_xcom_args', 'example_xcom_args_with_operators' retrieved from /home/ubuntu/airflow_venv/lib/python3.12/site-packages/airflow/example_dags/example_xcomargs.py
[2024-11-20T00:21:46.832+0000] {logging_mixin.py:190} INFO - [2024-11-20T00:21:46.832+0000] {dag.py:3239} INFO - Sync 2 DAGs
[2024-11-20T00:21:46.843+0000] {logging_mixin.py:190} INFO - [2024-11-20T00:21:46.842+0000] {dag.py:4180} INFO - Setting next_dagrun for example_xcom_args to None, run_after=None
[2024-11-20T00:21:46.846+0000] {logging_mixin.py:190} INFO - [2024-11-20T00:21:46.846+0000] {dag.py:4180} INFO - Setting next_dagrun for example_xcom_args_with_operators to None, run_after=None
[2024-11-20T00:21:46.868+0000] {processor.py:208} INFO - Processing /home/ubuntu/airflow_venv/lib/python3.12/site-packages/airflow/example_dags/example_xcomargs.py took 0.074 seconds
[2024-11-20T00:22:43.466+0000] {processor.py:186} INFO - Started process (PID=2442) to work on /home/ubuntu/airflow_venv/lib/python3.12/site-packages/airflow/example_dags/example_xcomargs.py
[2024-11-20T00:22:43.467+0000] {processor.py:914} INFO - Processing file /home/ubuntu/airflow_venv/lib/python3.12/site-packages/airflow/example_dags/example_xcomargs.py for tasks to queue
[2024-11-20T00:22:43.469+0000] {logging_mixin.py:190} INFO - [2024-11-20T00:22:43.469+0000] {dagbag.py:588} INFO - Filling up the DagBag from /home/ubuntu/airflow_venv/lib/python3.12/site-packages/airflow/example_dags/example_xcomargs.py
[2024-11-20T00:22:43.480+0000] {processor.py:925} INFO - DAG(s) 'example_xcom_args_with_operators', 'example_xcom_args' retrieved from /home/ubuntu/airflow_venv/lib/python3.12/site-packages/airflow/example_dags/example_xcomargs.py
[2024-11-20T00:22:43.498+0000] {logging_mixin.py:190} INFO - [2024-11-20T00:22:43.498+0000] {dag.py:3239} INFO - Sync 2 DAGs
[2024-11-20T00:22:43.510+0000] {logging_mixin.py:190} INFO - [2024-11-20T00:22:43.510+0000] {dag.py:4180} INFO - Setting next_dagrun for example_xcom_args to None, run_after=None
[2024-11-20T00:22:43.513+0000] {logging_mixin.py:190} INFO - [2024-11-20T00:22:43.513+0000] {dag.py:4180} INFO - Setting next_dagrun for example_xcom_args_with_operators to None, run_after=None
[2024-11-20T00:22:43.534+0000] {processor.py:208} INFO - Processing /home/ubuntu/airflow_venv/lib/python3.12/site-packages/airflow/example_dags/example_xcomargs.py took 0.073 seconds
[2024-11-20T00:23:38.992+0000] {processor.py:186} INFO - Started process (PID=2498) to work on /home/ubuntu/airflow_venv/lib/python3.12/site-packages/airflow/example_dags/example_xcomargs.py
[2024-11-20T00:23:38.993+0000] {processor.py:914} INFO - Processing file /home/ubuntu/airflow_venv/lib/python3.12/site-packages/airflow/example_dags/example_xcomargs.py for tasks to queue
[2024-11-20T00:23:38.996+0000] {logging_mixin.py:190} INFO - [2024-11-20T00:23:38.996+0000] {dagbag.py:588} INFO - Filling up the DagBag from /home/ubuntu/airflow_venv/lib/python3.12/site-packages/airflow/example_dags/example_xcomargs.py
[2024-11-20T00:23:39.006+0000] {processor.py:925} INFO - DAG(s) 'example_xcom_args', 'example_xcom_args_with_operators' retrieved from /home/ubuntu/airflow_venv/lib/python3.12/site-packages/airflow/example_dags/example_xcomargs.py
[2024-11-20T00:23:39.023+0000] {logging_mixin.py:190} INFO - [2024-11-20T00:23:39.023+0000] {dag.py:3239} INFO - Sync 2 DAGs
[2024-11-20T00:23:39.035+0000] {logging_mixin.py:190} INFO - [2024-11-20T00:23:39.035+0000] {dag.py:4180} INFO - Setting next_dagrun for example_xcom_args to None, run_after=None
[2024-11-20T00:23:39.039+0000] {logging_mixin.py:190} INFO - [2024-11-20T00:23:39.039+0000] {dag.py:4180} INFO - Setting next_dagrun for example_xcom_args_with_operators to None, run_after=None
[2024-11-20T00:23:39.059+0000] {processor.py:208} INFO - Processing /home/ubuntu/airflow_venv/lib/python3.12/site-packages/airflow/example_dags/example_xcomargs.py took 0.072 seconds
[2024-11-20T00:24:33.420+0000] {processor.py:186} INFO - Started process (PID=2554) to work on /home/ubuntu/airflow_venv/lib/python3.12/site-packages/airflow/example_dags/example_xcomargs.py
[2024-11-20T00:24:33.422+0000] {processor.py:914} INFO - Processing file /home/ubuntu/airflow_venv/lib/python3.12/site-packages/airflow/example_dags/example_xcomargs.py for tasks to queue
[2024-11-20T00:24:33.425+0000] {logging_mixin.py:190} INFO - [2024-11-20T00:24:33.423+0000] {dagbag.py:588} INFO - Filling up the DagBag from /home/ubuntu/airflow_venv/lib/python3.12/site-packages/airflow/example_dags/example_xcomargs.py
[2024-11-20T00:24:33.434+0000] {processor.py:925} INFO - DAG(s) 'example_xcom_args', 'example_xcom_args_with_operators' retrieved from /home/ubuntu/airflow_venv/lib/python3.12/site-packages/airflow/example_dags/example_xcomargs.py
[2024-11-20T00:24:33.451+0000] {logging_mixin.py:190} INFO - [2024-11-20T00:24:33.450+0000] {dag.py:3239} INFO - Sync 2 DAGs
[2024-11-20T00:24:33.462+0000] {logging_mixin.py:190} INFO - [2024-11-20T00:24:33.462+0000] {dag.py:4180} INFO - Setting next_dagrun for example_xcom_args to None, run_after=None
[2024-11-20T00:24:33.466+0000] {logging_mixin.py:190} INFO - [2024-11-20T00:24:33.465+0000] {dag.py:4180} INFO - Setting next_dagrun for example_xcom_args_with_operators to None, run_after=None
[2024-11-20T00:24:33.485+0000] {processor.py:208} INFO - Processing /home/ubuntu/airflow_venv/lib/python3.12/site-packages/airflow/example_dags/example_xcomargs.py took 0.071 seconds
[2024-11-20T00:25:26.831+0000] {processor.py:186} INFO - Started process (PID=2612) to work on /home/ubuntu/airflow_venv/lib/python3.12/site-packages/airflow/example_dags/example_xcomargs.py
[2024-11-20T00:25:26.832+0000] {processor.py:914} INFO - Processing file /home/ubuntu/airflow_venv/lib/python3.12/site-packages/airflow/example_dags/example_xcomargs.py for tasks to queue
[2024-11-20T00:25:26.835+0000] {logging_mixin.py:190} INFO - [2024-11-20T00:25:26.835+0000] {dagbag.py:588} INFO - Filling up the DagBag from /home/ubuntu/airflow_venv/lib/python3.12/site-packages/airflow/example_dags/example_xcomargs.py
[2024-11-20T00:25:26.845+0000] {processor.py:925} INFO - DAG(s) 'example_xcom_args', 'example_xcom_args_with_operators' retrieved from /home/ubuntu/airflow_venv/lib/python3.12/site-packages/airflow/example_dags/example_xcomargs.py
[2024-11-20T00:25:26.864+0000] {logging_mixin.py:190} INFO - [2024-11-20T00:25:26.863+0000] {dag.py:3239} INFO - Sync 2 DAGs
[2024-11-20T00:25:26.875+0000] {logging_mixin.py:190} INFO - [2024-11-20T00:25:26.875+0000] {dag.py:4180} INFO - Setting next_dagrun for example_xcom_args to None, run_after=None
[2024-11-20T00:25:26.879+0000] {logging_mixin.py:190} INFO - [2024-11-20T00:25:26.879+0000] {dag.py:4180} INFO - Setting next_dagrun for example_xcom_args_with_operators to None, run_after=None
[2024-11-20T00:25:26.899+0000] {processor.py:208} INFO - Processing /home/ubuntu/airflow_venv/lib/python3.12/site-packages/airflow/example_dags/example_xcomargs.py took 0.074 seconds
[2024-11-20T00:26:22.659+0000] {processor.py:186} INFO - Started process (PID=2671) to work on /home/ubuntu/airflow_venv/lib/python3.12/site-packages/airflow/example_dags/example_xcomargs.py
[2024-11-20T00:26:22.660+0000] {processor.py:914} INFO - Processing file /home/ubuntu/airflow_venv/lib/python3.12/site-packages/airflow/example_dags/example_xcomargs.py for tasks to queue
[2024-11-20T00:26:22.664+0000] {logging_mixin.py:190} INFO - [2024-11-20T00:26:22.664+0000] {dagbag.py:588} INFO - Filling up the DagBag from /home/ubuntu/airflow_venv/lib/python3.12/site-packages/airflow/example_dags/example_xcomargs.py
[2024-11-20T00:26:22.674+0000] {processor.py:925} INFO - DAG(s) 'example_xcom_args', 'example_xcom_args_with_operators' retrieved from /home/ubuntu/airflow_venv/lib/python3.12/site-packages/airflow/example_dags/example_xcomargs.py
[2024-11-20T00:26:22.691+0000] {logging_mixin.py:190} INFO - [2024-11-20T00:26:22.691+0000] {dag.py:3239} INFO - Sync 2 DAGs
[2024-11-20T00:26:22.704+0000] {logging_mixin.py:190} INFO - [2024-11-20T00:26:22.703+0000] {dag.py:4180} INFO - Setting next_dagrun for example_xcom_args to None, run_after=None
[2024-11-20T00:26:22.706+0000] {logging_mixin.py:190} INFO - [2024-11-20T00:26:22.706+0000] {dag.py:4180} INFO - Setting next_dagrun for example_xcom_args_with_operators to None, run_after=None
[2024-11-20T00:26:22.726+0000] {processor.py:208} INFO - Processing /home/ubuntu/airflow_venv/lib/python3.12/site-packages/airflow/example_dags/example_xcomargs.py took 0.073 seconds
[2024-11-20T00:27:37.710+0000] {processor.py:186} INFO - Started process (PID=2767) to work on /home/ubuntu/airflow_venv/lib/python3.12/site-packages/airflow/example_dags/example_xcomargs.py
[2024-11-20T00:27:37.712+0000] {processor.py:914} INFO - Processing file /home/ubuntu/airflow_venv/lib/python3.12/site-packages/airflow/example_dags/example_xcomargs.py for tasks to queue
[2024-11-20T00:27:37.715+0000] {logging_mixin.py:190} INFO - [2024-11-20T00:27:37.714+0000] {dagbag.py:588} INFO - Filling up the DagBag from /home/ubuntu/airflow_venv/lib/python3.12/site-packages/airflow/example_dags/example_xcomargs.py
[2024-11-20T00:27:37.724+0000] {processor.py:925} INFO - DAG(s) 'example_xcom_args_with_operators', 'example_xcom_args' retrieved from /home/ubuntu/airflow_venv/lib/python3.12/site-packages/airflow/example_dags/example_xcomargs.py
[2024-11-20T00:27:37.742+0000] {logging_mixin.py:190} INFO - [2024-11-20T00:27:37.742+0000] {dag.py:3239} INFO - Sync 2 DAGs
[2024-11-20T00:27:37.754+0000] {logging_mixin.py:190} INFO - [2024-11-20T00:27:37.754+0000] {dag.py:4180} INFO - Setting next_dagrun for example_xcom_args to None, run_after=None
[2024-11-20T00:27:37.758+0000] {logging_mixin.py:190} INFO - [2024-11-20T00:27:37.758+0000] {dag.py:4180} INFO - Setting next_dagrun for example_xcom_args_with_operators to None, run_after=None
[2024-11-20T00:27:37.777+0000] {processor.py:208} INFO - Processing /home/ubuntu/airflow_venv/lib/python3.12/site-packages/airflow/example_dags/example_xcomargs.py took 0.072 seconds
[2024-11-20T00:28:34.629+0000] {processor.py:186} INFO - Started process (PID=2878) to work on /home/ubuntu/airflow_venv/lib/python3.12/site-packages/airflow/example_dags/example_xcomargs.py
[2024-11-20T00:28:34.631+0000] {processor.py:914} INFO - Processing file /home/ubuntu/airflow_venv/lib/python3.12/site-packages/airflow/example_dags/example_xcomargs.py for tasks to queue
[2024-11-20T00:28:34.633+0000] {logging_mixin.py:190} INFO - [2024-11-20T00:28:34.632+0000] {dagbag.py:588} INFO - Filling up the DagBag from /home/ubuntu/airflow_venv/lib/python3.12/site-packages/airflow/example_dags/example_xcomargs.py
[2024-11-20T00:28:34.644+0000] {processor.py:925} INFO - DAG(s) 'example_xcom_args', 'example_xcom_args_with_operators' retrieved from /home/ubuntu/airflow_venv/lib/python3.12/site-packages/airflow/example_dags/example_xcomargs.py
[2024-11-20T00:28:34.661+0000] {logging_mixin.py:190} INFO - [2024-11-20T00:28:34.661+0000] {dag.py:3239} INFO - Sync 2 DAGs
[2024-11-20T00:28:34.673+0000] {logging_mixin.py:190} INFO - [2024-11-20T00:28:34.673+0000] {dag.py:4180} INFO - Setting next_dagrun for example_xcom_args to None, run_after=None
[2024-11-20T00:28:34.677+0000] {logging_mixin.py:190} INFO - [2024-11-20T00:28:34.677+0000] {dag.py:4180} INFO - Setting next_dagrun for example_xcom_args_with_operators to None, run_after=None
[2024-11-20T00:28:34.698+0000] {processor.py:208} INFO - Processing /home/ubuntu/airflow_venv/lib/python3.12/site-packages/airflow/example_dags/example_xcomargs.py took 0.077 seconds
[2024-11-20T00:29:39.446+0000] {processor.py:186} INFO - Started process (PID=3019) to work on /home/ubuntu/airflow_venv/lib/python3.12/site-packages/airflow/example_dags/example_xcomargs.py
[2024-11-20T00:29:39.448+0000] {processor.py:914} INFO - Processing file /home/ubuntu/airflow_venv/lib/python3.12/site-packages/airflow/example_dags/example_xcomargs.py for tasks to queue
[2024-11-20T00:29:39.449+0000] {logging_mixin.py:190} INFO - [2024-11-20T00:29:39.449+0000] {dagbag.py:588} INFO - Filling up the DagBag from /home/ubuntu/airflow_venv/lib/python3.12/site-packages/airflow/example_dags/example_xcomargs.py
[2024-11-20T00:29:39.460+0000] {processor.py:925} INFO - DAG(s) 'example_xcom_args_with_operators', 'example_xcom_args' retrieved from /home/ubuntu/airflow_venv/lib/python3.12/site-packages/airflow/example_dags/example_xcomargs.py
[2024-11-20T00:29:39.477+0000] {logging_mixin.py:190} INFO - [2024-11-20T00:29:39.477+0000] {dag.py:3239} INFO - Sync 2 DAGs
[2024-11-20T00:29:39.490+0000] {logging_mixin.py:190} INFO - [2024-11-20T00:29:39.489+0000] {dag.py:4180} INFO - Setting next_dagrun for example_xcom_args to None, run_after=None
[2024-11-20T00:29:39.493+0000] {logging_mixin.py:190} INFO - [2024-11-20T00:29:39.493+0000] {dag.py:4180} INFO - Setting next_dagrun for example_xcom_args_with_operators to None, run_after=None
[2024-11-20T00:29:39.511+0000] {processor.py:208} INFO - Processing /home/ubuntu/airflow_venv/lib/python3.12/site-packages/airflow/example_dags/example_xcomargs.py took 0.071 seconds
[2024-11-20T00:30:36.424+0000] {processor.py:186} INFO - Started process (PID=3081) to work on /home/ubuntu/airflow_venv/lib/python3.12/site-packages/airflow/example_dags/example_xcomargs.py
[2024-11-20T00:30:36.426+0000] {processor.py:914} INFO - Processing file /home/ubuntu/airflow_venv/lib/python3.12/site-packages/airflow/example_dags/example_xcomargs.py for tasks to queue
[2024-11-20T00:30:36.427+0000] {logging_mixin.py:190} INFO - [2024-11-20T00:30:36.426+0000] {dagbag.py:588} INFO - Filling up the DagBag from /home/ubuntu/airflow_venv/lib/python3.12/site-packages/airflow/example_dags/example_xcomargs.py
[2024-11-20T00:30:36.437+0000] {processor.py:925} INFO - DAG(s) 'example_xcom_args', 'example_xcom_args_with_operators' retrieved from /home/ubuntu/airflow_venv/lib/python3.12/site-packages/airflow/example_dags/example_xcomargs.py
[2024-11-20T00:30:36.454+0000] {logging_mixin.py:190} INFO - [2024-11-20T00:30:36.454+0000] {dag.py:3239} INFO - Sync 2 DAGs
[2024-11-20T00:30:36.466+0000] {logging_mixin.py:190} INFO - [2024-11-20T00:30:36.466+0000] {dag.py:4180} INFO - Setting next_dagrun for example_xcom_args to None, run_after=None
[2024-11-20T00:30:36.469+0000] {logging_mixin.py:190} INFO - [2024-11-20T00:30:36.469+0000] {dag.py:4180} INFO - Setting next_dagrun for example_xcom_args_with_operators to None, run_after=None
[2024-11-20T00:30:36.490+0000] {processor.py:208} INFO - Processing /home/ubuntu/airflow_venv/lib/python3.12/site-packages/airflow/example_dags/example_xcomargs.py took 0.071 seconds
[2024-11-20T00:31:32.781+0000] {processor.py:186} INFO - Started process (PID=3263) to work on /home/ubuntu/airflow_venv/lib/python3.12/site-packages/airflow/example_dags/example_xcomargs.py
[2024-11-20T00:31:32.784+0000] {processor.py:914} INFO - Processing file /home/ubuntu/airflow_venv/lib/python3.12/site-packages/airflow/example_dags/example_xcomargs.py for tasks to queue
[2024-11-20T00:31:32.787+0000] {logging_mixin.py:190} INFO - [2024-11-20T00:31:32.786+0000] {dagbag.py:588} INFO - Filling up the DagBag from /home/ubuntu/airflow_venv/lib/python3.12/site-packages/airflow/example_dags/example_xcomargs.py
[2024-11-20T00:31:32.810+0000] {processor.py:925} INFO - DAG(s) 'example_xcom_args_with_operators', 'example_xcom_args' retrieved from /home/ubuntu/airflow_venv/lib/python3.12/site-packages/airflow/example_dags/example_xcomargs.py
[2024-11-20T00:31:32.851+0000] {logging_mixin.py:190} INFO - [2024-11-20T00:31:32.848+0000] {dag.py:3239} INFO - Sync 2 DAGs
[2024-11-20T00:31:32.877+0000] {logging_mixin.py:190} INFO - [2024-11-20T00:31:32.877+0000] {dag.py:4180} INFO - Setting next_dagrun for example_xcom_args to None, run_after=None
[2024-11-20T00:31:32.885+0000] {logging_mixin.py:190} INFO - [2024-11-20T00:31:32.885+0000] {dag.py:4180} INFO - Setting next_dagrun for example_xcom_args_with_operators to None, run_after=None
[2024-11-20T00:31:32.921+0000] {processor.py:208} INFO - Processing /home/ubuntu/airflow_venv/lib/python3.12/site-packages/airflow/example_dags/example_xcomargs.py took 0.151 seconds
[2024-11-20T00:32:25.058+0000] {processor.py:186} INFO - Started process (PID=3333) to work on /home/ubuntu/airflow_venv/lib/python3.12/site-packages/airflow/example_dags/example_xcomargs.py
[2024-11-20T00:32:25.059+0000] {processor.py:914} INFO - Processing file /home/ubuntu/airflow_venv/lib/python3.12/site-packages/airflow/example_dags/example_xcomargs.py for tasks to queue
[2024-11-20T00:32:25.061+0000] {logging_mixin.py:190} INFO - [2024-11-20T00:32:25.060+0000] {dagbag.py:588} INFO - Filling up the DagBag from /home/ubuntu/airflow_venv/lib/python3.12/site-packages/airflow/example_dags/example_xcomargs.py
[2024-11-20T00:32:25.071+0000] {processor.py:925} INFO - DAG(s) 'example_xcom_args', 'example_xcom_args_with_operators' retrieved from /home/ubuntu/airflow_venv/lib/python3.12/site-packages/airflow/example_dags/example_xcomargs.py
[2024-11-20T00:32:25.088+0000] {logging_mixin.py:190} INFO - [2024-11-20T00:32:25.088+0000] {dag.py:3239} INFO - Sync 2 DAGs
[2024-11-20T00:32:25.103+0000] {logging_mixin.py:190} INFO - [2024-11-20T00:32:25.102+0000] {dag.py:4180} INFO - Setting next_dagrun for example_xcom_args to None, run_after=None
[2024-11-20T00:32:25.105+0000] {logging_mixin.py:190} INFO - [2024-11-20T00:32:25.105+0000] {dag.py:4180} INFO - Setting next_dagrun for example_xcom_args_with_operators to None, run_after=None
[2024-11-20T00:32:25.134+0000] {processor.py:208} INFO - Processing /home/ubuntu/airflow_venv/lib/python3.12/site-packages/airflow/example_dags/example_xcomargs.py took 0.081 seconds
[2024-11-20T00:33:19.725+0000] {processor.py:186} INFO - Started process (PID=3900) to work on /home/ubuntu/airflow_venv/lib/python3.12/site-packages/airflow/example_dags/example_xcomargs.py
[2024-11-20T00:33:19.728+0000] {processor.py:914} INFO - Processing file /home/ubuntu/airflow_venv/lib/python3.12/site-packages/airflow/example_dags/example_xcomargs.py for tasks to queue
[2024-11-20T00:33:19.734+0000] {logging_mixin.py:190} INFO - [2024-11-20T00:33:19.728+0000] {dagbag.py:588} INFO - Filling up the DagBag from /home/ubuntu/airflow_venv/lib/python3.12/site-packages/airflow/example_dags/example_xcomargs.py
[2024-11-20T00:33:19.755+0000] {processor.py:925} INFO - DAG(s) 'example_xcom_args_with_operators', 'example_xcom_args' retrieved from /home/ubuntu/airflow_venv/lib/python3.12/site-packages/airflow/example_dags/example_xcomargs.py
[2024-11-20T00:33:19.795+0000] {logging_mixin.py:190} INFO - [2024-11-20T00:33:19.794+0000] {dag.py:3239} INFO - Sync 2 DAGs
[2024-11-20T00:33:19.820+0000] {logging_mixin.py:190} INFO - [2024-11-20T00:33:19.820+0000] {dag.py:4180} INFO - Setting next_dagrun for example_xcom_args to None, run_after=None
[2024-11-20T00:33:19.830+0000] {logging_mixin.py:190} INFO - [2024-11-20T00:33:19.829+0000] {dag.py:4180} INFO - Setting next_dagrun for example_xcom_args_with_operators to None, run_after=None
[2024-11-20T00:33:19.868+0000] {processor.py:208} INFO - Processing /home/ubuntu/airflow_venv/lib/python3.12/site-packages/airflow/example_dags/example_xcomargs.py took 0.159 seconds
[2024-11-20T00:34:23.801+0000] {processor.py:186} INFO - Started process (PID=4033) to work on /home/ubuntu/airflow_venv/lib/python3.12/site-packages/airflow/example_dags/example_xcomargs.py
[2024-11-20T00:34:23.803+0000] {processor.py:914} INFO - Processing file /home/ubuntu/airflow_venv/lib/python3.12/site-packages/airflow/example_dags/example_xcomargs.py for tasks to queue
[2024-11-20T00:34:23.805+0000] {logging_mixin.py:190} INFO - [2024-11-20T00:34:23.804+0000] {dagbag.py:588} INFO - Filling up the DagBag from /home/ubuntu/airflow_venv/lib/python3.12/site-packages/airflow/example_dags/example_xcomargs.py
[2024-11-20T00:34:23.815+0000] {processor.py:925} INFO - DAG(s) 'example_xcom_args_with_operators', 'example_xcom_args' retrieved from /home/ubuntu/airflow_venv/lib/python3.12/site-packages/airflow/example_dags/example_xcomargs.py
[2024-11-20T00:34:23.832+0000] {logging_mixin.py:190} INFO - [2024-11-20T00:34:23.832+0000] {dag.py:3239} INFO - Sync 2 DAGs
[2024-11-20T00:34:23.844+0000] {logging_mixin.py:190} INFO - [2024-11-20T00:34:23.843+0000] {dag.py:4180} INFO - Setting next_dagrun for example_xcom_args to None, run_after=None
[2024-11-20T00:34:23.847+0000] {logging_mixin.py:190} INFO - [2024-11-20T00:34:23.847+0000] {dag.py:4180} INFO - Setting next_dagrun for example_xcom_args_with_operators to None, run_after=None
[2024-11-20T00:34:23.868+0000] {processor.py:208} INFO - Processing /home/ubuntu/airflow_venv/lib/python3.12/site-packages/airflow/example_dags/example_xcomargs.py took 0.074 seconds
[2024-11-20T00:35:22.036+0000] {processor.py:186} INFO - Started process (PID=4118) to work on /home/ubuntu/airflow_venv/lib/python3.12/site-packages/airflow/example_dags/example_xcomargs.py
[2024-11-20T00:35:22.037+0000] {processor.py:914} INFO - Processing file /home/ubuntu/airflow_venv/lib/python3.12/site-packages/airflow/example_dags/example_xcomargs.py for tasks to queue
[2024-11-20T00:35:22.038+0000] {logging_mixin.py:190} INFO - [2024-11-20T00:35:22.037+0000] {dagbag.py:588} INFO - Filling up the DagBag from /home/ubuntu/airflow_venv/lib/python3.12/site-packages/airflow/example_dags/example_xcomargs.py
[2024-11-20T00:35:22.048+0000] {processor.py:925} INFO - DAG(s) 'example_xcom_args_with_operators', 'example_xcom_args' retrieved from /home/ubuntu/airflow_venv/lib/python3.12/site-packages/airflow/example_dags/example_xcomargs.py
[2024-11-20T00:35:22.066+0000] {logging_mixin.py:190} INFO - [2024-11-20T00:35:22.066+0000] {dag.py:3239} INFO - Sync 2 DAGs
[2024-11-20T00:35:22.078+0000] {logging_mixin.py:190} INFO - [2024-11-20T00:35:22.078+0000] {dag.py:4180} INFO - Setting next_dagrun for example_xcom_args to None, run_after=None
[2024-11-20T00:35:22.081+0000] {logging_mixin.py:190} INFO - [2024-11-20T00:35:22.081+0000] {dag.py:4180} INFO - Setting next_dagrun for example_xcom_args_with_operators to None, run_after=None
[2024-11-20T00:35:22.101+0000] {processor.py:208} INFO - Processing /home/ubuntu/airflow_venv/lib/python3.12/site-packages/airflow/example_dags/example_xcomargs.py took 0.073 seconds
[2024-11-20T00:36:17.205+0000] {processor.py:186} INFO - Started process (PID=4176) to work on /home/ubuntu/airflow_venv/lib/python3.12/site-packages/airflow/example_dags/example_xcomargs.py
[2024-11-20T00:36:17.207+0000] {processor.py:914} INFO - Processing file /home/ubuntu/airflow_venv/lib/python3.12/site-packages/airflow/example_dags/example_xcomargs.py for tasks to queue
[2024-11-20T00:36:17.208+0000] {logging_mixin.py:190} INFO - [2024-11-20T00:36:17.208+0000] {dagbag.py:588} INFO - Filling up the DagBag from /home/ubuntu/airflow_venv/lib/python3.12/site-packages/airflow/example_dags/example_xcomargs.py
[2024-11-20T00:36:17.219+0000] {processor.py:925} INFO - DAG(s) 'example_xcom_args', 'example_xcom_args_with_operators' retrieved from /home/ubuntu/airflow_venv/lib/python3.12/site-packages/airflow/example_dags/example_xcomargs.py
[2024-11-20T00:36:17.236+0000] {logging_mixin.py:190} INFO - [2024-11-20T00:36:17.236+0000] {dag.py:3239} INFO - Sync 2 DAGs
[2024-11-20T00:36:17.250+0000] {logging_mixin.py:190} INFO - [2024-11-20T00:36:17.248+0000] {dag.py:4180} INFO - Setting next_dagrun for example_xcom_args to None, run_after=None
[2024-11-20T00:36:17.253+0000] {logging_mixin.py:190} INFO - [2024-11-20T00:36:17.253+0000] {dag.py:4180} INFO - Setting next_dagrun for example_xcom_args_with_operators to None, run_after=None
[2024-11-20T00:36:17.273+0000] {processor.py:208} INFO - Processing /home/ubuntu/airflow_venv/lib/python3.12/site-packages/airflow/example_dags/example_xcomargs.py took 0.074 seconds
[2024-11-20T00:37:09.262+0000] {processor.py:186} INFO - Started process (PID=4231) to work on /home/ubuntu/airflow_venv/lib/python3.12/site-packages/airflow/example_dags/example_xcomargs.py
[2024-11-20T00:37:09.263+0000] {processor.py:914} INFO - Processing file /home/ubuntu/airflow_venv/lib/python3.12/site-packages/airflow/example_dags/example_xcomargs.py for tasks to queue
[2024-11-20T00:37:09.264+0000] {logging_mixin.py:190} INFO - [2024-11-20T00:37:09.264+0000] {dagbag.py:588} INFO - Filling up the DagBag from /home/ubuntu/airflow_venv/lib/python3.12/site-packages/airflow/example_dags/example_xcomargs.py
[2024-11-20T00:37:09.275+0000] {processor.py:925} INFO - DAG(s) 'example_xcom_args', 'example_xcom_args_with_operators' retrieved from /home/ubuntu/airflow_venv/lib/python3.12/site-packages/airflow/example_dags/example_xcomargs.py
[2024-11-20T00:37:09.293+0000] {logging_mixin.py:190} INFO - [2024-11-20T00:37:09.292+0000] {dag.py:3239} INFO - Sync 2 DAGs
[2024-11-20T00:37:09.304+0000] {logging_mixin.py:190} INFO - [2024-11-20T00:37:09.304+0000] {dag.py:4180} INFO - Setting next_dagrun for example_xcom_args to None, run_after=None
[2024-11-20T00:37:09.306+0000] {logging_mixin.py:190} INFO - [2024-11-20T00:37:09.306+0000] {dag.py:4180} INFO - Setting next_dagrun for example_xcom_args_with_operators to None, run_after=None
[2024-11-20T00:37:09.327+0000] {processor.py:208} INFO - Processing /home/ubuntu/airflow_venv/lib/python3.12/site-packages/airflow/example_dags/example_xcomargs.py took 0.073 seconds
[2024-11-20T00:38:06.836+0000] {processor.py:186} INFO - Started process (PID=4316) to work on /home/ubuntu/airflow_venv/lib/python3.12/site-packages/airflow/example_dags/example_xcomargs.py
[2024-11-20T00:38:06.837+0000] {processor.py:914} INFO - Processing file /home/ubuntu/airflow_venv/lib/python3.12/site-packages/airflow/example_dags/example_xcomargs.py for tasks to queue
[2024-11-20T00:38:06.838+0000] {logging_mixin.py:190} INFO - [2024-11-20T00:38:06.838+0000] {dagbag.py:588} INFO - Filling up the DagBag from /home/ubuntu/airflow_venv/lib/python3.12/site-packages/airflow/example_dags/example_xcomargs.py
[2024-11-20T00:38:06.849+0000] {processor.py:925} INFO - DAG(s) 'example_xcom_args_with_operators', 'example_xcom_args' retrieved from /home/ubuntu/airflow_venv/lib/python3.12/site-packages/airflow/example_dags/example_xcomargs.py
[2024-11-20T00:38:06.866+0000] {logging_mixin.py:190} INFO - [2024-11-20T00:38:06.866+0000] {dag.py:3239} INFO - Sync 2 DAGs
[2024-11-20T00:38:06.878+0000] {logging_mixin.py:190} INFO - [2024-11-20T00:38:06.878+0000] {dag.py:4180} INFO - Setting next_dagrun for example_xcom_args to None, run_after=None
[2024-11-20T00:38:06.882+0000] {logging_mixin.py:190} INFO - [2024-11-20T00:38:06.882+0000] {dag.py:4180} INFO - Setting next_dagrun for example_xcom_args_with_operators to None, run_after=None
[2024-11-20T00:38:06.901+0000] {processor.py:208} INFO - Processing /home/ubuntu/airflow_venv/lib/python3.12/site-packages/airflow/example_dags/example_xcomargs.py took 0.072 seconds
[2024-11-20T00:39:03.440+0000] {processor.py:186} INFO - Started process (PID=4374) to work on /home/ubuntu/airflow_venv/lib/python3.12/site-packages/airflow/example_dags/example_xcomargs.py
[2024-11-20T00:39:03.441+0000] {processor.py:914} INFO - Processing file /home/ubuntu/airflow_venv/lib/python3.12/site-packages/airflow/example_dags/example_xcomargs.py for tasks to queue
[2024-11-20T00:39:03.443+0000] {logging_mixin.py:190} INFO - [2024-11-20T00:39:03.442+0000] {dagbag.py:588} INFO - Filling up the DagBag from /home/ubuntu/airflow_venv/lib/python3.12/site-packages/airflow/example_dags/example_xcomargs.py
[2024-11-20T00:39:03.453+0000] {processor.py:925} INFO - DAG(s) 'example_xcom_args', 'example_xcom_args_with_operators' retrieved from /home/ubuntu/airflow_venv/lib/python3.12/site-packages/airflow/example_dags/example_xcomargs.py
[2024-11-20T00:39:03.472+0000] {logging_mixin.py:190} INFO - [2024-11-20T00:39:03.472+0000] {dag.py:3239} INFO - Sync 2 DAGs
[2024-11-20T00:39:03.484+0000] {logging_mixin.py:190} INFO - [2024-11-20T00:39:03.484+0000] {dag.py:4180} INFO - Setting next_dagrun for example_xcom_args to None, run_after=None
[2024-11-20T00:39:03.488+0000] {logging_mixin.py:190} INFO - [2024-11-20T00:39:03.488+0000] {dag.py:4180} INFO - Setting next_dagrun for example_xcom_args_with_operators to None, run_after=None
[2024-11-20T00:39:03.508+0000] {processor.py:208} INFO - Processing /home/ubuntu/airflow_venv/lib/python3.12/site-packages/airflow/example_dags/example_xcomargs.py took 0.076 seconds
[2024-11-20T00:40:06.818+0000] {processor.py:186} INFO - Started process (PID=4469) to work on /home/ubuntu/airflow_venv/lib/python3.12/site-packages/airflow/example_dags/example_xcomargs.py
[2024-11-20T00:40:06.819+0000] {processor.py:914} INFO - Processing file /home/ubuntu/airflow_venv/lib/python3.12/site-packages/airflow/example_dags/example_xcomargs.py for tasks to queue
[2024-11-20T00:40:06.821+0000] {logging_mixin.py:190} INFO - [2024-11-20T00:40:06.820+0000] {dagbag.py:588} INFO - Filling up the DagBag from /home/ubuntu/airflow_venv/lib/python3.12/site-packages/airflow/example_dags/example_xcomargs.py
[2024-11-20T00:40:06.831+0000] {processor.py:925} INFO - DAG(s) 'example_xcom_args', 'example_xcom_args_with_operators' retrieved from /home/ubuntu/airflow_venv/lib/python3.12/site-packages/airflow/example_dags/example_xcomargs.py
[2024-11-20T00:40:06.848+0000] {logging_mixin.py:190} INFO - [2024-11-20T00:40:06.848+0000] {dag.py:3239} INFO - Sync 2 DAGs
[2024-11-20T00:40:06.861+0000] {logging_mixin.py:190} INFO - [2024-11-20T00:40:06.861+0000] {dag.py:4180} INFO - Setting next_dagrun for example_xcom_args to None, run_after=None
[2024-11-20T00:40:06.863+0000] {logging_mixin.py:190} INFO - [2024-11-20T00:40:06.863+0000] {dag.py:4180} INFO - Setting next_dagrun for example_xcom_args_with_operators to None, run_after=None
[2024-11-20T00:40:06.883+0000] {processor.py:208} INFO - Processing /home/ubuntu/airflow_venv/lib/python3.12/site-packages/airflow/example_dags/example_xcomargs.py took 0.072 seconds
[2024-11-20T00:41:03.498+0000] {processor.py:186} INFO - Started process (PID=4531) to work on /home/ubuntu/airflow_venv/lib/python3.12/site-packages/airflow/example_dags/example_xcomargs.py
[2024-11-20T00:41:03.500+0000] {processor.py:914} INFO - Processing file /home/ubuntu/airflow_venv/lib/python3.12/site-packages/airflow/example_dags/example_xcomargs.py for tasks to queue
[2024-11-20T00:41:03.502+0000] {logging_mixin.py:190} INFO - [2024-11-20T00:41:03.501+0000] {dagbag.py:588} INFO - Filling up the DagBag from /home/ubuntu/airflow_venv/lib/python3.12/site-packages/airflow/example_dags/example_xcomargs.py
[2024-11-20T00:41:03.512+0000] {processor.py:925} INFO - DAG(s) 'example_xcom_args_with_operators', 'example_xcom_args' retrieved from /home/ubuntu/airflow_venv/lib/python3.12/site-packages/airflow/example_dags/example_xcomargs.py
[2024-11-20T00:41:03.530+0000] {logging_mixin.py:190} INFO - [2024-11-20T00:41:03.529+0000] {dag.py:3239} INFO - Sync 2 DAGs
[2024-11-20T00:41:03.541+0000] {logging_mixin.py:190} INFO - [2024-11-20T00:41:03.541+0000] {dag.py:4180} INFO - Setting next_dagrun for example_xcom_args to None, run_after=None
[2024-11-20T00:41:03.545+0000] {logging_mixin.py:190} INFO - [2024-11-20T00:41:03.544+0000] {dag.py:4180} INFO - Setting next_dagrun for example_xcom_args_with_operators to None, run_after=None
[2024-11-20T00:41:03.565+0000] {processor.py:208} INFO - Processing /home/ubuntu/airflow_venv/lib/python3.12/site-packages/airflow/example_dags/example_xcomargs.py took 0.073 seconds
[2024-11-20T00:41:54.946+0000] {processor.py:186} INFO - Started process (PID=4586) to work on /home/ubuntu/airflow_venv/lib/python3.12/site-packages/airflow/example_dags/example_xcomargs.py
[2024-11-20T00:41:54.948+0000] {processor.py:914} INFO - Processing file /home/ubuntu/airflow_venv/lib/python3.12/site-packages/airflow/example_dags/example_xcomargs.py for tasks to queue
[2024-11-20T00:41:54.949+0000] {logging_mixin.py:190} INFO - [2024-11-20T00:41:54.949+0000] {dagbag.py:588} INFO - Filling up the DagBag from /home/ubuntu/airflow_venv/lib/python3.12/site-packages/airflow/example_dags/example_xcomargs.py
[2024-11-20T00:41:54.960+0000] {processor.py:925} INFO - DAG(s) 'example_xcom_args', 'example_xcom_args_with_operators' retrieved from /home/ubuntu/airflow_venv/lib/python3.12/site-packages/airflow/example_dags/example_xcomargs.py
[2024-11-20T00:41:54.977+0000] {logging_mixin.py:190} INFO - [2024-11-20T00:41:54.977+0000] {dag.py:3239} INFO - Sync 2 DAGs
[2024-11-20T00:41:54.988+0000] {logging_mixin.py:190} INFO - [2024-11-20T00:41:54.988+0000] {dag.py:4180} INFO - Setting next_dagrun for example_xcom_args to None, run_after=None
[2024-11-20T00:41:54.992+0000] {logging_mixin.py:190} INFO - [2024-11-20T00:41:54.991+0000] {dag.py:4180} INFO - Setting next_dagrun for example_xcom_args_with_operators to None, run_after=None
[2024-11-20T00:41:55.011+0000] {processor.py:208} INFO - Processing /home/ubuntu/airflow_venv/lib/python3.12/site-packages/airflow/example_dags/example_xcomargs.py took 0.072 seconds
[2024-11-20T00:42:48.578+0000] {processor.py:186} INFO - Started process (PID=4641) to work on /home/ubuntu/airflow_venv/lib/python3.12/site-packages/airflow/example_dags/example_xcomargs.py
[2024-11-20T00:42:48.579+0000] {processor.py:914} INFO - Processing file /home/ubuntu/airflow_venv/lib/python3.12/site-packages/airflow/example_dags/example_xcomargs.py for tasks to queue
[2024-11-20T00:42:48.580+0000] {logging_mixin.py:190} INFO - [2024-11-20T00:42:48.580+0000] {dagbag.py:588} INFO - Filling up the DagBag from /home/ubuntu/airflow_venv/lib/python3.12/site-packages/airflow/example_dags/example_xcomargs.py
[2024-11-20T00:42:48.591+0000] {processor.py:925} INFO - DAG(s) 'example_xcom_args', 'example_xcom_args_with_operators' retrieved from /home/ubuntu/airflow_venv/lib/python3.12/site-packages/airflow/example_dags/example_xcomargs.py
[2024-11-20T00:42:48.608+0000] {logging_mixin.py:190} INFO - [2024-11-20T00:42:48.608+0000] {dag.py:3239} INFO - Sync 2 DAGs
[2024-11-20T00:42:48.621+0000] {logging_mixin.py:190} INFO - [2024-11-20T00:42:48.621+0000] {dag.py:4180} INFO - Setting next_dagrun for example_xcom_args to None, run_after=None
[2024-11-20T00:42:48.624+0000] {logging_mixin.py:190} INFO - [2024-11-20T00:42:48.624+0000] {dag.py:4180} INFO - Setting next_dagrun for example_xcom_args_with_operators to None, run_after=None
[2024-11-20T00:42:48.643+0000] {processor.py:208} INFO - Processing /home/ubuntu/airflow_venv/lib/python3.12/site-packages/airflow/example_dags/example_xcomargs.py took 0.073 seconds
[2024-11-20T00:43:44.995+0000] {processor.py:186} INFO - Started process (PID=4700) to work on /home/ubuntu/airflow_venv/lib/python3.12/site-packages/airflow/example_dags/example_xcomargs.py
[2024-11-20T00:43:44.996+0000] {processor.py:914} INFO - Processing file /home/ubuntu/airflow_venv/lib/python3.12/site-packages/airflow/example_dags/example_xcomargs.py for tasks to queue
[2024-11-20T00:43:44.997+0000] {logging_mixin.py:190} INFO - [2024-11-20T00:43:44.997+0000] {dagbag.py:588} INFO - Filling up the DagBag from /home/ubuntu/airflow_venv/lib/python3.12/site-packages/airflow/example_dags/example_xcomargs.py
[2024-11-20T00:43:45.018+0000] {processor.py:925} INFO - DAG(s) 'example_xcom_args_with_operators', 'example_xcom_args' retrieved from /home/ubuntu/airflow_venv/lib/python3.12/site-packages/airflow/example_dags/example_xcomargs.py
[2024-11-20T00:43:45.036+0000] {logging_mixin.py:190} INFO - [2024-11-20T00:43:45.036+0000] {dag.py:3239} INFO - Sync 2 DAGs
[2024-11-20T00:43:45.049+0000] {logging_mixin.py:190} INFO - [2024-11-20T00:43:45.048+0000] {dag.py:4180} INFO - Setting next_dagrun for example_xcom_args to None, run_after=None
[2024-11-20T00:43:45.051+0000] {logging_mixin.py:190} INFO - [2024-11-20T00:43:45.051+0000] {dag.py:4180} INFO - Setting next_dagrun for example_xcom_args_with_operators to None, run_after=None
[2024-11-20T00:43:45.072+0000] {processor.py:208} INFO - Processing /home/ubuntu/airflow_venv/lib/python3.12/site-packages/airflow/example_dags/example_xcomargs.py took 0.085 seconds
[2024-11-20T00:44:38.888+0000] {processor.py:186} INFO - Started process (PID=4755) to work on /home/ubuntu/airflow_venv/lib/python3.12/site-packages/airflow/example_dags/example_xcomargs.py
[2024-11-20T00:44:38.890+0000] {processor.py:914} INFO - Processing file /home/ubuntu/airflow_venv/lib/python3.12/site-packages/airflow/example_dags/example_xcomargs.py for tasks to queue
[2024-11-20T00:44:38.891+0000] {logging_mixin.py:190} INFO - [2024-11-20T00:44:38.891+0000] {dagbag.py:588} INFO - Filling up the DagBag from /home/ubuntu/airflow_venv/lib/python3.12/site-packages/airflow/example_dags/example_xcomargs.py
[2024-11-20T00:44:38.901+0000] {processor.py:925} INFO - DAG(s) 'example_xcom_args', 'example_xcom_args_with_operators' retrieved from /home/ubuntu/airflow_venv/lib/python3.12/site-packages/airflow/example_dags/example_xcomargs.py
[2024-11-20T00:44:38.920+0000] {logging_mixin.py:190} INFO - [2024-11-20T00:44:38.919+0000] {dag.py:3239} INFO - Sync 2 DAGs
[2024-11-20T00:44:38.932+0000] {logging_mixin.py:190} INFO - [2024-11-20T00:44:38.932+0000] {dag.py:4180} INFO - Setting next_dagrun for example_xcom_args to None, run_after=None
[2024-11-20T00:44:38.935+0000] {logging_mixin.py:190} INFO - [2024-11-20T00:44:38.935+0000] {dag.py:4180} INFO - Setting next_dagrun for example_xcom_args_with_operators to None, run_after=None
[2024-11-20T00:44:38.954+0000] {processor.py:208} INFO - Processing /home/ubuntu/airflow_venv/lib/python3.12/site-packages/airflow/example_dags/example_xcomargs.py took 0.073 seconds
[2024-11-20T00:45:34.337+0000] {processor.py:186} INFO - Started process (PID=4815) to work on /home/ubuntu/airflow_venv/lib/python3.12/site-packages/airflow/example_dags/example_xcomargs.py
[2024-11-20T00:45:34.338+0000] {processor.py:914} INFO - Processing file /home/ubuntu/airflow_venv/lib/python3.12/site-packages/airflow/example_dags/example_xcomargs.py for tasks to queue
[2024-11-20T00:45:34.340+0000] {logging_mixin.py:190} INFO - [2024-11-20T00:45:34.339+0000] {dagbag.py:588} INFO - Filling up the DagBag from /home/ubuntu/airflow_venv/lib/python3.12/site-packages/airflow/example_dags/example_xcomargs.py
[2024-11-20T00:45:34.351+0000] {processor.py:925} INFO - DAG(s) 'example_xcom_args', 'example_xcom_args_with_operators' retrieved from /home/ubuntu/airflow_venv/lib/python3.12/site-packages/airflow/example_dags/example_xcomargs.py
[2024-11-20T00:45:34.367+0000] {logging_mixin.py:190} INFO - [2024-11-20T00:45:34.367+0000] {dag.py:3239} INFO - Sync 2 DAGs
[2024-11-20T00:45:34.379+0000] {logging_mixin.py:190} INFO - [2024-11-20T00:45:34.379+0000] {dag.py:4180} INFO - Setting next_dagrun for example_xcom_args to None, run_after=None
[2024-11-20T00:45:34.383+0000] {logging_mixin.py:190} INFO - [2024-11-20T00:45:34.382+0000] {dag.py:4180} INFO - Setting next_dagrun for example_xcom_args_with_operators to None, run_after=None
[2024-11-20T00:45:34.402+0000] {processor.py:208} INFO - Processing /home/ubuntu/airflow_venv/lib/python3.12/site-packages/airflow/example_dags/example_xcomargs.py took 0.072 seconds
[2024-11-20T00:46:28.841+0000] {processor.py:186} INFO - Started process (PID=4872) to work on /home/ubuntu/airflow_venv/lib/python3.12/site-packages/airflow/example_dags/example_xcomargs.py
[2024-11-20T00:46:28.843+0000] {processor.py:914} INFO - Processing file /home/ubuntu/airflow_venv/lib/python3.12/site-packages/airflow/example_dags/example_xcomargs.py for tasks to queue
[2024-11-20T00:46:28.844+0000] {logging_mixin.py:190} INFO - [2024-11-20T00:46:28.844+0000] {dagbag.py:588} INFO - Filling up the DagBag from /home/ubuntu/airflow_venv/lib/python3.12/site-packages/airflow/example_dags/example_xcomargs.py
[2024-11-20T00:46:28.860+0000] {processor.py:925} INFO - DAG(s) 'example_xcom_args', 'example_xcom_args_with_operators' retrieved from /home/ubuntu/airflow_venv/lib/python3.12/site-packages/airflow/example_dags/example_xcomargs.py
[2024-11-20T00:46:28.876+0000] {logging_mixin.py:190} INFO - [2024-11-20T00:46:28.876+0000] {dag.py:3239} INFO - Sync 2 DAGs
[2024-11-20T00:46:28.888+0000] {logging_mixin.py:190} INFO - [2024-11-20T00:46:28.888+0000] {dag.py:4180} INFO - Setting next_dagrun for example_xcom_args to None, run_after=None
[2024-11-20T00:46:28.891+0000] {logging_mixin.py:190} INFO - [2024-11-20T00:46:28.891+0000] {dag.py:4180} INFO - Setting next_dagrun for example_xcom_args_with_operators to None, run_after=None
[2024-11-20T00:46:28.910+0000] {processor.py:208} INFO - Processing /home/ubuntu/airflow_venv/lib/python3.12/site-packages/airflow/example_dags/example_xcomargs.py took 0.077 seconds
[2024-11-20T00:47:21.206+0000] {processor.py:186} INFO - Started process (PID=4926) to work on /home/ubuntu/airflow_venv/lib/python3.12/site-packages/airflow/example_dags/example_xcomargs.py
[2024-11-20T00:47:21.207+0000] {processor.py:914} INFO - Processing file /home/ubuntu/airflow_venv/lib/python3.12/site-packages/airflow/example_dags/example_xcomargs.py for tasks to queue
[2024-11-20T00:47:21.209+0000] {logging_mixin.py:190} INFO - [2024-11-20T00:47:21.208+0000] {dagbag.py:588} INFO - Filling up the DagBag from /home/ubuntu/airflow_venv/lib/python3.12/site-packages/airflow/example_dags/example_xcomargs.py
[2024-11-20T00:47:21.219+0000] {processor.py:925} INFO - DAG(s) 'example_xcom_args_with_operators', 'example_xcom_args' retrieved from /home/ubuntu/airflow_venv/lib/python3.12/site-packages/airflow/example_dags/example_xcomargs.py
[2024-11-20T00:47:21.236+0000] {logging_mixin.py:190} INFO - [2024-11-20T00:47:21.235+0000] {dag.py:3239} INFO - Sync 2 DAGs
[2024-11-20T00:47:21.247+0000] {logging_mixin.py:190} INFO - [2024-11-20T00:47:21.247+0000] {dag.py:4180} INFO - Setting next_dagrun for example_xcom_args to None, run_after=None
[2024-11-20T00:47:21.251+0000] {logging_mixin.py:190} INFO - [2024-11-20T00:47:21.251+0000] {dag.py:4180} INFO - Setting next_dagrun for example_xcom_args_with_operators to None, run_after=None
[2024-11-20T00:47:21.271+0000] {processor.py:208} INFO - Processing /home/ubuntu/airflow_venv/lib/python3.12/site-packages/airflow/example_dags/example_xcomargs.py took 0.073 seconds
[2024-11-20T00:48:12.585+0000] {processor.py:186} INFO - Started process (PID=4980) to work on /home/ubuntu/airflow_venv/lib/python3.12/site-packages/airflow/example_dags/example_xcomargs.py
[2024-11-20T00:48:12.587+0000] {processor.py:914} INFO - Processing file /home/ubuntu/airflow_venv/lib/python3.12/site-packages/airflow/example_dags/example_xcomargs.py for tasks to queue
[2024-11-20T00:48:12.588+0000] {logging_mixin.py:190} INFO - [2024-11-20T00:48:12.588+0000] {dagbag.py:588} INFO - Filling up the DagBag from /home/ubuntu/airflow_venv/lib/python3.12/site-packages/airflow/example_dags/example_xcomargs.py
[2024-11-20T00:48:12.599+0000] {processor.py:925} INFO - DAG(s) 'example_xcom_args', 'example_xcom_args_with_operators' retrieved from /home/ubuntu/airflow_venv/lib/python3.12/site-packages/airflow/example_dags/example_xcomargs.py
[2024-11-20T00:48:12.617+0000] {logging_mixin.py:190} INFO - [2024-11-20T00:48:12.617+0000] {dag.py:3239} INFO - Sync 2 DAGs
[2024-11-20T00:48:12.629+0000] {logging_mixin.py:190} INFO - [2024-11-20T00:48:12.629+0000] {dag.py:4180} INFO - Setting next_dagrun for example_xcom_args to None, run_after=None
[2024-11-20T00:48:12.631+0000] {logging_mixin.py:190} INFO - [2024-11-20T00:48:12.631+0000] {dag.py:4180} INFO - Setting next_dagrun for example_xcom_args_with_operators to None, run_after=None
[2024-11-20T00:48:12.652+0000] {processor.py:208} INFO - Processing /home/ubuntu/airflow_venv/lib/python3.12/site-packages/airflow/example_dags/example_xcomargs.py took 0.074 seconds
[2024-11-20T00:49:07.908+0000] {processor.py:186} INFO - Started process (PID=5036) to work on /home/ubuntu/airflow_venv/lib/python3.12/site-packages/airflow/example_dags/example_xcomargs.py
[2024-11-20T00:49:07.911+0000] {processor.py:914} INFO - Processing file /home/ubuntu/airflow_venv/lib/python3.12/site-packages/airflow/example_dags/example_xcomargs.py for tasks to queue
[2024-11-20T00:49:07.912+0000] {logging_mixin.py:190} INFO - [2024-11-20T00:49:07.911+0000] {dagbag.py:588} INFO - Filling up the DagBag from /home/ubuntu/airflow_venv/lib/python3.12/site-packages/airflow/example_dags/example_xcomargs.py
[2024-11-20T00:49:07.922+0000] {processor.py:925} INFO - DAG(s) 'example_xcom_args_with_operators', 'example_xcom_args' retrieved from /home/ubuntu/airflow_venv/lib/python3.12/site-packages/airflow/example_dags/example_xcomargs.py
[2024-11-20T00:49:07.939+0000] {logging_mixin.py:190} INFO - [2024-11-20T00:49:07.939+0000] {dag.py:3239} INFO - Sync 2 DAGs
[2024-11-20T00:49:07.951+0000] {logging_mixin.py:190} INFO - [2024-11-20T00:49:07.951+0000] {dag.py:4180} INFO - Setting next_dagrun for example_xcom_args to None, run_after=None
[2024-11-20T00:49:07.954+0000] {logging_mixin.py:190} INFO - [2024-11-20T00:49:07.954+0000] {dag.py:4180} INFO - Setting next_dagrun for example_xcom_args_with_operators to None, run_after=None
[2024-11-20T00:49:07.973+0000] {processor.py:208} INFO - Processing /home/ubuntu/airflow_venv/lib/python3.12/site-packages/airflow/example_dags/example_xcomargs.py took 0.072 seconds
[2024-11-20T00:50:00.993+0000] {processor.py:186} INFO - Started process (PID=5092) to work on /home/ubuntu/airflow_venv/lib/python3.12/site-packages/airflow/example_dags/example_xcomargs.py
[2024-11-20T00:50:00.994+0000] {processor.py:914} INFO - Processing file /home/ubuntu/airflow_venv/lib/python3.12/site-packages/airflow/example_dags/example_xcomargs.py for tasks to queue
[2024-11-20T00:50:00.995+0000] {logging_mixin.py:190} INFO - [2024-11-20T00:50:00.995+0000] {dagbag.py:588} INFO - Filling up the DagBag from /home/ubuntu/airflow_venv/lib/python3.12/site-packages/airflow/example_dags/example_xcomargs.py
[2024-11-20T00:50:01.006+0000] {processor.py:925} INFO - DAG(s) 'example_xcom_args_with_operators', 'example_xcom_args' retrieved from /home/ubuntu/airflow_venv/lib/python3.12/site-packages/airflow/example_dags/example_xcomargs.py
[2024-11-20T00:50:01.024+0000] {logging_mixin.py:190} INFO - [2024-11-20T00:50:01.024+0000] {dag.py:3239} INFO - Sync 2 DAGs
[2024-11-20T00:50:01.036+0000] {logging_mixin.py:190} INFO - [2024-11-20T00:50:01.036+0000] {dag.py:4180} INFO - Setting next_dagrun for example_xcom_args to None, run_after=None
[2024-11-20T00:50:01.039+0000] {logging_mixin.py:190} INFO - [2024-11-20T00:50:01.039+0000] {dag.py:4180} INFO - Setting next_dagrun for example_xcom_args_with_operators to None, run_after=None
[2024-11-20T00:50:01.060+0000] {processor.py:208} INFO - Processing /home/ubuntu/airflow_venv/lib/python3.12/site-packages/airflow/example_dags/example_xcomargs.py took 0.075 seconds
[2024-11-20T00:50:55.044+0000] {processor.py:186} INFO - Started process (PID=5151) to work on /home/ubuntu/airflow_venv/lib/python3.12/site-packages/airflow/example_dags/example_xcomargs.py
[2024-11-20T00:50:55.046+0000] {processor.py:914} INFO - Processing file /home/ubuntu/airflow_venv/lib/python3.12/site-packages/airflow/example_dags/example_xcomargs.py for tasks to queue
[2024-11-20T00:50:55.047+0000] {logging_mixin.py:190} INFO - [2024-11-20T00:50:55.046+0000] {dagbag.py:588} INFO - Filling up the DagBag from /home/ubuntu/airflow_venv/lib/python3.12/site-packages/airflow/example_dags/example_xcomargs.py
[2024-11-20T00:50:55.056+0000] {processor.py:925} INFO - DAG(s) 'example_xcom_args_with_operators', 'example_xcom_args' retrieved from /home/ubuntu/airflow_venv/lib/python3.12/site-packages/airflow/example_dags/example_xcomargs.py
[2024-11-20T00:50:55.073+0000] {logging_mixin.py:190} INFO - [2024-11-20T00:50:55.073+0000] {dag.py:3239} INFO - Sync 2 DAGs
[2024-11-20T00:50:55.086+0000] {logging_mixin.py:190} INFO - [2024-11-20T00:50:55.086+0000] {dag.py:4180} INFO - Setting next_dagrun for example_xcom_args to None, run_after=None
[2024-11-20T00:50:55.090+0000] {logging_mixin.py:190} INFO - [2024-11-20T00:50:55.090+0000] {dag.py:4180} INFO - Setting next_dagrun for example_xcom_args_with_operators to None, run_after=None
[2024-11-20T00:50:55.109+0000] {processor.py:208} INFO - Processing /home/ubuntu/airflow_venv/lib/python3.12/site-packages/airflow/example_dags/example_xcomargs.py took 0.073 seconds
[2024-11-20T00:51:54.021+0000] {processor.py:186} INFO - Started process (PID=5210) to work on /home/ubuntu/airflow_venv/lib/python3.12/site-packages/airflow/example_dags/example_xcomargs.py
[2024-11-20T00:51:54.023+0000] {processor.py:914} INFO - Processing file /home/ubuntu/airflow_venv/lib/python3.12/site-packages/airflow/example_dags/example_xcomargs.py for tasks to queue
[2024-11-20T00:51:54.024+0000] {logging_mixin.py:190} INFO - [2024-11-20T00:51:54.024+0000] {dagbag.py:588} INFO - Filling up the DagBag from /home/ubuntu/airflow_venv/lib/python3.12/site-packages/airflow/example_dags/example_xcomargs.py
[2024-11-20T00:51:54.034+0000] {processor.py:925} INFO - DAG(s) 'example_xcom_args_with_operators', 'example_xcom_args' retrieved from /home/ubuntu/airflow_venv/lib/python3.12/site-packages/airflow/example_dags/example_xcomargs.py
[2024-11-20T00:51:54.052+0000] {logging_mixin.py:190} INFO - [2024-11-20T00:51:54.051+0000] {dag.py:3239} INFO - Sync 2 DAGs
[2024-11-20T00:51:54.063+0000] {logging_mixin.py:190} INFO - [2024-11-20T00:51:54.063+0000] {dag.py:4180} INFO - Setting next_dagrun for example_xcom_args to None, run_after=None
[2024-11-20T00:51:54.067+0000] {logging_mixin.py:190} INFO - [2024-11-20T00:51:54.066+0000] {dag.py:4180} INFO - Setting next_dagrun for example_xcom_args_with_operators to None, run_after=None
[2024-11-20T00:51:54.096+0000] {processor.py:208} INFO - Processing /home/ubuntu/airflow_venv/lib/python3.12/site-packages/airflow/example_dags/example_xcomargs.py took 0.082 seconds
[2024-11-20T00:52:47.769+0000] {processor.py:186} INFO - Started process (PID=5266) to work on /home/ubuntu/airflow_venv/lib/python3.12/site-packages/airflow/example_dags/example_xcomargs.py
[2024-11-20T00:52:47.771+0000] {processor.py:914} INFO - Processing file /home/ubuntu/airflow_venv/lib/python3.12/site-packages/airflow/example_dags/example_xcomargs.py for tasks to queue
[2024-11-20T00:52:47.773+0000] {logging_mixin.py:190} INFO - [2024-11-20T00:52:47.772+0000] {dagbag.py:588} INFO - Filling up the DagBag from /home/ubuntu/airflow_venv/lib/python3.12/site-packages/airflow/example_dags/example_xcomargs.py
[2024-11-20T00:52:47.782+0000] {processor.py:925} INFO - DAG(s) 'example_xcom_args', 'example_xcom_args_with_operators' retrieved from /home/ubuntu/airflow_venv/lib/python3.12/site-packages/airflow/example_dags/example_xcomargs.py
[2024-11-20T00:52:47.800+0000] {logging_mixin.py:190} INFO - [2024-11-20T00:52:47.800+0000] {dag.py:3239} INFO - Sync 2 DAGs
[2024-11-20T00:52:47.812+0000] {logging_mixin.py:190} INFO - [2024-11-20T00:52:47.812+0000] {dag.py:4180} INFO - Setting next_dagrun for example_xcom_args to None, run_after=None
[2024-11-20T00:52:47.816+0000] {logging_mixin.py:190} INFO - [2024-11-20T00:52:47.815+0000] {dag.py:4180} INFO - Setting next_dagrun for example_xcom_args_with_operators to None, run_after=None
[2024-11-20T00:52:47.844+0000] {processor.py:208} INFO - Processing /home/ubuntu/airflow_venv/lib/python3.12/site-packages/airflow/example_dags/example_xcomargs.py took 0.082 seconds
[2024-11-20T00:53:46.555+0000] {processor.py:186} INFO - Started process (PID=5324) to work on /home/ubuntu/airflow_venv/lib/python3.12/site-packages/airflow/example_dags/example_xcomargs.py
[2024-11-20T00:53:46.557+0000] {processor.py:914} INFO - Processing file /home/ubuntu/airflow_venv/lib/python3.12/site-packages/airflow/example_dags/example_xcomargs.py for tasks to queue
[2024-11-20T00:53:46.558+0000] {logging_mixin.py:190} INFO - [2024-11-20T00:53:46.558+0000] {dagbag.py:588} INFO - Filling up the DagBag from /home/ubuntu/airflow_venv/lib/python3.12/site-packages/airflow/example_dags/example_xcomargs.py
[2024-11-20T00:53:46.577+0000] {processor.py:925} INFO - DAG(s) 'example_xcom_args_with_operators', 'example_xcom_args' retrieved from /home/ubuntu/airflow_venv/lib/python3.12/site-packages/airflow/example_dags/example_xcomargs.py
[2024-11-20T00:53:46.602+0000] {logging_mixin.py:190} INFO - [2024-11-20T00:53:46.602+0000] {dag.py:3239} INFO - Sync 2 DAGs
[2024-11-20T00:53:46.615+0000] {logging_mixin.py:190} INFO - [2024-11-20T00:53:46.615+0000] {dag.py:4180} INFO - Setting next_dagrun for example_xcom_args to None, run_after=None
[2024-11-20T00:53:46.618+0000] {logging_mixin.py:190} INFO - [2024-11-20T00:53:46.618+0000] {dag.py:4180} INFO - Setting next_dagrun for example_xcom_args_with_operators to None, run_after=None
[2024-11-20T00:53:46.639+0000] {processor.py:208} INFO - Processing /home/ubuntu/airflow_venv/lib/python3.12/site-packages/airflow/example_dags/example_xcomargs.py took 0.095 seconds
[2024-11-20T00:54:35.876+0000] {processor.py:186} INFO - Started process (PID=5391) to work on /home/ubuntu/airflow_venv/lib/python3.12/site-packages/airflow/example_dags/example_xcomargs.py
[2024-11-20T00:54:35.878+0000] {processor.py:914} INFO - Processing file /home/ubuntu/airflow_venv/lib/python3.12/site-packages/airflow/example_dags/example_xcomargs.py for tasks to queue
[2024-11-20T00:54:35.880+0000] {logging_mixin.py:190} INFO - [2024-11-20T00:54:35.879+0000] {dagbag.py:588} INFO - Filling up the DagBag from /home/ubuntu/airflow_venv/lib/python3.12/site-packages/airflow/example_dags/example_xcomargs.py
[2024-11-20T00:54:35.890+0000] {processor.py:925} INFO - DAG(s) 'example_xcom_args_with_operators', 'example_xcom_args' retrieved from /home/ubuntu/airflow_venv/lib/python3.12/site-packages/airflow/example_dags/example_xcomargs.py
[2024-11-20T00:54:35.908+0000] {logging_mixin.py:190} INFO - [2024-11-20T00:54:35.907+0000] {dag.py:3239} INFO - Sync 2 DAGs
[2024-11-20T00:54:35.922+0000] {logging_mixin.py:190} INFO - [2024-11-20T00:54:35.921+0000] {dag.py:4180} INFO - Setting next_dagrun for example_xcom_args to None, run_after=None
[2024-11-20T00:54:35.928+0000] {logging_mixin.py:190} INFO - [2024-11-20T00:54:35.928+0000] {dag.py:4180} INFO - Setting next_dagrun for example_xcom_args_with_operators to None, run_after=None
[2024-11-20T00:54:35.949+0000] {processor.py:208} INFO - Processing /home/ubuntu/airflow_venv/lib/python3.12/site-packages/airflow/example_dags/example_xcomargs.py took 0.081 seconds
[2024-11-20T00:55:29.979+0000] {processor.py:186} INFO - Started process (PID=5450) to work on /home/ubuntu/airflow_venv/lib/python3.12/site-packages/airflow/example_dags/example_xcomargs.py
[2024-11-20T00:55:29.981+0000] {processor.py:914} INFO - Processing file /home/ubuntu/airflow_venv/lib/python3.12/site-packages/airflow/example_dags/example_xcomargs.py for tasks to queue
[2024-11-20T00:55:29.981+0000] {logging_mixin.py:190} INFO - [2024-11-20T00:55:29.981+0000] {dagbag.py:588} INFO - Filling up the DagBag from /home/ubuntu/airflow_venv/lib/python3.12/site-packages/airflow/example_dags/example_xcomargs.py
[2024-11-20T00:55:29.991+0000] {processor.py:925} INFO - DAG(s) 'example_xcom_args', 'example_xcom_args_with_operators' retrieved from /home/ubuntu/airflow_venv/lib/python3.12/site-packages/airflow/example_dags/example_xcomargs.py
[2024-11-20T00:55:30.009+0000] {logging_mixin.py:190} INFO - [2024-11-20T00:55:30.009+0000] {dag.py:3239} INFO - Sync 2 DAGs
[2024-11-20T00:55:30.022+0000] {logging_mixin.py:190} INFO - [2024-11-20T00:55:30.022+0000] {dag.py:4180} INFO - Setting next_dagrun for example_xcom_args to None, run_after=None
[2024-11-20T00:55:30.025+0000] {logging_mixin.py:190} INFO - [2024-11-20T00:55:30.025+0000] {dag.py:4180} INFO - Setting next_dagrun for example_xcom_args_with_operators to None, run_after=None
[2024-11-20T00:55:30.046+0000] {processor.py:208} INFO - Processing /home/ubuntu/airflow_venv/lib/python3.12/site-packages/airflow/example_dags/example_xcomargs.py took 0.074 seconds
[2024-11-20T00:56:22.090+0000] {processor.py:186} INFO - Started process (PID=5505) to work on /home/ubuntu/airflow_venv/lib/python3.12/site-packages/airflow/example_dags/example_xcomargs.py
[2024-11-20T00:56:22.092+0000] {processor.py:914} INFO - Processing file /home/ubuntu/airflow_venv/lib/python3.12/site-packages/airflow/example_dags/example_xcomargs.py for tasks to queue
[2024-11-20T00:56:22.093+0000] {logging_mixin.py:190} INFO - [2024-11-20T00:56:22.092+0000] {dagbag.py:588} INFO - Filling up the DagBag from /home/ubuntu/airflow_venv/lib/python3.12/site-packages/airflow/example_dags/example_xcomargs.py
[2024-11-20T00:56:22.103+0000] {processor.py:925} INFO - DAG(s) 'example_xcom_args', 'example_xcom_args_with_operators' retrieved from /home/ubuntu/airflow_venv/lib/python3.12/site-packages/airflow/example_dags/example_xcomargs.py
[2024-11-20T00:56:22.121+0000] {logging_mixin.py:190} INFO - [2024-11-20T00:56:22.121+0000] {dag.py:3239} INFO - Sync 2 DAGs
[2024-11-20T00:56:22.134+0000] {logging_mixin.py:190} INFO - [2024-11-20T00:56:22.133+0000] {dag.py:4180} INFO - Setting next_dagrun for example_xcom_args to None, run_after=None
[2024-11-20T00:56:22.136+0000] {logging_mixin.py:190} INFO - [2024-11-20T00:56:22.136+0000] {dag.py:4180} INFO - Setting next_dagrun for example_xcom_args_with_operators to None, run_after=None
[2024-11-20T00:56:22.156+0000] {processor.py:208} INFO - Processing /home/ubuntu/airflow_venv/lib/python3.12/site-packages/airflow/example_dags/example_xcomargs.py took 0.072 seconds
[2024-11-20T00:57:15.245+0000] {processor.py:186} INFO - Started process (PID=5562) to work on /home/ubuntu/airflow_venv/lib/python3.12/site-packages/airflow/example_dags/example_xcomargs.py
[2024-11-20T00:57:15.246+0000] {processor.py:914} INFO - Processing file /home/ubuntu/airflow_venv/lib/python3.12/site-packages/airflow/example_dags/example_xcomargs.py for tasks to queue
[2024-11-20T00:57:15.248+0000] {logging_mixin.py:190} INFO - [2024-11-20T00:57:15.247+0000] {dagbag.py:588} INFO - Filling up the DagBag from /home/ubuntu/airflow_venv/lib/python3.12/site-packages/airflow/example_dags/example_xcomargs.py
[2024-11-20T00:57:15.258+0000] {processor.py:925} INFO - DAG(s) 'example_xcom_args_with_operators', 'example_xcom_args' retrieved from /home/ubuntu/airflow_venv/lib/python3.12/site-packages/airflow/example_dags/example_xcomargs.py
[2024-11-20T00:57:15.276+0000] {logging_mixin.py:190} INFO - [2024-11-20T00:57:15.276+0000] {dag.py:3239} INFO - Sync 2 DAGs
[2024-11-20T00:57:15.289+0000] {logging_mixin.py:190} INFO - [2024-11-20T00:57:15.288+0000] {dag.py:4180} INFO - Setting next_dagrun for example_xcom_args to None, run_after=None
[2024-11-20T00:57:15.291+0000] {logging_mixin.py:190} INFO - [2024-11-20T00:57:15.291+0000] {dag.py:4180} INFO - Setting next_dagrun for example_xcom_args_with_operators to None, run_after=None
[2024-11-20T00:57:15.313+0000] {processor.py:208} INFO - Processing /home/ubuntu/airflow_venv/lib/python3.12/site-packages/airflow/example_dags/example_xcomargs.py took 0.075 seconds
[2024-11-20T00:58:07.900+0000] {processor.py:186} INFO - Started process (PID=5616) to work on /home/ubuntu/airflow_venv/lib/python3.12/site-packages/airflow/example_dags/example_xcomargs.py
[2024-11-20T00:58:07.902+0000] {processor.py:914} INFO - Processing file /home/ubuntu/airflow_venv/lib/python3.12/site-packages/airflow/example_dags/example_xcomargs.py for tasks to queue
[2024-11-20T00:58:07.902+0000] {logging_mixin.py:190} INFO - [2024-11-20T00:58:07.902+0000] {dagbag.py:588} INFO - Filling up the DagBag from /home/ubuntu/airflow_venv/lib/python3.12/site-packages/airflow/example_dags/example_xcomargs.py
[2024-11-20T00:58:07.913+0000] {processor.py:925} INFO - DAG(s) 'example_xcom_args_with_operators', 'example_xcom_args' retrieved from /home/ubuntu/airflow_venv/lib/python3.12/site-packages/airflow/example_dags/example_xcomargs.py
[2024-11-20T00:58:07.930+0000] {logging_mixin.py:190} INFO - [2024-11-20T00:58:07.929+0000] {dag.py:3239} INFO - Sync 2 DAGs
[2024-11-20T00:58:07.941+0000] {logging_mixin.py:190} INFO - [2024-11-20T00:58:07.941+0000] {dag.py:4180} INFO - Setting next_dagrun for example_xcom_args to None, run_after=None
[2024-11-20T00:58:07.944+0000] {logging_mixin.py:190} INFO - [2024-11-20T00:58:07.944+0000] {dag.py:4180} INFO - Setting next_dagrun for example_xcom_args_with_operators to None, run_after=None
[2024-11-20T00:58:07.964+0000] {processor.py:208} INFO - Processing /home/ubuntu/airflow_venv/lib/python3.12/site-packages/airflow/example_dags/example_xcomargs.py took 0.072 seconds
[2024-11-20T00:59:00.622+0000] {processor.py:186} INFO - Started process (PID=5676) to work on /home/ubuntu/airflow_venv/lib/python3.12/site-packages/airflow/example_dags/example_xcomargs.py
[2024-11-20T00:59:00.623+0000] {processor.py:914} INFO - Processing file /home/ubuntu/airflow_venv/lib/python3.12/site-packages/airflow/example_dags/example_xcomargs.py for tasks to queue
[2024-11-20T00:59:00.624+0000] {logging_mixin.py:190} INFO - [2024-11-20T00:59:00.624+0000] {dagbag.py:588} INFO - Filling up the DagBag from /home/ubuntu/airflow_venv/lib/python3.12/site-packages/airflow/example_dags/example_xcomargs.py
[2024-11-20T00:59:00.635+0000] {processor.py:925} INFO - DAG(s) 'example_xcom_args_with_operators', 'example_xcom_args' retrieved from /home/ubuntu/airflow_venv/lib/python3.12/site-packages/airflow/example_dags/example_xcomargs.py
[2024-11-20T00:59:00.653+0000] {logging_mixin.py:190} INFO - [2024-11-20T00:59:00.652+0000] {dag.py:3239} INFO - Sync 2 DAGs
[2024-11-20T00:59:00.664+0000] {logging_mixin.py:190} INFO - [2024-11-20T00:59:00.664+0000] {dag.py:4180} INFO - Setting next_dagrun for example_xcom_args to None, run_after=None
[2024-11-20T00:59:00.666+0000] {logging_mixin.py:190} INFO - [2024-11-20T00:59:00.666+0000] {dag.py:4180} INFO - Setting next_dagrun for example_xcom_args_with_operators to None, run_after=None
[2024-11-20T00:59:00.686+0000] {processor.py:208} INFO - Processing /home/ubuntu/airflow_venv/lib/python3.12/site-packages/airflow/example_dags/example_xcomargs.py took 0.072 seconds
[2024-11-20T00:59:56.473+0000] {processor.py:186} INFO - Started process (PID=5732) to work on /home/ubuntu/airflow_venv/lib/python3.12/site-packages/airflow/example_dags/example_xcomargs.py
[2024-11-20T00:59:56.475+0000] {processor.py:914} INFO - Processing file /home/ubuntu/airflow_venv/lib/python3.12/site-packages/airflow/example_dags/example_xcomargs.py for tasks to queue
[2024-11-20T00:59:56.476+0000] {logging_mixin.py:190} INFO - [2024-11-20T00:59:56.475+0000] {dagbag.py:588} INFO - Filling up the DagBag from /home/ubuntu/airflow_venv/lib/python3.12/site-packages/airflow/example_dags/example_xcomargs.py
[2024-11-20T00:59:56.486+0000] {processor.py:925} INFO - DAG(s) 'example_xcom_args', 'example_xcom_args_with_operators' retrieved from /home/ubuntu/airflow_venv/lib/python3.12/site-packages/airflow/example_dags/example_xcomargs.py
[2024-11-20T00:59:56.503+0000] {logging_mixin.py:190} INFO - [2024-11-20T00:59:56.503+0000] {dag.py:3239} INFO - Sync 2 DAGs
[2024-11-20T00:59:56.515+0000] {logging_mixin.py:190} INFO - [2024-11-20T00:59:56.515+0000] {dag.py:4180} INFO - Setting next_dagrun for example_xcom_args to None, run_after=None
[2024-11-20T00:59:56.517+0000] {logging_mixin.py:190} INFO - [2024-11-20T00:59:56.517+0000] {dag.py:4180} INFO - Setting next_dagrun for example_xcom_args_with_operators to None, run_after=None
[2024-11-20T00:59:56.537+0000] {processor.py:208} INFO - Processing /home/ubuntu/airflow_venv/lib/python3.12/site-packages/airflow/example_dags/example_xcomargs.py took 0.071 seconds
[2024-11-20T01:00:52.331+0000] {processor.py:186} INFO - Started process (PID=5791) to work on /home/ubuntu/airflow_venv/lib/python3.12/site-packages/airflow/example_dags/example_xcomargs.py
[2024-11-20T01:00:52.333+0000] {processor.py:914} INFO - Processing file /home/ubuntu/airflow_venv/lib/python3.12/site-packages/airflow/example_dags/example_xcomargs.py for tasks to queue
[2024-11-20T01:00:52.334+0000] {logging_mixin.py:190} INFO - [2024-11-20T01:00:52.334+0000] {dagbag.py:588} INFO - Filling up the DagBag from /home/ubuntu/airflow_venv/lib/python3.12/site-packages/airflow/example_dags/example_xcomargs.py
[2024-11-20T01:00:52.344+0000] {processor.py:925} INFO - DAG(s) 'example_xcom_args', 'example_xcom_args_with_operators' retrieved from /home/ubuntu/airflow_venv/lib/python3.12/site-packages/airflow/example_dags/example_xcomargs.py
[2024-11-20T01:00:52.361+0000] {logging_mixin.py:190} INFO - [2024-11-20T01:00:52.361+0000] {dag.py:3239} INFO - Sync 2 DAGs
[2024-11-20T01:00:52.374+0000] {logging_mixin.py:190} INFO - [2024-11-20T01:00:52.373+0000] {dag.py:4180} INFO - Setting next_dagrun for example_xcom_args to None, run_after=None
[2024-11-20T01:00:52.376+0000] {logging_mixin.py:190} INFO - [2024-11-20T01:00:52.376+0000] {dag.py:4180} INFO - Setting next_dagrun for example_xcom_args_with_operators to None, run_after=None
[2024-11-20T01:00:52.396+0000] {processor.py:208} INFO - Processing /home/ubuntu/airflow_venv/lib/python3.12/site-packages/airflow/example_dags/example_xcomargs.py took 0.073 seconds
[2024-11-20T01:02:02.492+0000] {processor.py:186} INFO - Started process (PID=5870) to work on /home/ubuntu/airflow_venv/lib/python3.12/site-packages/airflow/example_dags/example_xcomargs.py
[2024-11-20T01:02:02.494+0000] {processor.py:914} INFO - Processing file /home/ubuntu/airflow_venv/lib/python3.12/site-packages/airflow/example_dags/example_xcomargs.py for tasks to queue
[2024-11-20T01:02:02.496+0000] {logging_mixin.py:190} INFO - [2024-11-20T01:02:02.495+0000] {dagbag.py:588} INFO - Filling up the DagBag from /home/ubuntu/airflow_venv/lib/python3.12/site-packages/airflow/example_dags/example_xcomargs.py
[2024-11-20T01:02:02.506+0000] {processor.py:925} INFO - DAG(s) 'example_xcom_args_with_operators', 'example_xcom_args' retrieved from /home/ubuntu/airflow_venv/lib/python3.12/site-packages/airflow/example_dags/example_xcomargs.py
[2024-11-20T01:02:02.524+0000] {logging_mixin.py:190} INFO - [2024-11-20T01:02:02.524+0000] {dag.py:3239} INFO - Sync 2 DAGs
[2024-11-20T01:02:02.538+0000] {logging_mixin.py:190} INFO - [2024-11-20T01:02:02.538+0000] {dag.py:4180} INFO - Setting next_dagrun for example_xcom_args to None, run_after=None
[2024-11-20T01:02:02.541+0000] {logging_mixin.py:190} INFO - [2024-11-20T01:02:02.541+0000] {dag.py:4180} INFO - Setting next_dagrun for example_xcom_args_with_operators to None, run_after=None
[2024-11-20T01:02:02.560+0000] {processor.py:208} INFO - Processing /home/ubuntu/airflow_venv/lib/python3.12/site-packages/airflow/example_dags/example_xcomargs.py took 0.075 seconds
[2024-11-20T01:02:59.418+0000] {processor.py:186} INFO - Started process (PID=5929) to work on /home/ubuntu/airflow_venv/lib/python3.12/site-packages/airflow/example_dags/example_xcomargs.py
[2024-11-20T01:02:59.419+0000] {processor.py:914} INFO - Processing file /home/ubuntu/airflow_venv/lib/python3.12/site-packages/airflow/example_dags/example_xcomargs.py for tasks to queue
[2024-11-20T01:02:59.420+0000] {logging_mixin.py:190} INFO - [2024-11-20T01:02:59.419+0000] {dagbag.py:588} INFO - Filling up the DagBag from /home/ubuntu/airflow_venv/lib/python3.12/site-packages/airflow/example_dags/example_xcomargs.py
[2024-11-20T01:02:59.437+0000] {processor.py:925} INFO - DAG(s) 'example_xcom_args_with_operators', 'example_xcom_args' retrieved from /home/ubuntu/airflow_venv/lib/python3.12/site-packages/airflow/example_dags/example_xcomargs.py
[2024-11-20T01:02:59.458+0000] {logging_mixin.py:190} INFO - [2024-11-20T01:02:59.458+0000] {dag.py:3239} INFO - Sync 2 DAGs
[2024-11-20T01:02:59.471+0000] {logging_mixin.py:190} INFO - [2024-11-20T01:02:59.471+0000] {dag.py:4180} INFO - Setting next_dagrun for example_xcom_args to None, run_after=None
[2024-11-20T01:02:59.473+0000] {logging_mixin.py:190} INFO - [2024-11-20T01:02:59.473+0000] {dag.py:4180} INFO - Setting next_dagrun for example_xcom_args_with_operators to None, run_after=None
[2024-11-20T01:02:59.493+0000] {processor.py:208} INFO - Processing /home/ubuntu/airflow_venv/lib/python3.12/site-packages/airflow/example_dags/example_xcomargs.py took 0.082 seconds
[2024-11-20T01:03:54.827+0000] {processor.py:186} INFO - Started process (PID=5985) to work on /home/ubuntu/airflow_venv/lib/python3.12/site-packages/airflow/example_dags/example_xcomargs.py
[2024-11-20T01:03:54.829+0000] {processor.py:914} INFO - Processing file /home/ubuntu/airflow_venv/lib/python3.12/site-packages/airflow/example_dags/example_xcomargs.py for tasks to queue
[2024-11-20T01:03:54.830+0000] {logging_mixin.py:190} INFO - [2024-11-20T01:03:54.829+0000] {dagbag.py:588} INFO - Filling up the DagBag from /home/ubuntu/airflow_venv/lib/python3.12/site-packages/airflow/example_dags/example_xcomargs.py
[2024-11-20T01:03:54.840+0000] {processor.py:925} INFO - DAG(s) 'example_xcom_args_with_operators', 'example_xcom_args' retrieved from /home/ubuntu/airflow_venv/lib/python3.12/site-packages/airflow/example_dags/example_xcomargs.py
[2024-11-20T01:03:54.858+0000] {logging_mixin.py:190} INFO - [2024-11-20T01:03:54.858+0000] {dag.py:3239} INFO - Sync 2 DAGs
[2024-11-20T01:03:54.870+0000] {logging_mixin.py:190} INFO - [2024-11-20T01:03:54.870+0000] {dag.py:4180} INFO - Setting next_dagrun for example_xcom_args to None, run_after=None
[2024-11-20T01:03:54.873+0000] {logging_mixin.py:190} INFO - [2024-11-20T01:03:54.873+0000] {dag.py:4180} INFO - Setting next_dagrun for example_xcom_args_with_operators to None, run_after=None
[2024-11-20T01:03:54.893+0000] {processor.py:208} INFO - Processing /home/ubuntu/airflow_venv/lib/python3.12/site-packages/airflow/example_dags/example_xcomargs.py took 0.074 seconds
[2024-11-20T01:04:50.210+0000] {processor.py:186} INFO - Started process (PID=6042) to work on /home/ubuntu/airflow_venv/lib/python3.12/site-packages/airflow/example_dags/example_xcomargs.py
[2024-11-20T01:04:50.212+0000] {processor.py:914} INFO - Processing file /home/ubuntu/airflow_venv/lib/python3.12/site-packages/airflow/example_dags/example_xcomargs.py for tasks to queue
[2024-11-20T01:04:50.214+0000] {logging_mixin.py:190} INFO - [2024-11-20T01:04:50.214+0000] {dagbag.py:588} INFO - Filling up the DagBag from /home/ubuntu/airflow_venv/lib/python3.12/site-packages/airflow/example_dags/example_xcomargs.py
[2024-11-20T01:04:50.224+0000] {processor.py:925} INFO - DAG(s) 'example_xcom_args_with_operators', 'example_xcom_args' retrieved from /home/ubuntu/airflow_venv/lib/python3.12/site-packages/airflow/example_dags/example_xcomargs.py
[2024-11-20T01:04:50.241+0000] {logging_mixin.py:190} INFO - [2024-11-20T01:04:50.240+0000] {dag.py:3239} INFO - Sync 2 DAGs
[2024-11-20T01:04:50.252+0000] {logging_mixin.py:190} INFO - [2024-11-20T01:04:50.252+0000] {dag.py:4180} INFO - Setting next_dagrun for example_xcom_args to None, run_after=None
[2024-11-20T01:04:50.256+0000] {logging_mixin.py:190} INFO - [2024-11-20T01:04:50.256+0000] {dag.py:4180} INFO - Setting next_dagrun for example_xcom_args_with_operators to None, run_after=None
[2024-11-20T01:04:50.279+0000] {processor.py:208} INFO - Processing /home/ubuntu/airflow_venv/lib/python3.12/site-packages/airflow/example_dags/example_xcomargs.py took 0.076 seconds
[2024-11-20T01:05:46.834+0000] {processor.py:186} INFO - Started process (PID=6104) to work on /home/ubuntu/airflow_venv/lib/python3.12/site-packages/airflow/example_dags/example_xcomargs.py
[2024-11-20T01:05:46.835+0000] {processor.py:914} INFO - Processing file /home/ubuntu/airflow_venv/lib/python3.12/site-packages/airflow/example_dags/example_xcomargs.py for tasks to queue
[2024-11-20T01:05:46.836+0000] {logging_mixin.py:190} INFO - [2024-11-20T01:05:46.836+0000] {dagbag.py:588} INFO - Filling up the DagBag from /home/ubuntu/airflow_venv/lib/python3.12/site-packages/airflow/example_dags/example_xcomargs.py
[2024-11-20T01:05:46.847+0000] {processor.py:925} INFO - DAG(s) 'example_xcom_args_with_operators', 'example_xcom_args' retrieved from /home/ubuntu/airflow_venv/lib/python3.12/site-packages/airflow/example_dags/example_xcomargs.py
[2024-11-20T01:05:46.864+0000] {logging_mixin.py:190} INFO - [2024-11-20T01:05:46.863+0000] {dag.py:3239} INFO - Sync 2 DAGs
[2024-11-20T01:05:46.876+0000] {logging_mixin.py:190} INFO - [2024-11-20T01:05:46.876+0000] {dag.py:4180} INFO - Setting next_dagrun for example_xcom_args to None, run_after=None
[2024-11-20T01:05:46.879+0000] {logging_mixin.py:190} INFO - [2024-11-20T01:05:46.879+0000] {dag.py:4180} INFO - Setting next_dagrun for example_xcom_args_with_operators to None, run_after=None
[2024-11-20T01:05:46.899+0000] {processor.py:208} INFO - Processing /home/ubuntu/airflow_venv/lib/python3.12/site-packages/airflow/example_dags/example_xcomargs.py took 0.072 seconds
[2024-11-20T01:06:39.546+0000] {processor.py:186} INFO - Started process (PID=6158) to work on /home/ubuntu/airflow_venv/lib/python3.12/site-packages/airflow/example_dags/example_xcomargs.py
[2024-11-20T01:06:39.548+0000] {processor.py:914} INFO - Processing file /home/ubuntu/airflow_venv/lib/python3.12/site-packages/airflow/example_dags/example_xcomargs.py for tasks to queue
[2024-11-20T01:06:39.549+0000] {logging_mixin.py:190} INFO - [2024-11-20T01:06:39.548+0000] {dagbag.py:588} INFO - Filling up the DagBag from /home/ubuntu/airflow_venv/lib/python3.12/site-packages/airflow/example_dags/example_xcomargs.py
[2024-11-20T01:06:39.559+0000] {processor.py:925} INFO - DAG(s) 'example_xcom_args', 'example_xcom_args_with_operators' retrieved from /home/ubuntu/airflow_venv/lib/python3.12/site-packages/airflow/example_dags/example_xcomargs.py
[2024-11-20T01:06:39.578+0000] {logging_mixin.py:190} INFO - [2024-11-20T01:06:39.578+0000] {dag.py:3239} INFO - Sync 2 DAGs
[2024-11-20T01:06:39.590+0000] {logging_mixin.py:190} INFO - [2024-11-20T01:06:39.590+0000] {dag.py:4180} INFO - Setting next_dagrun for example_xcom_args to None, run_after=None
[2024-11-20T01:06:39.593+0000] {logging_mixin.py:190} INFO - [2024-11-20T01:06:39.593+0000] {dag.py:4180} INFO - Setting next_dagrun for example_xcom_args_with_operators to None, run_after=None
[2024-11-20T01:06:39.614+0000] {processor.py:208} INFO - Processing /home/ubuntu/airflow_venv/lib/python3.12/site-packages/airflow/example_dags/example_xcomargs.py took 0.076 seconds
[2024-11-20T01:07:32.028+0000] {processor.py:186} INFO - Started process (PID=6213) to work on /home/ubuntu/airflow_venv/lib/python3.12/site-packages/airflow/example_dags/example_xcomargs.py
[2024-11-20T01:07:32.029+0000] {processor.py:914} INFO - Processing file /home/ubuntu/airflow_venv/lib/python3.12/site-packages/airflow/example_dags/example_xcomargs.py for tasks to queue
[2024-11-20T01:07:32.031+0000] {logging_mixin.py:190} INFO - [2024-11-20T01:07:32.030+0000] {dagbag.py:588} INFO - Filling up the DagBag from /home/ubuntu/airflow_venv/lib/python3.12/site-packages/airflow/example_dags/example_xcomargs.py
[2024-11-20T01:07:32.041+0000] {processor.py:925} INFO - DAG(s) 'example_xcom_args_with_operators', 'example_xcom_args' retrieved from /home/ubuntu/airflow_venv/lib/python3.12/site-packages/airflow/example_dags/example_xcomargs.py
[2024-11-20T01:07:32.059+0000] {logging_mixin.py:190} INFO - [2024-11-20T01:07:32.059+0000] {dag.py:3239} INFO - Sync 2 DAGs
[2024-11-20T01:07:32.070+0000] {logging_mixin.py:190} INFO - [2024-11-20T01:07:32.070+0000] {dag.py:4180} INFO - Setting next_dagrun for example_xcom_args to None, run_after=None
[2024-11-20T01:07:32.074+0000] {logging_mixin.py:190} INFO - [2024-11-20T01:07:32.074+0000] {dag.py:4180} INFO - Setting next_dagrun for example_xcom_args_with_operators to None, run_after=None
[2024-11-20T01:07:32.094+0000] {processor.py:208} INFO - Processing /home/ubuntu/airflow_venv/lib/python3.12/site-packages/airflow/example_dags/example_xcomargs.py took 0.073 seconds
[2024-11-20T01:08:24.139+0000] {processor.py:186} INFO - Started process (PID=6267) to work on /home/ubuntu/airflow_venv/lib/python3.12/site-packages/airflow/example_dags/example_xcomargs.py
[2024-11-20T01:08:24.141+0000] {processor.py:914} INFO - Processing file /home/ubuntu/airflow_venv/lib/python3.12/site-packages/airflow/example_dags/example_xcomargs.py for tasks to queue
[2024-11-20T01:08:24.143+0000] {logging_mixin.py:190} INFO - [2024-11-20T01:08:24.142+0000] {dagbag.py:588} INFO - Filling up the DagBag from /home/ubuntu/airflow_venv/lib/python3.12/site-packages/airflow/example_dags/example_xcomargs.py
[2024-11-20T01:08:24.152+0000] {processor.py:925} INFO - DAG(s) 'example_xcom_args', 'example_xcom_args_with_operators' retrieved from /home/ubuntu/airflow_venv/lib/python3.12/site-packages/airflow/example_dags/example_xcomargs.py
[2024-11-20T01:08:24.170+0000] {logging_mixin.py:190} INFO - [2024-11-20T01:08:24.170+0000] {dag.py:3239} INFO - Sync 2 DAGs
[2024-11-20T01:08:24.182+0000] {logging_mixin.py:190} INFO - [2024-11-20T01:08:24.182+0000] {dag.py:4180} INFO - Setting next_dagrun for example_xcom_args to None, run_after=None
[2024-11-20T01:08:24.186+0000] {logging_mixin.py:190} INFO - [2024-11-20T01:08:24.185+0000] {dag.py:4180} INFO - Setting next_dagrun for example_xcom_args_with_operators to None, run_after=None
[2024-11-20T01:08:24.205+0000] {processor.py:208} INFO - Processing /home/ubuntu/airflow_venv/lib/python3.12/site-packages/airflow/example_dags/example_xcomargs.py took 0.072 seconds
[2024-11-20T01:09:21.722+0000] {processor.py:186} INFO - Started process (PID=6324) to work on /home/ubuntu/airflow_venv/lib/python3.12/site-packages/airflow/example_dags/example_xcomargs.py
[2024-11-20T01:09:21.723+0000] {processor.py:914} INFO - Processing file /home/ubuntu/airflow_venv/lib/python3.12/site-packages/airflow/example_dags/example_xcomargs.py for tasks to queue
[2024-11-20T01:09:21.724+0000] {logging_mixin.py:190} INFO - [2024-11-20T01:09:21.724+0000] {dagbag.py:588} INFO - Filling up the DagBag from /home/ubuntu/airflow_venv/lib/python3.12/site-packages/airflow/example_dags/example_xcomargs.py
[2024-11-20T01:09:21.735+0000] {processor.py:925} INFO - DAG(s) 'example_xcom_args_with_operators', 'example_xcom_args' retrieved from /home/ubuntu/airflow_venv/lib/python3.12/site-packages/airflow/example_dags/example_xcomargs.py
[2024-11-20T01:09:21.753+0000] {logging_mixin.py:190} INFO - [2024-11-20T01:09:21.753+0000] {dag.py:3239} INFO - Sync 2 DAGs
[2024-11-20T01:09:21.764+0000] {logging_mixin.py:190} INFO - [2024-11-20T01:09:21.764+0000] {dag.py:4180} INFO - Setting next_dagrun for example_xcom_args to None, run_after=None
[2024-11-20T01:09:21.767+0000] {logging_mixin.py:190} INFO - [2024-11-20T01:09:21.767+0000] {dag.py:4180} INFO - Setting next_dagrun for example_xcom_args_with_operators to None, run_after=None
[2024-11-20T01:09:21.787+0000] {processor.py:208} INFO - Processing /home/ubuntu/airflow_venv/lib/python3.12/site-packages/airflow/example_dags/example_xcomargs.py took 0.072 seconds
[2024-11-20T01:10:20.585+0000] {processor.py:186} INFO - Started process (PID=6388) to work on /home/ubuntu/airflow_venv/lib/python3.12/site-packages/airflow/example_dags/example_xcomargs.py
[2024-11-20T01:10:20.586+0000] {processor.py:914} INFO - Processing file /home/ubuntu/airflow_venv/lib/python3.12/site-packages/airflow/example_dags/example_xcomargs.py for tasks to queue
[2024-11-20T01:10:20.587+0000] {logging_mixin.py:190} INFO - [2024-11-20T01:10:20.587+0000] {dagbag.py:588} INFO - Filling up the DagBag from /home/ubuntu/airflow_venv/lib/python3.12/site-packages/airflow/example_dags/example_xcomargs.py
[2024-11-20T01:10:20.598+0000] {processor.py:925} INFO - DAG(s) 'example_xcom_args', 'example_xcom_args_with_operators' retrieved from /home/ubuntu/airflow_venv/lib/python3.12/site-packages/airflow/example_dags/example_xcomargs.py
[2024-11-20T01:10:20.615+0000] {logging_mixin.py:190} INFO - [2024-11-20T01:10:20.615+0000] {dag.py:3239} INFO - Sync 2 DAGs
[2024-11-20T01:10:20.627+0000] {logging_mixin.py:190} INFO - [2024-11-20T01:10:20.627+0000] {dag.py:4180} INFO - Setting next_dagrun for example_xcom_args to None, run_after=None
[2024-11-20T01:10:20.631+0000] {logging_mixin.py:190} INFO - [2024-11-20T01:10:20.630+0000] {dag.py:4180} INFO - Setting next_dagrun for example_xcom_args_with_operators to None, run_after=None
[2024-11-20T01:10:20.650+0000] {processor.py:208} INFO - Processing /home/ubuntu/airflow_venv/lib/python3.12/site-packages/airflow/example_dags/example_xcomargs.py took 0.073 seconds
[2024-11-20T01:11:14.001+0000] {processor.py:186} INFO - Started process (PID=6443) to work on /home/ubuntu/airflow_venv/lib/python3.12/site-packages/airflow/example_dags/example_xcomargs.py
[2024-11-20T01:11:14.002+0000] {processor.py:914} INFO - Processing file /home/ubuntu/airflow_venv/lib/python3.12/site-packages/airflow/example_dags/example_xcomargs.py for tasks to queue
[2024-11-20T01:11:14.003+0000] {logging_mixin.py:190} INFO - [2024-11-20T01:11:14.003+0000] {dagbag.py:588} INFO - Filling up the DagBag from /home/ubuntu/airflow_venv/lib/python3.12/site-packages/airflow/example_dags/example_xcomargs.py
[2024-11-20T01:11:14.014+0000] {processor.py:925} INFO - DAG(s) 'example_xcom_args', 'example_xcom_args_with_operators' retrieved from /home/ubuntu/airflow_venv/lib/python3.12/site-packages/airflow/example_dags/example_xcomargs.py
[2024-11-20T01:11:14.032+0000] {logging_mixin.py:190} INFO - [2024-11-20T01:11:14.032+0000] {dag.py:3239} INFO - Sync 2 DAGs
[2024-11-20T01:11:14.044+0000] {logging_mixin.py:190} INFO - [2024-11-20T01:11:14.044+0000] {dag.py:4180} INFO - Setting next_dagrun for example_xcom_args to None, run_after=None
[2024-11-20T01:11:14.047+0000] {logging_mixin.py:190} INFO - [2024-11-20T01:11:14.047+0000] {dag.py:4180} INFO - Setting next_dagrun for example_xcom_args_with_operators to None, run_after=None
[2024-11-20T01:11:14.067+0000] {processor.py:208} INFO - Processing /home/ubuntu/airflow_venv/lib/python3.12/site-packages/airflow/example_dags/example_xcomargs.py took 0.073 seconds
[2024-11-20T01:12:07.461+0000] {processor.py:186} INFO - Started process (PID=6500) to work on /home/ubuntu/airflow_venv/lib/python3.12/site-packages/airflow/example_dags/example_xcomargs.py
[2024-11-20T01:12:07.462+0000] {processor.py:914} INFO - Processing file /home/ubuntu/airflow_venv/lib/python3.12/site-packages/airflow/example_dags/example_xcomargs.py for tasks to queue
[2024-11-20T01:12:07.464+0000] {logging_mixin.py:190} INFO - [2024-11-20T01:12:07.463+0000] {dagbag.py:588} INFO - Filling up the DagBag from /home/ubuntu/airflow_venv/lib/python3.12/site-packages/airflow/example_dags/example_xcomargs.py
[2024-11-20T01:12:07.473+0000] {processor.py:925} INFO - DAG(s) 'example_xcom_args_with_operators', 'example_xcom_args' retrieved from /home/ubuntu/airflow_venv/lib/python3.12/site-packages/airflow/example_dags/example_xcomargs.py
[2024-11-20T01:12:07.491+0000] {logging_mixin.py:190} INFO - [2024-11-20T01:12:07.491+0000] {dag.py:3239} INFO - Sync 2 DAGs
[2024-11-20T01:12:07.502+0000] {logging_mixin.py:190} INFO - [2024-11-20T01:12:07.502+0000] {dag.py:4180} INFO - Setting next_dagrun for example_xcom_args to None, run_after=None
[2024-11-20T01:12:07.505+0000] {logging_mixin.py:190} INFO - [2024-11-20T01:12:07.504+0000] {dag.py:4180} INFO - Setting next_dagrun for example_xcom_args_with_operators to None, run_after=None
[2024-11-20T01:12:07.526+0000] {processor.py:208} INFO - Processing /home/ubuntu/airflow_venv/lib/python3.12/site-packages/airflow/example_dags/example_xcomargs.py took 0.072 seconds
[2024-11-20T01:13:02.191+0000] {processor.py:186} INFO - Started process (PID=6554) to work on /home/ubuntu/airflow_venv/lib/python3.12/site-packages/airflow/example_dags/example_xcomargs.py
[2024-11-20T01:13:02.193+0000] {processor.py:914} INFO - Processing file /home/ubuntu/airflow_venv/lib/python3.12/site-packages/airflow/example_dags/example_xcomargs.py for tasks to queue
[2024-11-20T01:13:02.194+0000] {logging_mixin.py:190} INFO - [2024-11-20T01:13:02.193+0000] {dagbag.py:588} INFO - Filling up the DagBag from /home/ubuntu/airflow_venv/lib/python3.12/site-packages/airflow/example_dags/example_xcomargs.py
[2024-11-20T01:13:02.205+0000] {processor.py:925} INFO - DAG(s) 'example_xcom_args_with_operators', 'example_xcom_args' retrieved from /home/ubuntu/airflow_venv/lib/python3.12/site-packages/airflow/example_dags/example_xcomargs.py
[2024-11-20T01:13:02.226+0000] {logging_mixin.py:190} INFO - [2024-11-20T01:13:02.226+0000] {dag.py:3239} INFO - Sync 2 DAGs
[2024-11-20T01:13:02.238+0000] {logging_mixin.py:190} INFO - [2024-11-20T01:13:02.238+0000] {dag.py:4180} INFO - Setting next_dagrun for example_xcom_args to None, run_after=None
[2024-11-20T01:13:02.241+0000] {logging_mixin.py:190} INFO - [2024-11-20T01:13:02.241+0000] {dag.py:4180} INFO - Setting next_dagrun for example_xcom_args_with_operators to None, run_after=None
[2024-11-20T01:13:02.261+0000] {processor.py:208} INFO - Processing /home/ubuntu/airflow_venv/lib/python3.12/site-packages/airflow/example_dags/example_xcomargs.py took 0.077 seconds
