[2024-11-20T00:16:31.514+0000] {processor.py:186} INFO - Started process (PID=2044) to work on /home/ubuntu/airflow_venv/lib/python3.12/site-packages/airflow/example_dags/example_python_decorator.py
[2024-11-20T00:16:31.515+0000] {processor.py:914} INFO - Processing file /home/ubuntu/airflow_venv/lib/python3.12/site-packages/airflow/example_dags/example_python_decorator.py for tasks to queue
[2024-11-20T00:16:31.517+0000] {logging_mixin.py:190} INFO - [2024-11-20T00:16:31.517+0000] {dagbag.py:588} INFO - Filling up the DagBag from /home/ubuntu/airflow_venv/lib/python3.12/site-packages/airflow/example_dags/example_python_decorator.py
[2024-11-20T00:16:31.525+0000] {logging_mixin.py:190} INFO - [2024-11-20T00:16:31.524+0000] {example_python_decorator.py:80} WARNING - The virtalenv_python example task requires virtualenv, please install it.
[2024-11-20T00:16:31.528+0000] {processor.py:925} INFO - DAG(s) 'example_python_decorator' retrieved from /home/ubuntu/airflow_venv/lib/python3.12/site-packages/airflow/example_dags/example_python_decorator.py
[2024-11-20T00:16:31.545+0000] {logging_mixin.py:190} INFO - [2024-11-20T00:16:31.545+0000] {dag.py:3239} INFO - Sync 1 DAGs
[2024-11-20T00:16:31.557+0000] {logging_mixin.py:190} INFO - [2024-11-20T00:16:31.556+0000] {dag.py:4180} INFO - Setting next_dagrun for example_python_decorator to None, run_after=None
[2024-11-20T00:16:31.576+0000] {processor.py:208} INFO - Processing /home/ubuntu/airflow_venv/lib/python3.12/site-packages/airflow/example_dags/example_python_decorator.py took 0.067 seconds
[2024-11-20T00:17:30.947+0000] {processor.py:186} INFO - Started process (PID=2116) to work on /home/ubuntu/airflow_venv/lib/python3.12/site-packages/airflow/example_dags/example_python_decorator.py
[2024-11-20T00:17:30.948+0000] {processor.py:914} INFO - Processing file /home/ubuntu/airflow_venv/lib/python3.12/site-packages/airflow/example_dags/example_python_decorator.py for tasks to queue
[2024-11-20T00:17:30.950+0000] {logging_mixin.py:190} INFO - [2024-11-20T00:17:30.950+0000] {dagbag.py:588} INFO - Filling up the DagBag from /home/ubuntu/airflow_venv/lib/python3.12/site-packages/airflow/example_dags/example_python_decorator.py
[2024-11-20T00:17:30.958+0000] {logging_mixin.py:190} INFO - [2024-11-20T00:17:30.958+0000] {example_python_decorator.py:80} WARNING - The virtalenv_python example task requires virtualenv, please install it.
[2024-11-20T00:17:30.960+0000] {processor.py:925} INFO - DAG(s) 'example_python_decorator' retrieved from /home/ubuntu/airflow_venv/lib/python3.12/site-packages/airflow/example_dags/example_python_decorator.py
[2024-11-20T00:17:30.975+0000] {logging_mixin.py:190} INFO - [2024-11-20T00:17:30.975+0000] {dag.py:3239} INFO - Sync 1 DAGs
[2024-11-20T00:17:30.987+0000] {logging_mixin.py:190} INFO - [2024-11-20T00:17:30.987+0000] {dag.py:4180} INFO - Setting next_dagrun for example_python_decorator to None, run_after=None
[2024-11-20T00:17:31.009+0000] {processor.py:208} INFO - Processing /home/ubuntu/airflow_venv/lib/python3.12/site-packages/airflow/example_dags/example_python_decorator.py took 0.067 seconds
[2024-11-20T00:18:26.914+0000] {processor.py:186} INFO - Started process (PID=2174) to work on /home/ubuntu/airflow_venv/lib/python3.12/site-packages/airflow/example_dags/example_python_decorator.py
[2024-11-20T00:18:26.916+0000] {processor.py:914} INFO - Processing file /home/ubuntu/airflow_venv/lib/python3.12/site-packages/airflow/example_dags/example_python_decorator.py for tasks to queue
[2024-11-20T00:18:26.918+0000] {logging_mixin.py:190} INFO - [2024-11-20T00:18:26.918+0000] {dagbag.py:588} INFO - Filling up the DagBag from /home/ubuntu/airflow_venv/lib/python3.12/site-packages/airflow/example_dags/example_python_decorator.py
[2024-11-20T00:18:26.926+0000] {logging_mixin.py:190} INFO - [2024-11-20T00:18:26.926+0000] {example_python_decorator.py:80} WARNING - The virtalenv_python example task requires virtualenv, please install it.
[2024-11-20T00:18:26.930+0000] {processor.py:925} INFO - DAG(s) 'example_python_decorator' retrieved from /home/ubuntu/airflow_venv/lib/python3.12/site-packages/airflow/example_dags/example_python_decorator.py
[2024-11-20T00:18:26.945+0000] {logging_mixin.py:190} INFO - [2024-11-20T00:18:26.945+0000] {dag.py:3239} INFO - Sync 1 DAGs
[2024-11-20T00:18:26.956+0000] {logging_mixin.py:190} INFO - [2024-11-20T00:18:26.956+0000] {dag.py:4180} INFO - Setting next_dagrun for example_python_decorator to None, run_after=None
[2024-11-20T00:18:26.978+0000] {processor.py:208} INFO - Processing /home/ubuntu/airflow_venv/lib/python3.12/site-packages/airflow/example_dags/example_python_decorator.py took 0.069 seconds
[2024-11-20T00:19:22.612+0000] {processor.py:186} INFO - Started process (PID=2233) to work on /home/ubuntu/airflow_venv/lib/python3.12/site-packages/airflow/example_dags/example_python_decorator.py
[2024-11-20T00:19:22.614+0000] {processor.py:914} INFO - Processing file /home/ubuntu/airflow_venv/lib/python3.12/site-packages/airflow/example_dags/example_python_decorator.py for tasks to queue
[2024-11-20T00:19:22.616+0000] {logging_mixin.py:190} INFO - [2024-11-20T00:19:22.616+0000] {dagbag.py:588} INFO - Filling up the DagBag from /home/ubuntu/airflow_venv/lib/python3.12/site-packages/airflow/example_dags/example_python_decorator.py
[2024-11-20T00:19:22.624+0000] {logging_mixin.py:190} INFO - [2024-11-20T00:19:22.624+0000] {example_python_decorator.py:80} WARNING - The virtalenv_python example task requires virtualenv, please install it.
[2024-11-20T00:19:22.627+0000] {processor.py:925} INFO - DAG(s) 'example_python_decorator' retrieved from /home/ubuntu/airflow_venv/lib/python3.12/site-packages/airflow/example_dags/example_python_decorator.py
[2024-11-20T00:19:22.643+0000] {logging_mixin.py:190} INFO - [2024-11-20T00:19:22.642+0000] {dag.py:3239} INFO - Sync 1 DAGs
[2024-11-20T00:19:22.655+0000] {logging_mixin.py:190} INFO - [2024-11-20T00:19:22.655+0000] {dag.py:4180} INFO - Setting next_dagrun for example_python_decorator to None, run_after=None
[2024-11-20T00:19:22.676+0000] {processor.py:208} INFO - Processing /home/ubuntu/airflow_venv/lib/python3.12/site-packages/airflow/example_dags/example_python_decorator.py took 0.069 seconds
[2024-11-20T00:20:15.449+0000] {processor.py:186} INFO - Started process (PID=2288) to work on /home/ubuntu/airflow_venv/lib/python3.12/site-packages/airflow/example_dags/example_python_decorator.py
[2024-11-20T00:20:15.451+0000] {processor.py:914} INFO - Processing file /home/ubuntu/airflow_venv/lib/python3.12/site-packages/airflow/example_dags/example_python_decorator.py for tasks to queue
[2024-11-20T00:20:15.454+0000] {logging_mixin.py:190} INFO - [2024-11-20T00:20:15.453+0000] {dagbag.py:588} INFO - Filling up the DagBag from /home/ubuntu/airflow_venv/lib/python3.12/site-packages/airflow/example_dags/example_python_decorator.py
[2024-11-20T00:20:15.462+0000] {logging_mixin.py:190} INFO - [2024-11-20T00:20:15.462+0000] {example_python_decorator.py:80} WARNING - The virtalenv_python example task requires virtualenv, please install it.
[2024-11-20T00:20:15.465+0000] {processor.py:925} INFO - DAG(s) 'example_python_decorator' retrieved from /home/ubuntu/airflow_venv/lib/python3.12/site-packages/airflow/example_dags/example_python_decorator.py
[2024-11-20T00:20:15.481+0000] {logging_mixin.py:190} INFO - [2024-11-20T00:20:15.480+0000] {dag.py:3239} INFO - Sync 1 DAGs
[2024-11-20T00:20:15.491+0000] {logging_mixin.py:190} INFO - [2024-11-20T00:20:15.491+0000] {dag.py:4180} INFO - Setting next_dagrun for example_python_decorator to None, run_after=None
[2024-11-20T00:20:15.513+0000] {processor.py:208} INFO - Processing /home/ubuntu/airflow_venv/lib/python3.12/site-packages/airflow/example_dags/example_python_decorator.py took 0.069 seconds
[2024-11-20T00:21:10.694+0000] {processor.py:186} INFO - Started process (PID=2346) to work on /home/ubuntu/airflow_venv/lib/python3.12/site-packages/airflow/example_dags/example_python_decorator.py
[2024-11-20T00:21:10.695+0000] {processor.py:914} INFO - Processing file /home/ubuntu/airflow_venv/lib/python3.12/site-packages/airflow/example_dags/example_python_decorator.py for tasks to queue
[2024-11-20T00:21:10.698+0000] {logging_mixin.py:190} INFO - [2024-11-20T00:21:10.697+0000] {dagbag.py:588} INFO - Filling up the DagBag from /home/ubuntu/airflow_venv/lib/python3.12/site-packages/airflow/example_dags/example_python_decorator.py
[2024-11-20T00:21:10.706+0000] {logging_mixin.py:190} INFO - [2024-11-20T00:21:10.706+0000] {example_python_decorator.py:80} WARNING - The virtalenv_python example task requires virtualenv, please install it.
[2024-11-20T00:21:10.708+0000] {processor.py:925} INFO - DAG(s) 'example_python_decorator' retrieved from /home/ubuntu/airflow_venv/lib/python3.12/site-packages/airflow/example_dags/example_python_decorator.py
[2024-11-20T00:21:10.723+0000] {logging_mixin.py:190} INFO - [2024-11-20T00:21:10.723+0000] {dag.py:3239} INFO - Sync 1 DAGs
[2024-11-20T00:21:10.851+0000] {logging_mixin.py:190} INFO - [2024-11-20T00:21:10.850+0000] {dag.py:4180} INFO - Setting next_dagrun for example_python_decorator to None, run_after=None
[2024-11-20T00:21:10.873+0000] {processor.py:208} INFO - Processing /home/ubuntu/airflow_venv/lib/python3.12/site-packages/airflow/example_dags/example_python_decorator.py took 0.184 seconds
[2024-11-20T00:22:13.051+0000] {processor.py:186} INFO - Started process (PID=2410) to work on /home/ubuntu/airflow_venv/lib/python3.12/site-packages/airflow/example_dags/example_python_decorator.py
[2024-11-20T00:22:13.052+0000] {processor.py:914} INFO - Processing file /home/ubuntu/airflow_venv/lib/python3.12/site-packages/airflow/example_dags/example_python_decorator.py for tasks to queue
[2024-11-20T00:22:13.054+0000] {logging_mixin.py:190} INFO - [2024-11-20T00:22:13.054+0000] {dagbag.py:588} INFO - Filling up the DagBag from /home/ubuntu/airflow_venv/lib/python3.12/site-packages/airflow/example_dags/example_python_decorator.py
[2024-11-20T00:22:13.063+0000] {logging_mixin.py:190} INFO - [2024-11-20T00:22:13.063+0000] {example_python_decorator.py:80} WARNING - The virtalenv_python example task requires virtualenv, please install it.
[2024-11-20T00:22:13.066+0000] {processor.py:925} INFO - DAG(s) 'example_python_decorator' retrieved from /home/ubuntu/airflow_venv/lib/python3.12/site-packages/airflow/example_dags/example_python_decorator.py
[2024-11-20T00:22:13.082+0000] {logging_mixin.py:190} INFO - [2024-11-20T00:22:13.082+0000] {dag.py:3239} INFO - Sync 1 DAGs
[2024-11-20T00:22:13.095+0000] {logging_mixin.py:190} INFO - [2024-11-20T00:22:13.095+0000] {dag.py:4180} INFO - Setting next_dagrun for example_python_decorator to None, run_after=None
[2024-11-20T00:22:13.118+0000] {processor.py:208} INFO - Processing /home/ubuntu/airflow_venv/lib/python3.12/site-packages/airflow/example_dags/example_python_decorator.py took 0.073 seconds
[2024-11-20T00:23:08.127+0000] {processor.py:186} INFO - Started process (PID=2466) to work on /home/ubuntu/airflow_venv/lib/python3.12/site-packages/airflow/example_dags/example_python_decorator.py
[2024-11-20T00:23:08.130+0000] {processor.py:914} INFO - Processing file /home/ubuntu/airflow_venv/lib/python3.12/site-packages/airflow/example_dags/example_python_decorator.py for tasks to queue
[2024-11-20T00:23:08.131+0000] {logging_mixin.py:190} INFO - [2024-11-20T00:23:08.131+0000] {dagbag.py:588} INFO - Filling up the DagBag from /home/ubuntu/airflow_venv/lib/python3.12/site-packages/airflow/example_dags/example_python_decorator.py
[2024-11-20T00:23:08.141+0000] {logging_mixin.py:190} INFO - [2024-11-20T00:23:08.140+0000] {example_python_decorator.py:80} WARNING - The virtalenv_python example task requires virtualenv, please install it.
[2024-11-20T00:23:08.143+0000] {processor.py:925} INFO - DAG(s) 'example_python_decorator' retrieved from /home/ubuntu/airflow_venv/lib/python3.12/site-packages/airflow/example_dags/example_python_decorator.py
[2024-11-20T00:23:08.159+0000] {logging_mixin.py:190} INFO - [2024-11-20T00:23:08.158+0000] {dag.py:3239} INFO - Sync 1 DAGs
[2024-11-20T00:23:08.170+0000] {logging_mixin.py:190} INFO - [2024-11-20T00:23:08.170+0000] {dag.py:4180} INFO - Setting next_dagrun for example_python_decorator to None, run_after=None
[2024-11-20T00:23:08.197+0000] {processor.py:208} INFO - Processing /home/ubuntu/airflow_venv/lib/python3.12/site-packages/airflow/example_dags/example_python_decorator.py took 0.076 seconds
[2024-11-20T00:24:02.981+0000] {processor.py:186} INFO - Started process (PID=2523) to work on /home/ubuntu/airflow_venv/lib/python3.12/site-packages/airflow/example_dags/example_python_decorator.py
[2024-11-20T00:24:02.982+0000] {processor.py:914} INFO - Processing file /home/ubuntu/airflow_venv/lib/python3.12/site-packages/airflow/example_dags/example_python_decorator.py for tasks to queue
[2024-11-20T00:24:02.986+0000] {logging_mixin.py:190} INFO - [2024-11-20T00:24:02.985+0000] {dagbag.py:588} INFO - Filling up the DagBag from /home/ubuntu/airflow_venv/lib/python3.12/site-packages/airflow/example_dags/example_python_decorator.py
[2024-11-20T00:24:02.994+0000] {logging_mixin.py:190} INFO - [2024-11-20T00:24:02.994+0000] {example_python_decorator.py:80} WARNING - The virtalenv_python example task requires virtualenv, please install it.
[2024-11-20T00:24:02.998+0000] {processor.py:925} INFO - DAG(s) 'example_python_decorator' retrieved from /home/ubuntu/airflow_venv/lib/python3.12/site-packages/airflow/example_dags/example_python_decorator.py
[2024-11-20T00:24:03.015+0000] {logging_mixin.py:190} INFO - [2024-11-20T00:24:03.015+0000] {dag.py:3239} INFO - Sync 1 DAGs
[2024-11-20T00:24:03.026+0000] {logging_mixin.py:190} INFO - [2024-11-20T00:24:03.026+0000] {dag.py:4180} INFO - Setting next_dagrun for example_python_decorator to None, run_after=None
[2024-11-20T00:24:03.048+0000] {processor.py:208} INFO - Processing /home/ubuntu/airflow_venv/lib/python3.12/site-packages/airflow/example_dags/example_python_decorator.py took 0.072 seconds
[2024-11-20T00:24:57.551+0000] {processor.py:186} INFO - Started process (PID=2579) to work on /home/ubuntu/airflow_venv/lib/python3.12/site-packages/airflow/example_dags/example_python_decorator.py
[2024-11-20T00:24:57.552+0000] {processor.py:914} INFO - Processing file /home/ubuntu/airflow_venv/lib/python3.12/site-packages/airflow/example_dags/example_python_decorator.py for tasks to queue
[2024-11-20T00:24:57.555+0000] {logging_mixin.py:190} INFO - [2024-11-20T00:24:57.554+0000] {dagbag.py:588} INFO - Filling up the DagBag from /home/ubuntu/airflow_venv/lib/python3.12/site-packages/airflow/example_dags/example_python_decorator.py
[2024-11-20T00:24:57.563+0000] {logging_mixin.py:190} INFO - [2024-11-20T00:24:57.563+0000] {example_python_decorator.py:80} WARNING - The virtalenv_python example task requires virtualenv, please install it.
[2024-11-20T00:24:57.565+0000] {processor.py:925} INFO - DAG(s) 'example_python_decorator' retrieved from /home/ubuntu/airflow_venv/lib/python3.12/site-packages/airflow/example_dags/example_python_decorator.py
[2024-11-20T00:24:57.582+0000] {logging_mixin.py:190} INFO - [2024-11-20T00:24:57.582+0000] {dag.py:3239} INFO - Sync 1 DAGs
[2024-11-20T00:24:57.594+0000] {logging_mixin.py:190} INFO - [2024-11-20T00:24:57.594+0000] {dag.py:4180} INFO - Setting next_dagrun for example_python_decorator to None, run_after=None
[2024-11-20T00:24:57.616+0000] {processor.py:208} INFO - Processing /home/ubuntu/airflow_venv/lib/python3.12/site-packages/airflow/example_dags/example_python_decorator.py took 0.071 seconds
[2024-11-20T00:25:51.858+0000] {processor.py:186} INFO - Started process (PID=2638) to work on /home/ubuntu/airflow_venv/lib/python3.12/site-packages/airflow/example_dags/example_python_decorator.py
[2024-11-20T00:25:51.859+0000] {processor.py:914} INFO - Processing file /home/ubuntu/airflow_venv/lib/python3.12/site-packages/airflow/example_dags/example_python_decorator.py for tasks to queue
[2024-11-20T00:25:51.861+0000] {logging_mixin.py:190} INFO - [2024-11-20T00:25:51.861+0000] {dagbag.py:588} INFO - Filling up the DagBag from /home/ubuntu/airflow_venv/lib/python3.12/site-packages/airflow/example_dags/example_python_decorator.py
[2024-11-20T00:25:51.871+0000] {logging_mixin.py:190} INFO - [2024-11-20T00:25:51.870+0000] {example_python_decorator.py:80} WARNING - The virtalenv_python example task requires virtualenv, please install it.
[2024-11-20T00:25:51.873+0000] {processor.py:925} INFO - DAG(s) 'example_python_decorator' retrieved from /home/ubuntu/airflow_venv/lib/python3.12/site-packages/airflow/example_dags/example_python_decorator.py
[2024-11-20T00:25:51.892+0000] {logging_mixin.py:190} INFO - [2024-11-20T00:25:51.892+0000] {dag.py:3239} INFO - Sync 1 DAGs
[2024-11-20T00:25:51.911+0000] {logging_mixin.py:190} INFO - [2024-11-20T00:25:51.911+0000] {dag.py:4180} INFO - Setting next_dagrun for example_python_decorator to None, run_after=None
[2024-11-20T00:25:51.933+0000] {processor.py:208} INFO - Processing /home/ubuntu/airflow_venv/lib/python3.12/site-packages/airflow/example_dags/example_python_decorator.py took 0.080 seconds
[2024-11-20T00:27:04.443+0000] {processor.py:186} INFO - Started process (PID=2734) to work on /home/ubuntu/airflow_venv/lib/python3.12/site-packages/airflow/example_dags/example_python_decorator.py
[2024-11-20T00:27:04.445+0000] {processor.py:914} INFO - Processing file /home/ubuntu/airflow_venv/lib/python3.12/site-packages/airflow/example_dags/example_python_decorator.py for tasks to queue
[2024-11-20T00:27:04.447+0000] {logging_mixin.py:190} INFO - [2024-11-20T00:27:04.447+0000] {dagbag.py:588} INFO - Filling up the DagBag from /home/ubuntu/airflow_venv/lib/python3.12/site-packages/airflow/example_dags/example_python_decorator.py
[2024-11-20T00:27:04.457+0000] {logging_mixin.py:190} INFO - [2024-11-20T00:27:04.457+0000] {example_python_decorator.py:80} WARNING - The virtalenv_python example task requires virtualenv, please install it.
[2024-11-20T00:27:04.460+0000] {processor.py:925} INFO - DAG(s) 'example_python_decorator' retrieved from /home/ubuntu/airflow_venv/lib/python3.12/site-packages/airflow/example_dags/example_python_decorator.py
[2024-11-20T00:27:04.475+0000] {logging_mixin.py:190} INFO - [2024-11-20T00:27:04.475+0000] {dag.py:3239} INFO - Sync 1 DAGs
[2024-11-20T00:27:04.487+0000] {logging_mixin.py:190} INFO - [2024-11-20T00:27:04.487+0000] {dag.py:4180} INFO - Setting next_dagrun for example_python_decorator to None, run_after=None
[2024-11-20T00:27:04.509+0000] {processor.py:208} INFO - Processing /home/ubuntu/airflow_venv/lib/python3.12/site-packages/airflow/example_dags/example_python_decorator.py took 0.072 seconds
[2024-11-20T00:28:08.717+0000] {processor.py:186} INFO - Started process (PID=2800) to work on /home/ubuntu/airflow_venv/lib/python3.12/site-packages/airflow/example_dags/example_python_decorator.py
[2024-11-20T00:28:08.719+0000] {processor.py:914} INFO - Processing file /home/ubuntu/airflow_venv/lib/python3.12/site-packages/airflow/example_dags/example_python_decorator.py for tasks to queue
[2024-11-20T00:28:08.721+0000] {logging_mixin.py:190} INFO - [2024-11-20T00:28:08.721+0000] {dagbag.py:588} INFO - Filling up the DagBag from /home/ubuntu/airflow_venv/lib/python3.12/site-packages/airflow/example_dags/example_python_decorator.py
[2024-11-20T00:28:08.730+0000] {logging_mixin.py:190} INFO - [2024-11-20T00:28:08.730+0000] {example_python_decorator.py:80} WARNING - The virtalenv_python example task requires virtualenv, please install it.
[2024-11-20T00:28:08.733+0000] {processor.py:925} INFO - DAG(s) 'example_python_decorator' retrieved from /home/ubuntu/airflow_venv/lib/python3.12/site-packages/airflow/example_dags/example_python_decorator.py
[2024-11-20T00:28:08.748+0000] {logging_mixin.py:190} INFO - [2024-11-20T00:28:08.748+0000] {dag.py:3239} INFO - Sync 1 DAGs
[2024-11-20T00:28:08.759+0000] {logging_mixin.py:190} INFO - [2024-11-20T00:28:08.759+0000] {dag.py:4180} INFO - Setting next_dagrun for example_python_decorator to None, run_after=None
[2024-11-20T00:28:08.781+0000] {processor.py:208} INFO - Processing /home/ubuntu/airflow_venv/lib/python3.12/site-packages/airflow/example_dags/example_python_decorator.py took 0.069 seconds
[2024-11-20T00:29:08.057+0000] {processor.py:186} INFO - Started process (PID=2988) to work on /home/ubuntu/airflow_venv/lib/python3.12/site-packages/airflow/example_dags/example_python_decorator.py
[2024-11-20T00:29:08.058+0000] {processor.py:914} INFO - Processing file /home/ubuntu/airflow_venv/lib/python3.12/site-packages/airflow/example_dags/example_python_decorator.py for tasks to queue
[2024-11-20T00:29:08.060+0000] {logging_mixin.py:190} INFO - [2024-11-20T00:29:08.060+0000] {dagbag.py:588} INFO - Filling up the DagBag from /home/ubuntu/airflow_venv/lib/python3.12/site-packages/airflow/example_dags/example_python_decorator.py
[2024-11-20T00:29:08.069+0000] {logging_mixin.py:190} INFO - [2024-11-20T00:29:08.069+0000] {example_python_decorator.py:80} WARNING - The virtalenv_python example task requires virtualenv, please install it.
[2024-11-20T00:29:08.071+0000] {processor.py:925} INFO - DAG(s) 'example_python_decorator' retrieved from /home/ubuntu/airflow_venv/lib/python3.12/site-packages/airflow/example_dags/example_python_decorator.py
[2024-11-20T00:29:08.087+0000] {logging_mixin.py:190} INFO - [2024-11-20T00:29:08.087+0000] {dag.py:3239} INFO - Sync 1 DAGs
[2024-11-20T00:29:08.099+0000] {logging_mixin.py:190} INFO - [2024-11-20T00:29:08.099+0000] {dag.py:4180} INFO - Setting next_dagrun for example_python_decorator to None, run_after=None
[2024-11-20T00:29:08.122+0000] {processor.py:208} INFO - Processing /home/ubuntu/airflow_venv/lib/python3.12/site-packages/airflow/example_dags/example_python_decorator.py took 0.070 seconds
[2024-11-20T00:30:08.730+0000] {processor.py:186} INFO - Started process (PID=3051) to work on /home/ubuntu/airflow_venv/lib/python3.12/site-packages/airflow/example_dags/example_python_decorator.py
[2024-11-20T00:30:08.731+0000] {processor.py:914} INFO - Processing file /home/ubuntu/airflow_venv/lib/python3.12/site-packages/airflow/example_dags/example_python_decorator.py for tasks to queue
[2024-11-20T00:30:08.732+0000] {logging_mixin.py:190} INFO - [2024-11-20T00:30:08.732+0000] {dagbag.py:588} INFO - Filling up the DagBag from /home/ubuntu/airflow_venv/lib/python3.12/site-packages/airflow/example_dags/example_python_decorator.py
[2024-11-20T00:30:08.741+0000] {logging_mixin.py:190} INFO - [2024-11-20T00:30:08.740+0000] {example_python_decorator.py:80} WARNING - The virtalenv_python example task requires virtualenv, please install it.
[2024-11-20T00:30:08.743+0000] {processor.py:925} INFO - DAG(s) 'example_python_decorator' retrieved from /home/ubuntu/airflow_venv/lib/python3.12/site-packages/airflow/example_dags/example_python_decorator.py
[2024-11-20T00:30:08.758+0000] {logging_mixin.py:190} INFO - [2024-11-20T00:30:08.758+0000] {dag.py:3239} INFO - Sync 1 DAGs
[2024-11-20T00:30:08.772+0000] {logging_mixin.py:190} INFO - [2024-11-20T00:30:08.772+0000] {dag.py:4180} INFO - Setting next_dagrun for example_python_decorator to None, run_after=None
[2024-11-20T00:30:08.795+0000] {processor.py:208} INFO - Processing /home/ubuntu/airflow_venv/lib/python3.12/site-packages/airflow/example_dags/example_python_decorator.py took 0.070 seconds
[2024-11-20T00:31:02.768+0000] {processor.py:186} INFO - Started process (PID=3147) to work on /home/ubuntu/airflow_venv/lib/python3.12/site-packages/airflow/example_dags/example_python_decorator.py
[2024-11-20T00:31:02.769+0000] {processor.py:914} INFO - Processing file /home/ubuntu/airflow_venv/lib/python3.12/site-packages/airflow/example_dags/example_python_decorator.py for tasks to queue
[2024-11-20T00:31:02.770+0000] {logging_mixin.py:190} INFO - [2024-11-20T00:31:02.770+0000] {dagbag.py:588} INFO - Filling up the DagBag from /home/ubuntu/airflow_venv/lib/python3.12/site-packages/airflow/example_dags/example_python_decorator.py
[2024-11-20T00:31:02.780+0000] {logging_mixin.py:190} INFO - [2024-11-20T00:31:02.780+0000] {example_python_decorator.py:80} WARNING - The virtalenv_python example task requires virtualenv, please install it.
[2024-11-20T00:31:02.783+0000] {processor.py:925} INFO - DAG(s) 'example_python_decorator' retrieved from /home/ubuntu/airflow_venv/lib/python3.12/site-packages/airflow/example_dags/example_python_decorator.py
[2024-11-20T00:31:02.799+0000] {logging_mixin.py:190} INFO - [2024-11-20T00:31:02.799+0000] {dag.py:3239} INFO - Sync 1 DAGs
[2024-11-20T00:31:02.812+0000] {logging_mixin.py:190} INFO - [2024-11-20T00:31:02.812+0000] {dag.py:4180} INFO - Setting next_dagrun for example_python_decorator to None, run_after=None
[2024-11-20T00:31:02.835+0000] {processor.py:208} INFO - Processing /home/ubuntu/airflow_venv/lib/python3.12/site-packages/airflow/example_dags/example_python_decorator.py took 0.073 seconds
[2024-11-20T00:31:59.186+0000] {processor.py:186} INFO - Started process (PID=3305) to work on /home/ubuntu/airflow_venv/lib/python3.12/site-packages/airflow/example_dags/example_python_decorator.py
[2024-11-20T00:31:59.188+0000] {processor.py:914} INFO - Processing file /home/ubuntu/airflow_venv/lib/python3.12/site-packages/airflow/example_dags/example_python_decorator.py for tasks to queue
[2024-11-20T00:31:59.189+0000] {logging_mixin.py:190} INFO - [2024-11-20T00:31:59.189+0000] {dagbag.py:588} INFO - Filling up the DagBag from /home/ubuntu/airflow_venv/lib/python3.12/site-packages/airflow/example_dags/example_python_decorator.py
[2024-11-20T00:31:59.198+0000] {logging_mixin.py:190} INFO - [2024-11-20T00:31:59.197+0000] {example_python_decorator.py:80} WARNING - The virtalenv_python example task requires virtualenv, please install it.
[2024-11-20T00:31:59.201+0000] {processor.py:925} INFO - DAG(s) 'example_python_decorator' retrieved from /home/ubuntu/airflow_venv/lib/python3.12/site-packages/airflow/example_dags/example_python_decorator.py
[2024-11-20T00:31:59.217+0000] {logging_mixin.py:190} INFO - [2024-11-20T00:31:59.217+0000] {dag.py:3239} INFO - Sync 1 DAGs
[2024-11-20T00:31:59.231+0000] {logging_mixin.py:190} INFO - [2024-11-20T00:31:59.230+0000] {dag.py:4180} INFO - Setting next_dagrun for example_python_decorator to None, run_after=None
[2024-11-20T00:31:59.252+0000] {processor.py:208} INFO - Processing /home/ubuntu/airflow_venv/lib/python3.12/site-packages/airflow/example_dags/example_python_decorator.py took 0.072 seconds
[2024-11-20T00:32:51.142+0000] {processor.py:186} INFO - Started process (PID=3742) to work on /home/ubuntu/airflow_venv/lib/python3.12/site-packages/airflow/example_dags/example_python_decorator.py
[2024-11-20T00:32:51.145+0000] {processor.py:914} INFO - Processing file /home/ubuntu/airflow_venv/lib/python3.12/site-packages/airflow/example_dags/example_python_decorator.py for tasks to queue
[2024-11-20T00:32:51.147+0000] {logging_mixin.py:190} INFO - [2024-11-20T00:32:51.145+0000] {dagbag.py:588} INFO - Filling up the DagBag from /home/ubuntu/airflow_venv/lib/python3.12/site-packages/airflow/example_dags/example_python_decorator.py
[2024-11-20T00:32:51.166+0000] {logging_mixin.py:190} INFO - [2024-11-20T00:32:51.166+0000] {example_python_decorator.py:80} WARNING - The virtalenv_python example task requires virtualenv, please install it.
[2024-11-20T00:32:51.173+0000] {processor.py:925} INFO - DAG(s) 'example_python_decorator' retrieved from /home/ubuntu/airflow_venv/lib/python3.12/site-packages/airflow/example_dags/example_python_decorator.py
[2024-11-20T00:32:51.209+0000] {logging_mixin.py:190} INFO - [2024-11-20T00:32:51.209+0000] {dag.py:3239} INFO - Sync 1 DAGs
[2024-11-20T00:32:51.237+0000] {logging_mixin.py:190} INFO - [2024-11-20T00:32:51.235+0000] {dag.py:4180} INFO - Setting next_dagrun for example_python_decorator to None, run_after=None
[2024-11-20T00:32:51.282+0000] {processor.py:208} INFO - Processing /home/ubuntu/airflow_venv/lib/python3.12/site-packages/airflow/example_dags/example_python_decorator.py took 0.151 seconds
[2024-11-20T00:33:55.808+0000] {processor.py:186} INFO - Started process (PID=3965) to work on /home/ubuntu/airflow_venv/lib/python3.12/site-packages/airflow/example_dags/example_python_decorator.py
[2024-11-20T00:33:55.809+0000] {processor.py:914} INFO - Processing file /home/ubuntu/airflow_venv/lib/python3.12/site-packages/airflow/example_dags/example_python_decorator.py for tasks to queue
[2024-11-20T00:33:55.811+0000] {logging_mixin.py:190} INFO - [2024-11-20T00:33:55.810+0000] {dagbag.py:588} INFO - Filling up the DagBag from /home/ubuntu/airflow_venv/lib/python3.12/site-packages/airflow/example_dags/example_python_decorator.py
[2024-11-20T00:33:55.819+0000] {logging_mixin.py:190} INFO - [2024-11-20T00:33:55.819+0000] {example_python_decorator.py:80} WARNING - The virtalenv_python example task requires virtualenv, please install it.
[2024-11-20T00:33:55.822+0000] {processor.py:925} INFO - DAG(s) 'example_python_decorator' retrieved from /home/ubuntu/airflow_venv/lib/python3.12/site-packages/airflow/example_dags/example_python_decorator.py
[2024-11-20T00:33:55.837+0000] {logging_mixin.py:190} INFO - [2024-11-20T00:33:55.837+0000] {dag.py:3239} INFO - Sync 1 DAGs
[2024-11-20T00:33:55.850+0000] {logging_mixin.py:190} INFO - [2024-11-20T00:33:55.850+0000] {dag.py:4180} INFO - Setting next_dagrun for example_python_decorator to None, run_after=None
[2024-11-20T00:33:55.873+0000] {processor.py:208} INFO - Processing /home/ubuntu/airflow_venv/lib/python3.12/site-packages/airflow/example_dags/example_python_decorator.py took 0.072 seconds
[2024-11-20T00:34:54.999+0000] {processor.py:186} INFO - Started process (PID=4075) to work on /home/ubuntu/airflow_venv/lib/python3.12/site-packages/airflow/example_dags/example_python_decorator.py
[2024-11-20T00:34:55.001+0000] {processor.py:914} INFO - Processing file /home/ubuntu/airflow_venv/lib/python3.12/site-packages/airflow/example_dags/example_python_decorator.py for tasks to queue
[2024-11-20T00:34:55.003+0000] {logging_mixin.py:190} INFO - [2024-11-20T00:34:55.001+0000] {dagbag.py:588} INFO - Filling up the DagBag from /home/ubuntu/airflow_venv/lib/python3.12/site-packages/airflow/example_dags/example_python_decorator.py
[2024-11-20T00:34:55.012+0000] {logging_mixin.py:190} INFO - [2024-11-20T00:34:55.012+0000] {example_python_decorator.py:80} WARNING - The virtalenv_python example task requires virtualenv, please install it.
[2024-11-20T00:34:55.016+0000] {processor.py:925} INFO - DAG(s) 'example_python_decorator' retrieved from /home/ubuntu/airflow_venv/lib/python3.12/site-packages/airflow/example_dags/example_python_decorator.py
[2024-11-20T00:34:55.032+0000] {logging_mixin.py:190} INFO - [2024-11-20T00:34:55.031+0000] {dag.py:3239} INFO - Sync 1 DAGs
[2024-11-20T00:34:55.043+0000] {logging_mixin.py:190} INFO - [2024-11-20T00:34:55.043+0000] {dag.py:4180} INFO - Setting next_dagrun for example_python_decorator to None, run_after=None
[2024-11-20T00:34:55.065+0000] {processor.py:208} INFO - Processing /home/ubuntu/airflow_venv/lib/python3.12/site-packages/airflow/example_dags/example_python_decorator.py took 0.073 seconds
[2024-11-20T00:35:49.265+0000] {processor.py:186} INFO - Started process (PID=4148) to work on /home/ubuntu/airflow_venv/lib/python3.12/site-packages/airflow/example_dags/example_python_decorator.py
[2024-11-20T00:35:49.267+0000] {processor.py:914} INFO - Processing file /home/ubuntu/airflow_venv/lib/python3.12/site-packages/airflow/example_dags/example_python_decorator.py for tasks to queue
[2024-11-20T00:35:49.268+0000] {logging_mixin.py:190} INFO - [2024-11-20T00:35:49.267+0000] {dagbag.py:588} INFO - Filling up the DagBag from /home/ubuntu/airflow_venv/lib/python3.12/site-packages/airflow/example_dags/example_python_decorator.py
[2024-11-20T00:35:49.276+0000] {logging_mixin.py:190} INFO - [2024-11-20T00:35:49.276+0000] {example_python_decorator.py:80} WARNING - The virtalenv_python example task requires virtualenv, please install it.
[2024-11-20T00:35:49.280+0000] {processor.py:925} INFO - DAG(s) 'example_python_decorator' retrieved from /home/ubuntu/airflow_venv/lib/python3.12/site-packages/airflow/example_dags/example_python_decorator.py
[2024-11-20T00:35:49.296+0000] {logging_mixin.py:190} INFO - [2024-11-20T00:35:49.295+0000] {dag.py:3239} INFO - Sync 1 DAGs
[2024-11-20T00:35:49.307+0000] {logging_mixin.py:190} INFO - [2024-11-20T00:35:49.307+0000] {dag.py:4180} INFO - Setting next_dagrun for example_python_decorator to None, run_after=None
[2024-11-20T00:35:49.329+0000] {processor.py:208} INFO - Processing /home/ubuntu/airflow_venv/lib/python3.12/site-packages/airflow/example_dags/example_python_decorator.py took 0.070 seconds
[2024-11-20T00:36:44.195+0000] {processor.py:186} INFO - Started process (PID=4204) to work on /home/ubuntu/airflow_venv/lib/python3.12/site-packages/airflow/example_dags/example_python_decorator.py
[2024-11-20T00:36:44.196+0000] {processor.py:914} INFO - Processing file /home/ubuntu/airflow_venv/lib/python3.12/site-packages/airflow/example_dags/example_python_decorator.py for tasks to queue
[2024-11-20T00:36:44.198+0000] {logging_mixin.py:190} INFO - [2024-11-20T00:36:44.198+0000] {dagbag.py:588} INFO - Filling up the DagBag from /home/ubuntu/airflow_venv/lib/python3.12/site-packages/airflow/example_dags/example_python_decorator.py
[2024-11-20T00:36:44.207+0000] {logging_mixin.py:190} INFO - [2024-11-20T00:36:44.207+0000] {example_python_decorator.py:80} WARNING - The virtalenv_python example task requires virtualenv, please install it.
[2024-11-20T00:36:44.210+0000] {processor.py:925} INFO - DAG(s) 'example_python_decorator' retrieved from /home/ubuntu/airflow_venv/lib/python3.12/site-packages/airflow/example_dags/example_python_decorator.py
[2024-11-20T00:36:44.226+0000] {logging_mixin.py:190} INFO - [2024-11-20T00:36:44.225+0000] {dag.py:3239} INFO - Sync 1 DAGs
[2024-11-20T00:36:44.236+0000] {logging_mixin.py:190} INFO - [2024-11-20T00:36:44.236+0000] {dag.py:4180} INFO - Setting next_dagrun for example_python_decorator to None, run_after=None
[2024-11-20T00:36:44.257+0000] {processor.py:208} INFO - Processing /home/ubuntu/airflow_venv/lib/python3.12/site-packages/airflow/example_dags/example_python_decorator.py took 0.069 seconds
[2024-11-20T00:37:38.837+0000] {processor.py:186} INFO - Started process (PID=4260) to work on /home/ubuntu/airflow_venv/lib/python3.12/site-packages/airflow/example_dags/example_python_decorator.py
[2024-11-20T00:37:38.838+0000] {processor.py:914} INFO - Processing file /home/ubuntu/airflow_venv/lib/python3.12/site-packages/airflow/example_dags/example_python_decorator.py for tasks to queue
[2024-11-20T00:37:38.840+0000] {logging_mixin.py:190} INFO - [2024-11-20T00:37:38.839+0000] {dagbag.py:588} INFO - Filling up the DagBag from /home/ubuntu/airflow_venv/lib/python3.12/site-packages/airflow/example_dags/example_python_decorator.py
[2024-11-20T00:37:38.848+0000] {logging_mixin.py:190} INFO - [2024-11-20T00:37:38.848+0000] {example_python_decorator.py:80} WARNING - The virtalenv_python example task requires virtualenv, please install it.
[2024-11-20T00:37:38.852+0000] {processor.py:925} INFO - DAG(s) 'example_python_decorator' retrieved from /home/ubuntu/airflow_venv/lib/python3.12/site-packages/airflow/example_dags/example_python_decorator.py
[2024-11-20T00:37:38.867+0000] {logging_mixin.py:190} INFO - [2024-11-20T00:37:38.867+0000] {dag.py:3239} INFO - Sync 1 DAGs
[2024-11-20T00:37:38.880+0000] {logging_mixin.py:190} INFO - [2024-11-20T00:37:38.880+0000] {dag.py:4180} INFO - Setting next_dagrun for example_python_decorator to None, run_after=None
[2024-11-20T00:37:38.901+0000] {processor.py:208} INFO - Processing /home/ubuntu/airflow_venv/lib/python3.12/site-packages/airflow/example_dags/example_python_decorator.py took 0.071 seconds
[2024-11-20T00:38:36.700+0000] {processor.py:186} INFO - Started process (PID=4345) to work on /home/ubuntu/airflow_venv/lib/python3.12/site-packages/airflow/example_dags/example_python_decorator.py
[2024-11-20T00:38:36.701+0000] {processor.py:914} INFO - Processing file /home/ubuntu/airflow_venv/lib/python3.12/site-packages/airflow/example_dags/example_python_decorator.py for tasks to queue
[2024-11-20T00:38:36.702+0000] {logging_mixin.py:190} INFO - [2024-11-20T00:38:36.702+0000] {dagbag.py:588} INFO - Filling up the DagBag from /home/ubuntu/airflow_venv/lib/python3.12/site-packages/airflow/example_dags/example_python_decorator.py
[2024-11-20T00:38:36.711+0000] {logging_mixin.py:190} INFO - [2024-11-20T00:38:36.711+0000] {example_python_decorator.py:80} WARNING - The virtalenv_python example task requires virtualenv, please install it.
[2024-11-20T00:38:36.713+0000] {processor.py:925} INFO - DAG(s) 'example_python_decorator' retrieved from /home/ubuntu/airflow_venv/lib/python3.12/site-packages/airflow/example_dags/example_python_decorator.py
[2024-11-20T00:38:36.730+0000] {logging_mixin.py:190} INFO - [2024-11-20T00:38:36.730+0000] {dag.py:3239} INFO - Sync 1 DAGs
[2024-11-20T00:38:36.742+0000] {logging_mixin.py:190} INFO - [2024-11-20T00:38:36.741+0000] {dag.py:4180} INFO - Setting next_dagrun for example_python_decorator to None, run_after=None
[2024-11-20T00:38:36.765+0000] {processor.py:208} INFO - Processing /home/ubuntu/airflow_venv/lib/python3.12/site-packages/airflow/example_dags/example_python_decorator.py took 0.072 seconds
[2024-11-20T00:39:28.245+0000] {processor.py:186} INFO - Started process (PID=4400) to work on /home/ubuntu/airflow_venv/lib/python3.12/site-packages/airflow/example_dags/example_python_decorator.py
[2024-11-20T00:39:28.247+0000] {processor.py:914} INFO - Processing file /home/ubuntu/airflow_venv/lib/python3.12/site-packages/airflow/example_dags/example_python_decorator.py for tasks to queue
[2024-11-20T00:39:28.248+0000] {logging_mixin.py:190} INFO - [2024-11-20T00:39:28.247+0000] {dagbag.py:588} INFO - Filling up the DagBag from /home/ubuntu/airflow_venv/lib/python3.12/site-packages/airflow/example_dags/example_python_decorator.py
[2024-11-20T00:39:28.257+0000] {logging_mixin.py:190} INFO - [2024-11-20T00:39:28.257+0000] {example_python_decorator.py:80} WARNING - The virtalenv_python example task requires virtualenv, please install it.
[2024-11-20T00:39:28.259+0000] {processor.py:925} INFO - DAG(s) 'example_python_decorator' retrieved from /home/ubuntu/airflow_venv/lib/python3.12/site-packages/airflow/example_dags/example_python_decorator.py
[2024-11-20T00:39:28.275+0000] {logging_mixin.py:190} INFO - [2024-11-20T00:39:28.275+0000] {dag.py:3239} INFO - Sync 1 DAGs
[2024-11-20T00:39:28.287+0000] {logging_mixin.py:190} INFO - [2024-11-20T00:39:28.287+0000] {dag.py:4180} INFO - Setting next_dagrun for example_python_decorator to None, run_after=None
[2024-11-20T00:39:28.310+0000] {processor.py:208} INFO - Processing /home/ubuntu/airflow_venv/lib/python3.12/site-packages/airflow/example_dags/example_python_decorator.py took 0.073 seconds
[2024-11-20T00:40:34.281+0000] {processor.py:186} INFO - Started process (PID=4502) to work on /home/ubuntu/airflow_venv/lib/python3.12/site-packages/airflow/example_dags/example_python_decorator.py
[2024-11-20T00:40:34.282+0000] {processor.py:914} INFO - Processing file /home/ubuntu/airflow_venv/lib/python3.12/site-packages/airflow/example_dags/example_python_decorator.py for tasks to queue
[2024-11-20T00:40:34.284+0000] {logging_mixin.py:190} INFO - [2024-11-20T00:40:34.284+0000] {dagbag.py:588} INFO - Filling up the DagBag from /home/ubuntu/airflow_venv/lib/python3.12/site-packages/airflow/example_dags/example_python_decorator.py
[2024-11-20T00:40:34.293+0000] {logging_mixin.py:190} INFO - [2024-11-20T00:40:34.293+0000] {example_python_decorator.py:80} WARNING - The virtalenv_python example task requires virtualenv, please install it.
[2024-11-20T00:40:34.296+0000] {processor.py:925} INFO - DAG(s) 'example_python_decorator' retrieved from /home/ubuntu/airflow_venv/lib/python3.12/site-packages/airflow/example_dags/example_python_decorator.py
[2024-11-20T00:40:34.312+0000] {logging_mixin.py:190} INFO - [2024-11-20T00:40:34.311+0000] {dag.py:3239} INFO - Sync 1 DAGs
[2024-11-20T00:40:34.325+0000] {logging_mixin.py:190} INFO - [2024-11-20T00:40:34.324+0000] {dag.py:4180} INFO - Setting next_dagrun for example_python_decorator to None, run_after=None
[2024-11-20T00:40:34.346+0000] {processor.py:208} INFO - Processing /home/ubuntu/airflow_venv/lib/python3.12/site-packages/airflow/example_dags/example_python_decorator.py took 0.072 seconds
[2024-11-20T00:41:28.072+0000] {processor.py:186} INFO - Started process (PID=4558) to work on /home/ubuntu/airflow_venv/lib/python3.12/site-packages/airflow/example_dags/example_python_decorator.py
[2024-11-20T00:41:28.073+0000] {processor.py:914} INFO - Processing file /home/ubuntu/airflow_venv/lib/python3.12/site-packages/airflow/example_dags/example_python_decorator.py for tasks to queue
[2024-11-20T00:41:28.074+0000] {logging_mixin.py:190} INFO - [2024-11-20T00:41:28.073+0000] {dagbag.py:588} INFO - Filling up the DagBag from /home/ubuntu/airflow_venv/lib/python3.12/site-packages/airflow/example_dags/example_python_decorator.py
[2024-11-20T00:41:28.083+0000] {logging_mixin.py:190} INFO - [2024-11-20T00:41:28.083+0000] {example_python_decorator.py:80} WARNING - The virtalenv_python example task requires virtualenv, please install it.
[2024-11-20T00:41:28.086+0000] {processor.py:925} INFO - DAG(s) 'example_python_decorator' retrieved from /home/ubuntu/airflow_venv/lib/python3.12/site-packages/airflow/example_dags/example_python_decorator.py
[2024-11-20T00:41:28.102+0000] {logging_mixin.py:190} INFO - [2024-11-20T00:41:28.102+0000] {dag.py:3239} INFO - Sync 1 DAGs
[2024-11-20T00:41:28.114+0000] {logging_mixin.py:190} INFO - [2024-11-20T00:41:28.114+0000] {dag.py:4180} INFO - Setting next_dagrun for example_python_decorator to None, run_after=None
[2024-11-20T00:41:28.137+0000] {processor.py:208} INFO - Processing /home/ubuntu/airflow_venv/lib/python3.12/site-packages/airflow/example_dags/example_python_decorator.py took 0.073 seconds
[2024-11-20T00:42:19.916+0000] {processor.py:186} INFO - Started process (PID=4612) to work on /home/ubuntu/airflow_venv/lib/python3.12/site-packages/airflow/example_dags/example_python_decorator.py
[2024-11-20T00:42:19.917+0000] {processor.py:914} INFO - Processing file /home/ubuntu/airflow_venv/lib/python3.12/site-packages/airflow/example_dags/example_python_decorator.py for tasks to queue
[2024-11-20T00:42:19.919+0000] {logging_mixin.py:190} INFO - [2024-11-20T00:42:19.918+0000] {dagbag.py:588} INFO - Filling up the DagBag from /home/ubuntu/airflow_venv/lib/python3.12/site-packages/airflow/example_dags/example_python_decorator.py
[2024-11-20T00:42:19.927+0000] {logging_mixin.py:190} INFO - [2024-11-20T00:42:19.927+0000] {example_python_decorator.py:80} WARNING - The virtalenv_python example task requires virtualenv, please install it.
[2024-11-20T00:42:19.930+0000] {processor.py:925} INFO - DAG(s) 'example_python_decorator' retrieved from /home/ubuntu/airflow_venv/lib/python3.12/site-packages/airflow/example_dags/example_python_decorator.py
[2024-11-20T00:42:19.952+0000] {logging_mixin.py:190} INFO - [2024-11-20T00:42:19.951+0000] {dag.py:3239} INFO - Sync 1 DAGs
[2024-11-20T00:42:19.969+0000] {logging_mixin.py:190} INFO - [2024-11-20T00:42:19.968+0000] {dag.py:4180} INFO - Setting next_dagrun for example_python_decorator to None, run_after=None
[2024-11-20T00:42:19.992+0000] {processor.py:208} INFO - Processing /home/ubuntu/airflow_venv/lib/python3.12/site-packages/airflow/example_dags/example_python_decorator.py took 0.082 seconds
[2024-11-20T00:43:19.277+0000] {processor.py:186} INFO - Started process (PID=4672) to work on /home/ubuntu/airflow_venv/lib/python3.12/site-packages/airflow/example_dags/example_python_decorator.py
[2024-11-20T00:43:19.279+0000] {processor.py:914} INFO - Processing file /home/ubuntu/airflow_venv/lib/python3.12/site-packages/airflow/example_dags/example_python_decorator.py for tasks to queue
[2024-11-20T00:43:19.280+0000] {logging_mixin.py:190} INFO - [2024-11-20T00:43:19.280+0000] {dagbag.py:588} INFO - Filling up the DagBag from /home/ubuntu/airflow_venv/lib/python3.12/site-packages/airflow/example_dags/example_python_decorator.py
[2024-11-20T00:43:19.289+0000] {logging_mixin.py:190} INFO - [2024-11-20T00:43:19.289+0000] {example_python_decorator.py:80} WARNING - The virtalenv_python example task requires virtualenv, please install it.
[2024-11-20T00:43:19.291+0000] {processor.py:925} INFO - DAG(s) 'example_python_decorator' retrieved from /home/ubuntu/airflow_venv/lib/python3.12/site-packages/airflow/example_dags/example_python_decorator.py
[2024-11-20T00:43:19.307+0000] {logging_mixin.py:190} INFO - [2024-11-20T00:43:19.307+0000] {dag.py:3239} INFO - Sync 1 DAGs
[2024-11-20T00:43:19.319+0000] {logging_mixin.py:190} INFO - [2024-11-20T00:43:19.319+0000] {dag.py:4180} INFO - Setting next_dagrun for example_python_decorator to None, run_after=None
[2024-11-20T00:43:19.342+0000] {processor.py:208} INFO - Processing /home/ubuntu/airflow_venv/lib/python3.12/site-packages/airflow/example_dags/example_python_decorator.py took 0.071 seconds
[2024-11-20T00:44:12.568+0000] {processor.py:186} INFO - Started process (PID=4729) to work on /home/ubuntu/airflow_venv/lib/python3.12/site-packages/airflow/example_dags/example_python_decorator.py
[2024-11-20T00:44:12.570+0000] {processor.py:914} INFO - Processing file /home/ubuntu/airflow_venv/lib/python3.12/site-packages/airflow/example_dags/example_python_decorator.py for tasks to queue
[2024-11-20T00:44:12.571+0000] {logging_mixin.py:190} INFO - [2024-11-20T00:44:12.571+0000] {dagbag.py:588} INFO - Filling up the DagBag from /home/ubuntu/airflow_venv/lib/python3.12/site-packages/airflow/example_dags/example_python_decorator.py
[2024-11-20T00:44:12.580+0000] {logging_mixin.py:190} INFO - [2024-11-20T00:44:12.579+0000] {example_python_decorator.py:80} WARNING - The virtalenv_python example task requires virtualenv, please install it.
[2024-11-20T00:44:12.582+0000] {processor.py:925} INFO - DAG(s) 'example_python_decorator' retrieved from /home/ubuntu/airflow_venv/lib/python3.12/site-packages/airflow/example_dags/example_python_decorator.py
[2024-11-20T00:44:12.598+0000] {logging_mixin.py:190} INFO - [2024-11-20T00:44:12.597+0000] {dag.py:3239} INFO - Sync 1 DAGs
[2024-11-20T00:44:12.610+0000] {logging_mixin.py:190} INFO - [2024-11-20T00:44:12.610+0000] {dag.py:4180} INFO - Setting next_dagrun for example_python_decorator to None, run_after=None
[2024-11-20T00:44:12.631+0000] {processor.py:208} INFO - Processing /home/ubuntu/airflow_venv/lib/python3.12/site-packages/airflow/example_dags/example_python_decorator.py took 0.070 seconds
[2024-11-20T00:45:07.433+0000] {processor.py:186} INFO - Started process (PID=4787) to work on /home/ubuntu/airflow_venv/lib/python3.12/site-packages/airflow/example_dags/example_python_decorator.py
[2024-11-20T00:45:07.435+0000] {processor.py:914} INFO - Processing file /home/ubuntu/airflow_venv/lib/python3.12/site-packages/airflow/example_dags/example_python_decorator.py for tasks to queue
[2024-11-20T00:45:07.436+0000] {logging_mixin.py:190} INFO - [2024-11-20T00:45:07.436+0000] {dagbag.py:588} INFO - Filling up the DagBag from /home/ubuntu/airflow_venv/lib/python3.12/site-packages/airflow/example_dags/example_python_decorator.py
[2024-11-20T00:45:07.446+0000] {logging_mixin.py:190} INFO - [2024-11-20T00:45:07.445+0000] {example_python_decorator.py:80} WARNING - The virtalenv_python example task requires virtualenv, please install it.
[2024-11-20T00:45:07.448+0000] {processor.py:925} INFO - DAG(s) 'example_python_decorator' retrieved from /home/ubuntu/airflow_venv/lib/python3.12/site-packages/airflow/example_dags/example_python_decorator.py
[2024-11-20T00:45:07.464+0000] {logging_mixin.py:190} INFO - [2024-11-20T00:45:07.464+0000] {dag.py:3239} INFO - Sync 1 DAGs
[2024-11-20T00:45:07.476+0000] {logging_mixin.py:190} INFO - [2024-11-20T00:45:07.476+0000] {dag.py:4180} INFO - Setting next_dagrun for example_python_decorator to None, run_after=None
[2024-11-20T00:45:07.498+0000] {processor.py:208} INFO - Processing /home/ubuntu/airflow_venv/lib/python3.12/site-packages/airflow/example_dags/example_python_decorator.py took 0.071 seconds
[2024-11-20T00:46:01.822+0000] {processor.py:186} INFO - Started process (PID=4843) to work on /home/ubuntu/airflow_venv/lib/python3.12/site-packages/airflow/example_dags/example_python_decorator.py
[2024-11-20T00:46:01.824+0000] {processor.py:914} INFO - Processing file /home/ubuntu/airflow_venv/lib/python3.12/site-packages/airflow/example_dags/example_python_decorator.py for tasks to queue
[2024-11-20T00:46:01.826+0000] {logging_mixin.py:190} INFO - [2024-11-20T00:46:01.826+0000] {dagbag.py:588} INFO - Filling up the DagBag from /home/ubuntu/airflow_venv/lib/python3.12/site-packages/airflow/example_dags/example_python_decorator.py
[2024-11-20T00:46:01.835+0000] {logging_mixin.py:190} INFO - [2024-11-20T00:46:01.835+0000] {example_python_decorator.py:80} WARNING - The virtalenv_python example task requires virtualenv, please install it.
[2024-11-20T00:46:01.838+0000] {processor.py:925} INFO - DAG(s) 'example_python_decorator' retrieved from /home/ubuntu/airflow_venv/lib/python3.12/site-packages/airflow/example_dags/example_python_decorator.py
[2024-11-20T00:46:01.855+0000] {logging_mixin.py:190} INFO - [2024-11-20T00:46:01.855+0000] {dag.py:3239} INFO - Sync 1 DAGs
[2024-11-20T00:46:01.869+0000] {logging_mixin.py:190} INFO - [2024-11-20T00:46:01.869+0000] {dag.py:4180} INFO - Setting next_dagrun for example_python_decorator to None, run_after=None
[2024-11-20T00:46:01.892+0000] {processor.py:208} INFO - Processing /home/ubuntu/airflow_venv/lib/python3.12/site-packages/airflow/example_dags/example_python_decorator.py took 0.077 seconds
[2024-11-20T00:46:55.356+0000] {processor.py:186} INFO - Started process (PID=4899) to work on /home/ubuntu/airflow_venv/lib/python3.12/site-packages/airflow/example_dags/example_python_decorator.py
[2024-11-20T00:46:55.357+0000] {processor.py:914} INFO - Processing file /home/ubuntu/airflow_venv/lib/python3.12/site-packages/airflow/example_dags/example_python_decorator.py for tasks to queue
[2024-11-20T00:46:55.359+0000] {logging_mixin.py:190} INFO - [2024-11-20T00:46:55.358+0000] {dagbag.py:588} INFO - Filling up the DagBag from /home/ubuntu/airflow_venv/lib/python3.12/site-packages/airflow/example_dags/example_python_decorator.py
[2024-11-20T00:46:55.367+0000] {logging_mixin.py:190} INFO - [2024-11-20T00:46:55.367+0000] {example_python_decorator.py:80} WARNING - The virtalenv_python example task requires virtualenv, please install it.
[2024-11-20T00:46:55.370+0000] {processor.py:925} INFO - DAG(s) 'example_python_decorator' retrieved from /home/ubuntu/airflow_venv/lib/python3.12/site-packages/airflow/example_dags/example_python_decorator.py
[2024-11-20T00:46:55.386+0000] {logging_mixin.py:190} INFO - [2024-11-20T00:46:55.385+0000] {dag.py:3239} INFO - Sync 1 DAGs
[2024-11-20T00:46:55.397+0000] {logging_mixin.py:190} INFO - [2024-11-20T00:46:55.396+0000] {dag.py:4180} INFO - Setting next_dagrun for example_python_decorator to None, run_after=None
[2024-11-20T00:46:55.419+0000] {processor.py:208} INFO - Processing /home/ubuntu/airflow_venv/lib/python3.12/site-packages/airflow/example_dags/example_python_decorator.py took 0.070 seconds
[2024-11-20T00:47:47.877+0000] {processor.py:186} INFO - Started process (PID=4954) to work on /home/ubuntu/airflow_venv/lib/python3.12/site-packages/airflow/example_dags/example_python_decorator.py
[2024-11-20T00:47:47.878+0000] {processor.py:914} INFO - Processing file /home/ubuntu/airflow_venv/lib/python3.12/site-packages/airflow/example_dags/example_python_decorator.py for tasks to queue
[2024-11-20T00:47:47.879+0000] {logging_mixin.py:190} INFO - [2024-11-20T00:47:47.879+0000] {dagbag.py:588} INFO - Filling up the DagBag from /home/ubuntu/airflow_venv/lib/python3.12/site-packages/airflow/example_dags/example_python_decorator.py
[2024-11-20T00:47:47.888+0000] {logging_mixin.py:190} INFO - [2024-11-20T00:47:47.888+0000] {example_python_decorator.py:80} WARNING - The virtalenv_python example task requires virtualenv, please install it.
[2024-11-20T00:47:47.892+0000] {processor.py:925} INFO - DAG(s) 'example_python_decorator' retrieved from /home/ubuntu/airflow_venv/lib/python3.12/site-packages/airflow/example_dags/example_python_decorator.py
[2024-11-20T00:47:47.907+0000] {logging_mixin.py:190} INFO - [2024-11-20T00:47:47.907+0000] {dag.py:3239} INFO - Sync 1 DAGs
[2024-11-20T00:47:47.920+0000] {logging_mixin.py:190} INFO - [2024-11-20T00:47:47.920+0000] {dag.py:4180} INFO - Setting next_dagrun for example_python_decorator to None, run_after=None
[2024-11-20T00:47:47.945+0000] {processor.py:208} INFO - Processing /home/ubuntu/airflow_venv/lib/python3.12/site-packages/airflow/example_dags/example_python_decorator.py took 0.075 seconds
[2024-11-20T00:48:41.016+0000] {processor.py:186} INFO - Started process (PID=5008) to work on /home/ubuntu/airflow_venv/lib/python3.12/site-packages/airflow/example_dags/example_python_decorator.py
[2024-11-20T00:48:41.017+0000] {processor.py:914} INFO - Processing file /home/ubuntu/airflow_venv/lib/python3.12/site-packages/airflow/example_dags/example_python_decorator.py for tasks to queue
[2024-11-20T00:48:41.018+0000] {logging_mixin.py:190} INFO - [2024-11-20T00:48:41.018+0000] {dagbag.py:588} INFO - Filling up the DagBag from /home/ubuntu/airflow_venv/lib/python3.12/site-packages/airflow/example_dags/example_python_decorator.py
[2024-11-20T00:48:41.028+0000] {logging_mixin.py:190} INFO - [2024-11-20T00:48:41.027+0000] {example_python_decorator.py:80} WARNING - The virtalenv_python example task requires virtualenv, please install it.
[2024-11-20T00:48:41.030+0000] {processor.py:925} INFO - DAG(s) 'example_python_decorator' retrieved from /home/ubuntu/airflow_venv/lib/python3.12/site-packages/airflow/example_dags/example_python_decorator.py
[2024-11-20T00:48:41.045+0000] {logging_mixin.py:190} INFO - [2024-11-20T00:48:41.045+0000] {dag.py:3239} INFO - Sync 1 DAGs
[2024-11-20T00:48:41.057+0000] {logging_mixin.py:190} INFO - [2024-11-20T00:48:41.057+0000] {dag.py:4180} INFO - Setting next_dagrun for example_python_decorator to None, run_after=None
[2024-11-20T00:48:41.079+0000] {processor.py:208} INFO - Processing /home/ubuntu/airflow_venv/lib/python3.12/site-packages/airflow/example_dags/example_python_decorator.py took 0.070 seconds
[2024-11-20T00:49:35.375+0000] {processor.py:186} INFO - Started process (PID=5066) to work on /home/ubuntu/airflow_venv/lib/python3.12/site-packages/airflow/example_dags/example_python_decorator.py
[2024-11-20T00:49:35.376+0000] {processor.py:914} INFO - Processing file /home/ubuntu/airflow_venv/lib/python3.12/site-packages/airflow/example_dags/example_python_decorator.py for tasks to queue
[2024-11-20T00:49:35.377+0000] {logging_mixin.py:190} INFO - [2024-11-20T00:49:35.377+0000] {dagbag.py:588} INFO - Filling up the DagBag from /home/ubuntu/airflow_venv/lib/python3.12/site-packages/airflow/example_dags/example_python_decorator.py
[2024-11-20T00:49:35.387+0000] {logging_mixin.py:190} INFO - [2024-11-20T00:49:35.387+0000] {example_python_decorator.py:80} WARNING - The virtalenv_python example task requires virtualenv, please install it.
[2024-11-20T00:49:35.390+0000] {processor.py:925} INFO - DAG(s) 'example_python_decorator' retrieved from /home/ubuntu/airflow_venv/lib/python3.12/site-packages/airflow/example_dags/example_python_decorator.py
[2024-11-20T00:49:35.406+0000] {logging_mixin.py:190} INFO - [2024-11-20T00:49:35.406+0000] {dag.py:3239} INFO - Sync 1 DAGs
[2024-11-20T00:49:35.419+0000] {logging_mixin.py:190} INFO - [2024-11-20T00:49:35.419+0000] {dag.py:4180} INFO - Setting next_dagrun for example_python_decorator to None, run_after=None
[2024-11-20T00:49:35.440+0000] {processor.py:208} INFO - Processing /home/ubuntu/airflow_venv/lib/python3.12/site-packages/airflow/example_dags/example_python_decorator.py took 0.071 seconds
[2024-11-20T00:50:29.029+0000] {processor.py:186} INFO - Started process (PID=5125) to work on /home/ubuntu/airflow_venv/lib/python3.12/site-packages/airflow/example_dags/example_python_decorator.py
[2024-11-20T00:50:29.030+0000] {processor.py:914} INFO - Processing file /home/ubuntu/airflow_venv/lib/python3.12/site-packages/airflow/example_dags/example_python_decorator.py for tasks to queue
[2024-11-20T00:50:29.031+0000] {logging_mixin.py:190} INFO - [2024-11-20T00:50:29.031+0000] {dagbag.py:588} INFO - Filling up the DagBag from /home/ubuntu/airflow_venv/lib/python3.12/site-packages/airflow/example_dags/example_python_decorator.py
[2024-11-20T00:50:29.040+0000] {logging_mixin.py:190} INFO - [2024-11-20T00:50:29.040+0000] {example_python_decorator.py:80} WARNING - The virtalenv_python example task requires virtualenv, please install it.
[2024-11-20T00:50:29.043+0000] {processor.py:925} INFO - DAG(s) 'example_python_decorator' retrieved from /home/ubuntu/airflow_venv/lib/python3.12/site-packages/airflow/example_dags/example_python_decorator.py
[2024-11-20T00:50:29.059+0000] {logging_mixin.py:190} INFO - [2024-11-20T00:50:29.059+0000] {dag.py:3239} INFO - Sync 1 DAGs
[2024-11-20T00:50:29.071+0000] {logging_mixin.py:190} INFO - [2024-11-20T00:50:29.070+0000] {dag.py:4180} INFO - Setting next_dagrun for example_python_decorator to None, run_after=None
[2024-11-20T00:50:29.092+0000] {processor.py:208} INFO - Processing /home/ubuntu/airflow_venv/lib/python3.12/site-packages/airflow/example_dags/example_python_decorator.py took 0.070 seconds
[2024-11-20T00:51:24.929+0000] {processor.py:186} INFO - Started process (PID=5180) to work on /home/ubuntu/airflow_venv/lib/python3.12/site-packages/airflow/example_dags/example_python_decorator.py
[2024-11-20T00:51:24.930+0000] {processor.py:914} INFO - Processing file /home/ubuntu/airflow_venv/lib/python3.12/site-packages/airflow/example_dags/example_python_decorator.py for tasks to queue
[2024-11-20T00:51:24.932+0000] {logging_mixin.py:190} INFO - [2024-11-20T00:51:24.932+0000] {dagbag.py:588} INFO - Filling up the DagBag from /home/ubuntu/airflow_venv/lib/python3.12/site-packages/airflow/example_dags/example_python_decorator.py
[2024-11-20T00:51:24.941+0000] {logging_mixin.py:190} INFO - [2024-11-20T00:51:24.941+0000] {example_python_decorator.py:80} WARNING - The virtalenv_python example task requires virtualenv, please install it.
[2024-11-20T00:51:24.943+0000] {processor.py:925} INFO - DAG(s) 'example_python_decorator' retrieved from /home/ubuntu/airflow_venv/lib/python3.12/site-packages/airflow/example_dags/example_python_decorator.py
[2024-11-20T00:51:24.960+0000] {logging_mixin.py:190} INFO - [2024-11-20T00:51:24.960+0000] {dag.py:3239} INFO - Sync 1 DAGs
[2024-11-20T00:51:24.972+0000] {logging_mixin.py:190} INFO - [2024-11-20T00:51:24.972+0000] {dag.py:4180} INFO - Setting next_dagrun for example_python_decorator to None, run_after=None
[2024-11-20T00:51:24.993+0000] {processor.py:208} INFO - Processing /home/ubuntu/airflow_venv/lib/python3.12/site-packages/airflow/example_dags/example_python_decorator.py took 0.071 seconds
[2024-11-20T00:52:22.656+0000] {processor.py:186} INFO - Started process (PID=5241) to work on /home/ubuntu/airflow_venv/lib/python3.12/site-packages/airflow/example_dags/example_python_decorator.py
[2024-11-20T00:52:22.658+0000] {processor.py:914} INFO - Processing file /home/ubuntu/airflow_venv/lib/python3.12/site-packages/airflow/example_dags/example_python_decorator.py for tasks to queue
[2024-11-20T00:52:22.659+0000] {logging_mixin.py:190} INFO - [2024-11-20T00:52:22.659+0000] {dagbag.py:588} INFO - Filling up the DagBag from /home/ubuntu/airflow_venv/lib/python3.12/site-packages/airflow/example_dags/example_python_decorator.py
[2024-11-20T00:52:22.668+0000] {logging_mixin.py:190} INFO - [2024-11-20T00:52:22.668+0000] {example_python_decorator.py:80} WARNING - The virtalenv_python example task requires virtualenv, please install it.
[2024-11-20T00:52:22.670+0000] {processor.py:925} INFO - DAG(s) 'example_python_decorator' retrieved from /home/ubuntu/airflow_venv/lib/python3.12/site-packages/airflow/example_dags/example_python_decorator.py
[2024-11-20T00:52:22.687+0000] {logging_mixin.py:190} INFO - [2024-11-20T00:52:22.686+0000] {dag.py:3239} INFO - Sync 1 DAGs
[2024-11-20T00:52:22.699+0000] {logging_mixin.py:190} INFO - [2024-11-20T00:52:22.699+0000] {dag.py:4180} INFO - Setting next_dagrun for example_python_decorator to None, run_after=None
[2024-11-20T00:52:22.721+0000] {processor.py:208} INFO - Processing /home/ubuntu/airflow_venv/lib/python3.12/site-packages/airflow/example_dags/example_python_decorator.py took 0.071 seconds
[2024-11-20T00:53:19.444+0000] {processor.py:186} INFO - Started process (PID=5298) to work on /home/ubuntu/airflow_venv/lib/python3.12/site-packages/airflow/example_dags/example_python_decorator.py
[2024-11-20T00:53:19.445+0000] {processor.py:914} INFO - Processing file /home/ubuntu/airflow_venv/lib/python3.12/site-packages/airflow/example_dags/example_python_decorator.py for tasks to queue
[2024-11-20T00:53:19.446+0000] {logging_mixin.py:190} INFO - [2024-11-20T00:53:19.446+0000] {dagbag.py:588} INFO - Filling up the DagBag from /home/ubuntu/airflow_venv/lib/python3.12/site-packages/airflow/example_dags/example_python_decorator.py
[2024-11-20T00:53:19.456+0000] {logging_mixin.py:190} INFO - [2024-11-20T00:53:19.456+0000] {example_python_decorator.py:80} WARNING - The virtalenv_python example task requires virtualenv, please install it.
[2024-11-20T00:53:19.458+0000] {processor.py:925} INFO - DAG(s) 'example_python_decorator' retrieved from /home/ubuntu/airflow_venv/lib/python3.12/site-packages/airflow/example_dags/example_python_decorator.py
[2024-11-20T00:53:19.474+0000] {logging_mixin.py:190} INFO - [2024-11-20T00:53:19.473+0000] {dag.py:3239} INFO - Sync 1 DAGs
[2024-11-20T00:53:19.485+0000] {logging_mixin.py:190} INFO - [2024-11-20T00:53:19.485+0000] {dag.py:4180} INFO - Setting next_dagrun for example_python_decorator to None, run_after=None
[2024-11-20T00:53:19.508+0000] {processor.py:208} INFO - Processing /home/ubuntu/airflow_venv/lib/python3.12/site-packages/airflow/example_dags/example_python_decorator.py took 0.071 seconds
[2024-11-20T00:54:15.280+0000] {processor.py:186} INFO - Started process (PID=5368) to work on /home/ubuntu/airflow_venv/lib/python3.12/site-packages/airflow/example_dags/example_python_decorator.py
[2024-11-20T00:54:15.281+0000] {processor.py:914} INFO - Processing file /home/ubuntu/airflow_venv/lib/python3.12/site-packages/airflow/example_dags/example_python_decorator.py for tasks to queue
[2024-11-20T00:54:15.282+0000] {logging_mixin.py:190} INFO - [2024-11-20T00:54:15.282+0000] {dagbag.py:588} INFO - Filling up the DagBag from /home/ubuntu/airflow_venv/lib/python3.12/site-packages/airflow/example_dags/example_python_decorator.py
[2024-11-20T00:54:15.291+0000] {logging_mixin.py:190} INFO - [2024-11-20T00:54:15.291+0000] {example_python_decorator.py:80} WARNING - The virtalenv_python example task requires virtualenv, please install it.
[2024-11-20T00:54:15.294+0000] {processor.py:925} INFO - DAG(s) 'example_python_decorator' retrieved from /home/ubuntu/airflow_venv/lib/python3.12/site-packages/airflow/example_dags/example_python_decorator.py
[2024-11-20T00:54:15.310+0000] {logging_mixin.py:190} INFO - [2024-11-20T00:54:15.310+0000] {dag.py:3239} INFO - Sync 1 DAGs
[2024-11-20T00:54:15.322+0000] {logging_mixin.py:190} INFO - [2024-11-20T00:54:15.322+0000] {dag.py:4180} INFO - Setting next_dagrun for example_python_decorator to None, run_after=None
[2024-11-20T00:54:15.346+0000] {processor.py:208} INFO - Processing /home/ubuntu/airflow_venv/lib/python3.12/site-packages/airflow/example_dags/example_python_decorator.py took 0.073 seconds
[2024-11-20T00:55:06.772+0000] {processor.py:186} INFO - Started process (PID=5424) to work on /home/ubuntu/airflow_venv/lib/python3.12/site-packages/airflow/example_dags/example_python_decorator.py
[2024-11-20T00:55:06.774+0000] {processor.py:914} INFO - Processing file /home/ubuntu/airflow_venv/lib/python3.12/site-packages/airflow/example_dags/example_python_decorator.py for tasks to queue
[2024-11-20T00:55:06.776+0000] {logging_mixin.py:190} INFO - [2024-11-20T00:55:06.774+0000] {dagbag.py:588} INFO - Filling up the DagBag from /home/ubuntu/airflow_venv/lib/python3.12/site-packages/airflow/example_dags/example_python_decorator.py
[2024-11-20T00:55:06.785+0000] {logging_mixin.py:190} INFO - [2024-11-20T00:55:06.784+0000] {example_python_decorator.py:80} WARNING - The virtalenv_python example task requires virtualenv, please install it.
[2024-11-20T00:55:06.787+0000] {processor.py:925} INFO - DAG(s) 'example_python_decorator' retrieved from /home/ubuntu/airflow_venv/lib/python3.12/site-packages/airflow/example_dags/example_python_decorator.py
[2024-11-20T00:55:06.803+0000] {logging_mixin.py:190} INFO - [2024-11-20T00:55:06.803+0000] {dag.py:3239} INFO - Sync 1 DAGs
[2024-11-20T00:55:06.816+0000] {logging_mixin.py:190} INFO - [2024-11-20T00:55:06.816+0000] {dag.py:4180} INFO - Setting next_dagrun for example_python_decorator to None, run_after=None
[2024-11-20T00:55:06.837+0000] {processor.py:208} INFO - Processing /home/ubuntu/airflow_venv/lib/python3.12/site-packages/airflow/example_dags/example_python_decorator.py took 0.072 seconds
[2024-11-20T00:55:59.003+0000] {processor.py:186} INFO - Started process (PID=5481) to work on /home/ubuntu/airflow_venv/lib/python3.12/site-packages/airflow/example_dags/example_python_decorator.py
[2024-11-20T00:55:59.006+0000] {processor.py:914} INFO - Processing file /home/ubuntu/airflow_venv/lib/python3.12/site-packages/airflow/example_dags/example_python_decorator.py for tasks to queue
[2024-11-20T00:55:59.007+0000] {logging_mixin.py:190} INFO - [2024-11-20T00:55:59.007+0000] {dagbag.py:588} INFO - Filling up the DagBag from /home/ubuntu/airflow_venv/lib/python3.12/site-packages/airflow/example_dags/example_python_decorator.py
[2024-11-20T00:55:59.018+0000] {logging_mixin.py:190} INFO - [2024-11-20T00:55:59.018+0000] {example_python_decorator.py:80} WARNING - The virtalenv_python example task requires virtualenv, please install it.
[2024-11-20T00:55:59.020+0000] {processor.py:925} INFO - DAG(s) 'example_python_decorator' retrieved from /home/ubuntu/airflow_venv/lib/python3.12/site-packages/airflow/example_dags/example_python_decorator.py
[2024-11-20T00:55:59.035+0000] {logging_mixin.py:190} INFO - [2024-11-20T00:55:59.035+0000] {dag.py:3239} INFO - Sync 1 DAGs
[2024-11-20T00:55:59.047+0000] {logging_mixin.py:190} INFO - [2024-11-20T00:55:59.047+0000] {dag.py:4180} INFO - Setting next_dagrun for example_python_decorator to None, run_after=None
[2024-11-20T00:55:59.069+0000] {processor.py:208} INFO - Processing /home/ubuntu/airflow_venv/lib/python3.12/site-packages/airflow/example_dags/example_python_decorator.py took 0.072 seconds
[2024-11-20T00:56:53.597+0000] {processor.py:186} INFO - Started process (PID=5538) to work on /home/ubuntu/airflow_venv/lib/python3.12/site-packages/airflow/example_dags/example_python_decorator.py
[2024-11-20T00:56:53.598+0000] {processor.py:914} INFO - Processing file /home/ubuntu/airflow_venv/lib/python3.12/site-packages/airflow/example_dags/example_python_decorator.py for tasks to queue
[2024-11-20T00:56:53.600+0000] {logging_mixin.py:190} INFO - [2024-11-20T00:56:53.600+0000] {dagbag.py:588} INFO - Filling up the DagBag from /home/ubuntu/airflow_venv/lib/python3.12/site-packages/airflow/example_dags/example_python_decorator.py
[2024-11-20T00:56:53.609+0000] {logging_mixin.py:190} INFO - [2024-11-20T00:56:53.609+0000] {example_python_decorator.py:80} WARNING - The virtalenv_python example task requires virtualenv, please install it.
[2024-11-20T00:56:53.611+0000] {processor.py:925} INFO - DAG(s) 'example_python_decorator' retrieved from /home/ubuntu/airflow_venv/lib/python3.12/site-packages/airflow/example_dags/example_python_decorator.py
[2024-11-20T00:56:53.627+0000] {logging_mixin.py:190} INFO - [2024-11-20T00:56:53.627+0000] {dag.py:3239} INFO - Sync 1 DAGs
[2024-11-20T00:56:53.639+0000] {logging_mixin.py:190} INFO - [2024-11-20T00:56:53.638+0000] {dag.py:4180} INFO - Setting next_dagrun for example_python_decorator to None, run_after=None
[2024-11-20T00:56:53.664+0000] {processor.py:208} INFO - Processing /home/ubuntu/airflow_venv/lib/python3.12/site-packages/airflow/example_dags/example_python_decorator.py took 0.074 seconds
[2024-11-20T00:57:46.137+0000] {processor.py:186} INFO - Started process (PID=5593) to work on /home/ubuntu/airflow_venv/lib/python3.12/site-packages/airflow/example_dags/example_python_decorator.py
[2024-11-20T00:57:46.139+0000] {processor.py:914} INFO - Processing file /home/ubuntu/airflow_venv/lib/python3.12/site-packages/airflow/example_dags/example_python_decorator.py for tasks to queue
[2024-11-20T00:57:46.140+0000] {logging_mixin.py:190} INFO - [2024-11-20T00:57:46.139+0000] {dagbag.py:588} INFO - Filling up the DagBag from /home/ubuntu/airflow_venv/lib/python3.12/site-packages/airflow/example_dags/example_python_decorator.py
[2024-11-20T00:57:46.152+0000] {logging_mixin.py:190} INFO - [2024-11-20T00:57:46.152+0000] {example_python_decorator.py:80} WARNING - The virtalenv_python example task requires virtualenv, please install it.
[2024-11-20T00:57:46.158+0000] {processor.py:925} INFO - DAG(s) 'example_python_decorator' retrieved from /home/ubuntu/airflow_venv/lib/python3.12/site-packages/airflow/example_dags/example_python_decorator.py
[2024-11-20T00:57:46.174+0000] {logging_mixin.py:190} INFO - [2024-11-20T00:57:46.174+0000] {dag.py:3239} INFO - Sync 1 DAGs
[2024-11-20T00:57:46.187+0000] {logging_mixin.py:190} INFO - [2024-11-20T00:57:46.186+0000] {dag.py:4180} INFO - Setting next_dagrun for example_python_decorator to None, run_after=None
[2024-11-20T00:57:46.208+0000] {processor.py:208} INFO - Processing /home/ubuntu/airflow_venv/lib/python3.12/site-packages/airflow/example_dags/example_python_decorator.py took 0.077 seconds
[2024-11-20T00:58:37.750+0000] {processor.py:186} INFO - Started process (PID=5648) to work on /home/ubuntu/airflow_venv/lib/python3.12/site-packages/airflow/example_dags/example_python_decorator.py
[2024-11-20T00:58:37.752+0000] {processor.py:914} INFO - Processing file /home/ubuntu/airflow_venv/lib/python3.12/site-packages/airflow/example_dags/example_python_decorator.py for tasks to queue
[2024-11-20T00:58:37.754+0000] {logging_mixin.py:190} INFO - [2024-11-20T00:58:37.753+0000] {dagbag.py:588} INFO - Filling up the DagBag from /home/ubuntu/airflow_venv/lib/python3.12/site-packages/airflow/example_dags/example_python_decorator.py
[2024-11-20T00:58:37.762+0000] {logging_mixin.py:190} INFO - [2024-11-20T00:58:37.762+0000] {example_python_decorator.py:80} WARNING - The virtalenv_python example task requires virtualenv, please install it.
[2024-11-20T00:58:37.764+0000] {processor.py:925} INFO - DAG(s) 'example_python_decorator' retrieved from /home/ubuntu/airflow_venv/lib/python3.12/site-packages/airflow/example_dags/example_python_decorator.py
[2024-11-20T00:58:37.780+0000] {logging_mixin.py:190} INFO - [2024-11-20T00:58:37.780+0000] {dag.py:3239} INFO - Sync 1 DAGs
[2024-11-20T00:58:37.793+0000] {logging_mixin.py:190} INFO - [2024-11-20T00:58:37.793+0000] {dag.py:4180} INFO - Setting next_dagrun for example_python_decorator to None, run_after=None
[2024-11-20T00:58:37.814+0000] {processor.py:208} INFO - Processing /home/ubuntu/airflow_venv/lib/python3.12/site-packages/airflow/example_dags/example_python_decorator.py took 0.069 seconds
[2024-11-20T00:59:30.377+0000] {processor.py:186} INFO - Started process (PID=5706) to work on /home/ubuntu/airflow_venv/lib/python3.12/site-packages/airflow/example_dags/example_python_decorator.py
[2024-11-20T00:59:30.379+0000] {processor.py:914} INFO - Processing file /home/ubuntu/airflow_venv/lib/python3.12/site-packages/airflow/example_dags/example_python_decorator.py for tasks to queue
[2024-11-20T00:59:30.380+0000] {logging_mixin.py:190} INFO - [2024-11-20T00:59:30.380+0000] {dagbag.py:588} INFO - Filling up the DagBag from /home/ubuntu/airflow_venv/lib/python3.12/site-packages/airflow/example_dags/example_python_decorator.py
[2024-11-20T00:59:30.389+0000] {logging_mixin.py:190} INFO - [2024-11-20T00:59:30.388+0000] {example_python_decorator.py:80} WARNING - The virtalenv_python example task requires virtualenv, please install it.
[2024-11-20T00:59:30.391+0000] {processor.py:925} INFO - DAG(s) 'example_python_decorator' retrieved from /home/ubuntu/airflow_venv/lib/python3.12/site-packages/airflow/example_dags/example_python_decorator.py
[2024-11-20T00:59:30.406+0000] {logging_mixin.py:190} INFO - [2024-11-20T00:59:30.406+0000] {dag.py:3239} INFO - Sync 1 DAGs
[2024-11-20T00:59:30.419+0000] {logging_mixin.py:190} INFO - [2024-11-20T00:59:30.419+0000] {dag.py:4180} INFO - Setting next_dagrun for example_python_decorator to None, run_after=None
[2024-11-20T00:59:30.439+0000] {processor.py:208} INFO - Processing /home/ubuntu/airflow_venv/lib/python3.12/site-packages/airflow/example_dags/example_python_decorator.py took 0.067 seconds
[2024-11-20T01:00:24.582+0000] {processor.py:186} INFO - Started process (PID=5765) to work on /home/ubuntu/airflow_venv/lib/python3.12/site-packages/airflow/example_dags/example_python_decorator.py
[2024-11-20T01:00:24.583+0000] {processor.py:914} INFO - Processing file /home/ubuntu/airflow_venv/lib/python3.12/site-packages/airflow/example_dags/example_python_decorator.py for tasks to queue
[2024-11-20T01:00:24.585+0000] {logging_mixin.py:190} INFO - [2024-11-20T01:00:24.584+0000] {dagbag.py:588} INFO - Filling up the DagBag from /home/ubuntu/airflow_venv/lib/python3.12/site-packages/airflow/example_dags/example_python_decorator.py
[2024-11-20T01:00:24.593+0000] {logging_mixin.py:190} INFO - [2024-11-20T01:00:24.593+0000] {example_python_decorator.py:80} WARNING - The virtalenv_python example task requires virtualenv, please install it.
[2024-11-20T01:00:24.596+0000] {processor.py:925} INFO - DAG(s) 'example_python_decorator' retrieved from /home/ubuntu/airflow_venv/lib/python3.12/site-packages/airflow/example_dags/example_python_decorator.py
[2024-11-20T01:00:24.612+0000] {logging_mixin.py:190} INFO - [2024-11-20T01:00:24.612+0000] {dag.py:3239} INFO - Sync 1 DAGs
[2024-11-20T01:00:24.624+0000] {logging_mixin.py:190} INFO - [2024-11-20T01:00:24.624+0000] {dag.py:4180} INFO - Setting next_dagrun for example_python_decorator to None, run_after=None
[2024-11-20T01:00:24.647+0000] {processor.py:208} INFO - Processing /home/ubuntu/airflow_venv/lib/python3.12/site-packages/airflow/example_dags/example_python_decorator.py took 0.072 seconds
[2024-11-20T01:01:20.275+0000] {processor.py:186} INFO - Started process (PID=5822) to work on /home/ubuntu/airflow_venv/lib/python3.12/site-packages/airflow/example_dags/example_python_decorator.py
[2024-11-20T01:01:20.277+0000] {processor.py:914} INFO - Processing file /home/ubuntu/airflow_venv/lib/python3.12/site-packages/airflow/example_dags/example_python_decorator.py for tasks to queue
[2024-11-20T01:01:20.278+0000] {logging_mixin.py:190} INFO - [2024-11-20T01:01:20.277+0000] {dagbag.py:588} INFO - Filling up the DagBag from /home/ubuntu/airflow_venv/lib/python3.12/site-packages/airflow/example_dags/example_python_decorator.py
[2024-11-20T01:01:20.288+0000] {logging_mixin.py:190} INFO - [2024-11-20T01:01:20.288+0000] {example_python_decorator.py:80} WARNING - The virtalenv_python example task requires virtualenv, please install it.
[2024-11-20T01:01:20.291+0000] {processor.py:925} INFO - DAG(s) 'example_python_decorator' retrieved from /home/ubuntu/airflow_venv/lib/python3.12/site-packages/airflow/example_dags/example_python_decorator.py
[2024-11-20T01:01:20.307+0000] {logging_mixin.py:190} INFO - [2024-11-20T01:01:20.306+0000] {dag.py:3239} INFO - Sync 1 DAGs
[2024-11-20T01:01:20.318+0000] {logging_mixin.py:190} INFO - [2024-11-20T01:01:20.318+0000] {dag.py:4180} INFO - Setting next_dagrun for example_python_decorator to None, run_after=None
[2024-11-20T01:01:20.340+0000] {processor.py:208} INFO - Processing /home/ubuntu/airflow_venv/lib/python3.12/site-packages/airflow/example_dags/example_python_decorator.py took 0.071 seconds
[2024-11-20T01:02:34.981+0000] {processor.py:186} INFO - Started process (PID=5904) to work on /home/ubuntu/airflow_venv/lib/python3.12/site-packages/airflow/example_dags/example_python_decorator.py
[2024-11-20T01:02:34.983+0000] {processor.py:914} INFO - Processing file /home/ubuntu/airflow_venv/lib/python3.12/site-packages/airflow/example_dags/example_python_decorator.py for tasks to queue
[2024-11-20T01:02:34.985+0000] {logging_mixin.py:190} INFO - [2024-11-20T01:02:34.985+0000] {dagbag.py:588} INFO - Filling up the DagBag from /home/ubuntu/airflow_venv/lib/python3.12/site-packages/airflow/example_dags/example_python_decorator.py
[2024-11-20T01:02:34.994+0000] {logging_mixin.py:190} INFO - [2024-11-20T01:02:34.994+0000] {example_python_decorator.py:80} WARNING - The virtalenv_python example task requires virtualenv, please install it.
[2024-11-20T01:02:34.996+0000] {processor.py:925} INFO - DAG(s) 'example_python_decorator' retrieved from /home/ubuntu/airflow_venv/lib/python3.12/site-packages/airflow/example_dags/example_python_decorator.py
[2024-11-20T01:02:35.013+0000] {logging_mixin.py:190} INFO - [2024-11-20T01:02:35.013+0000] {dag.py:3239} INFO - Sync 1 DAGs
[2024-11-20T01:02:35.026+0000] {logging_mixin.py:190} INFO - [2024-11-20T01:02:35.026+0000] {dag.py:4180} INFO - Setting next_dagrun for example_python_decorator to None, run_after=None
[2024-11-20T01:02:35.048+0000] {processor.py:208} INFO - Processing /home/ubuntu/airflow_venv/lib/python3.12/site-packages/airflow/example_dags/example_python_decorator.py took 0.073 seconds
[2024-11-20T01:03:30.969+0000] {processor.py:186} INFO - Started process (PID=5960) to work on /home/ubuntu/airflow_venv/lib/python3.12/site-packages/airflow/example_dags/example_python_decorator.py
[2024-11-20T01:03:30.971+0000] {processor.py:914} INFO - Processing file /home/ubuntu/airflow_venv/lib/python3.12/site-packages/airflow/example_dags/example_python_decorator.py for tasks to queue
[2024-11-20T01:03:30.972+0000] {logging_mixin.py:190} INFO - [2024-11-20T01:03:30.972+0000] {dagbag.py:588} INFO - Filling up the DagBag from /home/ubuntu/airflow_venv/lib/python3.12/site-packages/airflow/example_dags/example_python_decorator.py
[2024-11-20T01:03:30.981+0000] {logging_mixin.py:190} INFO - [2024-11-20T01:03:30.980+0000] {example_python_decorator.py:80} WARNING - The virtalenv_python example task requires virtualenv, please install it.
[2024-11-20T01:03:30.983+0000] {processor.py:925} INFO - DAG(s) 'example_python_decorator' retrieved from /home/ubuntu/airflow_venv/lib/python3.12/site-packages/airflow/example_dags/example_python_decorator.py
[2024-11-20T01:03:30.999+0000] {logging_mixin.py:190} INFO - [2024-11-20T01:03:30.999+0000] {dag.py:3239} INFO - Sync 1 DAGs
[2024-11-20T01:03:31.012+0000] {logging_mixin.py:190} INFO - [2024-11-20T01:03:31.011+0000] {dag.py:4180} INFO - Setting next_dagrun for example_python_decorator to None, run_after=None
[2024-11-20T01:03:31.034+0000] {processor.py:208} INFO - Processing /home/ubuntu/airflow_venv/lib/python3.12/site-packages/airflow/example_dags/example_python_decorator.py took 0.072 seconds
[2024-11-20T01:04:27.394+0000] {processor.py:186} INFO - Started process (PID=6019) to work on /home/ubuntu/airflow_venv/lib/python3.12/site-packages/airflow/example_dags/example_python_decorator.py
[2024-11-20T01:04:27.396+0000] {processor.py:914} INFO - Processing file /home/ubuntu/airflow_venv/lib/python3.12/site-packages/airflow/example_dags/example_python_decorator.py for tasks to queue
[2024-11-20T01:04:27.397+0000] {logging_mixin.py:190} INFO - [2024-11-20T01:04:27.397+0000] {dagbag.py:588} INFO - Filling up the DagBag from /home/ubuntu/airflow_venv/lib/python3.12/site-packages/airflow/example_dags/example_python_decorator.py
[2024-11-20T01:04:27.406+0000] {logging_mixin.py:190} INFO - [2024-11-20T01:04:27.406+0000] {example_python_decorator.py:80} WARNING - The virtalenv_python example task requires virtualenv, please install it.
[2024-11-20T01:04:27.410+0000] {processor.py:925} INFO - DAG(s) 'example_python_decorator' retrieved from /home/ubuntu/airflow_venv/lib/python3.12/site-packages/airflow/example_dags/example_python_decorator.py
[2024-11-20T01:04:27.426+0000] {logging_mixin.py:190} INFO - [2024-11-20T01:04:27.425+0000] {dag.py:3239} INFO - Sync 1 DAGs
[2024-11-20T01:04:27.437+0000] {logging_mixin.py:190} INFO - [2024-11-20T01:04:27.437+0000] {dag.py:4180} INFO - Setting next_dagrun for example_python_decorator to None, run_after=None
[2024-11-20T01:04:27.459+0000] {processor.py:208} INFO - Processing /home/ubuntu/airflow_venv/lib/python3.12/site-packages/airflow/example_dags/example_python_decorator.py took 0.072 seconds
[2024-11-20T01:05:22.488+0000] {processor.py:186} INFO - Started process (PID=6079) to work on /home/ubuntu/airflow_venv/lib/python3.12/site-packages/airflow/example_dags/example_python_decorator.py
[2024-11-20T01:05:22.490+0000] {processor.py:914} INFO - Processing file /home/ubuntu/airflow_venv/lib/python3.12/site-packages/airflow/example_dags/example_python_decorator.py for tasks to queue
[2024-11-20T01:05:22.492+0000] {logging_mixin.py:190} INFO - [2024-11-20T01:05:22.491+0000] {dagbag.py:588} INFO - Filling up the DagBag from /home/ubuntu/airflow_venv/lib/python3.12/site-packages/airflow/example_dags/example_python_decorator.py
[2024-11-20T01:05:22.501+0000] {logging_mixin.py:190} INFO - [2024-11-20T01:05:22.501+0000] {example_python_decorator.py:80} WARNING - The virtalenv_python example task requires virtualenv, please install it.
[2024-11-20T01:05:22.503+0000] {processor.py:925} INFO - DAG(s) 'example_python_decorator' retrieved from /home/ubuntu/airflow_venv/lib/python3.12/site-packages/airflow/example_dags/example_python_decorator.py
[2024-11-20T01:05:22.519+0000] {logging_mixin.py:190} INFO - [2024-11-20T01:05:22.519+0000] {dag.py:3239} INFO - Sync 1 DAGs
[2024-11-20T01:05:22.532+0000] {logging_mixin.py:190} INFO - [2024-11-20T01:05:22.531+0000] {dag.py:4180} INFO - Setting next_dagrun for example_python_decorator to None, run_after=None
[2024-11-20T01:05:22.552+0000] {processor.py:208} INFO - Processing /home/ubuntu/airflow_venv/lib/python3.12/site-packages/airflow/example_dags/example_python_decorator.py took 0.070 seconds
[2024-11-20T01:06:16.091+0000] {processor.py:186} INFO - Started process (PID=6134) to work on /home/ubuntu/airflow_venv/lib/python3.12/site-packages/airflow/example_dags/example_python_decorator.py
[2024-11-20T01:06:16.093+0000] {processor.py:914} INFO - Processing file /home/ubuntu/airflow_venv/lib/python3.12/site-packages/airflow/example_dags/example_python_decorator.py for tasks to queue
[2024-11-20T01:06:16.094+0000] {logging_mixin.py:190} INFO - [2024-11-20T01:06:16.094+0000] {dagbag.py:588} INFO - Filling up the DagBag from /home/ubuntu/airflow_venv/lib/python3.12/site-packages/airflow/example_dags/example_python_decorator.py
[2024-11-20T01:06:16.103+0000] {logging_mixin.py:190} INFO - [2024-11-20T01:06:16.103+0000] {example_python_decorator.py:80} WARNING - The virtalenv_python example task requires virtualenv, please install it.
[2024-11-20T01:06:16.106+0000] {processor.py:925} INFO - DAG(s) 'example_python_decorator' retrieved from /home/ubuntu/airflow_venv/lib/python3.12/site-packages/airflow/example_dags/example_python_decorator.py
[2024-11-20T01:06:16.122+0000] {logging_mixin.py:190} INFO - [2024-11-20T01:06:16.122+0000] {dag.py:3239} INFO - Sync 1 DAGs
[2024-11-20T01:06:16.135+0000] {logging_mixin.py:190} INFO - [2024-11-20T01:06:16.135+0000] {dag.py:4180} INFO - Setting next_dagrun for example_python_decorator to None, run_after=None
[2024-11-20T01:06:16.157+0000] {processor.py:208} INFO - Processing /home/ubuntu/airflow_venv/lib/python3.12/site-packages/airflow/example_dags/example_python_decorator.py took 0.073 seconds
[2024-11-20T01:07:08.148+0000] {processor.py:186} INFO - Started process (PID=6188) to work on /home/ubuntu/airflow_venv/lib/python3.12/site-packages/airflow/example_dags/example_python_decorator.py
[2024-11-20T01:07:08.150+0000] {processor.py:914} INFO - Processing file /home/ubuntu/airflow_venv/lib/python3.12/site-packages/airflow/example_dags/example_python_decorator.py for tasks to queue
[2024-11-20T01:07:08.152+0000] {logging_mixin.py:190} INFO - [2024-11-20T01:07:08.150+0000] {dagbag.py:588} INFO - Filling up the DagBag from /home/ubuntu/airflow_venv/lib/python3.12/site-packages/airflow/example_dags/example_python_decorator.py
[2024-11-20T01:07:08.160+0000] {logging_mixin.py:190} INFO - [2024-11-20T01:07:08.160+0000] {example_python_decorator.py:80} WARNING - The virtalenv_python example task requires virtualenv, please install it.
[2024-11-20T01:07:08.162+0000] {processor.py:925} INFO - DAG(s) 'example_python_decorator' retrieved from /home/ubuntu/airflow_venv/lib/python3.12/site-packages/airflow/example_dags/example_python_decorator.py
[2024-11-20T01:07:08.178+0000] {logging_mixin.py:190} INFO - [2024-11-20T01:07:08.178+0000] {dag.py:3239} INFO - Sync 1 DAGs
[2024-11-20T01:07:08.191+0000] {logging_mixin.py:190} INFO - [2024-11-20T01:07:08.191+0000] {dag.py:4180} INFO - Setting next_dagrun for example_python_decorator to None, run_after=None
[2024-11-20T01:07:08.214+0000] {processor.py:208} INFO - Processing /home/ubuntu/airflow_venv/lib/python3.12/site-packages/airflow/example_dags/example_python_decorator.py took 0.072 seconds
[2024-11-20T01:08:01.667+0000] {processor.py:186} INFO - Started process (PID=6244) to work on /home/ubuntu/airflow_venv/lib/python3.12/site-packages/airflow/example_dags/example_python_decorator.py
[2024-11-20T01:08:01.669+0000] {processor.py:914} INFO - Processing file /home/ubuntu/airflow_venv/lib/python3.12/site-packages/airflow/example_dags/example_python_decorator.py for tasks to queue
[2024-11-20T01:08:01.670+0000] {logging_mixin.py:190} INFO - [2024-11-20T01:08:01.669+0000] {dagbag.py:588} INFO - Filling up the DagBag from /home/ubuntu/airflow_venv/lib/python3.12/site-packages/airflow/example_dags/example_python_decorator.py
[2024-11-20T01:08:01.680+0000] {logging_mixin.py:190} INFO - [2024-11-20T01:08:01.680+0000] {example_python_decorator.py:80} WARNING - The virtalenv_python example task requires virtualenv, please install it.
[2024-11-20T01:08:01.682+0000] {processor.py:925} INFO - DAG(s) 'example_python_decorator' retrieved from /home/ubuntu/airflow_venv/lib/python3.12/site-packages/airflow/example_dags/example_python_decorator.py
[2024-11-20T01:08:01.699+0000] {logging_mixin.py:190} INFO - [2024-11-20T01:08:01.699+0000] {dag.py:3239} INFO - Sync 1 DAGs
[2024-11-20T01:08:01.712+0000] {logging_mixin.py:190} INFO - [2024-11-20T01:08:01.712+0000] {dag.py:4180} INFO - Setting next_dagrun for example_python_decorator to None, run_after=None
[2024-11-20T01:08:01.737+0000] {processor.py:208} INFO - Processing /home/ubuntu/airflow_venv/lib/python3.12/site-packages/airflow/example_dags/example_python_decorator.py took 0.076 seconds
[2024-11-20T01:08:55.973+0000] {processor.py:186} INFO - Started process (PID=6298) to work on /home/ubuntu/airflow_venv/lib/python3.12/site-packages/airflow/example_dags/example_python_decorator.py
[2024-11-20T01:08:55.974+0000] {processor.py:914} INFO - Processing file /home/ubuntu/airflow_venv/lib/python3.12/site-packages/airflow/example_dags/example_python_decorator.py for tasks to queue
[2024-11-20T01:08:55.976+0000] {logging_mixin.py:190} INFO - [2024-11-20T01:08:55.975+0000] {dagbag.py:588} INFO - Filling up the DagBag from /home/ubuntu/airflow_venv/lib/python3.12/site-packages/airflow/example_dags/example_python_decorator.py
[2024-11-20T01:08:55.985+0000] {logging_mixin.py:190} INFO - [2024-11-20T01:08:55.984+0000] {example_python_decorator.py:80} WARNING - The virtalenv_python example task requires virtualenv, please install it.
[2024-11-20T01:08:55.987+0000] {processor.py:925} INFO - DAG(s) 'example_python_decorator' retrieved from /home/ubuntu/airflow_venv/lib/python3.12/site-packages/airflow/example_dags/example_python_decorator.py
[2024-11-20T01:08:56.003+0000] {logging_mixin.py:190} INFO - [2024-11-20T01:08:56.003+0000] {dag.py:3239} INFO - Sync 1 DAGs
[2024-11-20T01:08:56.016+0000] {logging_mixin.py:190} INFO - [2024-11-20T01:08:56.015+0000] {dag.py:4180} INFO - Setting next_dagrun for example_python_decorator to None, run_after=None
[2024-11-20T01:08:56.037+0000] {processor.py:208} INFO - Processing /home/ubuntu/airflow_venv/lib/python3.12/site-packages/airflow/example_dags/example_python_decorator.py took 0.071 seconds
[2024-11-20T01:09:54.918+0000] {processor.py:186} INFO - Started process (PID=6356) to work on /home/ubuntu/airflow_venv/lib/python3.12/site-packages/airflow/example_dags/example_python_decorator.py
[2024-11-20T01:09:54.920+0000] {processor.py:914} INFO - Processing file /home/ubuntu/airflow_venv/lib/python3.12/site-packages/airflow/example_dags/example_python_decorator.py for tasks to queue
[2024-11-20T01:09:54.922+0000] {logging_mixin.py:190} INFO - [2024-11-20T01:09:54.921+0000] {dagbag.py:588} INFO - Filling up the DagBag from /home/ubuntu/airflow_venv/lib/python3.12/site-packages/airflow/example_dags/example_python_decorator.py
[2024-11-20T01:09:54.931+0000] {logging_mixin.py:190} INFO - [2024-11-20T01:09:54.930+0000] {example_python_decorator.py:80} WARNING - The virtalenv_python example task requires virtualenv, please install it.
[2024-11-20T01:09:54.932+0000] {processor.py:925} INFO - DAG(s) 'example_python_decorator' retrieved from /home/ubuntu/airflow_venv/lib/python3.12/site-packages/airflow/example_dags/example_python_decorator.py
[2024-11-20T01:09:54.948+0000] {logging_mixin.py:190} INFO - [2024-11-20T01:09:54.948+0000] {dag.py:3239} INFO - Sync 1 DAGs
[2024-11-20T01:09:54.961+0000] {logging_mixin.py:190} INFO - [2024-11-20T01:09:54.961+0000] {dag.py:4180} INFO - Setting next_dagrun for example_python_decorator to None, run_after=None
[2024-11-20T01:09:54.982+0000] {processor.py:208} INFO - Processing /home/ubuntu/airflow_venv/lib/python3.12/site-packages/airflow/example_dags/example_python_decorator.py took 0.071 seconds
[2024-11-20T01:10:51.502+0000] {processor.py:186} INFO - Started process (PID=6420) to work on /home/ubuntu/airflow_venv/lib/python3.12/site-packages/airflow/example_dags/example_python_decorator.py
[2024-11-20T01:10:51.504+0000] {processor.py:914} INFO - Processing file /home/ubuntu/airflow_venv/lib/python3.12/site-packages/airflow/example_dags/example_python_decorator.py for tasks to queue
[2024-11-20T01:10:51.505+0000] {logging_mixin.py:190} INFO - [2024-11-20T01:10:51.505+0000] {dagbag.py:588} INFO - Filling up the DagBag from /home/ubuntu/airflow_venv/lib/python3.12/site-packages/airflow/example_dags/example_python_decorator.py
[2024-11-20T01:10:51.514+0000] {logging_mixin.py:190} INFO - [2024-11-20T01:10:51.514+0000] {example_python_decorator.py:80} WARNING - The virtalenv_python example task requires virtualenv, please install it.
[2024-11-20T01:10:51.517+0000] {processor.py:925} INFO - DAG(s) 'example_python_decorator' retrieved from /home/ubuntu/airflow_venv/lib/python3.12/site-packages/airflow/example_dags/example_python_decorator.py
[2024-11-20T01:10:51.532+0000] {logging_mixin.py:190} INFO - [2024-11-20T01:10:51.532+0000] {dag.py:3239} INFO - Sync 1 DAGs
[2024-11-20T01:10:51.544+0000] {logging_mixin.py:190} INFO - [2024-11-20T01:10:51.543+0000] {dag.py:4180} INFO - Setting next_dagrun for example_python_decorator to None, run_after=None
[2024-11-20T01:10:51.567+0000] {processor.py:208} INFO - Processing /home/ubuntu/airflow_venv/lib/python3.12/site-packages/airflow/example_dags/example_python_decorator.py took 0.071 seconds
[2024-11-20T01:11:45.421+0000] {processor.py:186} INFO - Started process (PID=6475) to work on /home/ubuntu/airflow_venv/lib/python3.12/site-packages/airflow/example_dags/example_python_decorator.py
[2024-11-20T01:11:45.423+0000] {processor.py:914} INFO - Processing file /home/ubuntu/airflow_venv/lib/python3.12/site-packages/airflow/example_dags/example_python_decorator.py for tasks to queue
[2024-11-20T01:11:45.424+0000] {logging_mixin.py:190} INFO - [2024-11-20T01:11:45.423+0000] {dagbag.py:588} INFO - Filling up the DagBag from /home/ubuntu/airflow_venv/lib/python3.12/site-packages/airflow/example_dags/example_python_decorator.py
[2024-11-20T01:11:45.433+0000] {logging_mixin.py:190} INFO - [2024-11-20T01:11:45.433+0000] {example_python_decorator.py:80} WARNING - The virtalenv_python example task requires virtualenv, please install it.
[2024-11-20T01:11:45.436+0000] {processor.py:925} INFO - DAG(s) 'example_python_decorator' retrieved from /home/ubuntu/airflow_venv/lib/python3.12/site-packages/airflow/example_dags/example_python_decorator.py
[2024-11-20T01:11:45.452+0000] {logging_mixin.py:190} INFO - [2024-11-20T01:11:45.452+0000] {dag.py:3239} INFO - Sync 1 DAGs
[2024-11-20T01:11:45.465+0000] {logging_mixin.py:190} INFO - [2024-11-20T01:11:45.464+0000] {dag.py:4180} INFO - Setting next_dagrun for example_python_decorator to None, run_after=None
[2024-11-20T01:11:45.486+0000] {processor.py:208} INFO - Processing /home/ubuntu/airflow_venv/lib/python3.12/site-packages/airflow/example_dags/example_python_decorator.py took 0.072 seconds
[2024-11-20T01:12:38.155+0000] {processor.py:186} INFO - Started process (PID=6530) to work on /home/ubuntu/airflow_venv/lib/python3.12/site-packages/airflow/example_dags/example_python_decorator.py
[2024-11-20T01:12:38.156+0000] {processor.py:914} INFO - Processing file /home/ubuntu/airflow_venv/lib/python3.12/site-packages/airflow/example_dags/example_python_decorator.py for tasks to queue
[2024-11-20T01:12:38.157+0000] {logging_mixin.py:190} INFO - [2024-11-20T01:12:38.157+0000] {dagbag.py:588} INFO - Filling up the DagBag from /home/ubuntu/airflow_venv/lib/python3.12/site-packages/airflow/example_dags/example_python_decorator.py
[2024-11-20T01:12:38.167+0000] {logging_mixin.py:190} INFO - [2024-11-20T01:12:38.167+0000] {example_python_decorator.py:80} WARNING - The virtalenv_python example task requires virtualenv, please install it.
[2024-11-20T01:12:38.169+0000] {processor.py:925} INFO - DAG(s) 'example_python_decorator' retrieved from /home/ubuntu/airflow_venv/lib/python3.12/site-packages/airflow/example_dags/example_python_decorator.py
[2024-11-20T01:12:38.185+0000] {logging_mixin.py:190} INFO - [2024-11-20T01:12:38.185+0000] {dag.py:3239} INFO - Sync 1 DAGs
[2024-11-20T01:12:38.197+0000] {logging_mixin.py:190} INFO - [2024-11-20T01:12:38.197+0000] {dag.py:4180} INFO - Setting next_dagrun for example_python_decorator to None, run_after=None
[2024-11-20T01:12:38.221+0000] {processor.py:208} INFO - Processing /home/ubuntu/airflow_venv/lib/python3.12/site-packages/airflow/example_dags/example_python_decorator.py took 0.073 seconds
