[2024-11-20T00:16:34.276+0000] {processor.py:186} INFO - Started process (PID=2049) to work on /home/ubuntu/airflow_venv/lib/python3.12/site-packages/airflow/example_dags/example_nested_branch_dag.py
[2024-11-20T00:16:34.278+0000] {processor.py:914} INFO - Processing file /home/ubuntu/airflow_venv/lib/python3.12/site-packages/airflow/example_dags/example_nested_branch_dag.py for tasks to queue
[2024-11-20T00:16:34.280+0000] {logging_mixin.py:190} INFO - [2024-11-20T00:16:34.279+0000] {dagbag.py:588} INFO - Filling up the DagBag from /home/ubuntu/airflow_venv/lib/python3.12/site-packages/airflow/example_dags/example_nested_branch_dag.py
[2024-11-20T00:16:34.292+0000] {processor.py:925} INFO - DAG(s) 'example_nested_branch_dag' retrieved from /home/ubuntu/airflow_venv/lib/python3.12/site-packages/airflow/example_dags/example_nested_branch_dag.py
[2024-11-20T00:16:34.311+0000] {logging_mixin.py:190} INFO - [2024-11-20T00:16:34.311+0000] {dag.py:3239} INFO - Sync 1 DAGs
[2024-11-20T00:16:34.329+0000] {logging_mixin.py:190} INFO - [2024-11-20T00:16:34.329+0000] {dag.py:4180} INFO - Setting next_dagrun for example_nested_branch_dag to 2024-11-19 00:00:00+00:00, run_after=2024-11-20 00:00:00+00:00
[2024-11-20T00:16:34.347+0000] {processor.py:208} INFO - Processing /home/ubuntu/airflow_venv/lib/python3.12/site-packages/airflow/example_dags/example_nested_branch_dag.py took 0.077 seconds
[2024-11-20T00:17:34.366+0000] {processor.py:186} INFO - Started process (PID=2119) to work on /home/ubuntu/airflow_venv/lib/python3.12/site-packages/airflow/example_dags/example_nested_branch_dag.py
[2024-11-20T00:17:34.368+0000] {processor.py:914} INFO - Processing file /home/ubuntu/airflow_venv/lib/python3.12/site-packages/airflow/example_dags/example_nested_branch_dag.py for tasks to queue
[2024-11-20T00:17:34.370+0000] {logging_mixin.py:190} INFO - [2024-11-20T00:17:34.370+0000] {dagbag.py:588} INFO - Filling up the DagBag from /home/ubuntu/airflow_venv/lib/python3.12/site-packages/airflow/example_dags/example_nested_branch_dag.py
[2024-11-20T00:17:34.382+0000] {processor.py:925} INFO - DAG(s) 'example_nested_branch_dag' retrieved from /home/ubuntu/airflow_venv/lib/python3.12/site-packages/airflow/example_dags/example_nested_branch_dag.py
[2024-11-20T00:17:34.398+0000] {logging_mixin.py:190} INFO - [2024-11-20T00:17:34.397+0000] {dag.py:3239} INFO - Sync 1 DAGs
[2024-11-20T00:17:34.416+0000] {logging_mixin.py:190} INFO - [2024-11-20T00:17:34.416+0000] {dag.py:4180} INFO - Setting next_dagrun for example_nested_branch_dag to 2024-11-19 00:00:00+00:00, run_after=2024-11-20 00:00:00+00:00
[2024-11-20T00:17:34.437+0000] {processor.py:208} INFO - Processing /home/ubuntu/airflow_venv/lib/python3.12/site-packages/airflow/example_dags/example_nested_branch_dag.py took 0.076 seconds
[2024-11-20T00:18:29.458+0000] {processor.py:186} INFO - Started process (PID=2177) to work on /home/ubuntu/airflow_venv/lib/python3.12/site-packages/airflow/example_dags/example_nested_branch_dag.py
[2024-11-20T00:18:29.460+0000] {processor.py:914} INFO - Processing file /home/ubuntu/airflow_venv/lib/python3.12/site-packages/airflow/example_dags/example_nested_branch_dag.py for tasks to queue
[2024-11-20T00:18:29.463+0000] {logging_mixin.py:190} INFO - [2024-11-20T00:18:29.462+0000] {dagbag.py:588} INFO - Filling up the DagBag from /home/ubuntu/airflow_venv/lib/python3.12/site-packages/airflow/example_dags/example_nested_branch_dag.py
[2024-11-20T00:18:29.478+0000] {processor.py:925} INFO - DAG(s) 'example_nested_branch_dag' retrieved from /home/ubuntu/airflow_venv/lib/python3.12/site-packages/airflow/example_dags/example_nested_branch_dag.py
[2024-11-20T00:18:29.494+0000] {logging_mixin.py:190} INFO - [2024-11-20T00:18:29.494+0000] {dag.py:3239} INFO - Sync 1 DAGs
[2024-11-20T00:18:29.513+0000] {logging_mixin.py:190} INFO - [2024-11-20T00:18:29.513+0000] {dag.py:4180} INFO - Setting next_dagrun for example_nested_branch_dag to 2024-11-19 00:00:00+00:00, run_after=2024-11-20 00:00:00+00:00
[2024-11-20T00:18:29.536+0000] {processor.py:208} INFO - Processing /home/ubuntu/airflow_venv/lib/python3.12/site-packages/airflow/example_dags/example_nested_branch_dag.py took 0.087 seconds
[2024-11-20T00:19:25.215+0000] {processor.py:186} INFO - Started process (PID=2236) to work on /home/ubuntu/airflow_venv/lib/python3.12/site-packages/airflow/example_dags/example_nested_branch_dag.py
[2024-11-20T00:19:25.217+0000] {processor.py:914} INFO - Processing file /home/ubuntu/airflow_venv/lib/python3.12/site-packages/airflow/example_dags/example_nested_branch_dag.py for tasks to queue
[2024-11-20T00:19:25.219+0000] {logging_mixin.py:190} INFO - [2024-11-20T00:19:25.219+0000] {dagbag.py:588} INFO - Filling up the DagBag from /home/ubuntu/airflow_venv/lib/python3.12/site-packages/airflow/example_dags/example_nested_branch_dag.py
[2024-11-20T00:19:25.230+0000] {processor.py:925} INFO - DAG(s) 'example_nested_branch_dag' retrieved from /home/ubuntu/airflow_venv/lib/python3.12/site-packages/airflow/example_dags/example_nested_branch_dag.py
[2024-11-20T00:19:25.246+0000] {logging_mixin.py:190} INFO - [2024-11-20T00:19:25.246+0000] {dag.py:3239} INFO - Sync 1 DAGs
[2024-11-20T00:19:25.266+0000] {logging_mixin.py:190} INFO - [2024-11-20T00:19:25.266+0000] {dag.py:4180} INFO - Setting next_dagrun for example_nested_branch_dag to 2024-11-19 00:00:00+00:00, run_after=2024-11-20 00:00:00+00:00
[2024-11-20T00:19:25.289+0000] {processor.py:208} INFO - Processing /home/ubuntu/airflow_venv/lib/python3.12/site-packages/airflow/example_dags/example_nested_branch_dag.py took 0.078 seconds
[2024-11-20T00:20:18.887+0000] {processor.py:186} INFO - Started process (PID=2291) to work on /home/ubuntu/airflow_venv/lib/python3.12/site-packages/airflow/example_dags/example_nested_branch_dag.py
[2024-11-20T00:20:18.888+0000] {processor.py:914} INFO - Processing file /home/ubuntu/airflow_venv/lib/python3.12/site-packages/airflow/example_dags/example_nested_branch_dag.py for tasks to queue
[2024-11-20T00:20:18.890+0000] {logging_mixin.py:190} INFO - [2024-11-20T00:20:18.890+0000] {dagbag.py:588} INFO - Filling up the DagBag from /home/ubuntu/airflow_venv/lib/python3.12/site-packages/airflow/example_dags/example_nested_branch_dag.py
[2024-11-20T00:20:18.901+0000] {processor.py:925} INFO - DAG(s) 'example_nested_branch_dag' retrieved from /home/ubuntu/airflow_venv/lib/python3.12/site-packages/airflow/example_dags/example_nested_branch_dag.py
[2024-11-20T00:20:18.917+0000] {logging_mixin.py:190} INFO - [2024-11-20T00:20:18.917+0000] {dag.py:3239} INFO - Sync 1 DAGs
[2024-11-20T00:20:18.936+0000] {logging_mixin.py:190} INFO - [2024-11-20T00:20:18.936+0000] {dag.py:4180} INFO - Setting next_dagrun for example_nested_branch_dag to 2024-11-19 00:00:00+00:00, run_after=2024-11-20 00:00:00+00:00
[2024-11-20T00:20:18.958+0000] {processor.py:208} INFO - Processing /home/ubuntu/airflow_venv/lib/python3.12/site-packages/airflow/example_dags/example_nested_branch_dag.py took 0.076 seconds
[2024-11-20T00:21:14.428+0000] {processor.py:186} INFO - Started process (PID=2349) to work on /home/ubuntu/airflow_venv/lib/python3.12/site-packages/airflow/example_dags/example_nested_branch_dag.py
[2024-11-20T00:21:14.430+0000] {processor.py:914} INFO - Processing file /home/ubuntu/airflow_venv/lib/python3.12/site-packages/airflow/example_dags/example_nested_branch_dag.py for tasks to queue
[2024-11-20T00:21:14.432+0000] {logging_mixin.py:190} INFO - [2024-11-20T00:21:14.432+0000] {dagbag.py:588} INFO - Filling up the DagBag from /home/ubuntu/airflow_venv/lib/python3.12/site-packages/airflow/example_dags/example_nested_branch_dag.py
[2024-11-20T00:21:14.444+0000] {processor.py:925} INFO - DAG(s) 'example_nested_branch_dag' retrieved from /home/ubuntu/airflow_venv/lib/python3.12/site-packages/airflow/example_dags/example_nested_branch_dag.py
[2024-11-20T00:21:14.461+0000] {logging_mixin.py:190} INFO - [2024-11-20T00:21:14.461+0000] {dag.py:3239} INFO - Sync 1 DAGs
[2024-11-20T00:21:14.608+0000] {logging_mixin.py:190} INFO - [2024-11-20T00:21:14.608+0000] {dag.py:4180} INFO - Setting next_dagrun for example_nested_branch_dag to 2024-11-19 00:00:00+00:00, run_after=2024-11-20 00:00:00+00:00
[2024-11-20T00:21:14.628+0000] {processor.py:208} INFO - Processing /home/ubuntu/airflow_venv/lib/python3.12/site-packages/airflow/example_dags/example_nested_branch_dag.py took 0.205 seconds
[2024-11-20T00:22:15.486+0000] {processor.py:186} INFO - Started process (PID=2413) to work on /home/ubuntu/airflow_venv/lib/python3.12/site-packages/airflow/example_dags/example_nested_branch_dag.py
[2024-11-20T00:22:15.488+0000] {processor.py:914} INFO - Processing file /home/ubuntu/airflow_venv/lib/python3.12/site-packages/airflow/example_dags/example_nested_branch_dag.py for tasks to queue
[2024-11-20T00:22:15.491+0000] {logging_mixin.py:190} INFO - [2024-11-20T00:22:15.491+0000] {dagbag.py:588} INFO - Filling up the DagBag from /home/ubuntu/airflow_venv/lib/python3.12/site-packages/airflow/example_dags/example_nested_branch_dag.py
[2024-11-20T00:22:15.503+0000] {processor.py:925} INFO - DAG(s) 'example_nested_branch_dag' retrieved from /home/ubuntu/airflow_venv/lib/python3.12/site-packages/airflow/example_dags/example_nested_branch_dag.py
[2024-11-20T00:22:15.519+0000] {logging_mixin.py:190} INFO - [2024-11-20T00:22:15.519+0000] {dag.py:3239} INFO - Sync 1 DAGs
[2024-11-20T00:22:15.540+0000] {logging_mixin.py:190} INFO - [2024-11-20T00:22:15.540+0000] {dag.py:4180} INFO - Setting next_dagrun for example_nested_branch_dag to 2024-11-19 00:00:00+00:00, run_after=2024-11-20 00:00:00+00:00
[2024-11-20T00:22:15.563+0000] {processor.py:208} INFO - Processing /home/ubuntu/airflow_venv/lib/python3.12/site-packages/airflow/example_dags/example_nested_branch_dag.py took 0.082 seconds
[2024-11-20T00:23:10.982+0000] {processor.py:186} INFO - Started process (PID=2469) to work on /home/ubuntu/airflow_venv/lib/python3.12/site-packages/airflow/example_dags/example_nested_branch_dag.py
[2024-11-20T00:23:10.985+0000] {processor.py:914} INFO - Processing file /home/ubuntu/airflow_venv/lib/python3.12/site-packages/airflow/example_dags/example_nested_branch_dag.py for tasks to queue
[2024-11-20T00:23:10.989+0000] {logging_mixin.py:190} INFO - [2024-11-20T00:23:10.988+0000] {dagbag.py:588} INFO - Filling up the DagBag from /home/ubuntu/airflow_venv/lib/python3.12/site-packages/airflow/example_dags/example_nested_branch_dag.py
[2024-11-20T00:23:11.007+0000] {processor.py:925} INFO - DAG(s) 'example_nested_branch_dag' retrieved from /home/ubuntu/airflow_venv/lib/python3.12/site-packages/airflow/example_dags/example_nested_branch_dag.py
[2024-11-20T00:23:11.024+0000] {logging_mixin.py:190} INFO - [2024-11-20T00:23:11.024+0000] {dag.py:3239} INFO - Sync 1 DAGs
[2024-11-20T00:23:11.043+0000] {logging_mixin.py:190} INFO - [2024-11-20T00:23:11.043+0000] {dag.py:4180} INFO - Setting next_dagrun for example_nested_branch_dag to 2024-11-19 00:00:00+00:00, run_after=2024-11-20 00:00:00+00:00
[2024-11-20T00:23:11.065+0000] {processor.py:208} INFO - Processing /home/ubuntu/airflow_venv/lib/python3.12/site-packages/airflow/example_dags/example_nested_branch_dag.py took 0.088 seconds
[2024-11-20T00:24:05.718+0000] {processor.py:186} INFO - Started process (PID=2526) to work on /home/ubuntu/airflow_venv/lib/python3.12/site-packages/airflow/example_dags/example_nested_branch_dag.py
[2024-11-20T00:24:05.719+0000] {processor.py:914} INFO - Processing file /home/ubuntu/airflow_venv/lib/python3.12/site-packages/airflow/example_dags/example_nested_branch_dag.py for tasks to queue
[2024-11-20T00:24:05.721+0000] {logging_mixin.py:190} INFO - [2024-11-20T00:24:05.721+0000] {dagbag.py:588} INFO - Filling up the DagBag from /home/ubuntu/airflow_venv/lib/python3.12/site-packages/airflow/example_dags/example_nested_branch_dag.py
[2024-11-20T00:24:05.733+0000] {processor.py:925} INFO - DAG(s) 'example_nested_branch_dag' retrieved from /home/ubuntu/airflow_venv/lib/python3.12/site-packages/airflow/example_dags/example_nested_branch_dag.py
[2024-11-20T00:24:05.750+0000] {logging_mixin.py:190} INFO - [2024-11-20T00:24:05.750+0000] {dag.py:3239} INFO - Sync 1 DAGs
[2024-11-20T00:24:05.770+0000] {logging_mixin.py:190} INFO - [2024-11-20T00:24:05.770+0000] {dag.py:4180} INFO - Setting next_dagrun for example_nested_branch_dag to 2024-11-19 00:00:00+00:00, run_after=2024-11-20 00:00:00+00:00
[2024-11-20T00:24:05.791+0000] {processor.py:208} INFO - Processing /home/ubuntu/airflow_venv/lib/python3.12/site-packages/airflow/example_dags/example_nested_branch_dag.py took 0.079 seconds
[2024-11-20T00:25:00.431+0000] {processor.py:186} INFO - Started process (PID=2582) to work on /home/ubuntu/airflow_venv/lib/python3.12/site-packages/airflow/example_dags/example_nested_branch_dag.py
[2024-11-20T00:25:00.433+0000] {processor.py:914} INFO - Processing file /home/ubuntu/airflow_venv/lib/python3.12/site-packages/airflow/example_dags/example_nested_branch_dag.py for tasks to queue
[2024-11-20T00:25:00.435+0000] {logging_mixin.py:190} INFO - [2024-11-20T00:25:00.435+0000] {dagbag.py:588} INFO - Filling up the DagBag from /home/ubuntu/airflow_venv/lib/python3.12/site-packages/airflow/example_dags/example_nested_branch_dag.py
[2024-11-20T00:25:00.447+0000] {processor.py:925} INFO - DAG(s) 'example_nested_branch_dag' retrieved from /home/ubuntu/airflow_venv/lib/python3.12/site-packages/airflow/example_dags/example_nested_branch_dag.py
[2024-11-20T00:25:00.463+0000] {logging_mixin.py:190} INFO - [2024-11-20T00:25:00.463+0000] {dag.py:3239} INFO - Sync 1 DAGs
[2024-11-20T00:25:00.482+0000] {logging_mixin.py:190} INFO - [2024-11-20T00:25:00.482+0000] {dag.py:4180} INFO - Setting next_dagrun for example_nested_branch_dag to 2024-11-19 00:00:00+00:00, run_after=2024-11-20 00:00:00+00:00
[2024-11-20T00:25:00.503+0000] {processor.py:208} INFO - Processing /home/ubuntu/airflow_venv/lib/python3.12/site-packages/airflow/example_dags/example_nested_branch_dag.py took 0.077 seconds
[2024-11-20T00:25:55.276+0000] {processor.py:186} INFO - Started process (PID=2641) to work on /home/ubuntu/airflow_venv/lib/python3.12/site-packages/airflow/example_dags/example_nested_branch_dag.py
[2024-11-20T00:25:55.277+0000] {processor.py:914} INFO - Processing file /home/ubuntu/airflow_venv/lib/python3.12/site-packages/airflow/example_dags/example_nested_branch_dag.py for tasks to queue
[2024-11-20T00:25:55.279+0000] {logging_mixin.py:190} INFO - [2024-11-20T00:25:55.279+0000] {dagbag.py:588} INFO - Filling up the DagBag from /home/ubuntu/airflow_venv/lib/python3.12/site-packages/airflow/example_dags/example_nested_branch_dag.py
[2024-11-20T00:25:55.291+0000] {processor.py:925} INFO - DAG(s) 'example_nested_branch_dag' retrieved from /home/ubuntu/airflow_venv/lib/python3.12/site-packages/airflow/example_dags/example_nested_branch_dag.py
[2024-11-20T00:25:55.308+0000] {logging_mixin.py:190} INFO - [2024-11-20T00:25:55.307+0000] {dag.py:3239} INFO - Sync 1 DAGs
[2024-11-20T00:25:55.327+0000] {logging_mixin.py:190} INFO - [2024-11-20T00:25:55.327+0000] {dag.py:4180} INFO - Setting next_dagrun for example_nested_branch_dag to 2024-11-19 00:00:00+00:00, run_after=2024-11-20 00:00:00+00:00
[2024-11-20T00:25:55.350+0000] {processor.py:208} INFO - Processing /home/ubuntu/airflow_venv/lib/python3.12/site-packages/airflow/example_dags/example_nested_branch_dag.py took 0.079 seconds
[2024-11-20T00:27:07.915+0000] {processor.py:186} INFO - Started process (PID=2737) to work on /home/ubuntu/airflow_venv/lib/python3.12/site-packages/airflow/example_dags/example_nested_branch_dag.py
[2024-11-20T00:27:07.918+0000] {processor.py:914} INFO - Processing file /home/ubuntu/airflow_venv/lib/python3.12/site-packages/airflow/example_dags/example_nested_branch_dag.py for tasks to queue
[2024-11-20T00:27:07.920+0000] {logging_mixin.py:190} INFO - [2024-11-20T00:27:07.919+0000] {dagbag.py:588} INFO - Filling up the DagBag from /home/ubuntu/airflow_venv/lib/python3.12/site-packages/airflow/example_dags/example_nested_branch_dag.py
[2024-11-20T00:27:07.931+0000] {processor.py:925} INFO - DAG(s) 'example_nested_branch_dag' retrieved from /home/ubuntu/airflow_venv/lib/python3.12/site-packages/airflow/example_dags/example_nested_branch_dag.py
[2024-11-20T00:27:07.947+0000] {logging_mixin.py:190} INFO - [2024-11-20T00:27:07.947+0000] {dag.py:3239} INFO - Sync 1 DAGs
[2024-11-20T00:27:07.967+0000] {logging_mixin.py:190} INFO - [2024-11-20T00:27:07.966+0000] {dag.py:4180} INFO - Setting next_dagrun for example_nested_branch_dag to 2024-11-19 00:00:00+00:00, run_after=2024-11-20 00:00:00+00:00
[2024-11-20T00:27:07.988+0000] {processor.py:208} INFO - Processing /home/ubuntu/airflow_venv/lib/python3.12/site-packages/airflow/example_dags/example_nested_branch_dag.py took 0.078 seconds
[2024-11-20T00:28:11.555+0000] {processor.py:186} INFO - Started process (PID=2803) to work on /home/ubuntu/airflow_venv/lib/python3.12/site-packages/airflow/example_dags/example_nested_branch_dag.py
[2024-11-20T00:28:11.557+0000] {processor.py:914} INFO - Processing file /home/ubuntu/airflow_venv/lib/python3.12/site-packages/airflow/example_dags/example_nested_branch_dag.py for tasks to queue
[2024-11-20T00:28:11.559+0000] {logging_mixin.py:190} INFO - [2024-11-20T00:28:11.559+0000] {dagbag.py:588} INFO - Filling up the DagBag from /home/ubuntu/airflow_venv/lib/python3.12/site-packages/airflow/example_dags/example_nested_branch_dag.py
[2024-11-20T00:28:11.571+0000] {processor.py:925} INFO - DAG(s) 'example_nested_branch_dag' retrieved from /home/ubuntu/airflow_venv/lib/python3.12/site-packages/airflow/example_dags/example_nested_branch_dag.py
[2024-11-20T00:28:11.588+0000] {logging_mixin.py:190} INFO - [2024-11-20T00:28:11.588+0000] {dag.py:3239} INFO - Sync 1 DAGs
[2024-11-20T00:28:11.607+0000] {logging_mixin.py:190} INFO - [2024-11-20T00:28:11.607+0000] {dag.py:4180} INFO - Setting next_dagrun for example_nested_branch_dag to 2024-11-19 00:00:00+00:00, run_after=2024-11-20 00:00:00+00:00
[2024-11-20T00:28:11.629+0000] {processor.py:208} INFO - Processing /home/ubuntu/airflow_venv/lib/python3.12/site-packages/airflow/example_dags/example_nested_branch_dag.py took 0.079 seconds
[2024-11-20T00:29:10.591+0000] {processor.py:186} INFO - Started process (PID=2991) to work on /home/ubuntu/airflow_venv/lib/python3.12/site-packages/airflow/example_dags/example_nested_branch_dag.py
[2024-11-20T00:29:10.593+0000] {processor.py:914} INFO - Processing file /home/ubuntu/airflow_venv/lib/python3.12/site-packages/airflow/example_dags/example_nested_branch_dag.py for tasks to queue
[2024-11-20T00:29:10.594+0000] {logging_mixin.py:190} INFO - [2024-11-20T00:29:10.594+0000] {dagbag.py:588} INFO - Filling up the DagBag from /home/ubuntu/airflow_venv/lib/python3.12/site-packages/airflow/example_dags/example_nested_branch_dag.py
[2024-11-20T00:29:10.606+0000] {processor.py:925} INFO - DAG(s) 'example_nested_branch_dag' retrieved from /home/ubuntu/airflow_venv/lib/python3.12/site-packages/airflow/example_dags/example_nested_branch_dag.py
[2024-11-20T00:29:10.623+0000] {logging_mixin.py:190} INFO - [2024-11-20T00:29:10.623+0000] {dag.py:3239} INFO - Sync 1 DAGs
[2024-11-20T00:29:10.642+0000] {logging_mixin.py:190} INFO - [2024-11-20T00:29:10.642+0000] {dag.py:4180} INFO - Setting next_dagrun for example_nested_branch_dag to 2024-11-19 00:00:00+00:00, run_after=2024-11-20 00:00:00+00:00
[2024-11-20T00:29:10.663+0000] {processor.py:208} INFO - Processing /home/ubuntu/airflow_venv/lib/python3.12/site-packages/airflow/example_dags/example_nested_branch_dag.py took 0.078 seconds
[2024-11-20T00:30:11.268+0000] {processor.py:186} INFO - Started process (PID=3054) to work on /home/ubuntu/airflow_venv/lib/python3.12/site-packages/airflow/example_dags/example_nested_branch_dag.py
[2024-11-20T00:30:11.269+0000] {processor.py:914} INFO - Processing file /home/ubuntu/airflow_venv/lib/python3.12/site-packages/airflow/example_dags/example_nested_branch_dag.py for tasks to queue
[2024-11-20T00:30:11.271+0000] {logging_mixin.py:190} INFO - [2024-11-20T00:30:11.270+0000] {dagbag.py:588} INFO - Filling up the DagBag from /home/ubuntu/airflow_venv/lib/python3.12/site-packages/airflow/example_dags/example_nested_branch_dag.py
[2024-11-20T00:30:11.282+0000] {processor.py:925} INFO - DAG(s) 'example_nested_branch_dag' retrieved from /home/ubuntu/airflow_venv/lib/python3.12/site-packages/airflow/example_dags/example_nested_branch_dag.py
[2024-11-20T00:30:11.298+0000] {logging_mixin.py:190} INFO - [2024-11-20T00:30:11.298+0000] {dag.py:3239} INFO - Sync 1 DAGs
[2024-11-20T00:30:11.318+0000] {logging_mixin.py:190} INFO - [2024-11-20T00:30:11.318+0000] {dag.py:4180} INFO - Setting next_dagrun for example_nested_branch_dag to 2024-11-19 00:00:00+00:00, run_after=2024-11-20 00:00:00+00:00
[2024-11-20T00:30:11.341+0000] {processor.py:208} INFO - Processing /home/ubuntu/airflow_venv/lib/python3.12/site-packages/airflow/example_dags/example_nested_branch_dag.py took 0.079 seconds
[2024-11-20T00:31:06.198+0000] {processor.py:186} INFO - Started process (PID=3150) to work on /home/ubuntu/airflow_venv/lib/python3.12/site-packages/airflow/example_dags/example_nested_branch_dag.py
[2024-11-20T00:31:06.200+0000] {processor.py:914} INFO - Processing file /home/ubuntu/airflow_venv/lib/python3.12/site-packages/airflow/example_dags/example_nested_branch_dag.py for tasks to queue
[2024-11-20T00:31:06.202+0000] {logging_mixin.py:190} INFO - [2024-11-20T00:31:06.201+0000] {dagbag.py:588} INFO - Filling up the DagBag from /home/ubuntu/airflow_venv/lib/python3.12/site-packages/airflow/example_dags/example_nested_branch_dag.py
[2024-11-20T00:31:06.214+0000] {processor.py:925} INFO - DAG(s) 'example_nested_branch_dag' retrieved from /home/ubuntu/airflow_venv/lib/python3.12/site-packages/airflow/example_dags/example_nested_branch_dag.py
[2024-11-20T00:31:06.231+0000] {logging_mixin.py:190} INFO - [2024-11-20T00:31:06.230+0000] {dag.py:3239} INFO - Sync 1 DAGs
[2024-11-20T00:31:06.250+0000] {logging_mixin.py:190} INFO - [2024-11-20T00:31:06.250+0000] {dag.py:4180} INFO - Setting next_dagrun for example_nested_branch_dag to 2024-11-19 00:00:00+00:00, run_after=2024-11-20 00:00:00+00:00
[2024-11-20T00:31:06.274+0000] {processor.py:208} INFO - Processing /home/ubuntu/airflow_venv/lib/python3.12/site-packages/airflow/example_dags/example_nested_branch_dag.py took 0.081 seconds
[2024-11-20T00:32:00.754+0000] {processor.py:186} INFO - Started process (PID=3308) to work on /home/ubuntu/airflow_venv/lib/python3.12/site-packages/airflow/example_dags/example_nested_branch_dag.py
[2024-11-20T00:32:00.756+0000] {processor.py:914} INFO - Processing file /home/ubuntu/airflow_venv/lib/python3.12/site-packages/airflow/example_dags/example_nested_branch_dag.py for tasks to queue
[2024-11-20T00:32:00.758+0000] {logging_mixin.py:190} INFO - [2024-11-20T00:32:00.757+0000] {dagbag.py:588} INFO - Filling up the DagBag from /home/ubuntu/airflow_venv/lib/python3.12/site-packages/airflow/example_dags/example_nested_branch_dag.py
[2024-11-20T00:32:00.770+0000] {processor.py:925} INFO - DAG(s) 'example_nested_branch_dag' retrieved from /home/ubuntu/airflow_venv/lib/python3.12/site-packages/airflow/example_dags/example_nested_branch_dag.py
[2024-11-20T00:32:00.786+0000] {logging_mixin.py:190} INFO - [2024-11-20T00:32:00.786+0000] {dag.py:3239} INFO - Sync 1 DAGs
[2024-11-20T00:32:00.811+0000] {logging_mixin.py:190} INFO - [2024-11-20T00:32:00.811+0000] {dag.py:4180} INFO - Setting next_dagrun for example_nested_branch_dag to 2024-11-19 00:00:00+00:00, run_after=2024-11-20 00:00:00+00:00
[2024-11-20T00:32:00.841+0000] {processor.py:208} INFO - Processing /home/ubuntu/airflow_venv/lib/python3.12/site-packages/airflow/example_dags/example_nested_branch_dag.py took 0.092 seconds
[2024-11-20T00:32:54.686+0000] {processor.py:186} INFO - Started process (PID=3779) to work on /home/ubuntu/airflow_venv/lib/python3.12/site-packages/airflow/example_dags/example_nested_branch_dag.py
[2024-11-20T00:32:54.688+0000] {processor.py:914} INFO - Processing file /home/ubuntu/airflow_venv/lib/python3.12/site-packages/airflow/example_dags/example_nested_branch_dag.py for tasks to queue
[2024-11-20T00:32:54.690+0000] {logging_mixin.py:190} INFO - [2024-11-20T00:32:54.690+0000] {dagbag.py:588} INFO - Filling up the DagBag from /home/ubuntu/airflow_venv/lib/python3.12/site-packages/airflow/example_dags/example_nested_branch_dag.py
[2024-11-20T00:32:54.703+0000] {processor.py:925} INFO - DAG(s) 'example_nested_branch_dag' retrieved from /home/ubuntu/airflow_venv/lib/python3.12/site-packages/airflow/example_dags/example_nested_branch_dag.py
[2024-11-20T00:32:54.720+0000] {logging_mixin.py:190} INFO - [2024-11-20T00:32:54.719+0000] {dag.py:3239} INFO - Sync 1 DAGs
[2024-11-20T00:32:54.739+0000] {logging_mixin.py:190} INFO - [2024-11-20T00:32:54.739+0000] {dag.py:4180} INFO - Setting next_dagrun for example_nested_branch_dag to 2024-11-19 00:00:00+00:00, run_after=2024-11-20 00:00:00+00:00
[2024-11-20T00:32:54.760+0000] {processor.py:208} INFO - Processing /home/ubuntu/airflow_venv/lib/python3.12/site-packages/airflow/example_dags/example_nested_branch_dag.py took 0.080 seconds
[2024-11-20T00:33:59.153+0000] {processor.py:186} INFO - Started process (PID=3994) to work on /home/ubuntu/airflow_venv/lib/python3.12/site-packages/airflow/example_dags/example_nested_branch_dag.py
[2024-11-20T00:33:59.155+0000] {processor.py:914} INFO - Processing file /home/ubuntu/airflow_venv/lib/python3.12/site-packages/airflow/example_dags/example_nested_branch_dag.py for tasks to queue
[2024-11-20T00:33:59.157+0000] {logging_mixin.py:190} INFO - [2024-11-20T00:33:59.156+0000] {dagbag.py:588} INFO - Filling up the DagBag from /home/ubuntu/airflow_venv/lib/python3.12/site-packages/airflow/example_dags/example_nested_branch_dag.py
[2024-11-20T00:33:59.168+0000] {processor.py:925} INFO - DAG(s) 'example_nested_branch_dag' retrieved from /home/ubuntu/airflow_venv/lib/python3.12/site-packages/airflow/example_dags/example_nested_branch_dag.py
[2024-11-20T00:33:59.186+0000] {logging_mixin.py:190} INFO - [2024-11-20T00:33:59.186+0000] {dag.py:3239} INFO - Sync 1 DAGs
[2024-11-20T00:33:59.206+0000] {logging_mixin.py:190} INFO - [2024-11-20T00:33:59.206+0000] {dag.py:4180} INFO - Setting next_dagrun for example_nested_branch_dag to 2024-11-19 00:00:00+00:00, run_after=2024-11-20 00:00:00+00:00
[2024-11-20T00:33:59.228+0000] {processor.py:208} INFO - Processing /home/ubuntu/airflow_venv/lib/python3.12/site-packages/airflow/example_dags/example_nested_branch_dag.py took 0.081 seconds
[2024-11-20T00:34:57.871+0000] {processor.py:186} INFO - Started process (PID=4087) to work on /home/ubuntu/airflow_venv/lib/python3.12/site-packages/airflow/example_dags/example_nested_branch_dag.py
[2024-11-20T00:34:57.873+0000] {processor.py:914} INFO - Processing file /home/ubuntu/airflow_venv/lib/python3.12/site-packages/airflow/example_dags/example_nested_branch_dag.py for tasks to queue
[2024-11-20T00:34:57.875+0000] {logging_mixin.py:190} INFO - [2024-11-20T00:34:57.874+0000] {dagbag.py:588} INFO - Filling up the DagBag from /home/ubuntu/airflow_venv/lib/python3.12/site-packages/airflow/example_dags/example_nested_branch_dag.py
[2024-11-20T00:34:57.887+0000] {processor.py:925} INFO - DAG(s) 'example_nested_branch_dag' retrieved from /home/ubuntu/airflow_venv/lib/python3.12/site-packages/airflow/example_dags/example_nested_branch_dag.py
[2024-11-20T00:34:57.903+0000] {logging_mixin.py:190} INFO - [2024-11-20T00:34:57.903+0000] {dag.py:3239} INFO - Sync 1 DAGs
[2024-11-20T00:34:57.922+0000] {logging_mixin.py:190} INFO - [2024-11-20T00:34:57.922+0000] {dag.py:4180} INFO - Setting next_dagrun for example_nested_branch_dag to 2024-11-19 00:00:00+00:00, run_after=2024-11-20 00:00:00+00:00
[2024-11-20T00:34:57.945+0000] {processor.py:208} INFO - Processing /home/ubuntu/airflow_venv/lib/python3.12/site-packages/airflow/example_dags/example_nested_branch_dag.py took 0.080 seconds
[2024-11-20T00:35:52.358+0000] {processor.py:186} INFO - Started process (PID=4151) to work on /home/ubuntu/airflow_venv/lib/python3.12/site-packages/airflow/example_dags/example_nested_branch_dag.py
[2024-11-20T00:35:52.359+0000] {processor.py:914} INFO - Processing file /home/ubuntu/airflow_venv/lib/python3.12/site-packages/airflow/example_dags/example_nested_branch_dag.py for tasks to queue
[2024-11-20T00:35:52.361+0000] {logging_mixin.py:190} INFO - [2024-11-20T00:35:52.360+0000] {dagbag.py:588} INFO - Filling up the DagBag from /home/ubuntu/airflow_venv/lib/python3.12/site-packages/airflow/example_dags/example_nested_branch_dag.py
[2024-11-20T00:35:52.372+0000] {processor.py:925} INFO - DAG(s) 'example_nested_branch_dag' retrieved from /home/ubuntu/airflow_venv/lib/python3.12/site-packages/airflow/example_dags/example_nested_branch_dag.py
[2024-11-20T00:35:52.389+0000] {logging_mixin.py:190} INFO - [2024-11-20T00:35:52.388+0000] {dag.py:3239} INFO - Sync 1 DAGs
[2024-11-20T00:35:52.408+0000] {logging_mixin.py:190} INFO - [2024-11-20T00:35:52.408+0000] {dag.py:4180} INFO - Setting next_dagrun for example_nested_branch_dag to 2024-11-19 00:00:00+00:00, run_after=2024-11-20 00:00:00+00:00
[2024-11-20T00:35:52.430+0000] {processor.py:208} INFO - Processing /home/ubuntu/airflow_venv/lib/python3.12/site-packages/airflow/example_dags/example_nested_branch_dag.py took 0.079 seconds
[2024-11-20T00:36:46.974+0000] {processor.py:186} INFO - Started process (PID=4207) to work on /home/ubuntu/airflow_venv/lib/python3.12/site-packages/airflow/example_dags/example_nested_branch_dag.py
[2024-11-20T00:36:46.976+0000] {processor.py:914} INFO - Processing file /home/ubuntu/airflow_venv/lib/python3.12/site-packages/airflow/example_dags/example_nested_branch_dag.py for tasks to queue
[2024-11-20T00:36:46.978+0000] {logging_mixin.py:190} INFO - [2024-11-20T00:36:46.978+0000] {dagbag.py:588} INFO - Filling up the DagBag from /home/ubuntu/airflow_venv/lib/python3.12/site-packages/airflow/example_dags/example_nested_branch_dag.py
[2024-11-20T00:36:46.991+0000] {processor.py:925} INFO - DAG(s) 'example_nested_branch_dag' retrieved from /home/ubuntu/airflow_venv/lib/python3.12/site-packages/airflow/example_dags/example_nested_branch_dag.py
[2024-11-20T00:36:47.008+0000] {logging_mixin.py:190} INFO - [2024-11-20T00:36:47.007+0000] {dag.py:3239} INFO - Sync 1 DAGs
[2024-11-20T00:36:47.028+0000] {logging_mixin.py:190} INFO - [2024-11-20T00:36:47.028+0000] {dag.py:4180} INFO - Setting next_dagrun for example_nested_branch_dag to 2024-11-19 00:00:00+00:00, run_after=2024-11-20 00:00:00+00:00
[2024-11-20T00:36:47.049+0000] {processor.py:208} INFO - Processing /home/ubuntu/airflow_venv/lib/python3.12/site-packages/airflow/example_dags/example_nested_branch_dag.py took 0.086 seconds
[2024-11-20T00:37:41.695+0000] {processor.py:186} INFO - Started process (PID=4263) to work on /home/ubuntu/airflow_venv/lib/python3.12/site-packages/airflow/example_dags/example_nested_branch_dag.py
[2024-11-20T00:37:41.698+0000] {processor.py:914} INFO - Processing file /home/ubuntu/airflow_venv/lib/python3.12/site-packages/airflow/example_dags/example_nested_branch_dag.py for tasks to queue
[2024-11-20T00:37:41.700+0000] {logging_mixin.py:190} INFO - [2024-11-20T00:37:41.699+0000] {dagbag.py:588} INFO - Filling up the DagBag from /home/ubuntu/airflow_venv/lib/python3.12/site-packages/airflow/example_dags/example_nested_branch_dag.py
[2024-11-20T00:37:41.711+0000] {processor.py:925} INFO - DAG(s) 'example_nested_branch_dag' retrieved from /home/ubuntu/airflow_venv/lib/python3.12/site-packages/airflow/example_dags/example_nested_branch_dag.py
[2024-11-20T00:37:41.726+0000] {logging_mixin.py:190} INFO - [2024-11-20T00:37:41.726+0000] {dag.py:3239} INFO - Sync 1 DAGs
[2024-11-20T00:37:41.747+0000] {logging_mixin.py:190} INFO - [2024-11-20T00:37:41.747+0000] {dag.py:4180} INFO - Setting next_dagrun for example_nested_branch_dag to 2024-11-19 00:00:00+00:00, run_after=2024-11-20 00:00:00+00:00
[2024-11-20T00:37:41.769+0000] {processor.py:208} INFO - Processing /home/ubuntu/airflow_venv/lib/python3.12/site-packages/airflow/example_dags/example_nested_branch_dag.py took 0.079 seconds
[2024-11-20T00:38:38.414+0000] {processor.py:186} INFO - Started process (PID=4348) to work on /home/ubuntu/airflow_venv/lib/python3.12/site-packages/airflow/example_dags/example_nested_branch_dag.py
[2024-11-20T00:38:38.416+0000] {processor.py:914} INFO - Processing file /home/ubuntu/airflow_venv/lib/python3.12/site-packages/airflow/example_dags/example_nested_branch_dag.py for tasks to queue
[2024-11-20T00:38:38.418+0000] {logging_mixin.py:190} INFO - [2024-11-20T00:38:38.417+0000] {dagbag.py:588} INFO - Filling up the DagBag from /home/ubuntu/airflow_venv/lib/python3.12/site-packages/airflow/example_dags/example_nested_branch_dag.py
[2024-11-20T00:38:38.429+0000] {processor.py:925} INFO - DAG(s) 'example_nested_branch_dag' retrieved from /home/ubuntu/airflow_venv/lib/python3.12/site-packages/airflow/example_dags/example_nested_branch_dag.py
[2024-11-20T00:38:38.446+0000] {logging_mixin.py:190} INFO - [2024-11-20T00:38:38.446+0000] {dag.py:3239} INFO - Sync 1 DAGs
[2024-11-20T00:38:38.466+0000] {logging_mixin.py:190} INFO - [2024-11-20T00:38:38.466+0000] {dag.py:4180} INFO - Setting next_dagrun for example_nested_branch_dag to 2024-11-19 00:00:00+00:00, run_after=2024-11-20 00:00:00+00:00
[2024-11-20T00:38:38.489+0000] {processor.py:208} INFO - Processing /home/ubuntu/airflow_venv/lib/python3.12/site-packages/airflow/example_dags/example_nested_branch_dag.py took 0.082 seconds
[2024-11-20T00:39:31.134+0000] {processor.py:186} INFO - Started process (PID=4403) to work on /home/ubuntu/airflow_venv/lib/python3.12/site-packages/airflow/example_dags/example_nested_branch_dag.py
[2024-11-20T00:39:31.136+0000] {processor.py:914} INFO - Processing file /home/ubuntu/airflow_venv/lib/python3.12/site-packages/airflow/example_dags/example_nested_branch_dag.py for tasks to queue
[2024-11-20T00:39:31.138+0000] {logging_mixin.py:190} INFO - [2024-11-20T00:39:31.138+0000] {dagbag.py:588} INFO - Filling up the DagBag from /home/ubuntu/airflow_venv/lib/python3.12/site-packages/airflow/example_dags/example_nested_branch_dag.py
[2024-11-20T00:39:31.149+0000] {processor.py:925} INFO - DAG(s) 'example_nested_branch_dag' retrieved from /home/ubuntu/airflow_venv/lib/python3.12/site-packages/airflow/example_dags/example_nested_branch_dag.py
[2024-11-20T00:39:31.165+0000] {logging_mixin.py:190} INFO - [2024-11-20T00:39:31.165+0000] {dag.py:3239} INFO - Sync 1 DAGs
[2024-11-20T00:39:31.185+0000] {logging_mixin.py:190} INFO - [2024-11-20T00:39:31.185+0000] {dag.py:4180} INFO - Setting next_dagrun for example_nested_branch_dag to 2024-11-19 00:00:00+00:00, run_after=2024-11-20 00:00:00+00:00
[2024-11-20T00:39:31.206+0000] {processor.py:208} INFO - Processing /home/ubuntu/airflow_venv/lib/python3.12/site-packages/airflow/example_dags/example_nested_branch_dag.py took 0.078 seconds
[2024-11-20T00:40:37.393+0000] {processor.py:186} INFO - Started process (PID=4505) to work on /home/ubuntu/airflow_venv/lib/python3.12/site-packages/airflow/example_dags/example_nested_branch_dag.py
[2024-11-20T00:40:37.394+0000] {processor.py:914} INFO - Processing file /home/ubuntu/airflow_venv/lib/python3.12/site-packages/airflow/example_dags/example_nested_branch_dag.py for tasks to queue
[2024-11-20T00:40:37.397+0000] {logging_mixin.py:190} INFO - [2024-11-20T00:40:37.395+0000] {dagbag.py:588} INFO - Filling up the DagBag from /home/ubuntu/airflow_venv/lib/python3.12/site-packages/airflow/example_dags/example_nested_branch_dag.py
[2024-11-20T00:40:37.407+0000] {processor.py:925} INFO - DAG(s) 'example_nested_branch_dag' retrieved from /home/ubuntu/airflow_venv/lib/python3.12/site-packages/airflow/example_dags/example_nested_branch_dag.py
[2024-11-20T00:40:37.424+0000] {logging_mixin.py:190} INFO - [2024-11-20T00:40:37.424+0000] {dag.py:3239} INFO - Sync 1 DAGs
[2024-11-20T00:40:37.444+0000] {logging_mixin.py:190} INFO - [2024-11-20T00:40:37.443+0000] {dag.py:4180} INFO - Setting next_dagrun for example_nested_branch_dag to 2024-11-19 00:00:00+00:00, run_after=2024-11-20 00:00:00+00:00
[2024-11-20T00:40:37.464+0000] {processor.py:208} INFO - Processing /home/ubuntu/airflow_venv/lib/python3.12/site-packages/airflow/example_dags/example_nested_branch_dag.py took 0.079 seconds
[2024-11-20T00:41:30.930+0000] {processor.py:186} INFO - Started process (PID=4561) to work on /home/ubuntu/airflow_venv/lib/python3.12/site-packages/airflow/example_dags/example_nested_branch_dag.py
[2024-11-20T00:41:30.932+0000] {processor.py:914} INFO - Processing file /home/ubuntu/airflow_venv/lib/python3.12/site-packages/airflow/example_dags/example_nested_branch_dag.py for tasks to queue
[2024-11-20T00:41:30.934+0000] {logging_mixin.py:190} INFO - [2024-11-20T00:41:30.933+0000] {dagbag.py:588} INFO - Filling up the DagBag from /home/ubuntu/airflow_venv/lib/python3.12/site-packages/airflow/example_dags/example_nested_branch_dag.py
[2024-11-20T00:41:30.945+0000] {processor.py:925} INFO - DAG(s) 'example_nested_branch_dag' retrieved from /home/ubuntu/airflow_venv/lib/python3.12/site-packages/airflow/example_dags/example_nested_branch_dag.py
[2024-11-20T00:41:30.961+0000] {logging_mixin.py:190} INFO - [2024-11-20T00:41:30.961+0000] {dag.py:3239} INFO - Sync 1 DAGs
[2024-11-20T00:41:30.981+0000] {logging_mixin.py:190} INFO - [2024-11-20T00:41:30.981+0000] {dag.py:4180} INFO - Setting next_dagrun for example_nested_branch_dag to 2024-11-19 00:00:00+00:00, run_after=2024-11-20 00:00:00+00:00
[2024-11-20T00:41:31.004+0000] {processor.py:208} INFO - Processing /home/ubuntu/airflow_venv/lib/python3.12/site-packages/airflow/example_dags/example_nested_branch_dag.py took 0.080 seconds
[2024-11-20T00:42:22.824+0000] {processor.py:186} INFO - Started process (PID=4615) to work on /home/ubuntu/airflow_venv/lib/python3.12/site-packages/airflow/example_dags/example_nested_branch_dag.py
[2024-11-20T00:42:22.826+0000] {processor.py:914} INFO - Processing file /home/ubuntu/airflow_venv/lib/python3.12/site-packages/airflow/example_dags/example_nested_branch_dag.py for tasks to queue
[2024-11-20T00:42:22.828+0000] {logging_mixin.py:190} INFO - [2024-11-20T00:42:22.827+0000] {dagbag.py:588} INFO - Filling up the DagBag from /home/ubuntu/airflow_venv/lib/python3.12/site-packages/airflow/example_dags/example_nested_branch_dag.py
[2024-11-20T00:42:22.839+0000] {processor.py:925} INFO - DAG(s) 'example_nested_branch_dag' retrieved from /home/ubuntu/airflow_venv/lib/python3.12/site-packages/airflow/example_dags/example_nested_branch_dag.py
[2024-11-20T00:42:22.855+0000] {logging_mixin.py:190} INFO - [2024-11-20T00:42:22.855+0000] {dag.py:3239} INFO - Sync 1 DAGs
[2024-11-20T00:42:22.874+0000] {logging_mixin.py:190} INFO - [2024-11-20T00:42:22.874+0000] {dag.py:4180} INFO - Setting next_dagrun for example_nested_branch_dag to 2024-11-19 00:00:00+00:00, run_after=2024-11-20 00:00:00+00:00
[2024-11-20T00:42:22.895+0000] {processor.py:208} INFO - Processing /home/ubuntu/airflow_venv/lib/python3.12/site-packages/airflow/example_dags/example_nested_branch_dag.py took 0.077 seconds
[2024-11-20T00:43:21.904+0000] {processor.py:186} INFO - Started process (PID=4675) to work on /home/ubuntu/airflow_venv/lib/python3.12/site-packages/airflow/example_dags/example_nested_branch_dag.py
[2024-11-20T00:43:21.906+0000] {processor.py:914} INFO - Processing file /home/ubuntu/airflow_venv/lib/python3.12/site-packages/airflow/example_dags/example_nested_branch_dag.py for tasks to queue
[2024-11-20T00:43:21.908+0000] {logging_mixin.py:190} INFO - [2024-11-20T00:43:21.907+0000] {dagbag.py:588} INFO - Filling up the DagBag from /home/ubuntu/airflow_venv/lib/python3.12/site-packages/airflow/example_dags/example_nested_branch_dag.py
[2024-11-20T00:43:21.919+0000] {processor.py:925} INFO - DAG(s) 'example_nested_branch_dag' retrieved from /home/ubuntu/airflow_venv/lib/python3.12/site-packages/airflow/example_dags/example_nested_branch_dag.py
[2024-11-20T00:43:21.935+0000] {logging_mixin.py:190} INFO - [2024-11-20T00:43:21.935+0000] {dag.py:3239} INFO - Sync 1 DAGs
[2024-11-20T00:43:21.956+0000] {logging_mixin.py:190} INFO - [2024-11-20T00:43:21.956+0000] {dag.py:4180} INFO - Setting next_dagrun for example_nested_branch_dag to 2024-11-19 00:00:00+00:00, run_after=2024-11-20 00:00:00+00:00
[2024-11-20T00:43:21.979+0000] {processor.py:208} INFO - Processing /home/ubuntu/airflow_venv/lib/python3.12/site-packages/airflow/example_dags/example_nested_branch_dag.py took 0.081 seconds
[2024-11-20T00:44:15.807+0000] {processor.py:186} INFO - Started process (PID=4732) to work on /home/ubuntu/airflow_venv/lib/python3.12/site-packages/airflow/example_dags/example_nested_branch_dag.py
[2024-11-20T00:44:15.809+0000] {processor.py:914} INFO - Processing file /home/ubuntu/airflow_venv/lib/python3.12/site-packages/airflow/example_dags/example_nested_branch_dag.py for tasks to queue
[2024-11-20T00:44:15.811+0000] {logging_mixin.py:190} INFO - [2024-11-20T00:44:15.810+0000] {dagbag.py:588} INFO - Filling up the DagBag from /home/ubuntu/airflow_venv/lib/python3.12/site-packages/airflow/example_dags/example_nested_branch_dag.py
[2024-11-20T00:44:15.822+0000] {processor.py:925} INFO - DAG(s) 'example_nested_branch_dag' retrieved from /home/ubuntu/airflow_venv/lib/python3.12/site-packages/airflow/example_dags/example_nested_branch_dag.py
[2024-11-20T00:44:15.839+0000] {logging_mixin.py:190} INFO - [2024-11-20T00:44:15.838+0000] {dag.py:3239} INFO - Sync 1 DAGs
[2024-11-20T00:44:15.858+0000] {logging_mixin.py:190} INFO - [2024-11-20T00:44:15.858+0000] {dag.py:4180} INFO - Setting next_dagrun for example_nested_branch_dag to 2024-11-19 00:00:00+00:00, run_after=2024-11-20 00:00:00+00:00
[2024-11-20T00:44:15.881+0000] {processor.py:208} INFO - Processing /home/ubuntu/airflow_venv/lib/python3.12/site-packages/airflow/example_dags/example_nested_branch_dag.py took 0.081 seconds
[2024-11-20T00:45:10.399+0000] {processor.py:186} INFO - Started process (PID=4790) to work on /home/ubuntu/airflow_venv/lib/python3.12/site-packages/airflow/example_dags/example_nested_branch_dag.py
[2024-11-20T00:45:10.400+0000] {processor.py:914} INFO - Processing file /home/ubuntu/airflow_venv/lib/python3.12/site-packages/airflow/example_dags/example_nested_branch_dag.py for tasks to queue
[2024-11-20T00:45:10.402+0000] {logging_mixin.py:190} INFO - [2024-11-20T00:45:10.402+0000] {dagbag.py:588} INFO - Filling up the DagBag from /home/ubuntu/airflow_venv/lib/python3.12/site-packages/airflow/example_dags/example_nested_branch_dag.py
[2024-11-20T00:45:10.413+0000] {processor.py:925} INFO - DAG(s) 'example_nested_branch_dag' retrieved from /home/ubuntu/airflow_venv/lib/python3.12/site-packages/airflow/example_dags/example_nested_branch_dag.py
[2024-11-20T00:45:10.429+0000] {logging_mixin.py:190} INFO - [2024-11-20T00:45:10.429+0000] {dag.py:3239} INFO - Sync 1 DAGs
[2024-11-20T00:45:10.450+0000] {logging_mixin.py:190} INFO - [2024-11-20T00:45:10.450+0000] {dag.py:4180} INFO - Setting next_dagrun for example_nested_branch_dag to 2024-11-19 00:00:00+00:00, run_after=2024-11-20 00:00:00+00:00
[2024-11-20T00:45:10.471+0000] {processor.py:208} INFO - Processing /home/ubuntu/airflow_venv/lib/python3.12/site-packages/airflow/example_dags/example_nested_branch_dag.py took 0.079 seconds
[2024-11-20T00:46:05.016+0000] {processor.py:186} INFO - Started process (PID=4846) to work on /home/ubuntu/airflow_venv/lib/python3.12/site-packages/airflow/example_dags/example_nested_branch_dag.py
[2024-11-20T00:46:05.018+0000] {processor.py:914} INFO - Processing file /home/ubuntu/airflow_venv/lib/python3.12/site-packages/airflow/example_dags/example_nested_branch_dag.py for tasks to queue
[2024-11-20T00:46:05.020+0000] {logging_mixin.py:190} INFO - [2024-11-20T00:46:05.019+0000] {dagbag.py:588} INFO - Filling up the DagBag from /home/ubuntu/airflow_venv/lib/python3.12/site-packages/airflow/example_dags/example_nested_branch_dag.py
[2024-11-20T00:46:05.031+0000] {processor.py:925} INFO - DAG(s) 'example_nested_branch_dag' retrieved from /home/ubuntu/airflow_venv/lib/python3.12/site-packages/airflow/example_dags/example_nested_branch_dag.py
[2024-11-20T00:46:05.048+0000] {logging_mixin.py:190} INFO - [2024-11-20T00:46:05.048+0000] {dag.py:3239} INFO - Sync 1 DAGs
[2024-11-20T00:46:05.069+0000] {logging_mixin.py:190} INFO - [2024-11-20T00:46:05.069+0000] {dag.py:4180} INFO - Setting next_dagrun for example_nested_branch_dag to 2024-11-19 00:00:00+00:00, run_after=2024-11-20 00:00:00+00:00
[2024-11-20T00:46:05.091+0000] {processor.py:208} INFO - Processing /home/ubuntu/airflow_venv/lib/python3.12/site-packages/airflow/example_dags/example_nested_branch_dag.py took 0.081 seconds
[2024-11-20T00:46:58.775+0000] {processor.py:186} INFO - Started process (PID=4902) to work on /home/ubuntu/airflow_venv/lib/python3.12/site-packages/airflow/example_dags/example_nested_branch_dag.py
[2024-11-20T00:46:58.778+0000] {processor.py:914} INFO - Processing file /home/ubuntu/airflow_venv/lib/python3.12/site-packages/airflow/example_dags/example_nested_branch_dag.py for tasks to queue
[2024-11-20T00:46:58.780+0000] {logging_mixin.py:190} INFO - [2024-11-20T00:46:58.779+0000] {dagbag.py:588} INFO - Filling up the DagBag from /home/ubuntu/airflow_venv/lib/python3.12/site-packages/airflow/example_dags/example_nested_branch_dag.py
[2024-11-20T00:46:58.792+0000] {processor.py:925} INFO - DAG(s) 'example_nested_branch_dag' retrieved from /home/ubuntu/airflow_venv/lib/python3.12/site-packages/airflow/example_dags/example_nested_branch_dag.py
[2024-11-20T00:46:58.808+0000] {logging_mixin.py:190} INFO - [2024-11-20T00:46:58.807+0000] {dag.py:3239} INFO - Sync 1 DAGs
[2024-11-20T00:46:58.827+0000] {logging_mixin.py:190} INFO - [2024-11-20T00:46:58.826+0000] {dag.py:4180} INFO - Setting next_dagrun for example_nested_branch_dag to 2024-11-19 00:00:00+00:00, run_after=2024-11-20 00:00:00+00:00
[2024-11-20T00:46:58.848+0000] {processor.py:208} INFO - Processing /home/ubuntu/airflow_venv/lib/python3.12/site-packages/airflow/example_dags/example_nested_branch_dag.py took 0.079 seconds
[2024-11-20T00:47:51.286+0000] {processor.py:186} INFO - Started process (PID=4957) to work on /home/ubuntu/airflow_venv/lib/python3.12/site-packages/airflow/example_dags/example_nested_branch_dag.py
[2024-11-20T00:47:51.288+0000] {processor.py:914} INFO - Processing file /home/ubuntu/airflow_venv/lib/python3.12/site-packages/airflow/example_dags/example_nested_branch_dag.py for tasks to queue
[2024-11-20T00:47:51.290+0000] {logging_mixin.py:190} INFO - [2024-11-20T00:47:51.289+0000] {dagbag.py:588} INFO - Filling up the DagBag from /home/ubuntu/airflow_venv/lib/python3.12/site-packages/airflow/example_dags/example_nested_branch_dag.py
[2024-11-20T00:47:51.301+0000] {processor.py:925} INFO - DAG(s) 'example_nested_branch_dag' retrieved from /home/ubuntu/airflow_venv/lib/python3.12/site-packages/airflow/example_dags/example_nested_branch_dag.py
[2024-11-20T00:47:51.317+0000] {logging_mixin.py:190} INFO - [2024-11-20T00:47:51.317+0000] {dag.py:3239} INFO - Sync 1 DAGs
[2024-11-20T00:47:51.339+0000] {logging_mixin.py:190} INFO - [2024-11-20T00:47:51.338+0000] {dag.py:4180} INFO - Setting next_dagrun for example_nested_branch_dag to 2024-11-19 00:00:00+00:00, run_after=2024-11-20 00:00:00+00:00
[2024-11-20T00:47:51.360+0000] {processor.py:208} INFO - Processing /home/ubuntu/airflow_venv/lib/python3.12/site-packages/airflow/example_dags/example_nested_branch_dag.py took 0.079 seconds
[2024-11-20T00:48:43.875+0000] {processor.py:186} INFO - Started process (PID=5011) to work on /home/ubuntu/airflow_venv/lib/python3.12/site-packages/airflow/example_dags/example_nested_branch_dag.py
[2024-11-20T00:48:43.876+0000] {processor.py:914} INFO - Processing file /home/ubuntu/airflow_venv/lib/python3.12/site-packages/airflow/example_dags/example_nested_branch_dag.py for tasks to queue
[2024-11-20T00:48:43.877+0000] {logging_mixin.py:190} INFO - [2024-11-20T00:48:43.877+0000] {dagbag.py:588} INFO - Filling up the DagBag from /home/ubuntu/airflow_venv/lib/python3.12/site-packages/airflow/example_dags/example_nested_branch_dag.py
[2024-11-20T00:48:43.890+0000] {processor.py:925} INFO - DAG(s) 'example_nested_branch_dag' retrieved from /home/ubuntu/airflow_venv/lib/python3.12/site-packages/airflow/example_dags/example_nested_branch_dag.py
[2024-11-20T00:48:43.906+0000] {logging_mixin.py:190} INFO - [2024-11-20T00:48:43.906+0000] {dag.py:3239} INFO - Sync 1 DAGs
[2024-11-20T00:48:43.926+0000] {logging_mixin.py:190} INFO - [2024-11-20T00:48:43.926+0000] {dag.py:4180} INFO - Setting next_dagrun for example_nested_branch_dag to 2024-11-19 00:00:00+00:00, run_after=2024-11-20 00:00:00+00:00
[2024-11-20T00:48:43.947+0000] {processor.py:208} INFO - Processing /home/ubuntu/airflow_venv/lib/python3.12/site-packages/airflow/example_dags/example_nested_branch_dag.py took 0.080 seconds
[2024-11-20T00:49:38.798+0000] {processor.py:186} INFO - Started process (PID=5069) to work on /home/ubuntu/airflow_venv/lib/python3.12/site-packages/airflow/example_dags/example_nested_branch_dag.py
[2024-11-20T00:49:38.800+0000] {processor.py:914} INFO - Processing file /home/ubuntu/airflow_venv/lib/python3.12/site-packages/airflow/example_dags/example_nested_branch_dag.py for tasks to queue
[2024-11-20T00:49:38.803+0000] {logging_mixin.py:190} INFO - [2024-11-20T00:49:38.802+0000] {dagbag.py:588} INFO - Filling up the DagBag from /home/ubuntu/airflow_venv/lib/python3.12/site-packages/airflow/example_dags/example_nested_branch_dag.py
[2024-11-20T00:49:38.816+0000] {processor.py:925} INFO - DAG(s) 'example_nested_branch_dag' retrieved from /home/ubuntu/airflow_venv/lib/python3.12/site-packages/airflow/example_dags/example_nested_branch_dag.py
[2024-11-20T00:49:38.831+0000] {logging_mixin.py:190} INFO - [2024-11-20T00:49:38.830+0000] {dag.py:3239} INFO - Sync 1 DAGs
[2024-11-20T00:49:38.851+0000] {logging_mixin.py:190} INFO - [2024-11-20T00:49:38.851+0000] {dag.py:4180} INFO - Setting next_dagrun for example_nested_branch_dag to 2024-11-19 00:00:00+00:00, run_after=2024-11-20 00:00:00+00:00
[2024-11-20T00:49:38.872+0000] {processor.py:208} INFO - Processing /home/ubuntu/airflow_venv/lib/python3.12/site-packages/airflow/example_dags/example_nested_branch_dag.py took 0.081 seconds
[2024-11-20T00:50:31.890+0000] {processor.py:186} INFO - Started process (PID=5128) to work on /home/ubuntu/airflow_venv/lib/python3.12/site-packages/airflow/example_dags/example_nested_branch_dag.py
[2024-11-20T00:50:31.893+0000] {processor.py:914} INFO - Processing file /home/ubuntu/airflow_venv/lib/python3.12/site-packages/airflow/example_dags/example_nested_branch_dag.py for tasks to queue
[2024-11-20T00:50:31.895+0000] {logging_mixin.py:190} INFO - [2024-11-20T00:50:31.895+0000] {dagbag.py:588} INFO - Filling up the DagBag from /home/ubuntu/airflow_venv/lib/python3.12/site-packages/airflow/example_dags/example_nested_branch_dag.py
[2024-11-20T00:50:31.913+0000] {processor.py:925} INFO - DAG(s) 'example_nested_branch_dag' retrieved from /home/ubuntu/airflow_venv/lib/python3.12/site-packages/airflow/example_dags/example_nested_branch_dag.py
[2024-11-20T00:50:31.929+0000] {logging_mixin.py:190} INFO - [2024-11-20T00:50:31.929+0000] {dag.py:3239} INFO - Sync 1 DAGs
[2024-11-20T00:50:31.949+0000] {logging_mixin.py:190} INFO - [2024-11-20T00:50:31.949+0000] {dag.py:4180} INFO - Setting next_dagrun for example_nested_branch_dag to 2024-11-19 00:00:00+00:00, run_after=2024-11-20 00:00:00+00:00
[2024-11-20T00:50:31.971+0000] {processor.py:208} INFO - Processing /home/ubuntu/airflow_venv/lib/python3.12/site-packages/airflow/example_dags/example_nested_branch_dag.py took 0.089 seconds
[2024-11-20T00:51:27.880+0000] {processor.py:186} INFO - Started process (PID=5183) to work on /home/ubuntu/airflow_venv/lib/python3.12/site-packages/airflow/example_dags/example_nested_branch_dag.py
[2024-11-20T00:51:27.881+0000] {processor.py:914} INFO - Processing file /home/ubuntu/airflow_venv/lib/python3.12/site-packages/airflow/example_dags/example_nested_branch_dag.py for tasks to queue
[2024-11-20T00:51:27.882+0000] {logging_mixin.py:190} INFO - [2024-11-20T00:51:27.882+0000] {dagbag.py:588} INFO - Filling up the DagBag from /home/ubuntu/airflow_venv/lib/python3.12/site-packages/airflow/example_dags/example_nested_branch_dag.py
[2024-11-20T00:51:27.894+0000] {processor.py:925} INFO - DAG(s) 'example_nested_branch_dag' retrieved from /home/ubuntu/airflow_venv/lib/python3.12/site-packages/airflow/example_dags/example_nested_branch_dag.py
[2024-11-20T00:51:27.911+0000] {logging_mixin.py:190} INFO - [2024-11-20T00:51:27.910+0000] {dag.py:3239} INFO - Sync 1 DAGs
[2024-11-20T00:51:27.930+0000] {logging_mixin.py:190} INFO - [2024-11-20T00:51:27.930+0000] {dag.py:4180} INFO - Setting next_dagrun for example_nested_branch_dag to 2024-11-19 00:00:00+00:00, run_after=2024-11-20 00:00:00+00:00
[2024-11-20T00:51:27.952+0000] {processor.py:208} INFO - Processing /home/ubuntu/airflow_venv/lib/python3.12/site-packages/airflow/example_dags/example_nested_branch_dag.py took 0.080 seconds
[2024-11-20T00:52:25.517+0000] {processor.py:186} INFO - Started process (PID=5244) to work on /home/ubuntu/airflow_venv/lib/python3.12/site-packages/airflow/example_dags/example_nested_branch_dag.py
[2024-11-20T00:52:25.519+0000] {processor.py:914} INFO - Processing file /home/ubuntu/airflow_venv/lib/python3.12/site-packages/airflow/example_dags/example_nested_branch_dag.py for tasks to queue
[2024-11-20T00:52:25.521+0000] {logging_mixin.py:190} INFO - [2024-11-20T00:52:25.521+0000] {dagbag.py:588} INFO - Filling up the DagBag from /home/ubuntu/airflow_venv/lib/python3.12/site-packages/airflow/example_dags/example_nested_branch_dag.py
[2024-11-20T00:52:25.543+0000] {processor.py:925} INFO - DAG(s) 'example_nested_branch_dag' retrieved from /home/ubuntu/airflow_venv/lib/python3.12/site-packages/airflow/example_dags/example_nested_branch_dag.py
[2024-11-20T00:52:25.568+0000] {logging_mixin.py:190} INFO - [2024-11-20T00:52:25.567+0000] {dag.py:3239} INFO - Sync 1 DAGs
[2024-11-20T00:52:25.587+0000] {logging_mixin.py:190} INFO - [2024-11-20T00:52:25.587+0000] {dag.py:4180} INFO - Setting next_dagrun for example_nested_branch_dag to 2024-11-19 00:00:00+00:00, run_after=2024-11-20 00:00:00+00:00
[2024-11-20T00:52:25.610+0000] {processor.py:208} INFO - Processing /home/ubuntu/airflow_venv/lib/python3.12/site-packages/airflow/example_dags/example_nested_branch_dag.py took 0.099 seconds
[2024-11-20T00:53:22.634+0000] {processor.py:186} INFO - Started process (PID=5301) to work on /home/ubuntu/airflow_venv/lib/python3.12/site-packages/airflow/example_dags/example_nested_branch_dag.py
[2024-11-20T00:53:22.637+0000] {processor.py:914} INFO - Processing file /home/ubuntu/airflow_venv/lib/python3.12/site-packages/airflow/example_dags/example_nested_branch_dag.py for tasks to queue
[2024-11-20T00:53:22.639+0000] {logging_mixin.py:190} INFO - [2024-11-20T00:53:22.638+0000] {dagbag.py:588} INFO - Filling up the DagBag from /home/ubuntu/airflow_venv/lib/python3.12/site-packages/airflow/example_dags/example_nested_branch_dag.py
[2024-11-20T00:53:22.650+0000] {processor.py:925} INFO - DAG(s) 'example_nested_branch_dag' retrieved from /home/ubuntu/airflow_venv/lib/python3.12/site-packages/airflow/example_dags/example_nested_branch_dag.py
[2024-11-20T00:53:22.665+0000] {logging_mixin.py:190} INFO - [2024-11-20T00:53:22.665+0000] {dag.py:3239} INFO - Sync 1 DAGs
[2024-11-20T00:53:22.684+0000] {logging_mixin.py:190} INFO - [2024-11-20T00:53:22.684+0000] {dag.py:4180} INFO - Setting next_dagrun for example_nested_branch_dag to 2024-11-19 00:00:00+00:00, run_after=2024-11-20 00:00:00+00:00
[2024-11-20T00:53:22.706+0000] {processor.py:208} INFO - Processing /home/ubuntu/airflow_venv/lib/python3.12/site-packages/airflow/example_dags/example_nested_branch_dag.py took 0.078 seconds
[2024-11-20T00:54:18.273+0000] {processor.py:186} INFO - Started process (PID=5371) to work on /home/ubuntu/airflow_venv/lib/python3.12/site-packages/airflow/example_dags/example_nested_branch_dag.py
[2024-11-20T00:54:18.275+0000] {processor.py:914} INFO - Processing file /home/ubuntu/airflow_venv/lib/python3.12/site-packages/airflow/example_dags/example_nested_branch_dag.py for tasks to queue
[2024-11-20T00:54:18.276+0000] {logging_mixin.py:190} INFO - [2024-11-20T00:54:18.276+0000] {dagbag.py:588} INFO - Filling up the DagBag from /home/ubuntu/airflow_venv/lib/python3.12/site-packages/airflow/example_dags/example_nested_branch_dag.py
[2024-11-20T00:54:18.288+0000] {processor.py:925} INFO - DAG(s) 'example_nested_branch_dag' retrieved from /home/ubuntu/airflow_venv/lib/python3.12/site-packages/airflow/example_dags/example_nested_branch_dag.py
[2024-11-20T00:54:18.307+0000] {logging_mixin.py:190} INFO - [2024-11-20T00:54:18.307+0000] {dag.py:3239} INFO - Sync 1 DAGs
[2024-11-20T00:54:18.326+0000] {logging_mixin.py:190} INFO - [2024-11-20T00:54:18.326+0000] {dag.py:4180} INFO - Setting next_dagrun for example_nested_branch_dag to 2024-11-19 00:00:00+00:00, run_after=2024-11-20 00:00:00+00:00
[2024-11-20T00:54:18.346+0000] {processor.py:208} INFO - Processing /home/ubuntu/airflow_venv/lib/python3.12/site-packages/airflow/example_dags/example_nested_branch_dag.py took 0.079 seconds
[2024-11-20T00:55:09.702+0000] {processor.py:186} INFO - Started process (PID=5428) to work on /home/ubuntu/airflow_venv/lib/python3.12/site-packages/airflow/example_dags/example_nested_branch_dag.py
[2024-11-20T00:55:09.704+0000] {processor.py:914} INFO - Processing file /home/ubuntu/airflow_venv/lib/python3.12/site-packages/airflow/example_dags/example_nested_branch_dag.py for tasks to queue
[2024-11-20T00:55:09.705+0000] {logging_mixin.py:190} INFO - [2024-11-20T00:55:09.705+0000] {dagbag.py:588} INFO - Filling up the DagBag from /home/ubuntu/airflow_venv/lib/python3.12/site-packages/airflow/example_dags/example_nested_branch_dag.py
[2024-11-20T00:55:09.717+0000] {processor.py:925} INFO - DAG(s) 'example_nested_branch_dag' retrieved from /home/ubuntu/airflow_venv/lib/python3.12/site-packages/airflow/example_dags/example_nested_branch_dag.py
[2024-11-20T00:55:09.735+0000] {logging_mixin.py:190} INFO - [2024-11-20T00:55:09.734+0000] {dag.py:3239} INFO - Sync 1 DAGs
[2024-11-20T00:55:09.755+0000] {logging_mixin.py:190} INFO - [2024-11-20T00:55:09.755+0000] {dag.py:4180} INFO - Setting next_dagrun for example_nested_branch_dag to 2024-11-19 00:00:00+00:00, run_after=2024-11-20 00:00:00+00:00
[2024-11-20T00:55:09.778+0000] {processor.py:208} INFO - Processing /home/ubuntu/airflow_venv/lib/python3.12/site-packages/airflow/example_dags/example_nested_branch_dag.py took 0.083 seconds
[2024-11-20T00:56:00.994+0000] {processor.py:186} INFO - Started process (PID=5484) to work on /home/ubuntu/airflow_venv/lib/python3.12/site-packages/airflow/example_dags/example_nested_branch_dag.py
[2024-11-20T00:56:00.996+0000] {processor.py:914} INFO - Processing file /home/ubuntu/airflow_venv/lib/python3.12/site-packages/airflow/example_dags/example_nested_branch_dag.py for tasks to queue
[2024-11-20T00:56:00.998+0000] {logging_mixin.py:190} INFO - [2024-11-20T00:56:00.998+0000] {dagbag.py:588} INFO - Filling up the DagBag from /home/ubuntu/airflow_venv/lib/python3.12/site-packages/airflow/example_dags/example_nested_branch_dag.py
[2024-11-20T00:56:01.010+0000] {processor.py:925} INFO - DAG(s) 'example_nested_branch_dag' retrieved from /home/ubuntu/airflow_venv/lib/python3.12/site-packages/airflow/example_dags/example_nested_branch_dag.py
[2024-11-20T00:56:01.026+0000] {logging_mixin.py:190} INFO - [2024-11-20T00:56:01.026+0000] {dag.py:3239} INFO - Sync 1 DAGs
[2024-11-20T00:56:01.045+0000] {logging_mixin.py:190} INFO - [2024-11-20T00:56:01.045+0000] {dag.py:4180} INFO - Setting next_dagrun for example_nested_branch_dag to 2024-11-19 00:00:00+00:00, run_after=2024-11-20 00:00:00+00:00
[2024-11-20T00:56:01.070+0000] {processor.py:208} INFO - Processing /home/ubuntu/airflow_venv/lib/python3.12/site-packages/airflow/example_dags/example_nested_branch_dag.py took 0.083 seconds
[2024-11-20T00:56:57.018+0000] {processor.py:186} INFO - Started process (PID=5541) to work on /home/ubuntu/airflow_venv/lib/python3.12/site-packages/airflow/example_dags/example_nested_branch_dag.py
[2024-11-20T00:56:57.020+0000] {processor.py:914} INFO - Processing file /home/ubuntu/airflow_venv/lib/python3.12/site-packages/airflow/example_dags/example_nested_branch_dag.py for tasks to queue
[2024-11-20T00:56:57.022+0000] {logging_mixin.py:190} INFO - [2024-11-20T00:56:57.021+0000] {dagbag.py:588} INFO - Filling up the DagBag from /home/ubuntu/airflow_venv/lib/python3.12/site-packages/airflow/example_dags/example_nested_branch_dag.py
[2024-11-20T00:56:57.034+0000] {processor.py:925} INFO - DAG(s) 'example_nested_branch_dag' retrieved from /home/ubuntu/airflow_venv/lib/python3.12/site-packages/airflow/example_dags/example_nested_branch_dag.py
[2024-11-20T00:56:57.051+0000] {logging_mixin.py:190} INFO - [2024-11-20T00:56:57.051+0000] {dag.py:3239} INFO - Sync 1 DAGs
[2024-11-20T00:56:57.071+0000] {logging_mixin.py:190} INFO - [2024-11-20T00:56:57.071+0000] {dag.py:4180} INFO - Setting next_dagrun for example_nested_branch_dag to 2024-11-19 00:00:00+00:00, run_after=2024-11-20 00:00:00+00:00
[2024-11-20T00:56:57.096+0000] {processor.py:208} INFO - Processing /home/ubuntu/airflow_venv/lib/python3.12/site-packages/airflow/example_dags/example_nested_branch_dag.py took 0.084 seconds
[2024-11-20T00:57:49.546+0000] {processor.py:186} INFO - Started process (PID=5596) to work on /home/ubuntu/airflow_venv/lib/python3.12/site-packages/airflow/example_dags/example_nested_branch_dag.py
[2024-11-20T00:57:49.547+0000] {processor.py:914} INFO - Processing file /home/ubuntu/airflow_venv/lib/python3.12/site-packages/airflow/example_dags/example_nested_branch_dag.py for tasks to queue
[2024-11-20T00:57:49.549+0000] {logging_mixin.py:190} INFO - [2024-11-20T00:57:49.548+0000] {dagbag.py:588} INFO - Filling up the DagBag from /home/ubuntu/airflow_venv/lib/python3.12/site-packages/airflow/example_dags/example_nested_branch_dag.py
[2024-11-20T00:57:49.560+0000] {processor.py:925} INFO - DAG(s) 'example_nested_branch_dag' retrieved from /home/ubuntu/airflow_venv/lib/python3.12/site-packages/airflow/example_dags/example_nested_branch_dag.py
[2024-11-20T00:57:49.575+0000] {logging_mixin.py:190} INFO - [2024-11-20T00:57:49.575+0000] {dag.py:3239} INFO - Sync 1 DAGs
[2024-11-20T00:57:49.595+0000] {logging_mixin.py:190} INFO - [2024-11-20T00:57:49.595+0000] {dag.py:4180} INFO - Setting next_dagrun for example_nested_branch_dag to 2024-11-19 00:00:00+00:00, run_after=2024-11-20 00:00:00+00:00
[2024-11-20T00:57:49.617+0000] {processor.py:208} INFO - Processing /home/ubuntu/airflow_venv/lib/python3.12/site-packages/airflow/example_dags/example_nested_branch_dag.py took 0.078 seconds
[2024-11-20T00:58:41.176+0000] {processor.py:186} INFO - Started process (PID=5651) to work on /home/ubuntu/airflow_venv/lib/python3.12/site-packages/airflow/example_dags/example_nested_branch_dag.py
[2024-11-20T00:58:41.178+0000] {processor.py:914} INFO - Processing file /home/ubuntu/airflow_venv/lib/python3.12/site-packages/airflow/example_dags/example_nested_branch_dag.py for tasks to queue
[2024-11-20T00:58:41.180+0000] {logging_mixin.py:190} INFO - [2024-11-20T00:58:41.179+0000] {dagbag.py:588} INFO - Filling up the DagBag from /home/ubuntu/airflow_venv/lib/python3.12/site-packages/airflow/example_dags/example_nested_branch_dag.py
[2024-11-20T00:58:41.191+0000] {processor.py:925} INFO - DAG(s) 'example_nested_branch_dag' retrieved from /home/ubuntu/airflow_venv/lib/python3.12/site-packages/airflow/example_dags/example_nested_branch_dag.py
[2024-11-20T00:58:41.208+0000] {logging_mixin.py:190} INFO - [2024-11-20T00:58:41.208+0000] {dag.py:3239} INFO - Sync 1 DAGs
[2024-11-20T00:58:41.227+0000] {logging_mixin.py:190} INFO - [2024-11-20T00:58:41.227+0000] {dag.py:4180} INFO - Setting next_dagrun for example_nested_branch_dag to 2024-11-19 00:00:00+00:00, run_after=2024-11-20 00:00:00+00:00
[2024-11-20T00:58:41.251+0000] {processor.py:208} INFO - Processing /home/ubuntu/airflow_venv/lib/python3.12/site-packages/airflow/example_dags/example_nested_branch_dag.py took 0.085 seconds
[2024-11-20T00:59:33.240+0000] {processor.py:186} INFO - Started process (PID=5709) to work on /home/ubuntu/airflow_venv/lib/python3.12/site-packages/airflow/example_dags/example_nested_branch_dag.py
[2024-11-20T00:59:33.241+0000] {processor.py:914} INFO - Processing file /home/ubuntu/airflow_venv/lib/python3.12/site-packages/airflow/example_dags/example_nested_branch_dag.py for tasks to queue
[2024-11-20T00:59:33.243+0000] {logging_mixin.py:190} INFO - [2024-11-20T00:59:33.243+0000] {dagbag.py:588} INFO - Filling up the DagBag from /home/ubuntu/airflow_venv/lib/python3.12/site-packages/airflow/example_dags/example_nested_branch_dag.py
[2024-11-20T00:59:33.255+0000] {processor.py:925} INFO - DAG(s) 'example_nested_branch_dag' retrieved from /home/ubuntu/airflow_venv/lib/python3.12/site-packages/airflow/example_dags/example_nested_branch_dag.py
[2024-11-20T00:59:33.271+0000] {logging_mixin.py:190} INFO - [2024-11-20T00:59:33.271+0000] {dag.py:3239} INFO - Sync 1 DAGs
[2024-11-20T00:59:33.290+0000] {logging_mixin.py:190} INFO - [2024-11-20T00:59:33.290+0000] {dag.py:4180} INFO - Setting next_dagrun for example_nested_branch_dag to 2024-11-19 00:00:00+00:00, run_after=2024-11-20 00:00:00+00:00
[2024-11-20T00:59:33.314+0000] {processor.py:208} INFO - Processing /home/ubuntu/airflow_venv/lib/python3.12/site-packages/airflow/example_dags/example_nested_branch_dag.py took 0.081 seconds
[2024-11-20T01:00:27.771+0000] {processor.py:186} INFO - Started process (PID=5768) to work on /home/ubuntu/airflow_venv/lib/python3.12/site-packages/airflow/example_dags/example_nested_branch_dag.py
[2024-11-20T01:00:27.773+0000] {processor.py:914} INFO - Processing file /home/ubuntu/airflow_venv/lib/python3.12/site-packages/airflow/example_dags/example_nested_branch_dag.py for tasks to queue
[2024-11-20T01:00:27.774+0000] {logging_mixin.py:190} INFO - [2024-11-20T01:00:27.774+0000] {dagbag.py:588} INFO - Filling up the DagBag from /home/ubuntu/airflow_venv/lib/python3.12/site-packages/airflow/example_dags/example_nested_branch_dag.py
[2024-11-20T01:00:27.786+0000] {processor.py:925} INFO - DAG(s) 'example_nested_branch_dag' retrieved from /home/ubuntu/airflow_venv/lib/python3.12/site-packages/airflow/example_dags/example_nested_branch_dag.py
[2024-11-20T01:00:27.803+0000] {logging_mixin.py:190} INFO - [2024-11-20T01:00:27.802+0000] {dag.py:3239} INFO - Sync 1 DAGs
[2024-11-20T01:00:27.822+0000] {logging_mixin.py:190} INFO - [2024-11-20T01:00:27.822+0000] {dag.py:4180} INFO - Setting next_dagrun for example_nested_branch_dag to 2024-11-19 00:00:00+00:00, run_after=2024-11-20 00:00:00+00:00
[2024-11-20T01:00:27.844+0000] {processor.py:208} INFO - Processing /home/ubuntu/airflow_venv/lib/python3.12/site-packages/airflow/example_dags/example_nested_branch_dag.py took 0.079 seconds
[2024-11-20T01:01:22.757+0000] {processor.py:186} INFO - Started process (PID=5825) to work on /home/ubuntu/airflow_venv/lib/python3.12/site-packages/airflow/example_dags/example_nested_branch_dag.py
[2024-11-20T01:01:22.759+0000] {processor.py:914} INFO - Processing file /home/ubuntu/airflow_venv/lib/python3.12/site-packages/airflow/example_dags/example_nested_branch_dag.py for tasks to queue
[2024-11-20T01:01:22.760+0000] {logging_mixin.py:190} INFO - [2024-11-20T01:01:22.760+0000] {dagbag.py:588} INFO - Filling up the DagBag from /home/ubuntu/airflow_venv/lib/python3.12/site-packages/airflow/example_dags/example_nested_branch_dag.py
[2024-11-20T01:01:22.772+0000] {processor.py:925} INFO - DAG(s) 'example_nested_branch_dag' retrieved from /home/ubuntu/airflow_venv/lib/python3.12/site-packages/airflow/example_dags/example_nested_branch_dag.py
[2024-11-20T01:01:22.788+0000] {logging_mixin.py:190} INFO - [2024-11-20T01:01:22.788+0000] {dag.py:3239} INFO - Sync 1 DAGs
[2024-11-20T01:01:22.808+0000] {logging_mixin.py:190} INFO - [2024-11-20T01:01:22.808+0000] {dag.py:4180} INFO - Setting next_dagrun for example_nested_branch_dag to 2024-11-19 00:00:00+00:00, run_after=2024-11-20 00:00:00+00:00
[2024-11-20T01:01:22.829+0000] {processor.py:208} INFO - Processing /home/ubuntu/airflow_venv/lib/python3.12/site-packages/airflow/example_dags/example_nested_branch_dag.py took 0.078 seconds
[2024-11-20T01:02:38.408+0000] {processor.py:186} INFO - Started process (PID=5907) to work on /home/ubuntu/airflow_venv/lib/python3.12/site-packages/airflow/example_dags/example_nested_branch_dag.py
[2024-11-20T01:02:38.409+0000] {processor.py:914} INFO - Processing file /home/ubuntu/airflow_venv/lib/python3.12/site-packages/airflow/example_dags/example_nested_branch_dag.py for tasks to queue
[2024-11-20T01:02:38.411+0000] {logging_mixin.py:190} INFO - [2024-11-20T01:02:38.410+0000] {dagbag.py:588} INFO - Filling up the DagBag from /home/ubuntu/airflow_venv/lib/python3.12/site-packages/airflow/example_dags/example_nested_branch_dag.py
[2024-11-20T01:02:38.422+0000] {processor.py:925} INFO - DAG(s) 'example_nested_branch_dag' retrieved from /home/ubuntu/airflow_venv/lib/python3.12/site-packages/airflow/example_dags/example_nested_branch_dag.py
[2024-11-20T01:02:38.438+0000] {logging_mixin.py:190} INFO - [2024-11-20T01:02:38.438+0000] {dag.py:3239} INFO - Sync 1 DAGs
[2024-11-20T01:02:38.460+0000] {logging_mixin.py:190} INFO - [2024-11-20T01:02:38.459+0000] {dag.py:4180} INFO - Setting next_dagrun for example_nested_branch_dag to 2024-11-19 00:00:00+00:00, run_after=2024-11-20 00:00:00+00:00
[2024-11-20T01:02:38.482+0000] {processor.py:208} INFO - Processing /home/ubuntu/airflow_venv/lib/python3.12/site-packages/airflow/example_dags/example_nested_branch_dag.py took 0.081 seconds
[2024-11-20T01:03:34.212+0000] {processor.py:186} INFO - Started process (PID=5963) to work on /home/ubuntu/airflow_venv/lib/python3.12/site-packages/airflow/example_dags/example_nested_branch_dag.py
[2024-11-20T01:03:34.214+0000] {processor.py:914} INFO - Processing file /home/ubuntu/airflow_venv/lib/python3.12/site-packages/airflow/example_dags/example_nested_branch_dag.py for tasks to queue
[2024-11-20T01:03:34.217+0000] {logging_mixin.py:190} INFO - [2024-11-20T01:03:34.216+0000] {dagbag.py:588} INFO - Filling up the DagBag from /home/ubuntu/airflow_venv/lib/python3.12/site-packages/airflow/example_dags/example_nested_branch_dag.py
[2024-11-20T01:03:34.228+0000] {processor.py:925} INFO - DAG(s) 'example_nested_branch_dag' retrieved from /home/ubuntu/airflow_venv/lib/python3.12/site-packages/airflow/example_dags/example_nested_branch_dag.py
[2024-11-20T01:03:34.244+0000] {logging_mixin.py:190} INFO - [2024-11-20T01:03:34.244+0000] {dag.py:3239} INFO - Sync 1 DAGs
[2024-11-20T01:03:34.265+0000] {logging_mixin.py:190} INFO - [2024-11-20T01:03:34.264+0000] {dag.py:4180} INFO - Setting next_dagrun for example_nested_branch_dag to 2024-11-19 00:00:00+00:00, run_after=2024-11-20 00:00:00+00:00
[2024-11-20T01:03:34.286+0000] {processor.py:208} INFO - Processing /home/ubuntu/airflow_venv/lib/python3.12/site-packages/airflow/example_dags/example_nested_branch_dag.py took 0.081 seconds
[2024-11-20T01:04:30.648+0000] {processor.py:186} INFO - Started process (PID=6022) to work on /home/ubuntu/airflow_venv/lib/python3.12/site-packages/airflow/example_dags/example_nested_branch_dag.py
[2024-11-20T01:04:30.650+0000] {processor.py:914} INFO - Processing file /home/ubuntu/airflow_venv/lib/python3.12/site-packages/airflow/example_dags/example_nested_branch_dag.py for tasks to queue
[2024-11-20T01:04:30.651+0000] {logging_mixin.py:190} INFO - [2024-11-20T01:04:30.651+0000] {dagbag.py:588} INFO - Filling up the DagBag from /home/ubuntu/airflow_venv/lib/python3.12/site-packages/airflow/example_dags/example_nested_branch_dag.py
[2024-11-20T01:04:30.662+0000] {processor.py:925} INFO - DAG(s) 'example_nested_branch_dag' retrieved from /home/ubuntu/airflow_venv/lib/python3.12/site-packages/airflow/example_dags/example_nested_branch_dag.py
[2024-11-20T01:04:30.678+0000] {logging_mixin.py:190} INFO - [2024-11-20T01:04:30.678+0000] {dag.py:3239} INFO - Sync 1 DAGs
[2024-11-20T01:04:30.697+0000] {logging_mixin.py:190} INFO - [2024-11-20T01:04:30.697+0000] {dag.py:4180} INFO - Setting next_dagrun for example_nested_branch_dag to 2024-11-19 00:00:00+00:00, run_after=2024-11-20 00:00:00+00:00
[2024-11-20T01:04:30.720+0000] {processor.py:208} INFO - Processing /home/ubuntu/airflow_venv/lib/python3.12/site-packages/airflow/example_dags/example_nested_branch_dag.py took 0.079 seconds
[2024-11-20T01:05:25.080+0000] {processor.py:186} INFO - Started process (PID=6082) to work on /home/ubuntu/airflow_venv/lib/python3.12/site-packages/airflow/example_dags/example_nested_branch_dag.py
[2024-11-20T01:05:25.081+0000] {processor.py:914} INFO - Processing file /home/ubuntu/airflow_venv/lib/python3.12/site-packages/airflow/example_dags/example_nested_branch_dag.py for tasks to queue
[2024-11-20T01:05:25.082+0000] {logging_mixin.py:190} INFO - [2024-11-20T01:05:25.082+0000] {dagbag.py:588} INFO - Filling up the DagBag from /home/ubuntu/airflow_venv/lib/python3.12/site-packages/airflow/example_dags/example_nested_branch_dag.py
[2024-11-20T01:05:25.095+0000] {processor.py:925} INFO - DAG(s) 'example_nested_branch_dag' retrieved from /home/ubuntu/airflow_venv/lib/python3.12/site-packages/airflow/example_dags/example_nested_branch_dag.py
[2024-11-20T01:05:25.111+0000] {logging_mixin.py:190} INFO - [2024-11-20T01:05:25.111+0000] {dag.py:3239} INFO - Sync 1 DAGs
[2024-11-20T01:05:25.130+0000] {logging_mixin.py:190} INFO - [2024-11-20T01:05:25.130+0000] {dag.py:4180} INFO - Setting next_dagrun for example_nested_branch_dag to 2024-11-19 00:00:00+00:00, run_after=2024-11-20 00:00:00+00:00
[2024-11-20T01:05:25.152+0000] {processor.py:208} INFO - Processing /home/ubuntu/airflow_venv/lib/python3.12/site-packages/airflow/example_dags/example_nested_branch_dag.py took 0.078 seconds
[2024-11-20T01:06:18.971+0000] {processor.py:186} INFO - Started process (PID=6137) to work on /home/ubuntu/airflow_venv/lib/python3.12/site-packages/airflow/example_dags/example_nested_branch_dag.py
[2024-11-20T01:06:18.972+0000] {processor.py:914} INFO - Processing file /home/ubuntu/airflow_venv/lib/python3.12/site-packages/airflow/example_dags/example_nested_branch_dag.py for tasks to queue
[2024-11-20T01:06:18.974+0000] {logging_mixin.py:190} INFO - [2024-11-20T01:06:18.974+0000] {dagbag.py:588} INFO - Filling up the DagBag from /home/ubuntu/airflow_venv/lib/python3.12/site-packages/airflow/example_dags/example_nested_branch_dag.py
[2024-11-20T01:06:18.986+0000] {processor.py:925} INFO - DAG(s) 'example_nested_branch_dag' retrieved from /home/ubuntu/airflow_venv/lib/python3.12/site-packages/airflow/example_dags/example_nested_branch_dag.py
[2024-11-20T01:06:19.003+0000] {logging_mixin.py:190} INFO - [2024-11-20T01:06:19.002+0000] {dag.py:3239} INFO - Sync 1 DAGs
[2024-11-20T01:06:19.023+0000] {logging_mixin.py:190} INFO - [2024-11-20T01:06:19.022+0000] {dag.py:4180} INFO - Setting next_dagrun for example_nested_branch_dag to 2024-11-19 00:00:00+00:00, run_after=2024-11-20 00:00:00+00:00
[2024-11-20T01:06:19.045+0000] {processor.py:208} INFO - Processing /home/ubuntu/airflow_venv/lib/python3.12/site-packages/airflow/example_dags/example_nested_branch_dag.py took 0.080 seconds
[2024-11-20T01:07:11.588+0000] {processor.py:186} INFO - Started process (PID=6192) to work on /home/ubuntu/airflow_venv/lib/python3.12/site-packages/airflow/example_dags/example_nested_branch_dag.py
[2024-11-20T01:07:11.590+0000] {processor.py:914} INFO - Processing file /home/ubuntu/airflow_venv/lib/python3.12/site-packages/airflow/example_dags/example_nested_branch_dag.py for tasks to queue
[2024-11-20T01:07:11.592+0000] {logging_mixin.py:190} INFO - [2024-11-20T01:07:11.591+0000] {dagbag.py:588} INFO - Filling up the DagBag from /home/ubuntu/airflow_venv/lib/python3.12/site-packages/airflow/example_dags/example_nested_branch_dag.py
[2024-11-20T01:07:11.603+0000] {processor.py:925} INFO - DAG(s) 'example_nested_branch_dag' retrieved from /home/ubuntu/airflow_venv/lib/python3.12/site-packages/airflow/example_dags/example_nested_branch_dag.py
[2024-11-20T01:07:11.619+0000] {logging_mixin.py:190} INFO - [2024-11-20T01:07:11.618+0000] {dag.py:3239} INFO - Sync 1 DAGs
[2024-11-20T01:07:11.639+0000] {logging_mixin.py:190} INFO - [2024-11-20T01:07:11.639+0000] {dag.py:4180} INFO - Setting next_dagrun for example_nested_branch_dag to 2024-11-19 00:00:00+00:00, run_after=2024-11-20 00:00:00+00:00
[2024-11-20T01:07:11.660+0000] {processor.py:208} INFO - Processing /home/ubuntu/airflow_venv/lib/python3.12/site-packages/airflow/example_dags/example_nested_branch_dag.py took 0.079 seconds
[2024-11-20T01:08:04.658+0000] {processor.py:186} INFO - Started process (PID=6247) to work on /home/ubuntu/airflow_venv/lib/python3.12/site-packages/airflow/example_dags/example_nested_branch_dag.py
[2024-11-20T01:08:04.661+0000] {processor.py:914} INFO - Processing file /home/ubuntu/airflow_venv/lib/python3.12/site-packages/airflow/example_dags/example_nested_branch_dag.py for tasks to queue
[2024-11-20T01:08:04.663+0000] {logging_mixin.py:190} INFO - [2024-11-20T01:08:04.662+0000] {dagbag.py:588} INFO - Filling up the DagBag from /home/ubuntu/airflow_venv/lib/python3.12/site-packages/airflow/example_dags/example_nested_branch_dag.py
[2024-11-20T01:08:04.674+0000] {processor.py:925} INFO - DAG(s) 'example_nested_branch_dag' retrieved from /home/ubuntu/airflow_venv/lib/python3.12/site-packages/airflow/example_dags/example_nested_branch_dag.py
[2024-11-20T01:08:04.690+0000] {logging_mixin.py:190} INFO - [2024-11-20T01:08:04.690+0000] {dag.py:3239} INFO - Sync 1 DAGs
[2024-11-20T01:08:04.709+0000] {logging_mixin.py:190} INFO - [2024-11-20T01:08:04.709+0000] {dag.py:4180} INFO - Setting next_dagrun for example_nested_branch_dag to 2024-11-19 00:00:00+00:00, run_after=2024-11-20 00:00:00+00:00
[2024-11-20T01:08:04.732+0000] {processor.py:208} INFO - Processing /home/ubuntu/airflow_venv/lib/python3.12/site-packages/airflow/example_dags/example_nested_branch_dag.py took 0.080 seconds
[2024-11-20T01:08:59.096+0000] {processor.py:186} INFO - Started process (PID=6301) to work on /home/ubuntu/airflow_venv/lib/python3.12/site-packages/airflow/example_dags/example_nested_branch_dag.py
[2024-11-20T01:08:59.097+0000] {processor.py:914} INFO - Processing file /home/ubuntu/airflow_venv/lib/python3.12/site-packages/airflow/example_dags/example_nested_branch_dag.py for tasks to queue
[2024-11-20T01:08:59.099+0000] {logging_mixin.py:190} INFO - [2024-11-20T01:08:59.098+0000] {dagbag.py:588} INFO - Filling up the DagBag from /home/ubuntu/airflow_venv/lib/python3.12/site-packages/airflow/example_dags/example_nested_branch_dag.py
[2024-11-20T01:08:59.110+0000] {processor.py:925} INFO - DAG(s) 'example_nested_branch_dag' retrieved from /home/ubuntu/airflow_venv/lib/python3.12/site-packages/airflow/example_dags/example_nested_branch_dag.py
[2024-11-20T01:08:59.127+0000] {logging_mixin.py:190} INFO - [2024-11-20T01:08:59.126+0000] {dag.py:3239} INFO - Sync 1 DAGs
[2024-11-20T01:08:59.145+0000] {logging_mixin.py:190} INFO - [2024-11-20T01:08:59.145+0000] {dag.py:4180} INFO - Setting next_dagrun for example_nested_branch_dag to 2024-11-19 00:00:00+00:00, run_after=2024-11-20 00:00:00+00:00
[2024-11-20T01:08:59.166+0000] {processor.py:208} INFO - Processing /home/ubuntu/airflow_venv/lib/python3.12/site-packages/airflow/example_dags/example_nested_branch_dag.py took 0.078 seconds
[2024-11-20T01:09:57.775+0000] {processor.py:186} INFO - Started process (PID=6359) to work on /home/ubuntu/airflow_venv/lib/python3.12/site-packages/airflow/example_dags/example_nested_branch_dag.py
[2024-11-20T01:09:57.777+0000] {processor.py:914} INFO - Processing file /home/ubuntu/airflow_venv/lib/python3.12/site-packages/airflow/example_dags/example_nested_branch_dag.py for tasks to queue
[2024-11-20T01:09:57.778+0000] {logging_mixin.py:190} INFO - [2024-11-20T01:09:57.778+0000] {dagbag.py:588} INFO - Filling up the DagBag from /home/ubuntu/airflow_venv/lib/python3.12/site-packages/airflow/example_dags/example_nested_branch_dag.py
[2024-11-20T01:09:57.790+0000] {processor.py:925} INFO - DAG(s) 'example_nested_branch_dag' retrieved from /home/ubuntu/airflow_venv/lib/python3.12/site-packages/airflow/example_dags/example_nested_branch_dag.py
[2024-11-20T01:09:57.806+0000] {logging_mixin.py:190} INFO - [2024-11-20T01:09:57.806+0000] {dag.py:3239} INFO - Sync 1 DAGs
[2024-11-20T01:09:57.826+0000] {logging_mixin.py:190} INFO - [2024-11-20T01:09:57.826+0000] {dag.py:4180} INFO - Setting next_dagrun for example_nested_branch_dag to 2024-11-19 00:00:00+00:00, run_after=2024-11-20 00:00:00+00:00
[2024-11-20T01:09:57.847+0000] {processor.py:208} INFO - Processing /home/ubuntu/airflow_venv/lib/python3.12/site-packages/airflow/example_dags/example_nested_branch_dag.py took 0.078 seconds
[2024-11-20T01:10:54.362+0000] {processor.py:186} INFO - Started process (PID=6423) to work on /home/ubuntu/airflow_venv/lib/python3.12/site-packages/airflow/example_dags/example_nested_branch_dag.py
[2024-11-20T01:10:54.363+0000] {processor.py:914} INFO - Processing file /home/ubuntu/airflow_venv/lib/python3.12/site-packages/airflow/example_dags/example_nested_branch_dag.py for tasks to queue
[2024-11-20T01:10:54.367+0000] {logging_mixin.py:190} INFO - [2024-11-20T01:10:54.367+0000] {dagbag.py:588} INFO - Filling up the DagBag from /home/ubuntu/airflow_venv/lib/python3.12/site-packages/airflow/example_dags/example_nested_branch_dag.py
[2024-11-20T01:10:54.388+0000] {processor.py:925} INFO - DAG(s) 'example_nested_branch_dag' retrieved from /home/ubuntu/airflow_venv/lib/python3.12/site-packages/airflow/example_dags/example_nested_branch_dag.py
[2024-11-20T01:10:54.415+0000] {logging_mixin.py:190} INFO - [2024-11-20T01:10:54.414+0000] {dag.py:3239} INFO - Sync 1 DAGs
[2024-11-20T01:10:54.434+0000] {logging_mixin.py:190} INFO - [2024-11-20T01:10:54.434+0000] {dag.py:4180} INFO - Setting next_dagrun for example_nested_branch_dag to 2024-11-19 00:00:00+00:00, run_after=2024-11-20 00:00:00+00:00
[2024-11-20T01:10:54.457+0000] {processor.py:208} INFO - Processing /home/ubuntu/airflow_venv/lib/python3.12/site-packages/airflow/example_dags/example_nested_branch_dag.py took 0.103 seconds
[2024-11-20T01:11:47.183+0000] {processor.py:186} INFO - Started process (PID=6478) to work on /home/ubuntu/airflow_venv/lib/python3.12/site-packages/airflow/example_dags/example_nested_branch_dag.py
[2024-11-20T01:11:47.185+0000] {processor.py:914} INFO - Processing file /home/ubuntu/airflow_venv/lib/python3.12/site-packages/airflow/example_dags/example_nested_branch_dag.py for tasks to queue
[2024-11-20T01:11:47.187+0000] {logging_mixin.py:190} INFO - [2024-11-20T01:11:47.186+0000] {dagbag.py:588} INFO - Filling up the DagBag from /home/ubuntu/airflow_venv/lib/python3.12/site-packages/airflow/example_dags/example_nested_branch_dag.py
[2024-11-20T01:11:47.198+0000] {processor.py:925} INFO - DAG(s) 'example_nested_branch_dag' retrieved from /home/ubuntu/airflow_venv/lib/python3.12/site-packages/airflow/example_dags/example_nested_branch_dag.py
[2024-11-20T01:11:47.215+0000] {logging_mixin.py:190} INFO - [2024-11-20T01:11:47.215+0000] {dag.py:3239} INFO - Sync 1 DAGs
[2024-11-20T01:11:47.233+0000] {logging_mixin.py:190} INFO - [2024-11-20T01:11:47.233+0000] {dag.py:4180} INFO - Setting next_dagrun for example_nested_branch_dag to 2024-11-19 00:00:00+00:00, run_after=2024-11-20 00:00:00+00:00
[2024-11-20T01:11:47.256+0000] {processor.py:208} INFO - Processing /home/ubuntu/airflow_venv/lib/python3.12/site-packages/airflow/example_dags/example_nested_branch_dag.py took 0.079 seconds
[2024-11-20T01:12:41.582+0000] {processor.py:186} INFO - Started process (PID=6533) to work on /home/ubuntu/airflow_venv/lib/python3.12/site-packages/airflow/example_dags/example_nested_branch_dag.py
[2024-11-20T01:12:41.583+0000] {processor.py:914} INFO - Processing file /home/ubuntu/airflow_venv/lib/python3.12/site-packages/airflow/example_dags/example_nested_branch_dag.py for tasks to queue
[2024-11-20T01:12:41.586+0000] {logging_mixin.py:190} INFO - [2024-11-20T01:12:41.585+0000] {dagbag.py:588} INFO - Filling up the DagBag from /home/ubuntu/airflow_venv/lib/python3.12/site-packages/airflow/example_dags/example_nested_branch_dag.py
[2024-11-20T01:12:41.597+0000] {processor.py:925} INFO - DAG(s) 'example_nested_branch_dag' retrieved from /home/ubuntu/airflow_venv/lib/python3.12/site-packages/airflow/example_dags/example_nested_branch_dag.py
[2024-11-20T01:12:41.613+0000] {logging_mixin.py:190} INFO - [2024-11-20T01:12:41.613+0000] {dag.py:3239} INFO - Sync 1 DAGs
[2024-11-20T01:12:41.633+0000] {logging_mixin.py:190} INFO - [2024-11-20T01:12:41.633+0000] {dag.py:4180} INFO - Setting next_dagrun for example_nested_branch_dag to 2024-11-19 00:00:00+00:00, run_after=2024-11-20 00:00:00+00:00
[2024-11-20T01:12:41.666+0000] {processor.py:208} INFO - Processing /home/ubuntu/airflow_venv/lib/python3.12/site-packages/airflow/example_dags/example_nested_branch_dag.py took 0.091 seconds
