[2024-11-20T00:16:56.056+0000] {processor.py:186} INFO - Started process (PID=2075) to work on /home/ubuntu/airflow_venv/lib/python3.12/site-packages/airflow/example_dags/example_branch_operator.py
[2024-11-20T00:16:56.057+0000] {processor.py:914} INFO - Processing file /home/ubuntu/airflow_venv/lib/python3.12/site-packages/airflow/example_dags/example_branch_operator.py for tasks to queue
[2024-11-20T00:16:56.059+0000] {logging_mixin.py:190} INFO - [2024-11-20T00:16:56.058+0000] {dagbag.py:588} INFO - Filling up the DagBag from /home/ubuntu/airflow_venv/lib/python3.12/site-packages/airflow/example_dags/example_branch_operator.py
[2024-11-20T00:16:56.062+0000] {processor.py:927} WARNING - No viable dags retrieved from /home/ubuntu/airflow_venv/lib/python3.12/site-packages/airflow/example_dags/example_branch_operator.py
[2024-11-20T00:16:56.072+0000] {processor.py:208} INFO - Processing /home/ubuntu/airflow_venv/lib/python3.12/site-packages/airflow/example_dags/example_branch_operator.py took 0.022 seconds
[2024-11-20T00:17:56.221+0000] {processor.py:186} INFO - Started process (PID=2140) to work on /home/ubuntu/airflow_venv/lib/python3.12/site-packages/airflow/example_dags/example_branch_operator.py
[2024-11-20T00:17:56.222+0000] {processor.py:914} INFO - Processing file /home/ubuntu/airflow_venv/lib/python3.12/site-packages/airflow/example_dags/example_branch_operator.py for tasks to queue
[2024-11-20T00:17:56.225+0000] {logging_mixin.py:190} INFO - [2024-11-20T00:17:56.225+0000] {dagbag.py:588} INFO - Filling up the DagBag from /home/ubuntu/airflow_venv/lib/python3.12/site-packages/airflow/example_dags/example_branch_operator.py
[2024-11-20T00:17:56.228+0000] {processor.py:927} WARNING - No viable dags retrieved from /home/ubuntu/airflow_venv/lib/python3.12/site-packages/airflow/example_dags/example_branch_operator.py
[2024-11-20T00:17:56.238+0000] {processor.py:208} INFO - Processing /home/ubuntu/airflow_venv/lib/python3.12/site-packages/airflow/example_dags/example_branch_operator.py took 0.022 seconds
[2024-11-20T00:19:12.477+0000] {processor.py:186} INFO - Started process (PID=2222) to work on /home/ubuntu/airflow_venv/lib/python3.12/site-packages/airflow/example_dags/example_branch_operator.py
[2024-11-20T00:19:12.478+0000] {processor.py:914} INFO - Processing file /home/ubuntu/airflow_venv/lib/python3.12/site-packages/airflow/example_dags/example_branch_operator.py for tasks to queue
[2024-11-20T00:19:12.481+0000] {logging_mixin.py:190} INFO - [2024-11-20T00:19:12.480+0000] {dagbag.py:588} INFO - Filling up the DagBag from /home/ubuntu/airflow_venv/lib/python3.12/site-packages/airflow/example_dags/example_branch_operator.py
[2024-11-20T00:19:12.484+0000] {processor.py:927} WARNING - No viable dags retrieved from /home/ubuntu/airflow_venv/lib/python3.12/site-packages/airflow/example_dags/example_branch_operator.py
[2024-11-20T00:19:12.494+0000] {processor.py:208} INFO - Processing /home/ubuntu/airflow_venv/lib/python3.12/site-packages/airflow/example_dags/example_branch_operator.py took 0.022 seconds
[2024-11-20T00:20:07.452+0000] {processor.py:186} INFO - Started process (PID=2280) to work on /home/ubuntu/airflow_venv/lib/python3.12/site-packages/airflow/example_dags/example_branch_operator.py
[2024-11-20T00:20:07.454+0000] {processor.py:914} INFO - Processing file /home/ubuntu/airflow_venv/lib/python3.12/site-packages/airflow/example_dags/example_branch_operator.py for tasks to queue
[2024-11-20T00:20:07.456+0000] {logging_mixin.py:190} INFO - [2024-11-20T00:20:07.456+0000] {dagbag.py:588} INFO - Filling up the DagBag from /home/ubuntu/airflow_venv/lib/python3.12/site-packages/airflow/example_dags/example_branch_operator.py
[2024-11-20T00:20:07.459+0000] {processor.py:927} WARNING - No viable dags retrieved from /home/ubuntu/airflow_venv/lib/python3.12/site-packages/airflow/example_dags/example_branch_operator.py
[2024-11-20T00:20:07.470+0000] {processor.py:208} INFO - Processing /home/ubuntu/airflow_venv/lib/python3.12/site-packages/airflow/example_dags/example_branch_operator.py took 0.023 seconds
[2024-11-20T00:21:31.560+0000] {processor.py:186} INFO - Started process (PID=2365) to work on /home/ubuntu/airflow_venv/lib/python3.12/site-packages/airflow/example_dags/example_branch_operator.py
[2024-11-20T00:21:31.561+0000] {processor.py:914} INFO - Processing file /home/ubuntu/airflow_venv/lib/python3.12/site-packages/airflow/example_dags/example_branch_operator.py for tasks to queue
[2024-11-20T00:21:31.563+0000] {logging_mixin.py:190} INFO - [2024-11-20T00:21:31.563+0000] {dagbag.py:588} INFO - Filling up the DagBag from /home/ubuntu/airflow_venv/lib/python3.12/site-packages/airflow/example_dags/example_branch_operator.py
[2024-11-20T00:21:31.566+0000] {processor.py:927} WARNING - No viable dags retrieved from /home/ubuntu/airflow_venv/lib/python3.12/site-packages/airflow/example_dags/example_branch_operator.py
[2024-11-20T00:21:31.703+0000] {processor.py:208} INFO - Processing /home/ubuntu/airflow_venv/lib/python3.12/site-packages/airflow/example_dags/example_branch_operator.py took 0.149 seconds
[2024-11-20T00:22:30.924+0000] {processor.py:186} INFO - Started process (PID=2429) to work on /home/ubuntu/airflow_venv/lib/python3.12/site-packages/airflow/example_dags/example_branch_operator.py
[2024-11-20T00:22:30.925+0000] {processor.py:914} INFO - Processing file /home/ubuntu/airflow_venv/lib/python3.12/site-packages/airflow/example_dags/example_branch_operator.py for tasks to queue
[2024-11-20T00:22:30.928+0000] {logging_mixin.py:190} INFO - [2024-11-20T00:22:30.928+0000] {dagbag.py:588} INFO - Filling up the DagBag from /home/ubuntu/airflow_venv/lib/python3.12/site-packages/airflow/example_dags/example_branch_operator.py
[2024-11-20T00:22:30.932+0000] {processor.py:927} WARNING - No viable dags retrieved from /home/ubuntu/airflow_venv/lib/python3.12/site-packages/airflow/example_dags/example_branch_operator.py
[2024-11-20T00:22:30.943+0000] {processor.py:208} INFO - Processing /home/ubuntu/airflow_venv/lib/python3.12/site-packages/airflow/example_dags/example_branch_operator.py took 0.024 seconds
[2024-11-20T00:23:53.294+0000] {processor.py:186} INFO - Started process (PID=2513) to work on /home/ubuntu/airflow_venv/lib/python3.12/site-packages/airflow/example_dags/example_branch_operator.py
[2024-11-20T00:23:53.295+0000] {processor.py:914} INFO - Processing file /home/ubuntu/airflow_venv/lib/python3.12/site-packages/airflow/example_dags/example_branch_operator.py for tasks to queue
[2024-11-20T00:23:53.298+0000] {logging_mixin.py:190} INFO - [2024-11-20T00:23:53.297+0000] {dagbag.py:588} INFO - Filling up the DagBag from /home/ubuntu/airflow_venv/lib/python3.12/site-packages/airflow/example_dags/example_branch_operator.py
[2024-11-20T00:23:53.300+0000] {processor.py:927} WARNING - No viable dags retrieved from /home/ubuntu/airflow_venv/lib/python3.12/site-packages/airflow/example_dags/example_branch_operator.py
[2024-11-20T00:23:53.311+0000] {processor.py:208} INFO - Processing /home/ubuntu/airflow_venv/lib/python3.12/site-packages/airflow/example_dags/example_branch_operator.py took 0.022 seconds
[2024-11-20T00:25:14.148+0000] {processor.py:186} INFO - Started process (PID=2599) to work on /home/ubuntu/airflow_venv/lib/python3.12/site-packages/airflow/example_dags/example_branch_operator.py
[2024-11-20T00:25:14.150+0000] {processor.py:914} INFO - Processing file /home/ubuntu/airflow_venv/lib/python3.12/site-packages/airflow/example_dags/example_branch_operator.py for tasks to queue
[2024-11-20T00:25:14.151+0000] {logging_mixin.py:190} INFO - [2024-11-20T00:25:14.151+0000] {dagbag.py:588} INFO - Filling up the DagBag from /home/ubuntu/airflow_venv/lib/python3.12/site-packages/airflow/example_dags/example_branch_operator.py
[2024-11-20T00:25:14.154+0000] {processor.py:927} WARNING - No viable dags retrieved from /home/ubuntu/airflow_venv/lib/python3.12/site-packages/airflow/example_dags/example_branch_operator.py
[2024-11-20T00:25:14.165+0000] {processor.py:208} INFO - Processing /home/ubuntu/airflow_venv/lib/python3.12/site-packages/airflow/example_dags/example_branch_operator.py took 0.022 seconds
[2024-11-20T00:26:07.314+0000] {processor.py:186} INFO - Started process (PID=2655) to work on /home/ubuntu/airflow_venv/lib/python3.12/site-packages/airflow/example_dags/example_branch_operator.py
[2024-11-20T00:26:07.317+0000] {processor.py:914} INFO - Processing file /home/ubuntu/airflow_venv/lib/python3.12/site-packages/airflow/example_dags/example_branch_operator.py for tasks to queue
[2024-11-20T00:26:07.318+0000] {logging_mixin.py:190} INFO - [2024-11-20T00:26:07.318+0000] {dagbag.py:588} INFO - Filling up the DagBag from /home/ubuntu/airflow_venv/lib/python3.12/site-packages/airflow/example_dags/example_branch_operator.py
[2024-11-20T00:26:07.324+0000] {processor.py:927} WARNING - No viable dags retrieved from /home/ubuntu/airflow_venv/lib/python3.12/site-packages/airflow/example_dags/example_branch_operator.py
[2024-11-20T00:26:07.339+0000] {processor.py:208} INFO - Processing /home/ubuntu/airflow_venv/lib/python3.12/site-packages/airflow/example_dags/example_branch_operator.py took 0.030 seconds
[2024-11-20T00:27:57.229+0000] {processor.py:186} INFO - Started process (PID=2787) to work on /home/ubuntu/airflow_venv/lib/python3.12/site-packages/airflow/example_dags/example_branch_operator.py
[2024-11-20T00:27:57.231+0000] {processor.py:914} INFO - Processing file /home/ubuntu/airflow_venv/lib/python3.12/site-packages/airflow/example_dags/example_branch_operator.py for tasks to queue
[2024-11-20T00:27:57.233+0000] {logging_mixin.py:190} INFO - [2024-11-20T00:27:57.233+0000] {dagbag.py:588} INFO - Filling up the DagBag from /home/ubuntu/airflow_venv/lib/python3.12/site-packages/airflow/example_dags/example_branch_operator.py
[2024-11-20T00:27:57.236+0000] {processor.py:927} WARNING - No viable dags retrieved from /home/ubuntu/airflow_venv/lib/python3.12/site-packages/airflow/example_dags/example_branch_operator.py
[2024-11-20T00:27:57.247+0000] {processor.py:208} INFO - Processing /home/ubuntu/airflow_venv/lib/python3.12/site-packages/airflow/example_dags/example_branch_operator.py took 0.024 seconds
[2024-11-20T00:28:55.314+0000] {processor.py:186} INFO - Started process (PID=2972) to work on /home/ubuntu/airflow_venv/lib/python3.12/site-packages/airflow/example_dags/example_branch_operator.py
[2024-11-20T00:28:55.315+0000] {processor.py:914} INFO - Processing file /home/ubuntu/airflow_venv/lib/python3.12/site-packages/airflow/example_dags/example_branch_operator.py for tasks to queue
[2024-11-20T00:28:55.318+0000] {logging_mixin.py:190} INFO - [2024-11-20T00:28:55.317+0000] {dagbag.py:588} INFO - Filling up the DagBag from /home/ubuntu/airflow_venv/lib/python3.12/site-packages/airflow/example_dags/example_branch_operator.py
[2024-11-20T00:28:55.320+0000] {processor.py:927} WARNING - No viable dags retrieved from /home/ubuntu/airflow_venv/lib/python3.12/site-packages/airflow/example_dags/example_branch_operator.py
[2024-11-20T00:28:55.331+0000] {processor.py:208} INFO - Processing /home/ubuntu/airflow_venv/lib/python3.12/site-packages/airflow/example_dags/example_branch_operator.py took 0.023 seconds
[2024-11-20T00:30:00.970+0000] {processor.py:186} INFO - Started process (PID=3041) to work on /home/ubuntu/airflow_venv/lib/python3.12/site-packages/airflow/example_dags/example_branch_operator.py
[2024-11-20T00:30:00.972+0000] {processor.py:914} INFO - Processing file /home/ubuntu/airflow_venv/lib/python3.12/site-packages/airflow/example_dags/example_branch_operator.py for tasks to queue
[2024-11-20T00:30:00.973+0000] {logging_mixin.py:190} INFO - [2024-11-20T00:30:00.973+0000] {dagbag.py:588} INFO - Filling up the DagBag from /home/ubuntu/airflow_venv/lib/python3.12/site-packages/airflow/example_dags/example_branch_operator.py
[2024-11-20T00:30:00.976+0000] {processor.py:927} WARNING - No viable dags retrieved from /home/ubuntu/airflow_venv/lib/python3.12/site-packages/airflow/example_dags/example_branch_operator.py
[2024-11-20T00:30:00.987+0000] {processor.py:208} INFO - Processing /home/ubuntu/airflow_venv/lib/python3.12/site-packages/airflow/example_dags/example_branch_operator.py took 0.022 seconds
[2024-11-20T00:31:23.333+0000] {processor.py:186} INFO - Started process (PID=3249) to work on /home/ubuntu/airflow_venv/lib/python3.12/site-packages/airflow/example_dags/example_branch_operator.py
[2024-11-20T00:31:23.336+0000] {processor.py:914} INFO - Processing file /home/ubuntu/airflow_venv/lib/python3.12/site-packages/airflow/example_dags/example_branch_operator.py for tasks to queue
[2024-11-20T00:31:23.338+0000] {logging_mixin.py:190} INFO - [2024-11-20T00:31:23.337+0000] {dagbag.py:588} INFO - Filling up the DagBag from /home/ubuntu/airflow_venv/lib/python3.12/site-packages/airflow/example_dags/example_branch_operator.py
[2024-11-20T00:31:23.340+0000] {processor.py:927} WARNING - No viable dags retrieved from /home/ubuntu/airflow_venv/lib/python3.12/site-packages/airflow/example_dags/example_branch_operator.py
[2024-11-20T00:31:23.350+0000] {processor.py:208} INFO - Processing /home/ubuntu/airflow_venv/lib/python3.12/site-packages/airflow/example_dags/example_branch_operator.py took 0.023 seconds
[2024-11-20T00:32:17.152+0000] {processor.py:186} INFO - Started process (PID=3325) to work on /home/ubuntu/airflow_venv/lib/python3.12/site-packages/airflow/example_dags/example_branch_operator.py
[2024-11-20T00:32:17.153+0000] {processor.py:914} INFO - Processing file /home/ubuntu/airflow_venv/lib/python3.12/site-packages/airflow/example_dags/example_branch_operator.py for tasks to queue
[2024-11-20T00:32:17.154+0000] {logging_mixin.py:190} INFO - [2024-11-20T00:32:17.154+0000] {dagbag.py:588} INFO - Filling up the DagBag from /home/ubuntu/airflow_venv/lib/python3.12/site-packages/airflow/example_dags/example_branch_operator.py
[2024-11-20T00:32:17.158+0000] {processor.py:927} WARNING - No viable dags retrieved from /home/ubuntu/airflow_venv/lib/python3.12/site-packages/airflow/example_dags/example_branch_operator.py
[2024-11-20T00:32:17.168+0000] {processor.py:208} INFO - Processing /home/ubuntu/airflow_venv/lib/python3.12/site-packages/airflow/example_dags/example_branch_operator.py took 0.021 seconds
[2024-11-20T00:33:38.004+0000] {processor.py:186} INFO - Started process (PID=3944) to work on /home/ubuntu/airflow_venv/lib/python3.12/site-packages/airflow/example_dags/example_branch_operator.py
[2024-11-20T00:33:38.006+0000] {processor.py:914} INFO - Processing file /home/ubuntu/airflow_venv/lib/python3.12/site-packages/airflow/example_dags/example_branch_operator.py for tasks to queue
[2024-11-20T00:33:38.008+0000] {logging_mixin.py:190} INFO - [2024-11-20T00:33:38.007+0000] {dagbag.py:588} INFO - Filling up the DagBag from /home/ubuntu/airflow_venv/lib/python3.12/site-packages/airflow/example_dags/example_branch_operator.py
[2024-11-20T00:33:38.012+0000] {processor.py:927} WARNING - No viable dags retrieved from /home/ubuntu/airflow_venv/lib/python3.12/site-packages/airflow/example_dags/example_branch_operator.py
[2024-11-20T00:33:38.022+0000] {processor.py:208} INFO - Processing /home/ubuntu/airflow_venv/lib/python3.12/site-packages/airflow/example_dags/example_branch_operator.py took 0.024 seconds
[2024-11-20T00:34:45.639+0000] {processor.py:186} INFO - Started process (PID=4054) to work on /home/ubuntu/airflow_venv/lib/python3.12/site-packages/airflow/example_dags/example_branch_operator.py
[2024-11-20T00:34:45.641+0000] {processor.py:914} INFO - Processing file /home/ubuntu/airflow_venv/lib/python3.12/site-packages/airflow/example_dags/example_branch_operator.py for tasks to queue
[2024-11-20T00:34:45.643+0000] {logging_mixin.py:190} INFO - [2024-11-20T00:34:45.642+0000] {dagbag.py:588} INFO - Filling up the DagBag from /home/ubuntu/airflow_venv/lib/python3.12/site-packages/airflow/example_dags/example_branch_operator.py
[2024-11-20T00:34:45.646+0000] {processor.py:927} WARNING - No viable dags retrieved from /home/ubuntu/airflow_venv/lib/python3.12/site-packages/airflow/example_dags/example_branch_operator.py
[2024-11-20T00:34:45.656+0000] {processor.py:208} INFO - Processing /home/ubuntu/airflow_venv/lib/python3.12/site-packages/airflow/example_dags/example_branch_operator.py took 0.024 seconds
[2024-11-20T00:36:07.979+0000] {processor.py:186} INFO - Started process (PID=4167) to work on /home/ubuntu/airflow_venv/lib/python3.12/site-packages/airflow/example_dags/example_branch_operator.py
[2024-11-20T00:36:07.981+0000] {processor.py:914} INFO - Processing file /home/ubuntu/airflow_venv/lib/python3.12/site-packages/airflow/example_dags/example_branch_operator.py for tasks to queue
[2024-11-20T00:36:07.983+0000] {logging_mixin.py:190} INFO - [2024-11-20T00:36:07.982+0000] {dagbag.py:588} INFO - Filling up the DagBag from /home/ubuntu/airflow_venv/lib/python3.12/site-packages/airflow/example_dags/example_branch_operator.py
[2024-11-20T00:36:07.986+0000] {processor.py:927} WARNING - No viable dags retrieved from /home/ubuntu/airflow_venv/lib/python3.12/site-packages/airflow/example_dags/example_branch_operator.py
[2024-11-20T00:36:07.996+0000] {processor.py:208} INFO - Processing /home/ubuntu/airflow_venv/lib/python3.12/site-packages/airflow/example_dags/example_branch_operator.py took 0.023 seconds
[2024-11-20T00:37:29.275+0000] {processor.py:186} INFO - Started process (PID=4250) to work on /home/ubuntu/airflow_venv/lib/python3.12/site-packages/airflow/example_dags/example_branch_operator.py
[2024-11-20T00:37:29.277+0000] {processor.py:914} INFO - Processing file /home/ubuntu/airflow_venv/lib/python3.12/site-packages/airflow/example_dags/example_branch_operator.py for tasks to queue
[2024-11-20T00:37:29.278+0000] {logging_mixin.py:190} INFO - [2024-11-20T00:37:29.278+0000] {dagbag.py:588} INFO - Filling up the DagBag from /home/ubuntu/airflow_venv/lib/python3.12/site-packages/airflow/example_dags/example_branch_operator.py
[2024-11-20T00:37:29.281+0000] {processor.py:927} WARNING - No viable dags retrieved from /home/ubuntu/airflow_venv/lib/python3.12/site-packages/airflow/example_dags/example_branch_operator.py
[2024-11-20T00:37:29.292+0000] {processor.py:208} INFO - Processing /home/ubuntu/airflow_venv/lib/python3.12/site-packages/airflow/example_dags/example_branch_operator.py took 0.023 seconds
[2024-11-20T00:38:26.773+0000] {processor.py:186} INFO - Started process (PID=4336) to work on /home/ubuntu/airflow_venv/lib/python3.12/site-packages/airflow/example_dags/example_branch_operator.py
[2024-11-20T00:38:26.774+0000] {processor.py:914} INFO - Processing file /home/ubuntu/airflow_venv/lib/python3.12/site-packages/airflow/example_dags/example_branch_operator.py for tasks to queue
[2024-11-20T00:38:26.776+0000] {logging_mixin.py:190} INFO - [2024-11-20T00:38:26.775+0000] {dagbag.py:588} INFO - Filling up the DagBag from /home/ubuntu/airflow_venv/lib/python3.12/site-packages/airflow/example_dags/example_branch_operator.py
[2024-11-20T00:38:26.779+0000] {processor.py:927} WARNING - No viable dags retrieved from /home/ubuntu/airflow_venv/lib/python3.12/site-packages/airflow/example_dags/example_branch_operator.py
[2024-11-20T00:38:26.789+0000] {processor.py:208} INFO - Processing /home/ubuntu/airflow_venv/lib/python3.12/site-packages/airflow/example_dags/example_branch_operator.py took 0.023 seconds
[2024-11-20T00:39:54.246+0000] {processor.py:186} INFO - Started process (PID=4455) to work on /home/ubuntu/airflow_venv/lib/python3.12/site-packages/airflow/example_dags/example_branch_operator.py
[2024-11-20T00:39:54.248+0000] {processor.py:914} INFO - Processing file /home/ubuntu/airflow_venv/lib/python3.12/site-packages/airflow/example_dags/example_branch_operator.py for tasks to queue
[2024-11-20T00:39:54.249+0000] {logging_mixin.py:190} INFO - [2024-11-20T00:39:54.249+0000] {dagbag.py:588} INFO - Filling up the DagBag from /home/ubuntu/airflow_venv/lib/python3.12/site-packages/airflow/example_dags/example_branch_operator.py
[2024-11-20T00:39:54.253+0000] {processor.py:927} WARNING - No viable dags retrieved from /home/ubuntu/airflow_venv/lib/python3.12/site-packages/airflow/example_dags/example_branch_operator.py
[2024-11-20T00:39:54.263+0000] {processor.py:208} INFO - Processing /home/ubuntu/airflow_venv/lib/python3.12/site-packages/airflow/example_dags/example_branch_operator.py took 0.024 seconds
[2024-11-20T00:40:54.409+0000] {processor.py:186} INFO - Started process (PID=4521) to work on /home/ubuntu/airflow_venv/lib/python3.12/site-packages/airflow/example_dags/example_branch_operator.py
[2024-11-20T00:40:54.411+0000] {processor.py:914} INFO - Processing file /home/ubuntu/airflow_venv/lib/python3.12/site-packages/airflow/example_dags/example_branch_operator.py for tasks to queue
[2024-11-20T00:40:54.412+0000] {logging_mixin.py:190} INFO - [2024-11-20T00:40:54.412+0000] {dagbag.py:588} INFO - Filling up the DagBag from /home/ubuntu/airflow_venv/lib/python3.12/site-packages/airflow/example_dags/example_branch_operator.py
[2024-11-20T00:40:54.416+0000] {processor.py:927} WARNING - No viable dags retrieved from /home/ubuntu/airflow_venv/lib/python3.12/site-packages/airflow/example_dags/example_branch_operator.py
[2024-11-20T00:40:54.426+0000] {processor.py:208} INFO - Processing /home/ubuntu/airflow_venv/lib/python3.12/site-packages/airflow/example_dags/example_branch_operator.py took 0.024 seconds
[2024-11-20T00:42:09.975+0000] {processor.py:186} INFO - Started process (PID=4603) to work on /home/ubuntu/airflow_venv/lib/python3.12/site-packages/airflow/example_dags/example_branch_operator.py
[2024-11-20T00:42:09.976+0000] {processor.py:914} INFO - Processing file /home/ubuntu/airflow_venv/lib/python3.12/site-packages/airflow/example_dags/example_branch_operator.py for tasks to queue
[2024-11-20T00:42:09.977+0000] {logging_mixin.py:190} INFO - [2024-11-20T00:42:09.977+0000] {dagbag.py:588} INFO - Filling up the DagBag from /home/ubuntu/airflow_venv/lib/python3.12/site-packages/airflow/example_dags/example_branch_operator.py
[2024-11-20T00:42:09.981+0000] {processor.py:927} WARNING - No viable dags retrieved from /home/ubuntu/airflow_venv/lib/python3.12/site-packages/airflow/example_dags/example_branch_operator.py
[2024-11-20T00:42:09.992+0000] {processor.py:208} INFO - Processing /home/ubuntu/airflow_venv/lib/python3.12/site-packages/airflow/example_dags/example_branch_operator.py took 0.023 seconds
[2024-11-20T00:43:08.589+0000] {processor.py:186} INFO - Started process (PID=4661) to work on /home/ubuntu/airflow_venv/lib/python3.12/site-packages/airflow/example_dags/example_branch_operator.py
[2024-11-20T00:43:08.590+0000] {processor.py:914} INFO - Processing file /home/ubuntu/airflow_venv/lib/python3.12/site-packages/airflow/example_dags/example_branch_operator.py for tasks to queue
[2024-11-20T00:43:08.591+0000] {logging_mixin.py:190} INFO - [2024-11-20T00:43:08.591+0000] {dagbag.py:588} INFO - Filling up the DagBag from /home/ubuntu/airflow_venv/lib/python3.12/site-packages/airflow/example_dags/example_branch_operator.py
[2024-11-20T00:43:08.594+0000] {processor.py:927} WARNING - No viable dags retrieved from /home/ubuntu/airflow_venv/lib/python3.12/site-packages/airflow/example_dags/example_branch_operator.py
[2024-11-20T00:43:08.605+0000] {processor.py:208} INFO - Processing /home/ubuntu/airflow_venv/lib/python3.12/site-packages/airflow/example_dags/example_branch_operator.py took 0.023 seconds
[2024-11-20T00:44:02.835+0000] {processor.py:186} INFO - Started process (PID=4719) to work on /home/ubuntu/airflow_venv/lib/python3.12/site-packages/airflow/example_dags/example_branch_operator.py
[2024-11-20T00:44:02.836+0000] {processor.py:914} INFO - Processing file /home/ubuntu/airflow_venv/lib/python3.12/site-packages/airflow/example_dags/example_branch_operator.py for tasks to queue
[2024-11-20T00:44:02.838+0000] {logging_mixin.py:190} INFO - [2024-11-20T00:44:02.838+0000] {dagbag.py:588} INFO - Filling up the DagBag from /home/ubuntu/airflow_venv/lib/python3.12/site-packages/airflow/example_dags/example_branch_operator.py
[2024-11-20T00:44:02.841+0000] {processor.py:927} WARNING - No viable dags retrieved from /home/ubuntu/airflow_venv/lib/python3.12/site-packages/airflow/example_dags/example_branch_operator.py
[2024-11-20T00:44:02.853+0000] {processor.py:208} INFO - Processing /home/ubuntu/airflow_venv/lib/python3.12/site-packages/airflow/example_dags/example_branch_operator.py took 0.025 seconds
[2024-11-20T00:45:25.366+0000] {processor.py:186} INFO - Started process (PID=4806) to work on /home/ubuntu/airflow_venv/lib/python3.12/site-packages/airflow/example_dags/example_branch_operator.py
[2024-11-20T00:45:25.367+0000] {processor.py:914} INFO - Processing file /home/ubuntu/airflow_venv/lib/python3.12/site-packages/airflow/example_dags/example_branch_operator.py for tasks to queue
[2024-11-20T00:45:25.369+0000] {logging_mixin.py:190} INFO - [2024-11-20T00:45:25.368+0000] {dagbag.py:588} INFO - Filling up the DagBag from /home/ubuntu/airflow_venv/lib/python3.12/site-packages/airflow/example_dags/example_branch_operator.py
[2024-11-20T00:45:25.372+0000] {processor.py:927} WARNING - No viable dags retrieved from /home/ubuntu/airflow_venv/lib/python3.12/site-packages/airflow/example_dags/example_branch_operator.py
[2024-11-20T00:45:25.381+0000] {processor.py:208} INFO - Processing /home/ubuntu/airflow_venv/lib/python3.12/site-packages/airflow/example_dags/example_branch_operator.py took 0.023 seconds
[2024-11-20T00:46:45.060+0000] {processor.py:186} INFO - Started process (PID=4889) to work on /home/ubuntu/airflow_venv/lib/python3.12/site-packages/airflow/example_dags/example_branch_operator.py
[2024-11-20T00:46:45.062+0000] {processor.py:914} INFO - Processing file /home/ubuntu/airflow_venv/lib/python3.12/site-packages/airflow/example_dags/example_branch_operator.py for tasks to queue
[2024-11-20T00:46:45.063+0000] {logging_mixin.py:190} INFO - [2024-11-20T00:46:45.063+0000] {dagbag.py:588} INFO - Filling up the DagBag from /home/ubuntu/airflow_venv/lib/python3.12/site-packages/airflow/example_dags/example_branch_operator.py
[2024-11-20T00:46:45.066+0000] {processor.py:927} WARNING - No viable dags retrieved from /home/ubuntu/airflow_venv/lib/python3.12/site-packages/airflow/example_dags/example_branch_operator.py
[2024-11-20T00:46:45.076+0000] {processor.py:208} INFO - Processing /home/ubuntu/airflow_venv/lib/python3.12/site-packages/airflow/example_dags/example_branch_operator.py took 0.023 seconds
[2024-11-20T00:48:03.430+0000] {processor.py:186} INFO - Started process (PID=4971) to work on /home/ubuntu/airflow_venv/lib/python3.12/site-packages/airflow/example_dags/example_branch_operator.py
[2024-11-20T00:48:03.432+0000] {processor.py:914} INFO - Processing file /home/ubuntu/airflow_venv/lib/python3.12/site-packages/airflow/example_dags/example_branch_operator.py for tasks to queue
[2024-11-20T00:48:03.433+0000] {logging_mixin.py:190} INFO - [2024-11-20T00:48:03.433+0000] {dagbag.py:588} INFO - Filling up the DagBag from /home/ubuntu/airflow_venv/lib/python3.12/site-packages/airflow/example_dags/example_branch_operator.py
[2024-11-20T00:48:03.437+0000] {processor.py:927} WARNING - No viable dags retrieved from /home/ubuntu/airflow_venv/lib/python3.12/site-packages/airflow/example_dags/example_branch_operator.py
[2024-11-20T00:48:03.448+0000] {processor.py:208} INFO - Processing /home/ubuntu/airflow_venv/lib/python3.12/site-packages/airflow/example_dags/example_branch_operator.py took 0.024 seconds
[2024-11-20T00:49:26.226+0000] {processor.py:186} INFO - Started process (PID=5056) to work on /home/ubuntu/airflow_venv/lib/python3.12/site-packages/airflow/example_dags/example_branch_operator.py
[2024-11-20T00:49:26.227+0000] {processor.py:914} INFO - Processing file /home/ubuntu/airflow_venv/lib/python3.12/site-packages/airflow/example_dags/example_branch_operator.py for tasks to queue
[2024-11-20T00:49:26.228+0000] {logging_mixin.py:190} INFO - [2024-11-20T00:49:26.228+0000] {dagbag.py:588} INFO - Filling up the DagBag from /home/ubuntu/airflow_venv/lib/python3.12/site-packages/airflow/example_dags/example_branch_operator.py
[2024-11-20T00:49:26.232+0000] {processor.py:927} WARNING - No viable dags retrieved from /home/ubuntu/airflow_venv/lib/python3.12/site-packages/airflow/example_dags/example_branch_operator.py
[2024-11-20T00:49:26.242+0000] {processor.py:208} INFO - Processing /home/ubuntu/airflow_venv/lib/python3.12/site-packages/airflow/example_dags/example_branch_operator.py took 0.022 seconds
[2024-11-20T00:50:45.912+0000] {processor.py:186} INFO - Started process (PID=5142) to work on /home/ubuntu/airflow_venv/lib/python3.12/site-packages/airflow/example_dags/example_branch_operator.py
[2024-11-20T00:50:45.914+0000] {processor.py:914} INFO - Processing file /home/ubuntu/airflow_venv/lib/python3.12/site-packages/airflow/example_dags/example_branch_operator.py for tasks to queue
[2024-11-20T00:50:45.916+0000] {logging_mixin.py:190} INFO - [2024-11-20T00:50:45.914+0000] {dagbag.py:588} INFO - Filling up the DagBag from /home/ubuntu/airflow_venv/lib/python3.12/site-packages/airflow/example_dags/example_branch_operator.py
[2024-11-20T00:50:45.919+0000] {processor.py:927} WARNING - No viable dags retrieved from /home/ubuntu/airflow_venv/lib/python3.12/site-packages/airflow/example_dags/example_branch_operator.py
[2024-11-20T00:50:45.929+0000] {processor.py:208} INFO - Processing /home/ubuntu/airflow_venv/lib/python3.12/site-packages/airflow/example_dags/example_branch_operator.py took 0.023 seconds
[2024-11-20T00:51:44.312+0000] {processor.py:186} INFO - Started process (PID=5201) to work on /home/ubuntu/airflow_venv/lib/python3.12/site-packages/airflow/example_dags/example_branch_operator.py
[2024-11-20T00:51:44.313+0000] {processor.py:914} INFO - Processing file /home/ubuntu/airflow_venv/lib/python3.12/site-packages/airflow/example_dags/example_branch_operator.py for tasks to queue
[2024-11-20T00:51:44.315+0000] {logging_mixin.py:190} INFO - [2024-11-20T00:51:44.314+0000] {dagbag.py:588} INFO - Filling up the DagBag from /home/ubuntu/airflow_venv/lib/python3.12/site-packages/airflow/example_dags/example_branch_operator.py
[2024-11-20T00:51:44.318+0000] {processor.py:927} WARNING - No viable dags retrieved from /home/ubuntu/airflow_venv/lib/python3.12/site-packages/airflow/example_dags/example_branch_operator.py
[2024-11-20T00:51:44.328+0000] {processor.py:208} INFO - Processing /home/ubuntu/airflow_venv/lib/python3.12/site-packages/airflow/example_dags/example_branch_operator.py took 0.024 seconds
[2024-11-20T00:53:09.293+0000] {processor.py:186} INFO - Started process (PID=5287) to work on /home/ubuntu/airflow_venv/lib/python3.12/site-packages/airflow/example_dags/example_branch_operator.py
[2024-11-20T00:53:09.295+0000] {processor.py:914} INFO - Processing file /home/ubuntu/airflow_venv/lib/python3.12/site-packages/airflow/example_dags/example_branch_operator.py for tasks to queue
[2024-11-20T00:53:09.296+0000] {logging_mixin.py:190} INFO - [2024-11-20T00:53:09.296+0000] {dagbag.py:588} INFO - Filling up the DagBag from /home/ubuntu/airflow_venv/lib/python3.12/site-packages/airflow/example_dags/example_branch_operator.py
[2024-11-20T00:53:09.299+0000] {processor.py:927} WARNING - No viable dags retrieved from /home/ubuntu/airflow_venv/lib/python3.12/site-packages/airflow/example_dags/example_branch_operator.py
[2024-11-20T00:53:09.309+0000] {processor.py:208} INFO - Processing /home/ubuntu/airflow_venv/lib/python3.12/site-packages/airflow/example_dags/example_branch_operator.py took 0.022 seconds
[2024-11-20T00:54:04.983+0000] {processor.py:186} INFO - Started process (PID=5358) to work on /home/ubuntu/airflow_venv/lib/python3.12/site-packages/airflow/example_dags/example_branch_operator.py
[2024-11-20T00:54:04.985+0000] {processor.py:914} INFO - Processing file /home/ubuntu/airflow_venv/lib/python3.12/site-packages/airflow/example_dags/example_branch_operator.py for tasks to queue
[2024-11-20T00:54:04.986+0000] {logging_mixin.py:190} INFO - [2024-11-20T00:54:04.986+0000] {dagbag.py:588} INFO - Filling up the DagBag from /home/ubuntu/airflow_venv/lib/python3.12/site-packages/airflow/example_dags/example_branch_operator.py
[2024-11-20T00:54:04.989+0000] {processor.py:927} WARNING - No viable dags retrieved from /home/ubuntu/airflow_venv/lib/python3.12/site-packages/airflow/example_dags/example_branch_operator.py
[2024-11-20T00:54:05.000+0000] {processor.py:208} INFO - Processing /home/ubuntu/airflow_venv/lib/python3.12/site-packages/airflow/example_dags/example_branch_operator.py took 0.023 seconds
[2024-11-20T00:55:23.366+0000] {processor.py:186} INFO - Started process (PID=5442) to work on /home/ubuntu/airflow_venv/lib/python3.12/site-packages/airflow/example_dags/example_branch_operator.py
[2024-11-20T00:55:23.368+0000] {processor.py:914} INFO - Processing file /home/ubuntu/airflow_venv/lib/python3.12/site-packages/airflow/example_dags/example_branch_operator.py for tasks to queue
[2024-11-20T00:55:23.370+0000] {logging_mixin.py:190} INFO - [2024-11-20T00:55:23.369+0000] {dagbag.py:588} INFO - Filling up the DagBag from /home/ubuntu/airflow_venv/lib/python3.12/site-packages/airflow/example_dags/example_branch_operator.py
[2024-11-20T00:55:23.373+0000] {processor.py:927} WARNING - No viable dags retrieved from /home/ubuntu/airflow_venv/lib/python3.12/site-packages/airflow/example_dags/example_branch_operator.py
[2024-11-20T00:55:23.383+0000] {processor.py:208} INFO - Processing /home/ubuntu/airflow_venv/lib/python3.12/site-packages/airflow/example_dags/example_branch_operator.py took 0.023 seconds
[2024-11-20T00:56:43.301+0000] {processor.py:186} INFO - Started process (PID=5528) to work on /home/ubuntu/airflow_venv/lib/python3.12/site-packages/airflow/example_dags/example_branch_operator.py
[2024-11-20T00:56:43.303+0000] {processor.py:914} INFO - Processing file /home/ubuntu/airflow_venv/lib/python3.12/site-packages/airflow/example_dags/example_branch_operator.py for tasks to queue
[2024-11-20T00:56:43.304+0000] {logging_mixin.py:190} INFO - [2024-11-20T00:56:43.303+0000] {dagbag.py:588} INFO - Filling up the DagBag from /home/ubuntu/airflow_venv/lib/python3.12/site-packages/airflow/example_dags/example_branch_operator.py
[2024-11-20T00:56:43.308+0000] {processor.py:927} WARNING - No viable dags retrieved from /home/ubuntu/airflow_venv/lib/python3.12/site-packages/airflow/example_dags/example_branch_operator.py
[2024-11-20T00:56:43.318+0000] {processor.py:208} INFO - Processing /home/ubuntu/airflow_venv/lib/python3.12/site-packages/airflow/example_dags/example_branch_operator.py took 0.023 seconds
[2024-11-20T00:58:01.136+0000] {processor.py:186} INFO - Started process (PID=5609) to work on /home/ubuntu/airflow_venv/lib/python3.12/site-packages/airflow/example_dags/example_branch_operator.py
[2024-11-20T00:58:01.138+0000] {processor.py:914} INFO - Processing file /home/ubuntu/airflow_venv/lib/python3.12/site-packages/airflow/example_dags/example_branch_operator.py for tasks to queue
[2024-11-20T00:58:01.140+0000] {logging_mixin.py:190} INFO - [2024-11-20T00:58:01.139+0000] {dagbag.py:588} INFO - Filling up the DagBag from /home/ubuntu/airflow_venv/lib/python3.12/site-packages/airflow/example_dags/example_branch_operator.py
[2024-11-20T00:58:01.142+0000] {processor.py:927} WARNING - No viable dags retrieved from /home/ubuntu/airflow_venv/lib/python3.12/site-packages/airflow/example_dags/example_branch_operator.py
[2024-11-20T00:58:01.154+0000] {processor.py:208} INFO - Processing /home/ubuntu/airflow_venv/lib/python3.12/site-packages/airflow/example_dags/example_branch_operator.py took 0.025 seconds
[2024-11-20T00:59:20.085+0000] {processor.py:186} INFO - Started process (PID=5696) to work on /home/ubuntu/airflow_venv/lib/python3.12/site-packages/airflow/example_dags/example_branch_operator.py
[2024-11-20T00:59:20.088+0000] {processor.py:914} INFO - Processing file /home/ubuntu/airflow_venv/lib/python3.12/site-packages/airflow/example_dags/example_branch_operator.py for tasks to queue
[2024-11-20T00:59:20.089+0000] {logging_mixin.py:190} INFO - [2024-11-20T00:59:20.089+0000] {dagbag.py:588} INFO - Filling up the DagBag from /home/ubuntu/airflow_venv/lib/python3.12/site-packages/airflow/example_dags/example_branch_operator.py
[2024-11-20T00:59:20.093+0000] {processor.py:927} WARNING - No viable dags retrieved from /home/ubuntu/airflow_venv/lib/python3.12/site-packages/airflow/example_dags/example_branch_operator.py
[2024-11-20T00:59:20.103+0000] {processor.py:208} INFO - Processing /home/ubuntu/airflow_venv/lib/python3.12/site-packages/airflow/example_dags/example_branch_operator.py took 0.024 seconds
[2024-11-20T01:00:43.344+0000] {processor.py:186} INFO - Started process (PID=5783) to work on /home/ubuntu/airflow_venv/lib/python3.12/site-packages/airflow/example_dags/example_branch_operator.py
[2024-11-20T01:00:43.346+0000] {processor.py:914} INFO - Processing file /home/ubuntu/airflow_venv/lib/python3.12/site-packages/airflow/example_dags/example_branch_operator.py for tasks to queue
[2024-11-20T01:00:43.347+0000] {logging_mixin.py:190} INFO - [2024-11-20T01:00:43.347+0000] {dagbag.py:588} INFO - Filling up the DagBag from /home/ubuntu/airflow_venv/lib/python3.12/site-packages/airflow/example_dags/example_branch_operator.py
[2024-11-20T01:00:43.351+0000] {processor.py:927} WARNING - No viable dags retrieved from /home/ubuntu/airflow_venv/lib/python3.12/site-packages/airflow/example_dags/example_branch_operator.py
[2024-11-20T01:00:43.362+0000] {processor.py:208} INFO - Processing /home/ubuntu/airflow_venv/lib/python3.12/site-packages/airflow/example_dags/example_branch_operator.py took 0.024 seconds
[2024-11-20T01:02:24.234+0000] {processor.py:186} INFO - Started process (PID=5893) to work on /home/ubuntu/airflow_venv/lib/python3.12/site-packages/airflow/example_dags/example_branch_operator.py
[2024-11-20T01:02:24.236+0000] {processor.py:914} INFO - Processing file /home/ubuntu/airflow_venv/lib/python3.12/site-packages/airflow/example_dags/example_branch_operator.py for tasks to queue
[2024-11-20T01:02:24.237+0000] {logging_mixin.py:190} INFO - [2024-11-20T01:02:24.237+0000] {dagbag.py:588} INFO - Filling up the DagBag from /home/ubuntu/airflow_venv/lib/python3.12/site-packages/airflow/example_dags/example_branch_operator.py
[2024-11-20T01:02:24.241+0000] {processor.py:927} WARNING - No viable dags retrieved from /home/ubuntu/airflow_venv/lib/python3.12/site-packages/airflow/example_dags/example_branch_operator.py
[2024-11-20T01:02:24.252+0000] {processor.py:208} INFO - Processing /home/ubuntu/airflow_venv/lib/python3.12/site-packages/airflow/example_dags/example_branch_operator.py took 0.028 seconds
[2024-11-20T01:03:47.391+0000] {processor.py:186} INFO - Started process (PID=5977) to work on /home/ubuntu/airflow_venv/lib/python3.12/site-packages/airflow/example_dags/example_branch_operator.py
[2024-11-20T01:03:47.392+0000] {processor.py:914} INFO - Processing file /home/ubuntu/airflow_venv/lib/python3.12/site-packages/airflow/example_dags/example_branch_operator.py for tasks to queue
[2024-11-20T01:03:47.394+0000] {logging_mixin.py:190} INFO - [2024-11-20T01:03:47.393+0000] {dagbag.py:588} INFO - Filling up the DagBag from /home/ubuntu/airflow_venv/lib/python3.12/site-packages/airflow/example_dags/example_branch_operator.py
[2024-11-20T01:03:47.396+0000] {processor.py:927} WARNING - No viable dags retrieved from /home/ubuntu/airflow_venv/lib/python3.12/site-packages/airflow/example_dags/example_branch_operator.py
[2024-11-20T01:03:47.407+0000] {processor.py:208} INFO - Processing /home/ubuntu/airflow_venv/lib/python3.12/site-packages/airflow/example_dags/example_branch_operator.py took 0.023 seconds
[2024-11-20T01:05:12.349+0000] {processor.py:186} INFO - Started process (PID=6068) to work on /home/ubuntu/airflow_venv/lib/python3.12/site-packages/airflow/example_dags/example_branch_operator.py
[2024-11-20T01:05:12.350+0000] {processor.py:914} INFO - Processing file /home/ubuntu/airflow_venv/lib/python3.12/site-packages/airflow/example_dags/example_branch_operator.py for tasks to queue
[2024-11-20T01:05:12.352+0000] {logging_mixin.py:190} INFO - [2024-11-20T01:05:12.351+0000] {dagbag.py:588} INFO - Filling up the DagBag from /home/ubuntu/airflow_venv/lib/python3.12/site-packages/airflow/example_dags/example_branch_operator.py
[2024-11-20T01:05:12.355+0000] {processor.py:927} WARNING - No viable dags retrieved from /home/ubuntu/airflow_venv/lib/python3.12/site-packages/airflow/example_dags/example_branch_operator.py
[2024-11-20T01:05:12.367+0000] {processor.py:208} INFO - Processing /home/ubuntu/airflow_venv/lib/python3.12/site-packages/airflow/example_dags/example_branch_operator.py took 0.024 seconds
[2024-11-20T01:06:31.652+0000] {processor.py:186} INFO - Started process (PID=6150) to work on /home/ubuntu/airflow_venv/lib/python3.12/site-packages/airflow/example_dags/example_branch_operator.py
[2024-11-20T01:06:31.653+0000] {processor.py:914} INFO - Processing file /home/ubuntu/airflow_venv/lib/python3.12/site-packages/airflow/example_dags/example_branch_operator.py for tasks to queue
[2024-11-20T01:06:31.654+0000] {logging_mixin.py:190} INFO - [2024-11-20T01:06:31.654+0000] {dagbag.py:588} INFO - Filling up the DagBag from /home/ubuntu/airflow_venv/lib/python3.12/site-packages/airflow/example_dags/example_branch_operator.py
[2024-11-20T01:06:31.657+0000] {processor.py:927} WARNING - No viable dags retrieved from /home/ubuntu/airflow_venv/lib/python3.12/site-packages/airflow/example_dags/example_branch_operator.py
[2024-11-20T01:06:31.668+0000] {processor.py:208} INFO - Processing /home/ubuntu/airflow_venv/lib/python3.12/site-packages/airflow/example_dags/example_branch_operator.py took 0.022 seconds
[2024-11-20T01:07:50.364+0000] {processor.py:186} INFO - Started process (PID=6233) to work on /home/ubuntu/airflow_venv/lib/python3.12/site-packages/airflow/example_dags/example_branch_operator.py
[2024-11-20T01:07:50.365+0000] {processor.py:914} INFO - Processing file /home/ubuntu/airflow_venv/lib/python3.12/site-packages/airflow/example_dags/example_branch_operator.py for tasks to queue
[2024-11-20T01:07:50.367+0000] {logging_mixin.py:190} INFO - [2024-11-20T01:07:50.366+0000] {dagbag.py:588} INFO - Filling up the DagBag from /home/ubuntu/airflow_venv/lib/python3.12/site-packages/airflow/example_dags/example_branch_operator.py
[2024-11-20T01:07:50.371+0000] {processor.py:927} WARNING - No viable dags retrieved from /home/ubuntu/airflow_venv/lib/python3.12/site-packages/airflow/example_dags/example_branch_operator.py
[2024-11-20T01:07:50.382+0000] {processor.py:208} INFO - Processing /home/ubuntu/airflow_venv/lib/python3.12/site-packages/airflow/example_dags/example_branch_operator.py took 0.026 seconds
[2024-11-20T01:09:13.006+0000] {processor.py:186} INFO - Started process (PID=6315) to work on /home/ubuntu/airflow_venv/lib/python3.12/site-packages/airflow/example_dags/example_branch_operator.py
[2024-11-20T01:09:13.008+0000] {processor.py:914} INFO - Processing file /home/ubuntu/airflow_venv/lib/python3.12/site-packages/airflow/example_dags/example_branch_operator.py for tasks to queue
[2024-11-20T01:09:13.011+0000] {logging_mixin.py:190} INFO - [2024-11-20T01:09:13.010+0000] {dagbag.py:588} INFO - Filling up the DagBag from /home/ubuntu/airflow_venv/lib/python3.12/site-packages/airflow/example_dags/example_branch_operator.py
[2024-11-20T01:09:13.014+0000] {processor.py:927} WARNING - No viable dags retrieved from /home/ubuntu/airflow_venv/lib/python3.12/site-packages/airflow/example_dags/example_branch_operator.py
[2024-11-20T01:09:13.024+0000] {processor.py:208} INFO - Processing /home/ubuntu/airflow_venv/lib/python3.12/site-packages/airflow/example_dags/example_branch_operator.py took 0.024 seconds
[2024-11-20T01:10:12.753+0000] {processor.py:186} INFO - Started process (PID=6379) to work on /home/ubuntu/airflow_venv/lib/python3.12/site-packages/airflow/example_dags/example_branch_operator.py
[2024-11-20T01:10:12.755+0000] {processor.py:914} INFO - Processing file /home/ubuntu/airflow_venv/lib/python3.12/site-packages/airflow/example_dags/example_branch_operator.py for tasks to queue
[2024-11-20T01:10:12.757+0000] {logging_mixin.py:190} INFO - [2024-11-20T01:10:12.756+0000] {dagbag.py:588} INFO - Filling up the DagBag from /home/ubuntu/airflow_venv/lib/python3.12/site-packages/airflow/example_dags/example_branch_operator.py
[2024-11-20T01:10:12.760+0000] {processor.py:927} WARNING - No viable dags retrieved from /home/ubuntu/airflow_venv/lib/python3.12/site-packages/airflow/example_dags/example_branch_operator.py
[2024-11-20T01:10:12.771+0000] {processor.py:208} INFO - Processing /home/ubuntu/airflow_venv/lib/python3.12/site-packages/airflow/example_dags/example_branch_operator.py took 0.023 seconds
[2024-11-20T01:11:32.768+0000] {processor.py:186} INFO - Started process (PID=6462) to work on /home/ubuntu/airflow_venv/lib/python3.12/site-packages/airflow/example_dags/example_branch_operator.py
[2024-11-20T01:11:32.769+0000] {processor.py:914} INFO - Processing file /home/ubuntu/airflow_venv/lib/python3.12/site-packages/airflow/example_dags/example_branch_operator.py for tasks to queue
[2024-11-20T01:11:32.771+0000] {logging_mixin.py:190} INFO - [2024-11-20T01:11:32.770+0000] {dagbag.py:588} INFO - Filling up the DagBag from /home/ubuntu/airflow_venv/lib/python3.12/site-packages/airflow/example_dags/example_branch_operator.py
[2024-11-20T01:11:32.773+0000] {processor.py:927} WARNING - No viable dags retrieved from /home/ubuntu/airflow_venv/lib/python3.12/site-packages/airflow/example_dags/example_branch_operator.py
[2024-11-20T01:11:32.784+0000] {processor.py:208} INFO - Processing /home/ubuntu/airflow_venv/lib/python3.12/site-packages/airflow/example_dags/example_branch_operator.py took 0.022 seconds
[2024-11-20T01:12:53.113+0000] {processor.py:186} INFO - Started process (PID=6545) to work on /home/ubuntu/airflow_venv/lib/python3.12/site-packages/airflow/example_dags/example_branch_operator.py
[2024-11-20T01:12:53.114+0000] {processor.py:914} INFO - Processing file /home/ubuntu/airflow_venv/lib/python3.12/site-packages/airflow/example_dags/example_branch_operator.py for tasks to queue
[2024-11-20T01:12:53.115+0000] {logging_mixin.py:190} INFO - [2024-11-20T01:12:53.115+0000] {dagbag.py:588} INFO - Filling up the DagBag from /home/ubuntu/airflow_venv/lib/python3.12/site-packages/airflow/example_dags/example_branch_operator.py
[2024-11-20T01:12:53.118+0000] {processor.py:927} WARNING - No viable dags retrieved from /home/ubuntu/airflow_venv/lib/python3.12/site-packages/airflow/example_dags/example_branch_operator.py
[2024-11-20T01:12:53.129+0000] {processor.py:208} INFO - Processing /home/ubuntu/airflow_venv/lib/python3.12/site-packages/airflow/example_dags/example_branch_operator.py took 0.023 seconds
