[2024-11-20T00:16:54.904+0000] {processor.py:186} INFO - Started process (PID=2074) to work on /home/ubuntu/airflow_venv/lib/python3.12/site-packages/airflow/example_dags/example_dataset_alias.py
[2024-11-20T00:16:54.904+0000] {processor.py:914} INFO - Processing file /home/ubuntu/airflow_venv/lib/python3.12/site-packages/airflow/example_dags/example_dataset_alias.py for tasks to queue
[2024-11-20T00:16:54.906+0000] {logging_mixin.py:190} INFO - [2024-11-20T00:16:54.906+0000] {dagbag.py:588} INFO - Filling up the DagBag from /home/ubuntu/airflow_venv/lib/python3.12/site-packages/airflow/example_dags/example_dataset_alias.py
[2024-11-20T00:16:54.929+0000] {processor.py:925} INFO - DAG(s) 'dataset_s3_bucket_consumer', 'dataset_s3_bucket_producer', 'dataset_alias_example_alias_consumer', 'dataset_alias_example_alias_producer' retrieved from /home/ubuntu/airflow_venv/lib/python3.12/site-packages/airflow/example_dags/example_dataset_alias.py
[2024-11-20T00:16:54.948+0000] {logging_mixin.py:190} INFO - [2024-11-20T00:16:54.948+0000] {dag.py:3239} INFO - Sync 4 DAGs
[2024-11-20T00:16:54.966+0000] {logging_mixin.py:190} INFO - [2024-11-20T00:16:54.965+0000] {dag.py:4180} INFO - Setting next_dagrun for dataset_alias_example_alias_consumer to None, run_after=None
[2024-11-20T00:16:54.968+0000] {logging_mixin.py:190} INFO - [2024-11-20T00:16:54.968+0000] {dag.py:4180} INFO - Setting next_dagrun for dataset_alias_example_alias_producer to None, run_after=None
[2024-11-20T00:16:54.969+0000] {logging_mixin.py:190} INFO - [2024-11-20T00:16:54.968+0000] {dag.py:4180} INFO - Setting next_dagrun for dataset_s3_bucket_consumer to None, run_after=None
[2024-11-20T00:16:54.969+0000] {logging_mixin.py:190} INFO - [2024-11-20T00:16:54.969+0000] {dag.py:4180} INFO - Setting next_dagrun for dataset_s3_bucket_producer to None, run_after=None
[2024-11-20T00:16:54.993+0000] {processor.py:208} INFO - Processing /home/ubuntu/airflow_venv/lib/python3.12/site-packages/airflow/example_dags/example_dataset_alias.py took 0.095 seconds
[2024-11-20T00:17:55.082+0000] {processor.py:186} INFO - Started process (PID=2139) to work on /home/ubuntu/airflow_venv/lib/python3.12/site-packages/airflow/example_dags/example_dataset_alias.py
[2024-11-20T00:17:55.084+0000] {processor.py:914} INFO - Processing file /home/ubuntu/airflow_venv/lib/python3.12/site-packages/airflow/example_dags/example_dataset_alias.py for tasks to queue
[2024-11-20T00:17:55.086+0000] {logging_mixin.py:190} INFO - [2024-11-20T00:17:55.086+0000] {dagbag.py:588} INFO - Filling up the DagBag from /home/ubuntu/airflow_venv/lib/python3.12/site-packages/airflow/example_dags/example_dataset_alias.py
[2024-11-20T00:17:55.109+0000] {processor.py:925} INFO - DAG(s) 'dataset_s3_bucket_consumer', 'dataset_alias_example_alias_consumer', 'dataset_alias_example_alias_producer', 'dataset_s3_bucket_producer' retrieved from /home/ubuntu/airflow_venv/lib/python3.12/site-packages/airflow/example_dags/example_dataset_alias.py
[2024-11-20T00:17:55.125+0000] {logging_mixin.py:190} INFO - [2024-11-20T00:17:55.125+0000] {dag.py:3239} INFO - Sync 4 DAGs
[2024-11-20T00:17:55.142+0000] {logging_mixin.py:190} INFO - [2024-11-20T00:17:55.142+0000] {dag.py:4180} INFO - Setting next_dagrun for dataset_alias_example_alias_consumer to None, run_after=None
[2024-11-20T00:17:55.145+0000] {logging_mixin.py:190} INFO - [2024-11-20T00:17:55.145+0000] {dag.py:4180} INFO - Setting next_dagrun for dataset_alias_example_alias_producer to None, run_after=None
[2024-11-20T00:17:55.146+0000] {logging_mixin.py:190} INFO - [2024-11-20T00:17:55.146+0000] {dag.py:4180} INFO - Setting next_dagrun for dataset_s3_bucket_consumer to None, run_after=None
[2024-11-20T00:17:55.146+0000] {logging_mixin.py:190} INFO - [2024-11-20T00:17:55.146+0000] {dag.py:4180} INFO - Setting next_dagrun for dataset_s3_bucket_producer to None, run_after=None
[2024-11-20T00:17:55.171+0000] {processor.py:208} INFO - Processing /home/ubuntu/airflow_venv/lib/python3.12/site-packages/airflow/example_dags/example_dataset_alias.py took 0.095 seconds
[2024-11-20T00:19:11.336+0000] {processor.py:186} INFO - Started process (PID=2221) to work on /home/ubuntu/airflow_venv/lib/python3.12/site-packages/airflow/example_dags/example_dataset_alias.py
[2024-11-20T00:19:11.338+0000] {processor.py:914} INFO - Processing file /home/ubuntu/airflow_venv/lib/python3.12/site-packages/airflow/example_dags/example_dataset_alias.py for tasks to queue
[2024-11-20T00:19:11.340+0000] {logging_mixin.py:190} INFO - [2024-11-20T00:19:11.339+0000] {dagbag.py:588} INFO - Filling up the DagBag from /home/ubuntu/airflow_venv/lib/python3.12/site-packages/airflow/example_dags/example_dataset_alias.py
[2024-11-20T00:19:11.363+0000] {processor.py:925} INFO - DAG(s) 'dataset_alias_example_alias_consumer', 'dataset_s3_bucket_consumer', 'dataset_s3_bucket_producer', 'dataset_alias_example_alias_producer' retrieved from /home/ubuntu/airflow_venv/lib/python3.12/site-packages/airflow/example_dags/example_dataset_alias.py
[2024-11-20T00:19:11.380+0000] {logging_mixin.py:190} INFO - [2024-11-20T00:19:11.380+0000] {dag.py:3239} INFO - Sync 4 DAGs
[2024-11-20T00:19:11.398+0000] {logging_mixin.py:190} INFO - [2024-11-20T00:19:11.398+0000] {dag.py:4180} INFO - Setting next_dagrun for dataset_alias_example_alias_consumer to None, run_after=None
[2024-11-20T00:19:11.399+0000] {logging_mixin.py:190} INFO - [2024-11-20T00:19:11.399+0000] {dag.py:4180} INFO - Setting next_dagrun for dataset_alias_example_alias_producer to None, run_after=None
[2024-11-20T00:19:11.401+0000] {logging_mixin.py:190} INFO - [2024-11-20T00:19:11.400+0000] {dag.py:4180} INFO - Setting next_dagrun for dataset_s3_bucket_consumer to None, run_after=None
[2024-11-20T00:19:11.402+0000] {logging_mixin.py:190} INFO - [2024-11-20T00:19:11.402+0000] {dag.py:4180} INFO - Setting next_dagrun for dataset_s3_bucket_producer to None, run_after=None
[2024-11-20T00:19:11.426+0000] {processor.py:208} INFO - Processing /home/ubuntu/airflow_venv/lib/python3.12/site-packages/airflow/example_dags/example_dataset_alias.py took 0.095 seconds
[2024-11-20T00:20:06.311+0000] {processor.py:186} INFO - Started process (PID=2279) to work on /home/ubuntu/airflow_venv/lib/python3.12/site-packages/airflow/example_dags/example_dataset_alias.py
[2024-11-20T00:20:06.312+0000] {processor.py:914} INFO - Processing file /home/ubuntu/airflow_venv/lib/python3.12/site-packages/airflow/example_dags/example_dataset_alias.py for tasks to queue
[2024-11-20T00:20:06.314+0000] {logging_mixin.py:190} INFO - [2024-11-20T00:20:06.314+0000] {dagbag.py:588} INFO - Filling up the DagBag from /home/ubuntu/airflow_venv/lib/python3.12/site-packages/airflow/example_dags/example_dataset_alias.py
[2024-11-20T00:20:06.338+0000] {processor.py:925} INFO - DAG(s) 'dataset_s3_bucket_producer', 'dataset_alias_example_alias_producer', 'dataset_s3_bucket_consumer', 'dataset_alias_example_alias_consumer' retrieved from /home/ubuntu/airflow_venv/lib/python3.12/site-packages/airflow/example_dags/example_dataset_alias.py
[2024-11-20T00:20:06.356+0000] {logging_mixin.py:190} INFO - [2024-11-20T00:20:06.355+0000] {dag.py:3239} INFO - Sync 4 DAGs
[2024-11-20T00:20:06.374+0000] {logging_mixin.py:190} INFO - [2024-11-20T00:20:06.374+0000] {dag.py:4180} INFO - Setting next_dagrun for dataset_alias_example_alias_consumer to None, run_after=None
[2024-11-20T00:20:06.376+0000] {logging_mixin.py:190} INFO - [2024-11-20T00:20:06.376+0000] {dag.py:4180} INFO - Setting next_dagrun for dataset_alias_example_alias_producer to None, run_after=None
[2024-11-20T00:20:06.377+0000] {logging_mixin.py:190} INFO - [2024-11-20T00:20:06.377+0000] {dag.py:4180} INFO - Setting next_dagrun for dataset_s3_bucket_consumer to None, run_after=None
[2024-11-20T00:20:06.378+0000] {logging_mixin.py:190} INFO - [2024-11-20T00:20:06.378+0000] {dag.py:4180} INFO - Setting next_dagrun for dataset_s3_bucket_producer to None, run_after=None
[2024-11-20T00:20:06.403+0000] {processor.py:208} INFO - Processing /home/ubuntu/airflow_venv/lib/python3.12/site-packages/airflow/example_dags/example_dataset_alias.py took 0.098 seconds
[2024-11-20T00:21:30.374+0000] {processor.py:186} INFO - Started process (PID=2364) to work on /home/ubuntu/airflow_venv/lib/python3.12/site-packages/airflow/example_dags/example_dataset_alias.py
[2024-11-20T00:21:30.376+0000] {processor.py:914} INFO - Processing file /home/ubuntu/airflow_venv/lib/python3.12/site-packages/airflow/example_dags/example_dataset_alias.py for tasks to queue
[2024-11-20T00:21:30.378+0000] {logging_mixin.py:190} INFO - [2024-11-20T00:21:30.378+0000] {dagbag.py:588} INFO - Filling up the DagBag from /home/ubuntu/airflow_venv/lib/python3.12/site-packages/airflow/example_dags/example_dataset_alias.py
[2024-11-20T00:21:30.529+0000] {processor.py:925} INFO - DAG(s) 'dataset_alias_example_alias_producer', 'dataset_s3_bucket_producer', 'dataset_s3_bucket_consumer', 'dataset_alias_example_alias_consumer' retrieved from /home/ubuntu/airflow_venv/lib/python3.12/site-packages/airflow/example_dags/example_dataset_alias.py
[2024-11-20T00:21:30.545+0000] {logging_mixin.py:190} INFO - [2024-11-20T00:21:30.545+0000] {dag.py:3239} INFO - Sync 4 DAGs
[2024-11-20T00:21:30.560+0000] {logging_mixin.py:190} INFO - [2024-11-20T00:21:30.560+0000] {dag.py:4180} INFO - Setting next_dagrun for dataset_alias_example_alias_consumer to None, run_after=None
[2024-11-20T00:21:30.562+0000] {logging_mixin.py:190} INFO - [2024-11-20T00:21:30.562+0000] {dag.py:4180} INFO - Setting next_dagrun for dataset_alias_example_alias_producer to None, run_after=None
[2024-11-20T00:21:30.563+0000] {logging_mixin.py:190} INFO - [2024-11-20T00:21:30.563+0000] {dag.py:4180} INFO - Setting next_dagrun for dataset_s3_bucket_consumer to None, run_after=None
[2024-11-20T00:21:30.564+0000] {logging_mixin.py:190} INFO - [2024-11-20T00:21:30.564+0000] {dag.py:4180} INFO - Setting next_dagrun for dataset_s3_bucket_producer to None, run_after=None
[2024-11-20T00:21:30.593+0000] {processor.py:208} INFO - Processing /home/ubuntu/airflow_venv/lib/python3.12/site-packages/airflow/example_dags/example_dataset_alias.py took 0.224 seconds
[2024-11-20T00:22:29.772+0000] {processor.py:186} INFO - Started process (PID=2428) to work on /home/ubuntu/airflow_venv/lib/python3.12/site-packages/airflow/example_dags/example_dataset_alias.py
[2024-11-20T00:22:29.774+0000] {processor.py:914} INFO - Processing file /home/ubuntu/airflow_venv/lib/python3.12/site-packages/airflow/example_dags/example_dataset_alias.py for tasks to queue
[2024-11-20T00:22:29.776+0000] {logging_mixin.py:190} INFO - [2024-11-20T00:22:29.776+0000] {dagbag.py:588} INFO - Filling up the DagBag from /home/ubuntu/airflow_venv/lib/python3.12/site-packages/airflow/example_dags/example_dataset_alias.py
[2024-11-20T00:22:29.800+0000] {processor.py:925} INFO - DAG(s) 'dataset_s3_bucket_producer', 'dataset_alias_example_alias_producer', 'dataset_alias_example_alias_consumer', 'dataset_s3_bucket_consumer' retrieved from /home/ubuntu/airflow_venv/lib/python3.12/site-packages/airflow/example_dags/example_dataset_alias.py
[2024-11-20T00:22:29.817+0000] {logging_mixin.py:190} INFO - [2024-11-20T00:22:29.817+0000] {dag.py:3239} INFO - Sync 4 DAGs
[2024-11-20T00:22:29.836+0000] {logging_mixin.py:190} INFO - [2024-11-20T00:22:29.836+0000] {dag.py:4180} INFO - Setting next_dagrun for dataset_alias_example_alias_consumer to None, run_after=None
[2024-11-20T00:22:29.838+0000] {logging_mixin.py:190} INFO - [2024-11-20T00:22:29.837+0000] {dag.py:4180} INFO - Setting next_dagrun for dataset_alias_example_alias_producer to None, run_after=None
[2024-11-20T00:22:29.839+0000] {logging_mixin.py:190} INFO - [2024-11-20T00:22:29.839+0000] {dag.py:4180} INFO - Setting next_dagrun for dataset_s3_bucket_consumer to None, run_after=None
[2024-11-20T00:22:29.840+0000] {logging_mixin.py:190} INFO - [2024-11-20T00:22:29.840+0000] {dag.py:4180} INFO - Setting next_dagrun for dataset_s3_bucket_producer to None, run_after=None
[2024-11-20T00:22:29.864+0000] {processor.py:208} INFO - Processing /home/ubuntu/airflow_venv/lib/python3.12/site-packages/airflow/example_dags/example_dataset_alias.py took 0.097 seconds
[2024-11-20T00:23:25.167+0000] {processor.py:186} INFO - Started process (PID=2484) to work on /home/ubuntu/airflow_venv/lib/python3.12/site-packages/airflow/example_dags/example_dataset_alias.py
[2024-11-20T00:23:25.169+0000] {processor.py:914} INFO - Processing file /home/ubuntu/airflow_venv/lib/python3.12/site-packages/airflow/example_dags/example_dataset_alias.py for tasks to queue
[2024-11-20T00:23:25.171+0000] {logging_mixin.py:190} INFO - [2024-11-20T00:23:25.171+0000] {dagbag.py:588} INFO - Filling up the DagBag from /home/ubuntu/airflow_venv/lib/python3.12/site-packages/airflow/example_dags/example_dataset_alias.py
[2024-11-20T00:23:25.205+0000] {processor.py:925} INFO - DAG(s) 'dataset_alias_example_alias_producer', 'dataset_s3_bucket_producer', 'dataset_alias_example_alias_consumer', 'dataset_s3_bucket_consumer' retrieved from /home/ubuntu/airflow_venv/lib/python3.12/site-packages/airflow/example_dags/example_dataset_alias.py
[2024-11-20T00:23:25.223+0000] {logging_mixin.py:190} INFO - [2024-11-20T00:23:25.222+0000] {dag.py:3239} INFO - Sync 4 DAGs
[2024-11-20T00:23:25.241+0000] {logging_mixin.py:190} INFO - [2024-11-20T00:23:25.241+0000] {dag.py:4180} INFO - Setting next_dagrun for dataset_alias_example_alias_consumer to None, run_after=None
[2024-11-20T00:23:25.243+0000] {logging_mixin.py:190} INFO - [2024-11-20T00:23:25.243+0000] {dag.py:4180} INFO - Setting next_dagrun for dataset_alias_example_alias_producer to None, run_after=None
[2024-11-20T00:23:25.244+0000] {logging_mixin.py:190} INFO - [2024-11-20T00:23:25.244+0000] {dag.py:4180} INFO - Setting next_dagrun for dataset_s3_bucket_consumer to None, run_after=None
[2024-11-20T00:23:25.245+0000] {logging_mixin.py:190} INFO - [2024-11-20T00:23:25.245+0000] {dag.py:4180} INFO - Setting next_dagrun for dataset_s3_bucket_producer to None, run_after=None
[2024-11-20T00:23:25.268+0000] {processor.py:208} INFO - Processing /home/ubuntu/airflow_venv/lib/python3.12/site-packages/airflow/example_dags/example_dataset_alias.py took 0.106 seconds
[2024-11-20T00:24:22.566+0000] {processor.py:186} INFO - Started process (PID=2542) to work on /home/ubuntu/airflow_venv/lib/python3.12/site-packages/airflow/example_dags/example_dataset_alias.py
[2024-11-20T00:24:22.567+0000] {processor.py:914} INFO - Processing file /home/ubuntu/airflow_venv/lib/python3.12/site-packages/airflow/example_dags/example_dataset_alias.py for tasks to queue
[2024-11-20T00:24:22.570+0000] {logging_mixin.py:190} INFO - [2024-11-20T00:24:22.569+0000] {dagbag.py:588} INFO - Filling up the DagBag from /home/ubuntu/airflow_venv/lib/python3.12/site-packages/airflow/example_dags/example_dataset_alias.py
[2024-11-20T00:24:22.593+0000] {processor.py:925} INFO - DAG(s) 'dataset_alias_example_alias_consumer', 'dataset_s3_bucket_producer', 'dataset_s3_bucket_consumer', 'dataset_alias_example_alias_producer' retrieved from /home/ubuntu/airflow_venv/lib/python3.12/site-packages/airflow/example_dags/example_dataset_alias.py
[2024-11-20T00:24:22.610+0000] {logging_mixin.py:190} INFO - [2024-11-20T00:24:22.610+0000] {dag.py:3239} INFO - Sync 4 DAGs
[2024-11-20T00:24:22.630+0000] {logging_mixin.py:190} INFO - [2024-11-20T00:24:22.630+0000] {dag.py:4180} INFO - Setting next_dagrun for dataset_alias_example_alias_consumer to None, run_after=None
[2024-11-20T00:24:22.631+0000] {logging_mixin.py:190} INFO - [2024-11-20T00:24:22.631+0000] {dag.py:4180} INFO - Setting next_dagrun for dataset_alias_example_alias_producer to None, run_after=None
[2024-11-20T00:24:22.632+0000] {logging_mixin.py:190} INFO - [2024-11-20T00:24:22.632+0000] {dag.py:4180} INFO - Setting next_dagrun for dataset_s3_bucket_consumer to None, run_after=None
[2024-11-20T00:24:22.633+0000] {logging_mixin.py:190} INFO - [2024-11-20T00:24:22.632+0000] {dag.py:4180} INFO - Setting next_dagrun for dataset_s3_bucket_producer to None, run_after=None
[2024-11-20T00:24:22.656+0000] {processor.py:208} INFO - Processing /home/ubuntu/airflow_venv/lib/python3.12/site-packages/airflow/example_dags/example_dataset_alias.py took 0.094 seconds
[2024-11-20T00:25:43.838+0000] {processor.py:186} INFO - Started process (PID=2629) to work on /home/ubuntu/airflow_venv/lib/python3.12/site-packages/airflow/example_dags/example_dataset_alias.py
[2024-11-20T00:25:43.840+0000] {processor.py:914} INFO - Processing file /home/ubuntu/airflow_venv/lib/python3.12/site-packages/airflow/example_dags/example_dataset_alias.py for tasks to queue
[2024-11-20T00:25:43.842+0000] {logging_mixin.py:190} INFO - [2024-11-20T00:25:43.842+0000] {dagbag.py:588} INFO - Filling up the DagBag from /home/ubuntu/airflow_venv/lib/python3.12/site-packages/airflow/example_dags/example_dataset_alias.py
[2024-11-20T00:25:43.865+0000] {processor.py:925} INFO - DAG(s) 'dataset_s3_bucket_consumer', 'dataset_alias_example_alias_consumer', 'dataset_s3_bucket_producer', 'dataset_alias_example_alias_producer' retrieved from /home/ubuntu/airflow_venv/lib/python3.12/site-packages/airflow/example_dags/example_dataset_alias.py
[2024-11-20T00:25:43.882+0000] {logging_mixin.py:190} INFO - [2024-11-20T00:25:43.882+0000] {dag.py:3239} INFO - Sync 4 DAGs
[2024-11-20T00:25:43.901+0000] {logging_mixin.py:190} INFO - [2024-11-20T00:25:43.901+0000] {dag.py:4180} INFO - Setting next_dagrun for dataset_alias_example_alias_consumer to None, run_after=None
[2024-11-20T00:25:43.903+0000] {logging_mixin.py:190} INFO - [2024-11-20T00:25:43.903+0000] {dag.py:4180} INFO - Setting next_dagrun for dataset_alias_example_alias_producer to None, run_after=None
[2024-11-20T00:25:43.904+0000] {logging_mixin.py:190} INFO - [2024-11-20T00:25:43.904+0000] {dag.py:4180} INFO - Setting next_dagrun for dataset_s3_bucket_consumer to None, run_after=None
[2024-11-20T00:25:43.905+0000] {logging_mixin.py:190} INFO - [2024-11-20T00:25:43.905+0000] {dag.py:4180} INFO - Setting next_dagrun for dataset_s3_bucket_producer to None, run_after=None
[2024-11-20T00:25:43.929+0000] {processor.py:208} INFO - Processing /home/ubuntu/airflow_venv/lib/python3.12/site-packages/airflow/example_dags/example_dataset_alias.py took 0.096 seconds
[2024-11-20T00:27:23.487+0000] {processor.py:186} INFO - Started process (PID=2753) to work on /home/ubuntu/airflow_venv/lib/python3.12/site-packages/airflow/example_dags/example_dataset_alias.py
[2024-11-20T00:27:23.490+0000] {processor.py:914} INFO - Processing file /home/ubuntu/airflow_venv/lib/python3.12/site-packages/airflow/example_dags/example_dataset_alias.py for tasks to queue
[2024-11-20T00:27:23.492+0000] {logging_mixin.py:190} INFO - [2024-11-20T00:27:23.492+0000] {dagbag.py:588} INFO - Filling up the DagBag from /home/ubuntu/airflow_venv/lib/python3.12/site-packages/airflow/example_dags/example_dataset_alias.py
[2024-11-20T00:27:23.516+0000] {processor.py:925} INFO - DAG(s) 'dataset_s3_bucket_consumer', 'dataset_alias_example_alias_consumer', 'dataset_alias_example_alias_producer', 'dataset_s3_bucket_producer' retrieved from /home/ubuntu/airflow_venv/lib/python3.12/site-packages/airflow/example_dags/example_dataset_alias.py
[2024-11-20T00:27:23.533+0000] {logging_mixin.py:190} INFO - [2024-11-20T00:27:23.533+0000] {dag.py:3239} INFO - Sync 4 DAGs
[2024-11-20T00:27:23.552+0000] {logging_mixin.py:190} INFO - [2024-11-20T00:27:23.552+0000] {dag.py:4180} INFO - Setting next_dagrun for dataset_alias_example_alias_consumer to None, run_after=None
[2024-11-20T00:27:23.554+0000] {logging_mixin.py:190} INFO - [2024-11-20T00:27:23.554+0000] {dag.py:4180} INFO - Setting next_dagrun for dataset_alias_example_alias_producer to None, run_after=None
[2024-11-20T00:27:23.555+0000] {logging_mixin.py:190} INFO - [2024-11-20T00:27:23.555+0000] {dag.py:4180} INFO - Setting next_dagrun for dataset_s3_bucket_consumer to None, run_after=None
[2024-11-20T00:27:23.555+0000] {logging_mixin.py:190} INFO - [2024-11-20T00:27:23.555+0000] {dag.py:4180} INFO - Setting next_dagrun for dataset_s3_bucket_producer to None, run_after=None
[2024-11-20T00:27:23.579+0000] {processor.py:208} INFO - Processing /home/ubuntu/airflow_venv/lib/python3.12/site-packages/airflow/example_dags/example_dataset_alias.py took 0.098 seconds
[2024-11-20T00:28:27.068+0000] {processor.py:186} INFO - Started process (PID=2846) to work on /home/ubuntu/airflow_venv/lib/python3.12/site-packages/airflow/example_dags/example_dataset_alias.py
[2024-11-20T00:28:27.070+0000] {processor.py:914} INFO - Processing file /home/ubuntu/airflow_venv/lib/python3.12/site-packages/airflow/example_dags/example_dataset_alias.py for tasks to queue
[2024-11-20T00:28:27.072+0000] {logging_mixin.py:190} INFO - [2024-11-20T00:28:27.072+0000] {dagbag.py:588} INFO - Filling up the DagBag from /home/ubuntu/airflow_venv/lib/python3.12/site-packages/airflow/example_dags/example_dataset_alias.py
[2024-11-20T00:28:27.095+0000] {processor.py:925} INFO - DAG(s) 'dataset_alias_example_alias_consumer', 'dataset_s3_bucket_consumer', 'dataset_s3_bucket_producer', 'dataset_alias_example_alias_producer' retrieved from /home/ubuntu/airflow_venv/lib/python3.12/site-packages/airflow/example_dags/example_dataset_alias.py
[2024-11-20T00:28:27.115+0000] {logging_mixin.py:190} INFO - [2024-11-20T00:28:27.115+0000] {dag.py:3239} INFO - Sync 4 DAGs
[2024-11-20T00:28:27.156+0000] {logging_mixin.py:190} INFO - [2024-11-20T00:28:27.156+0000] {dag.py:4180} INFO - Setting next_dagrun for dataset_alias_example_alias_consumer to None, run_after=None
[2024-11-20T00:28:27.158+0000] {logging_mixin.py:190} INFO - [2024-11-20T00:28:27.158+0000] {dag.py:4180} INFO - Setting next_dagrun for dataset_alias_example_alias_producer to None, run_after=None
[2024-11-20T00:28:27.159+0000] {logging_mixin.py:190} INFO - [2024-11-20T00:28:27.159+0000] {dag.py:4180} INFO - Setting next_dagrun for dataset_s3_bucket_consumer to None, run_after=None
[2024-11-20T00:28:27.160+0000] {logging_mixin.py:190} INFO - [2024-11-20T00:28:27.160+0000] {dag.py:4180} INFO - Setting next_dagrun for dataset_s3_bucket_producer to None, run_after=None
[2024-11-20T00:28:27.183+0000] {processor.py:208} INFO - Processing /home/ubuntu/airflow_venv/lib/python3.12/site-packages/airflow/example_dags/example_dataset_alias.py took 0.120 seconds
[2024-11-20T00:30:00.019+0000] {processor.py:186} INFO - Started process (PID=3040) to work on /home/ubuntu/airflow_venv/lib/python3.12/site-packages/airflow/example_dags/example_dataset_alias.py
[2024-11-20T00:30:00.020+0000] {processor.py:914} INFO - Processing file /home/ubuntu/airflow_venv/lib/python3.12/site-packages/airflow/example_dags/example_dataset_alias.py for tasks to queue
[2024-11-20T00:30:00.021+0000] {logging_mixin.py:190} INFO - [2024-11-20T00:30:00.021+0000] {dagbag.py:588} INFO - Filling up the DagBag from /home/ubuntu/airflow_venv/lib/python3.12/site-packages/airflow/example_dags/example_dataset_alias.py
[2024-11-20T00:30:00.046+0000] {processor.py:925} INFO - DAG(s) 'dataset_alias_example_alias_consumer', 'dataset_s3_bucket_producer', 'dataset_s3_bucket_consumer', 'dataset_alias_example_alias_producer' retrieved from /home/ubuntu/airflow_venv/lib/python3.12/site-packages/airflow/example_dags/example_dataset_alias.py
[2024-11-20T00:30:00.066+0000] {logging_mixin.py:190} INFO - [2024-11-20T00:30:00.066+0000] {dag.py:3239} INFO - Sync 4 DAGs
[2024-11-20T00:30:00.086+0000] {logging_mixin.py:190} INFO - [2024-11-20T00:30:00.086+0000] {dag.py:4180} INFO - Setting next_dagrun for dataset_alias_example_alias_consumer to None, run_after=None
[2024-11-20T00:30:00.088+0000] {logging_mixin.py:190} INFO - [2024-11-20T00:30:00.088+0000] {dag.py:4180} INFO - Setting next_dagrun for dataset_alias_example_alias_producer to None, run_after=None
[2024-11-20T00:30:00.090+0000] {logging_mixin.py:190} INFO - [2024-11-20T00:30:00.090+0000] {dag.py:4180} INFO - Setting next_dagrun for dataset_s3_bucket_consumer to None, run_after=None
[2024-11-20T00:30:00.090+0000] {logging_mixin.py:190} INFO - [2024-11-20T00:30:00.090+0000] {dag.py:4180} INFO - Setting next_dagrun for dataset_s3_bucket_producer to None, run_after=None
[2024-11-20T00:30:00.121+0000] {processor.py:208} INFO - Processing /home/ubuntu/airflow_venv/lib/python3.12/site-packages/airflow/example_dags/example_dataset_alias.py took 0.110 seconds
[2024-11-20T00:31:22.190+0000] {processor.py:186} INFO - Started process (PID=3245) to work on /home/ubuntu/airflow_venv/lib/python3.12/site-packages/airflow/example_dags/example_dataset_alias.py
[2024-11-20T00:31:22.191+0000] {processor.py:914} INFO - Processing file /home/ubuntu/airflow_venv/lib/python3.12/site-packages/airflow/example_dags/example_dataset_alias.py for tasks to queue
[2024-11-20T00:31:22.192+0000] {logging_mixin.py:190} INFO - [2024-11-20T00:31:22.192+0000] {dagbag.py:588} INFO - Filling up the DagBag from /home/ubuntu/airflow_venv/lib/python3.12/site-packages/airflow/example_dags/example_dataset_alias.py
[2024-11-20T00:31:22.216+0000] {processor.py:925} INFO - DAG(s) 'dataset_s3_bucket_consumer', 'dataset_s3_bucket_producer', 'dataset_alias_example_alias_consumer', 'dataset_alias_example_alias_producer' retrieved from /home/ubuntu/airflow_venv/lib/python3.12/site-packages/airflow/example_dags/example_dataset_alias.py
[2024-11-20T00:31:22.234+0000] {logging_mixin.py:190} INFO - [2024-11-20T00:31:22.234+0000] {dag.py:3239} INFO - Sync 4 DAGs
[2024-11-20T00:31:22.252+0000] {logging_mixin.py:190} INFO - [2024-11-20T00:31:22.252+0000] {dag.py:4180} INFO - Setting next_dagrun for dataset_alias_example_alias_consumer to None, run_after=None
[2024-11-20T00:31:22.255+0000] {logging_mixin.py:190} INFO - [2024-11-20T00:31:22.255+0000] {dag.py:4180} INFO - Setting next_dagrun for dataset_alias_example_alias_producer to None, run_after=None
[2024-11-20T00:31:22.256+0000] {logging_mixin.py:190} INFO - [2024-11-20T00:31:22.256+0000] {dag.py:4180} INFO - Setting next_dagrun for dataset_s3_bucket_consumer to None, run_after=None
[2024-11-20T00:31:22.256+0000] {logging_mixin.py:190} INFO - [2024-11-20T00:31:22.256+0000] {dag.py:4180} INFO - Setting next_dagrun for dataset_s3_bucket_producer to None, run_after=None
[2024-11-20T00:31:22.279+0000] {processor.py:208} INFO - Processing /home/ubuntu/airflow_venv/lib/python3.12/site-packages/airflow/example_dags/example_dataset_alias.py took 0.096 seconds
[2024-11-20T00:32:15.913+0000] {processor.py:186} INFO - Started process (PID=3324) to work on /home/ubuntu/airflow_venv/lib/python3.12/site-packages/airflow/example_dags/example_dataset_alias.py
[2024-11-20T00:32:15.915+0000] {processor.py:914} INFO - Processing file /home/ubuntu/airflow_venv/lib/python3.12/site-packages/airflow/example_dags/example_dataset_alias.py for tasks to queue
[2024-11-20T00:32:15.916+0000] {logging_mixin.py:190} INFO - [2024-11-20T00:32:15.916+0000] {dagbag.py:588} INFO - Filling up the DagBag from /home/ubuntu/airflow_venv/lib/python3.12/site-packages/airflow/example_dags/example_dataset_alias.py
[2024-11-20T00:32:15.940+0000] {processor.py:925} INFO - DAG(s) 'dataset_alias_example_alias_consumer', 'dataset_s3_bucket_producer', 'dataset_alias_example_alias_producer', 'dataset_s3_bucket_consumer' retrieved from /home/ubuntu/airflow_venv/lib/python3.12/site-packages/airflow/example_dags/example_dataset_alias.py
[2024-11-20T00:32:15.958+0000] {logging_mixin.py:190} INFO - [2024-11-20T00:32:15.957+0000] {dag.py:3239} INFO - Sync 4 DAGs
[2024-11-20T00:32:15.977+0000] {logging_mixin.py:190} INFO - [2024-11-20T00:32:15.977+0000] {dag.py:4180} INFO - Setting next_dagrun for dataset_alias_example_alias_consumer to None, run_after=None
[2024-11-20T00:32:15.980+0000] {logging_mixin.py:190} INFO - [2024-11-20T00:32:15.979+0000] {dag.py:4180} INFO - Setting next_dagrun for dataset_alias_example_alias_producer to None, run_after=None
[2024-11-20T00:32:15.981+0000] {logging_mixin.py:190} INFO - [2024-11-20T00:32:15.981+0000] {dag.py:4180} INFO - Setting next_dagrun for dataset_s3_bucket_consumer to None, run_after=None
[2024-11-20T00:32:15.982+0000] {logging_mixin.py:190} INFO - [2024-11-20T00:32:15.982+0000] {dag.py:4180} INFO - Setting next_dagrun for dataset_s3_bucket_producer to None, run_after=None
[2024-11-20T00:32:16.006+0000] {processor.py:208} INFO - Processing /home/ubuntu/airflow_venv/lib/python3.12/site-packages/airflow/example_dags/example_dataset_alias.py took 0.098 seconds
[2024-11-20T00:33:37.421+0000] {processor.py:186} INFO - Started process (PID=3943) to work on /home/ubuntu/airflow_venv/lib/python3.12/site-packages/airflow/example_dags/example_dataset_alias.py
[2024-11-20T00:33:37.423+0000] {processor.py:914} INFO - Processing file /home/ubuntu/airflow_venv/lib/python3.12/site-packages/airflow/example_dags/example_dataset_alias.py for tasks to queue
[2024-11-20T00:33:37.425+0000] {logging_mixin.py:190} INFO - [2024-11-20T00:33:37.424+0000] {dagbag.py:588} INFO - Filling up the DagBag from /home/ubuntu/airflow_venv/lib/python3.12/site-packages/airflow/example_dags/example_dataset_alias.py
[2024-11-20T00:33:37.451+0000] {processor.py:925} INFO - DAG(s) 'dataset_s3_bucket_producer', 'dataset_alias_example_alias_producer', 'dataset_alias_example_alias_consumer', 'dataset_s3_bucket_consumer' retrieved from /home/ubuntu/airflow_venv/lib/python3.12/site-packages/airflow/example_dags/example_dataset_alias.py
[2024-11-20T00:33:37.470+0000] {logging_mixin.py:190} INFO - [2024-11-20T00:33:37.469+0000] {dag.py:3239} INFO - Sync 4 DAGs
[2024-11-20T00:33:37.488+0000] {logging_mixin.py:190} INFO - [2024-11-20T00:33:37.488+0000] {dag.py:4180} INFO - Setting next_dagrun for dataset_alias_example_alias_consumer to None, run_after=None
[2024-11-20T00:33:37.492+0000] {logging_mixin.py:190} INFO - [2024-11-20T00:33:37.492+0000] {dag.py:4180} INFO - Setting next_dagrun for dataset_alias_example_alias_producer to None, run_after=None
[2024-11-20T00:33:37.493+0000] {logging_mixin.py:190} INFO - [2024-11-20T00:33:37.492+0000] {dag.py:4180} INFO - Setting next_dagrun for dataset_s3_bucket_consumer to None, run_after=None
[2024-11-20T00:33:37.493+0000] {logging_mixin.py:190} INFO - [2024-11-20T00:33:37.493+0000] {dag.py:4180} INFO - Setting next_dagrun for dataset_s3_bucket_producer to None, run_after=None
[2024-11-20T00:33:37.516+0000] {processor.py:208} INFO - Processing /home/ubuntu/airflow_venv/lib/python3.12/site-packages/airflow/example_dags/example_dataset_alias.py took 0.102 seconds
[2024-11-20T00:34:44.400+0000] {processor.py:186} INFO - Started process (PID=4053) to work on /home/ubuntu/airflow_venv/lib/python3.12/site-packages/airflow/example_dags/example_dataset_alias.py
[2024-11-20T00:34:44.402+0000] {processor.py:914} INFO - Processing file /home/ubuntu/airflow_venv/lib/python3.12/site-packages/airflow/example_dags/example_dataset_alias.py for tasks to queue
[2024-11-20T00:34:44.404+0000] {logging_mixin.py:190} INFO - [2024-11-20T00:34:44.403+0000] {dagbag.py:588} INFO - Filling up the DagBag from /home/ubuntu/airflow_venv/lib/python3.12/site-packages/airflow/example_dags/example_dataset_alias.py
[2024-11-20T00:34:44.428+0000] {processor.py:925} INFO - DAG(s) 'dataset_alias_example_alias_producer', 'dataset_s3_bucket_consumer', 'dataset_s3_bucket_producer', 'dataset_alias_example_alias_consumer' retrieved from /home/ubuntu/airflow_venv/lib/python3.12/site-packages/airflow/example_dags/example_dataset_alias.py
[2024-11-20T00:34:44.447+0000] {logging_mixin.py:190} INFO - [2024-11-20T00:34:44.446+0000] {dag.py:3239} INFO - Sync 4 DAGs
[2024-11-20T00:34:44.465+0000] {logging_mixin.py:190} INFO - [2024-11-20T00:34:44.465+0000] {dag.py:4180} INFO - Setting next_dagrun for dataset_alias_example_alias_consumer to None, run_after=None
[2024-11-20T00:34:44.467+0000] {logging_mixin.py:190} INFO - [2024-11-20T00:34:44.467+0000] {dag.py:4180} INFO - Setting next_dagrun for dataset_alias_example_alias_producer to None, run_after=None
[2024-11-20T00:34:44.468+0000] {logging_mixin.py:190} INFO - [2024-11-20T00:34:44.468+0000] {dag.py:4180} INFO - Setting next_dagrun for dataset_s3_bucket_consumer to None, run_after=None
[2024-11-20T00:34:44.468+0000] {logging_mixin.py:190} INFO - [2024-11-20T00:34:44.468+0000] {dag.py:4180} INFO - Setting next_dagrun for dataset_s3_bucket_producer to None, run_after=None
[2024-11-20T00:34:44.493+0000] {processor.py:208} INFO - Processing /home/ubuntu/airflow_venv/lib/python3.12/site-packages/airflow/example_dags/example_dataset_alias.py took 0.099 seconds
[2024-11-20T00:35:41.074+0000] {processor.py:186} INFO - Started process (PID=4140) to work on /home/ubuntu/airflow_venv/lib/python3.12/site-packages/airflow/example_dags/example_dataset_alias.py
[2024-11-20T00:35:41.075+0000] {processor.py:914} INFO - Processing file /home/ubuntu/airflow_venv/lib/python3.12/site-packages/airflow/example_dags/example_dataset_alias.py for tasks to queue
[2024-11-20T00:35:41.077+0000] {logging_mixin.py:190} INFO - [2024-11-20T00:35:41.076+0000] {dagbag.py:588} INFO - Filling up the DagBag from /home/ubuntu/airflow_venv/lib/python3.12/site-packages/airflow/example_dags/example_dataset_alias.py
[2024-11-20T00:35:41.100+0000] {processor.py:925} INFO - DAG(s) 'dataset_s3_bucket_producer', 'dataset_s3_bucket_consumer', 'dataset_alias_example_alias_producer', 'dataset_alias_example_alias_consumer' retrieved from /home/ubuntu/airflow_venv/lib/python3.12/site-packages/airflow/example_dags/example_dataset_alias.py
[2024-11-20T00:35:41.118+0000] {logging_mixin.py:190} INFO - [2024-11-20T00:35:41.118+0000] {dag.py:3239} INFO - Sync 4 DAGs
[2024-11-20T00:35:41.137+0000] {logging_mixin.py:190} INFO - [2024-11-20T00:35:41.137+0000] {dag.py:4180} INFO - Setting next_dagrun for dataset_alias_example_alias_consumer to None, run_after=None
[2024-11-20T00:35:41.139+0000] {logging_mixin.py:190} INFO - [2024-11-20T00:35:41.139+0000] {dag.py:4180} INFO - Setting next_dagrun for dataset_alias_example_alias_producer to None, run_after=None
[2024-11-20T00:35:41.140+0000] {logging_mixin.py:190} INFO - [2024-11-20T00:35:41.139+0000] {dag.py:4180} INFO - Setting next_dagrun for dataset_s3_bucket_consumer to None, run_after=None
[2024-11-20T00:35:41.141+0000] {logging_mixin.py:190} INFO - [2024-11-20T00:35:41.141+0000] {dag.py:4180} INFO - Setting next_dagrun for dataset_s3_bucket_producer to None, run_after=None
[2024-11-20T00:35:41.163+0000] {processor.py:208} INFO - Processing /home/ubuntu/airflow_venv/lib/python3.12/site-packages/airflow/example_dags/example_dataset_alias.py took 0.098 seconds
[2024-11-20T00:37:01.381+0000] {processor.py:186} INFO - Started process (PID=4222) to work on /home/ubuntu/airflow_venv/lib/python3.12/site-packages/airflow/example_dags/example_dataset_alias.py
[2024-11-20T00:37:01.382+0000] {processor.py:914} INFO - Processing file /home/ubuntu/airflow_venv/lib/python3.12/site-packages/airflow/example_dags/example_dataset_alias.py for tasks to queue
[2024-11-20T00:37:01.384+0000] {logging_mixin.py:190} INFO - [2024-11-20T00:37:01.383+0000] {dagbag.py:588} INFO - Filling up the DagBag from /home/ubuntu/airflow_venv/lib/python3.12/site-packages/airflow/example_dags/example_dataset_alias.py
[2024-11-20T00:37:01.408+0000] {processor.py:925} INFO - DAG(s) 'dataset_alias_example_alias_producer', 'dataset_s3_bucket_consumer', 'dataset_s3_bucket_producer', 'dataset_alias_example_alias_consumer' retrieved from /home/ubuntu/airflow_venv/lib/python3.12/site-packages/airflow/example_dags/example_dataset_alias.py
[2024-11-20T00:37:01.428+0000] {logging_mixin.py:190} INFO - [2024-11-20T00:37:01.427+0000] {dag.py:3239} INFO - Sync 4 DAGs
[2024-11-20T00:37:01.446+0000] {logging_mixin.py:190} INFO - [2024-11-20T00:37:01.445+0000] {dag.py:4180} INFO - Setting next_dagrun for dataset_alias_example_alias_consumer to None, run_after=None
[2024-11-20T00:37:01.448+0000] {logging_mixin.py:190} INFO - [2024-11-20T00:37:01.448+0000] {dag.py:4180} INFO - Setting next_dagrun for dataset_alias_example_alias_producer to None, run_after=None
[2024-11-20T00:37:01.449+0000] {logging_mixin.py:190} INFO - [2024-11-20T00:37:01.449+0000] {dag.py:4180} INFO - Setting next_dagrun for dataset_s3_bucket_consumer to None, run_after=None
[2024-11-20T00:37:01.450+0000] {logging_mixin.py:190} INFO - [2024-11-20T00:37:01.450+0000] {dag.py:4180} INFO - Setting next_dagrun for dataset_s3_bucket_producer to None, run_after=None
[2024-11-20T00:37:01.477+0000] {processor.py:208} INFO - Processing /home/ubuntu/airflow_venv/lib/python3.12/site-packages/airflow/example_dags/example_dataset_alias.py took 0.103 seconds
[2024-11-20T00:38:25.531+0000] {processor.py:186} INFO - Started process (PID=4335) to work on /home/ubuntu/airflow_venv/lib/python3.12/site-packages/airflow/example_dags/example_dataset_alias.py
[2024-11-20T00:38:25.533+0000] {processor.py:914} INFO - Processing file /home/ubuntu/airflow_venv/lib/python3.12/site-packages/airflow/example_dags/example_dataset_alias.py for tasks to queue
[2024-11-20T00:38:25.535+0000] {logging_mixin.py:190} INFO - [2024-11-20T00:38:25.534+0000] {dagbag.py:588} INFO - Filling up the DagBag from /home/ubuntu/airflow_venv/lib/python3.12/site-packages/airflow/example_dags/example_dataset_alias.py
[2024-11-20T00:38:25.557+0000] {processor.py:925} INFO - DAG(s) 'dataset_alias_example_alias_producer', 'dataset_s3_bucket_consumer', 'dataset_alias_example_alias_consumer', 'dataset_s3_bucket_producer' retrieved from /home/ubuntu/airflow_venv/lib/python3.12/site-packages/airflow/example_dags/example_dataset_alias.py
[2024-11-20T00:38:25.575+0000] {logging_mixin.py:190} INFO - [2024-11-20T00:38:25.575+0000] {dag.py:3239} INFO - Sync 4 DAGs
[2024-11-20T00:38:25.594+0000] {logging_mixin.py:190} INFO - [2024-11-20T00:38:25.594+0000] {dag.py:4180} INFO - Setting next_dagrun for dataset_alias_example_alias_consumer to None, run_after=None
[2024-11-20T00:38:25.599+0000] {logging_mixin.py:190} INFO - [2024-11-20T00:38:25.599+0000] {dag.py:4180} INFO - Setting next_dagrun for dataset_alias_example_alias_producer to None, run_after=None
[2024-11-20T00:38:25.601+0000] {logging_mixin.py:190} INFO - [2024-11-20T00:38:25.601+0000] {dag.py:4180} INFO - Setting next_dagrun for dataset_s3_bucket_consumer to None, run_after=None
[2024-11-20T00:38:25.603+0000] {logging_mixin.py:190} INFO - [2024-11-20T00:38:25.602+0000] {dag.py:4180} INFO - Setting next_dagrun for dataset_s3_bucket_producer to None, run_after=None
[2024-11-20T00:38:25.628+0000] {processor.py:208} INFO - Processing /home/ubuntu/airflow_venv/lib/python3.12/site-packages/airflow/example_dags/example_dataset_alias.py took 0.103 seconds
[2024-11-20T00:39:52.999+0000] {processor.py:186} INFO - Started process (PID=4454) to work on /home/ubuntu/airflow_venv/lib/python3.12/site-packages/airflow/example_dags/example_dataset_alias.py
[2024-11-20T00:39:53.000+0000] {processor.py:914} INFO - Processing file /home/ubuntu/airflow_venv/lib/python3.12/site-packages/airflow/example_dags/example_dataset_alias.py for tasks to queue
[2024-11-20T00:39:53.001+0000] {logging_mixin.py:190} INFO - [2024-11-20T00:39:53.001+0000] {dagbag.py:588} INFO - Filling up the DagBag from /home/ubuntu/airflow_venv/lib/python3.12/site-packages/airflow/example_dags/example_dataset_alias.py
[2024-11-20T00:39:53.025+0000] {processor.py:925} INFO - DAG(s) 'dataset_s3_bucket_producer', 'dataset_s3_bucket_consumer', 'dataset_alias_example_alias_consumer', 'dataset_alias_example_alias_producer' retrieved from /home/ubuntu/airflow_venv/lib/python3.12/site-packages/airflow/example_dags/example_dataset_alias.py
[2024-11-20T00:39:53.048+0000] {logging_mixin.py:190} INFO - [2024-11-20T00:39:53.048+0000] {dag.py:3239} INFO - Sync 4 DAGs
[2024-11-20T00:39:53.071+0000] {logging_mixin.py:190} INFO - [2024-11-20T00:39:53.071+0000] {dag.py:4180} INFO - Setting next_dagrun for dataset_alias_example_alias_consumer to None, run_after=None
[2024-11-20T00:39:53.073+0000] {logging_mixin.py:190} INFO - [2024-11-20T00:39:53.073+0000] {dag.py:4180} INFO - Setting next_dagrun for dataset_alias_example_alias_producer to None, run_after=None
[2024-11-20T00:39:53.074+0000] {logging_mixin.py:190} INFO - [2024-11-20T00:39:53.074+0000] {dag.py:4180} INFO - Setting next_dagrun for dataset_s3_bucket_consumer to None, run_after=None
[2024-11-20T00:39:53.075+0000] {logging_mixin.py:190} INFO - [2024-11-20T00:39:53.074+0000] {dag.py:4180} INFO - Setting next_dagrun for dataset_s3_bucket_producer to None, run_after=None
[2024-11-20T00:39:53.099+0000] {processor.py:208} INFO - Processing /home/ubuntu/airflow_venv/lib/python3.12/site-packages/airflow/example_dags/example_dataset_alias.py took 0.109 seconds
[2024-11-20T00:40:53.173+0000] {processor.py:186} INFO - Started process (PID=4520) to work on /home/ubuntu/airflow_venv/lib/python3.12/site-packages/airflow/example_dags/example_dataset_alias.py
[2024-11-20T00:40:53.175+0000] {processor.py:914} INFO - Processing file /home/ubuntu/airflow_venv/lib/python3.12/site-packages/airflow/example_dags/example_dataset_alias.py for tasks to queue
[2024-11-20T00:40:53.177+0000] {logging_mixin.py:190} INFO - [2024-11-20T00:40:53.177+0000] {dagbag.py:588} INFO - Filling up the DagBag from /home/ubuntu/airflow_venv/lib/python3.12/site-packages/airflow/example_dags/example_dataset_alias.py
[2024-11-20T00:40:53.200+0000] {processor.py:925} INFO - DAG(s) 'dataset_alias_example_alias_producer', 'dataset_s3_bucket_consumer', 'dataset_alias_example_alias_consumer', 'dataset_s3_bucket_producer' retrieved from /home/ubuntu/airflow_venv/lib/python3.12/site-packages/airflow/example_dags/example_dataset_alias.py
[2024-11-20T00:40:53.217+0000] {logging_mixin.py:190} INFO - [2024-11-20T00:40:53.217+0000] {dag.py:3239} INFO - Sync 4 DAGs
[2024-11-20T00:40:53.236+0000] {logging_mixin.py:190} INFO - [2024-11-20T00:40:53.236+0000] {dag.py:4180} INFO - Setting next_dagrun for dataset_alias_example_alias_consumer to None, run_after=None
[2024-11-20T00:40:53.238+0000] {logging_mixin.py:190} INFO - [2024-11-20T00:40:53.238+0000] {dag.py:4180} INFO - Setting next_dagrun for dataset_alias_example_alias_producer to None, run_after=None
[2024-11-20T00:40:53.239+0000] {logging_mixin.py:190} INFO - [2024-11-20T00:40:53.239+0000] {dag.py:4180} INFO - Setting next_dagrun for dataset_s3_bucket_consumer to None, run_after=None
[2024-11-20T00:40:53.240+0000] {logging_mixin.py:190} INFO - [2024-11-20T00:40:53.240+0000] {dag.py:4180} INFO - Setting next_dagrun for dataset_s3_bucket_producer to None, run_after=None
[2024-11-20T00:40:53.263+0000] {processor.py:208} INFO - Processing /home/ubuntu/airflow_venv/lib/python3.12/site-packages/airflow/example_dags/example_dataset_alias.py took 0.098 seconds
[2024-11-20T00:42:08.829+0000] {processor.py:186} INFO - Started process (PID=4602) to work on /home/ubuntu/airflow_venv/lib/python3.12/site-packages/airflow/example_dags/example_dataset_alias.py
[2024-11-20T00:42:08.831+0000] {processor.py:914} INFO - Processing file /home/ubuntu/airflow_venv/lib/python3.12/site-packages/airflow/example_dags/example_dataset_alias.py for tasks to queue
[2024-11-20T00:42:08.833+0000] {logging_mixin.py:190} INFO - [2024-11-20T00:42:08.832+0000] {dagbag.py:588} INFO - Filling up the DagBag from /home/ubuntu/airflow_venv/lib/python3.12/site-packages/airflow/example_dags/example_dataset_alias.py
[2024-11-20T00:42:08.857+0000] {processor.py:925} INFO - DAG(s) 'dataset_alias_example_alias_producer', 'dataset_s3_bucket_consumer', 'dataset_s3_bucket_producer', 'dataset_alias_example_alias_consumer' retrieved from /home/ubuntu/airflow_venv/lib/python3.12/site-packages/airflow/example_dags/example_dataset_alias.py
[2024-11-20T00:42:08.873+0000] {logging_mixin.py:190} INFO - [2024-11-20T00:42:08.873+0000] {dag.py:3239} INFO - Sync 4 DAGs
[2024-11-20T00:42:08.892+0000] {logging_mixin.py:190} INFO - [2024-11-20T00:42:08.891+0000] {dag.py:4180} INFO - Setting next_dagrun for dataset_alias_example_alias_consumer to None, run_after=None
[2024-11-20T00:42:08.894+0000] {logging_mixin.py:190} INFO - [2024-11-20T00:42:08.894+0000] {dag.py:4180} INFO - Setting next_dagrun for dataset_alias_example_alias_producer to None, run_after=None
[2024-11-20T00:42:08.895+0000] {logging_mixin.py:190} INFO - [2024-11-20T00:42:08.895+0000] {dag.py:4180} INFO - Setting next_dagrun for dataset_s3_bucket_consumer to None, run_after=None
[2024-11-20T00:42:08.896+0000] {logging_mixin.py:190} INFO - [2024-11-20T00:42:08.896+0000] {dag.py:4180} INFO - Setting next_dagrun for dataset_s3_bucket_producer to None, run_after=None
[2024-11-20T00:42:08.919+0000] {processor.py:208} INFO - Processing /home/ubuntu/airflow_venv/lib/python3.12/site-packages/airflow/example_dags/example_dataset_alias.py took 0.096 seconds
[2024-11-20T00:43:07.329+0000] {processor.py:186} INFO - Started process (PID=4659) to work on /home/ubuntu/airflow_venv/lib/python3.12/site-packages/airflow/example_dags/example_dataset_alias.py
[2024-11-20T00:43:07.331+0000] {processor.py:914} INFO - Processing file /home/ubuntu/airflow_venv/lib/python3.12/site-packages/airflow/example_dags/example_dataset_alias.py for tasks to queue
[2024-11-20T00:43:07.332+0000] {logging_mixin.py:190} INFO - [2024-11-20T00:43:07.331+0000] {dagbag.py:588} INFO - Filling up the DagBag from /home/ubuntu/airflow_venv/lib/python3.12/site-packages/airflow/example_dags/example_dataset_alias.py
[2024-11-20T00:43:07.355+0000] {processor.py:925} INFO - DAG(s) 'dataset_s3_bucket_producer', 'dataset_s3_bucket_consumer', 'dataset_alias_example_alias_producer', 'dataset_alias_example_alias_consumer' retrieved from /home/ubuntu/airflow_venv/lib/python3.12/site-packages/airflow/example_dags/example_dataset_alias.py
[2024-11-20T00:43:07.372+0000] {logging_mixin.py:190} INFO - [2024-11-20T00:43:07.372+0000] {dag.py:3239} INFO - Sync 4 DAGs
[2024-11-20T00:43:07.390+0000] {logging_mixin.py:190} INFO - [2024-11-20T00:43:07.389+0000] {dag.py:4180} INFO - Setting next_dagrun for dataset_alias_example_alias_consumer to None, run_after=None
[2024-11-20T00:43:07.392+0000] {logging_mixin.py:190} INFO - [2024-11-20T00:43:07.392+0000] {dag.py:4180} INFO - Setting next_dagrun for dataset_alias_example_alias_producer to None, run_after=None
[2024-11-20T00:43:07.393+0000] {logging_mixin.py:190} INFO - [2024-11-20T00:43:07.393+0000] {dag.py:4180} INFO - Setting next_dagrun for dataset_s3_bucket_consumer to None, run_after=None
[2024-11-20T00:43:07.394+0000] {logging_mixin.py:190} INFO - [2024-11-20T00:43:07.394+0000] {dag.py:4180} INFO - Setting next_dagrun for dataset_s3_bucket_producer to None, run_after=None
[2024-11-20T00:43:07.419+0000] {processor.py:208} INFO - Processing /home/ubuntu/airflow_venv/lib/python3.12/site-packages/airflow/example_dags/example_dataset_alias.py took 0.098 seconds
[2024-11-20T00:44:01.596+0000] {processor.py:186} INFO - Started process (PID=4718) to work on /home/ubuntu/airflow_venv/lib/python3.12/site-packages/airflow/example_dags/example_dataset_alias.py
[2024-11-20T00:44:01.598+0000] {processor.py:914} INFO - Processing file /home/ubuntu/airflow_venv/lib/python3.12/site-packages/airflow/example_dags/example_dataset_alias.py for tasks to queue
[2024-11-20T00:44:01.599+0000] {logging_mixin.py:190} INFO - [2024-11-20T00:44:01.598+0000] {dagbag.py:588} INFO - Filling up the DagBag from /home/ubuntu/airflow_venv/lib/python3.12/site-packages/airflow/example_dags/example_dataset_alias.py
[2024-11-20T00:44:01.624+0000] {processor.py:925} INFO - DAG(s) 'dataset_alias_example_alias_consumer', 'dataset_s3_bucket_producer', 'dataset_s3_bucket_consumer', 'dataset_alias_example_alias_producer' retrieved from /home/ubuntu/airflow_venv/lib/python3.12/site-packages/airflow/example_dags/example_dataset_alias.py
[2024-11-20T00:44:01.645+0000] {logging_mixin.py:190} INFO - [2024-11-20T00:44:01.644+0000] {dag.py:3239} INFO - Sync 4 DAGs
[2024-11-20T00:44:01.666+0000] {logging_mixin.py:190} INFO - [2024-11-20T00:44:01.666+0000] {dag.py:4180} INFO - Setting next_dagrun for dataset_alias_example_alias_consumer to None, run_after=None
[2024-11-20T00:44:01.668+0000] {logging_mixin.py:190} INFO - [2024-11-20T00:44:01.668+0000] {dag.py:4180} INFO - Setting next_dagrun for dataset_alias_example_alias_producer to None, run_after=None
[2024-11-20T00:44:01.669+0000] {logging_mixin.py:190} INFO - [2024-11-20T00:44:01.669+0000] {dag.py:4180} INFO - Setting next_dagrun for dataset_s3_bucket_consumer to None, run_after=None
[2024-11-20T00:44:01.670+0000] {logging_mixin.py:190} INFO - [2024-11-20T00:44:01.669+0000] {dag.py:4180} INFO - Setting next_dagrun for dataset_s3_bucket_producer to None, run_after=None
[2024-11-20T00:44:01.695+0000] {processor.py:208} INFO - Processing /home/ubuntu/airflow_venv/lib/python3.12/site-packages/airflow/example_dags/example_dataset_alias.py took 0.108 seconds
[2024-11-20T00:45:24.127+0000] {processor.py:186} INFO - Started process (PID=4805) to work on /home/ubuntu/airflow_venv/lib/python3.12/site-packages/airflow/example_dags/example_dataset_alias.py
[2024-11-20T00:45:24.128+0000] {processor.py:914} INFO - Processing file /home/ubuntu/airflow_venv/lib/python3.12/site-packages/airflow/example_dags/example_dataset_alias.py for tasks to queue
[2024-11-20T00:45:24.130+0000] {logging_mixin.py:190} INFO - [2024-11-20T00:45:24.130+0000] {dagbag.py:588} INFO - Filling up the DagBag from /home/ubuntu/airflow_venv/lib/python3.12/site-packages/airflow/example_dags/example_dataset_alias.py
[2024-11-20T00:45:24.164+0000] {processor.py:925} INFO - DAG(s) 'dataset_alias_example_alias_consumer', 'dataset_alias_example_alias_producer', 'dataset_s3_bucket_consumer', 'dataset_s3_bucket_producer' retrieved from /home/ubuntu/airflow_venv/lib/python3.12/site-packages/airflow/example_dags/example_dataset_alias.py
[2024-11-20T00:45:24.181+0000] {logging_mixin.py:190} INFO - [2024-11-20T00:45:24.181+0000] {dag.py:3239} INFO - Sync 4 DAGs
[2024-11-20T00:45:24.200+0000] {logging_mixin.py:190} INFO - [2024-11-20T00:45:24.200+0000] {dag.py:4180} INFO - Setting next_dagrun for dataset_alias_example_alias_consumer to None, run_after=None
[2024-11-20T00:45:24.202+0000] {logging_mixin.py:190} INFO - [2024-11-20T00:45:24.202+0000] {dag.py:4180} INFO - Setting next_dagrun for dataset_alias_example_alias_producer to None, run_after=None
[2024-11-20T00:45:24.203+0000] {logging_mixin.py:190} INFO - [2024-11-20T00:45:24.203+0000] {dag.py:4180} INFO - Setting next_dagrun for dataset_s3_bucket_consumer to None, run_after=None
[2024-11-20T00:45:24.203+0000] {logging_mixin.py:190} INFO - [2024-11-20T00:45:24.203+0000] {dag.py:4180} INFO - Setting next_dagrun for dataset_s3_bucket_producer to None, run_after=None
[2024-11-20T00:45:24.228+0000] {processor.py:208} INFO - Processing /home/ubuntu/airflow_venv/lib/python3.12/site-packages/airflow/example_dags/example_dataset_alias.py took 0.108 seconds
[2024-11-20T00:46:19.313+0000] {processor.py:186} INFO - Started process (PID=4863) to work on /home/ubuntu/airflow_venv/lib/python3.12/site-packages/airflow/example_dags/example_dataset_alias.py
[2024-11-20T00:46:19.314+0000] {processor.py:914} INFO - Processing file /home/ubuntu/airflow_venv/lib/python3.12/site-packages/airflow/example_dags/example_dataset_alias.py for tasks to queue
[2024-11-20T00:46:19.315+0000] {logging_mixin.py:190} INFO - [2024-11-20T00:46:19.315+0000] {dagbag.py:588} INFO - Filling up the DagBag from /home/ubuntu/airflow_venv/lib/python3.12/site-packages/airflow/example_dags/example_dataset_alias.py
[2024-11-20T00:46:19.338+0000] {processor.py:925} INFO - DAG(s) 'dataset_s3_bucket_producer', 'dataset_s3_bucket_consumer', 'dataset_alias_example_alias_consumer', 'dataset_alias_example_alias_producer' retrieved from /home/ubuntu/airflow_venv/lib/python3.12/site-packages/airflow/example_dags/example_dataset_alias.py
[2024-11-20T00:46:19.355+0000] {logging_mixin.py:190} INFO - [2024-11-20T00:46:19.355+0000] {dag.py:3239} INFO - Sync 4 DAGs
[2024-11-20T00:46:19.374+0000] {logging_mixin.py:190} INFO - [2024-11-20T00:46:19.374+0000] {dag.py:4180} INFO - Setting next_dagrun for dataset_alias_example_alias_consumer to None, run_after=None
[2024-11-20T00:46:19.377+0000] {logging_mixin.py:190} INFO - [2024-11-20T00:46:19.376+0000] {dag.py:4180} INFO - Setting next_dagrun for dataset_alias_example_alias_producer to None, run_after=None
[2024-11-20T00:46:19.377+0000] {logging_mixin.py:190} INFO - [2024-11-20T00:46:19.377+0000] {dag.py:4180} INFO - Setting next_dagrun for dataset_s3_bucket_consumer to None, run_after=None
[2024-11-20T00:46:19.378+0000] {logging_mixin.py:190} INFO - [2024-11-20T00:46:19.378+0000] {dag.py:4180} INFO - Setting next_dagrun for dataset_s3_bucket_producer to None, run_after=None
[2024-11-20T00:46:19.401+0000] {processor.py:208} INFO - Processing /home/ubuntu/airflow_venv/lib/python3.12/site-packages/airflow/example_dags/example_dataset_alias.py took 0.095 seconds
[2024-11-20T00:47:37.800+0000] {processor.py:186} INFO - Started process (PID=4944) to work on /home/ubuntu/airflow_venv/lib/python3.12/site-packages/airflow/example_dags/example_dataset_alias.py
[2024-11-20T00:47:37.801+0000] {processor.py:914} INFO - Processing file /home/ubuntu/airflow_venv/lib/python3.12/site-packages/airflow/example_dags/example_dataset_alias.py for tasks to queue
[2024-11-20T00:47:37.802+0000] {logging_mixin.py:190} INFO - [2024-11-20T00:47:37.802+0000] {dagbag.py:588} INFO - Filling up the DagBag from /home/ubuntu/airflow_venv/lib/python3.12/site-packages/airflow/example_dags/example_dataset_alias.py
[2024-11-20T00:47:37.836+0000] {processor.py:925} INFO - DAG(s) 'dataset_alias_example_alias_producer', 'dataset_alias_example_alias_consumer', 'dataset_s3_bucket_consumer', 'dataset_s3_bucket_producer' retrieved from /home/ubuntu/airflow_venv/lib/python3.12/site-packages/airflow/example_dags/example_dataset_alias.py
[2024-11-20T00:47:37.853+0000] {logging_mixin.py:190} INFO - [2024-11-20T00:47:37.853+0000] {dag.py:3239} INFO - Sync 4 DAGs
[2024-11-20T00:47:37.872+0000] {logging_mixin.py:190} INFO - [2024-11-20T00:47:37.872+0000] {dag.py:4180} INFO - Setting next_dagrun for dataset_alias_example_alias_consumer to None, run_after=None
[2024-11-20T00:47:37.874+0000] {logging_mixin.py:190} INFO - [2024-11-20T00:47:37.874+0000] {dag.py:4180} INFO - Setting next_dagrun for dataset_alias_example_alias_producer to None, run_after=None
[2024-11-20T00:47:37.875+0000] {logging_mixin.py:190} INFO - [2024-11-20T00:47:37.875+0000] {dag.py:4180} INFO - Setting next_dagrun for dataset_s3_bucket_consumer to None, run_after=None
[2024-11-20T00:47:37.875+0000] {logging_mixin.py:190} INFO - [2024-11-20T00:47:37.875+0000] {dag.py:4180} INFO - Setting next_dagrun for dataset_s3_bucket_producer to None, run_after=None
[2024-11-20T00:47:37.899+0000] {processor.py:208} INFO - Processing /home/ubuntu/airflow_venv/lib/python3.12/site-packages/airflow/example_dags/example_dataset_alias.py took 0.105 seconds
[2024-11-20T00:48:59.322+0000] {processor.py:186} INFO - Started process (PID=5027) to work on /home/ubuntu/airflow_venv/lib/python3.12/site-packages/airflow/example_dags/example_dataset_alias.py
[2024-11-20T00:48:59.324+0000] {processor.py:914} INFO - Processing file /home/ubuntu/airflow_venv/lib/python3.12/site-packages/airflow/example_dags/example_dataset_alias.py for tasks to queue
[2024-11-20T00:48:59.325+0000] {logging_mixin.py:190} INFO - [2024-11-20T00:48:59.324+0000] {dagbag.py:588} INFO - Filling up the DagBag from /home/ubuntu/airflow_venv/lib/python3.12/site-packages/airflow/example_dags/example_dataset_alias.py
[2024-11-20T00:48:59.348+0000] {processor.py:925} INFO - DAG(s) 'dataset_s3_bucket_producer', 'dataset_alias_example_alias_producer', 'dataset_s3_bucket_consumer', 'dataset_alias_example_alias_consumer' retrieved from /home/ubuntu/airflow_venv/lib/python3.12/site-packages/airflow/example_dags/example_dataset_alias.py
[2024-11-20T00:48:59.365+0000] {logging_mixin.py:190} INFO - [2024-11-20T00:48:59.365+0000] {dag.py:3239} INFO - Sync 4 DAGs
[2024-11-20T00:48:59.383+0000] {logging_mixin.py:190} INFO - [2024-11-20T00:48:59.383+0000] {dag.py:4180} INFO - Setting next_dagrun for dataset_alias_example_alias_consumer to None, run_after=None
[2024-11-20T00:48:59.385+0000] {logging_mixin.py:190} INFO - [2024-11-20T00:48:59.385+0000] {dag.py:4180} INFO - Setting next_dagrun for dataset_alias_example_alias_producer to None, run_after=None
[2024-11-20T00:48:59.386+0000] {logging_mixin.py:190} INFO - [2024-11-20T00:48:59.386+0000] {dag.py:4180} INFO - Setting next_dagrun for dataset_s3_bucket_consumer to None, run_after=None
[2024-11-20T00:48:59.387+0000] {logging_mixin.py:190} INFO - [2024-11-20T00:48:59.387+0000] {dag.py:4180} INFO - Setting next_dagrun for dataset_s3_bucket_producer to None, run_after=None
[2024-11-20T00:48:59.412+0000] {processor.py:208} INFO - Processing /home/ubuntu/airflow_venv/lib/python3.12/site-packages/airflow/example_dags/example_dataset_alias.py took 0.096 seconds
[2024-11-20T00:50:18.744+0000] {processor.py:186} INFO - Started process (PID=5112) to work on /home/ubuntu/airflow_venv/lib/python3.12/site-packages/airflow/example_dags/example_dataset_alias.py
[2024-11-20T00:50:18.745+0000] {processor.py:914} INFO - Processing file /home/ubuntu/airflow_venv/lib/python3.12/site-packages/airflow/example_dags/example_dataset_alias.py for tasks to queue
[2024-11-20T00:50:18.747+0000] {logging_mixin.py:190} INFO - [2024-11-20T00:50:18.747+0000] {dagbag.py:588} INFO - Filling up the DagBag from /home/ubuntu/airflow_venv/lib/python3.12/site-packages/airflow/example_dags/example_dataset_alias.py
[2024-11-20T00:50:18.772+0000] {processor.py:925} INFO - DAG(s) 'dataset_alias_example_alias_consumer', 'dataset_s3_bucket_producer', 'dataset_s3_bucket_consumer', 'dataset_alias_example_alias_producer' retrieved from /home/ubuntu/airflow_venv/lib/python3.12/site-packages/airflow/example_dags/example_dataset_alias.py
[2024-11-20T00:50:18.790+0000] {logging_mixin.py:190} INFO - [2024-11-20T00:50:18.789+0000] {dag.py:3239} INFO - Sync 4 DAGs
[2024-11-20T00:50:18.807+0000] {logging_mixin.py:190} INFO - [2024-11-20T00:50:18.807+0000] {dag.py:4180} INFO - Setting next_dagrun for dataset_alias_example_alias_consumer to None, run_after=None
[2024-11-20T00:50:18.809+0000] {logging_mixin.py:190} INFO - [2024-11-20T00:50:18.808+0000] {dag.py:4180} INFO - Setting next_dagrun for dataset_alias_example_alias_producer to None, run_after=None
[2024-11-20T00:50:18.810+0000] {logging_mixin.py:190} INFO - [2024-11-20T00:50:18.810+0000] {dag.py:4180} INFO - Setting next_dagrun for dataset_s3_bucket_consumer to None, run_after=None
[2024-11-20T00:50:18.811+0000] {logging_mixin.py:190} INFO - [2024-11-20T00:50:18.811+0000] {dag.py:4180} INFO - Setting next_dagrun for dataset_s3_bucket_producer to None, run_after=None
[2024-11-20T00:50:18.835+0000] {processor.py:208} INFO - Processing /home/ubuntu/airflow_venv/lib/python3.12/site-packages/airflow/example_dags/example_dataset_alias.py took 0.098 seconds
[2024-11-20T00:51:43.833+0000] {processor.py:186} INFO - Started process (PID=5200) to work on /home/ubuntu/airflow_venv/lib/python3.12/site-packages/airflow/example_dags/example_dataset_alias.py
[2024-11-20T00:51:43.835+0000] {processor.py:914} INFO - Processing file /home/ubuntu/airflow_venv/lib/python3.12/site-packages/airflow/example_dags/example_dataset_alias.py for tasks to queue
[2024-11-20T00:51:43.836+0000] {logging_mixin.py:190} INFO - [2024-11-20T00:51:43.836+0000] {dagbag.py:588} INFO - Filling up the DagBag from /home/ubuntu/airflow_venv/lib/python3.12/site-packages/airflow/example_dags/example_dataset_alias.py
[2024-11-20T00:51:43.860+0000] {processor.py:925} INFO - DAG(s) 'dataset_alias_example_alias_producer', 'dataset_s3_bucket_producer', 'dataset_s3_bucket_consumer', 'dataset_alias_example_alias_consumer' retrieved from /home/ubuntu/airflow_venv/lib/python3.12/site-packages/airflow/example_dags/example_dataset_alias.py
[2024-11-20T00:51:43.877+0000] {logging_mixin.py:190} INFO - [2024-11-20T00:51:43.877+0000] {dag.py:3239} INFO - Sync 4 DAGs
[2024-11-20T00:51:43.895+0000] {logging_mixin.py:190} INFO - [2024-11-20T00:51:43.894+0000] {dag.py:4180} INFO - Setting next_dagrun for dataset_alias_example_alias_consumer to None, run_after=None
[2024-11-20T00:51:43.897+0000] {logging_mixin.py:190} INFO - [2024-11-20T00:51:43.897+0000] {dag.py:4180} INFO - Setting next_dagrun for dataset_alias_example_alias_producer to None, run_after=None
[2024-11-20T00:51:43.898+0000] {logging_mixin.py:190} INFO - [2024-11-20T00:51:43.897+0000] {dag.py:4180} INFO - Setting next_dagrun for dataset_s3_bucket_consumer to None, run_after=None
[2024-11-20T00:51:43.898+0000] {logging_mixin.py:190} INFO - [2024-11-20T00:51:43.898+0000] {dag.py:4180} INFO - Setting next_dagrun for dataset_s3_bucket_producer to None, run_after=None
[2024-11-20T00:51:43.923+0000] {processor.py:208} INFO - Processing /home/ubuntu/airflow_venv/lib/python3.12/site-packages/airflow/example_dags/example_dataset_alias.py took 0.098 seconds
[2024-11-20T00:53:08.150+0000] {processor.py:186} INFO - Started process (PID=5286) to work on /home/ubuntu/airflow_venv/lib/python3.12/site-packages/airflow/example_dags/example_dataset_alias.py
[2024-11-20T00:53:08.151+0000] {processor.py:914} INFO - Processing file /home/ubuntu/airflow_venv/lib/python3.12/site-packages/airflow/example_dags/example_dataset_alias.py for tasks to queue
[2024-11-20T00:53:08.153+0000] {logging_mixin.py:190} INFO - [2024-11-20T00:53:08.153+0000] {dagbag.py:588} INFO - Filling up the DagBag from /home/ubuntu/airflow_venv/lib/python3.12/site-packages/airflow/example_dags/example_dataset_alias.py
[2024-11-20T00:53:08.176+0000] {processor.py:925} INFO - DAG(s) 'dataset_s3_bucket_producer', 'dataset_alias_example_alias_consumer', 'dataset_s3_bucket_consumer', 'dataset_alias_example_alias_producer' retrieved from /home/ubuntu/airflow_venv/lib/python3.12/site-packages/airflow/example_dags/example_dataset_alias.py
[2024-11-20T00:53:08.193+0000] {logging_mixin.py:190} INFO - [2024-11-20T00:53:08.193+0000] {dag.py:3239} INFO - Sync 4 DAGs
[2024-11-20T00:53:08.211+0000] {logging_mixin.py:190} INFO - [2024-11-20T00:53:08.210+0000] {dag.py:4180} INFO - Setting next_dagrun for dataset_alias_example_alias_consumer to None, run_after=None
[2024-11-20T00:53:08.213+0000] {logging_mixin.py:190} INFO - [2024-11-20T00:53:08.213+0000] {dag.py:4180} INFO - Setting next_dagrun for dataset_alias_example_alias_producer to None, run_after=None
[2024-11-20T00:53:08.214+0000] {logging_mixin.py:190} INFO - [2024-11-20T00:53:08.214+0000] {dag.py:4180} INFO - Setting next_dagrun for dataset_s3_bucket_consumer to None, run_after=None
[2024-11-20T00:53:08.215+0000] {logging_mixin.py:190} INFO - [2024-11-20T00:53:08.215+0000] {dag.py:4180} INFO - Setting next_dagrun for dataset_s3_bucket_producer to None, run_after=None
[2024-11-20T00:53:08.239+0000] {processor.py:208} INFO - Processing /home/ubuntu/airflow_venv/lib/python3.12/site-packages/airflow/example_dags/example_dataset_alias.py took 0.096 seconds
[2024-11-20T00:54:03.735+0000] {processor.py:186} INFO - Started process (PID=5357) to work on /home/ubuntu/airflow_venv/lib/python3.12/site-packages/airflow/example_dags/example_dataset_alias.py
[2024-11-20T00:54:03.736+0000] {processor.py:914} INFO - Processing file /home/ubuntu/airflow_venv/lib/python3.12/site-packages/airflow/example_dags/example_dataset_alias.py for tasks to queue
[2024-11-20T00:54:03.738+0000] {logging_mixin.py:190} INFO - [2024-11-20T00:54:03.738+0000] {dagbag.py:588} INFO - Filling up the DagBag from /home/ubuntu/airflow_venv/lib/python3.12/site-packages/airflow/example_dags/example_dataset_alias.py
[2024-11-20T00:54:03.761+0000] {processor.py:925} INFO - DAG(s) 'dataset_s3_bucket_producer', 'dataset_alias_example_alias_producer', 'dataset_alias_example_alias_consumer', 'dataset_s3_bucket_consumer' retrieved from /home/ubuntu/airflow_venv/lib/python3.12/site-packages/airflow/example_dags/example_dataset_alias.py
[2024-11-20T00:54:03.778+0000] {logging_mixin.py:190} INFO - [2024-11-20T00:54:03.778+0000] {dag.py:3239} INFO - Sync 4 DAGs
[2024-11-20T00:54:03.807+0000] {logging_mixin.py:190} INFO - [2024-11-20T00:54:03.807+0000] {dag.py:4180} INFO - Setting next_dagrun for dataset_alias_example_alias_consumer to None, run_after=None
[2024-11-20T00:54:03.810+0000] {logging_mixin.py:190} INFO - [2024-11-20T00:54:03.810+0000] {dag.py:4180} INFO - Setting next_dagrun for dataset_alias_example_alias_producer to None, run_after=None
[2024-11-20T00:54:03.811+0000] {logging_mixin.py:190} INFO - [2024-11-20T00:54:03.811+0000] {dag.py:4180} INFO - Setting next_dagrun for dataset_s3_bucket_consumer to None, run_after=None
[2024-11-20T00:54:03.812+0000] {logging_mixin.py:190} INFO - [2024-11-20T00:54:03.812+0000] {dag.py:4180} INFO - Setting next_dagrun for dataset_s3_bucket_producer to None, run_after=None
[2024-11-20T00:54:03.836+0000] {processor.py:208} INFO - Processing /home/ubuntu/airflow_venv/lib/python3.12/site-packages/airflow/example_dags/example_dataset_alias.py took 0.110 seconds
[2024-11-20T00:55:22.127+0000] {processor.py:186} INFO - Started process (PID=5441) to work on /home/ubuntu/airflow_venv/lib/python3.12/site-packages/airflow/example_dags/example_dataset_alias.py
[2024-11-20T00:55:22.129+0000] {processor.py:914} INFO - Processing file /home/ubuntu/airflow_venv/lib/python3.12/site-packages/airflow/example_dags/example_dataset_alias.py for tasks to queue
[2024-11-20T00:55:22.131+0000] {logging_mixin.py:190} INFO - [2024-11-20T00:55:22.131+0000] {dagbag.py:588} INFO - Filling up the DagBag from /home/ubuntu/airflow_venv/lib/python3.12/site-packages/airflow/example_dags/example_dataset_alias.py
[2024-11-20T00:55:22.155+0000] {processor.py:925} INFO - DAG(s) 'dataset_alias_example_alias_producer', 'dataset_alias_example_alias_consumer', 'dataset_s3_bucket_producer', 'dataset_s3_bucket_consumer' retrieved from /home/ubuntu/airflow_venv/lib/python3.12/site-packages/airflow/example_dags/example_dataset_alias.py
[2024-11-20T00:55:22.172+0000] {logging_mixin.py:190} INFO - [2024-11-20T00:55:22.171+0000] {dag.py:3239} INFO - Sync 4 DAGs
[2024-11-20T00:55:22.189+0000] {logging_mixin.py:190} INFO - [2024-11-20T00:55:22.189+0000] {dag.py:4180} INFO - Setting next_dagrun for dataset_alias_example_alias_consumer to None, run_after=None
[2024-11-20T00:55:22.190+0000] {logging_mixin.py:190} INFO - [2024-11-20T00:55:22.190+0000] {dag.py:4180} INFO - Setting next_dagrun for dataset_alias_example_alias_producer to None, run_after=None
[2024-11-20T00:55:22.191+0000] {logging_mixin.py:190} INFO - [2024-11-20T00:55:22.191+0000] {dag.py:4180} INFO - Setting next_dagrun for dataset_s3_bucket_consumer to None, run_after=None
[2024-11-20T00:55:22.193+0000] {logging_mixin.py:190} INFO - [2024-11-20T00:55:22.192+0000] {dag.py:4180} INFO - Setting next_dagrun for dataset_s3_bucket_producer to None, run_after=None
[2024-11-20T00:55:22.220+0000] {processor.py:208} INFO - Processing /home/ubuntu/airflow_venv/lib/python3.12/site-packages/airflow/example_dags/example_dataset_alias.py took 0.099 seconds
[2024-11-20T00:56:42.368+0000] {processor.py:186} INFO - Started process (PID=5527) to work on /home/ubuntu/airflow_venv/lib/python3.12/site-packages/airflow/example_dags/example_dataset_alias.py
[2024-11-20T00:56:42.370+0000] {processor.py:914} INFO - Processing file /home/ubuntu/airflow_venv/lib/python3.12/site-packages/airflow/example_dags/example_dataset_alias.py for tasks to queue
[2024-11-20T00:56:42.371+0000] {logging_mixin.py:190} INFO - [2024-11-20T00:56:42.371+0000] {dagbag.py:588} INFO - Filling up the DagBag from /home/ubuntu/airflow_venv/lib/python3.12/site-packages/airflow/example_dags/example_dataset_alias.py
[2024-11-20T00:56:42.395+0000] {processor.py:925} INFO - DAG(s) 'dataset_s3_bucket_producer', 'dataset_alias_example_alias_producer', 'dataset_alias_example_alias_consumer', 'dataset_s3_bucket_consumer' retrieved from /home/ubuntu/airflow_venv/lib/python3.12/site-packages/airflow/example_dags/example_dataset_alias.py
[2024-11-20T00:56:42.412+0000] {logging_mixin.py:190} INFO - [2024-11-20T00:56:42.412+0000] {dag.py:3239} INFO - Sync 4 DAGs
[2024-11-20T00:56:42.432+0000] {logging_mixin.py:190} INFO - [2024-11-20T00:56:42.431+0000] {dag.py:4180} INFO - Setting next_dagrun for dataset_alias_example_alias_consumer to None, run_after=None
[2024-11-20T00:56:42.433+0000] {logging_mixin.py:190} INFO - [2024-11-20T00:56:42.433+0000] {dag.py:4180} INFO - Setting next_dagrun for dataset_alias_example_alias_producer to None, run_after=None
[2024-11-20T00:56:42.434+0000] {logging_mixin.py:190} INFO - [2024-11-20T00:56:42.434+0000] {dag.py:4180} INFO - Setting next_dagrun for dataset_s3_bucket_consumer to None, run_after=None
[2024-11-20T00:56:42.435+0000] {logging_mixin.py:190} INFO - [2024-11-20T00:56:42.435+0000] {dag.py:4180} INFO - Setting next_dagrun for dataset_s3_bucket_producer to None, run_after=None
[2024-11-20T00:56:42.458+0000] {processor.py:208} INFO - Processing /home/ubuntu/airflow_venv/lib/python3.12/site-packages/airflow/example_dags/example_dataset_alias.py took 0.098 seconds
[2024-11-20T00:58:00.440+0000] {processor.py:186} INFO - Started process (PID=5608) to work on /home/ubuntu/airflow_venv/lib/python3.12/site-packages/airflow/example_dags/example_dataset_alias.py
[2024-11-20T00:58:00.441+0000] {processor.py:914} INFO - Processing file /home/ubuntu/airflow_venv/lib/python3.12/site-packages/airflow/example_dags/example_dataset_alias.py for tasks to queue
[2024-11-20T00:58:00.443+0000] {logging_mixin.py:190} INFO - [2024-11-20T00:58:00.442+0000] {dagbag.py:588} INFO - Filling up the DagBag from /home/ubuntu/airflow_venv/lib/python3.12/site-packages/airflow/example_dags/example_dataset_alias.py
[2024-11-20T00:58:00.466+0000] {processor.py:925} INFO - DAG(s) 'dataset_alias_example_alias_consumer', 'dataset_s3_bucket_producer', 'dataset_alias_example_alias_producer', 'dataset_s3_bucket_consumer' retrieved from /home/ubuntu/airflow_venv/lib/python3.12/site-packages/airflow/example_dags/example_dataset_alias.py
[2024-11-20T00:58:00.483+0000] {logging_mixin.py:190} INFO - [2024-11-20T00:58:00.483+0000] {dag.py:3239} INFO - Sync 4 DAGs
[2024-11-20T00:58:00.501+0000] {logging_mixin.py:190} INFO - [2024-11-20T00:58:00.501+0000] {dag.py:4180} INFO - Setting next_dagrun for dataset_alias_example_alias_consumer to None, run_after=None
[2024-11-20T00:58:00.503+0000] {logging_mixin.py:190} INFO - [2024-11-20T00:58:00.503+0000] {dag.py:4180} INFO - Setting next_dagrun for dataset_alias_example_alias_producer to None, run_after=None
[2024-11-20T00:58:00.504+0000] {logging_mixin.py:190} INFO - [2024-11-20T00:58:00.504+0000] {dag.py:4180} INFO - Setting next_dagrun for dataset_s3_bucket_consumer to None, run_after=None
[2024-11-20T00:58:00.505+0000] {logging_mixin.py:190} INFO - [2024-11-20T00:58:00.505+0000] {dag.py:4180} INFO - Setting next_dagrun for dataset_s3_bucket_producer to None, run_after=None
[2024-11-20T00:58:00.530+0000] {processor.py:208} INFO - Processing /home/ubuntu/airflow_venv/lib/python3.12/site-packages/airflow/example_dags/example_dataset_alias.py took 0.096 seconds
[2024-11-20T00:59:18.945+0000] {processor.py:186} INFO - Started process (PID=5695) to work on /home/ubuntu/airflow_venv/lib/python3.12/site-packages/airflow/example_dags/example_dataset_alias.py
[2024-11-20T00:59:18.947+0000] {processor.py:914} INFO - Processing file /home/ubuntu/airflow_venv/lib/python3.12/site-packages/airflow/example_dags/example_dataset_alias.py for tasks to queue
[2024-11-20T00:59:18.948+0000] {logging_mixin.py:190} INFO - [2024-11-20T00:59:18.947+0000] {dagbag.py:588} INFO - Filling up the DagBag from /home/ubuntu/airflow_venv/lib/python3.12/site-packages/airflow/example_dags/example_dataset_alias.py
[2024-11-20T00:59:18.971+0000] {processor.py:925} INFO - DAG(s) 'dataset_s3_bucket_producer', 'dataset_alias_example_alias_producer', 'dataset_s3_bucket_consumer', 'dataset_alias_example_alias_consumer' retrieved from /home/ubuntu/airflow_venv/lib/python3.12/site-packages/airflow/example_dags/example_dataset_alias.py
[2024-11-20T00:59:18.988+0000] {logging_mixin.py:190} INFO - [2024-11-20T00:59:18.988+0000] {dag.py:3239} INFO - Sync 4 DAGs
[2024-11-20T00:59:19.005+0000] {logging_mixin.py:190} INFO - [2024-11-20T00:59:19.005+0000] {dag.py:4180} INFO - Setting next_dagrun for dataset_alias_example_alias_consumer to None, run_after=None
[2024-11-20T00:59:19.007+0000] {logging_mixin.py:190} INFO - [2024-11-20T00:59:19.007+0000] {dag.py:4180} INFO - Setting next_dagrun for dataset_alias_example_alias_producer to None, run_after=None
[2024-11-20T00:59:19.008+0000] {logging_mixin.py:190} INFO - [2024-11-20T00:59:19.007+0000] {dag.py:4180} INFO - Setting next_dagrun for dataset_s3_bucket_consumer to None, run_after=None
[2024-11-20T00:59:19.010+0000] {logging_mixin.py:190} INFO - [2024-11-20T00:59:19.010+0000] {dag.py:4180} INFO - Setting next_dagrun for dataset_s3_bucket_producer to None, run_after=None
[2024-11-20T00:59:19.032+0000] {processor.py:208} INFO - Processing /home/ubuntu/airflow_venv/lib/python3.12/site-packages/airflow/example_dags/example_dataset_alias.py took 0.094 seconds
[2024-11-20T01:00:42.106+0000] {processor.py:186} INFO - Started process (PID=5782) to work on /home/ubuntu/airflow_venv/lib/python3.12/site-packages/airflow/example_dags/example_dataset_alias.py
[2024-11-20T01:00:42.107+0000] {processor.py:914} INFO - Processing file /home/ubuntu/airflow_venv/lib/python3.12/site-packages/airflow/example_dags/example_dataset_alias.py for tasks to queue
[2024-11-20T01:00:42.109+0000] {logging_mixin.py:190} INFO - [2024-11-20T01:00:42.108+0000] {dagbag.py:588} INFO - Filling up the DagBag from /home/ubuntu/airflow_venv/lib/python3.12/site-packages/airflow/example_dags/example_dataset_alias.py
[2024-11-20T01:00:42.133+0000] {processor.py:925} INFO - DAG(s) 'dataset_s3_bucket_producer', 'dataset_alias_example_alias_producer', 'dataset_s3_bucket_consumer', 'dataset_alias_example_alias_consumer' retrieved from /home/ubuntu/airflow_venv/lib/python3.12/site-packages/airflow/example_dags/example_dataset_alias.py
[2024-11-20T01:00:42.150+0000] {logging_mixin.py:190} INFO - [2024-11-20T01:00:42.150+0000] {dag.py:3239} INFO - Sync 4 DAGs
[2024-11-20T01:00:42.168+0000] {logging_mixin.py:190} INFO - [2024-11-20T01:00:42.168+0000] {dag.py:4180} INFO - Setting next_dagrun for dataset_alias_example_alias_consumer to None, run_after=None
[2024-11-20T01:00:42.170+0000] {logging_mixin.py:190} INFO - [2024-11-20T01:00:42.170+0000] {dag.py:4180} INFO - Setting next_dagrun for dataset_alias_example_alias_producer to None, run_after=None
[2024-11-20T01:00:42.172+0000] {logging_mixin.py:190} INFO - [2024-11-20T01:00:42.171+0000] {dag.py:4180} INFO - Setting next_dagrun for dataset_s3_bucket_consumer to None, run_after=None
[2024-11-20T01:00:42.172+0000] {logging_mixin.py:190} INFO - [2024-11-20T01:00:42.172+0000] {dag.py:4180} INFO - Setting next_dagrun for dataset_s3_bucket_producer to None, run_after=None
[2024-11-20T01:00:42.199+0000] {processor.py:208} INFO - Processing /home/ubuntu/airflow_venv/lib/python3.12/site-packages/airflow/example_dags/example_dataset_alias.py took 0.100 seconds
[2024-11-20T01:02:22.973+0000] {processor.py:186} INFO - Started process (PID=5892) to work on /home/ubuntu/airflow_venv/lib/python3.12/site-packages/airflow/example_dags/example_dataset_alias.py
[2024-11-20T01:02:22.974+0000] {processor.py:914} INFO - Processing file /home/ubuntu/airflow_venv/lib/python3.12/site-packages/airflow/example_dags/example_dataset_alias.py for tasks to queue
[2024-11-20T01:02:22.975+0000] {logging_mixin.py:190} INFO - [2024-11-20T01:02:22.975+0000] {dagbag.py:588} INFO - Filling up the DagBag from /home/ubuntu/airflow_venv/lib/python3.12/site-packages/airflow/example_dags/example_dataset_alias.py
[2024-11-20T01:02:23.006+0000] {processor.py:925} INFO - DAG(s) 'dataset_alias_example_alias_consumer', 'dataset_s3_bucket_producer', 'dataset_s3_bucket_consumer', 'dataset_alias_example_alias_producer' retrieved from /home/ubuntu/airflow_venv/lib/python3.12/site-packages/airflow/example_dags/example_dataset_alias.py
[2024-11-20T01:02:23.024+0000] {logging_mixin.py:190} INFO - [2024-11-20T01:02:23.024+0000] {dag.py:3239} INFO - Sync 4 DAGs
[2024-11-20T01:02:23.045+0000] {logging_mixin.py:190} INFO - [2024-11-20T01:02:23.045+0000] {dag.py:4180} INFO - Setting next_dagrun for dataset_alias_example_alias_consumer to None, run_after=None
[2024-11-20T01:02:23.047+0000] {logging_mixin.py:190} INFO - [2024-11-20T01:02:23.046+0000] {dag.py:4180} INFO - Setting next_dagrun for dataset_alias_example_alias_producer to None, run_after=None
[2024-11-20T01:02:23.048+0000] {logging_mixin.py:190} INFO - [2024-11-20T01:02:23.048+0000] {dag.py:4180} INFO - Setting next_dagrun for dataset_s3_bucket_consumer to None, run_after=None
[2024-11-20T01:02:23.049+0000] {logging_mixin.py:190} INFO - [2024-11-20T01:02:23.049+0000] {dag.py:4180} INFO - Setting next_dagrun for dataset_s3_bucket_producer to None, run_after=None
[2024-11-20T01:02:23.072+0000] {processor.py:208} INFO - Processing /home/ubuntu/airflow_venv/lib/python3.12/site-packages/airflow/example_dags/example_dataset_alias.py took 0.107 seconds
[2024-11-20T01:03:19.577+0000] {processor.py:186} INFO - Started process (PID=5950) to work on /home/ubuntu/airflow_venv/lib/python3.12/site-packages/airflow/example_dags/example_dataset_alias.py
[2024-11-20T01:03:19.580+0000] {processor.py:914} INFO - Processing file /home/ubuntu/airflow_venv/lib/python3.12/site-packages/airflow/example_dags/example_dataset_alias.py for tasks to queue
[2024-11-20T01:03:19.581+0000] {logging_mixin.py:190} INFO - [2024-11-20T01:03:19.580+0000] {dagbag.py:588} INFO - Filling up the DagBag from /home/ubuntu/airflow_venv/lib/python3.12/site-packages/airflow/example_dags/example_dataset_alias.py
[2024-11-20T01:03:19.605+0000] {processor.py:925} INFO - DAG(s) 'dataset_s3_bucket_consumer', 'dataset_alias_example_alias_consumer', 'dataset_s3_bucket_producer', 'dataset_alias_example_alias_producer' retrieved from /home/ubuntu/airflow_venv/lib/python3.12/site-packages/airflow/example_dags/example_dataset_alias.py
[2024-11-20T01:03:19.623+0000] {logging_mixin.py:190} INFO - [2024-11-20T01:03:19.622+0000] {dag.py:3239} INFO - Sync 4 DAGs
[2024-11-20T01:03:19.640+0000] {logging_mixin.py:190} INFO - [2024-11-20T01:03:19.640+0000] {dag.py:4180} INFO - Setting next_dagrun for dataset_alias_example_alias_consumer to None, run_after=None
[2024-11-20T01:03:19.643+0000] {logging_mixin.py:190} INFO - [2024-11-20T01:03:19.643+0000] {dag.py:4180} INFO - Setting next_dagrun for dataset_alias_example_alias_producer to None, run_after=None
[2024-11-20T01:03:19.644+0000] {logging_mixin.py:190} INFO - [2024-11-20T01:03:19.644+0000] {dag.py:4180} INFO - Setting next_dagrun for dataset_s3_bucket_consumer to None, run_after=None
[2024-11-20T01:03:19.645+0000] {logging_mixin.py:190} INFO - [2024-11-20T01:03:19.645+0000] {dag.py:4180} INFO - Setting next_dagrun for dataset_s3_bucket_producer to None, run_after=None
[2024-11-20T01:03:19.670+0000] {processor.py:208} INFO - Processing /home/ubuntu/airflow_venv/lib/python3.12/site-packages/airflow/example_dags/example_dataset_alias.py took 0.098 seconds
[2024-11-20T01:04:43.071+0000] {processor.py:186} INFO - Started process (PID=6035) to work on /home/ubuntu/airflow_venv/lib/python3.12/site-packages/airflow/example_dags/example_dataset_alias.py
[2024-11-20T01:04:43.073+0000] {processor.py:914} INFO - Processing file /home/ubuntu/airflow_venv/lib/python3.12/site-packages/airflow/example_dags/example_dataset_alias.py for tasks to queue
[2024-11-20T01:04:43.074+0000] {logging_mixin.py:190} INFO - [2024-11-20T01:04:43.074+0000] {dagbag.py:588} INFO - Filling up the DagBag from /home/ubuntu/airflow_venv/lib/python3.12/site-packages/airflow/example_dags/example_dataset_alias.py
[2024-11-20T01:04:43.099+0000] {processor.py:925} INFO - DAG(s) 'dataset_alias_example_alias_consumer', 'dataset_s3_bucket_consumer', 'dataset_alias_example_alias_producer', 'dataset_s3_bucket_producer' retrieved from /home/ubuntu/airflow_venv/lib/python3.12/site-packages/airflow/example_dags/example_dataset_alias.py
[2024-11-20T01:04:43.117+0000] {logging_mixin.py:190} INFO - [2024-11-20T01:04:43.117+0000] {dag.py:3239} INFO - Sync 4 DAGs
[2024-11-20T01:04:43.136+0000] {logging_mixin.py:190} INFO - [2024-11-20T01:04:43.135+0000] {dag.py:4180} INFO - Setting next_dagrun for dataset_alias_example_alias_consumer to None, run_after=None
[2024-11-20T01:04:43.137+0000] {logging_mixin.py:190} INFO - [2024-11-20T01:04:43.137+0000] {dag.py:4180} INFO - Setting next_dagrun for dataset_alias_example_alias_producer to None, run_after=None
[2024-11-20T01:04:43.139+0000] {logging_mixin.py:190} INFO - [2024-11-20T01:04:43.138+0000] {dag.py:4180} INFO - Setting next_dagrun for dataset_s3_bucket_consumer to None, run_after=None
[2024-11-20T01:04:43.140+0000] {logging_mixin.py:190} INFO - [2024-11-20T01:04:43.139+0000] {dag.py:4180} INFO - Setting next_dagrun for dataset_s3_bucket_producer to None, run_after=None
[2024-11-20T01:04:43.163+0000] {processor.py:208} INFO - Processing /home/ubuntu/airflow_venv/lib/python3.12/site-packages/airflow/example_dags/example_dataset_alias.py took 0.099 seconds
[2024-11-20T01:05:38.813+0000] {processor.py:186} INFO - Started process (PID=6095) to work on /home/ubuntu/airflow_venv/lib/python3.12/site-packages/airflow/example_dags/example_dataset_alias.py
[2024-11-20T01:05:38.815+0000] {processor.py:914} INFO - Processing file /home/ubuntu/airflow_venv/lib/python3.12/site-packages/airflow/example_dags/example_dataset_alias.py for tasks to queue
[2024-11-20T01:05:38.817+0000] {logging_mixin.py:190} INFO - [2024-11-20T01:05:38.816+0000] {dagbag.py:588} INFO - Filling up the DagBag from /home/ubuntu/airflow_venv/lib/python3.12/site-packages/airflow/example_dags/example_dataset_alias.py
[2024-11-20T01:05:38.839+0000] {processor.py:925} INFO - DAG(s) 'dataset_s3_bucket_consumer', 'dataset_alias_example_alias_consumer', 'dataset_s3_bucket_producer', 'dataset_alias_example_alias_producer' retrieved from /home/ubuntu/airflow_venv/lib/python3.12/site-packages/airflow/example_dags/example_dataset_alias.py
[2024-11-20T01:05:38.857+0000] {logging_mixin.py:190} INFO - [2024-11-20T01:05:38.857+0000] {dag.py:3239} INFO - Sync 4 DAGs
[2024-11-20T01:05:38.875+0000] {logging_mixin.py:190} INFO - [2024-11-20T01:05:38.875+0000] {dag.py:4180} INFO - Setting next_dagrun for dataset_alias_example_alias_consumer to None, run_after=None
[2024-11-20T01:05:38.876+0000] {logging_mixin.py:190} INFO - [2024-11-20T01:05:38.876+0000] {dag.py:4180} INFO - Setting next_dagrun for dataset_alias_example_alias_producer to None, run_after=None
[2024-11-20T01:05:38.878+0000] {logging_mixin.py:190} INFO - [2024-11-20T01:05:38.878+0000] {dag.py:4180} INFO - Setting next_dagrun for dataset_s3_bucket_consumer to None, run_after=None
[2024-11-20T01:05:38.879+0000] {logging_mixin.py:190} INFO - [2024-11-20T01:05:38.879+0000] {dag.py:4180} INFO - Setting next_dagrun for dataset_s3_bucket_producer to None, run_after=None
[2024-11-20T01:05:38.905+0000] {processor.py:208} INFO - Processing /home/ubuntu/airflow_venv/lib/python3.12/site-packages/airflow/example_dags/example_dataset_alias.py took 0.098 seconds
[2024-11-20T01:06:56.403+0000] {processor.py:186} INFO - Started process (PID=6176) to work on /home/ubuntu/airflow_venv/lib/python3.12/site-packages/airflow/example_dags/example_dataset_alias.py
[2024-11-20T01:06:56.404+0000] {processor.py:914} INFO - Processing file /home/ubuntu/airflow_venv/lib/python3.12/site-packages/airflow/example_dags/example_dataset_alias.py for tasks to queue
[2024-11-20T01:06:56.406+0000] {logging_mixin.py:190} INFO - [2024-11-20T01:06:56.406+0000] {dagbag.py:588} INFO - Filling up the DagBag from /home/ubuntu/airflow_venv/lib/python3.12/site-packages/airflow/example_dags/example_dataset_alias.py
[2024-11-20T01:06:56.430+0000] {processor.py:925} INFO - DAG(s) 'dataset_alias_example_alias_producer', 'dataset_alias_example_alias_consumer', 'dataset_s3_bucket_producer', 'dataset_s3_bucket_consumer' retrieved from /home/ubuntu/airflow_venv/lib/python3.12/site-packages/airflow/example_dags/example_dataset_alias.py
[2024-11-20T01:06:56.448+0000] {logging_mixin.py:190} INFO - [2024-11-20T01:06:56.448+0000] {dag.py:3239} INFO - Sync 4 DAGs
[2024-11-20T01:06:56.466+0000] {logging_mixin.py:190} INFO - [2024-11-20T01:06:56.466+0000] {dag.py:4180} INFO - Setting next_dagrun for dataset_alias_example_alias_consumer to None, run_after=None
[2024-11-20T01:06:56.469+0000] {logging_mixin.py:190} INFO - [2024-11-20T01:06:56.469+0000] {dag.py:4180} INFO - Setting next_dagrun for dataset_alias_example_alias_producer to None, run_after=None
[2024-11-20T01:06:56.470+0000] {logging_mixin.py:190} INFO - [2024-11-20T01:06:56.470+0000] {dag.py:4180} INFO - Setting next_dagrun for dataset_s3_bucket_consumer to None, run_after=None
[2024-11-20T01:06:56.471+0000] {logging_mixin.py:190} INFO - [2024-11-20T01:06:56.471+0000] {dag.py:4180} INFO - Setting next_dagrun for dataset_s3_bucket_producer to None, run_after=None
[2024-11-20T01:06:56.496+0000] {processor.py:208} INFO - Processing /home/ubuntu/airflow_venv/lib/python3.12/site-packages/airflow/example_dags/example_dataset_alias.py took 0.100 seconds
[2024-11-20T01:08:14.957+0000] {processor.py:186} INFO - Started process (PID=6258) to work on /home/ubuntu/airflow_venv/lib/python3.12/site-packages/airflow/example_dags/example_dataset_alias.py
[2024-11-20T01:08:14.958+0000] {processor.py:914} INFO - Processing file /home/ubuntu/airflow_venv/lib/python3.12/site-packages/airflow/example_dags/example_dataset_alias.py for tasks to queue
[2024-11-20T01:08:14.960+0000] {logging_mixin.py:190} INFO - [2024-11-20T01:08:14.960+0000] {dagbag.py:588} INFO - Filling up the DagBag from /home/ubuntu/airflow_venv/lib/python3.12/site-packages/airflow/example_dags/example_dataset_alias.py
[2024-11-20T01:08:14.983+0000] {processor.py:925} INFO - DAG(s) 'dataset_alias_example_alias_consumer', 'dataset_alias_example_alias_producer', 'dataset_s3_bucket_producer', 'dataset_s3_bucket_consumer' retrieved from /home/ubuntu/airflow_venv/lib/python3.12/site-packages/airflow/example_dags/example_dataset_alias.py
[2024-11-20T01:08:15.000+0000] {logging_mixin.py:190} INFO - [2024-11-20T01:08:15.000+0000] {dag.py:3239} INFO - Sync 4 DAGs
[2024-11-20T01:08:15.020+0000] {logging_mixin.py:190} INFO - [2024-11-20T01:08:15.020+0000] {dag.py:4180} INFO - Setting next_dagrun for dataset_alias_example_alias_consumer to None, run_after=None
[2024-11-20T01:08:15.023+0000] {logging_mixin.py:190} INFO - [2024-11-20T01:08:15.023+0000] {dag.py:4180} INFO - Setting next_dagrun for dataset_alias_example_alias_producer to None, run_after=None
[2024-11-20T01:08:15.024+0000] {logging_mixin.py:190} INFO - [2024-11-20T01:08:15.024+0000] {dag.py:4180} INFO - Setting next_dagrun for dataset_s3_bucket_consumer to None, run_after=None
[2024-11-20T01:08:15.025+0000] {logging_mixin.py:190} INFO - [2024-11-20T01:08:15.024+0000] {dag.py:4180} INFO - Setting next_dagrun for dataset_s3_bucket_producer to None, run_after=None
[2024-11-20T01:08:15.049+0000] {processor.py:208} INFO - Processing /home/ubuntu/airflow_venv/lib/python3.12/site-packages/airflow/example_dags/example_dataset_alias.py took 0.099 seconds
[2024-11-20T01:09:12.573+0000] {processor.py:186} INFO - Started process (PID=6314) to work on /home/ubuntu/airflow_venv/lib/python3.12/site-packages/airflow/example_dags/example_dataset_alias.py
[2024-11-20T01:09:12.575+0000] {processor.py:914} INFO - Processing file /home/ubuntu/airflow_venv/lib/python3.12/site-packages/airflow/example_dags/example_dataset_alias.py for tasks to queue
[2024-11-20T01:09:12.576+0000] {logging_mixin.py:190} INFO - [2024-11-20T01:09:12.576+0000] {dagbag.py:588} INFO - Filling up the DagBag from /home/ubuntu/airflow_venv/lib/python3.12/site-packages/airflow/example_dags/example_dataset_alias.py
[2024-11-20T01:09:12.599+0000] {processor.py:925} INFO - DAG(s) 'dataset_s3_bucket_producer', 'dataset_alias_example_alias_producer', 'dataset_s3_bucket_consumer', 'dataset_alias_example_alias_consumer' retrieved from /home/ubuntu/airflow_venv/lib/python3.12/site-packages/airflow/example_dags/example_dataset_alias.py
[2024-11-20T01:09:12.623+0000] {logging_mixin.py:190} INFO - [2024-11-20T01:09:12.623+0000] {dag.py:3239} INFO - Sync 4 DAGs
[2024-11-20T01:09:12.641+0000] {logging_mixin.py:190} INFO - [2024-11-20T01:09:12.641+0000] {dag.py:4180} INFO - Setting next_dagrun for dataset_alias_example_alias_consumer to None, run_after=None
[2024-11-20T01:09:12.644+0000] {logging_mixin.py:190} INFO - [2024-11-20T01:09:12.643+0000] {dag.py:4180} INFO - Setting next_dagrun for dataset_alias_example_alias_producer to None, run_after=None
[2024-11-20T01:09:12.645+0000] {logging_mixin.py:190} INFO - [2024-11-20T01:09:12.644+0000] {dag.py:4180} INFO - Setting next_dagrun for dataset_s3_bucket_consumer to None, run_after=None
[2024-11-20T01:09:12.645+0000] {logging_mixin.py:190} INFO - [2024-11-20T01:09:12.645+0000] {dag.py:4180} INFO - Setting next_dagrun for dataset_s3_bucket_producer to None, run_after=None
[2024-11-20T01:09:12.670+0000] {processor.py:208} INFO - Processing /home/ubuntu/airflow_venv/lib/python3.12/site-packages/airflow/example_dags/example_dataset_alias.py took 0.104 seconds
[2024-11-20T01:10:11.515+0000] {processor.py:186} INFO - Started process (PID=6378) to work on /home/ubuntu/airflow_venv/lib/python3.12/site-packages/airflow/example_dags/example_dataset_alias.py
[2024-11-20T01:10:11.517+0000] {processor.py:914} INFO - Processing file /home/ubuntu/airflow_venv/lib/python3.12/site-packages/airflow/example_dags/example_dataset_alias.py for tasks to queue
[2024-11-20T01:10:11.518+0000] {logging_mixin.py:190} INFO - [2024-11-20T01:10:11.517+0000] {dagbag.py:588} INFO - Filling up the DagBag from /home/ubuntu/airflow_venv/lib/python3.12/site-packages/airflow/example_dags/example_dataset_alias.py
[2024-11-20T01:10:11.540+0000] {processor.py:925} INFO - DAG(s) 'dataset_alias_example_alias_consumer', 'dataset_alias_example_alias_producer', 'dataset_s3_bucket_producer', 'dataset_s3_bucket_consumer' retrieved from /home/ubuntu/airflow_venv/lib/python3.12/site-packages/airflow/example_dags/example_dataset_alias.py
[2024-11-20T01:10:11.559+0000] {logging_mixin.py:190} INFO - [2024-11-20T01:10:11.559+0000] {dag.py:3239} INFO - Sync 4 DAGs
[2024-11-20T01:10:11.578+0000] {logging_mixin.py:190} INFO - [2024-11-20T01:10:11.578+0000] {dag.py:4180} INFO - Setting next_dagrun for dataset_alias_example_alias_consumer to None, run_after=None
[2024-11-20T01:10:11.580+0000] {logging_mixin.py:190} INFO - [2024-11-20T01:10:11.580+0000] {dag.py:4180} INFO - Setting next_dagrun for dataset_alias_example_alias_producer to None, run_after=None
[2024-11-20T01:10:11.581+0000] {logging_mixin.py:190} INFO - [2024-11-20T01:10:11.581+0000] {dag.py:4180} INFO - Setting next_dagrun for dataset_s3_bucket_consumer to None, run_after=None
[2024-11-20T01:10:11.582+0000] {logging_mixin.py:190} INFO - [2024-11-20T01:10:11.582+0000] {dag.py:4180} INFO - Setting next_dagrun for dataset_s3_bucket_producer to None, run_after=None
[2024-11-20T01:10:11.606+0000] {processor.py:208} INFO - Processing /home/ubuntu/airflow_venv/lib/python3.12/site-packages/airflow/example_dags/example_dataset_alias.py took 0.098 seconds
[2024-11-20T01:11:06.621+0000] {processor.py:186} INFO - Started process (PID=6436) to work on /home/ubuntu/airflow_venv/lib/python3.12/site-packages/airflow/example_dags/example_dataset_alias.py
[2024-11-20T01:11:06.622+0000] {processor.py:914} INFO - Processing file /home/ubuntu/airflow_venv/lib/python3.12/site-packages/airflow/example_dags/example_dataset_alias.py for tasks to queue
[2024-11-20T01:11:06.623+0000] {logging_mixin.py:190} INFO - [2024-11-20T01:11:06.623+0000] {dagbag.py:588} INFO - Filling up the DagBag from /home/ubuntu/airflow_venv/lib/python3.12/site-packages/airflow/example_dags/example_dataset_alias.py
[2024-11-20T01:11:06.647+0000] {processor.py:925} INFO - DAG(s) 'dataset_s3_bucket_producer', 'dataset_alias_example_alias_producer', 'dataset_alias_example_alias_consumer', 'dataset_s3_bucket_consumer' retrieved from /home/ubuntu/airflow_venv/lib/python3.12/site-packages/airflow/example_dags/example_dataset_alias.py
[2024-11-20T01:11:06.666+0000] {logging_mixin.py:190} INFO - [2024-11-20T01:11:06.665+0000] {dag.py:3239} INFO - Sync 4 DAGs
[2024-11-20T01:11:06.683+0000] {logging_mixin.py:190} INFO - [2024-11-20T01:11:06.683+0000] {dag.py:4180} INFO - Setting next_dagrun for dataset_alias_example_alias_consumer to None, run_after=None
[2024-11-20T01:11:06.684+0000] {logging_mixin.py:190} INFO - [2024-11-20T01:11:06.684+0000] {dag.py:4180} INFO - Setting next_dagrun for dataset_alias_example_alias_producer to None, run_after=None
[2024-11-20T01:11:06.686+0000] {logging_mixin.py:190} INFO - [2024-11-20T01:11:06.686+0000] {dag.py:4180} INFO - Setting next_dagrun for dataset_s3_bucket_consumer to None, run_after=None
[2024-11-20T01:11:06.687+0000] {logging_mixin.py:190} INFO - [2024-11-20T01:11:06.687+0000] {dag.py:4180} INFO - Setting next_dagrun for dataset_s3_bucket_producer to None, run_after=None
[2024-11-20T01:11:06.710+0000] {processor.py:208} INFO - Processing /home/ubuntu/airflow_venv/lib/python3.12/site-packages/airflow/example_dags/example_dataset_alias.py took 0.096 seconds
[2024-11-20T01:12:27.753+0000] {processor.py:186} INFO - Started process (PID=6520) to work on /home/ubuntu/airflow_venv/lib/python3.12/site-packages/airflow/example_dags/example_dataset_alias.py
[2024-11-20T01:12:27.755+0000] {processor.py:914} INFO - Processing file /home/ubuntu/airflow_venv/lib/python3.12/site-packages/airflow/example_dags/example_dataset_alias.py for tasks to queue
[2024-11-20T01:12:27.756+0000] {logging_mixin.py:190} INFO - [2024-11-20T01:12:27.755+0000] {dagbag.py:588} INFO - Filling up the DagBag from /home/ubuntu/airflow_venv/lib/python3.12/site-packages/airflow/example_dags/example_dataset_alias.py
[2024-11-20T01:12:27.780+0000] {processor.py:925} INFO - DAG(s) 'dataset_s3_bucket_consumer', 'dataset_s3_bucket_producer', 'dataset_alias_example_alias_producer', 'dataset_alias_example_alias_consumer' retrieved from /home/ubuntu/airflow_venv/lib/python3.12/site-packages/airflow/example_dags/example_dataset_alias.py
[2024-11-20T01:12:27.798+0000] {logging_mixin.py:190} INFO - [2024-11-20T01:12:27.797+0000] {dag.py:3239} INFO - Sync 4 DAGs
[2024-11-20T01:12:27.817+0000] {logging_mixin.py:190} INFO - [2024-11-20T01:12:27.817+0000] {dag.py:4180} INFO - Setting next_dagrun for dataset_alias_example_alias_consumer to None, run_after=None
[2024-11-20T01:12:27.821+0000] {logging_mixin.py:190} INFO - [2024-11-20T01:12:27.821+0000] {dag.py:4180} INFO - Setting next_dagrun for dataset_alias_example_alias_producer to None, run_after=None
[2024-11-20T01:12:27.822+0000] {logging_mixin.py:190} INFO - [2024-11-20T01:12:27.822+0000] {dag.py:4180} INFO - Setting next_dagrun for dataset_s3_bucket_consumer to None, run_after=None
[2024-11-20T01:12:27.824+0000] {logging_mixin.py:190} INFO - [2024-11-20T01:12:27.824+0000] {dag.py:4180} INFO - Setting next_dagrun for dataset_s3_bucket_producer to None, run_after=None
[2024-11-20T01:12:27.850+0000] {processor.py:208} INFO - Processing /home/ubuntu/airflow_venv/lib/python3.12/site-packages/airflow/example_dags/example_dataset_alias.py took 0.104 seconds
