[2024-11-20T00:16:41.818+0000] {processor.py:186} INFO - Started process (PID=2061) to work on /home/ubuntu/airflow_venv/lib/python3.12/site-packages/airflow/example_dags/example_latest_only.py
[2024-11-20T00:16:41.819+0000] {processor.py:914} INFO - Processing file /home/ubuntu/airflow_venv/lib/python3.12/site-packages/airflow/example_dags/example_latest_only.py for tasks to queue
[2024-11-20T00:16:41.822+0000] {logging_mixin.py:190} INFO - [2024-11-20T00:16:41.822+0000] {dagbag.py:588} INFO - Filling up the DagBag from /home/ubuntu/airflow_venv/lib/python3.12/site-packages/airflow/example_dags/example_latest_only.py
[2024-11-20T00:16:41.829+0000] {processor.py:925} INFO - DAG(s) 'latest_only' retrieved from /home/ubuntu/airflow_venv/lib/python3.12/site-packages/airflow/example_dags/example_latest_only.py
[2024-11-20T00:16:41.846+0000] {logging_mixin.py:190} INFO - [2024-11-20T00:16:41.846+0000] {dag.py:3239} INFO - Sync 1 DAGs
[2024-11-20T00:16:41.864+0000] {logging_mixin.py:190} INFO - [2024-11-20T00:16:41.863+0000] {dag.py:4180} INFO - Setting next_dagrun for latest_only to 2024-11-19 20:00:00+00:00, run_after=2024-11-20 00:00:00+00:00
[2024-11-20T00:16:41.885+0000] {processor.py:208} INFO - Processing /home/ubuntu/airflow_venv/lib/python3.12/site-packages/airflow/example_dags/example_latest_only.py took 0.072 seconds
[2024-11-20T00:17:41.241+0000] {processor.py:186} INFO - Started process (PID=2126) to work on /home/ubuntu/airflow_venv/lib/python3.12/site-packages/airflow/example_dags/example_latest_only.py
[2024-11-20T00:17:41.242+0000] {processor.py:914} INFO - Processing file /home/ubuntu/airflow_venv/lib/python3.12/site-packages/airflow/example_dags/example_latest_only.py for tasks to queue
[2024-11-20T00:17:41.244+0000] {logging_mixin.py:190} INFO - [2024-11-20T00:17:41.244+0000] {dagbag.py:588} INFO - Filling up the DagBag from /home/ubuntu/airflow_venv/lib/python3.12/site-packages/airflow/example_dags/example_latest_only.py
[2024-11-20T00:17:41.251+0000] {processor.py:925} INFO - DAG(s) 'latest_only' retrieved from /home/ubuntu/airflow_venv/lib/python3.12/site-packages/airflow/example_dags/example_latest_only.py
[2024-11-20T00:17:41.266+0000] {logging_mixin.py:190} INFO - [2024-11-20T00:17:41.266+0000] {dag.py:3239} INFO - Sync 1 DAGs
[2024-11-20T00:17:41.284+0000] {logging_mixin.py:190} INFO - [2024-11-20T00:17:41.284+0000] {dag.py:4180} INFO - Setting next_dagrun for latest_only to 2024-11-19 20:00:00+00:00, run_after=2024-11-20 00:00:00+00:00
[2024-11-20T00:17:41.305+0000] {processor.py:208} INFO - Processing /home/ubuntu/airflow_venv/lib/python3.12/site-packages/airflow/example_dags/example_latest_only.py took 0.069 seconds
[2024-11-20T00:18:36.068+0000] {processor.py:186} INFO - Started process (PID=2184) to work on /home/ubuntu/airflow_venv/lib/python3.12/site-packages/airflow/example_dags/example_latest_only.py
[2024-11-20T00:18:36.070+0000] {processor.py:914} INFO - Processing file /home/ubuntu/airflow_venv/lib/python3.12/site-packages/airflow/example_dags/example_latest_only.py for tasks to queue
[2024-11-20T00:18:36.072+0000] {logging_mixin.py:190} INFO - [2024-11-20T00:18:36.072+0000] {dagbag.py:588} INFO - Filling up the DagBag from /home/ubuntu/airflow_venv/lib/python3.12/site-packages/airflow/example_dags/example_latest_only.py
[2024-11-20T00:18:36.079+0000] {processor.py:925} INFO - DAG(s) 'latest_only' retrieved from /home/ubuntu/airflow_venv/lib/python3.12/site-packages/airflow/example_dags/example_latest_only.py
[2024-11-20T00:18:36.094+0000] {logging_mixin.py:190} INFO - [2024-11-20T00:18:36.094+0000] {dag.py:3239} INFO - Sync 1 DAGs
[2024-11-20T00:18:36.112+0000] {logging_mixin.py:190} INFO - [2024-11-20T00:18:36.112+0000] {dag.py:4180} INFO - Setting next_dagrun for latest_only to 2024-11-19 20:00:00+00:00, run_after=2024-11-20 00:00:00+00:00
[2024-11-20T00:18:36.133+0000] {processor.py:208} INFO - Processing /home/ubuntu/airflow_venv/lib/python3.12/site-packages/airflow/example_dags/example_latest_only.py took 0.070 seconds
[2024-11-20T00:19:31.613+0000] {processor.py:186} INFO - Started process (PID=2243) to work on /home/ubuntu/airflow_venv/lib/python3.12/site-packages/airflow/example_dags/example_latest_only.py
[2024-11-20T00:19:31.614+0000] {processor.py:914} INFO - Processing file /home/ubuntu/airflow_venv/lib/python3.12/site-packages/airflow/example_dags/example_latest_only.py for tasks to queue
[2024-11-20T00:19:31.617+0000] {logging_mixin.py:190} INFO - [2024-11-20T00:19:31.616+0000] {dagbag.py:588} INFO - Filling up the DagBag from /home/ubuntu/airflow_venv/lib/python3.12/site-packages/airflow/example_dags/example_latest_only.py
[2024-11-20T00:19:31.624+0000] {processor.py:925} INFO - DAG(s) 'latest_only' retrieved from /home/ubuntu/airflow_venv/lib/python3.12/site-packages/airflow/example_dags/example_latest_only.py
[2024-11-20T00:19:31.637+0000] {logging_mixin.py:190} INFO - [2024-11-20T00:19:31.637+0000] {dag.py:3239} INFO - Sync 1 DAGs
[2024-11-20T00:19:31.656+0000] {logging_mixin.py:190} INFO - [2024-11-20T00:19:31.655+0000] {dag.py:4180} INFO - Setting next_dagrun for latest_only to 2024-11-19 20:00:00+00:00, run_after=2024-11-20 00:00:00+00:00
[2024-11-20T00:19:31.676+0000] {processor.py:208} INFO - Processing /home/ubuntu/airflow_venv/lib/python3.12/site-packages/airflow/example_dags/example_latest_only.py took 0.068 seconds
[2024-11-20T00:20:25.750+0000] {processor.py:186} INFO - Started process (PID=2298) to work on /home/ubuntu/airflow_venv/lib/python3.12/site-packages/airflow/example_dags/example_latest_only.py
[2024-11-20T00:20:25.751+0000] {processor.py:914} INFO - Processing file /home/ubuntu/airflow_venv/lib/python3.12/site-packages/airflow/example_dags/example_latest_only.py for tasks to queue
[2024-11-20T00:20:25.754+0000] {logging_mixin.py:190} INFO - [2024-11-20T00:20:25.753+0000] {dagbag.py:588} INFO - Filling up the DagBag from /home/ubuntu/airflow_venv/lib/python3.12/site-packages/airflow/example_dags/example_latest_only.py
[2024-11-20T00:20:25.761+0000] {processor.py:925} INFO - DAG(s) 'latest_only' retrieved from /home/ubuntu/airflow_venv/lib/python3.12/site-packages/airflow/example_dags/example_latest_only.py
[2024-11-20T00:20:25.775+0000] {logging_mixin.py:190} INFO - [2024-11-20T00:20:25.774+0000] {dag.py:3239} INFO - Sync 1 DAGs
[2024-11-20T00:20:25.793+0000] {logging_mixin.py:190} INFO - [2024-11-20T00:20:25.793+0000] {dag.py:4180} INFO - Setting next_dagrun for latest_only to 2024-11-19 20:00:00+00:00, run_after=2024-11-20 00:00:00+00:00
[2024-11-20T00:20:25.818+0000] {processor.py:208} INFO - Processing /home/ubuntu/airflow_venv/lib/python3.12/site-packages/airflow/example_dags/example_latest_only.py took 0.073 seconds
[2024-11-20T00:21:22.145+0000] {processor.py:186} INFO - Started process (PID=2356) to work on /home/ubuntu/airflow_venv/lib/python3.12/site-packages/airflow/example_dags/example_latest_only.py
[2024-11-20T00:21:22.147+0000] {processor.py:914} INFO - Processing file /home/ubuntu/airflow_venv/lib/python3.12/site-packages/airflow/example_dags/example_latest_only.py for tasks to queue
[2024-11-20T00:21:22.149+0000] {logging_mixin.py:190} INFO - [2024-11-20T00:21:22.148+0000] {dagbag.py:588} INFO - Filling up the DagBag from /home/ubuntu/airflow_venv/lib/python3.12/site-packages/airflow/example_dags/example_latest_only.py
[2024-11-20T00:21:22.156+0000] {processor.py:925} INFO - DAG(s) 'latest_only' retrieved from /home/ubuntu/airflow_venv/lib/python3.12/site-packages/airflow/example_dags/example_latest_only.py
[2024-11-20T00:21:22.290+0000] {logging_mixin.py:190} INFO - [2024-11-20T00:21:22.289+0000] {dag.py:3239} INFO - Sync 1 DAGs
[2024-11-20T00:21:22.305+0000] {logging_mixin.py:190} INFO - [2024-11-20T00:21:22.305+0000] {dag.py:4180} INFO - Setting next_dagrun for latest_only to 2024-11-19 20:00:00+00:00, run_after=2024-11-20 00:00:00+00:00
[2024-11-20T00:21:22.324+0000] {processor.py:208} INFO - Processing /home/ubuntu/airflow_venv/lib/python3.12/site-packages/airflow/example_dags/example_latest_only.py took 0.184 seconds
[2024-11-20T00:22:22.897+0000] {processor.py:186} INFO - Started process (PID=2420) to work on /home/ubuntu/airflow_venv/lib/python3.12/site-packages/airflow/example_dags/example_latest_only.py
[2024-11-20T00:22:22.899+0000] {processor.py:914} INFO - Processing file /home/ubuntu/airflow_venv/lib/python3.12/site-packages/airflow/example_dags/example_latest_only.py for tasks to queue
[2024-11-20T00:22:22.901+0000] {logging_mixin.py:190} INFO - [2024-11-20T00:22:22.901+0000] {dagbag.py:588} INFO - Filling up the DagBag from /home/ubuntu/airflow_venv/lib/python3.12/site-packages/airflow/example_dags/example_latest_only.py
[2024-11-20T00:22:22.908+0000] {processor.py:925} INFO - DAG(s) 'latest_only' retrieved from /home/ubuntu/airflow_venv/lib/python3.12/site-packages/airflow/example_dags/example_latest_only.py
[2024-11-20T00:22:22.931+0000] {logging_mixin.py:190} INFO - [2024-11-20T00:22:22.931+0000] {dag.py:3239} INFO - Sync 1 DAGs
[2024-11-20T00:22:22.949+0000] {logging_mixin.py:190} INFO - [2024-11-20T00:22:22.949+0000] {dag.py:4180} INFO - Setting next_dagrun for latest_only to 2024-11-19 20:00:00+00:00, run_after=2024-11-20 00:00:00+00:00
[2024-11-20T00:22:22.973+0000] {processor.py:208} INFO - Processing /home/ubuntu/airflow_venv/lib/python3.12/site-packages/airflow/example_dags/example_latest_only.py took 0.081 seconds
[2024-11-20T00:23:17.644+0000] {processor.py:186} INFO - Started process (PID=2476) to work on /home/ubuntu/airflow_venv/lib/python3.12/site-packages/airflow/example_dags/example_latest_only.py
[2024-11-20T00:23:17.645+0000] {processor.py:914} INFO - Processing file /home/ubuntu/airflow_venv/lib/python3.12/site-packages/airflow/example_dags/example_latest_only.py for tasks to queue
[2024-11-20T00:23:17.647+0000] {logging_mixin.py:190} INFO - [2024-11-20T00:23:17.647+0000] {dagbag.py:588} INFO - Filling up the DagBag from /home/ubuntu/airflow_venv/lib/python3.12/site-packages/airflow/example_dags/example_latest_only.py
[2024-11-20T00:23:17.655+0000] {processor.py:925} INFO - DAG(s) 'latest_only' retrieved from /home/ubuntu/airflow_venv/lib/python3.12/site-packages/airflow/example_dags/example_latest_only.py
[2024-11-20T00:23:17.670+0000] {logging_mixin.py:190} INFO - [2024-11-20T00:23:17.669+0000] {dag.py:3239} INFO - Sync 1 DAGs
[2024-11-20T00:23:17.689+0000] {logging_mixin.py:190} INFO - [2024-11-20T00:23:17.689+0000] {dag.py:4180} INFO - Setting next_dagrun for latest_only to 2024-11-19 20:00:00+00:00, run_after=2024-11-20 00:00:00+00:00
[2024-11-20T00:23:17.711+0000] {processor.py:208} INFO - Processing /home/ubuntu/airflow_venv/lib/python3.12/site-packages/airflow/example_dags/example_latest_only.py took 0.073 seconds
[2024-11-20T00:24:12.852+0000] {processor.py:186} INFO - Started process (PID=2533) to work on /home/ubuntu/airflow_venv/lib/python3.12/site-packages/airflow/example_dags/example_latest_only.py
[2024-11-20T00:24:12.854+0000] {processor.py:914} INFO - Processing file /home/ubuntu/airflow_venv/lib/python3.12/site-packages/airflow/example_dags/example_latest_only.py for tasks to queue
[2024-11-20T00:24:12.856+0000] {logging_mixin.py:190} INFO - [2024-11-20T00:24:12.855+0000] {dagbag.py:588} INFO - Filling up the DagBag from /home/ubuntu/airflow_venv/lib/python3.12/site-packages/airflow/example_dags/example_latest_only.py
[2024-11-20T00:24:12.863+0000] {processor.py:925} INFO - DAG(s) 'latest_only' retrieved from /home/ubuntu/airflow_venv/lib/python3.12/site-packages/airflow/example_dags/example_latest_only.py
[2024-11-20T00:24:12.877+0000] {logging_mixin.py:190} INFO - [2024-11-20T00:24:12.877+0000] {dag.py:3239} INFO - Sync 1 DAGs
[2024-11-20T00:24:12.895+0000] {logging_mixin.py:190} INFO - [2024-11-20T00:24:12.895+0000] {dag.py:4180} INFO - Setting next_dagrun for latest_only to 2024-11-19 20:00:00+00:00, run_after=2024-11-20 00:00:00+00:00
[2024-11-20T00:24:12.918+0000] {processor.py:208} INFO - Processing /home/ubuntu/airflow_venv/lib/python3.12/site-packages/airflow/example_dags/example_latest_only.py took 0.072 seconds
[2024-11-20T00:25:07.692+0000] {processor.py:186} INFO - Started process (PID=2592) to work on /home/ubuntu/airflow_venv/lib/python3.12/site-packages/airflow/example_dags/example_latest_only.py
[2024-11-20T00:25:07.693+0000] {processor.py:914} INFO - Processing file /home/ubuntu/airflow_venv/lib/python3.12/site-packages/airflow/example_dags/example_latest_only.py for tasks to queue
[2024-11-20T00:25:07.696+0000] {logging_mixin.py:190} INFO - [2024-11-20T00:25:07.695+0000] {dagbag.py:588} INFO - Filling up the DagBag from /home/ubuntu/airflow_venv/lib/python3.12/site-packages/airflow/example_dags/example_latest_only.py
[2024-11-20T00:25:07.703+0000] {processor.py:925} INFO - DAG(s) 'latest_only' retrieved from /home/ubuntu/airflow_venv/lib/python3.12/site-packages/airflow/example_dags/example_latest_only.py
[2024-11-20T00:25:07.718+0000] {logging_mixin.py:190} INFO - [2024-11-20T00:25:07.717+0000] {dag.py:3239} INFO - Sync 1 DAGs
[2024-11-20T00:25:07.737+0000] {logging_mixin.py:190} INFO - [2024-11-20T00:25:07.737+0000] {dag.py:4180} INFO - Setting next_dagrun for latest_only to 2024-11-19 20:00:00+00:00, run_after=2024-11-20 00:00:00+00:00
[2024-11-20T00:25:07.759+0000] {processor.py:208} INFO - Processing /home/ubuntu/airflow_venv/lib/python3.12/site-packages/airflow/example_dags/example_latest_only.py took 0.073 seconds
[2024-11-20T00:26:00.595+0000] {processor.py:186} INFO - Started process (PID=2648) to work on /home/ubuntu/airflow_venv/lib/python3.12/site-packages/airflow/example_dags/example_latest_only.py
[2024-11-20T00:26:00.596+0000] {processor.py:914} INFO - Processing file /home/ubuntu/airflow_venv/lib/python3.12/site-packages/airflow/example_dags/example_latest_only.py for tasks to queue
[2024-11-20T00:26:00.599+0000] {logging_mixin.py:190} INFO - [2024-11-20T00:26:00.599+0000] {dagbag.py:588} INFO - Filling up the DagBag from /home/ubuntu/airflow_venv/lib/python3.12/site-packages/airflow/example_dags/example_latest_only.py
[2024-11-20T00:26:00.606+0000] {processor.py:925} INFO - DAG(s) 'latest_only' retrieved from /home/ubuntu/airflow_venv/lib/python3.12/site-packages/airflow/example_dags/example_latest_only.py
[2024-11-20T00:26:00.623+0000] {logging_mixin.py:190} INFO - [2024-11-20T00:26:00.623+0000] {dag.py:3239} INFO - Sync 1 DAGs
[2024-11-20T00:26:00.641+0000] {logging_mixin.py:190} INFO - [2024-11-20T00:26:00.641+0000] {dag.py:4180} INFO - Setting next_dagrun for latest_only to 2024-11-19 20:00:00+00:00, run_after=2024-11-20 00:00:00+00:00
[2024-11-20T00:26:00.664+0000] {processor.py:208} INFO - Processing /home/ubuntu/airflow_venv/lib/python3.12/site-packages/airflow/example_dags/example_latest_only.py took 0.075 seconds
[2024-11-20T00:27:14.434+0000] {processor.py:186} INFO - Started process (PID=2744) to work on /home/ubuntu/airflow_venv/lib/python3.12/site-packages/airflow/example_dags/example_latest_only.py
[2024-11-20T00:27:14.436+0000] {processor.py:914} INFO - Processing file /home/ubuntu/airflow_venv/lib/python3.12/site-packages/airflow/example_dags/example_latest_only.py for tasks to queue
[2024-11-20T00:27:14.438+0000] {logging_mixin.py:190} INFO - [2024-11-20T00:27:14.438+0000] {dagbag.py:588} INFO - Filling up the DagBag from /home/ubuntu/airflow_venv/lib/python3.12/site-packages/airflow/example_dags/example_latest_only.py
[2024-11-20T00:27:14.445+0000] {processor.py:925} INFO - DAG(s) 'latest_only' retrieved from /home/ubuntu/airflow_venv/lib/python3.12/site-packages/airflow/example_dags/example_latest_only.py
[2024-11-20T00:27:14.459+0000] {logging_mixin.py:190} INFO - [2024-11-20T00:27:14.459+0000] {dag.py:3239} INFO - Sync 1 DAGs
[2024-11-20T00:27:14.479+0000] {logging_mixin.py:190} INFO - [2024-11-20T00:27:14.479+0000] {dag.py:4180} INFO - Setting next_dagrun for latest_only to 2024-11-19 20:00:00+00:00, run_after=2024-11-20 00:00:00+00:00
[2024-11-20T00:27:14.499+0000] {processor.py:208} INFO - Processing /home/ubuntu/airflow_venv/lib/python3.12/site-packages/airflow/example_dags/example_latest_only.py took 0.070 seconds
[2024-11-20T00:28:17.889+0000] {processor.py:186} INFO - Started process (PID=2810) to work on /home/ubuntu/airflow_venv/lib/python3.12/site-packages/airflow/example_dags/example_latest_only.py
[2024-11-20T00:28:17.891+0000] {processor.py:914} INFO - Processing file /home/ubuntu/airflow_venv/lib/python3.12/site-packages/airflow/example_dags/example_latest_only.py for tasks to queue
[2024-11-20T00:28:17.894+0000] {logging_mixin.py:190} INFO - [2024-11-20T00:28:17.894+0000] {dagbag.py:588} INFO - Filling up the DagBag from /home/ubuntu/airflow_venv/lib/python3.12/site-packages/airflow/example_dags/example_latest_only.py
[2024-11-20T00:28:17.901+0000] {processor.py:925} INFO - DAG(s) 'latest_only' retrieved from /home/ubuntu/airflow_venv/lib/python3.12/site-packages/airflow/example_dags/example_latest_only.py
[2024-11-20T00:28:17.916+0000] {logging_mixin.py:190} INFO - [2024-11-20T00:28:17.916+0000] {dag.py:3239} INFO - Sync 1 DAGs
[2024-11-20T00:28:17.934+0000] {logging_mixin.py:190} INFO - [2024-11-20T00:28:17.933+0000] {dag.py:4180} INFO - Setting next_dagrun for latest_only to 2024-11-19 20:00:00+00:00, run_after=2024-11-20 00:00:00+00:00
[2024-11-20T00:28:17.955+0000] {processor.py:208} INFO - Processing /home/ubuntu/airflow_venv/lib/python3.12/site-packages/airflow/example_dags/example_latest_only.py took 0.071 seconds
[2024-11-20T00:29:18.030+0000] {processor.py:186} INFO - Started process (PID=2998) to work on /home/ubuntu/airflow_venv/lib/python3.12/site-packages/airflow/example_dags/example_latest_only.py
[2024-11-20T00:29:18.032+0000] {processor.py:914} INFO - Processing file /home/ubuntu/airflow_venv/lib/python3.12/site-packages/airflow/example_dags/example_latest_only.py for tasks to queue
[2024-11-20T00:29:18.034+0000] {logging_mixin.py:190} INFO - [2024-11-20T00:29:18.033+0000] {dagbag.py:588} INFO - Filling up the DagBag from /home/ubuntu/airflow_venv/lib/python3.12/site-packages/airflow/example_dags/example_latest_only.py
[2024-11-20T00:29:18.042+0000] {processor.py:925} INFO - DAG(s) 'latest_only' retrieved from /home/ubuntu/airflow_venv/lib/python3.12/site-packages/airflow/example_dags/example_latest_only.py
[2024-11-20T00:29:18.057+0000] {logging_mixin.py:190} INFO - [2024-11-20T00:29:18.057+0000] {dag.py:3239} INFO - Sync 1 DAGs
[2024-11-20T00:29:18.076+0000] {logging_mixin.py:190} INFO - [2024-11-20T00:29:18.076+0000] {dag.py:4180} INFO - Setting next_dagrun for latest_only to 2024-11-19 20:00:00+00:00, run_after=2024-11-20 00:00:00+00:00
[2024-11-20T00:29:18.098+0000] {processor.py:208} INFO - Processing /home/ubuntu/airflow_venv/lib/python3.12/site-packages/airflow/example_dags/example_latest_only.py took 0.073 seconds
[2024-11-20T00:30:17.732+0000] {processor.py:186} INFO - Started process (PID=3061) to work on /home/ubuntu/airflow_venv/lib/python3.12/site-packages/airflow/example_dags/example_latest_only.py
[2024-11-20T00:30:17.734+0000] {processor.py:914} INFO - Processing file /home/ubuntu/airflow_venv/lib/python3.12/site-packages/airflow/example_dags/example_latest_only.py for tasks to queue
[2024-11-20T00:30:17.735+0000] {logging_mixin.py:190} INFO - [2024-11-20T00:30:17.735+0000] {dagbag.py:588} INFO - Filling up the DagBag from /home/ubuntu/airflow_venv/lib/python3.12/site-packages/airflow/example_dags/example_latest_only.py
[2024-11-20T00:30:17.743+0000] {processor.py:925} INFO - DAG(s) 'latest_only' retrieved from /home/ubuntu/airflow_venv/lib/python3.12/site-packages/airflow/example_dags/example_latest_only.py
[2024-11-20T00:30:17.759+0000] {logging_mixin.py:190} INFO - [2024-11-20T00:30:17.758+0000] {dag.py:3239} INFO - Sync 1 DAGs
[2024-11-20T00:30:17.777+0000] {logging_mixin.py:190} INFO - [2024-11-20T00:30:17.777+0000] {dag.py:4180} INFO - Setting next_dagrun for latest_only to 2024-11-19 20:00:00+00:00, run_after=2024-11-20 00:00:00+00:00
[2024-11-20T00:30:17.799+0000] {processor.py:208} INFO - Processing /home/ubuntu/airflow_venv/lib/python3.12/site-packages/airflow/example_dags/example_latest_only.py took 0.074 seconds
[2024-11-20T00:31:13.068+0000] {processor.py:186} INFO - Started process (PID=3184) to work on /home/ubuntu/airflow_venv/lib/python3.12/site-packages/airflow/example_dags/example_latest_only.py
[2024-11-20T00:31:13.069+0000] {processor.py:914} INFO - Processing file /home/ubuntu/airflow_venv/lib/python3.12/site-packages/airflow/example_dags/example_latest_only.py for tasks to queue
[2024-11-20T00:31:13.070+0000] {logging_mixin.py:190} INFO - [2024-11-20T00:31:13.070+0000] {dagbag.py:588} INFO - Filling up the DagBag from /home/ubuntu/airflow_venv/lib/python3.12/site-packages/airflow/example_dags/example_latest_only.py
[2024-11-20T00:31:13.079+0000] {processor.py:925} INFO - DAG(s) 'latest_only' retrieved from /home/ubuntu/airflow_venv/lib/python3.12/site-packages/airflow/example_dags/example_latest_only.py
[2024-11-20T00:31:13.093+0000] {logging_mixin.py:190} INFO - [2024-11-20T00:31:13.093+0000] {dag.py:3239} INFO - Sync 1 DAGs
[2024-11-20T00:31:13.115+0000] {logging_mixin.py:190} INFO - [2024-11-20T00:31:13.114+0000] {dag.py:4180} INFO - Setting next_dagrun for latest_only to 2024-11-19 20:00:00+00:00, run_after=2024-11-20 00:00:00+00:00
[2024-11-20T00:31:13.138+0000] {processor.py:208} INFO - Processing /home/ubuntu/airflow_venv/lib/python3.12/site-packages/airflow/example_dags/example_latest_only.py took 0.076 seconds
[2024-11-20T00:32:07.418+0000] {processor.py:186} INFO - Started process (PID=3315) to work on /home/ubuntu/airflow_venv/lib/python3.12/site-packages/airflow/example_dags/example_latest_only.py
[2024-11-20T00:32:07.420+0000] {processor.py:914} INFO - Processing file /home/ubuntu/airflow_venv/lib/python3.12/site-packages/airflow/example_dags/example_latest_only.py for tasks to queue
[2024-11-20T00:32:07.421+0000] {logging_mixin.py:190} INFO - [2024-11-20T00:32:07.420+0000] {dagbag.py:588} INFO - Filling up the DagBag from /home/ubuntu/airflow_venv/lib/python3.12/site-packages/airflow/example_dags/example_latest_only.py
[2024-11-20T00:32:07.428+0000] {processor.py:925} INFO - DAG(s) 'latest_only' retrieved from /home/ubuntu/airflow_venv/lib/python3.12/site-packages/airflow/example_dags/example_latest_only.py
[2024-11-20T00:32:07.444+0000] {logging_mixin.py:190} INFO - [2024-11-20T00:32:07.443+0000] {dag.py:3239} INFO - Sync 1 DAGs
[2024-11-20T00:32:07.461+0000] {logging_mixin.py:190} INFO - [2024-11-20T00:32:07.461+0000] {dag.py:4180} INFO - Setting next_dagrun for latest_only to 2024-11-19 20:00:00+00:00, run_after=2024-11-20 00:00:00+00:00
[2024-11-20T00:32:07.484+0000] {processor.py:208} INFO - Processing /home/ubuntu/airflow_venv/lib/python3.12/site-packages/airflow/example_dags/example_latest_only.py took 0.072 seconds
[2024-11-20T00:33:01.268+0000] {processor.py:186} INFO - Started process (PID=3786) to work on /home/ubuntu/airflow_venv/lib/python3.12/site-packages/airflow/example_dags/example_latest_only.py
[2024-11-20T00:33:01.271+0000] {processor.py:914} INFO - Processing file /home/ubuntu/airflow_venv/lib/python3.12/site-packages/airflow/example_dags/example_latest_only.py for tasks to queue
[2024-11-20T00:33:01.272+0000] {logging_mixin.py:190} INFO - [2024-11-20T00:33:01.272+0000] {dagbag.py:588} INFO - Filling up the DagBag from /home/ubuntu/airflow_venv/lib/python3.12/site-packages/airflow/example_dags/example_latest_only.py
[2024-11-20T00:33:01.280+0000] {processor.py:925} INFO - DAG(s) 'latest_only' retrieved from /home/ubuntu/airflow_venv/lib/python3.12/site-packages/airflow/example_dags/example_latest_only.py
[2024-11-20T00:33:01.298+0000] {logging_mixin.py:190} INFO - [2024-11-20T00:33:01.297+0000] {dag.py:3239} INFO - Sync 1 DAGs
[2024-11-20T00:33:01.320+0000] {logging_mixin.py:190} INFO - [2024-11-20T00:33:01.320+0000] {dag.py:4180} INFO - Setting next_dagrun for latest_only to 2024-11-19 20:00:00+00:00, run_after=2024-11-20 00:00:00+00:00
[2024-11-20T00:33:01.350+0000] {processor.py:208} INFO - Processing /home/ubuntu/airflow_venv/lib/python3.12/site-packages/airflow/example_dags/example_latest_only.py took 0.088 seconds
[2024-11-20T00:34:06.082+0000] {processor.py:186} INFO - Started process (PID=4013) to work on /home/ubuntu/airflow_venv/lib/python3.12/site-packages/airflow/example_dags/example_latest_only.py
[2024-11-20T00:34:06.083+0000] {processor.py:914} INFO - Processing file /home/ubuntu/airflow_venv/lib/python3.12/site-packages/airflow/example_dags/example_latest_only.py for tasks to queue
[2024-11-20T00:34:06.085+0000] {logging_mixin.py:190} INFO - [2024-11-20T00:34:06.084+0000] {dagbag.py:588} INFO - Filling up the DagBag from /home/ubuntu/airflow_venv/lib/python3.12/site-packages/airflow/example_dags/example_latest_only.py
[2024-11-20T00:34:06.093+0000] {processor.py:925} INFO - DAG(s) 'latest_only' retrieved from /home/ubuntu/airflow_venv/lib/python3.12/site-packages/airflow/example_dags/example_latest_only.py
[2024-11-20T00:34:06.108+0000] {logging_mixin.py:190} INFO - [2024-11-20T00:34:06.108+0000] {dag.py:3239} INFO - Sync 1 DAGs
[2024-11-20T00:34:06.125+0000] {logging_mixin.py:190} INFO - [2024-11-20T00:34:06.125+0000] {dag.py:4180} INFO - Setting next_dagrun for latest_only to 2024-11-19 20:00:00+00:00, run_after=2024-11-20 00:00:00+00:00
[2024-11-20T00:34:06.147+0000] {processor.py:208} INFO - Processing /home/ubuntu/airflow_venv/lib/python3.12/site-packages/airflow/example_dags/example_latest_only.py took 0.072 seconds
[2024-11-20T00:35:04.987+0000] {processor.py:186} INFO - Started process (PID=4100) to work on /home/ubuntu/airflow_venv/lib/python3.12/site-packages/airflow/example_dags/example_latest_only.py
[2024-11-20T00:35:04.989+0000] {processor.py:914} INFO - Processing file /home/ubuntu/airflow_venv/lib/python3.12/site-packages/airflow/example_dags/example_latest_only.py for tasks to queue
[2024-11-20T00:35:04.991+0000] {logging_mixin.py:190} INFO - [2024-11-20T00:35:04.989+0000] {dagbag.py:588} INFO - Filling up the DagBag from /home/ubuntu/airflow_venv/lib/python3.12/site-packages/airflow/example_dags/example_latest_only.py
[2024-11-20T00:35:04.999+0000] {processor.py:925} INFO - DAG(s) 'latest_only' retrieved from /home/ubuntu/airflow_venv/lib/python3.12/site-packages/airflow/example_dags/example_latest_only.py
[2024-11-20T00:35:05.014+0000] {logging_mixin.py:190} INFO - [2024-11-20T00:35:05.014+0000] {dag.py:3239} INFO - Sync 1 DAGs
[2024-11-20T00:35:05.033+0000] {logging_mixin.py:190} INFO - [2024-11-20T00:35:05.033+0000] {dag.py:4180} INFO - Setting next_dagrun for latest_only to 2024-11-19 20:00:00+00:00, run_after=2024-11-20 00:00:00+00:00
[2024-11-20T00:35:05.056+0000] {processor.py:208} INFO - Processing /home/ubuntu/airflow_venv/lib/python3.12/site-packages/airflow/example_dags/example_latest_only.py took 0.076 seconds
[2024-11-20T00:35:59.293+0000] {processor.py:186} INFO - Started process (PID=4158) to work on /home/ubuntu/airflow_venv/lib/python3.12/site-packages/airflow/example_dags/example_latest_only.py
[2024-11-20T00:35:59.295+0000] {processor.py:914} INFO - Processing file /home/ubuntu/airflow_venv/lib/python3.12/site-packages/airflow/example_dags/example_latest_only.py for tasks to queue
[2024-11-20T00:35:59.296+0000] {logging_mixin.py:190} INFO - [2024-11-20T00:35:59.295+0000] {dagbag.py:588} INFO - Filling up the DagBag from /home/ubuntu/airflow_venv/lib/python3.12/site-packages/airflow/example_dags/example_latest_only.py
[2024-11-20T00:35:59.304+0000] {processor.py:925} INFO - DAG(s) 'latest_only' retrieved from /home/ubuntu/airflow_venv/lib/python3.12/site-packages/airflow/example_dags/example_latest_only.py
[2024-11-20T00:35:59.318+0000] {logging_mixin.py:190} INFO - [2024-11-20T00:35:59.318+0000] {dag.py:3239} INFO - Sync 1 DAGs
[2024-11-20T00:35:59.337+0000] {logging_mixin.py:190} INFO - [2024-11-20T00:35:59.336+0000] {dag.py:4180} INFO - Setting next_dagrun for latest_only to 2024-11-19 20:00:00+00:00, run_after=2024-11-20 00:00:00+00:00
[2024-11-20T00:35:59.359+0000] {processor.py:208} INFO - Processing /home/ubuntu/airflow_venv/lib/python3.12/site-packages/airflow/example_dags/example_latest_only.py took 0.072 seconds
[2024-11-20T00:36:53.198+0000] {processor.py:186} INFO - Started process (PID=4214) to work on /home/ubuntu/airflow_venv/lib/python3.12/site-packages/airflow/example_dags/example_latest_only.py
[2024-11-20T00:36:53.200+0000] {processor.py:914} INFO - Processing file /home/ubuntu/airflow_venv/lib/python3.12/site-packages/airflow/example_dags/example_latest_only.py for tasks to queue
[2024-11-20T00:36:53.201+0000] {logging_mixin.py:190} INFO - [2024-11-20T00:36:53.201+0000] {dagbag.py:588} INFO - Filling up the DagBag from /home/ubuntu/airflow_venv/lib/python3.12/site-packages/airflow/example_dags/example_latest_only.py
[2024-11-20T00:36:53.210+0000] {processor.py:925} INFO - DAG(s) 'latest_only' retrieved from /home/ubuntu/airflow_venv/lib/python3.12/site-packages/airflow/example_dags/example_latest_only.py
[2024-11-20T00:36:53.224+0000] {logging_mixin.py:190} INFO - [2024-11-20T00:36:53.224+0000] {dag.py:3239} INFO - Sync 1 DAGs
[2024-11-20T00:36:53.242+0000] {logging_mixin.py:190} INFO - [2024-11-20T00:36:53.241+0000] {dag.py:4180} INFO - Setting next_dagrun for latest_only to 2024-11-19 20:00:00+00:00, run_after=2024-11-20 00:00:00+00:00
[2024-11-20T00:36:53.265+0000] {processor.py:208} INFO - Processing /home/ubuntu/airflow_venv/lib/python3.12/site-packages/airflow/example_dags/example_latest_only.py took 0.074 seconds
[2024-11-20T00:37:49.130+0000] {processor.py:186} INFO - Started process (PID=4280) to work on /home/ubuntu/airflow_venv/lib/python3.12/site-packages/airflow/example_dags/example_latest_only.py
[2024-11-20T00:37:49.132+0000] {processor.py:914} INFO - Processing file /home/ubuntu/airflow_venv/lib/python3.12/site-packages/airflow/example_dags/example_latest_only.py for tasks to queue
[2024-11-20T00:37:49.135+0000] {logging_mixin.py:190} INFO - [2024-11-20T00:37:49.133+0000] {dagbag.py:588} INFO - Filling up the DagBag from /home/ubuntu/airflow_venv/lib/python3.12/site-packages/airflow/example_dags/example_latest_only.py
[2024-11-20T00:37:49.142+0000] {processor.py:925} INFO - DAG(s) 'latest_only' retrieved from /home/ubuntu/airflow_venv/lib/python3.12/site-packages/airflow/example_dags/example_latest_only.py
[2024-11-20T00:37:49.157+0000] {logging_mixin.py:190} INFO - [2024-11-20T00:37:49.157+0000] {dag.py:3239} INFO - Sync 1 DAGs
[2024-11-20T00:37:49.177+0000] {logging_mixin.py:190} INFO - [2024-11-20T00:37:49.177+0000] {dag.py:4180} INFO - Setting next_dagrun for latest_only to 2024-11-19 20:00:00+00:00, run_after=2024-11-20 00:00:00+00:00
[2024-11-20T00:37:49.198+0000] {processor.py:208} INFO - Processing /home/ubuntu/airflow_venv/lib/python3.12/site-packages/airflow/example_dags/example_latest_only.py took 0.074 seconds
[2024-11-20T00:38:45.705+0000] {processor.py:186} INFO - Started process (PID=4355) to work on /home/ubuntu/airflow_venv/lib/python3.12/site-packages/airflow/example_dags/example_latest_only.py
[2024-11-20T00:38:45.707+0000] {processor.py:914} INFO - Processing file /home/ubuntu/airflow_venv/lib/python3.12/site-packages/airflow/example_dags/example_latest_only.py for tasks to queue
[2024-11-20T00:38:45.710+0000] {logging_mixin.py:190} INFO - [2024-11-20T00:38:45.708+0000] {dagbag.py:588} INFO - Filling up the DagBag from /home/ubuntu/airflow_venv/lib/python3.12/site-packages/airflow/example_dags/example_latest_only.py
[2024-11-20T00:38:45.716+0000] {processor.py:925} INFO - DAG(s) 'latest_only' retrieved from /home/ubuntu/airflow_venv/lib/python3.12/site-packages/airflow/example_dags/example_latest_only.py
[2024-11-20T00:38:45.738+0000] {logging_mixin.py:190} INFO - [2024-11-20T00:38:45.738+0000] {dag.py:3239} INFO - Sync 1 DAGs
[2024-11-20T00:38:45.756+0000] {logging_mixin.py:190} INFO - [2024-11-20T00:38:45.756+0000] {dag.py:4180} INFO - Setting next_dagrun for latest_only to 2024-11-19 20:00:00+00:00, run_after=2024-11-20 00:00:00+00:00
[2024-11-20T00:38:45.777+0000] {processor.py:208} INFO - Processing /home/ubuntu/airflow_venv/lib/python3.12/site-packages/airflow/example_dags/example_latest_only.py took 0.079 seconds
[2024-11-20T00:39:45.265+0000] {processor.py:186} INFO - Started process (PID=4422) to work on /home/ubuntu/airflow_venv/lib/python3.12/site-packages/airflow/example_dags/example_latest_only.py
[2024-11-20T00:39:45.266+0000] {processor.py:914} INFO - Processing file /home/ubuntu/airflow_venv/lib/python3.12/site-packages/airflow/example_dags/example_latest_only.py for tasks to queue
[2024-11-20T00:39:45.268+0000] {logging_mixin.py:190} INFO - [2024-11-20T00:39:45.267+0000] {dagbag.py:588} INFO - Filling up the DagBag from /home/ubuntu/airflow_venv/lib/python3.12/site-packages/airflow/example_dags/example_latest_only.py
[2024-11-20T00:39:45.275+0000] {processor.py:925} INFO - DAG(s) 'latest_only' retrieved from /home/ubuntu/airflow_venv/lib/python3.12/site-packages/airflow/example_dags/example_latest_only.py
[2024-11-20T00:39:45.290+0000] {logging_mixin.py:190} INFO - [2024-11-20T00:39:45.289+0000] {dag.py:3239} INFO - Sync 1 DAGs
[2024-11-20T00:39:45.307+0000] {logging_mixin.py:190} INFO - [2024-11-20T00:39:45.307+0000] {dag.py:4180} INFO - Setting next_dagrun for latest_only to 2024-11-19 20:00:00+00:00, run_after=2024-11-20 00:00:00+00:00
[2024-11-20T00:39:45.329+0000] {processor.py:208} INFO - Processing /home/ubuntu/airflow_venv/lib/python3.12/site-packages/airflow/example_dags/example_latest_only.py took 0.071 seconds
[2024-11-20T00:40:44.594+0000] {processor.py:186} INFO - Started process (PID=4512) to work on /home/ubuntu/airflow_venv/lib/python3.12/site-packages/airflow/example_dags/example_latest_only.py
[2024-11-20T00:40:44.595+0000] {processor.py:914} INFO - Processing file /home/ubuntu/airflow_venv/lib/python3.12/site-packages/airflow/example_dags/example_latest_only.py for tasks to queue
[2024-11-20T00:40:44.597+0000] {logging_mixin.py:190} INFO - [2024-11-20T00:40:44.596+0000] {dagbag.py:588} INFO - Filling up the DagBag from /home/ubuntu/airflow_venv/lib/python3.12/site-packages/airflow/example_dags/example_latest_only.py
[2024-11-20T00:40:44.604+0000] {processor.py:925} INFO - DAG(s) 'latest_only' retrieved from /home/ubuntu/airflow_venv/lib/python3.12/site-packages/airflow/example_dags/example_latest_only.py
[2024-11-20T00:40:44.619+0000] {logging_mixin.py:190} INFO - [2024-11-20T00:40:44.619+0000] {dag.py:3239} INFO - Sync 1 DAGs
[2024-11-20T00:40:44.637+0000] {logging_mixin.py:190} INFO - [2024-11-20T00:40:44.637+0000] {dag.py:4180} INFO - Setting next_dagrun for latest_only to 2024-11-19 20:00:00+00:00, run_after=2024-11-20 00:00:00+00:00
[2024-11-20T00:40:44.659+0000] {processor.py:208} INFO - Processing /home/ubuntu/airflow_venv/lib/python3.12/site-packages/airflow/example_dags/example_latest_only.py took 0.073 seconds
[2024-11-20T00:41:38.211+0000] {processor.py:186} INFO - Started process (PID=4568) to work on /home/ubuntu/airflow_venv/lib/python3.12/site-packages/airflow/example_dags/example_latest_only.py
[2024-11-20T00:41:38.213+0000] {processor.py:914} INFO - Processing file /home/ubuntu/airflow_venv/lib/python3.12/site-packages/airflow/example_dags/example_latest_only.py for tasks to queue
[2024-11-20T00:41:38.214+0000] {logging_mixin.py:190} INFO - [2024-11-20T00:41:38.213+0000] {dagbag.py:588} INFO - Filling up the DagBag from /home/ubuntu/airflow_venv/lib/python3.12/site-packages/airflow/example_dags/example_latest_only.py
[2024-11-20T00:41:38.221+0000] {processor.py:925} INFO - DAG(s) 'latest_only' retrieved from /home/ubuntu/airflow_venv/lib/python3.12/site-packages/airflow/example_dags/example_latest_only.py
[2024-11-20T00:41:38.236+0000] {logging_mixin.py:190} INFO - [2024-11-20T00:41:38.236+0000] {dag.py:3239} INFO - Sync 1 DAGs
[2024-11-20T00:41:38.254+0000] {logging_mixin.py:190} INFO - [2024-11-20T00:41:38.254+0000] {dag.py:4180} INFO - Setting next_dagrun for latest_only to 2024-11-19 20:00:00+00:00, run_after=2024-11-20 00:00:00+00:00
[2024-11-20T00:41:38.276+0000] {processor.py:208} INFO - Processing /home/ubuntu/airflow_venv/lib/python3.12/site-packages/airflow/example_dags/example_latest_only.py took 0.072 seconds
[2024-11-20T00:42:30.055+0000] {processor.py:186} INFO - Started process (PID=4622) to work on /home/ubuntu/airflow_venv/lib/python3.12/site-packages/airflow/example_dags/example_latest_only.py
[2024-11-20T00:42:30.056+0000] {processor.py:914} INFO - Processing file /home/ubuntu/airflow_venv/lib/python3.12/site-packages/airflow/example_dags/example_latest_only.py for tasks to queue
[2024-11-20T00:42:30.058+0000] {logging_mixin.py:190} INFO - [2024-11-20T00:42:30.057+0000] {dagbag.py:588} INFO - Filling up the DagBag from /home/ubuntu/airflow_venv/lib/python3.12/site-packages/airflow/example_dags/example_latest_only.py
[2024-11-20T00:42:30.066+0000] {processor.py:925} INFO - DAG(s) 'latest_only' retrieved from /home/ubuntu/airflow_venv/lib/python3.12/site-packages/airflow/example_dags/example_latest_only.py
[2024-11-20T00:42:30.090+0000] {logging_mixin.py:190} INFO - [2024-11-20T00:42:30.090+0000] {dag.py:3239} INFO - Sync 1 DAGs
[2024-11-20T00:42:30.109+0000] {logging_mixin.py:190} INFO - [2024-11-20T00:42:30.109+0000] {dag.py:4180} INFO - Setting next_dagrun for latest_only to 2024-11-19 20:00:00+00:00, run_after=2024-11-20 00:00:00+00:00
[2024-11-20T00:42:30.132+0000] {processor.py:208} INFO - Processing /home/ubuntu/airflow_venv/lib/python3.12/site-packages/airflow/example_dags/example_latest_only.py took 0.083 seconds
[2024-11-20T00:43:28.287+0000] {processor.py:186} INFO - Started process (PID=4682) to work on /home/ubuntu/airflow_venv/lib/python3.12/site-packages/airflow/example_dags/example_latest_only.py
[2024-11-20T00:43:28.289+0000] {processor.py:914} INFO - Processing file /home/ubuntu/airflow_venv/lib/python3.12/site-packages/airflow/example_dags/example_latest_only.py for tasks to queue
[2024-11-20T00:43:28.291+0000] {logging_mixin.py:190} INFO - [2024-11-20T00:43:28.290+0000] {dagbag.py:588} INFO - Filling up the DagBag from /home/ubuntu/airflow_venv/lib/python3.12/site-packages/airflow/example_dags/example_latest_only.py
[2024-11-20T00:43:28.299+0000] {processor.py:925} INFO - DAG(s) 'latest_only' retrieved from /home/ubuntu/airflow_venv/lib/python3.12/site-packages/airflow/example_dags/example_latest_only.py
[2024-11-20T00:43:28.313+0000] {logging_mixin.py:190} INFO - [2024-11-20T00:43:28.313+0000] {dag.py:3239} INFO - Sync 1 DAGs
[2024-11-20T00:43:28.331+0000] {logging_mixin.py:190} INFO - [2024-11-20T00:43:28.330+0000] {dag.py:4180} INFO - Setting next_dagrun for latest_only to 2024-11-19 20:00:00+00:00, run_after=2024-11-20 00:00:00+00:00
[2024-11-20T00:43:28.353+0000] {processor.py:208} INFO - Processing /home/ubuntu/airflow_venv/lib/python3.12/site-packages/airflow/example_dags/example_latest_only.py took 0.072 seconds
[2024-11-20T00:44:23.242+0000] {processor.py:186} INFO - Started process (PID=4739) to work on /home/ubuntu/airflow_venv/lib/python3.12/site-packages/airflow/example_dags/example_latest_only.py
[2024-11-20T00:44:23.244+0000] {processor.py:914} INFO - Processing file /home/ubuntu/airflow_venv/lib/python3.12/site-packages/airflow/example_dags/example_latest_only.py for tasks to queue
[2024-11-20T00:44:23.245+0000] {logging_mixin.py:190} INFO - [2024-11-20T00:44:23.245+0000] {dagbag.py:588} INFO - Filling up the DagBag from /home/ubuntu/airflow_venv/lib/python3.12/site-packages/airflow/example_dags/example_latest_only.py
[2024-11-20T00:44:23.253+0000] {processor.py:925} INFO - DAG(s) 'latest_only' retrieved from /home/ubuntu/airflow_venv/lib/python3.12/site-packages/airflow/example_dags/example_latest_only.py
[2024-11-20T00:44:23.268+0000] {logging_mixin.py:190} INFO - [2024-11-20T00:44:23.267+0000] {dag.py:3239} INFO - Sync 1 DAGs
[2024-11-20T00:44:23.286+0000] {logging_mixin.py:190} INFO - [2024-11-20T00:44:23.286+0000] {dag.py:4180} INFO - Setting next_dagrun for latest_only to 2024-11-19 20:00:00+00:00, run_after=2024-11-20 00:00:00+00:00
[2024-11-20T00:44:23.309+0000] {processor.py:208} INFO - Processing /home/ubuntu/airflow_venv/lib/python3.12/site-packages/airflow/example_dags/example_latest_only.py took 0.074 seconds
[2024-11-20T00:45:16.543+0000] {processor.py:186} INFO - Started process (PID=4797) to work on /home/ubuntu/airflow_venv/lib/python3.12/site-packages/airflow/example_dags/example_latest_only.py
[2024-11-20T00:45:16.545+0000] {processor.py:914} INFO - Processing file /home/ubuntu/airflow_venv/lib/python3.12/site-packages/airflow/example_dags/example_latest_only.py for tasks to queue
[2024-11-20T00:45:16.546+0000] {logging_mixin.py:190} INFO - [2024-11-20T00:45:16.545+0000] {dagbag.py:588} INFO - Filling up the DagBag from /home/ubuntu/airflow_venv/lib/python3.12/site-packages/airflow/example_dags/example_latest_only.py
[2024-11-20T00:45:16.554+0000] {processor.py:925} INFO - DAG(s) 'latest_only' retrieved from /home/ubuntu/airflow_venv/lib/python3.12/site-packages/airflow/example_dags/example_latest_only.py
[2024-11-20T00:45:16.568+0000] {logging_mixin.py:190} INFO - [2024-11-20T00:45:16.568+0000] {dag.py:3239} INFO - Sync 1 DAGs
[2024-11-20T00:45:16.588+0000] {logging_mixin.py:190} INFO - [2024-11-20T00:45:16.588+0000] {dag.py:4180} INFO - Setting next_dagrun for latest_only to 2024-11-19 20:00:00+00:00, run_after=2024-11-20 00:00:00+00:00
[2024-11-20T00:45:16.612+0000] {processor.py:208} INFO - Processing /home/ubuntu/airflow_venv/lib/python3.12/site-packages/airflow/example_dags/example_latest_only.py took 0.077 seconds
[2024-11-20T00:46:11.679+0000] {processor.py:186} INFO - Started process (PID=4854) to work on /home/ubuntu/airflow_venv/lib/python3.12/site-packages/airflow/example_dags/example_latest_only.py
[2024-11-20T00:46:11.680+0000] {processor.py:914} INFO - Processing file /home/ubuntu/airflow_venv/lib/python3.12/site-packages/airflow/example_dags/example_latest_only.py for tasks to queue
[2024-11-20T00:46:11.682+0000] {logging_mixin.py:190} INFO - [2024-11-20T00:46:11.681+0000] {dagbag.py:588} INFO - Filling up the DagBag from /home/ubuntu/airflow_venv/lib/python3.12/site-packages/airflow/example_dags/example_latest_only.py
[2024-11-20T00:46:11.692+0000] {processor.py:925} INFO - DAG(s) 'latest_only' retrieved from /home/ubuntu/airflow_venv/lib/python3.12/site-packages/airflow/example_dags/example_latest_only.py
[2024-11-20T00:46:11.721+0000] {logging_mixin.py:190} INFO - [2024-11-20T00:46:11.720+0000] {dag.py:3239} INFO - Sync 1 DAGs
[2024-11-20T00:46:11.739+0000] {logging_mixin.py:190} INFO - [2024-11-20T00:46:11.739+0000] {dag.py:4180} INFO - Setting next_dagrun for latest_only to 2024-11-19 20:00:00+00:00, run_after=2024-11-20 00:00:00+00:00
[2024-11-20T00:46:11.761+0000] {processor.py:208} INFO - Processing /home/ubuntu/airflow_venv/lib/python3.12/site-packages/airflow/example_dags/example_latest_only.py took 0.089 seconds
[2024-11-20T00:47:04.760+0000] {processor.py:186} INFO - Started process (PID=4909) to work on /home/ubuntu/airflow_venv/lib/python3.12/site-packages/airflow/example_dags/example_latest_only.py
[2024-11-20T00:47:04.762+0000] {processor.py:914} INFO - Processing file /home/ubuntu/airflow_venv/lib/python3.12/site-packages/airflow/example_dags/example_latest_only.py for tasks to queue
[2024-11-20T00:47:04.763+0000] {logging_mixin.py:190} INFO - [2024-11-20T00:47:04.763+0000] {dagbag.py:588} INFO - Filling up the DagBag from /home/ubuntu/airflow_venv/lib/python3.12/site-packages/airflow/example_dags/example_latest_only.py
[2024-11-20T00:47:04.771+0000] {processor.py:925} INFO - DAG(s) 'latest_only' retrieved from /home/ubuntu/airflow_venv/lib/python3.12/site-packages/airflow/example_dags/example_latest_only.py
[2024-11-20T00:47:04.786+0000] {logging_mixin.py:190} INFO - [2024-11-20T00:47:04.786+0000] {dag.py:3239} INFO - Sync 1 DAGs
[2024-11-20T00:47:04.805+0000] {logging_mixin.py:190} INFO - [2024-11-20T00:47:04.804+0000] {dag.py:4180} INFO - Setting next_dagrun for latest_only to 2024-11-19 20:00:00+00:00, run_after=2024-11-20 00:00:00+00:00
[2024-11-20T00:47:04.826+0000] {processor.py:208} INFO - Processing /home/ubuntu/airflow_venv/lib/python3.12/site-packages/airflow/example_dags/example_latest_only.py took 0.072 seconds
[2024-11-20T00:47:57.036+0000] {processor.py:186} INFO - Started process (PID=4964) to work on /home/ubuntu/airflow_venv/lib/python3.12/site-packages/airflow/example_dags/example_latest_only.py
[2024-11-20T00:47:57.039+0000] {processor.py:914} INFO - Processing file /home/ubuntu/airflow_venv/lib/python3.12/site-packages/airflow/example_dags/example_latest_only.py for tasks to queue
[2024-11-20T00:47:57.042+0000] {logging_mixin.py:190} INFO - [2024-11-20T00:47:57.042+0000] {dagbag.py:588} INFO - Filling up the DagBag from /home/ubuntu/airflow_venv/lib/python3.12/site-packages/airflow/example_dags/example_latest_only.py
[2024-11-20T00:47:57.059+0000] {processor.py:925} INFO - DAG(s) 'latest_only' retrieved from /home/ubuntu/airflow_venv/lib/python3.12/site-packages/airflow/example_dags/example_latest_only.py
[2024-11-20T00:47:57.079+0000] {logging_mixin.py:190} INFO - [2024-11-20T00:47:57.078+0000] {dag.py:3239} INFO - Sync 1 DAGs
[2024-11-20T00:47:57.097+0000] {logging_mixin.py:190} INFO - [2024-11-20T00:47:57.097+0000] {dag.py:4180} INFO - Setting next_dagrun for latest_only to 2024-11-19 20:00:00+00:00, run_after=2024-11-20 00:00:00+00:00
[2024-11-20T00:47:57.118+0000] {processor.py:208} INFO - Processing /home/ubuntu/airflow_venv/lib/python3.12/site-packages/airflow/example_dags/example_latest_only.py took 0.089 seconds
[2024-11-20T00:48:51.313+0000] {processor.py:186} INFO - Started process (PID=5018) to work on /home/ubuntu/airflow_venv/lib/python3.12/site-packages/airflow/example_dags/example_latest_only.py
[2024-11-20T00:48:51.314+0000] {processor.py:914} INFO - Processing file /home/ubuntu/airflow_venv/lib/python3.12/site-packages/airflow/example_dags/example_latest_only.py for tasks to queue
[2024-11-20T00:48:51.316+0000] {logging_mixin.py:190} INFO - [2024-11-20T00:48:51.315+0000] {dagbag.py:588} INFO - Filling up the DagBag from /home/ubuntu/airflow_venv/lib/python3.12/site-packages/airflow/example_dags/example_latest_only.py
[2024-11-20T00:48:51.324+0000] {processor.py:925} INFO - DAG(s) 'latest_only' retrieved from /home/ubuntu/airflow_venv/lib/python3.12/site-packages/airflow/example_dags/example_latest_only.py
[2024-11-20T00:48:51.339+0000] {logging_mixin.py:190} INFO - [2024-11-20T00:48:51.339+0000] {dag.py:3239} INFO - Sync 1 DAGs
[2024-11-20T00:48:51.358+0000] {logging_mixin.py:190} INFO - [2024-11-20T00:48:51.358+0000] {dag.py:4180} INFO - Setting next_dagrun for latest_only to 2024-11-19 20:00:00+00:00, run_after=2024-11-20 00:00:00+00:00
[2024-11-20T00:48:51.379+0000] {processor.py:208} INFO - Processing /home/ubuntu/airflow_venv/lib/python3.12/site-packages/airflow/example_dags/example_latest_only.py took 0.072 seconds
[2024-11-20T00:49:45.546+0000] {processor.py:186} INFO - Started process (PID=5076) to work on /home/ubuntu/airflow_venv/lib/python3.12/site-packages/airflow/example_dags/example_latest_only.py
[2024-11-20T00:49:45.548+0000] {processor.py:914} INFO - Processing file /home/ubuntu/airflow_venv/lib/python3.12/site-packages/airflow/example_dags/example_latest_only.py for tasks to queue
[2024-11-20T00:49:45.550+0000] {logging_mixin.py:190} INFO - [2024-11-20T00:49:45.548+0000] {dagbag.py:588} INFO - Filling up the DagBag from /home/ubuntu/airflow_venv/lib/python3.12/site-packages/airflow/example_dags/example_latest_only.py
[2024-11-20T00:49:45.558+0000] {processor.py:925} INFO - DAG(s) 'latest_only' retrieved from /home/ubuntu/airflow_venv/lib/python3.12/site-packages/airflow/example_dags/example_latest_only.py
[2024-11-20T00:49:45.572+0000] {logging_mixin.py:190} INFO - [2024-11-20T00:49:45.572+0000] {dag.py:3239} INFO - Sync 1 DAGs
[2024-11-20T00:49:45.590+0000] {logging_mixin.py:190} INFO - [2024-11-20T00:49:45.590+0000] {dag.py:4180} INFO - Setting next_dagrun for latest_only to 2024-11-19 20:00:00+00:00, run_after=2024-11-20 00:00:00+00:00
[2024-11-20T00:49:45.612+0000] {processor.py:208} INFO - Processing /home/ubuntu/airflow_venv/lib/python3.12/site-packages/airflow/example_dags/example_latest_only.py took 0.072 seconds
[2024-11-20T00:50:39.200+0000] {processor.py:186} INFO - Started process (PID=5135) to work on /home/ubuntu/airflow_venv/lib/python3.12/site-packages/airflow/example_dags/example_latest_only.py
[2024-11-20T00:50:39.201+0000] {processor.py:914} INFO - Processing file /home/ubuntu/airflow_venv/lib/python3.12/site-packages/airflow/example_dags/example_latest_only.py for tasks to queue
[2024-11-20T00:50:39.202+0000] {logging_mixin.py:190} INFO - [2024-11-20T00:50:39.202+0000] {dagbag.py:588} INFO - Filling up the DagBag from /home/ubuntu/airflow_venv/lib/python3.12/site-packages/airflow/example_dags/example_latest_only.py
[2024-11-20T00:50:39.210+0000] {processor.py:925} INFO - DAG(s) 'latest_only' retrieved from /home/ubuntu/airflow_venv/lib/python3.12/site-packages/airflow/example_dags/example_latest_only.py
[2024-11-20T00:50:39.225+0000] {logging_mixin.py:190} INFO - [2024-11-20T00:50:39.225+0000] {dag.py:3239} INFO - Sync 1 DAGs
[2024-11-20T00:50:39.243+0000] {logging_mixin.py:190} INFO - [2024-11-20T00:50:39.243+0000] {dag.py:4180} INFO - Setting next_dagrun for latest_only to 2024-11-19 20:00:00+00:00, run_after=2024-11-20 00:00:00+00:00
[2024-11-20T00:50:39.265+0000] {processor.py:208} INFO - Processing /home/ubuntu/airflow_venv/lib/python3.12/site-packages/airflow/example_dags/example_latest_only.py took 0.072 seconds
[2024-11-20T00:51:35.164+0000] {processor.py:186} INFO - Started process (PID=5191) to work on /home/ubuntu/airflow_venv/lib/python3.12/site-packages/airflow/example_dags/example_latest_only.py
[2024-11-20T00:51:35.165+0000] {processor.py:914} INFO - Processing file /home/ubuntu/airflow_venv/lib/python3.12/site-packages/airflow/example_dags/example_latest_only.py for tasks to queue
[2024-11-20T00:51:35.167+0000] {logging_mixin.py:190} INFO - [2024-11-20T00:51:35.167+0000] {dagbag.py:588} INFO - Filling up the DagBag from /home/ubuntu/airflow_venv/lib/python3.12/site-packages/airflow/example_dags/example_latest_only.py
[2024-11-20T00:51:35.175+0000] {processor.py:925} INFO - DAG(s) 'latest_only' retrieved from /home/ubuntu/airflow_venv/lib/python3.12/site-packages/airflow/example_dags/example_latest_only.py
[2024-11-20T00:51:35.189+0000] {logging_mixin.py:190} INFO - [2024-11-20T00:51:35.189+0000] {dag.py:3239} INFO - Sync 1 DAGs
[2024-11-20T00:51:35.208+0000] {logging_mixin.py:190} INFO - [2024-11-20T00:51:35.207+0000] {dag.py:4180} INFO - Setting next_dagrun for latest_only to 2024-11-19 20:00:00+00:00, run_after=2024-11-20 00:00:00+00:00
[2024-11-20T00:51:35.230+0000] {processor.py:208} INFO - Processing /home/ubuntu/airflow_venv/lib/python3.12/site-packages/airflow/example_dags/example_latest_only.py took 0.072 seconds
[2024-11-20T00:52:32.483+0000] {processor.py:186} INFO - Started process (PID=5251) to work on /home/ubuntu/airflow_venv/lib/python3.12/site-packages/airflow/example_dags/example_latest_only.py
[2024-11-20T00:52:32.484+0000] {processor.py:914} INFO - Processing file /home/ubuntu/airflow_venv/lib/python3.12/site-packages/airflow/example_dags/example_latest_only.py for tasks to queue
[2024-11-20T00:52:32.485+0000] {logging_mixin.py:190} INFO - [2024-11-20T00:52:32.485+0000] {dagbag.py:588} INFO - Filling up the DagBag from /home/ubuntu/airflow_venv/lib/python3.12/site-packages/airflow/example_dags/example_latest_only.py
[2024-11-20T00:52:32.493+0000] {processor.py:925} INFO - DAG(s) 'latest_only' retrieved from /home/ubuntu/airflow_venv/lib/python3.12/site-packages/airflow/example_dags/example_latest_only.py
[2024-11-20T00:52:32.507+0000] {logging_mixin.py:190} INFO - [2024-11-20T00:52:32.507+0000] {dag.py:3239} INFO - Sync 1 DAGs
[2024-11-20T00:52:32.526+0000] {logging_mixin.py:190} INFO - [2024-11-20T00:52:32.526+0000] {dag.py:4180} INFO - Setting next_dagrun for latest_only to 2024-11-19 20:00:00+00:00, run_after=2024-11-20 00:00:00+00:00
[2024-11-20T00:52:32.548+0000] {processor.py:208} INFO - Processing /home/ubuntu/airflow_venv/lib/python3.12/site-packages/airflow/example_dags/example_latest_only.py took 0.072 seconds
[2024-11-20T00:53:29.577+0000] {processor.py:186} INFO - Started process (PID=5308) to work on /home/ubuntu/airflow_venv/lib/python3.12/site-packages/airflow/example_dags/example_latest_only.py
[2024-11-20T00:53:29.578+0000] {processor.py:914} INFO - Processing file /home/ubuntu/airflow_venv/lib/python3.12/site-packages/airflow/example_dags/example_latest_only.py for tasks to queue
[2024-11-20T00:53:29.579+0000] {logging_mixin.py:190} INFO - [2024-11-20T00:53:29.579+0000] {dagbag.py:588} INFO - Filling up the DagBag from /home/ubuntu/airflow_venv/lib/python3.12/site-packages/airflow/example_dags/example_latest_only.py
[2024-11-20T00:53:29.588+0000] {processor.py:925} INFO - DAG(s) 'latest_only' retrieved from /home/ubuntu/airflow_venv/lib/python3.12/site-packages/airflow/example_dags/example_latest_only.py
[2024-11-20T00:53:29.601+0000] {logging_mixin.py:190} INFO - [2024-11-20T00:53:29.601+0000] {dag.py:3239} INFO - Sync 1 DAGs
[2024-11-20T00:53:29.619+0000] {logging_mixin.py:190} INFO - [2024-11-20T00:53:29.619+0000] {dag.py:4180} INFO - Setting next_dagrun for latest_only to 2024-11-19 20:00:00+00:00, run_after=2024-11-20 00:00:00+00:00
[2024-11-20T00:53:29.641+0000] {processor.py:208} INFO - Processing /home/ubuntu/airflow_venv/lib/python3.12/site-packages/airflow/example_dags/example_latest_only.py took 0.071 seconds
[2024-11-20T00:54:24.429+0000] {processor.py:186} INFO - Started process (PID=5378) to work on /home/ubuntu/airflow_venv/lib/python3.12/site-packages/airflow/example_dags/example_latest_only.py
[2024-11-20T00:54:24.431+0000] {processor.py:914} INFO - Processing file /home/ubuntu/airflow_venv/lib/python3.12/site-packages/airflow/example_dags/example_latest_only.py for tasks to queue
[2024-11-20T00:54:24.433+0000] {logging_mixin.py:190} INFO - [2024-11-20T00:54:24.432+0000] {dagbag.py:588} INFO - Filling up the DagBag from /home/ubuntu/airflow_venv/lib/python3.12/site-packages/airflow/example_dags/example_latest_only.py
[2024-11-20T00:54:24.440+0000] {processor.py:925} INFO - DAG(s) 'latest_only' retrieved from /home/ubuntu/airflow_venv/lib/python3.12/site-packages/airflow/example_dags/example_latest_only.py
[2024-11-20T00:54:24.456+0000] {logging_mixin.py:190} INFO - [2024-11-20T00:54:24.456+0000] {dag.py:3239} INFO - Sync 1 DAGs
[2024-11-20T00:54:24.475+0000] {logging_mixin.py:190} INFO - [2024-11-20T00:54:24.474+0000] {dag.py:4180} INFO - Setting next_dagrun for latest_only to 2024-11-19 20:00:00+00:00, run_after=2024-11-20 00:00:00+00:00
[2024-11-20T00:54:24.496+0000] {processor.py:208} INFO - Processing /home/ubuntu/airflow_venv/lib/python3.12/site-packages/airflow/example_dags/example_latest_only.py took 0.074 seconds
[2024-11-20T00:55:15.922+0000] {processor.py:186} INFO - Started process (PID=5435) to work on /home/ubuntu/airflow_venv/lib/python3.12/site-packages/airflow/example_dags/example_latest_only.py
[2024-11-20T00:55:15.924+0000] {processor.py:914} INFO - Processing file /home/ubuntu/airflow_venv/lib/python3.12/site-packages/airflow/example_dags/example_latest_only.py for tasks to queue
[2024-11-20T00:55:15.925+0000] {logging_mixin.py:190} INFO - [2024-11-20T00:55:15.924+0000] {dagbag.py:588} INFO - Filling up the DagBag from /home/ubuntu/airflow_venv/lib/python3.12/site-packages/airflow/example_dags/example_latest_only.py
[2024-11-20T00:55:15.933+0000] {processor.py:925} INFO - DAG(s) 'latest_only' retrieved from /home/ubuntu/airflow_venv/lib/python3.12/site-packages/airflow/example_dags/example_latest_only.py
[2024-11-20T00:55:15.948+0000] {logging_mixin.py:190} INFO - [2024-11-20T00:55:15.947+0000] {dag.py:3239} INFO - Sync 1 DAGs
[2024-11-20T00:55:15.965+0000] {logging_mixin.py:190} INFO - [2024-11-20T00:55:15.965+0000] {dag.py:4180} INFO - Setting next_dagrun for latest_only to 2024-11-19 20:00:00+00:00, run_after=2024-11-20 00:00:00+00:00
[2024-11-20T00:55:15.989+0000] {processor.py:208} INFO - Processing /home/ubuntu/airflow_venv/lib/python3.12/site-packages/airflow/example_dags/example_latest_only.py took 0.073 seconds
[2024-11-20T00:56:08.534+0000] {processor.py:186} INFO - Started process (PID=5491) to work on /home/ubuntu/airflow_venv/lib/python3.12/site-packages/airflow/example_dags/example_latest_only.py
[2024-11-20T00:56:08.536+0000] {processor.py:914} INFO - Processing file /home/ubuntu/airflow_venv/lib/python3.12/site-packages/airflow/example_dags/example_latest_only.py for tasks to queue
[2024-11-20T00:56:08.537+0000] {logging_mixin.py:190} INFO - [2024-11-20T00:56:08.537+0000] {dagbag.py:588} INFO - Filling up the DagBag from /home/ubuntu/airflow_venv/lib/python3.12/site-packages/airflow/example_dags/example_latest_only.py
[2024-11-20T00:56:08.545+0000] {processor.py:925} INFO - DAG(s) 'latest_only' retrieved from /home/ubuntu/airflow_venv/lib/python3.12/site-packages/airflow/example_dags/example_latest_only.py
[2024-11-20T00:56:08.560+0000] {logging_mixin.py:190} INFO - [2024-11-20T00:56:08.559+0000] {dag.py:3239} INFO - Sync 1 DAGs
[2024-11-20T00:56:08.578+0000] {logging_mixin.py:190} INFO - [2024-11-20T00:56:08.578+0000] {dag.py:4180} INFO - Setting next_dagrun for latest_only to 2024-11-19 20:00:00+00:00, run_after=2024-11-20 00:00:00+00:00
[2024-11-20T00:56:08.600+0000] {processor.py:208} INFO - Processing /home/ubuntu/airflow_venv/lib/python3.12/site-packages/airflow/example_dags/example_latest_only.py took 0.072 seconds
[2024-11-20T00:57:03.781+0000] {processor.py:186} INFO - Started process (PID=5548) to work on /home/ubuntu/airflow_venv/lib/python3.12/site-packages/airflow/example_dags/example_latest_only.py
[2024-11-20T00:57:03.784+0000] {processor.py:914} INFO - Processing file /home/ubuntu/airflow_venv/lib/python3.12/site-packages/airflow/example_dags/example_latest_only.py for tasks to queue
[2024-11-20T00:57:03.785+0000] {logging_mixin.py:190} INFO - [2024-11-20T00:57:03.784+0000] {dagbag.py:588} INFO - Filling up the DagBag from /home/ubuntu/airflow_venv/lib/python3.12/site-packages/airflow/example_dags/example_latest_only.py
[2024-11-20T00:57:03.794+0000] {processor.py:925} INFO - DAG(s) 'latest_only' retrieved from /home/ubuntu/airflow_venv/lib/python3.12/site-packages/airflow/example_dags/example_latest_only.py
[2024-11-20T00:57:03.808+0000] {logging_mixin.py:190} INFO - [2024-11-20T00:57:03.808+0000] {dag.py:3239} INFO - Sync 1 DAGs
[2024-11-20T00:57:03.826+0000] {logging_mixin.py:190} INFO - [2024-11-20T00:57:03.826+0000] {dag.py:4180} INFO - Setting next_dagrun for latest_only to 2024-11-19 20:00:00+00:00, run_after=2024-11-20 00:00:00+00:00
[2024-11-20T00:57:03.852+0000] {processor.py:208} INFO - Processing /home/ubuntu/airflow_venv/lib/python3.12/site-packages/airflow/example_dags/example_latest_only.py took 0.076 seconds
[2024-11-20T00:57:55.292+0000] {processor.py:186} INFO - Started process (PID=5603) to work on /home/ubuntu/airflow_venv/lib/python3.12/site-packages/airflow/example_dags/example_latest_only.py
[2024-11-20T00:57:55.295+0000] {processor.py:914} INFO - Processing file /home/ubuntu/airflow_venv/lib/python3.12/site-packages/airflow/example_dags/example_latest_only.py for tasks to queue
[2024-11-20T00:57:55.296+0000] {logging_mixin.py:190} INFO - [2024-11-20T00:57:55.295+0000] {dagbag.py:588} INFO - Filling up the DagBag from /home/ubuntu/airflow_venv/lib/python3.12/site-packages/airflow/example_dags/example_latest_only.py
[2024-11-20T00:57:55.304+0000] {processor.py:925} INFO - DAG(s) 'latest_only' retrieved from /home/ubuntu/airflow_venv/lib/python3.12/site-packages/airflow/example_dags/example_latest_only.py
[2024-11-20T00:57:55.317+0000] {logging_mixin.py:190} INFO - [2024-11-20T00:57:55.317+0000] {dag.py:3239} INFO - Sync 1 DAGs
[2024-11-20T00:57:55.337+0000] {logging_mixin.py:190} INFO - [2024-11-20T00:57:55.337+0000] {dag.py:4180} INFO - Setting next_dagrun for latest_only to 2024-11-19 20:00:00+00:00, run_after=2024-11-20 00:00:00+00:00
[2024-11-20T00:57:55.358+0000] {processor.py:208} INFO - Processing /home/ubuntu/airflow_venv/lib/python3.12/site-packages/airflow/example_dags/example_latest_only.py took 0.072 seconds
[2024-11-20T00:58:46.897+0000] {processor.py:186} INFO - Started process (PID=5658) to work on /home/ubuntu/airflow_venv/lib/python3.12/site-packages/airflow/example_dags/example_latest_only.py
[2024-11-20T00:58:46.899+0000] {processor.py:914} INFO - Processing file /home/ubuntu/airflow_venv/lib/python3.12/site-packages/airflow/example_dags/example_latest_only.py for tasks to queue
[2024-11-20T00:58:46.900+0000] {logging_mixin.py:190} INFO - [2024-11-20T00:58:46.900+0000] {dagbag.py:588} INFO - Filling up the DagBag from /home/ubuntu/airflow_venv/lib/python3.12/site-packages/airflow/example_dags/example_latest_only.py
[2024-11-20T00:58:46.908+0000] {processor.py:925} INFO - DAG(s) 'latest_only' retrieved from /home/ubuntu/airflow_venv/lib/python3.12/site-packages/airflow/example_dags/example_latest_only.py
[2024-11-20T00:58:46.923+0000] {logging_mixin.py:190} INFO - [2024-11-20T00:58:46.923+0000] {dag.py:3239} INFO - Sync 1 DAGs
[2024-11-20T00:58:46.942+0000] {logging_mixin.py:190} INFO - [2024-11-20T00:58:46.941+0000] {dag.py:4180} INFO - Setting next_dagrun for latest_only to 2024-11-19 20:00:00+00:00, run_after=2024-11-20 00:00:00+00:00
[2024-11-20T00:58:46.962+0000] {processor.py:208} INFO - Processing /home/ubuntu/airflow_venv/lib/python3.12/site-packages/airflow/example_dags/example_latest_only.py took 0.071 seconds
[2024-11-20T00:59:39.541+0000] {processor.py:186} INFO - Started process (PID=5716) to work on /home/ubuntu/airflow_venv/lib/python3.12/site-packages/airflow/example_dags/example_latest_only.py
[2024-11-20T00:59:39.543+0000] {processor.py:914} INFO - Processing file /home/ubuntu/airflow_venv/lib/python3.12/site-packages/airflow/example_dags/example_latest_only.py for tasks to queue
[2024-11-20T00:59:39.544+0000] {logging_mixin.py:190} INFO - [2024-11-20T00:59:39.544+0000] {dagbag.py:588} INFO - Filling up the DagBag from /home/ubuntu/airflow_venv/lib/python3.12/site-packages/airflow/example_dags/example_latest_only.py
[2024-11-20T00:59:39.553+0000] {processor.py:925} INFO - DAG(s) 'latest_only' retrieved from /home/ubuntu/airflow_venv/lib/python3.12/site-packages/airflow/example_dags/example_latest_only.py
[2024-11-20T00:59:39.620+0000] {logging_mixin.py:190} INFO - [2024-11-20T00:59:39.620+0000] {dag.py:3239} INFO - Sync 1 DAGs
[2024-11-20T00:59:39.639+0000] {logging_mixin.py:190} INFO - [2024-11-20T00:59:39.638+0000] {dag.py:4180} INFO - Setting next_dagrun for latest_only to 2024-11-19 20:00:00+00:00, run_after=2024-11-20 00:00:00+00:00
[2024-11-20T00:59:39.659+0000] {processor.py:208} INFO - Processing /home/ubuntu/airflow_venv/lib/python3.12/site-packages/airflow/example_dags/example_latest_only.py took 0.125 seconds
[2024-11-20T01:00:34.720+0000] {processor.py:186} INFO - Started process (PID=5775) to work on /home/ubuntu/airflow_venv/lib/python3.12/site-packages/airflow/example_dags/example_latest_only.py
[2024-11-20T01:00:34.723+0000] {processor.py:914} INFO - Processing file /home/ubuntu/airflow_venv/lib/python3.12/site-packages/airflow/example_dags/example_latest_only.py for tasks to queue
[2024-11-20T01:00:34.723+0000] {logging_mixin.py:190} INFO - [2024-11-20T01:00:34.723+0000] {dagbag.py:588} INFO - Filling up the DagBag from /home/ubuntu/airflow_venv/lib/python3.12/site-packages/airflow/example_dags/example_latest_only.py
[2024-11-20T01:00:34.732+0000] {processor.py:925} INFO - DAG(s) 'latest_only' retrieved from /home/ubuntu/airflow_venv/lib/python3.12/site-packages/airflow/example_dags/example_latest_only.py
[2024-11-20T01:00:34.747+0000] {logging_mixin.py:190} INFO - [2024-11-20T01:00:34.747+0000] {dag.py:3239} INFO - Sync 1 DAGs
[2024-11-20T01:00:34.765+0000] {logging_mixin.py:190} INFO - [2024-11-20T01:00:34.765+0000] {dag.py:4180} INFO - Setting next_dagrun for latest_only to 2024-11-19 20:00:00+00:00, run_after=2024-11-20 00:00:00+00:00
[2024-11-20T01:00:34.787+0000] {processor.py:208} INFO - Processing /home/ubuntu/airflow_venv/lib/python3.12/site-packages/airflow/example_dags/example_latest_only.py took 0.074 seconds
[2024-11-20T01:01:30.564+0000] {processor.py:186} INFO - Started process (PID=5832) to work on /home/ubuntu/airflow_venv/lib/python3.12/site-packages/airflow/example_dags/example_latest_only.py
[2024-11-20T01:01:30.575+0000] {processor.py:914} INFO - Processing file /home/ubuntu/airflow_venv/lib/python3.12/site-packages/airflow/example_dags/example_latest_only.py for tasks to queue
[2024-11-20T01:01:30.579+0000] {logging_mixin.py:190} INFO - [2024-11-20T01:01:30.579+0000] {dagbag.py:588} INFO - Filling up the DagBag from /home/ubuntu/airflow_venv/lib/python3.12/site-packages/airflow/example_dags/example_latest_only.py
[2024-11-20T01:01:30.619+0000] {processor.py:925} INFO - DAG(s) 'latest_only' retrieved from /home/ubuntu/airflow_venv/lib/python3.12/site-packages/airflow/example_dags/example_latest_only.py
[2024-11-20T01:01:30.639+0000] {logging_mixin.py:190} INFO - [2024-11-20T01:01:30.639+0000] {dag.py:3239} INFO - Sync 1 DAGs
[2024-11-20T01:01:30.675+0000] {logging_mixin.py:190} INFO - [2024-11-20T01:01:30.675+0000] {dag.py:4180} INFO - Setting next_dagrun for latest_only to 2024-11-19 20:00:00+00:00, run_after=2024-11-20 00:00:00+00:00
[2024-11-20T01:01:30.697+0000] {processor.py:208} INFO - Processing /home/ubuntu/airflow_venv/lib/python3.12/site-packages/airflow/example_dags/example_latest_only.py took 0.162 seconds
[2024-11-20T01:02:44.790+0000] {processor.py:186} INFO - Started process (PID=5914) to work on /home/ubuntu/airflow_venv/lib/python3.12/site-packages/airflow/example_dags/example_latest_only.py
[2024-11-20T01:02:44.793+0000] {processor.py:914} INFO - Processing file /home/ubuntu/airflow_venv/lib/python3.12/site-packages/airflow/example_dags/example_latest_only.py for tasks to queue
[2024-11-20T01:02:44.794+0000] {logging_mixin.py:190} INFO - [2024-11-20T01:02:44.793+0000] {dagbag.py:588} INFO - Filling up the DagBag from /home/ubuntu/airflow_venv/lib/python3.12/site-packages/airflow/example_dags/example_latest_only.py
[2024-11-20T01:02:44.802+0000] {processor.py:925} INFO - DAG(s) 'latest_only' retrieved from /home/ubuntu/airflow_venv/lib/python3.12/site-packages/airflow/example_dags/example_latest_only.py
[2024-11-20T01:02:44.816+0000] {logging_mixin.py:190} INFO - [2024-11-20T01:02:44.816+0000] {dag.py:3239} INFO - Sync 1 DAGs
[2024-11-20T01:02:44.834+0000] {logging_mixin.py:190} INFO - [2024-11-20T01:02:44.834+0000] {dag.py:4180} INFO - Setting next_dagrun for latest_only to 2024-11-19 20:00:00+00:00, run_after=2024-11-20 00:00:00+00:00
[2024-11-20T01:02:44.857+0000] {processor.py:208} INFO - Processing /home/ubuntu/airflow_venv/lib/python3.12/site-packages/airflow/example_dags/example_latest_only.py took 0.074 seconds
[2024-11-20T01:03:39.968+0000] {processor.py:186} INFO - Started process (PID=5970) to work on /home/ubuntu/airflow_venv/lib/python3.12/site-packages/airflow/example_dags/example_latest_only.py
[2024-11-20T01:03:39.970+0000] {processor.py:914} INFO - Processing file /home/ubuntu/airflow_venv/lib/python3.12/site-packages/airflow/example_dags/example_latest_only.py for tasks to queue
[2024-11-20T01:03:39.971+0000] {logging_mixin.py:190} INFO - [2024-11-20T01:03:39.970+0000] {dagbag.py:588} INFO - Filling up the DagBag from /home/ubuntu/airflow_venv/lib/python3.12/site-packages/airflow/example_dags/example_latest_only.py
[2024-11-20T01:03:39.979+0000] {processor.py:925} INFO - DAG(s) 'latest_only' retrieved from /home/ubuntu/airflow_venv/lib/python3.12/site-packages/airflow/example_dags/example_latest_only.py
[2024-11-20T01:03:39.993+0000] {logging_mixin.py:190} INFO - [2024-11-20T01:03:39.993+0000] {dag.py:3239} INFO - Sync 1 DAGs
[2024-11-20T01:03:40.012+0000] {logging_mixin.py:190} INFO - [2024-11-20T01:03:40.012+0000] {dag.py:4180} INFO - Setting next_dagrun for latest_only to 2024-11-19 20:00:00+00:00, run_after=2024-11-20 00:00:00+00:00
[2024-11-20T01:03:40.034+0000] {processor.py:208} INFO - Processing /home/ubuntu/airflow_venv/lib/python3.12/site-packages/airflow/example_dags/example_latest_only.py took 0.072 seconds
[2024-11-20T01:04:38.180+0000] {processor.py:186} INFO - Started process (PID=6029) to work on /home/ubuntu/airflow_venv/lib/python3.12/site-packages/airflow/example_dags/example_latest_only.py
[2024-11-20T01:04:38.182+0000] {processor.py:914} INFO - Processing file /home/ubuntu/airflow_venv/lib/python3.12/site-packages/airflow/example_dags/example_latest_only.py for tasks to queue
[2024-11-20T01:04:38.183+0000] {logging_mixin.py:190} INFO - [2024-11-20T01:04:38.182+0000] {dagbag.py:588} INFO - Filling up the DagBag from /home/ubuntu/airflow_venv/lib/python3.12/site-packages/airflow/example_dags/example_latest_only.py
[2024-11-20T01:04:38.191+0000] {processor.py:925} INFO - DAG(s) 'latest_only' retrieved from /home/ubuntu/airflow_venv/lib/python3.12/site-packages/airflow/example_dags/example_latest_only.py
[2024-11-20T01:04:38.206+0000] {logging_mixin.py:190} INFO - [2024-11-20T01:04:38.205+0000] {dag.py:3239} INFO - Sync 1 DAGs
[2024-11-20T01:04:38.225+0000] {logging_mixin.py:190} INFO - [2024-11-20T01:04:38.225+0000] {dag.py:4180} INFO - Setting next_dagrun for latest_only to 2024-11-19 20:00:00+00:00, run_after=2024-11-20 00:00:00+00:00
[2024-11-20T01:04:38.247+0000] {processor.py:208} INFO - Processing /home/ubuntu/airflow_venv/lib/python3.12/site-packages/airflow/example_dags/example_latest_only.py took 0.074 seconds
[2024-11-20T01:05:32.518+0000] {processor.py:186} INFO - Started process (PID=6089) to work on /home/ubuntu/airflow_venv/lib/python3.12/site-packages/airflow/example_dags/example_latest_only.py
[2024-11-20T01:05:32.520+0000] {processor.py:914} INFO - Processing file /home/ubuntu/airflow_venv/lib/python3.12/site-packages/airflow/example_dags/example_latest_only.py for tasks to queue
[2024-11-20T01:05:32.521+0000] {logging_mixin.py:190} INFO - [2024-11-20T01:05:32.521+0000] {dagbag.py:588} INFO - Filling up the DagBag from /home/ubuntu/airflow_venv/lib/python3.12/site-packages/airflow/example_dags/example_latest_only.py
[2024-11-20T01:05:32.530+0000] {processor.py:925} INFO - DAG(s) 'latest_only' retrieved from /home/ubuntu/airflow_venv/lib/python3.12/site-packages/airflow/example_dags/example_latest_only.py
[2024-11-20T01:05:32.545+0000] {logging_mixin.py:190} INFO - [2024-11-20T01:05:32.545+0000] {dag.py:3239} INFO - Sync 1 DAGs
[2024-11-20T01:05:32.563+0000] {logging_mixin.py:190} INFO - [2024-11-20T01:05:32.563+0000] {dag.py:4180} INFO - Setting next_dagrun for latest_only to 2024-11-19 20:00:00+00:00, run_after=2024-11-20 00:00:00+00:00
[2024-11-20T01:05:32.587+0000] {processor.py:208} INFO - Processing /home/ubuntu/airflow_venv/lib/python3.12/site-packages/airflow/example_dags/example_latest_only.py took 0.074 seconds
[2024-11-20T01:06:25.980+0000] {processor.py:186} INFO - Started process (PID=6144) to work on /home/ubuntu/airflow_venv/lib/python3.12/site-packages/airflow/example_dags/example_latest_only.py
[2024-11-20T01:06:25.982+0000] {processor.py:914} INFO - Processing file /home/ubuntu/airflow_venv/lib/python3.12/site-packages/airflow/example_dags/example_latest_only.py for tasks to queue
[2024-11-20T01:06:25.984+0000] {logging_mixin.py:190} INFO - [2024-11-20T01:06:25.983+0000] {dagbag.py:588} INFO - Filling up the DagBag from /home/ubuntu/airflow_venv/lib/python3.12/site-packages/airflow/example_dags/example_latest_only.py
[2024-11-20T01:06:26.003+0000] {processor.py:925} INFO - DAG(s) 'latest_only' retrieved from /home/ubuntu/airflow_venv/lib/python3.12/site-packages/airflow/example_dags/example_latest_only.py
[2024-11-20T01:06:26.027+0000] {logging_mixin.py:190} INFO - [2024-11-20T01:06:26.027+0000] {dag.py:3239} INFO - Sync 1 DAGs
[2024-11-20T01:06:26.046+0000] {logging_mixin.py:190} INFO - [2024-11-20T01:06:26.046+0000] {dag.py:4180} INFO - Setting next_dagrun for latest_only to 2024-11-19 20:00:00+00:00, run_after=2024-11-20 00:00:00+00:00
[2024-11-20T01:06:26.068+0000] {processor.py:208} INFO - Processing /home/ubuntu/airflow_venv/lib/python3.12/site-packages/airflow/example_dags/example_latest_only.py took 0.095 seconds
[2024-11-20T01:07:18.304+0000] {processor.py:186} INFO - Started process (PID=6199) to work on /home/ubuntu/airflow_venv/lib/python3.12/site-packages/airflow/example_dags/example_latest_only.py
[2024-11-20T01:07:18.305+0000] {processor.py:914} INFO - Processing file /home/ubuntu/airflow_venv/lib/python3.12/site-packages/airflow/example_dags/example_latest_only.py for tasks to queue
[2024-11-20T01:07:18.307+0000] {logging_mixin.py:190} INFO - [2024-11-20T01:07:18.307+0000] {dagbag.py:588} INFO - Filling up the DagBag from /home/ubuntu/airflow_venv/lib/python3.12/site-packages/airflow/example_dags/example_latest_only.py
[2024-11-20T01:07:18.315+0000] {processor.py:925} INFO - DAG(s) 'latest_only' retrieved from /home/ubuntu/airflow_venv/lib/python3.12/site-packages/airflow/example_dags/example_latest_only.py
[2024-11-20T01:07:18.329+0000] {logging_mixin.py:190} INFO - [2024-11-20T01:07:18.329+0000] {dag.py:3239} INFO - Sync 1 DAGs
[2024-11-20T01:07:18.347+0000] {logging_mixin.py:190} INFO - [2024-11-20T01:07:18.347+0000] {dag.py:4180} INFO - Setting next_dagrun for latest_only to 2024-11-19 20:00:00+00:00, run_after=2024-11-20 00:00:00+00:00
[2024-11-20T01:07:18.370+0000] {processor.py:208} INFO - Processing /home/ubuntu/airflow_venv/lib/python3.12/site-packages/airflow/example_dags/example_latest_only.py took 0.072 seconds
[2024-11-20T01:08:12.096+0000] {processor.py:186} INFO - Started process (PID=6254) to work on /home/ubuntu/airflow_venv/lib/python3.12/site-packages/airflow/example_dags/example_latest_only.py
[2024-11-20T01:08:12.098+0000] {processor.py:914} INFO - Processing file /home/ubuntu/airflow_venv/lib/python3.12/site-packages/airflow/example_dags/example_latest_only.py for tasks to queue
[2024-11-20T01:08:12.099+0000] {logging_mixin.py:190} INFO - [2024-11-20T01:08:12.099+0000] {dagbag.py:588} INFO - Filling up the DagBag from /home/ubuntu/airflow_venv/lib/python3.12/site-packages/airflow/example_dags/example_latest_only.py
[2024-11-20T01:08:12.107+0000] {processor.py:925} INFO - DAG(s) 'latest_only' retrieved from /home/ubuntu/airflow_venv/lib/python3.12/site-packages/airflow/example_dags/example_latest_only.py
[2024-11-20T01:08:12.121+0000] {logging_mixin.py:190} INFO - [2024-11-20T01:08:12.121+0000] {dag.py:3239} INFO - Sync 1 DAGs
[2024-11-20T01:08:12.140+0000] {logging_mixin.py:190} INFO - [2024-11-20T01:08:12.140+0000] {dag.py:4180} INFO - Setting next_dagrun for latest_only to 2024-11-19 20:00:00+00:00, run_after=2024-11-20 00:00:00+00:00
[2024-11-20T01:08:12.160+0000] {processor.py:208} INFO - Processing /home/ubuntu/airflow_venv/lib/python3.12/site-packages/airflow/example_dags/example_latest_only.py took 0.071 seconds
[2024-11-20T01:09:06.272+0000] {processor.py:186} INFO - Started process (PID=6308) to work on /home/ubuntu/airflow_venv/lib/python3.12/site-packages/airflow/example_dags/example_latest_only.py
[2024-11-20T01:09:06.274+0000] {processor.py:914} INFO - Processing file /home/ubuntu/airflow_venv/lib/python3.12/site-packages/airflow/example_dags/example_latest_only.py for tasks to queue
[2024-11-20T01:09:06.275+0000] {logging_mixin.py:190} INFO - [2024-11-20T01:09:06.274+0000] {dagbag.py:588} INFO - Filling up the DagBag from /home/ubuntu/airflow_venv/lib/python3.12/site-packages/airflow/example_dags/example_latest_only.py
[2024-11-20T01:09:06.283+0000] {processor.py:925} INFO - DAG(s) 'latest_only' retrieved from /home/ubuntu/airflow_venv/lib/python3.12/site-packages/airflow/example_dags/example_latest_only.py
[2024-11-20T01:09:06.299+0000] {logging_mixin.py:190} INFO - [2024-11-20T01:09:06.299+0000] {dag.py:3239} INFO - Sync 1 DAGs
[2024-11-20T01:09:06.317+0000] {logging_mixin.py:190} INFO - [2024-11-20T01:09:06.317+0000] {dag.py:4180} INFO - Setting next_dagrun for latest_only to 2024-11-19 20:00:00+00:00, run_after=2024-11-20 00:00:00+00:00
[2024-11-20T01:09:06.339+0000] {processor.py:208} INFO - Processing /home/ubuntu/airflow_venv/lib/python3.12/site-packages/airflow/example_dags/example_latest_only.py took 0.073 seconds
[2024-11-20T01:10:05.227+0000] {processor.py:186} INFO - Started process (PID=6371) to work on /home/ubuntu/airflow_venv/lib/python3.12/site-packages/airflow/example_dags/example_latest_only.py
[2024-11-20T01:10:05.230+0000] {processor.py:914} INFO - Processing file /home/ubuntu/airflow_venv/lib/python3.12/site-packages/airflow/example_dags/example_latest_only.py for tasks to queue
[2024-11-20T01:10:05.231+0000] {logging_mixin.py:190} INFO - [2024-11-20T01:10:05.231+0000] {dagbag.py:588} INFO - Filling up the DagBag from /home/ubuntu/airflow_venv/lib/python3.12/site-packages/airflow/example_dags/example_latest_only.py
[2024-11-20T01:10:05.239+0000] {processor.py:925} INFO - DAG(s) 'latest_only' retrieved from /home/ubuntu/airflow_venv/lib/python3.12/site-packages/airflow/example_dags/example_latest_only.py
[2024-11-20T01:10:05.256+0000] {logging_mixin.py:190} INFO - [2024-11-20T01:10:05.256+0000] {dag.py:3239} INFO - Sync 1 DAGs
[2024-11-20T01:10:05.274+0000] {logging_mixin.py:190} INFO - [2024-11-20T01:10:05.274+0000] {dag.py:4180} INFO - Setting next_dagrun for latest_only to 2024-11-19 20:00:00+00:00, run_after=2024-11-20 00:00:00+00:00
[2024-11-20T01:10:05.295+0000] {processor.py:208} INFO - Processing /home/ubuntu/airflow_venv/lib/python3.12/site-packages/airflow/example_dags/example_latest_only.py took 0.074 seconds
[2024-11-20T01:11:00.756+0000] {processor.py:186} INFO - Started process (PID=6430) to work on /home/ubuntu/airflow_venv/lib/python3.12/site-packages/airflow/example_dags/example_latest_only.py
[2024-11-20T01:11:00.757+0000] {processor.py:914} INFO - Processing file /home/ubuntu/airflow_venv/lib/python3.12/site-packages/airflow/example_dags/example_latest_only.py for tasks to queue
[2024-11-20T01:11:00.758+0000] {logging_mixin.py:190} INFO - [2024-11-20T01:11:00.758+0000] {dagbag.py:588} INFO - Filling up the DagBag from /home/ubuntu/airflow_venv/lib/python3.12/site-packages/airflow/example_dags/example_latest_only.py
[2024-11-20T01:11:00.766+0000] {processor.py:925} INFO - DAG(s) 'latest_only' retrieved from /home/ubuntu/airflow_venv/lib/python3.12/site-packages/airflow/example_dags/example_latest_only.py
[2024-11-20T01:11:00.782+0000] {logging_mixin.py:190} INFO - [2024-11-20T01:11:00.781+0000] {dag.py:3239} INFO - Sync 1 DAGs
[2024-11-20T01:11:00.800+0000] {logging_mixin.py:190} INFO - [2024-11-20T01:11:00.800+0000] {dag.py:4180} INFO - Setting next_dagrun for latest_only to 2024-11-19 20:00:00+00:00, run_after=2024-11-20 00:00:00+00:00
[2024-11-20T01:11:00.824+0000] {processor.py:208} INFO - Processing /home/ubuntu/airflow_venv/lib/python3.12/site-packages/airflow/example_dags/example_latest_only.py took 0.074 seconds
[2024-11-20T01:11:55.271+0000] {processor.py:186} INFO - Started process (PID=6485) to work on /home/ubuntu/airflow_venv/lib/python3.12/site-packages/airflow/example_dags/example_latest_only.py
[2024-11-20T01:11:55.273+0000] {processor.py:914} INFO - Processing file /home/ubuntu/airflow_venv/lib/python3.12/site-packages/airflow/example_dags/example_latest_only.py for tasks to queue
[2024-11-20T01:11:55.274+0000] {logging_mixin.py:190} INFO - [2024-11-20T01:11:55.274+0000] {dagbag.py:588} INFO - Filling up the DagBag from /home/ubuntu/airflow_venv/lib/python3.12/site-packages/airflow/example_dags/example_latest_only.py
[2024-11-20T01:11:55.282+0000] {processor.py:925} INFO - DAG(s) 'latest_only' retrieved from /home/ubuntu/airflow_venv/lib/python3.12/site-packages/airflow/example_dags/example_latest_only.py
[2024-11-20T01:11:55.297+0000] {logging_mixin.py:190} INFO - [2024-11-20T01:11:55.297+0000] {dag.py:3239} INFO - Sync 1 DAGs
[2024-11-20T01:11:55.315+0000] {logging_mixin.py:190} INFO - [2024-11-20T01:11:55.315+0000] {dag.py:4180} INFO - Setting next_dagrun for latest_only to 2024-11-19 20:00:00+00:00, run_after=2024-11-20 00:00:00+00:00
[2024-11-20T01:11:55.339+0000] {processor.py:208} INFO - Processing /home/ubuntu/airflow_venv/lib/python3.12/site-packages/airflow/example_dags/example_latest_only.py took 0.074 seconds
[2024-11-20T01:12:48.114+0000] {processor.py:186} INFO - Started process (PID=6540) to work on /home/ubuntu/airflow_venv/lib/python3.12/site-packages/airflow/example_dags/example_latest_only.py
[2024-11-20T01:12:48.116+0000] {processor.py:914} INFO - Processing file /home/ubuntu/airflow_venv/lib/python3.12/site-packages/airflow/example_dags/example_latest_only.py for tasks to queue
[2024-11-20T01:12:48.116+0000] {logging_mixin.py:190} INFO - [2024-11-20T01:12:48.116+0000] {dagbag.py:588} INFO - Filling up the DagBag from /home/ubuntu/airflow_venv/lib/python3.12/site-packages/airflow/example_dags/example_latest_only.py
[2024-11-20T01:12:48.125+0000] {processor.py:925} INFO - DAG(s) 'latest_only' retrieved from /home/ubuntu/airflow_venv/lib/python3.12/site-packages/airflow/example_dags/example_latest_only.py
[2024-11-20T01:12:48.139+0000] {logging_mixin.py:190} INFO - [2024-11-20T01:12:48.139+0000] {dag.py:3239} INFO - Sync 1 DAGs
[2024-11-20T01:12:48.156+0000] {logging_mixin.py:190} INFO - [2024-11-20T01:12:48.156+0000] {dag.py:4180} INFO - Setting next_dagrun for latest_only to 2024-11-19 20:00:00+00:00, run_after=2024-11-20 00:00:00+00:00
[2024-11-20T01:12:48.176+0000] {processor.py:208} INFO - Processing /home/ubuntu/airflow_venv/lib/python3.12/site-packages/airflow/example_dags/example_latest_only.py took 0.068 seconds
