[2024-11-20T00:16:21.119+0000] {processor.py:186} INFO - Started process (PID=2034) to work on /home/ubuntu/airflow_venv/lib/python3.12/site-packages/airflow/example_dags/example_time_delta_sensor_async.py
[2024-11-20T00:16:21.120+0000] {processor.py:914} INFO - Processing file /home/ubuntu/airflow_venv/lib/python3.12/site-packages/airflow/example_dags/example_time_delta_sensor_async.py for tasks to queue
[2024-11-20T00:16:21.123+0000] {logging_mixin.py:190} INFO - [2024-11-20T00:16:21.122+0000] {dagbag.py:588} INFO - Filling up the DagBag from /home/ubuntu/airflow_venv/lib/python3.12/site-packages/airflow/example_dags/example_time_delta_sensor_async.py
[2024-11-20T00:16:21.129+0000] {processor.py:925} INFO - DAG(s) 'example_time_delta_sensor_async' retrieved from /home/ubuntu/airflow_venv/lib/python3.12/site-packages/airflow/example_dags/example_time_delta_sensor_async.py
[2024-11-20T00:16:21.145+0000] {logging_mixin.py:190} INFO - [2024-11-20T00:16:21.145+0000] {dag.py:3239} INFO - Sync 1 DAGs
[2024-11-20T00:16:21.157+0000] {logging_mixin.py:190} INFO - [2024-11-20T00:16:21.157+0000] {dag.py:4180} INFO - Setting next_dagrun for example_time_delta_sensor_async to None, run_after=None
[2024-11-20T00:16:21.177+0000] {processor.py:208} INFO - Processing /home/ubuntu/airflow_venv/lib/python3.12/site-packages/airflow/example_dags/example_time_delta_sensor_async.py took 0.063 seconds
[2024-11-20T00:17:19.903+0000] {processor.py:186} INFO - Started process (PID=2105) to work on /home/ubuntu/airflow_venv/lib/python3.12/site-packages/airflow/example_dags/example_time_delta_sensor_async.py
[2024-11-20T00:17:19.905+0000] {processor.py:914} INFO - Processing file /home/ubuntu/airflow_venv/lib/python3.12/site-packages/airflow/example_dags/example_time_delta_sensor_async.py for tasks to queue
[2024-11-20T00:17:19.907+0000] {logging_mixin.py:190} INFO - [2024-11-20T00:17:19.907+0000] {dagbag.py:588} INFO - Filling up the DagBag from /home/ubuntu/airflow_venv/lib/python3.12/site-packages/airflow/example_dags/example_time_delta_sensor_async.py
[2024-11-20T00:17:19.914+0000] {processor.py:925} INFO - DAG(s) 'example_time_delta_sensor_async' retrieved from /home/ubuntu/airflow_venv/lib/python3.12/site-packages/airflow/example_dags/example_time_delta_sensor_async.py
[2024-11-20T00:17:19.930+0000] {logging_mixin.py:190} INFO - [2024-11-20T00:17:19.929+0000] {dag.py:3239} INFO - Sync 1 DAGs
[2024-11-20T00:17:19.941+0000] {logging_mixin.py:190} INFO - [2024-11-20T00:17:19.941+0000] {dag.py:4180} INFO - Setting next_dagrun for example_time_delta_sensor_async to None, run_after=None
[2024-11-20T00:17:19.962+0000] {processor.py:208} INFO - Processing /home/ubuntu/airflow_venv/lib/python3.12/site-packages/airflow/example_dags/example_time_delta_sensor_async.py took 0.064 seconds
[2024-11-20T00:18:15.455+0000] {processor.py:186} INFO - Started process (PID=2163) to work on /home/ubuntu/airflow_venv/lib/python3.12/site-packages/airflow/example_dags/example_time_delta_sensor_async.py
[2024-11-20T00:18:15.457+0000] {processor.py:914} INFO - Processing file /home/ubuntu/airflow_venv/lib/python3.12/site-packages/airflow/example_dags/example_time_delta_sensor_async.py for tasks to queue
[2024-11-20T00:18:15.459+0000] {logging_mixin.py:190} INFO - [2024-11-20T00:18:15.459+0000] {dagbag.py:588} INFO - Filling up the DagBag from /home/ubuntu/airflow_venv/lib/python3.12/site-packages/airflow/example_dags/example_time_delta_sensor_async.py
[2024-11-20T00:18:15.465+0000] {processor.py:925} INFO - DAG(s) 'example_time_delta_sensor_async' retrieved from /home/ubuntu/airflow_venv/lib/python3.12/site-packages/airflow/example_dags/example_time_delta_sensor_async.py
[2024-11-20T00:18:15.480+0000] {logging_mixin.py:190} INFO - [2024-11-20T00:18:15.480+0000] {dag.py:3239} INFO - Sync 1 DAGs
[2024-11-20T00:18:15.492+0000] {logging_mixin.py:190} INFO - [2024-11-20T00:18:15.492+0000] {dag.py:4180} INFO - Setting next_dagrun for example_time_delta_sensor_async to None, run_after=None
[2024-11-20T00:18:15.512+0000] {processor.py:208} INFO - Processing /home/ubuntu/airflow_venv/lib/python3.12/site-packages/airflow/example_dags/example_time_delta_sensor_async.py took 0.062 seconds
[2024-11-20T00:19:08.055+0000] {processor.py:186} INFO - Started process (PID=2216) to work on /home/ubuntu/airflow_venv/lib/python3.12/site-packages/airflow/example_dags/example_time_delta_sensor_async.py
[2024-11-20T00:19:08.056+0000] {processor.py:914} INFO - Processing file /home/ubuntu/airflow_venv/lib/python3.12/site-packages/airflow/example_dags/example_time_delta_sensor_async.py for tasks to queue
[2024-11-20T00:19:08.058+0000] {logging_mixin.py:190} INFO - [2024-11-20T00:19:08.058+0000] {dagbag.py:588} INFO - Filling up the DagBag from /home/ubuntu/airflow_venv/lib/python3.12/site-packages/airflow/example_dags/example_time_delta_sensor_async.py
[2024-11-20T00:19:08.065+0000] {processor.py:925} INFO - DAG(s) 'example_time_delta_sensor_async' retrieved from /home/ubuntu/airflow_venv/lib/python3.12/site-packages/airflow/example_dags/example_time_delta_sensor_async.py
[2024-11-20T00:19:08.079+0000] {logging_mixin.py:190} INFO - [2024-11-20T00:19:08.079+0000] {dag.py:3239} INFO - Sync 1 DAGs
[2024-11-20T00:19:08.090+0000] {logging_mixin.py:190} INFO - [2024-11-20T00:19:08.090+0000] {dag.py:4180} INFO - Setting next_dagrun for example_time_delta_sensor_async to None, run_after=None
[2024-11-20T00:19:08.111+0000] {processor.py:208} INFO - Processing /home/ubuntu/airflow_venv/lib/python3.12/site-packages/airflow/example_dags/example_time_delta_sensor_async.py took 0.061 seconds
[2024-11-20T00:20:00.297+0000] {processor.py:186} INFO - Started process (PID=2273) to work on /home/ubuntu/airflow_venv/lib/python3.12/site-packages/airflow/example_dags/example_time_delta_sensor_async.py
[2024-11-20T00:20:00.299+0000] {processor.py:914} INFO - Processing file /home/ubuntu/airflow_venv/lib/python3.12/site-packages/airflow/example_dags/example_time_delta_sensor_async.py for tasks to queue
[2024-11-20T00:20:00.301+0000] {logging_mixin.py:190} INFO - [2024-11-20T00:20:00.301+0000] {dagbag.py:588} INFO - Filling up the DagBag from /home/ubuntu/airflow_venv/lib/python3.12/site-packages/airflow/example_dags/example_time_delta_sensor_async.py
[2024-11-20T00:20:00.309+0000] {processor.py:925} INFO - DAG(s) 'example_time_delta_sensor_async' retrieved from /home/ubuntu/airflow_venv/lib/python3.12/site-packages/airflow/example_dags/example_time_delta_sensor_async.py
[2024-11-20T00:20:00.322+0000] {logging_mixin.py:190} INFO - [2024-11-20T00:20:00.322+0000] {dag.py:3239} INFO - Sync 1 DAGs
[2024-11-20T00:20:00.336+0000] {logging_mixin.py:190} INFO - [2024-11-20T00:20:00.335+0000] {dag.py:4180} INFO - Setting next_dagrun for example_time_delta_sensor_async to None, run_after=None
[2024-11-20T00:20:00.359+0000] {processor.py:208} INFO - Processing /home/ubuntu/airflow_venv/lib/python3.12/site-packages/airflow/example_dags/example_time_delta_sensor_async.py took 0.067 seconds
[2024-11-20T00:20:52.818+0000] {processor.py:186} INFO - Started process (PID=2330) to work on /home/ubuntu/airflow_venv/lib/python3.12/site-packages/airflow/example_dags/example_time_delta_sensor_async.py
[2024-11-20T00:20:52.819+0000] {processor.py:914} INFO - Processing file /home/ubuntu/airflow_venv/lib/python3.12/site-packages/airflow/example_dags/example_time_delta_sensor_async.py for tasks to queue
[2024-11-20T00:20:52.822+0000] {logging_mixin.py:190} INFO - [2024-11-20T00:20:52.821+0000] {dagbag.py:588} INFO - Filling up the DagBag from /home/ubuntu/airflow_venv/lib/python3.12/site-packages/airflow/example_dags/example_time_delta_sensor_async.py
[2024-11-20T00:20:52.829+0000] {processor.py:925} INFO - DAG(s) 'example_time_delta_sensor_async' retrieved from /home/ubuntu/airflow_venv/lib/python3.12/site-packages/airflow/example_dags/example_time_delta_sensor_async.py
[2024-11-20T00:20:52.843+0000] {logging_mixin.py:190} INFO - [2024-11-20T00:20:52.842+0000] {dag.py:3239} INFO - Sync 1 DAGs
[2024-11-20T00:20:52.854+0000] {logging_mixin.py:190} INFO - [2024-11-20T00:20:52.854+0000] {dag.py:4180} INFO - Setting next_dagrun for example_time_delta_sensor_async to None, run_after=None
[2024-11-20T00:20:52.875+0000] {processor.py:208} INFO - Processing /home/ubuntu/airflow_venv/lib/python3.12/site-packages/airflow/example_dags/example_time_delta_sensor_async.py took 0.062 seconds
[2024-11-20T00:21:53.732+0000] {processor.py:186} INFO - Started process (PID=2390) to work on /home/ubuntu/airflow_venv/lib/python3.12/site-packages/airflow/example_dags/example_time_delta_sensor_async.py
[2024-11-20T00:21:53.733+0000] {processor.py:914} INFO - Processing file /home/ubuntu/airflow_venv/lib/python3.12/site-packages/airflow/example_dags/example_time_delta_sensor_async.py for tasks to queue
[2024-11-20T00:21:53.736+0000] {logging_mixin.py:190} INFO - [2024-11-20T00:21:53.736+0000] {dagbag.py:588} INFO - Filling up the DagBag from /home/ubuntu/airflow_venv/lib/python3.12/site-packages/airflow/example_dags/example_time_delta_sensor_async.py
[2024-11-20T00:21:53.743+0000] {processor.py:925} INFO - DAG(s) 'example_time_delta_sensor_async' retrieved from /home/ubuntu/airflow_venv/lib/python3.12/site-packages/airflow/example_dags/example_time_delta_sensor_async.py
[2024-11-20T00:21:53.764+0000] {logging_mixin.py:190} INFO - [2024-11-20T00:21:53.764+0000] {dag.py:3239} INFO - Sync 1 DAGs
[2024-11-20T00:21:53.776+0000] {logging_mixin.py:190} INFO - [2024-11-20T00:21:53.776+0000] {dag.py:4180} INFO - Setting next_dagrun for example_time_delta_sensor_async to None, run_after=None
[2024-11-20T00:21:53.797+0000] {processor.py:208} INFO - Processing /home/ubuntu/airflow_venv/lib/python3.12/site-packages/airflow/example_dags/example_time_delta_sensor_async.py took 0.071 seconds
[2024-11-20T00:22:50.368+0000] {processor.py:186} INFO - Started process (PID=2449) to work on /home/ubuntu/airflow_venv/lib/python3.12/site-packages/airflow/example_dags/example_time_delta_sensor_async.py
[2024-11-20T00:22:50.369+0000] {processor.py:914} INFO - Processing file /home/ubuntu/airflow_venv/lib/python3.12/site-packages/airflow/example_dags/example_time_delta_sensor_async.py for tasks to queue
[2024-11-20T00:22:50.371+0000] {logging_mixin.py:190} INFO - [2024-11-20T00:22:50.371+0000] {dagbag.py:588} INFO - Filling up the DagBag from /home/ubuntu/airflow_venv/lib/python3.12/site-packages/airflow/example_dags/example_time_delta_sensor_async.py
[2024-11-20T00:22:50.379+0000] {processor.py:925} INFO - DAG(s) 'example_time_delta_sensor_async' retrieved from /home/ubuntu/airflow_venv/lib/python3.12/site-packages/airflow/example_dags/example_time_delta_sensor_async.py
[2024-11-20T00:22:50.393+0000] {logging_mixin.py:190} INFO - [2024-11-20T00:22:50.393+0000] {dag.py:3239} INFO - Sync 1 DAGs
[2024-11-20T00:22:50.405+0000] {logging_mixin.py:190} INFO - [2024-11-20T00:22:50.405+0000] {dag.py:4180} INFO - Setting next_dagrun for example_time_delta_sensor_async to None, run_after=None
[2024-11-20T00:22:50.427+0000] {processor.py:208} INFO - Processing /home/ubuntu/airflow_venv/lib/python3.12/site-packages/airflow/example_dags/example_time_delta_sensor_async.py took 0.065 seconds
[2024-11-20T00:23:45.460+0000] {processor.py:186} INFO - Started process (PID=2505) to work on /home/ubuntu/airflow_venv/lib/python3.12/site-packages/airflow/example_dags/example_time_delta_sensor_async.py
[2024-11-20T00:23:45.462+0000] {processor.py:914} INFO - Processing file /home/ubuntu/airflow_venv/lib/python3.12/site-packages/airflow/example_dags/example_time_delta_sensor_async.py for tasks to queue
[2024-11-20T00:23:45.464+0000] {logging_mixin.py:190} INFO - [2024-11-20T00:23:45.464+0000] {dagbag.py:588} INFO - Filling up the DagBag from /home/ubuntu/airflow_venv/lib/python3.12/site-packages/airflow/example_dags/example_time_delta_sensor_async.py
[2024-11-20T00:23:45.472+0000] {processor.py:925} INFO - DAG(s) 'example_time_delta_sensor_async' retrieved from /home/ubuntu/airflow_venv/lib/python3.12/site-packages/airflow/example_dags/example_time_delta_sensor_async.py
[2024-11-20T00:23:45.487+0000] {logging_mixin.py:190} INFO - [2024-11-20T00:23:45.486+0000] {dag.py:3239} INFO - Sync 1 DAGs
[2024-11-20T00:23:45.500+0000] {logging_mixin.py:190} INFO - [2024-11-20T00:23:45.499+0000] {dag.py:4180} INFO - Setting next_dagrun for example_time_delta_sensor_async to None, run_after=None
[2024-11-20T00:23:45.521+0000] {processor.py:208} INFO - Processing /home/ubuntu/airflow_venv/lib/python3.12/site-packages/airflow/example_dags/example_time_delta_sensor_async.py took 0.066 seconds
[2024-11-20T00:24:39.717+0000] {processor.py:186} INFO - Started process (PID=2561) to work on /home/ubuntu/airflow_venv/lib/python3.12/site-packages/airflow/example_dags/example_time_delta_sensor_async.py
[2024-11-20T00:24:39.719+0000] {processor.py:914} INFO - Processing file /home/ubuntu/airflow_venv/lib/python3.12/site-packages/airflow/example_dags/example_time_delta_sensor_async.py for tasks to queue
[2024-11-20T00:24:39.721+0000] {logging_mixin.py:190} INFO - [2024-11-20T00:24:39.721+0000] {dagbag.py:588} INFO - Filling up the DagBag from /home/ubuntu/airflow_venv/lib/python3.12/site-packages/airflow/example_dags/example_time_delta_sensor_async.py
[2024-11-20T00:24:39.729+0000] {processor.py:925} INFO - DAG(s) 'example_time_delta_sensor_async' retrieved from /home/ubuntu/airflow_venv/lib/python3.12/site-packages/airflow/example_dags/example_time_delta_sensor_async.py
[2024-11-20T00:24:39.743+0000] {logging_mixin.py:190} INFO - [2024-11-20T00:24:39.743+0000] {dag.py:3239} INFO - Sync 1 DAGs
[2024-11-20T00:24:39.755+0000] {logging_mixin.py:190} INFO - [2024-11-20T00:24:39.755+0000] {dag.py:4180} INFO - Setting next_dagrun for example_time_delta_sensor_async to None, run_after=None
[2024-11-20T00:24:39.781+0000] {processor.py:208} INFO - Processing /home/ubuntu/airflow_venv/lib/python3.12/site-packages/airflow/example_dags/example_time_delta_sensor_async.py took 0.069 seconds
[2024-11-20T00:25:33.811+0000] {processor.py:186} INFO - Started process (PID=2619) to work on /home/ubuntu/airflow_venv/lib/python3.12/site-packages/airflow/example_dags/example_time_delta_sensor_async.py
[2024-11-20T00:25:33.812+0000] {processor.py:914} INFO - Processing file /home/ubuntu/airflow_venv/lib/python3.12/site-packages/airflow/example_dags/example_time_delta_sensor_async.py for tasks to queue
[2024-11-20T00:25:33.814+0000] {logging_mixin.py:190} INFO - [2024-11-20T00:25:33.814+0000] {dagbag.py:588} INFO - Filling up the DagBag from /home/ubuntu/airflow_venv/lib/python3.12/site-packages/airflow/example_dags/example_time_delta_sensor_async.py
[2024-11-20T00:25:33.821+0000] {processor.py:925} INFO - DAG(s) 'example_time_delta_sensor_async' retrieved from /home/ubuntu/airflow_venv/lib/python3.12/site-packages/airflow/example_dags/example_time_delta_sensor_async.py
[2024-11-20T00:25:33.836+0000] {logging_mixin.py:190} INFO - [2024-11-20T00:25:33.836+0000] {dag.py:3239} INFO - Sync 1 DAGs
[2024-11-20T00:25:33.848+0000] {logging_mixin.py:190} INFO - [2024-11-20T00:25:33.848+0000] {dag.py:4180} INFO - Setting next_dagrun for example_time_delta_sensor_async to None, run_after=None
[2024-11-20T00:25:33.870+0000] {processor.py:208} INFO - Processing /home/ubuntu/airflow_venv/lib/python3.12/site-packages/airflow/example_dags/example_time_delta_sensor_async.py took 0.065 seconds
[2024-11-20T00:26:28.945+0000] {processor.py:186} INFO - Started process (PID=2678) to work on /home/ubuntu/airflow_venv/lib/python3.12/site-packages/airflow/example_dags/example_time_delta_sensor_async.py
[2024-11-20T00:26:28.947+0000] {processor.py:914} INFO - Processing file /home/ubuntu/airflow_venv/lib/python3.12/site-packages/airflow/example_dags/example_time_delta_sensor_async.py for tasks to queue
[2024-11-20T00:26:28.949+0000] {logging_mixin.py:190} INFO - [2024-11-20T00:26:28.948+0000] {dagbag.py:588} INFO - Filling up the DagBag from /home/ubuntu/airflow_venv/lib/python3.12/site-packages/airflow/example_dags/example_time_delta_sensor_async.py
[2024-11-20T00:26:28.955+0000] {processor.py:925} INFO - DAG(s) 'example_time_delta_sensor_async' retrieved from /home/ubuntu/airflow_venv/lib/python3.12/site-packages/airflow/example_dags/example_time_delta_sensor_async.py
[2024-11-20T00:26:28.971+0000] {logging_mixin.py:190} INFO - [2024-11-20T00:26:28.971+0000] {dag.py:3239} INFO - Sync 1 DAGs
[2024-11-20T00:26:28.982+0000] {logging_mixin.py:190} INFO - [2024-11-20T00:26:28.982+0000] {dag.py:4180} INFO - Setting next_dagrun for example_time_delta_sensor_async to None, run_after=None
[2024-11-20T00:26:29.004+0000] {processor.py:208} INFO - Processing /home/ubuntu/airflow_venv/lib/python3.12/site-packages/airflow/example_dags/example_time_delta_sensor_async.py took 0.065 seconds
[2024-11-20T00:27:44.459+0000] {processor.py:186} INFO - Started process (PID=2774) to work on /home/ubuntu/airflow_venv/lib/python3.12/site-packages/airflow/example_dags/example_time_delta_sensor_async.py
[2024-11-20T00:27:44.461+0000] {processor.py:914} INFO - Processing file /home/ubuntu/airflow_venv/lib/python3.12/site-packages/airflow/example_dags/example_time_delta_sensor_async.py for tasks to queue
[2024-11-20T00:27:44.463+0000] {logging_mixin.py:190} INFO - [2024-11-20T00:27:44.463+0000] {dagbag.py:588} INFO - Filling up the DagBag from /home/ubuntu/airflow_venv/lib/python3.12/site-packages/airflow/example_dags/example_time_delta_sensor_async.py
[2024-11-20T00:27:44.470+0000] {processor.py:925} INFO - DAG(s) 'example_time_delta_sensor_async' retrieved from /home/ubuntu/airflow_venv/lib/python3.12/site-packages/airflow/example_dags/example_time_delta_sensor_async.py
[2024-11-20T00:27:44.484+0000] {logging_mixin.py:190} INFO - [2024-11-20T00:27:44.484+0000] {dag.py:3239} INFO - Sync 1 DAGs
[2024-11-20T00:27:44.497+0000] {logging_mixin.py:190} INFO - [2024-11-20T00:27:44.496+0000] {dag.py:4180} INFO - Setting next_dagrun for example_time_delta_sensor_async to None, run_after=None
[2024-11-20T00:27:44.518+0000] {processor.py:208} INFO - Processing /home/ubuntu/airflow_venv/lib/python3.12/site-packages/airflow/example_dags/example_time_delta_sensor_async.py took 0.065 seconds
[2024-11-20T00:28:42.244+0000] {processor.py:186} INFO - Started process (PID=2896) to work on /home/ubuntu/airflow_venv/lib/python3.12/site-packages/airflow/example_dags/example_time_delta_sensor_async.py
[2024-11-20T00:28:42.246+0000] {processor.py:914} INFO - Processing file /home/ubuntu/airflow_venv/lib/python3.12/site-packages/airflow/example_dags/example_time_delta_sensor_async.py for tasks to queue
[2024-11-20T00:28:42.248+0000] {logging_mixin.py:190} INFO - [2024-11-20T00:28:42.247+0000] {dagbag.py:588} INFO - Filling up the DagBag from /home/ubuntu/airflow_venv/lib/python3.12/site-packages/airflow/example_dags/example_time_delta_sensor_async.py
[2024-11-20T00:28:42.256+0000] {processor.py:925} INFO - DAG(s) 'example_time_delta_sensor_async' retrieved from /home/ubuntu/airflow_venv/lib/python3.12/site-packages/airflow/example_dags/example_time_delta_sensor_async.py
[2024-11-20T00:28:42.270+0000] {logging_mixin.py:190} INFO - [2024-11-20T00:28:42.270+0000] {dag.py:3239} INFO - Sync 1 DAGs
[2024-11-20T00:28:42.282+0000] {logging_mixin.py:190} INFO - [2024-11-20T00:28:42.282+0000] {dag.py:4180} INFO - Setting next_dagrun for example_time_delta_sensor_async to None, run_after=None
[2024-11-20T00:28:42.305+0000] {processor.py:208} INFO - Processing /home/ubuntu/airflow_venv/lib/python3.12/site-packages/airflow/example_dags/example_time_delta_sensor_async.py took 0.067 seconds
[2024-11-20T00:29:46.671+0000] {processor.py:186} INFO - Started process (PID=3026) to work on /home/ubuntu/airflow_venv/lib/python3.12/site-packages/airflow/example_dags/example_time_delta_sensor_async.py
[2024-11-20T00:29:46.673+0000] {processor.py:914} INFO - Processing file /home/ubuntu/airflow_venv/lib/python3.12/site-packages/airflow/example_dags/example_time_delta_sensor_async.py for tasks to queue
[2024-11-20T00:29:46.674+0000] {logging_mixin.py:190} INFO - [2024-11-20T00:29:46.674+0000] {dagbag.py:588} INFO - Filling up the DagBag from /home/ubuntu/airflow_venv/lib/python3.12/site-packages/airflow/example_dags/example_time_delta_sensor_async.py
[2024-11-20T00:29:46.682+0000] {processor.py:925} INFO - DAG(s) 'example_time_delta_sensor_async' retrieved from /home/ubuntu/airflow_venv/lib/python3.12/site-packages/airflow/example_dags/example_time_delta_sensor_async.py
[2024-11-20T00:29:46.697+0000] {logging_mixin.py:190} INFO - [2024-11-20T00:29:46.697+0000] {dag.py:3239} INFO - Sync 1 DAGs
[2024-11-20T00:29:46.709+0000] {logging_mixin.py:190} INFO - [2024-11-20T00:29:46.709+0000] {dag.py:4180} INFO - Setting next_dagrun for example_time_delta_sensor_async to None, run_after=None
[2024-11-20T00:29:46.731+0000] {processor.py:208} INFO - Processing /home/ubuntu/airflow_venv/lib/python3.12/site-packages/airflow/example_dags/example_time_delta_sensor_async.py took 0.066 seconds
[2024-11-20T00:30:43.317+0000] {processor.py:186} INFO - Started process (PID=3088) to work on /home/ubuntu/airflow_venv/lib/python3.12/site-packages/airflow/example_dags/example_time_delta_sensor_async.py
[2024-11-20T00:30:43.318+0000] {processor.py:914} INFO - Processing file /home/ubuntu/airflow_venv/lib/python3.12/site-packages/airflow/example_dags/example_time_delta_sensor_async.py for tasks to queue
[2024-11-20T00:30:43.321+0000] {logging_mixin.py:190} INFO - [2024-11-20T00:30:43.321+0000] {dagbag.py:588} INFO - Filling up the DagBag from /home/ubuntu/airflow_venv/lib/python3.12/site-packages/airflow/example_dags/example_time_delta_sensor_async.py
[2024-11-20T00:30:43.328+0000] {processor.py:925} INFO - DAG(s) 'example_time_delta_sensor_async' retrieved from /home/ubuntu/airflow_venv/lib/python3.12/site-packages/airflow/example_dags/example_time_delta_sensor_async.py
[2024-11-20T00:30:43.343+0000] {logging_mixin.py:190} INFO - [2024-11-20T00:30:43.343+0000] {dag.py:3239} INFO - Sync 1 DAGs
[2024-11-20T00:30:43.355+0000] {logging_mixin.py:190} INFO - [2024-11-20T00:30:43.355+0000] {dag.py:4180} INFO - Setting next_dagrun for example_time_delta_sensor_async to None, run_after=None
[2024-11-20T00:30:43.376+0000] {processor.py:208} INFO - Processing /home/ubuntu/airflow_venv/lib/python3.12/site-packages/airflow/example_dags/example_time_delta_sensor_async.py took 0.064 seconds
[2024-11-20T00:31:38.949+0000] {processor.py:186} INFO - Started process (PID=3283) to work on /home/ubuntu/airflow_venv/lib/python3.12/site-packages/airflow/example_dags/example_time_delta_sensor_async.py
[2024-11-20T00:31:38.951+0000] {processor.py:914} INFO - Processing file /home/ubuntu/airflow_venv/lib/python3.12/site-packages/airflow/example_dags/example_time_delta_sensor_async.py for tasks to queue
[2024-11-20T00:31:38.953+0000] {logging_mixin.py:190} INFO - [2024-11-20T00:31:38.952+0000] {dagbag.py:588} INFO - Filling up the DagBag from /home/ubuntu/airflow_venv/lib/python3.12/site-packages/airflow/example_dags/example_time_delta_sensor_async.py
[2024-11-20T00:31:38.959+0000] {processor.py:925} INFO - DAG(s) 'example_time_delta_sensor_async' retrieved from /home/ubuntu/airflow_venv/lib/python3.12/site-packages/airflow/example_dags/example_time_delta_sensor_async.py
[2024-11-20T00:31:38.975+0000] {logging_mixin.py:190} INFO - [2024-11-20T00:31:38.975+0000] {dag.py:3239} INFO - Sync 1 DAGs
[2024-11-20T00:31:38.987+0000] {logging_mixin.py:190} INFO - [2024-11-20T00:31:38.987+0000] {dag.py:4180} INFO - Setting next_dagrun for example_time_delta_sensor_async to None, run_after=None
[2024-11-20T00:31:39.008+0000] {processor.py:208} INFO - Processing /home/ubuntu/airflow_venv/lib/python3.12/site-packages/airflow/example_dags/example_time_delta_sensor_async.py took 0.064 seconds
[2024-11-20T00:32:31.364+0000] {processor.py:186} INFO - Started process (PID=3340) to work on /home/ubuntu/airflow_venv/lib/python3.12/site-packages/airflow/example_dags/example_time_delta_sensor_async.py
[2024-11-20T00:32:31.366+0000] {processor.py:914} INFO - Processing file /home/ubuntu/airflow_venv/lib/python3.12/site-packages/airflow/example_dags/example_time_delta_sensor_async.py for tasks to queue
[2024-11-20T00:32:31.368+0000] {logging_mixin.py:190} INFO - [2024-11-20T00:32:31.367+0000] {dagbag.py:588} INFO - Filling up the DagBag from /home/ubuntu/airflow_venv/lib/python3.12/site-packages/airflow/example_dags/example_time_delta_sensor_async.py
[2024-11-20T00:32:31.375+0000] {processor.py:925} INFO - DAG(s) 'example_time_delta_sensor_async' retrieved from /home/ubuntu/airflow_venv/lib/python3.12/site-packages/airflow/example_dags/example_time_delta_sensor_async.py
[2024-11-20T00:32:31.390+0000] {logging_mixin.py:190} INFO - [2024-11-20T00:32:31.390+0000] {dag.py:3239} INFO - Sync 1 DAGs
[2024-11-20T00:32:31.403+0000] {logging_mixin.py:190} INFO - [2024-11-20T00:32:31.402+0000] {dag.py:4180} INFO - Setting next_dagrun for example_time_delta_sensor_async to None, run_after=None
[2024-11-20T00:32:31.426+0000] {processor.py:208} INFO - Processing /home/ubuntu/airflow_venv/lib/python3.12/site-packages/airflow/example_dags/example_time_delta_sensor_async.py took 0.068 seconds
[2024-11-20T00:33:27.125+0000] {processor.py:186} INFO - Started process (PID=3920) to work on /home/ubuntu/airflow_venv/lib/python3.12/site-packages/airflow/example_dags/example_time_delta_sensor_async.py
[2024-11-20T00:33:27.127+0000] {processor.py:914} INFO - Processing file /home/ubuntu/airflow_venv/lib/python3.12/site-packages/airflow/example_dags/example_time_delta_sensor_async.py for tasks to queue
[2024-11-20T00:33:27.129+0000] {logging_mixin.py:190} INFO - [2024-11-20T00:33:27.129+0000] {dagbag.py:588} INFO - Filling up the DagBag from /home/ubuntu/airflow_venv/lib/python3.12/site-packages/airflow/example_dags/example_time_delta_sensor_async.py
[2024-11-20T00:33:27.137+0000] {processor.py:925} INFO - DAG(s) 'example_time_delta_sensor_async' retrieved from /home/ubuntu/airflow_venv/lib/python3.12/site-packages/airflow/example_dags/example_time_delta_sensor_async.py
[2024-11-20T00:33:27.153+0000] {logging_mixin.py:190} INFO - [2024-11-20T00:33:27.152+0000] {dag.py:3239} INFO - Sync 1 DAGs
[2024-11-20T00:33:27.165+0000] {logging_mixin.py:190} INFO - [2024-11-20T00:33:27.165+0000] {dag.py:4180} INFO - Setting next_dagrun for example_time_delta_sensor_async to None, run_after=None
[2024-11-20T00:33:27.185+0000] {processor.py:208} INFO - Processing /home/ubuntu/airflow_venv/lib/python3.12/site-packages/airflow/example_dags/example_time_delta_sensor_async.py took 0.067 seconds
[2024-11-20T00:34:30.674+0000] {processor.py:186} INFO - Started process (PID=4040) to work on /home/ubuntu/airflow_venv/lib/python3.12/site-packages/airflow/example_dags/example_time_delta_sensor_async.py
[2024-11-20T00:34:30.676+0000] {processor.py:914} INFO - Processing file /home/ubuntu/airflow_venv/lib/python3.12/site-packages/airflow/example_dags/example_time_delta_sensor_async.py for tasks to queue
[2024-11-20T00:34:30.678+0000] {logging_mixin.py:190} INFO - [2024-11-20T00:34:30.677+0000] {dagbag.py:588} INFO - Filling up the DagBag from /home/ubuntu/airflow_venv/lib/python3.12/site-packages/airflow/example_dags/example_time_delta_sensor_async.py
[2024-11-20T00:34:30.685+0000] {processor.py:925} INFO - DAG(s) 'example_time_delta_sensor_async' retrieved from /home/ubuntu/airflow_venv/lib/python3.12/site-packages/airflow/example_dags/example_time_delta_sensor_async.py
[2024-11-20T00:34:30.700+0000] {logging_mixin.py:190} INFO - [2024-11-20T00:34:30.700+0000] {dag.py:3239} INFO - Sync 1 DAGs
[2024-11-20T00:34:30.712+0000] {logging_mixin.py:190} INFO - [2024-11-20T00:34:30.712+0000] {dag.py:4180} INFO - Setting next_dagrun for example_time_delta_sensor_async to None, run_after=None
[2024-11-20T00:34:30.733+0000] {processor.py:208} INFO - Processing /home/ubuntu/airflow_venv/lib/python3.12/site-packages/airflow/example_dags/example_time_delta_sensor_async.py took 0.066 seconds
[2024-11-20T00:35:28.648+0000] {processor.py:186} INFO - Started process (PID=4127) to work on /home/ubuntu/airflow_venv/lib/python3.12/site-packages/airflow/example_dags/example_time_delta_sensor_async.py
[2024-11-20T00:35:28.651+0000] {processor.py:914} INFO - Processing file /home/ubuntu/airflow_venv/lib/python3.12/site-packages/airflow/example_dags/example_time_delta_sensor_async.py for tasks to queue
[2024-11-20T00:35:28.651+0000] {logging_mixin.py:190} INFO - [2024-11-20T00:35:28.651+0000] {dagbag.py:588} INFO - Filling up the DagBag from /home/ubuntu/airflow_venv/lib/python3.12/site-packages/airflow/example_dags/example_time_delta_sensor_async.py
[2024-11-20T00:35:28.658+0000] {processor.py:925} INFO - DAG(s) 'example_time_delta_sensor_async' retrieved from /home/ubuntu/airflow_venv/lib/python3.12/site-packages/airflow/example_dags/example_time_delta_sensor_async.py
[2024-11-20T00:35:28.673+0000] {logging_mixin.py:190} INFO - [2024-11-20T00:35:28.673+0000] {dag.py:3239} INFO - Sync 1 DAGs
[2024-11-20T00:35:28.686+0000] {logging_mixin.py:190} INFO - [2024-11-20T00:35:28.686+0000] {dag.py:4180} INFO - Setting next_dagrun for example_time_delta_sensor_async to None, run_after=None
[2024-11-20T00:35:28.706+0000] {processor.py:208} INFO - Processing /home/ubuntu/airflow_venv/lib/python3.12/site-packages/airflow/example_dags/example_time_delta_sensor_async.py took 0.065 seconds
[2024-11-20T00:36:23.917+0000] {processor.py:186} INFO - Started process (PID=4183) to work on /home/ubuntu/airflow_venv/lib/python3.12/site-packages/airflow/example_dags/example_time_delta_sensor_async.py
[2024-11-20T00:36:23.918+0000] {processor.py:914} INFO - Processing file /home/ubuntu/airflow_venv/lib/python3.12/site-packages/airflow/example_dags/example_time_delta_sensor_async.py for tasks to queue
[2024-11-20T00:36:23.920+0000] {logging_mixin.py:190} INFO - [2024-11-20T00:36:23.920+0000] {dagbag.py:588} INFO - Filling up the DagBag from /home/ubuntu/airflow_venv/lib/python3.12/site-packages/airflow/example_dags/example_time_delta_sensor_async.py
[2024-11-20T00:36:23.927+0000] {processor.py:925} INFO - DAG(s) 'example_time_delta_sensor_async' retrieved from /home/ubuntu/airflow_venv/lib/python3.12/site-packages/airflow/example_dags/example_time_delta_sensor_async.py
[2024-11-20T00:36:23.942+0000] {logging_mixin.py:190} INFO - [2024-11-20T00:36:23.941+0000] {dag.py:3239} INFO - Sync 1 DAGs
[2024-11-20T00:36:23.954+0000] {logging_mixin.py:190} INFO - [2024-11-20T00:36:23.954+0000] {dag.py:4180} INFO - Setting next_dagrun for example_time_delta_sensor_async to None, run_after=None
[2024-11-20T00:36:23.975+0000] {processor.py:208} INFO - Processing /home/ubuntu/airflow_venv/lib/python3.12/site-packages/airflow/example_dags/example_time_delta_sensor_async.py took 0.067 seconds
[2024-11-20T00:37:16.698+0000] {processor.py:186} INFO - Started process (PID=4238) to work on /home/ubuntu/airflow_venv/lib/python3.12/site-packages/airflow/example_dags/example_time_delta_sensor_async.py
[2024-11-20T00:37:16.700+0000] {processor.py:914} INFO - Processing file /home/ubuntu/airflow_venv/lib/python3.12/site-packages/airflow/example_dags/example_time_delta_sensor_async.py for tasks to queue
[2024-11-20T00:37:16.702+0000] {logging_mixin.py:190} INFO - [2024-11-20T00:37:16.701+0000] {dagbag.py:588} INFO - Filling up the DagBag from /home/ubuntu/airflow_venv/lib/python3.12/site-packages/airflow/example_dags/example_time_delta_sensor_async.py
[2024-11-20T00:37:16.709+0000] {processor.py:925} INFO - DAG(s) 'example_time_delta_sensor_async' retrieved from /home/ubuntu/airflow_venv/lib/python3.12/site-packages/airflow/example_dags/example_time_delta_sensor_async.py
[2024-11-20T00:37:16.723+0000] {logging_mixin.py:190} INFO - [2024-11-20T00:37:16.723+0000] {dag.py:3239} INFO - Sync 1 DAGs
[2024-11-20T00:37:16.735+0000] {logging_mixin.py:190} INFO - [2024-11-20T00:37:16.735+0000] {dag.py:4180} INFO - Setting next_dagrun for example_time_delta_sensor_async to None, run_after=None
[2024-11-20T00:37:16.757+0000] {processor.py:208} INFO - Processing /home/ubuntu/airflow_venv/lib/python3.12/site-packages/airflow/example_dags/example_time_delta_sensor_async.py took 0.065 seconds
[2024-11-20T00:38:13.114+0000] {processor.py:186} INFO - Started process (PID=4323) to work on /home/ubuntu/airflow_venv/lib/python3.12/site-packages/airflow/example_dags/example_time_delta_sensor_async.py
[2024-11-20T00:38:13.117+0000] {processor.py:914} INFO - Processing file /home/ubuntu/airflow_venv/lib/python3.12/site-packages/airflow/example_dags/example_time_delta_sensor_async.py for tasks to queue
[2024-11-20T00:38:13.118+0000] {logging_mixin.py:190} INFO - [2024-11-20T00:38:13.117+0000] {dagbag.py:588} INFO - Filling up the DagBag from /home/ubuntu/airflow_venv/lib/python3.12/site-packages/airflow/example_dags/example_time_delta_sensor_async.py
[2024-11-20T00:38:13.125+0000] {processor.py:925} INFO - DAG(s) 'example_time_delta_sensor_async' retrieved from /home/ubuntu/airflow_venv/lib/python3.12/site-packages/airflow/example_dags/example_time_delta_sensor_async.py
[2024-11-20T00:38:13.140+0000] {logging_mixin.py:190} INFO - [2024-11-20T00:38:13.140+0000] {dag.py:3239} INFO - Sync 1 DAGs
[2024-11-20T00:38:13.152+0000] {logging_mixin.py:190} INFO - [2024-11-20T00:38:13.152+0000] {dag.py:4180} INFO - Setting next_dagrun for example_time_delta_sensor_async to None, run_after=None
[2024-11-20T00:38:13.173+0000] {processor.py:208} INFO - Processing /home/ubuntu/airflow_venv/lib/python3.12/site-packages/airflow/example_dags/example_time_delta_sensor_async.py took 0.067 seconds
[2024-11-20T00:39:09.163+0000] {processor.py:186} INFO - Started process (PID=4381) to work on /home/ubuntu/airflow_venv/lib/python3.12/site-packages/airflow/example_dags/example_time_delta_sensor_async.py
[2024-11-20T00:39:09.164+0000] {processor.py:914} INFO - Processing file /home/ubuntu/airflow_venv/lib/python3.12/site-packages/airflow/example_dags/example_time_delta_sensor_async.py for tasks to queue
[2024-11-20T00:39:09.165+0000] {logging_mixin.py:190} INFO - [2024-11-20T00:39:09.165+0000] {dagbag.py:588} INFO - Filling up the DagBag from /home/ubuntu/airflow_venv/lib/python3.12/site-packages/airflow/example_dags/example_time_delta_sensor_async.py
[2024-11-20T00:39:09.173+0000] {processor.py:925} INFO - DAG(s) 'example_time_delta_sensor_async' retrieved from /home/ubuntu/airflow_venv/lib/python3.12/site-packages/airflow/example_dags/example_time_delta_sensor_async.py
[2024-11-20T00:39:09.187+0000] {logging_mixin.py:190} INFO - [2024-11-20T00:39:09.187+0000] {dag.py:3239} INFO - Sync 1 DAGs
[2024-11-20T00:39:09.199+0000] {logging_mixin.py:190} INFO - [2024-11-20T00:39:09.199+0000] {dag.py:4180} INFO - Setting next_dagrun for example_time_delta_sensor_async to None, run_after=None
[2024-11-20T00:39:09.220+0000] {processor.py:208} INFO - Processing /home/ubuntu/airflow_venv/lib/python3.12/site-packages/airflow/example_dags/example_time_delta_sensor_async.py took 0.065 seconds
[2024-11-20T00:40:12.334+0000] {processor.py:186} INFO - Started process (PID=4477) to work on /home/ubuntu/airflow_venv/lib/python3.12/site-packages/airflow/example_dags/example_time_delta_sensor_async.py
[2024-11-20T00:40:12.335+0000] {processor.py:914} INFO - Processing file /home/ubuntu/airflow_venv/lib/python3.12/site-packages/airflow/example_dags/example_time_delta_sensor_async.py for tasks to queue
[2024-11-20T00:40:12.337+0000] {logging_mixin.py:190} INFO - [2024-11-20T00:40:12.337+0000] {dagbag.py:588} INFO - Filling up the DagBag from /home/ubuntu/airflow_venv/lib/python3.12/site-packages/airflow/example_dags/example_time_delta_sensor_async.py
[2024-11-20T00:40:12.344+0000] {processor.py:925} INFO - DAG(s) 'example_time_delta_sensor_async' retrieved from /home/ubuntu/airflow_venv/lib/python3.12/site-packages/airflow/example_dags/example_time_delta_sensor_async.py
[2024-11-20T00:40:12.360+0000] {logging_mixin.py:190} INFO - [2024-11-20T00:40:12.359+0000] {dag.py:3239} INFO - Sync 1 DAGs
[2024-11-20T00:40:12.372+0000] {logging_mixin.py:190} INFO - [2024-11-20T00:40:12.371+0000] {dag.py:4180} INFO - Setting next_dagrun for example_time_delta_sensor_async to None, run_after=None
[2024-11-20T00:40:12.393+0000] {processor.py:208} INFO - Processing /home/ubuntu/airflow_venv/lib/python3.12/site-packages/airflow/example_dags/example_time_delta_sensor_async.py took 0.071 seconds
[2024-11-20T00:41:09.828+0000] {processor.py:186} INFO - Started process (PID=4538) to work on /home/ubuntu/airflow_venv/lib/python3.12/site-packages/airflow/example_dags/example_time_delta_sensor_async.py
[2024-11-20T00:41:09.829+0000] {processor.py:914} INFO - Processing file /home/ubuntu/airflow_venv/lib/python3.12/site-packages/airflow/example_dags/example_time_delta_sensor_async.py for tasks to queue
[2024-11-20T00:41:09.830+0000] {logging_mixin.py:190} INFO - [2024-11-20T00:41:09.829+0000] {dagbag.py:588} INFO - Filling up the DagBag from /home/ubuntu/airflow_venv/lib/python3.12/site-packages/airflow/example_dags/example_time_delta_sensor_async.py
[2024-11-20T00:41:09.837+0000] {processor.py:925} INFO - DAG(s) 'example_time_delta_sensor_async' retrieved from /home/ubuntu/airflow_venv/lib/python3.12/site-packages/airflow/example_dags/example_time_delta_sensor_async.py
[2024-11-20T00:41:09.852+0000] {logging_mixin.py:190} INFO - [2024-11-20T00:41:09.852+0000] {dag.py:3239} INFO - Sync 1 DAGs
[2024-11-20T00:41:09.864+0000] {logging_mixin.py:190} INFO - [2024-11-20T00:41:09.863+0000] {dag.py:4180} INFO - Setting next_dagrun for example_time_delta_sensor_async to None, run_after=None
[2024-11-20T00:41:09.887+0000] {processor.py:208} INFO - Processing /home/ubuntu/airflow_venv/lib/python3.12/site-packages/airflow/example_dags/example_time_delta_sensor_async.py took 0.066 seconds
[2024-11-20T00:42:01.065+0000] {processor.py:186} INFO - Started process (PID=4593) to work on /home/ubuntu/airflow_venv/lib/python3.12/site-packages/airflow/example_dags/example_time_delta_sensor_async.py
[2024-11-20T00:42:01.066+0000] {processor.py:914} INFO - Processing file /home/ubuntu/airflow_venv/lib/python3.12/site-packages/airflow/example_dags/example_time_delta_sensor_async.py for tasks to queue
[2024-11-20T00:42:01.068+0000] {logging_mixin.py:190} INFO - [2024-11-20T00:42:01.067+0000] {dagbag.py:588} INFO - Filling up the DagBag from /home/ubuntu/airflow_venv/lib/python3.12/site-packages/airflow/example_dags/example_time_delta_sensor_async.py
[2024-11-20T00:42:01.075+0000] {processor.py:925} INFO - DAG(s) 'example_time_delta_sensor_async' retrieved from /home/ubuntu/airflow_venv/lib/python3.12/site-packages/airflow/example_dags/example_time_delta_sensor_async.py
[2024-11-20T00:42:01.091+0000] {logging_mixin.py:190} INFO - [2024-11-20T00:42:01.090+0000] {dag.py:3239} INFO - Sync 1 DAGs
[2024-11-20T00:42:01.103+0000] {logging_mixin.py:190} INFO - [2024-11-20T00:42:01.103+0000] {dag.py:4180} INFO - Setting next_dagrun for example_time_delta_sensor_async to None, run_after=None
[2024-11-20T00:42:01.125+0000] {processor.py:208} INFO - Processing /home/ubuntu/airflow_venv/lib/python3.12/site-packages/airflow/example_dags/example_time_delta_sensor_async.py took 0.074 seconds
[2024-11-20T00:42:56.012+0000] {processor.py:186} INFO - Started process (PID=4648) to work on /home/ubuntu/airflow_venv/lib/python3.12/site-packages/airflow/example_dags/example_time_delta_sensor_async.py
[2024-11-20T00:42:56.014+0000] {processor.py:914} INFO - Processing file /home/ubuntu/airflow_venv/lib/python3.12/site-packages/airflow/example_dags/example_time_delta_sensor_async.py for tasks to queue
[2024-11-20T00:42:56.016+0000] {logging_mixin.py:190} INFO - [2024-11-20T00:42:56.014+0000] {dagbag.py:588} INFO - Filling up the DagBag from /home/ubuntu/airflow_venv/lib/python3.12/site-packages/airflow/example_dags/example_time_delta_sensor_async.py
[2024-11-20T00:42:56.022+0000] {processor.py:925} INFO - DAG(s) 'example_time_delta_sensor_async' retrieved from /home/ubuntu/airflow_venv/lib/python3.12/site-packages/airflow/example_dags/example_time_delta_sensor_async.py
[2024-11-20T00:42:56.038+0000] {logging_mixin.py:190} INFO - [2024-11-20T00:42:56.038+0000] {dag.py:3239} INFO - Sync 1 DAGs
[2024-11-20T00:42:56.051+0000] {logging_mixin.py:190} INFO - [2024-11-20T00:42:56.051+0000] {dag.py:4180} INFO - Setting next_dagrun for example_time_delta_sensor_async to None, run_after=None
[2024-11-20T00:42:56.072+0000] {processor.py:208} INFO - Processing /home/ubuntu/airflow_venv/lib/python3.12/site-packages/airflow/example_dags/example_time_delta_sensor_async.py took 0.067 seconds
[2024-11-20T00:43:51.293+0000] {processor.py:186} INFO - Started process (PID=4707) to work on /home/ubuntu/airflow_venv/lib/python3.12/site-packages/airflow/example_dags/example_time_delta_sensor_async.py
[2024-11-20T00:43:51.295+0000] {processor.py:914} INFO - Processing file /home/ubuntu/airflow_venv/lib/python3.12/site-packages/airflow/example_dags/example_time_delta_sensor_async.py for tasks to queue
[2024-11-20T00:43:51.297+0000] {logging_mixin.py:190} INFO - [2024-11-20T00:43:51.296+0000] {dagbag.py:588} INFO - Filling up the DagBag from /home/ubuntu/airflow_venv/lib/python3.12/site-packages/airflow/example_dags/example_time_delta_sensor_async.py
[2024-11-20T00:43:51.303+0000] {processor.py:925} INFO - DAG(s) 'example_time_delta_sensor_async' retrieved from /home/ubuntu/airflow_venv/lib/python3.12/site-packages/airflow/example_dags/example_time_delta_sensor_async.py
[2024-11-20T00:43:51.318+0000] {logging_mixin.py:190} INFO - [2024-11-20T00:43:51.318+0000] {dag.py:3239} INFO - Sync 1 DAGs
[2024-11-20T00:43:51.331+0000] {logging_mixin.py:190} INFO - [2024-11-20T00:43:51.331+0000] {dag.py:4180} INFO - Setting next_dagrun for example_time_delta_sensor_async to None, run_after=None
[2024-11-20T00:43:51.353+0000] {processor.py:208} INFO - Processing /home/ubuntu/airflow_venv/lib/python3.12/site-packages/airflow/example_dags/example_time_delta_sensor_async.py took 0.067 seconds
[2024-11-20T00:44:46.259+0000] {processor.py:186} INFO - Started process (PID=4762) to work on /home/ubuntu/airflow_venv/lib/python3.12/site-packages/airflow/example_dags/example_time_delta_sensor_async.py
[2024-11-20T00:44:46.261+0000] {processor.py:914} INFO - Processing file /home/ubuntu/airflow_venv/lib/python3.12/site-packages/airflow/example_dags/example_time_delta_sensor_async.py for tasks to queue
[2024-11-20T00:44:46.263+0000] {logging_mixin.py:190} INFO - [2024-11-20T00:44:46.262+0000] {dagbag.py:588} INFO - Filling up the DagBag from /home/ubuntu/airflow_venv/lib/python3.12/site-packages/airflow/example_dags/example_time_delta_sensor_async.py
[2024-11-20T00:44:46.270+0000] {processor.py:925} INFO - DAG(s) 'example_time_delta_sensor_async' retrieved from /home/ubuntu/airflow_venv/lib/python3.12/site-packages/airflow/example_dags/example_time_delta_sensor_async.py
[2024-11-20T00:44:46.284+0000] {logging_mixin.py:190} INFO - [2024-11-20T00:44:46.284+0000] {dag.py:3239} INFO - Sync 1 DAGs
[2024-11-20T00:44:46.297+0000] {logging_mixin.py:190} INFO - [2024-11-20T00:44:46.297+0000] {dag.py:4180} INFO - Setting next_dagrun for example_time_delta_sensor_async to None, run_after=None
[2024-11-20T00:44:46.319+0000] {processor.py:208} INFO - Processing /home/ubuntu/airflow_venv/lib/python3.12/site-packages/airflow/example_dags/example_time_delta_sensor_async.py took 0.067 seconds
[2024-11-20T00:45:41.539+0000] {processor.py:186} INFO - Started process (PID=4822) to work on /home/ubuntu/airflow_venv/lib/python3.12/site-packages/airflow/example_dags/example_time_delta_sensor_async.py
[2024-11-20T00:45:41.541+0000] {processor.py:914} INFO - Processing file /home/ubuntu/airflow_venv/lib/python3.12/site-packages/airflow/example_dags/example_time_delta_sensor_async.py for tasks to queue
[2024-11-20T00:45:41.543+0000] {logging_mixin.py:190} INFO - [2024-11-20T00:45:41.542+0000] {dagbag.py:588} INFO - Filling up the DagBag from /home/ubuntu/airflow_venv/lib/python3.12/site-packages/airflow/example_dags/example_time_delta_sensor_async.py
[2024-11-20T00:45:41.550+0000] {processor.py:925} INFO - DAG(s) 'example_time_delta_sensor_async' retrieved from /home/ubuntu/airflow_venv/lib/python3.12/site-packages/airflow/example_dags/example_time_delta_sensor_async.py
[2024-11-20T00:45:41.564+0000] {logging_mixin.py:190} INFO - [2024-11-20T00:45:41.564+0000] {dag.py:3239} INFO - Sync 1 DAGs
[2024-11-20T00:45:41.577+0000] {logging_mixin.py:190} INFO - [2024-11-20T00:45:41.577+0000] {dag.py:4180} INFO - Setting next_dagrun for example_time_delta_sensor_async to None, run_after=None
[2024-11-20T00:45:41.602+0000] {processor.py:208} INFO - Processing /home/ubuntu/airflow_venv/lib/python3.12/site-packages/airflow/example_dags/example_time_delta_sensor_async.py took 0.069 seconds
[2024-11-20T00:46:34.760+0000] {processor.py:186} INFO - Started process (PID=4879) to work on /home/ubuntu/airflow_venv/lib/python3.12/site-packages/airflow/example_dags/example_time_delta_sensor_async.py
[2024-11-20T00:46:34.762+0000] {processor.py:914} INFO - Processing file /home/ubuntu/airflow_venv/lib/python3.12/site-packages/airflow/example_dags/example_time_delta_sensor_async.py for tasks to queue
[2024-11-20T00:46:34.764+0000] {logging_mixin.py:190} INFO - [2024-11-20T00:46:34.763+0000] {dagbag.py:588} INFO - Filling up the DagBag from /home/ubuntu/airflow_venv/lib/python3.12/site-packages/airflow/example_dags/example_time_delta_sensor_async.py
[2024-11-20T00:46:34.771+0000] {processor.py:925} INFO - DAG(s) 'example_time_delta_sensor_async' retrieved from /home/ubuntu/airflow_venv/lib/python3.12/site-packages/airflow/example_dags/example_time_delta_sensor_async.py
[2024-11-20T00:46:34.786+0000] {logging_mixin.py:190} INFO - [2024-11-20T00:46:34.785+0000] {dag.py:3239} INFO - Sync 1 DAGs
[2024-11-20T00:46:34.797+0000] {logging_mixin.py:190} INFO - [2024-11-20T00:46:34.797+0000] {dag.py:4180} INFO - Setting next_dagrun for example_time_delta_sensor_async to None, run_after=None
[2024-11-20T00:46:34.821+0000] {processor.py:208} INFO - Processing /home/ubuntu/airflow_venv/lib/python3.12/site-packages/airflow/example_dags/example_time_delta_sensor_async.py took 0.067 seconds
[2024-11-20T00:47:27.501+0000] {processor.py:186} INFO - Started process (PID=4933) to work on /home/ubuntu/airflow_venv/lib/python3.12/site-packages/airflow/example_dags/example_time_delta_sensor_async.py
[2024-11-20T00:47:27.502+0000] {processor.py:914} INFO - Processing file /home/ubuntu/airflow_venv/lib/python3.12/site-packages/airflow/example_dags/example_time_delta_sensor_async.py for tasks to queue
[2024-11-20T00:47:27.504+0000] {logging_mixin.py:190} INFO - [2024-11-20T00:47:27.504+0000] {dagbag.py:588} INFO - Filling up the DagBag from /home/ubuntu/airflow_venv/lib/python3.12/site-packages/airflow/example_dags/example_time_delta_sensor_async.py
[2024-11-20T00:47:27.511+0000] {processor.py:925} INFO - DAG(s) 'example_time_delta_sensor_async' retrieved from /home/ubuntu/airflow_venv/lib/python3.12/site-packages/airflow/example_dags/example_time_delta_sensor_async.py
[2024-11-20T00:47:27.526+0000] {logging_mixin.py:190} INFO - [2024-11-20T00:47:27.526+0000] {dag.py:3239} INFO - Sync 1 DAGs
[2024-11-20T00:47:27.538+0000] {logging_mixin.py:190} INFO - [2024-11-20T00:47:27.538+0000] {dag.py:4180} INFO - Setting next_dagrun for example_time_delta_sensor_async to None, run_after=None
[2024-11-20T00:47:27.560+0000] {processor.py:208} INFO - Processing /home/ubuntu/airflow_venv/lib/python3.12/site-packages/airflow/example_dags/example_time_delta_sensor_async.py took 0.065 seconds
[2024-11-20T00:48:20.016+0000] {processor.py:186} INFO - Started process (PID=4987) to work on /home/ubuntu/airflow_venv/lib/python3.12/site-packages/airflow/example_dags/example_time_delta_sensor_async.py
[2024-11-20T00:48:20.018+0000] {processor.py:914} INFO - Processing file /home/ubuntu/airflow_venv/lib/python3.12/site-packages/airflow/example_dags/example_time_delta_sensor_async.py for tasks to queue
[2024-11-20T00:48:20.019+0000] {logging_mixin.py:190} INFO - [2024-11-20T00:48:20.019+0000] {dagbag.py:588} INFO - Filling up the DagBag from /home/ubuntu/airflow_venv/lib/python3.12/site-packages/airflow/example_dags/example_time_delta_sensor_async.py
[2024-11-20T00:48:20.027+0000] {processor.py:925} INFO - DAG(s) 'example_time_delta_sensor_async' retrieved from /home/ubuntu/airflow_venv/lib/python3.12/site-packages/airflow/example_dags/example_time_delta_sensor_async.py
[2024-11-20T00:48:20.042+0000] {logging_mixin.py:190} INFO - [2024-11-20T00:48:20.041+0000] {dag.py:3239} INFO - Sync 1 DAGs
[2024-11-20T00:48:20.055+0000] {logging_mixin.py:190} INFO - [2024-11-20T00:48:20.054+0000] {dag.py:4180} INFO - Setting next_dagrun for example_time_delta_sensor_async to None, run_after=None
[2024-11-20T00:48:20.077+0000] {processor.py:208} INFO - Processing /home/ubuntu/airflow_venv/lib/python3.12/site-packages/airflow/example_dags/example_time_delta_sensor_async.py took 0.068 seconds
[2024-11-20T00:49:14.306+0000] {processor.py:186} INFO - Started process (PID=5044) to work on /home/ubuntu/airflow_venv/lib/python3.12/site-packages/airflow/example_dags/example_time_delta_sensor_async.py
[2024-11-20T00:49:14.308+0000] {processor.py:914} INFO - Processing file /home/ubuntu/airflow_venv/lib/python3.12/site-packages/airflow/example_dags/example_time_delta_sensor_async.py for tasks to queue
[2024-11-20T00:49:14.309+0000] {logging_mixin.py:190} INFO - [2024-11-20T00:49:14.309+0000] {dagbag.py:588} INFO - Filling up the DagBag from /home/ubuntu/airflow_venv/lib/python3.12/site-packages/airflow/example_dags/example_time_delta_sensor_async.py
[2024-11-20T00:49:14.316+0000] {processor.py:925} INFO - DAG(s) 'example_time_delta_sensor_async' retrieved from /home/ubuntu/airflow_venv/lib/python3.12/site-packages/airflow/example_dags/example_time_delta_sensor_async.py
[2024-11-20T00:49:14.331+0000] {logging_mixin.py:190} INFO - [2024-11-20T00:49:14.331+0000] {dag.py:3239} INFO - Sync 1 DAGs
[2024-11-20T00:49:14.343+0000] {logging_mixin.py:190} INFO - [2024-11-20T00:49:14.343+0000] {dag.py:4180} INFO - Setting next_dagrun for example_time_delta_sensor_async to None, run_after=None
[2024-11-20T00:49:14.367+0000] {processor.py:208} INFO - Processing /home/ubuntu/airflow_venv/lib/python3.12/site-packages/airflow/example_dags/example_time_delta_sensor_async.py took 0.067 seconds
[2024-11-20T00:50:08.431+0000] {processor.py:186} INFO - Started process (PID=5100) to work on /home/ubuntu/airflow_venv/lib/python3.12/site-packages/airflow/example_dags/example_time_delta_sensor_async.py
[2024-11-20T00:50:08.432+0000] {processor.py:914} INFO - Processing file /home/ubuntu/airflow_venv/lib/python3.12/site-packages/airflow/example_dags/example_time_delta_sensor_async.py for tasks to queue
[2024-11-20T00:50:08.434+0000] {logging_mixin.py:190} INFO - [2024-11-20T00:50:08.434+0000] {dagbag.py:588} INFO - Filling up the DagBag from /home/ubuntu/airflow_venv/lib/python3.12/site-packages/airflow/example_dags/example_time_delta_sensor_async.py
[2024-11-20T00:50:08.441+0000] {processor.py:925} INFO - DAG(s) 'example_time_delta_sensor_async' retrieved from /home/ubuntu/airflow_venv/lib/python3.12/site-packages/airflow/example_dags/example_time_delta_sensor_async.py
[2024-11-20T00:50:08.455+0000] {logging_mixin.py:190} INFO - [2024-11-20T00:50:08.455+0000] {dag.py:3239} INFO - Sync 1 DAGs
[2024-11-20T00:50:08.467+0000] {logging_mixin.py:190} INFO - [2024-11-20T00:50:08.467+0000] {dag.py:4180} INFO - Setting next_dagrun for example_time_delta_sensor_async to None, run_after=None
[2024-11-20T00:50:08.490+0000] {processor.py:208} INFO - Processing /home/ubuntu/airflow_venv/lib/python3.12/site-packages/airflow/example_dags/example_time_delta_sensor_async.py took 0.066 seconds
[2024-11-20T00:51:02.220+0000] {processor.py:186} INFO - Started process (PID=5158) to work on /home/ubuntu/airflow_venv/lib/python3.12/site-packages/airflow/example_dags/example_time_delta_sensor_async.py
[2024-11-20T00:51:02.222+0000] {processor.py:914} INFO - Processing file /home/ubuntu/airflow_venv/lib/python3.12/site-packages/airflow/example_dags/example_time_delta_sensor_async.py for tasks to queue
[2024-11-20T00:51:02.223+0000] {logging_mixin.py:190} INFO - [2024-11-20T00:51:02.223+0000] {dagbag.py:588} INFO - Filling up the DagBag from /home/ubuntu/airflow_venv/lib/python3.12/site-packages/airflow/example_dags/example_time_delta_sensor_async.py
[2024-11-20T00:51:02.231+0000] {processor.py:925} INFO - DAG(s) 'example_time_delta_sensor_async' retrieved from /home/ubuntu/airflow_venv/lib/python3.12/site-packages/airflow/example_dags/example_time_delta_sensor_async.py
[2024-11-20T00:51:02.246+0000] {logging_mixin.py:190} INFO - [2024-11-20T00:51:02.246+0000] {dag.py:3239} INFO - Sync 1 DAGs
[2024-11-20T00:51:02.260+0000] {logging_mixin.py:190} INFO - [2024-11-20T00:51:02.259+0000] {dag.py:4180} INFO - Setting next_dagrun for example_time_delta_sensor_async to None, run_after=None
[2024-11-20T00:51:02.295+0000] {processor.py:208} INFO - Processing /home/ubuntu/airflow_venv/lib/python3.12/site-packages/airflow/example_dags/example_time_delta_sensor_async.py took 0.082 seconds
[2024-11-20T00:51:59.758+0000] {processor.py:186} INFO - Started process (PID=5217) to work on /home/ubuntu/airflow_venv/lib/python3.12/site-packages/airflow/example_dags/example_time_delta_sensor_async.py
[2024-11-20T00:51:59.759+0000] {processor.py:914} INFO - Processing file /home/ubuntu/airflow_venv/lib/python3.12/site-packages/airflow/example_dags/example_time_delta_sensor_async.py for tasks to queue
[2024-11-20T00:51:59.762+0000] {logging_mixin.py:190} INFO - [2024-11-20T00:51:59.761+0000] {dagbag.py:588} INFO - Filling up the DagBag from /home/ubuntu/airflow_venv/lib/python3.12/site-packages/airflow/example_dags/example_time_delta_sensor_async.py
[2024-11-20T00:51:59.769+0000] {processor.py:925} INFO - DAG(s) 'example_time_delta_sensor_async' retrieved from /home/ubuntu/airflow_venv/lib/python3.12/site-packages/airflow/example_dags/example_time_delta_sensor_async.py
[2024-11-20T00:51:59.784+0000] {logging_mixin.py:190} INFO - [2024-11-20T00:51:59.783+0000] {dag.py:3239} INFO - Sync 1 DAGs
[2024-11-20T00:51:59.796+0000] {logging_mixin.py:190} INFO - [2024-11-20T00:51:59.796+0000] {dag.py:4180} INFO - Setting next_dagrun for example_time_delta_sensor_async to None, run_after=None
[2024-11-20T00:51:59.818+0000] {processor.py:208} INFO - Processing /home/ubuntu/airflow_venv/lib/python3.12/site-packages/airflow/example_dags/example_time_delta_sensor_async.py took 0.067 seconds
[2024-11-20T00:52:55.164+0000] {processor.py:186} INFO - Started process (PID=5273) to work on /home/ubuntu/airflow_venv/lib/python3.12/site-packages/airflow/example_dags/example_time_delta_sensor_async.py
[2024-11-20T00:52:55.166+0000] {processor.py:914} INFO - Processing file /home/ubuntu/airflow_venv/lib/python3.12/site-packages/airflow/example_dags/example_time_delta_sensor_async.py for tasks to queue
[2024-11-20T00:52:55.168+0000] {logging_mixin.py:190} INFO - [2024-11-20T00:52:55.167+0000] {dagbag.py:588} INFO - Filling up the DagBag from /home/ubuntu/airflow_venv/lib/python3.12/site-packages/airflow/example_dags/example_time_delta_sensor_async.py
[2024-11-20T00:52:55.175+0000] {processor.py:925} INFO - DAG(s) 'example_time_delta_sensor_async' retrieved from /home/ubuntu/airflow_venv/lib/python3.12/site-packages/airflow/example_dags/example_time_delta_sensor_async.py
[2024-11-20T00:52:55.189+0000] {logging_mixin.py:190} INFO - [2024-11-20T00:52:55.189+0000] {dag.py:3239} INFO - Sync 1 DAGs
[2024-11-20T00:52:55.201+0000] {logging_mixin.py:190} INFO - [2024-11-20T00:52:55.201+0000] {dag.py:4180} INFO - Setting next_dagrun for example_time_delta_sensor_async to None, run_after=None
[2024-11-20T00:52:55.222+0000] {processor.py:208} INFO - Processing /home/ubuntu/airflow_venv/lib/python3.12/site-packages/airflow/example_dags/example_time_delta_sensor_async.py took 0.065 seconds
[2024-11-20T00:53:52.126+0000] {processor.py:186} INFO - Started process (PID=5331) to work on /home/ubuntu/airflow_venv/lib/python3.12/site-packages/airflow/example_dags/example_time_delta_sensor_async.py
[2024-11-20T00:53:52.129+0000] {processor.py:914} INFO - Processing file /home/ubuntu/airflow_venv/lib/python3.12/site-packages/airflow/example_dags/example_time_delta_sensor_async.py for tasks to queue
[2024-11-20T00:53:52.130+0000] {logging_mixin.py:190} INFO - [2024-11-20T00:53:52.130+0000] {dagbag.py:588} INFO - Filling up the DagBag from /home/ubuntu/airflow_venv/lib/python3.12/site-packages/airflow/example_dags/example_time_delta_sensor_async.py
[2024-11-20T00:53:52.137+0000] {processor.py:925} INFO - DAG(s) 'example_time_delta_sensor_async' retrieved from /home/ubuntu/airflow_venv/lib/python3.12/site-packages/airflow/example_dags/example_time_delta_sensor_async.py
[2024-11-20T00:53:52.152+0000] {logging_mixin.py:190} INFO - [2024-11-20T00:53:52.152+0000] {dag.py:3239} INFO - Sync 1 DAGs
[2024-11-20T00:53:52.164+0000] {logging_mixin.py:190} INFO - [2024-11-20T00:53:52.164+0000] {dag.py:4180} INFO - Setting next_dagrun for example_time_delta_sensor_async to None, run_after=None
[2024-11-20T00:53:52.187+0000] {processor.py:208} INFO - Processing /home/ubuntu/airflow_venv/lib/python3.12/site-packages/airflow/example_dags/example_time_delta_sensor_async.py took 0.067 seconds
[2024-11-20T00:54:43.320+0000] {processor.py:186} INFO - Started process (PID=5398) to work on /home/ubuntu/airflow_venv/lib/python3.12/site-packages/airflow/example_dags/example_time_delta_sensor_async.py
[2024-11-20T00:54:43.321+0000] {processor.py:914} INFO - Processing file /home/ubuntu/airflow_venv/lib/python3.12/site-packages/airflow/example_dags/example_time_delta_sensor_async.py for tasks to queue
[2024-11-20T00:54:43.324+0000] {logging_mixin.py:190} INFO - [2024-11-20T00:54:43.322+0000] {dagbag.py:588} INFO - Filling up the DagBag from /home/ubuntu/airflow_venv/lib/python3.12/site-packages/airflow/example_dags/example_time_delta_sensor_async.py
[2024-11-20T00:54:43.330+0000] {processor.py:925} INFO - DAG(s) 'example_time_delta_sensor_async' retrieved from /home/ubuntu/airflow_venv/lib/python3.12/site-packages/airflow/example_dags/example_time_delta_sensor_async.py
[2024-11-20T00:54:43.346+0000] {logging_mixin.py:190} INFO - [2024-11-20T00:54:43.345+0000] {dag.py:3239} INFO - Sync 1 DAGs
[2024-11-20T00:54:43.357+0000] {logging_mixin.py:190} INFO - [2024-11-20T00:54:43.357+0000] {dag.py:4180} INFO - Setting next_dagrun for example_time_delta_sensor_async to None, run_after=None
[2024-11-20T00:54:43.377+0000] {processor.py:208} INFO - Processing /home/ubuntu/airflow_venv/lib/python3.12/site-packages/airflow/example_dags/example_time_delta_sensor_async.py took 0.064 seconds
[2024-11-20T00:55:36.167+0000] {processor.py:186} INFO - Started process (PID=5457) to work on /home/ubuntu/airflow_venv/lib/python3.12/site-packages/airflow/example_dags/example_time_delta_sensor_async.py
[2024-11-20T00:55:36.169+0000] {processor.py:914} INFO - Processing file /home/ubuntu/airflow_venv/lib/python3.12/site-packages/airflow/example_dags/example_time_delta_sensor_async.py for tasks to queue
[2024-11-20T00:55:36.170+0000] {logging_mixin.py:190} INFO - [2024-11-20T00:55:36.169+0000] {dagbag.py:588} INFO - Filling up the DagBag from /home/ubuntu/airflow_venv/lib/python3.12/site-packages/airflow/example_dags/example_time_delta_sensor_async.py
[2024-11-20T00:55:36.177+0000] {processor.py:925} INFO - DAG(s) 'example_time_delta_sensor_async' retrieved from /home/ubuntu/airflow_venv/lib/python3.12/site-packages/airflow/example_dags/example_time_delta_sensor_async.py
[2024-11-20T00:55:36.191+0000] {logging_mixin.py:190} INFO - [2024-11-20T00:55:36.191+0000] {dag.py:3239} INFO - Sync 1 DAGs
[2024-11-20T00:55:36.203+0000] {logging_mixin.py:190} INFO - [2024-11-20T00:55:36.203+0000] {dag.py:4180} INFO - Setting next_dagrun for example_time_delta_sensor_async to None, run_after=None
[2024-11-20T00:55:36.224+0000] {processor.py:208} INFO - Processing /home/ubuntu/airflow_venv/lib/python3.12/site-packages/airflow/example_dags/example_time_delta_sensor_async.py took 0.064 seconds
[2024-11-20T00:56:29.006+0000] {processor.py:186} INFO - Started process (PID=5512) to work on /home/ubuntu/airflow_venv/lib/python3.12/site-packages/airflow/example_dags/example_time_delta_sensor_async.py
[2024-11-20T00:56:29.007+0000] {processor.py:914} INFO - Processing file /home/ubuntu/airflow_venv/lib/python3.12/site-packages/airflow/example_dags/example_time_delta_sensor_async.py for tasks to queue
[2024-11-20T00:56:29.010+0000] {logging_mixin.py:190} INFO - [2024-11-20T00:56:29.008+0000] {dagbag.py:588} INFO - Filling up the DagBag from /home/ubuntu/airflow_venv/lib/python3.12/site-packages/airflow/example_dags/example_time_delta_sensor_async.py
[2024-11-20T00:56:29.017+0000] {processor.py:925} INFO - DAG(s) 'example_time_delta_sensor_async' retrieved from /home/ubuntu/airflow_venv/lib/python3.12/site-packages/airflow/example_dags/example_time_delta_sensor_async.py
[2024-11-20T00:56:29.032+0000] {logging_mixin.py:190} INFO - [2024-11-20T00:56:29.032+0000] {dag.py:3239} INFO - Sync 1 DAGs
[2024-11-20T00:56:29.044+0000] {logging_mixin.py:190} INFO - [2024-11-20T00:56:29.044+0000] {dag.py:4180} INFO - Setting next_dagrun for example_time_delta_sensor_async to None, run_after=None
[2024-11-20T00:56:29.066+0000] {processor.py:208} INFO - Processing /home/ubuntu/airflow_venv/lib/python3.12/site-packages/airflow/example_dags/example_time_delta_sensor_async.py took 0.066 seconds
[2024-11-20T00:57:21.782+0000] {processor.py:186} INFO - Started process (PID=5569) to work on /home/ubuntu/airflow_venv/lib/python3.12/site-packages/airflow/example_dags/example_time_delta_sensor_async.py
[2024-11-20T00:57:21.784+0000] {processor.py:914} INFO - Processing file /home/ubuntu/airflow_venv/lib/python3.12/site-packages/airflow/example_dags/example_time_delta_sensor_async.py for tasks to queue
[2024-11-20T00:57:21.785+0000] {logging_mixin.py:190} INFO - [2024-11-20T00:57:21.784+0000] {dagbag.py:588} INFO - Filling up the DagBag from /home/ubuntu/airflow_venv/lib/python3.12/site-packages/airflow/example_dags/example_time_delta_sensor_async.py
[2024-11-20T00:57:21.792+0000] {processor.py:925} INFO - DAG(s) 'example_time_delta_sensor_async' retrieved from /home/ubuntu/airflow_venv/lib/python3.12/site-packages/airflow/example_dags/example_time_delta_sensor_async.py
[2024-11-20T00:57:21.807+0000] {logging_mixin.py:190} INFO - [2024-11-20T00:57:21.807+0000] {dag.py:3239} INFO - Sync 1 DAGs
[2024-11-20T00:57:21.821+0000] {logging_mixin.py:190} INFO - [2024-11-20T00:57:21.820+0000] {dag.py:4180} INFO - Setting next_dagrun for example_time_delta_sensor_async to None, run_after=None
[2024-11-20T00:57:21.842+0000] {processor.py:208} INFO - Processing /home/ubuntu/airflow_venv/lib/python3.12/site-packages/airflow/example_dags/example_time_delta_sensor_async.py took 0.067 seconds
[2024-11-20T00:58:14.963+0000] {processor.py:186} INFO - Started process (PID=5624) to work on /home/ubuntu/airflow_venv/lib/python3.12/site-packages/airflow/example_dags/example_time_delta_sensor_async.py
[2024-11-20T00:58:14.964+0000] {processor.py:914} INFO - Processing file /home/ubuntu/airflow_venv/lib/python3.12/site-packages/airflow/example_dags/example_time_delta_sensor_async.py for tasks to queue
[2024-11-20T00:58:14.965+0000] {logging_mixin.py:190} INFO - [2024-11-20T00:58:14.965+0000] {dagbag.py:588} INFO - Filling up the DagBag from /home/ubuntu/airflow_venv/lib/python3.12/site-packages/airflow/example_dags/example_time_delta_sensor_async.py
[2024-11-20T00:58:14.972+0000] {processor.py:925} INFO - DAG(s) 'example_time_delta_sensor_async' retrieved from /home/ubuntu/airflow_venv/lib/python3.12/site-packages/airflow/example_dags/example_time_delta_sensor_async.py
[2024-11-20T00:58:14.986+0000] {logging_mixin.py:190} INFO - [2024-11-20T00:58:14.986+0000] {dag.py:3239} INFO - Sync 1 DAGs
[2024-11-20T00:58:14.998+0000] {logging_mixin.py:190} INFO - [2024-11-20T00:58:14.998+0000] {dag.py:4180} INFO - Setting next_dagrun for example_time_delta_sensor_async to None, run_after=None
[2024-11-20T00:58:15.020+0000] {processor.py:208} INFO - Processing /home/ubuntu/airflow_venv/lib/python3.12/site-packages/airflow/example_dags/example_time_delta_sensor_async.py took 0.064 seconds
[2024-11-20T00:59:07.325+0000] {processor.py:186} INFO - Started process (PID=5683) to work on /home/ubuntu/airflow_venv/lib/python3.12/site-packages/airflow/example_dags/example_time_delta_sensor_async.py
[2024-11-20T00:59:07.327+0000] {processor.py:914} INFO - Processing file /home/ubuntu/airflow_venv/lib/python3.12/site-packages/airflow/example_dags/example_time_delta_sensor_async.py for tasks to queue
[2024-11-20T00:59:07.329+0000] {logging_mixin.py:190} INFO - [2024-11-20T00:59:07.327+0000] {dagbag.py:588} INFO - Filling up the DagBag from /home/ubuntu/airflow_venv/lib/python3.12/site-packages/airflow/example_dags/example_time_delta_sensor_async.py
[2024-11-20T00:59:07.336+0000] {processor.py:925} INFO - DAG(s) 'example_time_delta_sensor_async' retrieved from /home/ubuntu/airflow_venv/lib/python3.12/site-packages/airflow/example_dags/example_time_delta_sensor_async.py
[2024-11-20T00:59:07.351+0000] {logging_mixin.py:190} INFO - [2024-11-20T00:59:07.351+0000] {dag.py:3239} INFO - Sync 1 DAGs
[2024-11-20T00:59:07.363+0000] {logging_mixin.py:190} INFO - [2024-11-20T00:59:07.362+0000] {dag.py:4180} INFO - Setting next_dagrun for example_time_delta_sensor_async to None, run_after=None
[2024-11-20T00:59:07.385+0000] {processor.py:208} INFO - Processing /home/ubuntu/airflow_venv/lib/python3.12/site-packages/airflow/example_dags/example_time_delta_sensor_async.py took 0.067 seconds
[2024-11-20T01:00:03.556+0000] {processor.py:186} INFO - Started process (PID=5739) to work on /home/ubuntu/airflow_venv/lib/python3.12/site-packages/airflow/example_dags/example_time_delta_sensor_async.py
[2024-11-20T01:00:03.558+0000] {processor.py:914} INFO - Processing file /home/ubuntu/airflow_venv/lib/python3.12/site-packages/airflow/example_dags/example_time_delta_sensor_async.py for tasks to queue
[2024-11-20T01:00:03.559+0000] {logging_mixin.py:190} INFO - [2024-11-20T01:00:03.558+0000] {dagbag.py:588} INFO - Filling up the DagBag from /home/ubuntu/airflow_venv/lib/python3.12/site-packages/airflow/example_dags/example_time_delta_sensor_async.py
[2024-11-20T01:00:03.566+0000] {processor.py:925} INFO - DAG(s) 'example_time_delta_sensor_async' retrieved from /home/ubuntu/airflow_venv/lib/python3.12/site-packages/airflow/example_dags/example_time_delta_sensor_async.py
[2024-11-20T01:00:03.582+0000] {logging_mixin.py:190} INFO - [2024-11-20T01:00:03.582+0000] {dag.py:3239} INFO - Sync 1 DAGs
[2024-11-20T01:00:03.596+0000] {logging_mixin.py:190} INFO - [2024-11-20T01:00:03.596+0000] {dag.py:4180} INFO - Setting next_dagrun for example_time_delta_sensor_async to None, run_after=None
[2024-11-20T01:00:03.619+0000] {processor.py:208} INFO - Processing /home/ubuntu/airflow_venv/lib/python3.12/site-packages/airflow/example_dags/example_time_delta_sensor_async.py took 0.070 seconds
[2024-11-20T01:00:57.470+0000] {processor.py:186} INFO - Started process (PID=5798) to work on /home/ubuntu/airflow_venv/lib/python3.12/site-packages/airflow/example_dags/example_time_delta_sensor_async.py
[2024-11-20T01:00:57.472+0000] {processor.py:914} INFO - Processing file /home/ubuntu/airflow_venv/lib/python3.12/site-packages/airflow/example_dags/example_time_delta_sensor_async.py for tasks to queue
[2024-11-20T01:00:57.473+0000] {logging_mixin.py:190} INFO - [2024-11-20T01:00:57.472+0000] {dagbag.py:588} INFO - Filling up the DagBag from /home/ubuntu/airflow_venv/lib/python3.12/site-packages/airflow/example_dags/example_time_delta_sensor_async.py
[2024-11-20T01:00:57.480+0000] {processor.py:925} INFO - DAG(s) 'example_time_delta_sensor_async' retrieved from /home/ubuntu/airflow_venv/lib/python3.12/site-packages/airflow/example_dags/example_time_delta_sensor_async.py
[2024-11-20T01:00:57.495+0000] {logging_mixin.py:190} INFO - [2024-11-20T01:00:57.495+0000] {dag.py:3239} INFO - Sync 1 DAGs
[2024-11-20T01:00:57.507+0000] {logging_mixin.py:190} INFO - [2024-11-20T01:00:57.506+0000] {dag.py:4180} INFO - Setting next_dagrun for example_time_delta_sensor_async to None, run_after=None
[2024-11-20T01:00:57.529+0000] {processor.py:208} INFO - Processing /home/ubuntu/airflow_venv/lib/python3.12/site-packages/airflow/example_dags/example_time_delta_sensor_async.py took 0.066 seconds
[2024-11-20T01:02:09.063+0000] {processor.py:186} INFO - Started process (PID=5878) to work on /home/ubuntu/airflow_venv/lib/python3.12/site-packages/airflow/example_dags/example_time_delta_sensor_async.py
[2024-11-20T01:02:09.064+0000] {processor.py:914} INFO - Processing file /home/ubuntu/airflow_venv/lib/python3.12/site-packages/airflow/example_dags/example_time_delta_sensor_async.py for tasks to queue
[2024-11-20T01:02:09.067+0000] {logging_mixin.py:190} INFO - [2024-11-20T01:02:09.065+0000] {dagbag.py:588} INFO - Filling up the DagBag from /home/ubuntu/airflow_venv/lib/python3.12/site-packages/airflow/example_dags/example_time_delta_sensor_async.py
[2024-11-20T01:02:09.073+0000] {processor.py:925} INFO - DAG(s) 'example_time_delta_sensor_async' retrieved from /home/ubuntu/airflow_venv/lib/python3.12/site-packages/airflow/example_dags/example_time_delta_sensor_async.py
[2024-11-20T01:02:09.090+0000] {logging_mixin.py:190} INFO - [2024-11-20T01:02:09.090+0000] {dag.py:3239} INFO - Sync 1 DAGs
[2024-11-20T01:02:09.102+0000] {logging_mixin.py:190} INFO - [2024-11-20T01:02:09.102+0000] {dag.py:4180} INFO - Setting next_dagrun for example_time_delta_sensor_async to None, run_after=None
[2024-11-20T01:02:09.124+0000] {processor.py:208} INFO - Processing /home/ubuntu/airflow_venv/lib/python3.12/site-packages/airflow/example_dags/example_time_delta_sensor_async.py took 0.067 seconds
[2024-11-20T01:03:05.858+0000] {processor.py:186} INFO - Started process (PID=5936) to work on /home/ubuntu/airflow_venv/lib/python3.12/site-packages/airflow/example_dags/example_time_delta_sensor_async.py
[2024-11-20T01:03:05.860+0000] {processor.py:914} INFO - Processing file /home/ubuntu/airflow_venv/lib/python3.12/site-packages/airflow/example_dags/example_time_delta_sensor_async.py for tasks to queue
[2024-11-20T01:03:05.861+0000] {logging_mixin.py:190} INFO - [2024-11-20T01:03:05.861+0000] {dagbag.py:588} INFO - Filling up the DagBag from /home/ubuntu/airflow_venv/lib/python3.12/site-packages/airflow/example_dags/example_time_delta_sensor_async.py
[2024-11-20T01:03:05.868+0000] {processor.py:925} INFO - DAG(s) 'example_time_delta_sensor_async' retrieved from /home/ubuntu/airflow_venv/lib/python3.12/site-packages/airflow/example_dags/example_time_delta_sensor_async.py
[2024-11-20T01:03:05.882+0000] {logging_mixin.py:190} INFO - [2024-11-20T01:03:05.882+0000] {dag.py:3239} INFO - Sync 1 DAGs
[2024-11-20T01:03:05.895+0000] {logging_mixin.py:190} INFO - [2024-11-20T01:03:05.895+0000] {dag.py:4180} INFO - Setting next_dagrun for example_time_delta_sensor_async to None, run_after=None
[2024-11-20T01:03:05.917+0000] {processor.py:208} INFO - Processing /home/ubuntu/airflow_venv/lib/python3.12/site-packages/airflow/example_dags/example_time_delta_sensor_async.py took 0.065 seconds
[2024-11-20T01:04:01.387+0000] {processor.py:186} INFO - Started process (PID=5993) to work on /home/ubuntu/airflow_venv/lib/python3.12/site-packages/airflow/example_dags/example_time_delta_sensor_async.py
[2024-11-20T01:04:01.388+0000] {processor.py:914} INFO - Processing file /home/ubuntu/airflow_venv/lib/python3.12/site-packages/airflow/example_dags/example_time_delta_sensor_async.py for tasks to queue
[2024-11-20T01:04:01.391+0000] {logging_mixin.py:190} INFO - [2024-11-20T01:04:01.390+0000] {dagbag.py:588} INFO - Filling up the DagBag from /home/ubuntu/airflow_venv/lib/python3.12/site-packages/airflow/example_dags/example_time_delta_sensor_async.py
[2024-11-20T01:04:01.397+0000] {processor.py:925} INFO - DAG(s) 'example_time_delta_sensor_async' retrieved from /home/ubuntu/airflow_venv/lib/python3.12/site-packages/airflow/example_dags/example_time_delta_sensor_async.py
[2024-11-20T01:04:01.414+0000] {logging_mixin.py:190} INFO - [2024-11-20T01:04:01.414+0000] {dag.py:3239} INFO - Sync 1 DAGs
[2024-11-20T01:04:01.427+0000] {logging_mixin.py:190} INFO - [2024-11-20T01:04:01.426+0000] {dag.py:4180} INFO - Setting next_dagrun for example_time_delta_sensor_async to None, run_after=None
[2024-11-20T01:04:01.450+0000] {processor.py:208} INFO - Processing /home/ubuntu/airflow_venv/lib/python3.12/site-packages/airflow/example_dags/example_time_delta_sensor_async.py took 0.070 seconds
[2024-11-20T01:04:57.641+0000] {processor.py:186} INFO - Started process (PID=6049) to work on /home/ubuntu/airflow_venv/lib/python3.12/site-packages/airflow/example_dags/example_time_delta_sensor_async.py
[2024-11-20T01:04:57.642+0000] {processor.py:914} INFO - Processing file /home/ubuntu/airflow_venv/lib/python3.12/site-packages/airflow/example_dags/example_time_delta_sensor_async.py for tasks to queue
[2024-11-20T01:04:57.645+0000] {logging_mixin.py:190} INFO - [2024-11-20T01:04:57.644+0000] {dagbag.py:588} INFO - Filling up the DagBag from /home/ubuntu/airflow_venv/lib/python3.12/site-packages/airflow/example_dags/example_time_delta_sensor_async.py
[2024-11-20T01:04:57.653+0000] {processor.py:925} INFO - DAG(s) 'example_time_delta_sensor_async' retrieved from /home/ubuntu/airflow_venv/lib/python3.12/site-packages/airflow/example_dags/example_time_delta_sensor_async.py
[2024-11-20T01:04:57.667+0000] {logging_mixin.py:190} INFO - [2024-11-20T01:04:57.667+0000] {dag.py:3239} INFO - Sync 1 DAGs
[2024-11-20T01:04:57.680+0000] {logging_mixin.py:190} INFO - [2024-11-20T01:04:57.679+0000] {dag.py:4180} INFO - Setting next_dagrun for example_time_delta_sensor_async to None, run_after=None
[2024-11-20T01:04:57.703+0000] {processor.py:208} INFO - Processing /home/ubuntu/airflow_venv/lib/python3.12/site-packages/airflow/example_dags/example_time_delta_sensor_async.py took 0.069 seconds
[2024-11-20T01:05:53.938+0000] {processor.py:186} INFO - Started process (PID=6111) to work on /home/ubuntu/airflow_venv/lib/python3.12/site-packages/airflow/example_dags/example_time_delta_sensor_async.py
[2024-11-20T01:05:53.940+0000] {processor.py:914} INFO - Processing file /home/ubuntu/airflow_venv/lib/python3.12/site-packages/airflow/example_dags/example_time_delta_sensor_async.py for tasks to queue
[2024-11-20T01:05:53.942+0000] {logging_mixin.py:190} INFO - [2024-11-20T01:05:53.942+0000] {dagbag.py:588} INFO - Filling up the DagBag from /home/ubuntu/airflow_venv/lib/python3.12/site-packages/airflow/example_dags/example_time_delta_sensor_async.py
[2024-11-20T01:05:53.949+0000] {processor.py:925} INFO - DAG(s) 'example_time_delta_sensor_async' retrieved from /home/ubuntu/airflow_venv/lib/python3.12/site-packages/airflow/example_dags/example_time_delta_sensor_async.py
[2024-11-20T01:05:53.962+0000] {logging_mixin.py:190} INFO - [2024-11-20T01:05:53.962+0000] {dag.py:3239} INFO - Sync 1 DAGs
[2024-11-20T01:05:53.975+0000] {logging_mixin.py:190} INFO - [2024-11-20T01:05:53.975+0000] {dag.py:4180} INFO - Setting next_dagrun for example_time_delta_sensor_async to None, run_after=None
[2024-11-20T01:05:53.997+0000] {processor.py:208} INFO - Processing /home/ubuntu/airflow_venv/lib/python3.12/site-packages/airflow/example_dags/example_time_delta_sensor_async.py took 0.065 seconds
[2024-11-20T01:06:46.269+0000] {processor.py:186} INFO - Started process (PID=6165) to work on /home/ubuntu/airflow_venv/lib/python3.12/site-packages/airflow/example_dags/example_time_delta_sensor_async.py
[2024-11-20T01:06:46.271+0000] {processor.py:914} INFO - Processing file /home/ubuntu/airflow_venv/lib/python3.12/site-packages/airflow/example_dags/example_time_delta_sensor_async.py for tasks to queue
[2024-11-20T01:06:46.273+0000] {logging_mixin.py:190} INFO - [2024-11-20T01:06:46.272+0000] {dagbag.py:588} INFO - Filling up the DagBag from /home/ubuntu/airflow_venv/lib/python3.12/site-packages/airflow/example_dags/example_time_delta_sensor_async.py
[2024-11-20T01:06:46.280+0000] {processor.py:925} INFO - DAG(s) 'example_time_delta_sensor_async' retrieved from /home/ubuntu/airflow_venv/lib/python3.12/site-packages/airflow/example_dags/example_time_delta_sensor_async.py
[2024-11-20T01:06:46.294+0000] {logging_mixin.py:190} INFO - [2024-11-20T01:06:46.293+0000] {dag.py:3239} INFO - Sync 1 DAGs
[2024-11-20T01:06:46.305+0000] {logging_mixin.py:190} INFO - [2024-11-20T01:06:46.305+0000] {dag.py:4180} INFO - Setting next_dagrun for example_time_delta_sensor_async to None, run_after=None
[2024-11-20T01:06:46.327+0000] {processor.py:208} INFO - Processing /home/ubuntu/airflow_venv/lib/python3.12/site-packages/airflow/example_dags/example_time_delta_sensor_async.py took 0.064 seconds
[2024-11-20T01:07:38.328+0000] {processor.py:186} INFO - Started process (PID=6220) to work on /home/ubuntu/airflow_venv/lib/python3.12/site-packages/airflow/example_dags/example_time_delta_sensor_async.py
[2024-11-20T01:07:38.330+0000] {processor.py:914} INFO - Processing file /home/ubuntu/airflow_venv/lib/python3.12/site-packages/airflow/example_dags/example_time_delta_sensor_async.py for tasks to queue
[2024-11-20T01:07:38.331+0000] {logging_mixin.py:190} INFO - [2024-11-20T01:07:38.331+0000] {dagbag.py:588} INFO - Filling up the DagBag from /home/ubuntu/airflow_venv/lib/python3.12/site-packages/airflow/example_dags/example_time_delta_sensor_async.py
[2024-11-20T01:07:38.338+0000] {processor.py:925} INFO - DAG(s) 'example_time_delta_sensor_async' retrieved from /home/ubuntu/airflow_venv/lib/python3.12/site-packages/airflow/example_dags/example_time_delta_sensor_async.py
[2024-11-20T01:07:38.354+0000] {logging_mixin.py:190} INFO - [2024-11-20T01:07:38.353+0000] {dag.py:3239} INFO - Sync 1 DAGs
[2024-11-20T01:07:38.365+0000] {logging_mixin.py:190} INFO - [2024-11-20T01:07:38.365+0000] {dag.py:4180} INFO - Setting next_dagrun for example_time_delta_sensor_async to None, run_after=None
[2024-11-20T01:07:38.388+0000] {processor.py:208} INFO - Processing /home/ubuntu/airflow_venv/lib/python3.12/site-packages/airflow/example_dags/example_time_delta_sensor_async.py took 0.067 seconds
[2024-11-20T01:08:31.558+0000] {processor.py:186} INFO - Started process (PID=6274) to work on /home/ubuntu/airflow_venv/lib/python3.12/site-packages/airflow/example_dags/example_time_delta_sensor_async.py
[2024-11-20T01:08:31.559+0000] {processor.py:914} INFO - Processing file /home/ubuntu/airflow_venv/lib/python3.12/site-packages/airflow/example_dags/example_time_delta_sensor_async.py for tasks to queue
[2024-11-20T01:08:31.560+0000] {logging_mixin.py:190} INFO - [2024-11-20T01:08:31.560+0000] {dagbag.py:588} INFO - Filling up the DagBag from /home/ubuntu/airflow_venv/lib/python3.12/site-packages/airflow/example_dags/example_time_delta_sensor_async.py
[2024-11-20T01:08:31.568+0000] {processor.py:925} INFO - DAG(s) 'example_time_delta_sensor_async' retrieved from /home/ubuntu/airflow_venv/lib/python3.12/site-packages/airflow/example_dags/example_time_delta_sensor_async.py
[2024-11-20T01:08:31.594+0000] {logging_mixin.py:190} INFO - [2024-11-20T01:08:31.594+0000] {dag.py:3239} INFO - Sync 1 DAGs
[2024-11-20T01:08:31.607+0000] {logging_mixin.py:190} INFO - [2024-11-20T01:08:31.607+0000] {dag.py:4180} INFO - Setting next_dagrun for example_time_delta_sensor_async to None, run_after=None
[2024-11-20T01:08:31.629+0000] {processor.py:208} INFO - Processing /home/ubuntu/airflow_venv/lib/python3.12/site-packages/airflow/example_dags/example_time_delta_sensor_async.py took 0.079 seconds
[2024-11-20T01:09:29.165+0000] {processor.py:186} INFO - Started process (PID=6331) to work on /home/ubuntu/airflow_venv/lib/python3.12/site-packages/airflow/example_dags/example_time_delta_sensor_async.py
[2024-11-20T01:09:29.167+0000] {processor.py:914} INFO - Processing file /home/ubuntu/airflow_venv/lib/python3.12/site-packages/airflow/example_dags/example_time_delta_sensor_async.py for tasks to queue
[2024-11-20T01:09:29.168+0000] {logging_mixin.py:190} INFO - [2024-11-20T01:09:29.167+0000] {dagbag.py:588} INFO - Filling up the DagBag from /home/ubuntu/airflow_venv/lib/python3.12/site-packages/airflow/example_dags/example_time_delta_sensor_async.py
[2024-11-20T01:09:29.175+0000] {processor.py:925} INFO - DAG(s) 'example_time_delta_sensor_async' retrieved from /home/ubuntu/airflow_venv/lib/python3.12/site-packages/airflow/example_dags/example_time_delta_sensor_async.py
[2024-11-20T01:09:29.190+0000] {logging_mixin.py:190} INFO - [2024-11-20T01:09:29.190+0000] {dag.py:3239} INFO - Sync 1 DAGs
[2024-11-20T01:09:29.202+0000] {logging_mixin.py:190} INFO - [2024-11-20T01:09:29.202+0000] {dag.py:4180} INFO - Setting next_dagrun for example_time_delta_sensor_async to None, run_after=None
[2024-11-20T01:09:29.224+0000] {processor.py:208} INFO - Processing /home/ubuntu/airflow_venv/lib/python3.12/site-packages/airflow/example_dags/example_time_delta_sensor_async.py took 0.067 seconds
[2024-11-20T01:10:27.305+0000] {processor.py:186} INFO - Started process (PID=6395) to work on /home/ubuntu/airflow_venv/lib/python3.12/site-packages/airflow/example_dags/example_time_delta_sensor_async.py
[2024-11-20T01:10:27.306+0000] {processor.py:914} INFO - Processing file /home/ubuntu/airflow_venv/lib/python3.12/site-packages/airflow/example_dags/example_time_delta_sensor_async.py for tasks to queue
[2024-11-20T01:10:27.308+0000] {logging_mixin.py:190} INFO - [2024-11-20T01:10:27.307+0000] {dagbag.py:588} INFO - Filling up the DagBag from /home/ubuntu/airflow_venv/lib/python3.12/site-packages/airflow/example_dags/example_time_delta_sensor_async.py
[2024-11-20T01:10:27.316+0000] {processor.py:925} INFO - DAG(s) 'example_time_delta_sensor_async' retrieved from /home/ubuntu/airflow_venv/lib/python3.12/site-packages/airflow/example_dags/example_time_delta_sensor_async.py
[2024-11-20T01:10:27.331+0000] {logging_mixin.py:190} INFO - [2024-11-20T01:10:27.330+0000] {dag.py:3239} INFO - Sync 1 DAGs
[2024-11-20T01:10:27.343+0000] {logging_mixin.py:190} INFO - [2024-11-20T01:10:27.342+0000] {dag.py:4180} INFO - Setting next_dagrun for example_time_delta_sensor_async to None, run_after=None
[2024-11-20T01:10:27.365+0000] {processor.py:208} INFO - Processing /home/ubuntu/airflow_venv/lib/python3.12/site-packages/airflow/example_dags/example_time_delta_sensor_async.py took 0.067 seconds
[2024-11-20T01:11:21.327+0000] {processor.py:186} INFO - Started process (PID=6450) to work on /home/ubuntu/airflow_venv/lib/python3.12/site-packages/airflow/example_dags/example_time_delta_sensor_async.py
[2024-11-20T01:11:21.329+0000] {processor.py:914} INFO - Processing file /home/ubuntu/airflow_venv/lib/python3.12/site-packages/airflow/example_dags/example_time_delta_sensor_async.py for tasks to queue
[2024-11-20T01:11:21.330+0000] {logging_mixin.py:190} INFO - [2024-11-20T01:11:21.330+0000] {dagbag.py:588} INFO - Filling up the DagBag from /home/ubuntu/airflow_venv/lib/python3.12/site-packages/airflow/example_dags/example_time_delta_sensor_async.py
[2024-11-20T01:11:21.337+0000] {processor.py:925} INFO - DAG(s) 'example_time_delta_sensor_async' retrieved from /home/ubuntu/airflow_venv/lib/python3.12/site-packages/airflow/example_dags/example_time_delta_sensor_async.py
[2024-11-20T01:11:21.352+0000] {logging_mixin.py:190} INFO - [2024-11-20T01:11:21.352+0000] {dag.py:3239} INFO - Sync 1 DAGs
[2024-11-20T01:11:21.365+0000] {logging_mixin.py:190} INFO - [2024-11-20T01:11:21.364+0000] {dag.py:4180} INFO - Setting next_dagrun for example_time_delta_sensor_async to None, run_after=None
[2024-11-20T01:11:21.387+0000] {processor.py:208} INFO - Processing /home/ubuntu/airflow_venv/lib/python3.12/site-packages/airflow/example_dags/example_time_delta_sensor_async.py took 0.068 seconds
[2024-11-20T01:12:14.567+0000] {processor.py:186} INFO - Started process (PID=6507) to work on /home/ubuntu/airflow_venv/lib/python3.12/site-packages/airflow/example_dags/example_time_delta_sensor_async.py
[2024-11-20T01:12:14.568+0000] {processor.py:914} INFO - Processing file /home/ubuntu/airflow_venv/lib/python3.12/site-packages/airflow/example_dags/example_time_delta_sensor_async.py for tasks to queue
[2024-11-20T01:12:14.570+0000] {logging_mixin.py:190} INFO - [2024-11-20T01:12:14.569+0000] {dagbag.py:588} INFO - Filling up the DagBag from /home/ubuntu/airflow_venv/lib/python3.12/site-packages/airflow/example_dags/example_time_delta_sensor_async.py
[2024-11-20T01:12:14.577+0000] {processor.py:925} INFO - DAG(s) 'example_time_delta_sensor_async' retrieved from /home/ubuntu/airflow_venv/lib/python3.12/site-packages/airflow/example_dags/example_time_delta_sensor_async.py
[2024-11-20T01:12:14.592+0000] {logging_mixin.py:190} INFO - [2024-11-20T01:12:14.591+0000] {dag.py:3239} INFO - Sync 1 DAGs
[2024-11-20T01:12:14.603+0000] {logging_mixin.py:190} INFO - [2024-11-20T01:12:14.603+0000] {dag.py:4180} INFO - Setting next_dagrun for example_time_delta_sensor_async to None, run_after=None
[2024-11-20T01:12:14.626+0000] {processor.py:208} INFO - Processing /home/ubuntu/airflow_venv/lib/python3.12/site-packages/airflow/example_dags/example_time_delta_sensor_async.py took 0.066 seconds
