[2024-11-20T00:16:25.127+0000] {processor.py:186} INFO - Started process (PID=2038) to work on /home/ubuntu/airflow_venv/lib/python3.12/site-packages/airflow/example_dags/example_task_group_decorator.py
[2024-11-20T00:16:25.128+0000] {processor.py:914} INFO - Processing file /home/ubuntu/airflow_venv/lib/python3.12/site-packages/airflow/example_dags/example_task_group_decorator.py for tasks to queue
[2024-11-20T00:16:25.130+0000] {logging_mixin.py:190} INFO - [2024-11-20T00:16:25.130+0000] {dagbag.py:588} INFO - Filling up the DagBag from /home/ubuntu/airflow_venv/lib/python3.12/site-packages/airflow/example_dags/example_task_group_decorator.py
[2024-11-20T00:16:25.144+0000] {processor.py:925} INFO - DAG(s) 'example_task_group_decorator' retrieved from /home/ubuntu/airflow_venv/lib/python3.12/site-packages/airflow/example_dags/example_task_group_decorator.py
[2024-11-20T00:16:25.164+0000] {logging_mixin.py:190} INFO - [2024-11-20T00:16:25.164+0000] {dag.py:3239} INFO - Sync 1 DAGs
[2024-11-20T00:16:25.176+0000] {logging_mixin.py:190} INFO - [2024-11-20T00:16:25.176+0000] {dag.py:4180} INFO - Setting next_dagrun for example_task_group_decorator to None, run_after=None
[2024-11-20T00:16:25.194+0000] {processor.py:208} INFO - Processing /home/ubuntu/airflow_venv/lib/python3.12/site-packages/airflow/example_dags/example_task_group_decorator.py took 0.073 seconds
[2024-11-20T00:17:24.079+0000] {processor.py:186} INFO - Started process (PID=2109) to work on /home/ubuntu/airflow_venv/lib/python3.12/site-packages/airflow/example_dags/example_task_group_decorator.py
[2024-11-20T00:17:24.081+0000] {processor.py:914} INFO - Processing file /home/ubuntu/airflow_venv/lib/python3.12/site-packages/airflow/example_dags/example_task_group_decorator.py for tasks to queue
[2024-11-20T00:17:24.083+0000] {logging_mixin.py:190} INFO - [2024-11-20T00:17:24.082+0000] {dagbag.py:588} INFO - Filling up the DagBag from /home/ubuntu/airflow_venv/lib/python3.12/site-packages/airflow/example_dags/example_task_group_decorator.py
[2024-11-20T00:17:24.097+0000] {processor.py:925} INFO - DAG(s) 'example_task_group_decorator' retrieved from /home/ubuntu/airflow_venv/lib/python3.12/site-packages/airflow/example_dags/example_task_group_decorator.py
[2024-11-20T00:17:24.116+0000] {logging_mixin.py:190} INFO - [2024-11-20T00:17:24.116+0000] {dag.py:3239} INFO - Sync 1 DAGs
[2024-11-20T00:17:24.127+0000] {logging_mixin.py:190} INFO - [2024-11-20T00:17:24.127+0000] {dag.py:4180} INFO - Setting next_dagrun for example_task_group_decorator to None, run_after=None
[2024-11-20T00:17:24.150+0000] {processor.py:208} INFO - Processing /home/ubuntu/airflow_venv/lib/python3.12/site-packages/airflow/example_dags/example_task_group_decorator.py took 0.076 seconds
[2024-11-20T00:18:19.494+0000] {processor.py:186} INFO - Started process (PID=2167) to work on /home/ubuntu/airflow_venv/lib/python3.12/site-packages/airflow/example_dags/example_task_group_decorator.py
[2024-11-20T00:18:19.496+0000] {processor.py:914} INFO - Processing file /home/ubuntu/airflow_venv/lib/python3.12/site-packages/airflow/example_dags/example_task_group_decorator.py for tasks to queue
[2024-11-20T00:18:19.498+0000] {logging_mixin.py:190} INFO - [2024-11-20T00:18:19.498+0000] {dagbag.py:588} INFO - Filling up the DagBag from /home/ubuntu/airflow_venv/lib/python3.12/site-packages/airflow/example_dags/example_task_group_decorator.py
[2024-11-20T00:18:19.512+0000] {processor.py:925} INFO - DAG(s) 'example_task_group_decorator' retrieved from /home/ubuntu/airflow_venv/lib/python3.12/site-packages/airflow/example_dags/example_task_group_decorator.py
[2024-11-20T00:18:19.531+0000] {logging_mixin.py:190} INFO - [2024-11-20T00:18:19.531+0000] {dag.py:3239} INFO - Sync 1 DAGs
[2024-11-20T00:18:19.542+0000] {logging_mixin.py:190} INFO - [2024-11-20T00:18:19.542+0000] {dag.py:4180} INFO - Setting next_dagrun for example_task_group_decorator to None, run_after=None
[2024-11-20T00:18:19.563+0000] {processor.py:208} INFO - Processing /home/ubuntu/airflow_venv/lib/python3.12/site-packages/airflow/example_dags/example_task_group_decorator.py took 0.076 seconds
[2024-11-20T00:19:17.153+0000] {processor.py:186} INFO - Started process (PID=2227) to work on /home/ubuntu/airflow_venv/lib/python3.12/site-packages/airflow/example_dags/example_task_group_decorator.py
[2024-11-20T00:19:17.154+0000] {processor.py:914} INFO - Processing file /home/ubuntu/airflow_venv/lib/python3.12/site-packages/airflow/example_dags/example_task_group_decorator.py for tasks to queue
[2024-11-20T00:19:17.157+0000] {logging_mixin.py:190} INFO - [2024-11-20T00:19:17.156+0000] {dagbag.py:588} INFO - Filling up the DagBag from /home/ubuntu/airflow_venv/lib/python3.12/site-packages/airflow/example_dags/example_task_group_decorator.py
[2024-11-20T00:19:17.171+0000] {processor.py:925} INFO - DAG(s) 'example_task_group_decorator' retrieved from /home/ubuntu/airflow_venv/lib/python3.12/site-packages/airflow/example_dags/example_task_group_decorator.py
[2024-11-20T00:19:17.191+0000] {logging_mixin.py:190} INFO - [2024-11-20T00:19:17.191+0000] {dag.py:3239} INFO - Sync 1 DAGs
[2024-11-20T00:19:17.202+0000] {logging_mixin.py:190} INFO - [2024-11-20T00:19:17.202+0000] {dag.py:4180} INFO - Setting next_dagrun for example_task_group_decorator to None, run_after=None
[2024-11-20T00:19:17.224+0000] {processor.py:208} INFO - Processing /home/ubuntu/airflow_venv/lib/python3.12/site-packages/airflow/example_dags/example_task_group_decorator.py took 0.077 seconds
[2024-11-20T00:20:09.727+0000] {processor.py:186} INFO - Started process (PID=2282) to work on /home/ubuntu/airflow_venv/lib/python3.12/site-packages/airflow/example_dags/example_task_group_decorator.py
[2024-11-20T00:20:09.729+0000] {processor.py:914} INFO - Processing file /home/ubuntu/airflow_venv/lib/python3.12/site-packages/airflow/example_dags/example_task_group_decorator.py for tasks to queue
[2024-11-20T00:20:09.731+0000] {logging_mixin.py:190} INFO - [2024-11-20T00:20:09.731+0000] {dagbag.py:588} INFO - Filling up the DagBag from /home/ubuntu/airflow_venv/lib/python3.12/site-packages/airflow/example_dags/example_task_group_decorator.py
[2024-11-20T00:20:09.746+0000] {processor.py:925} INFO - DAG(s) 'example_task_group_decorator' retrieved from /home/ubuntu/airflow_venv/lib/python3.12/site-packages/airflow/example_dags/example_task_group_decorator.py
[2024-11-20T00:20:09.764+0000] {logging_mixin.py:190} INFO - [2024-11-20T00:20:09.764+0000] {dag.py:3239} INFO - Sync 1 DAGs
[2024-11-20T00:20:09.776+0000] {logging_mixin.py:190} INFO - [2024-11-20T00:20:09.776+0000] {dag.py:4180} INFO - Setting next_dagrun for example_task_group_decorator to None, run_after=None
[2024-11-20T00:20:09.797+0000] {processor.py:208} INFO - Processing /home/ubuntu/airflow_venv/lib/python3.12/site-packages/airflow/example_dags/example_task_group_decorator.py took 0.076 seconds
[2024-11-20T00:21:02.937+0000] {processor.py:186} INFO - Started process (PID=2340) to work on /home/ubuntu/airflow_venv/lib/python3.12/site-packages/airflow/example_dags/example_task_group_decorator.py
[2024-11-20T00:21:02.939+0000] {processor.py:914} INFO - Processing file /home/ubuntu/airflow_venv/lib/python3.12/site-packages/airflow/example_dags/example_task_group_decorator.py for tasks to queue
[2024-11-20T00:21:02.941+0000] {logging_mixin.py:190} INFO - [2024-11-20T00:21:02.941+0000] {dagbag.py:588} INFO - Filling up the DagBag from /home/ubuntu/airflow_venv/lib/python3.12/site-packages/airflow/example_dags/example_task_group_decorator.py
[2024-11-20T00:21:02.956+0000] {processor.py:925} INFO - DAG(s) 'example_task_group_decorator' retrieved from /home/ubuntu/airflow_venv/lib/python3.12/site-packages/airflow/example_dags/example_task_group_decorator.py
[2024-11-20T00:21:02.976+0000] {logging_mixin.py:190} INFO - [2024-11-20T00:21:02.976+0000] {dag.py:3239} INFO - Sync 1 DAGs
[2024-11-20T00:21:02.989+0000] {logging_mixin.py:190} INFO - [2024-11-20T00:21:02.989+0000] {dag.py:4180} INFO - Setting next_dagrun for example_task_group_decorator to None, run_after=None
[2024-11-20T00:21:03.131+0000] {processor.py:208} INFO - Processing /home/ubuntu/airflow_venv/lib/python3.12/site-packages/airflow/example_dags/example_task_group_decorator.py took 0.199 seconds
[2024-11-20T00:22:07.463+0000] {processor.py:186} INFO - Started process (PID=2403) to work on /home/ubuntu/airflow_venv/lib/python3.12/site-packages/airflow/example_dags/example_task_group_decorator.py
[2024-11-20T00:22:07.465+0000] {processor.py:914} INFO - Processing file /home/ubuntu/airflow_venv/lib/python3.12/site-packages/airflow/example_dags/example_task_group_decorator.py for tasks to queue
[2024-11-20T00:22:07.468+0000] {logging_mixin.py:190} INFO - [2024-11-20T00:22:07.467+0000] {dagbag.py:588} INFO - Filling up the DagBag from /home/ubuntu/airflow_venv/lib/python3.12/site-packages/airflow/example_dags/example_task_group_decorator.py
[2024-11-20T00:22:07.482+0000] {processor.py:925} INFO - DAG(s) 'example_task_group_decorator' retrieved from /home/ubuntu/airflow_venv/lib/python3.12/site-packages/airflow/example_dags/example_task_group_decorator.py
[2024-11-20T00:22:07.503+0000] {logging_mixin.py:190} INFO - [2024-11-20T00:22:07.503+0000] {dag.py:3239} INFO - Sync 1 DAGs
[2024-11-20T00:22:07.515+0000] {logging_mixin.py:190} INFO - [2024-11-20T00:22:07.514+0000] {dag.py:4180} INFO - Setting next_dagrun for example_task_group_decorator to None, run_after=None
[2024-11-20T00:22:07.539+0000] {processor.py:208} INFO - Processing /home/ubuntu/airflow_venv/lib/python3.12/site-packages/airflow/example_dags/example_task_group_decorator.py took 0.082 seconds
[2024-11-20T00:23:01.823+0000] {processor.py:186} INFO - Started process (PID=2460) to work on /home/ubuntu/airflow_venv/lib/python3.12/site-packages/airflow/example_dags/example_task_group_decorator.py
[2024-11-20T00:23:01.825+0000] {processor.py:914} INFO - Processing file /home/ubuntu/airflow_venv/lib/python3.12/site-packages/airflow/example_dags/example_task_group_decorator.py for tasks to queue
[2024-11-20T00:23:01.827+0000] {logging_mixin.py:190} INFO - [2024-11-20T00:23:01.827+0000] {dagbag.py:588} INFO - Filling up the DagBag from /home/ubuntu/airflow_venv/lib/python3.12/site-packages/airflow/example_dags/example_task_group_decorator.py
[2024-11-20T00:23:01.843+0000] {processor.py:925} INFO - DAG(s) 'example_task_group_decorator' retrieved from /home/ubuntu/airflow_venv/lib/python3.12/site-packages/airflow/example_dags/example_task_group_decorator.py
[2024-11-20T00:23:01.865+0000] {logging_mixin.py:190} INFO - [2024-11-20T00:23:01.865+0000] {dag.py:3239} INFO - Sync 1 DAGs
[2024-11-20T00:23:01.887+0000] {logging_mixin.py:190} INFO - [2024-11-20T00:23:01.887+0000] {dag.py:4180} INFO - Setting next_dagrun for example_task_group_decorator to None, run_after=None
[2024-11-20T00:23:01.913+0000] {processor.py:208} INFO - Processing /home/ubuntu/airflow_venv/lib/python3.12/site-packages/airflow/example_dags/example_task_group_decorator.py took 0.095 seconds
[2024-11-20T00:23:57.293+0000] {processor.py:186} INFO - Started process (PID=2517) to work on /home/ubuntu/airflow_venv/lib/python3.12/site-packages/airflow/example_dags/example_task_group_decorator.py
[2024-11-20T00:23:57.295+0000] {processor.py:914} INFO - Processing file /home/ubuntu/airflow_venv/lib/python3.12/site-packages/airflow/example_dags/example_task_group_decorator.py for tasks to queue
[2024-11-20T00:23:57.296+0000] {logging_mixin.py:190} INFO - [2024-11-20T00:23:57.296+0000] {dagbag.py:588} INFO - Filling up the DagBag from /home/ubuntu/airflow_venv/lib/python3.12/site-packages/airflow/example_dags/example_task_group_decorator.py
[2024-11-20T00:23:57.312+0000] {processor.py:925} INFO - DAG(s) 'example_task_group_decorator' retrieved from /home/ubuntu/airflow_venv/lib/python3.12/site-packages/airflow/example_dags/example_task_group_decorator.py
[2024-11-20T00:23:57.331+0000] {logging_mixin.py:190} INFO - [2024-11-20T00:23:57.331+0000] {dag.py:3239} INFO - Sync 1 DAGs
[2024-11-20T00:23:57.342+0000] {logging_mixin.py:190} INFO - [2024-11-20T00:23:57.342+0000] {dag.py:4180} INFO - Setting next_dagrun for example_task_group_decorator to None, run_after=None
[2024-11-20T00:23:57.363+0000] {processor.py:208} INFO - Processing /home/ubuntu/airflow_venv/lib/python3.12/site-packages/airflow/example_dags/example_task_group_decorator.py took 0.076 seconds
[2024-11-20T00:24:51.257+0000] {processor.py:186} INFO - Started process (PID=2573) to work on /home/ubuntu/airflow_venv/lib/python3.12/site-packages/airflow/example_dags/example_task_group_decorator.py
[2024-11-20T00:24:51.259+0000] {processor.py:914} INFO - Processing file /home/ubuntu/airflow_venv/lib/python3.12/site-packages/airflow/example_dags/example_task_group_decorator.py for tasks to queue
[2024-11-20T00:24:51.261+0000] {logging_mixin.py:190} INFO - [2024-11-20T00:24:51.261+0000] {dagbag.py:588} INFO - Filling up the DagBag from /home/ubuntu/airflow_venv/lib/python3.12/site-packages/airflow/example_dags/example_task_group_decorator.py
[2024-11-20T00:24:51.276+0000] {processor.py:925} INFO - DAG(s) 'example_task_group_decorator' retrieved from /home/ubuntu/airflow_venv/lib/python3.12/site-packages/airflow/example_dags/example_task_group_decorator.py
[2024-11-20T00:24:51.295+0000] {logging_mixin.py:190} INFO - [2024-11-20T00:24:51.295+0000] {dag.py:3239} INFO - Sync 1 DAGs
[2024-11-20T00:24:51.307+0000] {logging_mixin.py:190} INFO - [2024-11-20T00:24:51.307+0000] {dag.py:4180} INFO - Setting next_dagrun for example_task_group_decorator to None, run_after=None
[2024-11-20T00:24:51.329+0000] {processor.py:208} INFO - Processing /home/ubuntu/airflow_venv/lib/python3.12/site-packages/airflow/example_dags/example_task_group_decorator.py took 0.076 seconds
[2024-11-20T00:25:45.970+0000] {processor.py:186} INFO - Started process (PID=2632) to work on /home/ubuntu/airflow_venv/lib/python3.12/site-packages/airflow/example_dags/example_task_group_decorator.py
[2024-11-20T00:25:45.972+0000] {processor.py:914} INFO - Processing file /home/ubuntu/airflow_venv/lib/python3.12/site-packages/airflow/example_dags/example_task_group_decorator.py for tasks to queue
[2024-11-20T00:25:45.973+0000] {logging_mixin.py:190} INFO - [2024-11-20T00:25:45.973+0000] {dagbag.py:588} INFO - Filling up the DagBag from /home/ubuntu/airflow_venv/lib/python3.12/site-packages/airflow/example_dags/example_task_group_decorator.py
[2024-11-20T00:25:45.988+0000] {processor.py:925} INFO - DAG(s) 'example_task_group_decorator' retrieved from /home/ubuntu/airflow_venv/lib/python3.12/site-packages/airflow/example_dags/example_task_group_decorator.py
[2024-11-20T00:25:46.008+0000] {logging_mixin.py:190} INFO - [2024-11-20T00:25:46.008+0000] {dag.py:3239} INFO - Sync 1 DAGs
[2024-11-20T00:25:46.018+0000] {logging_mixin.py:190} INFO - [2024-11-20T00:25:46.018+0000] {dag.py:4180} INFO - Setting next_dagrun for example_task_group_decorator to None, run_after=None
[2024-11-20T00:25:46.044+0000] {processor.py:208} INFO - Processing /home/ubuntu/airflow_venv/lib/python3.12/site-packages/airflow/example_dags/example_task_group_decorator.py took 0.080 seconds
[2024-11-20T00:26:39.403+0000] {processor.py:186} INFO - Started process (PID=2688) to work on /home/ubuntu/airflow_venv/lib/python3.12/site-packages/airflow/example_dags/example_task_group_decorator.py
[2024-11-20T00:26:39.404+0000] {processor.py:914} INFO - Processing file /home/ubuntu/airflow_venv/lib/python3.12/site-packages/airflow/example_dags/example_task_group_decorator.py for tasks to queue
[2024-11-20T00:26:39.407+0000] {logging_mixin.py:190} INFO - [2024-11-20T00:26:39.407+0000] {dagbag.py:588} INFO - Filling up the DagBag from /home/ubuntu/airflow_venv/lib/python3.12/site-packages/airflow/example_dags/example_task_group_decorator.py
[2024-11-20T00:26:39.422+0000] {processor.py:925} INFO - DAG(s) 'example_task_group_decorator' retrieved from /home/ubuntu/airflow_venv/lib/python3.12/site-packages/airflow/example_dags/example_task_group_decorator.py
[2024-11-20T00:26:39.442+0000] {logging_mixin.py:190} INFO - [2024-11-20T00:26:39.442+0000] {dag.py:3239} INFO - Sync 1 DAGs
[2024-11-20T00:26:39.467+0000] {logging_mixin.py:190} INFO - [2024-11-20T00:26:39.467+0000] {dag.py:4180} INFO - Setting next_dagrun for example_task_group_decorator to None, run_after=None
[2024-11-20T00:26:39.495+0000] {processor.py:208} INFO - Processing /home/ubuntu/airflow_venv/lib/python3.12/site-packages/airflow/example_dags/example_task_group_decorator.py took 0.098 seconds
[2024-11-20T00:27:48.045+0000] {processor.py:186} INFO - Started process (PID=2778) to work on /home/ubuntu/airflow_venv/lib/python3.12/site-packages/airflow/example_dags/example_task_group_decorator.py
[2024-11-20T00:27:48.046+0000] {processor.py:914} INFO - Processing file /home/ubuntu/airflow_venv/lib/python3.12/site-packages/airflow/example_dags/example_task_group_decorator.py for tasks to queue
[2024-11-20T00:27:48.050+0000] {logging_mixin.py:190} INFO - [2024-11-20T00:27:48.050+0000] {dagbag.py:588} INFO - Filling up the DagBag from /home/ubuntu/airflow_venv/lib/python3.12/site-packages/airflow/example_dags/example_task_group_decorator.py
[2024-11-20T00:27:48.065+0000] {processor.py:925} INFO - DAG(s) 'example_task_group_decorator' retrieved from /home/ubuntu/airflow_venv/lib/python3.12/site-packages/airflow/example_dags/example_task_group_decorator.py
[2024-11-20T00:27:48.085+0000] {logging_mixin.py:190} INFO - [2024-11-20T00:27:48.084+0000] {dag.py:3239} INFO - Sync 1 DAGs
[2024-11-20T00:27:48.102+0000] {logging_mixin.py:190} INFO - [2024-11-20T00:27:48.102+0000] {dag.py:4180} INFO - Setting next_dagrun for example_task_group_decorator to None, run_after=None
[2024-11-20T00:27:48.124+0000] {processor.py:208} INFO - Processing /home/ubuntu/airflow_venv/lib/python3.12/site-packages/airflow/example_dags/example_task_group_decorator.py took 0.085 seconds
[2024-11-20T00:28:46.084+0000] {processor.py:186} INFO - Started process (PID=2940) to work on /home/ubuntu/airflow_venv/lib/python3.12/site-packages/airflow/example_dags/example_task_group_decorator.py
[2024-11-20T00:28:46.085+0000] {processor.py:914} INFO - Processing file /home/ubuntu/airflow_venv/lib/python3.12/site-packages/airflow/example_dags/example_task_group_decorator.py for tasks to queue
[2024-11-20T00:28:46.088+0000] {logging_mixin.py:190} INFO - [2024-11-20T00:28:46.087+0000] {dagbag.py:588} INFO - Filling up the DagBag from /home/ubuntu/airflow_venv/lib/python3.12/site-packages/airflow/example_dags/example_task_group_decorator.py
[2024-11-20T00:28:46.102+0000] {processor.py:925} INFO - DAG(s) 'example_task_group_decorator' retrieved from /home/ubuntu/airflow_venv/lib/python3.12/site-packages/airflow/example_dags/example_task_group_decorator.py
[2024-11-20T00:28:46.121+0000] {logging_mixin.py:190} INFO - [2024-11-20T00:28:46.121+0000] {dag.py:3239} INFO - Sync 1 DAGs
[2024-11-20T00:28:46.134+0000] {logging_mixin.py:190} INFO - [2024-11-20T00:28:46.134+0000] {dag.py:4180} INFO - Setting next_dagrun for example_task_group_decorator to None, run_after=None
[2024-11-20T00:28:46.156+0000] {processor.py:208} INFO - Processing /home/ubuntu/airflow_venv/lib/python3.12/site-packages/airflow/example_dags/example_task_group_decorator.py took 0.078 seconds
[2024-11-20T00:29:50.672+0000] {processor.py:186} INFO - Started process (PID=3030) to work on /home/ubuntu/airflow_venv/lib/python3.12/site-packages/airflow/example_dags/example_task_group_decorator.py
[2024-11-20T00:29:50.674+0000] {processor.py:914} INFO - Processing file /home/ubuntu/airflow_venv/lib/python3.12/site-packages/airflow/example_dags/example_task_group_decorator.py for tasks to queue
[2024-11-20T00:29:50.676+0000] {logging_mixin.py:190} INFO - [2024-11-20T00:29:50.675+0000] {dagbag.py:588} INFO - Filling up the DagBag from /home/ubuntu/airflow_venv/lib/python3.12/site-packages/airflow/example_dags/example_task_group_decorator.py
[2024-11-20T00:29:50.690+0000] {processor.py:925} INFO - DAG(s) 'example_task_group_decorator' retrieved from /home/ubuntu/airflow_venv/lib/python3.12/site-packages/airflow/example_dags/example_task_group_decorator.py
[2024-11-20T00:29:50.710+0000] {logging_mixin.py:190} INFO - [2024-11-20T00:29:50.708+0000] {dag.py:3239} INFO - Sync 1 DAGs
[2024-11-20T00:29:50.722+0000] {logging_mixin.py:190} INFO - [2024-11-20T00:29:50.721+0000] {dag.py:4180} INFO - Setting next_dagrun for example_task_group_decorator to None, run_after=None
[2024-11-20T00:29:50.743+0000] {processor.py:208} INFO - Processing /home/ubuntu/airflow_venv/lib/python3.12/site-packages/airflow/example_dags/example_task_group_decorator.py took 0.077 seconds
[2024-11-20T00:30:47.324+0000] {processor.py:186} INFO - Started process (PID=3104) to work on /home/ubuntu/airflow_venv/lib/python3.12/site-packages/airflow/example_dags/example_task_group_decorator.py
[2024-11-20T00:30:47.326+0000] {processor.py:914} INFO - Processing file /home/ubuntu/airflow_venv/lib/python3.12/site-packages/airflow/example_dags/example_task_group_decorator.py for tasks to queue
[2024-11-20T00:30:47.327+0000] {logging_mixin.py:190} INFO - [2024-11-20T00:30:47.327+0000] {dagbag.py:588} INFO - Filling up the DagBag from /home/ubuntu/airflow_venv/lib/python3.12/site-packages/airflow/example_dags/example_task_group_decorator.py
[2024-11-20T00:30:47.344+0000] {processor.py:925} INFO - DAG(s) 'example_task_group_decorator' retrieved from /home/ubuntu/airflow_venv/lib/python3.12/site-packages/airflow/example_dags/example_task_group_decorator.py
[2024-11-20T00:30:47.362+0000] {logging_mixin.py:190} INFO - [2024-11-20T00:30:47.362+0000] {dag.py:3239} INFO - Sync 1 DAGs
[2024-11-20T00:30:47.375+0000] {logging_mixin.py:190} INFO - [2024-11-20T00:30:47.375+0000] {dag.py:4180} INFO - Setting next_dagrun for example_task_group_decorator to None, run_after=None
[2024-11-20T00:30:47.398+0000] {processor.py:208} INFO - Processing /home/ubuntu/airflow_venv/lib/python3.12/site-packages/airflow/example_dags/example_task_group_decorator.py took 0.079 seconds
[2024-11-20T00:31:43.506+0000] {processor.py:186} INFO - Started process (PID=3288) to work on /home/ubuntu/airflow_venv/lib/python3.12/site-packages/airflow/example_dags/example_task_group_decorator.py
[2024-11-20T00:31:43.507+0000] {processor.py:914} INFO - Processing file /home/ubuntu/airflow_venv/lib/python3.12/site-packages/airflow/example_dags/example_task_group_decorator.py for tasks to queue
[2024-11-20T00:31:43.508+0000] {logging_mixin.py:190} INFO - [2024-11-20T00:31:43.508+0000] {dagbag.py:588} INFO - Filling up the DagBag from /home/ubuntu/airflow_venv/lib/python3.12/site-packages/airflow/example_dags/example_task_group_decorator.py
[2024-11-20T00:31:43.523+0000] {processor.py:925} INFO - DAG(s) 'example_task_group_decorator' retrieved from /home/ubuntu/airflow_venv/lib/python3.12/site-packages/airflow/example_dags/example_task_group_decorator.py
[2024-11-20T00:31:43.541+0000] {logging_mixin.py:190} INFO - [2024-11-20T00:31:43.541+0000] {dag.py:3239} INFO - Sync 1 DAGs
[2024-11-20T00:31:43.554+0000] {logging_mixin.py:190} INFO - [2024-11-20T00:31:43.554+0000] {dag.py:4180} INFO - Setting next_dagrun for example_task_group_decorator to None, run_after=None
[2024-11-20T00:31:43.576+0000] {processor.py:208} INFO - Processing /home/ubuntu/airflow_venv/lib/python3.12/site-packages/airflow/example_dags/example_task_group_decorator.py took 0.077 seconds
[2024-11-20T00:32:35.435+0000] {processor.py:186} INFO - Started process (PID=3429) to work on /home/ubuntu/airflow_venv/lib/python3.12/site-packages/airflow/example_dags/example_task_group_decorator.py
[2024-11-20T00:32:35.439+0000] {processor.py:914} INFO - Processing file /home/ubuntu/airflow_venv/lib/python3.12/site-packages/airflow/example_dags/example_task_group_decorator.py for tasks to queue
[2024-11-20T00:32:35.443+0000] {logging_mixin.py:190} INFO - [2024-11-20T00:32:35.439+0000] {dagbag.py:588} INFO - Filling up the DagBag from /home/ubuntu/airflow_venv/lib/python3.12/site-packages/airflow/example_dags/example_task_group_decorator.py
[2024-11-20T00:32:35.527+0000] {processor.py:925} INFO - DAG(s) 'example_task_group_decorator' retrieved from /home/ubuntu/airflow_venv/lib/python3.12/site-packages/airflow/example_dags/example_task_group_decorator.py
[2024-11-20T00:32:35.603+0000] {logging_mixin.py:190} INFO - [2024-11-20T00:32:35.602+0000] {dag.py:3239} INFO - Sync 1 DAGs
[2024-11-20T00:32:35.631+0000] {logging_mixin.py:190} INFO - [2024-11-20T00:32:35.631+0000] {dag.py:4180} INFO - Setting next_dagrun for example_task_group_decorator to None, run_after=None
[2024-11-20T00:32:35.685+0000] {processor.py:208} INFO - Processing /home/ubuntu/airflow_venv/lib/python3.12/site-packages/airflow/example_dags/example_task_group_decorator.py took 0.269 seconds
[2024-11-20T00:33:30.549+0000] {processor.py:186} INFO - Started process (PID=3936) to work on /home/ubuntu/airflow_venv/lib/python3.12/site-packages/airflow/example_dags/example_task_group_decorator.py
[2024-11-20T00:33:30.551+0000] {processor.py:914} INFO - Processing file /home/ubuntu/airflow_venv/lib/python3.12/site-packages/airflow/example_dags/example_task_group_decorator.py for tasks to queue
[2024-11-20T00:33:30.552+0000] {logging_mixin.py:190} INFO - [2024-11-20T00:33:30.552+0000] {dagbag.py:588} INFO - Filling up the DagBag from /home/ubuntu/airflow_venv/lib/python3.12/site-packages/airflow/example_dags/example_task_group_decorator.py
[2024-11-20T00:33:30.567+0000] {processor.py:925} INFO - DAG(s) 'example_task_group_decorator' retrieved from /home/ubuntu/airflow_venv/lib/python3.12/site-packages/airflow/example_dags/example_task_group_decorator.py
[2024-11-20T00:33:30.587+0000] {logging_mixin.py:190} INFO - [2024-11-20T00:33:30.587+0000] {dag.py:3239} INFO - Sync 1 DAGs
[2024-11-20T00:33:30.598+0000] {logging_mixin.py:190} INFO - [2024-11-20T00:33:30.598+0000] {dag.py:4180} INFO - Setting next_dagrun for example_task_group_decorator to None, run_after=None
[2024-11-20T00:33:30.618+0000] {processor.py:208} INFO - Processing /home/ubuntu/airflow_venv/lib/python3.12/site-packages/airflow/example_dags/example_task_group_decorator.py took 0.075 seconds
[2024-11-20T00:34:34.813+0000] {processor.py:186} INFO - Started process (PID=4044) to work on /home/ubuntu/airflow_venv/lib/python3.12/site-packages/airflow/example_dags/example_task_group_decorator.py
[2024-11-20T00:34:34.815+0000] {processor.py:914} INFO - Processing file /home/ubuntu/airflow_venv/lib/python3.12/site-packages/airflow/example_dags/example_task_group_decorator.py for tasks to queue
[2024-11-20T00:34:34.816+0000] {logging_mixin.py:190} INFO - [2024-11-20T00:34:34.816+0000] {dagbag.py:588} INFO - Filling up the DagBag from /home/ubuntu/airflow_venv/lib/python3.12/site-packages/airflow/example_dags/example_task_group_decorator.py
[2024-11-20T00:34:34.831+0000] {processor.py:925} INFO - DAG(s) 'example_task_group_decorator' retrieved from /home/ubuntu/airflow_venv/lib/python3.12/site-packages/airflow/example_dags/example_task_group_decorator.py
[2024-11-20T00:34:34.852+0000] {logging_mixin.py:190} INFO - [2024-11-20T00:34:34.851+0000] {dag.py:3239} INFO - Sync 1 DAGs
[2024-11-20T00:34:34.863+0000] {logging_mixin.py:190} INFO - [2024-11-20T00:34:34.863+0000] {dag.py:4180} INFO - Setting next_dagrun for example_task_group_decorator to None, run_after=None
[2024-11-20T00:34:34.885+0000] {processor.py:208} INFO - Processing /home/ubuntu/airflow_venv/lib/python3.12/site-packages/airflow/example_dags/example_task_group_decorator.py took 0.080 seconds
[2024-11-20T00:35:32.649+0000] {processor.py:186} INFO - Started process (PID=4131) to work on /home/ubuntu/airflow_venv/lib/python3.12/site-packages/airflow/example_dags/example_task_group_decorator.py
[2024-11-20T00:35:32.651+0000] {processor.py:914} INFO - Processing file /home/ubuntu/airflow_venv/lib/python3.12/site-packages/airflow/example_dags/example_task_group_decorator.py for tasks to queue
[2024-11-20T00:35:32.653+0000] {logging_mixin.py:190} INFO - [2024-11-20T00:35:32.652+0000] {dagbag.py:588} INFO - Filling up the DagBag from /home/ubuntu/airflow_venv/lib/python3.12/site-packages/airflow/example_dags/example_task_group_decorator.py
[2024-11-20T00:35:32.668+0000] {processor.py:925} INFO - DAG(s) 'example_task_group_decorator' retrieved from /home/ubuntu/airflow_venv/lib/python3.12/site-packages/airflow/example_dags/example_task_group_decorator.py
[2024-11-20T00:35:32.687+0000] {logging_mixin.py:190} INFO - [2024-11-20T00:35:32.687+0000] {dag.py:3239} INFO - Sync 1 DAGs
[2024-11-20T00:35:32.700+0000] {logging_mixin.py:190} INFO - [2024-11-20T00:35:32.700+0000] {dag.py:4180} INFO - Setting next_dagrun for example_task_group_decorator to None, run_after=None
[2024-11-20T00:35:32.721+0000] {processor.py:208} INFO - Processing /home/ubuntu/airflow_venv/lib/python3.12/site-packages/airflow/example_dags/example_task_group_decorator.py took 0.079 seconds
[2024-11-20T00:36:27.510+0000] {processor.py:186} INFO - Started process (PID=4187) to work on /home/ubuntu/airflow_venv/lib/python3.12/site-packages/airflow/example_dags/example_task_group_decorator.py
[2024-11-20T00:36:27.511+0000] {processor.py:914} INFO - Processing file /home/ubuntu/airflow_venv/lib/python3.12/site-packages/airflow/example_dags/example_task_group_decorator.py for tasks to queue
[2024-11-20T00:36:27.513+0000] {logging_mixin.py:190} INFO - [2024-11-20T00:36:27.512+0000] {dagbag.py:588} INFO - Filling up the DagBag from /home/ubuntu/airflow_venv/lib/python3.12/site-packages/airflow/example_dags/example_task_group_decorator.py
[2024-11-20T00:36:27.527+0000] {processor.py:925} INFO - DAG(s) 'example_task_group_decorator' retrieved from /home/ubuntu/airflow_venv/lib/python3.12/site-packages/airflow/example_dags/example_task_group_decorator.py
[2024-11-20T00:36:27.547+0000] {logging_mixin.py:190} INFO - [2024-11-20T00:36:27.547+0000] {dag.py:3239} INFO - Sync 1 DAGs
[2024-11-20T00:36:27.559+0000] {logging_mixin.py:190} INFO - [2024-11-20T00:36:27.559+0000] {dag.py:4180} INFO - Setting next_dagrun for example_task_group_decorator to None, run_after=None
[2024-11-20T00:36:27.580+0000] {processor.py:208} INFO - Processing /home/ubuntu/airflow_venv/lib/python3.12/site-packages/airflow/example_dags/example_task_group_decorator.py took 0.077 seconds
[2024-11-20T00:37:20.700+0000] {processor.py:186} INFO - Started process (PID=4242) to work on /home/ubuntu/airflow_venv/lib/python3.12/site-packages/airflow/example_dags/example_task_group_decorator.py
[2024-11-20T00:37:20.702+0000] {processor.py:914} INFO - Processing file /home/ubuntu/airflow_venv/lib/python3.12/site-packages/airflow/example_dags/example_task_group_decorator.py for tasks to queue
[2024-11-20T00:37:20.703+0000] {logging_mixin.py:190} INFO - [2024-11-20T00:37:20.702+0000] {dagbag.py:588} INFO - Filling up the DagBag from /home/ubuntu/airflow_venv/lib/python3.12/site-packages/airflow/example_dags/example_task_group_decorator.py
[2024-11-20T00:37:20.718+0000] {processor.py:925} INFO - DAG(s) 'example_task_group_decorator' retrieved from /home/ubuntu/airflow_venv/lib/python3.12/site-packages/airflow/example_dags/example_task_group_decorator.py
[2024-11-20T00:37:20.738+0000] {logging_mixin.py:190} INFO - [2024-11-20T00:37:20.738+0000] {dag.py:3239} INFO - Sync 1 DAGs
[2024-11-20T00:37:20.750+0000] {logging_mixin.py:190} INFO - [2024-11-20T00:37:20.750+0000] {dag.py:4180} INFO - Setting next_dagrun for example_task_group_decorator to None, run_after=None
[2024-11-20T00:37:20.772+0000] {processor.py:208} INFO - Processing /home/ubuntu/airflow_venv/lib/python3.12/site-packages/airflow/example_dags/example_task_group_decorator.py took 0.079 seconds
[2024-11-20T00:38:17.739+0000] {processor.py:186} INFO - Started process (PID=4327) to work on /home/ubuntu/airflow_venv/lib/python3.12/site-packages/airflow/example_dags/example_task_group_decorator.py
[2024-11-20T00:38:17.741+0000] {processor.py:914} INFO - Processing file /home/ubuntu/airflow_venv/lib/python3.12/site-packages/airflow/example_dags/example_task_group_decorator.py for tasks to queue
[2024-11-20T00:38:17.742+0000] {logging_mixin.py:190} INFO - [2024-11-20T00:38:17.742+0000] {dagbag.py:588} INFO - Filling up the DagBag from /home/ubuntu/airflow_venv/lib/python3.12/site-packages/airflow/example_dags/example_task_group_decorator.py
[2024-11-20T00:38:17.768+0000] {processor.py:925} INFO - DAG(s) 'example_task_group_decorator' retrieved from /home/ubuntu/airflow_venv/lib/python3.12/site-packages/airflow/example_dags/example_task_group_decorator.py
[2024-11-20T00:38:17.787+0000] {logging_mixin.py:190} INFO - [2024-11-20T00:38:17.786+0000] {dag.py:3239} INFO - Sync 1 DAGs
[2024-11-20T00:38:17.798+0000] {logging_mixin.py:190} INFO - [2024-11-20T00:38:17.798+0000] {dag.py:4180} INFO - Setting next_dagrun for example_task_group_decorator to None, run_after=None
[2024-11-20T00:38:17.818+0000] {processor.py:208} INFO - Processing /home/ubuntu/airflow_venv/lib/python3.12/site-packages/airflow/example_dags/example_task_group_decorator.py took 0.086 seconds
[2024-11-20T00:39:13.824+0000] {processor.py:186} INFO - Started process (PID=4385) to work on /home/ubuntu/airflow_venv/lib/python3.12/site-packages/airflow/example_dags/example_task_group_decorator.py
[2024-11-20T00:39:13.826+0000] {processor.py:914} INFO - Processing file /home/ubuntu/airflow_venv/lib/python3.12/site-packages/airflow/example_dags/example_task_group_decorator.py for tasks to queue
[2024-11-20T00:39:13.827+0000] {logging_mixin.py:190} INFO - [2024-11-20T00:39:13.827+0000] {dagbag.py:588} INFO - Filling up the DagBag from /home/ubuntu/airflow_venv/lib/python3.12/site-packages/airflow/example_dags/example_task_group_decorator.py
[2024-11-20T00:39:13.842+0000] {processor.py:925} INFO - DAG(s) 'example_task_group_decorator' retrieved from /home/ubuntu/airflow_venv/lib/python3.12/site-packages/airflow/example_dags/example_task_group_decorator.py
[2024-11-20T00:39:13.862+0000] {logging_mixin.py:190} INFO - [2024-11-20T00:39:13.861+0000] {dag.py:3239} INFO - Sync 1 DAGs
[2024-11-20T00:39:13.874+0000] {logging_mixin.py:190} INFO - [2024-11-20T00:39:13.873+0000] {dag.py:4180} INFO - Setting next_dagrun for example_task_group_decorator to None, run_after=None
[2024-11-20T00:39:13.899+0000] {processor.py:208} INFO - Processing /home/ubuntu/airflow_venv/lib/python3.12/site-packages/airflow/example_dags/example_task_group_decorator.py took 0.081 seconds
[2024-11-20T00:40:15.976+0000] {processor.py:186} INFO - Started process (PID=4481) to work on /home/ubuntu/airflow_venv/lib/python3.12/site-packages/airflow/example_dags/example_task_group_decorator.py
[2024-11-20T00:40:15.978+0000] {processor.py:914} INFO - Processing file /home/ubuntu/airflow_venv/lib/python3.12/site-packages/airflow/example_dags/example_task_group_decorator.py for tasks to queue
[2024-11-20T00:40:15.980+0000] {logging_mixin.py:190} INFO - [2024-11-20T00:40:15.979+0000] {dagbag.py:588} INFO - Filling up the DagBag from /home/ubuntu/airflow_venv/lib/python3.12/site-packages/airflow/example_dags/example_task_group_decorator.py
[2024-11-20T00:40:15.994+0000] {processor.py:925} INFO - DAG(s) 'example_task_group_decorator' retrieved from /home/ubuntu/airflow_venv/lib/python3.12/site-packages/airflow/example_dags/example_task_group_decorator.py
[2024-11-20T00:40:16.014+0000] {logging_mixin.py:190} INFO - [2024-11-20T00:40:16.014+0000] {dag.py:3239} INFO - Sync 1 DAGs
[2024-11-20T00:40:16.026+0000] {logging_mixin.py:190} INFO - [2024-11-20T00:40:16.026+0000] {dag.py:4180} INFO - Setting next_dagrun for example_task_group_decorator to None, run_after=None
[2024-11-20T00:40:16.047+0000] {processor.py:208} INFO - Processing /home/ubuntu/airflow_venv/lib/python3.12/site-packages/airflow/example_dags/example_task_group_decorator.py took 0.080 seconds
[2024-11-20T00:41:12.943+0000] {processor.py:186} INFO - Started process (PID=4542) to work on /home/ubuntu/airflow_venv/lib/python3.12/site-packages/airflow/example_dags/example_task_group_decorator.py
[2024-11-20T00:41:12.945+0000] {processor.py:914} INFO - Processing file /home/ubuntu/airflow_venv/lib/python3.12/site-packages/airflow/example_dags/example_task_group_decorator.py for tasks to queue
[2024-11-20T00:41:12.946+0000] {logging_mixin.py:190} INFO - [2024-11-20T00:41:12.946+0000] {dagbag.py:588} INFO - Filling up the DagBag from /home/ubuntu/airflow_venv/lib/python3.12/site-packages/airflow/example_dags/example_task_group_decorator.py
[2024-11-20T00:41:12.961+0000] {processor.py:925} INFO - DAG(s) 'example_task_group_decorator' retrieved from /home/ubuntu/airflow_venv/lib/python3.12/site-packages/airflow/example_dags/example_task_group_decorator.py
[2024-11-20T00:41:12.979+0000] {logging_mixin.py:190} INFO - [2024-11-20T00:41:12.979+0000] {dag.py:3239} INFO - Sync 1 DAGs
[2024-11-20T00:41:12.992+0000] {logging_mixin.py:190} INFO - [2024-11-20T00:41:12.992+0000] {dag.py:4180} INFO - Setting next_dagrun for example_task_group_decorator to None, run_after=None
[2024-11-20T00:41:13.013+0000] {processor.py:208} INFO - Processing /home/ubuntu/airflow_venv/lib/python3.12/site-packages/airflow/example_dags/example_task_group_decorator.py took 0.077 seconds
[2024-11-20T00:42:05.358+0000] {processor.py:186} INFO - Started process (PID=4597) to work on /home/ubuntu/airflow_venv/lib/python3.12/site-packages/airflow/example_dags/example_task_group_decorator.py
[2024-11-20T00:42:05.359+0000] {processor.py:914} INFO - Processing file /home/ubuntu/airflow_venv/lib/python3.12/site-packages/airflow/example_dags/example_task_group_decorator.py for tasks to queue
[2024-11-20T00:42:05.360+0000] {logging_mixin.py:190} INFO - [2024-11-20T00:42:05.360+0000] {dagbag.py:588} INFO - Filling up the DagBag from /home/ubuntu/airflow_venv/lib/python3.12/site-packages/airflow/example_dags/example_task_group_decorator.py
[2024-11-20T00:42:05.376+0000] {processor.py:925} INFO - DAG(s) 'example_task_group_decorator' retrieved from /home/ubuntu/airflow_venv/lib/python3.12/site-packages/airflow/example_dags/example_task_group_decorator.py
[2024-11-20T00:42:05.395+0000] {logging_mixin.py:190} INFO - [2024-11-20T00:42:05.395+0000] {dag.py:3239} INFO - Sync 1 DAGs
[2024-11-20T00:42:05.406+0000] {logging_mixin.py:190} INFO - [2024-11-20T00:42:05.406+0000] {dag.py:4180} INFO - Setting next_dagrun for example_task_group_decorator to None, run_after=None
[2024-11-20T00:42:05.427+0000] {processor.py:208} INFO - Processing /home/ubuntu/airflow_venv/lib/python3.12/site-packages/airflow/example_dags/example_task_group_decorator.py took 0.076 seconds
[2024-11-20T00:42:59.333+0000] {processor.py:186} INFO - Started process (PID=4652) to work on /home/ubuntu/airflow_venv/lib/python3.12/site-packages/airflow/example_dags/example_task_group_decorator.py
[2024-11-20T00:42:59.335+0000] {processor.py:914} INFO - Processing file /home/ubuntu/airflow_venv/lib/python3.12/site-packages/airflow/example_dags/example_task_group_decorator.py for tasks to queue
[2024-11-20T00:42:59.336+0000] {logging_mixin.py:190} INFO - [2024-11-20T00:42:59.335+0000] {dagbag.py:588} INFO - Filling up the DagBag from /home/ubuntu/airflow_venv/lib/python3.12/site-packages/airflow/example_dags/example_task_group_decorator.py
[2024-11-20T00:42:59.351+0000] {processor.py:925} INFO - DAG(s) 'example_task_group_decorator' retrieved from /home/ubuntu/airflow_venv/lib/python3.12/site-packages/airflow/example_dags/example_task_group_decorator.py
[2024-11-20T00:42:59.370+0000] {logging_mixin.py:190} INFO - [2024-11-20T00:42:59.370+0000] {dag.py:3239} INFO - Sync 1 DAGs
[2024-11-20T00:42:59.382+0000] {logging_mixin.py:190} INFO - [2024-11-20T00:42:59.382+0000] {dag.py:4180} INFO - Setting next_dagrun for example_task_group_decorator to None, run_after=None
[2024-11-20T00:42:59.403+0000] {processor.py:208} INFO - Processing /home/ubuntu/airflow_venv/lib/python3.12/site-packages/airflow/example_dags/example_task_group_decorator.py took 0.077 seconds
[2024-11-20T00:43:55.294+0000] {processor.py:186} INFO - Started process (PID=4711) to work on /home/ubuntu/airflow_venv/lib/python3.12/site-packages/airflow/example_dags/example_task_group_decorator.py
[2024-11-20T00:43:55.296+0000] {processor.py:914} INFO - Processing file /home/ubuntu/airflow_venv/lib/python3.12/site-packages/airflow/example_dags/example_task_group_decorator.py for tasks to queue
[2024-11-20T00:43:55.297+0000] {logging_mixin.py:190} INFO - [2024-11-20T00:43:55.297+0000] {dagbag.py:588} INFO - Filling up the DagBag from /home/ubuntu/airflow_venv/lib/python3.12/site-packages/airflow/example_dags/example_task_group_decorator.py
[2024-11-20T00:43:55.312+0000] {processor.py:925} INFO - DAG(s) 'example_task_group_decorator' retrieved from /home/ubuntu/airflow_venv/lib/python3.12/site-packages/airflow/example_dags/example_task_group_decorator.py
[2024-11-20T00:43:55.332+0000] {logging_mixin.py:190} INFO - [2024-11-20T00:43:55.332+0000] {dag.py:3239} INFO - Sync 1 DAGs
[2024-11-20T00:43:55.343+0000] {logging_mixin.py:190} INFO - [2024-11-20T00:43:55.343+0000] {dag.py:4180} INFO - Setting next_dagrun for example_task_group_decorator to None, run_after=None
[2024-11-20T00:43:55.364+0000] {processor.py:208} INFO - Processing /home/ubuntu/airflow_venv/lib/python3.12/site-packages/airflow/example_dags/example_task_group_decorator.py took 0.077 seconds
[2024-11-20T00:44:50.329+0000] {processor.py:186} INFO - Started process (PID=4766) to work on /home/ubuntu/airflow_venv/lib/python3.12/site-packages/airflow/example_dags/example_task_group_decorator.py
[2024-11-20T00:44:50.330+0000] {processor.py:914} INFO - Processing file /home/ubuntu/airflow_venv/lib/python3.12/site-packages/airflow/example_dags/example_task_group_decorator.py for tasks to queue
[2024-11-20T00:44:50.331+0000] {logging_mixin.py:190} INFO - [2024-11-20T00:44:50.330+0000] {dagbag.py:588} INFO - Filling up the DagBag from /home/ubuntu/airflow_venv/lib/python3.12/site-packages/airflow/example_dags/example_task_group_decorator.py
[2024-11-20T00:44:50.347+0000] {processor.py:925} INFO - DAG(s) 'example_task_group_decorator' retrieved from /home/ubuntu/airflow_venv/lib/python3.12/site-packages/airflow/example_dags/example_task_group_decorator.py
[2024-11-20T00:44:50.365+0000] {logging_mixin.py:190} INFO - [2024-11-20T00:44:50.365+0000] {dag.py:3239} INFO - Sync 1 DAGs
[2024-11-20T00:44:50.377+0000] {logging_mixin.py:190} INFO - [2024-11-20T00:44:50.377+0000] {dag.py:4180} INFO - Setting next_dagrun for example_task_group_decorator to None, run_after=None
[2024-11-20T00:44:50.400+0000] {processor.py:208} INFO - Processing /home/ubuntu/airflow_venv/lib/python3.12/site-packages/airflow/example_dags/example_task_group_decorator.py took 0.078 seconds
[2024-11-20T00:45:45.700+0000] {processor.py:186} INFO - Started process (PID=4826) to work on /home/ubuntu/airflow_venv/lib/python3.12/site-packages/airflow/example_dags/example_task_group_decorator.py
[2024-11-20T00:45:45.701+0000] {processor.py:914} INFO - Processing file /home/ubuntu/airflow_venv/lib/python3.12/site-packages/airflow/example_dags/example_task_group_decorator.py for tasks to queue
[2024-11-20T00:45:45.703+0000] {logging_mixin.py:190} INFO - [2024-11-20T00:45:45.703+0000] {dagbag.py:588} INFO - Filling up the DagBag from /home/ubuntu/airflow_venv/lib/python3.12/site-packages/airflow/example_dags/example_task_group_decorator.py
[2024-11-20T00:45:45.719+0000] {processor.py:925} INFO - DAG(s) 'example_task_group_decorator' retrieved from /home/ubuntu/airflow_venv/lib/python3.12/site-packages/airflow/example_dags/example_task_group_decorator.py
[2024-11-20T00:45:45.739+0000] {logging_mixin.py:190} INFO - [2024-11-20T00:45:45.739+0000] {dag.py:3239} INFO - Sync 1 DAGs
[2024-11-20T00:45:45.751+0000] {logging_mixin.py:190} INFO - [2024-11-20T00:45:45.751+0000] {dag.py:4180} INFO - Setting next_dagrun for example_task_group_decorator to None, run_after=None
[2024-11-20T00:45:45.773+0000] {processor.py:208} INFO - Processing /home/ubuntu/airflow_venv/lib/python3.12/site-packages/airflow/example_dags/example_task_group_decorator.py took 0.080 seconds
[2024-11-20T00:46:39.330+0000] {processor.py:186} INFO - Started process (PID=4883) to work on /home/ubuntu/airflow_venv/lib/python3.12/site-packages/airflow/example_dags/example_task_group_decorator.py
[2024-11-20T00:46:39.331+0000] {processor.py:914} INFO - Processing file /home/ubuntu/airflow_venv/lib/python3.12/site-packages/airflow/example_dags/example_task_group_decorator.py for tasks to queue
[2024-11-20T00:46:39.332+0000] {logging_mixin.py:190} INFO - [2024-11-20T00:46:39.332+0000] {dagbag.py:588} INFO - Filling up the DagBag from /home/ubuntu/airflow_venv/lib/python3.12/site-packages/airflow/example_dags/example_task_group_decorator.py
[2024-11-20T00:46:39.347+0000] {processor.py:925} INFO - DAG(s) 'example_task_group_decorator' retrieved from /home/ubuntu/airflow_venv/lib/python3.12/site-packages/airflow/example_dags/example_task_group_decorator.py
[2024-11-20T00:46:39.367+0000] {logging_mixin.py:190} INFO - [2024-11-20T00:46:39.366+0000] {dag.py:3239} INFO - Sync 1 DAGs
[2024-11-20T00:46:39.378+0000] {logging_mixin.py:190} INFO - [2024-11-20T00:46:39.378+0000] {dag.py:4180} INFO - Setting next_dagrun for example_task_group_decorator to None, run_after=None
[2024-11-20T00:46:39.401+0000] {processor.py:208} INFO - Processing /home/ubuntu/airflow_venv/lib/python3.12/site-packages/airflow/example_dags/example_task_group_decorator.py took 0.079 seconds
[2024-11-20T00:47:31.500+0000] {processor.py:186} INFO - Started process (PID=4937) to work on /home/ubuntu/airflow_venv/lib/python3.12/site-packages/airflow/example_dags/example_task_group_decorator.py
[2024-11-20T00:47:31.502+0000] {processor.py:914} INFO - Processing file /home/ubuntu/airflow_venv/lib/python3.12/site-packages/airflow/example_dags/example_task_group_decorator.py for tasks to queue
[2024-11-20T00:47:31.503+0000] {logging_mixin.py:190} INFO - [2024-11-20T00:47:31.502+0000] {dagbag.py:588} INFO - Filling up the DagBag from /home/ubuntu/airflow_venv/lib/python3.12/site-packages/airflow/example_dags/example_task_group_decorator.py
[2024-11-20T00:47:31.518+0000] {processor.py:925} INFO - DAG(s) 'example_task_group_decorator' retrieved from /home/ubuntu/airflow_venv/lib/python3.12/site-packages/airflow/example_dags/example_task_group_decorator.py
[2024-11-20T00:47:31.536+0000] {logging_mixin.py:190} INFO - [2024-11-20T00:47:31.536+0000] {dag.py:3239} INFO - Sync 1 DAGs
[2024-11-20T00:47:31.547+0000] {logging_mixin.py:190} INFO - [2024-11-20T00:47:31.547+0000] {dag.py:4180} INFO - Setting next_dagrun for example_task_group_decorator to None, run_after=None
[2024-11-20T00:47:31.570+0000] {processor.py:208} INFO - Processing /home/ubuntu/airflow_venv/lib/python3.12/site-packages/airflow/example_dags/example_task_group_decorator.py took 0.076 seconds
[2024-11-20T00:48:23.721+0000] {processor.py:186} INFO - Started process (PID=4991) to work on /home/ubuntu/airflow_venv/lib/python3.12/site-packages/airflow/example_dags/example_task_group_decorator.py
[2024-11-20T00:48:23.724+0000] {processor.py:914} INFO - Processing file /home/ubuntu/airflow_venv/lib/python3.12/site-packages/airflow/example_dags/example_task_group_decorator.py for tasks to queue
[2024-11-20T00:48:23.725+0000] {logging_mixin.py:190} INFO - [2024-11-20T00:48:23.725+0000] {dagbag.py:588} INFO - Filling up the DagBag from /home/ubuntu/airflow_venv/lib/python3.12/site-packages/airflow/example_dags/example_task_group_decorator.py
[2024-11-20T00:48:23.740+0000] {processor.py:925} INFO - DAG(s) 'example_task_group_decorator' retrieved from /home/ubuntu/airflow_venv/lib/python3.12/site-packages/airflow/example_dags/example_task_group_decorator.py
[2024-11-20T00:48:23.760+0000] {logging_mixin.py:190} INFO - [2024-11-20T00:48:23.759+0000] {dag.py:3239} INFO - Sync 1 DAGs
[2024-11-20T00:48:23.771+0000] {logging_mixin.py:190} INFO - [2024-11-20T00:48:23.771+0000] {dag.py:4180} INFO - Setting next_dagrun for example_task_group_decorator to None, run_after=None
[2024-11-20T00:48:23.794+0000] {processor.py:208} INFO - Processing /home/ubuntu/airflow_venv/lib/python3.12/site-packages/airflow/example_dags/example_task_group_decorator.py took 0.079 seconds
[2024-11-20T00:49:17.550+0000] {processor.py:186} INFO - Started process (PID=5048) to work on /home/ubuntu/airflow_venv/lib/python3.12/site-packages/airflow/example_dags/example_task_group_decorator.py
[2024-11-20T00:49:17.552+0000] {processor.py:914} INFO - Processing file /home/ubuntu/airflow_venv/lib/python3.12/site-packages/airflow/example_dags/example_task_group_decorator.py for tasks to queue
[2024-11-20T00:49:17.553+0000] {logging_mixin.py:190} INFO - [2024-11-20T00:49:17.553+0000] {dagbag.py:588} INFO - Filling up the DagBag from /home/ubuntu/airflow_venv/lib/python3.12/site-packages/airflow/example_dags/example_task_group_decorator.py
[2024-11-20T00:49:17.568+0000] {processor.py:925} INFO - DAG(s) 'example_task_group_decorator' retrieved from /home/ubuntu/airflow_venv/lib/python3.12/site-packages/airflow/example_dags/example_task_group_decorator.py
[2024-11-20T00:49:17.589+0000] {logging_mixin.py:190} INFO - [2024-11-20T00:49:17.588+0000] {dag.py:3239} INFO - Sync 1 DAGs
[2024-11-20T00:49:17.601+0000] {logging_mixin.py:190} INFO - [2024-11-20T00:49:17.601+0000] {dag.py:4180} INFO - Setting next_dagrun for example_task_group_decorator to None, run_after=None
[2024-11-20T00:49:17.623+0000] {processor.py:208} INFO - Processing /home/ubuntu/airflow_venv/lib/python3.12/site-packages/airflow/example_dags/example_task_group_decorator.py took 0.082 seconds
[2024-11-20T00:50:11.294+0000] {processor.py:186} INFO - Started process (PID=5104) to work on /home/ubuntu/airflow_venv/lib/python3.12/site-packages/airflow/example_dags/example_task_group_decorator.py
[2024-11-20T00:50:11.296+0000] {processor.py:914} INFO - Processing file /home/ubuntu/airflow_venv/lib/python3.12/site-packages/airflow/example_dags/example_task_group_decorator.py for tasks to queue
[2024-11-20T00:50:11.298+0000] {logging_mixin.py:190} INFO - [2024-11-20T00:50:11.297+0000] {dagbag.py:588} INFO - Filling up the DagBag from /home/ubuntu/airflow_venv/lib/python3.12/site-packages/airflow/example_dags/example_task_group_decorator.py
[2024-11-20T00:50:11.313+0000] {processor.py:925} INFO - DAG(s) 'example_task_group_decorator' retrieved from /home/ubuntu/airflow_venv/lib/python3.12/site-packages/airflow/example_dags/example_task_group_decorator.py
[2024-11-20T00:50:11.332+0000] {logging_mixin.py:190} INFO - [2024-11-20T00:50:11.332+0000] {dag.py:3239} INFO - Sync 1 DAGs
[2024-11-20T00:50:11.345+0000] {logging_mixin.py:190} INFO - [2024-11-20T00:50:11.345+0000] {dag.py:4180} INFO - Setting next_dagrun for example_task_group_decorator to None, run_after=None
[2024-11-20T00:50:11.367+0000] {processor.py:208} INFO - Processing /home/ubuntu/airflow_venv/lib/python3.12/site-packages/airflow/example_dags/example_task_group_decorator.py took 0.079 seconds
[2024-11-20T00:51:06.192+0000] {processor.py:186} INFO - Started process (PID=5162) to work on /home/ubuntu/airflow_venv/lib/python3.12/site-packages/airflow/example_dags/example_task_group_decorator.py
[2024-11-20T00:51:06.194+0000] {processor.py:914} INFO - Processing file /home/ubuntu/airflow_venv/lib/python3.12/site-packages/airflow/example_dags/example_task_group_decorator.py for tasks to queue
[2024-11-20T00:51:06.196+0000] {logging_mixin.py:190} INFO - [2024-11-20T00:51:06.195+0000] {dagbag.py:588} INFO - Filling up the DagBag from /home/ubuntu/airflow_venv/lib/python3.12/site-packages/airflow/example_dags/example_task_group_decorator.py
[2024-11-20T00:51:06.211+0000] {processor.py:925} INFO - DAG(s) 'example_task_group_decorator' retrieved from /home/ubuntu/airflow_venv/lib/python3.12/site-packages/airflow/example_dags/example_task_group_decorator.py
[2024-11-20T00:51:06.229+0000] {logging_mixin.py:190} INFO - [2024-11-20T00:51:06.229+0000] {dag.py:3239} INFO - Sync 1 DAGs
[2024-11-20T00:51:06.241+0000] {logging_mixin.py:190} INFO - [2024-11-20T00:51:06.241+0000] {dag.py:4180} INFO - Setting next_dagrun for example_task_group_decorator to None, run_after=None
[2024-11-20T00:51:06.263+0000] {processor.py:208} INFO - Processing /home/ubuntu/airflow_venv/lib/python3.12/site-packages/airflow/example_dags/example_task_group_decorator.py took 0.077 seconds
[2024-11-20T00:52:03.385+0000] {processor.py:186} INFO - Started process (PID=5221) to work on /home/ubuntu/airflow_venv/lib/python3.12/site-packages/airflow/example_dags/example_task_group_decorator.py
[2024-11-20T00:52:03.387+0000] {processor.py:914} INFO - Processing file /home/ubuntu/airflow_venv/lib/python3.12/site-packages/airflow/example_dags/example_task_group_decorator.py for tasks to queue
[2024-11-20T00:52:03.388+0000] {logging_mixin.py:190} INFO - [2024-11-20T00:52:03.388+0000] {dagbag.py:588} INFO - Filling up the DagBag from /home/ubuntu/airflow_venv/lib/python3.12/site-packages/airflow/example_dags/example_task_group_decorator.py
[2024-11-20T00:52:03.404+0000] {processor.py:925} INFO - DAG(s) 'example_task_group_decorator' retrieved from /home/ubuntu/airflow_venv/lib/python3.12/site-packages/airflow/example_dags/example_task_group_decorator.py
[2024-11-20T00:52:03.424+0000] {logging_mixin.py:190} INFO - [2024-11-20T00:52:03.423+0000] {dag.py:3239} INFO - Sync 1 DAGs
[2024-11-20T00:52:03.436+0000] {logging_mixin.py:190} INFO - [2024-11-20T00:52:03.436+0000] {dag.py:4180} INFO - Setting next_dagrun for example_task_group_decorator to None, run_after=None
[2024-11-20T00:52:03.457+0000] {processor.py:208} INFO - Processing /home/ubuntu/airflow_venv/lib/python3.12/site-packages/airflow/example_dags/example_task_group_decorator.py took 0.078 seconds
[2024-11-20T00:52:59.152+0000] {processor.py:186} INFO - Started process (PID=5277) to work on /home/ubuntu/airflow_venv/lib/python3.12/site-packages/airflow/example_dags/example_task_group_decorator.py
[2024-11-20T00:52:59.153+0000] {processor.py:914} INFO - Processing file /home/ubuntu/airflow_venv/lib/python3.12/site-packages/airflow/example_dags/example_task_group_decorator.py for tasks to queue
[2024-11-20T00:52:59.154+0000] {logging_mixin.py:190} INFO - [2024-11-20T00:52:59.154+0000] {dagbag.py:588} INFO - Filling up the DagBag from /home/ubuntu/airflow_venv/lib/python3.12/site-packages/airflow/example_dags/example_task_group_decorator.py
[2024-11-20T00:52:59.169+0000] {processor.py:925} INFO - DAG(s) 'example_task_group_decorator' retrieved from /home/ubuntu/airflow_venv/lib/python3.12/site-packages/airflow/example_dags/example_task_group_decorator.py
[2024-11-20T00:52:59.188+0000] {logging_mixin.py:190} INFO - [2024-11-20T00:52:59.188+0000] {dag.py:3239} INFO - Sync 1 DAGs
[2024-11-20T00:52:59.200+0000] {logging_mixin.py:190} INFO - [2024-11-20T00:52:59.200+0000] {dag.py:4180} INFO - Setting next_dagrun for example_task_group_decorator to None, run_after=None
[2024-11-20T00:52:59.222+0000] {processor.py:208} INFO - Processing /home/ubuntu/airflow_venv/lib/python3.12/site-packages/airflow/example_dags/example_task_group_decorator.py took 0.077 seconds
[2024-11-20T00:53:55.812+0000] {processor.py:186} INFO - Started process (PID=5335) to work on /home/ubuntu/airflow_venv/lib/python3.12/site-packages/airflow/example_dags/example_task_group_decorator.py
[2024-11-20T00:53:55.814+0000] {processor.py:914} INFO - Processing file /home/ubuntu/airflow_venv/lib/python3.12/site-packages/airflow/example_dags/example_task_group_decorator.py for tasks to queue
[2024-11-20T00:53:55.815+0000] {logging_mixin.py:190} INFO - [2024-11-20T00:53:55.815+0000] {dagbag.py:588} INFO - Filling up the DagBag from /home/ubuntu/airflow_venv/lib/python3.12/site-packages/airflow/example_dags/example_task_group_decorator.py
[2024-11-20T00:53:55.830+0000] {processor.py:925} INFO - DAG(s) 'example_task_group_decorator' retrieved from /home/ubuntu/airflow_venv/lib/python3.12/site-packages/airflow/example_dags/example_task_group_decorator.py
[2024-11-20T00:53:55.850+0000] {logging_mixin.py:190} INFO - [2024-11-20T00:53:55.849+0000] {dag.py:3239} INFO - Sync 1 DAGs
[2024-11-20T00:53:55.862+0000] {logging_mixin.py:190} INFO - [2024-11-20T00:53:55.862+0000] {dag.py:4180} INFO - Setting next_dagrun for example_task_group_decorator to None, run_after=None
[2024-11-20T00:53:55.883+0000] {processor.py:208} INFO - Processing /home/ubuntu/airflow_venv/lib/python3.12/site-packages/airflow/example_dags/example_task_group_decorator.py took 0.078 seconds
[2024-11-20T00:54:47.314+0000] {processor.py:186} INFO - Started process (PID=5402) to work on /home/ubuntu/airflow_venv/lib/python3.12/site-packages/airflow/example_dags/example_task_group_decorator.py
[2024-11-20T00:54:47.315+0000] {processor.py:914} INFO - Processing file /home/ubuntu/airflow_venv/lib/python3.12/site-packages/airflow/example_dags/example_task_group_decorator.py for tasks to queue
[2024-11-20T00:54:47.317+0000] {logging_mixin.py:190} INFO - [2024-11-20T00:54:47.316+0000] {dagbag.py:588} INFO - Filling up the DagBag from /home/ubuntu/airflow_venv/lib/python3.12/site-packages/airflow/example_dags/example_task_group_decorator.py
[2024-11-20T00:54:47.345+0000] {processor.py:925} INFO - DAG(s) 'example_task_group_decorator' retrieved from /home/ubuntu/airflow_venv/lib/python3.12/site-packages/airflow/example_dags/example_task_group_decorator.py
[2024-11-20T00:54:47.370+0000] {logging_mixin.py:190} INFO - [2024-11-20T00:54:47.370+0000] {dag.py:3239} INFO - Sync 1 DAGs
[2024-11-20T00:54:47.381+0000] {logging_mixin.py:190} INFO - [2024-11-20T00:54:47.381+0000] {dag.py:4180} INFO - Setting next_dagrun for example_task_group_decorator to None, run_after=None
[2024-11-20T00:54:47.403+0000] {processor.py:208} INFO - Processing /home/ubuntu/airflow_venv/lib/python3.12/site-packages/airflow/example_dags/example_task_group_decorator.py took 0.097 seconds
[2024-11-20T00:55:39.851+0000] {processor.py:186} INFO - Started process (PID=5461) to work on /home/ubuntu/airflow_venv/lib/python3.12/site-packages/airflow/example_dags/example_task_group_decorator.py
[2024-11-20T00:55:39.854+0000] {processor.py:914} INFO - Processing file /home/ubuntu/airflow_venv/lib/python3.12/site-packages/airflow/example_dags/example_task_group_decorator.py for tasks to queue
[2024-11-20T00:55:39.855+0000] {logging_mixin.py:190} INFO - [2024-11-20T00:55:39.855+0000] {dagbag.py:588} INFO - Filling up the DagBag from /home/ubuntu/airflow_venv/lib/python3.12/site-packages/airflow/example_dags/example_task_group_decorator.py
[2024-11-20T00:55:39.871+0000] {processor.py:925} INFO - DAG(s) 'example_task_group_decorator' retrieved from /home/ubuntu/airflow_venv/lib/python3.12/site-packages/airflow/example_dags/example_task_group_decorator.py
[2024-11-20T00:55:39.890+0000] {logging_mixin.py:190} INFO - [2024-11-20T00:55:39.889+0000] {dag.py:3239} INFO - Sync 1 DAGs
[2024-11-20T00:55:39.901+0000] {logging_mixin.py:190} INFO - [2024-11-20T00:55:39.901+0000] {dag.py:4180} INFO - Setting next_dagrun for example_task_group_decorator to None, run_after=None
[2024-11-20T00:55:39.923+0000] {processor.py:208} INFO - Processing /home/ubuntu/airflow_venv/lib/python3.12/site-packages/airflow/example_dags/example_task_group_decorator.py took 0.078 seconds
[2024-11-20T00:56:33.005+0000] {processor.py:186} INFO - Started process (PID=5516) to work on /home/ubuntu/airflow_venv/lib/python3.12/site-packages/airflow/example_dags/example_task_group_decorator.py
[2024-11-20T00:56:33.008+0000] {processor.py:914} INFO - Processing file /home/ubuntu/airflow_venv/lib/python3.12/site-packages/airflow/example_dags/example_task_group_decorator.py for tasks to queue
[2024-11-20T00:56:33.010+0000] {logging_mixin.py:190} INFO - [2024-11-20T00:56:33.009+0000] {dagbag.py:588} INFO - Filling up the DagBag from /home/ubuntu/airflow_venv/lib/python3.12/site-packages/airflow/example_dags/example_task_group_decorator.py
[2024-11-20T00:56:33.025+0000] {processor.py:925} INFO - DAG(s) 'example_task_group_decorator' retrieved from /home/ubuntu/airflow_venv/lib/python3.12/site-packages/airflow/example_dags/example_task_group_decorator.py
[2024-11-20T00:56:33.046+0000] {logging_mixin.py:190} INFO - [2024-11-20T00:56:33.045+0000] {dag.py:3239} INFO - Sync 1 DAGs
[2024-11-20T00:56:33.057+0000] {logging_mixin.py:190} INFO - [2024-11-20T00:56:33.057+0000] {dag.py:4180} INFO - Setting next_dagrun for example_task_group_decorator to None, run_after=None
[2024-11-20T00:56:33.078+0000] {processor.py:208} INFO - Processing /home/ubuntu/airflow_venv/lib/python3.12/site-packages/airflow/example_dags/example_task_group_decorator.py took 0.080 seconds
[2024-11-20T00:57:25.543+0000] {processor.py:186} INFO - Started process (PID=5573) to work on /home/ubuntu/airflow_venv/lib/python3.12/site-packages/airflow/example_dags/example_task_group_decorator.py
[2024-11-20T00:57:25.545+0000] {processor.py:914} INFO - Processing file /home/ubuntu/airflow_venv/lib/python3.12/site-packages/airflow/example_dags/example_task_group_decorator.py for tasks to queue
[2024-11-20T00:57:25.546+0000] {logging_mixin.py:190} INFO - [2024-11-20T00:57:25.545+0000] {dagbag.py:588} INFO - Filling up the DagBag from /home/ubuntu/airflow_venv/lib/python3.12/site-packages/airflow/example_dags/example_task_group_decorator.py
[2024-11-20T00:57:25.561+0000] {processor.py:925} INFO - DAG(s) 'example_task_group_decorator' retrieved from /home/ubuntu/airflow_venv/lib/python3.12/site-packages/airflow/example_dags/example_task_group_decorator.py
[2024-11-20T00:57:25.580+0000] {logging_mixin.py:190} INFO - [2024-11-20T00:57:25.580+0000] {dag.py:3239} INFO - Sync 1 DAGs
[2024-11-20T00:57:25.592+0000] {logging_mixin.py:190} INFO - [2024-11-20T00:57:25.592+0000] {dag.py:4180} INFO - Setting next_dagrun for example_task_group_decorator to None, run_after=None
[2024-11-20T00:57:25.613+0000] {processor.py:208} INFO - Processing /home/ubuntu/airflow_venv/lib/python3.12/site-packages/airflow/example_dags/example_task_group_decorator.py took 0.078 seconds
[2024-11-20T00:58:19.324+0000] {processor.py:186} INFO - Started process (PID=5628) to work on /home/ubuntu/airflow_venv/lib/python3.12/site-packages/airflow/example_dags/example_task_group_decorator.py
[2024-11-20T00:58:19.325+0000] {processor.py:914} INFO - Processing file /home/ubuntu/airflow_venv/lib/python3.12/site-packages/airflow/example_dags/example_task_group_decorator.py for tasks to queue
[2024-11-20T00:58:19.326+0000] {logging_mixin.py:190} INFO - [2024-11-20T00:58:19.325+0000] {dagbag.py:588} INFO - Filling up the DagBag from /home/ubuntu/airflow_venv/lib/python3.12/site-packages/airflow/example_dags/example_task_group_decorator.py
[2024-11-20T00:58:19.340+0000] {processor.py:925} INFO - DAG(s) 'example_task_group_decorator' retrieved from /home/ubuntu/airflow_venv/lib/python3.12/site-packages/airflow/example_dags/example_task_group_decorator.py
[2024-11-20T00:58:19.366+0000] {logging_mixin.py:190} INFO - [2024-11-20T00:58:19.366+0000] {dag.py:3239} INFO - Sync 1 DAGs
[2024-11-20T00:58:19.378+0000] {logging_mixin.py:190} INFO - [2024-11-20T00:58:19.378+0000] {dag.py:4180} INFO - Setting next_dagrun for example_task_group_decorator to None, run_after=None
[2024-11-20T00:58:19.399+0000] {processor.py:208} INFO - Processing /home/ubuntu/airflow_venv/lib/python3.12/site-packages/airflow/example_dags/example_task_group_decorator.py took 0.082 seconds
[2024-11-20T00:59:10.923+0000] {processor.py:186} INFO - Started process (PID=5687) to work on /home/ubuntu/airflow_venv/lib/python3.12/site-packages/airflow/example_dags/example_task_group_decorator.py
[2024-11-20T00:59:10.924+0000] {processor.py:914} INFO - Processing file /home/ubuntu/airflow_venv/lib/python3.12/site-packages/airflow/example_dags/example_task_group_decorator.py for tasks to queue
[2024-11-20T00:59:10.925+0000] {logging_mixin.py:190} INFO - [2024-11-20T00:59:10.925+0000] {dagbag.py:588} INFO - Filling up the DagBag from /home/ubuntu/airflow_venv/lib/python3.12/site-packages/airflow/example_dags/example_task_group_decorator.py
[2024-11-20T00:59:10.941+0000] {processor.py:925} INFO - DAG(s) 'example_task_group_decorator' retrieved from /home/ubuntu/airflow_venv/lib/python3.12/site-packages/airflow/example_dags/example_task_group_decorator.py
[2024-11-20T00:59:10.961+0000] {logging_mixin.py:190} INFO - [2024-11-20T00:59:10.961+0000] {dag.py:3239} INFO - Sync 1 DAGs
[2024-11-20T00:59:10.973+0000] {logging_mixin.py:190} INFO - [2024-11-20T00:59:10.973+0000] {dag.py:4180} INFO - Setting next_dagrun for example_task_group_decorator to None, run_after=None
[2024-11-20T00:59:10.994+0000] {processor.py:208} INFO - Processing /home/ubuntu/airflow_venv/lib/python3.12/site-packages/airflow/example_dags/example_task_group_decorator.py took 0.078 seconds
[2024-11-20T01:00:06.776+0000] {processor.py:186} INFO - Started process (PID=5746) to work on /home/ubuntu/airflow_venv/lib/python3.12/site-packages/airflow/example_dags/example_task_group_decorator.py
[2024-11-20T01:00:06.778+0000] {processor.py:914} INFO - Processing file /home/ubuntu/airflow_venv/lib/python3.12/site-packages/airflow/example_dags/example_task_group_decorator.py for tasks to queue
[2024-11-20T01:00:06.779+0000] {logging_mixin.py:190} INFO - [2024-11-20T01:00:06.779+0000] {dagbag.py:588} INFO - Filling up the DagBag from /home/ubuntu/airflow_venv/lib/python3.12/site-packages/airflow/example_dags/example_task_group_decorator.py
[2024-11-20T01:00:06.794+0000] {processor.py:925} INFO - DAG(s) 'example_task_group_decorator' retrieved from /home/ubuntu/airflow_venv/lib/python3.12/site-packages/airflow/example_dags/example_task_group_decorator.py
[2024-11-20T01:00:06.814+0000] {logging_mixin.py:190} INFO - [2024-11-20T01:00:06.814+0000] {dag.py:3239} INFO - Sync 1 DAGs
[2024-11-20T01:00:06.826+0000] {logging_mixin.py:190} INFO - [2024-11-20T01:00:06.826+0000] {dag.py:4180} INFO - Setting next_dagrun for example_task_group_decorator to None, run_after=None
[2024-11-20T01:00:06.848+0000] {processor.py:208} INFO - Processing /home/ubuntu/airflow_venv/lib/python3.12/site-packages/airflow/example_dags/example_task_group_decorator.py took 0.080 seconds
[2024-11-20T01:01:01.429+0000] {processor.py:186} INFO - Started process (PID=5802) to work on /home/ubuntu/airflow_venv/lib/python3.12/site-packages/airflow/example_dags/example_task_group_decorator.py
[2024-11-20T01:01:01.430+0000] {processor.py:914} INFO - Processing file /home/ubuntu/airflow_venv/lib/python3.12/site-packages/airflow/example_dags/example_task_group_decorator.py for tasks to queue
[2024-11-20T01:01:01.431+0000] {logging_mixin.py:190} INFO - [2024-11-20T01:01:01.431+0000] {dagbag.py:588} INFO - Filling up the DagBag from /home/ubuntu/airflow_venv/lib/python3.12/site-packages/airflow/example_dags/example_task_group_decorator.py
[2024-11-20T01:01:01.447+0000] {processor.py:925} INFO - DAG(s) 'example_task_group_decorator' retrieved from /home/ubuntu/airflow_venv/lib/python3.12/site-packages/airflow/example_dags/example_task_group_decorator.py
[2024-11-20T01:01:01.468+0000] {logging_mixin.py:190} INFO - [2024-11-20T01:01:01.468+0000] {dag.py:3239} INFO - Sync 1 DAGs
[2024-11-20T01:01:01.481+0000] {logging_mixin.py:190} INFO - [2024-11-20T01:01:01.480+0000] {dag.py:4180} INFO - Setting next_dagrun for example_task_group_decorator to None, run_after=None
[2024-11-20T01:01:01.507+0000] {processor.py:208} INFO - Processing /home/ubuntu/airflow_venv/lib/python3.12/site-packages/airflow/example_dags/example_task_group_decorator.py took 0.085 seconds
[2024-11-20T01:02:12.106+0000] {processor.py:186} INFO - Started process (PID=5882) to work on /home/ubuntu/airflow_venv/lib/python3.12/site-packages/airflow/example_dags/example_task_group_decorator.py
[2024-11-20T01:02:12.108+0000] {processor.py:914} INFO - Processing file /home/ubuntu/airflow_venv/lib/python3.12/site-packages/airflow/example_dags/example_task_group_decorator.py for tasks to queue
[2024-11-20T01:02:12.110+0000] {logging_mixin.py:190} INFO - [2024-11-20T01:02:12.109+0000] {dagbag.py:588} INFO - Filling up the DagBag from /home/ubuntu/airflow_venv/lib/python3.12/site-packages/airflow/example_dags/example_task_group_decorator.py
[2024-11-20T01:02:12.124+0000] {processor.py:925} INFO - DAG(s) 'example_task_group_decorator' retrieved from /home/ubuntu/airflow_venv/lib/python3.12/site-packages/airflow/example_dags/example_task_group_decorator.py
[2024-11-20T01:02:12.143+0000] {logging_mixin.py:190} INFO - [2024-11-20T01:02:12.143+0000] {dag.py:3239} INFO - Sync 1 DAGs
[2024-11-20T01:02:12.156+0000] {logging_mixin.py:190} INFO - [2024-11-20T01:02:12.155+0000] {dag.py:4180} INFO - Setting next_dagrun for example_task_group_decorator to None, run_after=None
[2024-11-20T01:02:12.177+0000] {processor.py:208} INFO - Processing /home/ubuntu/airflow_venv/lib/python3.12/site-packages/airflow/example_dags/example_task_group_decorator.py took 0.078 seconds
[2024-11-20T01:03:09.564+0000] {processor.py:186} INFO - Started process (PID=5940) to work on /home/ubuntu/airflow_venv/lib/python3.12/site-packages/airflow/example_dags/example_task_group_decorator.py
[2024-11-20T01:03:09.566+0000] {processor.py:914} INFO - Processing file /home/ubuntu/airflow_venv/lib/python3.12/site-packages/airflow/example_dags/example_task_group_decorator.py for tasks to queue
[2024-11-20T01:03:09.566+0000] {logging_mixin.py:190} INFO - [2024-11-20T01:03:09.566+0000] {dagbag.py:588} INFO - Filling up the DagBag from /home/ubuntu/airflow_venv/lib/python3.12/site-packages/airflow/example_dags/example_task_group_decorator.py
[2024-11-20T01:03:09.582+0000] {processor.py:925} INFO - DAG(s) 'example_task_group_decorator' retrieved from /home/ubuntu/airflow_venv/lib/python3.12/site-packages/airflow/example_dags/example_task_group_decorator.py
[2024-11-20T01:03:09.602+0000] {logging_mixin.py:190} INFO - [2024-11-20T01:03:09.602+0000] {dag.py:3239} INFO - Sync 1 DAGs
[2024-11-20T01:03:09.614+0000] {logging_mixin.py:190} INFO - [2024-11-20T01:03:09.614+0000] {dag.py:4180} INFO - Setting next_dagrun for example_task_group_decorator to None, run_after=None
[2024-11-20T01:03:09.635+0000] {processor.py:208} INFO - Processing /home/ubuntu/airflow_venv/lib/python3.12/site-packages/airflow/example_dags/example_task_group_decorator.py took 0.083 seconds
[2024-11-20T01:04:05.127+0000] {processor.py:186} INFO - Started process (PID=5997) to work on /home/ubuntu/airflow_venv/lib/python3.12/site-packages/airflow/example_dags/example_task_group_decorator.py
[2024-11-20T01:04:05.129+0000] {processor.py:914} INFO - Processing file /home/ubuntu/airflow_venv/lib/python3.12/site-packages/airflow/example_dags/example_task_group_decorator.py for tasks to queue
[2024-11-20T01:04:05.130+0000] {logging_mixin.py:190} INFO - [2024-11-20T01:04:05.130+0000] {dagbag.py:588} INFO - Filling up the DagBag from /home/ubuntu/airflow_venv/lib/python3.12/site-packages/airflow/example_dags/example_task_group_decorator.py
[2024-11-20T01:04:05.146+0000] {processor.py:925} INFO - DAG(s) 'example_task_group_decorator' retrieved from /home/ubuntu/airflow_venv/lib/python3.12/site-packages/airflow/example_dags/example_task_group_decorator.py
[2024-11-20T01:04:05.164+0000] {logging_mixin.py:190} INFO - [2024-11-20T01:04:05.164+0000] {dag.py:3239} INFO - Sync 1 DAGs
[2024-11-20T01:04:05.177+0000] {logging_mixin.py:190} INFO - [2024-11-20T01:04:05.176+0000] {dag.py:4180} INFO - Setting next_dagrun for example_task_group_decorator to None, run_after=None
[2024-11-20T01:04:05.199+0000] {processor.py:208} INFO - Processing /home/ubuntu/airflow_venv/lib/python3.12/site-packages/airflow/example_dags/example_task_group_decorator.py took 0.078 seconds
[2024-11-20T01:05:01.069+0000] {processor.py:186} INFO - Started process (PID=6053) to work on /home/ubuntu/airflow_venv/lib/python3.12/site-packages/airflow/example_dags/example_task_group_decorator.py
[2024-11-20T01:05:01.071+0000] {processor.py:914} INFO - Processing file /home/ubuntu/airflow_venv/lib/python3.12/site-packages/airflow/example_dags/example_task_group_decorator.py for tasks to queue
[2024-11-20T01:05:01.072+0000] {logging_mixin.py:190} INFO - [2024-11-20T01:05:01.072+0000] {dagbag.py:588} INFO - Filling up the DagBag from /home/ubuntu/airflow_venv/lib/python3.12/site-packages/airflow/example_dags/example_task_group_decorator.py
[2024-11-20T01:05:01.086+0000] {processor.py:925} INFO - DAG(s) 'example_task_group_decorator' retrieved from /home/ubuntu/airflow_venv/lib/python3.12/site-packages/airflow/example_dags/example_task_group_decorator.py
[2024-11-20T01:05:01.107+0000] {logging_mixin.py:190} INFO - [2024-11-20T01:05:01.107+0000] {dag.py:3239} INFO - Sync 1 DAGs
[2024-11-20T01:05:01.120+0000] {logging_mixin.py:190} INFO - [2024-11-20T01:05:01.119+0000] {dag.py:4180} INFO - Setting next_dagrun for example_task_group_decorator to None, run_after=None
[2024-11-20T01:05:01.142+0000] {processor.py:208} INFO - Processing /home/ubuntu/airflow_venv/lib/python3.12/site-packages/airflow/example_dags/example_task_group_decorator.py took 0.079 seconds
[2024-11-20T01:05:58.278+0000] {processor.py:186} INFO - Started process (PID=6115) to work on /home/ubuntu/airflow_venv/lib/python3.12/site-packages/airflow/example_dags/example_task_group_decorator.py
[2024-11-20T01:05:58.280+0000] {processor.py:914} INFO - Processing file /home/ubuntu/airflow_venv/lib/python3.12/site-packages/airflow/example_dags/example_task_group_decorator.py for tasks to queue
[2024-11-20T01:05:58.282+0000] {logging_mixin.py:190} INFO - [2024-11-20T01:05:58.281+0000] {dagbag.py:588} INFO - Filling up the DagBag from /home/ubuntu/airflow_venv/lib/python3.12/site-packages/airflow/example_dags/example_task_group_decorator.py
[2024-11-20T01:05:58.297+0000] {processor.py:925} INFO - DAG(s) 'example_task_group_decorator' retrieved from /home/ubuntu/airflow_venv/lib/python3.12/site-packages/airflow/example_dags/example_task_group_decorator.py
[2024-11-20T01:05:58.318+0000] {logging_mixin.py:190} INFO - [2024-11-20T01:05:58.317+0000] {dag.py:3239} INFO - Sync 1 DAGs
[2024-11-20T01:05:58.329+0000] {logging_mixin.py:190} INFO - [2024-11-20T01:05:58.329+0000] {dag.py:4180} INFO - Setting next_dagrun for example_task_group_decorator to None, run_after=None
[2024-11-20T01:05:58.352+0000] {processor.py:208} INFO - Processing /home/ubuntu/airflow_venv/lib/python3.12/site-packages/airflow/example_dags/example_task_group_decorator.py took 0.080 seconds
[2024-11-20T01:06:49.845+0000] {processor.py:186} INFO - Started process (PID=6169) to work on /home/ubuntu/airflow_venv/lib/python3.12/site-packages/airflow/example_dags/example_task_group_decorator.py
[2024-11-20T01:06:49.847+0000] {processor.py:914} INFO - Processing file /home/ubuntu/airflow_venv/lib/python3.12/site-packages/airflow/example_dags/example_task_group_decorator.py for tasks to queue
[2024-11-20T01:06:49.849+0000] {logging_mixin.py:190} INFO - [2024-11-20T01:06:49.849+0000] {dagbag.py:588} INFO - Filling up the DagBag from /home/ubuntu/airflow_venv/lib/python3.12/site-packages/airflow/example_dags/example_task_group_decorator.py
[2024-11-20T01:06:49.863+0000] {processor.py:925} INFO - DAG(s) 'example_task_group_decorator' retrieved from /home/ubuntu/airflow_venv/lib/python3.12/site-packages/airflow/example_dags/example_task_group_decorator.py
[2024-11-20T01:06:49.882+0000] {logging_mixin.py:190} INFO - [2024-11-20T01:06:49.881+0000] {dag.py:3239} INFO - Sync 1 DAGs
[2024-11-20T01:06:49.894+0000] {logging_mixin.py:190} INFO - [2024-11-20T01:06:49.894+0000] {dag.py:4180} INFO - Setting next_dagrun for example_task_group_decorator to None, run_after=None
[2024-11-20T01:06:49.920+0000] {processor.py:208} INFO - Processing /home/ubuntu/airflow_venv/lib/python3.12/site-packages/airflow/example_dags/example_task_group_decorator.py took 0.081 seconds
[2024-11-20T01:07:41.868+0000] {processor.py:186} INFO - Started process (PID=6224) to work on /home/ubuntu/airflow_venv/lib/python3.12/site-packages/airflow/example_dags/example_task_group_decorator.py
[2024-11-20T01:07:41.870+0000] {processor.py:914} INFO - Processing file /home/ubuntu/airflow_venv/lib/python3.12/site-packages/airflow/example_dags/example_task_group_decorator.py for tasks to queue
[2024-11-20T01:07:41.872+0000] {logging_mixin.py:190} INFO - [2024-11-20T01:07:41.872+0000] {dagbag.py:588} INFO - Filling up the DagBag from /home/ubuntu/airflow_venv/lib/python3.12/site-packages/airflow/example_dags/example_task_group_decorator.py
[2024-11-20T01:07:41.887+0000] {processor.py:925} INFO - DAG(s) 'example_task_group_decorator' retrieved from /home/ubuntu/airflow_venv/lib/python3.12/site-packages/airflow/example_dags/example_task_group_decorator.py
[2024-11-20T01:07:41.906+0000] {logging_mixin.py:190} INFO - [2024-11-20T01:07:41.906+0000] {dag.py:3239} INFO - Sync 1 DAGs
[2024-11-20T01:07:41.917+0000] {logging_mixin.py:190} INFO - [2024-11-20T01:07:41.917+0000] {dag.py:4180} INFO - Setting next_dagrun for example_task_group_decorator to None, run_after=None
[2024-11-20T01:07:41.940+0000] {processor.py:208} INFO - Processing /home/ubuntu/airflow_venv/lib/python3.12/site-packages/airflow/example_dags/example_task_group_decorator.py took 0.078 seconds
[2024-11-20T01:08:35.426+0000] {processor.py:186} INFO - Started process (PID=6278) to work on /home/ubuntu/airflow_venv/lib/python3.12/site-packages/airflow/example_dags/example_task_group_decorator.py
[2024-11-20T01:08:35.428+0000] {processor.py:914} INFO - Processing file /home/ubuntu/airflow_venv/lib/python3.12/site-packages/airflow/example_dags/example_task_group_decorator.py for tasks to queue
[2024-11-20T01:08:35.429+0000] {logging_mixin.py:190} INFO - [2024-11-20T01:08:35.428+0000] {dagbag.py:588} INFO - Filling up the DagBag from /home/ubuntu/airflow_venv/lib/python3.12/site-packages/airflow/example_dags/example_task_group_decorator.py
[2024-11-20T01:08:35.444+0000] {processor.py:925} INFO - DAG(s) 'example_task_group_decorator' retrieved from /home/ubuntu/airflow_venv/lib/python3.12/site-packages/airflow/example_dags/example_task_group_decorator.py
[2024-11-20T01:08:35.464+0000] {logging_mixin.py:190} INFO - [2024-11-20T01:08:35.463+0000] {dag.py:3239} INFO - Sync 1 DAGs
[2024-11-20T01:08:35.476+0000] {logging_mixin.py:190} INFO - [2024-11-20T01:08:35.476+0000] {dag.py:4180} INFO - Setting next_dagrun for example_task_group_decorator to None, run_after=None
[2024-11-20T01:08:35.497+0000] {processor.py:208} INFO - Processing /home/ubuntu/airflow_venv/lib/python3.12/site-packages/airflow/example_dags/example_task_group_decorator.py took 0.077 seconds
[2024-11-20T01:09:33.173+0000] {processor.py:186} INFO - Started process (PID=6335) to work on /home/ubuntu/airflow_venv/lib/python3.12/site-packages/airflow/example_dags/example_task_group_decorator.py
[2024-11-20T01:09:33.174+0000] {processor.py:914} INFO - Processing file /home/ubuntu/airflow_venv/lib/python3.12/site-packages/airflow/example_dags/example_task_group_decorator.py for tasks to queue
[2024-11-20T01:09:33.177+0000] {logging_mixin.py:190} INFO - [2024-11-20T01:09:33.175+0000] {dagbag.py:588} INFO - Filling up the DagBag from /home/ubuntu/airflow_venv/lib/python3.12/site-packages/airflow/example_dags/example_task_group_decorator.py
[2024-11-20T01:09:33.192+0000] {processor.py:925} INFO - DAG(s) 'example_task_group_decorator' retrieved from /home/ubuntu/airflow_venv/lib/python3.12/site-packages/airflow/example_dags/example_task_group_decorator.py
[2024-11-20T01:09:33.211+0000] {logging_mixin.py:190} INFO - [2024-11-20T01:09:33.211+0000] {dag.py:3239} INFO - Sync 1 DAGs
[2024-11-20T01:09:33.224+0000] {logging_mixin.py:190} INFO - [2024-11-20T01:09:33.223+0000] {dag.py:4180} INFO - Setting next_dagrun for example_task_group_decorator to None, run_after=None
[2024-11-20T01:09:33.244+0000] {processor.py:208} INFO - Processing /home/ubuntu/airflow_venv/lib/python3.12/site-packages/airflow/example_dags/example_task_group_decorator.py took 0.079 seconds
[2024-11-20T01:10:30.890+0000] {processor.py:186} INFO - Started process (PID=6399) to work on /home/ubuntu/airflow_venv/lib/python3.12/site-packages/airflow/example_dags/example_task_group_decorator.py
[2024-11-20T01:10:30.891+0000] {processor.py:914} INFO - Processing file /home/ubuntu/airflow_venv/lib/python3.12/site-packages/airflow/example_dags/example_task_group_decorator.py for tasks to queue
[2024-11-20T01:10:30.893+0000] {logging_mixin.py:190} INFO - [2024-11-20T01:10:30.893+0000] {dagbag.py:588} INFO - Filling up the DagBag from /home/ubuntu/airflow_venv/lib/python3.12/site-packages/airflow/example_dags/example_task_group_decorator.py
[2024-11-20T01:10:30.909+0000] {processor.py:925} INFO - DAG(s) 'example_task_group_decorator' retrieved from /home/ubuntu/airflow_venv/lib/python3.12/site-packages/airflow/example_dags/example_task_group_decorator.py
[2024-11-20T01:10:30.928+0000] {logging_mixin.py:190} INFO - [2024-11-20T01:10:30.928+0000] {dag.py:3239} INFO - Sync 1 DAGs
[2024-11-20T01:10:30.940+0000] {logging_mixin.py:190} INFO - [2024-11-20T01:10:30.939+0000] {dag.py:4180} INFO - Setting next_dagrun for example_task_group_decorator to None, run_after=None
[2024-11-20T01:10:30.960+0000] {processor.py:208} INFO - Processing /home/ubuntu/airflow_venv/lib/python3.12/site-packages/airflow/example_dags/example_task_group_decorator.py took 0.076 seconds
[2024-11-20T01:11:25.327+0000] {processor.py:186} INFO - Started process (PID=6454) to work on /home/ubuntu/airflow_venv/lib/python3.12/site-packages/airflow/example_dags/example_task_group_decorator.py
[2024-11-20T01:11:25.328+0000] {processor.py:914} INFO - Processing file /home/ubuntu/airflow_venv/lib/python3.12/site-packages/airflow/example_dags/example_task_group_decorator.py for tasks to queue
[2024-11-20T01:11:25.330+0000] {logging_mixin.py:190} INFO - [2024-11-20T01:11:25.329+0000] {dagbag.py:588} INFO - Filling up the DagBag from /home/ubuntu/airflow_venv/lib/python3.12/site-packages/airflow/example_dags/example_task_group_decorator.py
[2024-11-20T01:11:25.345+0000] {processor.py:925} INFO - DAG(s) 'example_task_group_decorator' retrieved from /home/ubuntu/airflow_venv/lib/python3.12/site-packages/airflow/example_dags/example_task_group_decorator.py
[2024-11-20T01:11:25.364+0000] {logging_mixin.py:190} INFO - [2024-11-20T01:11:25.364+0000] {dag.py:3239} INFO - Sync 1 DAGs
[2024-11-20T01:11:25.375+0000] {logging_mixin.py:190} INFO - [2024-11-20T01:11:25.375+0000] {dag.py:4180} INFO - Setting next_dagrun for example_task_group_decorator to None, run_after=None
[2024-11-20T01:11:25.397+0000] {processor.py:208} INFO - Processing /home/ubuntu/airflow_venv/lib/python3.12/site-packages/airflow/example_dags/example_task_group_decorator.py took 0.077 seconds
[2024-11-20T01:12:18.761+0000] {processor.py:186} INFO - Started process (PID=6511) to work on /home/ubuntu/airflow_venv/lib/python3.12/site-packages/airflow/example_dags/example_task_group_decorator.py
[2024-11-20T01:12:18.763+0000] {processor.py:914} INFO - Processing file /home/ubuntu/airflow_venv/lib/python3.12/site-packages/airflow/example_dags/example_task_group_decorator.py for tasks to queue
[2024-11-20T01:12:18.765+0000] {logging_mixin.py:190} INFO - [2024-11-20T01:12:18.764+0000] {dagbag.py:588} INFO - Filling up the DagBag from /home/ubuntu/airflow_venv/lib/python3.12/site-packages/airflow/example_dags/example_task_group_decorator.py
[2024-11-20T01:12:18.781+0000] {processor.py:925} INFO - DAG(s) 'example_task_group_decorator' retrieved from /home/ubuntu/airflow_venv/lib/python3.12/site-packages/airflow/example_dags/example_task_group_decorator.py
[2024-11-20T01:12:18.800+0000] {logging_mixin.py:190} INFO - [2024-11-20T01:12:18.799+0000] {dag.py:3239} INFO - Sync 1 DAGs
[2024-11-20T01:12:18.812+0000] {logging_mixin.py:190} INFO - [2024-11-20T01:12:18.812+0000] {dag.py:4180} INFO - Setting next_dagrun for example_task_group_decorator to None, run_after=None
[2024-11-20T01:12:18.833+0000] {processor.py:208} INFO - Processing /home/ubuntu/airflow_venv/lib/python3.12/site-packages/airflow/example_dags/example_task_group_decorator.py took 0.083 seconds
