[2024-11-20T00:16:53.190+0000] {processor.py:186} INFO - Started process (PID=2072) to work on /home/ubuntu/airflow_venv/lib/python3.12/site-packages/airflow/example_dags/example_dag_decorator.py
[2024-11-20T00:16:53.192+0000] {processor.py:914} INFO - Processing file /home/ubuntu/airflow_venv/lib/python3.12/site-packages/airflow/example_dags/example_dag_decorator.py for tasks to queue
[2024-11-20T00:16:53.196+0000] {logging_mixin.py:190} INFO - [2024-11-20T00:16:53.195+0000] {dagbag.py:588} INFO - Filling up the DagBag from /home/ubuntu/airflow_venv/lib/python3.12/site-packages/airflow/example_dags/example_dag_decorator.py
[2024-11-20T00:16:53.208+0000] {processor.py:925} INFO - DAG(s) 'example_dag_decorator' retrieved from /home/ubuntu/airflow_venv/lib/python3.12/site-packages/airflow/example_dags/example_dag_decorator.py
[2024-11-20T00:16:53.301+0000] {logging_mixin.py:190} INFO - [2024-11-20T00:16:53.300+0000] {dag.py:3239} INFO - Sync 1 DAGs
[2024-11-20T00:16:53.310+0000] {logging_mixin.py:190} INFO - [2024-11-20T00:16:53.310+0000] {dag.py:4180} INFO - Setting next_dagrun for example_dag_decorator to None, run_after=None
[2024-11-20T00:16:53.331+0000] {processor.py:208} INFO - Processing /home/ubuntu/airflow_venv/lib/python3.12/site-packages/airflow/example_dags/example_dag_decorator.py took 0.149 seconds
[2024-11-20T00:17:52.609+0000] {processor.py:186} INFO - Started process (PID=2137) to work on /home/ubuntu/airflow_venv/lib/python3.12/site-packages/airflow/example_dags/example_dag_decorator.py
[2024-11-20T00:17:52.610+0000] {processor.py:914} INFO - Processing file /home/ubuntu/airflow_venv/lib/python3.12/site-packages/airflow/example_dags/example_dag_decorator.py for tasks to queue
[2024-11-20T00:17:52.612+0000] {logging_mixin.py:190} INFO - [2024-11-20T00:17:52.612+0000] {dagbag.py:588} INFO - Filling up the DagBag from /home/ubuntu/airflow_venv/lib/python3.12/site-packages/airflow/example_dags/example_dag_decorator.py
[2024-11-20T00:17:52.624+0000] {processor.py:925} INFO - DAG(s) 'example_dag_decorator' retrieved from /home/ubuntu/airflow_venv/lib/python3.12/site-packages/airflow/example_dags/example_dag_decorator.py
[2024-11-20T00:17:52.719+0000] {logging_mixin.py:190} INFO - [2024-11-20T00:17:52.718+0000] {dag.py:3239} INFO - Sync 1 DAGs
[2024-11-20T00:17:52.728+0000] {logging_mixin.py:190} INFO - [2024-11-20T00:17:52.728+0000] {dag.py:4180} INFO - Setting next_dagrun for example_dag_decorator to None, run_after=None
[2024-11-20T00:17:52.751+0000] {processor.py:208} INFO - Processing /home/ubuntu/airflow_venv/lib/python3.12/site-packages/airflow/example_dags/example_dag_decorator.py took 0.147 seconds
[2024-11-20T00:18:46.868+0000] {processor.py:186} INFO - Started process (PID=2195) to work on /home/ubuntu/airflow_venv/lib/python3.12/site-packages/airflow/example_dags/example_dag_decorator.py
[2024-11-20T00:18:46.869+0000] {processor.py:914} INFO - Processing file /home/ubuntu/airflow_venv/lib/python3.12/site-packages/airflow/example_dags/example_dag_decorator.py for tasks to queue
[2024-11-20T00:18:46.871+0000] {logging_mixin.py:190} INFO - [2024-11-20T00:18:46.871+0000] {dagbag.py:588} INFO - Filling up the DagBag from /home/ubuntu/airflow_venv/lib/python3.12/site-packages/airflow/example_dags/example_dag_decorator.py
[2024-11-20T00:18:46.883+0000] {processor.py:925} INFO - DAG(s) 'example_dag_decorator' retrieved from /home/ubuntu/airflow_venv/lib/python3.12/site-packages/airflow/example_dags/example_dag_decorator.py
[2024-11-20T00:18:46.976+0000] {logging_mixin.py:190} INFO - [2024-11-20T00:18:46.976+0000] {dag.py:3239} INFO - Sync 1 DAGs
[2024-11-20T00:18:46.986+0000] {logging_mixin.py:190} INFO - [2024-11-20T00:18:46.985+0000] {dag.py:4180} INFO - Setting next_dagrun for example_dag_decorator to None, run_after=None
[2024-11-20T00:18:47.006+0000] {processor.py:208} INFO - Processing /home/ubuntu/airflow_venv/lib/python3.12/site-packages/airflow/example_dags/example_dag_decorator.py took 0.144 seconds
[2024-11-20T00:20:04.311+0000] {processor.py:186} INFO - Started process (PID=2277) to work on /home/ubuntu/airflow_venv/lib/python3.12/site-packages/airflow/example_dags/example_dag_decorator.py
[2024-11-20T00:20:04.313+0000] {processor.py:914} INFO - Processing file /home/ubuntu/airflow_venv/lib/python3.12/site-packages/airflow/example_dags/example_dag_decorator.py for tasks to queue
[2024-11-20T00:20:04.316+0000] {logging_mixin.py:190} INFO - [2024-11-20T00:20:04.315+0000] {dagbag.py:588} INFO - Filling up the DagBag from /home/ubuntu/airflow_venv/lib/python3.12/site-packages/airflow/example_dags/example_dag_decorator.py
[2024-11-20T00:20:04.327+0000] {processor.py:925} INFO - DAG(s) 'example_dag_decorator' retrieved from /home/ubuntu/airflow_venv/lib/python3.12/site-packages/airflow/example_dags/example_dag_decorator.py
[2024-11-20T00:20:04.572+0000] {logging_mixin.py:190} INFO - [2024-11-20T00:20:04.572+0000] {dag.py:3239} INFO - Sync 1 DAGs
[2024-11-20T00:20:04.580+0000] {logging_mixin.py:190} INFO - [2024-11-20T00:20:04.580+0000] {dag.py:4180} INFO - Setting next_dagrun for example_dag_decorator to None, run_after=None
[2024-11-20T00:20:04.601+0000] {processor.py:208} INFO - Processing /home/ubuntu/airflow_venv/lib/python3.12/site-packages/airflow/example_dags/example_dag_decorator.py took 0.295 seconds
[2024-11-20T00:21:00.877+0000] {processor.py:186} INFO - Started process (PID=2338) to work on /home/ubuntu/airflow_venv/lib/python3.12/site-packages/airflow/example_dags/example_dag_decorator.py
[2024-11-20T00:21:00.879+0000] {processor.py:914} INFO - Processing file /home/ubuntu/airflow_venv/lib/python3.12/site-packages/airflow/example_dags/example_dag_decorator.py for tasks to queue
[2024-11-20T00:21:00.881+0000] {logging_mixin.py:190} INFO - [2024-11-20T00:21:00.880+0000] {dagbag.py:588} INFO - Filling up the DagBag from /home/ubuntu/airflow_venv/lib/python3.12/site-packages/airflow/example_dags/example_dag_decorator.py
[2024-11-20T00:21:00.893+0000] {processor.py:925} INFO - DAG(s) 'example_dag_decorator' retrieved from /home/ubuntu/airflow_venv/lib/python3.12/site-packages/airflow/example_dags/example_dag_decorator.py
[2024-11-20T00:21:01.102+0000] {logging_mixin.py:190} INFO - [2024-11-20T00:21:01.102+0000] {dag.py:3239} INFO - Sync 1 DAGs
[2024-11-20T00:21:01.112+0000] {logging_mixin.py:190} INFO - [2024-11-20T00:21:01.112+0000] {dag.py:4180} INFO - Setting next_dagrun for example_dag_decorator to None, run_after=None
[2024-11-20T00:21:01.132+0000] {processor.py:208} INFO - Processing /home/ubuntu/airflow_venv/lib/python3.12/site-packages/airflow/example_dags/example_dag_decorator.py took 0.261 seconds
[2024-11-20T00:22:01.949+0000] {processor.py:186} INFO - Started process (PID=2398) to work on /home/ubuntu/airflow_venv/lib/python3.12/site-packages/airflow/example_dags/example_dag_decorator.py
[2024-11-20T00:22:01.951+0000] {processor.py:914} INFO - Processing file /home/ubuntu/airflow_venv/lib/python3.12/site-packages/airflow/example_dags/example_dag_decorator.py for tasks to queue
[2024-11-20T00:22:01.952+0000] {logging_mixin.py:190} INFO - [2024-11-20T00:22:01.952+0000] {dagbag.py:588} INFO - Filling up the DagBag from /home/ubuntu/airflow_venv/lib/python3.12/site-packages/airflow/example_dags/example_dag_decorator.py
[2024-11-20T00:22:01.965+0000] {processor.py:925} INFO - DAG(s) 'example_dag_decorator' retrieved from /home/ubuntu/airflow_venv/lib/python3.12/site-packages/airflow/example_dags/example_dag_decorator.py
[2024-11-20T00:22:01.985+0000] {logging_mixin.py:190} INFO - [2024-11-20T00:22:01.985+0000] {dag.py:3239} INFO - Sync 1 DAGs
[2024-11-20T00:22:01.999+0000] {logging_mixin.py:190} INFO - [2024-11-20T00:22:01.998+0000] {dag.py:4180} INFO - Setting next_dagrun for example_dag_decorator to None, run_after=None
[2024-11-20T00:22:02.024+0000] {processor.py:208} INFO - Processing /home/ubuntu/airflow_venv/lib/python3.12/site-packages/airflow/example_dags/example_dag_decorator.py took 0.081 seconds
[2024-11-20T00:22:59.034+0000] {processor.py:186} INFO - Started process (PID=2457) to work on /home/ubuntu/airflow_venv/lib/python3.12/site-packages/airflow/example_dags/example_dag_decorator.py
[2024-11-20T00:22:59.036+0000] {processor.py:914} INFO - Processing file /home/ubuntu/airflow_venv/lib/python3.12/site-packages/airflow/example_dags/example_dag_decorator.py for tasks to queue
[2024-11-20T00:22:59.038+0000] {logging_mixin.py:190} INFO - [2024-11-20T00:22:59.038+0000] {dagbag.py:588} INFO - Filling up the DagBag from /home/ubuntu/airflow_venv/lib/python3.12/site-packages/airflow/example_dags/example_dag_decorator.py
[2024-11-20T00:22:59.050+0000] {processor.py:925} INFO - DAG(s) 'example_dag_decorator' retrieved from /home/ubuntu/airflow_venv/lib/python3.12/site-packages/airflow/example_dags/example_dag_decorator.py
[2024-11-20T00:22:59.069+0000] {logging_mixin.py:190} INFO - [2024-11-20T00:22:59.068+0000] {dag.py:3239} INFO - Sync 1 DAGs
[2024-11-20T00:22:59.080+0000] {logging_mixin.py:190} INFO - [2024-11-20T00:22:59.080+0000] {dag.py:4180} INFO - Setting next_dagrun for example_dag_decorator to None, run_after=None
[2024-11-20T00:22:59.100+0000] {processor.py:208} INFO - Processing /home/ubuntu/airflow_venv/lib/python3.12/site-packages/airflow/example_dags/example_dag_decorator.py took 0.074 seconds
[2024-11-20T00:24:20.292+0000] {processor.py:186} INFO - Started process (PID=2540) to work on /home/ubuntu/airflow_venv/lib/python3.12/site-packages/airflow/example_dags/example_dag_decorator.py
[2024-11-20T00:24:20.295+0000] {processor.py:914} INFO - Processing file /home/ubuntu/airflow_venv/lib/python3.12/site-packages/airflow/example_dags/example_dag_decorator.py for tasks to queue
[2024-11-20T00:24:20.297+0000] {logging_mixin.py:190} INFO - [2024-11-20T00:24:20.297+0000] {dagbag.py:588} INFO - Filling up the DagBag from /home/ubuntu/airflow_venv/lib/python3.12/site-packages/airflow/example_dags/example_dag_decorator.py
[2024-11-20T00:24:20.309+0000] {processor.py:925} INFO - DAG(s) 'example_dag_decorator' retrieved from /home/ubuntu/airflow_venv/lib/python3.12/site-packages/airflow/example_dags/example_dag_decorator.py
[2024-11-20T00:24:20.327+0000] {logging_mixin.py:190} INFO - [2024-11-20T00:24:20.327+0000] {dag.py:3239} INFO - Sync 1 DAGs
[2024-11-20T00:24:20.339+0000] {logging_mixin.py:190} INFO - [2024-11-20T00:24:20.339+0000] {dag.py:4180} INFO - Setting next_dagrun for example_dag_decorator to None, run_after=None
[2024-11-20T00:24:20.361+0000] {processor.py:208} INFO - Processing /home/ubuntu/airflow_venv/lib/python3.12/site-packages/airflow/example_dags/example_dag_decorator.py took 0.074 seconds
[2024-11-20T00:25:41.559+0000] {processor.py:186} INFO - Started process (PID=2627) to work on /home/ubuntu/airflow_venv/lib/python3.12/site-packages/airflow/example_dags/example_dag_decorator.py
[2024-11-20T00:25:41.561+0000] {processor.py:914} INFO - Processing file /home/ubuntu/airflow_venv/lib/python3.12/site-packages/airflow/example_dags/example_dag_decorator.py for tasks to queue
[2024-11-20T00:25:41.563+0000] {logging_mixin.py:190} INFO - [2024-11-20T00:25:41.563+0000] {dagbag.py:588} INFO - Filling up the DagBag from /home/ubuntu/airflow_venv/lib/python3.12/site-packages/airflow/example_dags/example_dag_decorator.py
[2024-11-20T00:25:41.576+0000] {processor.py:925} INFO - DAG(s) 'example_dag_decorator' retrieved from /home/ubuntu/airflow_venv/lib/python3.12/site-packages/airflow/example_dags/example_dag_decorator.py
[2024-11-20T00:25:41.594+0000] {logging_mixin.py:190} INFO - [2024-11-20T00:25:41.594+0000] {dag.py:3239} INFO - Sync 1 DAGs
[2024-11-20T00:25:41.607+0000] {logging_mixin.py:190} INFO - [2024-11-20T00:25:41.606+0000] {dag.py:4180} INFO - Setting next_dagrun for example_dag_decorator to None, run_after=None
[2024-11-20T00:25:41.629+0000] {processor.py:208} INFO - Processing /home/ubuntu/airflow_venv/lib/python3.12/site-packages/airflow/example_dags/example_dag_decorator.py took 0.076 seconds
[2024-11-20T00:27:21.051+0000] {processor.py:186} INFO - Started process (PID=2751) to work on /home/ubuntu/airflow_venv/lib/python3.12/site-packages/airflow/example_dags/example_dag_decorator.py
[2024-11-20T00:27:21.054+0000] {processor.py:914} INFO - Processing file /home/ubuntu/airflow_venv/lib/python3.12/site-packages/airflow/example_dags/example_dag_decorator.py for tasks to queue
[2024-11-20T00:27:21.056+0000] {logging_mixin.py:190} INFO - [2024-11-20T00:27:21.056+0000] {dagbag.py:588} INFO - Filling up the DagBag from /home/ubuntu/airflow_venv/lib/python3.12/site-packages/airflow/example_dags/example_dag_decorator.py
[2024-11-20T00:27:21.069+0000] {processor.py:925} INFO - DAG(s) 'example_dag_decorator' retrieved from /home/ubuntu/airflow_venv/lib/python3.12/site-packages/airflow/example_dags/example_dag_decorator.py
[2024-11-20T00:27:21.164+0000] {logging_mixin.py:190} INFO - [2024-11-20T00:27:21.164+0000] {dag.py:3239} INFO - Sync 1 DAGs
[2024-11-20T00:27:21.175+0000] {logging_mixin.py:190} INFO - [2024-11-20T00:27:21.174+0000] {dag.py:4180} INFO - Setting next_dagrun for example_dag_decorator to None, run_after=None
[2024-11-20T00:27:21.196+0000] {processor.py:208} INFO - Processing /home/ubuntu/airflow_venv/lib/python3.12/site-packages/airflow/example_dags/example_dag_decorator.py took 0.149 seconds
[2024-11-20T00:28:25.505+0000] {processor.py:186} INFO - Started process (PID=2844) to work on /home/ubuntu/airflow_venv/lib/python3.12/site-packages/airflow/example_dags/example_dag_decorator.py
[2024-11-20T00:28:25.508+0000] {processor.py:914} INFO - Processing file /home/ubuntu/airflow_venv/lib/python3.12/site-packages/airflow/example_dags/example_dag_decorator.py for tasks to queue
[2024-11-20T00:28:25.510+0000] {logging_mixin.py:190} INFO - [2024-11-20T00:28:25.510+0000] {dagbag.py:588} INFO - Filling up the DagBag from /home/ubuntu/airflow_venv/lib/python3.12/site-packages/airflow/example_dags/example_dag_decorator.py
[2024-11-20T00:28:25.522+0000] {processor.py:925} INFO - DAG(s) 'example_dag_decorator' retrieved from /home/ubuntu/airflow_venv/lib/python3.12/site-packages/airflow/example_dags/example_dag_decorator.py
[2024-11-20T00:28:25.616+0000] {logging_mixin.py:190} INFO - [2024-11-20T00:28:25.615+0000] {dag.py:3239} INFO - Sync 1 DAGs
[2024-11-20T00:28:25.624+0000] {logging_mixin.py:190} INFO - [2024-11-20T00:28:25.624+0000] {dag.py:4180} INFO - Setting next_dagrun for example_dag_decorator to None, run_after=None
[2024-11-20T00:28:25.648+0000] {processor.py:208} INFO - Processing /home/ubuntu/airflow_venv/lib/python3.12/site-packages/airflow/example_dags/example_dag_decorator.py took 0.148 seconds
[2024-11-20T00:29:24.889+0000] {processor.py:186} INFO - Started process (PID=3005) to work on /home/ubuntu/airflow_venv/lib/python3.12/site-packages/airflow/example_dags/example_dag_decorator.py
[2024-11-20T00:29:24.890+0000] {processor.py:914} INFO - Processing file /home/ubuntu/airflow_venv/lib/python3.12/site-packages/airflow/example_dags/example_dag_decorator.py for tasks to queue
[2024-11-20T00:29:24.892+0000] {logging_mixin.py:190} INFO - [2024-11-20T00:29:24.891+0000] {dagbag.py:588} INFO - Filling up the DagBag from /home/ubuntu/airflow_venv/lib/python3.12/site-packages/airflow/example_dags/example_dag_decorator.py
[2024-11-20T00:29:24.904+0000] {processor.py:925} INFO - DAG(s) 'example_dag_decorator' retrieved from /home/ubuntu/airflow_venv/lib/python3.12/site-packages/airflow/example_dags/example_dag_decorator.py
[2024-11-20T00:29:25.007+0000] {logging_mixin.py:190} INFO - [2024-11-20T00:29:25.007+0000] {dag.py:3239} INFO - Sync 1 DAGs
[2024-11-20T00:29:25.017+0000] {logging_mixin.py:190} INFO - [2024-11-20T00:29:25.017+0000] {dag.py:4180} INFO - Setting next_dagrun for example_dag_decorator to None, run_after=None
[2024-11-20T00:29:25.039+0000] {processor.py:208} INFO - Processing /home/ubuntu/airflow_venv/lib/python3.12/site-packages/airflow/example_dags/example_dag_decorator.py took 0.156 seconds
[2024-11-20T00:30:24.987+0000] {processor.py:186} INFO - Started process (PID=3068) to work on /home/ubuntu/airflow_venv/lib/python3.12/site-packages/airflow/example_dags/example_dag_decorator.py
[2024-11-20T00:30:24.989+0000] {processor.py:914} INFO - Processing file /home/ubuntu/airflow_venv/lib/python3.12/site-packages/airflow/example_dags/example_dag_decorator.py for tasks to queue
[2024-11-20T00:30:24.991+0000] {logging_mixin.py:190} INFO - [2024-11-20T00:30:24.990+0000] {dagbag.py:588} INFO - Filling up the DagBag from /home/ubuntu/airflow_venv/lib/python3.12/site-packages/airflow/example_dags/example_dag_decorator.py
[2024-11-20T00:30:25.006+0000] {processor.py:925} INFO - DAG(s) 'example_dag_decorator' retrieved from /home/ubuntu/airflow_venv/lib/python3.12/site-packages/airflow/example_dags/example_dag_decorator.py
[2024-11-20T00:30:25.100+0000] {logging_mixin.py:190} INFO - [2024-11-20T00:30:25.100+0000] {dag.py:3239} INFO - Sync 1 DAGs
[2024-11-20T00:30:25.110+0000] {logging_mixin.py:190} INFO - [2024-11-20T00:30:25.109+0000] {dag.py:4180} INFO - Setting next_dagrun for example_dag_decorator to None, run_after=None
[2024-11-20T00:30:25.132+0000] {processor.py:208} INFO - Processing /home/ubuntu/airflow_venv/lib/python3.12/site-packages/airflow/example_dags/example_dag_decorator.py took 0.150 seconds
[2024-11-20T00:31:19.811+0000] {processor.py:186} INFO - Started process (PID=3234) to work on /home/ubuntu/airflow_venv/lib/python3.12/site-packages/airflow/example_dags/example_dag_decorator.py
[2024-11-20T00:31:19.813+0000] {processor.py:914} INFO - Processing file /home/ubuntu/airflow_venv/lib/python3.12/site-packages/airflow/example_dags/example_dag_decorator.py for tasks to queue
[2024-11-20T00:31:19.814+0000] {logging_mixin.py:190} INFO - [2024-11-20T00:31:19.814+0000] {dagbag.py:588} INFO - Filling up the DagBag from /home/ubuntu/airflow_venv/lib/python3.12/site-packages/airflow/example_dags/example_dag_decorator.py
[2024-11-20T00:31:19.827+0000] {processor.py:925} INFO - DAG(s) 'example_dag_decorator' retrieved from /home/ubuntu/airflow_venv/lib/python3.12/site-packages/airflow/example_dags/example_dag_decorator.py
[2024-11-20T00:31:19.920+0000] {logging_mixin.py:190} INFO - [2024-11-20T00:31:19.919+0000] {dag.py:3239} INFO - Sync 1 DAGs
[2024-11-20T00:31:19.932+0000] {logging_mixin.py:190} INFO - [2024-11-20T00:31:19.932+0000] {dag.py:4180} INFO - Setting next_dagrun for example_dag_decorator to None, run_after=None
[2024-11-20T00:31:19.953+0000] {processor.py:208} INFO - Processing /home/ubuntu/airflow_venv/lib/python3.12/site-packages/airflow/example_dags/example_dag_decorator.py took 0.148 seconds
[2024-11-20T00:32:14.192+0000] {processor.py:186} INFO - Started process (PID=3322) to work on /home/ubuntu/airflow_venv/lib/python3.12/site-packages/airflow/example_dags/example_dag_decorator.py
[2024-11-20T00:32:14.193+0000] {processor.py:914} INFO - Processing file /home/ubuntu/airflow_venv/lib/python3.12/site-packages/airflow/example_dags/example_dag_decorator.py for tasks to queue
[2024-11-20T00:32:14.194+0000] {logging_mixin.py:190} INFO - [2024-11-20T00:32:14.194+0000] {dagbag.py:588} INFO - Filling up the DagBag from /home/ubuntu/airflow_venv/lib/python3.12/site-packages/airflow/example_dags/example_dag_decorator.py
[2024-11-20T00:32:14.206+0000] {processor.py:925} INFO - DAG(s) 'example_dag_decorator' retrieved from /home/ubuntu/airflow_venv/lib/python3.12/site-packages/airflow/example_dags/example_dag_decorator.py
[2024-11-20T00:32:14.303+0000] {logging_mixin.py:190} INFO - [2024-11-20T00:32:14.302+0000] {dag.py:3239} INFO - Sync 1 DAGs
[2024-11-20T00:32:14.312+0000] {logging_mixin.py:190} INFO - [2024-11-20T00:32:14.311+0000] {dag.py:4180} INFO - Setting next_dagrun for example_dag_decorator to None, run_after=None
[2024-11-20T00:32:14.335+0000] {processor.py:208} INFO - Processing /home/ubuntu/airflow_venv/lib/python3.12/site-packages/airflow/example_dags/example_dag_decorator.py took 0.148 seconds
[2024-11-20T00:33:10.281+0000] {processor.py:186} INFO - Started process (PID=3853) to work on /home/ubuntu/airflow_venv/lib/python3.12/site-packages/airflow/example_dags/example_dag_decorator.py
[2024-11-20T00:33:10.283+0000] {processor.py:914} INFO - Processing file /home/ubuntu/airflow_venv/lib/python3.12/site-packages/airflow/example_dags/example_dag_decorator.py for tasks to queue
[2024-11-20T00:33:10.285+0000] {logging_mixin.py:190} INFO - [2024-11-20T00:33:10.285+0000] {dagbag.py:588} INFO - Filling up the DagBag from /home/ubuntu/airflow_venv/lib/python3.12/site-packages/airflow/example_dags/example_dag_decorator.py
[2024-11-20T00:33:10.313+0000] {processor.py:925} INFO - DAG(s) 'example_dag_decorator' retrieved from /home/ubuntu/airflow_venv/lib/python3.12/site-packages/airflow/example_dags/example_dag_decorator.py
[2024-11-20T00:33:10.351+0000] {logging_mixin.py:190} INFO - [2024-11-20T00:33:10.351+0000] {dag.py:3239} INFO - Sync 1 DAGs
[2024-11-20T00:33:10.372+0000] {logging_mixin.py:190} INFO - [2024-11-20T00:33:10.372+0000] {dag.py:4180} INFO - Setting next_dagrun for example_dag_decorator to None, run_after=None
[2024-11-20T00:33:10.419+0000] {processor.py:208} INFO - Processing /home/ubuntu/airflow_venv/lib/python3.12/site-packages/airflow/example_dags/example_dag_decorator.py took 0.148 seconds
[2024-11-20T00:34:42.122+0000] {processor.py:186} INFO - Started process (PID=4051) to work on /home/ubuntu/airflow_venv/lib/python3.12/site-packages/airflow/example_dags/example_dag_decorator.py
[2024-11-20T00:34:42.124+0000] {processor.py:914} INFO - Processing file /home/ubuntu/airflow_venv/lib/python3.12/site-packages/airflow/example_dags/example_dag_decorator.py for tasks to queue
[2024-11-20T00:34:42.125+0000] {logging_mixin.py:190} INFO - [2024-11-20T00:34:42.124+0000] {dagbag.py:588} INFO - Filling up the DagBag from /home/ubuntu/airflow_venv/lib/python3.12/site-packages/airflow/example_dags/example_dag_decorator.py
[2024-11-20T00:34:42.137+0000] {processor.py:925} INFO - DAG(s) 'example_dag_decorator' retrieved from /home/ubuntu/airflow_venv/lib/python3.12/site-packages/airflow/example_dags/example_dag_decorator.py
[2024-11-20T00:34:42.155+0000] {logging_mixin.py:190} INFO - [2024-11-20T00:34:42.154+0000] {dag.py:3239} INFO - Sync 1 DAGs
[2024-11-20T00:34:42.166+0000] {logging_mixin.py:190} INFO - [2024-11-20T00:34:42.165+0000] {dag.py:4180} INFO - Setting next_dagrun for example_dag_decorator to None, run_after=None
[2024-11-20T00:34:42.192+0000] {processor.py:208} INFO - Processing /home/ubuntu/airflow_venv/lib/python3.12/site-packages/airflow/example_dags/example_dag_decorator.py took 0.078 seconds
[2024-11-20T00:35:38.955+0000] {processor.py:186} INFO - Started process (PID=4138) to work on /home/ubuntu/airflow_venv/lib/python3.12/site-packages/airflow/example_dags/example_dag_decorator.py
[2024-11-20T00:35:38.956+0000] {processor.py:914} INFO - Processing file /home/ubuntu/airflow_venv/lib/python3.12/site-packages/airflow/example_dags/example_dag_decorator.py for tasks to queue
[2024-11-20T00:35:38.957+0000] {logging_mixin.py:190} INFO - [2024-11-20T00:35:38.957+0000] {dagbag.py:588} INFO - Filling up the DagBag from /home/ubuntu/airflow_venv/lib/python3.12/site-packages/airflow/example_dags/example_dag_decorator.py
[2024-11-20T00:35:38.970+0000] {processor.py:925} INFO - DAG(s) 'example_dag_decorator' retrieved from /home/ubuntu/airflow_venv/lib/python3.12/site-packages/airflow/example_dags/example_dag_decorator.py
[2024-11-20T00:35:39.066+0000] {logging_mixin.py:190} INFO - [2024-11-20T00:35:39.065+0000] {dag.py:3239} INFO - Sync 1 DAGs
[2024-11-20T00:35:39.075+0000] {logging_mixin.py:190} INFO - [2024-11-20T00:35:39.074+0000] {dag.py:4180} INFO - Setting next_dagrun for example_dag_decorator to None, run_after=None
[2024-11-20T00:35:39.097+0000] {processor.py:208} INFO - Processing /home/ubuntu/airflow_venv/lib/python3.12/site-packages/airflow/example_dags/example_dag_decorator.py took 0.149 seconds
[2024-11-20T00:36:34.058+0000] {processor.py:186} INFO - Started process (PID=4194) to work on /home/ubuntu/airflow_venv/lib/python3.12/site-packages/airflow/example_dags/example_dag_decorator.py
[2024-11-20T00:36:34.060+0000] {processor.py:914} INFO - Processing file /home/ubuntu/airflow_venv/lib/python3.12/site-packages/airflow/example_dags/example_dag_decorator.py for tasks to queue
[2024-11-20T00:36:34.061+0000] {logging_mixin.py:190} INFO - [2024-11-20T00:36:34.060+0000] {dagbag.py:588} INFO - Filling up the DagBag from /home/ubuntu/airflow_venv/lib/python3.12/site-packages/airflow/example_dags/example_dag_decorator.py
[2024-11-20T00:36:34.073+0000] {processor.py:925} INFO - DAG(s) 'example_dag_decorator' retrieved from /home/ubuntu/airflow_venv/lib/python3.12/site-packages/airflow/example_dags/example_dag_decorator.py
[2024-11-20T00:36:34.166+0000] {logging_mixin.py:190} INFO - [2024-11-20T00:36:34.166+0000] {dag.py:3239} INFO - Sync 1 DAGs
[2024-11-20T00:36:34.177+0000] {logging_mixin.py:190} INFO - [2024-11-20T00:36:34.177+0000] {dag.py:4180} INFO - Setting next_dagrun for example_dag_decorator to None, run_after=None
[2024-11-20T00:36:34.199+0000] {processor.py:208} INFO - Processing /home/ubuntu/airflow_venv/lib/python3.12/site-packages/airflow/example_dags/example_dag_decorator.py took 0.148 seconds
[2024-11-20T00:37:56.255+0000] {processor.py:186} INFO - Started process (PID=4303) to work on /home/ubuntu/airflow_venv/lib/python3.12/site-packages/airflow/example_dags/example_dag_decorator.py
[2024-11-20T00:37:56.257+0000] {processor.py:914} INFO - Processing file /home/ubuntu/airflow_venv/lib/python3.12/site-packages/airflow/example_dags/example_dag_decorator.py for tasks to queue
[2024-11-20T00:37:56.258+0000] {logging_mixin.py:190} INFO - [2024-11-20T00:37:56.258+0000] {dagbag.py:588} INFO - Filling up the DagBag from /home/ubuntu/airflow_venv/lib/python3.12/site-packages/airflow/example_dags/example_dag_decorator.py
[2024-11-20T00:37:56.270+0000] {processor.py:925} INFO - DAG(s) 'example_dag_decorator' retrieved from /home/ubuntu/airflow_venv/lib/python3.12/site-packages/airflow/example_dags/example_dag_decorator.py
[2024-11-20T00:37:56.365+0000] {logging_mixin.py:190} INFO - [2024-11-20T00:37:56.364+0000] {dag.py:3239} INFO - Sync 1 DAGs
[2024-11-20T00:37:56.374+0000] {logging_mixin.py:190} INFO - [2024-11-20T00:37:56.374+0000] {dag.py:4180} INFO - Setting next_dagrun for example_dag_decorator to None, run_after=None
[2024-11-20T00:37:56.396+0000] {processor.py:208} INFO - Processing /home/ubuntu/airflow_venv/lib/python3.12/site-packages/airflow/example_dags/example_dag_decorator.py took 0.148 seconds
[2024-11-20T00:38:53.394+0000] {processor.py:186} INFO - Started process (PID=4363) to work on /home/ubuntu/airflow_venv/lib/python3.12/site-packages/airflow/example_dags/example_dag_decorator.py
[2024-11-20T00:38:53.396+0000] {processor.py:914} INFO - Processing file /home/ubuntu/airflow_venv/lib/python3.12/site-packages/airflow/example_dags/example_dag_decorator.py for tasks to queue
[2024-11-20T00:38:53.397+0000] {logging_mixin.py:190} INFO - [2024-11-20T00:38:53.396+0000] {dagbag.py:588} INFO - Filling up the DagBag from /home/ubuntu/airflow_venv/lib/python3.12/site-packages/airflow/example_dags/example_dag_decorator.py
[2024-11-20T00:38:53.409+0000] {processor.py:925} INFO - DAG(s) 'example_dag_decorator' retrieved from /home/ubuntu/airflow_venv/lib/python3.12/site-packages/airflow/example_dags/example_dag_decorator.py
[2024-11-20T00:38:53.427+0000] {logging_mixin.py:190} INFO - [2024-11-20T00:38:53.427+0000] {dag.py:3239} INFO - Sync 1 DAGs
[2024-11-20T00:38:53.439+0000] {logging_mixin.py:190} INFO - [2024-11-20T00:38:53.439+0000] {dag.py:4180} INFO - Setting next_dagrun for example_dag_decorator to None, run_after=None
[2024-11-20T00:38:53.462+0000] {processor.py:208} INFO - Processing /home/ubuntu/airflow_venv/lib/python3.12/site-packages/airflow/example_dags/example_dag_decorator.py took 0.076 seconds
[2024-11-20T00:40:23.988+0000] {processor.py:186} INFO - Started process (PID=4489) to work on /home/ubuntu/airflow_venv/lib/python3.12/site-packages/airflow/example_dags/example_dag_decorator.py
[2024-11-20T00:40:23.990+0000] {processor.py:914} INFO - Processing file /home/ubuntu/airflow_venv/lib/python3.12/site-packages/airflow/example_dags/example_dag_decorator.py for tasks to queue
[2024-11-20T00:40:23.991+0000] {logging_mixin.py:190} INFO - [2024-11-20T00:40:23.991+0000] {dagbag.py:588} INFO - Filling up the DagBag from /home/ubuntu/airflow_venv/lib/python3.12/site-packages/airflow/example_dags/example_dag_decorator.py
[2024-11-20T00:40:24.003+0000] {processor.py:925} INFO - DAG(s) 'example_dag_decorator' retrieved from /home/ubuntu/airflow_venv/lib/python3.12/site-packages/airflow/example_dags/example_dag_decorator.py
[2024-11-20T00:40:24.022+0000] {logging_mixin.py:190} INFO - [2024-11-20T00:40:24.021+0000] {dag.py:3239} INFO - Sync 1 DAGs
[2024-11-20T00:40:24.033+0000] {logging_mixin.py:190} INFO - [2024-11-20T00:40:24.033+0000] {dag.py:4180} INFO - Setting next_dagrun for example_dag_decorator to None, run_after=None
[2024-11-20T00:40:24.055+0000] {processor.py:208} INFO - Processing /home/ubuntu/airflow_venv/lib/python3.12/site-packages/airflow/example_dags/example_dag_decorator.py took 0.074 seconds
[2024-11-20T00:41:20.238+0000] {processor.py:186} INFO - Started process (PID=4550) to work on /home/ubuntu/airflow_venv/lib/python3.12/site-packages/airflow/example_dags/example_dag_decorator.py
[2024-11-20T00:41:20.240+0000] {processor.py:914} INFO - Processing file /home/ubuntu/airflow_venv/lib/python3.12/site-packages/airflow/example_dags/example_dag_decorator.py for tasks to queue
[2024-11-20T00:41:20.242+0000] {logging_mixin.py:190} INFO - [2024-11-20T00:41:20.242+0000] {dagbag.py:588} INFO - Filling up the DagBag from /home/ubuntu/airflow_venv/lib/python3.12/site-packages/airflow/example_dags/example_dag_decorator.py
[2024-11-20T00:41:20.254+0000] {processor.py:925} INFO - DAG(s) 'example_dag_decorator' retrieved from /home/ubuntu/airflow_venv/lib/python3.12/site-packages/airflow/example_dags/example_dag_decorator.py
[2024-11-20T00:41:20.272+0000] {logging_mixin.py:190} INFO - [2024-11-20T00:41:20.272+0000] {dag.py:3239} INFO - Sync 1 DAGs
[2024-11-20T00:41:20.284+0000] {logging_mixin.py:190} INFO - [2024-11-20T00:41:20.284+0000] {dag.py:4180} INFO - Setting next_dagrun for example_dag_decorator to None, run_after=None
[2024-11-20T00:41:20.307+0000] {processor.py:208} INFO - Processing /home/ubuntu/airflow_venv/lib/python3.12/site-packages/airflow/example_dags/example_dag_decorator.py took 0.076 seconds
[2024-11-20T00:42:38.275+0000] {processor.py:186} INFO - Started process (PID=4630) to work on /home/ubuntu/airflow_venv/lib/python3.12/site-packages/airflow/example_dags/example_dag_decorator.py
[2024-11-20T00:42:38.277+0000] {processor.py:914} INFO - Processing file /home/ubuntu/airflow_venv/lib/python3.12/site-packages/airflow/example_dags/example_dag_decorator.py for tasks to queue
[2024-11-20T00:42:38.279+0000] {logging_mixin.py:190} INFO - [2024-11-20T00:42:38.278+0000] {dagbag.py:588} INFO - Filling up the DagBag from /home/ubuntu/airflow_venv/lib/python3.12/site-packages/airflow/example_dags/example_dag_decorator.py
[2024-11-20T00:42:38.292+0000] {processor.py:925} INFO - DAG(s) 'example_dag_decorator' retrieved from /home/ubuntu/airflow_venv/lib/python3.12/site-packages/airflow/example_dags/example_dag_decorator.py
[2024-11-20T00:42:38.309+0000] {logging_mixin.py:190} INFO - [2024-11-20T00:42:38.309+0000] {dag.py:3239} INFO - Sync 1 DAGs
[2024-11-20T00:42:38.322+0000] {logging_mixin.py:190} INFO - [2024-11-20T00:42:38.322+0000] {dag.py:4180} INFO - Setting next_dagrun for example_dag_decorator to None, run_after=None
[2024-11-20T00:42:38.349+0000] {processor.py:208} INFO - Processing /home/ubuntu/airflow_venv/lib/python3.12/site-packages/airflow/example_dags/example_dag_decorator.py took 0.081 seconds
[2024-11-20T00:43:35.987+0000] {processor.py:186} INFO - Started process (PID=4690) to work on /home/ubuntu/airflow_venv/lib/python3.12/site-packages/airflow/example_dags/example_dag_decorator.py
[2024-11-20T00:43:35.990+0000] {processor.py:914} INFO - Processing file /home/ubuntu/airflow_venv/lib/python3.12/site-packages/airflow/example_dags/example_dag_decorator.py for tasks to queue
[2024-11-20T00:43:35.991+0000] {logging_mixin.py:190} INFO - [2024-11-20T00:43:35.991+0000] {dagbag.py:588} INFO - Filling up the DagBag from /home/ubuntu/airflow_venv/lib/python3.12/site-packages/airflow/example_dags/example_dag_decorator.py
[2024-11-20T00:43:36.003+0000] {processor.py:925} INFO - DAG(s) 'example_dag_decorator' retrieved from /home/ubuntu/airflow_venv/lib/python3.12/site-packages/airflow/example_dags/example_dag_decorator.py
[2024-11-20T00:43:36.021+0000] {logging_mixin.py:190} INFO - [2024-11-20T00:43:36.021+0000] {dag.py:3239} INFO - Sync 1 DAGs
[2024-11-20T00:43:36.033+0000] {logging_mixin.py:190} INFO - [2024-11-20T00:43:36.033+0000] {dag.py:4180} INFO - Setting next_dagrun for example_dag_decorator to None, run_after=None
[2024-11-20T00:43:36.055+0000] {processor.py:208} INFO - Processing /home/ubuntu/airflow_venv/lib/python3.12/site-packages/airflow/example_dags/example_dag_decorator.py took 0.074 seconds
[2024-11-20T00:44:57.120+0000] {processor.py:186} INFO - Started process (PID=4773) to work on /home/ubuntu/airflow_venv/lib/python3.12/site-packages/airflow/example_dags/example_dag_decorator.py
[2024-11-20T00:44:57.123+0000] {processor.py:914} INFO - Processing file /home/ubuntu/airflow_venv/lib/python3.12/site-packages/airflow/example_dags/example_dag_decorator.py for tasks to queue
[2024-11-20T00:44:57.124+0000] {logging_mixin.py:190} INFO - [2024-11-20T00:44:57.123+0000] {dagbag.py:588} INFO - Filling up the DagBag from /home/ubuntu/airflow_venv/lib/python3.12/site-packages/airflow/example_dags/example_dag_decorator.py
[2024-11-20T00:44:57.136+0000] {processor.py:925} INFO - DAG(s) 'example_dag_decorator' retrieved from /home/ubuntu/airflow_venv/lib/python3.12/site-packages/airflow/example_dags/example_dag_decorator.py
[2024-11-20T00:44:57.154+0000] {logging_mixin.py:190} INFO - [2024-11-20T00:44:57.154+0000] {dag.py:3239} INFO - Sync 1 DAGs
[2024-11-20T00:44:57.166+0000] {logging_mixin.py:190} INFO - [2024-11-20T00:44:57.166+0000] {dag.py:4180} INFO - Setting next_dagrun for example_dag_decorator to None, run_after=None
[2024-11-20T00:44:57.189+0000] {processor.py:208} INFO - Processing /home/ubuntu/airflow_venv/lib/python3.12/site-packages/airflow/example_dags/example_dag_decorator.py took 0.075 seconds
[2024-11-20T00:45:52.821+0000] {processor.py:186} INFO - Started process (PID=4833) to work on /home/ubuntu/airflow_venv/lib/python3.12/site-packages/airflow/example_dags/example_dag_decorator.py
[2024-11-20T00:45:52.823+0000] {processor.py:914} INFO - Processing file /home/ubuntu/airflow_venv/lib/python3.12/site-packages/airflow/example_dags/example_dag_decorator.py for tasks to queue
[2024-11-20T00:45:52.824+0000] {logging_mixin.py:190} INFO - [2024-11-20T00:45:52.823+0000] {dagbag.py:588} INFO - Filling up the DagBag from /home/ubuntu/airflow_venv/lib/python3.12/site-packages/airflow/example_dags/example_dag_decorator.py
[2024-11-20T00:45:52.836+0000] {processor.py:925} INFO - DAG(s) 'example_dag_decorator' retrieved from /home/ubuntu/airflow_venv/lib/python3.12/site-packages/airflow/example_dags/example_dag_decorator.py
[2024-11-20T00:45:52.855+0000] {logging_mixin.py:190} INFO - [2024-11-20T00:45:52.855+0000] {dag.py:3239} INFO - Sync 1 DAGs
[2024-11-20T00:45:52.868+0000] {logging_mixin.py:190} INFO - [2024-11-20T00:45:52.868+0000] {dag.py:4180} INFO - Setting next_dagrun for example_dag_decorator to None, run_after=None
[2024-11-20T00:45:52.889+0000] {processor.py:208} INFO - Processing /home/ubuntu/airflow_venv/lib/python3.12/site-packages/airflow/example_dags/example_dag_decorator.py took 0.075 seconds
[2024-11-20T00:47:12.047+0000] {processor.py:186} INFO - Started process (PID=4917) to work on /home/ubuntu/airflow_venv/lib/python3.12/site-packages/airflow/example_dags/example_dag_decorator.py
[2024-11-20T00:47:12.049+0000] {processor.py:914} INFO - Processing file /home/ubuntu/airflow_venv/lib/python3.12/site-packages/airflow/example_dags/example_dag_decorator.py for tasks to queue
[2024-11-20T00:47:12.051+0000] {logging_mixin.py:190} INFO - [2024-11-20T00:47:12.050+0000] {dagbag.py:588} INFO - Filling up the DagBag from /home/ubuntu/airflow_venv/lib/python3.12/site-packages/airflow/example_dags/example_dag_decorator.py
[2024-11-20T00:47:12.063+0000] {processor.py:925} INFO - DAG(s) 'example_dag_decorator' retrieved from /home/ubuntu/airflow_venv/lib/python3.12/site-packages/airflow/example_dags/example_dag_decorator.py
[2024-11-20T00:47:12.165+0000] {logging_mixin.py:190} INFO - [2024-11-20T00:47:12.165+0000] {dag.py:3239} INFO - Sync 1 DAGs
[2024-11-20T00:47:12.174+0000] {logging_mixin.py:190} INFO - [2024-11-20T00:47:12.174+0000] {dag.py:4180} INFO - Setting next_dagrun for example_dag_decorator to None, run_after=None
[2024-11-20T00:47:12.195+0000] {processor.py:208} INFO - Processing /home/ubuntu/airflow_venv/lib/python3.12/site-packages/airflow/example_dags/example_dag_decorator.py took 0.154 seconds
[2024-11-20T00:48:30.995+0000] {processor.py:186} INFO - Started process (PID=4998) to work on /home/ubuntu/airflow_venv/lib/python3.12/site-packages/airflow/example_dags/example_dag_decorator.py
[2024-11-20T00:48:30.997+0000] {processor.py:914} INFO - Processing file /home/ubuntu/airflow_venv/lib/python3.12/site-packages/airflow/example_dags/example_dag_decorator.py for tasks to queue
[2024-11-20T00:48:30.999+0000] {logging_mixin.py:190} INFO - [2024-11-20T00:48:30.998+0000] {dagbag.py:588} INFO - Filling up the DagBag from /home/ubuntu/airflow_venv/lib/python3.12/site-packages/airflow/example_dags/example_dag_decorator.py
[2024-11-20T00:48:31.011+0000] {processor.py:925} INFO - DAG(s) 'example_dag_decorator' retrieved from /home/ubuntu/airflow_venv/lib/python3.12/site-packages/airflow/example_dags/example_dag_decorator.py
[2024-11-20T00:48:31.105+0000] {logging_mixin.py:190} INFO - [2024-11-20T00:48:31.105+0000] {dag.py:3239} INFO - Sync 1 DAGs
[2024-11-20T00:48:31.115+0000] {logging_mixin.py:190} INFO - [2024-11-20T00:48:31.115+0000] {dag.py:4180} INFO - Setting next_dagrun for example_dag_decorator to None, run_after=None
[2024-11-20T00:48:31.136+0000] {processor.py:208} INFO - Processing /home/ubuntu/airflow_venv/lib/python3.12/site-packages/airflow/example_dags/example_dag_decorator.py took 0.148 seconds
[2024-11-20T00:49:24.974+0000] {processor.py:186} INFO - Started process (PID=5055) to work on /home/ubuntu/airflow_venv/lib/python3.12/site-packages/airflow/example_dags/example_dag_decorator.py
[2024-11-20T00:49:24.975+0000] {processor.py:914} INFO - Processing file /home/ubuntu/airflow_venv/lib/python3.12/site-packages/airflow/example_dags/example_dag_decorator.py for tasks to queue
[2024-11-20T00:49:24.977+0000] {logging_mixin.py:190} INFO - [2024-11-20T00:49:24.976+0000] {dagbag.py:588} INFO - Filling up the DagBag from /home/ubuntu/airflow_venv/lib/python3.12/site-packages/airflow/example_dags/example_dag_decorator.py
[2024-11-20T00:49:24.989+0000] {processor.py:925} INFO - DAG(s) 'example_dag_decorator' retrieved from /home/ubuntu/airflow_venv/lib/python3.12/site-packages/airflow/example_dags/example_dag_decorator.py
[2024-11-20T00:49:25.087+0000] {logging_mixin.py:190} INFO - [2024-11-20T00:49:25.086+0000] {dag.py:3239} INFO - Sync 1 DAGs
[2024-11-20T00:49:25.103+0000] {logging_mixin.py:190} INFO - [2024-11-20T00:49:25.103+0000] {dag.py:4180} INFO - Setting next_dagrun for example_dag_decorator to None, run_after=None
[2024-11-20T00:49:25.125+0000] {processor.py:208} INFO - Processing /home/ubuntu/airflow_venv/lib/python3.12/site-packages/airflow/example_dags/example_dag_decorator.py took 0.158 seconds
[2024-11-20T00:50:45.488+0000] {processor.py:186} INFO - Started process (PID=5141) to work on /home/ubuntu/airflow_venv/lib/python3.12/site-packages/airflow/example_dags/example_dag_decorator.py
[2024-11-20T00:50:45.489+0000] {processor.py:914} INFO - Processing file /home/ubuntu/airflow_venv/lib/python3.12/site-packages/airflow/example_dags/example_dag_decorator.py for tasks to queue
[2024-11-20T00:50:45.491+0000] {logging_mixin.py:190} INFO - [2024-11-20T00:50:45.490+0000] {dagbag.py:588} INFO - Filling up the DagBag from /home/ubuntu/airflow_venv/lib/python3.12/site-packages/airflow/example_dags/example_dag_decorator.py
[2024-11-20T00:50:45.502+0000] {processor.py:925} INFO - DAG(s) 'example_dag_decorator' retrieved from /home/ubuntu/airflow_venv/lib/python3.12/site-packages/airflow/example_dags/example_dag_decorator.py
[2024-11-20T00:50:45.597+0000] {logging_mixin.py:190} INFO - [2024-11-20T00:50:45.597+0000] {dag.py:3239} INFO - Sync 1 DAGs
[2024-11-20T00:50:45.608+0000] {logging_mixin.py:190} INFO - [2024-11-20T00:50:45.607+0000] {dag.py:4180} INFO - Setting next_dagrun for example_dag_decorator to None, run_after=None
[2024-11-20T00:50:45.629+0000] {processor.py:208} INFO - Processing /home/ubuntu/airflow_venv/lib/python3.12/site-packages/airflow/example_dags/example_dag_decorator.py took 0.148 seconds
[2024-11-20T00:51:41.448+0000] {processor.py:186} INFO - Started process (PID=5198) to work on /home/ubuntu/airflow_venv/lib/python3.12/site-packages/airflow/example_dags/example_dag_decorator.py
[2024-11-20T00:51:41.450+0000] {processor.py:914} INFO - Processing file /home/ubuntu/airflow_venv/lib/python3.12/site-packages/airflow/example_dags/example_dag_decorator.py for tasks to queue
[2024-11-20T00:51:41.451+0000] {logging_mixin.py:190} INFO - [2024-11-20T00:51:41.451+0000] {dagbag.py:588} INFO - Filling up the DagBag from /home/ubuntu/airflow_venv/lib/python3.12/site-packages/airflow/example_dags/example_dag_decorator.py
[2024-11-20T00:51:41.464+0000] {processor.py:925} INFO - DAG(s) 'example_dag_decorator' retrieved from /home/ubuntu/airflow_venv/lib/python3.12/site-packages/airflow/example_dags/example_dag_decorator.py
[2024-11-20T00:51:41.561+0000] {logging_mixin.py:190} INFO - [2024-11-20T00:51:41.561+0000] {dag.py:3239} INFO - Sync 1 DAGs
[2024-11-20T00:51:41.572+0000] {logging_mixin.py:190} INFO - [2024-11-20T00:51:41.571+0000] {dag.py:4180} INFO - Setting next_dagrun for example_dag_decorator to None, run_after=None
[2024-11-20T00:51:41.594+0000] {processor.py:208} INFO - Processing /home/ubuntu/airflow_venv/lib/python3.12/site-packages/airflow/example_dags/example_dag_decorator.py took 0.153 seconds
[2024-11-20T00:52:38.771+0000] {processor.py:186} INFO - Started process (PID=5257) to work on /home/ubuntu/airflow_venv/lib/python3.12/site-packages/airflow/example_dags/example_dag_decorator.py
[2024-11-20T00:52:38.772+0000] {processor.py:914} INFO - Processing file /home/ubuntu/airflow_venv/lib/python3.12/site-packages/airflow/example_dags/example_dag_decorator.py for tasks to queue
[2024-11-20T00:52:38.773+0000] {logging_mixin.py:190} INFO - [2024-11-20T00:52:38.773+0000] {dagbag.py:588} INFO - Filling up the DagBag from /home/ubuntu/airflow_venv/lib/python3.12/site-packages/airflow/example_dags/example_dag_decorator.py
[2024-11-20T00:52:38.786+0000] {processor.py:925} INFO - DAG(s) 'example_dag_decorator' retrieved from /home/ubuntu/airflow_venv/lib/python3.12/site-packages/airflow/example_dags/example_dag_decorator.py
[2024-11-20T00:52:38.804+0000] {logging_mixin.py:190} INFO - [2024-11-20T00:52:38.804+0000] {dag.py:3239} INFO - Sync 1 DAGs
[2024-11-20T00:52:38.816+0000] {logging_mixin.py:190} INFO - [2024-11-20T00:52:38.816+0000] {dag.py:4180} INFO - Setting next_dagrun for example_dag_decorator to None, run_after=None
[2024-11-20T00:52:38.836+0000] {processor.py:208} INFO - Processing /home/ubuntu/airflow_venv/lib/python3.12/site-packages/airflow/example_dags/example_dag_decorator.py took 0.073 seconds
[2024-11-20T00:53:36.364+0000] {processor.py:186} INFO - Started process (PID=5314) to work on /home/ubuntu/airflow_venv/lib/python3.12/site-packages/airflow/example_dags/example_dag_decorator.py
[2024-11-20T00:53:36.366+0000] {processor.py:914} INFO - Processing file /home/ubuntu/airflow_venv/lib/python3.12/site-packages/airflow/example_dags/example_dag_decorator.py for tasks to queue
[2024-11-20T00:53:36.367+0000] {logging_mixin.py:190} INFO - [2024-11-20T00:53:36.366+0000] {dagbag.py:588} INFO - Filling up the DagBag from /home/ubuntu/airflow_venv/lib/python3.12/site-packages/airflow/example_dags/example_dag_decorator.py
[2024-11-20T00:53:36.379+0000] {processor.py:925} INFO - DAG(s) 'example_dag_decorator' retrieved from /home/ubuntu/airflow_venv/lib/python3.12/site-packages/airflow/example_dags/example_dag_decorator.py
[2024-11-20T00:53:36.397+0000] {logging_mixin.py:190} INFO - [2024-11-20T00:53:36.397+0000] {dag.py:3239} INFO - Sync 1 DAGs
[2024-11-20T00:53:36.410+0000] {logging_mixin.py:190} INFO - [2024-11-20T00:53:36.409+0000] {dag.py:4180} INFO - Setting next_dagrun for example_dag_decorator to None, run_after=None
[2024-11-20T00:53:36.444+0000] {processor.py:208} INFO - Processing /home/ubuntu/airflow_venv/lib/python3.12/site-packages/airflow/example_dags/example_dag_decorator.py took 0.087 seconds
[2024-11-20T00:54:53.604+0000] {processor.py:186} INFO - Started process (PID=5408) to work on /home/ubuntu/airflow_venv/lib/python3.12/site-packages/airflow/example_dags/example_dag_decorator.py
[2024-11-20T00:54:53.605+0000] {processor.py:914} INFO - Processing file /home/ubuntu/airflow_venv/lib/python3.12/site-packages/airflow/example_dags/example_dag_decorator.py for tasks to queue
[2024-11-20T00:54:53.607+0000] {logging_mixin.py:190} INFO - [2024-11-20T00:54:53.606+0000] {dagbag.py:588} INFO - Filling up the DagBag from /home/ubuntu/airflow_venv/lib/python3.12/site-packages/airflow/example_dags/example_dag_decorator.py
[2024-11-20T00:54:53.619+0000] {processor.py:925} INFO - DAG(s) 'example_dag_decorator' retrieved from /home/ubuntu/airflow_venv/lib/python3.12/site-packages/airflow/example_dags/example_dag_decorator.py
[2024-11-20T00:54:53.713+0000] {logging_mixin.py:190} INFO - [2024-11-20T00:54:53.713+0000] {dag.py:3239} INFO - Sync 1 DAGs
[2024-11-20T00:54:53.723+0000] {logging_mixin.py:190} INFO - [2024-11-20T00:54:53.723+0000] {dag.py:4180} INFO - Setting next_dagrun for example_dag_decorator to None, run_after=None
[2024-11-20T00:54:53.744+0000] {processor.py:208} INFO - Processing /home/ubuntu/airflow_venv/lib/python3.12/site-packages/airflow/example_dags/example_dag_decorator.py took 0.147 seconds
[2024-11-20T00:55:47.874+0000] {processor.py:186} INFO - Started process (PID=5470) to work on /home/ubuntu/airflow_venv/lib/python3.12/site-packages/airflow/example_dags/example_dag_decorator.py
[2024-11-20T00:55:47.875+0000] {processor.py:914} INFO - Processing file /home/ubuntu/airflow_venv/lib/python3.12/site-packages/airflow/example_dags/example_dag_decorator.py for tasks to queue
[2024-11-20T00:55:47.876+0000] {logging_mixin.py:190} INFO - [2024-11-20T00:55:47.876+0000] {dagbag.py:588} INFO - Filling up the DagBag from /home/ubuntu/airflow_venv/lib/python3.12/site-packages/airflow/example_dags/example_dag_decorator.py
[2024-11-20T00:55:47.888+0000] {processor.py:925} INFO - DAG(s) 'example_dag_decorator' retrieved from /home/ubuntu/airflow_venv/lib/python3.12/site-packages/airflow/example_dags/example_dag_decorator.py
[2024-11-20T00:55:47.984+0000] {logging_mixin.py:190} INFO - [2024-11-20T00:55:47.984+0000] {dag.py:3239} INFO - Sync 1 DAGs
[2024-11-20T00:55:47.995+0000] {logging_mixin.py:190} INFO - [2024-11-20T00:55:47.994+0000] {dag.py:4180} INFO - Setting next_dagrun for example_dag_decorator to None, run_after=None
[2024-11-20T00:55:48.016+0000] {processor.py:208} INFO - Processing /home/ubuntu/airflow_venv/lib/python3.12/site-packages/airflow/example_dags/example_dag_decorator.py took 0.150 seconds
[2024-11-20T00:57:08.562+0000] {processor.py:186} INFO - Started process (PID=5553) to work on /home/ubuntu/airflow_venv/lib/python3.12/site-packages/airflow/example_dags/example_dag_decorator.py
[2024-11-20T00:57:08.563+0000] {processor.py:914} INFO - Processing file /home/ubuntu/airflow_venv/lib/python3.12/site-packages/airflow/example_dags/example_dag_decorator.py for tasks to queue
[2024-11-20T00:57:08.565+0000] {logging_mixin.py:190} INFO - [2024-11-20T00:57:08.564+0000] {dagbag.py:588} INFO - Filling up the DagBag from /home/ubuntu/airflow_venv/lib/python3.12/site-packages/airflow/example_dags/example_dag_decorator.py
[2024-11-20T00:57:08.577+0000] {processor.py:925} INFO - DAG(s) 'example_dag_decorator' retrieved from /home/ubuntu/airflow_venv/lib/python3.12/site-packages/airflow/example_dags/example_dag_decorator.py
[2024-11-20T00:57:08.673+0000] {logging_mixin.py:190} INFO - [2024-11-20T00:57:08.673+0000] {dag.py:3239} INFO - Sync 1 DAGs
[2024-11-20T00:57:08.684+0000] {logging_mixin.py:190} INFO - [2024-11-20T00:57:08.683+0000] {dag.py:4180} INFO - Setting next_dagrun for example_dag_decorator to None, run_after=None
[2024-11-20T00:57:08.704+0000] {processor.py:208} INFO - Processing /home/ubuntu/airflow_venv/lib/python3.12/site-packages/airflow/example_dags/example_dag_decorator.py took 0.150 seconds
[2024-11-20T00:58:26.197+0000] {processor.py:186} INFO - Started process (PID=5636) to work on /home/ubuntu/airflow_venv/lib/python3.12/site-packages/airflow/example_dags/example_dag_decorator.py
[2024-11-20T00:58:26.198+0000] {processor.py:914} INFO - Processing file /home/ubuntu/airflow_venv/lib/python3.12/site-packages/airflow/example_dags/example_dag_decorator.py for tasks to queue
[2024-11-20T00:58:26.200+0000] {logging_mixin.py:190} INFO - [2024-11-20T00:58:26.200+0000] {dagbag.py:588} INFO - Filling up the DagBag from /home/ubuntu/airflow_venv/lib/python3.12/site-packages/airflow/example_dags/example_dag_decorator.py
[2024-11-20T00:58:26.213+0000] {processor.py:925} INFO - DAG(s) 'example_dag_decorator' retrieved from /home/ubuntu/airflow_venv/lib/python3.12/site-packages/airflow/example_dags/example_dag_decorator.py
[2024-11-20T00:58:26.306+0000] {logging_mixin.py:190} INFO - [2024-11-20T00:58:26.306+0000] {dag.py:3239} INFO - Sync 1 DAGs
[2024-11-20T00:58:26.315+0000] {logging_mixin.py:190} INFO - [2024-11-20T00:58:26.315+0000] {dag.py:4180} INFO - Setting next_dagrun for example_dag_decorator to None, run_after=None
[2024-11-20T00:58:26.339+0000] {processor.py:208} INFO - Processing /home/ubuntu/airflow_venv/lib/python3.12/site-packages/airflow/example_dags/example_dag_decorator.py took 0.149 seconds
[2024-11-20T00:59:45.190+0000] {processor.py:186} INFO - Started process (PID=5722) to work on /home/ubuntu/airflow_venv/lib/python3.12/site-packages/airflow/example_dags/example_dag_decorator.py
[2024-11-20T00:59:45.191+0000] {processor.py:914} INFO - Processing file /home/ubuntu/airflow_venv/lib/python3.12/site-packages/airflow/example_dags/example_dag_decorator.py for tasks to queue
[2024-11-20T00:59:45.192+0000] {logging_mixin.py:190} INFO - [2024-11-20T00:59:45.192+0000] {dagbag.py:588} INFO - Filling up the DagBag from /home/ubuntu/airflow_venv/lib/python3.12/site-packages/airflow/example_dags/example_dag_decorator.py
[2024-11-20T00:59:45.205+0000] {processor.py:925} INFO - DAG(s) 'example_dag_decorator' retrieved from /home/ubuntu/airflow_venv/lib/python3.12/site-packages/airflow/example_dags/example_dag_decorator.py
[2024-11-20T00:59:45.297+0000] {logging_mixin.py:190} INFO - [2024-11-20T00:59:45.297+0000] {dag.py:3239} INFO - Sync 1 DAGs
[2024-11-20T00:59:45.308+0000] {logging_mixin.py:190} INFO - [2024-11-20T00:59:45.307+0000] {dag.py:4180} INFO - Setting next_dagrun for example_dag_decorator to None, run_after=None
[2024-11-20T00:59:45.328+0000] {processor.py:208} INFO - Processing /home/ubuntu/airflow_venv/lib/python3.12/site-packages/airflow/example_dags/example_dag_decorator.py took 0.146 seconds
[2024-11-20T01:00:40.858+0000] {processor.py:186} INFO - Started process (PID=5781) to work on /home/ubuntu/airflow_venv/lib/python3.12/site-packages/airflow/example_dags/example_dag_decorator.py
[2024-11-20T01:00:40.860+0000] {processor.py:914} INFO - Processing file /home/ubuntu/airflow_venv/lib/python3.12/site-packages/airflow/example_dags/example_dag_decorator.py for tasks to queue
[2024-11-20T01:00:40.862+0000] {logging_mixin.py:190} INFO - [2024-11-20T01:00:40.861+0000] {dagbag.py:588} INFO - Filling up the DagBag from /home/ubuntu/airflow_venv/lib/python3.12/site-packages/airflow/example_dags/example_dag_decorator.py
[2024-11-20T01:00:40.874+0000] {processor.py:925} INFO - DAG(s) 'example_dag_decorator' retrieved from /home/ubuntu/airflow_venv/lib/python3.12/site-packages/airflow/example_dags/example_dag_decorator.py
[2024-11-20T01:00:40.969+0000] {logging_mixin.py:190} INFO - [2024-11-20T01:00:40.969+0000] {dag.py:3239} INFO - Sync 1 DAGs
[2024-11-20T01:00:40.979+0000] {logging_mixin.py:190} INFO - [2024-11-20T01:00:40.979+0000] {dag.py:4180} INFO - Setting next_dagrun for example_dag_decorator to None, run_after=None
[2024-11-20T01:00:41.001+0000] {processor.py:208} INFO - Processing /home/ubuntu/airflow_venv/lib/python3.12/site-packages/airflow/example_dags/example_dag_decorator.py took 0.151 seconds
[2024-11-20T01:01:45.293+0000] {processor.py:186} INFO - Started process (PID=5853) to work on /home/ubuntu/airflow_venv/lib/python3.12/site-packages/airflow/example_dags/example_dag_decorator.py
[2024-11-20T01:01:45.295+0000] {processor.py:914} INFO - Processing file /home/ubuntu/airflow_venv/lib/python3.12/site-packages/airflow/example_dags/example_dag_decorator.py for tasks to queue
[2024-11-20T01:01:45.297+0000] {logging_mixin.py:190} INFO - [2024-11-20T01:01:45.296+0000] {dagbag.py:588} INFO - Filling up the DagBag from /home/ubuntu/airflow_venv/lib/python3.12/site-packages/airflow/example_dags/example_dag_decorator.py
[2024-11-20T01:01:45.308+0000] {processor.py:925} INFO - DAG(s) 'example_dag_decorator' retrieved from /home/ubuntu/airflow_venv/lib/python3.12/site-packages/airflow/example_dags/example_dag_decorator.py
[2024-11-20T01:01:45.415+0000] {logging_mixin.py:190} INFO - [2024-11-20T01:01:45.415+0000] {dag.py:3239} INFO - Sync 1 DAGs
[2024-11-20T01:01:45.424+0000] {logging_mixin.py:190} INFO - [2024-11-20T01:01:45.424+0000] {dag.py:4180} INFO - Setting next_dagrun for example_dag_decorator to None, run_after=None
[2024-11-20T01:01:45.446+0000] {processor.py:208} INFO - Processing /home/ubuntu/airflow_venv/lib/python3.12/site-packages/airflow/example_dags/example_dag_decorator.py took 0.159 seconds
[2024-11-20T01:02:50.417+0000] {processor.py:186} INFO - Started process (PID=5920) to work on /home/ubuntu/airflow_venv/lib/python3.12/site-packages/airflow/example_dags/example_dag_decorator.py
[2024-11-20T01:02:50.418+0000] {processor.py:914} INFO - Processing file /home/ubuntu/airflow_venv/lib/python3.12/site-packages/airflow/example_dags/example_dag_decorator.py for tasks to queue
[2024-11-20T01:02:50.419+0000] {logging_mixin.py:190} INFO - [2024-11-20T01:02:50.419+0000] {dagbag.py:588} INFO - Filling up the DagBag from /home/ubuntu/airflow_venv/lib/python3.12/site-packages/airflow/example_dags/example_dag_decorator.py
[2024-11-20T01:02:50.431+0000] {processor.py:925} INFO - DAG(s) 'example_dag_decorator' retrieved from /home/ubuntu/airflow_venv/lib/python3.12/site-packages/airflow/example_dags/example_dag_decorator.py
[2024-11-20T01:02:50.450+0000] {logging_mixin.py:190} INFO - [2024-11-20T01:02:50.450+0000] {dag.py:3239} INFO - Sync 1 DAGs
[2024-11-20T01:02:50.462+0000] {logging_mixin.py:190} INFO - [2024-11-20T01:02:50.462+0000] {dag.py:4180} INFO - Setting next_dagrun for example_dag_decorator to None, run_after=None
[2024-11-20T01:02:50.484+0000] {processor.py:208} INFO - Processing /home/ubuntu/airflow_venv/lib/python3.12/site-packages/airflow/example_dags/example_dag_decorator.py took 0.074 seconds
[2024-11-20T01:03:46.904+0000] {processor.py:186} INFO - Started process (PID=5976) to work on /home/ubuntu/airflow_venv/lib/python3.12/site-packages/airflow/example_dags/example_dag_decorator.py
[2024-11-20T01:03:46.905+0000] {processor.py:914} INFO - Processing file /home/ubuntu/airflow_venv/lib/python3.12/site-packages/airflow/example_dags/example_dag_decorator.py for tasks to queue
[2024-11-20T01:03:46.907+0000] {logging_mixin.py:190} INFO - [2024-11-20T01:03:46.906+0000] {dagbag.py:588} INFO - Filling up the DagBag from /home/ubuntu/airflow_venv/lib/python3.12/site-packages/airflow/example_dags/example_dag_decorator.py
[2024-11-20T01:03:46.919+0000] {processor.py:925} INFO - DAG(s) 'example_dag_decorator' retrieved from /home/ubuntu/airflow_venv/lib/python3.12/site-packages/airflow/example_dags/example_dag_decorator.py
[2024-11-20T01:03:47.023+0000] {logging_mixin.py:190} INFO - [2024-11-20T01:03:47.023+0000] {dag.py:3239} INFO - Sync 1 DAGs
[2024-11-20T01:03:47.034+0000] {logging_mixin.py:190} INFO - [2024-11-20T01:03:47.033+0000] {dag.py:4180} INFO - Setting next_dagrun for example_dag_decorator to None, run_after=None
[2024-11-20T01:03:47.056+0000] {processor.py:208} INFO - Processing /home/ubuntu/airflow_venv/lib/python3.12/site-packages/airflow/example_dags/example_dag_decorator.py took 0.159 seconds
[2024-11-20T01:05:10.503+0000] {processor.py:186} INFO - Started process (PID=6066) to work on /home/ubuntu/airflow_venv/lib/python3.12/site-packages/airflow/example_dags/example_dag_decorator.py
[2024-11-20T01:05:10.505+0000] {processor.py:914} INFO - Processing file /home/ubuntu/airflow_venv/lib/python3.12/site-packages/airflow/example_dags/example_dag_decorator.py for tasks to queue
[2024-11-20T01:05:10.507+0000] {logging_mixin.py:190} INFO - [2024-11-20T01:05:10.506+0000] {dagbag.py:588} INFO - Filling up the DagBag from /home/ubuntu/airflow_venv/lib/python3.12/site-packages/airflow/example_dags/example_dag_decorator.py
[2024-11-20T01:05:10.519+0000] {processor.py:925} INFO - DAG(s) 'example_dag_decorator' retrieved from /home/ubuntu/airflow_venv/lib/python3.12/site-packages/airflow/example_dags/example_dag_decorator.py
[2024-11-20T01:05:10.612+0000] {logging_mixin.py:190} INFO - [2024-11-20T01:05:10.612+0000] {dag.py:3239} INFO - Sync 1 DAGs
[2024-11-20T01:05:10.623+0000] {logging_mixin.py:190} INFO - [2024-11-20T01:05:10.623+0000] {dag.py:4180} INFO - Setting next_dagrun for example_dag_decorator to None, run_after=None
[2024-11-20T01:05:10.644+0000] {processor.py:208} INFO - Processing /home/ubuntu/airflow_venv/lib/python3.12/site-packages/airflow/example_dags/example_dag_decorator.py took 0.148 seconds
[2024-11-20T01:06:06.286+0000] {processor.py:186} INFO - Started process (PID=6124) to work on /home/ubuntu/airflow_venv/lib/python3.12/site-packages/airflow/example_dags/example_dag_decorator.py
[2024-11-20T01:06:06.289+0000] {processor.py:914} INFO - Processing file /home/ubuntu/airflow_venv/lib/python3.12/site-packages/airflow/example_dags/example_dag_decorator.py for tasks to queue
[2024-11-20T01:06:06.290+0000] {logging_mixin.py:190} INFO - [2024-11-20T01:06:06.289+0000] {dagbag.py:588} INFO - Filling up the DagBag from /home/ubuntu/airflow_venv/lib/python3.12/site-packages/airflow/example_dags/example_dag_decorator.py
[2024-11-20T01:06:06.302+0000] {processor.py:925} INFO - DAG(s) 'example_dag_decorator' retrieved from /home/ubuntu/airflow_venv/lib/python3.12/site-packages/airflow/example_dags/example_dag_decorator.py
[2024-11-20T01:06:06.396+0000] {logging_mixin.py:190} INFO - [2024-11-20T01:06:06.396+0000] {dag.py:3239} INFO - Sync 1 DAGs
[2024-11-20T01:06:06.407+0000] {logging_mixin.py:190} INFO - [2024-11-20T01:06:06.407+0000] {dag.py:4180} INFO - Setting next_dagrun for example_dag_decorator to None, run_after=None
[2024-11-20T01:06:06.429+0000] {processor.py:208} INFO - Processing /home/ubuntu/airflow_venv/lib/python3.12/site-packages/airflow/example_dags/example_dag_decorator.py took 0.149 seconds
[2024-11-20T01:07:24.604+0000] {processor.py:186} INFO - Started process (PID=6206) to work on /home/ubuntu/airflow_venv/lib/python3.12/site-packages/airflow/example_dags/example_dag_decorator.py
[2024-11-20T01:07:24.606+0000] {processor.py:914} INFO - Processing file /home/ubuntu/airflow_venv/lib/python3.12/site-packages/airflow/example_dags/example_dag_decorator.py for tasks to queue
[2024-11-20T01:07:24.608+0000] {logging_mixin.py:190} INFO - [2024-11-20T01:07:24.607+0000] {dagbag.py:588} INFO - Filling up the DagBag from /home/ubuntu/airflow_venv/lib/python3.12/site-packages/airflow/example_dags/example_dag_decorator.py
[2024-11-20T01:07:24.621+0000] {processor.py:925} INFO - DAG(s) 'example_dag_decorator' retrieved from /home/ubuntu/airflow_venv/lib/python3.12/site-packages/airflow/example_dags/example_dag_decorator.py
[2024-11-20T01:07:24.640+0000] {logging_mixin.py:190} INFO - [2024-11-20T01:07:24.640+0000] {dag.py:3239} INFO - Sync 1 DAGs
[2024-11-20T01:07:24.651+0000] {logging_mixin.py:190} INFO - [2024-11-20T01:07:24.651+0000] {dag.py:4180} INFO - Setting next_dagrun for example_dag_decorator to None, run_after=None
[2024-11-20T01:07:24.672+0000] {processor.py:208} INFO - Processing /home/ubuntu/airflow_venv/lib/python3.12/site-packages/airflow/example_dags/example_dag_decorator.py took 0.075 seconds
[2024-11-20T01:08:45.570+0000] {processor.py:186} INFO - Started process (PID=6288) to work on /home/ubuntu/airflow_venv/lib/python3.12/site-packages/airflow/example_dags/example_dag_decorator.py
[2024-11-20T01:08:45.571+0000] {processor.py:914} INFO - Processing file /home/ubuntu/airflow_venv/lib/python3.12/site-packages/airflow/example_dags/example_dag_decorator.py for tasks to queue
[2024-11-20T01:08:45.573+0000] {logging_mixin.py:190} INFO - [2024-11-20T01:08:45.572+0000] {dagbag.py:588} INFO - Filling up the DagBag from /home/ubuntu/airflow_venv/lib/python3.12/site-packages/airflow/example_dags/example_dag_decorator.py
[2024-11-20T01:08:45.585+0000] {processor.py:925} INFO - DAG(s) 'example_dag_decorator' retrieved from /home/ubuntu/airflow_venv/lib/python3.12/site-packages/airflow/example_dags/example_dag_decorator.py
[2024-11-20T01:08:45.680+0000] {logging_mixin.py:190} INFO - [2024-11-20T01:08:45.680+0000] {dag.py:3239} INFO - Sync 1 DAGs
[2024-11-20T01:08:45.690+0000] {logging_mixin.py:190} INFO - [2024-11-20T01:08:45.689+0000] {dag.py:4180} INFO - Setting next_dagrun for example_dag_decorator to None, run_after=None
[2024-11-20T01:08:45.712+0000] {processor.py:208} INFO - Processing /home/ubuntu/airflow_venv/lib/python3.12/site-packages/airflow/example_dags/example_dag_decorator.py took 0.149 seconds
[2024-11-20T01:09:43.165+0000] {processor.py:186} INFO - Started process (PID=6345) to work on /home/ubuntu/airflow_venv/lib/python3.12/site-packages/airflow/example_dags/example_dag_decorator.py
[2024-11-20T01:09:43.167+0000] {processor.py:914} INFO - Processing file /home/ubuntu/airflow_venv/lib/python3.12/site-packages/airflow/example_dags/example_dag_decorator.py for tasks to queue
[2024-11-20T01:09:43.170+0000] {logging_mixin.py:190} INFO - [2024-11-20T01:09:43.168+0000] {dagbag.py:588} INFO - Filling up the DagBag from /home/ubuntu/airflow_venv/lib/python3.12/site-packages/airflow/example_dags/example_dag_decorator.py
[2024-11-20T01:09:43.182+0000] {processor.py:925} INFO - DAG(s) 'example_dag_decorator' retrieved from /home/ubuntu/airflow_venv/lib/python3.12/site-packages/airflow/example_dags/example_dag_decorator.py
[2024-11-20T01:09:43.274+0000] {logging_mixin.py:190} INFO - [2024-11-20T01:09:43.274+0000] {dag.py:3239} INFO - Sync 1 DAGs
[2024-11-20T01:09:43.285+0000] {logging_mixin.py:190} INFO - [2024-11-20T01:09:43.285+0000] {dag.py:4180} INFO - Setting next_dagrun for example_dag_decorator to None, run_after=None
[2024-11-20T01:09:43.307+0000] {processor.py:208} INFO - Processing /home/ubuntu/airflow_venv/lib/python3.12/site-packages/airflow/example_dags/example_dag_decorator.py took 0.148 seconds
[2024-11-20T01:10:40.047+0000] {processor.py:186} INFO - Started process (PID=6409) to work on /home/ubuntu/airflow_venv/lib/python3.12/site-packages/airflow/example_dags/example_dag_decorator.py
[2024-11-20T01:10:40.049+0000] {processor.py:914} INFO - Processing file /home/ubuntu/airflow_venv/lib/python3.12/site-packages/airflow/example_dags/example_dag_decorator.py for tasks to queue
[2024-11-20T01:10:40.051+0000] {logging_mixin.py:190} INFO - [2024-11-20T01:10:40.050+0000] {dagbag.py:588} INFO - Filling up the DagBag from /home/ubuntu/airflow_venv/lib/python3.12/site-packages/airflow/example_dags/example_dag_decorator.py
[2024-11-20T01:10:40.062+0000] {processor.py:925} INFO - DAG(s) 'example_dag_decorator' retrieved from /home/ubuntu/airflow_venv/lib/python3.12/site-packages/airflow/example_dags/example_dag_decorator.py
[2024-11-20T01:10:40.081+0000] {logging_mixin.py:190} INFO - [2024-11-20T01:10:40.080+0000] {dag.py:3239} INFO - Sync 1 DAGs
[2024-11-20T01:10:40.092+0000] {logging_mixin.py:190} INFO - [2024-11-20T01:10:40.092+0000] {dag.py:4180} INFO - Setting next_dagrun for example_dag_decorator to None, run_after=None
[2024-11-20T01:10:40.114+0000] {processor.py:208} INFO - Processing /home/ubuntu/airflow_venv/lib/python3.12/site-packages/airflow/example_dags/example_dag_decorator.py took 0.073 seconds
[2024-11-20T01:12:01.710+0000] {processor.py:186} INFO - Started process (PID=6492) to work on /home/ubuntu/airflow_venv/lib/python3.12/site-packages/airflow/example_dags/example_dag_decorator.py
[2024-11-20T01:12:01.711+0000] {processor.py:914} INFO - Processing file /home/ubuntu/airflow_venv/lib/python3.12/site-packages/airflow/example_dags/example_dag_decorator.py for tasks to queue
[2024-11-20T01:12:01.713+0000] {logging_mixin.py:190} INFO - [2024-11-20T01:12:01.713+0000] {dagbag.py:588} INFO - Filling up the DagBag from /home/ubuntu/airflow_venv/lib/python3.12/site-packages/airflow/example_dags/example_dag_decorator.py
[2024-11-20T01:12:01.726+0000] {processor.py:925} INFO - DAG(s) 'example_dag_decorator' retrieved from /home/ubuntu/airflow_venv/lib/python3.12/site-packages/airflow/example_dags/example_dag_decorator.py
[2024-11-20T01:12:01.828+0000] {logging_mixin.py:190} INFO - [2024-11-20T01:12:01.827+0000] {dag.py:3239} INFO - Sync 1 DAGs
[2024-11-20T01:12:01.840+0000] {logging_mixin.py:190} INFO - [2024-11-20T01:12:01.840+0000] {dag.py:4180} INFO - Setting next_dagrun for example_dag_decorator to None, run_after=None
[2024-11-20T01:12:01.864+0000] {processor.py:208} INFO - Processing /home/ubuntu/airflow_venv/lib/python3.12/site-packages/airflow/example_dags/example_dag_decorator.py took 0.163 seconds
