[2024-11-20T00:16:27.411+0000] {processor.py:186} INFO - Started process (PID=2040) to work on /home/ubuntu/airflow_venv/lib/python3.12/site-packages/airflow/example_dags/example_short_circuit_decorator.py
[2024-11-20T00:16:27.412+0000] {processor.py:914} INFO - Processing file /home/ubuntu/airflow_venv/lib/python3.12/site-packages/airflow/example_dags/example_short_circuit_decorator.py for tasks to queue
[2024-11-20T00:16:27.414+0000] {logging_mixin.py:190} INFO - [2024-11-20T00:16:27.413+0000] {dagbag.py:588} INFO - Filling up the DagBag from /home/ubuntu/airflow_venv/lib/python3.12/site-packages/airflow/example_dags/example_short_circuit_decorator.py
[2024-11-20T00:16:27.423+0000] {processor.py:925} INFO - DAG(s) 'example_short_circuit_decorator' retrieved from /home/ubuntu/airflow_venv/lib/python3.12/site-packages/airflow/example_dags/example_short_circuit_decorator.py
[2024-11-20T00:16:27.445+0000] {logging_mixin.py:190} INFO - [2024-11-20T00:16:27.445+0000] {dag.py:3239} INFO - Sync 1 DAGs
[2024-11-20T00:16:27.456+0000] {logging_mixin.py:190} INFO - [2024-11-20T00:16:27.456+0000] {dag.py:4180} INFO - Setting next_dagrun for example_short_circuit_decorator to None, run_after=None
[2024-11-20T00:16:27.476+0000] {processor.py:208} INFO - Processing /home/ubuntu/airflow_venv/lib/python3.12/site-packages/airflow/example_dags/example_short_circuit_decorator.py took 0.071 seconds
[2024-11-20T00:17:25.800+0000] {processor.py:186} INFO - Started process (PID=2111) to work on /home/ubuntu/airflow_venv/lib/python3.12/site-packages/airflow/example_dags/example_short_circuit_decorator.py
[2024-11-20T00:17:25.802+0000] {processor.py:914} INFO - Processing file /home/ubuntu/airflow_venv/lib/python3.12/site-packages/airflow/example_dags/example_short_circuit_decorator.py for tasks to queue
[2024-11-20T00:17:25.803+0000] {logging_mixin.py:190} INFO - [2024-11-20T00:17:25.803+0000] {dagbag.py:588} INFO - Filling up the DagBag from /home/ubuntu/airflow_venv/lib/python3.12/site-packages/airflow/example_dags/example_short_circuit_decorator.py
[2024-11-20T00:17:25.814+0000] {processor.py:925} INFO - DAG(s) 'example_short_circuit_decorator' retrieved from /home/ubuntu/airflow_venv/lib/python3.12/site-packages/airflow/example_dags/example_short_circuit_decorator.py
[2024-11-20T00:17:25.831+0000] {logging_mixin.py:190} INFO - [2024-11-20T00:17:25.831+0000] {dag.py:3239} INFO - Sync 1 DAGs
[2024-11-20T00:17:25.843+0000] {logging_mixin.py:190} INFO - [2024-11-20T00:17:25.843+0000] {dag.py:4180} INFO - Setting next_dagrun for example_short_circuit_decorator to None, run_after=None
[2024-11-20T00:17:25.867+0000] {processor.py:208} INFO - Processing /home/ubuntu/airflow_venv/lib/python3.12/site-packages/airflow/example_dags/example_short_circuit_decorator.py took 0.072 seconds
[2024-11-20T00:18:21.768+0000] {processor.py:186} INFO - Started process (PID=2169) to work on /home/ubuntu/airflow_venv/lib/python3.12/site-packages/airflow/example_dags/example_short_circuit_decorator.py
[2024-11-20T00:18:21.770+0000] {processor.py:914} INFO - Processing file /home/ubuntu/airflow_venv/lib/python3.12/site-packages/airflow/example_dags/example_short_circuit_decorator.py for tasks to queue
[2024-11-20T00:18:21.772+0000] {logging_mixin.py:190} INFO - [2024-11-20T00:18:21.772+0000] {dagbag.py:588} INFO - Filling up the DagBag from /home/ubuntu/airflow_venv/lib/python3.12/site-packages/airflow/example_dags/example_short_circuit_decorator.py
[2024-11-20T00:18:21.781+0000] {processor.py:925} INFO - DAG(s) 'example_short_circuit_decorator' retrieved from /home/ubuntu/airflow_venv/lib/python3.12/site-packages/airflow/example_dags/example_short_circuit_decorator.py
[2024-11-20T00:18:21.800+0000] {logging_mixin.py:190} INFO - [2024-11-20T00:18:21.799+0000] {dag.py:3239} INFO - Sync 1 DAGs
[2024-11-20T00:18:21.812+0000] {logging_mixin.py:190} INFO - [2024-11-20T00:18:21.812+0000] {dag.py:4180} INFO - Setting next_dagrun for example_short_circuit_decorator to None, run_after=None
[2024-11-20T00:18:21.835+0000] {processor.py:208} INFO - Processing /home/ubuntu/airflow_venv/lib/python3.12/site-packages/airflow/example_dags/example_short_circuit_decorator.py took 0.073 seconds
[2024-11-20T00:19:18.919+0000] {processor.py:186} INFO - Started process (PID=2229) to work on /home/ubuntu/airflow_venv/lib/python3.12/site-packages/airflow/example_dags/example_short_circuit_decorator.py
[2024-11-20T00:19:18.921+0000] {processor.py:914} INFO - Processing file /home/ubuntu/airflow_venv/lib/python3.12/site-packages/airflow/example_dags/example_short_circuit_decorator.py for tasks to queue
[2024-11-20T00:19:18.923+0000] {logging_mixin.py:190} INFO - [2024-11-20T00:19:18.922+0000] {dagbag.py:588} INFO - Filling up the DagBag from /home/ubuntu/airflow_venv/lib/python3.12/site-packages/airflow/example_dags/example_short_circuit_decorator.py
[2024-11-20T00:19:18.943+0000] {processor.py:925} INFO - DAG(s) 'example_short_circuit_decorator' retrieved from /home/ubuntu/airflow_venv/lib/python3.12/site-packages/airflow/example_dags/example_short_circuit_decorator.py
[2024-11-20T00:19:18.962+0000] {logging_mixin.py:190} INFO - [2024-11-20T00:19:18.962+0000] {dag.py:3239} INFO - Sync 1 DAGs
[2024-11-20T00:19:18.974+0000] {logging_mixin.py:190} INFO - [2024-11-20T00:19:18.974+0000] {dag.py:4180} INFO - Setting next_dagrun for example_short_circuit_decorator to None, run_after=None
[2024-11-20T00:19:18.995+0000] {processor.py:208} INFO - Processing /home/ubuntu/airflow_venv/lib/python3.12/site-packages/airflow/example_dags/example_short_circuit_decorator.py took 0.082 seconds
[2024-11-20T00:20:11.030+0000] {processor.py:186} INFO - Started process (PID=2284) to work on /home/ubuntu/airflow_venv/lib/python3.12/site-packages/airflow/example_dags/example_short_circuit_decorator.py
[2024-11-20T00:20:11.031+0000] {processor.py:914} INFO - Processing file /home/ubuntu/airflow_venv/lib/python3.12/site-packages/airflow/example_dags/example_short_circuit_decorator.py for tasks to queue
[2024-11-20T00:20:11.032+0000] {logging_mixin.py:190} INFO - [2024-11-20T00:20:11.032+0000] {dagbag.py:588} INFO - Filling up the DagBag from /home/ubuntu/airflow_venv/lib/python3.12/site-packages/airflow/example_dags/example_short_circuit_decorator.py
[2024-11-20T00:20:11.043+0000] {processor.py:925} INFO - DAG(s) 'example_short_circuit_decorator' retrieved from /home/ubuntu/airflow_venv/lib/python3.12/site-packages/airflow/example_dags/example_short_circuit_decorator.py
[2024-11-20T00:20:11.060+0000] {logging_mixin.py:190} INFO - [2024-11-20T00:20:11.060+0000] {dag.py:3239} INFO - Sync 1 DAGs
[2024-11-20T00:20:11.071+0000] {logging_mixin.py:190} INFO - [2024-11-20T00:20:11.071+0000] {dag.py:4180} INFO - Setting next_dagrun for example_short_circuit_decorator to None, run_after=None
[2024-11-20T00:20:11.098+0000] {processor.py:208} INFO - Processing /home/ubuntu/airflow_venv/lib/python3.12/site-packages/airflow/example_dags/example_short_circuit_decorator.py took 0.073 seconds
[2024-11-20T00:21:05.616+0000] {processor.py:186} INFO - Started process (PID=2342) to work on /home/ubuntu/airflow_venv/lib/python3.12/site-packages/airflow/example_dags/example_short_circuit_decorator.py
[2024-11-20T00:21:05.618+0000] {processor.py:914} INFO - Processing file /home/ubuntu/airflow_venv/lib/python3.12/site-packages/airflow/example_dags/example_short_circuit_decorator.py for tasks to queue
[2024-11-20T00:21:05.620+0000] {logging_mixin.py:190} INFO - [2024-11-20T00:21:05.620+0000] {dagbag.py:588} INFO - Filling up the DagBag from /home/ubuntu/airflow_venv/lib/python3.12/site-packages/airflow/example_dags/example_short_circuit_decorator.py
[2024-11-20T00:21:05.629+0000] {processor.py:925} INFO - DAG(s) 'example_short_circuit_decorator' retrieved from /home/ubuntu/airflow_venv/lib/python3.12/site-packages/airflow/example_dags/example_short_circuit_decorator.py
[2024-11-20T00:21:05.647+0000] {logging_mixin.py:190} INFO - [2024-11-20T00:21:05.647+0000] {dag.py:3239} INFO - Sync 1 DAGs
[2024-11-20T00:21:05.659+0000] {logging_mixin.py:190} INFO - [2024-11-20T00:21:05.659+0000] {dag.py:4180} INFO - Setting next_dagrun for example_short_circuit_decorator to None, run_after=None
[2024-11-20T00:21:05.793+0000] {processor.py:208} INFO - Processing /home/ubuntu/airflow_venv/lib/python3.12/site-packages/airflow/example_dags/example_short_circuit_decorator.py took 0.182 seconds
[2024-11-20T00:22:09.191+0000] {processor.py:186} INFO - Started process (PID=2406) to work on /home/ubuntu/airflow_venv/lib/python3.12/site-packages/airflow/example_dags/example_short_circuit_decorator.py
[2024-11-20T00:22:09.193+0000] {processor.py:914} INFO - Processing file /home/ubuntu/airflow_venv/lib/python3.12/site-packages/airflow/example_dags/example_short_circuit_decorator.py for tasks to queue
[2024-11-20T00:22:09.198+0000] {logging_mixin.py:190} INFO - [2024-11-20T00:22:09.197+0000] {dagbag.py:588} INFO - Filling up the DagBag from /home/ubuntu/airflow_venv/lib/python3.12/site-packages/airflow/example_dags/example_short_circuit_decorator.py
[2024-11-20T00:22:09.211+0000] {processor.py:925} INFO - DAG(s) 'example_short_circuit_decorator' retrieved from /home/ubuntu/airflow_venv/lib/python3.12/site-packages/airflow/example_dags/example_short_circuit_decorator.py
[2024-11-20T00:22:09.228+0000] {logging_mixin.py:190} INFO - [2024-11-20T00:22:09.228+0000] {dag.py:3239} INFO - Sync 1 DAGs
[2024-11-20T00:22:09.239+0000] {logging_mixin.py:190} INFO - [2024-11-20T00:22:09.239+0000] {dag.py:4180} INFO - Setting next_dagrun for example_short_circuit_decorator to None, run_after=None
[2024-11-20T00:22:09.262+0000] {processor.py:208} INFO - Processing /home/ubuntu/airflow_venv/lib/python3.12/site-packages/airflow/example_dags/example_short_circuit_decorator.py took 0.081 seconds
[2024-11-20T00:23:03.644+0000] {processor.py:186} INFO - Started process (PID=2462) to work on /home/ubuntu/airflow_venv/lib/python3.12/site-packages/airflow/example_dags/example_short_circuit_decorator.py
[2024-11-20T00:23:03.646+0000] {processor.py:914} INFO - Processing file /home/ubuntu/airflow_venv/lib/python3.12/site-packages/airflow/example_dags/example_short_circuit_decorator.py for tasks to queue
[2024-11-20T00:23:03.649+0000] {logging_mixin.py:190} INFO - [2024-11-20T00:23:03.648+0000] {dagbag.py:588} INFO - Filling up the DagBag from /home/ubuntu/airflow_venv/lib/python3.12/site-packages/airflow/example_dags/example_short_circuit_decorator.py
[2024-11-20T00:23:03.660+0000] {processor.py:925} INFO - DAG(s) 'example_short_circuit_decorator' retrieved from /home/ubuntu/airflow_venv/lib/python3.12/site-packages/airflow/example_dags/example_short_circuit_decorator.py
[2024-11-20T00:23:03.678+0000] {logging_mixin.py:190} INFO - [2024-11-20T00:23:03.677+0000] {dag.py:3239} INFO - Sync 1 DAGs
[2024-11-20T00:23:03.689+0000] {logging_mixin.py:190} INFO - [2024-11-20T00:23:03.689+0000] {dag.py:4180} INFO - Setting next_dagrun for example_short_circuit_decorator to None, run_after=None
[2024-11-20T00:23:03.710+0000] {processor.py:208} INFO - Processing /home/ubuntu/airflow_venv/lib/python3.12/site-packages/airflow/example_dags/example_short_circuit_decorator.py took 0.071 seconds
[2024-11-20T00:23:59.179+0000] {processor.py:186} INFO - Started process (PID=2519) to work on /home/ubuntu/airflow_venv/lib/python3.12/site-packages/airflow/example_dags/example_short_circuit_decorator.py
[2024-11-20T00:23:59.180+0000] {processor.py:914} INFO - Processing file /home/ubuntu/airflow_venv/lib/python3.12/site-packages/airflow/example_dags/example_short_circuit_decorator.py for tasks to queue
[2024-11-20T00:23:59.182+0000] {logging_mixin.py:190} INFO - [2024-11-20T00:23:59.181+0000] {dagbag.py:588} INFO - Filling up the DagBag from /home/ubuntu/airflow_venv/lib/python3.12/site-packages/airflow/example_dags/example_short_circuit_decorator.py
[2024-11-20T00:23:59.192+0000] {processor.py:925} INFO - DAG(s) 'example_short_circuit_decorator' retrieved from /home/ubuntu/airflow_venv/lib/python3.12/site-packages/airflow/example_dags/example_short_circuit_decorator.py
[2024-11-20T00:23:59.209+0000] {logging_mixin.py:190} INFO - [2024-11-20T00:23:59.209+0000] {dag.py:3239} INFO - Sync 1 DAGs
[2024-11-20T00:23:59.221+0000] {logging_mixin.py:190} INFO - [2024-11-20T00:23:59.220+0000] {dag.py:4180} INFO - Setting next_dagrun for example_short_circuit_decorator to None, run_after=None
[2024-11-20T00:23:59.242+0000] {processor.py:208} INFO - Processing /home/ubuntu/airflow_venv/lib/python3.12/site-packages/airflow/example_dags/example_short_circuit_decorator.py took 0.069 seconds
[2024-11-20T00:24:53.533+0000] {processor.py:186} INFO - Started process (PID=2575) to work on /home/ubuntu/airflow_venv/lib/python3.12/site-packages/airflow/example_dags/example_short_circuit_decorator.py
[2024-11-20T00:24:53.534+0000] {processor.py:914} INFO - Processing file /home/ubuntu/airflow_venv/lib/python3.12/site-packages/airflow/example_dags/example_short_circuit_decorator.py for tasks to queue
[2024-11-20T00:24:53.536+0000] {logging_mixin.py:190} INFO - [2024-11-20T00:24:53.535+0000] {dagbag.py:588} INFO - Filling up the DagBag from /home/ubuntu/airflow_venv/lib/python3.12/site-packages/airflow/example_dags/example_short_circuit_decorator.py
[2024-11-20T00:24:53.546+0000] {processor.py:925} INFO - DAG(s) 'example_short_circuit_decorator' retrieved from /home/ubuntu/airflow_venv/lib/python3.12/site-packages/airflow/example_dags/example_short_circuit_decorator.py
[2024-11-20T00:24:53.564+0000] {logging_mixin.py:190} INFO - [2024-11-20T00:24:53.564+0000] {dag.py:3239} INFO - Sync 1 DAGs
[2024-11-20T00:24:53.576+0000] {logging_mixin.py:190} INFO - [2024-11-20T00:24:53.576+0000] {dag.py:4180} INFO - Setting next_dagrun for example_short_circuit_decorator to None, run_after=None
[2024-11-20T00:24:53.598+0000] {processor.py:208} INFO - Processing /home/ubuntu/airflow_venv/lib/python3.12/site-packages/airflow/example_dags/example_short_circuit_decorator.py took 0.070 seconds
[2024-11-20T00:25:48.246+0000] {processor.py:186} INFO - Started process (PID=2634) to work on /home/ubuntu/airflow_venv/lib/python3.12/site-packages/airflow/example_dags/example_short_circuit_decorator.py
[2024-11-20T00:25:48.247+0000] {processor.py:914} INFO - Processing file /home/ubuntu/airflow_venv/lib/python3.12/site-packages/airflow/example_dags/example_short_circuit_decorator.py for tasks to queue
[2024-11-20T00:25:48.249+0000] {logging_mixin.py:190} INFO - [2024-11-20T00:25:48.249+0000] {dagbag.py:588} INFO - Filling up the DagBag from /home/ubuntu/airflow_venv/lib/python3.12/site-packages/airflow/example_dags/example_short_circuit_decorator.py
[2024-11-20T00:25:48.260+0000] {processor.py:925} INFO - DAG(s) 'example_short_circuit_decorator' retrieved from /home/ubuntu/airflow_venv/lib/python3.12/site-packages/airflow/example_dags/example_short_circuit_decorator.py
[2024-11-20T00:25:48.278+0000] {logging_mixin.py:190} INFO - [2024-11-20T00:25:48.277+0000] {dag.py:3239} INFO - Sync 1 DAGs
[2024-11-20T00:25:48.290+0000] {logging_mixin.py:190} INFO - [2024-11-20T00:25:48.289+0000] {dag.py:4180} INFO - Setting next_dagrun for example_short_circuit_decorator to None, run_after=None
[2024-11-20T00:25:48.313+0000] {processor.py:208} INFO - Processing /home/ubuntu/airflow_venv/lib/python3.12/site-packages/airflow/example_dags/example_short_circuit_decorator.py took 0.073 seconds
[2024-11-20T00:26:41.695+0000] {processor.py:186} INFO - Started process (PID=2694) to work on /home/ubuntu/airflow_venv/lib/python3.12/site-packages/airflow/example_dags/example_short_circuit_decorator.py
[2024-11-20T00:26:41.697+0000] {processor.py:914} INFO - Processing file /home/ubuntu/airflow_venv/lib/python3.12/site-packages/airflow/example_dags/example_short_circuit_decorator.py for tasks to queue
[2024-11-20T00:26:41.699+0000] {logging_mixin.py:190} INFO - [2024-11-20T00:26:41.699+0000] {dagbag.py:588} INFO - Filling up the DagBag from /home/ubuntu/airflow_venv/lib/python3.12/site-packages/airflow/example_dags/example_short_circuit_decorator.py
[2024-11-20T00:26:41.709+0000] {processor.py:925} INFO - DAG(s) 'example_short_circuit_decorator' retrieved from /home/ubuntu/airflow_venv/lib/python3.12/site-packages/airflow/example_dags/example_short_circuit_decorator.py
[2024-11-20T00:26:41.726+0000] {logging_mixin.py:190} INFO - [2024-11-20T00:26:41.726+0000] {dag.py:3239} INFO - Sync 1 DAGs
[2024-11-20T00:26:41.740+0000] {logging_mixin.py:190} INFO - [2024-11-20T00:26:41.740+0000] {dag.py:4180} INFO - Setting next_dagrun for example_short_circuit_decorator to None, run_after=None
[2024-11-20T00:26:41.762+0000] {processor.py:208} INFO - Processing /home/ubuntu/airflow_venv/lib/python3.12/site-packages/airflow/example_dags/example_short_circuit_decorator.py took 0.073 seconds
[2024-11-20T00:27:50.388+0000] {processor.py:186} INFO - Started process (PID=2780) to work on /home/ubuntu/airflow_venv/lib/python3.12/site-packages/airflow/example_dags/example_short_circuit_decorator.py
[2024-11-20T00:27:50.390+0000] {processor.py:914} INFO - Processing file /home/ubuntu/airflow_venv/lib/python3.12/site-packages/airflow/example_dags/example_short_circuit_decorator.py for tasks to queue
[2024-11-20T00:27:50.391+0000] {logging_mixin.py:190} INFO - [2024-11-20T00:27:50.391+0000] {dagbag.py:588} INFO - Filling up the DagBag from /home/ubuntu/airflow_venv/lib/python3.12/site-packages/airflow/example_dags/example_short_circuit_decorator.py
[2024-11-20T00:27:50.402+0000] {processor.py:925} INFO - DAG(s) 'example_short_circuit_decorator' retrieved from /home/ubuntu/airflow_venv/lib/python3.12/site-packages/airflow/example_dags/example_short_circuit_decorator.py
[2024-11-20T00:27:50.420+0000] {logging_mixin.py:190} INFO - [2024-11-20T00:27:50.420+0000] {dag.py:3239} INFO - Sync 1 DAGs
[2024-11-20T00:27:50.432+0000] {logging_mixin.py:190} INFO - [2024-11-20T00:27:50.432+0000] {dag.py:4180} INFO - Setting next_dagrun for example_short_circuit_decorator to None, run_after=None
[2024-11-20T00:27:50.456+0000] {processor.py:208} INFO - Processing /home/ubuntu/airflow_venv/lib/python3.12/site-packages/airflow/example_dags/example_short_circuit_decorator.py took 0.073 seconds
[2024-11-20T00:28:47.806+0000] {processor.py:186} INFO - Started process (PID=2942) to work on /home/ubuntu/airflow_venv/lib/python3.12/site-packages/airflow/example_dags/example_short_circuit_decorator.py
[2024-11-20T00:28:47.808+0000] {processor.py:914} INFO - Processing file /home/ubuntu/airflow_venv/lib/python3.12/site-packages/airflow/example_dags/example_short_circuit_decorator.py for tasks to queue
[2024-11-20T00:28:47.810+0000] {logging_mixin.py:190} INFO - [2024-11-20T00:28:47.810+0000] {dagbag.py:588} INFO - Filling up the DagBag from /home/ubuntu/airflow_venv/lib/python3.12/site-packages/airflow/example_dags/example_short_circuit_decorator.py
[2024-11-20T00:28:47.821+0000] {processor.py:925} INFO - DAG(s) 'example_short_circuit_decorator' retrieved from /home/ubuntu/airflow_venv/lib/python3.12/site-packages/airflow/example_dags/example_short_circuit_decorator.py
[2024-11-20T00:28:47.838+0000] {logging_mixin.py:190} INFO - [2024-11-20T00:28:47.838+0000] {dag.py:3239} INFO - Sync 1 DAGs
[2024-11-20T00:28:47.849+0000] {logging_mixin.py:190} INFO - [2024-11-20T00:28:47.849+0000] {dag.py:4180} INFO - Setting next_dagrun for example_short_circuit_decorator to None, run_after=None
[2024-11-20T00:28:47.872+0000] {processor.py:208} INFO - Processing /home/ubuntu/airflow_venv/lib/python3.12/site-packages/airflow/example_dags/example_short_circuit_decorator.py took 0.070 seconds
[2024-11-20T00:29:52.965+0000] {processor.py:186} INFO - Started process (PID=3032) to work on /home/ubuntu/airflow_venv/lib/python3.12/site-packages/airflow/example_dags/example_short_circuit_decorator.py
[2024-11-20T00:29:52.967+0000] {processor.py:914} INFO - Processing file /home/ubuntu/airflow_venv/lib/python3.12/site-packages/airflow/example_dags/example_short_circuit_decorator.py for tasks to queue
[2024-11-20T00:29:52.968+0000] {logging_mixin.py:190} INFO - [2024-11-20T00:29:52.967+0000] {dagbag.py:588} INFO - Filling up the DagBag from /home/ubuntu/airflow_venv/lib/python3.12/site-packages/airflow/example_dags/example_short_circuit_decorator.py
[2024-11-20T00:29:52.978+0000] {processor.py:925} INFO - DAG(s) 'example_short_circuit_decorator' retrieved from /home/ubuntu/airflow_venv/lib/python3.12/site-packages/airflow/example_dags/example_short_circuit_decorator.py
[2024-11-20T00:29:52.996+0000] {logging_mixin.py:190} INFO - [2024-11-20T00:29:52.996+0000] {dag.py:3239} INFO - Sync 1 DAGs
[2024-11-20T00:29:53.007+0000] {logging_mixin.py:190} INFO - [2024-11-20T00:29:53.007+0000] {dag.py:4180} INFO - Setting next_dagrun for example_short_circuit_decorator to None, run_after=None
[2024-11-20T00:29:53.029+0000] {processor.py:208} INFO - Processing /home/ubuntu/airflow_venv/lib/python3.12/site-packages/airflow/example_dags/example_short_circuit_decorator.py took 0.072 seconds
[2024-11-20T00:30:49.288+0000] {processor.py:186} INFO - Started process (PID=3109) to work on /home/ubuntu/airflow_venv/lib/python3.12/site-packages/airflow/example_dags/example_short_circuit_decorator.py
[2024-11-20T00:30:49.290+0000] {processor.py:914} INFO - Processing file /home/ubuntu/airflow_venv/lib/python3.12/site-packages/airflow/example_dags/example_short_circuit_decorator.py for tasks to queue
[2024-11-20T00:30:49.291+0000] {logging_mixin.py:190} INFO - [2024-11-20T00:30:49.291+0000] {dagbag.py:588} INFO - Filling up the DagBag from /home/ubuntu/airflow_venv/lib/python3.12/site-packages/airflow/example_dags/example_short_circuit_decorator.py
[2024-11-20T00:30:49.302+0000] {processor.py:925} INFO - DAG(s) 'example_short_circuit_decorator' retrieved from /home/ubuntu/airflow_venv/lib/python3.12/site-packages/airflow/example_dags/example_short_circuit_decorator.py
[2024-11-20T00:30:49.320+0000] {logging_mixin.py:190} INFO - [2024-11-20T00:30:49.319+0000] {dag.py:3239} INFO - Sync 1 DAGs
[2024-11-20T00:30:49.339+0000] {logging_mixin.py:190} INFO - [2024-11-20T00:30:49.338+0000] {dag.py:4180} INFO - Setting next_dagrun for example_short_circuit_decorator to None, run_after=None
[2024-11-20T00:30:49.361+0000] {processor.py:208} INFO - Processing /home/ubuntu/airflow_venv/lib/python3.12/site-packages/airflow/example_dags/example_short_circuit_decorator.py took 0.079 seconds
[2024-11-20T00:31:44.478+0000] {processor.py:186} INFO - Started process (PID=3290) to work on /home/ubuntu/airflow_venv/lib/python3.12/site-packages/airflow/example_dags/example_short_circuit_decorator.py
[2024-11-20T00:31:44.480+0000] {processor.py:914} INFO - Processing file /home/ubuntu/airflow_venv/lib/python3.12/site-packages/airflow/example_dags/example_short_circuit_decorator.py for tasks to queue
[2024-11-20T00:31:44.481+0000] {logging_mixin.py:190} INFO - [2024-11-20T00:31:44.481+0000] {dagbag.py:588} INFO - Filling up the DagBag from /home/ubuntu/airflow_venv/lib/python3.12/site-packages/airflow/example_dags/example_short_circuit_decorator.py
[2024-11-20T00:31:44.491+0000] {processor.py:925} INFO - DAG(s) 'example_short_circuit_decorator' retrieved from /home/ubuntu/airflow_venv/lib/python3.12/site-packages/airflow/example_dags/example_short_circuit_decorator.py
[2024-11-20T00:31:44.509+0000] {logging_mixin.py:190} INFO - [2024-11-20T00:31:44.508+0000] {dag.py:3239} INFO - Sync 1 DAGs
[2024-11-20T00:31:44.521+0000] {logging_mixin.py:190} INFO - [2024-11-20T00:31:44.521+0000] {dag.py:4180} INFO - Setting next_dagrun for example_short_circuit_decorator to None, run_after=None
[2024-11-20T00:31:44.544+0000] {processor.py:208} INFO - Processing /home/ubuntu/airflow_venv/lib/python3.12/site-packages/airflow/example_dags/example_short_circuit_decorator.py took 0.071 seconds
[2024-11-20T00:32:38.087+0000] {processor.py:186} INFO - Started process (PID=3643) to work on /home/ubuntu/airflow_venv/lib/python3.12/site-packages/airflow/example_dags/example_short_circuit_decorator.py
[2024-11-20T00:32:38.089+0000] {processor.py:914} INFO - Processing file /home/ubuntu/airflow_venv/lib/python3.12/site-packages/airflow/example_dags/example_short_circuit_decorator.py for tasks to queue
[2024-11-20T00:32:38.090+0000] {logging_mixin.py:190} INFO - [2024-11-20T00:32:38.090+0000] {dagbag.py:588} INFO - Filling up the DagBag from /home/ubuntu/airflow_venv/lib/python3.12/site-packages/airflow/example_dags/example_short_circuit_decorator.py
[2024-11-20T00:32:38.124+0000] {processor.py:925} INFO - DAG(s) 'example_short_circuit_decorator' retrieved from /home/ubuntu/airflow_venv/lib/python3.12/site-packages/airflow/example_dags/example_short_circuit_decorator.py
[2024-11-20T00:32:38.169+0000] {logging_mixin.py:190} INFO - [2024-11-20T00:32:38.168+0000] {dag.py:3239} INFO - Sync 1 DAGs
[2024-11-20T00:32:38.197+0000] {logging_mixin.py:190} INFO - [2024-11-20T00:32:38.196+0000] {dag.py:4180} INFO - Setting next_dagrun for example_short_circuit_decorator to None, run_after=None
[2024-11-20T00:32:38.239+0000] {processor.py:208} INFO - Processing /home/ubuntu/airflow_venv/lib/python3.12/site-packages/airflow/example_dags/example_short_circuit_decorator.py took 0.166 seconds
[2024-11-20T00:33:31.979+0000] {processor.py:186} INFO - Started process (PID=3938) to work on /home/ubuntu/airflow_venv/lib/python3.12/site-packages/airflow/example_dags/example_short_circuit_decorator.py
[2024-11-20T00:33:31.980+0000] {processor.py:914} INFO - Processing file /home/ubuntu/airflow_venv/lib/python3.12/site-packages/airflow/example_dags/example_short_circuit_decorator.py for tasks to queue
[2024-11-20T00:33:31.981+0000] {logging_mixin.py:190} INFO - [2024-11-20T00:33:31.980+0000] {dagbag.py:588} INFO - Filling up the DagBag from /home/ubuntu/airflow_venv/lib/python3.12/site-packages/airflow/example_dags/example_short_circuit_decorator.py
[2024-11-20T00:33:31.992+0000] {processor.py:925} INFO - DAG(s) 'example_short_circuit_decorator' retrieved from /home/ubuntu/airflow_venv/lib/python3.12/site-packages/airflow/example_dags/example_short_circuit_decorator.py
[2024-11-20T00:33:32.010+0000] {logging_mixin.py:190} INFO - [2024-11-20T00:33:32.009+0000] {dag.py:3239} INFO - Sync 1 DAGs
[2024-11-20T00:33:32.021+0000] {logging_mixin.py:190} INFO - [2024-11-20T00:33:32.021+0000] {dag.py:4180} INFO - Setting next_dagrun for example_short_circuit_decorator to None, run_after=None
[2024-11-20T00:33:32.041+0000] {processor.py:208} INFO - Processing /home/ubuntu/airflow_venv/lib/python3.12/site-packages/airflow/example_dags/example_short_circuit_decorator.py took 0.070 seconds
[2024-11-20T00:34:36.971+0000] {processor.py:186} INFO - Started process (PID=4046) to work on /home/ubuntu/airflow_venv/lib/python3.12/site-packages/airflow/example_dags/example_short_circuit_decorator.py
[2024-11-20T00:34:36.973+0000] {processor.py:914} INFO - Processing file /home/ubuntu/airflow_venv/lib/python3.12/site-packages/airflow/example_dags/example_short_circuit_decorator.py for tasks to queue
[2024-11-20T00:34:36.975+0000] {logging_mixin.py:190} INFO - [2024-11-20T00:34:36.975+0000] {dagbag.py:588} INFO - Filling up the DagBag from /home/ubuntu/airflow_venv/lib/python3.12/site-packages/airflow/example_dags/example_short_circuit_decorator.py
[2024-11-20T00:34:36.986+0000] {processor.py:925} INFO - DAG(s) 'example_short_circuit_decorator' retrieved from /home/ubuntu/airflow_venv/lib/python3.12/site-packages/airflow/example_dags/example_short_circuit_decorator.py
[2024-11-20T00:34:37.004+0000] {logging_mixin.py:190} INFO - [2024-11-20T00:34:37.003+0000] {dag.py:3239} INFO - Sync 1 DAGs
[2024-11-20T00:34:37.016+0000] {logging_mixin.py:190} INFO - [2024-11-20T00:34:37.016+0000] {dag.py:4180} INFO - Setting next_dagrun for example_short_circuit_decorator to None, run_after=None
[2024-11-20T00:34:37.037+0000] {processor.py:208} INFO - Processing /home/ubuntu/airflow_venv/lib/python3.12/site-packages/airflow/example_dags/example_short_circuit_decorator.py took 0.072 seconds
[2024-11-20T00:35:34.935+0000] {processor.py:186} INFO - Started process (PID=4133) to work on /home/ubuntu/airflow_venv/lib/python3.12/site-packages/airflow/example_dags/example_short_circuit_decorator.py
[2024-11-20T00:35:34.936+0000] {processor.py:914} INFO - Processing file /home/ubuntu/airflow_venv/lib/python3.12/site-packages/airflow/example_dags/example_short_circuit_decorator.py for tasks to queue
[2024-11-20T00:35:34.938+0000] {logging_mixin.py:190} INFO - [2024-11-20T00:35:34.937+0000] {dagbag.py:588} INFO - Filling up the DagBag from /home/ubuntu/airflow_venv/lib/python3.12/site-packages/airflow/example_dags/example_short_circuit_decorator.py
[2024-11-20T00:35:34.947+0000] {processor.py:925} INFO - DAG(s) 'example_short_circuit_decorator' retrieved from /home/ubuntu/airflow_venv/lib/python3.12/site-packages/airflow/example_dags/example_short_circuit_decorator.py
[2024-11-20T00:35:34.965+0000] {logging_mixin.py:190} INFO - [2024-11-20T00:35:34.965+0000] {dag.py:3239} INFO - Sync 1 DAGs
[2024-11-20T00:35:34.977+0000] {logging_mixin.py:190} INFO - [2024-11-20T00:35:34.977+0000] {dag.py:4180} INFO - Setting next_dagrun for example_short_circuit_decorator to None, run_after=None
[2024-11-20T00:35:35.000+0000] {processor.py:208} INFO - Processing /home/ubuntu/airflow_venv/lib/python3.12/site-packages/airflow/example_dags/example_short_circuit_decorator.py took 0.072 seconds
[2024-11-20T00:36:29.225+0000] {processor.py:186} INFO - Started process (PID=4189) to work on /home/ubuntu/airflow_venv/lib/python3.12/site-packages/airflow/example_dags/example_short_circuit_decorator.py
[2024-11-20T00:36:29.227+0000] {processor.py:914} INFO - Processing file /home/ubuntu/airflow_venv/lib/python3.12/site-packages/airflow/example_dags/example_short_circuit_decorator.py for tasks to queue
[2024-11-20T00:36:29.229+0000] {logging_mixin.py:190} INFO - [2024-11-20T00:36:29.228+0000] {dagbag.py:588} INFO - Filling up the DagBag from /home/ubuntu/airflow_venv/lib/python3.12/site-packages/airflow/example_dags/example_short_circuit_decorator.py
[2024-11-20T00:36:29.239+0000] {processor.py:925} INFO - DAG(s) 'example_short_circuit_decorator' retrieved from /home/ubuntu/airflow_venv/lib/python3.12/site-packages/airflow/example_dags/example_short_circuit_decorator.py
[2024-11-20T00:36:29.257+0000] {logging_mixin.py:190} INFO - [2024-11-20T00:36:29.257+0000] {dag.py:3239} INFO - Sync 1 DAGs
[2024-11-20T00:36:29.268+0000] {logging_mixin.py:190} INFO - [2024-11-20T00:36:29.268+0000] {dag.py:4180} INFO - Setting next_dagrun for example_short_circuit_decorator to None, run_after=None
[2024-11-20T00:36:29.290+0000] {processor.py:208} INFO - Processing /home/ubuntu/airflow_venv/lib/python3.12/site-packages/airflow/example_dags/example_short_circuit_decorator.py took 0.071 seconds
[2024-11-20T00:37:22.485+0000] {processor.py:186} INFO - Started process (PID=4244) to work on /home/ubuntu/airflow_venv/lib/python3.12/site-packages/airflow/example_dags/example_short_circuit_decorator.py
[2024-11-20T00:37:22.487+0000] {processor.py:914} INFO - Processing file /home/ubuntu/airflow_venv/lib/python3.12/site-packages/airflow/example_dags/example_short_circuit_decorator.py for tasks to queue
[2024-11-20T00:37:22.488+0000] {logging_mixin.py:190} INFO - [2024-11-20T00:37:22.488+0000] {dagbag.py:588} INFO - Filling up the DagBag from /home/ubuntu/airflow_venv/lib/python3.12/site-packages/airflow/example_dags/example_short_circuit_decorator.py
[2024-11-20T00:37:22.498+0000] {processor.py:925} INFO - DAG(s) 'example_short_circuit_decorator' retrieved from /home/ubuntu/airflow_venv/lib/python3.12/site-packages/airflow/example_dags/example_short_circuit_decorator.py
[2024-11-20T00:37:22.516+0000] {logging_mixin.py:190} INFO - [2024-11-20T00:37:22.516+0000] {dag.py:3239} INFO - Sync 1 DAGs
[2024-11-20T00:37:22.528+0000] {logging_mixin.py:190} INFO - [2024-11-20T00:37:22.528+0000] {dag.py:4180} INFO - Setting next_dagrun for example_short_circuit_decorator to None, run_after=None
[2024-11-20T00:37:22.551+0000] {processor.py:208} INFO - Processing /home/ubuntu/airflow_venv/lib/python3.12/site-packages/airflow/example_dags/example_short_circuit_decorator.py took 0.074 seconds
[2024-11-20T00:38:20.021+0000] {processor.py:186} INFO - Started process (PID=4329) to work on /home/ubuntu/airflow_venv/lib/python3.12/site-packages/airflow/example_dags/example_short_circuit_decorator.py
[2024-11-20T00:38:20.023+0000] {processor.py:914} INFO - Processing file /home/ubuntu/airflow_venv/lib/python3.12/site-packages/airflow/example_dags/example_short_circuit_decorator.py for tasks to queue
[2024-11-20T00:38:20.024+0000] {logging_mixin.py:190} INFO - [2024-11-20T00:38:20.024+0000] {dagbag.py:588} INFO - Filling up the DagBag from /home/ubuntu/airflow_venv/lib/python3.12/site-packages/airflow/example_dags/example_short_circuit_decorator.py
[2024-11-20T00:38:20.035+0000] {processor.py:925} INFO - DAG(s) 'example_short_circuit_decorator' retrieved from /home/ubuntu/airflow_venv/lib/python3.12/site-packages/airflow/example_dags/example_short_circuit_decorator.py
[2024-11-20T00:38:20.053+0000] {logging_mixin.py:190} INFO - [2024-11-20T00:38:20.053+0000] {dag.py:3239} INFO - Sync 1 DAGs
[2024-11-20T00:38:20.066+0000] {logging_mixin.py:190} INFO - [2024-11-20T00:38:20.066+0000] {dag.py:4180} INFO - Setting next_dagrun for example_short_circuit_decorator to None, run_after=None
[2024-11-20T00:38:20.087+0000] {processor.py:208} INFO - Processing /home/ubuntu/airflow_venv/lib/python3.12/site-packages/airflow/example_dags/example_short_circuit_decorator.py took 0.073 seconds
[2024-11-20T00:39:15.476+0000] {processor.py:186} INFO - Started process (PID=4387) to work on /home/ubuntu/airflow_venv/lib/python3.12/site-packages/airflow/example_dags/example_short_circuit_decorator.py
[2024-11-20T00:39:15.478+0000] {processor.py:914} INFO - Processing file /home/ubuntu/airflow_venv/lib/python3.12/site-packages/airflow/example_dags/example_short_circuit_decorator.py for tasks to queue
[2024-11-20T00:39:15.480+0000] {logging_mixin.py:190} INFO - [2024-11-20T00:39:15.480+0000] {dagbag.py:588} INFO - Filling up the DagBag from /home/ubuntu/airflow_venv/lib/python3.12/site-packages/airflow/example_dags/example_short_circuit_decorator.py
[2024-11-20T00:39:15.492+0000] {processor.py:925} INFO - DAG(s) 'example_short_circuit_decorator' retrieved from /home/ubuntu/airflow_venv/lib/python3.12/site-packages/airflow/example_dags/example_short_circuit_decorator.py
[2024-11-20T00:39:15.509+0000] {logging_mixin.py:190} INFO - [2024-11-20T00:39:15.509+0000] {dag.py:3239} INFO - Sync 1 DAGs
[2024-11-20T00:39:15.521+0000] {logging_mixin.py:190} INFO - [2024-11-20T00:39:15.521+0000] {dag.py:4180} INFO - Setting next_dagrun for example_short_circuit_decorator to None, run_after=None
[2024-11-20T00:39:15.543+0000] {processor.py:208} INFO - Processing /home/ubuntu/airflow_venv/lib/python3.12/site-packages/airflow/example_dags/example_short_circuit_decorator.py took 0.076 seconds
[2024-11-20T00:40:18.253+0000] {processor.py:186} INFO - Started process (PID=4483) to work on /home/ubuntu/airflow_venv/lib/python3.12/site-packages/airflow/example_dags/example_short_circuit_decorator.py
[2024-11-20T00:40:18.255+0000] {processor.py:914} INFO - Processing file /home/ubuntu/airflow_venv/lib/python3.12/site-packages/airflow/example_dags/example_short_circuit_decorator.py for tasks to queue
[2024-11-20T00:40:18.257+0000] {logging_mixin.py:190} INFO - [2024-11-20T00:40:18.255+0000] {dagbag.py:588} INFO - Filling up the DagBag from /home/ubuntu/airflow_venv/lib/python3.12/site-packages/airflow/example_dags/example_short_circuit_decorator.py
[2024-11-20T00:40:18.267+0000] {processor.py:925} INFO - DAG(s) 'example_short_circuit_decorator' retrieved from /home/ubuntu/airflow_venv/lib/python3.12/site-packages/airflow/example_dags/example_short_circuit_decorator.py
[2024-11-20T00:40:18.283+0000] {logging_mixin.py:190} INFO - [2024-11-20T00:40:18.283+0000] {dag.py:3239} INFO - Sync 1 DAGs
[2024-11-20T00:40:18.296+0000] {logging_mixin.py:190} INFO - [2024-11-20T00:40:18.296+0000] {dag.py:4180} INFO - Setting next_dagrun for example_short_circuit_decorator to None, run_after=None
[2024-11-20T00:40:18.318+0000] {processor.py:208} INFO - Processing /home/ubuntu/airflow_venv/lib/python3.12/site-packages/airflow/example_dags/example_short_circuit_decorator.py took 0.073 seconds
[2024-11-20T00:41:15.220+0000] {processor.py:186} INFO - Started process (PID=4544) to work on /home/ubuntu/airflow_venv/lib/python3.12/site-packages/airflow/example_dags/example_short_circuit_decorator.py
[2024-11-20T00:41:15.221+0000] {processor.py:914} INFO - Processing file /home/ubuntu/airflow_venv/lib/python3.12/site-packages/airflow/example_dags/example_short_circuit_decorator.py for tasks to queue
[2024-11-20T00:41:15.223+0000] {logging_mixin.py:190} INFO - [2024-11-20T00:41:15.223+0000] {dagbag.py:588} INFO - Filling up the DagBag from /home/ubuntu/airflow_venv/lib/python3.12/site-packages/airflow/example_dags/example_short_circuit_decorator.py
[2024-11-20T00:41:15.233+0000] {processor.py:925} INFO - DAG(s) 'example_short_circuit_decorator' retrieved from /home/ubuntu/airflow_venv/lib/python3.12/site-packages/airflow/example_dags/example_short_circuit_decorator.py
[2024-11-20T00:41:15.251+0000] {logging_mixin.py:190} INFO - [2024-11-20T00:41:15.251+0000] {dag.py:3239} INFO - Sync 1 DAGs
[2024-11-20T00:41:15.262+0000] {logging_mixin.py:190} INFO - [2024-11-20T00:41:15.262+0000] {dag.py:4180} INFO - Setting next_dagrun for example_short_circuit_decorator to None, run_after=None
[2024-11-20T00:41:15.284+0000] {processor.py:208} INFO - Processing /home/ubuntu/airflow_venv/lib/python3.12/site-packages/airflow/example_dags/example_short_circuit_decorator.py took 0.071 seconds
[2024-11-20T00:42:06.977+0000] {processor.py:186} INFO - Started process (PID=4599) to work on /home/ubuntu/airflow_venv/lib/python3.12/site-packages/airflow/example_dags/example_short_circuit_decorator.py
[2024-11-20T00:42:06.979+0000] {processor.py:914} INFO - Processing file /home/ubuntu/airflow_venv/lib/python3.12/site-packages/airflow/example_dags/example_short_circuit_decorator.py for tasks to queue
[2024-11-20T00:42:06.980+0000] {logging_mixin.py:190} INFO - [2024-11-20T00:42:06.980+0000] {dagbag.py:588} INFO - Filling up the DagBag from /home/ubuntu/airflow_venv/lib/python3.12/site-packages/airflow/example_dags/example_short_circuit_decorator.py
[2024-11-20T00:42:06.991+0000] {processor.py:925} INFO - DAG(s) 'example_short_circuit_decorator' retrieved from /home/ubuntu/airflow_venv/lib/python3.12/site-packages/airflow/example_dags/example_short_circuit_decorator.py
[2024-11-20T00:42:07.008+0000] {logging_mixin.py:190} INFO - [2024-11-20T00:42:07.008+0000] {dag.py:3239} INFO - Sync 1 DAGs
[2024-11-20T00:42:07.021+0000] {logging_mixin.py:190} INFO - [2024-11-20T00:42:07.021+0000] {dag.py:4180} INFO - Setting next_dagrun for example_short_circuit_decorator to None, run_after=None
[2024-11-20T00:42:07.042+0000] {processor.py:208} INFO - Processing /home/ubuntu/airflow_venv/lib/python3.12/site-packages/airflow/example_dags/example_short_circuit_decorator.py took 0.071 seconds
[2024-11-20T00:43:01.623+0000] {processor.py:186} INFO - Started process (PID=4654) to work on /home/ubuntu/airflow_venv/lib/python3.12/site-packages/airflow/example_dags/example_short_circuit_decorator.py
[2024-11-20T00:43:01.625+0000] {processor.py:914} INFO - Processing file /home/ubuntu/airflow_venv/lib/python3.12/site-packages/airflow/example_dags/example_short_circuit_decorator.py for tasks to queue
[2024-11-20T00:43:01.626+0000] {logging_mixin.py:190} INFO - [2024-11-20T00:43:01.625+0000] {dagbag.py:588} INFO - Filling up the DagBag from /home/ubuntu/airflow_venv/lib/python3.12/site-packages/airflow/example_dags/example_short_circuit_decorator.py
[2024-11-20T00:43:01.637+0000] {processor.py:925} INFO - DAG(s) 'example_short_circuit_decorator' retrieved from /home/ubuntu/airflow_venv/lib/python3.12/site-packages/airflow/example_dags/example_short_circuit_decorator.py
[2024-11-20T00:43:01.657+0000] {logging_mixin.py:190} INFO - [2024-11-20T00:43:01.657+0000] {dag.py:3239} INFO - Sync 1 DAGs
[2024-11-20T00:43:01.669+0000] {logging_mixin.py:190} INFO - [2024-11-20T00:43:01.669+0000] {dag.py:4180} INFO - Setting next_dagrun for example_short_circuit_decorator to None, run_after=None
[2024-11-20T00:43:01.693+0000] {processor.py:208} INFO - Processing /home/ubuntu/airflow_venv/lib/python3.12/site-packages/airflow/example_dags/example_short_circuit_decorator.py took 0.076 seconds
[2024-11-20T00:43:57.427+0000] {processor.py:186} INFO - Started process (PID=4713) to work on /home/ubuntu/airflow_venv/lib/python3.12/site-packages/airflow/example_dags/example_short_circuit_decorator.py
[2024-11-20T00:43:57.429+0000] {processor.py:914} INFO - Processing file /home/ubuntu/airflow_venv/lib/python3.12/site-packages/airflow/example_dags/example_short_circuit_decorator.py for tasks to queue
[2024-11-20T00:43:57.429+0000] {logging_mixin.py:190} INFO - [2024-11-20T00:43:57.429+0000] {dagbag.py:588} INFO - Filling up the DagBag from /home/ubuntu/airflow_venv/lib/python3.12/site-packages/airflow/example_dags/example_short_circuit_decorator.py
[2024-11-20T00:43:57.440+0000] {processor.py:925} INFO - DAG(s) 'example_short_circuit_decorator' retrieved from /home/ubuntu/airflow_venv/lib/python3.12/site-packages/airflow/example_dags/example_short_circuit_decorator.py
[2024-11-20T00:43:57.458+0000] {logging_mixin.py:190} INFO - [2024-11-20T00:43:57.457+0000] {dag.py:3239} INFO - Sync 1 DAGs
[2024-11-20T00:43:57.469+0000] {logging_mixin.py:190} INFO - [2024-11-20T00:43:57.469+0000] {dag.py:4180} INFO - Setting next_dagrun for example_short_circuit_decorator to None, run_after=None
[2024-11-20T00:43:57.492+0000] {processor.py:208} INFO - Processing /home/ubuntu/airflow_venv/lib/python3.12/site-packages/airflow/example_dags/example_short_circuit_decorator.py took 0.071 seconds
[2024-11-20T00:44:51.974+0000] {processor.py:186} INFO - Started process (PID=4768) to work on /home/ubuntu/airflow_venv/lib/python3.12/site-packages/airflow/example_dags/example_short_circuit_decorator.py
[2024-11-20T00:44:51.975+0000] {processor.py:914} INFO - Processing file /home/ubuntu/airflow_venv/lib/python3.12/site-packages/airflow/example_dags/example_short_circuit_decorator.py for tasks to queue
[2024-11-20T00:44:51.977+0000] {logging_mixin.py:190} INFO - [2024-11-20T00:44:51.976+0000] {dagbag.py:588} INFO - Filling up the DagBag from /home/ubuntu/airflow_venv/lib/python3.12/site-packages/airflow/example_dags/example_short_circuit_decorator.py
[2024-11-20T00:44:51.986+0000] {processor.py:925} INFO - DAG(s) 'example_short_circuit_decorator' retrieved from /home/ubuntu/airflow_venv/lib/python3.12/site-packages/airflow/example_dags/example_short_circuit_decorator.py
[2024-11-20T00:44:52.005+0000] {logging_mixin.py:190} INFO - [2024-11-20T00:44:52.005+0000] {dag.py:3239} INFO - Sync 1 DAGs
[2024-11-20T00:44:52.017+0000] {logging_mixin.py:190} INFO - [2024-11-20T00:44:52.017+0000] {dag.py:4180} INFO - Setting next_dagrun for example_short_circuit_decorator to None, run_after=None
[2024-11-20T00:44:52.039+0000] {processor.py:208} INFO - Processing /home/ubuntu/airflow_venv/lib/python3.12/site-packages/airflow/example_dags/example_short_circuit_decorator.py took 0.072 seconds
[2024-11-20T00:45:47.979+0000] {processor.py:186} INFO - Started process (PID=4828) to work on /home/ubuntu/airflow_venv/lib/python3.12/site-packages/airflow/example_dags/example_short_circuit_decorator.py
[2024-11-20T00:45:47.980+0000] {processor.py:914} INFO - Processing file /home/ubuntu/airflow_venv/lib/python3.12/site-packages/airflow/example_dags/example_short_circuit_decorator.py for tasks to queue
[2024-11-20T00:45:47.981+0000] {logging_mixin.py:190} INFO - [2024-11-20T00:45:47.981+0000] {dagbag.py:588} INFO - Filling up the DagBag from /home/ubuntu/airflow_venv/lib/python3.12/site-packages/airflow/example_dags/example_short_circuit_decorator.py
[2024-11-20T00:45:47.991+0000] {processor.py:925} INFO - DAG(s) 'example_short_circuit_decorator' retrieved from /home/ubuntu/airflow_venv/lib/python3.12/site-packages/airflow/example_dags/example_short_circuit_decorator.py
[2024-11-20T00:45:48.009+0000] {logging_mixin.py:190} INFO - [2024-11-20T00:45:48.009+0000] {dag.py:3239} INFO - Sync 1 DAGs
[2024-11-20T00:45:48.021+0000] {logging_mixin.py:190} INFO - [2024-11-20T00:45:48.021+0000] {dag.py:4180} INFO - Setting next_dagrun for example_short_circuit_decorator to None, run_after=None
[2024-11-20T00:45:48.044+0000] {processor.py:208} INFO - Processing /home/ubuntu/airflow_venv/lib/python3.12/site-packages/airflow/example_dags/example_short_circuit_decorator.py took 0.072 seconds
[2024-11-20T00:46:41.059+0000] {processor.py:186} INFO - Started process (PID=4885) to work on /home/ubuntu/airflow_venv/lib/python3.12/site-packages/airflow/example_dags/example_short_circuit_decorator.py
[2024-11-20T00:46:41.061+0000] {processor.py:914} INFO - Processing file /home/ubuntu/airflow_venv/lib/python3.12/site-packages/airflow/example_dags/example_short_circuit_decorator.py for tasks to queue
[2024-11-20T00:46:41.062+0000] {logging_mixin.py:190} INFO - [2024-11-20T00:46:41.061+0000] {dagbag.py:588} INFO - Filling up the DagBag from /home/ubuntu/airflow_venv/lib/python3.12/site-packages/airflow/example_dags/example_short_circuit_decorator.py
[2024-11-20T00:46:41.072+0000] {processor.py:925} INFO - DAG(s) 'example_short_circuit_decorator' retrieved from /home/ubuntu/airflow_venv/lib/python3.12/site-packages/airflow/example_dags/example_short_circuit_decorator.py
[2024-11-20T00:46:41.090+0000] {logging_mixin.py:190} INFO - [2024-11-20T00:46:41.090+0000] {dag.py:3239} INFO - Sync 1 DAGs
[2024-11-20T00:46:41.108+0000] {logging_mixin.py:190} INFO - [2024-11-20T00:46:41.108+0000] {dag.py:4180} INFO - Setting next_dagrun for example_short_circuit_decorator to None, run_after=None
[2024-11-20T00:46:41.147+0000] {processor.py:208} INFO - Processing /home/ubuntu/airflow_venv/lib/python3.12/site-packages/airflow/example_dags/example_short_circuit_decorator.py took 0.094 seconds
[2024-11-20T00:47:32.907+0000] {processor.py:186} INFO - Started process (PID=4939) to work on /home/ubuntu/airflow_venv/lib/python3.12/site-packages/airflow/example_dags/example_short_circuit_decorator.py
[2024-11-20T00:47:32.908+0000] {processor.py:914} INFO - Processing file /home/ubuntu/airflow_venv/lib/python3.12/site-packages/airflow/example_dags/example_short_circuit_decorator.py for tasks to queue
[2024-11-20T00:47:32.910+0000] {logging_mixin.py:190} INFO - [2024-11-20T00:47:32.910+0000] {dagbag.py:588} INFO - Filling up the DagBag from /home/ubuntu/airflow_venv/lib/python3.12/site-packages/airflow/example_dags/example_short_circuit_decorator.py
[2024-11-20T00:47:32.920+0000] {processor.py:925} INFO - DAG(s) 'example_short_circuit_decorator' retrieved from /home/ubuntu/airflow_venv/lib/python3.12/site-packages/airflow/example_dags/example_short_circuit_decorator.py
[2024-11-20T00:47:32.937+0000] {logging_mixin.py:190} INFO - [2024-11-20T00:47:32.937+0000] {dag.py:3239} INFO - Sync 1 DAGs
[2024-11-20T00:47:32.949+0000] {logging_mixin.py:190} INFO - [2024-11-20T00:47:32.948+0000] {dag.py:4180} INFO - Setting next_dagrun for example_short_circuit_decorator to None, run_after=None
[2024-11-20T00:47:32.971+0000] {processor.py:208} INFO - Processing /home/ubuntu/airflow_venv/lib/python3.12/site-packages/airflow/example_dags/example_short_circuit_decorator.py took 0.071 seconds
[2024-11-20T00:48:25.995+0000] {processor.py:186} INFO - Started process (PID=4993) to work on /home/ubuntu/airflow_venv/lib/python3.12/site-packages/airflow/example_dags/example_short_circuit_decorator.py
[2024-11-20T00:48:25.996+0000] {processor.py:914} INFO - Processing file /home/ubuntu/airflow_venv/lib/python3.12/site-packages/airflow/example_dags/example_short_circuit_decorator.py for tasks to queue
[2024-11-20T00:48:25.998+0000] {logging_mixin.py:190} INFO - [2024-11-20T00:48:25.997+0000] {dagbag.py:588} INFO - Filling up the DagBag from /home/ubuntu/airflow_venv/lib/python3.12/site-packages/airflow/example_dags/example_short_circuit_decorator.py
[2024-11-20T00:48:26.008+0000] {processor.py:925} INFO - DAG(s) 'example_short_circuit_decorator' retrieved from /home/ubuntu/airflow_venv/lib/python3.12/site-packages/airflow/example_dags/example_short_circuit_decorator.py
[2024-11-20T00:48:26.025+0000] {logging_mixin.py:190} INFO - [2024-11-20T00:48:26.025+0000] {dag.py:3239} INFO - Sync 1 DAGs
[2024-11-20T00:48:26.036+0000] {logging_mixin.py:190} INFO - [2024-11-20T00:48:26.036+0000] {dag.py:4180} INFO - Setting next_dagrun for example_short_circuit_decorator to None, run_after=None
[2024-11-20T00:48:26.058+0000] {processor.py:208} INFO - Processing /home/ubuntu/airflow_venv/lib/python3.12/site-packages/airflow/example_dags/example_short_circuit_decorator.py took 0.070 seconds
[2024-11-20T00:49:19.825+0000] {processor.py:186} INFO - Started process (PID=5050) to work on /home/ubuntu/airflow_venv/lib/python3.12/site-packages/airflow/example_dags/example_short_circuit_decorator.py
[2024-11-20T00:49:19.827+0000] {processor.py:914} INFO - Processing file /home/ubuntu/airflow_venv/lib/python3.12/site-packages/airflow/example_dags/example_short_circuit_decorator.py for tasks to queue
[2024-11-20T00:49:19.828+0000] {logging_mixin.py:190} INFO - [2024-11-20T00:49:19.828+0000] {dagbag.py:588} INFO - Filling up the DagBag from /home/ubuntu/airflow_venv/lib/python3.12/site-packages/airflow/example_dags/example_short_circuit_decorator.py
[2024-11-20T00:49:19.838+0000] {processor.py:925} INFO - DAG(s) 'example_short_circuit_decorator' retrieved from /home/ubuntu/airflow_venv/lib/python3.12/site-packages/airflow/example_dags/example_short_circuit_decorator.py
[2024-11-20T00:49:19.857+0000] {logging_mixin.py:190} INFO - [2024-11-20T00:49:19.857+0000] {dag.py:3239} INFO - Sync 1 DAGs
[2024-11-20T00:49:19.869+0000] {logging_mixin.py:190} INFO - [2024-11-20T00:49:19.869+0000] {dag.py:4180} INFO - Setting next_dagrun for example_short_circuit_decorator to None, run_after=None
[2024-11-20T00:49:19.892+0000] {processor.py:208} INFO - Processing /home/ubuntu/airflow_venv/lib/python3.12/site-packages/airflow/example_dags/example_short_circuit_decorator.py took 0.073 seconds
[2024-11-20T00:50:13.580+0000] {processor.py:186} INFO - Started process (PID=5106) to work on /home/ubuntu/airflow_venv/lib/python3.12/site-packages/airflow/example_dags/example_short_circuit_decorator.py
[2024-11-20T00:50:13.582+0000] {processor.py:914} INFO - Processing file /home/ubuntu/airflow_venv/lib/python3.12/site-packages/airflow/example_dags/example_short_circuit_decorator.py for tasks to queue
[2024-11-20T00:50:13.584+0000] {logging_mixin.py:190} INFO - [2024-11-20T00:50:13.584+0000] {dagbag.py:588} INFO - Filling up the DagBag from /home/ubuntu/airflow_venv/lib/python3.12/site-packages/airflow/example_dags/example_short_circuit_decorator.py
[2024-11-20T00:50:13.594+0000] {processor.py:925} INFO - DAG(s) 'example_short_circuit_decorator' retrieved from /home/ubuntu/airflow_venv/lib/python3.12/site-packages/airflow/example_dags/example_short_circuit_decorator.py
[2024-11-20T00:50:13.611+0000] {logging_mixin.py:190} INFO - [2024-11-20T00:50:13.611+0000] {dag.py:3239} INFO - Sync 1 DAGs
[2024-11-20T00:50:13.625+0000] {logging_mixin.py:190} INFO - [2024-11-20T00:50:13.624+0000] {dag.py:4180} INFO - Setting next_dagrun for example_short_circuit_decorator to None, run_after=None
[2024-11-20T00:50:13.670+0000] {processor.py:208} INFO - Processing /home/ubuntu/airflow_venv/lib/python3.12/site-packages/airflow/example_dags/example_short_circuit_decorator.py took 0.096 seconds
[2024-11-20T00:51:08.202+0000] {processor.py:186} INFO - Started process (PID=5164) to work on /home/ubuntu/airflow_venv/lib/python3.12/site-packages/airflow/example_dags/example_short_circuit_decorator.py
[2024-11-20T00:51:08.203+0000] {processor.py:914} INFO - Processing file /home/ubuntu/airflow_venv/lib/python3.12/site-packages/airflow/example_dags/example_short_circuit_decorator.py for tasks to queue
[2024-11-20T00:51:08.205+0000] {logging_mixin.py:190} INFO - [2024-11-20T00:51:08.205+0000] {dagbag.py:588} INFO - Filling up the DagBag from /home/ubuntu/airflow_venv/lib/python3.12/site-packages/airflow/example_dags/example_short_circuit_decorator.py
[2024-11-20T00:51:08.215+0000] {processor.py:925} INFO - DAG(s) 'example_short_circuit_decorator' retrieved from /home/ubuntu/airflow_venv/lib/python3.12/site-packages/airflow/example_dags/example_short_circuit_decorator.py
[2024-11-20T00:51:08.232+0000] {logging_mixin.py:190} INFO - [2024-11-20T00:51:08.232+0000] {dag.py:3239} INFO - Sync 1 DAGs
[2024-11-20T00:51:08.244+0000] {logging_mixin.py:190} INFO - [2024-11-20T00:51:08.244+0000] {dag.py:4180} INFO - Setting next_dagrun for example_short_circuit_decorator to None, run_after=None
[2024-11-20T00:51:08.265+0000] {processor.py:208} INFO - Processing /home/ubuntu/airflow_venv/lib/python3.12/site-packages/airflow/example_dags/example_short_circuit_decorator.py took 0.069 seconds
[2024-11-20T00:52:04.905+0000] {processor.py:186} INFO - Started process (PID=5223) to work on /home/ubuntu/airflow_venv/lib/python3.12/site-packages/airflow/example_dags/example_short_circuit_decorator.py
[2024-11-20T00:52:04.907+0000] {processor.py:914} INFO - Processing file /home/ubuntu/airflow_venv/lib/python3.12/site-packages/airflow/example_dags/example_short_circuit_decorator.py for tasks to queue
[2024-11-20T00:52:04.908+0000] {logging_mixin.py:190} INFO - [2024-11-20T00:52:04.907+0000] {dagbag.py:588} INFO - Filling up the DagBag from /home/ubuntu/airflow_venv/lib/python3.12/site-packages/airflow/example_dags/example_short_circuit_decorator.py
[2024-11-20T00:52:04.919+0000] {processor.py:925} INFO - DAG(s) 'example_short_circuit_decorator' retrieved from /home/ubuntu/airflow_venv/lib/python3.12/site-packages/airflow/example_dags/example_short_circuit_decorator.py
[2024-11-20T00:52:04.937+0000] {logging_mixin.py:190} INFO - [2024-11-20T00:52:04.936+0000] {dag.py:3239} INFO - Sync 1 DAGs
[2024-11-20T00:52:04.949+0000] {logging_mixin.py:190} INFO - [2024-11-20T00:52:04.949+0000] {dag.py:4180} INFO - Setting next_dagrun for example_short_circuit_decorator to None, run_after=None
[2024-11-20T00:52:04.973+0000] {processor.py:208} INFO - Processing /home/ubuntu/airflow_venv/lib/python3.12/site-packages/airflow/example_dags/example_short_circuit_decorator.py took 0.075 seconds
[2024-11-20T00:53:01.427+0000] {processor.py:186} INFO - Started process (PID=5279) to work on /home/ubuntu/airflow_venv/lib/python3.12/site-packages/airflow/example_dags/example_short_circuit_decorator.py
[2024-11-20T00:53:01.429+0000] {processor.py:914} INFO - Processing file /home/ubuntu/airflow_venv/lib/python3.12/site-packages/airflow/example_dags/example_short_circuit_decorator.py for tasks to queue
[2024-11-20T00:53:01.431+0000] {logging_mixin.py:190} INFO - [2024-11-20T00:53:01.429+0000] {dagbag.py:588} INFO - Filling up the DagBag from /home/ubuntu/airflow_venv/lib/python3.12/site-packages/airflow/example_dags/example_short_circuit_decorator.py
[2024-11-20T00:53:01.441+0000] {processor.py:925} INFO - DAG(s) 'example_short_circuit_decorator' retrieved from /home/ubuntu/airflow_venv/lib/python3.12/site-packages/airflow/example_dags/example_short_circuit_decorator.py
[2024-11-20T00:53:01.460+0000] {logging_mixin.py:190} INFO - [2024-11-20T00:53:01.459+0000] {dag.py:3239} INFO - Sync 1 DAGs
[2024-11-20T00:53:01.473+0000] {logging_mixin.py:190} INFO - [2024-11-20T00:53:01.472+0000] {dag.py:4180} INFO - Setting next_dagrun for example_short_circuit_decorator to None, run_after=None
[2024-11-20T00:53:01.496+0000] {processor.py:208} INFO - Processing /home/ubuntu/airflow_venv/lib/python3.12/site-packages/airflow/example_dags/example_short_circuit_decorator.py took 0.076 seconds
[2024-11-20T00:53:58.089+0000] {processor.py:186} INFO - Started process (PID=5350) to work on /home/ubuntu/airflow_venv/lib/python3.12/site-packages/airflow/example_dags/example_short_circuit_decorator.py
[2024-11-20T00:53:58.091+0000] {processor.py:914} INFO - Processing file /home/ubuntu/airflow_venv/lib/python3.12/site-packages/airflow/example_dags/example_short_circuit_decorator.py for tasks to queue
[2024-11-20T00:53:58.093+0000] {logging_mixin.py:190} INFO - [2024-11-20T00:53:58.092+0000] {dagbag.py:588} INFO - Filling up the DagBag from /home/ubuntu/airflow_venv/lib/python3.12/site-packages/airflow/example_dags/example_short_circuit_decorator.py
[2024-11-20T00:53:58.104+0000] {processor.py:925} INFO - DAG(s) 'example_short_circuit_decorator' retrieved from /home/ubuntu/airflow_venv/lib/python3.12/site-packages/airflow/example_dags/example_short_circuit_decorator.py
[2024-11-20T00:53:58.121+0000] {logging_mixin.py:190} INFO - [2024-11-20T00:53:58.121+0000] {dag.py:3239} INFO - Sync 1 DAGs
[2024-11-20T00:53:58.134+0000] {logging_mixin.py:190} INFO - [2024-11-20T00:53:58.134+0000] {dag.py:4180} INFO - Setting next_dagrun for example_short_circuit_decorator to None, run_after=None
[2024-11-20T00:53:58.156+0000] {processor.py:208} INFO - Processing /home/ubuntu/airflow_venv/lib/python3.12/site-packages/airflow/example_dags/example_short_circuit_decorator.py took 0.073 seconds
[2024-11-20T00:54:49.423+0000] {processor.py:186} INFO - Started process (PID=5404) to work on /home/ubuntu/airflow_venv/lib/python3.12/site-packages/airflow/example_dags/example_short_circuit_decorator.py
[2024-11-20T00:54:49.424+0000] {processor.py:914} INFO - Processing file /home/ubuntu/airflow_venv/lib/python3.12/site-packages/airflow/example_dags/example_short_circuit_decorator.py for tasks to queue
[2024-11-20T00:54:49.426+0000] {logging_mixin.py:190} INFO - [2024-11-20T00:54:49.425+0000] {dagbag.py:588} INFO - Filling up the DagBag from /home/ubuntu/airflow_venv/lib/python3.12/site-packages/airflow/example_dags/example_short_circuit_decorator.py
[2024-11-20T00:54:49.436+0000] {processor.py:925} INFO - DAG(s) 'example_short_circuit_decorator' retrieved from /home/ubuntu/airflow_venv/lib/python3.12/site-packages/airflow/example_dags/example_short_circuit_decorator.py
[2024-11-20T00:54:49.453+0000] {logging_mixin.py:190} INFO - [2024-11-20T00:54:49.453+0000] {dag.py:3239} INFO - Sync 1 DAGs
[2024-11-20T00:54:49.465+0000] {logging_mixin.py:190} INFO - [2024-11-20T00:54:49.465+0000] {dag.py:4180} INFO - Setting next_dagrun for example_short_circuit_decorator to None, run_after=None
[2024-11-20T00:54:49.488+0000] {processor.py:208} INFO - Processing /home/ubuntu/airflow_venv/lib/python3.12/site-packages/airflow/example_dags/example_short_circuit_decorator.py took 0.071 seconds
[2024-11-20T00:55:41.258+0000] {processor.py:186} INFO - Started process (PID=5463) to work on /home/ubuntu/airflow_venv/lib/python3.12/site-packages/airflow/example_dags/example_short_circuit_decorator.py
[2024-11-20T00:55:41.259+0000] {processor.py:914} INFO - Processing file /home/ubuntu/airflow_venv/lib/python3.12/site-packages/airflow/example_dags/example_short_circuit_decorator.py for tasks to queue
[2024-11-20T00:55:41.261+0000] {logging_mixin.py:190} INFO - [2024-11-20T00:55:41.261+0000] {dagbag.py:588} INFO - Filling up the DagBag from /home/ubuntu/airflow_venv/lib/python3.12/site-packages/airflow/example_dags/example_short_circuit_decorator.py
[2024-11-20T00:55:41.271+0000] {processor.py:925} INFO - DAG(s) 'example_short_circuit_decorator' retrieved from /home/ubuntu/airflow_venv/lib/python3.12/site-packages/airflow/example_dags/example_short_circuit_decorator.py
[2024-11-20T00:55:41.289+0000] {logging_mixin.py:190} INFO - [2024-11-20T00:55:41.289+0000] {dag.py:3239} INFO - Sync 1 DAGs
[2024-11-20T00:55:41.301+0000] {logging_mixin.py:190} INFO - [2024-11-20T00:55:41.300+0000] {dag.py:4180} INFO - Setting next_dagrun for example_short_circuit_decorator to None, run_after=None
[2024-11-20T00:55:41.323+0000] {processor.py:208} INFO - Processing /home/ubuntu/airflow_venv/lib/python3.12/site-packages/airflow/example_dags/example_short_circuit_decorator.py took 0.071 seconds
[2024-11-20T00:56:34.561+0000] {processor.py:186} INFO - Started process (PID=5518) to work on /home/ubuntu/airflow_venv/lib/python3.12/site-packages/airflow/example_dags/example_short_circuit_decorator.py
[2024-11-20T00:56:34.563+0000] {processor.py:914} INFO - Processing file /home/ubuntu/airflow_venv/lib/python3.12/site-packages/airflow/example_dags/example_short_circuit_decorator.py for tasks to queue
[2024-11-20T00:56:34.564+0000] {logging_mixin.py:190} INFO - [2024-11-20T00:56:34.563+0000] {dagbag.py:588} INFO - Filling up the DagBag from /home/ubuntu/airflow_venv/lib/python3.12/site-packages/airflow/example_dags/example_short_circuit_decorator.py
[2024-11-20T00:56:34.574+0000] {processor.py:925} INFO - DAG(s) 'example_short_circuit_decorator' retrieved from /home/ubuntu/airflow_venv/lib/python3.12/site-packages/airflow/example_dags/example_short_circuit_decorator.py
[2024-11-20T00:56:34.591+0000] {logging_mixin.py:190} INFO - [2024-11-20T00:56:34.591+0000] {dag.py:3239} INFO - Sync 1 DAGs
[2024-11-20T00:56:34.604+0000] {logging_mixin.py:190} INFO - [2024-11-20T00:56:34.603+0000] {dag.py:4180} INFO - Setting next_dagrun for example_short_circuit_decorator to None, run_after=None
[2024-11-20T00:56:34.626+0000] {processor.py:208} INFO - Processing /home/ubuntu/airflow_venv/lib/python3.12/site-packages/airflow/example_dags/example_short_circuit_decorator.py took 0.072 seconds
[2024-11-20T00:57:27.819+0000] {processor.py:186} INFO - Started process (PID=5575) to work on /home/ubuntu/airflow_venv/lib/python3.12/site-packages/airflow/example_dags/example_short_circuit_decorator.py
[2024-11-20T00:57:27.821+0000] {processor.py:914} INFO - Processing file /home/ubuntu/airflow_venv/lib/python3.12/site-packages/airflow/example_dags/example_short_circuit_decorator.py for tasks to queue
[2024-11-20T00:57:27.823+0000] {logging_mixin.py:190} INFO - [2024-11-20T00:57:27.822+0000] {dagbag.py:588} INFO - Filling up the DagBag from /home/ubuntu/airflow_venv/lib/python3.12/site-packages/airflow/example_dags/example_short_circuit_decorator.py
[2024-11-20T00:57:27.833+0000] {processor.py:925} INFO - DAG(s) 'example_short_circuit_decorator' retrieved from /home/ubuntu/airflow_venv/lib/python3.12/site-packages/airflow/example_dags/example_short_circuit_decorator.py
[2024-11-20T00:57:27.850+0000] {logging_mixin.py:190} INFO - [2024-11-20T00:57:27.850+0000] {dag.py:3239} INFO - Sync 1 DAGs
[2024-11-20T00:57:27.863+0000] {logging_mixin.py:190} INFO - [2024-11-20T00:57:27.862+0000] {dag.py:4180} INFO - Setting next_dagrun for example_short_circuit_decorator to None, run_after=None
[2024-11-20T00:57:27.886+0000] {processor.py:208} INFO - Processing /home/ubuntu/airflow_venv/lib/python3.12/site-packages/airflow/example_dags/example_short_circuit_decorator.py took 0.073 seconds
[2024-11-20T00:58:20.752+0000] {processor.py:186} INFO - Started process (PID=5630) to work on /home/ubuntu/airflow_venv/lib/python3.12/site-packages/airflow/example_dags/example_short_circuit_decorator.py
[2024-11-20T00:58:20.754+0000] {processor.py:914} INFO - Processing file /home/ubuntu/airflow_venv/lib/python3.12/site-packages/airflow/example_dags/example_short_circuit_decorator.py for tasks to queue
[2024-11-20T00:58:20.755+0000] {logging_mixin.py:190} INFO - [2024-11-20T00:58:20.755+0000] {dagbag.py:588} INFO - Filling up the DagBag from /home/ubuntu/airflow_venv/lib/python3.12/site-packages/airflow/example_dags/example_short_circuit_decorator.py
[2024-11-20T00:58:20.765+0000] {processor.py:925} INFO - DAG(s) 'example_short_circuit_decorator' retrieved from /home/ubuntu/airflow_venv/lib/python3.12/site-packages/airflow/example_dags/example_short_circuit_decorator.py
[2024-11-20T00:58:20.783+0000] {logging_mixin.py:190} INFO - [2024-11-20T00:58:20.783+0000] {dag.py:3239} INFO - Sync 1 DAGs
[2024-11-20T00:58:20.795+0000] {logging_mixin.py:190} INFO - [2024-11-20T00:58:20.795+0000] {dag.py:4180} INFO - Setting next_dagrun for example_short_circuit_decorator to None, run_after=None
[2024-11-20T00:58:20.817+0000] {processor.py:208} INFO - Processing /home/ubuntu/airflow_venv/lib/python3.12/site-packages/airflow/example_dags/example_short_circuit_decorator.py took 0.071 seconds
[2024-11-20T00:59:12.647+0000] {processor.py:186} INFO - Started process (PID=5689) to work on /home/ubuntu/airflow_venv/lib/python3.12/site-packages/airflow/example_dags/example_short_circuit_decorator.py
[2024-11-20T00:59:12.649+0000] {processor.py:914} INFO - Processing file /home/ubuntu/airflow_venv/lib/python3.12/site-packages/airflow/example_dags/example_short_circuit_decorator.py for tasks to queue
[2024-11-20T00:59:12.651+0000] {logging_mixin.py:190} INFO - [2024-11-20T00:59:12.650+0000] {dagbag.py:588} INFO - Filling up the DagBag from /home/ubuntu/airflow_venv/lib/python3.12/site-packages/airflow/example_dags/example_short_circuit_decorator.py
[2024-11-20T00:59:12.661+0000] {processor.py:925} INFO - DAG(s) 'example_short_circuit_decorator' retrieved from /home/ubuntu/airflow_venv/lib/python3.12/site-packages/airflow/example_dags/example_short_circuit_decorator.py
[2024-11-20T00:59:12.678+0000] {logging_mixin.py:190} INFO - [2024-11-20T00:59:12.678+0000] {dag.py:3239} INFO - Sync 1 DAGs
[2024-11-20T00:59:12.690+0000] {logging_mixin.py:190} INFO - [2024-11-20T00:59:12.689+0000] {dag.py:4180} INFO - Setting next_dagrun for example_short_circuit_decorator to None, run_after=None
[2024-11-20T00:59:12.716+0000] {processor.py:208} INFO - Processing /home/ubuntu/airflow_venv/lib/python3.12/site-packages/airflow/example_dags/example_short_circuit_decorator.py took 0.075 seconds
[2024-11-20T01:00:08.207+0000] {processor.py:186} INFO - Started process (PID=5748) to work on /home/ubuntu/airflow_venv/lib/python3.12/site-packages/airflow/example_dags/example_short_circuit_decorator.py
[2024-11-20T01:00:08.212+0000] {processor.py:914} INFO - Processing file /home/ubuntu/airflow_venv/lib/python3.12/site-packages/airflow/example_dags/example_short_circuit_decorator.py for tasks to queue
[2024-11-20T01:00:08.214+0000] {logging_mixin.py:190} INFO - [2024-11-20T01:00:08.213+0000] {dagbag.py:588} INFO - Filling up the DagBag from /home/ubuntu/airflow_venv/lib/python3.12/site-packages/airflow/example_dags/example_short_circuit_decorator.py
[2024-11-20T01:00:08.224+0000] {processor.py:925} INFO - DAG(s) 'example_short_circuit_decorator' retrieved from /home/ubuntu/airflow_venv/lib/python3.12/site-packages/airflow/example_dags/example_short_circuit_decorator.py
[2024-11-20T01:00:08.242+0000] {logging_mixin.py:190} INFO - [2024-11-20T01:00:08.242+0000] {dag.py:3239} INFO - Sync 1 DAGs
[2024-11-20T01:00:08.255+0000] {logging_mixin.py:190} INFO - [2024-11-20T01:00:08.255+0000] {dag.py:4180} INFO - Setting next_dagrun for example_short_circuit_decorator to None, run_after=None
[2024-11-20T01:00:08.278+0000] {processor.py:208} INFO - Processing /home/ubuntu/airflow_venv/lib/python3.12/site-packages/airflow/example_dags/example_short_circuit_decorator.py took 0.083 seconds
[2024-11-20T01:01:03.743+0000] {processor.py:186} INFO - Started process (PID=5804) to work on /home/ubuntu/airflow_venv/lib/python3.12/site-packages/airflow/example_dags/example_short_circuit_decorator.py
[2024-11-20T01:01:03.745+0000] {processor.py:914} INFO - Processing file /home/ubuntu/airflow_venv/lib/python3.12/site-packages/airflow/example_dags/example_short_circuit_decorator.py for tasks to queue
[2024-11-20T01:01:03.746+0000] {logging_mixin.py:190} INFO - [2024-11-20T01:01:03.745+0000] {dagbag.py:588} INFO - Filling up the DagBag from /home/ubuntu/airflow_venv/lib/python3.12/site-packages/airflow/example_dags/example_short_circuit_decorator.py
[2024-11-20T01:01:03.757+0000] {processor.py:925} INFO - DAG(s) 'example_short_circuit_decorator' retrieved from /home/ubuntu/airflow_venv/lib/python3.12/site-packages/airflow/example_dags/example_short_circuit_decorator.py
[2024-11-20T01:01:03.774+0000] {logging_mixin.py:190} INFO - [2024-11-20T01:01:03.774+0000] {dag.py:3239} INFO - Sync 1 DAGs
[2024-11-20T01:01:03.787+0000] {logging_mixin.py:190} INFO - [2024-11-20T01:01:03.787+0000] {dag.py:4180} INFO - Setting next_dagrun for example_short_circuit_decorator to None, run_after=None
[2024-11-20T01:01:03.811+0000] {processor.py:208} INFO - Processing /home/ubuntu/airflow_venv/lib/python3.12/site-packages/airflow/example_dags/example_short_circuit_decorator.py took 0.074 seconds
[2024-11-20T01:02:14.386+0000] {processor.py:186} INFO - Started process (PID=5884) to work on /home/ubuntu/airflow_venv/lib/python3.12/site-packages/airflow/example_dags/example_short_circuit_decorator.py
[2024-11-20T01:02:14.387+0000] {processor.py:914} INFO - Processing file /home/ubuntu/airflow_venv/lib/python3.12/site-packages/airflow/example_dags/example_short_circuit_decorator.py for tasks to queue
[2024-11-20T01:02:14.388+0000] {logging_mixin.py:190} INFO - [2024-11-20T01:02:14.388+0000] {dagbag.py:588} INFO - Filling up the DagBag from /home/ubuntu/airflow_venv/lib/python3.12/site-packages/airflow/example_dags/example_short_circuit_decorator.py
[2024-11-20T01:02:14.399+0000] {processor.py:925} INFO - DAG(s) 'example_short_circuit_decorator' retrieved from /home/ubuntu/airflow_venv/lib/python3.12/site-packages/airflow/example_dags/example_short_circuit_decorator.py
[2024-11-20T01:02:14.416+0000] {logging_mixin.py:190} INFO - [2024-11-20T01:02:14.416+0000] {dag.py:3239} INFO - Sync 1 DAGs
[2024-11-20T01:02:14.428+0000] {logging_mixin.py:190} INFO - [2024-11-20T01:02:14.428+0000] {dag.py:4180} INFO - Setting next_dagrun for example_short_circuit_decorator to None, run_after=None
[2024-11-20T01:02:14.450+0000] {processor.py:208} INFO - Processing /home/ubuntu/airflow_venv/lib/python3.12/site-packages/airflow/example_dags/example_short_circuit_decorator.py took 0.070 seconds
[2024-11-20T01:03:11.006+0000] {processor.py:186} INFO - Started process (PID=5942) to work on /home/ubuntu/airflow_venv/lib/python3.12/site-packages/airflow/example_dags/example_short_circuit_decorator.py
[2024-11-20T01:03:11.009+0000] {processor.py:914} INFO - Processing file /home/ubuntu/airflow_venv/lib/python3.12/site-packages/airflow/example_dags/example_short_circuit_decorator.py for tasks to queue
[2024-11-20T01:03:11.011+0000] {logging_mixin.py:190} INFO - [2024-11-20T01:03:11.010+0000] {dagbag.py:588} INFO - Filling up the DagBag from /home/ubuntu/airflow_venv/lib/python3.12/site-packages/airflow/example_dags/example_short_circuit_decorator.py
[2024-11-20T01:03:11.021+0000] {processor.py:925} INFO - DAG(s) 'example_short_circuit_decorator' retrieved from /home/ubuntu/airflow_venv/lib/python3.12/site-packages/airflow/example_dags/example_short_circuit_decorator.py
[2024-11-20T01:03:11.039+0000] {logging_mixin.py:190} INFO - [2024-11-20T01:03:11.038+0000] {dag.py:3239} INFO - Sync 1 DAGs
[2024-11-20T01:03:11.051+0000] {logging_mixin.py:190} INFO - [2024-11-20T01:03:11.051+0000] {dag.py:4180} INFO - Setting next_dagrun for example_short_circuit_decorator to None, run_after=None
[2024-11-20T01:03:11.072+0000] {processor.py:208} INFO - Processing /home/ubuntu/airflow_venv/lib/python3.12/site-packages/airflow/example_dags/example_short_circuit_decorator.py took 0.072 seconds
[2024-11-20T01:04:07.411+0000] {processor.py:186} INFO - Started process (PID=5999) to work on /home/ubuntu/airflow_venv/lib/python3.12/site-packages/airflow/example_dags/example_short_circuit_decorator.py
[2024-11-20T01:04:07.413+0000] {processor.py:914} INFO - Processing file /home/ubuntu/airflow_venv/lib/python3.12/site-packages/airflow/example_dags/example_short_circuit_decorator.py for tasks to queue
[2024-11-20T01:04:07.415+0000] {logging_mixin.py:190} INFO - [2024-11-20T01:04:07.414+0000] {dagbag.py:588} INFO - Filling up the DagBag from /home/ubuntu/airflow_venv/lib/python3.12/site-packages/airflow/example_dags/example_short_circuit_decorator.py
[2024-11-20T01:04:07.424+0000] {processor.py:925} INFO - DAG(s) 'example_short_circuit_decorator' retrieved from /home/ubuntu/airflow_venv/lib/python3.12/site-packages/airflow/example_dags/example_short_circuit_decorator.py
[2024-11-20T01:04:07.442+0000] {logging_mixin.py:190} INFO - [2024-11-20T01:04:07.441+0000] {dag.py:3239} INFO - Sync 1 DAGs
[2024-11-20T01:04:07.455+0000] {logging_mixin.py:190} INFO - [2024-11-20T01:04:07.454+0000] {dag.py:4180} INFO - Setting next_dagrun for example_short_circuit_decorator to None, run_after=None
[2024-11-20T01:04:07.475+0000] {processor.py:208} INFO - Processing /home/ubuntu/airflow_venv/lib/python3.12/site-packages/airflow/example_dags/example_short_circuit_decorator.py took 0.070 seconds
[2024-11-20T01:05:03.350+0000] {processor.py:186} INFO - Started process (PID=6058) to work on /home/ubuntu/airflow_venv/lib/python3.12/site-packages/airflow/example_dags/example_short_circuit_decorator.py
[2024-11-20T01:05:03.352+0000] {processor.py:914} INFO - Processing file /home/ubuntu/airflow_venv/lib/python3.12/site-packages/airflow/example_dags/example_short_circuit_decorator.py for tasks to queue
[2024-11-20T01:05:03.354+0000] {logging_mixin.py:190} INFO - [2024-11-20T01:05:03.354+0000] {dagbag.py:588} INFO - Filling up the DagBag from /home/ubuntu/airflow_venv/lib/python3.12/site-packages/airflow/example_dags/example_short_circuit_decorator.py
[2024-11-20T01:05:03.366+0000] {processor.py:925} INFO - DAG(s) 'example_short_circuit_decorator' retrieved from /home/ubuntu/airflow_venv/lib/python3.12/site-packages/airflow/example_dags/example_short_circuit_decorator.py
[2024-11-20T01:05:03.385+0000] {logging_mixin.py:190} INFO - [2024-11-20T01:05:03.384+0000] {dag.py:3239} INFO - Sync 1 DAGs
[2024-11-20T01:05:03.397+0000] {logging_mixin.py:190} INFO - [2024-11-20T01:05:03.397+0000] {dag.py:4180} INFO - Setting next_dagrun for example_short_circuit_decorator to None, run_after=None
[2024-11-20T01:05:03.420+0000] {processor.py:208} INFO - Processing /home/ubuntu/airflow_venv/lib/python3.12/site-packages/airflow/example_dags/example_short_circuit_decorator.py took 0.077 seconds
[2024-11-20T01:06:00.430+0000] {processor.py:186} INFO - Started process (PID=6117) to work on /home/ubuntu/airflow_venv/lib/python3.12/site-packages/airflow/example_dags/example_short_circuit_decorator.py
[2024-11-20T01:06:00.433+0000] {processor.py:914} INFO - Processing file /home/ubuntu/airflow_venv/lib/python3.12/site-packages/airflow/example_dags/example_short_circuit_decorator.py for tasks to queue
[2024-11-20T01:06:00.434+0000] {logging_mixin.py:190} INFO - [2024-11-20T01:06:00.433+0000] {dagbag.py:588} INFO - Filling up the DagBag from /home/ubuntu/airflow_venv/lib/python3.12/site-packages/airflow/example_dags/example_short_circuit_decorator.py
[2024-11-20T01:06:00.444+0000] {processor.py:925} INFO - DAG(s) 'example_short_circuit_decorator' retrieved from /home/ubuntu/airflow_venv/lib/python3.12/site-packages/airflow/example_dags/example_short_circuit_decorator.py
[2024-11-20T01:06:00.461+0000] {logging_mixin.py:190} INFO - [2024-11-20T01:06:00.461+0000] {dag.py:3239} INFO - Sync 1 DAGs
[2024-11-20T01:06:00.473+0000] {logging_mixin.py:190} INFO - [2024-11-20T01:06:00.473+0000] {dag.py:4180} INFO - Setting next_dagrun for example_short_circuit_decorator to None, run_after=None
[2024-11-20T01:06:00.495+0000] {processor.py:208} INFO - Processing /home/ubuntu/airflow_venv/lib/python3.12/site-packages/airflow/example_dags/example_short_circuit_decorator.py took 0.071 seconds
[2024-11-20T01:06:52.121+0000] {processor.py:186} INFO - Started process (PID=6171) to work on /home/ubuntu/airflow_venv/lib/python3.12/site-packages/airflow/example_dags/example_short_circuit_decorator.py
[2024-11-20T01:06:52.123+0000] {processor.py:914} INFO - Processing file /home/ubuntu/airflow_venv/lib/python3.12/site-packages/airflow/example_dags/example_short_circuit_decorator.py for tasks to queue
[2024-11-20T01:06:52.125+0000] {logging_mixin.py:190} INFO - [2024-11-20T01:06:52.124+0000] {dagbag.py:588} INFO - Filling up the DagBag from /home/ubuntu/airflow_venv/lib/python3.12/site-packages/airflow/example_dags/example_short_circuit_decorator.py
[2024-11-20T01:06:52.134+0000] {processor.py:925} INFO - DAG(s) 'example_short_circuit_decorator' retrieved from /home/ubuntu/airflow_venv/lib/python3.12/site-packages/airflow/example_dags/example_short_circuit_decorator.py
[2024-11-20T01:06:52.152+0000] {logging_mixin.py:190} INFO - [2024-11-20T01:06:52.151+0000] {dag.py:3239} INFO - Sync 1 DAGs
[2024-11-20T01:06:52.164+0000] {logging_mixin.py:190} INFO - [2024-11-20T01:06:52.164+0000] {dag.py:4180} INFO - Setting next_dagrun for example_short_circuit_decorator to None, run_after=None
[2024-11-20T01:06:52.186+0000] {processor.py:208} INFO - Processing /home/ubuntu/airflow_venv/lib/python3.12/site-packages/airflow/example_dags/example_short_circuit_decorator.py took 0.072 seconds
[2024-11-20T01:07:43.580+0000] {processor.py:186} INFO - Started process (PID=6226) to work on /home/ubuntu/airflow_venv/lib/python3.12/site-packages/airflow/example_dags/example_short_circuit_decorator.py
[2024-11-20T01:07:43.582+0000] {processor.py:914} INFO - Processing file /home/ubuntu/airflow_venv/lib/python3.12/site-packages/airflow/example_dags/example_short_circuit_decorator.py for tasks to queue
[2024-11-20T01:07:43.583+0000] {logging_mixin.py:190} INFO - [2024-11-20T01:07:43.583+0000] {dagbag.py:588} INFO - Filling up the DagBag from /home/ubuntu/airflow_venv/lib/python3.12/site-packages/airflow/example_dags/example_short_circuit_decorator.py
[2024-11-20T01:07:43.594+0000] {processor.py:925} INFO - DAG(s) 'example_short_circuit_decorator' retrieved from /home/ubuntu/airflow_venv/lib/python3.12/site-packages/airflow/example_dags/example_short_circuit_decorator.py
[2024-11-20T01:07:43.610+0000] {logging_mixin.py:190} INFO - [2024-11-20T01:07:43.610+0000] {dag.py:3239} INFO - Sync 1 DAGs
[2024-11-20T01:07:43.622+0000] {logging_mixin.py:190} INFO - [2024-11-20T01:07:43.622+0000] {dag.py:4180} INFO - Setting next_dagrun for example_short_circuit_decorator to None, run_after=None
[2024-11-20T01:07:43.643+0000] {processor.py:208} INFO - Processing /home/ubuntu/airflow_venv/lib/python3.12/site-packages/airflow/example_dags/example_short_circuit_decorator.py took 0.069 seconds
[2024-11-20T01:08:37.714+0000] {processor.py:186} INFO - Started process (PID=6280) to work on /home/ubuntu/airflow_venv/lib/python3.12/site-packages/airflow/example_dags/example_short_circuit_decorator.py
[2024-11-20T01:08:37.716+0000] {processor.py:914} INFO - Processing file /home/ubuntu/airflow_venv/lib/python3.12/site-packages/airflow/example_dags/example_short_circuit_decorator.py for tasks to queue
[2024-11-20T01:08:37.717+0000] {logging_mixin.py:190} INFO - [2024-11-20T01:08:37.717+0000] {dagbag.py:588} INFO - Filling up the DagBag from /home/ubuntu/airflow_venv/lib/python3.12/site-packages/airflow/example_dags/example_short_circuit_decorator.py
[2024-11-20T01:08:37.728+0000] {processor.py:925} INFO - DAG(s) 'example_short_circuit_decorator' retrieved from /home/ubuntu/airflow_venv/lib/python3.12/site-packages/airflow/example_dags/example_short_circuit_decorator.py
[2024-11-20T01:08:37.745+0000] {logging_mixin.py:190} INFO - [2024-11-20T01:08:37.745+0000] {dag.py:3239} INFO - Sync 1 DAGs
[2024-11-20T01:08:37.757+0000] {logging_mixin.py:190} INFO - [2024-11-20T01:08:37.757+0000] {dag.py:4180} INFO - Setting next_dagrun for example_short_circuit_decorator to None, run_after=None
[2024-11-20T01:08:37.780+0000] {processor.py:208} INFO - Processing /home/ubuntu/airflow_venv/lib/python3.12/site-packages/airflow/example_dags/example_short_circuit_decorator.py took 0.074 seconds
[2024-11-20T01:09:35.065+0000] {processor.py:186} INFO - Started process (PID=6337) to work on /home/ubuntu/airflow_venv/lib/python3.12/site-packages/airflow/example_dags/example_short_circuit_decorator.py
[2024-11-20T01:09:35.067+0000] {processor.py:914} INFO - Processing file /home/ubuntu/airflow_venv/lib/python3.12/site-packages/airflow/example_dags/example_short_circuit_decorator.py for tasks to queue
[2024-11-20T01:09:35.068+0000] {logging_mixin.py:190} INFO - [2024-11-20T01:09:35.068+0000] {dagbag.py:588} INFO - Filling up the DagBag from /home/ubuntu/airflow_venv/lib/python3.12/site-packages/airflow/example_dags/example_short_circuit_decorator.py
[2024-11-20T01:09:35.078+0000] {processor.py:925} INFO - DAG(s) 'example_short_circuit_decorator' retrieved from /home/ubuntu/airflow_venv/lib/python3.12/site-packages/airflow/example_dags/example_short_circuit_decorator.py
[2024-11-20T01:09:35.096+0000] {logging_mixin.py:190} INFO - [2024-11-20T01:09:35.096+0000] {dag.py:3239} INFO - Sync 1 DAGs
[2024-11-20T01:09:35.108+0000] {logging_mixin.py:190} INFO - [2024-11-20T01:09:35.108+0000] {dag.py:4180} INFO - Setting next_dagrun for example_short_circuit_decorator to None, run_after=None
[2024-11-20T01:09:35.130+0000] {processor.py:208} INFO - Processing /home/ubuntu/airflow_venv/lib/python3.12/site-packages/airflow/example_dags/example_short_circuit_decorator.py took 0.071 seconds
[2024-11-20T01:10:33.170+0000] {processor.py:186} INFO - Started process (PID=6401) to work on /home/ubuntu/airflow_venv/lib/python3.12/site-packages/airflow/example_dags/example_short_circuit_decorator.py
[2024-11-20T01:10:33.172+0000] {processor.py:914} INFO - Processing file /home/ubuntu/airflow_venv/lib/python3.12/site-packages/airflow/example_dags/example_short_circuit_decorator.py for tasks to queue
[2024-11-20T01:10:33.173+0000] {logging_mixin.py:190} INFO - [2024-11-20T01:10:33.172+0000] {dagbag.py:588} INFO - Filling up the DagBag from /home/ubuntu/airflow_venv/lib/python3.12/site-packages/airflow/example_dags/example_short_circuit_decorator.py
[2024-11-20T01:10:33.184+0000] {processor.py:925} INFO - DAG(s) 'example_short_circuit_decorator' retrieved from /home/ubuntu/airflow_venv/lib/python3.12/site-packages/airflow/example_dags/example_short_circuit_decorator.py
[2024-11-20T01:10:33.201+0000] {logging_mixin.py:190} INFO - [2024-11-20T01:10:33.201+0000] {dag.py:3239} INFO - Sync 1 DAGs
[2024-11-20T01:10:33.213+0000] {logging_mixin.py:190} INFO - [2024-11-20T01:10:33.212+0000] {dag.py:4180} INFO - Setting next_dagrun for example_short_circuit_decorator to None, run_after=None
[2024-11-20T01:10:33.234+0000] {processor.py:208} INFO - Processing /home/ubuntu/airflow_venv/lib/python3.12/site-packages/airflow/example_dags/example_short_circuit_decorator.py took 0.071 seconds
[2024-11-20T01:11:26.903+0000] {processor.py:186} INFO - Started process (PID=6456) to work on /home/ubuntu/airflow_venv/lib/python3.12/site-packages/airflow/example_dags/example_short_circuit_decorator.py
[2024-11-20T01:11:26.904+0000] {processor.py:914} INFO - Processing file /home/ubuntu/airflow_venv/lib/python3.12/site-packages/airflow/example_dags/example_short_circuit_decorator.py for tasks to queue
[2024-11-20T01:11:26.906+0000] {logging_mixin.py:190} INFO - [2024-11-20T01:11:26.905+0000] {dagbag.py:588} INFO - Filling up the DagBag from /home/ubuntu/airflow_venv/lib/python3.12/site-packages/airflow/example_dags/example_short_circuit_decorator.py
[2024-11-20T01:11:26.916+0000] {processor.py:925} INFO - DAG(s) 'example_short_circuit_decorator' retrieved from /home/ubuntu/airflow_venv/lib/python3.12/site-packages/airflow/example_dags/example_short_circuit_decorator.py
[2024-11-20T01:11:26.934+0000] {logging_mixin.py:190} INFO - [2024-11-20T01:11:26.934+0000] {dag.py:3239} INFO - Sync 1 DAGs
[2024-11-20T01:11:26.946+0000] {logging_mixin.py:190} INFO - [2024-11-20T01:11:26.946+0000] {dag.py:4180} INFO - Setting next_dagrun for example_short_circuit_decorator to None, run_after=None
[2024-11-20T01:11:26.968+0000] {processor.py:208} INFO - Processing /home/ubuntu/airflow_venv/lib/python3.12/site-packages/airflow/example_dags/example_short_circuit_decorator.py took 0.071 seconds
[2024-11-20T01:12:21.034+0000] {processor.py:186} INFO - Started process (PID=6513) to work on /home/ubuntu/airflow_venv/lib/python3.12/site-packages/airflow/example_dags/example_short_circuit_decorator.py
[2024-11-20T01:12:21.035+0000] {processor.py:914} INFO - Processing file /home/ubuntu/airflow_venv/lib/python3.12/site-packages/airflow/example_dags/example_short_circuit_decorator.py for tasks to queue
[2024-11-20T01:12:21.036+0000] {logging_mixin.py:190} INFO - [2024-11-20T01:12:21.036+0000] {dagbag.py:588} INFO - Filling up the DagBag from /home/ubuntu/airflow_venv/lib/python3.12/site-packages/airflow/example_dags/example_short_circuit_decorator.py
[2024-11-20T01:12:21.047+0000] {processor.py:925} INFO - DAG(s) 'example_short_circuit_decorator' retrieved from /home/ubuntu/airflow_venv/lib/python3.12/site-packages/airflow/example_dags/example_short_circuit_decorator.py
[2024-11-20T01:12:21.064+0000] {logging_mixin.py:190} INFO - [2024-11-20T01:12:21.064+0000] {dag.py:3239} INFO - Sync 1 DAGs
[2024-11-20T01:12:21.076+0000] {logging_mixin.py:190} INFO - [2024-11-20T01:12:21.076+0000] {dag.py:4180} INFO - Setting next_dagrun for example_short_circuit_decorator to None, run_after=None
[2024-11-20T01:12:21.097+0000] {processor.py:208} INFO - Processing /home/ubuntu/airflow_venv/lib/python3.12/site-packages/airflow/example_dags/example_short_circuit_decorator.py took 0.070 seconds
