[2024-11-20T00:16:17.106+0000] {processor.py:186} INFO - Started process (PID=2030) to work on /home/ubuntu/airflow_venv/lib/python3.12/site-packages/airflow/example_dags/tutorial.py
[2024-11-20T00:16:17.107+0000] {processor.py:914} INFO - Processing file /home/ubuntu/airflow_venv/lib/python3.12/site-packages/airflow/example_dags/tutorial.py for tasks to queue
[2024-11-20T00:16:17.109+0000] {logging_mixin.py:190} INFO - [2024-11-20T00:16:17.108+0000] {dagbag.py:588} INFO - Filling up the DagBag from /home/ubuntu/airflow_venv/lib/python3.12/site-packages/airflow/example_dags/tutorial.py
[2024-11-20T00:16:17.117+0000] {processor.py:925} INFO - DAG(s) 'tutorial' retrieved from /home/ubuntu/airflow_venv/lib/python3.12/site-packages/airflow/example_dags/tutorial.py
[2024-11-20T00:16:17.133+0000] {logging_mixin.py:190} INFO - [2024-11-20T00:16:17.133+0000] {dag.py:3239} INFO - Sync 1 DAGs
[2024-11-20T00:16:17.153+0000] {logging_mixin.py:190} INFO - [2024-11-20T00:16:17.153+0000] {dag.py:4180} INFO - Setting next_dagrun for tutorial to 2024-11-19 00:00:00+00:00, run_after=2024-11-20 00:00:00+00:00
[2024-11-20T00:16:17.179+0000] {processor.py:208} INFO - Processing /home/ubuntu/airflow_venv/lib/python3.12/site-packages/airflow/example_dags/tutorial.py took 0.078 seconds
[2024-11-20T00:17:15.506+0000] {processor.py:186} INFO - Started process (PID=2101) to work on /home/ubuntu/airflow_venv/lib/python3.12/site-packages/airflow/example_dags/tutorial.py
[2024-11-20T00:17:15.508+0000] {processor.py:914} INFO - Processing file /home/ubuntu/airflow_venv/lib/python3.12/site-packages/airflow/example_dags/tutorial.py for tasks to queue
[2024-11-20T00:17:15.510+0000] {logging_mixin.py:190} INFO - [2024-11-20T00:17:15.509+0000] {dagbag.py:588} INFO - Filling up the DagBag from /home/ubuntu/airflow_venv/lib/python3.12/site-packages/airflow/example_dags/tutorial.py
[2024-11-20T00:17:15.517+0000] {processor.py:925} INFO - DAG(s) 'tutorial' retrieved from /home/ubuntu/airflow_venv/lib/python3.12/site-packages/airflow/example_dags/tutorial.py
[2024-11-20T00:17:15.532+0000] {logging_mixin.py:190} INFO - [2024-11-20T00:17:15.532+0000] {dag.py:3239} INFO - Sync 1 DAGs
[2024-11-20T00:17:15.549+0000] {logging_mixin.py:190} INFO - [2024-11-20T00:17:15.549+0000] {dag.py:4180} INFO - Setting next_dagrun for tutorial to 2024-11-19 00:00:00+00:00, run_after=2024-11-20 00:00:00+00:00
[2024-11-20T00:17:15.572+0000] {processor.py:208} INFO - Processing /home/ubuntu/airflow_venv/lib/python3.12/site-packages/airflow/example_dags/tutorial.py took 0.071 seconds
[2024-11-20T00:18:11.738+0000] {processor.py:186} INFO - Started process (PID=2159) to work on /home/ubuntu/airflow_venv/lib/python3.12/site-packages/airflow/example_dags/tutorial.py
[2024-11-20T00:18:11.740+0000] {processor.py:914} INFO - Processing file /home/ubuntu/airflow_venv/lib/python3.12/site-packages/airflow/example_dags/tutorial.py for tasks to queue
[2024-11-20T00:18:11.743+0000] {logging_mixin.py:190} INFO - [2024-11-20T00:18:11.742+0000] {dagbag.py:588} INFO - Filling up the DagBag from /home/ubuntu/airflow_venv/lib/python3.12/site-packages/airflow/example_dags/tutorial.py
[2024-11-20T00:18:11.749+0000] {processor.py:925} INFO - DAG(s) 'tutorial' retrieved from /home/ubuntu/airflow_venv/lib/python3.12/site-packages/airflow/example_dags/tutorial.py
[2024-11-20T00:18:11.764+0000] {logging_mixin.py:190} INFO - [2024-11-20T00:18:11.764+0000] {dag.py:3239} INFO - Sync 1 DAGs
[2024-11-20T00:18:11.781+0000] {logging_mixin.py:190} INFO - [2024-11-20T00:18:11.781+0000] {dag.py:4180} INFO - Setting next_dagrun for tutorial to 2024-11-19 00:00:00+00:00, run_after=2024-11-20 00:00:00+00:00
[2024-11-20T00:18:11.802+0000] {processor.py:208} INFO - Processing /home/ubuntu/airflow_venv/lib/python3.12/site-packages/airflow/example_dags/tutorial.py took 0.069 seconds
[2024-11-20T00:19:03.474+0000] {processor.py:186} INFO - Started process (PID=2212) to work on /home/ubuntu/airflow_venv/lib/python3.12/site-packages/airflow/example_dags/tutorial.py
[2024-11-20T00:19:03.476+0000] {processor.py:914} INFO - Processing file /home/ubuntu/airflow_venv/lib/python3.12/site-packages/airflow/example_dags/tutorial.py for tasks to queue
[2024-11-20T00:19:03.479+0000] {logging_mixin.py:190} INFO - [2024-11-20T00:19:03.479+0000] {dagbag.py:588} INFO - Filling up the DagBag from /home/ubuntu/airflow_venv/lib/python3.12/site-packages/airflow/example_dags/tutorial.py
[2024-11-20T00:19:03.486+0000] {processor.py:925} INFO - DAG(s) 'tutorial' retrieved from /home/ubuntu/airflow_venv/lib/python3.12/site-packages/airflow/example_dags/tutorial.py
[2024-11-20T00:19:03.503+0000] {logging_mixin.py:190} INFO - [2024-11-20T00:19:03.503+0000] {dag.py:3239} INFO - Sync 1 DAGs
[2024-11-20T00:19:03.520+0000] {logging_mixin.py:190} INFO - [2024-11-20T00:19:03.520+0000] {dag.py:4180} INFO - Setting next_dagrun for tutorial to 2024-11-19 00:00:00+00:00, run_after=2024-11-20 00:00:00+00:00
[2024-11-20T00:19:03.541+0000] {processor.py:208} INFO - Processing /home/ubuntu/airflow_venv/lib/python3.12/site-packages/airflow/example_dags/tutorial.py took 0.072 seconds
[2024-11-20T00:19:58.217+0000] {processor.py:186} INFO - Started process (PID=2269) to work on /home/ubuntu/airflow_venv/lib/python3.12/site-packages/airflow/example_dags/tutorial.py
[2024-11-20T00:19:58.218+0000] {processor.py:914} INFO - Processing file /home/ubuntu/airflow_venv/lib/python3.12/site-packages/airflow/example_dags/tutorial.py for tasks to queue
[2024-11-20T00:19:58.221+0000] {logging_mixin.py:190} INFO - [2024-11-20T00:19:58.220+0000] {dagbag.py:588} INFO - Filling up the DagBag from /home/ubuntu/airflow_venv/lib/python3.12/site-packages/airflow/example_dags/tutorial.py
[2024-11-20T00:19:58.229+0000] {processor.py:925} INFO - DAG(s) 'tutorial' retrieved from /home/ubuntu/airflow_venv/lib/python3.12/site-packages/airflow/example_dags/tutorial.py
[2024-11-20T00:19:58.243+0000] {logging_mixin.py:190} INFO - [2024-11-20T00:19:58.243+0000] {dag.py:3239} INFO - Sync 1 DAGs
[2024-11-20T00:19:58.261+0000] {logging_mixin.py:190} INFO - [2024-11-20T00:19:58.261+0000] {dag.py:4180} INFO - Setting next_dagrun for tutorial to 2024-11-19 00:00:00+00:00, run_after=2024-11-20 00:00:00+00:00
[2024-11-20T00:19:58.283+0000] {processor.py:208} INFO - Processing /home/ubuntu/airflow_venv/lib/python3.12/site-packages/airflow/example_dags/tutorial.py took 0.071 seconds
[2024-11-20T00:20:49.697+0000] {processor.py:186} INFO - Started process (PID=2326) to work on /home/ubuntu/airflow_venv/lib/python3.12/site-packages/airflow/example_dags/tutorial.py
[2024-11-20T00:20:49.699+0000] {processor.py:914} INFO - Processing file /home/ubuntu/airflow_venv/lib/python3.12/site-packages/airflow/example_dags/tutorial.py for tasks to queue
[2024-11-20T00:20:49.702+0000] {logging_mixin.py:190} INFO - [2024-11-20T00:20:49.702+0000] {dagbag.py:588} INFO - Filling up the DagBag from /home/ubuntu/airflow_venv/lib/python3.12/site-packages/airflow/example_dags/tutorial.py
[2024-11-20T00:20:49.710+0000] {processor.py:925} INFO - DAG(s) 'tutorial' retrieved from /home/ubuntu/airflow_venv/lib/python3.12/site-packages/airflow/example_dags/tutorial.py
[2024-11-20T00:20:49.724+0000] {logging_mixin.py:190} INFO - [2024-11-20T00:20:49.724+0000] {dag.py:3239} INFO - Sync 1 DAGs
[2024-11-20T00:20:49.742+0000] {logging_mixin.py:190} INFO - [2024-11-20T00:20:49.742+0000] {dag.py:4180} INFO - Setting next_dagrun for tutorial to 2024-11-19 00:00:00+00:00, run_after=2024-11-20 00:00:00+00:00
[2024-11-20T00:20:49.766+0000] {processor.py:208} INFO - Processing /home/ubuntu/airflow_venv/lib/python3.12/site-packages/airflow/example_dags/tutorial.py took 0.074 seconds
[2024-11-20T00:21:49.738+0000] {processor.py:186} INFO - Started process (PID=2386) to work on /home/ubuntu/airflow_venv/lib/python3.12/site-packages/airflow/example_dags/tutorial.py
[2024-11-20T00:21:49.740+0000] {processor.py:914} INFO - Processing file /home/ubuntu/airflow_venv/lib/python3.12/site-packages/airflow/example_dags/tutorial.py for tasks to queue
[2024-11-20T00:21:49.743+0000] {logging_mixin.py:190} INFO - [2024-11-20T00:21:49.742+0000] {dagbag.py:588} INFO - Filling up the DagBag from /home/ubuntu/airflow_venv/lib/python3.12/site-packages/airflow/example_dags/tutorial.py
[2024-11-20T00:21:49.751+0000] {processor.py:925} INFO - DAG(s) 'tutorial' retrieved from /home/ubuntu/airflow_venv/lib/python3.12/site-packages/airflow/example_dags/tutorial.py
[2024-11-20T00:21:49.766+0000] {logging_mixin.py:190} INFO - [2024-11-20T00:21:49.766+0000] {dag.py:3239} INFO - Sync 1 DAGs
[2024-11-20T00:21:49.783+0000] {logging_mixin.py:190} INFO - [2024-11-20T00:21:49.783+0000] {dag.py:4180} INFO - Setting next_dagrun for tutorial to 2024-11-19 00:00:00+00:00, run_after=2024-11-20 00:00:00+00:00
[2024-11-20T00:21:49.806+0000] {processor.py:208} INFO - Processing /home/ubuntu/airflow_venv/lib/python3.12/site-packages/airflow/example_dags/tutorial.py took 0.073 seconds
[2024-11-20T00:22:46.366+0000] {processor.py:186} INFO - Started process (PID=2445) to work on /home/ubuntu/airflow_venv/lib/python3.12/site-packages/airflow/example_dags/tutorial.py
[2024-11-20T00:22:46.368+0000] {processor.py:914} INFO - Processing file /home/ubuntu/airflow_venv/lib/python3.12/site-packages/airflow/example_dags/tutorial.py for tasks to queue
[2024-11-20T00:22:46.371+0000] {logging_mixin.py:190} INFO - [2024-11-20T00:22:46.371+0000] {dagbag.py:588} INFO - Filling up the DagBag from /home/ubuntu/airflow_venv/lib/python3.12/site-packages/airflow/example_dags/tutorial.py
[2024-11-20T00:22:46.379+0000] {processor.py:925} INFO - DAG(s) 'tutorial' retrieved from /home/ubuntu/airflow_venv/lib/python3.12/site-packages/airflow/example_dags/tutorial.py
[2024-11-20T00:22:46.394+0000] {logging_mixin.py:190} INFO - [2024-11-20T00:22:46.394+0000] {dag.py:3239} INFO - Sync 1 DAGs
[2024-11-20T00:22:46.411+0000] {logging_mixin.py:190} INFO - [2024-11-20T00:22:46.411+0000] {dag.py:4180} INFO - Setting next_dagrun for tutorial to 2024-11-19 00:00:00+00:00, run_after=2024-11-20 00:00:00+00:00
[2024-11-20T00:22:46.432+0000] {processor.py:208} INFO - Processing /home/ubuntu/airflow_venv/lib/python3.12/site-packages/airflow/example_dags/tutorial.py took 0.070 seconds
[2024-11-20T00:23:41.850+0000] {processor.py:186} INFO - Started process (PID=2501) to work on /home/ubuntu/airflow_venv/lib/python3.12/site-packages/airflow/example_dags/tutorial.py
[2024-11-20T00:23:41.851+0000] {processor.py:914} INFO - Processing file /home/ubuntu/airflow_venv/lib/python3.12/site-packages/airflow/example_dags/tutorial.py for tasks to queue
[2024-11-20T00:23:41.854+0000] {logging_mixin.py:190} INFO - [2024-11-20T00:23:41.854+0000] {dagbag.py:588} INFO - Filling up the DagBag from /home/ubuntu/airflow_venv/lib/python3.12/site-packages/airflow/example_dags/tutorial.py
[2024-11-20T00:23:41.862+0000] {processor.py:925} INFO - DAG(s) 'tutorial' retrieved from /home/ubuntu/airflow_venv/lib/python3.12/site-packages/airflow/example_dags/tutorial.py
[2024-11-20T00:23:41.877+0000] {logging_mixin.py:190} INFO - [2024-11-20T00:23:41.877+0000] {dag.py:3239} INFO - Sync 1 DAGs
[2024-11-20T00:23:41.896+0000] {logging_mixin.py:190} INFO - [2024-11-20T00:23:41.896+0000] {dag.py:4180} INFO - Setting next_dagrun for tutorial to 2024-11-19 00:00:00+00:00, run_after=2024-11-20 00:00:00+00:00
[2024-11-20T00:23:41.917+0000] {processor.py:208} INFO - Processing /home/ubuntu/airflow_venv/lib/python3.12/site-packages/airflow/example_dags/tutorial.py took 0.074 seconds
[2024-11-20T00:24:36.134+0000] {processor.py:186} INFO - Started process (PID=2557) to work on /home/ubuntu/airflow_venv/lib/python3.12/site-packages/airflow/example_dags/tutorial.py
[2024-11-20T00:24:36.135+0000] {processor.py:914} INFO - Processing file /home/ubuntu/airflow_venv/lib/python3.12/site-packages/airflow/example_dags/tutorial.py for tasks to queue
[2024-11-20T00:24:36.137+0000] {logging_mixin.py:190} INFO - [2024-11-20T00:24:36.137+0000] {dagbag.py:588} INFO - Filling up the DagBag from /home/ubuntu/airflow_venv/lib/python3.12/site-packages/airflow/example_dags/tutorial.py
[2024-11-20T00:24:36.146+0000] {processor.py:925} INFO - DAG(s) 'tutorial' retrieved from /home/ubuntu/airflow_venv/lib/python3.12/site-packages/airflow/example_dags/tutorial.py
[2024-11-20T00:24:36.161+0000] {logging_mixin.py:190} INFO - [2024-11-20T00:24:36.160+0000] {dag.py:3239} INFO - Sync 1 DAGs
[2024-11-20T00:24:36.180+0000] {logging_mixin.py:190} INFO - [2024-11-20T00:24:36.179+0000] {dag.py:4180} INFO - Setting next_dagrun for tutorial to 2024-11-19 00:00:00+00:00, run_after=2024-11-20 00:00:00+00:00
[2024-11-20T00:24:36.202+0000] {processor.py:208} INFO - Processing /home/ubuntu/airflow_venv/lib/python3.12/site-packages/airflow/example_dags/tutorial.py took 0.074 seconds
[2024-11-20T00:25:30.109+0000] {processor.py:186} INFO - Started process (PID=2615) to work on /home/ubuntu/airflow_venv/lib/python3.12/site-packages/airflow/example_dags/tutorial.py
[2024-11-20T00:25:30.111+0000] {processor.py:914} INFO - Processing file /home/ubuntu/airflow_venv/lib/python3.12/site-packages/airflow/example_dags/tutorial.py for tasks to queue
[2024-11-20T00:25:30.114+0000] {logging_mixin.py:190} INFO - [2024-11-20T00:25:30.114+0000] {dagbag.py:588} INFO - Filling up the DagBag from /home/ubuntu/airflow_venv/lib/python3.12/site-packages/airflow/example_dags/tutorial.py
[2024-11-20T00:25:30.121+0000] {processor.py:925} INFO - DAG(s) 'tutorial' retrieved from /home/ubuntu/airflow_venv/lib/python3.12/site-packages/airflow/example_dags/tutorial.py
[2024-11-20T00:25:30.137+0000] {logging_mixin.py:190} INFO - [2024-11-20T00:25:30.136+0000] {dag.py:3239} INFO - Sync 1 DAGs
[2024-11-20T00:25:30.155+0000] {logging_mixin.py:190} INFO - [2024-11-20T00:25:30.155+0000] {dag.py:4180} INFO - Setting next_dagrun for tutorial to 2024-11-19 00:00:00+00:00, run_after=2024-11-20 00:00:00+00:00
[2024-11-20T00:25:30.178+0000] {processor.py:208} INFO - Processing /home/ubuntu/airflow_venv/lib/python3.12/site-packages/airflow/example_dags/tutorial.py took 0.074 seconds
[2024-11-20T00:26:26.073+0000] {processor.py:186} INFO - Started process (PID=2674) to work on /home/ubuntu/airflow_venv/lib/python3.12/site-packages/airflow/example_dags/tutorial.py
[2024-11-20T00:26:26.075+0000] {processor.py:914} INFO - Processing file /home/ubuntu/airflow_venv/lib/python3.12/site-packages/airflow/example_dags/tutorial.py for tasks to queue
[2024-11-20T00:26:26.078+0000] {logging_mixin.py:190} INFO - [2024-11-20T00:26:26.077+0000] {dagbag.py:588} INFO - Filling up the DagBag from /home/ubuntu/airflow_venv/lib/python3.12/site-packages/airflow/example_dags/tutorial.py
[2024-11-20T00:26:26.085+0000] {processor.py:925} INFO - DAG(s) 'tutorial' retrieved from /home/ubuntu/airflow_venv/lib/python3.12/site-packages/airflow/example_dags/tutorial.py
[2024-11-20T00:26:26.100+0000] {logging_mixin.py:190} INFO - [2024-11-20T00:26:26.100+0000] {dag.py:3239} INFO - Sync 1 DAGs
[2024-11-20T00:26:26.119+0000] {logging_mixin.py:190} INFO - [2024-11-20T00:26:26.118+0000] {dag.py:4180} INFO - Setting next_dagrun for tutorial to 2024-11-19 00:00:00+00:00, run_after=2024-11-20 00:00:00+00:00
[2024-11-20T00:26:26.142+0000] {processor.py:208} INFO - Processing /home/ubuntu/airflow_venv/lib/python3.12/site-packages/airflow/example_dags/tutorial.py took 0.075 seconds
[2024-11-20T00:27:40.552+0000] {processor.py:186} INFO - Started process (PID=2770) to work on /home/ubuntu/airflow_venv/lib/python3.12/site-packages/airflow/example_dags/tutorial.py
[2024-11-20T00:27:40.554+0000] {processor.py:914} INFO - Processing file /home/ubuntu/airflow_venv/lib/python3.12/site-packages/airflow/example_dags/tutorial.py for tasks to queue
[2024-11-20T00:27:40.557+0000] {logging_mixin.py:190} INFO - [2024-11-20T00:27:40.556+0000] {dagbag.py:588} INFO - Filling up the DagBag from /home/ubuntu/airflow_venv/lib/python3.12/site-packages/airflow/example_dags/tutorial.py
[2024-11-20T00:27:40.565+0000] {processor.py:925} INFO - DAG(s) 'tutorial' retrieved from /home/ubuntu/airflow_venv/lib/python3.12/site-packages/airflow/example_dags/tutorial.py
[2024-11-20T00:27:40.580+0000] {logging_mixin.py:190} INFO - [2024-11-20T00:27:40.579+0000] {dag.py:3239} INFO - Sync 1 DAGs
[2024-11-20T00:27:40.599+0000] {logging_mixin.py:190} INFO - [2024-11-20T00:27:40.598+0000] {dag.py:4180} INFO - Setting next_dagrun for tutorial to 2024-11-19 00:00:00+00:00, run_after=2024-11-20 00:00:00+00:00
[2024-11-20T00:27:40.621+0000] {processor.py:208} INFO - Processing /home/ubuntu/airflow_venv/lib/python3.12/site-packages/airflow/example_dags/tutorial.py took 0.074 seconds
[2024-11-20T00:28:37.460+0000] {processor.py:186} INFO - Started process (PID=2892) to work on /home/ubuntu/airflow_venv/lib/python3.12/site-packages/airflow/example_dags/tutorial.py
[2024-11-20T00:28:37.462+0000] {processor.py:914} INFO - Processing file /home/ubuntu/airflow_venv/lib/python3.12/site-packages/airflow/example_dags/tutorial.py for tasks to queue
[2024-11-20T00:28:37.465+0000] {logging_mixin.py:190} INFO - [2024-11-20T00:28:37.464+0000] {dagbag.py:588} INFO - Filling up the DagBag from /home/ubuntu/airflow_venv/lib/python3.12/site-packages/airflow/example_dags/tutorial.py
[2024-11-20T00:28:37.472+0000] {processor.py:925} INFO - DAG(s) 'tutorial' retrieved from /home/ubuntu/airflow_venv/lib/python3.12/site-packages/airflow/example_dags/tutorial.py
[2024-11-20T00:28:37.488+0000] {logging_mixin.py:190} INFO - [2024-11-20T00:28:37.488+0000] {dag.py:3239} INFO - Sync 1 DAGs
[2024-11-20T00:28:37.510+0000] {logging_mixin.py:190} INFO - [2024-11-20T00:28:37.510+0000] {dag.py:4180} INFO - Setting next_dagrun for tutorial to 2024-11-19 00:00:00+00:00, run_after=2024-11-20 00:00:00+00:00
[2024-11-20T00:28:37.530+0000] {processor.py:208} INFO - Processing /home/ubuntu/airflow_venv/lib/python3.12/site-packages/airflow/example_dags/tutorial.py took 0.075 seconds
[2024-11-20T00:29:42.727+0000] {processor.py:186} INFO - Started process (PID=3022) to work on /home/ubuntu/airflow_venv/lib/python3.12/site-packages/airflow/example_dags/tutorial.py
[2024-11-20T00:29:42.729+0000] {processor.py:914} INFO - Processing file /home/ubuntu/airflow_venv/lib/python3.12/site-packages/airflow/example_dags/tutorial.py for tasks to queue
[2024-11-20T00:29:42.730+0000] {logging_mixin.py:190} INFO - [2024-11-20T00:29:42.730+0000] {dagbag.py:588} INFO - Filling up the DagBag from /home/ubuntu/airflow_venv/lib/python3.12/site-packages/airflow/example_dags/tutorial.py
[2024-11-20T00:29:42.739+0000] {processor.py:925} INFO - DAG(s) 'tutorial' retrieved from /home/ubuntu/airflow_venv/lib/python3.12/site-packages/airflow/example_dags/tutorial.py
[2024-11-20T00:29:42.755+0000] {logging_mixin.py:190} INFO - [2024-11-20T00:29:42.755+0000] {dag.py:3239} INFO - Sync 1 DAGs
[2024-11-20T00:29:42.774+0000] {logging_mixin.py:190} INFO - [2024-11-20T00:29:42.774+0000] {dag.py:4180} INFO - Setting next_dagrun for tutorial to 2024-11-19 00:00:00+00:00, run_after=2024-11-20 00:00:00+00:00
[2024-11-20T00:29:42.798+0000] {processor.py:208} INFO - Processing /home/ubuntu/airflow_venv/lib/python3.12/site-packages/airflow/example_dags/tutorial.py took 0.076 seconds
[2024-11-20T00:30:39.147+0000] {processor.py:186} INFO - Started process (PID=3084) to work on /home/ubuntu/airflow_venv/lib/python3.12/site-packages/airflow/example_dags/tutorial.py
[2024-11-20T00:30:39.149+0000] {processor.py:914} INFO - Processing file /home/ubuntu/airflow_venv/lib/python3.12/site-packages/airflow/example_dags/tutorial.py for tasks to queue
[2024-11-20T00:30:39.150+0000] {logging_mixin.py:190} INFO - [2024-11-20T00:30:39.150+0000] {dagbag.py:588} INFO - Filling up the DagBag from /home/ubuntu/airflow_venv/lib/python3.12/site-packages/airflow/example_dags/tutorial.py
[2024-11-20T00:30:39.159+0000] {processor.py:925} INFO - DAG(s) 'tutorial' retrieved from /home/ubuntu/airflow_venv/lib/python3.12/site-packages/airflow/example_dags/tutorial.py
[2024-11-20T00:30:39.175+0000] {logging_mixin.py:190} INFO - [2024-11-20T00:30:39.174+0000] {dag.py:3239} INFO - Sync 1 DAGs
[2024-11-20T00:30:39.193+0000] {logging_mixin.py:190} INFO - [2024-11-20T00:30:39.193+0000] {dag.py:4180} INFO - Setting next_dagrun for tutorial to 2024-11-19 00:00:00+00:00, run_after=2024-11-20 00:00:00+00:00
[2024-11-20T00:30:39.214+0000] {processor.py:208} INFO - Processing /home/ubuntu/airflow_venv/lib/python3.12/site-packages/airflow/example_dags/tutorial.py took 0.073 seconds
[2024-11-20T00:31:35.920+0000] {processor.py:186} INFO - Started process (PID=3279) to work on /home/ubuntu/airflow_venv/lib/python3.12/site-packages/airflow/example_dags/tutorial.py
[2024-11-20T00:31:35.921+0000] {processor.py:914} INFO - Processing file /home/ubuntu/airflow_venv/lib/python3.12/site-packages/airflow/example_dags/tutorial.py for tasks to queue
[2024-11-20T00:31:35.922+0000] {logging_mixin.py:190} INFO - [2024-11-20T00:31:35.922+0000] {dagbag.py:588} INFO - Filling up the DagBag from /home/ubuntu/airflow_venv/lib/python3.12/site-packages/airflow/example_dags/tutorial.py
[2024-11-20T00:31:35.932+0000] {processor.py:925} INFO - DAG(s) 'tutorial' retrieved from /home/ubuntu/airflow_venv/lib/python3.12/site-packages/airflow/example_dags/tutorial.py
[2024-11-20T00:31:35.947+0000] {logging_mixin.py:190} INFO - [2024-11-20T00:31:35.947+0000] {dag.py:3239} INFO - Sync 1 DAGs
[2024-11-20T00:31:35.965+0000] {logging_mixin.py:190} INFO - [2024-11-20T00:31:35.965+0000] {dag.py:4180} INFO - Setting next_dagrun for tutorial to 2024-11-19 00:00:00+00:00, run_after=2024-11-20 00:00:00+00:00
[2024-11-20T00:31:35.988+0000] {processor.py:208} INFO - Processing /home/ubuntu/airflow_venv/lib/python3.12/site-packages/airflow/example_dags/tutorial.py took 0.073 seconds
[2024-11-20T00:32:28.483+0000] {processor.py:186} INFO - Started process (PID=3336) to work on /home/ubuntu/airflow_venv/lib/python3.12/site-packages/airflow/example_dags/tutorial.py
[2024-11-20T00:32:28.485+0000] {processor.py:914} INFO - Processing file /home/ubuntu/airflow_venv/lib/python3.12/site-packages/airflow/example_dags/tutorial.py for tasks to queue
[2024-11-20T00:32:28.486+0000] {logging_mixin.py:190} INFO - [2024-11-20T00:32:28.485+0000] {dagbag.py:588} INFO - Filling up the DagBag from /home/ubuntu/airflow_venv/lib/python3.12/site-packages/airflow/example_dags/tutorial.py
[2024-11-20T00:32:28.495+0000] {processor.py:925} INFO - DAG(s) 'tutorial' retrieved from /home/ubuntu/airflow_venv/lib/python3.12/site-packages/airflow/example_dags/tutorial.py
[2024-11-20T00:32:28.509+0000] {logging_mixin.py:190} INFO - [2024-11-20T00:32:28.509+0000] {dag.py:3239} INFO - Sync 1 DAGs
[2024-11-20T00:32:28.528+0000] {logging_mixin.py:190} INFO - [2024-11-20T00:32:28.528+0000] {dag.py:4180} INFO - Setting next_dagrun for tutorial to 2024-11-19 00:00:00+00:00, run_after=2024-11-20 00:00:00+00:00
[2024-11-20T00:32:28.550+0000] {processor.py:208} INFO - Processing /home/ubuntu/airflow_venv/lib/python3.12/site-packages/airflow/example_dags/tutorial.py took 0.072 seconds
[2024-11-20T00:33:22.443+0000] {processor.py:186} INFO - Started process (PID=3903) to work on /home/ubuntu/airflow_venv/lib/python3.12/site-packages/airflow/example_dags/tutorial.py
[2024-11-20T00:33:22.447+0000] {processor.py:914} INFO - Processing file /home/ubuntu/airflow_venv/lib/python3.12/site-packages/airflow/example_dags/tutorial.py for tasks to queue
[2024-11-20T00:33:22.448+0000] {logging_mixin.py:190} INFO - [2024-11-20T00:33:22.448+0000] {dagbag.py:588} INFO - Filling up the DagBag from /home/ubuntu/airflow_venv/lib/python3.12/site-packages/airflow/example_dags/tutorial.py
[2024-11-20T00:33:22.467+0000] {processor.py:925} INFO - DAG(s) 'tutorial' retrieved from /home/ubuntu/airflow_venv/lib/python3.12/site-packages/airflow/example_dags/tutorial.py
[2024-11-20T00:33:22.502+0000] {logging_mixin.py:190} INFO - [2024-11-20T00:33:22.501+0000] {dag.py:3239} INFO - Sync 1 DAGs
[2024-11-20T00:33:22.540+0000] {logging_mixin.py:190} INFO - [2024-11-20T00:33:22.540+0000] {dag.py:4180} INFO - Setting next_dagrun for tutorial to 2024-11-19 00:00:00+00:00, run_after=2024-11-20 00:00:00+00:00
[2024-11-20T00:33:22.611+0000] {processor.py:208} INFO - Processing /home/ubuntu/airflow_venv/lib/python3.12/site-packages/airflow/example_dags/tutorial.py took 0.180 seconds
[2024-11-20T00:34:26.673+0000] {processor.py:186} INFO - Started process (PID=4036) to work on /home/ubuntu/airflow_venv/lib/python3.12/site-packages/airflow/example_dags/tutorial.py
[2024-11-20T00:34:26.676+0000] {processor.py:914} INFO - Processing file /home/ubuntu/airflow_venv/lib/python3.12/site-packages/airflow/example_dags/tutorial.py for tasks to queue
[2024-11-20T00:34:26.677+0000] {logging_mixin.py:190} INFO - [2024-11-20T00:34:26.677+0000] {dagbag.py:588} INFO - Filling up the DagBag from /home/ubuntu/airflow_venv/lib/python3.12/site-packages/airflow/example_dags/tutorial.py
[2024-11-20T00:34:26.686+0000] {processor.py:925} INFO - DAG(s) 'tutorial' retrieved from /home/ubuntu/airflow_venv/lib/python3.12/site-packages/airflow/example_dags/tutorial.py
[2024-11-20T00:34:26.702+0000] {logging_mixin.py:190} INFO - [2024-11-20T00:34:26.702+0000] {dag.py:3239} INFO - Sync 1 DAGs
[2024-11-20T00:34:26.719+0000] {logging_mixin.py:190} INFO - [2024-11-20T00:34:26.719+0000] {dag.py:4180} INFO - Setting next_dagrun for tutorial to 2024-11-19 00:00:00+00:00, run_after=2024-11-20 00:00:00+00:00
[2024-11-20T00:34:26.743+0000] {processor.py:208} INFO - Processing /home/ubuntu/airflow_venv/lib/python3.12/site-packages/airflow/example_dags/tutorial.py took 0.076 seconds
[2024-11-20T00:35:24.637+0000] {processor.py:186} INFO - Started process (PID=4121) to work on /home/ubuntu/airflow_venv/lib/python3.12/site-packages/airflow/example_dags/tutorial.py
[2024-11-20T00:35:24.639+0000] {processor.py:914} INFO - Processing file /home/ubuntu/airflow_venv/lib/python3.12/site-packages/airflow/example_dags/tutorial.py for tasks to queue
[2024-11-20T00:35:24.641+0000] {logging_mixin.py:190} INFO - [2024-11-20T00:35:24.640+0000] {dagbag.py:588} INFO - Filling up the DagBag from /home/ubuntu/airflow_venv/lib/python3.12/site-packages/airflow/example_dags/tutorial.py
[2024-11-20T00:35:24.649+0000] {processor.py:925} INFO - DAG(s) 'tutorial' retrieved from /home/ubuntu/airflow_venv/lib/python3.12/site-packages/airflow/example_dags/tutorial.py
[2024-11-20T00:35:24.664+0000] {logging_mixin.py:190} INFO - [2024-11-20T00:35:24.664+0000] {dag.py:3239} INFO - Sync 1 DAGs
[2024-11-20T00:35:24.682+0000] {logging_mixin.py:190} INFO - [2024-11-20T00:35:24.682+0000] {dag.py:4180} INFO - Setting next_dagrun for tutorial to 2024-11-19 00:00:00+00:00, run_after=2024-11-20 00:00:00+00:00
[2024-11-20T00:35:24.703+0000] {processor.py:208} INFO - Processing /home/ubuntu/airflow_venv/lib/python3.12/site-packages/airflow/example_dags/tutorial.py took 0.073 seconds
[2024-11-20T00:36:20.080+0000] {processor.py:186} INFO - Started process (PID=4179) to work on /home/ubuntu/airflow_venv/lib/python3.12/site-packages/airflow/example_dags/tutorial.py
[2024-11-20T00:36:20.081+0000] {processor.py:914} INFO - Processing file /home/ubuntu/airflow_venv/lib/python3.12/site-packages/airflow/example_dags/tutorial.py for tasks to queue
[2024-11-20T00:36:20.083+0000] {logging_mixin.py:190} INFO - [2024-11-20T00:36:20.082+0000] {dagbag.py:588} INFO - Filling up the DagBag from /home/ubuntu/airflow_venv/lib/python3.12/site-packages/airflow/example_dags/tutorial.py
[2024-11-20T00:36:20.092+0000] {processor.py:925} INFO - DAG(s) 'tutorial' retrieved from /home/ubuntu/airflow_venv/lib/python3.12/site-packages/airflow/example_dags/tutorial.py
[2024-11-20T00:36:20.107+0000] {logging_mixin.py:190} INFO - [2024-11-20T00:36:20.107+0000] {dag.py:3239} INFO - Sync 1 DAGs
[2024-11-20T00:36:20.127+0000] {logging_mixin.py:190} INFO - [2024-11-20T00:36:20.127+0000] {dag.py:4180} INFO - Setting next_dagrun for tutorial to 2024-11-19 00:00:00+00:00, run_after=2024-11-20 00:00:00+00:00
[2024-11-20T00:36:20.149+0000] {processor.py:208} INFO - Processing /home/ubuntu/airflow_venv/lib/python3.12/site-packages/airflow/example_dags/tutorial.py took 0.077 seconds
[2024-11-20T00:37:12.345+0000] {processor.py:186} INFO - Started process (PID=4234) to work on /home/ubuntu/airflow_venv/lib/python3.12/site-packages/airflow/example_dags/tutorial.py
[2024-11-20T00:37:12.347+0000] {processor.py:914} INFO - Processing file /home/ubuntu/airflow_venv/lib/python3.12/site-packages/airflow/example_dags/tutorial.py for tasks to queue
[2024-11-20T00:37:12.348+0000] {logging_mixin.py:190} INFO - [2024-11-20T00:37:12.348+0000] {dagbag.py:588} INFO - Filling up the DagBag from /home/ubuntu/airflow_venv/lib/python3.12/site-packages/airflow/example_dags/tutorial.py
[2024-11-20T00:37:12.358+0000] {processor.py:925} INFO - DAG(s) 'tutorial' retrieved from /home/ubuntu/airflow_venv/lib/python3.12/site-packages/airflow/example_dags/tutorial.py
[2024-11-20T00:37:12.372+0000] {logging_mixin.py:190} INFO - [2024-11-20T00:37:12.372+0000] {dag.py:3239} INFO - Sync 1 DAGs
[2024-11-20T00:37:12.392+0000] {logging_mixin.py:190} INFO - [2024-11-20T00:37:12.392+0000] {dag.py:4180} INFO - Setting next_dagrun for tutorial to 2024-11-19 00:00:00+00:00, run_after=2024-11-20 00:00:00+00:00
[2024-11-20T00:37:12.413+0000] {processor.py:208} INFO - Processing /home/ubuntu/airflow_venv/lib/python3.12/site-packages/airflow/example_dags/tutorial.py took 0.075 seconds
[2024-11-20T00:38:09.400+0000] {processor.py:186} INFO - Started process (PID=4319) to work on /home/ubuntu/airflow_venv/lib/python3.12/site-packages/airflow/example_dags/tutorial.py
[2024-11-20T00:38:09.401+0000] {processor.py:914} INFO - Processing file /home/ubuntu/airflow_venv/lib/python3.12/site-packages/airflow/example_dags/tutorial.py for tasks to queue
[2024-11-20T00:38:09.403+0000] {logging_mixin.py:190} INFO - [2024-11-20T00:38:09.402+0000] {dagbag.py:588} INFO - Filling up the DagBag from /home/ubuntu/airflow_venv/lib/python3.12/site-packages/airflow/example_dags/tutorial.py
[2024-11-20T00:38:09.411+0000] {processor.py:925} INFO - DAG(s) 'tutorial' retrieved from /home/ubuntu/airflow_venv/lib/python3.12/site-packages/airflow/example_dags/tutorial.py
[2024-11-20T00:38:09.427+0000] {logging_mixin.py:190} INFO - [2024-11-20T00:38:09.427+0000] {dag.py:3239} INFO - Sync 1 DAGs
[2024-11-20T00:38:09.444+0000] {logging_mixin.py:190} INFO - [2024-11-20T00:38:09.444+0000] {dag.py:4180} INFO - Setting next_dagrun for tutorial to 2024-11-19 00:00:00+00:00, run_after=2024-11-20 00:00:00+00:00
[2024-11-20T00:38:09.466+0000] {processor.py:208} INFO - Processing /home/ubuntu/airflow_venv/lib/python3.12/site-packages/airflow/example_dags/tutorial.py took 0.073 seconds
[2024-11-20T00:39:05.162+0000] {processor.py:186} INFO - Started process (PID=4377) to work on /home/ubuntu/airflow_venv/lib/python3.12/site-packages/airflow/example_dags/tutorial.py
[2024-11-20T00:39:05.165+0000] {processor.py:914} INFO - Processing file /home/ubuntu/airflow_venv/lib/python3.12/site-packages/airflow/example_dags/tutorial.py for tasks to queue
[2024-11-20T00:39:05.166+0000] {logging_mixin.py:190} INFO - [2024-11-20T00:39:05.165+0000] {dagbag.py:588} INFO - Filling up the DagBag from /home/ubuntu/airflow_venv/lib/python3.12/site-packages/airflow/example_dags/tutorial.py
[2024-11-20T00:39:05.175+0000] {processor.py:925} INFO - DAG(s) 'tutorial' retrieved from /home/ubuntu/airflow_venv/lib/python3.12/site-packages/airflow/example_dags/tutorial.py
[2024-11-20T00:39:05.189+0000] {logging_mixin.py:190} INFO - [2024-11-20T00:39:05.189+0000] {dag.py:3239} INFO - Sync 1 DAGs
[2024-11-20T00:39:05.208+0000] {logging_mixin.py:190} INFO - [2024-11-20T00:39:05.208+0000] {dag.py:4180} INFO - Setting next_dagrun for tutorial to 2024-11-19 00:00:00+00:00, run_after=2024-11-20 00:00:00+00:00
[2024-11-20T00:39:05.230+0000] {processor.py:208} INFO - Processing /home/ubuntu/airflow_venv/lib/python3.12/site-packages/airflow/example_dags/tutorial.py took 0.075 seconds
[2024-11-20T00:40:08.539+0000] {processor.py:186} INFO - Started process (PID=4473) to work on /home/ubuntu/airflow_venv/lib/python3.12/site-packages/airflow/example_dags/tutorial.py
[2024-11-20T00:40:08.541+0000] {processor.py:914} INFO - Processing file /home/ubuntu/airflow_venv/lib/python3.12/site-packages/airflow/example_dags/tutorial.py for tasks to queue
[2024-11-20T00:40:08.542+0000] {logging_mixin.py:190} INFO - [2024-11-20T00:40:08.542+0000] {dagbag.py:588} INFO - Filling up the DagBag from /home/ubuntu/airflow_venv/lib/python3.12/site-packages/airflow/example_dags/tutorial.py
[2024-11-20T00:40:08.550+0000] {processor.py:925} INFO - DAG(s) 'tutorial' retrieved from /home/ubuntu/airflow_venv/lib/python3.12/site-packages/airflow/example_dags/tutorial.py
[2024-11-20T00:40:08.566+0000] {logging_mixin.py:190} INFO - [2024-11-20T00:40:08.566+0000] {dag.py:3239} INFO - Sync 1 DAGs
[2024-11-20T00:40:08.585+0000] {logging_mixin.py:190} INFO - [2024-11-20T00:40:08.585+0000] {dag.py:4180} INFO - Setting next_dagrun for tutorial to 2024-11-19 00:00:00+00:00, run_after=2024-11-20 00:00:00+00:00
[2024-11-20T00:40:08.607+0000] {processor.py:208} INFO - Processing /home/ubuntu/airflow_venv/lib/python3.12/site-packages/airflow/example_dags/tutorial.py took 0.076 seconds
[2024-11-20T00:41:06.338+0000] {processor.py:186} INFO - Started process (PID=4534) to work on /home/ubuntu/airflow_venv/lib/python3.12/site-packages/airflow/example_dags/tutorial.py
[2024-11-20T00:41:06.340+0000] {processor.py:914} INFO - Processing file /home/ubuntu/airflow_venv/lib/python3.12/site-packages/airflow/example_dags/tutorial.py for tasks to queue
[2024-11-20T00:41:06.341+0000] {logging_mixin.py:190} INFO - [2024-11-20T00:41:06.340+0000] {dagbag.py:588} INFO - Filling up the DagBag from /home/ubuntu/airflow_venv/lib/python3.12/site-packages/airflow/example_dags/tutorial.py
[2024-11-20T00:41:06.349+0000] {processor.py:925} INFO - DAG(s) 'tutorial' retrieved from /home/ubuntu/airflow_venv/lib/python3.12/site-packages/airflow/example_dags/tutorial.py
[2024-11-20T00:41:06.364+0000] {logging_mixin.py:190} INFO - [2024-11-20T00:41:06.364+0000] {dag.py:3239} INFO - Sync 1 DAGs
[2024-11-20T00:41:06.383+0000] {logging_mixin.py:190} INFO - [2024-11-20T00:41:06.382+0000] {dag.py:4180} INFO - Setting next_dagrun for tutorial to 2024-11-19 00:00:00+00:00, run_after=2024-11-20 00:00:00+00:00
[2024-11-20T00:41:06.404+0000] {processor.py:208} INFO - Processing /home/ubuntu/airflow_venv/lib/python3.12/site-packages/airflow/example_dags/tutorial.py took 0.074 seconds
[2024-11-20T00:41:57.827+0000] {processor.py:186} INFO - Started process (PID=4589) to work on /home/ubuntu/airflow_venv/lib/python3.12/site-packages/airflow/example_dags/tutorial.py
[2024-11-20T00:41:57.829+0000] {processor.py:914} INFO - Processing file /home/ubuntu/airflow_venv/lib/python3.12/site-packages/airflow/example_dags/tutorial.py for tasks to queue
[2024-11-20T00:41:57.830+0000] {logging_mixin.py:190} INFO - [2024-11-20T00:41:57.830+0000] {dagbag.py:588} INFO - Filling up the DagBag from /home/ubuntu/airflow_venv/lib/python3.12/site-packages/airflow/example_dags/tutorial.py
[2024-11-20T00:41:57.838+0000] {processor.py:925} INFO - DAG(s) 'tutorial' retrieved from /home/ubuntu/airflow_venv/lib/python3.12/site-packages/airflow/example_dags/tutorial.py
[2024-11-20T00:41:57.853+0000] {logging_mixin.py:190} INFO - [2024-11-20T00:41:57.853+0000] {dag.py:3239} INFO - Sync 1 DAGs
[2024-11-20T00:41:57.871+0000] {logging_mixin.py:190} INFO - [2024-11-20T00:41:57.870+0000] {dag.py:4180} INFO - Setting next_dagrun for tutorial to 2024-11-19 00:00:00+00:00, run_after=2024-11-20 00:00:00+00:00
[2024-11-20T00:41:57.890+0000] {processor.py:208} INFO - Processing /home/ubuntu/airflow_venv/lib/python3.12/site-packages/airflow/example_dags/tutorial.py took 0.071 seconds
[2024-11-20T00:42:51.472+0000] {processor.py:186} INFO - Started process (PID=4644) to work on /home/ubuntu/airflow_venv/lib/python3.12/site-packages/airflow/example_dags/tutorial.py
[2024-11-20T00:42:51.474+0000] {processor.py:914} INFO - Processing file /home/ubuntu/airflow_venv/lib/python3.12/site-packages/airflow/example_dags/tutorial.py for tasks to queue
[2024-11-20T00:42:51.475+0000] {logging_mixin.py:190} INFO - [2024-11-20T00:42:51.475+0000] {dagbag.py:588} INFO - Filling up the DagBag from /home/ubuntu/airflow_venv/lib/python3.12/site-packages/airflow/example_dags/tutorial.py
[2024-11-20T00:42:51.484+0000] {processor.py:925} INFO - DAG(s) 'tutorial' retrieved from /home/ubuntu/airflow_venv/lib/python3.12/site-packages/airflow/example_dags/tutorial.py
[2024-11-20T00:42:51.500+0000] {logging_mixin.py:190} INFO - [2024-11-20T00:42:51.500+0000] {dag.py:3239} INFO - Sync 1 DAGs
[2024-11-20T00:42:51.518+0000] {logging_mixin.py:190} INFO - [2024-11-20T00:42:51.518+0000] {dag.py:4180} INFO - Setting next_dagrun for tutorial to 2024-11-19 00:00:00+00:00, run_after=2024-11-20 00:00:00+00:00
[2024-11-20T00:42:51.542+0000] {processor.py:208} INFO - Processing /home/ubuntu/airflow_venv/lib/python3.12/site-packages/airflow/example_dags/tutorial.py took 0.077 seconds
[2024-11-20T00:43:48.418+0000] {processor.py:186} INFO - Started process (PID=4703) to work on /home/ubuntu/airflow_venv/lib/python3.12/site-packages/airflow/example_dags/tutorial.py
[2024-11-20T00:43:48.419+0000] {processor.py:914} INFO - Processing file /home/ubuntu/airflow_venv/lib/python3.12/site-packages/airflow/example_dags/tutorial.py for tasks to queue
[2024-11-20T00:43:48.421+0000] {logging_mixin.py:190} INFO - [2024-11-20T00:43:48.421+0000] {dagbag.py:588} INFO - Filling up the DagBag from /home/ubuntu/airflow_venv/lib/python3.12/site-packages/airflow/example_dags/tutorial.py
[2024-11-20T00:43:48.429+0000] {processor.py:925} INFO - DAG(s) 'tutorial' retrieved from /home/ubuntu/airflow_venv/lib/python3.12/site-packages/airflow/example_dags/tutorial.py
[2024-11-20T00:43:48.444+0000] {logging_mixin.py:190} INFO - [2024-11-20T00:43:48.444+0000] {dag.py:3239} INFO - Sync 1 DAGs
[2024-11-20T00:43:48.462+0000] {logging_mixin.py:190} INFO - [2024-11-20T00:43:48.462+0000] {dag.py:4180} INFO - Setting next_dagrun for tutorial to 2024-11-19 00:00:00+00:00, run_after=2024-11-20 00:00:00+00:00
[2024-11-20T00:43:48.485+0000] {processor.py:208} INFO - Processing /home/ubuntu/airflow_venv/lib/python3.12/site-packages/airflow/example_dags/tutorial.py took 0.075 seconds
[2024-11-20T00:44:41.751+0000] {processor.py:186} INFO - Started process (PID=4758) to work on /home/ubuntu/airflow_venv/lib/python3.12/site-packages/airflow/example_dags/tutorial.py
[2024-11-20T00:44:41.753+0000] {processor.py:914} INFO - Processing file /home/ubuntu/airflow_venv/lib/python3.12/site-packages/airflow/example_dags/tutorial.py for tasks to queue
[2024-11-20T00:44:41.754+0000] {logging_mixin.py:190} INFO - [2024-11-20T00:44:41.754+0000] {dagbag.py:588} INFO - Filling up the DagBag from /home/ubuntu/airflow_venv/lib/python3.12/site-packages/airflow/example_dags/tutorial.py
[2024-11-20T00:44:41.763+0000] {processor.py:925} INFO - DAG(s) 'tutorial' retrieved from /home/ubuntu/airflow_venv/lib/python3.12/site-packages/airflow/example_dags/tutorial.py
[2024-11-20T00:44:41.778+0000] {logging_mixin.py:190} INFO - [2024-11-20T00:44:41.778+0000] {dag.py:3239} INFO - Sync 1 DAGs
[2024-11-20T00:44:41.798+0000] {logging_mixin.py:190} INFO - [2024-11-20T00:44:41.797+0000] {dag.py:4180} INFO - Setting next_dagrun for tutorial to 2024-11-19 00:00:00+00:00, run_after=2024-11-20 00:00:00+00:00
[2024-11-20T00:44:41.820+0000] {processor.py:208} INFO - Processing /home/ubuntu/airflow_venv/lib/python3.12/site-packages/airflow/example_dags/tutorial.py took 0.076 seconds
[2024-11-20T00:45:37.750+0000] {processor.py:186} INFO - Started process (PID=4818) to work on /home/ubuntu/airflow_venv/lib/python3.12/site-packages/airflow/example_dags/tutorial.py
[2024-11-20T00:45:37.752+0000] {processor.py:914} INFO - Processing file /home/ubuntu/airflow_venv/lib/python3.12/site-packages/airflow/example_dags/tutorial.py for tasks to queue
[2024-11-20T00:45:37.753+0000] {logging_mixin.py:190} INFO - [2024-11-20T00:45:37.752+0000] {dagbag.py:588} INFO - Filling up the DagBag from /home/ubuntu/airflow_venv/lib/python3.12/site-packages/airflow/example_dags/tutorial.py
[2024-11-20T00:45:37.761+0000] {processor.py:925} INFO - DAG(s) 'tutorial' retrieved from /home/ubuntu/airflow_venv/lib/python3.12/site-packages/airflow/example_dags/tutorial.py
[2024-11-20T00:45:37.776+0000] {logging_mixin.py:190} INFO - [2024-11-20T00:45:37.775+0000] {dag.py:3239} INFO - Sync 1 DAGs
[2024-11-20T00:45:37.794+0000] {logging_mixin.py:190} INFO - [2024-11-20T00:45:37.794+0000] {dag.py:4180} INFO - Setting next_dagrun for tutorial to 2024-11-19 00:00:00+00:00, run_after=2024-11-20 00:00:00+00:00
[2024-11-20T00:45:37.817+0000] {processor.py:208} INFO - Processing /home/ubuntu/airflow_venv/lib/python3.12/site-packages/airflow/example_dags/tutorial.py took 0.074 seconds
[2024-11-20T00:46:31.899+0000] {processor.py:186} INFO - Started process (PID=4875) to work on /home/ubuntu/airflow_venv/lib/python3.12/site-packages/airflow/example_dags/tutorial.py
[2024-11-20T00:46:31.901+0000] {processor.py:914} INFO - Processing file /home/ubuntu/airflow_venv/lib/python3.12/site-packages/airflow/example_dags/tutorial.py for tasks to queue
[2024-11-20T00:46:31.902+0000] {logging_mixin.py:190} INFO - [2024-11-20T00:46:31.902+0000] {dagbag.py:588} INFO - Filling up the DagBag from /home/ubuntu/airflow_venv/lib/python3.12/site-packages/airflow/example_dags/tutorial.py
[2024-11-20T00:46:31.911+0000] {processor.py:925} INFO - DAG(s) 'tutorial' retrieved from /home/ubuntu/airflow_venv/lib/python3.12/site-packages/airflow/example_dags/tutorial.py
[2024-11-20T00:46:31.925+0000] {logging_mixin.py:190} INFO - [2024-11-20T00:46:31.925+0000] {dag.py:3239} INFO - Sync 1 DAGs
[2024-11-20T00:46:31.943+0000] {logging_mixin.py:190} INFO - [2024-11-20T00:46:31.943+0000] {dag.py:4180} INFO - Setting next_dagrun for tutorial to 2024-11-19 00:00:00+00:00, run_after=2024-11-20 00:00:00+00:00
[2024-11-20T00:46:31.966+0000] {processor.py:208} INFO - Processing /home/ubuntu/airflow_venv/lib/python3.12/site-packages/airflow/example_dags/tutorial.py took 0.075 seconds
[2024-11-20T00:47:23.908+0000] {processor.py:186} INFO - Started process (PID=4929) to work on /home/ubuntu/airflow_venv/lib/python3.12/site-packages/airflow/example_dags/tutorial.py
[2024-11-20T00:47:23.910+0000] {processor.py:914} INFO - Processing file /home/ubuntu/airflow_venv/lib/python3.12/site-packages/airflow/example_dags/tutorial.py for tasks to queue
[2024-11-20T00:47:23.910+0000] {logging_mixin.py:190} INFO - [2024-11-20T00:47:23.910+0000] {dagbag.py:588} INFO - Filling up the DagBag from /home/ubuntu/airflow_venv/lib/python3.12/site-packages/airflow/example_dags/tutorial.py
[2024-11-20T00:47:23.918+0000] {processor.py:925} INFO - DAG(s) 'tutorial' retrieved from /home/ubuntu/airflow_venv/lib/python3.12/site-packages/airflow/example_dags/tutorial.py
[2024-11-20T00:47:23.934+0000] {logging_mixin.py:190} INFO - [2024-11-20T00:47:23.934+0000] {dag.py:3239} INFO - Sync 1 DAGs
[2024-11-20T00:47:23.951+0000] {logging_mixin.py:190} INFO - [2024-11-20T00:47:23.951+0000] {dag.py:4180} INFO - Setting next_dagrun for tutorial to 2024-11-19 00:00:00+00:00, run_after=2024-11-20 00:00:00+00:00
[2024-11-20T00:47:23.973+0000] {processor.py:208} INFO - Processing /home/ubuntu/airflow_venv/lib/python3.12/site-packages/airflow/example_dags/tutorial.py took 0.073 seconds
[2024-11-20T00:48:15.857+0000] {processor.py:186} INFO - Started process (PID=4983) to work on /home/ubuntu/airflow_venv/lib/python3.12/site-packages/airflow/example_dags/tutorial.py
[2024-11-20T00:48:15.859+0000] {processor.py:914} INFO - Processing file /home/ubuntu/airflow_venv/lib/python3.12/site-packages/airflow/example_dags/tutorial.py for tasks to queue
[2024-11-20T00:48:15.860+0000] {logging_mixin.py:190} INFO - [2024-11-20T00:48:15.859+0000] {dagbag.py:588} INFO - Filling up the DagBag from /home/ubuntu/airflow_venv/lib/python3.12/site-packages/airflow/example_dags/tutorial.py
[2024-11-20T00:48:15.868+0000] {processor.py:925} INFO - DAG(s) 'tutorial' retrieved from /home/ubuntu/airflow_venv/lib/python3.12/site-packages/airflow/example_dags/tutorial.py
[2024-11-20T00:48:15.883+0000] {logging_mixin.py:190} INFO - [2024-11-20T00:48:15.883+0000] {dag.py:3239} INFO - Sync 1 DAGs
[2024-11-20T00:48:15.902+0000] {logging_mixin.py:190} INFO - [2024-11-20T00:48:15.902+0000] {dag.py:4180} INFO - Setting next_dagrun for tutorial to 2024-11-19 00:00:00+00:00, run_after=2024-11-20 00:00:00+00:00
[2024-11-20T00:48:15.923+0000] {processor.py:208} INFO - Processing /home/ubuntu/airflow_venv/lib/python3.12/site-packages/airflow/example_dags/tutorial.py took 0.074 seconds
[2024-11-20T00:49:09.815+0000] {processor.py:186} INFO - Started process (PID=5040) to work on /home/ubuntu/airflow_venv/lib/python3.12/site-packages/airflow/example_dags/tutorial.py
[2024-11-20T00:49:09.817+0000] {processor.py:914} INFO - Processing file /home/ubuntu/airflow_venv/lib/python3.12/site-packages/airflow/example_dags/tutorial.py for tasks to queue
[2024-11-20T00:49:09.818+0000] {logging_mixin.py:190} INFO - [2024-11-20T00:49:09.818+0000] {dagbag.py:588} INFO - Filling up the DagBag from /home/ubuntu/airflow_venv/lib/python3.12/site-packages/airflow/example_dags/tutorial.py
[2024-11-20T00:49:09.826+0000] {processor.py:925} INFO - DAG(s) 'tutorial' retrieved from /home/ubuntu/airflow_venv/lib/python3.12/site-packages/airflow/example_dags/tutorial.py
[2024-11-20T00:49:09.840+0000] {logging_mixin.py:190} INFO - [2024-11-20T00:49:09.840+0000] {dag.py:3239} INFO - Sync 1 DAGs
[2024-11-20T00:49:09.864+0000] {logging_mixin.py:190} INFO - [2024-11-20T00:49:09.864+0000] {dag.py:4180} INFO - Setting next_dagrun for tutorial to 2024-11-19 00:00:00+00:00, run_after=2024-11-20 00:00:00+00:00
[2024-11-20T00:49:09.886+0000] {processor.py:208} INFO - Processing /home/ubuntu/airflow_venv/lib/python3.12/site-packages/airflow/example_dags/tutorial.py took 0.079 seconds
[2024-11-20T00:50:04.421+0000] {processor.py:186} INFO - Started process (PID=5096) to work on /home/ubuntu/airflow_venv/lib/python3.12/site-packages/airflow/example_dags/tutorial.py
[2024-11-20T00:50:04.423+0000] {processor.py:914} INFO - Processing file /home/ubuntu/airflow_venv/lib/python3.12/site-packages/airflow/example_dags/tutorial.py for tasks to queue
[2024-11-20T00:50:04.424+0000] {logging_mixin.py:190} INFO - [2024-11-20T00:50:04.424+0000] {dagbag.py:588} INFO - Filling up the DagBag from /home/ubuntu/airflow_venv/lib/python3.12/site-packages/airflow/example_dags/tutorial.py
[2024-11-20T00:50:04.433+0000] {processor.py:925} INFO - DAG(s) 'tutorial' retrieved from /home/ubuntu/airflow_venv/lib/python3.12/site-packages/airflow/example_dags/tutorial.py
[2024-11-20T00:50:04.447+0000] {logging_mixin.py:190} INFO - [2024-11-20T00:50:04.447+0000] {dag.py:3239} INFO - Sync 1 DAGs
[2024-11-20T00:50:04.468+0000] {logging_mixin.py:190} INFO - [2024-11-20T00:50:04.468+0000] {dag.py:4180} INFO - Setting next_dagrun for tutorial to 2024-11-19 00:00:00+00:00, run_after=2024-11-20 00:00:00+00:00
[2024-11-20T00:50:04.492+0000] {processor.py:208} INFO - Processing /home/ubuntu/airflow_venv/lib/python3.12/site-packages/airflow/example_dags/tutorial.py took 0.079 seconds
[2024-11-20T00:50:57.906+0000] {processor.py:186} INFO - Started process (PID=5154) to work on /home/ubuntu/airflow_venv/lib/python3.12/site-packages/airflow/example_dags/tutorial.py
[2024-11-20T00:50:57.908+0000] {processor.py:914} INFO - Processing file /home/ubuntu/airflow_venv/lib/python3.12/site-packages/airflow/example_dags/tutorial.py for tasks to queue
[2024-11-20T00:50:57.910+0000] {logging_mixin.py:190} INFO - [2024-11-20T00:50:57.909+0000] {dagbag.py:588} INFO - Filling up the DagBag from /home/ubuntu/airflow_venv/lib/python3.12/site-packages/airflow/example_dags/tutorial.py
[2024-11-20T00:50:57.918+0000] {processor.py:925} INFO - DAG(s) 'tutorial' retrieved from /home/ubuntu/airflow_venv/lib/python3.12/site-packages/airflow/example_dags/tutorial.py
[2024-11-20T00:50:57.933+0000] {logging_mixin.py:190} INFO - [2024-11-20T00:50:57.933+0000] {dag.py:3239} INFO - Sync 1 DAGs
[2024-11-20T00:50:57.951+0000] {logging_mixin.py:190} INFO - [2024-11-20T00:50:57.951+0000] {dag.py:4180} INFO - Setting next_dagrun for tutorial to 2024-11-19 00:00:00+00:00, run_after=2024-11-20 00:00:00+00:00
[2024-11-20T00:50:57.973+0000] {processor.py:208} INFO - Processing /home/ubuntu/airflow_venv/lib/python3.12/site-packages/airflow/example_dags/tutorial.py took 0.074 seconds
[2024-11-20T00:51:56.894+0000] {processor.py:186} INFO - Started process (PID=5213) to work on /home/ubuntu/airflow_venv/lib/python3.12/site-packages/airflow/example_dags/tutorial.py
[2024-11-20T00:51:56.896+0000] {processor.py:914} INFO - Processing file /home/ubuntu/airflow_venv/lib/python3.12/site-packages/airflow/example_dags/tutorial.py for tasks to queue
[2024-11-20T00:51:56.897+0000] {logging_mixin.py:190} INFO - [2024-11-20T00:51:56.897+0000] {dagbag.py:588} INFO - Filling up the DagBag from /home/ubuntu/airflow_venv/lib/python3.12/site-packages/airflow/example_dags/tutorial.py
[2024-11-20T00:51:56.907+0000] {processor.py:925} INFO - DAG(s) 'tutorial' retrieved from /home/ubuntu/airflow_venv/lib/python3.12/site-packages/airflow/example_dags/tutorial.py
[2024-11-20T00:51:56.927+0000] {logging_mixin.py:190} INFO - [2024-11-20T00:51:56.927+0000] {dag.py:3239} INFO - Sync 1 DAGs
[2024-11-20T00:51:56.945+0000] {logging_mixin.py:190} INFO - [2024-11-20T00:51:56.945+0000] {dag.py:4180} INFO - Setting next_dagrun for tutorial to 2024-11-19 00:00:00+00:00, run_after=2024-11-20 00:00:00+00:00
[2024-11-20T00:51:56.966+0000] {processor.py:208} INFO - Processing /home/ubuntu/airflow_venv/lib/python3.12/site-packages/airflow/example_dags/tutorial.py took 0.079 seconds
[2024-11-20T00:52:51.187+0000] {processor.py:186} INFO - Started process (PID=5269) to work on /home/ubuntu/airflow_venv/lib/python3.12/site-packages/airflow/example_dags/tutorial.py
[2024-11-20T00:52:51.189+0000] {processor.py:914} INFO - Processing file /home/ubuntu/airflow_venv/lib/python3.12/site-packages/airflow/example_dags/tutorial.py for tasks to queue
[2024-11-20T00:52:51.191+0000] {logging_mixin.py:190} INFO - [2024-11-20T00:52:51.190+0000] {dagbag.py:588} INFO - Filling up the DagBag from /home/ubuntu/airflow_venv/lib/python3.12/site-packages/airflow/example_dags/tutorial.py
[2024-11-20T00:52:51.199+0000] {processor.py:925} INFO - DAG(s) 'tutorial' retrieved from /home/ubuntu/airflow_venv/lib/python3.12/site-packages/airflow/example_dags/tutorial.py
[2024-11-20T00:52:51.214+0000] {logging_mixin.py:190} INFO - [2024-11-20T00:52:51.214+0000] {dag.py:3239} INFO - Sync 1 DAGs
[2024-11-20T00:52:51.231+0000] {logging_mixin.py:190} INFO - [2024-11-20T00:52:51.231+0000] {dag.py:4180} INFO - Setting next_dagrun for tutorial to 2024-11-19 00:00:00+00:00, run_after=2024-11-20 00:00:00+00:00
[2024-11-20T00:52:51.258+0000] {processor.py:208} INFO - Processing /home/ubuntu/airflow_venv/lib/python3.12/site-packages/airflow/example_dags/tutorial.py took 0.078 seconds
[2024-11-20T00:53:48.274+0000] {processor.py:186} INFO - Started process (PID=5327) to work on /home/ubuntu/airflow_venv/lib/python3.12/site-packages/airflow/example_dags/tutorial.py
[2024-11-20T00:53:48.276+0000] {processor.py:914} INFO - Processing file /home/ubuntu/airflow_venv/lib/python3.12/site-packages/airflow/example_dags/tutorial.py for tasks to queue
[2024-11-20T00:53:48.277+0000] {logging_mixin.py:190} INFO - [2024-11-20T00:53:48.276+0000] {dagbag.py:588} INFO - Filling up the DagBag from /home/ubuntu/airflow_venv/lib/python3.12/site-packages/airflow/example_dags/tutorial.py
[2024-11-20T00:53:48.286+0000] {processor.py:925} INFO - DAG(s) 'tutorial' retrieved from /home/ubuntu/airflow_venv/lib/python3.12/site-packages/airflow/example_dags/tutorial.py
[2024-11-20T00:53:48.299+0000] {logging_mixin.py:190} INFO - [2024-11-20T00:53:48.299+0000] {dag.py:3239} INFO - Sync 1 DAGs
[2024-11-20T00:53:48.320+0000] {logging_mixin.py:190} INFO - [2024-11-20T00:53:48.320+0000] {dag.py:4180} INFO - Setting next_dagrun for tutorial to 2024-11-19 00:00:00+00:00, run_after=2024-11-20 00:00:00+00:00
[2024-11-20T00:53:48.341+0000] {processor.py:208} INFO - Processing /home/ubuntu/airflow_venv/lib/python3.12/site-packages/airflow/example_dags/tutorial.py took 0.074 seconds
[2024-11-20T00:54:39.284+0000] {processor.py:186} INFO - Started process (PID=5394) to work on /home/ubuntu/airflow_venv/lib/python3.12/site-packages/airflow/example_dags/tutorial.py
[2024-11-20T00:54:39.286+0000] {processor.py:914} INFO - Processing file /home/ubuntu/airflow_venv/lib/python3.12/site-packages/airflow/example_dags/tutorial.py for tasks to queue
[2024-11-20T00:54:39.288+0000] {logging_mixin.py:190} INFO - [2024-11-20T00:54:39.287+0000] {dagbag.py:588} INFO - Filling up the DagBag from /home/ubuntu/airflow_venv/lib/python3.12/site-packages/airflow/example_dags/tutorial.py
[2024-11-20T00:54:39.297+0000] {processor.py:925} INFO - DAG(s) 'tutorial' retrieved from /home/ubuntu/airflow_venv/lib/python3.12/site-packages/airflow/example_dags/tutorial.py
[2024-11-20T00:54:39.312+0000] {logging_mixin.py:190} INFO - [2024-11-20T00:54:39.312+0000] {dag.py:3239} INFO - Sync 1 DAGs
[2024-11-20T00:54:39.331+0000] {logging_mixin.py:190} INFO - [2024-11-20T00:54:39.331+0000] {dag.py:4180} INFO - Setting next_dagrun for tutorial to 2024-11-19 00:00:00+00:00, run_after=2024-11-20 00:00:00+00:00
[2024-11-20T00:54:39.353+0000] {processor.py:208} INFO - Processing /home/ubuntu/airflow_venv/lib/python3.12/site-packages/airflow/example_dags/tutorial.py took 0.076 seconds
[2024-11-20T00:55:32.424+0000] {processor.py:186} INFO - Started process (PID=5453) to work on /home/ubuntu/airflow_venv/lib/python3.12/site-packages/airflow/example_dags/tutorial.py
[2024-11-20T00:55:32.426+0000] {processor.py:914} INFO - Processing file /home/ubuntu/airflow_venv/lib/python3.12/site-packages/airflow/example_dags/tutorial.py for tasks to queue
[2024-11-20T00:55:32.428+0000] {logging_mixin.py:190} INFO - [2024-11-20T00:55:32.428+0000] {dagbag.py:588} INFO - Filling up the DagBag from /home/ubuntu/airflow_venv/lib/python3.12/site-packages/airflow/example_dags/tutorial.py
[2024-11-20T00:55:32.436+0000] {processor.py:925} INFO - DAG(s) 'tutorial' retrieved from /home/ubuntu/airflow_venv/lib/python3.12/site-packages/airflow/example_dags/tutorial.py
[2024-11-20T00:55:32.452+0000] {logging_mixin.py:190} INFO - [2024-11-20T00:55:32.452+0000] {dag.py:3239} INFO - Sync 1 DAGs
[2024-11-20T00:55:32.469+0000] {logging_mixin.py:190} INFO - [2024-11-20T00:55:32.469+0000] {dag.py:4180} INFO - Setting next_dagrun for tutorial to 2024-11-19 00:00:00+00:00, run_after=2024-11-20 00:00:00+00:00
[2024-11-20T00:55:32.491+0000] {processor.py:208} INFO - Processing /home/ubuntu/airflow_venv/lib/python3.12/site-packages/airflow/example_dags/tutorial.py took 0.073 seconds
[2024-11-20T00:56:24.995+0000] {processor.py:186} INFO - Started process (PID=5508) to work on /home/ubuntu/airflow_venv/lib/python3.12/site-packages/airflow/example_dags/tutorial.py
[2024-11-20T00:56:24.997+0000] {processor.py:914} INFO - Processing file /home/ubuntu/airflow_venv/lib/python3.12/site-packages/airflow/example_dags/tutorial.py for tasks to queue
[2024-11-20T00:56:24.998+0000] {logging_mixin.py:190} INFO - [2024-11-20T00:56:24.998+0000] {dagbag.py:588} INFO - Filling up the DagBag from /home/ubuntu/airflow_venv/lib/python3.12/site-packages/airflow/example_dags/tutorial.py
[2024-11-20T00:56:25.007+0000] {processor.py:925} INFO - DAG(s) 'tutorial' retrieved from /home/ubuntu/airflow_venv/lib/python3.12/site-packages/airflow/example_dags/tutorial.py
[2024-11-20T00:56:25.023+0000] {logging_mixin.py:190} INFO - [2024-11-20T00:56:25.023+0000] {dag.py:3239} INFO - Sync 1 DAGs
[2024-11-20T00:56:25.042+0000] {logging_mixin.py:190} INFO - [2024-11-20T00:56:25.042+0000] {dag.py:4180} INFO - Setting next_dagrun for tutorial to 2024-11-19 00:00:00+00:00, run_after=2024-11-20 00:00:00+00:00
[2024-11-20T00:56:25.065+0000] {processor.py:208} INFO - Processing /home/ubuntu/airflow_venv/lib/python3.12/site-packages/airflow/example_dags/tutorial.py took 0.079 seconds
[2024-11-20T00:57:18.657+0000] {processor.py:186} INFO - Started process (PID=5565) to work on /home/ubuntu/airflow_venv/lib/python3.12/site-packages/airflow/example_dags/tutorial.py
[2024-11-20T00:57:18.660+0000] {processor.py:914} INFO - Processing file /home/ubuntu/airflow_venv/lib/python3.12/site-packages/airflow/example_dags/tutorial.py for tasks to queue
[2024-11-20T00:57:18.661+0000] {logging_mixin.py:190} INFO - [2024-11-20T00:57:18.660+0000] {dagbag.py:588} INFO - Filling up the DagBag from /home/ubuntu/airflow_venv/lib/python3.12/site-packages/airflow/example_dags/tutorial.py
[2024-11-20T00:57:18.670+0000] {processor.py:925} INFO - DAG(s) 'tutorial' retrieved from /home/ubuntu/airflow_venv/lib/python3.12/site-packages/airflow/example_dags/tutorial.py
[2024-11-20T00:57:18.685+0000] {logging_mixin.py:190} INFO - [2024-11-20T00:57:18.684+0000] {dag.py:3239} INFO - Sync 1 DAGs
[2024-11-20T00:57:18.704+0000] {logging_mixin.py:190} INFO - [2024-11-20T00:57:18.704+0000] {dag.py:4180} INFO - Setting next_dagrun for tutorial to 2024-11-19 00:00:00+00:00, run_after=2024-11-20 00:00:00+00:00
[2024-11-20T00:57:18.724+0000] {processor.py:208} INFO - Processing /home/ubuntu/airflow_venv/lib/python3.12/site-packages/airflow/example_dags/tutorial.py took 0.074 seconds
[2024-11-20T00:58:10.749+0000] {processor.py:186} INFO - Started process (PID=5620) to work on /home/ubuntu/airflow_venv/lib/python3.12/site-packages/airflow/example_dags/tutorial.py
[2024-11-20T00:58:10.752+0000] {processor.py:914} INFO - Processing file /home/ubuntu/airflow_venv/lib/python3.12/site-packages/airflow/example_dags/tutorial.py for tasks to queue
[2024-11-20T00:58:10.753+0000] {logging_mixin.py:190} INFO - [2024-11-20T00:58:10.752+0000] {dagbag.py:588} INFO - Filling up the DagBag from /home/ubuntu/airflow_venv/lib/python3.12/site-packages/airflow/example_dags/tutorial.py
[2024-11-20T00:58:10.760+0000] {processor.py:925} INFO - DAG(s) 'tutorial' retrieved from /home/ubuntu/airflow_venv/lib/python3.12/site-packages/airflow/example_dags/tutorial.py
[2024-11-20T00:58:10.777+0000] {logging_mixin.py:190} INFO - [2024-11-20T00:58:10.776+0000] {dag.py:3239} INFO - Sync 1 DAGs
[2024-11-20T00:58:10.803+0000] {logging_mixin.py:190} INFO - [2024-11-20T00:58:10.803+0000] {dag.py:4180} INFO - Setting next_dagrun for tutorial to 2024-11-19 00:00:00+00:00, run_after=2024-11-20 00:00:00+00:00
[2024-11-20T00:58:10.825+0000] {processor.py:208} INFO - Processing /home/ubuntu/airflow_venv/lib/python3.12/site-packages/airflow/example_dags/tutorial.py took 0.082 seconds
[2024-11-20T00:59:03.490+0000] {processor.py:186} INFO - Started process (PID=5679) to work on /home/ubuntu/airflow_venv/lib/python3.12/site-packages/airflow/example_dags/tutorial.py
[2024-11-20T00:59:03.492+0000] {processor.py:914} INFO - Processing file /home/ubuntu/airflow_venv/lib/python3.12/site-packages/airflow/example_dags/tutorial.py for tasks to queue
[2024-11-20T00:59:03.493+0000] {logging_mixin.py:190} INFO - [2024-11-20T00:59:03.493+0000] {dagbag.py:588} INFO - Filling up the DagBag from /home/ubuntu/airflow_venv/lib/python3.12/site-packages/airflow/example_dags/tutorial.py
[2024-11-20T00:59:03.501+0000] {processor.py:925} INFO - DAG(s) 'tutorial' retrieved from /home/ubuntu/airflow_venv/lib/python3.12/site-packages/airflow/example_dags/tutorial.py
[2024-11-20T00:59:03.517+0000] {logging_mixin.py:190} INFO - [2024-11-20T00:59:03.516+0000] {dag.py:3239} INFO - Sync 1 DAGs
[2024-11-20T00:59:03.536+0000] {logging_mixin.py:190} INFO - [2024-11-20T00:59:03.535+0000] {dag.py:4180} INFO - Setting next_dagrun for tutorial to 2024-11-19 00:00:00+00:00, run_after=2024-11-20 00:00:00+00:00
[2024-11-20T00:59:03.557+0000] {processor.py:208} INFO - Processing /home/ubuntu/airflow_venv/lib/python3.12/site-packages/airflow/example_dags/tutorial.py took 0.075 seconds
[2024-11-20T00:59:59.337+0000] {processor.py:186} INFO - Started process (PID=5735) to work on /home/ubuntu/airflow_venv/lib/python3.12/site-packages/airflow/example_dags/tutorial.py
[2024-11-20T00:59:59.338+0000] {processor.py:914} INFO - Processing file /home/ubuntu/airflow_venv/lib/python3.12/site-packages/airflow/example_dags/tutorial.py for tasks to queue
[2024-11-20T00:59:59.340+0000] {logging_mixin.py:190} INFO - [2024-11-20T00:59:59.339+0000] {dagbag.py:588} INFO - Filling up the DagBag from /home/ubuntu/airflow_venv/lib/python3.12/site-packages/airflow/example_dags/tutorial.py
[2024-11-20T00:59:59.347+0000] {processor.py:925} INFO - DAG(s) 'tutorial' retrieved from /home/ubuntu/airflow_venv/lib/python3.12/site-packages/airflow/example_dags/tutorial.py
[2024-11-20T00:59:59.362+0000] {logging_mixin.py:190} INFO - [2024-11-20T00:59:59.362+0000] {dag.py:3239} INFO - Sync 1 DAGs
[2024-11-20T00:59:59.380+0000] {logging_mixin.py:190} INFO - [2024-11-20T00:59:59.380+0000] {dag.py:4180} INFO - Setting next_dagrun for tutorial to 2024-11-19 00:00:00+00:00, run_after=2024-11-20 00:00:00+00:00
[2024-11-20T00:59:59.402+0000] {processor.py:208} INFO - Processing /home/ubuntu/airflow_venv/lib/python3.12/site-packages/airflow/example_dags/tutorial.py took 0.072 seconds
[2024-11-20T01:00:54.760+0000] {processor.py:186} INFO - Started process (PID=5794) to work on /home/ubuntu/airflow_venv/lib/python3.12/site-packages/airflow/example_dags/tutorial.py
[2024-11-20T01:00:54.762+0000] {processor.py:914} INFO - Processing file /home/ubuntu/airflow_venv/lib/python3.12/site-packages/airflow/example_dags/tutorial.py for tasks to queue
[2024-11-20T01:00:54.763+0000] {logging_mixin.py:190} INFO - [2024-11-20T01:00:54.763+0000] {dagbag.py:588} INFO - Filling up the DagBag from /home/ubuntu/airflow_venv/lib/python3.12/site-packages/airflow/example_dags/tutorial.py
[2024-11-20T01:00:54.775+0000] {processor.py:925} INFO - DAG(s) 'tutorial' retrieved from /home/ubuntu/airflow_venv/lib/python3.12/site-packages/airflow/example_dags/tutorial.py
[2024-11-20T01:00:54.789+0000] {logging_mixin.py:190} INFO - [2024-11-20T01:00:54.788+0000] {dag.py:3239} INFO - Sync 1 DAGs
[2024-11-20T01:00:54.807+0000] {logging_mixin.py:190} INFO - [2024-11-20T01:00:54.807+0000] {dag.py:4180} INFO - Setting next_dagrun for tutorial to 2024-11-19 00:00:00+00:00, run_after=2024-11-20 00:00:00+00:00
[2024-11-20T01:00:54.829+0000] {processor.py:208} INFO - Processing /home/ubuntu/airflow_venv/lib/python3.12/site-packages/airflow/example_dags/tutorial.py took 0.082 seconds
[2024-11-20T01:02:05.364+0000] {processor.py:186} INFO - Started process (PID=5874) to work on /home/ubuntu/airflow_venv/lib/python3.12/site-packages/airflow/example_dags/tutorial.py
[2024-11-20T01:02:05.365+0000] {processor.py:914} INFO - Processing file /home/ubuntu/airflow_venv/lib/python3.12/site-packages/airflow/example_dags/tutorial.py for tasks to queue
[2024-11-20T01:02:05.367+0000] {logging_mixin.py:190} INFO - [2024-11-20T01:02:05.366+0000] {dagbag.py:588} INFO - Filling up the DagBag from /home/ubuntu/airflow_venv/lib/python3.12/site-packages/airflow/example_dags/tutorial.py
[2024-11-20T01:02:05.376+0000] {processor.py:925} INFO - DAG(s) 'tutorial' retrieved from /home/ubuntu/airflow_venv/lib/python3.12/site-packages/airflow/example_dags/tutorial.py
[2024-11-20T01:02:05.390+0000] {logging_mixin.py:190} INFO - [2024-11-20T01:02:05.390+0000] {dag.py:3239} INFO - Sync 1 DAGs
[2024-11-20T01:02:05.410+0000] {logging_mixin.py:190} INFO - [2024-11-20T01:02:05.410+0000] {dag.py:4180} INFO - Setting next_dagrun for tutorial to 2024-11-19 00:00:00+00:00, run_after=2024-11-20 00:00:00+00:00
[2024-11-20T01:02:05.432+0000] {processor.py:208} INFO - Processing /home/ubuntu/airflow_venv/lib/python3.12/site-packages/airflow/example_dags/tutorial.py took 0.077 seconds
[2024-11-20T01:03:01.860+0000] {processor.py:186} INFO - Started process (PID=5932) to work on /home/ubuntu/airflow_venv/lib/python3.12/site-packages/airflow/example_dags/tutorial.py
[2024-11-20T01:03:01.861+0000] {processor.py:914} INFO - Processing file /home/ubuntu/airflow_venv/lib/python3.12/site-packages/airflow/example_dags/tutorial.py for tasks to queue
[2024-11-20T01:03:01.862+0000] {logging_mixin.py:190} INFO - [2024-11-20T01:03:01.862+0000] {dagbag.py:588} INFO - Filling up the DagBag from /home/ubuntu/airflow_venv/lib/python3.12/site-packages/airflow/example_dags/tutorial.py
[2024-11-20T01:03:01.872+0000] {processor.py:925} INFO - DAG(s) 'tutorial' retrieved from /home/ubuntu/airflow_venv/lib/python3.12/site-packages/airflow/example_dags/tutorial.py
[2024-11-20T01:03:01.890+0000] {logging_mixin.py:190} INFO - [2024-11-20T01:03:01.887+0000] {dag.py:3239} INFO - Sync 1 DAGs
[2024-11-20T01:03:01.908+0000] {logging_mixin.py:190} INFO - [2024-11-20T01:03:01.908+0000] {dag.py:4180} INFO - Setting next_dagrun for tutorial to 2024-11-19 00:00:00+00:00, run_after=2024-11-20 00:00:00+00:00
[2024-11-20T01:03:01.932+0000] {processor.py:208} INFO - Processing /home/ubuntu/airflow_venv/lib/python3.12/site-packages/airflow/example_dags/tutorial.py took 0.079 seconds
[2024-11-20T01:03:57.690+0000] {processor.py:186} INFO - Started process (PID=5988) to work on /home/ubuntu/airflow_venv/lib/python3.12/site-packages/airflow/example_dags/tutorial.py
[2024-11-20T01:03:57.692+0000] {processor.py:914} INFO - Processing file /home/ubuntu/airflow_venv/lib/python3.12/site-packages/airflow/example_dags/tutorial.py for tasks to queue
[2024-11-20T01:03:57.693+0000] {logging_mixin.py:190} INFO - [2024-11-20T01:03:57.693+0000] {dagbag.py:588} INFO - Filling up the DagBag from /home/ubuntu/airflow_venv/lib/python3.12/site-packages/airflow/example_dags/tutorial.py
[2024-11-20T01:03:57.701+0000] {processor.py:925} INFO - DAG(s) 'tutorial' retrieved from /home/ubuntu/airflow_venv/lib/python3.12/site-packages/airflow/example_dags/tutorial.py
[2024-11-20T01:03:57.716+0000] {logging_mixin.py:190} INFO - [2024-11-20T01:03:57.716+0000] {dag.py:3239} INFO - Sync 1 DAGs
[2024-11-20T01:03:57.734+0000] {logging_mixin.py:190} INFO - [2024-11-20T01:03:57.734+0000] {dag.py:4180} INFO - Setting next_dagrun for tutorial to 2024-11-19 00:00:00+00:00, run_after=2024-11-20 00:00:00+00:00
[2024-11-20T01:03:57.755+0000] {processor.py:208} INFO - Processing /home/ubuntu/airflow_venv/lib/python3.12/site-packages/airflow/example_dags/tutorial.py took 0.073 seconds
[2024-11-20T01:04:53.206+0000] {processor.py:186} INFO - Started process (PID=6045) to work on /home/ubuntu/airflow_venv/lib/python3.12/site-packages/airflow/example_dags/tutorial.py
[2024-11-20T01:04:53.207+0000] {processor.py:914} INFO - Processing file /home/ubuntu/airflow_venv/lib/python3.12/site-packages/airflow/example_dags/tutorial.py for tasks to queue
[2024-11-20T01:04:53.209+0000] {logging_mixin.py:190} INFO - [2024-11-20T01:04:53.208+0000] {dagbag.py:588} INFO - Filling up the DagBag from /home/ubuntu/airflow_venv/lib/python3.12/site-packages/airflow/example_dags/tutorial.py
[2024-11-20T01:04:53.218+0000] {processor.py:925} INFO - DAG(s) 'tutorial' retrieved from /home/ubuntu/airflow_venv/lib/python3.12/site-packages/airflow/example_dags/tutorial.py
[2024-11-20T01:04:53.232+0000] {logging_mixin.py:190} INFO - [2024-11-20T01:04:53.232+0000] {dag.py:3239} INFO - Sync 1 DAGs
[2024-11-20T01:04:53.251+0000] {logging_mixin.py:190} INFO - [2024-11-20T01:04:53.251+0000] {dag.py:4180} INFO - Setting next_dagrun for tutorial to 2024-11-19 00:00:00+00:00, run_after=2024-11-20 00:00:00+00:00
[2024-11-20T01:04:53.273+0000] {processor.py:208} INFO - Processing /home/ubuntu/airflow_venv/lib/python3.12/site-packages/airflow/example_dags/tutorial.py took 0.074 seconds
[2024-11-20T01:05:50.249+0000] {processor.py:186} INFO - Started process (PID=6107) to work on /home/ubuntu/airflow_venv/lib/python3.12/site-packages/airflow/example_dags/tutorial.py
[2024-11-20T01:05:50.250+0000] {processor.py:914} INFO - Processing file /home/ubuntu/airflow_venv/lib/python3.12/site-packages/airflow/example_dags/tutorial.py for tasks to queue
[2024-11-20T01:05:50.251+0000] {logging_mixin.py:190} INFO - [2024-11-20T01:05:50.251+0000] {dagbag.py:588} INFO - Filling up the DagBag from /home/ubuntu/airflow_venv/lib/python3.12/site-packages/airflow/example_dags/tutorial.py
[2024-11-20T01:05:50.261+0000] {processor.py:925} INFO - DAG(s) 'tutorial' retrieved from /home/ubuntu/airflow_venv/lib/python3.12/site-packages/airflow/example_dags/tutorial.py
[2024-11-20T01:05:50.275+0000] {logging_mixin.py:190} INFO - [2024-11-20T01:05:50.275+0000] {dag.py:3239} INFO - Sync 1 DAGs
[2024-11-20T01:05:50.294+0000] {logging_mixin.py:190} INFO - [2024-11-20T01:05:50.293+0000] {dag.py:4180} INFO - Setting next_dagrun for tutorial to 2024-11-19 00:00:00+00:00, run_after=2024-11-20 00:00:00+00:00
[2024-11-20T01:05:50.318+0000] {processor.py:208} INFO - Processing /home/ubuntu/airflow_venv/lib/python3.12/site-packages/airflow/example_dags/tutorial.py took 0.076 seconds
[2024-11-20T01:06:42.408+0000] {processor.py:186} INFO - Started process (PID=6161) to work on /home/ubuntu/airflow_venv/lib/python3.12/site-packages/airflow/example_dags/tutorial.py
[2024-11-20T01:06:42.410+0000] {processor.py:914} INFO - Processing file /home/ubuntu/airflow_venv/lib/python3.12/site-packages/airflow/example_dags/tutorial.py for tasks to queue
[2024-11-20T01:06:42.412+0000] {logging_mixin.py:190} INFO - [2024-11-20T01:06:42.411+0000] {dagbag.py:588} INFO - Filling up the DagBag from /home/ubuntu/airflow_venv/lib/python3.12/site-packages/airflow/example_dags/tutorial.py
[2024-11-20T01:06:42.421+0000] {processor.py:925} INFO - DAG(s) 'tutorial' retrieved from /home/ubuntu/airflow_venv/lib/python3.12/site-packages/airflow/example_dags/tutorial.py
[2024-11-20T01:06:42.435+0000] {logging_mixin.py:190} INFO - [2024-11-20T01:06:42.435+0000] {dag.py:3239} INFO - Sync 1 DAGs
[2024-11-20T01:06:42.454+0000] {logging_mixin.py:190} INFO - [2024-11-20T01:06:42.454+0000] {dag.py:4180} INFO - Setting next_dagrun for tutorial to 2024-11-19 00:00:00+00:00, run_after=2024-11-20 00:00:00+00:00
[2024-11-20T01:06:42.474+0000] {processor.py:208} INFO - Processing /home/ubuntu/airflow_venv/lib/python3.12/site-packages/airflow/example_dags/tutorial.py took 0.073 seconds
[2024-11-20T01:07:33.753+0000] {processor.py:186} INFO - Started process (PID=6216) to work on /home/ubuntu/airflow_venv/lib/python3.12/site-packages/airflow/example_dags/tutorial.py
[2024-11-20T01:07:33.754+0000] {processor.py:914} INFO - Processing file /home/ubuntu/airflow_venv/lib/python3.12/site-packages/airflow/example_dags/tutorial.py for tasks to queue
[2024-11-20T01:07:33.755+0000] {logging_mixin.py:190} INFO - [2024-11-20T01:07:33.755+0000] {dagbag.py:588} INFO - Filling up the DagBag from /home/ubuntu/airflow_venv/lib/python3.12/site-packages/airflow/example_dags/tutorial.py
[2024-11-20T01:07:33.764+0000] {processor.py:925} INFO - DAG(s) 'tutorial' retrieved from /home/ubuntu/airflow_venv/lib/python3.12/site-packages/airflow/example_dags/tutorial.py
[2024-11-20T01:07:33.779+0000] {logging_mixin.py:190} INFO - [2024-11-20T01:07:33.779+0000] {dag.py:3239} INFO - Sync 1 DAGs
[2024-11-20T01:07:33.797+0000] {logging_mixin.py:190} INFO - [2024-11-20T01:07:33.797+0000] {dag.py:4180} INFO - Setting next_dagrun for tutorial to 2024-11-19 00:00:00+00:00, run_after=2024-11-20 00:00:00+00:00
[2024-11-20T01:07:33.818+0000] {processor.py:208} INFO - Processing /home/ubuntu/airflow_venv/lib/python3.12/site-packages/airflow/example_dags/tutorial.py took 0.073 seconds
[2024-11-20T01:08:27.567+0000] {processor.py:186} INFO - Started process (PID=6270) to work on /home/ubuntu/airflow_venv/lib/python3.12/site-packages/airflow/example_dags/tutorial.py
[2024-11-20T01:08:27.568+0000] {processor.py:914} INFO - Processing file /home/ubuntu/airflow_venv/lib/python3.12/site-packages/airflow/example_dags/tutorial.py for tasks to queue
[2024-11-20T01:08:27.569+0000] {logging_mixin.py:190} INFO - [2024-11-20T01:08:27.569+0000] {dagbag.py:588} INFO - Filling up the DagBag from /home/ubuntu/airflow_venv/lib/python3.12/site-packages/airflow/example_dags/tutorial.py
[2024-11-20T01:08:27.578+0000] {processor.py:925} INFO - DAG(s) 'tutorial' retrieved from /home/ubuntu/airflow_venv/lib/python3.12/site-packages/airflow/example_dags/tutorial.py
[2024-11-20T01:08:27.593+0000] {logging_mixin.py:190} INFO - [2024-11-20T01:08:27.593+0000] {dag.py:3239} INFO - Sync 1 DAGs
[2024-11-20T01:08:27.611+0000] {logging_mixin.py:190} INFO - [2024-11-20T01:08:27.611+0000] {dag.py:4180} INFO - Setting next_dagrun for tutorial to 2024-11-19 00:00:00+00:00, run_after=2024-11-20 00:00:00+00:00
[2024-11-20T01:08:27.634+0000] {processor.py:208} INFO - Processing /home/ubuntu/airflow_venv/lib/python3.12/site-packages/airflow/example_dags/tutorial.py took 0.074 seconds
[2024-11-20T01:09:24.925+0000] {processor.py:186} INFO - Started process (PID=6327) to work on /home/ubuntu/airflow_venv/lib/python3.12/site-packages/airflow/example_dags/tutorial.py
[2024-11-20T01:09:24.927+0000] {processor.py:914} INFO - Processing file /home/ubuntu/airflow_venv/lib/python3.12/site-packages/airflow/example_dags/tutorial.py for tasks to queue
[2024-11-20T01:09:24.928+0000] {logging_mixin.py:190} INFO - [2024-11-20T01:09:24.928+0000] {dagbag.py:588} INFO - Filling up the DagBag from /home/ubuntu/airflow_venv/lib/python3.12/site-packages/airflow/example_dags/tutorial.py
[2024-11-20T01:09:24.937+0000] {processor.py:925} INFO - DAG(s) 'tutorial' retrieved from /home/ubuntu/airflow_venv/lib/python3.12/site-packages/airflow/example_dags/tutorial.py
[2024-11-20T01:09:24.952+0000] {logging_mixin.py:190} INFO - [2024-11-20T01:09:24.951+0000] {dag.py:3239} INFO - Sync 1 DAGs
[2024-11-20T01:09:24.970+0000] {logging_mixin.py:190} INFO - [2024-11-20T01:09:24.970+0000] {dag.py:4180} INFO - Setting next_dagrun for tutorial to 2024-11-19 00:00:00+00:00, run_after=2024-11-20 00:00:00+00:00
[2024-11-20T01:09:24.993+0000] {processor.py:208} INFO - Processing /home/ubuntu/airflow_venv/lib/python3.12/site-packages/airflow/example_dags/tutorial.py took 0.075 seconds
[2024-11-20T01:10:23.448+0000] {processor.py:186} INFO - Started process (PID=6391) to work on /home/ubuntu/airflow_venv/lib/python3.12/site-packages/airflow/example_dags/tutorial.py
[2024-11-20T01:10:23.449+0000] {processor.py:914} INFO - Processing file /home/ubuntu/airflow_venv/lib/python3.12/site-packages/airflow/example_dags/tutorial.py for tasks to queue
[2024-11-20T01:10:23.450+0000] {logging_mixin.py:190} INFO - [2024-11-20T01:10:23.450+0000] {dagbag.py:588} INFO - Filling up the DagBag from /home/ubuntu/airflow_venv/lib/python3.12/site-packages/airflow/example_dags/tutorial.py
[2024-11-20T01:10:23.460+0000] {processor.py:925} INFO - DAG(s) 'tutorial' retrieved from /home/ubuntu/airflow_venv/lib/python3.12/site-packages/airflow/example_dags/tutorial.py
[2024-11-20T01:10:23.474+0000] {logging_mixin.py:190} INFO - [2024-11-20T01:10:23.474+0000] {dag.py:3239} INFO - Sync 1 DAGs
[2024-11-20T01:10:23.493+0000] {logging_mixin.py:190} INFO - [2024-11-20T01:10:23.493+0000] {dag.py:4180} INFO - Setting next_dagrun for tutorial to 2024-11-19 00:00:00+00:00, run_after=2024-11-20 00:00:00+00:00
[2024-11-20T01:10:23.516+0000] {processor.py:208} INFO - Processing /home/ubuntu/airflow_venv/lib/python3.12/site-packages/airflow/example_dags/tutorial.py took 0.075 seconds
[2024-11-20T01:11:16.764+0000] {processor.py:186} INFO - Started process (PID=6446) to work on /home/ubuntu/airflow_venv/lib/python3.12/site-packages/airflow/example_dags/tutorial.py
[2024-11-20T01:11:16.766+0000] {processor.py:914} INFO - Processing file /home/ubuntu/airflow_venv/lib/python3.12/site-packages/airflow/example_dags/tutorial.py for tasks to queue
[2024-11-20T01:11:16.767+0000] {logging_mixin.py:190} INFO - [2024-11-20T01:11:16.766+0000] {dagbag.py:588} INFO - Filling up the DagBag from /home/ubuntu/airflow_venv/lib/python3.12/site-packages/airflow/example_dags/tutorial.py
[2024-11-20T01:11:16.776+0000] {processor.py:925} INFO - DAG(s) 'tutorial' retrieved from /home/ubuntu/airflow_venv/lib/python3.12/site-packages/airflow/example_dags/tutorial.py
[2024-11-20T01:11:16.791+0000] {logging_mixin.py:190} INFO - [2024-11-20T01:11:16.791+0000] {dag.py:3239} INFO - Sync 1 DAGs
[2024-11-20T01:11:16.808+0000] {logging_mixin.py:190} INFO - [2024-11-20T01:11:16.808+0000] {dag.py:4180} INFO - Setting next_dagrun for tutorial to 2024-11-19 00:00:00+00:00, run_after=2024-11-20 00:00:00+00:00
[2024-11-20T01:11:16.830+0000] {processor.py:208} INFO - Processing /home/ubuntu/airflow_venv/lib/python3.12/site-packages/airflow/example_dags/tutorial.py took 0.074 seconds
[2024-11-20T01:12:10.874+0000] {processor.py:186} INFO - Started process (PID=6503) to work on /home/ubuntu/airflow_venv/lib/python3.12/site-packages/airflow/example_dags/tutorial.py
[2024-11-20T01:12:10.875+0000] {processor.py:914} INFO - Processing file /home/ubuntu/airflow_venv/lib/python3.12/site-packages/airflow/example_dags/tutorial.py for tasks to queue
[2024-11-20T01:12:10.876+0000] {logging_mixin.py:190} INFO - [2024-11-20T01:12:10.876+0000] {dagbag.py:588} INFO - Filling up the DagBag from /home/ubuntu/airflow_venv/lib/python3.12/site-packages/airflow/example_dags/tutorial.py
[2024-11-20T01:12:10.885+0000] {processor.py:925} INFO - DAG(s) 'tutorial' retrieved from /home/ubuntu/airflow_venv/lib/python3.12/site-packages/airflow/example_dags/tutorial.py
[2024-11-20T01:12:10.899+0000] {logging_mixin.py:190} INFO - [2024-11-20T01:12:10.899+0000] {dag.py:3239} INFO - Sync 1 DAGs
[2024-11-20T01:12:10.917+0000] {logging_mixin.py:190} INFO - [2024-11-20T01:12:10.917+0000] {dag.py:4180} INFO - Setting next_dagrun for tutorial to 2024-11-19 00:00:00+00:00, run_after=2024-11-20 00:00:00+00:00
[2024-11-20T01:12:10.938+0000] {processor.py:208} INFO - Processing /home/ubuntu/airflow_venv/lib/python3.12/site-packages/airflow/example_dags/tutorial.py took 0.072 seconds
[2024-11-20T01:13:05.049+0000] {processor.py:186} INFO - Started process (PID=6557) to work on /home/ubuntu/airflow_venv/lib/python3.12/site-packages/airflow/example_dags/tutorial.py
[2024-11-20T01:13:05.050+0000] {processor.py:914} INFO - Processing file /home/ubuntu/airflow_venv/lib/python3.12/site-packages/airflow/example_dags/tutorial.py for tasks to queue
[2024-11-20T01:13:05.051+0000] {logging_mixin.py:190} INFO - [2024-11-20T01:13:05.051+0000] {dagbag.py:588} INFO - Filling up the DagBag from /home/ubuntu/airflow_venv/lib/python3.12/site-packages/airflow/example_dags/tutorial.py
[2024-11-20T01:13:05.060+0000] {processor.py:925} INFO - DAG(s) 'tutorial' retrieved from /home/ubuntu/airflow_venv/lib/python3.12/site-packages/airflow/example_dags/tutorial.py
[2024-11-20T01:13:05.074+0000] {logging_mixin.py:190} INFO - [2024-11-20T01:13:05.074+0000] {dag.py:3239} INFO - Sync 1 DAGs
[2024-11-20T01:13:05.100+0000] {logging_mixin.py:190} INFO - [2024-11-20T01:13:05.099+0000] {dag.py:4180} INFO - Setting next_dagrun for tutorial to 2024-11-19 00:00:00+00:00, run_after=2024-11-20 00:00:00+00:00
[2024-11-20T01:13:05.122+0000] {processor.py:208} INFO - Processing /home/ubuntu/airflow_venv/lib/python3.12/site-packages/airflow/example_dags/tutorial.py took 0.081 seconds
