[2024-11-20T00:16:13.090+0000] {processor.py:186} INFO - Started process (PID=2026) to work on /home/ubuntu/airflow_venv/lib/python3.12/site-packages/airflow/example_dags/tutorial_taskflow_api.py
[2024-11-20T00:16:13.092+0000] {processor.py:914} INFO - Processing file /home/ubuntu/airflow_venv/lib/python3.12/site-packages/airflow/example_dags/tutorial_taskflow_api.py for tasks to queue
[2024-11-20T00:16:13.096+0000] {logging_mixin.py:190} INFO - [2024-11-20T00:16:13.094+0000] {dagbag.py:588} INFO - Filling up the DagBag from /home/ubuntu/airflow_venv/lib/python3.12/site-packages/airflow/example_dags/tutorial_taskflow_api.py
[2024-11-20T00:16:13.109+0000] {processor.py:925} INFO - DAG(s) 'tutorial_taskflow_api' retrieved from /home/ubuntu/airflow_venv/lib/python3.12/site-packages/airflow/example_dags/tutorial_taskflow_api.py
[2024-11-20T00:16:13.138+0000] {logging_mixin.py:190} INFO - [2024-11-20T00:16:13.137+0000] {dag.py:3239} INFO - Sync 1 DAGs
[2024-11-20T00:16:13.161+0000] {logging_mixin.py:190} INFO - [2024-11-20T00:16:13.161+0000] {dag.py:4180} INFO - Setting next_dagrun for tutorial_taskflow_api to None, run_after=None
[2024-11-20T00:16:13.195+0000] {processor.py:208} INFO - Processing /home/ubuntu/airflow_venv/lib/python3.12/site-packages/airflow/example_dags/tutorial_taskflow_api.py took 0.114 seconds
[2024-11-20T00:17:11.500+0000] {processor.py:186} INFO - Started process (PID=2097) to work on /home/ubuntu/airflow_venv/lib/python3.12/site-packages/airflow/example_dags/tutorial_taskflow_api.py
[2024-11-20T00:17:11.502+0000] {processor.py:914} INFO - Processing file /home/ubuntu/airflow_venv/lib/python3.12/site-packages/airflow/example_dags/tutorial_taskflow_api.py for tasks to queue
[2024-11-20T00:17:11.504+0000] {logging_mixin.py:190} INFO - [2024-11-20T00:17:11.504+0000] {dagbag.py:588} INFO - Filling up the DagBag from /home/ubuntu/airflow_venv/lib/python3.12/site-packages/airflow/example_dags/tutorial_taskflow_api.py
[2024-11-20T00:17:11.513+0000] {processor.py:925} INFO - DAG(s) 'tutorial_taskflow_api' retrieved from /home/ubuntu/airflow_venv/lib/python3.12/site-packages/airflow/example_dags/tutorial_taskflow_api.py
[2024-11-20T00:17:11.527+0000] {logging_mixin.py:190} INFO - [2024-11-20T00:17:11.527+0000] {dag.py:3239} INFO - Sync 1 DAGs
[2024-11-20T00:17:11.538+0000] {logging_mixin.py:190} INFO - [2024-11-20T00:17:11.538+0000] {dag.py:4180} INFO - Setting next_dagrun for tutorial_taskflow_api to None, run_after=None
[2024-11-20T00:17:11.559+0000] {processor.py:208} INFO - Processing /home/ubuntu/airflow_venv/lib/python3.12/site-packages/airflow/example_dags/tutorial_taskflow_api.py took 0.064 seconds
[2024-11-20T00:18:08.054+0000] {processor.py:186} INFO - Started process (PID=2155) to work on /home/ubuntu/airflow_venv/lib/python3.12/site-packages/airflow/example_dags/tutorial_taskflow_api.py
[2024-11-20T00:18:08.055+0000] {processor.py:914} INFO - Processing file /home/ubuntu/airflow_venv/lib/python3.12/site-packages/airflow/example_dags/tutorial_taskflow_api.py for tasks to queue
[2024-11-20T00:18:08.058+0000] {logging_mixin.py:190} INFO - [2024-11-20T00:18:08.057+0000] {dagbag.py:588} INFO - Filling up the DagBag from /home/ubuntu/airflow_venv/lib/python3.12/site-packages/airflow/example_dags/tutorial_taskflow_api.py
[2024-11-20T00:18:08.066+0000] {processor.py:925} INFO - DAG(s) 'tutorial_taskflow_api' retrieved from /home/ubuntu/airflow_venv/lib/python3.12/site-packages/airflow/example_dags/tutorial_taskflow_api.py
[2024-11-20T00:18:08.090+0000] {logging_mixin.py:190} INFO - [2024-11-20T00:18:08.090+0000] {dag.py:3239} INFO - Sync 1 DAGs
[2024-11-20T00:18:08.101+0000] {logging_mixin.py:190} INFO - [2024-11-20T00:18:08.101+0000] {dag.py:4180} INFO - Setting next_dagrun for tutorial_taskflow_api to None, run_after=None
[2024-11-20T00:18:08.123+0000] {processor.py:208} INFO - Processing /home/ubuntu/airflow_venv/lib/python3.12/site-packages/airflow/example_dags/tutorial_taskflow_api.py took 0.074 seconds
[2024-11-20T00:18:59.732+0000] {processor.py:186} INFO - Started process (PID=2208) to work on /home/ubuntu/airflow_venv/lib/python3.12/site-packages/airflow/example_dags/tutorial_taskflow_api.py
[2024-11-20T00:18:59.733+0000] {processor.py:914} INFO - Processing file /home/ubuntu/airflow_venv/lib/python3.12/site-packages/airflow/example_dags/tutorial_taskflow_api.py for tasks to queue
[2024-11-20T00:18:59.736+0000] {logging_mixin.py:190} INFO - [2024-11-20T00:18:59.736+0000] {dagbag.py:588} INFO - Filling up the DagBag from /home/ubuntu/airflow_venv/lib/python3.12/site-packages/airflow/example_dags/tutorial_taskflow_api.py
[2024-11-20T00:18:59.744+0000] {processor.py:925} INFO - DAG(s) 'tutorial_taskflow_api' retrieved from /home/ubuntu/airflow_venv/lib/python3.12/site-packages/airflow/example_dags/tutorial_taskflow_api.py
[2024-11-20T00:18:59.760+0000] {logging_mixin.py:190} INFO - [2024-11-20T00:18:59.760+0000] {dag.py:3239} INFO - Sync 1 DAGs
[2024-11-20T00:18:59.771+0000] {logging_mixin.py:190} INFO - [2024-11-20T00:18:59.771+0000] {dag.py:4180} INFO - Setting next_dagrun for tutorial_taskflow_api to None, run_after=None
[2024-11-20T00:18:59.793+0000] {processor.py:208} INFO - Processing /home/ubuntu/airflow_venv/lib/python3.12/site-packages/airflow/example_dags/tutorial_taskflow_api.py took 0.067 seconds
[2024-11-20T00:19:54.163+0000] {processor.py:186} INFO - Started process (PID=2265) to work on /home/ubuntu/airflow_venv/lib/python3.12/site-packages/airflow/example_dags/tutorial_taskflow_api.py
[2024-11-20T00:19:54.165+0000] {processor.py:914} INFO - Processing file /home/ubuntu/airflow_venv/lib/python3.12/site-packages/airflow/example_dags/tutorial_taskflow_api.py for tasks to queue
[2024-11-20T00:19:54.167+0000] {logging_mixin.py:190} INFO - [2024-11-20T00:19:54.167+0000] {dagbag.py:588} INFO - Filling up the DagBag from /home/ubuntu/airflow_venv/lib/python3.12/site-packages/airflow/example_dags/tutorial_taskflow_api.py
[2024-11-20T00:19:54.176+0000] {processor.py:925} INFO - DAG(s) 'tutorial_taskflow_api' retrieved from /home/ubuntu/airflow_venv/lib/python3.12/site-packages/airflow/example_dags/tutorial_taskflow_api.py
[2024-11-20T00:19:54.190+0000] {logging_mixin.py:190} INFO - [2024-11-20T00:19:54.190+0000] {dag.py:3239} INFO - Sync 1 DAGs
[2024-11-20T00:19:54.202+0000] {logging_mixin.py:190} INFO - [2024-11-20T00:19:54.202+0000] {dag.py:4180} INFO - Setting next_dagrun for tutorial_taskflow_api to None, run_after=None
[2024-11-20T00:19:54.226+0000] {processor.py:208} INFO - Processing /home/ubuntu/airflow_venv/lib/python3.12/site-packages/airflow/example_dags/tutorial_taskflow_api.py took 0.067 seconds
[2024-11-20T00:20:45.737+0000] {processor.py:186} INFO - Started process (PID=2322) to work on /home/ubuntu/airflow_venv/lib/python3.12/site-packages/airflow/example_dags/tutorial_taskflow_api.py
[2024-11-20T00:20:45.739+0000] {processor.py:914} INFO - Processing file /home/ubuntu/airflow_venv/lib/python3.12/site-packages/airflow/example_dags/tutorial_taskflow_api.py for tasks to queue
[2024-11-20T00:20:45.742+0000] {logging_mixin.py:190} INFO - [2024-11-20T00:20:45.741+0000] {dagbag.py:588} INFO - Filling up the DagBag from /home/ubuntu/airflow_venv/lib/python3.12/site-packages/airflow/example_dags/tutorial_taskflow_api.py
[2024-11-20T00:20:45.749+0000] {processor.py:925} INFO - DAG(s) 'tutorial_taskflow_api' retrieved from /home/ubuntu/airflow_venv/lib/python3.12/site-packages/airflow/example_dags/tutorial_taskflow_api.py
[2024-11-20T00:20:45.764+0000] {logging_mixin.py:190} INFO - [2024-11-20T00:20:45.763+0000] {dag.py:3239} INFO - Sync 1 DAGs
[2024-11-20T00:20:45.774+0000] {logging_mixin.py:190} INFO - [2024-11-20T00:20:45.774+0000] {dag.py:4180} INFO - Setting next_dagrun for tutorial_taskflow_api to None, run_after=None
[2024-11-20T00:20:45.796+0000] {processor.py:208} INFO - Processing /home/ubuntu/airflow_venv/lib/python3.12/site-packages/airflow/example_dags/tutorial_taskflow_api.py took 0.065 seconds
[2024-11-20T00:21:45.725+0000] {processor.py:186} INFO - Started process (PID=2382) to work on /home/ubuntu/airflow_venv/lib/python3.12/site-packages/airflow/example_dags/tutorial_taskflow_api.py
[2024-11-20T00:21:45.727+0000] {processor.py:914} INFO - Processing file /home/ubuntu/airflow_venv/lib/python3.12/site-packages/airflow/example_dags/tutorial_taskflow_api.py for tasks to queue
[2024-11-20T00:21:45.730+0000] {logging_mixin.py:190} INFO - [2024-11-20T00:21:45.730+0000] {dagbag.py:588} INFO - Filling up the DagBag from /home/ubuntu/airflow_venv/lib/python3.12/site-packages/airflow/example_dags/tutorial_taskflow_api.py
[2024-11-20T00:21:45.738+0000] {processor.py:925} INFO - DAG(s) 'tutorial_taskflow_api' retrieved from /home/ubuntu/airflow_venv/lib/python3.12/site-packages/airflow/example_dags/tutorial_taskflow_api.py
[2024-11-20T00:21:45.753+0000] {logging_mixin.py:190} INFO - [2024-11-20T00:21:45.753+0000] {dag.py:3239} INFO - Sync 1 DAGs
[2024-11-20T00:21:45.765+0000] {logging_mixin.py:190} INFO - [2024-11-20T00:21:45.765+0000] {dag.py:4180} INFO - Setting next_dagrun for tutorial_taskflow_api to None, run_after=None
[2024-11-20T00:21:45.786+0000] {processor.py:208} INFO - Processing /home/ubuntu/airflow_venv/lib/python3.12/site-packages/airflow/example_dags/tutorial_taskflow_api.py took 0.065 seconds
[2024-11-20T00:22:42.354+0000] {processor.py:186} INFO - Started process (PID=2441) to work on /home/ubuntu/airflow_venv/lib/python3.12/site-packages/airflow/example_dags/tutorial_taskflow_api.py
[2024-11-20T00:22:42.356+0000] {processor.py:914} INFO - Processing file /home/ubuntu/airflow_venv/lib/python3.12/site-packages/airflow/example_dags/tutorial_taskflow_api.py for tasks to queue
[2024-11-20T00:22:42.359+0000] {logging_mixin.py:190} INFO - [2024-11-20T00:22:42.359+0000] {dagbag.py:588} INFO - Filling up the DagBag from /home/ubuntu/airflow_venv/lib/python3.12/site-packages/airflow/example_dags/tutorial_taskflow_api.py
[2024-11-20T00:22:42.367+0000] {processor.py:925} INFO - DAG(s) 'tutorial_taskflow_api' retrieved from /home/ubuntu/airflow_venv/lib/python3.12/site-packages/airflow/example_dags/tutorial_taskflow_api.py
[2024-11-20T00:22:42.383+0000] {logging_mixin.py:190} INFO - [2024-11-20T00:22:42.383+0000] {dag.py:3239} INFO - Sync 1 DAGs
[2024-11-20T00:22:42.395+0000] {logging_mixin.py:190} INFO - [2024-11-20T00:22:42.394+0000] {dag.py:4180} INFO - Setting next_dagrun for tutorial_taskflow_api to None, run_after=None
[2024-11-20T00:22:42.417+0000] {processor.py:208} INFO - Processing /home/ubuntu/airflow_venv/lib/python3.12/site-packages/airflow/example_dags/tutorial_taskflow_api.py took 0.068 seconds
[2024-11-20T00:23:37.849+0000] {processor.py:186} INFO - Started process (PID=2497) to work on /home/ubuntu/airflow_venv/lib/python3.12/site-packages/airflow/example_dags/tutorial_taskflow_api.py
[2024-11-20T00:23:37.851+0000] {processor.py:914} INFO - Processing file /home/ubuntu/airflow_venv/lib/python3.12/site-packages/airflow/example_dags/tutorial_taskflow_api.py for tasks to queue
[2024-11-20T00:23:37.854+0000] {logging_mixin.py:190} INFO - [2024-11-20T00:23:37.853+0000] {dagbag.py:588} INFO - Filling up the DagBag from /home/ubuntu/airflow_venv/lib/python3.12/site-packages/airflow/example_dags/tutorial_taskflow_api.py
[2024-11-20T00:23:37.862+0000] {processor.py:925} INFO - DAG(s) 'tutorial_taskflow_api' retrieved from /home/ubuntu/airflow_venv/lib/python3.12/site-packages/airflow/example_dags/tutorial_taskflow_api.py
[2024-11-20T00:23:37.876+0000] {logging_mixin.py:190} INFO - [2024-11-20T00:23:37.876+0000] {dag.py:3239} INFO - Sync 1 DAGs
[2024-11-20T00:23:37.888+0000] {logging_mixin.py:190} INFO - [2024-11-20T00:23:37.888+0000] {dag.py:4180} INFO - Setting next_dagrun for tutorial_taskflow_api to None, run_after=None
[2024-11-20T00:23:37.911+0000] {processor.py:208} INFO - Processing /home/ubuntu/airflow_venv/lib/python3.12/site-packages/airflow/example_dags/tutorial_taskflow_api.py took 0.068 seconds
[2024-11-20T00:24:33.154+0000] {processor.py:186} INFO - Started process (PID=2553) to work on /home/ubuntu/airflow_venv/lib/python3.12/site-packages/airflow/example_dags/tutorial_taskflow_api.py
[2024-11-20T00:24:33.156+0000] {processor.py:914} INFO - Processing file /home/ubuntu/airflow_venv/lib/python3.12/site-packages/airflow/example_dags/tutorial_taskflow_api.py for tasks to queue
[2024-11-20T00:24:33.158+0000] {logging_mixin.py:190} INFO - [2024-11-20T00:24:33.158+0000] {dagbag.py:588} INFO - Filling up the DagBag from /home/ubuntu/airflow_venv/lib/python3.12/site-packages/airflow/example_dags/tutorial_taskflow_api.py
[2024-11-20T00:24:33.166+0000] {processor.py:925} INFO - DAG(s) 'tutorial_taskflow_api' retrieved from /home/ubuntu/airflow_venv/lib/python3.12/site-packages/airflow/example_dags/tutorial_taskflow_api.py
[2024-11-20T00:24:33.182+0000] {logging_mixin.py:190} INFO - [2024-11-20T00:24:33.182+0000] {dag.py:3239} INFO - Sync 1 DAGs
[2024-11-20T00:24:33.193+0000] {logging_mixin.py:190} INFO - [2024-11-20T00:24:33.193+0000] {dag.py:4180} INFO - Setting next_dagrun for tutorial_taskflow_api to None, run_after=None
[2024-11-20T00:24:33.216+0000] {processor.py:208} INFO - Processing /home/ubuntu/airflow_venv/lib/python3.12/site-packages/airflow/example_dags/tutorial_taskflow_api.py took 0.068 seconds
[2024-11-20T00:25:25.691+0000] {processor.py:186} INFO - Started process (PID=2611) to work on /home/ubuntu/airflow_venv/lib/python3.12/site-packages/airflow/example_dags/tutorial_taskflow_api.py
[2024-11-20T00:25:25.693+0000] {processor.py:914} INFO - Processing file /home/ubuntu/airflow_venv/lib/python3.12/site-packages/airflow/example_dags/tutorial_taskflow_api.py for tasks to queue
[2024-11-20T00:25:25.696+0000] {logging_mixin.py:190} INFO - [2024-11-20T00:25:25.695+0000] {dagbag.py:588} INFO - Filling up the DagBag from /home/ubuntu/airflow_venv/lib/python3.12/site-packages/airflow/example_dags/tutorial_taskflow_api.py
[2024-11-20T00:25:25.703+0000] {processor.py:925} INFO - DAG(s) 'tutorial_taskflow_api' retrieved from /home/ubuntu/airflow_venv/lib/python3.12/site-packages/airflow/example_dags/tutorial_taskflow_api.py
[2024-11-20T00:25:25.718+0000] {logging_mixin.py:190} INFO - [2024-11-20T00:25:25.718+0000] {dag.py:3239} INFO - Sync 1 DAGs
[2024-11-20T00:25:25.730+0000] {logging_mixin.py:190} INFO - [2024-11-20T00:25:25.730+0000] {dag.py:4180} INFO - Setting next_dagrun for tutorial_taskflow_api to None, run_after=None
[2024-11-20T00:25:25.752+0000] {processor.py:208} INFO - Processing /home/ubuntu/airflow_venv/lib/python3.12/site-packages/airflow/example_dags/tutorial_taskflow_api.py took 0.066 seconds
[2024-11-20T00:26:21.510+0000] {processor.py:186} INFO - Started process (PID=2670) to work on /home/ubuntu/airflow_venv/lib/python3.12/site-packages/airflow/example_dags/tutorial_taskflow_api.py
[2024-11-20T00:26:21.511+0000] {processor.py:914} INFO - Processing file /home/ubuntu/airflow_venv/lib/python3.12/site-packages/airflow/example_dags/tutorial_taskflow_api.py for tasks to queue
[2024-11-20T00:26:21.513+0000] {logging_mixin.py:190} INFO - [2024-11-20T00:26:21.513+0000] {dagbag.py:588} INFO - Filling up the DagBag from /home/ubuntu/airflow_venv/lib/python3.12/site-packages/airflow/example_dags/tutorial_taskflow_api.py
[2024-11-20T00:26:21.523+0000] {processor.py:925} INFO - DAG(s) 'tutorial_taskflow_api' retrieved from /home/ubuntu/airflow_venv/lib/python3.12/site-packages/airflow/example_dags/tutorial_taskflow_api.py
[2024-11-20T00:26:21.537+0000] {logging_mixin.py:190} INFO - [2024-11-20T00:26:21.536+0000] {dag.py:3239} INFO - Sync 1 DAGs
[2024-11-20T00:26:21.548+0000] {logging_mixin.py:190} INFO - [2024-11-20T00:26:21.548+0000] {dag.py:4180} INFO - Setting next_dagrun for tutorial_taskflow_api to None, run_after=None
[2024-11-20T00:26:21.572+0000] {processor.py:208} INFO - Processing /home/ubuntu/airflow_venv/lib/python3.12/site-packages/airflow/example_dags/tutorial_taskflow_api.py took 0.067 seconds
[2024-11-20T00:27:36.552+0000] {processor.py:186} INFO - Started process (PID=2766) to work on /home/ubuntu/airflow_venv/lib/python3.12/site-packages/airflow/example_dags/tutorial_taskflow_api.py
[2024-11-20T00:27:36.555+0000] {processor.py:914} INFO - Processing file /home/ubuntu/airflow_venv/lib/python3.12/site-packages/airflow/example_dags/tutorial_taskflow_api.py for tasks to queue
[2024-11-20T00:27:36.557+0000] {logging_mixin.py:190} INFO - [2024-11-20T00:27:36.557+0000] {dagbag.py:588} INFO - Filling up the DagBag from /home/ubuntu/airflow_venv/lib/python3.12/site-packages/airflow/example_dags/tutorial_taskflow_api.py
[2024-11-20T00:27:36.567+0000] {processor.py:925} INFO - DAG(s) 'tutorial_taskflow_api' retrieved from /home/ubuntu/airflow_venv/lib/python3.12/site-packages/airflow/example_dags/tutorial_taskflow_api.py
[2024-11-20T00:27:36.581+0000] {logging_mixin.py:190} INFO - [2024-11-20T00:27:36.581+0000] {dag.py:3239} INFO - Sync 1 DAGs
[2024-11-20T00:27:36.592+0000] {logging_mixin.py:190} INFO - [2024-11-20T00:27:36.592+0000] {dag.py:4180} INFO - Setting next_dagrun for tutorial_taskflow_api to None, run_after=None
[2024-11-20T00:27:36.615+0000] {processor.py:208} INFO - Processing /home/ubuntu/airflow_venv/lib/python3.12/site-packages/airflow/example_dags/tutorial_taskflow_api.py took 0.068 seconds
[2024-11-20T00:28:33.463+0000] {processor.py:186} INFO - Started process (PID=2868) to work on /home/ubuntu/airflow_venv/lib/python3.12/site-packages/airflow/example_dags/tutorial_taskflow_api.py
[2024-11-20T00:28:33.465+0000] {processor.py:914} INFO - Processing file /home/ubuntu/airflow_venv/lib/python3.12/site-packages/airflow/example_dags/tutorial_taskflow_api.py for tasks to queue
[2024-11-20T00:28:33.468+0000] {logging_mixin.py:190} INFO - [2024-11-20T00:28:33.467+0000] {dagbag.py:588} INFO - Filling up the DagBag from /home/ubuntu/airflow_venv/lib/python3.12/site-packages/airflow/example_dags/tutorial_taskflow_api.py
[2024-11-20T00:28:33.478+0000] {processor.py:925} INFO - DAG(s) 'tutorial_taskflow_api' retrieved from /home/ubuntu/airflow_venv/lib/python3.12/site-packages/airflow/example_dags/tutorial_taskflow_api.py
[2024-11-20T00:28:33.494+0000] {logging_mixin.py:190} INFO - [2024-11-20T00:28:33.493+0000] {dag.py:3239} INFO - Sync 1 DAGs
[2024-11-20T00:28:33.508+0000] {logging_mixin.py:190} INFO - [2024-11-20T00:28:33.508+0000] {dag.py:4180} INFO - Setting next_dagrun for tutorial_taskflow_api to None, run_after=None
[2024-11-20T00:28:33.532+0000] {processor.py:208} INFO - Processing /home/ubuntu/airflow_venv/lib/python3.12/site-packages/airflow/example_dags/tutorial_taskflow_api.py took 0.077 seconds
[2024-11-20T00:29:38.307+0000] {processor.py:186} INFO - Started process (PID=3018) to work on /home/ubuntu/airflow_venv/lib/python3.12/site-packages/airflow/example_dags/tutorial_taskflow_api.py
[2024-11-20T00:29:38.309+0000] {processor.py:914} INFO - Processing file /home/ubuntu/airflow_venv/lib/python3.12/site-packages/airflow/example_dags/tutorial_taskflow_api.py for tasks to queue
[2024-11-20T00:29:38.310+0000] {logging_mixin.py:190} INFO - [2024-11-20T00:29:38.310+0000] {dagbag.py:588} INFO - Filling up the DagBag from /home/ubuntu/airflow_venv/lib/python3.12/site-packages/airflow/example_dags/tutorial_taskflow_api.py
[2024-11-20T00:29:38.320+0000] {processor.py:925} INFO - DAG(s) 'tutorial_taskflow_api' retrieved from /home/ubuntu/airflow_venv/lib/python3.12/site-packages/airflow/example_dags/tutorial_taskflow_api.py
[2024-11-20T00:29:38.335+0000] {logging_mixin.py:190} INFO - [2024-11-20T00:29:38.335+0000] {dag.py:3239} INFO - Sync 1 DAGs
[2024-11-20T00:29:38.347+0000] {logging_mixin.py:190} INFO - [2024-11-20T00:29:38.347+0000] {dag.py:4180} INFO - Setting next_dagrun for tutorial_taskflow_api to None, run_after=None
[2024-11-20T00:29:38.368+0000] {processor.py:208} INFO - Processing /home/ubuntu/airflow_venv/lib/python3.12/site-packages/airflow/example_dags/tutorial_taskflow_api.py took 0.066 seconds
[2024-11-20T00:30:35.288+0000] {processor.py:186} INFO - Started process (PID=3080) to work on /home/ubuntu/airflow_venv/lib/python3.12/site-packages/airflow/example_dags/tutorial_taskflow_api.py
[2024-11-20T00:30:35.290+0000] {processor.py:914} INFO - Processing file /home/ubuntu/airflow_venv/lib/python3.12/site-packages/airflow/example_dags/tutorial_taskflow_api.py for tasks to queue
[2024-11-20T00:30:35.292+0000] {logging_mixin.py:190} INFO - [2024-11-20T00:30:35.291+0000] {dagbag.py:588} INFO - Filling up the DagBag from /home/ubuntu/airflow_venv/lib/python3.12/site-packages/airflow/example_dags/tutorial_taskflow_api.py
[2024-11-20T00:30:35.301+0000] {processor.py:925} INFO - DAG(s) 'tutorial_taskflow_api' retrieved from /home/ubuntu/airflow_venv/lib/python3.12/site-packages/airflow/example_dags/tutorial_taskflow_api.py
[2024-11-20T00:30:35.316+0000] {logging_mixin.py:190} INFO - [2024-11-20T00:30:35.316+0000] {dag.py:3239} INFO - Sync 1 DAGs
[2024-11-20T00:30:35.328+0000] {logging_mixin.py:190} INFO - [2024-11-20T00:30:35.328+0000] {dag.py:4180} INFO - Setting next_dagrun for tutorial_taskflow_api to None, run_after=None
[2024-11-20T00:30:35.350+0000] {processor.py:208} INFO - Processing /home/ubuntu/airflow_venv/lib/python3.12/site-packages/airflow/example_dags/tutorial_taskflow_api.py took 0.067 seconds
[2024-11-20T00:31:31.625+0000] {processor.py:186} INFO - Started process (PID=3258) to work on /home/ubuntu/airflow_venv/lib/python3.12/site-packages/airflow/example_dags/tutorial_taskflow_api.py
[2024-11-20T00:31:31.627+0000] {processor.py:914} INFO - Processing file /home/ubuntu/airflow_venv/lib/python3.12/site-packages/airflow/example_dags/tutorial_taskflow_api.py for tasks to queue
[2024-11-20T00:31:31.628+0000] {logging_mixin.py:190} INFO - [2024-11-20T00:31:31.628+0000] {dagbag.py:588} INFO - Filling up the DagBag from /home/ubuntu/airflow_venv/lib/python3.12/site-packages/airflow/example_dags/tutorial_taskflow_api.py
[2024-11-20T00:31:31.637+0000] {processor.py:925} INFO - DAG(s) 'tutorial_taskflow_api' retrieved from /home/ubuntu/airflow_venv/lib/python3.12/site-packages/airflow/example_dags/tutorial_taskflow_api.py
[2024-11-20T00:31:31.652+0000] {logging_mixin.py:190} INFO - [2024-11-20T00:31:31.651+0000] {dag.py:3239} INFO - Sync 1 DAGs
[2024-11-20T00:31:31.663+0000] {logging_mixin.py:190} INFO - [2024-11-20T00:31:31.663+0000] {dag.py:4180} INFO - Setting next_dagrun for tutorial_taskflow_api to None, run_after=None
[2024-11-20T00:31:31.684+0000] {processor.py:208} INFO - Processing /home/ubuntu/airflow_venv/lib/python3.12/site-packages/airflow/example_dags/tutorial_taskflow_api.py took 0.064 seconds
[2024-11-20T00:32:24.469+0000] {processor.py:186} INFO - Started process (PID=3332) to work on /home/ubuntu/airflow_venv/lib/python3.12/site-packages/airflow/example_dags/tutorial_taskflow_api.py
[2024-11-20T00:32:24.471+0000] {processor.py:914} INFO - Processing file /home/ubuntu/airflow_venv/lib/python3.12/site-packages/airflow/example_dags/tutorial_taskflow_api.py for tasks to queue
[2024-11-20T00:32:24.472+0000] {logging_mixin.py:190} INFO - [2024-11-20T00:32:24.472+0000] {dagbag.py:588} INFO - Filling up the DagBag from /home/ubuntu/airflow_venv/lib/python3.12/site-packages/airflow/example_dags/tutorial_taskflow_api.py
[2024-11-20T00:32:24.482+0000] {processor.py:925} INFO - DAG(s) 'tutorial_taskflow_api' retrieved from /home/ubuntu/airflow_venv/lib/python3.12/site-packages/airflow/example_dags/tutorial_taskflow_api.py
[2024-11-20T00:32:24.496+0000] {logging_mixin.py:190} INFO - [2024-11-20T00:32:24.496+0000] {dag.py:3239} INFO - Sync 1 DAGs
[2024-11-20T00:32:24.509+0000] {logging_mixin.py:190} INFO - [2024-11-20T00:32:24.509+0000] {dag.py:4180} INFO - Setting next_dagrun for tutorial_taskflow_api to None, run_after=None
[2024-11-20T00:32:24.532+0000] {processor.py:208} INFO - Processing /home/ubuntu/airflow_venv/lib/python3.12/site-packages/airflow/example_dags/tutorial_taskflow_api.py took 0.068 seconds
[2024-11-20T00:33:18.449+0000] {processor.py:186} INFO - Started process (PID=3894) to work on /home/ubuntu/airflow_venv/lib/python3.12/site-packages/airflow/example_dags/tutorial_taskflow_api.py
[2024-11-20T00:33:18.452+0000] {processor.py:914} INFO - Processing file /home/ubuntu/airflow_venv/lib/python3.12/site-packages/airflow/example_dags/tutorial_taskflow_api.py for tasks to queue
[2024-11-20T00:33:18.454+0000] {logging_mixin.py:190} INFO - [2024-11-20T00:33:18.454+0000] {dagbag.py:588} INFO - Filling up the DagBag from /home/ubuntu/airflow_venv/lib/python3.12/site-packages/airflow/example_dags/tutorial_taskflow_api.py
[2024-11-20T00:33:18.475+0000] {processor.py:925} INFO - DAG(s) 'tutorial_taskflow_api' retrieved from /home/ubuntu/airflow_venv/lib/python3.12/site-packages/airflow/example_dags/tutorial_taskflow_api.py
[2024-11-20T00:33:18.522+0000] {logging_mixin.py:190} INFO - [2024-11-20T00:33:18.522+0000] {dag.py:3239} INFO - Sync 1 DAGs
[2024-11-20T00:33:18.546+0000] {logging_mixin.py:190} INFO - [2024-11-20T00:33:18.546+0000] {dag.py:4180} INFO - Setting next_dagrun for tutorial_taskflow_api to None, run_after=None
[2024-11-20T00:33:18.580+0000] {processor.py:208} INFO - Processing /home/ubuntu/airflow_venv/lib/python3.12/site-packages/airflow/example_dags/tutorial_taskflow_api.py took 0.146 seconds
[2024-11-20T00:34:22.664+0000] {processor.py:186} INFO - Started process (PID=4032) to work on /home/ubuntu/airflow_venv/lib/python3.12/site-packages/airflow/example_dags/tutorial_taskflow_api.py
[2024-11-20T00:34:22.665+0000] {processor.py:914} INFO - Processing file /home/ubuntu/airflow_venv/lib/python3.12/site-packages/airflow/example_dags/tutorial_taskflow_api.py for tasks to queue
[2024-11-20T00:34:22.666+0000] {logging_mixin.py:190} INFO - [2024-11-20T00:34:22.665+0000] {dagbag.py:588} INFO - Filling up the DagBag from /home/ubuntu/airflow_venv/lib/python3.12/site-packages/airflow/example_dags/tutorial_taskflow_api.py
[2024-11-20T00:34:22.674+0000] {processor.py:925} INFO - DAG(s) 'tutorial_taskflow_api' retrieved from /home/ubuntu/airflow_venv/lib/python3.12/site-packages/airflow/example_dags/tutorial_taskflow_api.py
[2024-11-20T00:34:22.690+0000] {logging_mixin.py:190} INFO - [2024-11-20T00:34:22.688+0000] {dag.py:3239} INFO - Sync 1 DAGs
[2024-11-20T00:34:22.701+0000] {logging_mixin.py:190} INFO - [2024-11-20T00:34:22.701+0000] {dag.py:4180} INFO - Setting next_dagrun for tutorial_taskflow_api to None, run_after=None
[2024-11-20T00:34:22.723+0000] {processor.py:208} INFO - Processing /home/ubuntu/airflow_venv/lib/python3.12/site-packages/airflow/example_dags/tutorial_taskflow_api.py took 0.066 seconds
[2024-11-20T00:35:20.897+0000] {processor.py:186} INFO - Started process (PID=4117) to work on /home/ubuntu/airflow_venv/lib/python3.12/site-packages/airflow/example_dags/tutorial_taskflow_api.py
[2024-11-20T00:35:20.898+0000] {processor.py:914} INFO - Processing file /home/ubuntu/airflow_venv/lib/python3.12/site-packages/airflow/example_dags/tutorial_taskflow_api.py for tasks to queue
[2024-11-20T00:35:20.899+0000] {logging_mixin.py:190} INFO - [2024-11-20T00:35:20.899+0000] {dagbag.py:588} INFO - Filling up the DagBag from /home/ubuntu/airflow_venv/lib/python3.12/site-packages/airflow/example_dags/tutorial_taskflow_api.py
[2024-11-20T00:35:20.908+0000] {processor.py:925} INFO - DAG(s) 'tutorial_taskflow_api' retrieved from /home/ubuntu/airflow_venv/lib/python3.12/site-packages/airflow/example_dags/tutorial_taskflow_api.py
[2024-11-20T00:35:20.922+0000] {logging_mixin.py:190} INFO - [2024-11-20T00:35:20.922+0000] {dag.py:3239} INFO - Sync 1 DAGs
[2024-11-20T00:35:20.936+0000] {logging_mixin.py:190} INFO - [2024-11-20T00:35:20.936+0000] {dag.py:4180} INFO - Setting next_dagrun for tutorial_taskflow_api to None, run_after=None
[2024-11-20T00:35:20.956+0000] {processor.py:208} INFO - Processing /home/ubuntu/airflow_venv/lib/python3.12/site-packages/airflow/example_dags/tutorial_taskflow_api.py took 0.066 seconds
[2024-11-20T00:36:16.068+0000] {processor.py:186} INFO - Started process (PID=4175) to work on /home/ubuntu/airflow_venv/lib/python3.12/site-packages/airflow/example_dags/tutorial_taskflow_api.py
[2024-11-20T00:36:16.069+0000] {processor.py:914} INFO - Processing file /home/ubuntu/airflow_venv/lib/python3.12/site-packages/airflow/example_dags/tutorial_taskflow_api.py for tasks to queue
[2024-11-20T00:36:16.071+0000] {logging_mixin.py:190} INFO - [2024-11-20T00:36:16.070+0000] {dagbag.py:588} INFO - Filling up the DagBag from /home/ubuntu/airflow_venv/lib/python3.12/site-packages/airflow/example_dags/tutorial_taskflow_api.py
[2024-11-20T00:36:16.079+0000] {processor.py:925} INFO - DAG(s) 'tutorial_taskflow_api' retrieved from /home/ubuntu/airflow_venv/lib/python3.12/site-packages/airflow/example_dags/tutorial_taskflow_api.py
[2024-11-20T00:36:16.094+0000] {logging_mixin.py:190} INFO - [2024-11-20T00:36:16.094+0000] {dag.py:3239} INFO - Sync 1 DAGs
[2024-11-20T00:36:16.107+0000] {logging_mixin.py:190} INFO - [2024-11-20T00:36:16.107+0000] {dag.py:4180} INFO - Setting next_dagrun for tutorial_taskflow_api to None, run_after=None
[2024-11-20T00:36:16.128+0000] {processor.py:208} INFO - Processing /home/ubuntu/airflow_venv/lib/python3.12/site-packages/airflow/example_dags/tutorial_taskflow_api.py took 0.068 seconds
[2024-11-20T00:37:08.120+0000] {processor.py:186} INFO - Started process (PID=4229) to work on /home/ubuntu/airflow_venv/lib/python3.12/site-packages/airflow/example_dags/tutorial_taskflow_api.py
[2024-11-20T00:37:08.122+0000] {processor.py:914} INFO - Processing file /home/ubuntu/airflow_venv/lib/python3.12/site-packages/airflow/example_dags/tutorial_taskflow_api.py for tasks to queue
[2024-11-20T00:37:08.123+0000] {logging_mixin.py:190} INFO - [2024-11-20T00:37:08.123+0000] {dagbag.py:588} INFO - Filling up the DagBag from /home/ubuntu/airflow_venv/lib/python3.12/site-packages/airflow/example_dags/tutorial_taskflow_api.py
[2024-11-20T00:37:08.133+0000] {processor.py:925} INFO - DAG(s) 'tutorial_taskflow_api' retrieved from /home/ubuntu/airflow_venv/lib/python3.12/site-packages/airflow/example_dags/tutorial_taskflow_api.py
[2024-11-20T00:37:08.147+0000] {logging_mixin.py:190} INFO - [2024-11-20T00:37:08.147+0000] {dag.py:3239} INFO - Sync 1 DAGs
[2024-11-20T00:37:08.159+0000] {logging_mixin.py:190} INFO - [2024-11-20T00:37:08.159+0000] {dag.py:4180} INFO - Setting next_dagrun for tutorial_taskflow_api to None, run_after=None
[2024-11-20T00:37:08.182+0000] {processor.py:208} INFO - Processing /home/ubuntu/airflow_venv/lib/python3.12/site-packages/airflow/example_dags/tutorial_taskflow_api.py took 0.069 seconds
[2024-11-20T00:38:06.388+0000] {processor.py:186} INFO - Started process (PID=4315) to work on /home/ubuntu/airflow_venv/lib/python3.12/site-packages/airflow/example_dags/tutorial_taskflow_api.py
[2024-11-20T00:38:06.391+0000] {processor.py:914} INFO - Processing file /home/ubuntu/airflow_venv/lib/python3.12/site-packages/airflow/example_dags/tutorial_taskflow_api.py for tasks to queue
[2024-11-20T00:38:06.391+0000] {logging_mixin.py:190} INFO - [2024-11-20T00:38:06.391+0000] {dagbag.py:588} INFO - Filling up the DagBag from /home/ubuntu/airflow_venv/lib/python3.12/site-packages/airflow/example_dags/tutorial_taskflow_api.py
[2024-11-20T00:38:06.400+0000] {processor.py:925} INFO - DAG(s) 'tutorial_taskflow_api' retrieved from /home/ubuntu/airflow_venv/lib/python3.12/site-packages/airflow/example_dags/tutorial_taskflow_api.py
[2024-11-20T00:38:06.415+0000] {logging_mixin.py:190} INFO - [2024-11-20T00:38:06.415+0000] {dag.py:3239} INFO - Sync 1 DAGs
[2024-11-20T00:38:06.428+0000] {logging_mixin.py:190} INFO - [2024-11-20T00:38:06.428+0000] {dag.py:4180} INFO - Setting next_dagrun for tutorial_taskflow_api to None, run_after=None
[2024-11-20T00:38:06.450+0000] {processor.py:208} INFO - Processing /home/ubuntu/airflow_venv/lib/python3.12/site-packages/airflow/example_dags/tutorial_taskflow_api.py took 0.068 seconds
[2024-11-20T00:39:02.302+0000] {processor.py:186} INFO - Started process (PID=4373) to work on /home/ubuntu/airflow_venv/lib/python3.12/site-packages/airflow/example_dags/tutorial_taskflow_api.py
[2024-11-20T00:39:02.304+0000] {processor.py:914} INFO - Processing file /home/ubuntu/airflow_venv/lib/python3.12/site-packages/airflow/example_dags/tutorial_taskflow_api.py for tasks to queue
[2024-11-20T00:39:02.305+0000] {logging_mixin.py:190} INFO - [2024-11-20T00:39:02.304+0000] {dagbag.py:588} INFO - Filling up the DagBag from /home/ubuntu/airflow_venv/lib/python3.12/site-packages/airflow/example_dags/tutorial_taskflow_api.py
[2024-11-20T00:39:02.313+0000] {processor.py:925} INFO - DAG(s) 'tutorial_taskflow_api' retrieved from /home/ubuntu/airflow_venv/lib/python3.12/site-packages/airflow/example_dags/tutorial_taskflow_api.py
[2024-11-20T00:39:02.328+0000] {logging_mixin.py:190} INFO - [2024-11-20T00:39:02.328+0000] {dag.py:3239} INFO - Sync 1 DAGs
[2024-11-20T00:39:02.341+0000] {logging_mixin.py:190} INFO - [2024-11-20T00:39:02.341+0000] {dag.py:4180} INFO - Setting next_dagrun for tutorial_taskflow_api to None, run_after=None
[2024-11-20T00:39:02.365+0000] {processor.py:208} INFO - Processing /home/ubuntu/airflow_venv/lib/python3.12/site-packages/airflow/example_dags/tutorial_taskflow_api.py took 0.071 seconds
[2024-11-20T00:40:05.682+0000] {processor.py:186} INFO - Started process (PID=4468) to work on /home/ubuntu/airflow_venv/lib/python3.12/site-packages/airflow/example_dags/tutorial_taskflow_api.py
[2024-11-20T00:40:05.684+0000] {processor.py:914} INFO - Processing file /home/ubuntu/airflow_venv/lib/python3.12/site-packages/airflow/example_dags/tutorial_taskflow_api.py for tasks to queue
[2024-11-20T00:40:05.686+0000] {logging_mixin.py:190} INFO - [2024-11-20T00:40:05.685+0000] {dagbag.py:588} INFO - Filling up the DagBag from /home/ubuntu/airflow_venv/lib/python3.12/site-packages/airflow/example_dags/tutorial_taskflow_api.py
[2024-11-20T00:40:05.694+0000] {processor.py:925} INFO - DAG(s) 'tutorial_taskflow_api' retrieved from /home/ubuntu/airflow_venv/lib/python3.12/site-packages/airflow/example_dags/tutorial_taskflow_api.py
[2024-11-20T00:40:05.709+0000] {logging_mixin.py:190} INFO - [2024-11-20T00:40:05.709+0000] {dag.py:3239} INFO - Sync 1 DAGs
[2024-11-20T00:40:05.721+0000] {logging_mixin.py:190} INFO - [2024-11-20T00:40:05.721+0000] {dag.py:4180} INFO - Setting next_dagrun for tutorial_taskflow_api to None, run_after=None
[2024-11-20T00:40:05.742+0000] {processor.py:208} INFO - Processing /home/ubuntu/airflow_venv/lib/python3.12/site-packages/airflow/example_dags/tutorial_taskflow_api.py took 0.068 seconds
[2024-11-20T00:41:02.357+0000] {processor.py:186} INFO - Started process (PID=4530) to work on /home/ubuntu/airflow_venv/lib/python3.12/site-packages/airflow/example_dags/tutorial_taskflow_api.py
[2024-11-20T00:41:02.358+0000] {processor.py:914} INFO - Processing file /home/ubuntu/airflow_venv/lib/python3.12/site-packages/airflow/example_dags/tutorial_taskflow_api.py for tasks to queue
[2024-11-20T00:41:02.360+0000] {logging_mixin.py:190} INFO - [2024-11-20T00:41:02.360+0000] {dagbag.py:588} INFO - Filling up the DagBag from /home/ubuntu/airflow_venv/lib/python3.12/site-packages/airflow/example_dags/tutorial_taskflow_api.py
[2024-11-20T00:41:02.368+0000] {processor.py:925} INFO - DAG(s) 'tutorial_taskflow_api' retrieved from /home/ubuntu/airflow_venv/lib/python3.12/site-packages/airflow/example_dags/tutorial_taskflow_api.py
[2024-11-20T00:41:02.384+0000] {logging_mixin.py:190} INFO - [2024-11-20T00:41:02.384+0000] {dag.py:3239} INFO - Sync 1 DAGs
[2024-11-20T00:41:02.396+0000] {logging_mixin.py:190} INFO - [2024-11-20T00:41:02.396+0000] {dag.py:4180} INFO - Setting next_dagrun for tutorial_taskflow_api to None, run_after=None
[2024-11-20T00:41:02.421+0000] {processor.py:208} INFO - Processing /home/ubuntu/airflow_venv/lib/python3.12/site-packages/airflow/example_dags/tutorial_taskflow_api.py took 0.071 seconds
[2024-11-20T00:41:53.812+0000] {processor.py:186} INFO - Started process (PID=4585) to work on /home/ubuntu/airflow_venv/lib/python3.12/site-packages/airflow/example_dags/tutorial_taskflow_api.py
[2024-11-20T00:41:53.813+0000] {processor.py:914} INFO - Processing file /home/ubuntu/airflow_venv/lib/python3.12/site-packages/airflow/example_dags/tutorial_taskflow_api.py for tasks to queue
[2024-11-20T00:41:53.814+0000] {logging_mixin.py:190} INFO - [2024-11-20T00:41:53.813+0000] {dagbag.py:588} INFO - Filling up the DagBag from /home/ubuntu/airflow_venv/lib/python3.12/site-packages/airflow/example_dags/tutorial_taskflow_api.py
[2024-11-20T00:41:53.822+0000] {processor.py:925} INFO - DAG(s) 'tutorial_taskflow_api' retrieved from /home/ubuntu/airflow_venv/lib/python3.12/site-packages/airflow/example_dags/tutorial_taskflow_api.py
[2024-11-20T00:41:53.837+0000] {logging_mixin.py:190} INFO - [2024-11-20T00:41:53.836+0000] {dag.py:3239} INFO - Sync 1 DAGs
[2024-11-20T00:41:53.848+0000] {logging_mixin.py:190} INFO - [2024-11-20T00:41:53.848+0000] {dag.py:4180} INFO - Setting next_dagrun for tutorial_taskflow_api to None, run_after=None
[2024-11-20T00:41:53.869+0000] {processor.py:208} INFO - Processing /home/ubuntu/airflow_venv/lib/python3.12/site-packages/airflow/example_dags/tutorial_taskflow_api.py took 0.066 seconds
[2024-11-20T00:42:47.991+0000] {processor.py:186} INFO - Started process (PID=4640) to work on /home/ubuntu/airflow_venv/lib/python3.12/site-packages/airflow/example_dags/tutorial_taskflow_api.py
[2024-11-20T00:42:47.993+0000] {processor.py:914} INFO - Processing file /home/ubuntu/airflow_venv/lib/python3.12/site-packages/airflow/example_dags/tutorial_taskflow_api.py for tasks to queue
[2024-11-20T00:42:47.994+0000] {logging_mixin.py:190} INFO - [2024-11-20T00:42:47.993+0000] {dagbag.py:588} INFO - Filling up the DagBag from /home/ubuntu/airflow_venv/lib/python3.12/site-packages/airflow/example_dags/tutorial_taskflow_api.py
[2024-11-20T00:42:48.003+0000] {processor.py:925} INFO - DAG(s) 'tutorial_taskflow_api' retrieved from /home/ubuntu/airflow_venv/lib/python3.12/site-packages/airflow/example_dags/tutorial_taskflow_api.py
[2024-11-20T00:42:48.018+0000] {logging_mixin.py:190} INFO - [2024-11-20T00:42:48.017+0000] {dag.py:3239} INFO - Sync 1 DAGs
[2024-11-20T00:42:48.031+0000] {logging_mixin.py:190} INFO - [2024-11-20T00:42:48.031+0000] {dag.py:4180} INFO - Setting next_dagrun for tutorial_taskflow_api to None, run_after=None
[2024-11-20T00:42:48.054+0000] {processor.py:208} INFO - Processing /home/ubuntu/airflow_venv/lib/python3.12/site-packages/airflow/example_dags/tutorial_taskflow_api.py took 0.070 seconds
[2024-11-20T00:43:44.566+0000] {processor.py:186} INFO - Started process (PID=4699) to work on /home/ubuntu/airflow_venv/lib/python3.12/site-packages/airflow/example_dags/tutorial_taskflow_api.py
[2024-11-20T00:43:44.568+0000] {processor.py:914} INFO - Processing file /home/ubuntu/airflow_venv/lib/python3.12/site-packages/airflow/example_dags/tutorial_taskflow_api.py for tasks to queue
[2024-11-20T00:43:44.570+0000] {logging_mixin.py:190} INFO - [2024-11-20T00:43:44.569+0000] {dagbag.py:588} INFO - Filling up the DagBag from /home/ubuntu/airflow_venv/lib/python3.12/site-packages/airflow/example_dags/tutorial_taskflow_api.py
[2024-11-20T00:43:44.578+0000] {processor.py:925} INFO - DAG(s) 'tutorial_taskflow_api' retrieved from /home/ubuntu/airflow_venv/lib/python3.12/site-packages/airflow/example_dags/tutorial_taskflow_api.py
[2024-11-20T00:43:44.592+0000] {logging_mixin.py:190} INFO - [2024-11-20T00:43:44.592+0000] {dag.py:3239} INFO - Sync 1 DAGs
[2024-11-20T00:43:44.605+0000] {logging_mixin.py:190} INFO - [2024-11-20T00:43:44.604+0000] {dag.py:4180} INFO - Setting next_dagrun for tutorial_taskflow_api to None, run_after=None
[2024-11-20T00:43:44.627+0000] {processor.py:208} INFO - Processing /home/ubuntu/airflow_venv/lib/python3.12/site-packages/airflow/example_dags/tutorial_taskflow_api.py took 0.067 seconds
[2024-11-20T00:44:37.751+0000] {processor.py:186} INFO - Started process (PID=4754) to work on /home/ubuntu/airflow_venv/lib/python3.12/site-packages/airflow/example_dags/tutorial_taskflow_api.py
[2024-11-20T00:44:37.753+0000] {processor.py:914} INFO - Processing file /home/ubuntu/airflow_venv/lib/python3.12/site-packages/airflow/example_dags/tutorial_taskflow_api.py for tasks to queue
[2024-11-20T00:44:37.754+0000] {logging_mixin.py:190} INFO - [2024-11-20T00:44:37.753+0000] {dagbag.py:588} INFO - Filling up the DagBag from /home/ubuntu/airflow_venv/lib/python3.12/site-packages/airflow/example_dags/tutorial_taskflow_api.py
[2024-11-20T00:44:37.763+0000] {processor.py:925} INFO - DAG(s) 'tutorial_taskflow_api' retrieved from /home/ubuntu/airflow_venv/lib/python3.12/site-packages/airflow/example_dags/tutorial_taskflow_api.py
[2024-11-20T00:44:37.778+0000] {logging_mixin.py:190} INFO - [2024-11-20T00:44:37.778+0000] {dag.py:3239} INFO - Sync 1 DAGs
[2024-11-20T00:44:37.790+0000] {logging_mixin.py:190} INFO - [2024-11-20T00:44:37.790+0000] {dag.py:4180} INFO - Setting next_dagrun for tutorial_taskflow_api to None, run_after=None
[2024-11-20T00:44:37.812+0000] {processor.py:208} INFO - Processing /home/ubuntu/airflow_venv/lib/python3.12/site-packages/airflow/example_dags/tutorial_taskflow_api.py took 0.068 seconds
[2024-11-20T00:45:33.188+0000] {processor.py:186} INFO - Started process (PID=4814) to work on /home/ubuntu/airflow_venv/lib/python3.12/site-packages/airflow/example_dags/tutorial_taskflow_api.py
[2024-11-20T00:45:33.190+0000] {processor.py:914} INFO - Processing file /home/ubuntu/airflow_venv/lib/python3.12/site-packages/airflow/example_dags/tutorial_taskflow_api.py for tasks to queue
[2024-11-20T00:45:33.191+0000] {logging_mixin.py:190} INFO - [2024-11-20T00:45:33.190+0000] {dagbag.py:588} INFO - Filling up the DagBag from /home/ubuntu/airflow_venv/lib/python3.12/site-packages/airflow/example_dags/tutorial_taskflow_api.py
[2024-11-20T00:45:33.200+0000] {processor.py:925} INFO - DAG(s) 'tutorial_taskflow_api' retrieved from /home/ubuntu/airflow_venv/lib/python3.12/site-packages/airflow/example_dags/tutorial_taskflow_api.py
[2024-11-20T00:45:33.214+0000] {logging_mixin.py:190} INFO - [2024-11-20T00:45:33.214+0000] {dag.py:3239} INFO - Sync 1 DAGs
[2024-11-20T00:45:33.227+0000] {logging_mixin.py:190} INFO - [2024-11-20T00:45:33.226+0000] {dag.py:4180} INFO - Setting next_dagrun for tutorial_taskflow_api to None, run_after=None
[2024-11-20T00:45:33.249+0000] {processor.py:208} INFO - Processing /home/ubuntu/airflow_venv/lib/python3.12/site-packages/airflow/example_dags/tutorial_taskflow_api.py took 0.068 seconds
[2024-11-20T00:46:27.886+0000] {processor.py:186} INFO - Started process (PID=4871) to work on /home/ubuntu/airflow_venv/lib/python3.12/site-packages/airflow/example_dags/tutorial_taskflow_api.py
[2024-11-20T00:46:27.888+0000] {processor.py:914} INFO - Processing file /home/ubuntu/airflow_venv/lib/python3.12/site-packages/airflow/example_dags/tutorial_taskflow_api.py for tasks to queue
[2024-11-20T00:46:27.889+0000] {logging_mixin.py:190} INFO - [2024-11-20T00:46:27.889+0000] {dagbag.py:588} INFO - Filling up the DagBag from /home/ubuntu/airflow_venv/lib/python3.12/site-packages/airflow/example_dags/tutorial_taskflow_api.py
[2024-11-20T00:46:27.898+0000] {processor.py:925} INFO - DAG(s) 'tutorial_taskflow_api' retrieved from /home/ubuntu/airflow_venv/lib/python3.12/site-packages/airflow/example_dags/tutorial_taskflow_api.py
[2024-11-20T00:46:27.912+0000] {logging_mixin.py:190} INFO - [2024-11-20T00:46:27.912+0000] {dag.py:3239} INFO - Sync 1 DAGs
[2024-11-20T00:46:27.924+0000] {logging_mixin.py:190} INFO - [2024-11-20T00:46:27.924+0000] {dag.py:4180} INFO - Setting next_dagrun for tutorial_taskflow_api to None, run_after=None
[2024-11-20T00:46:27.955+0000] {processor.py:208} INFO - Processing /home/ubuntu/airflow_venv/lib/python3.12/site-packages/airflow/example_dags/tutorial_taskflow_api.py took 0.075 seconds
[2024-11-20T00:47:20.626+0000] {processor.py:186} INFO - Started process (PID=4925) to work on /home/ubuntu/airflow_venv/lib/python3.12/site-packages/airflow/example_dags/tutorial_taskflow_api.py
[2024-11-20T00:47:20.627+0000] {processor.py:914} INFO - Processing file /home/ubuntu/airflow_venv/lib/python3.12/site-packages/airflow/example_dags/tutorial_taskflow_api.py for tasks to queue
[2024-11-20T00:47:20.628+0000] {logging_mixin.py:190} INFO - [2024-11-20T00:47:20.628+0000] {dagbag.py:588} INFO - Filling up the DagBag from /home/ubuntu/airflow_venv/lib/python3.12/site-packages/airflow/example_dags/tutorial_taskflow_api.py
[2024-11-20T00:47:20.637+0000] {processor.py:925} INFO - DAG(s) 'tutorial_taskflow_api' retrieved from /home/ubuntu/airflow_venv/lib/python3.12/site-packages/airflow/example_dags/tutorial_taskflow_api.py
[2024-11-20T00:47:20.651+0000] {logging_mixin.py:190} INFO - [2024-11-20T00:47:20.650+0000] {dag.py:3239} INFO - Sync 1 DAGs
[2024-11-20T00:47:20.662+0000] {logging_mixin.py:190} INFO - [2024-11-20T00:47:20.662+0000] {dag.py:4180} INFO - Setting next_dagrun for tutorial_taskflow_api to None, run_after=None
[2024-11-20T00:47:20.684+0000] {processor.py:208} INFO - Processing /home/ubuntu/airflow_venv/lib/python3.12/site-packages/airflow/example_dags/tutorial_taskflow_api.py took 0.065 seconds
[2024-11-20T00:48:11.954+0000] {processor.py:186} INFO - Started process (PID=4979) to work on /home/ubuntu/airflow_venv/lib/python3.12/site-packages/airflow/example_dags/tutorial_taskflow_api.py
[2024-11-20T00:48:11.956+0000] {processor.py:914} INFO - Processing file /home/ubuntu/airflow_venv/lib/python3.12/site-packages/airflow/example_dags/tutorial_taskflow_api.py for tasks to queue
[2024-11-20T00:48:11.957+0000] {logging_mixin.py:190} INFO - [2024-11-20T00:48:11.956+0000] {dagbag.py:588} INFO - Filling up the DagBag from /home/ubuntu/airflow_venv/lib/python3.12/site-packages/airflow/example_dags/tutorial_taskflow_api.py
[2024-11-20T00:48:11.965+0000] {processor.py:925} INFO - DAG(s) 'tutorial_taskflow_api' retrieved from /home/ubuntu/airflow_venv/lib/python3.12/site-packages/airflow/example_dags/tutorial_taskflow_api.py
[2024-11-20T00:48:11.981+0000] {logging_mixin.py:190} INFO - [2024-11-20T00:48:11.981+0000] {dag.py:3239} INFO - Sync 1 DAGs
[2024-11-20T00:48:11.992+0000] {logging_mixin.py:190} INFO - [2024-11-20T00:48:11.992+0000] {dag.py:4180} INFO - Setting next_dagrun for tutorial_taskflow_api to None, run_after=None
[2024-11-20T00:48:12.014+0000] {processor.py:208} INFO - Processing /home/ubuntu/airflow_venv/lib/python3.12/site-packages/airflow/example_dags/tutorial_taskflow_api.py took 0.067 seconds
[2024-11-20T00:49:06.763+0000] {processor.py:186} INFO - Started process (PID=5035) to work on /home/ubuntu/airflow_venv/lib/python3.12/site-packages/airflow/example_dags/tutorial_taskflow_api.py
[2024-11-20T00:49:06.765+0000] {processor.py:914} INFO - Processing file /home/ubuntu/airflow_venv/lib/python3.12/site-packages/airflow/example_dags/tutorial_taskflow_api.py for tasks to queue
[2024-11-20T00:49:06.765+0000] {logging_mixin.py:190} INFO - [2024-11-20T00:49:06.765+0000] {dagbag.py:588} INFO - Filling up the DagBag from /home/ubuntu/airflow_venv/lib/python3.12/site-packages/airflow/example_dags/tutorial_taskflow_api.py
[2024-11-20T00:49:06.774+0000] {processor.py:925} INFO - DAG(s) 'tutorial_taskflow_api' retrieved from /home/ubuntu/airflow_venv/lib/python3.12/site-packages/airflow/example_dags/tutorial_taskflow_api.py
[2024-11-20T00:49:06.789+0000] {logging_mixin.py:190} INFO - [2024-11-20T00:49:06.789+0000] {dag.py:3239} INFO - Sync 1 DAGs
[2024-11-20T00:49:06.801+0000] {logging_mixin.py:190} INFO - [2024-11-20T00:49:06.801+0000] {dag.py:4180} INFO - Setting next_dagrun for tutorial_taskflow_api to None, run_after=None
[2024-11-20T00:49:06.821+0000] {processor.py:208} INFO - Processing /home/ubuntu/airflow_venv/lib/python3.12/site-packages/airflow/example_dags/tutorial_taskflow_api.py took 0.065 seconds
[2024-11-20T00:50:00.576+0000] {processor.py:186} INFO - Started process (PID=5091) to work on /home/ubuntu/airflow_venv/lib/python3.12/site-packages/airflow/example_dags/tutorial_taskflow_api.py
[2024-11-20T00:50:00.577+0000] {processor.py:914} INFO - Processing file /home/ubuntu/airflow_venv/lib/python3.12/site-packages/airflow/example_dags/tutorial_taskflow_api.py for tasks to queue
[2024-11-20T00:50:00.578+0000] {logging_mixin.py:190} INFO - [2024-11-20T00:50:00.578+0000] {dagbag.py:588} INFO - Filling up the DagBag from /home/ubuntu/airflow_venv/lib/python3.12/site-packages/airflow/example_dags/tutorial_taskflow_api.py
[2024-11-20T00:50:00.587+0000] {processor.py:925} INFO - DAG(s) 'tutorial_taskflow_api' retrieved from /home/ubuntu/airflow_venv/lib/python3.12/site-packages/airflow/example_dags/tutorial_taskflow_api.py
[2024-11-20T00:50:00.602+0000] {logging_mixin.py:190} INFO - [2024-11-20T00:50:00.602+0000] {dag.py:3239} INFO - Sync 1 DAGs
[2024-11-20T00:50:00.615+0000] {logging_mixin.py:190} INFO - [2024-11-20T00:50:00.615+0000] {dag.py:4180} INFO - Setting next_dagrun for tutorial_taskflow_api to None, run_after=None
[2024-11-20T00:50:00.638+0000] {processor.py:208} INFO - Processing /home/ubuntu/airflow_venv/lib/python3.12/site-packages/airflow/example_dags/tutorial_taskflow_api.py took 0.069 seconds
[2024-11-20T00:50:53.908+0000] {processor.py:186} INFO - Started process (PID=5150) to work on /home/ubuntu/airflow_venv/lib/python3.12/site-packages/airflow/example_dags/tutorial_taskflow_api.py
[2024-11-20T00:50:53.909+0000] {processor.py:914} INFO - Processing file /home/ubuntu/airflow_venv/lib/python3.12/site-packages/airflow/example_dags/tutorial_taskflow_api.py for tasks to queue
[2024-11-20T00:50:53.910+0000] {logging_mixin.py:190} INFO - [2024-11-20T00:50:53.910+0000] {dagbag.py:588} INFO - Filling up the DagBag from /home/ubuntu/airflow_venv/lib/python3.12/site-packages/airflow/example_dags/tutorial_taskflow_api.py
[2024-11-20T00:50:53.919+0000] {processor.py:925} INFO - DAG(s) 'tutorial_taskflow_api' retrieved from /home/ubuntu/airflow_venv/lib/python3.12/site-packages/airflow/example_dags/tutorial_taskflow_api.py
[2024-11-20T00:50:53.933+0000] {logging_mixin.py:190} INFO - [2024-11-20T00:50:53.933+0000] {dag.py:3239} INFO - Sync 1 DAGs
[2024-11-20T00:50:53.945+0000] {logging_mixin.py:190} INFO - [2024-11-20T00:50:53.945+0000] {dag.py:4180} INFO - Setting next_dagrun for tutorial_taskflow_api to None, run_after=None
[2024-11-20T00:50:53.967+0000] {processor.py:208} INFO - Processing /home/ubuntu/airflow_venv/lib/python3.12/site-packages/airflow/example_dags/tutorial_taskflow_api.py took 0.067 seconds
[2024-11-20T00:51:52.891+0000] {processor.py:186} INFO - Started process (PID=5209) to work on /home/ubuntu/airflow_venv/lib/python3.12/site-packages/airflow/example_dags/tutorial_taskflow_api.py
[2024-11-20T00:51:52.893+0000] {processor.py:914} INFO - Processing file /home/ubuntu/airflow_venv/lib/python3.12/site-packages/airflow/example_dags/tutorial_taskflow_api.py for tasks to queue
[2024-11-20T00:51:52.895+0000] {logging_mixin.py:190} INFO - [2024-11-20T00:51:52.894+0000] {dagbag.py:588} INFO - Filling up the DagBag from /home/ubuntu/airflow_venv/lib/python3.12/site-packages/airflow/example_dags/tutorial_taskflow_api.py
[2024-11-20T00:51:52.903+0000] {processor.py:925} INFO - DAG(s) 'tutorial_taskflow_api' retrieved from /home/ubuntu/airflow_venv/lib/python3.12/site-packages/airflow/example_dags/tutorial_taskflow_api.py
[2024-11-20T00:51:52.917+0000] {logging_mixin.py:190} INFO - [2024-11-20T00:51:52.917+0000] {dag.py:3239} INFO - Sync 1 DAGs
[2024-11-20T00:51:52.928+0000] {logging_mixin.py:190} INFO - [2024-11-20T00:51:52.928+0000] {dag.py:4180} INFO - Setting next_dagrun for tutorial_taskflow_api to None, run_after=None
[2024-11-20T00:51:52.949+0000] {processor.py:208} INFO - Processing /home/ubuntu/airflow_venv/lib/python3.12/site-packages/airflow/example_dags/tutorial_taskflow_api.py took 0.069 seconds
[2024-11-20T00:52:47.622+0000] {processor.py:186} INFO - Started process (PID=5265) to work on /home/ubuntu/airflow_venv/lib/python3.12/site-packages/airflow/example_dags/tutorial_taskflow_api.py
[2024-11-20T00:52:47.623+0000] {processor.py:914} INFO - Processing file /home/ubuntu/airflow_venv/lib/python3.12/site-packages/airflow/example_dags/tutorial_taskflow_api.py for tasks to queue
[2024-11-20T00:52:47.625+0000] {logging_mixin.py:190} INFO - [2024-11-20T00:52:47.624+0000] {dagbag.py:588} INFO - Filling up the DagBag from /home/ubuntu/airflow_venv/lib/python3.12/site-packages/airflow/example_dags/tutorial_taskflow_api.py
[2024-11-20T00:52:47.634+0000] {processor.py:925} INFO - DAG(s) 'tutorial_taskflow_api' retrieved from /home/ubuntu/airflow_venv/lib/python3.12/site-packages/airflow/example_dags/tutorial_taskflow_api.py
[2024-11-20T00:52:47.648+0000] {logging_mixin.py:190} INFO - [2024-11-20T00:52:47.647+0000] {dag.py:3239} INFO - Sync 1 DAGs
[2024-11-20T00:52:47.660+0000] {logging_mixin.py:190} INFO - [2024-11-20T00:52:47.660+0000] {dag.py:4180} INFO - Setting next_dagrun for tutorial_taskflow_api to None, run_after=None
[2024-11-20T00:52:47.682+0000] {processor.py:208} INFO - Processing /home/ubuntu/airflow_venv/lib/python3.12/site-packages/airflow/example_dags/tutorial_taskflow_api.py took 0.068 seconds
[2024-11-20T00:53:45.412+0000] {processor.py:186} INFO - Started process (PID=5323) to work on /home/ubuntu/airflow_venv/lib/python3.12/site-packages/airflow/example_dags/tutorial_taskflow_api.py
[2024-11-20T00:53:45.414+0000] {processor.py:914} INFO - Processing file /home/ubuntu/airflow_venv/lib/python3.12/site-packages/airflow/example_dags/tutorial_taskflow_api.py for tasks to queue
[2024-11-20T00:53:45.415+0000] {logging_mixin.py:190} INFO - [2024-11-20T00:53:45.415+0000] {dagbag.py:588} INFO - Filling up the DagBag from /home/ubuntu/airflow_venv/lib/python3.12/site-packages/airflow/example_dags/tutorial_taskflow_api.py
[2024-11-20T00:53:45.424+0000] {processor.py:925} INFO - DAG(s) 'tutorial_taskflow_api' retrieved from /home/ubuntu/airflow_venv/lib/python3.12/site-packages/airflow/example_dags/tutorial_taskflow_api.py
[2024-11-20T00:53:45.439+0000] {logging_mixin.py:190} INFO - [2024-11-20T00:53:45.438+0000] {dag.py:3239} INFO - Sync 1 DAGs
[2024-11-20T00:53:45.451+0000] {logging_mixin.py:190} INFO - [2024-11-20T00:53:45.451+0000] {dag.py:4180} INFO - Setting next_dagrun for tutorial_taskflow_api to None, run_after=None
[2024-11-20T00:53:45.474+0000] {processor.py:208} INFO - Processing /home/ubuntu/airflow_venv/lib/python3.12/site-packages/airflow/example_dags/tutorial_taskflow_api.py took 0.069 seconds
[2024-11-20T00:54:34.729+0000] {processor.py:186} INFO - Started process (PID=5390) to work on /home/ubuntu/airflow_venv/lib/python3.12/site-packages/airflow/example_dags/tutorial_taskflow_api.py
[2024-11-20T00:54:34.731+0000] {processor.py:914} INFO - Processing file /home/ubuntu/airflow_venv/lib/python3.12/site-packages/airflow/example_dags/tutorial_taskflow_api.py for tasks to queue
[2024-11-20T00:54:34.732+0000] {logging_mixin.py:190} INFO - [2024-11-20T00:54:34.732+0000] {dagbag.py:588} INFO - Filling up the DagBag from /home/ubuntu/airflow_venv/lib/python3.12/site-packages/airflow/example_dags/tutorial_taskflow_api.py
[2024-11-20T00:54:34.741+0000] {processor.py:925} INFO - DAG(s) 'tutorial_taskflow_api' retrieved from /home/ubuntu/airflow_venv/lib/python3.12/site-packages/airflow/example_dags/tutorial_taskflow_api.py
[2024-11-20T00:54:34.756+0000] {logging_mixin.py:190} INFO - [2024-11-20T00:54:34.756+0000] {dag.py:3239} INFO - Sync 1 DAGs
[2024-11-20T00:54:34.769+0000] {logging_mixin.py:190} INFO - [2024-11-20T00:54:34.769+0000] {dag.py:4180} INFO - Setting next_dagrun for tutorial_taskflow_api to None, run_after=None
[2024-11-20T00:54:34.791+0000] {processor.py:208} INFO - Processing /home/ubuntu/airflow_venv/lib/python3.12/site-packages/airflow/example_dags/tutorial_taskflow_api.py took 0.069 seconds
[2024-11-20T00:55:29.549+0000] {processor.py:186} INFO - Started process (PID=5449) to work on /home/ubuntu/airflow_venv/lib/python3.12/site-packages/airflow/example_dags/tutorial_taskflow_api.py
[2024-11-20T00:55:29.551+0000] {processor.py:914} INFO - Processing file /home/ubuntu/airflow_venv/lib/python3.12/site-packages/airflow/example_dags/tutorial_taskflow_api.py for tasks to queue
[2024-11-20T00:55:29.552+0000] {logging_mixin.py:190} INFO - [2024-11-20T00:55:29.552+0000] {dagbag.py:588} INFO - Filling up the DagBag from /home/ubuntu/airflow_venv/lib/python3.12/site-packages/airflow/example_dags/tutorial_taskflow_api.py
[2024-11-20T00:55:29.561+0000] {processor.py:925} INFO - DAG(s) 'tutorial_taskflow_api' retrieved from /home/ubuntu/airflow_venv/lib/python3.12/site-packages/airflow/example_dags/tutorial_taskflow_api.py
[2024-11-20T00:55:29.577+0000] {logging_mixin.py:190} INFO - [2024-11-20T00:55:29.577+0000] {dag.py:3239} INFO - Sync 1 DAGs
[2024-11-20T00:55:29.589+0000] {logging_mixin.py:190} INFO - [2024-11-20T00:55:29.589+0000] {dag.py:4180} INFO - Setting next_dagrun for tutorial_taskflow_api to None, run_after=None
[2024-11-20T00:55:29.611+0000] {processor.py:208} INFO - Processing /home/ubuntu/airflow_venv/lib/python3.12/site-packages/airflow/example_dags/tutorial_taskflow_api.py took 0.069 seconds
[2024-11-20T00:56:20.952+0000] {processor.py:186} INFO - Started process (PID=5504) to work on /home/ubuntu/airflow_venv/lib/python3.12/site-packages/airflow/example_dags/tutorial_taskflow_api.py
[2024-11-20T00:56:20.953+0000] {processor.py:914} INFO - Processing file /home/ubuntu/airflow_venv/lib/python3.12/site-packages/airflow/example_dags/tutorial_taskflow_api.py for tasks to queue
[2024-11-20T00:56:20.955+0000] {logging_mixin.py:190} INFO - [2024-11-20T00:56:20.954+0000] {dagbag.py:588} INFO - Filling up the DagBag from /home/ubuntu/airflow_venv/lib/python3.12/site-packages/airflow/example_dags/tutorial_taskflow_api.py
[2024-11-20T00:56:20.963+0000] {processor.py:925} INFO - DAG(s) 'tutorial_taskflow_api' retrieved from /home/ubuntu/airflow_venv/lib/python3.12/site-packages/airflow/example_dags/tutorial_taskflow_api.py
[2024-11-20T00:56:20.978+0000] {logging_mixin.py:190} INFO - [2024-11-20T00:56:20.978+0000] {dag.py:3239} INFO - Sync 1 DAGs
[2024-11-20T00:56:20.991+0000] {logging_mixin.py:190} INFO - [2024-11-20T00:56:20.991+0000] {dag.py:4180} INFO - Setting next_dagrun for tutorial_taskflow_api to None, run_after=None
[2024-11-20T00:56:21.012+0000] {processor.py:208} INFO - Processing /home/ubuntu/airflow_venv/lib/python3.12/site-packages/airflow/example_dags/tutorial_taskflow_api.py took 0.068 seconds
[2024-11-20T00:57:14.099+0000] {processor.py:186} INFO - Started process (PID=5561) to work on /home/ubuntu/airflow_venv/lib/python3.12/site-packages/airflow/example_dags/tutorial_taskflow_api.py
[2024-11-20T00:57:14.100+0000] {processor.py:914} INFO - Processing file /home/ubuntu/airflow_venv/lib/python3.12/site-packages/airflow/example_dags/tutorial_taskflow_api.py for tasks to queue
[2024-11-20T00:57:14.101+0000] {logging_mixin.py:190} INFO - [2024-11-20T00:57:14.101+0000] {dagbag.py:588} INFO - Filling up the DagBag from /home/ubuntu/airflow_venv/lib/python3.12/site-packages/airflow/example_dags/tutorial_taskflow_api.py
[2024-11-20T00:57:14.119+0000] {processor.py:925} INFO - DAG(s) 'tutorial_taskflow_api' retrieved from /home/ubuntu/airflow_venv/lib/python3.12/site-packages/airflow/example_dags/tutorial_taskflow_api.py
[2024-11-20T00:57:14.149+0000] {logging_mixin.py:190} INFO - [2024-11-20T00:57:14.148+0000] {dag.py:3239} INFO - Sync 1 DAGs
[2024-11-20T00:57:14.161+0000] {logging_mixin.py:190} INFO - [2024-11-20T00:57:14.161+0000] {dag.py:4180} INFO - Setting next_dagrun for tutorial_taskflow_api to None, run_after=None
[2024-11-20T00:57:14.183+0000] {processor.py:208} INFO - Processing /home/ubuntu/airflow_venv/lib/python3.12/site-packages/airflow/example_dags/tutorial_taskflow_api.py took 0.090 seconds
[2024-11-20T00:58:06.760+0000] {processor.py:186} INFO - Started process (PID=5615) to work on /home/ubuntu/airflow_venv/lib/python3.12/site-packages/airflow/example_dags/tutorial_taskflow_api.py
[2024-11-20T00:58:06.762+0000] {processor.py:914} INFO - Processing file /home/ubuntu/airflow_venv/lib/python3.12/site-packages/airflow/example_dags/tutorial_taskflow_api.py for tasks to queue
[2024-11-20T00:58:06.764+0000] {logging_mixin.py:190} INFO - [2024-11-20T00:58:06.763+0000] {dagbag.py:588} INFO - Filling up the DagBag from /home/ubuntu/airflow_venv/lib/python3.12/site-packages/airflow/example_dags/tutorial_taskflow_api.py
[2024-11-20T00:58:06.772+0000] {processor.py:925} INFO - DAG(s) 'tutorial_taskflow_api' retrieved from /home/ubuntu/airflow_venv/lib/python3.12/site-packages/airflow/example_dags/tutorial_taskflow_api.py
[2024-11-20T00:58:06.787+0000] {logging_mixin.py:190} INFO - [2024-11-20T00:58:06.787+0000] {dag.py:3239} INFO - Sync 1 DAGs
[2024-11-20T00:58:06.799+0000] {logging_mixin.py:190} INFO - [2024-11-20T00:58:06.799+0000] {dag.py:4180} INFO - Setting next_dagrun for tutorial_taskflow_api to None, run_after=None
[2024-11-20T00:58:06.821+0000] {processor.py:208} INFO - Processing /home/ubuntu/airflow_venv/lib/python3.12/site-packages/airflow/example_dags/tutorial_taskflow_api.py took 0.067 seconds
[2024-11-20T00:58:59.479+0000] {processor.py:186} INFO - Started process (PID=5675) to work on /home/ubuntu/airflow_venv/lib/python3.12/site-packages/airflow/example_dags/tutorial_taskflow_api.py
[2024-11-20T00:58:59.481+0000] {processor.py:914} INFO - Processing file /home/ubuntu/airflow_venv/lib/python3.12/site-packages/airflow/example_dags/tutorial_taskflow_api.py for tasks to queue
[2024-11-20T00:58:59.482+0000] {logging_mixin.py:190} INFO - [2024-11-20T00:58:59.481+0000] {dagbag.py:588} INFO - Filling up the DagBag from /home/ubuntu/airflow_venv/lib/python3.12/site-packages/airflow/example_dags/tutorial_taskflow_api.py
[2024-11-20T00:58:59.491+0000] {processor.py:925} INFO - DAG(s) 'tutorial_taskflow_api' retrieved from /home/ubuntu/airflow_venv/lib/python3.12/site-packages/airflow/example_dags/tutorial_taskflow_api.py
[2024-11-20T00:58:59.506+0000] {logging_mixin.py:190} INFO - [2024-11-20T00:58:59.506+0000] {dag.py:3239} INFO - Sync 1 DAGs
[2024-11-20T00:58:59.518+0000] {logging_mixin.py:190} INFO - [2024-11-20T00:58:59.517+0000] {dag.py:4180} INFO - Setting next_dagrun for tutorial_taskflow_api to None, run_after=None
[2024-11-20T00:58:59.540+0000] {processor.py:208} INFO - Processing /home/ubuntu/airflow_venv/lib/python3.12/site-packages/airflow/example_dags/tutorial_taskflow_api.py took 0.068 seconds
[2024-11-20T00:59:55.337+0000] {processor.py:186} INFO - Started process (PID=5731) to work on /home/ubuntu/airflow_venv/lib/python3.12/site-packages/airflow/example_dags/tutorial_taskflow_api.py
[2024-11-20T00:59:55.339+0000] {processor.py:914} INFO - Processing file /home/ubuntu/airflow_venv/lib/python3.12/site-packages/airflow/example_dags/tutorial_taskflow_api.py for tasks to queue
[2024-11-20T00:59:55.340+0000] {logging_mixin.py:190} INFO - [2024-11-20T00:59:55.340+0000] {dagbag.py:588} INFO - Filling up the DagBag from /home/ubuntu/airflow_venv/lib/python3.12/site-packages/airflow/example_dags/tutorial_taskflow_api.py
[2024-11-20T00:59:55.348+0000] {processor.py:925} INFO - DAG(s) 'tutorial_taskflow_api' retrieved from /home/ubuntu/airflow_venv/lib/python3.12/site-packages/airflow/example_dags/tutorial_taskflow_api.py
[2024-11-20T00:59:55.364+0000] {logging_mixin.py:190} INFO - [2024-11-20T00:59:55.364+0000] {dag.py:3239} INFO - Sync 1 DAGs
[2024-11-20T00:59:55.376+0000] {logging_mixin.py:190} INFO - [2024-11-20T00:59:55.376+0000] {dag.py:4180} INFO - Setting next_dagrun for tutorial_taskflow_api to None, run_after=None
[2024-11-20T00:59:55.397+0000] {processor.py:208} INFO - Processing /home/ubuntu/airflow_venv/lib/python3.12/site-packages/airflow/example_dags/tutorial_taskflow_api.py took 0.067 seconds
[2024-11-20T01:00:51.177+0000] {processor.py:186} INFO - Started process (PID=5790) to work on /home/ubuntu/airflow_venv/lib/python3.12/site-packages/airflow/example_dags/tutorial_taskflow_api.py
[2024-11-20T01:00:51.179+0000] {processor.py:914} INFO - Processing file /home/ubuntu/airflow_venv/lib/python3.12/site-packages/airflow/example_dags/tutorial_taskflow_api.py for tasks to queue
[2024-11-20T01:00:51.181+0000] {logging_mixin.py:190} INFO - [2024-11-20T01:00:51.180+0000] {dagbag.py:588} INFO - Filling up the DagBag from /home/ubuntu/airflow_venv/lib/python3.12/site-packages/airflow/example_dags/tutorial_taskflow_api.py
[2024-11-20T01:00:51.189+0000] {processor.py:925} INFO - DAG(s) 'tutorial_taskflow_api' retrieved from /home/ubuntu/airflow_venv/lib/python3.12/site-packages/airflow/example_dags/tutorial_taskflow_api.py
[2024-11-20T01:00:51.204+0000] {logging_mixin.py:190} INFO - [2024-11-20T01:00:51.204+0000] {dag.py:3239} INFO - Sync 1 DAGs
[2024-11-20T01:00:51.215+0000] {logging_mixin.py:190} INFO - [2024-11-20T01:00:51.215+0000] {dag.py:4180} INFO - Setting next_dagrun for tutorial_taskflow_api to None, run_after=None
[2024-11-20T01:00:51.237+0000] {processor.py:208} INFO - Processing /home/ubuntu/airflow_venv/lib/python3.12/site-packages/airflow/example_dags/tutorial_taskflow_api.py took 0.067 seconds
[2024-11-20T01:02:01.352+0000] {processor.py:186} INFO - Started process (PID=5869) to work on /home/ubuntu/airflow_venv/lib/python3.12/site-packages/airflow/example_dags/tutorial_taskflow_api.py
[2024-11-20T01:02:01.354+0000] {processor.py:914} INFO - Processing file /home/ubuntu/airflow_venv/lib/python3.12/site-packages/airflow/example_dags/tutorial_taskflow_api.py for tasks to queue
[2024-11-20T01:02:01.355+0000] {logging_mixin.py:190} INFO - [2024-11-20T01:02:01.354+0000] {dagbag.py:588} INFO - Filling up the DagBag from /home/ubuntu/airflow_venv/lib/python3.12/site-packages/airflow/example_dags/tutorial_taskflow_api.py
[2024-11-20T01:02:01.364+0000] {processor.py:925} INFO - DAG(s) 'tutorial_taskflow_api' retrieved from /home/ubuntu/airflow_venv/lib/python3.12/site-packages/airflow/example_dags/tutorial_taskflow_api.py
[2024-11-20T01:02:01.380+0000] {logging_mixin.py:190} INFO - [2024-11-20T01:02:01.379+0000] {dag.py:3239} INFO - Sync 1 DAGs
[2024-11-20T01:02:01.393+0000] {logging_mixin.py:190} INFO - [2024-11-20T01:02:01.392+0000] {dag.py:4180} INFO - Setting next_dagrun for tutorial_taskflow_api to None, run_after=None
[2024-11-20T01:02:01.416+0000] {processor.py:208} INFO - Processing /home/ubuntu/airflow_venv/lib/python3.12/site-packages/airflow/example_dags/tutorial_taskflow_api.py took 0.071 seconds
[2024-11-20T01:02:58.985+0000] {processor.py:186} INFO - Started process (PID=5928) to work on /home/ubuntu/airflow_venv/lib/python3.12/site-packages/airflow/example_dags/tutorial_taskflow_api.py
[2024-11-20T01:02:58.987+0000] {processor.py:914} INFO - Processing file /home/ubuntu/airflow_venv/lib/python3.12/site-packages/airflow/example_dags/tutorial_taskflow_api.py for tasks to queue
[2024-11-20T01:02:58.988+0000] {logging_mixin.py:190} INFO - [2024-11-20T01:02:58.988+0000] {dagbag.py:588} INFO - Filling up the DagBag from /home/ubuntu/airflow_venv/lib/python3.12/site-packages/airflow/example_dags/tutorial_taskflow_api.py
[2024-11-20T01:02:58.996+0000] {processor.py:925} INFO - DAG(s) 'tutorial_taskflow_api' retrieved from /home/ubuntu/airflow_venv/lib/python3.12/site-packages/airflow/example_dags/tutorial_taskflow_api.py
[2024-11-20T01:02:59.013+0000] {logging_mixin.py:190} INFO - [2024-11-20T01:02:59.012+0000] {dag.py:3239} INFO - Sync 1 DAGs
[2024-11-20T01:02:59.024+0000] {logging_mixin.py:190} INFO - [2024-11-20T01:02:59.024+0000] {dag.py:4180} INFO - Setting next_dagrun for tutorial_taskflow_api to None, run_after=None
[2024-11-20T01:02:59.045+0000] {processor.py:208} INFO - Processing /home/ubuntu/airflow_venv/lib/python3.12/site-packages/airflow/example_dags/tutorial_taskflow_api.py took 0.066 seconds
[2024-11-20T01:03:53.690+0000] {processor.py:186} INFO - Started process (PID=5984) to work on /home/ubuntu/airflow_venv/lib/python3.12/site-packages/airflow/example_dags/tutorial_taskflow_api.py
[2024-11-20T01:03:53.691+0000] {processor.py:914} INFO - Processing file /home/ubuntu/airflow_venv/lib/python3.12/site-packages/airflow/example_dags/tutorial_taskflow_api.py for tasks to queue
[2024-11-20T01:03:53.693+0000] {logging_mixin.py:190} INFO - [2024-11-20T01:03:53.692+0000] {dagbag.py:588} INFO - Filling up the DagBag from /home/ubuntu/airflow_venv/lib/python3.12/site-packages/airflow/example_dags/tutorial_taskflow_api.py
[2024-11-20T01:03:53.701+0000] {processor.py:925} INFO - DAG(s) 'tutorial_taskflow_api' retrieved from /home/ubuntu/airflow_venv/lib/python3.12/site-packages/airflow/example_dags/tutorial_taskflow_api.py
[2024-11-20T01:03:53.715+0000] {logging_mixin.py:190} INFO - [2024-11-20T01:03:53.715+0000] {dag.py:3239} INFO - Sync 1 DAGs
[2024-11-20T01:03:53.727+0000] {logging_mixin.py:190} INFO - [2024-11-20T01:03:53.727+0000] {dag.py:4180} INFO - Setting next_dagrun for tutorial_taskflow_api to None, run_after=None
[2024-11-20T01:03:53.748+0000] {processor.py:208} INFO - Processing /home/ubuntu/airflow_venv/lib/python3.12/site-packages/airflow/example_dags/tutorial_taskflow_api.py took 0.066 seconds
[2024-11-20T01:04:49.061+0000] {processor.py:186} INFO - Started process (PID=6041) to work on /home/ubuntu/airflow_venv/lib/python3.12/site-packages/airflow/example_dags/tutorial_taskflow_api.py
[2024-11-20T01:04:49.062+0000] {processor.py:914} INFO - Processing file /home/ubuntu/airflow_venv/lib/python3.12/site-packages/airflow/example_dags/tutorial_taskflow_api.py for tasks to queue
[2024-11-20T01:04:49.064+0000] {logging_mixin.py:190} INFO - [2024-11-20T01:04:49.064+0000] {dagbag.py:588} INFO - Filling up the DagBag from /home/ubuntu/airflow_venv/lib/python3.12/site-packages/airflow/example_dags/tutorial_taskflow_api.py
[2024-11-20T01:04:49.072+0000] {processor.py:925} INFO - DAG(s) 'tutorial_taskflow_api' retrieved from /home/ubuntu/airflow_venv/lib/python3.12/site-packages/airflow/example_dags/tutorial_taskflow_api.py
[2024-11-20T01:04:49.087+0000] {logging_mixin.py:190} INFO - [2024-11-20T01:04:49.086+0000] {dag.py:3239} INFO - Sync 1 DAGs
[2024-11-20T01:04:49.098+0000] {logging_mixin.py:190} INFO - [2024-11-20T01:04:49.098+0000] {dag.py:4180} INFO - Setting next_dagrun for tutorial_taskflow_api to None, run_after=None
[2024-11-20T01:04:49.122+0000] {processor.py:208} INFO - Processing /home/ubuntu/airflow_venv/lib/python3.12/site-packages/airflow/example_dags/tutorial_taskflow_api.py took 0.068 seconds
[2024-11-20T01:05:45.687+0000] {processor.py:186} INFO - Started process (PID=6103) to work on /home/ubuntu/airflow_venv/lib/python3.12/site-packages/airflow/example_dags/tutorial_taskflow_api.py
[2024-11-20T01:05:45.688+0000] {processor.py:914} INFO - Processing file /home/ubuntu/airflow_venv/lib/python3.12/site-packages/airflow/example_dags/tutorial_taskflow_api.py for tasks to queue
[2024-11-20T01:05:45.690+0000] {logging_mixin.py:190} INFO - [2024-11-20T01:05:45.690+0000] {dagbag.py:588} INFO - Filling up the DagBag from /home/ubuntu/airflow_venv/lib/python3.12/site-packages/airflow/example_dags/tutorial_taskflow_api.py
[2024-11-20T01:05:45.698+0000] {processor.py:925} INFO - DAG(s) 'tutorial_taskflow_api' retrieved from /home/ubuntu/airflow_venv/lib/python3.12/site-packages/airflow/example_dags/tutorial_taskflow_api.py
[2024-11-20T01:05:45.713+0000] {logging_mixin.py:190} INFO - [2024-11-20T01:05:45.713+0000] {dag.py:3239} INFO - Sync 1 DAGs
[2024-11-20T01:05:45.725+0000] {logging_mixin.py:190} INFO - [2024-11-20T01:05:45.725+0000] {dag.py:4180} INFO - Setting next_dagrun for tutorial_taskflow_api to None, run_after=None
[2024-11-20T01:05:45.748+0000] {processor.py:208} INFO - Processing /home/ubuntu/airflow_venv/lib/python3.12/site-packages/airflow/example_dags/tutorial_taskflow_api.py took 0.067 seconds
[2024-11-20T01:06:38.407+0000] {processor.py:186} INFO - Started process (PID=6157) to work on /home/ubuntu/airflow_venv/lib/python3.12/site-packages/airflow/example_dags/tutorial_taskflow_api.py
[2024-11-20T01:06:38.409+0000] {processor.py:914} INFO - Processing file /home/ubuntu/airflow_venv/lib/python3.12/site-packages/airflow/example_dags/tutorial_taskflow_api.py for tasks to queue
[2024-11-20T01:06:38.411+0000] {logging_mixin.py:190} INFO - [2024-11-20T01:06:38.410+0000] {dagbag.py:588} INFO - Filling up the DagBag from /home/ubuntu/airflow_venv/lib/python3.12/site-packages/airflow/example_dags/tutorial_taskflow_api.py
[2024-11-20T01:06:38.420+0000] {processor.py:925} INFO - DAG(s) 'tutorial_taskflow_api' retrieved from /home/ubuntu/airflow_venv/lib/python3.12/site-packages/airflow/example_dags/tutorial_taskflow_api.py
[2024-11-20T01:06:38.435+0000] {logging_mixin.py:190} INFO - [2024-11-20T01:06:38.435+0000] {dag.py:3239} INFO - Sync 1 DAGs
[2024-11-20T01:06:38.447+0000] {logging_mixin.py:190} INFO - [2024-11-20T01:06:38.447+0000] {dag.py:4180} INFO - Setting next_dagrun for tutorial_taskflow_api to None, run_after=None
[2024-11-20T01:06:38.469+0000] {processor.py:208} INFO - Processing /home/ubuntu/airflow_venv/lib/python3.12/site-packages/airflow/example_dags/tutorial_taskflow_api.py took 0.069 seconds
[2024-11-20T01:07:30.891+0000] {processor.py:186} INFO - Started process (PID=6212) to work on /home/ubuntu/airflow_venv/lib/python3.12/site-packages/airflow/example_dags/tutorial_taskflow_api.py
[2024-11-20T01:07:30.893+0000] {processor.py:914} INFO - Processing file /home/ubuntu/airflow_venv/lib/python3.12/site-packages/airflow/example_dags/tutorial_taskflow_api.py for tasks to queue
[2024-11-20T01:07:30.893+0000] {logging_mixin.py:190} INFO - [2024-11-20T01:07:30.893+0000] {dagbag.py:588} INFO - Filling up the DagBag from /home/ubuntu/airflow_venv/lib/python3.12/site-packages/airflow/example_dags/tutorial_taskflow_api.py
[2024-11-20T01:07:30.901+0000] {processor.py:925} INFO - DAG(s) 'tutorial_taskflow_api' retrieved from /home/ubuntu/airflow_venv/lib/python3.12/site-packages/airflow/example_dags/tutorial_taskflow_api.py
[2024-11-20T01:07:30.917+0000] {logging_mixin.py:190} INFO - [2024-11-20T01:07:30.916+0000] {dag.py:3239} INFO - Sync 1 DAGs
[2024-11-20T01:07:30.928+0000] {logging_mixin.py:190} INFO - [2024-11-20T01:07:30.928+0000] {dag.py:4180} INFO - Setting next_dagrun for tutorial_taskflow_api to None, run_after=None
[2024-11-20T01:07:30.951+0000] {processor.py:208} INFO - Processing /home/ubuntu/airflow_venv/lib/python3.12/site-packages/airflow/example_dags/tutorial_taskflow_api.py took 0.066 seconds
[2024-11-20T01:08:23.540+0000] {processor.py:186} INFO - Started process (PID=6266) to work on /home/ubuntu/airflow_venv/lib/python3.12/site-packages/airflow/example_dags/tutorial_taskflow_api.py
[2024-11-20T01:08:23.541+0000] {processor.py:914} INFO - Processing file /home/ubuntu/airflow_venv/lib/python3.12/site-packages/airflow/example_dags/tutorial_taskflow_api.py for tasks to queue
[2024-11-20T01:08:23.544+0000] {logging_mixin.py:190} INFO - [2024-11-20T01:08:23.543+0000] {dagbag.py:588} INFO - Filling up the DagBag from /home/ubuntu/airflow_venv/lib/python3.12/site-packages/airflow/example_dags/tutorial_taskflow_api.py
[2024-11-20T01:08:23.552+0000] {processor.py:925} INFO - DAG(s) 'tutorial_taskflow_api' retrieved from /home/ubuntu/airflow_venv/lib/python3.12/site-packages/airflow/example_dags/tutorial_taskflow_api.py
[2024-11-20T01:08:23.567+0000] {logging_mixin.py:190} INFO - [2024-11-20T01:08:23.567+0000] {dag.py:3239} INFO - Sync 1 DAGs
[2024-11-20T01:08:23.580+0000] {logging_mixin.py:190} INFO - [2024-11-20T01:08:23.580+0000] {dag.py:4180} INFO - Setting next_dagrun for tutorial_taskflow_api to None, run_after=None
[2024-11-20T01:08:23.601+0000] {processor.py:208} INFO - Processing /home/ubuntu/airflow_venv/lib/python3.12/site-packages/airflow/example_dags/tutorial_taskflow_api.py took 0.068 seconds
[2024-11-20T01:09:21.134+0000] {processor.py:186} INFO - Started process (PID=6323) to work on /home/ubuntu/airflow_venv/lib/python3.12/site-packages/airflow/example_dags/tutorial_taskflow_api.py
[2024-11-20T01:09:21.136+0000] {processor.py:914} INFO - Processing file /home/ubuntu/airflow_venv/lib/python3.12/site-packages/airflow/example_dags/tutorial_taskflow_api.py for tasks to queue
[2024-11-20T01:09:21.137+0000] {logging_mixin.py:190} INFO - [2024-11-20T01:09:21.136+0000] {dagbag.py:588} INFO - Filling up the DagBag from /home/ubuntu/airflow_venv/lib/python3.12/site-packages/airflow/example_dags/tutorial_taskflow_api.py
[2024-11-20T01:09:21.145+0000] {processor.py:925} INFO - DAG(s) 'tutorial_taskflow_api' retrieved from /home/ubuntu/airflow_venv/lib/python3.12/site-packages/airflow/example_dags/tutorial_taskflow_api.py
[2024-11-20T01:09:21.160+0000] {logging_mixin.py:190} INFO - [2024-11-20T01:09:21.160+0000] {dag.py:3239} INFO - Sync 1 DAGs
[2024-11-20T01:09:21.172+0000] {logging_mixin.py:190} INFO - [2024-11-20T01:09:21.171+0000] {dag.py:4180} INFO - Setting next_dagrun for tutorial_taskflow_api to None, run_after=None
[2024-11-20T01:09:21.194+0000] {processor.py:208} INFO - Processing /home/ubuntu/airflow_venv/lib/python3.12/site-packages/airflow/example_dags/tutorial_taskflow_api.py took 0.067 seconds
[2024-11-20T01:10:19.448+0000] {processor.py:186} INFO - Started process (PID=6387) to work on /home/ubuntu/airflow_venv/lib/python3.12/site-packages/airflow/example_dags/tutorial_taskflow_api.py
[2024-11-20T01:10:19.450+0000] {processor.py:914} INFO - Processing file /home/ubuntu/airflow_venv/lib/python3.12/site-packages/airflow/example_dags/tutorial_taskflow_api.py for tasks to queue
[2024-11-20T01:10:19.451+0000] {logging_mixin.py:190} INFO - [2024-11-20T01:10:19.450+0000] {dagbag.py:588} INFO - Filling up the DagBag from /home/ubuntu/airflow_venv/lib/python3.12/site-packages/airflow/example_dags/tutorial_taskflow_api.py
[2024-11-20T01:10:19.460+0000] {processor.py:925} INFO - DAG(s) 'tutorial_taskflow_api' retrieved from /home/ubuntu/airflow_venv/lib/python3.12/site-packages/airflow/example_dags/tutorial_taskflow_api.py
[2024-11-20T01:10:19.475+0000] {logging_mixin.py:190} INFO - [2024-11-20T01:10:19.474+0000] {dag.py:3239} INFO - Sync 1 DAGs
[2024-11-20T01:10:19.487+0000] {logging_mixin.py:190} INFO - [2024-11-20T01:10:19.487+0000] {dag.py:4180} INFO - Setting next_dagrun for tutorial_taskflow_api to None, run_after=None
[2024-11-20T01:10:19.509+0000] {processor.py:208} INFO - Processing /home/ubuntu/airflow_venv/lib/python3.12/site-packages/airflow/example_dags/tutorial_taskflow_api.py took 0.068 seconds
[2024-11-20T01:11:13.297+0000] {processor.py:186} INFO - Started process (PID=6442) to work on /home/ubuntu/airflow_venv/lib/python3.12/site-packages/airflow/example_dags/tutorial_taskflow_api.py
[2024-11-20T01:11:13.299+0000] {processor.py:914} INFO - Processing file /home/ubuntu/airflow_venv/lib/python3.12/site-packages/airflow/example_dags/tutorial_taskflow_api.py for tasks to queue
[2024-11-20T01:11:13.300+0000] {logging_mixin.py:190} INFO - [2024-11-20T01:11:13.299+0000] {dagbag.py:588} INFO - Filling up the DagBag from /home/ubuntu/airflow_venv/lib/python3.12/site-packages/airflow/example_dags/tutorial_taskflow_api.py
[2024-11-20T01:11:13.309+0000] {processor.py:925} INFO - DAG(s) 'tutorial_taskflow_api' retrieved from /home/ubuntu/airflow_venv/lib/python3.12/site-packages/airflow/example_dags/tutorial_taskflow_api.py
[2024-11-20T01:11:13.324+0000] {logging_mixin.py:190} INFO - [2024-11-20T01:11:13.324+0000] {dag.py:3239} INFO - Sync 1 DAGs
[2024-11-20T01:11:13.338+0000] {logging_mixin.py:190} INFO - [2024-11-20T01:11:13.337+0000] {dag.py:4180} INFO - Setting next_dagrun for tutorial_taskflow_api to None, run_after=None
[2024-11-20T01:11:13.365+0000] {processor.py:208} INFO - Processing /home/ubuntu/airflow_venv/lib/python3.12/site-packages/airflow/example_dags/tutorial_taskflow_api.py took 0.075 seconds
[2024-11-20T01:12:07.302+0000] {processor.py:186} INFO - Started process (PID=6499) to work on /home/ubuntu/airflow_venv/lib/python3.12/site-packages/airflow/example_dags/tutorial_taskflow_api.py
[2024-11-20T01:12:07.304+0000] {processor.py:914} INFO - Processing file /home/ubuntu/airflow_venv/lib/python3.12/site-packages/airflow/example_dags/tutorial_taskflow_api.py for tasks to queue
[2024-11-20T01:12:07.305+0000] {logging_mixin.py:190} INFO - [2024-11-20T01:12:07.305+0000] {dagbag.py:588} INFO - Filling up the DagBag from /home/ubuntu/airflow_venv/lib/python3.12/site-packages/airflow/example_dags/tutorial_taskflow_api.py
[2024-11-20T01:12:07.314+0000] {processor.py:925} INFO - DAG(s) 'tutorial_taskflow_api' retrieved from /home/ubuntu/airflow_venv/lib/python3.12/site-packages/airflow/example_dags/tutorial_taskflow_api.py
[2024-11-20T01:12:07.329+0000] {logging_mixin.py:190} INFO - [2024-11-20T01:12:07.329+0000] {dag.py:3239} INFO - Sync 1 DAGs
[2024-11-20T01:12:07.340+0000] {logging_mixin.py:190} INFO - [2024-11-20T01:12:07.340+0000] {dag.py:4180} INFO - Setting next_dagrun for tutorial_taskflow_api to None, run_after=None
[2024-11-20T01:12:07.362+0000] {processor.py:208} INFO - Processing /home/ubuntu/airflow_venv/lib/python3.12/site-packages/airflow/example_dags/tutorial_taskflow_api.py took 0.066 seconds
[2024-11-20T01:13:01.058+0000] {processor.py:186} INFO - Started process (PID=6553) to work on /home/ubuntu/airflow_venv/lib/python3.12/site-packages/airflow/example_dags/tutorial_taskflow_api.py
[2024-11-20T01:13:01.060+0000] {processor.py:914} INFO - Processing file /home/ubuntu/airflow_venv/lib/python3.12/site-packages/airflow/example_dags/tutorial_taskflow_api.py for tasks to queue
[2024-11-20T01:13:01.062+0000] {logging_mixin.py:190} INFO - [2024-11-20T01:13:01.062+0000] {dagbag.py:588} INFO - Filling up the DagBag from /home/ubuntu/airflow_venv/lib/python3.12/site-packages/airflow/example_dags/tutorial_taskflow_api.py
[2024-11-20T01:13:01.072+0000] {processor.py:925} INFO - DAG(s) 'tutorial_taskflow_api' retrieved from /home/ubuntu/airflow_venv/lib/python3.12/site-packages/airflow/example_dags/tutorial_taskflow_api.py
[2024-11-20T01:13:01.087+0000] {logging_mixin.py:190} INFO - [2024-11-20T01:13:01.086+0000] {dag.py:3239} INFO - Sync 1 DAGs
[2024-11-20T01:13:01.099+0000] {logging_mixin.py:190} INFO - [2024-11-20T01:13:01.099+0000] {dag.py:4180} INFO - Setting next_dagrun for tutorial_taskflow_api to None, run_after=None
[2024-11-20T01:13:01.123+0000] {processor.py:208} INFO - Processing /home/ubuntu/airflow_venv/lib/python3.12/site-packages/airflow/example_dags/tutorial_taskflow_api.py took 0.076 seconds
