[2024-11-20T00:16:01.744+0000] {processor.py:186} INFO - Started process (PID=1836) to work on /home/ubuntu/airflow_venv/lib/python3.12/site-packages/airflow/example_dags/tutorial_taskflow_templates.py
[2024-11-20T00:16:01.750+0000] {processor.py:914} INFO - Processing file /home/ubuntu/airflow_venv/lib/python3.12/site-packages/airflow/example_dags/tutorial_taskflow_templates.py for tasks to queue
[2024-11-20T00:16:01.754+0000] {logging_mixin.py:190} INFO - [2024-11-20T00:16:01.753+0000] {dagbag.py:588} INFO - Filling up the DagBag from /home/ubuntu/airflow_venv/lib/python3.12/site-packages/airflow/example_dags/tutorial_taskflow_templates.py
[2024-11-20T00:16:01.830+0000] {processor.py:925} INFO - DAG(s) 'tutorial_taskflow_templates' retrieved from /home/ubuntu/airflow_venv/lib/python3.12/site-packages/airflow/example_dags/tutorial_taskflow_templates.py
[2024-11-20T00:16:01.906+0000] {logging_mixin.py:190} INFO - [2024-11-20T00:16:01.905+0000] {dag.py:3239} INFO - Sync 1 DAGs
[2024-11-20T00:16:02.029+0000] {logging_mixin.py:190} INFO - [2024-11-20T00:16:02.029+0000] {dag.py:4180} INFO - Setting next_dagrun for tutorial_taskflow_templates to 2024-11-19 00:00:00+00:00, run_after=2024-11-20 00:00:00+00:00
[2024-11-20T00:16:02.136+0000] {processor.py:208} INFO - Processing /home/ubuntu/airflow_venv/lib/python3.12/site-packages/airflow/example_dags/tutorial_taskflow_templates.py took 0.424 seconds
[2024-11-20T00:17:01.206+0000] {processor.py:186} INFO - Started process (PID=2081) to work on /home/ubuntu/airflow_venv/lib/python3.12/site-packages/airflow/example_dags/tutorial_taskflow_templates.py
[2024-11-20T00:17:01.207+0000] {processor.py:914} INFO - Processing file /home/ubuntu/airflow_venv/lib/python3.12/site-packages/airflow/example_dags/tutorial_taskflow_templates.py for tasks to queue
[2024-11-20T00:17:01.209+0000] {logging_mixin.py:190} INFO - [2024-11-20T00:17:01.209+0000] {dagbag.py:588} INFO - Filling up the DagBag from /home/ubuntu/airflow_venv/lib/python3.12/site-packages/airflow/example_dags/tutorial_taskflow_templates.py
[2024-11-20T00:17:01.222+0000] {processor.py:925} INFO - DAG(s) 'tutorial_taskflow_templates' retrieved from /home/ubuntu/airflow_venv/lib/python3.12/site-packages/airflow/example_dags/tutorial_taskflow_templates.py
[2024-11-20T00:17:01.238+0000] {logging_mixin.py:190} INFO - [2024-11-20T00:17:01.237+0000] {dag.py:3239} INFO - Sync 1 DAGs
[2024-11-20T00:17:01.258+0000] {logging_mixin.py:190} INFO - [2024-11-20T00:17:01.258+0000] {dag.py:4180} INFO - Setting next_dagrun for tutorial_taskflow_templates to 2024-11-19 00:00:00+00:00, run_after=2024-11-20 00:00:00+00:00
[2024-11-20T00:17:01.282+0000] {processor.py:208} INFO - Processing /home/ubuntu/airflow_venv/lib/python3.12/site-packages/airflow/example_dags/tutorial_taskflow_templates.py took 0.081 seconds
[2024-11-20T00:17:59.178+0000] {processor.py:186} INFO - Started process (PID=2145) to work on /home/ubuntu/airflow_venv/lib/python3.12/site-packages/airflow/example_dags/tutorial_taskflow_templates.py
[2024-11-20T00:17:59.180+0000] {processor.py:914} INFO - Processing file /home/ubuntu/airflow_venv/lib/python3.12/site-packages/airflow/example_dags/tutorial_taskflow_templates.py for tasks to queue
[2024-11-20T00:17:59.182+0000] {logging_mixin.py:190} INFO - [2024-11-20T00:17:59.181+0000] {dagbag.py:588} INFO - Filling up the DagBag from /home/ubuntu/airflow_venv/lib/python3.12/site-packages/airflow/example_dags/tutorial_taskflow_templates.py
[2024-11-20T00:17:59.195+0000] {processor.py:925} INFO - DAG(s) 'tutorial_taskflow_templates' retrieved from /home/ubuntu/airflow_venv/lib/python3.12/site-packages/airflow/example_dags/tutorial_taskflow_templates.py
[2024-11-20T00:17:59.210+0000] {logging_mixin.py:190} INFO - [2024-11-20T00:17:59.210+0000] {dag.py:3239} INFO - Sync 1 DAGs
[2024-11-20T00:17:59.228+0000] {logging_mixin.py:190} INFO - [2024-11-20T00:17:59.228+0000] {dag.py:4180} INFO - Setting next_dagrun for tutorial_taskflow_templates to 2024-11-19 00:00:00+00:00, run_after=2024-11-20 00:00:00+00:00
[2024-11-20T00:17:59.248+0000] {processor.py:208} INFO - Processing /home/ubuntu/airflow_venv/lib/python3.12/site-packages/airflow/example_dags/tutorial_taskflow_templates.py took 0.075 seconds
[2024-11-20T00:18:49.915+0000] {processor.py:186} INFO - Started process (PID=2198) to work on /home/ubuntu/airflow_venv/lib/python3.12/site-packages/airflow/example_dags/tutorial_taskflow_templates.py
[2024-11-20T00:18:49.917+0000] {processor.py:914} INFO - Processing file /home/ubuntu/airflow_venv/lib/python3.12/site-packages/airflow/example_dags/tutorial_taskflow_templates.py for tasks to queue
[2024-11-20T00:18:49.918+0000] {logging_mixin.py:190} INFO - [2024-11-20T00:18:49.918+0000] {dagbag.py:588} INFO - Filling up the DagBag from /home/ubuntu/airflow_venv/lib/python3.12/site-packages/airflow/example_dags/tutorial_taskflow_templates.py
[2024-11-20T00:18:49.931+0000] {processor.py:925} INFO - DAG(s) 'tutorial_taskflow_templates' retrieved from /home/ubuntu/airflow_venv/lib/python3.12/site-packages/airflow/example_dags/tutorial_taskflow_templates.py
[2024-11-20T00:18:49.947+0000] {logging_mixin.py:190} INFO - [2024-11-20T00:18:49.947+0000] {dag.py:3239} INFO - Sync 1 DAGs
[2024-11-20T00:18:49.966+0000] {logging_mixin.py:190} INFO - [2024-11-20T00:18:49.966+0000] {dag.py:4180} INFO - Setting next_dagrun for tutorial_taskflow_templates to 2024-11-19 00:00:00+00:00, run_after=2024-11-20 00:00:00+00:00
[2024-11-20T00:18:49.989+0000] {processor.py:208} INFO - Processing /home/ubuntu/airflow_venv/lib/python3.12/site-packages/airflow/example_dags/tutorial_taskflow_templates.py took 0.079 seconds
[2024-11-20T00:19:44.026+0000] {processor.py:186} INFO - Started process (PID=2255) to work on /home/ubuntu/airflow_venv/lib/python3.12/site-packages/airflow/example_dags/tutorial_taskflow_templates.py
[2024-11-20T00:19:44.028+0000] {processor.py:914} INFO - Processing file /home/ubuntu/airflow_venv/lib/python3.12/site-packages/airflow/example_dags/tutorial_taskflow_templates.py for tasks to queue
[2024-11-20T00:19:44.030+0000] {logging_mixin.py:190} INFO - [2024-11-20T00:19:44.030+0000] {dagbag.py:588} INFO - Filling up the DagBag from /home/ubuntu/airflow_venv/lib/python3.12/site-packages/airflow/example_dags/tutorial_taskflow_templates.py
[2024-11-20T00:19:44.043+0000] {processor.py:925} INFO - DAG(s) 'tutorial_taskflow_templates' retrieved from /home/ubuntu/airflow_venv/lib/python3.12/site-packages/airflow/example_dags/tutorial_taskflow_templates.py
[2024-11-20T00:19:44.059+0000] {logging_mixin.py:190} INFO - [2024-11-20T00:19:44.059+0000] {dag.py:3239} INFO - Sync 1 DAGs
[2024-11-20T00:19:44.077+0000] {logging_mixin.py:190} INFO - [2024-11-20T00:19:44.077+0000] {dag.py:4180} INFO - Setting next_dagrun for tutorial_taskflow_templates to 2024-11-19 00:00:00+00:00, run_after=2024-11-20 00:00:00+00:00
[2024-11-20T00:19:44.100+0000] {processor.py:208} INFO - Processing /home/ubuntu/airflow_venv/lib/python3.12/site-packages/airflow/example_dags/tutorial_taskflow_templates.py took 0.080 seconds
[2024-11-20T00:20:35.979+0000] {processor.py:186} INFO - Started process (PID=2312) to work on /home/ubuntu/airflow_venv/lib/python3.12/site-packages/airflow/example_dags/tutorial_taskflow_templates.py
[2024-11-20T00:20:35.981+0000] {processor.py:914} INFO - Processing file /home/ubuntu/airflow_venv/lib/python3.12/site-packages/airflow/example_dags/tutorial_taskflow_templates.py for tasks to queue
[2024-11-20T00:20:35.983+0000] {logging_mixin.py:190} INFO - [2024-11-20T00:20:35.982+0000] {dagbag.py:588} INFO - Filling up the DagBag from /home/ubuntu/airflow_venv/lib/python3.12/site-packages/airflow/example_dags/tutorial_taskflow_templates.py
[2024-11-20T00:20:35.996+0000] {processor.py:925} INFO - DAG(s) 'tutorial_taskflow_templates' retrieved from /home/ubuntu/airflow_venv/lib/python3.12/site-packages/airflow/example_dags/tutorial_taskflow_templates.py
[2024-11-20T00:20:36.011+0000] {logging_mixin.py:190} INFO - [2024-11-20T00:20:36.011+0000] {dag.py:3239} INFO - Sync 1 DAGs
[2024-11-20T00:20:36.030+0000] {logging_mixin.py:190} INFO - [2024-11-20T00:20:36.030+0000] {dag.py:4180} INFO - Setting next_dagrun for tutorial_taskflow_templates to 2024-11-19 00:00:00+00:00, run_after=2024-11-20 00:00:00+00:00
[2024-11-20T00:20:36.052+0000] {processor.py:208} INFO - Processing /home/ubuntu/airflow_venv/lib/python3.12/site-packages/airflow/example_dags/tutorial_taskflow_templates.py took 0.080 seconds
[2024-11-20T00:21:35.527+0000] {processor.py:186} INFO - Started process (PID=2369) to work on /home/ubuntu/airflow_venv/lib/python3.12/site-packages/airflow/example_dags/tutorial_taskflow_templates.py
[2024-11-20T00:21:35.528+0000] {processor.py:914} INFO - Processing file /home/ubuntu/airflow_venv/lib/python3.12/site-packages/airflow/example_dags/tutorial_taskflow_templates.py for tasks to queue
[2024-11-20T00:21:35.530+0000] {logging_mixin.py:190} INFO - [2024-11-20T00:21:35.529+0000] {dagbag.py:588} INFO - Filling up the DagBag from /home/ubuntu/airflow_venv/lib/python3.12/site-packages/airflow/example_dags/tutorial_taskflow_templates.py
[2024-11-20T00:21:35.674+0000] {processor.py:925} INFO - DAG(s) 'tutorial_taskflow_templates' retrieved from /home/ubuntu/airflow_venv/lib/python3.12/site-packages/airflow/example_dags/tutorial_taskflow_templates.py
[2024-11-20T00:21:35.686+0000] {logging_mixin.py:190} INFO - [2024-11-20T00:21:35.685+0000] {dag.py:3239} INFO - Sync 1 DAGs
[2024-11-20T00:21:35.701+0000] {logging_mixin.py:190} INFO - [2024-11-20T00:21:35.701+0000] {dag.py:4180} INFO - Setting next_dagrun for tutorial_taskflow_templates to 2024-11-19 00:00:00+00:00, run_after=2024-11-20 00:00:00+00:00
[2024-11-20T00:21:35.721+0000] {processor.py:208} INFO - Processing /home/ubuntu/airflow_venv/lib/python3.12/site-packages/airflow/example_dags/tutorial_taskflow_templates.py took 0.200 seconds
[2024-11-20T00:22:32.230+0000] {processor.py:186} INFO - Started process (PID=2431) to work on /home/ubuntu/airflow_venv/lib/python3.12/site-packages/airflow/example_dags/tutorial_taskflow_templates.py
[2024-11-20T00:22:32.231+0000] {processor.py:914} INFO - Processing file /home/ubuntu/airflow_venv/lib/python3.12/site-packages/airflow/example_dags/tutorial_taskflow_templates.py for tasks to queue
[2024-11-20T00:22:32.233+0000] {logging_mixin.py:190} INFO - [2024-11-20T00:22:32.233+0000] {dagbag.py:588} INFO - Filling up the DagBag from /home/ubuntu/airflow_venv/lib/python3.12/site-packages/airflow/example_dags/tutorial_taskflow_templates.py
[2024-11-20T00:22:32.247+0000] {processor.py:925} INFO - DAG(s) 'tutorial_taskflow_templates' retrieved from /home/ubuntu/airflow_venv/lib/python3.12/site-packages/airflow/example_dags/tutorial_taskflow_templates.py
[2024-11-20T00:22:32.262+0000] {logging_mixin.py:190} INFO - [2024-11-20T00:22:32.262+0000] {dag.py:3239} INFO - Sync 1 DAGs
[2024-11-20T00:22:32.282+0000] {logging_mixin.py:190} INFO - [2024-11-20T00:22:32.281+0000] {dag.py:4180} INFO - Setting next_dagrun for tutorial_taskflow_templates to 2024-11-19 00:00:00+00:00, run_after=2024-11-20 00:00:00+00:00
[2024-11-20T00:22:32.305+0000] {processor.py:208} INFO - Processing /home/ubuntu/airflow_venv/lib/python3.12/site-packages/airflow/example_dags/tutorial_taskflow_templates.py took 0.081 seconds
[2024-11-20T00:23:28.691+0000] {processor.py:186} INFO - Started process (PID=2487) to work on /home/ubuntu/airflow_venv/lib/python3.12/site-packages/airflow/example_dags/tutorial_taskflow_templates.py
[2024-11-20T00:23:28.692+0000] {processor.py:914} INFO - Processing file /home/ubuntu/airflow_venv/lib/python3.12/site-packages/airflow/example_dags/tutorial_taskflow_templates.py for tasks to queue
[2024-11-20T00:23:28.694+0000] {logging_mixin.py:190} INFO - [2024-11-20T00:23:28.694+0000] {dagbag.py:588} INFO - Filling up the DagBag from /home/ubuntu/airflow_venv/lib/python3.12/site-packages/airflow/example_dags/tutorial_taskflow_templates.py
[2024-11-20T00:23:28.708+0000] {processor.py:925} INFO - DAG(s) 'tutorial_taskflow_templates' retrieved from /home/ubuntu/airflow_venv/lib/python3.12/site-packages/airflow/example_dags/tutorial_taskflow_templates.py
[2024-11-20T00:23:28.722+0000] {logging_mixin.py:190} INFO - [2024-11-20T00:23:28.722+0000] {dag.py:3239} INFO - Sync 1 DAGs
[2024-11-20T00:23:28.743+0000] {logging_mixin.py:190} INFO - [2024-11-20T00:23:28.743+0000] {dag.py:4180} INFO - Setting next_dagrun for tutorial_taskflow_templates to 2024-11-19 00:00:00+00:00, run_after=2024-11-20 00:00:00+00:00
[2024-11-20T00:23:28.765+0000] {processor.py:208} INFO - Processing /home/ubuntu/airflow_venv/lib/python3.12/site-packages/airflow/example_dags/tutorial_taskflow_templates.py took 0.080 seconds
[2024-11-20T00:24:23.152+0000] {processor.py:186} INFO - Started process (PID=2543) to work on /home/ubuntu/airflow_venv/lib/python3.12/site-packages/airflow/example_dags/tutorial_taskflow_templates.py
[2024-11-20T00:24:23.154+0000] {processor.py:914} INFO - Processing file /home/ubuntu/airflow_venv/lib/python3.12/site-packages/airflow/example_dags/tutorial_taskflow_templates.py for tasks to queue
[2024-11-20T00:24:23.156+0000] {logging_mixin.py:190} INFO - [2024-11-20T00:24:23.156+0000] {dagbag.py:588} INFO - Filling up the DagBag from /home/ubuntu/airflow_venv/lib/python3.12/site-packages/airflow/example_dags/tutorial_taskflow_templates.py
[2024-11-20T00:24:23.171+0000] {processor.py:925} INFO - DAG(s) 'tutorial_taskflow_templates' retrieved from /home/ubuntu/airflow_venv/lib/python3.12/site-packages/airflow/example_dags/tutorial_taskflow_templates.py
[2024-11-20T00:24:23.186+0000] {logging_mixin.py:190} INFO - [2024-11-20T00:24:23.186+0000] {dag.py:3239} INFO - Sync 1 DAGs
[2024-11-20T00:24:23.205+0000] {logging_mixin.py:190} INFO - [2024-11-20T00:24:23.205+0000] {dag.py:4180} INFO - Setting next_dagrun for tutorial_taskflow_templates to 2024-11-19 00:00:00+00:00, run_after=2024-11-20 00:00:00+00:00
[2024-11-20T00:24:23.228+0000] {processor.py:208} INFO - Processing /home/ubuntu/airflow_venv/lib/python3.12/site-packages/airflow/example_dags/tutorial_taskflow_templates.py took 0.082 seconds
[2024-11-20T00:25:15.553+0000] {processor.py:186} INFO - Started process (PID=2601) to work on /home/ubuntu/airflow_venv/lib/python3.12/site-packages/airflow/example_dags/tutorial_taskflow_templates.py
[2024-11-20T00:25:15.554+0000] {processor.py:914} INFO - Processing file /home/ubuntu/airflow_venv/lib/python3.12/site-packages/airflow/example_dags/tutorial_taskflow_templates.py for tasks to queue
[2024-11-20T00:25:15.557+0000] {logging_mixin.py:190} INFO - [2024-11-20T00:25:15.557+0000] {dagbag.py:588} INFO - Filling up the DagBag from /home/ubuntu/airflow_venv/lib/python3.12/site-packages/airflow/example_dags/tutorial_taskflow_templates.py
[2024-11-20T00:25:15.570+0000] {processor.py:925} INFO - DAG(s) 'tutorial_taskflow_templates' retrieved from /home/ubuntu/airflow_venv/lib/python3.12/site-packages/airflow/example_dags/tutorial_taskflow_templates.py
[2024-11-20T00:25:15.586+0000] {logging_mixin.py:190} INFO - [2024-11-20T00:25:15.586+0000] {dag.py:3239} INFO - Sync 1 DAGs
[2024-11-20T00:25:15.605+0000] {logging_mixin.py:190} INFO - [2024-11-20T00:25:15.605+0000] {dag.py:4180} INFO - Setting next_dagrun for tutorial_taskflow_templates to 2024-11-19 00:00:00+00:00, run_after=2024-11-20 00:00:00+00:00
[2024-11-20T00:25:15.629+0000] {processor.py:208} INFO - Processing /home/ubuntu/airflow_venv/lib/python3.12/site-packages/airflow/example_dags/tutorial_taskflow_templates.py took 0.081 seconds
[2024-11-20T00:26:12.461+0000] {processor.py:186} INFO - Started process (PID=2660) to work on /home/ubuntu/airflow_venv/lib/python3.12/site-packages/airflow/example_dags/tutorial_taskflow_templates.py
[2024-11-20T00:26:12.464+0000] {processor.py:914} INFO - Processing file /home/ubuntu/airflow_venv/lib/python3.12/site-packages/airflow/example_dags/tutorial_taskflow_templates.py for tasks to queue
[2024-11-20T00:26:12.466+0000] {logging_mixin.py:190} INFO - [2024-11-20T00:26:12.466+0000] {dagbag.py:588} INFO - Filling up the DagBag from /home/ubuntu/airflow_venv/lib/python3.12/site-packages/airflow/example_dags/tutorial_taskflow_templates.py
[2024-11-20T00:26:12.479+0000] {processor.py:925} INFO - DAG(s) 'tutorial_taskflow_templates' retrieved from /home/ubuntu/airflow_venv/lib/python3.12/site-packages/airflow/example_dags/tutorial_taskflow_templates.py
[2024-11-20T00:26:12.494+0000] {logging_mixin.py:190} INFO - [2024-11-20T00:26:12.494+0000] {dag.py:3239} INFO - Sync 1 DAGs
[2024-11-20T00:26:12.513+0000] {logging_mixin.py:190} INFO - [2024-11-20T00:26:12.513+0000] {dag.py:4180} INFO - Setting next_dagrun for tutorial_taskflow_templates to 2024-11-19 00:00:00+00:00, run_after=2024-11-20 00:00:00+00:00
[2024-11-20T00:26:12.536+0000] {processor.py:208} INFO - Processing /home/ubuntu/airflow_venv/lib/python3.12/site-packages/airflow/example_dags/tutorial_taskflow_templates.py took 0.080 seconds
[2024-11-20T00:27:26.219+0000] {processor.py:186} INFO - Started process (PID=2756) to work on /home/ubuntu/airflow_venv/lib/python3.12/site-packages/airflow/example_dags/tutorial_taskflow_templates.py
[2024-11-20T00:27:26.221+0000] {processor.py:914} INFO - Processing file /home/ubuntu/airflow_venv/lib/python3.12/site-packages/airflow/example_dags/tutorial_taskflow_templates.py for tasks to queue
[2024-11-20T00:27:26.224+0000] {logging_mixin.py:190} INFO - [2024-11-20T00:27:26.223+0000] {dagbag.py:588} INFO - Filling up the DagBag from /home/ubuntu/airflow_venv/lib/python3.12/site-packages/airflow/example_dags/tutorial_taskflow_templates.py
[2024-11-20T00:27:26.237+0000] {processor.py:925} INFO - DAG(s) 'tutorial_taskflow_templates' retrieved from /home/ubuntu/airflow_venv/lib/python3.12/site-packages/airflow/example_dags/tutorial_taskflow_templates.py
[2024-11-20T00:27:26.252+0000] {logging_mixin.py:190} INFO - [2024-11-20T00:27:26.252+0000] {dag.py:3239} INFO - Sync 1 DAGs
[2024-11-20T00:27:26.272+0000] {logging_mixin.py:190} INFO - [2024-11-20T00:27:26.272+0000] {dag.py:4180} INFO - Setting next_dagrun for tutorial_taskflow_templates to 2024-11-19 00:00:00+00:00, run_after=2024-11-20 00:00:00+00:00
[2024-11-20T00:27:26.294+0000] {processor.py:208} INFO - Processing /home/ubuntu/airflow_venv/lib/python3.12/site-packages/airflow/example_dags/tutorial_taskflow_templates.py took 0.080 seconds
[2024-11-20T00:28:02.398+0000] {processor.py:186} INFO - Started process (PID=2793) to work on /home/ubuntu/airflow_venv/lib/python3.12/site-packages/airflow/example_dags/tutorial_taskflow_templates.py
[2024-11-20T00:28:02.399+0000] {processor.py:914} INFO - Processing file /home/ubuntu/airflow_venv/lib/python3.12/site-packages/airflow/example_dags/tutorial_taskflow_templates.py for tasks to queue
[2024-11-20T00:28:02.401+0000] {logging_mixin.py:190} INFO - [2024-11-20T00:28:02.401+0000] {dagbag.py:588} INFO - Filling up the DagBag from /home/ubuntu/airflow_venv/lib/python3.12/site-packages/airflow/example_dags/tutorial_taskflow_templates.py
[2024-11-20T00:28:02.414+0000] {processor.py:925} INFO - DAG(s) 'tutorial_taskflow_templates' retrieved from /home/ubuntu/airflow_venv/lib/python3.12/site-packages/airflow/example_dags/tutorial_taskflow_templates.py
[2024-11-20T00:28:02.430+0000] {logging_mixin.py:190} INFO - [2024-11-20T00:28:02.430+0000] {dag.py:3239} INFO - Sync 1 DAGs
[2024-11-20T00:28:02.450+0000] {logging_mixin.py:190} INFO - [2024-11-20T00:28:02.450+0000] {dag.py:4180} INFO - Setting next_dagrun for tutorial_taskflow_templates to 2024-11-19 00:00:00+00:00, run_after=2024-11-20 00:00:00+00:00
[2024-11-20T00:28:02.473+0000] {processor.py:208} INFO - Processing /home/ubuntu/airflow_venv/lib/python3.12/site-packages/airflow/example_dags/tutorial_taskflow_templates.py took 0.081 seconds
[2024-11-20T00:28:57.807+0000] {processor.py:186} INFO - Started process (PID=2976) to work on /home/ubuntu/airflow_venv/lib/python3.12/site-packages/airflow/example_dags/tutorial_taskflow_templates.py
[2024-11-20T00:28:57.809+0000] {processor.py:914} INFO - Processing file /home/ubuntu/airflow_venv/lib/python3.12/site-packages/airflow/example_dags/tutorial_taskflow_templates.py for tasks to queue
[2024-11-20T00:28:57.811+0000] {logging_mixin.py:190} INFO - [2024-11-20T00:28:57.811+0000] {dagbag.py:588} INFO - Filling up the DagBag from /home/ubuntu/airflow_venv/lib/python3.12/site-packages/airflow/example_dags/tutorial_taskflow_templates.py
[2024-11-20T00:28:57.824+0000] {processor.py:925} INFO - DAG(s) 'tutorial_taskflow_templates' retrieved from /home/ubuntu/airflow_venv/lib/python3.12/site-packages/airflow/example_dags/tutorial_taskflow_templates.py
[2024-11-20T00:28:57.839+0000] {logging_mixin.py:190} INFO - [2024-11-20T00:28:57.839+0000] {dag.py:3239} INFO - Sync 1 DAGs
[2024-11-20T00:28:57.858+0000] {logging_mixin.py:190} INFO - [2024-11-20T00:28:57.858+0000] {dag.py:4180} INFO - Setting next_dagrun for tutorial_taskflow_templates to 2024-11-19 00:00:00+00:00, run_after=2024-11-20 00:00:00+00:00
[2024-11-20T00:28:57.880+0000] {processor.py:208} INFO - Processing /home/ubuntu/airflow_venv/lib/python3.12/site-packages/airflow/example_dags/tutorial_taskflow_templates.py took 0.078 seconds
[2024-11-20T00:29:31.294+0000] {processor.py:186} INFO - Started process (PID=3011) to work on /home/ubuntu/airflow_venv/lib/python3.12/site-packages/airflow/example_dags/tutorial_taskflow_templates.py
[2024-11-20T00:29:31.295+0000] {processor.py:914} INFO - Processing file /home/ubuntu/airflow_venv/lib/python3.12/site-packages/airflow/example_dags/tutorial_taskflow_templates.py for tasks to queue
[2024-11-20T00:29:31.296+0000] {logging_mixin.py:190} INFO - [2024-11-20T00:29:31.295+0000] {dagbag.py:588} INFO - Filling up the DagBag from /home/ubuntu/airflow_venv/lib/python3.12/site-packages/airflow/example_dags/tutorial_taskflow_templates.py
[2024-11-20T00:29:31.310+0000] {processor.py:925} INFO - DAG(s) 'tutorial_taskflow_templates' retrieved from /home/ubuntu/airflow_venv/lib/python3.12/site-packages/airflow/example_dags/tutorial_taskflow_templates.py
[2024-11-20T00:29:31.324+0000] {logging_mixin.py:190} INFO - [2024-11-20T00:29:31.324+0000] {dag.py:3239} INFO - Sync 1 DAGs
[2024-11-20T00:29:31.345+0000] {logging_mixin.py:190} INFO - [2024-11-20T00:29:31.345+0000] {dag.py:4180} INFO - Setting next_dagrun for tutorial_taskflow_templates to 2024-11-19 00:00:00+00:00, run_after=2024-11-20 00:00:00+00:00
[2024-11-20T00:29:31.366+0000] {processor.py:208} INFO - Processing /home/ubuntu/airflow_venv/lib/python3.12/site-packages/airflow/example_dags/tutorial_taskflow_templates.py took 0.077 seconds
[2024-11-20T00:30:04.422+0000] {processor.py:186} INFO - Started process (PID=3046) to work on /home/ubuntu/airflow_venv/lib/python3.12/site-packages/airflow/example_dags/tutorial_taskflow_templates.py
[2024-11-20T00:30:04.424+0000] {processor.py:914} INFO - Processing file /home/ubuntu/airflow_venv/lib/python3.12/site-packages/airflow/example_dags/tutorial_taskflow_templates.py for tasks to queue
[2024-11-20T00:30:04.425+0000] {logging_mixin.py:190} INFO - [2024-11-20T00:30:04.425+0000] {dagbag.py:588} INFO - Filling up the DagBag from /home/ubuntu/airflow_venv/lib/python3.12/site-packages/airflow/example_dags/tutorial_taskflow_templates.py
[2024-11-20T00:30:04.440+0000] {processor.py:925} INFO - DAG(s) 'tutorial_taskflow_templates' retrieved from /home/ubuntu/airflow_venv/lib/python3.12/site-packages/airflow/example_dags/tutorial_taskflow_templates.py
[2024-11-20T00:30:04.471+0000] {logging_mixin.py:190} INFO - [2024-11-20T00:30:04.470+0000] {dag.py:3239} INFO - Sync 1 DAGs
[2024-11-20T00:30:04.516+0000] {logging_mixin.py:190} INFO - [2024-11-20T00:30:04.516+0000] {dag.py:4180} INFO - Setting next_dagrun for tutorial_taskflow_templates to 2024-11-19 00:00:00+00:00, run_after=2024-11-20 00:00:00+00:00
[2024-11-20T00:30:04.560+0000] {processor.py:208} INFO - Processing /home/ubuntu/airflow_venv/lib/python3.12/site-packages/airflow/example_dags/tutorial_taskflow_templates.py took 0.150 seconds
[2024-11-20T00:30:58.290+0000] {processor.py:186} INFO - Started process (PID=3142) to work on /home/ubuntu/airflow_venv/lib/python3.12/site-packages/airflow/example_dags/tutorial_taskflow_templates.py
[2024-11-20T00:30:58.292+0000] {processor.py:914} INFO - Processing file /home/ubuntu/airflow_venv/lib/python3.12/site-packages/airflow/example_dags/tutorial_taskflow_templates.py for tasks to queue
[2024-11-20T00:30:58.293+0000] {logging_mixin.py:190} INFO - [2024-11-20T00:30:58.292+0000] {dagbag.py:588} INFO - Filling up the DagBag from /home/ubuntu/airflow_venv/lib/python3.12/site-packages/airflow/example_dags/tutorial_taskflow_templates.py
[2024-11-20T00:30:58.306+0000] {processor.py:925} INFO - DAG(s) 'tutorial_taskflow_templates' retrieved from /home/ubuntu/airflow_venv/lib/python3.12/site-packages/airflow/example_dags/tutorial_taskflow_templates.py
[2024-11-20T00:30:58.321+0000] {logging_mixin.py:190} INFO - [2024-11-20T00:30:58.321+0000] {dag.py:3239} INFO - Sync 1 DAGs
[2024-11-20T00:30:58.340+0000] {logging_mixin.py:190} INFO - [2024-11-20T00:30:58.340+0000] {dag.py:4180} INFO - Setting next_dagrun for tutorial_taskflow_templates to 2024-11-19 00:00:00+00:00, run_after=2024-11-20 00:00:00+00:00
[2024-11-20T00:30:58.362+0000] {processor.py:208} INFO - Processing /home/ubuntu/airflow_venv/lib/python3.12/site-packages/airflow/example_dags/tutorial_taskflow_templates.py took 0.077 seconds
[2024-11-20T00:31:55.335+0000] {processor.py:186} INFO - Started process (PID=3300) to work on /home/ubuntu/airflow_venv/lib/python3.12/site-packages/airflow/example_dags/tutorial_taskflow_templates.py
[2024-11-20T00:31:55.337+0000] {processor.py:914} INFO - Processing file /home/ubuntu/airflow_venv/lib/python3.12/site-packages/airflow/example_dags/tutorial_taskflow_templates.py for tasks to queue
[2024-11-20T00:31:55.338+0000] {logging_mixin.py:190} INFO - [2024-11-20T00:31:55.337+0000] {dagbag.py:588} INFO - Filling up the DagBag from /home/ubuntu/airflow_venv/lib/python3.12/site-packages/airflow/example_dags/tutorial_taskflow_templates.py
[2024-11-20T00:31:55.351+0000] {processor.py:925} INFO - DAG(s) 'tutorial_taskflow_templates' retrieved from /home/ubuntu/airflow_venv/lib/python3.12/site-packages/airflow/example_dags/tutorial_taskflow_templates.py
[2024-11-20T00:31:55.366+0000] {logging_mixin.py:190} INFO - [2024-11-20T00:31:55.365+0000] {dag.py:3239} INFO - Sync 1 DAGs
[2024-11-20T00:31:55.387+0000] {logging_mixin.py:190} INFO - [2024-11-20T00:31:55.387+0000] {dag.py:4180} INFO - Setting next_dagrun for tutorial_taskflow_templates to 2024-11-19 00:00:00+00:00, run_after=2024-11-20 00:00:00+00:00
[2024-11-20T00:31:55.411+0000] {processor.py:208} INFO - Processing /home/ubuntu/airflow_venv/lib/python3.12/site-packages/airflow/example_dags/tutorial_taskflow_templates.py took 0.081 seconds
[2024-11-20T00:32:46.077+0000] {processor.py:186} INFO - Started process (PID=3719) to work on /home/ubuntu/airflow_venv/lib/python3.12/site-packages/airflow/example_dags/tutorial_taskflow_templates.py
[2024-11-20T00:32:46.079+0000] {processor.py:914} INFO - Processing file /home/ubuntu/airflow_venv/lib/python3.12/site-packages/airflow/example_dags/tutorial_taskflow_templates.py for tasks to queue
[2024-11-20T00:32:46.080+0000] {logging_mixin.py:190} INFO - [2024-11-20T00:32:46.080+0000] {dagbag.py:588} INFO - Filling up the DagBag from /home/ubuntu/airflow_venv/lib/python3.12/site-packages/airflow/example_dags/tutorial_taskflow_templates.py
[2024-11-20T00:32:46.096+0000] {processor.py:925} INFO - DAG(s) 'tutorial_taskflow_templates' retrieved from /home/ubuntu/airflow_venv/lib/python3.12/site-packages/airflow/example_dags/tutorial_taskflow_templates.py
[2024-11-20T00:32:46.114+0000] {logging_mixin.py:190} INFO - [2024-11-20T00:32:46.112+0000] {dag.py:3239} INFO - Sync 1 DAGs
[2024-11-20T00:32:46.136+0000] {logging_mixin.py:190} INFO - [2024-11-20T00:32:46.136+0000] {dag.py:4180} INFO - Setting next_dagrun for tutorial_taskflow_templates to 2024-11-19 00:00:00+00:00, run_after=2024-11-20 00:00:00+00:00
[2024-11-20T00:32:46.157+0000] {processor.py:208} INFO - Processing /home/ubuntu/airflow_venv/lib/python3.12/site-packages/airflow/example_dags/tutorial_taskflow_templates.py took 0.085 seconds
[2024-11-20T00:33:50.816+0000] {processor.py:186} INFO - Started process (PID=3959) to work on /home/ubuntu/airflow_venv/lib/python3.12/site-packages/airflow/example_dags/tutorial_taskflow_templates.py
[2024-11-20T00:33:50.817+0000] {processor.py:914} INFO - Processing file /home/ubuntu/airflow_venv/lib/python3.12/site-packages/airflow/example_dags/tutorial_taskflow_templates.py for tasks to queue
[2024-11-20T00:33:50.819+0000] {logging_mixin.py:190} INFO - [2024-11-20T00:33:50.818+0000] {dagbag.py:588} INFO - Filling up the DagBag from /home/ubuntu/airflow_venv/lib/python3.12/site-packages/airflow/example_dags/tutorial_taskflow_templates.py
[2024-11-20T00:33:50.832+0000] {processor.py:925} INFO - DAG(s) 'tutorial_taskflow_templates' retrieved from /home/ubuntu/airflow_venv/lib/python3.12/site-packages/airflow/example_dags/tutorial_taskflow_templates.py
[2024-11-20T00:33:50.855+0000] {logging_mixin.py:190} INFO - [2024-11-20T00:33:50.855+0000] {dag.py:3239} INFO - Sync 1 DAGs
[2024-11-20T00:33:50.875+0000] {logging_mixin.py:190} INFO - [2024-11-20T00:33:50.875+0000] {dag.py:4180} INFO - Setting next_dagrun for tutorial_taskflow_templates to 2024-11-19 00:00:00+00:00, run_after=2024-11-20 00:00:00+00:00
[2024-11-20T00:33:50.898+0000] {processor.py:208} INFO - Processing /home/ubuntu/airflow_venv/lib/python3.12/site-packages/airflow/example_dags/tutorial_taskflow_templates.py took 0.089 seconds
[2024-11-20T00:34:49.847+0000] {processor.py:186} INFO - Started process (PID=4058) to work on /home/ubuntu/airflow_venv/lib/python3.12/site-packages/airflow/example_dags/tutorial_taskflow_templates.py
[2024-11-20T00:34:49.850+0000] {processor.py:914} INFO - Processing file /home/ubuntu/airflow_venv/lib/python3.12/site-packages/airflow/example_dags/tutorial_taskflow_templates.py for tasks to queue
[2024-11-20T00:34:49.851+0000] {logging_mixin.py:190} INFO - [2024-11-20T00:34:49.851+0000] {dagbag.py:588} INFO - Filling up the DagBag from /home/ubuntu/airflow_venv/lib/python3.12/site-packages/airflow/example_dags/tutorial_taskflow_templates.py
[2024-11-20T00:34:49.864+0000] {processor.py:925} INFO - DAG(s) 'tutorial_taskflow_templates' retrieved from /home/ubuntu/airflow_venv/lib/python3.12/site-packages/airflow/example_dags/tutorial_taskflow_templates.py
[2024-11-20T00:34:49.880+0000] {logging_mixin.py:190} INFO - [2024-11-20T00:34:49.880+0000] {dag.py:3239} INFO - Sync 1 DAGs
[2024-11-20T00:34:49.900+0000] {logging_mixin.py:190} INFO - [2024-11-20T00:34:49.900+0000] {dag.py:4180} INFO - Setting next_dagrun for tutorial_taskflow_templates to 2024-11-19 00:00:00+00:00, run_after=2024-11-20 00:00:00+00:00
[2024-11-20T00:34:49.921+0000] {processor.py:208} INFO - Processing /home/ubuntu/airflow_venv/lib/python3.12/site-packages/airflow/example_dags/tutorial_taskflow_templates.py took 0.081 seconds
[2024-11-20T00:35:44.113+0000] {processor.py:186} INFO - Started process (PID=4143) to work on /home/ubuntu/airflow_venv/lib/python3.12/site-packages/airflow/example_dags/tutorial_taskflow_templates.py
[2024-11-20T00:35:44.114+0000] {processor.py:914} INFO - Processing file /home/ubuntu/airflow_venv/lib/python3.12/site-packages/airflow/example_dags/tutorial_taskflow_templates.py for tasks to queue
[2024-11-20T00:35:44.116+0000] {logging_mixin.py:190} INFO - [2024-11-20T00:35:44.115+0000] {dagbag.py:588} INFO - Filling up the DagBag from /home/ubuntu/airflow_venv/lib/python3.12/site-packages/airflow/example_dags/tutorial_taskflow_templates.py
[2024-11-20T00:35:44.130+0000] {processor.py:925} INFO - DAG(s) 'tutorial_taskflow_templates' retrieved from /home/ubuntu/airflow_venv/lib/python3.12/site-packages/airflow/example_dags/tutorial_taskflow_templates.py
[2024-11-20T00:35:44.145+0000] {logging_mixin.py:190} INFO - [2024-11-20T00:35:44.145+0000] {dag.py:3239} INFO - Sync 1 DAGs
[2024-11-20T00:35:44.165+0000] {logging_mixin.py:190} INFO - [2024-11-20T00:35:44.165+0000] {dag.py:4180} INFO - Setting next_dagrun for tutorial_taskflow_templates to 2024-11-19 00:00:00+00:00, run_after=2024-11-20 00:00:00+00:00
[2024-11-20T00:35:44.186+0000] {processor.py:208} INFO - Processing /home/ubuntu/airflow_venv/lib/python3.12/site-packages/airflow/example_dags/tutorial_taskflow_templates.py took 0.080 seconds
[2024-11-20T00:36:38.406+0000] {processor.py:186} INFO - Started process (PID=4199) to work on /home/ubuntu/airflow_venv/lib/python3.12/site-packages/airflow/example_dags/tutorial_taskflow_templates.py
[2024-11-20T00:36:38.407+0000] {processor.py:914} INFO - Processing file /home/ubuntu/airflow_venv/lib/python3.12/site-packages/airflow/example_dags/tutorial_taskflow_templates.py for tasks to queue
[2024-11-20T00:36:38.409+0000] {logging_mixin.py:190} INFO - [2024-11-20T00:36:38.408+0000] {dagbag.py:588} INFO - Filling up the DagBag from /home/ubuntu/airflow_venv/lib/python3.12/site-packages/airflow/example_dags/tutorial_taskflow_templates.py
[2024-11-20T00:36:38.422+0000] {processor.py:925} INFO - DAG(s) 'tutorial_taskflow_templates' retrieved from /home/ubuntu/airflow_venv/lib/python3.12/site-packages/airflow/example_dags/tutorial_taskflow_templates.py
[2024-11-20T00:36:38.437+0000] {logging_mixin.py:190} INFO - [2024-11-20T00:36:38.436+0000] {dag.py:3239} INFO - Sync 1 DAGs
[2024-11-20T00:36:38.456+0000] {logging_mixin.py:190} INFO - [2024-11-20T00:36:38.456+0000] {dag.py:4180} INFO - Setting next_dagrun for tutorial_taskflow_templates to 2024-11-19 00:00:00+00:00, run_after=2024-11-20 00:00:00+00:00
[2024-11-20T00:36:38.480+0000] {processor.py:208} INFO - Processing /home/ubuntu/airflow_venv/lib/python3.12/site-packages/airflow/example_dags/tutorial_taskflow_templates.py took 0.081 seconds
[2024-11-20T00:37:33.690+0000] {processor.py:186} INFO - Started process (PID=4255) to work on /home/ubuntu/airflow_venv/lib/python3.12/site-packages/airflow/example_dags/tutorial_taskflow_templates.py
[2024-11-20T00:37:33.692+0000] {processor.py:914} INFO - Processing file /home/ubuntu/airflow_venv/lib/python3.12/site-packages/airflow/example_dags/tutorial_taskflow_templates.py for tasks to queue
[2024-11-20T00:37:33.693+0000] {logging_mixin.py:190} INFO - [2024-11-20T00:37:33.692+0000] {dagbag.py:588} INFO - Filling up the DagBag from /home/ubuntu/airflow_venv/lib/python3.12/site-packages/airflow/example_dags/tutorial_taskflow_templates.py
[2024-11-20T00:37:33.705+0000] {processor.py:925} INFO - DAG(s) 'tutorial_taskflow_templates' retrieved from /home/ubuntu/airflow_venv/lib/python3.12/site-packages/airflow/example_dags/tutorial_taskflow_templates.py
[2024-11-20T00:37:33.721+0000] {logging_mixin.py:190} INFO - [2024-11-20T00:37:33.721+0000] {dag.py:3239} INFO - Sync 1 DAGs
[2024-11-20T00:37:33.741+0000] {logging_mixin.py:190} INFO - [2024-11-20T00:37:33.741+0000] {dag.py:4180} INFO - Setting next_dagrun for tutorial_taskflow_templates to 2024-11-19 00:00:00+00:00, run_after=2024-11-20 00:00:00+00:00
[2024-11-20T00:37:33.764+0000] {processor.py:208} INFO - Processing /home/ubuntu/airflow_venv/lib/python3.12/site-packages/airflow/example_dags/tutorial_taskflow_templates.py took 0.081 seconds
[2024-11-20T00:38:31.643+0000] {processor.py:186} INFO - Started process (PID=4340) to work on /home/ubuntu/airflow_venv/lib/python3.12/site-packages/airflow/example_dags/tutorial_taskflow_templates.py
[2024-11-20T00:38:31.645+0000] {processor.py:914} INFO - Processing file /home/ubuntu/airflow_venv/lib/python3.12/site-packages/airflow/example_dags/tutorial_taskflow_templates.py for tasks to queue
[2024-11-20T00:38:31.646+0000] {logging_mixin.py:190} INFO - [2024-11-20T00:38:31.646+0000] {dagbag.py:588} INFO - Filling up the DagBag from /home/ubuntu/airflow_venv/lib/python3.12/site-packages/airflow/example_dags/tutorial_taskflow_templates.py
[2024-11-20T00:38:31.660+0000] {processor.py:925} INFO - DAG(s) 'tutorial_taskflow_templates' retrieved from /home/ubuntu/airflow_venv/lib/python3.12/site-packages/airflow/example_dags/tutorial_taskflow_templates.py
[2024-11-20T00:38:31.675+0000] {logging_mixin.py:190} INFO - [2024-11-20T00:38:31.675+0000] {dag.py:3239} INFO - Sync 1 DAGs
[2024-11-20T00:38:31.695+0000] {logging_mixin.py:190} INFO - [2024-11-20T00:38:31.695+0000] {dag.py:4180} INFO - Setting next_dagrun for tutorial_taskflow_templates to 2024-11-19 00:00:00+00:00, run_after=2024-11-20 00:00:00+00:00
[2024-11-20T00:38:31.717+0000] {processor.py:208} INFO - Processing /home/ubuntu/airflow_venv/lib/python3.12/site-packages/airflow/example_dags/tutorial_taskflow_templates.py took 0.085 seconds
[2024-11-20T00:39:23.673+0000] {processor.py:186} INFO - Started process (PID=4395) to work on /home/ubuntu/airflow_venv/lib/python3.12/site-packages/airflow/example_dags/tutorial_taskflow_templates.py
[2024-11-20T00:39:23.674+0000] {processor.py:914} INFO - Processing file /home/ubuntu/airflow_venv/lib/python3.12/site-packages/airflow/example_dags/tutorial_taskflow_templates.py for tasks to queue
[2024-11-20T00:39:23.676+0000] {logging_mixin.py:190} INFO - [2024-11-20T00:39:23.676+0000] {dagbag.py:588} INFO - Filling up the DagBag from /home/ubuntu/airflow_venv/lib/python3.12/site-packages/airflow/example_dags/tutorial_taskflow_templates.py
[2024-11-20T00:39:23.690+0000] {processor.py:925} INFO - DAG(s) 'tutorial_taskflow_templates' retrieved from /home/ubuntu/airflow_venv/lib/python3.12/site-packages/airflow/example_dags/tutorial_taskflow_templates.py
[2024-11-20T00:39:23.705+0000] {logging_mixin.py:190} INFO - [2024-11-20T00:39:23.705+0000] {dag.py:3239} INFO - Sync 1 DAGs
[2024-11-20T00:39:23.725+0000] {logging_mixin.py:190} INFO - [2024-11-20T00:39:23.724+0000] {dag.py:4180} INFO - Setting next_dagrun for tutorial_taskflow_templates to 2024-11-19 00:00:00+00:00, run_after=2024-11-20 00:00:00+00:00
[2024-11-20T00:39:23.747+0000] {processor.py:208} INFO - Processing /home/ubuntu/airflow_venv/lib/python3.12/site-packages/airflow/example_dags/tutorial_taskflow_templates.py took 0.080 seconds
[2024-11-20T00:39:57.988+0000] {processor.py:186} INFO - Started process (PID=4459) to work on /home/ubuntu/airflow_venv/lib/python3.12/site-packages/airflow/example_dags/tutorial_taskflow_templates.py
[2024-11-20T00:39:57.989+0000] {processor.py:914} INFO - Processing file /home/ubuntu/airflow_venv/lib/python3.12/site-packages/airflow/example_dags/tutorial_taskflow_templates.py for tasks to queue
[2024-11-20T00:39:57.991+0000] {logging_mixin.py:190} INFO - [2024-11-20T00:39:57.991+0000] {dagbag.py:588} INFO - Filling up the DagBag from /home/ubuntu/airflow_venv/lib/python3.12/site-packages/airflow/example_dags/tutorial_taskflow_templates.py
[2024-11-20T00:39:58.004+0000] {processor.py:925} INFO - DAG(s) 'tutorial_taskflow_templates' retrieved from /home/ubuntu/airflow_venv/lib/python3.12/site-packages/airflow/example_dags/tutorial_taskflow_templates.py
[2024-11-20T00:39:58.020+0000] {logging_mixin.py:190} INFO - [2024-11-20T00:39:58.020+0000] {dag.py:3239} INFO - Sync 1 DAGs
[2024-11-20T00:39:58.041+0000] {logging_mixin.py:190} INFO - [2024-11-20T00:39:58.040+0000] {dag.py:4180} INFO - Setting next_dagrun for tutorial_taskflow_templates to 2024-11-19 00:00:00+00:00, run_after=2024-11-20 00:00:00+00:00
[2024-11-20T00:39:58.062+0000] {processor.py:208} INFO - Processing /home/ubuntu/airflow_venv/lib/python3.12/site-packages/airflow/example_dags/tutorial_taskflow_templates.py took 0.080 seconds
[2024-11-20T00:40:30.281+0000] {processor.py:186} INFO - Started process (PID=4498) to work on /home/ubuntu/airflow_venv/lib/python3.12/site-packages/airflow/example_dags/tutorial_taskflow_templates.py
[2024-11-20T00:40:30.284+0000] {processor.py:914} INFO - Processing file /home/ubuntu/airflow_venv/lib/python3.12/site-packages/airflow/example_dags/tutorial_taskflow_templates.py for tasks to queue
[2024-11-20T00:40:30.284+0000] {logging_mixin.py:190} INFO - [2024-11-20T00:40:30.284+0000] {dagbag.py:588} INFO - Filling up the DagBag from /home/ubuntu/airflow_venv/lib/python3.12/site-packages/airflow/example_dags/tutorial_taskflow_templates.py
[2024-11-20T00:40:30.298+0000] {processor.py:925} INFO - DAG(s) 'tutorial_taskflow_templates' retrieved from /home/ubuntu/airflow_venv/lib/python3.12/site-packages/airflow/example_dags/tutorial_taskflow_templates.py
[2024-11-20T00:40:30.313+0000] {logging_mixin.py:190} INFO - [2024-11-20T00:40:30.313+0000] {dag.py:3239} INFO - Sync 1 DAGs
[2024-11-20T00:40:30.332+0000] {logging_mixin.py:190} INFO - [2024-11-20T00:40:30.332+0000] {dag.py:4180} INFO - Setting next_dagrun for tutorial_taskflow_templates to 2024-11-19 00:00:00+00:00, run_after=2024-11-20 00:00:00+00:00
[2024-11-20T00:40:30.355+0000] {processor.py:208} INFO - Processing /home/ubuntu/airflow_venv/lib/python3.12/site-packages/airflow/example_dags/tutorial_taskflow_templates.py took 0.080 seconds
[2024-11-20T00:41:24.460+0000] {processor.py:186} INFO - Started process (PID=4554) to work on /home/ubuntu/airflow_venv/lib/python3.12/site-packages/airflow/example_dags/tutorial_taskflow_templates.py
[2024-11-20T00:41:24.463+0000] {processor.py:914} INFO - Processing file /home/ubuntu/airflow_venv/lib/python3.12/site-packages/airflow/example_dags/tutorial_taskflow_templates.py for tasks to queue
[2024-11-20T00:41:24.464+0000] {logging_mixin.py:190} INFO - [2024-11-20T00:41:24.464+0000] {dagbag.py:588} INFO - Filling up the DagBag from /home/ubuntu/airflow_venv/lib/python3.12/site-packages/airflow/example_dags/tutorial_taskflow_templates.py
[2024-11-20T00:41:24.478+0000] {processor.py:925} INFO - DAG(s) 'tutorial_taskflow_templates' retrieved from /home/ubuntu/airflow_venv/lib/python3.12/site-packages/airflow/example_dags/tutorial_taskflow_templates.py
[2024-11-20T00:41:24.493+0000] {logging_mixin.py:190} INFO - [2024-11-20T00:41:24.493+0000] {dag.py:3239} INFO - Sync 1 DAGs
[2024-11-20T00:41:24.513+0000] {logging_mixin.py:190} INFO - [2024-11-20T00:41:24.513+0000] {dag.py:4180} INFO - Setting next_dagrun for tutorial_taskflow_templates to 2024-11-19 00:00:00+00:00, run_after=2024-11-20 00:00:00+00:00
[2024-11-20T00:41:24.536+0000] {processor.py:208} INFO - Processing /home/ubuntu/airflow_venv/lib/python3.12/site-packages/airflow/example_dags/tutorial_taskflow_templates.py took 0.082 seconds
[2024-11-20T00:42:14.814+0000] {processor.py:186} INFO - Started process (PID=4607) to work on /home/ubuntu/airflow_venv/lib/python3.12/site-packages/airflow/example_dags/tutorial_taskflow_templates.py
[2024-11-20T00:42:14.816+0000] {processor.py:914} INFO - Processing file /home/ubuntu/airflow_venv/lib/python3.12/site-packages/airflow/example_dags/tutorial_taskflow_templates.py for tasks to queue
[2024-11-20T00:42:14.817+0000] {logging_mixin.py:190} INFO - [2024-11-20T00:42:14.817+0000] {dagbag.py:588} INFO - Filling up the DagBag from /home/ubuntu/airflow_venv/lib/python3.12/site-packages/airflow/example_dags/tutorial_taskflow_templates.py
[2024-11-20T00:42:14.830+0000] {processor.py:925} INFO - DAG(s) 'tutorial_taskflow_templates' retrieved from /home/ubuntu/airflow_venv/lib/python3.12/site-packages/airflow/example_dags/tutorial_taskflow_templates.py
[2024-11-20T00:42:14.845+0000] {logging_mixin.py:190} INFO - [2024-11-20T00:42:14.845+0000] {dag.py:3239} INFO - Sync 1 DAGs
[2024-11-20T00:42:14.866+0000] {logging_mixin.py:190} INFO - [2024-11-20T00:42:14.866+0000] {dag.py:4180} INFO - Setting next_dagrun for tutorial_taskflow_templates to 2024-11-19 00:00:00+00:00, run_after=2024-11-20 00:00:00+00:00
[2024-11-20T00:42:14.898+0000] {processor.py:208} INFO - Processing /home/ubuntu/airflow_venv/lib/python3.12/site-packages/airflow/example_dags/tutorial_taskflow_templates.py took 0.090 seconds
[2024-11-20T00:43:13.148+0000] {processor.py:186} INFO - Started process (PID=4666) to work on /home/ubuntu/airflow_venv/lib/python3.12/site-packages/airflow/example_dags/tutorial_taskflow_templates.py
[2024-11-20T00:43:13.150+0000] {processor.py:914} INFO - Processing file /home/ubuntu/airflow_venv/lib/python3.12/site-packages/airflow/example_dags/tutorial_taskflow_templates.py for tasks to queue
[2024-11-20T00:43:13.151+0000] {logging_mixin.py:190} INFO - [2024-11-20T00:43:13.150+0000] {dagbag.py:588} INFO - Filling up the DagBag from /home/ubuntu/airflow_venv/lib/python3.12/site-packages/airflow/example_dags/tutorial_taskflow_templates.py
[2024-11-20T00:43:13.164+0000] {processor.py:925} INFO - DAG(s) 'tutorial_taskflow_templates' retrieved from /home/ubuntu/airflow_venv/lib/python3.12/site-packages/airflow/example_dags/tutorial_taskflow_templates.py
[2024-11-20T00:43:13.180+0000] {logging_mixin.py:190} INFO - [2024-11-20T00:43:13.180+0000] {dag.py:3239} INFO - Sync 1 DAGs
[2024-11-20T00:43:13.201+0000] {logging_mixin.py:190} INFO - [2024-11-20T00:43:13.200+0000] {dag.py:4180} INFO - Setting next_dagrun for tutorial_taskflow_templates to 2024-11-19 00:00:00+00:00, run_after=2024-11-20 00:00:00+00:00
[2024-11-20T00:43:13.223+0000] {processor.py:208} INFO - Processing /home/ubuntu/airflow_venv/lib/python3.12/site-packages/airflow/example_dags/tutorial_taskflow_templates.py took 0.081 seconds
[2024-11-20T00:44:07.796+0000] {processor.py:186} INFO - Started process (PID=4723) to work on /home/ubuntu/airflow_venv/lib/python3.12/site-packages/airflow/example_dags/tutorial_taskflow_templates.py
[2024-11-20T00:44:07.798+0000] {processor.py:914} INFO - Processing file /home/ubuntu/airflow_venv/lib/python3.12/site-packages/airflow/example_dags/tutorial_taskflow_templates.py for tasks to queue
[2024-11-20T00:44:07.800+0000] {logging_mixin.py:190} INFO - [2024-11-20T00:44:07.800+0000] {dagbag.py:588} INFO - Filling up the DagBag from /home/ubuntu/airflow_venv/lib/python3.12/site-packages/airflow/example_dags/tutorial_taskflow_templates.py
[2024-11-20T00:44:07.813+0000] {processor.py:925} INFO - DAG(s) 'tutorial_taskflow_templates' retrieved from /home/ubuntu/airflow_venv/lib/python3.12/site-packages/airflow/example_dags/tutorial_taskflow_templates.py
[2024-11-20T00:44:07.829+0000] {logging_mixin.py:190} INFO - [2024-11-20T00:44:07.828+0000] {dag.py:3239} INFO - Sync 1 DAGs
[2024-11-20T00:44:07.848+0000] {logging_mixin.py:190} INFO - [2024-11-20T00:44:07.848+0000] {dag.py:4180} INFO - Setting next_dagrun for tutorial_taskflow_templates to 2024-11-19 00:00:00+00:00, run_after=2024-11-20 00:00:00+00:00
[2024-11-20T00:44:07.869+0000] {processor.py:208} INFO - Processing /home/ubuntu/airflow_venv/lib/python3.12/site-packages/airflow/example_dags/tutorial_taskflow_templates.py took 0.080 seconds
[2024-11-20T00:45:02.113+0000] {processor.py:186} INFO - Started process (PID=4781) to work on /home/ubuntu/airflow_venv/lib/python3.12/site-packages/airflow/example_dags/tutorial_taskflow_templates.py
[2024-11-20T00:45:02.115+0000] {processor.py:914} INFO - Processing file /home/ubuntu/airflow_venv/lib/python3.12/site-packages/airflow/example_dags/tutorial_taskflow_templates.py for tasks to queue
[2024-11-20T00:45:02.117+0000] {logging_mixin.py:190} INFO - [2024-11-20T00:45:02.117+0000] {dagbag.py:588} INFO - Filling up the DagBag from /home/ubuntu/airflow_venv/lib/python3.12/site-packages/airflow/example_dags/tutorial_taskflow_templates.py
[2024-11-20T00:45:02.132+0000] {processor.py:925} INFO - DAG(s) 'tutorial_taskflow_templates' retrieved from /home/ubuntu/airflow_venv/lib/python3.12/site-packages/airflow/example_dags/tutorial_taskflow_templates.py
[2024-11-20T00:45:02.148+0000] {logging_mixin.py:190} INFO - [2024-11-20T00:45:02.148+0000] {dag.py:3239} INFO - Sync 1 DAGs
[2024-11-20T00:45:02.171+0000] {logging_mixin.py:190} INFO - [2024-11-20T00:45:02.171+0000] {dag.py:4180} INFO - Setting next_dagrun for tutorial_taskflow_templates to 2024-11-19 00:00:00+00:00, run_after=2024-11-20 00:00:00+00:00
[2024-11-20T00:45:02.196+0000] {processor.py:208} INFO - Processing /home/ubuntu/airflow_venv/lib/python3.12/site-packages/airflow/example_dags/tutorial_taskflow_templates.py took 0.090 seconds
[2024-11-20T00:45:57.538+0000] {processor.py:186} INFO - Started process (PID=4837) to work on /home/ubuntu/airflow_venv/lib/python3.12/site-packages/airflow/example_dags/tutorial_taskflow_templates.py
[2024-11-20T00:45:57.540+0000] {processor.py:914} INFO - Processing file /home/ubuntu/airflow_venv/lib/python3.12/site-packages/airflow/example_dags/tutorial_taskflow_templates.py for tasks to queue
[2024-11-20T00:45:57.542+0000] {logging_mixin.py:190} INFO - [2024-11-20T00:45:57.542+0000] {dagbag.py:588} INFO - Filling up the DagBag from /home/ubuntu/airflow_venv/lib/python3.12/site-packages/airflow/example_dags/tutorial_taskflow_templates.py
[2024-11-20T00:45:57.555+0000] {processor.py:925} INFO - DAG(s) 'tutorial_taskflow_templates' retrieved from /home/ubuntu/airflow_venv/lib/python3.12/site-packages/airflow/example_dags/tutorial_taskflow_templates.py
[2024-11-20T00:45:57.571+0000] {logging_mixin.py:190} INFO - [2024-11-20T00:45:57.570+0000] {dag.py:3239} INFO - Sync 1 DAGs
[2024-11-20T00:45:57.590+0000] {logging_mixin.py:190} INFO - [2024-11-20T00:45:57.590+0000] {dag.py:4180} INFO - Setting next_dagrun for tutorial_taskflow_templates to 2024-11-19 00:00:00+00:00, run_after=2024-11-20 00:00:00+00:00
[2024-11-20T00:45:57.614+0000] {processor.py:208} INFO - Processing /home/ubuntu/airflow_venv/lib/python3.12/site-packages/airflow/example_dags/tutorial_taskflow_templates.py took 0.083 seconds
[2024-11-20T00:46:50.033+0000] {processor.py:186} INFO - Started process (PID=4893) to work on /home/ubuntu/airflow_venv/lib/python3.12/site-packages/airflow/example_dags/tutorial_taskflow_templates.py
[2024-11-20T00:46:50.035+0000] {processor.py:914} INFO - Processing file /home/ubuntu/airflow_venv/lib/python3.12/site-packages/airflow/example_dags/tutorial_taskflow_templates.py for tasks to queue
[2024-11-20T00:46:50.037+0000] {logging_mixin.py:190} INFO - [2024-11-20T00:46:50.037+0000] {dagbag.py:588} INFO - Filling up the DagBag from /home/ubuntu/airflow_venv/lib/python3.12/site-packages/airflow/example_dags/tutorial_taskflow_templates.py
[2024-11-20T00:46:50.050+0000] {processor.py:925} INFO - DAG(s) 'tutorial_taskflow_templates' retrieved from /home/ubuntu/airflow_venv/lib/python3.12/site-packages/airflow/example_dags/tutorial_taskflow_templates.py
[2024-11-20T00:46:50.066+0000] {logging_mixin.py:190} INFO - [2024-11-20T00:46:50.066+0000] {dag.py:3239} INFO - Sync 1 DAGs
[2024-11-20T00:46:50.087+0000] {logging_mixin.py:190} INFO - [2024-11-20T00:46:50.087+0000] {dag.py:4180} INFO - Setting next_dagrun for tutorial_taskflow_templates to 2024-11-19 00:00:00+00:00, run_after=2024-11-20 00:00:00+00:00
[2024-11-20T00:46:50.110+0000] {processor.py:208} INFO - Processing /home/ubuntu/airflow_venv/lib/python3.12/site-packages/airflow/example_dags/tutorial_taskflow_templates.py took 0.083 seconds
[2024-11-20T00:47:42.859+0000] {processor.py:186} INFO - Started process (PID=4948) to work on /home/ubuntu/airflow_venv/lib/python3.12/site-packages/airflow/example_dags/tutorial_taskflow_templates.py
[2024-11-20T00:47:42.861+0000] {processor.py:914} INFO - Processing file /home/ubuntu/airflow_venv/lib/python3.12/site-packages/airflow/example_dags/tutorial_taskflow_templates.py for tasks to queue
[2024-11-20T00:47:42.861+0000] {logging_mixin.py:190} INFO - [2024-11-20T00:47:42.861+0000] {dagbag.py:588} INFO - Filling up the DagBag from /home/ubuntu/airflow_venv/lib/python3.12/site-packages/airflow/example_dags/tutorial_taskflow_templates.py
[2024-11-20T00:47:42.877+0000] {processor.py:925} INFO - DAG(s) 'tutorial_taskflow_templates' retrieved from /home/ubuntu/airflow_venv/lib/python3.12/site-packages/airflow/example_dags/tutorial_taskflow_templates.py
[2024-11-20T00:47:42.899+0000] {logging_mixin.py:190} INFO - [2024-11-20T00:47:42.899+0000] {dag.py:3239} INFO - Sync 1 DAGs
[2024-11-20T00:47:42.918+0000] {logging_mixin.py:190} INFO - [2024-11-20T00:47:42.918+0000] {dag.py:4180} INFO - Setting next_dagrun for tutorial_taskflow_templates to 2024-11-19 00:00:00+00:00, run_after=2024-11-20 00:00:00+00:00
[2024-11-20T00:47:42.941+0000] {processor.py:208} INFO - Processing /home/ubuntu/airflow_venv/lib/python3.12/site-packages/airflow/example_dags/tutorial_taskflow_templates.py took 0.089 seconds
[2024-11-20T00:48:34.996+0000] {processor.py:186} INFO - Started process (PID=5002) to work on /home/ubuntu/airflow_venv/lib/python3.12/site-packages/airflow/example_dags/tutorial_taskflow_templates.py
[2024-11-20T00:48:34.998+0000] {processor.py:914} INFO - Processing file /home/ubuntu/airflow_venv/lib/python3.12/site-packages/airflow/example_dags/tutorial_taskflow_templates.py for tasks to queue
[2024-11-20T00:48:35.000+0000] {logging_mixin.py:190} INFO - [2024-11-20T00:48:35.000+0000] {dagbag.py:588} INFO - Filling up the DagBag from /home/ubuntu/airflow_venv/lib/python3.12/site-packages/airflow/example_dags/tutorial_taskflow_templates.py
[2024-11-20T00:48:35.013+0000] {processor.py:925} INFO - DAG(s) 'tutorial_taskflow_templates' retrieved from /home/ubuntu/airflow_venv/lib/python3.12/site-packages/airflow/example_dags/tutorial_taskflow_templates.py
[2024-11-20T00:48:35.029+0000] {logging_mixin.py:190} INFO - [2024-11-20T00:48:35.029+0000] {dag.py:3239} INFO - Sync 1 DAGs
[2024-11-20T00:48:35.049+0000] {logging_mixin.py:190} INFO - [2024-11-20T00:48:35.049+0000] {dag.py:4180} INFO - Setting next_dagrun for tutorial_taskflow_templates to 2024-11-19 00:00:00+00:00, run_after=2024-11-20 00:00:00+00:00
[2024-11-20T00:48:35.070+0000] {processor.py:208} INFO - Processing /home/ubuntu/airflow_venv/lib/python3.12/site-packages/airflow/example_dags/tutorial_taskflow_templates.py took 0.081 seconds
[2024-11-20T00:49:30.226+0000] {processor.py:186} INFO - Started process (PID=5060) to work on /home/ubuntu/airflow_venv/lib/python3.12/site-packages/airflow/example_dags/tutorial_taskflow_templates.py
[2024-11-20T00:49:30.228+0000] {processor.py:914} INFO - Processing file /home/ubuntu/airflow_venv/lib/python3.12/site-packages/airflow/example_dags/tutorial_taskflow_templates.py for tasks to queue
[2024-11-20T00:49:30.230+0000] {logging_mixin.py:190} INFO - [2024-11-20T00:49:30.229+0000] {dagbag.py:588} INFO - Filling up the DagBag from /home/ubuntu/airflow_venv/lib/python3.12/site-packages/airflow/example_dags/tutorial_taskflow_templates.py
[2024-11-20T00:49:30.242+0000] {processor.py:925} INFO - DAG(s) 'tutorial_taskflow_templates' retrieved from /home/ubuntu/airflow_venv/lib/python3.12/site-packages/airflow/example_dags/tutorial_taskflow_templates.py
[2024-11-20T00:49:30.258+0000] {logging_mixin.py:190} INFO - [2024-11-20T00:49:30.257+0000] {dag.py:3239} INFO - Sync 1 DAGs
[2024-11-20T00:49:30.276+0000] {logging_mixin.py:190} INFO - [2024-11-20T00:49:30.276+0000] {dag.py:4180} INFO - Setting next_dagrun for tutorial_taskflow_templates to 2024-11-19 00:00:00+00:00, run_after=2024-11-20 00:00:00+00:00
[2024-11-20T00:49:30.300+0000] {processor.py:208} INFO - Processing /home/ubuntu/airflow_venv/lib/python3.12/site-packages/airflow/example_dags/tutorial_taskflow_templates.py took 0.081 seconds
[2024-11-20T00:50:22.737+0000] {processor.py:186} INFO - Started process (PID=5116) to work on /home/ubuntu/airflow_venv/lib/python3.12/site-packages/airflow/example_dags/tutorial_taskflow_templates.py
[2024-11-20T00:50:22.739+0000] {processor.py:914} INFO - Processing file /home/ubuntu/airflow_venv/lib/python3.12/site-packages/airflow/example_dags/tutorial_taskflow_templates.py for tasks to queue
[2024-11-20T00:50:22.740+0000] {logging_mixin.py:190} INFO - [2024-11-20T00:50:22.739+0000] {dagbag.py:588} INFO - Filling up the DagBag from /home/ubuntu/airflow_venv/lib/python3.12/site-packages/airflow/example_dags/tutorial_taskflow_templates.py
[2024-11-20T00:50:22.753+0000] {processor.py:925} INFO - DAG(s) 'tutorial_taskflow_templates' retrieved from /home/ubuntu/airflow_venv/lib/python3.12/site-packages/airflow/example_dags/tutorial_taskflow_templates.py
[2024-11-20T00:50:22.776+0000] {logging_mixin.py:190} INFO - [2024-11-20T00:50:22.776+0000] {dag.py:3239} INFO - Sync 1 DAGs
[2024-11-20T00:50:22.800+0000] {logging_mixin.py:190} INFO - [2024-11-20T00:50:22.800+0000] {dag.py:4180} INFO - Setting next_dagrun for tutorial_taskflow_templates to 2024-11-19 00:00:00+00:00, run_after=2024-11-20 00:00:00+00:00
[2024-11-20T00:50:22.823+0000] {processor.py:208} INFO - Processing /home/ubuntu/airflow_venv/lib/python3.12/site-packages/airflow/example_dags/tutorial_taskflow_templates.py took 0.093 seconds
[2024-11-20T00:51:18.528+0000] {processor.py:186} INFO - Started process (PID=5174) to work on /home/ubuntu/airflow_venv/lib/python3.12/site-packages/airflow/example_dags/tutorial_taskflow_templates.py
[2024-11-20T00:51:18.530+0000] {processor.py:914} INFO - Processing file /home/ubuntu/airflow_venv/lib/python3.12/site-packages/airflow/example_dags/tutorial_taskflow_templates.py for tasks to queue
[2024-11-20T00:51:18.532+0000] {logging_mixin.py:190} INFO - [2024-11-20T00:51:18.531+0000] {dagbag.py:588} INFO - Filling up the DagBag from /home/ubuntu/airflow_venv/lib/python3.12/site-packages/airflow/example_dags/tutorial_taskflow_templates.py
[2024-11-20T00:51:18.544+0000] {processor.py:925} INFO - DAG(s) 'tutorial_taskflow_templates' retrieved from /home/ubuntu/airflow_venv/lib/python3.12/site-packages/airflow/example_dags/tutorial_taskflow_templates.py
[2024-11-20T00:51:18.559+0000] {logging_mixin.py:190} INFO - [2024-11-20T00:51:18.559+0000] {dag.py:3239} INFO - Sync 1 DAGs
[2024-11-20T00:51:18.580+0000] {logging_mixin.py:190} INFO - [2024-11-20T00:51:18.579+0000] {dag.py:4180} INFO - Setting next_dagrun for tutorial_taskflow_templates to 2024-11-19 00:00:00+00:00, run_after=2024-11-20 00:00:00+00:00
[2024-11-20T00:51:18.602+0000] {processor.py:208} INFO - Processing /home/ubuntu/airflow_venv/lib/python3.12/site-packages/airflow/example_dags/tutorial_taskflow_templates.py took 0.081 seconds
[2024-11-20T00:52:16.352+0000] {processor.py:186} INFO - Started process (PID=5235) to work on /home/ubuntu/airflow_venv/lib/python3.12/site-packages/airflow/example_dags/tutorial_taskflow_templates.py
[2024-11-20T00:52:16.354+0000] {processor.py:914} INFO - Processing file /home/ubuntu/airflow_venv/lib/python3.12/site-packages/airflow/example_dags/tutorial_taskflow_templates.py for tasks to queue
[2024-11-20T00:52:16.354+0000] {logging_mixin.py:190} INFO - [2024-11-20T00:52:16.354+0000] {dagbag.py:588} INFO - Filling up the DagBag from /home/ubuntu/airflow_venv/lib/python3.12/site-packages/airflow/example_dags/tutorial_taskflow_templates.py
[2024-11-20T00:52:16.368+0000] {processor.py:925} INFO - DAG(s) 'tutorial_taskflow_templates' retrieved from /home/ubuntu/airflow_venv/lib/python3.12/site-packages/airflow/example_dags/tutorial_taskflow_templates.py
[2024-11-20T00:52:16.384+0000] {logging_mixin.py:190} INFO - [2024-11-20T00:52:16.384+0000] {dag.py:3239} INFO - Sync 1 DAGs
[2024-11-20T00:52:16.412+0000] {logging_mixin.py:190} INFO - [2024-11-20T00:52:16.411+0000] {dag.py:4180} INFO - Setting next_dagrun for tutorial_taskflow_templates to 2024-11-19 00:00:00+00:00, run_after=2024-11-20 00:00:00+00:00
[2024-11-20T00:52:16.437+0000] {processor.py:208} INFO - Processing /home/ubuntu/airflow_venv/lib/python3.12/site-packages/airflow/example_dags/tutorial_taskflow_templates.py took 0.092 seconds
[2024-11-20T00:53:13.487+0000] {processor.py:186} INFO - Started process (PID=5291) to work on /home/ubuntu/airflow_venv/lib/python3.12/site-packages/airflow/example_dags/tutorial_taskflow_templates.py
[2024-11-20T00:53:13.489+0000] {processor.py:914} INFO - Processing file /home/ubuntu/airflow_venv/lib/python3.12/site-packages/airflow/example_dags/tutorial_taskflow_templates.py for tasks to queue
[2024-11-20T00:53:13.491+0000] {logging_mixin.py:190} INFO - [2024-11-20T00:53:13.491+0000] {dagbag.py:588} INFO - Filling up the DagBag from /home/ubuntu/airflow_venv/lib/python3.12/site-packages/airflow/example_dags/tutorial_taskflow_templates.py
[2024-11-20T00:53:13.504+0000] {processor.py:925} INFO - DAG(s) 'tutorial_taskflow_templates' retrieved from /home/ubuntu/airflow_venv/lib/python3.12/site-packages/airflow/example_dags/tutorial_taskflow_templates.py
[2024-11-20T00:53:13.519+0000] {logging_mixin.py:190} INFO - [2024-11-20T00:53:13.519+0000] {dag.py:3239} INFO - Sync 1 DAGs
[2024-11-20T00:53:13.539+0000] {logging_mixin.py:190} INFO - [2024-11-20T00:53:13.538+0000] {dag.py:4180} INFO - Setting next_dagrun for tutorial_taskflow_templates to 2024-11-19 00:00:00+00:00, run_after=2024-11-20 00:00:00+00:00
[2024-11-20T00:53:13.560+0000] {processor.py:208} INFO - Processing /home/ubuntu/airflow_venv/lib/python3.12/site-packages/airflow/example_dags/tutorial_taskflow_templates.py took 0.080 seconds
[2024-11-20T00:54:08.799+0000] {processor.py:186} INFO - Started process (PID=5361) to work on /home/ubuntu/airflow_venv/lib/python3.12/site-packages/airflow/example_dags/tutorial_taskflow_templates.py
[2024-11-20T00:54:08.801+0000] {processor.py:914} INFO - Processing file /home/ubuntu/airflow_venv/lib/python3.12/site-packages/airflow/example_dags/tutorial_taskflow_templates.py for tasks to queue
[2024-11-20T00:54:08.802+0000] {logging_mixin.py:190} INFO - [2024-11-20T00:54:08.802+0000] {dagbag.py:588} INFO - Filling up the DagBag from /home/ubuntu/airflow_venv/lib/python3.12/site-packages/airflow/example_dags/tutorial_taskflow_templates.py
[2024-11-20T00:54:08.815+0000] {processor.py:925} INFO - DAG(s) 'tutorial_taskflow_templates' retrieved from /home/ubuntu/airflow_venv/lib/python3.12/site-packages/airflow/example_dags/tutorial_taskflow_templates.py
[2024-11-20T00:54:08.831+0000] {logging_mixin.py:190} INFO - [2024-11-20T00:54:08.831+0000] {dag.py:3239} INFO - Sync 1 DAGs
[2024-11-20T00:54:08.852+0000] {logging_mixin.py:190} INFO - [2024-11-20T00:54:08.852+0000] {dag.py:4180} INFO - Setting next_dagrun for tutorial_taskflow_templates to 2024-11-19 00:00:00+00:00, run_after=2024-11-20 00:00:00+00:00
[2024-11-20T00:54:08.883+0000] {processor.py:208} INFO - Processing /home/ubuntu/airflow_venv/lib/python3.12/site-packages/airflow/example_dags/tutorial_taskflow_templates.py took 0.090 seconds
[2024-11-20T00:54:59.562+0000] {processor.py:186} INFO - Started process (PID=5414) to work on /home/ubuntu/airflow_venv/lib/python3.12/site-packages/airflow/example_dags/tutorial_taskflow_templates.py
[2024-11-20T00:54:59.564+0000] {processor.py:914} INFO - Processing file /home/ubuntu/airflow_venv/lib/python3.12/site-packages/airflow/example_dags/tutorial_taskflow_templates.py for tasks to queue
[2024-11-20T00:54:59.566+0000] {logging_mixin.py:190} INFO - [2024-11-20T00:54:59.566+0000] {dagbag.py:588} INFO - Filling up the DagBag from /home/ubuntu/airflow_venv/lib/python3.12/site-packages/airflow/example_dags/tutorial_taskflow_templates.py
[2024-11-20T00:54:59.579+0000] {processor.py:925} INFO - DAG(s) 'tutorial_taskflow_templates' retrieved from /home/ubuntu/airflow_venv/lib/python3.12/site-packages/airflow/example_dags/tutorial_taskflow_templates.py
[2024-11-20T00:54:59.595+0000] {logging_mixin.py:190} INFO - [2024-11-20T00:54:59.594+0000] {dag.py:3239} INFO - Sync 1 DAGs
[2024-11-20T00:54:59.614+0000] {logging_mixin.py:190} INFO - [2024-11-20T00:54:59.614+0000] {dag.py:4180} INFO - Setting next_dagrun for tutorial_taskflow_templates to 2024-11-19 00:00:00+00:00, run_after=2024-11-20 00:00:00+00:00
[2024-11-20T00:54:59.636+0000] {processor.py:208} INFO - Processing /home/ubuntu/airflow_venv/lib/python3.12/site-packages/airflow/example_dags/tutorial_taskflow_templates.py took 0.082 seconds
[2024-11-20T00:55:51.872+0000] {processor.py:186} INFO - Started process (PID=5474) to work on /home/ubuntu/airflow_venv/lib/python3.12/site-packages/airflow/example_dags/tutorial_taskflow_templates.py
[2024-11-20T00:55:51.874+0000] {processor.py:914} INFO - Processing file /home/ubuntu/airflow_venv/lib/python3.12/site-packages/airflow/example_dags/tutorial_taskflow_templates.py for tasks to queue
[2024-11-20T00:55:51.875+0000] {logging_mixin.py:190} INFO - [2024-11-20T00:55:51.874+0000] {dagbag.py:588} INFO - Filling up the DagBag from /home/ubuntu/airflow_venv/lib/python3.12/site-packages/airflow/example_dags/tutorial_taskflow_templates.py
[2024-11-20T00:55:51.888+0000] {processor.py:925} INFO - DAG(s) 'tutorial_taskflow_templates' retrieved from /home/ubuntu/airflow_venv/lib/python3.12/site-packages/airflow/example_dags/tutorial_taskflow_templates.py
[2024-11-20T00:55:51.903+0000] {logging_mixin.py:190} INFO - [2024-11-20T00:55:51.902+0000] {dag.py:3239} INFO - Sync 1 DAGs
[2024-11-20T00:55:51.922+0000] {logging_mixin.py:190} INFO - [2024-11-20T00:55:51.922+0000] {dag.py:4180} INFO - Setting next_dagrun for tutorial_taskflow_templates to 2024-11-19 00:00:00+00:00, run_after=2024-11-20 00:00:00+00:00
[2024-11-20T00:55:51.945+0000] {processor.py:208} INFO - Processing /home/ubuntu/airflow_venv/lib/python3.12/site-packages/airflow/example_dags/tutorial_taskflow_templates.py took 0.079 seconds
[2024-11-20T00:56:47.125+0000] {processor.py:186} INFO - Started process (PID=5531) to work on /home/ubuntu/airflow_venv/lib/python3.12/site-packages/airflow/example_dags/tutorial_taskflow_templates.py
[2024-11-20T00:56:47.127+0000] {processor.py:914} INFO - Processing file /home/ubuntu/airflow_venv/lib/python3.12/site-packages/airflow/example_dags/tutorial_taskflow_templates.py for tasks to queue
[2024-11-20T00:56:47.129+0000] {logging_mixin.py:190} INFO - [2024-11-20T00:56:47.129+0000] {dagbag.py:588} INFO - Filling up the DagBag from /home/ubuntu/airflow_venv/lib/python3.12/site-packages/airflow/example_dags/tutorial_taskflow_templates.py
[2024-11-20T00:56:47.141+0000] {processor.py:925} INFO - DAG(s) 'tutorial_taskflow_templates' retrieved from /home/ubuntu/airflow_venv/lib/python3.12/site-packages/airflow/example_dags/tutorial_taskflow_templates.py
[2024-11-20T00:56:47.157+0000] {logging_mixin.py:190} INFO - [2024-11-20T00:56:47.156+0000] {dag.py:3239} INFO - Sync 1 DAGs
[2024-11-20T00:56:47.176+0000] {logging_mixin.py:190} INFO - [2024-11-20T00:56:47.175+0000] {dag.py:4180} INFO - Setting next_dagrun for tutorial_taskflow_templates to 2024-11-19 00:00:00+00:00, run_after=2024-11-20 00:00:00+00:00
[2024-11-20T00:56:47.195+0000] {processor.py:208} INFO - Processing /home/ubuntu/airflow_venv/lib/python3.12/site-packages/airflow/example_dags/tutorial_taskflow_templates.py took 0.076 seconds
[2024-11-20T00:57:39.242+0000] {processor.py:186} INFO - Started process (PID=5586) to work on /home/ubuntu/airflow_venv/lib/python3.12/site-packages/airflow/example_dags/tutorial_taskflow_templates.py
[2024-11-20T00:57:39.243+0000] {processor.py:914} INFO - Processing file /home/ubuntu/airflow_venv/lib/python3.12/site-packages/airflow/example_dags/tutorial_taskflow_templates.py for tasks to queue
[2024-11-20T00:57:39.244+0000] {logging_mixin.py:190} INFO - [2024-11-20T00:57:39.244+0000] {dagbag.py:588} INFO - Filling up the DagBag from /home/ubuntu/airflow_venv/lib/python3.12/site-packages/airflow/example_dags/tutorial_taskflow_templates.py
[2024-11-20T00:57:39.258+0000] {processor.py:925} INFO - DAG(s) 'tutorial_taskflow_templates' retrieved from /home/ubuntu/airflow_venv/lib/python3.12/site-packages/airflow/example_dags/tutorial_taskflow_templates.py
[2024-11-20T00:57:39.273+0000] {logging_mixin.py:190} INFO - [2024-11-20T00:57:39.273+0000] {dag.py:3239} INFO - Sync 1 DAGs
[2024-11-20T00:57:39.293+0000] {logging_mixin.py:190} INFO - [2024-11-20T00:57:39.292+0000] {dag.py:4180} INFO - Setting next_dagrun for tutorial_taskflow_templates to 2024-11-19 00:00:00+00:00, run_after=2024-11-20 00:00:00+00:00
[2024-11-20T00:57:39.314+0000] {processor.py:208} INFO - Processing /home/ubuntu/airflow_venv/lib/python3.12/site-packages/airflow/example_dags/tutorial_taskflow_templates.py took 0.079 seconds
[2024-11-20T00:58:31.452+0000] {processor.py:186} INFO - Started process (PID=5641) to work on /home/ubuntu/airflow_venv/lib/python3.12/site-packages/airflow/example_dags/tutorial_taskflow_templates.py
[2024-11-20T00:58:31.453+0000] {processor.py:914} INFO - Processing file /home/ubuntu/airflow_venv/lib/python3.12/site-packages/airflow/example_dags/tutorial_taskflow_templates.py for tasks to queue
[2024-11-20T00:58:31.456+0000] {logging_mixin.py:190} INFO - [2024-11-20T00:58:31.455+0000] {dagbag.py:588} INFO - Filling up the DagBag from /home/ubuntu/airflow_venv/lib/python3.12/site-packages/airflow/example_dags/tutorial_taskflow_templates.py
[2024-11-20T00:58:31.468+0000] {processor.py:925} INFO - DAG(s) 'tutorial_taskflow_templates' retrieved from /home/ubuntu/airflow_venv/lib/python3.12/site-packages/airflow/example_dags/tutorial_taskflow_templates.py
[2024-11-20T00:58:31.483+0000] {logging_mixin.py:190} INFO - [2024-11-20T00:58:31.483+0000] {dag.py:3239} INFO - Sync 1 DAGs
[2024-11-20T00:58:31.504+0000] {logging_mixin.py:190} INFO - [2024-11-20T00:58:31.504+0000] {dag.py:4180} INFO - Setting next_dagrun for tutorial_taskflow_templates to 2024-11-19 00:00:00+00:00, run_after=2024-11-20 00:00:00+00:00
[2024-11-20T00:58:31.526+0000] {processor.py:208} INFO - Processing /home/ubuntu/airflow_venv/lib/python3.12/site-packages/airflow/example_dags/tutorial_taskflow_templates.py took 0.081 seconds
[2024-11-20T00:59:22.946+0000] {processor.py:186} INFO - Started process (PID=5699) to work on /home/ubuntu/airflow_venv/lib/python3.12/site-packages/airflow/example_dags/tutorial_taskflow_templates.py
[2024-11-20T00:59:22.948+0000] {processor.py:914} INFO - Processing file /home/ubuntu/airflow_venv/lib/python3.12/site-packages/airflow/example_dags/tutorial_taskflow_templates.py for tasks to queue
[2024-11-20T00:59:22.949+0000] {logging_mixin.py:190} INFO - [2024-11-20T00:59:22.949+0000] {dagbag.py:588} INFO - Filling up the DagBag from /home/ubuntu/airflow_venv/lib/python3.12/site-packages/airflow/example_dags/tutorial_taskflow_templates.py
[2024-11-20T00:59:22.962+0000] {processor.py:925} INFO - DAG(s) 'tutorial_taskflow_templates' retrieved from /home/ubuntu/airflow_venv/lib/python3.12/site-packages/airflow/example_dags/tutorial_taskflow_templates.py
[2024-11-20T00:59:22.977+0000] {logging_mixin.py:190} INFO - [2024-11-20T00:59:22.977+0000] {dag.py:3239} INFO - Sync 1 DAGs
[2024-11-20T00:59:22.997+0000] {logging_mixin.py:190} INFO - [2024-11-20T00:59:22.997+0000] {dag.py:4180} INFO - Setting next_dagrun for tutorial_taskflow_templates to 2024-11-19 00:00:00+00:00, run_after=2024-11-20 00:00:00+00:00
[2024-11-20T00:59:23.020+0000] {processor.py:208} INFO - Processing /home/ubuntu/airflow_venv/lib/python3.12/site-packages/airflow/example_dags/tutorial_taskflow_templates.py took 0.081 seconds
[2024-11-20T01:00:17.069+0000] {processor.py:186} INFO - Started process (PID=5758) to work on /home/ubuntu/airflow_venv/lib/python3.12/site-packages/airflow/example_dags/tutorial_taskflow_templates.py
[2024-11-20T01:00:17.071+0000] {processor.py:914} INFO - Processing file /home/ubuntu/airflow_venv/lib/python3.12/site-packages/airflow/example_dags/tutorial_taskflow_templates.py for tasks to queue
[2024-11-20T01:00:17.073+0000] {logging_mixin.py:190} INFO - [2024-11-20T01:00:17.073+0000] {dagbag.py:588} INFO - Filling up the DagBag from /home/ubuntu/airflow_venv/lib/python3.12/site-packages/airflow/example_dags/tutorial_taskflow_templates.py
[2024-11-20T01:00:17.086+0000] {processor.py:925} INFO - DAG(s) 'tutorial_taskflow_templates' retrieved from /home/ubuntu/airflow_venv/lib/python3.12/site-packages/airflow/example_dags/tutorial_taskflow_templates.py
[2024-11-20T01:00:17.109+0000] {logging_mixin.py:190} INFO - [2024-11-20T01:00:17.108+0000] {dag.py:3239} INFO - Sync 1 DAGs
[2024-11-20T01:00:17.129+0000] {logging_mixin.py:190} INFO - [2024-11-20T01:00:17.129+0000] {dag.py:4180} INFO - Setting next_dagrun for tutorial_taskflow_templates to 2024-11-19 00:00:00+00:00, run_after=2024-11-20 00:00:00+00:00
[2024-11-20T01:00:17.151+0000] {processor.py:208} INFO - Processing /home/ubuntu/airflow_venv/lib/python3.12/site-packages/airflow/example_dags/tutorial_taskflow_templates.py took 0.088 seconds
[2024-11-20T01:01:11.961+0000] {processor.py:186} INFO - Started process (PID=5815) to work on /home/ubuntu/airflow_venv/lib/python3.12/site-packages/airflow/example_dags/tutorial_taskflow_templates.py
[2024-11-20T01:01:11.963+0000] {processor.py:914} INFO - Processing file /home/ubuntu/airflow_venv/lib/python3.12/site-packages/airflow/example_dags/tutorial_taskflow_templates.py for tasks to queue
[2024-11-20T01:01:11.967+0000] {logging_mixin.py:190} INFO - [2024-11-20T01:01:11.966+0000] {dagbag.py:588} INFO - Filling up the DagBag from /home/ubuntu/airflow_venv/lib/python3.12/site-packages/airflow/example_dags/tutorial_taskflow_templates.py
[2024-11-20T01:01:11.993+0000] {processor.py:925} INFO - DAG(s) 'tutorial_taskflow_templates' retrieved from /home/ubuntu/airflow_venv/lib/python3.12/site-packages/airflow/example_dags/tutorial_taskflow_templates.py
[2024-11-20T01:01:12.009+0000] {logging_mixin.py:190} INFO - [2024-11-20T01:01:12.009+0000] {dag.py:3239} INFO - Sync 1 DAGs
[2024-11-20T01:01:12.029+0000] {logging_mixin.py:190} INFO - [2024-11-20T01:01:12.029+0000] {dag.py:4180} INFO - Setting next_dagrun for tutorial_taskflow_templates to 2024-11-19 00:00:00+00:00, run_after=2024-11-20 00:00:00+00:00
[2024-11-20T01:01:12.052+0000] {processor.py:208} INFO - Processing /home/ubuntu/airflow_venv/lib/python3.12/site-packages/airflow/example_dags/tutorial_taskflow_templates.py took 0.098 seconds
[2024-11-20T01:01:50.692+0000] {processor.py:186} INFO - Started process (PID=5858) to work on /home/ubuntu/airflow_venv/lib/python3.12/site-packages/airflow/example_dags/tutorial_taskflow_templates.py
[2024-11-20T01:01:50.693+0000] {processor.py:914} INFO - Processing file /home/ubuntu/airflow_venv/lib/python3.12/site-packages/airflow/example_dags/tutorial_taskflow_templates.py for tasks to queue
[2024-11-20T01:01:50.695+0000] {logging_mixin.py:190} INFO - [2024-11-20T01:01:50.694+0000] {dagbag.py:588} INFO - Filling up the DagBag from /home/ubuntu/airflow_venv/lib/python3.12/site-packages/airflow/example_dags/tutorial_taskflow_templates.py
[2024-11-20T01:01:50.708+0000] {processor.py:925} INFO - DAG(s) 'tutorial_taskflow_templates' retrieved from /home/ubuntu/airflow_venv/lib/python3.12/site-packages/airflow/example_dags/tutorial_taskflow_templates.py
[2024-11-20T01:01:50.724+0000] {logging_mixin.py:190} INFO - [2024-11-20T01:01:50.724+0000] {dag.py:3239} INFO - Sync 1 DAGs
[2024-11-20T01:01:50.743+0000] {logging_mixin.py:190} INFO - [2024-11-20T01:01:50.743+0000] {dag.py:4180} INFO - Setting next_dagrun for tutorial_taskflow_templates to 2024-11-19 00:00:00+00:00, run_after=2024-11-20 00:00:00+00:00
[2024-11-20T01:01:50.766+0000] {processor.py:208} INFO - Processing /home/ubuntu/airflow_venv/lib/python3.12/site-packages/airflow/example_dags/tutorial_taskflow_templates.py took 0.081 seconds
[2024-11-20T01:02:28.511+0000] {processor.py:186} INFO - Started process (PID=5897) to work on /home/ubuntu/airflow_venv/lib/python3.12/site-packages/airflow/example_dags/tutorial_taskflow_templates.py
[2024-11-20T01:02:28.513+0000] {processor.py:914} INFO - Processing file /home/ubuntu/airflow_venv/lib/python3.12/site-packages/airflow/example_dags/tutorial_taskflow_templates.py for tasks to queue
[2024-11-20T01:02:28.515+0000] {logging_mixin.py:190} INFO - [2024-11-20T01:02:28.514+0000] {dagbag.py:588} INFO - Filling up the DagBag from /home/ubuntu/airflow_venv/lib/python3.12/site-packages/airflow/example_dags/tutorial_taskflow_templates.py
[2024-11-20T01:02:28.527+0000] {processor.py:925} INFO - DAG(s) 'tutorial_taskflow_templates' retrieved from /home/ubuntu/airflow_venv/lib/python3.12/site-packages/airflow/example_dags/tutorial_taskflow_templates.py
[2024-11-20T01:02:28.543+0000] {logging_mixin.py:190} INFO - [2024-11-20T01:02:28.542+0000] {dag.py:3239} INFO - Sync 1 DAGs
[2024-11-20T01:02:28.563+0000] {logging_mixin.py:190} INFO - [2024-11-20T01:02:28.562+0000] {dag.py:4180} INFO - Setting next_dagrun for tutorial_taskflow_templates to 2024-11-19 00:00:00+00:00, run_after=2024-11-20 00:00:00+00:00
[2024-11-20T01:02:28.584+0000] {processor.py:208} INFO - Processing /home/ubuntu/airflow_venv/lib/python3.12/site-packages/airflow/example_dags/tutorial_taskflow_templates.py took 0.079 seconds
[2024-11-20T01:03:23.509+0000] {processor.py:186} INFO - Started process (PID=5953) to work on /home/ubuntu/airflow_venv/lib/python3.12/site-packages/airflow/example_dags/tutorial_taskflow_templates.py
[2024-11-20T01:03:23.510+0000] {processor.py:914} INFO - Processing file /home/ubuntu/airflow_venv/lib/python3.12/site-packages/airflow/example_dags/tutorial_taskflow_templates.py for tasks to queue
[2024-11-20T01:03:23.511+0000] {logging_mixin.py:190} INFO - [2024-11-20T01:03:23.511+0000] {dagbag.py:588} INFO - Filling up the DagBag from /home/ubuntu/airflow_venv/lib/python3.12/site-packages/airflow/example_dags/tutorial_taskflow_templates.py
[2024-11-20T01:03:23.525+0000] {processor.py:925} INFO - DAG(s) 'tutorial_taskflow_templates' retrieved from /home/ubuntu/airflow_venv/lib/python3.12/site-packages/airflow/example_dags/tutorial_taskflow_templates.py
[2024-11-20T01:03:23.542+0000] {logging_mixin.py:190} INFO - [2024-11-20T01:03:23.542+0000] {dag.py:3239} INFO - Sync 1 DAGs
[2024-11-20T01:03:23.563+0000] {logging_mixin.py:190} INFO - [2024-11-20T01:03:23.562+0000] {dag.py:4180} INFO - Setting next_dagrun for tutorial_taskflow_templates to 2024-11-19 00:00:00+00:00, run_after=2024-11-20 00:00:00+00:00
[2024-11-20T01:03:23.587+0000] {processor.py:208} INFO - Processing /home/ubuntu/airflow_venv/lib/python3.12/site-packages/airflow/example_dags/tutorial_taskflow_templates.py took 0.085 seconds
[2024-11-20T01:04:19.356+0000] {processor.py:186} INFO - Started process (PID=6012) to work on /home/ubuntu/airflow_venv/lib/python3.12/site-packages/airflow/example_dags/tutorial_taskflow_templates.py
[2024-11-20T01:04:19.358+0000] {processor.py:914} INFO - Processing file /home/ubuntu/airflow_venv/lib/python3.12/site-packages/airflow/example_dags/tutorial_taskflow_templates.py for tasks to queue
[2024-11-20T01:04:19.359+0000] {logging_mixin.py:190} INFO - [2024-11-20T01:04:19.359+0000] {dagbag.py:588} INFO - Filling up the DagBag from /home/ubuntu/airflow_venv/lib/python3.12/site-packages/airflow/example_dags/tutorial_taskflow_templates.py
[2024-11-20T01:04:19.372+0000] {processor.py:925} INFO - DAG(s) 'tutorial_taskflow_templates' retrieved from /home/ubuntu/airflow_venv/lib/python3.12/site-packages/airflow/example_dags/tutorial_taskflow_templates.py
[2024-11-20T01:04:19.387+0000] {logging_mixin.py:190} INFO - [2024-11-20T01:04:19.387+0000] {dag.py:3239} INFO - Sync 1 DAGs
[2024-11-20T01:04:19.413+0000] {logging_mixin.py:190} INFO - [2024-11-20T01:04:19.413+0000] {dag.py:4180} INFO - Setting next_dagrun for tutorial_taskflow_templates to 2024-11-19 00:00:00+00:00, run_after=2024-11-20 00:00:00+00:00
[2024-11-20T01:04:19.451+0000] {processor.py:208} INFO - Processing /home/ubuntu/airflow_venv/lib/python3.12/site-packages/airflow/example_dags/tutorial_taskflow_templates.py took 0.102 seconds
[2024-11-20T01:05:15.932+0000] {processor.py:186} INFO - Started process (PID=6072) to work on /home/ubuntu/airflow_venv/lib/python3.12/site-packages/airflow/example_dags/tutorial_taskflow_templates.py
[2024-11-20T01:05:15.934+0000] {processor.py:914} INFO - Processing file /home/ubuntu/airflow_venv/lib/python3.12/site-packages/airflow/example_dags/tutorial_taskflow_templates.py for tasks to queue
[2024-11-20T01:05:15.935+0000] {logging_mixin.py:190} INFO - [2024-11-20T01:05:15.935+0000] {dagbag.py:588} INFO - Filling up the DagBag from /home/ubuntu/airflow_venv/lib/python3.12/site-packages/airflow/example_dags/tutorial_taskflow_templates.py
[2024-11-20T01:05:15.948+0000] {processor.py:925} INFO - DAG(s) 'tutorial_taskflow_templates' retrieved from /home/ubuntu/airflow_venv/lib/python3.12/site-packages/airflow/example_dags/tutorial_taskflow_templates.py
[2024-11-20T01:05:15.963+0000] {logging_mixin.py:190} INFO - [2024-11-20T01:05:15.963+0000] {dag.py:3239} INFO - Sync 1 DAGs
[2024-11-20T01:05:15.983+0000] {logging_mixin.py:190} INFO - [2024-11-20T01:05:15.982+0000] {dag.py:4180} INFO - Setting next_dagrun for tutorial_taskflow_templates to 2024-11-19 00:00:00+00:00, run_after=2024-11-20 00:00:00+00:00
[2024-11-20T01:05:16.006+0000] {processor.py:208} INFO - Processing /home/ubuntu/airflow_venv/lib/python3.12/site-packages/airflow/example_dags/tutorial_taskflow_templates.py took 0.080 seconds
[2024-11-20T01:06:10.218+0000] {processor.py:186} INFO - Started process (PID=6127) to work on /home/ubuntu/airflow_venv/lib/python3.12/site-packages/airflow/example_dags/tutorial_taskflow_templates.py
[2024-11-20T01:06:10.220+0000] {processor.py:914} INFO - Processing file /home/ubuntu/airflow_venv/lib/python3.12/site-packages/airflow/example_dags/tutorial_taskflow_templates.py for tasks to queue
[2024-11-20T01:06:10.222+0000] {logging_mixin.py:190} INFO - [2024-11-20T01:06:10.221+0000] {dagbag.py:588} INFO - Filling up the DagBag from /home/ubuntu/airflow_venv/lib/python3.12/site-packages/airflow/example_dags/tutorial_taskflow_templates.py
[2024-11-20T01:06:10.235+0000] {processor.py:925} INFO - DAG(s) 'tutorial_taskflow_templates' retrieved from /home/ubuntu/airflow_venv/lib/python3.12/site-packages/airflow/example_dags/tutorial_taskflow_templates.py
[2024-11-20T01:06:10.252+0000] {logging_mixin.py:190} INFO - [2024-11-20T01:06:10.252+0000] {dag.py:3239} INFO - Sync 1 DAGs
[2024-11-20T01:06:10.272+0000] {logging_mixin.py:190} INFO - [2024-11-20T01:06:10.271+0000] {dag.py:4180} INFO - Setting next_dagrun for tutorial_taskflow_templates to 2024-11-19 00:00:00+00:00, run_after=2024-11-20 00:00:00+00:00
[2024-11-20T01:06:10.296+0000] {processor.py:208} INFO - Processing /home/ubuntu/airflow_venv/lib/python3.12/site-packages/airflow/example_dags/tutorial_taskflow_templates.py took 0.084 seconds
[2024-11-20T01:07:01.677+0000] {processor.py:186} INFO - Started process (PID=6181) to work on /home/ubuntu/airflow_venv/lib/python3.12/site-packages/airflow/example_dags/tutorial_taskflow_templates.py
[2024-11-20T01:07:01.678+0000] {processor.py:914} INFO - Processing file /home/ubuntu/airflow_venv/lib/python3.12/site-packages/airflow/example_dags/tutorial_taskflow_templates.py for tasks to queue
[2024-11-20T01:07:01.680+0000] {logging_mixin.py:190} INFO - [2024-11-20T01:07:01.680+0000] {dagbag.py:588} INFO - Filling up the DagBag from /home/ubuntu/airflow_venv/lib/python3.12/site-packages/airflow/example_dags/tutorial_taskflow_templates.py
[2024-11-20T01:07:01.693+0000] {processor.py:925} INFO - DAG(s) 'tutorial_taskflow_templates' retrieved from /home/ubuntu/airflow_venv/lib/python3.12/site-packages/airflow/example_dags/tutorial_taskflow_templates.py
[2024-11-20T01:07:01.709+0000] {logging_mixin.py:190} INFO - [2024-11-20T01:07:01.709+0000] {dag.py:3239} INFO - Sync 1 DAGs
[2024-11-20T01:07:01.731+0000] {logging_mixin.py:190} INFO - [2024-11-20T01:07:01.731+0000] {dag.py:4180} INFO - Setting next_dagrun for tutorial_taskflow_templates to 2024-11-19 00:00:00+00:00, run_after=2024-11-20 00:00:00+00:00
[2024-11-20T01:07:01.756+0000] {processor.py:208} INFO - Processing /home/ubuntu/airflow_venv/lib/python3.12/site-packages/airflow/example_dags/tutorial_taskflow_templates.py took 0.085 seconds
[2024-11-20T01:07:54.362+0000] {processor.py:186} INFO - Started process (PID=6237) to work on /home/ubuntu/airflow_venv/lib/python3.12/site-packages/airflow/example_dags/tutorial_taskflow_templates.py
[2024-11-20T01:07:54.364+0000] {processor.py:914} INFO - Processing file /home/ubuntu/airflow_venv/lib/python3.12/site-packages/airflow/example_dags/tutorial_taskflow_templates.py for tasks to queue
[2024-11-20T01:07:54.366+0000] {logging_mixin.py:190} INFO - [2024-11-20T01:07:54.366+0000] {dagbag.py:588} INFO - Filling up the DagBag from /home/ubuntu/airflow_venv/lib/python3.12/site-packages/airflow/example_dags/tutorial_taskflow_templates.py
[2024-11-20T01:07:54.380+0000] {processor.py:925} INFO - DAG(s) 'tutorial_taskflow_templates' retrieved from /home/ubuntu/airflow_venv/lib/python3.12/site-packages/airflow/example_dags/tutorial_taskflow_templates.py
[2024-11-20T01:07:54.395+0000] {logging_mixin.py:190} INFO - [2024-11-20T01:07:54.395+0000] {dag.py:3239} INFO - Sync 1 DAGs
[2024-11-20T01:07:54.414+0000] {logging_mixin.py:190} INFO - [2024-11-20T01:07:54.414+0000] {dag.py:4180} INFO - Setting next_dagrun for tutorial_taskflow_templates to 2024-11-19 00:00:00+00:00, run_after=2024-11-20 00:00:00+00:00
[2024-11-20T01:07:54.437+0000] {processor.py:208} INFO - Processing /home/ubuntu/airflow_venv/lib/python3.12/site-packages/airflow/example_dags/tutorial_taskflow_templates.py took 0.082 seconds
[2024-11-20T01:08:49.509+0000] {processor.py:186} INFO - Started process (PID=6291) to work on /home/ubuntu/airflow_venv/lib/python3.12/site-packages/airflow/example_dags/tutorial_taskflow_templates.py
[2024-11-20T01:08:49.511+0000] {processor.py:914} INFO - Processing file /home/ubuntu/airflow_venv/lib/python3.12/site-packages/airflow/example_dags/tutorial_taskflow_templates.py for tasks to queue
[2024-11-20T01:08:49.513+0000] {logging_mixin.py:190} INFO - [2024-11-20T01:08:49.513+0000] {dagbag.py:588} INFO - Filling up the DagBag from /home/ubuntu/airflow_venv/lib/python3.12/site-packages/airflow/example_dags/tutorial_taskflow_templates.py
[2024-11-20T01:08:49.527+0000] {processor.py:925} INFO - DAG(s) 'tutorial_taskflow_templates' retrieved from /home/ubuntu/airflow_venv/lib/python3.12/site-packages/airflow/example_dags/tutorial_taskflow_templates.py
[2024-11-20T01:08:49.542+0000] {logging_mixin.py:190} INFO - [2024-11-20T01:08:49.542+0000] {dag.py:3239} INFO - Sync 1 DAGs
[2024-11-20T01:08:49.562+0000] {logging_mixin.py:190} INFO - [2024-11-20T01:08:49.562+0000] {dag.py:4180} INFO - Setting next_dagrun for tutorial_taskflow_templates to 2024-11-19 00:00:00+00:00, run_after=2024-11-20 00:00:00+00:00
[2024-11-20T01:08:49.583+0000] {processor.py:208} INFO - Processing /home/ubuntu/airflow_venv/lib/python3.12/site-packages/airflow/example_dags/tutorial_taskflow_templates.py took 0.080 seconds
[2024-11-20T01:09:47.468+0000] {processor.py:186} INFO - Started process (PID=6349) to work on /home/ubuntu/airflow_venv/lib/python3.12/site-packages/airflow/example_dags/tutorial_taskflow_templates.py
[2024-11-20T01:09:47.470+0000] {processor.py:914} INFO - Processing file /home/ubuntu/airflow_venv/lib/python3.12/site-packages/airflow/example_dags/tutorial_taskflow_templates.py for tasks to queue
[2024-11-20T01:09:47.472+0000] {logging_mixin.py:190} INFO - [2024-11-20T01:09:47.472+0000] {dagbag.py:588} INFO - Filling up the DagBag from /home/ubuntu/airflow_venv/lib/python3.12/site-packages/airflow/example_dags/tutorial_taskflow_templates.py
[2024-11-20T01:09:47.485+0000] {processor.py:925} INFO - DAG(s) 'tutorial_taskflow_templates' retrieved from /home/ubuntu/airflow_venv/lib/python3.12/site-packages/airflow/example_dags/tutorial_taskflow_templates.py
[2024-11-20T01:09:47.501+0000] {logging_mixin.py:190} INFO - [2024-11-20T01:09:47.501+0000] {dag.py:3239} INFO - Sync 1 DAGs
[2024-11-20T01:09:47.521+0000] {logging_mixin.py:190} INFO - [2024-11-20T01:09:47.521+0000] {dag.py:4180} INFO - Setting next_dagrun for tutorial_taskflow_templates to 2024-11-19 00:00:00+00:00, run_after=2024-11-20 00:00:00+00:00
[2024-11-20T01:09:47.543+0000] {processor.py:208} INFO - Processing /home/ubuntu/airflow_venv/lib/python3.12/site-packages/airflow/example_dags/tutorial_taskflow_templates.py took 0.082 seconds
[2024-11-20T01:10:44.047+0000] {processor.py:186} INFO - Started process (PID=6413) to work on /home/ubuntu/airflow_venv/lib/python3.12/site-packages/airflow/example_dags/tutorial_taskflow_templates.py
[2024-11-20T01:10:44.049+0000] {processor.py:914} INFO - Processing file /home/ubuntu/airflow_venv/lib/python3.12/site-packages/airflow/example_dags/tutorial_taskflow_templates.py for tasks to queue
[2024-11-20T01:10:44.051+0000] {logging_mixin.py:190} INFO - [2024-11-20T01:10:44.050+0000] {dagbag.py:588} INFO - Filling up the DagBag from /home/ubuntu/airflow_venv/lib/python3.12/site-packages/airflow/example_dags/tutorial_taskflow_templates.py
[2024-11-20T01:10:44.064+0000] {processor.py:925} INFO - DAG(s) 'tutorial_taskflow_templates' retrieved from /home/ubuntu/airflow_venv/lib/python3.12/site-packages/airflow/example_dags/tutorial_taskflow_templates.py
[2024-11-20T01:10:44.080+0000] {logging_mixin.py:190} INFO - [2024-11-20T01:10:44.079+0000] {dag.py:3239} INFO - Sync 1 DAGs
[2024-11-20T01:10:44.099+0000] {logging_mixin.py:190} INFO - [2024-11-20T01:10:44.099+0000] {dag.py:4180} INFO - Setting next_dagrun for tutorial_taskflow_templates to 2024-11-19 00:00:00+00:00, run_after=2024-11-20 00:00:00+00:00
[2024-11-20T01:10:44.121+0000] {processor.py:208} INFO - Processing /home/ubuntu/airflow_venv/lib/python3.12/site-packages/airflow/example_dags/tutorial_taskflow_templates.py took 0.080 seconds
[2024-11-20T01:11:38.184+0000] {processor.py:186} INFO - Started process (PID=6467) to work on /home/ubuntu/airflow_venv/lib/python3.12/site-packages/airflow/example_dags/tutorial_taskflow_templates.py
[2024-11-20T01:11:38.185+0000] {processor.py:914} INFO - Processing file /home/ubuntu/airflow_venv/lib/python3.12/site-packages/airflow/example_dags/tutorial_taskflow_templates.py for tasks to queue
[2024-11-20T01:11:38.186+0000] {logging_mixin.py:190} INFO - [2024-11-20T01:11:38.186+0000] {dagbag.py:588} INFO - Filling up the DagBag from /home/ubuntu/airflow_venv/lib/python3.12/site-packages/airflow/example_dags/tutorial_taskflow_templates.py
[2024-11-20T01:11:38.200+0000] {processor.py:925} INFO - DAG(s) 'tutorial_taskflow_templates' retrieved from /home/ubuntu/airflow_venv/lib/python3.12/site-packages/airflow/example_dags/tutorial_taskflow_templates.py
[2024-11-20T01:11:38.215+0000] {logging_mixin.py:190} INFO - [2024-11-20T01:11:38.215+0000] {dag.py:3239} INFO - Sync 1 DAGs
[2024-11-20T01:11:38.234+0000] {logging_mixin.py:190} INFO - [2024-11-20T01:11:38.234+0000] {dag.py:4180} INFO - Setting next_dagrun for tutorial_taskflow_templates to 2024-11-19 00:00:00+00:00, run_after=2024-11-20 00:00:00+00:00
[2024-11-20T01:11:38.256+0000] {processor.py:208} INFO - Processing /home/ubuntu/airflow_venv/lib/python3.12/site-packages/airflow/example_dags/tutorial_taskflow_templates.py took 0.080 seconds
[2024-11-20T01:12:30.851+0000] {processor.py:186} INFO - Started process (PID=6523) to work on /home/ubuntu/airflow_venv/lib/python3.12/site-packages/airflow/example_dags/tutorial_taskflow_templates.py
[2024-11-20T01:12:30.853+0000] {processor.py:914} INFO - Processing file /home/ubuntu/airflow_venv/lib/python3.12/site-packages/airflow/example_dags/tutorial_taskflow_templates.py for tasks to queue
[2024-11-20T01:12:30.856+0000] {logging_mixin.py:190} INFO - [2024-11-20T01:12:30.855+0000] {dagbag.py:588} INFO - Filling up the DagBag from /home/ubuntu/airflow_venv/lib/python3.12/site-packages/airflow/example_dags/tutorial_taskflow_templates.py
[2024-11-20T01:12:30.868+0000] {processor.py:925} INFO - DAG(s) 'tutorial_taskflow_templates' retrieved from /home/ubuntu/airflow_venv/lib/python3.12/site-packages/airflow/example_dags/tutorial_taskflow_templates.py
[2024-11-20T01:12:30.884+0000] {logging_mixin.py:190} INFO - [2024-11-20T01:12:30.884+0000] {dag.py:3239} INFO - Sync 1 DAGs
[2024-11-20T01:12:30.904+0000] {logging_mixin.py:190} INFO - [2024-11-20T01:12:30.904+0000] {dag.py:4180} INFO - Setting next_dagrun for tutorial_taskflow_templates to 2024-11-19 00:00:00+00:00, run_after=2024-11-20 00:00:00+00:00
[2024-11-20T01:12:30.926+0000] {processor.py:208} INFO - Processing /home/ubuntu/airflow_venv/lib/python3.12/site-packages/airflow/example_dags/tutorial_taskflow_templates.py took 0.086 seconds
