[2024-11-20T00:26:44.241+0000] {local_task_job_runner.py:123} INFO - ::group::Pre task execution logs
[2024-11-20T00:26:44.250+0000] {taskinstance.py:2613} INFO - Dependencies all met for dep_context=non-requeueable deps ti=<TaskInstance: weather_dag.is_weather_api_ready scheduled__2024-11-19T00:00:00+00:00 [queued]>
[2024-11-20T00:26:44.254+0000] {taskinstance.py:2613} INFO - Dependencies all met for dep_context=requeueable deps ti=<TaskInstance: weather_dag.is_weather_api_ready scheduled__2024-11-19T00:00:00+00:00 [queued]>
[2024-11-20T00:26:44.254+0000] {taskinstance.py:2866} INFO - Starting attempt 1 of 3
[2024-11-20T00:26:44.271+0000] {taskinstance.py:2889} INFO - Executing <Task(HttpSensor): is_weather_api_ready> on 2024-11-19 00:00:00+00:00
[2024-11-20T00:26:44.273+0000] {standard_task_runner.py:72} INFO - Started process 2698 to run task
[2024-11-20T00:26:44.279+0000] {standard_task_runner.py:104} INFO - Running: ['airflow', 'tasks', 'run', 'weather_dag', 'is_weather_api_ready', 'scheduled__2024-11-19T00:00:00+00:00', '--job-id', '18', '--raw', '--subdir', 'DAGS_FOLDER/weather_dag.py', '--cfg-path', '/tmp/tmppsq041j_']
[2024-11-20T00:26:44.280+0000] {standard_task_runner.py:105} INFO - Job 18: Subtask is_weather_api_ready
[2024-11-20T00:26:44.316+0000] {task_command.py:467} INFO - Running <TaskInstance: weather_dag.is_weather_api_ready scheduled__2024-11-19T00:00:00+00:00 [running]> on host ip-172-31-82-42.ec2.internal
[2024-11-20T00:26:44.370+0000] {taskinstance.py:3132} INFO - Exporting env vars: AIRFLOW_CTX_DAG_OWNER='airflow' AIRFLOW_CTX_DAG_ID='weather_dag' AIRFLOW_CTX_TASK_ID='is_weather_api_ready' AIRFLOW_CTX_EXECUTION_DATE='2024-11-19T00:00:00+00:00' AIRFLOW_CTX_TRY_NUMBER='1' AIRFLOW_CTX_DAG_RUN_ID='scheduled__2024-11-19T00:00:00+00:00'
[2024-11-20T00:26:44.371+0000] {logging_mixin.py:190} INFO - Task instance is in running state
[2024-11-20T00:26:44.371+0000] {logging_mixin.py:190} INFO -  Previous state of the Task instance: queued
[2024-11-20T00:26:44.372+0000] {logging_mixin.py:190} INFO - Current task name:is_weather_api_ready state:running start_date:2024-11-20 00:26:44.250410+00:00
[2024-11-20T00:26:44.372+0000] {logging_mixin.py:190} INFO - Dag name:weather_dag and current dag run status:running
[2024-11-20T00:26:44.372+0000] {taskinstance.py:731} INFO - ::endgroup::
[2024-11-20T00:26:44.373+0000] {baseoperator.py:416} WARNING - HttpSensor.execute cannot be called outside TaskInstance!
[2024-11-20T00:26:44.373+0000] {http.py:139} INFO - Poking: /data/2.5/weather?q=New York&APPID=abcae50dec91aea207ba19f9ebccd7c7
[2024-11-20T00:26:44.378+0000] {base.py:84} INFO - Retrieving connection 'weathermap_api'
[2024-11-20T00:26:44.413+0000] {base.py:336} INFO - Success criteria met. Exiting.
[2024-11-20T00:26:44.417+0000] {taskinstance.py:340} INFO - ::group::Post task execution logs
[2024-11-20T00:26:44.417+0000] {taskinstance.py:352} INFO - Marking task as SUCCESS. dag_id=weather_dag, task_id=is_weather_api_ready, run_id=scheduled__2024-11-19T00:00:00+00:00, execution_date=20241119T000000, start_date=20241120T002644, end_date=20241120T002644
[2024-11-20T00:26:44.430+0000] {logging_mixin.py:190} INFO - Task instance in success state
[2024-11-20T00:26:44.430+0000] {logging_mixin.py:190} INFO -  Previous state of the Task instance: running
[2024-11-20T00:26:44.430+0000] {logging_mixin.py:190} INFO - Dag name:weather_dag queued_at:2024-11-20 00:26:42.373176+00:00
[2024-11-20T00:26:44.431+0000] {logging_mixin.py:190} INFO - Task hostname:ip-172-31-82-42.ec2.internal operator:HttpSensor
[2024-11-20T00:26:44.455+0000] {local_task_job_runner.py:266} INFO - Task exited with return code 0
[2024-11-20T00:26:44.475+0000] {taskinstance.py:3895} INFO - 1 downstream tasks scheduled from follow-on schedule check
[2024-11-20T00:26:44.482+0000] {local_task_job_runner.py:245} INFO - ::endgroup::
