[2024-11-20T00:26:56.174+0000] {local_task_job_runner.py:123} INFO - ::group::Pre task execution logs
[2024-11-20T00:26:56.185+0000] {taskinstance.py:2613} INFO - Dependencies all met for dep_context=non-requeueable deps ti=<TaskInstance: weather_dag.extract_weather_data manual__2024-11-19T22:34:02.430256+00:00 [queued]>
[2024-11-20T00:26:56.191+0000] {taskinstance.py:2613} INFO - Dependencies all met for dep_context=requeueable deps ti=<TaskInstance: weather_dag.extract_weather_data manual__2024-11-19T22:34:02.430256+00:00 [queued]>
[2024-11-20T00:26:56.191+0000] {taskinstance.py:2866} INFO - Starting attempt 2 of 4
[2024-11-20T00:26:56.207+0000] {taskinstance.py:2889} INFO - Executing <Task(SimpleHttpOperator): extract_weather_data> on 2024-11-19 22:34:02.430256+00:00
[2024-11-20T00:26:56.210+0000] {standard_task_runner.py:72} INFO - Started process 2719 to run task
[2024-11-20T00:26:56.216+0000] {standard_task_runner.py:104} INFO - Running: ['airflow', 'tasks', 'run', 'weather_dag', 'extract_weather_data', 'manual__2024-11-19T22:34:02.430256+00:00', '--job-id', '23', '--raw', '--subdir', 'DAGS_FOLDER/weather_dag.py', '--cfg-path', '/tmp/tmpk2srf5hx']
[2024-11-20T00:26:56.218+0000] {standard_task_runner.py:105} INFO - Job 23: Subtask extract_weather_data
[2024-11-20T00:26:56.252+0000] {task_command.py:467} INFO - Running <TaskInstance: weather_dag.extract_weather_data manual__2024-11-19T22:34:02.430256+00:00 [running]> on host ip-172-31-82-42.ec2.internal
[2024-11-20T00:26:56.309+0000] {taskinstance.py:3132} INFO - Exporting env vars: AIRFLOW_CTX_DAG_OWNER='airflow' AIRFLOW_CTX_DAG_ID='weather_dag' AIRFLOW_CTX_TASK_ID='extract_weather_data' AIRFLOW_CTX_EXECUTION_DATE='2024-11-19T22:34:02.430256+00:00' AIRFLOW_CTX_TRY_NUMBER='2' AIRFLOW_CTX_DAG_RUN_ID='manual__2024-11-19T22:34:02.430256+00:00'
[2024-11-20T00:26:56.310+0000] {logging_mixin.py:190} INFO - Task instance is in running state
[2024-11-20T00:26:56.310+0000] {logging_mixin.py:190} INFO -  Previous state of the Task instance: queued
[2024-11-20T00:26:56.310+0000] {logging_mixin.py:190} INFO - Current task name:extract_weather_data state:running start_date:2024-11-20 00:26:56.186119+00:00
[2024-11-20T00:26:56.311+0000] {logging_mixin.py:190} INFO - Dag name:weather_dag and current dag run status:running
[2024-11-20T00:26:56.311+0000] {taskinstance.py:731} INFO - ::endgroup::
[2024-11-20T00:26:56.311+0000] {http.py:175} INFO - Calling HTTP method
[2024-11-20T00:26:56.315+0000] {base.py:84} INFO - Retrieving connection 'weathermap_api'
[2024-11-20T00:26:56.318+0000] {base.py:84} INFO - Retrieving connection 'weathermap_api'
[2024-11-20T00:26:56.345+0000] {http.py:236} INFO - {"coord":{"lon":-74.006,"lat":40.7143},"weather":[{"id":800,"main":"Clear","description":"clear sky","icon":"01n"}],"base":"stations","main":{"temp":285.43,"feels_like":284.25,"temp_min":283.32,"temp_max":286.47,"pressure":1011,"humidity":59,"sea_level":1011,"grnd_level":1010},"visibility":10000,"wind":{"speed":0.45,"deg":175,"gust":1.34},"clouds":{"all":0},"dt":1732062215,"sys":{"type":2,"id":2008776,"country":"US","sunrise":1732016893,"sunset":1732052110},"timezone":-18000,"id":5128581,"name":"New York","cod":200}
[2024-11-20T00:26:56.360+0000] {taskinstance.py:340} INFO - ::group::Post task execution logs
[2024-11-20T00:26:56.360+0000] {taskinstance.py:352} INFO - Marking task as SUCCESS. dag_id=weather_dag, task_id=extract_weather_data, run_id=manual__2024-11-19T22:34:02.430256+00:00, execution_date=20241119T223402, start_date=20241120T002656, end_date=20241120T002656
[2024-11-20T00:26:56.371+0000] {logging_mixin.py:190} INFO - Task instance in success state
[2024-11-20T00:26:56.372+0000] {logging_mixin.py:190} INFO -  Previous state of the Task instance: running
[2024-11-20T00:26:56.372+0000] {logging_mixin.py:190} INFO - Dag name:weather_dag queued_at:2024-11-19 23:49:16.418799+00:00
[2024-11-20T00:26:56.372+0000] {logging_mixin.py:190} INFO - Task hostname:ip-172-31-82-42.ec2.internal operator:SimpleHttpOperator
[2024-11-20T00:26:56.391+0000] {local_task_job_runner.py:266} INFO - Task exited with return code 0
[2024-11-20T00:26:56.405+0000] {taskinstance.py:3895} INFO - 1 downstream tasks scheduled from follow-on schedule check
[2024-11-20T00:26:56.411+0000] {local_task_job_runner.py:245} INFO - ::endgroup::
