[2024-11-19T22:34:09.977+0000] {local_task_job_runner.py:123} INFO - ::group::Pre task execution logs
[2024-11-19T22:34:09.988+0000] {taskinstance.py:2613} INFO - Dependencies all met for dep_context=non-requeueable deps ti=<TaskInstance: weather_dag.extract_weather_data manual__2024-11-19T22:34:02.430256+00:00 [queued]>
[2024-11-19T22:34:09.994+0000] {taskinstance.py:2613} INFO - Dependencies all met for dep_context=requeueable deps ti=<TaskInstance: weather_dag.extract_weather_data manual__2024-11-19T22:34:02.430256+00:00 [queued]>
[2024-11-19T22:34:09.995+0000] {taskinstance.py:2866} INFO - Starting attempt 1 of 3
[2024-11-19T22:34:10.010+0000] {taskinstance.py:2889} INFO - Executing <Task(SimpleHttpOperator): extract_weather_data> on 2024-11-19 22:34:02.430256+00:00
[2024-11-19T22:34:10.012+0000] {standard_task_runner.py:72} INFO - Started process 24177 to run task
[2024-11-19T22:34:10.019+0000] {standard_task_runner.py:104} INFO - Running: ['airflow', 'tasks', 'run', 'weather_dag', 'extract_weather_data', 'manual__2024-11-19T22:34:02.430256+00:00', '--job-id', '7', '--raw', '--subdir', 'DAGS_FOLDER/weather_dag.py', '--cfg-path', '/tmp/tmpumaylp2z']
[2024-11-19T22:34:10.019+0000] {standard_task_runner.py:105} INFO - Job 7: Subtask extract_weather_data
[2024-11-19T22:34:10.053+0000] {task_command.py:467} INFO - Running <TaskInstance: weather_dag.extract_weather_data manual__2024-11-19T22:34:02.430256+00:00 [running]> on host ip-172-31-82-42.ec2.internal
[2024-11-19T22:34:10.114+0000] {taskinstance.py:3132} INFO - Exporting env vars: AIRFLOW_CTX_DAG_OWNER='airflow' AIRFLOW_CTX_DAG_ID='weather_dag' AIRFLOW_CTX_TASK_ID='extract_weather_data' AIRFLOW_CTX_EXECUTION_DATE='2024-11-19T22:34:02.430256+00:00' AIRFLOW_CTX_TRY_NUMBER='1' AIRFLOW_CTX_DAG_RUN_ID='manual__2024-11-19T22:34:02.430256+00:00'
[2024-11-19T22:34:10.115+0000] {logging_mixin.py:190} INFO - Task instance is in running state
[2024-11-19T22:34:10.115+0000] {logging_mixin.py:190} INFO -  Previous state of the Task instance: queued
[2024-11-19T22:34:10.116+0000] {logging_mixin.py:190} INFO - Current task name:extract_weather_data state:running start_date:2024-11-19 22:34:09.988418+00:00
[2024-11-19T22:34:10.116+0000] {logging_mixin.py:190} INFO - Dag name:weather_dag and current dag run status:running
[2024-11-19T22:34:10.117+0000] {taskinstance.py:731} INFO - ::endgroup::
[2024-11-19T22:34:10.117+0000] {http.py:175} INFO - Calling HTTP method
[2024-11-19T22:34:10.121+0000] {base.py:84} INFO - Retrieving connection 'weathermap_api'
[2024-11-19T22:34:10.124+0000] {base.py:84} INFO - Retrieving connection 'weathermap_api'
[2024-11-19T22:34:10.158+0000] {http.py:236} INFO - {"coord":{"lon":-74.006,"lat":40.7143},"weather":[{"id":800,"main":"Clear","description":"clear sky","icon":"01n"}],"base":"stations","main":{"temp":286.15,"feels_like":284.84,"temp_min":284.03,"temp_max":287.15,"pressure":1011,"humidity":51,"sea_level":1011,"grnd_level":1010},"visibility":10000,"wind":{"speed":2.57,"deg":0},"clouds":{"all":0},"dt":1732055466,"sys":{"type":1,"id":4610,"country":"US","sunrise":1732016893,"sunset":1732052110},"timezone":-18000,"id":5128581,"name":"New York","cod":200}
[2024-11-19T22:34:10.176+0000] {taskinstance.py:340} INFO - ::group::Post task execution logs
[2024-11-19T22:34:10.177+0000] {taskinstance.py:352} INFO - Marking task as SUCCESS. dag_id=weather_dag, task_id=extract_weather_data, run_id=manual__2024-11-19T22:34:02.430256+00:00, execution_date=20241119T223402, start_date=20241119T223409, end_date=20241119T223410
[2024-11-19T22:34:10.189+0000] {logging_mixin.py:190} INFO - Task instance in success state
[2024-11-19T22:34:10.189+0000] {logging_mixin.py:190} INFO -  Previous state of the Task instance: running
[2024-11-19T22:34:10.190+0000] {logging_mixin.py:190} INFO - Dag name:weather_dag queued_at:2024-11-19 22:34:02.439025+00:00
[2024-11-19T22:34:10.190+0000] {logging_mixin.py:190} INFO - Task hostname:ip-172-31-82-42.ec2.internal operator:SimpleHttpOperator
[2024-11-19T22:34:10.233+0000] {local_task_job_runner.py:266} INFO - Task exited with return code 0
[2024-11-19T22:34:10.244+0000] {taskinstance.py:3895} INFO - 0 downstream tasks scheduled from follow-on schedule check
[2024-11-19T22:34:10.244+0000] {local_task_job_runner.py:245} INFO - ::endgroup::
