[2024-11-20T00:39:42.043+0000] {local_task_job_runner.py:123} INFO - ::group::Pre task execution logs
[2024-11-20T00:39:42.052+0000] {taskinstance.py:2613} INFO - Dependencies all met for dep_context=non-requeueable deps ti=<TaskInstance: weather_dag.transform_load_weather_data manual__2024-11-20T00:39:32.969706+00:00 [queued]>
[2024-11-20T00:39:42.057+0000] {taskinstance.py:2613} INFO - Dependencies all met for dep_context=requeueable deps ti=<TaskInstance: weather_dag.transform_load_weather_data manual__2024-11-20T00:39:32.969706+00:00 [queued]>
[2024-11-20T00:39:42.058+0000] {taskinstance.py:2866} INFO - Starting attempt 1 of 3
[2024-11-20T00:39:42.076+0000] {taskinstance.py:2889} INFO - Executing <Task(PythonOperator): transform_load_weather_data> on 2024-11-20 00:39:32.969706+00:00
[2024-11-20T00:39:42.080+0000] {standard_task_runner.py:72} INFO - Started process 4418 to run task
[2024-11-20T00:39:42.086+0000] {standard_task_runner.py:104} INFO - Running: ['airflow', 'tasks', 'run', 'weather_dag', 'transform_load_weather_data', 'manual__2024-11-20T00:39:32.969706+00:00', '--job-id', '32', '--raw', '--subdir', 'DAGS_FOLDER/weather_dag.py', '--cfg-path', '/tmp/tmp4q5sycco']
[2024-11-20T00:39:42.087+0000] {standard_task_runner.py:105} INFO - Job 32: Subtask transform_load_weather_data
[2024-11-20T00:39:42.265+0000] {task_command.py:467} INFO - Running <TaskInstance: weather_dag.transform_load_weather_data manual__2024-11-20T00:39:32.969706+00:00 [running]> on host ip-172-31-82-42.ec2.internal
[2024-11-20T00:39:42.316+0000] {taskinstance.py:3132} INFO - Exporting env vars: AIRFLOW_CTX_DAG_OWNER='airflow' AIRFLOW_CTX_DAG_ID='weather_dag' AIRFLOW_CTX_TASK_ID='transform_load_weather_data' AIRFLOW_CTX_EXECUTION_DATE='2024-11-20T00:39:32.969706+00:00' AIRFLOW_CTX_TRY_NUMBER='1' AIRFLOW_CTX_DAG_RUN_ID='manual__2024-11-20T00:39:32.969706+00:00'
[2024-11-20T00:39:42.317+0000] {logging_mixin.py:190} INFO - Task instance is in running state
[2024-11-20T00:39:42.318+0000] {logging_mixin.py:190} INFO -  Previous state of the Task instance: queued
[2024-11-20T00:39:42.318+0000] {logging_mixin.py:190} INFO - Current task name:transform_load_weather_data state:running start_date:2024-11-20 00:39:42.052824+00:00
[2024-11-20T00:39:42.319+0000] {logging_mixin.py:190} INFO - Dag name:weather_dag and current dag run status:running
[2024-11-20T00:39:42.319+0000] {taskinstance.py:731} INFO - ::endgroup::
[2024-11-20T00:39:42.327+0000] {python.py:240} INFO - Done. Returned value was: None
[2024-11-20T00:39:42.331+0000] {taskinstance.py:340} INFO - ::group::Post task execution logs
[2024-11-20T00:39:42.332+0000] {taskinstance.py:352} INFO - Marking task as SUCCESS. dag_id=weather_dag, task_id=transform_load_weather_data, run_id=manual__2024-11-20T00:39:32.969706+00:00, execution_date=20241120T003932, start_date=20241120T003942, end_date=20241120T003942
[2024-11-20T00:39:42.344+0000] {logging_mixin.py:190} INFO - Task instance in success state
[2024-11-20T00:39:42.344+0000] {logging_mixin.py:190} INFO -  Previous state of the Task instance: running
[2024-11-20T00:39:42.344+0000] {logging_mixin.py:190} INFO - Dag name:weather_dag queued_at:2024-11-20 00:39:32.980798+00:00
[2024-11-20T00:39:42.345+0000] {logging_mixin.py:190} INFO - Task hostname:ip-172-31-82-42.ec2.internal operator:PythonOperator
[2024-11-20T00:39:42.382+0000] {local_task_job_runner.py:266} INFO - Task exited with return code 0
[2024-11-20T00:39:42.394+0000] {taskinstance.py:3895} INFO - 0 downstream tasks scheduled from follow-on schedule check
[2024-11-20T00:39:42.395+0000] {local_task_job_runner.py:245} INFO - ::endgroup::
