[2024-11-20T01:01:40.915+0000] {local_task_job_runner.py:123} INFO - ::group::Pre task execution logs
[2024-11-20T01:01:40.922+0000] {taskinstance.py:2613} INFO - Dependencies all met for dep_context=non-requeueable deps ti=<TaskInstance: weather_dag.transform_load_weather_data manual__2024-11-20T01:01:30.195312+00:00 [queued]>
[2024-11-20T01:01:40.928+0000] {taskinstance.py:2613} INFO - Dependencies all met for dep_context=requeueable deps ti=<TaskInstance: weather_dag.transform_load_weather_data manual__2024-11-20T01:01:30.195312+00:00 [queued]>
[2024-11-20T01:01:40.928+0000] {taskinstance.py:2866} INFO - Starting attempt 1 of 3
[2024-11-20T01:01:40.947+0000] {taskinstance.py:2889} INFO - Executing <Task(PythonOperator): transform_load_weather_data> on 2024-11-20 01:01:30.195312+00:00
[2024-11-20T01:01:40.951+0000] {standard_task_runner.py:72} INFO - Started process 5847 to run task
[2024-11-20T01:01:40.957+0000] {standard_task_runner.py:104} INFO - Running: ['airflow', 'tasks', 'run', 'weather_dag', 'transform_load_weather_data', 'manual__2024-11-20T01:01:30.195312+00:00', '--job-id', '35', '--raw', '--subdir', 'DAGS_FOLDER/weather_dag.py', '--cfg-path', '/tmp/tmp65q5fwl2']
[2024-11-20T01:01:40.959+0000] {standard_task_runner.py:105} INFO - Job 35: Subtask transform_load_weather_data
[2024-11-20T01:01:41.129+0000] {task_command.py:467} INFO - Running <TaskInstance: weather_dag.transform_load_weather_data manual__2024-11-20T01:01:30.195312+00:00 [running]> on host ip-172-31-82-42.ec2.internal
[2024-11-20T01:01:41.186+0000] {taskinstance.py:3132} INFO - Exporting env vars: AIRFLOW_CTX_DAG_OWNER='airflow' AIRFLOW_CTX_DAG_ID='weather_dag' AIRFLOW_CTX_TASK_ID='transform_load_weather_data' AIRFLOW_CTX_EXECUTION_DATE='2024-11-20T01:01:30.195312+00:00' AIRFLOW_CTX_TRY_NUMBER='1' AIRFLOW_CTX_DAG_RUN_ID='manual__2024-11-20T01:01:30.195312+00:00'
[2024-11-20T01:01:41.187+0000] {logging_mixin.py:190} INFO - Task instance is in running state
[2024-11-20T01:01:41.187+0000] {logging_mixin.py:190} INFO -  Previous state of the Task instance: queued
[2024-11-20T01:01:41.188+0000] {logging_mixin.py:190} INFO - Current task name:transform_load_weather_data state:running start_date:2024-11-20 01:01:40.923619+00:00
[2024-11-20T01:01:41.188+0000] {logging_mixin.py:190} INFO - Dag name:weather_dag and current dag run status:running
[2024-11-20T01:01:41.188+0000] {taskinstance.py:731} INFO - ::endgroup::
[2024-11-20T01:01:41.561+0000] {credentials.py:550} INFO - Found credentials from IAM Role: airflow-etl-weathermap-yml
[2024-11-20T01:01:42.245+0000] {base_events.py:1982} WARNING - Executing <Task pending name='Task-1' coro=<_runner() running at /home/ubuntu/airflow_venv/lib/python3.12/site-packages/fsspec/asyn.py:56> wait_for=<Future pending cb=[shield.<locals>._outer_done_callback() at /usr/lib/python3.12/asyncio/tasks.py:922, Task.task_wakeup()] created at /usr/lib/python3.12/asyncio/base_events.py:449> cb=[_chain_future.<locals>._call_set_state() at /usr/lib/python3.12/asyncio/futures.py:394] created at /usr/lib/python3.12/asyncio/tasks.py:695> took 0.685 seconds
[2024-11-20T01:01:42.351+0000] {python.py:240} INFO - Done. Returned value was: None
[2024-11-20T01:01:42.356+0000] {taskinstance.py:340} INFO - ::group::Post task execution logs
[2024-11-20T01:01:42.356+0000] {taskinstance.py:352} INFO - Marking task as SUCCESS. dag_id=weather_dag, task_id=transform_load_weather_data, run_id=manual__2024-11-20T01:01:30.195312+00:00, execution_date=20241120T010130, start_date=20241120T010140, end_date=20241120T010142
[2024-11-20T01:01:42.369+0000] {logging_mixin.py:190} INFO - Task instance in success state
[2024-11-20T01:01:42.369+0000] {logging_mixin.py:190} INFO -  Previous state of the Task instance: running
[2024-11-20T01:01:42.369+0000] {logging_mixin.py:190} INFO - Dag name:weather_dag queued_at:2024-11-20 01:01:30.202585+00:00
[2024-11-20T01:01:42.370+0000] {logging_mixin.py:190} INFO - Task hostname:ip-172-31-82-42.ec2.internal operator:PythonOperator
[2024-11-20T01:01:42.380+0000] {local_task_job_runner.py:266} INFO - Task exited with return code 0
[2024-11-20T01:01:42.393+0000] {taskinstance.py:3895} INFO - 0 downstream tasks scheduled from follow-on schedule check
[2024-11-20T01:01:42.394+0000] {local_task_job_runner.py:245} INFO - ::endgroup::
