[2024-11-20T00:26:53.826+0000] {local_task_job_runner.py:123} INFO - ::group::Pre task execution logs
[2024-11-20T00:26:53.837+0000] {taskinstance.py:2613} INFO - Dependencies all met for dep_context=non-requeueable deps ti=<TaskInstance: weather_dag.extract_weather_data manual__2024-11-19T22:24:58.994080+00:00 [queued]>
[2024-11-20T00:26:53.842+0000] {taskinstance.py:2613} INFO - Dependencies all met for dep_context=requeueable deps ti=<TaskInstance: weather_dag.extract_weather_data manual__2024-11-19T22:24:58.994080+00:00 [queued]>
[2024-11-20T00:26:53.843+0000] {taskinstance.py:2866} INFO - Starting attempt 1 of 3
[2024-11-20T00:26:53.859+0000] {taskinstance.py:2889} INFO - Executing <Task(SimpleHttpOperator): extract_weather_data> on 2024-11-19 22:24:58.994080+00:00
[2024-11-20T00:26:53.862+0000] {standard_task_runner.py:72} INFO - Started process 2715 to run task
[2024-11-20T00:26:53.867+0000] {standard_task_runner.py:104} INFO - Running: ['airflow', 'tasks', 'run', 'weather_dag', 'extract_weather_data', 'manual__2024-11-19T22:24:58.994080+00:00', '--job-id', '22', '--raw', '--subdir', 'DAGS_FOLDER/weather_dag.py', '--cfg-path', '/tmp/tmpwu32im8d']
[2024-11-20T00:26:53.868+0000] {standard_task_runner.py:105} INFO - Job 22: Subtask extract_weather_data
[2024-11-20T00:26:53.905+0000] {task_command.py:467} INFO - Running <TaskInstance: weather_dag.extract_weather_data manual__2024-11-19T22:24:58.994080+00:00 [running]> on host ip-172-31-82-42.ec2.internal
[2024-11-20T00:26:53.959+0000] {taskinstance.py:3132} INFO - Exporting env vars: AIRFLOW_CTX_DAG_OWNER='airflow' AIRFLOW_CTX_DAG_ID='weather_dag' AIRFLOW_CTX_TASK_ID='extract_weather_data' AIRFLOW_CTX_EXECUTION_DATE='2024-11-19T22:24:58.994080+00:00' AIRFLOW_CTX_TRY_NUMBER='1' AIRFLOW_CTX_DAG_RUN_ID='manual__2024-11-19T22:24:58.994080+00:00'
[2024-11-20T00:26:53.960+0000] {logging_mixin.py:190} INFO - Task instance is in running state
[2024-11-20T00:26:53.960+0000] {logging_mixin.py:190} INFO -  Previous state of the Task instance: queued
[2024-11-20T00:26:53.960+0000] {logging_mixin.py:190} INFO - Current task name:extract_weather_data state:running start_date:2024-11-20 00:26:53.837839+00:00
[2024-11-20T00:26:53.961+0000] {logging_mixin.py:190} INFO - Dag name:weather_dag and current dag run status:running
[2024-11-20T00:26:53.961+0000] {taskinstance.py:731} INFO - ::endgroup::
[2024-11-20T00:26:53.961+0000] {http.py:175} INFO - Calling HTTP method
[2024-11-20T00:26:53.965+0000] {base.py:84} INFO - Retrieving connection 'weathermap_api'
[2024-11-20T00:26:53.968+0000] {base.py:84} INFO - Retrieving connection 'weathermap_api'
[2024-11-20T00:26:53.999+0000] {http.py:236} INFO - {"coord":{"lon":-74.006,"lat":40.7143},"weather":[{"id":800,"main":"Clear","description":"clear sky","icon":"01n"}],"base":"stations","main":{"temp":285.43,"feels_like":284.25,"temp_min":283.32,"temp_max":286.47,"pressure":1011,"humidity":59,"sea_level":1011,"grnd_level":1010},"visibility":10000,"wind":{"speed":0.45,"deg":175,"gust":1.34},"clouds":{"all":0},"dt":1732062215,"sys":{"type":2,"id":2008776,"country":"US","sunrise":1732016893,"sunset":1732052110},"timezone":-18000,"id":5128581,"name":"New York","cod":200}
[2024-11-20T00:26:54.013+0000] {taskinstance.py:340} INFO - ::group::Post task execution logs
[2024-11-20T00:26:54.013+0000] {taskinstance.py:352} INFO - Marking task as SUCCESS. dag_id=weather_dag, task_id=extract_weather_data, run_id=manual__2024-11-19T22:24:58.994080+00:00, execution_date=20241119T222458, start_date=20241120T002653, end_date=20241120T002654
[2024-11-20T00:26:54.025+0000] {logging_mixin.py:190} INFO - Task instance in success state
[2024-11-20T00:26:54.025+0000] {logging_mixin.py:190} INFO -  Previous state of the Task instance: running
[2024-11-20T00:26:54.026+0000] {logging_mixin.py:190} INFO - Dag name:weather_dag queued_at:2024-11-19 23:49:21.432531+00:00
[2024-11-20T00:26:54.026+0000] {logging_mixin.py:190} INFO - Task hostname:ip-172-31-82-42.ec2.internal operator:SimpleHttpOperator
[2024-11-20T00:26:54.040+0000] {local_task_job_runner.py:266} INFO - Task exited with return code 0
[2024-11-20T00:26:54.055+0000] {taskinstance.py:3895} INFO - 1 downstream tasks scheduled from follow-on schedule check
[2024-11-20T00:26:54.061+0000] {local_task_job_runner.py:245} INFO - ::endgroup::
