[2024-11-20T00:26:51.476+0000] {local_task_job_runner.py:123} INFO - ::group::Pre task execution logs
[2024-11-20T00:26:51.487+0000] {taskinstance.py:2613} INFO - Dependencies all met for dep_context=non-requeueable deps ti=<TaskInstance: weather_dag.extract_weather_data scheduled__2024-11-19T00:00:00+00:00 [queued]>
[2024-11-20T00:26:51.493+0000] {taskinstance.py:2613} INFO - Dependencies all met for dep_context=requeueable deps ti=<TaskInstance: weather_dag.extract_weather_data scheduled__2024-11-19T00:00:00+00:00 [queued]>
[2024-11-20T00:26:51.493+0000] {taskinstance.py:2866} INFO - Starting attempt 1 of 3
[2024-11-20T00:26:51.510+0000] {taskinstance.py:2889} INFO - Executing <Task(SimpleHttpOperator): extract_weather_data> on 2024-11-19 00:00:00+00:00
[2024-11-20T00:26:51.513+0000] {standard_task_runner.py:72} INFO - Started process 2711 to run task
[2024-11-20T00:26:51.518+0000] {standard_task_runner.py:104} INFO - Running: ['airflow', 'tasks', 'run', 'weather_dag', 'extract_weather_data', 'scheduled__2024-11-19T00:00:00+00:00', '--job-id', '21', '--raw', '--subdir', 'DAGS_FOLDER/weather_dag.py', '--cfg-path', '/tmp/tmpf7wmuqci']
[2024-11-20T00:26:51.519+0000] {standard_task_runner.py:105} INFO - Job 21: Subtask extract_weather_data
[2024-11-20T00:26:51.555+0000] {task_command.py:467} INFO - Running <TaskInstance: weather_dag.extract_weather_data scheduled__2024-11-19T00:00:00+00:00 [running]> on host ip-172-31-82-42.ec2.internal
[2024-11-20T00:26:51.609+0000] {taskinstance.py:3132} INFO - Exporting env vars: AIRFLOW_CTX_DAG_OWNER='airflow' AIRFLOW_CTX_DAG_ID='weather_dag' AIRFLOW_CTX_TASK_ID='extract_weather_data' AIRFLOW_CTX_EXECUTION_DATE='2024-11-19T00:00:00+00:00' AIRFLOW_CTX_TRY_NUMBER='1' AIRFLOW_CTX_DAG_RUN_ID='scheduled__2024-11-19T00:00:00+00:00'
[2024-11-20T00:26:51.610+0000] {logging_mixin.py:190} INFO - Task instance is in running state
[2024-11-20T00:26:51.611+0000] {logging_mixin.py:190} INFO -  Previous state of the Task instance: queued
[2024-11-20T00:26:51.611+0000] {logging_mixin.py:190} INFO - Current task name:extract_weather_data state:running start_date:2024-11-20 00:26:51.487615+00:00
[2024-11-20T00:26:51.611+0000] {logging_mixin.py:190} INFO - Dag name:weather_dag and current dag run status:running
[2024-11-20T00:26:51.611+0000] {taskinstance.py:731} INFO - ::endgroup::
[2024-11-20T00:26:51.612+0000] {http.py:175} INFO - Calling HTTP method
[2024-11-20T00:26:51.615+0000] {base.py:84} INFO - Retrieving connection 'weathermap_api'
[2024-11-20T00:26:51.617+0000] {base.py:84} INFO - Retrieving connection 'weathermap_api'
[2024-11-20T00:26:51.647+0000] {http.py:236} INFO - {"coord":{"lon":-74.006,"lat":40.7143},"weather":[{"id":800,"main":"Clear","description":"clear sky","icon":"01n"}],"base":"stations","main":{"temp":285.43,"feels_like":284.25,"temp_min":283.32,"temp_max":286.47,"pressure":1011,"humidity":59,"sea_level":1011,"grnd_level":1010},"visibility":10000,"wind":{"speed":0.45,"deg":175,"gust":1.34},"clouds":{"all":0},"dt":1732062215,"sys":{"type":2,"id":2008776,"country":"US","sunrise":1732016893,"sunset":1732052110},"timezone":-18000,"id":5128581,"name":"New York","cod":200}
[2024-11-20T00:26:51.665+0000] {taskinstance.py:340} INFO - ::group::Post task execution logs
[2024-11-20T00:26:51.665+0000] {taskinstance.py:352} INFO - Marking task as SUCCESS. dag_id=weather_dag, task_id=extract_weather_data, run_id=scheduled__2024-11-19T00:00:00+00:00, execution_date=20241119T000000, start_date=20241120T002651, end_date=20241120T002651
[2024-11-20T00:26:51.680+0000] {logging_mixin.py:190} INFO - Task instance in success state
[2024-11-20T00:26:51.680+0000] {logging_mixin.py:190} INFO -  Previous state of the Task instance: running
[2024-11-20T00:26:51.680+0000] {logging_mixin.py:190} INFO - Dag name:weather_dag queued_at:2024-11-20 00:26:42.373176+00:00
[2024-11-20T00:26:51.680+0000] {logging_mixin.py:190} INFO - Task hostname:ip-172-31-82-42.ec2.internal operator:SimpleHttpOperator
[2024-11-20T00:26:51.692+0000] {local_task_job_runner.py:266} INFO - Task exited with return code 0
[2024-11-20T00:26:51.707+0000] {taskinstance.py:3895} INFO - 1 downstream tasks scheduled from follow-on schedule check
[2024-11-20T00:26:51.714+0000] {local_task_job_runner.py:245} INFO - ::endgroup::
