[2024-11-20T00:33:42.885+0000] {local_task_job_runner.py:123} INFO - ::group::Pre task execution logs
[2024-11-20T00:33:42.894+0000] {taskinstance.py:2613} INFO - Dependencies all met for dep_context=non-requeueable deps ti=<TaskInstance: weather_dag.transform_load_weather_data scheduled__2024-11-19T00:00:00+00:00 [queued]>
[2024-11-20T00:33:42.899+0000] {taskinstance.py:2613} INFO - Dependencies all met for dep_context=requeueable deps ti=<TaskInstance: weather_dag.transform_load_weather_data scheduled__2024-11-19T00:00:00+00:00 [queued]>
[2024-11-20T00:33:42.900+0000] {taskinstance.py:2866} INFO - Starting attempt 3 of 3
[2024-11-20T00:33:42.912+0000] {taskinstance.py:2889} INFO - Executing <Task(PythonOperator): transform_load_weather_data> on 2024-11-19 00:00:00+00:00
[2024-11-20T00:33:42.916+0000] {standard_task_runner.py:72} INFO - Started process 3948 to run task
[2024-11-20T00:33:42.922+0000] {standard_task_runner.py:104} INFO - Running: ['airflow', 'tasks', 'run', 'weather_dag', 'transform_load_weather_data', 'scheduled__2024-11-19T00:00:00+00:00', '--job-id', '27', '--raw', '--subdir', 'DAGS_FOLDER/weather_dag.py', '--cfg-path', '/tmp/tmphtap5kcd']
[2024-11-20T00:33:42.924+0000] {standard_task_runner.py:105} INFO - Job 27: Subtask transform_load_weather_data
[2024-11-20T00:33:42.964+0000] {task_command.py:467} INFO - Running <TaskInstance: weather_dag.transform_load_weather_data scheduled__2024-11-19T00:00:00+00:00 [running]> on host ip-172-31-82-42.ec2.internal
[2024-11-20T00:33:43.181+0000] {taskinstance.py:3132} INFO - Exporting env vars: AIRFLOW_CTX_DAG_OWNER='airflow' AIRFLOW_CTX_DAG_ID='weather_dag' AIRFLOW_CTX_TASK_ID='transform_load_weather_data' AIRFLOW_CTX_EXECUTION_DATE='2024-11-19T00:00:00+00:00' AIRFLOW_CTX_TRY_NUMBER='3' AIRFLOW_CTX_DAG_RUN_ID='scheduled__2024-11-19T00:00:00+00:00'
[2024-11-20T00:33:43.182+0000] {logging_mixin.py:190} INFO - Task instance is in running state
[2024-11-20T00:33:43.183+0000] {logging_mixin.py:190} INFO -  Previous state of the Task instance: queued
[2024-11-20T00:33:43.183+0000] {logging_mixin.py:190} INFO - Current task name:transform_load_weather_data state:running start_date:2024-11-20 00:33:42.895232+00:00
[2024-11-20T00:33:43.183+0000] {logging_mixin.py:190} INFO - Dag name:weather_dag and current dag run status:running
[2024-11-20T00:33:43.184+0000] {taskinstance.py:731} INFO - ::endgroup::
[2024-11-20T00:33:43.214+0000] {python.py:240} INFO - Done. Returned value was: None
[2024-11-20T00:33:43.218+0000] {taskinstance.py:340} INFO - ::group::Post task execution logs
[2024-11-20T00:33:43.218+0000] {taskinstance.py:352} INFO - Marking task as SUCCESS. dag_id=weather_dag, task_id=transform_load_weather_data, run_id=scheduled__2024-11-19T00:00:00+00:00, execution_date=20241119T000000, start_date=20241120T003342, end_date=20241120T003343
[2024-11-20T00:33:43.226+0000] {logging_mixin.py:190} INFO - Task instance in success state
[2024-11-20T00:33:43.226+0000] {logging_mixin.py:190} INFO -  Previous state of the Task instance: running
[2024-11-20T00:33:43.226+0000] {logging_mixin.py:190} INFO - Dag name:weather_dag queued_at:2024-11-20 00:26:42.373176+00:00
[2024-11-20T00:33:43.227+0000] {logging_mixin.py:190} INFO - Task hostname:ip-172-31-82-42.ec2.internal operator:PythonOperator
[2024-11-20T00:33:43.258+0000] {local_task_job_runner.py:266} INFO - Task exited with return code 0
[2024-11-20T00:33:43.268+0000] {taskinstance.py:3895} INFO - 0 downstream tasks scheduled from follow-on schedule check
[2024-11-20T00:33:43.269+0000] {local_task_job_runner.py:245} INFO - ::endgroup::
